
Initial statistics: 3 variables; iteration 0; function evaluation 0; phase 1
Function value 4.1132339e+03; maximum gradient component mag 6.8407e+01
Var    Value     Gradient |Var    Value     Gradient |Var    Value     Gradient
  1  0.12819  6.84071e+01 |  2 -0.26198 -7.23096e+00 |  3 -0.12819 -2.86242e+01

 - final statistics:
3 variables; iteration 6; function evaluation 10
Function value 4.1076e+03; maximum gradient component mag 3.3257e+00
Exit code = 1;  converg criter 1.0000e+01
Var    Value     Gradient |Var    Value     Gradient |Var    Value     Gradient
  1  0.06173  3.32570e+00 |  2 -0.21654 -7.79572e-01 |  3  0.07518 -1.50774e+00

Initial statistics: 12 variables; iteration 0; function evaluation 0; phase 2
Function value 4.1076101e+03; maximum gradient component mag -1.2777e+03
Var    Value     Gradient |Var    Value     Gradient |Var    Value     Gradient
  1 -0.22556 -4.78755e+02 |  2  0.00000 -6.44144e+02 |  3 -0.12819 -4.40741e+02
  4  0.03352  1.08673e+02 |  5 -0.28197  1.35307e+02 |  6  0.11199 -1.27771e+03
  7 -0.16086 -2.42246e+02 |  8  0.00000 -3.98748e+01 |  9 -0.21635 -5.29244e+01
 10  0.06173  3.32570e+00 | 11 -0.21654 -7.79572e-01 | 12  0.07518 -1.50774e+00

Intermediate statistics: 12 variables; iteration 20; function evaluation 37; phase 2
Function value 3.9953019e+03; maximum gradient component mag 1.8638e+02
Var    Value     Gradient |Var    Value     Gradient |Var    Value     Gradient
  1 -0.12696  2.13040e+01 |  2  0.11447  5.68921e+01 |  3 -0.12382  4.63904e+01
  4 -0.01802  2.12542e+01 |  5 -0.48016 -1.81080e+00 |  6  0.15577  1.86377e+02
  7 -0.31202  3.76231e+01 |  8  0.24355  1.21568e+01 |  9 -0.21222  7.36126e+00
 10  0.92131 -1.63301e+00 | 11 -0.18208 -1.31792e+00 | 12  0.17548  3.36879e+00

 - final statistics:
12 variables; iteration 22; function evaluation 39
Function value 3.9944e+03; maximum gradient component mag 6.6677e+00
Exit code = 1;  converg criter 1.0000e+01
Var    Value     Gradient |Var    Value     Gradient |Var    Value     Gradient
  1 -0.12494  6.66770e+00 |  2  0.11226  1.66117e+00 |  3 -0.12624  2.39383e+00
  4 -0.02415  3.75345e+00 |  5 -0.46840  1.50604e+00 |  6  0.15215  3.81028e+00
  7 -0.32340  3.59367e+00 |  8  0.25529  4.44609e+00 |  9 -0.25016  1.36122e+00
 10  0.91092 -1.84758e+00 | 11 -0.16779  4.52634e-03 | 12  0.10007 -1.09815e-01

Initial statistics: 44 variables; iteration 0; function evaluation 0; phase 3
Function value 3.9943554e+03; maximum gradient component mag 1.2961e+03
Var    Value     Gradient |Var    Value     Gradient |Var    Value     Gradient
  1 -0.12494  6.66770e+00 |  2  0.11226  1.66117e+00 |  3 -0.12624  2.39383e+00
  4 -0.02415  3.75345e+00 |  5 -0.46840  1.50604e+00 |  6  0.15215  3.81028e+00
  7 -0.32340  3.59367e+00 |  8  0.25529  4.44609e+00 |  9 -0.25016  1.36122e+00
 10  0.91092 -1.84758e+00 | 11 -0.16779  4.52634e-03 | 12  0.10007 -1.09815e-01
 13 -0.11760 -7.66126e+02 | 14 -0.33425  1.84470e+02 | 15 -0.10723 -5.57655e+02
 16 -0.10028  1.40137e+02 | 17 -0.45481 -8.68437e+01 | 18 -0.01633  5.83242e-01
 19  0.25350  2.78016e+02 | 20 -0.21710 -4.70811e+02 | 21 -0.49439  2.86935e+01
 22 -0.11760 -6.99428e+01 | 23 -0.33425  2.95300e+01 | 24 -0.11760 -9.11667e+02
 25 -0.33425  1.69735e+02 | 26 -0.10723 -9.09954e+02 | 27 -0.11760 -5.81868e+02
 28 -0.33425  2.61906e+01 | 29 -0.10723 -7.53540e+02 | 30  0.02302  1.29613e+03
 31 -0.31415 -9.26553e+02 | 32  0.53959  8.64018e+00 | 33 -0.62714 -7.28466e-04
 34  0.00000  6.10680e+02 | 35 -0.21635 -3.70791e+02 | 36  0.16024  6.93946e+01
 37 -0.12294 -4.55298e+01 | 38 -0.16953  2.70727e+01 | 39 -0.10028 -8.82985e+01
 40 -0.34608  7.35066e+01 | 41 -0.03900  3.47520e+02 | 42 -0.33425 -1.74725e+02
 43  0.02302 -2.63818e+01 | 44 -0.16953  3.45537e+01 |

Intermediate statistics: 44 variables; iteration 20; function evaluation 26; phase 3
Function value 3.4494407e+03; maximum gradient component mag -4.0044e+02
Var    Value     Gradient |Var    Value     Gradient |Var    Value     Gradient
  1  0.04978  2.46289e+02 |  2 -0.05590 -2.57713e+02 |  3 -0.08368 -1.79674e+02
  4 -0.04094 -5.66746e+01 |  5 -0.37173  3.92202e+01 |  6  0.07083 -4.00438e+02
  7  0.01548 -7.95402e+01 |  8 -0.11884 -6.15080e+01 |  9  0.08606  1.24773e+01
 10  0.89815 -1.05440e+00 | 11 -0.17196  1.36212e-01 | 12  0.10188  8.03301e-03
 13  0.25098 -3.66849e+01 | 14 -0.13904  1.57946e+02 | 15 -0.09901  1.91395e+00
 16 -0.31247 -4.40126e+01 | 17 -0.49827  1.76077e+01 | 18 -0.01329 -2.90192e-01
 19  0.52630 -1.75479e+01 | 20 -0.08735  1.74043e+02 | 21 -0.42296 -2.00823e-01
 22  0.13648 -7.77248e+01 | 23 -0.16299  1.11087e+02 | 24  0.60311 -1.82159e+01
 25 -0.09304  1.96374e+02 | 26 -1.04547  7.63765e-02 | 27  0.36070 -7.89571e+01
 28 -0.07290  2.92061e+02 | 29  0.88835  1.75794e-02 | 30 -0.25887  1.50062e+02
 31 -0.93225 -7.87572e+00 | 32  0.55819 -4.41421e+00 | 33 -0.62702 -6.47431e-03
 34 -0.00404 -1.64222e+01 | 35  0.03661  2.71395e+01 | 36 -0.00665  1.36446e+01
 37  0.47007 -2.78855e+01 | 38 -0.11377  6.54495e+01 | 39  0.28574 -7.15891e+01
 40 -0.27933  1.47836e+02 | 41  0.00437 -2.62489e+02 | 42 -0.28091  1.73307e+02
 43  0.07546 -2.02043e+01 | 44 -0.19360  1.67021e+00 |
44 variables; iteration 40; function evaluation 49; phase 3
Function value 3.4085156e+03; maximum gradient component mag 2.1374e+02
Var    Value     Gradient |Var    Value     Gradient |Var    Value     Gradient
  1  0.00678  2.13742e+02 |  2  0.03226  1.36136e+01 |  3 -0.12384  1.77172e+01
  4 -0.04037 -1.64664e+01 |  5 -0.43435 -2.31129e+01 |  6  0.07328 -3.77990e+01
  7  0.01724  8.61646e+00 |  8 -0.09078 -1.40161e+01 |  9  0.04476 -1.95044e+01
 10  0.39137 -2.28707e+01 | 11 -0.18192  2.49882e-01 | 12  0.10071 -2.05446e-02
 13  0.25163 -5.30888e+01 | 14 -0.14406  1.26174e+02 | 15 -0.30155 -9.72647e+00
 16 -0.25074  2.95822e+00 | 17 -0.70164 -7.09516e-01 | 18 -0.14994  7.91298e-01
 19  0.33277  5.71292e+00 | 20 -0.14774  3.29830e+01 | 21 -0.54706  8.14198e-01
 22  0.17951  2.76111e+01 | 23 -0.23584 -5.25766e+01 | 24  0.59910 -8.02370e-01
 25 -0.10071  8.85100e+01 | 26 -1.04114  8.08546e-02 | 27  0.31751 -4.08301e+01
 28 -0.09589  8.13942e+01 | 29  1.22813 -8.12802e-03 | 30 -0.29186  1.34866e+01
 31 -1.09893  3.75154e+00 | 32  0.68278 -1.43992e+00 | 33 -0.62027 -5.68804e-03
 34 -0.05716  2.61829e+01 | 35 -0.06657 -1.71076e+01 | 36  0.05829  1.89089e+01
 37  0.44703 -3.42410e+00 | 38 -0.16682  4.86330e+00 | 39  0.25287 -7.18852e+01
 40 -0.30447  1.03904e+02 | 41  0.04090 -9.05973e+01 | 42 -0.25160  5.99818e+01
 43  0.08665 -7.61931e+00 | 44 -0.17973 -3.69041e+00 |
44 variables; iteration 60; function evaluation 72; phase 3
Function value 3.3907097e+03; maximum gradient component mag 8.3206e+00
Var    Value     Gradient |Var    Value     Gradient |Var    Value     Gradient
  1 -0.07523  2.65401e+00 |  2  0.00044  1.55827e+00 |  3 -0.10416  9.53841e-01
  4 -0.04609  1.46811e-01 |  5 -0.42319  9.08583e-02 |  6  0.07821  5.31256e+00
  7  0.01963  1.10377e+00 |  8 -0.08799 -4.18470e-02 |  9  0.04868 -1.15627e-01
 10  0.14979 -2.00352e+00 | 11 -0.21155 -9.15565e-03 | 12  0.10733  4.78192e-01
 13  0.25037 -1.94958e-01 | 14 -0.15775 -9.43856e-01 | 15 -0.13921 -1.67402e-01
 16 -0.24674  8.84614e-01 | 17 -0.66302 -8.10697e-02 | 18 -0.23626  1.06388e-01
 19  0.30750  8.27691e-01 | 20 -0.15814 -2.21743e+00 | 21 -0.49562  3.87818e-01
 22  0.26285  7.96753e-01 | 23 -0.16146  1.71112e-01 | 24  0.51411  1.84926e-01
 25 -0.13039 -3.43678e-01 | 26 -0.89889 -5.61804e-01 | 27  0.44969 -6.38622e-01
 28 -0.06848  1.88585e+00 | 29  0.65441  4.95509e-03 | 30 -0.31418 -6.57803e-01
 31 -1.02317  4.56032e-01 | 32  1.07326  1.48978e-02 | 33 -0.46660 -4.44287e-03
 34 -0.00027  5.43002e-01 | 35  0.01820 -3.20660e-01 | 36 -0.10374  4.66134e-01
 37  0.48830 -2.10443e-01 | 38 -0.15563  3.24924e-01 | 39  0.56255 -8.73956e-01
 40 -0.24849  1.34360e+00 | 41  0.11332  8.32058e+00 | 42 -0.20020 -7.63253e+00
 43  0.23310 -6.73377e-01 | 44 -0.07260  1.88129e+00 |
44 variables; iteration 80; function evaluation 99; phase 3
Function value 3.3893491e+03; maximum gradient component mag 5.2313e+01
Var    Value     Gradient |Var    Value     Gradient |Var    Value     Gradient
  1 -0.06573  4.00743e+01 |  2  0.00942  1.43711e+01 |  3 -0.10892  9.14941e+00
  4 -0.04427  5.28940e-01 |  5 -0.42465 -1.72717e+00 |  6  0.07977  3.33286e+01
  7  0.01214  5.08830e+00 |  8 -0.08492  1.60808e+00 |  9  0.04252 -1.10946e+00
 10  0.17154 -1.25717e+01 | 11 -0.19742  9.44378e-01 | 12  0.09026 -5.41433e-01
 13  0.25360 -1.27735e+01 | 14 -0.15566  6.55095e+00 | 15 -0.26796 -7.16166e+00
 16 -0.26233  2.17274e+00 | 17 -0.77333 -6.08516e-01 | 18 -0.21106  1.11885e+00
 19  0.31908 -6.51652e+00 | 20 -0.15025  3.31402e+01 | 21 -0.51689  2.69545e-01
 22  0.25160 -4.63661e-01 | 23 -0.16681  1.20029e+00 | 24  0.37992 -9.64530e+00
 25 -0.16453  5.23133e+01 | 26 -0.18070 -9.88467e-01 | 27  0.47182  3.29007e+00
 28 -0.06399 -7.04626e+00 | 29 -0.08728 -1.26359e-01 | 30 -0.30078  6.90717e+00
 31 -0.90653 -2.71235e+00 | 32  1.70582 -4.23414e-01 | 33  0.00998  2.71557e+00
 34  0.01807 -1.03740e+01 | 35  0.03386  8.71067e-01 | 36 -0.16242 -7.31027e+00
 37  0.58620  2.74152e+00 | 38 -0.12326 -5.08319e+00 | 39  1.06572 -8.96409e-01
 40 -0.22189 -4.11790e+01 | 41  0.09990 -9.67986e+00 | 42 -0.20750  1.08810e+01
 43  0.17248 -5.16676e+00 | 44 -0.10599  5.25644e+00 |
Maximum number of function evaluations exceeded

 - final statistics:
44 variables; iteration 82; function evaluation 100
Function value 3.3889e+03; maximum gradient component mag 6.1298e+01
Exit code = 3;  converg criter 1.0000e+00
Var    Value     Gradient |Var    Value     Gradient |Var    Value     Gradient
  1 -0.06621  4.41368e+01 |  2  0.01029  1.16925e+01 |  3 -0.10934  7.71765e+00
  4 -0.04355  1.43827e+00 |  5 -0.42519 -5.94588e-01 |  6  0.07967  3.47292e+01
  7  0.01198  4.85615e+00 |  8 -0.08475  2.74468e+00 |  9  0.04327 -1.69230e-01
 10  0.17267 -1.53467e+01 | 11 -0.19680  9.72410e-01 | 12  0.10104  1.00100e-01
 13  0.24864 -1.32584e+01 | 14 -0.15702  1.18135e+01 | 15 -0.24577 -5.36780e+00
 16 -0.26499  1.10941e+00 | 17 -0.78959 -4.55599e-01 | 18 -0.20411  1.29080e+00
 19  0.31700 -4.98219e+00 | 20 -0.15122  2.97295e+01 | 21 -0.50821  9.21446e-01
 22  0.24519 -9.24410e-01 | 23 -0.16979  1.41338e+00 | 24  0.35609 -2.08035e+01
 25 -0.17263  6.12984e+01 | 26 -0.08117 -4.04877e-01 | 27  0.46853  1.82933e+00
 28 -0.06409 -2.20475e+00 | 29 -0.22592 -4.29964e-01 | 30 -0.29628  7.32406e+00
 31 -0.87401 -4.00111e+00 | 32  1.75330  1.57121e-01 | 33  0.01101 -6.27174e-01
 34  0.01509 -7.17139e+00 | 35  0.03011 -1.53198e-01 | 36 -0.15218 -5.79890e+00
 37  0.59529  2.55278e+00 | 38 -0.12005 -4.47045e+00 | 39  1.13706 -1.15237e+00
 40 -0.22184 -2.39019e+01 | 41  0.10005 -3.24711e+00 | 42 -0.20750  4.43769e+00
 43  0.17301 -5.22565e+00 | 44 -0.10526  5.66042e+00 |

Initial statistics: 102 variables; iteration 0; function evaluation 0; phase 4
Function value 3.3888876e+03; maximum gradient component mag -6.1599e+02
Var    Value     Gradient |Var    Value     Gradient |Var    Value     Gradient
  1 -0.06621  4.41368e+01 |  2  0.01029  1.16925e+01 |  3 -0.10934  7.71765e+00
  4 -0.04355  1.43827e+00 |  5 -0.42519 -5.94588e-01 |  6  0.07967  3.47292e+01
  7  0.01198  4.85615e+00 |  8 -0.08475  2.74468e+00 |  9  0.04327 -1.69230e-01
 10  0.17267 -1.53467e+01 | 11  0.00000 -1.10464e+01 | 12  0.00000 -1.72534e+01
 13  0.00000 -2.28784e+01 | 14  0.00000 -1.78551e+01 | 15  0.00000 -1.82226e+01
 16  0.00000 -4.14484e+01 | 17  0.00000 -6.76900e+01 | 18  0.00000 -8.99792e+01
 19  0.00000  6.63657e+00 | 20  0.00000  1.04797e+02 | 21  0.00000  8.47777e+01
 22  0.00000 -2.91502e+01 | 23  0.00000  9.48829e+01 | 24  0.00000  2.39714e+02
 25  0.00000  2.91967e+02 | 26  0.00000 -1.54423e+01 | 27  0.00000 -4.98093e+02
 28  0.00000 -3.29960e+01 | 29  0.00000  2.20225e+01 | 30  0.00000  2.59926e+01
 31  0.00000 -1.28681e+01 | 32  0.00000 -1.02621e+01 | 33  0.00000  4.29492e+01
 34  0.00000  3.49279e+01 | 35  0.00000  7.19370e+01 | 36  0.00000  7.46249e+00
 37  0.00000  1.00547e+02 | 38  0.00000  1.08130e+02 | 39  0.00000  1.62709e+02
 40  0.00000  1.35996e+02 | 41  0.00000 -1.93661e+02 | 42  0.00000 -6.15988e+02
 43  0.00000 -9.74484e+01 | 44  0.00000  4.00056e+01 | 45  0.00000  9.09973e+01
 46  0.00000 -5.91035e+01 | 47  0.00000  1.25725e+02 | 48  0.00000  1.95883e+02
 49  0.00000  1.97999e+02 | 50  0.00000  1.05226e+02 | 51  0.00000  8.78824e+01
 52  0.00000 -1.16594e+02 | 53  0.00000 -1.83611e+02 | 54  0.00000 -2.36620e+01
 55  0.00000 -1.27005e+02 | 56  0.00000 -1.84408e+02 | 57  0.00000 -2.23435e+01
 58  0.00000 -6.26462e+01 | 59  0.00000  3.59111e+01 | 60  0.00000  6.03492e+01
 61  0.00000  9.63001e+01 | 62  0.00000  6.64724e+01 | 63  0.00000  1.97700e+01
 64  0.00000 -2.60712e+01 | 65  0.00000  3.10837e+01 | 66  0.00000 -1.93238e-01
 67  0.00000 -7.35651e+00 | 68 -0.19680  9.72410e-01 | 69  0.10104  1.00100e-01
 70  0.24864 -1.32584e+01 | 71 -0.15702  1.18135e+01 | 72 -0.24577 -5.36780e+00
 73 -0.26499  1.10941e+00 | 74 -0.78959 -4.55599e-01 | 75 -0.20411  1.29080e+00
 76  0.31700 -4.98219e+00 | 77 -0.15122  2.97295e+01 | 78 -0.50821  9.21446e-01
 79  0.30040  2.66612e+00 | 80  0.24519 -9.24410e-01 | 81 -0.16979  1.41338e+00
 82  0.35609 -2.08035e+01 | 83 -0.17263  6.12984e+01 | 84 -0.08117 -4.04877e-01
 85  0.46853  1.82933e+00 | 86 -0.06409 -2.20475e+00 | 87 -0.22592 -4.29964e-01
 88 -0.29628  7.32406e+00 | 89 -0.87401 -4.00111e+00 | 90  0.24670 -1.57121e-01
 91  0.01101 -6.27174e-01 | 92  0.01509 -7.17139e+00 | 93  0.03011 -1.53198e-01
 94 -0.15218 -5.79890e+00 | 95  0.59529  2.55278e+00 | 96 -0.12005 -4.47045e+00
 97  0.86294  1.15237e+00 | 98 -0.22184 -2.39019e+01 | 99  0.10005 -3.24711e+00
100 -0.20750  4.43769e+00 |101  0.17301 -5.22565e+00 |102 -0.10526  5.66042e+00

Intermediate statistics: 102 variables; iteration 20; function evaluation 26; phase 4
Function value 2.9131392e+03; maximum gradient component mag 1.5127e+03
Var    Value     Gradient |Var    Value     Gradient |Var    Value     Gradient
  1 -0.13352  9.09331e+01 |  2  0.02930  3.43810e+02 |  3 -0.10225  2.45216e+02
  4  0.03841  2.89408e+01 |  5 -0.41577  3.52794e+01 |  6  0.13791  1.51266e+03
  7  0.08733  3.58740e+02 |  8  0.10361  3.63730e+00 |  9 -0.19197  6.57695e+00
 10  0.04053 -1.36388e+01 | 11  0.09080  9.33547e-01 | 12  0.08174  2.84867e+00
 13  0.14985  1.38825e-01 | 14  0.01205 -2.53010e+00 | 15 -0.06581 -3.05035e+00
 16  0.16175  3.14179e+00 | 17 -0.16024 -5.69312e+00 | 18  0.21622 -4.37799e+00
 19 -0.23135 -1.00568e+01 | 20 -0.03121 -2.54208e+00 | 21 -0.10393 -2.61777e+00
 22  0.10938 -2.33911e+01 | 23 -0.07210 -1.12711e+01 | 24 -0.15429 -3.65858e+00
 25 -0.40720 -1.11210e+01 | 26 -0.46341 -1.08167e+01 | 27  0.28469  1.24855e+02
 28 -0.39648 -9.37632e+00 | 29  0.04053  2.59851e+00 | 30 -0.02032 -7.75423e+00
 31  0.02664 -1.08398e+01 | 32  0.02617 -3.44263e+00 | 33 -0.10592 -4.96195e+00
 34  0.02556  2.75613e+00 | 35 -0.27899 -7.81044e+00 | 36  0.04350 -6.46475e+00
 37 -0.24995 -1.23041e+01 | 38 -0.07790 -1.57502e+01 | 39 -0.25071 -1.28862e+01
 40 -0.26375 -1.38185e+01 | 41 -0.03007  1.58064e+01 | 42  0.45850  4.24017e+01
 43 -0.24599 -2.99521e+00 | 44  0.05309  4.41558e+00 | 45 -0.10622 -4.82856e+00
 46  0.14430  9.58559e+00 | 47 -0.13620 -1.50144e+00 | 48 -0.36713 -8.38684e+00
 49 -0.44372 -8.52244e+00 | 50 -0.07913 -1.91212e+00 | 51 -0.23506 -9.70551e+00
 52  0.18188  1.57371e+01 | 53  0.21979 -1.20844e+00 | 54  0.02238  3.48240e+00
 55  0.19416  1.58858e+00 | 56  0.25941 -5.10878e+00 | 57 -0.02900  8.06421e-01
 58  0.16463  1.70531e+01 | 59  0.01237  4.41090e+00 | 60 -0.01851  4.04387e+00
 61 -0.21504  2.28987e-01 | 62 -0.06596  1.11517e+01 | 63 -0.01069  5.72504e+00
 64  0.06667  7.51185e-01 | 65 -0.13059 -9.72453e-01 | 66  0.00740  1.57506e+00
 67  0.12902  2.48898e-01 | 68  0.01230  6.64780e+00 | 69 -0.07445  2.90986e+00
 70  0.23874  3.66061e+01 | 71 -0.14120 -8.27361e+01 | 72 -0.15789  3.12605e+00
 73 -0.26567  6.16369e+00 | 74 -0.78759 -7.95818e-01 | 75 -0.29962 -2.22360e+00
 76  0.29336  6.34327e+01 | 77 -0.16336 -1.17211e+02 | 78 -0.49626  7.25199e+00
 79 -0.09023  2.65542e+00 | 80  0.31079  7.51456e+00 | 81 -0.14097 -2.83003e+01
 82  0.33212 -1.32692e+02 | 83 -0.14165  3.01876e+02 | 84 -0.07957 -1.19506e-01
 85  0.29458 -1.39716e+01 | 86 -0.07736 -4.19340e+00 | 87 -0.20661 -1.99467e+00
 88 -0.27491 -9.16307e+01 | 89 -0.73578 -4.65231e+00 | 90  0.01268 -2.43227e+01
 91 -0.05889 -2.46171e+00 | 92 -0.03233  1.32956e+01 | 93 -0.01778 -1.26760e+00
 94 -0.10813  5.96246e+00 | 95  0.55782  4.51981e+00 | 96 -0.13034 -6.74049e+00
 97  0.84890  3.86448e+00 | 98 -0.21346 -7.94420e+01 | 99 -0.03790  3.91816e+01
100 -0.30060  1.34485e+01 |101  0.08264  2.40951e+01 |102 -0.17243 -1.52278e+01
102 variables; iteration 40; function evaluation 46; phase 4
Function value 2.8698916e+03; maximum gradient component mag 9.2501e+02
Var    Value     Gradient |Var    Value     Gradient |Var    Value     Gradient
  1 -0.08957  4.51819e+01 |  2  0.00210  9.52356e+01 |  3 -0.11091  4.28438e+01
  4  0.01443 -8.60773e+01 |  5 -0.43439 -3.86613e+01 |  6  0.13978  9.25010e+02
  7 -0.03736  2.09323e+02 |  8  0.08743 -5.19090e+01 |  9 -0.20269 -1.39165e+01
 10  0.15844  1.06862e+01 | 11 -0.03619 -6.11108e+00 | 12 -0.13473 -6.09622e+00
 13  0.20279  5.57031e+00 | 14 -0.08940 -4.31053e+00 | 15 -0.26346 -9.81411e+00
 16  0.11050  8.80318e+00 | 17 -0.06771  8.39143e+00 | 18  0.18414  4.83135e+01
 19 -0.72469 -9.58714e+00 | 20 -0.05067 -7.83464e-02 | 21 -0.15551 -9.25312e+00
 22  0.05045 -5.09887e+01 | 23 -0.07776 -4.54997e+00 | 24 -0.20976 -2.00223e-01
 25 -0.36933 -3.41380e+00 | 26 -0.36841 -5.22092e+00 | 27  0.23448  4.57597e+01
 28 -0.41334 -9.61129e+00 | 29  0.01172  8.00497e+00 | 30 -0.03645  5.23889e+00
 31 -0.00214  4.93296e-01 | 32 -0.00093 -4.44505e-01 | 33 -0.14479 -7.97034e+00
 34 -0.01077 -1.30732e+00 | 35 -0.29709 -7.68050e+00 | 36  0.00874 -2.54222e-01
 37 -0.24083 -4.99224e+00 | 38 -0.09261 -5.91979e-01 | 39 -0.24469 -5.77649e+00
 40 -0.24030 -8.97678e+00 | 41 -0.13049  1.70880e+00 | 42  0.41602  5.31837e+01
 43 -0.26932 -3.08023e+00 | 44  0.01557  8.89689e-01 | 45 -0.12410 -2.21461e+00
 46  0.09549 -6.24589e+00 | 47 -0.16378  1.94334e+00 | 48 -0.39276 -7.05105e+00
 49 -0.53625 -1.02970e+01 | 50 -0.11549  9.22712e-01 | 51 -0.22785 -8.21276e+00
 52  0.11807  1.01078e+00 | 53  0.15927 -2.20645e+01 | 54 -0.01522  3.93170e-01
 55  0.15005  7.65370e+00 | 56  0.22753  1.33005e+01 | 57 -0.06035  5.95552e-01
 58  0.09506 -2.50524e+00 | 59 -0.05314 -6.94901e+00 | 60 -0.07511 -1.81232e+00
 61 -0.26122 -2.39173e+00 | 62 -0.12205  5.26790e+00 | 63 -0.05747  3.51549e-01
 64  0.01960  2.22318e+00 | 65 -0.15020  7.62811e-01 | 66 -0.02436 -9.07503e-01
 67  0.08348 -1.76328e+00 | 68 -0.19298 -1.41970e+00 | 69 -0.11343  4.58642e-02
 70  0.18670 -4.52349e+01 | 71 -0.15505  5.75149e+01 | 72  0.65110  6.54882e-03
 73 -0.25378 -6.13006e+00 | 74 -0.68061  8.87079e-01 | 75 -0.29428 -4.60249e+00
 76  0.30046  2.92876e+01 | 77 -0.16088 -6.60638e+01 | 78 -0.49703  2.05002e+00
 79  0.01086  1.30259e+01 | 80  1.01836  2.46384e-01 | 81 -0.00930  6.72574e+01
 82  0.32706 -2.54082e+01 | 83 -0.17883  3.90928e+01 | 84 -0.14235 -1.12797e-01
 85  0.31145  1.70377e+01 | 86 -0.08726 -9.27713e+01 | 87  0.21762 -3.25191e-03
 88 -0.25231 -1.03725e+02 | 89 -0.57891 -1.68560e+00 | 90  0.00485 -1.71716e+01
 91 -0.05575 -3.56499e+01 | 92 -0.02103  1.27730e+01 | 93 -0.01562  6.66268e-01
 94 -0.11535  5.35131e+00 | 95  0.52797 -1.15908e+01 | 96 -0.11309  3.70925e+01
 97  0.52855 -4.10636e+00 | 98 -0.23323  2.51041e+01 | 99 -0.05114 -2.34050e+00
100 -0.33144  4.77292e+00 |101 -0.01544  3.23926e+01 |102 -0.30710 -3.83840e+01
102 variables; iteration 60; function evaluation 69; phase 4
Function value 2.8368079e+03; maximum gradient component mag 1.1692e+02
Var    Value     Gradient |Var    Value     Gradient |Var    Value     Gradient
  1 -0.10059  1.16924e+02 |  2  0.00904  3.17297e+01 |  3 -0.09387  2.41254e+01
  4 -0.00029 -5.20415e+01 |  5 -0.41292 -6.80008e+00 |  6  0.11126  8.32002e+01
  7 -0.06882  2.57109e+01 |  8  0.08736 -3.33731e+01 |  9 -0.14078 -2.57532e+00
 10  0.09437 -5.11353e+01 | 11  0.02477 -7.27635e+00 | 12 -0.14793 -7.33758e+00
 13  0.20682 -4.63983e+00 | 14 -0.16129 -7.32864e+00 | 15 -0.07798 -5.65336e+00
 16  0.11532 -1.23366e+01 | 17 -0.13821 -8.18464e+00 | 18  0.15925 -3.64450e+00
 19 -0.06300  7.75204e+00 | 20 -0.06345  8.08508e+00 | 21 -0.18777 -6.41695e+00
 22  0.09513 -8.11584e-01 | 23 -0.10241 -9.70275e+00 | 24 -0.20564 -6.41505e+00
 25 -0.32474  3.37083e-01 | 26 -0.32069 -1.91730e+00 | 27  0.23822  2.33190e+01
 28 -0.25914 -1.61666e+00 | 29  0.00583 -9.86122e+00 | 30 -0.03463 -8.81848e+00
 31  0.00055 -4.39113e+00 | 32  0.02141  1.93699e+01 | 33 -0.10212  7.66922e+00
 34 -0.00883  1.08657e+01 | 35 -0.24227 -1.93726e+00 | 36  0.01191  6.24056e+00
 37 -0.20776 -9.17833e-01 | 38 -0.11938 -9.92504e+00 | 39 -0.22321 -1.93262e+00
 40 -0.19451 -1.69020e+00 | 41 -0.20037 -5.39114e+00 | 42  0.39421 -4.07767e+00
 43 -0.26053 -3.00717e+00 | 44 -0.01101 -1.35240e+01 | 45 -0.11282 -1.02475e+00
 46  0.08704 -1.18687e+01 | 47 -0.15815  3.33892e+00 | 48 -0.32583  4.26982e+00
 49 -0.40761 -6.53103e-02 | 50 -0.12000  1.88308e+00 | 51 -0.18848 -2.90855e+00
 52  0.10690 -3.24713e+00 | 53  0.15604 -1.89790e+01 | 54 -0.01413  1.46188e+00
 55  0.15134  1.43240e+01 | 56  0.22559  7.28845e+00 | 57 -0.03516  5.73293e+00
 58  0.11467  1.17090e+01 | 59 -0.03708 -2.99966e+00 | 60 -0.06892 -1.39714e+00
 61 -0.21355  1.22178e+00 | 62 -0.14045 -2.46048e+00 | 63 -0.03939 -3.28990e+00
 64  0.05971  1.51119e+01 | 65 -0.12413  2.62670e-01 | 66  0.01258  6.25889e-01
 67  0.15917  3.25072e+00 | 68 -0.27934 -9.09945e+00 | 69 -0.16558 -4.59256e+00
 70  0.27697  3.43455e+00 | 71 -0.13349 -8.31011e+00 | 72 -0.27421 -3.02120e+00
 73 -0.26750 -7.09169e+00 | 74 -0.79297  1.77670e-01 | 75 -0.27816 -4.48256e+00
 76  0.27830 -3.84865e+01 | 77 -0.16061  3.22322e+01 | 78 -0.49205 -6.67889e+00
 79 -0.03567 -4.45415e+00 | 80  0.53592 -1.88971e+00 | 81 -0.07425  7.55680e+00
 82  0.31025  9.40924e+00 | 83 -0.20012 -5.93974e+01 | 84 -0.15571  1.48499e-01
 85  0.39959  3.97774e+00 | 86 -0.06387 -4.83596e+00 | 87  0.50913  2.02717e-03
 88 -0.22542 -1.02385e+02 | 89 -0.48449  3.03985e+00 | 90 -0.03804 -1.20354e+01
 91 -0.03742 -2.01566e+01 | 92 -0.02758 -2.74092e+00 | 93 -0.02706  5.27942e-01
 94 -0.09726 -1.97732e-01 | 95  0.44261  5.74616e+00 | 96 -0.18530 -1.34608e+01
 97  0.57740 -1.05390e+01 | 98 -0.22203  7.41267e+01 | 99 -0.03250  2.12283e+01
100 -0.31343 -1.08112e+01 |101  0.03966 -1.04611e+01 |102 -0.20928  5.62645e+00
102 variables; iteration 80; function evaluation 91; phase 4
Function value 2.8277859e+03; maximum gradient component mag -6.7089e+01
Var    Value     Gradient |Var    Value     Gradient |Var    Value     Gradient
  1 -0.09739  5.79586e+01 |  2  0.00178 -6.89319e+00 |  3 -0.09583 -7.54232e+00
  4  0.00871 -1.21472e+01 |  5 -0.41704 -4.57984e+00 |  6  0.12020  1.39068e+01
  7 -0.11880  5.01207e+00 |  8  0.12716 -8.08615e+00 |  9 -0.17633 -1.11239e+00
 10  0.11382 -2.19319e+01 | 11  0.03331 -4.32768e+00 | 12 -0.06294 -4.96639e+00
 13  0.15997 -5.33627e+00 | 14 -0.08546 -4.57937e+00 | 15 -0.04798 -1.10463e+00
 16  0.10669  4.50874e-01 | 17 -0.12690 -5.35545e+00 | 18  0.16081 -5.02236e+00
 19 -0.11776 -4.08446e+00 | 20 -0.10318 -3.66824e+00 | 21 -0.11468  1.10430e+00
 22  0.07709 -1.28841e+00 | 23 -0.08212  1.90969e+00 | 24 -0.19748  3.02551e+00
 25 -0.31833  4.14923e+00 | 26 -0.30215  1.49710e+00 | 27  0.22778 -6.38288e+00
 28 -0.24195  6.86027e-01 | 29  0.00096 -8.27932e-01 | 30 -0.02783  4.73675e+00
 31  0.00352  1.96710e+00 | 32 -0.00615 -5.50126e+00 | 33 -0.11239 -2.79077e+00
 34 -0.02495 -1.93600e+00 | 35 -0.20725  1.64803e+00 | 36  0.00110 -1.15777e+00
 37 -0.20047  2.19057e+00 | 38 -0.09405  3.65911e+00 | 39 -0.20354  2.98886e+00
 40 -0.18505  9.97299e-01 | 41 -0.17132 -2.48631e+00 | 42  0.40679  8.42697e+00
 43 -0.22483  5.71985e-01 | 44  0.02027  3.37433e+00 | 45 -0.10893  2.07877e+00
 46  0.10264 -7.72447e-01 | 47 -0.14106  4.72520e+00 | 48 -0.32210  1.78513e+00
 49 -0.38094  1.78292e+00 | 50 -0.11878 -9.48517e-01 | 51 -0.16104  1.90137e+00
 52  0.10784 -7.50681e+00 | 53  0.18299  1.07268e+01 | 54 -0.00466 -9.84311e-01
 55  0.13496 -7.90889e+00 | 56  0.23050 -3.66181e+00 | 57 -0.05029 -1.43643e+00
 58  0.10038 -1.12087e+00 | 59 -0.01218  1.53980e+00 | 60 -0.06534 -1.73478e-01
 61 -0.21899  1.44041e+00 | 62 -0.12994  6.95287e-01 | 63 -0.04015  9.96385e-02
 64  0.04359  1.66555e-01 | 65 -0.11146  2.30828e+00 | 66 -0.00189 -5.65366e-01
 67  0.09676 -1.64370e+00 | 68 -0.19760 -1.01588e+00 | 69 -0.10442  3.06300e-01
 70  0.25424 -8.11292e+00 | 71 -0.13763  1.65573e+01 | 72 -0.19759 -9.93295e-01
 73 -0.25987  5.96065e+00 | 74 -0.76712 -1.01665e+00 | 75 -0.26450  4.81205e-01
 76  0.30602 -3.49108e+00 | 77 -0.15119  1.20751e+01 | 78 -0.51242 -5.04436e-01
 79  0.01176  1.78359e+00 | 80  0.51522 -3.01169e+00 | 81 -0.07355  1.23595e+01
 82  0.34894 -1.54851e+01 | 83 -0.17184  3.69169e+01 | 84 -0.03361 -5.95424e-02
 85  0.36903 -3.52470e+00 | 86 -0.06744  1.72743e+01 | 87  0.95565  4.46915e-02
 88 -0.18547 -6.70894e+01 | 89 -0.39649  7.55609e+00 | 90 -0.08046 -4.26867e+00
 91 -0.04193 -1.42769e+01 | 92 -0.02240 -1.63643e+00 | 93 -0.02497 -2.67991e+00
 94 -0.11532 -2.55726e+00 | 95  0.45643 -7.82645e+00 | 96 -0.15691  1.48448e+01
 97  0.67589 -9.61103e-01 | 98 -0.21892  1.35856e+01 | 99 -0.03578 -2.25876e+01
100 -0.31337  1.94133e+01 |101  0.05806 -5.47030e+00 |102 -0.19377  4.51931e+00
102 variables; iteration 100; function evaluation 115; phase 4
Function value 2.8252448e+03; maximum gradient component mag -1.0553e+01
Var    Value     Gradient |Var    Value     Gradient |Var    Value     Gradient
  1 -0.10807 -2.37945e+00 |  2 -0.00918 -3.56310e+00 |  3 -0.08263 -1.66734e+00
  4  0.00510  6.41965e+00 |  5 -0.41186  1.53537e+00 |  6  0.12478 -1.05532e+01
  7 -0.14127 -3.32941e+00 |  8  0.14330  4.79210e+00 |  9 -0.18939  2.04842e+00
 10  0.08946 -6.52102e-01 | 11  0.04342  7.12296e-02 | 12  0.00180 -5.46718e-01
 13  0.12785  1.78969e+00 | 14 -0.00321  1.04100e+00 | 15 -0.05165  4.17179e-01
 16  0.09291  3.14779e+00 | 17 -0.05165  2.58678e-01 | 18  0.15702  1.69651e+00
 19 -0.10488 -2.22357e+00 | 20 -0.09042 -1.63874e+00 | 21 -0.12672 -8.69877e-01
 22  0.08428 -2.80487e-01 | 23 -0.08371  1.77642e-01 | 24 -0.19279  1.88829e+00
 25 -0.32541  1.74909e+00 | 26 -0.32592 -2.05879e+00 | 27  0.23294 -2.42743e-01
 28 -0.25794 -9.17833e-01 | 29  0.00902  1.11454e+00 | 30 -0.03216 -2.77287e-01
 31  0.00475 -1.86300e-01 | 32  0.00191 -8.11297e-02 | 33 -0.10704 -1.56576e-02
 34 -0.02015  4.56815e-01 | 35 -0.21453  4.54358e-01 | 36  0.00436 -1.04679e+00
 37 -0.20304  1.27835e+00 | 38 -0.09677  9.44697e-01 | 39 -0.21884 -2.05536e-02
 40 -0.19033  2.08114e-02 | 41 -0.15620 -8.78216e-01 | 42  0.40166  1.12429e-01
 43 -0.23947 -7.86977e-01 | 44  0.01334 -9.01213e-03 | 45 -0.11093  1.33254e+00
 46  0.10052 -1.91176e+00 | 47 -0.15225 -8.63771e-01 | 48 -0.32453  1.69664e+00
 49 -0.39713  1.91806e-01 | 50 -0.12006 -1.85979e-01 | 51 -0.16176  1.88300e+00
 52  0.11171 -1.44162e+00 | 53  0.17615 -1.67057e+00 | 54 -0.00110  2.53667e-01
 55  0.14479  7.26991e-01 | 56  0.23136 -1.44063e+00 | 57 -0.04104  9.35202e-01
 58  0.10374  4.29511e-01 | 59 -0.01087  3.22086e-01 | 60 -0.05741  3.13005e-01
 61 -0.22388  4.10710e-01 | 62 -0.13308 -4.40710e-01 | 63 -0.03542  1.23849e-01
 64  0.05477  2.27783e-01 | 65 -0.10426  9.60901e-01 | 66  0.01525  7.32265e-01
 67  0.13021  6.26252e-01 | 68 -0.18212  9.98715e-01 | 69 -0.12460 -6.24825e-01
 70  0.25267  1.37589e+00 | 71 -0.13968 -4.76462e+00 | 72 -0.13248  3.39413e-01
 73 -0.25084 -6.20053e-01 | 74 -0.67580  2.31116e-01 | 75 -0.26334  1.04349e+00
 76  0.30502  2.66991e+00 | 77 -0.15190 -2.41587e+00 | 78 -0.49943  5.28356e-01
 79 -0.00306  1.41067e-01 | 80  0.53557 -9.07648e-01 | 81 -0.07420  1.24509e+00
 82  0.36480  3.69050e+00 | 83 -0.16915 -1.99075e+00 | 84  0.16865 -1.42680e-02
 85  0.37370  3.88740e-01 | 86 -0.06734  5.42845e-02 | 87  1.38439 -3.91355e-03
 88 -0.13830 -7.71730e+00 | 89 -0.32291  1.91452e+00 | 90 -0.16595  4.17617e-01
 91 -0.04323 -1.66432e+00 | 92 -0.02360 -7.40333e-01 | 93 -0.02084  1.96004e+00
 94 -0.10522  1.36321e+00 | 95  0.48963  8.21331e-01 | 96 -0.15449 -1.10703e+00
 97  0.78131  3.35443e-01 | 98 -0.21282 -9.11007e-01 | 99 -0.03751 -6.48461e+00
100 -0.31605  9.33329e+00 |101  0.06079 -8.03164e-01 |102 -0.19222  1.05716e+00
102 variables; iteration 120; function evaluation 143; phase 4
Function value 2.8248533e+03; maximum gradient component mag -4.7475e+00
Var    Value     Gradient |Var    Value     Gradient |Var    Value     Gradient
  1 -0.10373  5.81650e-01 |  2 -0.00319 -8.93559e-01 |  3 -0.08802 -2.71846e-01
  4  0.00603  8.94358e-01 |  5 -0.41287  1.51659e-01 |  6  0.12349 -4.74746e+00
  7 -0.13557 -6.61733e-01 |  8  0.13894  8.72725e-01 |  9 -0.19087  1.58050e-01
 10  0.10359 -3.19103e-01 | 11  0.03204 -1.37489e-01 | 12  0.02465 -2.86428e-02
 13  0.11294 -1.57373e-01 | 14 -0.00466 -9.18046e-02 | 15 -0.04426 -7.51288e-02
 16  0.08182  9.31988e-03 | 17 -0.04076  3.77620e-03 | 18  0.14831  3.59830e-01
 19 -0.08962  1.14598e-01 | 20 -0.09629  4.43948e-02 | 21 -0.12809  3.82069e-03
 22  0.08007 -1.12900e-01 | 23 -0.08539 -1.98858e-01 | 24 -0.20137 -2.53648e-01
 25 -0.34197 -2.17307e-01 | 26 -0.30916  1.64093e-01 | 27  0.22909  7.25320e-01
 28 -0.24997  9.09077e-02 | 29  0.00395 -1.36199e-01 | 30 -0.03375  2.56871e-02
 31  0.00167 -9.18889e-02 | 32 -0.00115 -7.32505e-02 | 33 -0.10941  5.27471e-02
 34 -0.02316 -2.24447e-01 | 35 -0.22186 -2.61400e-01 | 36  0.00387 -5.18014e-02
 37 -0.21146 -1.03652e-01 | 38 -0.09946 -2.92565e-02 | 39 -0.21950  1.58270e-02
 40 -0.19400 -4.65559e-02 | 41 -0.15066 -1.14420e-02 | 42  0.39891  6.19698e-01
 43 -0.23089  1.43545e-01 | 44  0.01127  9.16574e-02 | 45 -0.11764 -1.50485e-01
 46  0.09900 -1.72104e-01 | 47 -0.15379  2.40153e-02 | 48 -0.33710 -2.23189e-01
 49 -0.40195 -2.06783e-01 | 50 -0.12053 -6.47348e-02 | 51 -0.17329 -8.77777e-02
 52  0.11067  2.10093e-01 | 53  0.17434  1.20320e-01 | 54 -0.00387  4.87589e-02
 55  0.14176  7.85212e-02 | 56  0.22988  1.26605e-01 | 57 -0.04715 -6.17373e-02
 58  0.10040  4.47146e-03 | 59 -0.01469  3.93976e-02 | 60 -0.06212 -1.02381e-01
 61 -0.23166 -8.65104e-02 | 62 -0.13396 -2.97736e-02 | 63 -0.04008  7.09539e-02
 64  0.05014  6.67165e-02 | 65 -0.11310 -5.98520e-02 | 66  0.00402 -1.67456e-01
 67  0.11776 -4.55811e-02 | 68 -0.19588  5.15834e-03 | 69 -0.11681 -9.25401e-02
 70  0.25495  4.84711e-01 | 71 -0.13827 -2.44233e-01 | 72 -0.16887  6.90837e-02
 73 -0.24862  1.30257e+00 | 74 -0.67239 -1.12135e-01 | 75 -0.26996  8.94379e-02
 76  0.30273  3.36112e-01 | 77 -0.15271  1.22336e-01 | 78 -0.50152  1.70988e-01
 79 -0.00597 -5.97610e-02 | 80  0.72479  9.72041e-02 | 81 -0.05039 -6.22854e-01
 82  0.35161 -8.15757e-01 | 83 -0.17371  1.14505e+00 | 84  0.37379  1.79420e-03
 85  0.36645 -2.01436e-01 | 86 -0.06886  1.18068e+00 | 87  1.53248 -8.76480e-04
 88 -0.13165 -1.54676e+00 | 89 -0.31430  4.33074e-01 | 90 -0.18793 -3.26238e-01
 91 -0.04315 -7.41835e-01 | 92 -0.02157  5.11042e-02 | 93 -0.02190 -2.64849e-01
 94 -0.11219 -1.24326e-01 | 95  0.47226 -4.69780e-02 | 96 -0.16011  2.91843e-01
 97  0.52254  5.84601e-01 | 98 -0.24294 -2.17373e+00 | 99 -0.04173 -3.46395e-01
100 -0.32329  6.66279e-01 |101  0.05653 -5.17995e-01 |102 -0.19649  2.30542e-01
102 variables; iteration 140; function evaluation 164; phase 4
Function value 2.8248376e+03; maximum gradient component mag -6.1560e-02
Var    Value     Gradient |Var    Value     Gradient |Var    Value     Gradient
  1 -0.10343 -6.15602e-02 |  2 -0.00081  1.58641e-02 |  3 -0.09012 -4.38061e-03
  4  0.00713 -1.75901e-02 |  5 -0.41368  1.01022e-03 |  6  0.12315  2.34345e-02
  7 -0.13420  4.85385e-03 |  8  0.13729 -1.06490e-02 |  9 -0.19053 -4.44403e-03
 10  0.10527  3.27684e-02 | 11  0.03352 -2.52907e-03 | 12  0.02312 -3.54116e-03
 13  0.11312 -1.34478e-02 | 14 -0.00451 -9.16503e-04 | 15 -0.04377  2.53016e-03
 16  0.08151  2.41003e-02 | 17 -0.04031  6.64979e-03 | 18  0.14792  3.62955e-02
 19 -0.09013  6.32149e-03 | 20 -0.09649  6.07379e-03 | 21 -0.12839  4.62299e-03
 22  0.07981 -1.07129e-02 | 23 -0.08538 -2.43945e-03 | 24 -0.20104 -3.30557e-03
 25 -0.34046  1.49879e-04 | 26 -0.31051  5.82705e-03 | 27  0.22913  5.68263e-03
 28 -0.25066  1.85223e-03 | 29  0.00429 -1.58912e-03 | 30 -0.03380 -4.16096e-03
 31  0.00193  1.34499e-03 | 32 -0.00092 -4.33671e-03 | 33 -0.10955 -4.58055e-03
 34 -0.02288 -2.73674e-03 | 35 -0.22004  3.49973e-04 | 36  0.00418  1.64812e-03
 37 -0.21040 -1.62591e-04 | 38 -0.09892 -1.06374e-03 | 39 -0.21930 -1.26396e-03
 40 -0.19348 -1.56658e-03 | 41 -0.15040  5.52985e-03 | 42  0.39881 -2.69346e-03
 43 -0.23224  4.57802e-03 | 44  0.01114  1.20429e-03 | 45 -0.11730 -1.62190e-04
 46  0.09929 -5.02976e-05 | 47 -0.15362 -3.58625e-03 | 48 -0.33550 -3.00339e-04
 49 -0.39985 -3.06789e-03 | 50 -0.11993 -1.57314e-03 | 51 -0.17317 -1.16412e-03
 52  0.11086  1.18302e-03 | 53  0.17451 -1.59063e-03 | 54 -0.00380 -1.04712e-03
 55  0.14178 -7.11186e-03 | 56  0.22978  1.26434e-03 | 57 -0.04686  4.95771e-04
 58  0.10042  5.15832e-03 | 59 -0.01478 -7.76489e-04 | 60 -0.06184 -8.44744e-05
 61 -0.23102 -8.95909e-06 | 62 -0.13385  9.93631e-05 | 63 -0.04012 -3.06880e-03
 64  0.05029 -5.74234e-05 | 65 -0.11237  1.78877e-05 | 66  0.00535  1.10116e-03
 67  0.11846 -1.66684e-03 | 68 -0.19516  1.06829e-03 | 69 -0.11565 -5.69695e-04
 70  0.25323  1.05043e-02 | 71 -0.13884 -2.68447e-02 | 72 -0.17305 -4.92946e-04
 73 -0.25138  1.81185e-02 | 74 -0.68435 -8.88952e-04 | 75 -0.26947  8.13922e-04
 76  0.30201  4.75745e-03 | 77 -0.15298 -1.23664e-02 | 78 -0.50320  4.02250e-04
 79 -0.00541  4.18877e-03 | 80  0.68446 -2.15309e-03 | 81 -0.05398  8.42990e-04
 82  0.35105  3.42769e-02 | 83 -0.17380 -4.81159e-02 | 84  0.29480  1.76478e-03
 85  0.36379  4.56396e-04 | 86 -0.06950 -9.38241e-03 | 87  1.55693 -3.19472e-04
 88 -0.13158 -2.74439e-03 | 89 -0.31438 -2.37926e-03 | 90 -0.18637  6.98074e-04
 91 -0.04310  1.96647e-03 | 92 -0.02161  1.26710e-03 | 93 -0.02159  2.75917e-03
 94 -0.11180  4.58925e-03 | 95  0.46778 -1.72266e-03 | 96 -0.16204 -9.00791e-04
 97  0.45901  8.16851e-03 | 98 -0.25558 -4.43693e-02 | 99 -0.04239 -4.87997e-02
100 -0.32424  5.93595e-02 |101  0.05759 -6.42292e-04 |102 -0.19555  6.80316e-06
102 variables; iteration 160; function evaluation 184; phase 4
Function value 2.8248374e+03; maximum gradient component mag -8.6318e-03
Var    Value     Gradient |Var    Value     Gradient |Var    Value     Gradient
  1 -0.10338 -8.63182e-03 |  2 -0.00063 -1.40031e-03 |  3 -0.09028 -1.72622e-03
  4  0.00722 -2.19933e-03 |  5 -0.41368 -6.18338e-04 |  6  0.12311 -1.82648e-03
  7 -0.13408 -8.13380e-04 |  8  0.13720 -1.31640e-03 |  9 -0.19051 -2.77133e-04
 10  0.10543  4.39153e-03 | 11  0.03355  5.00444e-04 | 12  0.02306  3.40969e-04
 13  0.11321  2.10853e-03 | 14 -0.00456  4.37987e-04 | 15 -0.04374  4.96675e-04
 16  0.08146  1.18020e-03 | 17 -0.04025  3.86141e-04 | 18  0.14788  1.07419e-03
 19 -0.09012  5.59014e-04 | 20 -0.09652 -4.16957e-04 | 21 -0.12843 -3.08967e-04
 22  0.07980 -8.58185e-04 | 23 -0.08540 -2.20910e-04 | 24 -0.20104 -5.97201e-04
 25 -0.34047 -6.06699e-04 | 26 -0.31058  6.51468e-04 | 27  0.22912  6.48719e-04
 28 -0.25070  4.22320e-04 | 29  0.00428  3.35941e-04 | 30 -0.03380  1.47931e-04
 31  0.00192  4.58894e-05 | 32 -0.00091 -3.44339e-04 | 33 -0.10953 -2.88986e-04
 34 -0.02287 -3.31277e-04 | 35 -0.22003 -1.55104e-04 | 36  0.00420 -2.41036e-04
 37 -0.21039 -2.60692e-04 | 38 -0.09890 -3.20176e-04 | 39 -0.21928 -2.80372e-04
 40 -0.19345 -1.39644e-04 | 41 -0.15044  7.91745e-04 | 42  0.39882  4.45088e-04
 43 -0.23229  5.05686e-04 | 44  0.01114 -7.41468e-05 | 45 -0.11731 -2.00491e-04
 46  0.09931  3.99545e-04 | 47 -0.15359 -1.07353e-04 | 48 -0.33548 -4.20130e-04
 49 -0.39981 -4.25358e-04 | 50 -0.11990 -2.35445e-04 | 51 -0.17319 -2.75293e-04
 52  0.11088  7.06222e-05 | 53  0.17453  5.96689e-04 | 54 -0.00379  1.55342e-05
 55  0.14180  9.59302e-05 | 56  0.22979  3.63278e-05 | 57 -0.04685 -4.48948e-06
 58  0.10042 -1.44960e-04 | 59 -0.01477 -1.07634e-04 | 60 -0.06184 -2.56463e-04
 61 -0.23102 -2.79667e-04 | 62 -0.13386 -9.59951e-05 | 63 -0.04012 -9.28066e-05
 64  0.05029  4.31539e-05 | 65 -0.11236 -4.48742e-05 | 66  0.00534 -9.84525e-05
 67  0.11848  1.39046e-05 | 68 -0.19512  1.34265e-04 | 69 -0.11563  7.65573e-06
 70  0.25315  9.37361e-04 | 71 -0.13887 -1.53695e-03 | 72 -0.17331  1.25316e-04
 73 -0.25143 -3.89690e-05 | 74 -0.68458  1.01491e-05 | 75 -0.26946 -4.22597e-05
 76  0.30197 -1.76790e-04 | 77 -0.15299 -7.36126e-04 | 78 -0.50327 -2.50819e-04
 79 -0.00537  2.22833e-04 | 80  0.68498  6.52268e-05 | 81 -0.05392 -4.21467e-04
 82  0.35051  1.84688e-03 | 83 -0.17403 -3.18782e-03 | 84  0.09534 -1.29760e-06
 85  0.36363  6.23508e-04 | 86 -0.06953 -2.54006e-03 | 87  1.56873  1.19126e-05
 88 -0.13157 -1.13351e-03 | 89 -0.31437  3.21390e-05 | 90 -0.18640 -5.83521e-05
 91 -0.04309 -6.96438e-06 | 92 -0.02160  2.90733e-04 | 93 -0.02158 -1.35080e-04
 94 -0.11182  3.71182e-05 | 95  0.46763  2.88708e-04 | 96 -0.16208 -1.37900e-04
 97  0.45834  3.77007e-04 | 98 -0.25571 -2.37101e-03 | 99 -0.04243 -2.29768e-03
100 -0.32431  3.11476e-03 |101  0.05756  6.03130e-04 |102 -0.19556 -5.61334e-04
  ic > imax  in fminim is answer attained ?
Var    Value     Gradient |Var    Value     Gradient |Var    Value     Gradient
  1 -0.10338 -8.63182e-03 |  2 -0.00063 -1.40031e-03 |  3 -0.09028 -1.72622e-03
  4  0.00722 -2.19933e-03 |  5 -0.41368 -6.18338e-04 |  6  0.12311 -1.82648e-03
  7 -0.13408 -8.13380e-04 |  8  0.13720 -1.31640e-03 |  9 -0.19051 -2.77133e-04
 10  0.10543  4.39153e-03 | 11  0.03355  5.00444e-04 | 12  0.02306  3.40969e-04
 13  0.11321  2.10853e-03 | 14 -0.00456  4.37987e-04 | 15 -0.04374  4.96675e-04
 16  0.08146  1.18020e-03 | 17 -0.04025  3.86141e-04 | 18  0.14788  1.07419e-03
 19 -0.09012  5.59014e-04 | 20 -0.09652 -4.16957e-04 | 21 -0.12843 -3.08967e-04
 22  0.07980 -8.58185e-04 | 23 -0.08540 -2.20910e-04 | 24 -0.20104 -5.97201e-04
 25 -0.34047 -6.06699e-04 | 26 -0.31058  6.51468e-04 | 27  0.22912  6.48719e-04
 28 -0.25070  4.22320e-04 | 29  0.00428  3.35941e-04 | 30 -0.03380  1.47931e-04
 31  0.00192  4.58894e-05 | 32 -0.00091 -3.44339e-04 | 33 -0.10953 -2.88986e-04
 34 -0.02287 -3.31277e-04 | 35 -0.22003 -1.55104e-04 | 36  0.00420 -2.41036e-04
 37 -0.21039 -2.60692e-04 | 38 -0.09890 -3.20176e-04 | 39 -0.21928 -2.80372e-04
 40 -0.19345 -1.39644e-04 | 41 -0.15044  7.91745e-04 | 42  0.39882  4.45088e-04
 43 -0.23229  5.05686e-04 | 44  0.01114 -7.41468e-05 | 45 -0.11731 -2.00491e-04
 46  0.09931  3.99545e-04 | 47 -0.15359 -1.07353e-04 | 48 -0.33548 -4.20130e-04
 49 -0.39981 -4.25358e-04 | 50 -0.11990 -2.35445e-04 | 51 -0.17319 -2.75293e-04
 52  0.11088  7.06222e-05 | 53  0.17453  5.96689e-04 | 54 -0.00379  1.55342e-05
 55  0.14180  9.59302e-05 | 56  0.22979  3.63278e-05 | 57 -0.04685 -4.48948e-06
 58  0.10042 -1.44960e-04 | 59 -0.01477 -1.07634e-04 | 60 -0.06184 -2.56463e-04
 61 -0.23102 -2.79667e-04 | 62 -0.13386 -9.59951e-05 | 63 -0.04012 -9.28066e-05
 64  0.05029  4.31539e-05 | 65 -0.11236 -4.48742e-05 | 66  0.00534 -9.84525e-05
 67  0.11848  1.39046e-05 | 68 -0.19512  1.34265e-04 | 69 -0.11563  7.65573e-06
 70  0.25315  9.37361e-04 | 71 -0.13887 -1.53695e-03 | 72 -0.17331  1.25316e-04
 73 -0.25143 -3.89690e-05 | 74 -0.68458  1.01491e-05 | 75 -0.26946 -4.22597e-05
 76  0.30197 -1.76790e-04 | 77 -0.15299 -7.36126e-04 | 78 -0.50327 -2.50819e-04
 79 -0.00537  2.22833e-04 | 80  0.68498  6.52268e-05 | 81 -0.05392 -4.21467e-04
 82  0.35051  1.84688e-03 | 83 -0.17403 -3.18782e-03 | 84  0.09534 -1.29760e-06
 85  0.36363  6.23508e-04 | 86 -0.06953 -2.54006e-03 | 87  1.56873  1.19126e-05
 88 -0.13157 -1.13351e-03 | 89 -0.31437  3.21390e-05 | 90 -0.18640 -5.83521e-05
 91 -0.04309 -6.96438e-06 | 92 -0.02160  2.90733e-04 | 93 -0.02158 -1.35080e-04
 94 -0.11182  3.71182e-05 | 95  0.46763  2.88708e-04 | 96 -0.16208 -1.37900e-04
 97  0.45834  3.77007e-04 | 98 -0.25571 -2.37101e-03 | 99 -0.04243 -2.29768e-03
100 -0.32431  3.11476e-03 |101  0.05756  6.03130e-04 |102 -0.19556 -5.61334e-04
Function minimizer not making progress ... is minimum attained?
Minimprove criterion = 0.0000e+00

 - final statistics:
102 variables; iteration 161; function evaluation 214
Function value 2.8248e+03; maximum gradient component mag -8.6318e-03
Exit code = 1;  converg criter 1.0000e-04
Var    Value     Gradient |Var    Value     Gradient |Var    Value     Gradient
  1 -0.10338 -8.63182e-03 |  2 -0.00063 -1.40031e-03 |  3 -0.09028 -1.72622e-03
  4  0.00722 -2.19933e-03 |  5 -0.41368 -6.18338e-04 |  6  0.12311 -1.82648e-03
  7 -0.13408 -8.13380e-04 |  8  0.13720 -1.31640e-03 |  9 -0.19051 -2.77133e-04
 10  0.10543  4.39153e-03 | 11  0.03355  5.00444e-04 | 12  0.02306  3.40969e-04
 13  0.11321  2.10853e-03 | 14 -0.00456  4.37987e-04 | 15 -0.04374  4.96675e-04
 16  0.08146  1.18020e-03 | 17 -0.04025  3.86141e-04 | 18  0.14788  1.07419e-03
 19 -0.09012  5.59014e-04 | 20 -0.09652 -4.16957e-04 | 21 -0.12843 -3.08967e-04
 22  0.07980 -8.58185e-04 | 23 -0.08540 -2.20910e-04 | 24 -0.20104 -5.97201e-04
 25 -0.34047 -6.06699e-04 | 26 -0.31058  6.51468e-04 | 27  0.22912  6.48719e-04
 28 -0.25070  4.22320e-04 | 29  0.00428  3.35941e-04 | 30 -0.03380  1.47931e-04
 31  0.00192  4.58894e-05 | 32 -0.00091 -3.44339e-04 | 33 -0.10953 -2.88986e-04
 34 -0.02287 -3.31277e-04 | 35 -0.22003 -1.55104e-04 | 36  0.00420 -2.41036e-04
 37 -0.21039 -2.60692e-04 | 38 -0.09890 -3.20176e-04 | 39 -0.21928 -2.80372e-04
 40 -0.19345 -1.39644e-04 | 41 -0.15044  7.91745e-04 | 42  0.39882  4.45088e-04
 43 -0.23229  5.05686e-04 | 44  0.01114 -7.41468e-05 | 45 -0.11731 -2.00491e-04
 46  0.09931  3.99545e-04 | 47 -0.15359 -1.07353e-04 | 48 -0.33548 -4.20130e-04
 49 -0.39981 -4.25358e-04 | 50 -0.11990 -2.35445e-04 | 51 -0.17319 -2.75293e-04
 52  0.11088  7.06222e-05 | 53  0.17453  5.96689e-04 | 54 -0.00379  1.55342e-05
 55  0.14180  9.59302e-05 | 56  0.22979  3.63278e-05 | 57 -0.04685 -4.48948e-06
 58  0.10042 -1.44960e-04 | 59 -0.01477 -1.07634e-04 | 60 -0.06184 -2.56463e-04
 61 -0.23102 -2.79667e-04 | 62 -0.13386 -9.59951e-05 | 63 -0.04012 -9.28066e-05
 64  0.05029  4.31539e-05 | 65 -0.11236 -4.48742e-05 | 66  0.00534 -9.84525e-05
 67  0.11848  1.39046e-05 | 68 -0.19512  1.34265e-04 | 69 -0.11563  7.65573e-06
 70  0.25315  9.37361e-04 | 71 -0.13887 -1.53695e-03 | 72 -0.17331  1.25316e-04
 73 -0.25143 -3.89690e-05 | 74 -0.68458  1.01491e-05 | 75 -0.26946 -4.22597e-05
 76  0.30197 -1.76790e-04 | 77 -0.15299 -7.36126e-04 | 78 -0.50327 -2.50819e-04
 79 -0.00537  2.22833e-04 | 80  0.68498  6.52268e-05 | 81 -0.05392 -4.21467e-04
 82  0.35051  1.84688e-03 | 83 -0.17403 -3.18782e-03 | 84  0.09534 -1.29760e-06
 85  0.36363  6.23508e-04 | 86 -0.06953 -2.54006e-03 | 87  1.56873  1.19126e-05
 88 -0.13157 -1.13351e-03 | 89 -0.31437  3.21390e-05 | 90 -0.18640 -5.83521e-05
 91 -0.04309 -6.96438e-06 | 92 -0.02160  2.90733e-04 | 93 -0.02158 -1.35080e-04
 94 -0.11182  3.71182e-05 | 95  0.46763  2.88708e-04 | 96 -0.16208 -1.37900e-04
 97  0.45834  3.77007e-04 | 98 -0.25571 -2.37101e-03 | 99 -0.04243 -2.29768e-03
100 -0.32431  3.11476e-03 |101  0.05756  6.03130e-04 |102 -0.19556 -5.61334e-04

Initial statistics: 114 variables; iteration 0; function evaluation 0; phase 5
Function value 2.8248374e+03; maximum gradient component mag -8.6318e-03
Var    Value     Gradient |Var    Value     Gradient |Var    Value     Gradient
  1 -0.10338 -8.63182e-03 |  2 -0.00063 -1.40031e-03 |  3 -0.09028 -1.72622e-03
  4  0.00722 -2.19933e-03 |  5 -0.41368 -6.18338e-04 |  6  0.12311 -1.82648e-03
  7 -0.13408 -8.13380e-04 |  8  0.13720 -1.31640e-03 |  9 -0.19051 -2.77133e-04
 10  0.10543  4.39153e-03 | 11  0.03355  5.00444e-04 | 12  0.02306  3.40969e-04
 13  0.11321  2.10853e-03 | 14 -0.00456  4.37987e-04 | 15 -0.04374  4.96675e-04
 16  0.08146  1.18020e-03 | 17 -0.04025  3.86141e-04 | 18  0.14788  1.07419e-03
 19 -0.09012  5.59014e-04 | 20 -0.09652 -4.16957e-04 | 21 -0.12843 -3.08967e-04
 22  0.07980 -8.58185e-04 | 23 -0.08540 -2.20910e-04 | 24 -0.20104 -5.97201e-04
 25 -0.34047 -6.06699e-04 | 26 -0.31058  6.51468e-04 | 27  0.22912  6.48719e-04
 28 -0.25070  4.22320e-04 | 29  0.00428  3.35941e-04 | 30 -0.03380  1.47931e-04
 31  0.00192  4.58894e-05 | 32 -0.00091 -3.44339e-04 | 33 -0.10953 -2.88986e-04
 34 -0.02287 -3.31277e-04 | 35 -0.22003 -1.55104e-04 | 36  0.00420 -2.41036e-04
 37 -0.21039 -2.60692e-04 | 38 -0.09890 -3.20176e-04 | 39 -0.21928 -2.80372e-04
 40 -0.19345 -1.39644e-04 | 41 -0.15044  7.91745e-04 | 42  0.39882  4.45088e-04
 43 -0.23229  5.05686e-04 | 44  0.01114 -7.41468e-05 | 45 -0.11731 -2.00491e-04
 46  0.09931  3.99545e-04 | 47 -0.15359 -1.07353e-04 | 48 -0.33548 -4.20130e-04
 49 -0.39981 -4.25358e-04 | 50 -0.11990 -2.35445e-04 | 51 -0.17319 -2.75293e-04
 52  0.11088  7.06222e-05 | 53  0.17453  5.96689e-04 | 54 -0.00379  1.55342e-05
 55  0.14180  9.59302e-05 | 56  0.22979  3.63278e-05 | 57 -0.04685 -4.48948e-06
 58  0.10042 -1.44960e-04 | 59 -0.01477 -1.07634e-04 | 60 -0.06184 -2.56463e-04
 61 -0.23102 -2.79667e-04 | 62 -0.13386 -9.59951e-05 | 63 -0.04012 -9.28066e-05
 64  0.05029  4.31539e-05 | 65 -0.11236 -4.48742e-05 | 66  0.00534 -9.84525e-05
 67  0.11848  1.39046e-05 | 68  0.00000  0.00000e+00 | 69  0.00000  0.00000e+00
 70  0.00000  0.00000e+00 | 71  0.00000  0.00000e+00 | 72  0.00000  0.00000e+00
 73  0.00000  0.00000e+00 | 74  0.00000  0.00000e+00 | 75  0.00000  0.00000e+00
 76  0.00000  0.00000e+00 | 77  0.00000  0.00000e+00 | 78  0.00000  0.00000e+00
 79  0.00000  0.00000e+00 | 80 -0.19512  1.34265e-04 | 81 -0.11563  7.65573e-06
 82  0.25315  9.37361e-04 | 83 -0.13887 -1.53695e-03 | 84 -0.17331  1.25316e-04
 85 -0.25143 -3.89690e-05 | 86 -0.68458  1.01491e-05 | 87 -0.26946 -4.22597e-05
 88  0.30197 -1.76790e-04 | 89 -0.15299 -7.36126e-04 | 90 -0.50327 -2.50819e-04
 91 -0.00537  2.22833e-04 | 92  0.68498  6.52268e-05 | 93 -0.05392 -4.21467e-04
 94  0.35051  1.84688e-03 | 95 -0.17403 -3.18782e-03 | 96  0.09534 -1.29760e-06
 97  0.36363  6.23508e-04 | 98 -0.06953 -2.54006e-03 | 99  0.43127 -1.19126e-05
100 -0.13157 -1.13351e-03 |101 -0.31437  3.21390e-05 |102 -0.18640 -5.83521e-05
103 -0.04309 -6.96438e-06 |104 -0.02160  2.90733e-04 |105 -0.02158 -1.35080e-04
106 -0.11182  3.71182e-05 |107  0.46763  2.88708e-04 |108 -0.16208 -1.37900e-04
109  0.45834  3.77007e-04 |110 -0.25571 -2.37101e-03 |111 -0.04243 -2.29768e-03
112 -0.32431  3.11476e-03 |113  0.05756  6.03130e-04 |114 -0.19556 -5.61334e-04
  ic > imax  in fminim is answer attained ?
Var    Value     Gradient |Var    Value     Gradient |Var    Value     Gradient
  1 -0.10338 -8.63182e-03 |  2 -0.00063 -1.40031e-03 |  3 -0.09028 -1.72622e-03
  4  0.00722 -2.19933e-03 |  5 -0.41368 -6.18338e-04 |  6  0.12311 -1.82648e-03
  7 -0.13408 -8.13380e-04 |  8  0.13720 -1.31640e-03 |  9 -0.19051 -2.77133e-04
 10  0.10543  4.39153e-03 | 11  0.03355  5.00444e-04 | 12  0.02306  3.40969e-04
 13  0.11321  2.10853e-03 | 14 -0.00456  4.37987e-04 | 15 -0.04374  4.96675e-04
 16  0.08146  1.18020e-03 | 17 -0.04025  3.86141e-04 | 18  0.14788  1.07419e-03
 19 -0.09012  5.59014e-04 | 20 -0.09652 -4.16957e-04 | 21 -0.12843 -3.08967e-04
 22  0.07980 -8.58185e-04 | 23 -0.08540 -2.20910e-04 | 24 -0.20104 -5.97201e-04
 25 -0.34047 -6.06699e-04 | 26 -0.31058  6.51468e-04 | 27  0.22912  6.48719e-04
 28 -0.25070  4.22320e-04 | 29  0.00428  3.35941e-04 | 30 -0.03380  1.47931e-04
 31  0.00192  4.58894e-05 | 32 -0.00091 -3.44339e-04 | 33 -0.10953 -2.88986e-04
 34 -0.02287 -3.31277e-04 | 35 -0.22003 -1.55104e-04 | 36  0.00420 -2.41036e-04
 37 -0.21039 -2.60692e-04 | 38 -0.09890 -3.20176e-04 | 39 -0.21928 -2.80372e-04
 40 -0.19345 -1.39644e-04 | 41 -0.15044  7.91745e-04 | 42  0.39882  4.45088e-04
 43 -0.23229  5.05686e-04 | 44  0.01114 -7.41468e-05 | 45 -0.11731 -2.00491e-04
 46  0.09931  3.99545e-04 | 47 -0.15359 -1.07353e-04 | 48 -0.33548 -4.20130e-04
 49 -0.39981 -4.25358e-04 | 50 -0.11990 -2.35445e-04 | 51 -0.17319 -2.75293e-04
 52  0.11088  7.06222e-05 | 53  0.17453  5.96689e-04 | 54 -0.00379  1.55342e-05
 55  0.14180  9.59302e-05 | 56  0.22979  3.63278e-05 | 57 -0.04685 -4.48948e-06
 58  0.10042 -1.44960e-04 | 59 -0.01477 -1.07634e-04 | 60 -0.06184 -2.56463e-04
 61 -0.23102 -2.79667e-04 | 62 -0.13386 -9.59951e-05 | 63 -0.04012 -9.28066e-05
 64  0.05029  4.31539e-05 | 65 -0.11236 -4.48742e-05 | 66  0.00534 -9.84525e-05
 67  0.11848  1.39046e-05 | 68  0.00000  0.00000e+00 | 69  0.00000  0.00000e+00
 70  0.00000  0.00000e+00 | 71  0.00000  0.00000e+00 | 72  0.00000  0.00000e+00
 73  0.00000  0.00000e+00 | 74  0.00000  0.00000e+00 | 75  0.00000  0.00000e+00
 76  0.00000  0.00000e+00 | 77  0.00000  0.00000e+00 | 78  0.00000  0.00000e+00
 79  0.00000  0.00000e+00 | 80 -0.19512  1.34265e-04 | 81 -0.11563  7.65573e-06
 82  0.25315  9.37361e-04 | 83 -0.13887 -1.53695e-03 | 84 -0.17331  1.25316e-04
 85 -0.25143 -3.89690e-05 | 86 -0.68458  1.01491e-05 | 87 -0.26946 -4.22597e-05
 88  0.30197 -1.76790e-04 | 89 -0.15299 -7.36126e-04 | 90 -0.50327 -2.50819e-04
 91 -0.00537  2.22833e-04 | 92  0.68498  6.52268e-05 | 93 -0.05392 -4.21467e-04
 94  0.35051  1.84688e-03 | 95 -0.17403 -3.18782e-03 | 96  0.09534 -1.29760e-06
 97  0.36363  6.23508e-04 | 98 -0.06953 -2.54006e-03 | 99  0.43127 -1.19126e-05
100 -0.13157 -1.13351e-03 |101 -0.31437  3.21390e-05 |102 -0.18640 -5.83521e-05
103 -0.04309 -6.96438e-06 |104 -0.02160  2.90733e-04 |105 -0.02158 -1.35080e-04
106 -0.11182  3.71182e-05 |107  0.46763  2.88708e-04 |108 -0.16208 -1.37900e-04
109  0.45834  3.77007e-04 |110 -0.25571 -2.37101e-03 |111 -0.04243 -2.29768e-03
112 -0.32431  3.11476e-03 |113  0.05756  6.03130e-04 |114 -0.19556 -5.61334e-04
Function minimizer not making progress ... is minimum attained?
Minimprove criterion = 0.0000e+00

 - final statistics:
114 variables; iteration 1; function evaluation 30
Function value 2.8248e+03; maximum gradient component mag -8.6318e-03
Exit code = 1;  converg criter 1.0000e-04
Var    Value     Gradient |Var    Value     Gradient |Var    Value     Gradient
  1 -0.10338 -8.63182e-03 |  2 -0.00063 -1.40031e-03 |  3 -0.09028 -1.72622e-03
  4  0.00722 -2.19933e-03 |  5 -0.41368 -6.18338e-04 |  6  0.12311 -1.82648e-03
  7 -0.13408 -8.13380e-04 |  8  0.13720 -1.31640e-03 |  9 -0.19051 -2.77133e-04
 10  0.10543  4.39153e-03 | 11  0.03355  5.00444e-04 | 12  0.02306  3.40969e-04
 13  0.11321  2.10853e-03 | 14 -0.00456  4.37987e-04 | 15 -0.04374  4.96675e-04
 16  0.08146  1.18020e-03 | 17 -0.04025  3.86141e-04 | 18  0.14788  1.07419e-03
 19 -0.09012  5.59014e-04 | 20 -0.09652 -4.16957e-04 | 21 -0.12843 -3.08967e-04
 22  0.07980 -8.58185e-04 | 23 -0.08540 -2.20910e-04 | 24 -0.20104 -5.97201e-04
 25 -0.34047 -6.06699e-04 | 26 -0.31058  6.51468e-04 | 27  0.22912  6.48719e-04
 28 -0.25070  4.22320e-04 | 29  0.00428  3.35941e-04 | 30 -0.03380  1.47931e-04
 31  0.00192  4.58894e-05 | 32 -0.00091 -3.44339e-04 | 33 -0.10953 -2.88986e-04
 34 -0.02287 -3.31277e-04 | 35 -0.22003 -1.55104e-04 | 36  0.00420 -2.41036e-04
 37 -0.21039 -2.60692e-04 | 38 -0.09890 -3.20176e-04 | 39 -0.21928 -2.80372e-04
 40 -0.19345 -1.39644e-04 | 41 -0.15044  7.91745e-04 | 42  0.39882  4.45088e-04
 43 -0.23229  5.05686e-04 | 44  0.01114 -7.41468e-05 | 45 -0.11731 -2.00491e-04
 46  0.09931  3.99545e-04 | 47 -0.15359 -1.07353e-04 | 48 -0.33548 -4.20130e-04
 49 -0.39981 -4.25358e-04 | 50 -0.11990 -2.35445e-04 | 51 -0.17319 -2.75293e-04
 52  0.11088  7.06222e-05 | 53  0.17453  5.96689e-04 | 54 -0.00379  1.55342e-05
 55  0.14180  9.59302e-05 | 56  0.22979  3.63278e-05 | 57 -0.04685 -4.48948e-06
 58  0.10042 -1.44960e-04 | 59 -0.01477 -1.07634e-04 | 60 -0.06184 -2.56463e-04
 61 -0.23102 -2.79667e-04 | 62 -0.13386 -9.59951e-05 | 63 -0.04012 -9.28066e-05
 64  0.05029  4.31539e-05 | 65 -0.11236 -4.48742e-05 | 66  0.00534 -9.84525e-05
 67  0.11848  1.39046e-05 | 68  0.00000  0.00000e+00 | 69  0.00000  0.00000e+00
 70  0.00000  0.00000e+00 | 71  0.00000  0.00000e+00 | 72  0.00000  0.00000e+00
 73  0.00000  0.00000e+00 | 74  0.00000  0.00000e+00 | 75  0.00000  0.00000e+00
 76  0.00000  0.00000e+00 | 77  0.00000  0.00000e+00 | 78  0.00000  0.00000e+00
 79  0.00000  0.00000e+00 | 80 -0.19512  1.34265e-04 | 81 -0.11563  7.65573e-06
 82  0.25315  9.37361e-04 | 83 -0.13887 -1.53695e-03 | 84 -0.17331  1.25316e-04
 85 -0.25143 -3.89690e-05 | 86 -0.68458  1.01491e-05 | 87 -0.26946 -4.22597e-05
 88  0.30197 -1.76790e-04 | 89 -0.15299 -7.36126e-04 | 90 -0.50327 -2.50819e-04
 91 -0.00537  2.22833e-04 | 92  0.68498  6.52268e-05 | 93 -0.05392 -4.21467e-04
 94  0.35051  1.84688e-03 | 95 -0.17403 -3.18782e-03 | 96  0.09534 -1.29760e-06
 97  0.36363  6.23508e-04 | 98 -0.06953 -2.54006e-03 | 99  0.43127 -1.19126e-05
100 -0.13157 -1.13351e-03 |101 -0.31437  3.21390e-05 |102 -0.18640 -5.83521e-05
103 -0.04309 -6.96438e-06 |104 -0.02160  2.90733e-04 |105 -0.02158 -1.35080e-04
106 -0.11182  3.71182e-05 |107  0.46763  2.88708e-04 |108 -0.16208 -1.37900e-04
109  0.45834  3.77007e-04 |110 -0.25571 -2.37101e-03 |111 -0.04243 -2.29768e-03
112 -0.32431  3.11476e-03 |113  0.05756  6.03130e-04 |114 -0.19556 -5.61334e-04
size of file gradfil1.tmp = 0
size of file gradfil2.tmp = 0
size of file varssave.tmp = 0
size of file cmpdiff.tmp = 200000008
