
Initial statistics: 1 variables; iteration 0; function evaluation 0; phase 1
Function value 7.0256206e+01; maximum gradient component mag 2.4830e+03
Var    Value     Gradient |Var    Value     Gradient |Var    Value     Gradient
  1 -0.09833  2.48303e+03 |

 - final statistics:
1 variables; iteration 2; function evaluation 5
Function value 4.9716e+01; maximum gradient component mag 6.8249e+00
Exit code = 1;  converg criter 1.0000e+01
Var    Value     Gradient |Var    Value     Gradient |Var    Value     Gradient
  1 -0.11486  6.82491e+00 |

Initial statistics: 3 variables; iteration 0; function evaluation 0; phase 2
Function value 4.9716136e+01; maximum gradient component mag 8.2715e+02
Var    Value     Gradient |Var    Value     Gradient |Var    Value     Gradient
  1 -0.11486  6.82491e+00 |  2  0.21635 -8.24668e+02 |  3  0.21635  8.27151e+02

 - final statistics:
3 variables; iteration 6; function evaluation 18
Function value 6.7150e+00; maximum gradient component mag -7.5753e+00
Exit code = 1;  converg criter 1.0000e+01
Var    Value     Gradient |Var    Value     Gradient |Var    Value     Gradient
  1  0.28117 -2.67954e+00 |  2 -0.47987 -7.57527e+00 |  3 -0.63152  4.74804e+00

Initial statistics: 3 variables; iteration 0; function evaluation 0; phase 3
Function value 6.7150316e+00; maximum gradient component mag -7.5753e+00
Var    Value     Gradient |Var    Value     Gradient |Var    Value     Gradient
  1  0.28117 -2.67954e+00 |  2 -0.47987 -7.57527e+00 |  3 -0.63152  4.74804e+00

 - final statistics:
3 variables; iteration 4; function evaluation 5
Function value 6.7104e+00; maximum gradient component mag -2.5104e-01
Exit code = 1;  converg criter 1.0000e+00
Var    Value     Gradient |Var    Value     Gradient |Var    Value     Gradient
  1  0.28014 -2.51041e-01 |  2 -0.47729 -8.61118e-02 |  3 -0.62994 -2.32995e-02

Initial statistics: 3 variables; iteration 0; function evaluation 0; phase 4
Function value 6.7104042e+00; maximum gradient component mag -2.5104e-01
Var    Value     Gradient |Var    Value     Gradient |Var    Value     Gradient
  1  0.28014 -2.51041e-01 |  2 -0.47729 -8.61118e-02 |  3 -0.62994 -2.32995e-02

 - final statistics:
3 variables; iteration 3; function evaluation 5
Function value 6.7104e+00; maximum gradient component mag -3.2257e-06
Exit code = 1;  converg criter 1.0000e-04
Var    Value     Gradient |Var    Value     Gradient |Var    Value     Gradient
  1  0.28014  1.67622e-06 |  2 -0.47729 -2.35948e-06 |  3 -0.62994 -3.22574e-06
size of file gradfil1.tmp = 0
size of file gradfil2.tmp = 0
size of file varssave.tmp = 0
size of file cmpdiff.tmp = 0
