
Initial statistics: 4 variables; iteration 0; function evaluation 0; phase 1
Function value 3.7183942e+03; maximum gradient component mag 1.5018e+02
Var    Value     Gradient |Var    Value     Gradient |Var    Value     Gradient
  1  0.20737  1.50181e+02 |  2 -0.59033 -8.52628e+00 |  3 -0.12819  4.43503e+00
  4 -0.21635 -5.63214e+01 |

 - final statistics:
4 variables; iteration 6; function evaluation 22
Function value 3.6565e+03; maximum gradient component mag -7.9193e+00
Exit code = 1;  converg criter 1.0000e+01
Var    Value     Gradient |Var    Value     Gradient |Var    Value     Gradient
  1 -0.05906  1.16141e+00 |  2 -0.30378 -5.68897e-01 |  3 -0.27183 -9.40473e-01
  4 -0.00050 -7.91935e+00 |

Initial statistics: 14 variables; iteration 0; function evaluation 0; phase 2
Function value 3.6564560e+03; maximum gradient component mag 1.0370e+03
Var    Value     Gradient |Var    Value     Gradient |Var    Value     Gradient
  1 -0.26966 -1.86918e+02 |  2  0.00000 -1.37665e+02 |  3 -0.26198 -4.31298e+02
  4 -0.03352 -1.10093e+02 |  5  0.18446  2.04828e+02 |  6 -0.04247 -1.54328e+02
  7  0.33333  1.03700e+03 |  8 -0.53989  3.30569e+01 |  9  0.00000 -1.36124e+02
 10 -0.21635 -2.10912e+01 | 11 -0.05906  1.16141e+00 | 12 -0.30378 -5.68897e-01
 13 -0.27183 -9.40473e-01 | 14 -0.00050 -7.91935e+00 |

Intermediate statistics: 14 variables; iteration 20; function evaluation 27; phase 2
Function value 3.3157641e+03; maximum gradient component mag -1.2908e+01
Var    Value     Gradient |Var    Value     Gradient |Var    Value     Gradient
  1 -0.23801 -1.29082e+01 |  2  0.08240  2.28602e+00 |  3 -0.09045  1.39144e+00
  4 -0.04636  1.14604e+00 |  5 -0.43867  8.39384e-01 |  6  0.06212 -2.55970e+00
  7  0.13725  4.76902e+00 |  8 -0.26166  6.50362e-01 |  9  0.28299  3.16049e-01
 10 -0.25581  2.34891e-01 | 11  0.03751  6.51711e+00 | 12 -1.73560  8.50055e-02
 13 -0.23300  2.45189e-01 | 14  0.09307 -5.61175e-01 |

 - final statistics:
14 variables; iteration 21; function evaluation 28
Function value 3.3158e+03; maximum gradient component mag -5.8144e+00
Exit code = 1;  converg criter 1.0000e+01
Var    Value     Gradient |Var    Value     Gradient |Var    Value     Gradient
  1 -0.23895 -5.81437e+00 |  2  0.08279  2.35951e+00 |  3 -0.09074  1.32459e+00
  4 -0.04675 -1.86826e-01 |  5 -0.43898 -2.25148e-01 |  6  0.06340 -1.00443e+00
  7  0.13720  4.04414e+00 |  8 -0.26168  6.72198e-01 |  9  0.28360  1.04230e-01
 10 -0.25770 -3.13546e-01 | 11  0.03458  3.03737e+00 | 12 -1.73556  7.60237e-02
 13 -0.23465  1.87676e-01 | 14  0.09731 -2.96726e-01 |

Initial statistics: 40 variables; iteration 0; function evaluation 0; phase 3
Function value 3.3157546e+03; maximum gradient component mag 1.3844e+03
Var    Value     Gradient |Var    Value     Gradient |Var    Value     Gradient
  1 -0.23895 -5.81437e+00 |  2  0.08279  2.35951e+00 |  3 -0.09074  1.32459e+00
  4 -0.04675 -1.86826e-01 |  5 -0.43898 -2.25148e-01 |  6  0.06340 -1.00443e+00
  7  0.13720  4.04414e+00 |  8 -0.26168  6.72198e-01 |  9  0.28360  1.04230e-01
 10 -0.25770 -3.13546e-01 | 11  0.03458  3.03737e+00 | 12 -0.26444 -7.60237e-02
 13 -0.23465  1.87676e-01 | 14  0.09731 -2.96726e-01 | 15 -0.12294 -4.22509e+02
 16 -0.31415  1.53141e+02 | 17 -0.12294  5.92558e+01 | 18 -0.51552 -3.39783e+01
 19 -0.40967 -3.62475e+02 | 20 -0.33333  1.34264e+02 | 21 -0.11760 -4.81392e+01
 22 -0.31415  1.64941e+01 | 23  0.14414  1.21598e+03 | 24 -1.00000 -8.66316e-08
 25 -0.32395 -2.48906e+02 | 26 -0.40967  1.04215e+02 | 27  0.02302  1.38436e+03
 28 -0.31415 -9.81798e+02 | 29  0.53959  2.65260e+01 | 30  0.00000  5.94414e+02
 31 -0.21635 -3.53835e+02 | 32  0.16024  8.38998e+01 | 33 -0.11760  1.45580e+00
 34 -0.10723 -2.10833e+02 | 35 -0.10723 -9.91360e+01 | 36 -0.12294 -6.94203e+01
 37 -0.31415  2.34195e+01 | 38  0.02302  2.04602e+02 | 39 -0.31415 -1.43956e+02
 40  0.53959  6.96580e+00 |

Intermediate statistics: 40 variables; iteration 20; function evaluation 31; phase 3
Function value 2.9124320e+03; maximum gradient component mag 3.0491e+02
Var    Value     Gradient |Var    Value     Gradient |Var    Value     Gradient
  1 -0.12760  3.04914e+02 |  2  0.09389  1.05740e+02 |  3 -0.10753  1.05382e+02
  4 -0.08456 -8.12820e+01 |  5 -0.45468 -6.42102e+01 |  6 -0.01930  3.71869e+01
  7  0.05740  1.69866e+02 |  8  0.03148  7.28379e+01 |  9  0.00043  2.25468e+01
 10  0.07187 -1.95264e+01 | 11  0.13114 -8.40675e+01 | 12 -0.26141 -1.70110e-01
 13 -0.23319 -5.99429e-01 | 14  0.10394  2.88964e-02 | 15  0.04181 -1.84133e+02
 16 -0.21149  9.99213e+01 | 17 -0.09161 -7.35792e+00 | 18 -0.30342 -6.31085e+00
 19  0.04044 -2.98949e+01 | 20  0.02624  2.86843e+01 | 21  0.10571 -1.68148e+01
 22 -0.18113  1.12170e+01 | 23  0.04395  9.40089e+01 | 24 -0.98738 -1.99271e+00
 25  0.01075 -1.36746e+02 | 26 -0.18779  9.59932e+01 | 27 -0.21546  9.78840e+01
 28 -0.57975 -5.04627e+01 | 29  0.26469 -5.16898e+01 | 30  0.11287  1.92639e+01
 31  0.10487 -4.99152e+00 | 32 -0.43338 -5.74566e+00 | 33  0.19694  4.70975e+00
 34  0.04244 -4.20031e+00 | 35  0.25338  3.52731e-01 | 36  0.43677 -2.98895e+01
 37 -0.10855  6.57191e+01 | 38  0.15409  3.53252e+01 | 39 -0.13733 -4.22475e+01
 40  0.47613  8.91225e-01 |
40 variables; iteration 40; function evaluation 55; phase 3
Function value 2.8805601e+03; maximum gradient component mag -2.3613e+02
Var    Value     Gradient |Var    Value     Gradient |Var    Value     Gradient
  1 -0.18256  1.04504e+02 |  2  0.06526  2.56597e+00 |  3 -0.10767  3.72189e+01
  4 -0.02772  4.75458e+01 |  5 -0.44347 -1.66896e+01 |  6  0.00846  3.55311e+01
  7  0.05724  1.55746e+01 |  8  0.03360  9.97181e+00 |  9 -0.05944  2.11968e+01
 10  0.08878 -7.38263e+00 | 11  0.04551 -2.83627e+01 | 12 -0.25820  1.62657e-01
 13 -0.11252  1.09415e+01 | 14  0.07532 -1.57307e+00 | 15  0.13552 -1.93043e+01
 16 -0.14384  2.05150e+01 | 17  0.21157 -4.21518e+00 | 18  0.24514  6.47185e+00
 19  0.00738  2.21131e+00 | 20 -0.02428 -1.09968e+01 | 21  0.17971 -1.15166e+01
 22 -0.10238  1.97251e+01 | 23  0.04430 -2.36127e+02 | 24 -0.56919  2.33183e+00
 25  0.09986 -1.49652e+01 | 26 -0.15979 -8.82171e+00 | 27 -0.25867 -5.66879e+00
 28 -0.61590 -1.49799e+01 | 29  0.32923 -2.09491e+01 | 30  0.05802 -3.21086e+01
 31  0.09000  1.60607e+01 | 32 -0.28398 -1.28939e+01 | 33  0.16373  1.91834e+01
 34  0.02500 -4.07690e+01 | 35 -0.22158  5.08802e+00 | 36  0.37568 -5.44892e+00
 37 -0.19196  2.17351e+00 | 38  0.28652 -1.35826e+01 | 39 -0.02609  3.79920e+01
 40  0.11970 -9.04636e+00 |
40 variables; iteration 60; function evaluation 76; phase 3
Function value 2.8351774e+03; maximum gradient component mag 3.3586e+01
Var    Value     Gradient |Var    Value     Gradient |Var    Value     Gradient
  1 -0.14802  3.35857e+01 |  2  0.04833 -1.00309e+01 |  3 -0.13090 -6.26870e+00
  4 -0.04530  1.46394e-01 |  5 -0.42145 -2.12463e-01 |  6 -0.08232 -3.32905e-01
  7  0.05969 -1.42522e+01 |  8  0.05619 -1.69454e+00 |  9 -0.06525  1.42712e-01
 10  0.06804 -1.40479e+00 | 11  0.04969 -2.49466e+01 | 12 -0.26909  2.30491e-02
 13 -0.25811  2.46039e-01 | 14  0.09626 -1.47148e-01 | 15  0.22885 -5.10154e+00
 16 -0.09892  1.03837e+01 | 17  1.83079  2.52485e-01 | 18  2.01690  3.34163e-01
 19  0.17167 -1.55576e+01 | 20  0.11491  1.23751e+01 | 21  0.19580  8.48884e-01
 22 -0.12907  3.95483e-01 | 23  0.35162  8.57644e-01 | 24 -0.03832 -8.02680e-01
 25  0.28802 -5.78342e+00 | 26 -0.05783  9.42337e+00 | 27 -0.17898 -2.77952e+01
 28 -0.34347  1.33298e+01 | 29  0.34555 -4.00765e+00 | 30  0.01891 -2.28297e+00
 31  0.03385  6.74060e-01 | 32 -0.15064 -1.45485e+00 | 33  0.20159  1.05753e+00
 34  0.04062 -7.31239e-01 | 35 -0.25165 -1.56063e-01 | 36  0.48116  2.83248e+00
 37 -0.15194 -2.40559e+00 | 38  0.20247  5.41612e+00 | 39 -0.09048 -5.10472e+00
 40  1.36408  1.73945e-01 |
40 variables; iteration 80; function evaluation 96; phase 3
Function value 2.8347858e+03; maximum gradient component mag 1.3215e+00
Var    Value     Gradient |Var    Value     Gradient |Var    Value     Gradient
  1 -0.14813 -1.10277e+00 |  2  0.05038  6.55994e-01 |  3 -0.13242  3.72672e-01
  4 -0.04548  1.43384e-01 |  5 -0.42296  1.68344e-02 |  6 -0.08194 -6.98971e-04
  7  0.06081  1.32147e+00 |  8  0.05452  3.26025e-01 |  9 -0.06548  2.39567e-01
 10  0.06640  3.54984e-02 | 11  0.05038  6.64070e-01 | 12 -0.26996  6.00058e-05
 13 -0.26014 -1.28946e-02 | 14  0.09894  6.16409e-03 | 15  0.22833  2.65292e-01
 16 -0.10006 -3.05539e-01 | 17  1.80823 -2.44392e-02 | 18  1.99342 -4.36825e-02
 19  0.19725  8.15137e-01 | 20  0.13227 -4.07220e-01 | 21  0.18222  8.98802e-02
 22 -0.13970  6.87255e-03 | 23  0.35131 -3.00893e-01 | 24 -0.03838  9.25683e-02
 25  0.29555  4.86914e-01 | 26 -0.05634 -5.22061e-01 | 27 -0.17670  3.61824e-01
 28 -0.35450 -1.16879e-01 | 29  0.35344  2.13747e-03 | 30  0.01511  4.47016e-01
 31  0.02971 -7.73493e-02 | 32 -0.13911  1.10310e-01 | 33  0.19264  3.13282e-02
 34  0.03885 -1.54556e-01 | 35 -0.23768  1.39542e-02 | 36  0.44627  2.90464e-01
 37 -0.16744 -1.30345e-01 | 38  0.16346  3.55905e-01 | 39 -0.11177 -3.72262e-01
 40  1.08439  2.26414e-02 |

 - final statistics:
40 variables; iteration 81; function evaluation 97
Function value 2.8348e+03; maximum gradient component mag 8.3670e-01
Exit code = 1;  converg criter 1.0000e+00
Var    Value     Gradient |Var    Value     Gradient |Var    Value     Gradient
  1 -0.14827 -4.69876e-01 |  2  0.05023  1.92914e-01 |  3 -0.13224  1.93874e-01
  4 -0.04551  4.48206e-02 |  5 -0.42288 -7.21973e-02 |  6 -0.08180  8.02084e-02
  7  0.06083  2.68814e-01 |  8  0.05438  1.13328e-01 |  9 -0.06545  1.52564e-01
 10  0.06629 -4.13392e-02 | 11  0.05022  8.64671e-02 | 12 -0.26995  8.41908e-04
 13 -0.26017 -1.09870e-02 | 14  0.09884  8.15851e-04 | 15  0.22830  7.95207e-02
 16 -0.10005 -9.44180e-04 | 17  1.80857 -5.05806e-02 | 18  1.99407 -2.68394e-03
 19  0.19703  8.36702e-01 | 20  0.13212 -4.55591e-01 | 21  0.18165  6.39334e-02
 22 -0.14014 -1.50364e-02 | 23  0.35133 -1.89741e-01 | 24 -0.03839 -1.83419e-02
 25  0.29514  2.53266e-01 | 26 -0.05643 -1.75075e-01 | 27 -0.17672 -1.98801e-02
 28 -0.35417  1.50498e-01 | 29  0.35405  1.41806e-01 | 30  0.01453  2.25760e-02
 31  0.02928  3.85895e-02 | 32 -0.13819  4.87469e-02 | 33  0.19253  1.08123e-01
 34  0.03885 -1.86015e-01 | 35 -0.23723  6.33001e-02 | 36  0.44539  1.77629e-01
 37 -0.16782 -2.57513e-02 | 38  0.16250  2.29419e-01 | 39 -0.11235 -2.85089e-01
 40  1.08141  2.08465e-02 |

Initial statistics: 130 variables; iteration 0; function evaluation 0; phase 4
Function value 2.8347852e+03; maximum gradient component mag -7.9225e+02
Var    Value     Gradient |Var    Value     Gradient |Var    Value     Gradient
  1 -0.14827 -4.69876e-01 |  2  0.05023  1.92914e-01 |  3 -0.13224  1.93874e-01
  4 -0.04551  4.48206e-02 |  5 -0.42288 -7.21973e-02 |  6 -0.08180  8.02084e-02
  7  0.06083  2.68814e-01 |  8  0.05438  1.13328e-01 |  9 -0.06545  1.52564e-01
 10  0.06629 -4.13392e-02 | 11  0.05022  8.64671e-02 | 12  0.00000 -5.63546e-01
 13  0.00000 -6.40356e-01 | 14  0.00000 -7.27161e-01 | 15  0.00000 -8.25212e-01
 16  0.00000 -9.35976e-01 | 17  0.00000 -1.06146e+00 | 18  0.00000 -1.20371e+00
 19  0.00000 -1.36432e+00 | 20  0.00000 -1.54465e+00 | 21  0.00000 -1.74739e+00
 22  0.00000 -1.96995e+00 | 23  0.00000 -2.21503e+00 | 24  0.00000 -2.48597e+00
 25  0.00000 -2.78285e+00 | 26  0.00000 -3.10190e+00 | 27  0.00000 -3.43273e+00
 28  0.00000 -3.77466e+00 | 29  0.00000 -4.12294e+00 | 30  0.00000 -4.46598e+00
 31  0.00000 -4.80175e+00 | 32  0.00000 -5.14792e+00 | 33  0.00000 -5.56289e+00
 34  0.00000 -6.12828e+00 | 35  0.00000 -6.91046e+00 | 36  0.00000 -7.78014e+00
 37  0.00000 -8.29694e+00 | 38  0.00000 -7.61463e+00 | 39  0.00000 -4.97739e+00
 40  0.00000 -7.38596e-01 | 41  0.00000  3.10202e+00 | 42  0.00000  4.05260e+00
 43  0.00000  5.11979e-01 | 44  0.00000 -6.14338e+00 | 45  0.00000 -1.21425e+01
 46  0.00000 -1.81459e+01 | 47  0.00000 -2.21487e+01 | 48  0.00000 -1.35323e+01
 49  0.00000 -8.73093e+00 | 50  0.00000 -2.87465e+01 | 51  0.00000 -5.85396e+01
 52  0.00000 -7.95754e+01 | 53  0.00000  1.89717e+01 | 54  0.00000  1.16227e+02
 55  0.00000  1.03668e+02 | 56  0.00000  5.66783e+00 | 57  0.00000  1.29447e+02
 58  0.00000  2.60356e+02 | 59  0.00000  2.76873e+02 | 60  0.00000 -5.59298e+01
 61  0.00000 -5.02507e+02 | 62  0.00000 -4.05122e+01 | 63  0.00000  2.70290e+01
 64  0.00000  2.22922e+01 | 65  0.00000 -4.05729e+01 | 66  0.00000 -5.06809e+01
 67  0.00000  3.82139e+00 | 68  0.00000  4.17649e+00 | 69  0.00000  5.31550e+01
 70  0.00000  4.27143e+00 | 71  0.00000  1.16050e+02 | 72  0.00000  1.41602e+02
 73  0.00000  2.04617e+02 | 74  0.00000  1.64094e+02 | 75  0.00000 -2.63103e+02
 76  0.00000 -7.92250e+02 | 77  0.00000 -1.31384e+02 | 78  0.00000  4.90596e+01
 79  0.00000  1.26671e+02 | 80  0.00000 -5.55477e+01 | 81  0.00000  2.05599e+02
 82  0.00000  3.12970e+02 | 83  0.00000  3.41319e+02 | 84  0.00000  2.21026e+02
 85  0.00000  1.61135e+02 | 86  0.00000 -2.03264e+02 | 87  0.00000 -3.60446e+02
 88  0.00000 -4.47176e+01 | 89  0.00000 -1.83872e+02 | 90  0.00000 -4.84062e+02
 91  0.00000  1.22931e+01 | 92  0.00000  2.78623e+01 | 93  0.00000  1.06214e+01
 94  0.00000  1.04714e+02 | 95  0.00000  2.00524e+02 | 96  0.00000  1.19453e+02
 97  0.00000  2.95791e+01 | 98  0.00000 -7.51260e+01 | 99  0.00000  3.98106e+01
100  0.00000 -7.56600e+00 |101  0.00000 -1.03433e+01 |102 -0.26995  8.41908e-04
103 -0.26017 -1.09870e-02 |104  0.09884  8.15851e-04 |105  0.22830  7.95207e-02
106 -0.10005 -9.44180e-04 |107  0.19143  5.05806e-02 |108  0.00593  2.68394e-03
109  0.19703  8.36702e-01 |110  0.13212 -4.55591e-01 |111  0.18165  6.39334e-02
112 -0.14014 -1.50364e-02 |113  0.35133 -1.89741e-01 |114 -0.03839 -1.83419e-02
115  0.29514  2.53266e-01 |116 -0.05643 -1.75075e-01 |117 -0.17672 -1.98801e-02
118 -0.35417  1.50498e-01 |119  0.35405  1.41806e-01 |120  0.01453  2.25760e-02
121  0.02928  3.85895e-02 |122 -0.13819  4.87469e-02 |123  0.19253  1.08123e-01
124  0.03885 -1.86015e-01 |125 -0.23723  6.33001e-02 |126  0.44539  1.77629e-01
127 -0.16782 -2.57513e-02 |128  0.16250  2.29419e-01 |129 -0.11235 -2.85089e-01
130  0.91859 -2.08465e-02 |

Intermediate statistics: 130 variables; iteration 20; function evaluation 30; phase 4
Function value 2.3483500e+03; maximum gradient component mag 2.8881e+02
Var    Value     Gradient |Var    Value     Gradient |Var    Value     Gradient
  1 -0.14821 -2.47452e+01 |  2  0.01392  3.76879e+00 |  3 -0.05835  3.03687e+01
  4  0.01310  1.43763e+01 |  5 -0.40731  6.24314e+00 |  6 -0.03530 -1.39353e+01
  7  0.07267 -1.01355e+02 |  8 -0.03581 -1.80332e+01 |  9  0.14313 -2.32073e+01
 10 -0.07200 -7.56637e+00 | 11 -0.03970  6.71604e+01 | 12  0.00750  1.56694e-01
 13  0.00850  1.74702e-01 | 14  0.00964  1.94628e-01 | 15  0.01092  2.16717e-01
 16  0.01238  2.41216e-01 | 17  0.01405  2.68216e-01 | 18  0.01598  2.97379e-01
 19  0.01820  3.28032e-01 | 20  0.02076  3.59566e-01 | 21  0.02372  3.91299e-01
 22  0.02706  4.20993e-01 | 23  0.03084  4.46140e-01 | 24  0.03518  4.63006e-01
 25  0.04010  4.66446e-01 | 26  0.04550  4.51845e-01 | 27  0.05107  4.19220e-01
 28  0.05645  3.78651e-01 | 29  0.06103  3.53345e-01 | 30  0.06395  3.82888e-01
 31  0.06453  5.03288e-01 | 32  0.06290  7.17430e-01 | 33  0.06073  9.86810e-01
 34  0.06083  1.27080e+00 | 35  0.06639  1.52530e+00 | 36  0.07768  1.62359e+00
 37  0.08756  1.47732e+00 | 38  0.07769  1.38508e+00 | 39  0.03947  9.50095e-01
 40 -0.00381 -4.49335e-01 | 41 -0.03130 -1.69315e+00 | 42 -0.03525 -1.86404e+00
 43 -0.00809 -4.62999e-01 | 44  0.04970  2.02153e+00 | 45  0.06996  4.10359e+00
 46  0.06413  4.78778e+00 | 47  0.10277  2.00579e+00 | 48  0.01605 -2.72862e+00
 49 -0.02002 -5.16019e+00 | 50  0.07739 -9.70130e+00 | 51 -0.05116 -7.82894e+00
 52  0.13756  5.93657e+00 | 53 -0.05794 -1.12869e+00 | 54 -0.02468  8.07899e+00
 55 -0.03866  5.25103e+00 | 56  0.07090 -1.26255e+01 | 57 -0.01416  1.82795e+01
 58 -0.06090  3.48047e+01 | 59 -0.11765  2.29315e+01 | 60 -0.14287 -3.09504e-01
 61  0.18502 -6.67579e+00 | 62 -0.13502  9.81464e-01 | 63  0.04683  4.86450e+01
 64  0.01734  3.22890e+01 | 65  0.05001  4.02811e+01 | 66  0.05497  4.15029e+01
 67 -0.00018  3.21147e+01 | 68  0.04294  4.37525e+01 | 69 -0.07242  1.56358e+01
 70  0.05199  2.31153e+01 | 71 -0.08013  1.89421e+00 | 72 -0.02649 -1.43682e+00
 73 -0.12548 -8.27409e+00 | 74 -0.09659 -1.05394e+01 | 75 -0.22734 -1.85248e+01
 76  0.29861  2.88812e+02 | 77 -0.28285 -1.86108e+01 | 78  0.03230  1.47692e+01
 79 -0.06563 -5.05172e+00 | 80  0.07844 -5.09693e+01 | 81 -0.08079 -6.29693e+00
 82 -0.19893 -1.84804e+00 | 83 -0.22321  4.23922e+00 | 84 -0.06757  8.16440e+00
 85 -0.09836  9.40640e-01 | 86  0.08603 -4.78664e+01 | 87  0.13221 -1.22766e+02
 88  0.00774  4.49351e+00 | 89  0.06707  5.50984e+00 | 90  0.15936 -1.71092e+02
 91 -0.06723 -3.66117e+00 | 92  0.02408  8.15539e+00 | 93  0.04614 -1.02263e+00
 94 -0.01628  1.47043e+01 | 95 -0.15696  4.81107e+00 | 96 -0.04321  2.65716e+01
 97 -0.00355  2.27888e+01 | 98  0.05899  4.37581e+00 | 99 -0.06494 -5.46863e+00
100  0.02970 -1.04338e+00 |101  0.09755  1.32076e+00 |102 -0.27978 -4.35416e-02
103 -0.29264 -2.53725e+00 |104 -0.08287  1.61473e-01 |105  0.16719 -2.00411e+01
106 -0.11276  3.71818e+01 |107  0.13555  8.28595e-01 |108  0.04294  3.01390e-01
109  0.06325 -3.72478e+01 |110  0.05739  4.17344e+01 |111  0.19731  3.05684e+00
112 -0.11389 -3.20109e+00 |113  0.32705 -2.25081e+01 |114 -0.02897  2.03193e+01
115  0.15628 -4.59905e+00 |116 -0.10283  6.66731e+00 |117 -0.19139  8.47823e+00
118 -0.40639 -8.45355e+00 |119  0.24979 -7.13712e+00 |120  0.00600  1.19686e+01
121 -0.00468 -7.17267e+00 |122 -0.14018  2.55277e+00 |123  0.09583  7.12326e+00
124  0.01907 -2.46358e+01 |125 -0.17150 -5.32182e+00 |126  0.44246  5.81682e-01
127 -0.16139 -6.78809e-01 |128  0.09808 -8.73480e+00 |129 -0.15673  1.59463e+01
130  0.91809  1.72398e-02 |
130 variables; iteration 40; function evaluation 50; phase 4
Function value 2.3367363e+03; maximum gradient component mag 1.2141e+02
Var    Value     Gradient |Var    Value     Gradient |Var    Value     Gradient
  1 -0.18307 -1.16959e+02 |  2  0.01212 -7.69403e+00 |  3 -0.05616  7.16399e+00
  4 -0.00336 -6.65265e+00 |  5 -0.40569 -6.81661e+00 |  6 -0.00094 -1.37053e+01
  7  0.08157 -7.86366e+01 |  8 -0.06056 -1.25951e+01 |  9  0.17311 -1.52118e+01
 10 -0.10953 -1.21669e+01 | 11 -0.03931  1.21412e+02 | 12  0.00706  3.31979e-01
 13  0.00797  3.73273e-01 | 14  0.00900  4.19443e-01 | 15  0.01015  4.70875e-01
 16  0.01145  5.27980e-01 | 17  0.01291  5.90825e-01 | 18  0.01454  6.58630e-01
 19  0.01636  7.29179e-01 | 20  0.01832  7.99016e-01 | 21  0.02039  8.62106e-01
 22  0.02244  9.11488e-01 | 23  0.02437  9.37696e-01 | 24  0.02607  9.35031e-01
 25  0.02748  9.03449e-01 | 26  0.02874  8.64918e-01 | 27  0.03035  8.77565e-01
 28  0.03320  1.02049e+00 | 29  0.03707  1.30136e+00 | 30  0.03876  1.53913e+00
 31  0.03631  1.61108e+00 | 32  0.03486  1.86312e+00 | 33  0.03794  2.51001e+00
 34  0.04260  3.21143e+00 | 35  0.04544  3.53282e+00 | 36  0.04361  3.25136e+00
 37  0.04310  3.29523e+00 | 38  0.02832  2.99292e+00 | 39  0.02325  4.98988e+00
 40 -0.00733  4.38814e+00 | 41 -0.02249  4.77769e+00 | 42 -0.01799  6.45498e+00
 43  0.00522  8.87708e+00 | 44  0.02871  9.67001e+00 | 45  0.04323  1.10540e+01
 46  0.05319  1.18258e+01 | 47  0.06355  9.14420e+00 | 48  0.02007  6.43312e+00
 49 -0.00163  5.62403e+00 | 50  0.03648  5.58937e+00 | 51  0.00964  7.83163e+00
 52  0.10583  2.81432e+01 | 53 -0.01817  1.83245e+01 | 54 -0.05275  1.47456e+01
 55 -0.03635  1.87654e+01 | 56  0.05848 -1.56178e+00 | 57 -0.03510  8.22042e+00
 58 -0.09143  1.84516e+01 | 59 -0.12198  2.41111e+01 | 60 -0.18385 -7.07644e+00
 61  0.17461  5.58986e+01 | 62 -0.16922 -4.75300e+00 | 63  0.01998  1.21981e+01
 64 -0.00546 -1.34980e-01 | 65  0.01826 -8.84469e+00 | 66  0.03401  8.66561e+00
 67 -0.02267  1.65101e+01 | 68  0.02286  2.79147e+01 | 69 -0.10127  8.30332e+00
 70  0.03544  2.48180e+01 | 71 -0.09268  4.95748e+00 | 72 -0.04456  7.21751e+00
 73 -0.10155  9.60415e+00 | 74 -0.09526  4.07112e+00 | 75 -0.19944 -1.58016e+01
 76  0.27087  1.06610e+02 | 77 -0.22496 -1.19883e+01 | 78  0.01920  1.45516e+01
 79 -0.07005  8.09157e-01 | 80  0.06523 -3.43999e+01 | 81 -0.08508  5.49014e+00
 82 -0.20226  3.48269e+00 | 83 -0.22158  1.08269e+01 | 84 -0.08099  1.31200e+01
 85 -0.10403  6.00223e+00 | 86  0.07132 -2.95943e+01 | 87  0.12346 -8.28383e+01
 88 -0.00671  7.08335e+00 | 89  0.04008 -1.69860e+00 | 90  0.15875 -8.71557e+01
 91 -0.09585 -1.06822e+01 | 92  0.00686  1.11762e+00 | 93  0.02854 -1.46080e+01
 94 -0.04099  2.37862e+00 | 95 -0.16863  4.97211e+00 | 96 -0.06540  1.86099e+01
 97 -0.03293  4.79962e+00 | 98  0.03929  1.56241e-01 | 99 -0.05899  6.13018e+00
100 -0.00191 -7.80019e+00 |101  0.08330  4.62491e-01 |102 -0.40915 -2.46469e+00
103 -0.32081 -3.73830e+00 |104 -0.06568  1.41421e+00 |105  0.14714 -5.00197e+00
106 -0.12687  8.59378e+00 |107 -0.00279 -1.59728e+00 |108 -0.14318 -3.25216e+00
109  0.03932 -1.31167e+01 |110  0.03314  1.57093e+01 |111  0.31047 -2.02033e+00
112 -0.02536  1.01692e+01 |113  0.33079  2.48901e+00 |114 -0.02862 -1.28497e+00
115  0.13333 -1.15879e-02 |116 -0.10946 -1.47982e-01 |117 -0.18899  3.28354e+00
118 -0.39267 -2.32701e+00 |119  0.25492  3.10273e+00 |120 -0.00114 -3.62169e+00
121 -0.00337  5.72519e-02 |122 -0.14529 -2.05007e+00 |123 -0.05585 -1.51457e+00
124 -0.02286 -9.88610e+00 |125 -0.01355  6.07056e+00 |126  0.44949  3.24281e-01
127 -0.15549  5.88455e-01 |128  0.07790  9.52385e+00 |129 -0.18272 -7.47659e+00
130  0.90805  6.06295e-02 |
130 variables; iteration 60; function evaluation 70; phase 4
Function value 2.3325599e+03; maximum gradient component mag -1.8562e+02
Var    Value     Gradient |Var    Value     Gradient |Var    Value     Gradient
  1 -0.20427 -1.85617e+02 |  2  0.02232 -5.67935e+00 |  3 -0.07578 -1.18234e+01
  4  0.00214  7.15852e+00 |  5 -0.41475 -1.99545e+00 |  6 -0.00416 -3.91833e+01
  7  0.07838 -2.56429e+01 |  8 -0.04399 -7.16702e+00 |  9  0.17529  4.34182e+00
 10 -0.08067 -1.35905e+00 | 11 -0.06378  1.42505e+02 | 12  0.00458  2.73410e-01
 13  0.00523  3.14966e-01 | 14  0.00599  3.62658e-01 | 15  0.00684  4.17306e-01
 16  0.00782  4.79937e-01 | 17  0.00894  5.51999e-01 | 18  0.01023  6.35253e-01
 19  0.01172  7.30981e-01 | 20  0.01341  8.39950e-01 | 21  0.01533  9.61810e-01
 22  0.01741  1.09460e+00 | 23  0.01963  1.23657e+00 | 24  0.02194  1.38649e+00
 25  0.02421  1.54062e+00 | 26  0.02630  1.69857e+00 | 27  0.02810  1.87282e+00
 28  0.02978  2.09211e+00 | 29  0.03136  2.37955e+00 | 30  0.03236  2.72790e+00
 31  0.03249  3.12220e+00 | 32  0.03136  3.50179e+00 | 33  0.02874  3.74669e+00
 34  0.02683  3.94678e+00 | 35  0.02840  4.30530e+00 | 36  0.03488  5.06056e+00
 37  0.04258  6.28358e+00 | 38  0.03349  6.66859e+00 | 39  0.01244  6.77318e+00
 40 -0.00440  7.63983e+00 | 41 -0.01544  8.60511e+00 | 42 -0.01469  9.80029e+00
 43  0.00025  1.11891e+01 | 44  0.02498  1.29541e+01 | 45  0.03852  1.49842e+01
 46  0.04632  1.69068e+01 | 47  0.06608  1.95690e+01 | 48  0.02382  1.62583e+01
 49  0.00321  1.52750e+01 | 50  0.03657  1.60723e+01 | 51  0.01605  1.13794e+01
 52  0.09607  1.46503e+01 | 53 -0.01499  1.59305e+01 | 54 -0.05227  1.49058e+01
 55 -0.03463  2.11121e+01 | 56  0.06139  3.08378e+00 | 57 -0.03504  4.64533e+00
 58 -0.09776  1.01191e+01 | 59 -0.13328  1.62893e+01 | 60 -0.15347 -5.61771e-01
 61  0.17589  6.48034e+01 | 62 -0.13629  3.89891e+00 | 63  0.02452  2.64849e+01
 64  0.00108  9.80363e+00 | 65  0.02504 -4.44322e+00 | 66  0.03234 -5.75420e+00
 67 -0.03026 -1.35462e+00 | 68  0.01469 -4.00185e+00 | 69 -0.10216 -8.70853e-01
 70  0.02180 -1.30648e+01 | 71 -0.09056  2.16682e+00 | 72 -0.04871  6.74506e+00
 73 -0.10200  1.24969e+01 | 74 -0.08705  1.01796e+01 | 75 -0.22780 -1.87883e+01
 76  0.26196 -1.27498e+01 | 77 -0.19212 -8.06181e+00 | 78  0.01032 -9.32758e-01
 79 -0.06796  6.14357e-01 | 80  0.06908 -2.44159e+01 | 81 -0.08738  7.34958e-02
 82 -0.18868  9.19395e+00 | 83 -0.21779  1.21213e+01 | 84 -0.07910  1.21877e+01
 85 -0.09780  9.48856e+00 | 86  0.07918 -7.75220e+00 | 87  0.13877 -2.44844e+01
 88 -0.01116  3.53635e-01 | 89  0.03777 -6.60625e+00 | 90  0.17555 -1.90632e+01
 91 -0.09301 -1.21806e+01 | 92  0.01424  3.44026e+00 | 93  0.04441  2.83041e+00
 94 -0.03055  6.83019e+00 | 95 -0.15660  5.61888e+00 | 96 -0.06761  5.45786e+00
 97 -0.02271  3.98729e+00 | 98  0.04274 -1.52622e+01 | 99 -0.05242  4.32556e+00
100  0.02721 -3.08012e-01 |101  0.09271  8.94128e-01 |102 -0.25525  1.04944e+00
103 -0.25556  3.44782e+00 |104 -0.10318 -6.71585e-01 |105  0.14921  6.18248e+00
106 -0.12590 -9.28436e+00 |107  0.18309  1.76700e+00 |108  0.09557 -3.77770e-02
109  0.03836  3.39357e+00 |110  0.02702 -1.24240e+00 |111  0.21229 -3.09801e+00
112 -0.08539  6.52313e+00 |113  0.33566  2.06376e+01 |114 -0.03240 -1.84673e+01
115  0.15502  1.29625e+01 |116 -0.09630 -1.44197e+01 |117 -0.18476  8.86908e-01
118 -0.38209  5.43110e-01 |119  0.25165  6.21486e-01 |120 -0.00252 -2.38575e+00
121 -0.00449 -1.41692e+00 |122 -0.14422 -2.27153e+00 |123 -0.00546 -6.85875e+00
124  0.00052  1.10274e+01 |125 -0.06919  2.43434e+00 |126  0.44419  4.05036e-02
127 -0.15757  1.08531e+00 |128  0.06193 -2.51036e+00 |129 -0.18982  2.26030e+00
130  0.89392  1.73967e-02 |
130 variables; iteration 80; function evaluation 90; phase 4
Function value 2.3299986e+03; maximum gradient component mag 5.4548e+01
Var    Value     Gradient |Var    Value     Gradient |Var    Value     Gradient
  1 -0.21625 -4.48115e+01 |  2  0.02414 -1.81035e+00 |  3 -0.06623  4.78211e-01
  4  0.00183  4.59463e+00 |  5 -0.41426  2.92802e-01 |  6  0.03103 -2.89422e+00
  7  0.08395 -1.47315e+01 |  8 -0.07234 -4.08712e+00 |  9  0.18255  7.12346e-01
 10 -0.09037  6.29390e-02 | 11 -0.08787  5.45478e+01 | 12  0.00561  9.46433e-02
 13  0.00634  1.09539e-01 | 14  0.00717  1.27080e-01 | 15  0.00811  1.47849e-01
 16  0.00919  1.72498e-01 | 17  0.01043  2.01646e-01 | 18  0.01186  2.35685e-01
 19  0.01352  2.74615e-01 | 20  0.01540  3.18090e-01 | 21  0.01752  3.63864e-01
 22  0.01978  4.08900e-01 | 23  0.02215  4.48208e-01 | 24  0.02457  4.77689e-01
 25  0.02694  4.94205e-01 | 26  0.02914  5.02466e-01 | 27  0.03105  5.17112e-01
 28  0.03262  5.54201e-01 | 29  0.03330  6.02338e-01 | 30  0.03159  5.93681e-01
 31  0.02893  6.29963e-01 | 32  0.03038  1.05490e+00 | 33  0.03371  1.65649e+00
 34  0.03573  2.06644e+00 | 35  0.03950  2.38014e+00 | 36  0.04427  2.56740e+00
 37  0.04312  2.51527e+00 | 38  0.04209  3.40940e+00 | 39  0.02026  3.72090e+00
 40  0.00040  4.32405e+00 | 41 -0.01539  4.37509e+00 | 42 -0.01767  4.28319e+00
 43 -0.00010  4.23741e+00 | 44  0.02929  3.15616e+00 | 45  0.03742  1.46612e+00
 46  0.03942  8.80166e-02 | 47  0.06843 -1.97262e+00 | 48  0.02940  1.74531e+00
 49  0.00423  4.37031e+00 | 50  0.04085  6.54760e+00 | 51  0.03091  9.36228e+00
 52  0.10577  6.85135e+00 | 53 -0.01744  7.94592e+00 | 54 -0.04022  9.71867e+00
 55 -0.04325  1.01397e+01 | 56  0.07126  6.45545e+00 | 57 -0.02454  1.22364e+01
 58 -0.08642  1.47217e+01 | 59 -0.13492  1.29590e+01 | 60 -0.14934 -2.06428e+00
 61  0.18038  1.64862e+01 | 62 -0.13291 -7.65954e-02 | 63  0.02035 -2.10468e+00
 64  0.00117 -2.69451e+00 | 65  0.03277 -1.40230e+00 | 66  0.03567 -5.87681e+00
 67 -0.02753 -2.05011e+00 | 68  0.01956 -2.08199e+00 | 69 -0.10096  1.45694e+00
 70  0.03169  4.63817e+00 | 71 -0.08928  3.87645e+00 | 72 -0.04604  4.59019e+00
 73 -0.10987  5.58124e+00 | 74 -0.09462  2.83612e+00 | 75 -0.18806 -1.58031e+01
 76  0.26854 -1.24020e+01 | 77 -0.21891 -1.24690e+01 | 78  0.01715  9.46634e-01
 79 -0.06035  4.11628e+00 | 80  0.08062  4.61063e+00 | 81 -0.07752  6.23249e+00
 82 -0.18398  9.14599e+00 | 83 -0.21903  9.55583e+00 | 84 -0.07917  3.65897e+00
 85 -0.10149  2.10022e+00 | 86  0.08479 -6.74398e+00 | 87  0.15028  2.59633e+00
 88 -0.01308 -7.07260e+00 | 89  0.03807 -1.20041e+01 | 90  0.18474  3.25995e+00
 91 -0.07395 -1.91756e+00 | 92  0.01504 -3.87024e+00 | 93  0.04929 -1.54123e-01
 94 -0.02988  2.01889e+00 | 95 -0.15801  3.48611e+00 | 96 -0.06819  2.08674e+00
 97 -0.02188  6.92438e-02 | 98  0.05473  2.20606e+00 | 99 -0.05583 -5.15252e-01
100  0.02868 -1.38263e+00 |101  0.09000 -7.67438e-01 |102 -0.30103  2.76215e-01
103 -0.28700 -7.34967e-02 |104 -0.10349  6.07492e-02 |105  0.13579  4.05481e+00
106 -0.13340 -3.65002e+00 |107  0.06135 -2.41532e-01 |108 -0.02877 -4.72695e-01
109 -0.01343 -1.31425e+01 |110 -0.01951  1.09637e+01 |111  0.16247 -1.04549e+00
112 -0.12401  9.32783e-01 |113  0.32606  9.35638e-01 |114 -0.02833 -8.62072e-01
115  0.10156 -3.86999e+00 |116 -0.12279  2.75918e+00 |117 -0.18284  4.57696e+00
118 -0.38326 -1.77152e+00 |119  0.24154 -6.80173e-01 |120 -0.00591  4.48801e+00
121 -0.00783 -5.85189e-01 |122 -0.13092  2.73009e+00 |123  0.02797  1.05601e+00
124  0.00392 -5.19337e+00 |125 -0.11969 -1.48526e+00 |126  0.41663 -2.25400e+00
127 -0.17183  1.11299e+00 |128  0.06877  1.99140e+00 |129 -0.18660 -2.92557e-01
130  0.84258  1.28789e-01 |
130 variables; iteration 100; function evaluation 114; phase 4
Function value 2.3283441e+03; maximum gradient component mag -3.9039e+01
Var    Value     Gradient |Var    Value     Gradient |Var    Value     Gradient
  1 -0.23881 -3.90386e+01 |  2  0.02663  5.77641e+00 |  3 -0.06456  5.66112e+00
  4  0.00103  2.34569e+00 |  5 -0.41429  2.24213e+00 |  6  0.04959 -4.67505e+00
  7  0.08383  5.54007e+00 |  8 -0.06250  3.18651e+00 |  9  0.17928 -8.82735e-01
 10 -0.08946 -1.44700e-01 | 11 -0.11037  3.60494e+01 | 12  0.00449 -1.88625e-02
 13  0.00484 -3.67936e-02 | 14  0.00513 -6.49173e-02 | 15  0.00532 -1.06287e-01
 16  0.00538 -1.63482e-01 | 17  0.00533 -2.36769e-01 | 18  0.00523 -3.21480e-01
 19  0.00524 -4.04283e-01 | 20  0.00568 -4.61394e-01 | 21  0.00708 -4.51032e-01
 22  0.00981 -3.43402e-01 | 23  0.01429 -1.13526e-01 | 24  0.02015  2.02116e-01
 25  0.02602  5.00008e-01 | 26  0.03016  6.68144e-01 | 27  0.03241  7.25371e-01
 28  0.03413  7.81829e-01 | 29  0.03530  8.50813e-01 | 30  0.03394  8.19525e-01
 31  0.03436  9.76409e-01 | 32  0.03962  1.50623e+00 | 33  0.02679  6.87629e-01
 34  0.01645 -1.68156e-01 | 35  0.02886  3.13341e-01 | 36  0.03984  3.23017e-01
 37  0.01876 -1.38015e+00 | 38  0.01938 -9.24574e-01 | 39  0.02135  1.15937e+00
 40 -0.01078  8.97003e-01 | 41 -0.04214 -7.21220e-01 | 42 -0.03119  9.23939e-01
 43 -0.01671  9.01054e-01 | 44  0.02420  2.26634e+00 | 45  0.04228  4.10103e+00
 46  0.05450  7.13843e+00 | 47  0.07347  8.62795e+00 | 48  0.04226  9.76841e+00
 49 -0.00170  4.53887e+00 | 50  0.03337  6.86496e-01 | 51  0.02419  3.59212e+00
 52  0.11004  2.14733e+00 | 53 -0.02035  3.50327e+00 | 54 -0.04456  1.88365e+00
 55 -0.05650  2.68949e+00 | 56  0.07879  1.48806e+01 | 57 -0.02932  7.69206e+00
 58 -0.09090  6.82066e+00 | 59 -0.14882  4.15141e+00 | 60 -0.15414 -5.42475e+00
 61  0.18098 -1.01938e+01 | 62 -0.14035 -3.06404e+00 | 63  0.02021 -2.75689e+00
 64  0.01017  6.40093e+00 | 65  0.03039  2.43771e+00 | 66  0.04258  6.29093e+00
 67 -0.02809  1.44603e+00 | 68  0.02235  1.67238e+00 | 69 -0.10366  5.64089e-01
 70  0.03039  1.07487e-01 | 71 -0.09016  2.15582e+00 | 72 -0.04934  1.22661e+00
 73 -0.11402  3.22832e+00 | 74 -0.10301  5.60360e-01 | 75 -0.13900 -1.00032e+01
 76  0.26913 -1.05571e+01 | 77 -0.17789 -6.54542e+00 | 78  0.01550 -2.56293e+00
 79 -0.05903  3.69138e+00 | 80  0.08262  8.78881e+00 | 81 -0.07942  4.71555e+00
 82 -0.18964  6.53227e+00 | 83 -0.23349  4.00042e+00 | 84 -0.08163  2.61821e+00
 85 -0.10139  2.21174e+00 | 86  0.08742  1.89198e+00 | 87  0.14834 -3.31265e+00
 88 -0.00835 -1.36188e+00 | 89  0.04305 -5.65998e+00 | 90  0.18420 -4.32686e+00
 91 -0.07159 -1.20622e+00 | 92  0.02069  4.08470e+00 | 93  0.05161  3.63805e+00
 94 -0.02972  1.36517e+00 | 95 -0.15892  2.25683e+00 | 96 -0.07075 -2.04883e+00
 97 -0.02340 -4.14318e+00 | 98  0.05436  6.03786e-01 | 99 -0.05383  3.94688e-01
100  0.03938  1.82676e+00 |101  0.10250  1.57102e+00 |102 -0.29893  3.51007e-01
103 -0.28075  8.59577e-01 |104 -0.11664 -2.17077e-01 |105  0.13071  3.72677e+00
106 -0.13766 -6.86286e+00 |107  0.07964 -7.95739e-01 |108  0.02330  8.07536e-01
109 -0.02360  9.04443e+00 |110 -0.03700 -8.04875e+00 |111  0.22311  6.22161e+00
112 -0.08813 -5.93805e+00 |113  0.32501 -2.39851e+00 |114 -0.02780  1.92209e+00
115  0.08526 -5.27143e+00 |116 -0.13159  2.66892e+00 |117 -0.19094 -3.72124e+00
118 -0.39607  2.56165e-02 |119  0.24241  8.75487e-01 |120 -0.01313 -3.10695e+00
121 -0.01490 -1.40473e+00 |122 -0.12938 -1.12659e+00 |123  0.00623 -7.82951e-01
124  0.00133  9.06044e-01 |125 -0.10618  5.51172e-01 |126  0.43462  1.10004e+00
127 -0.16363 -2.10224e+00 |128  0.04420 -1.72690e+00 |129 -0.20903 -2.13270e+00
130  0.66525 -1.29010e-01 |
130 variables; iteration 120; function evaluation 138; phase 4
Function value 2.3273043e+03; maximum gradient component mag -6.7858e+00
Var    Value     Gradient |Var    Value     Gradient |Var    Value     Gradient
  1 -0.24310 -6.78576e+00 |  2  0.02804  1.26441e+00 |  3 -0.06921  2.32251e-01
  4  0.00158  2.43391e+00 |  5 -0.41736  1.76075e-01 |  6  0.05150 -5.81111e-01
  7  0.08189  3.00388e+00 |  8 -0.05428  2.54082e+00 |  9  0.17729  1.05902e+00
 10 -0.08145  5.48585e-01 | 11 -0.12296  3.52281e+00 | 12  0.00946  3.42262e-01
 13  0.00981  3.16517e-01 | 14  0.01016  2.84990e-01 | 15  0.01074  2.66405e-01
 16  0.01195  2.91230e-01 | 17  0.01428  3.95914e-01 | 18  0.01811  6.03862e-01
 19  0.02298  8.71960e-01 | 20  0.02669  1.02578e+00 | 21  0.02582  8.15060e-01
 22  0.02101  3.09270e-01 | 23  0.01750 -9.79621e-02 | 24  0.01853 -1.77623e-01
 25  0.02153 -1.26335e-01 | 26  0.02313 -1.72067e-01 | 27  0.02484 -1.88558e-01
 28  0.02661 -1.66903e-01 | 29  0.02695 -1.86306e-01 | 30  0.02540 -2.50186e-01
 31  0.01879 -5.74543e-01 | 32  0.02522  3.62992e-02 | 33  0.02292  3.59427e-02
 34  0.03122  6.24411e-01 | 35  0.02972  2.54899e-01 | 36  0.04282  5.19932e-01
 37  0.04296  6.88507e-02 | 38  0.04635  6.61010e-01 | 39 -0.00974 -1.63735e+00
 40 -0.01757 -2.84769e-01 | 41 -0.03758 -7.82381e-01 | 42 -0.01954  1.46498e+00
 43 -0.02371 -9.45404e-01 | 44  0.02457  2.54894e-01 | 45  0.04986  1.57059e+00
 46  0.04228  1.97713e+00 | 47  0.08857  2.35530e+00 | 48  0.02279  1.42358e+00
 49 -0.00412  6.59279e-01 | 50  0.05071 -2.62079e-01 | 51  0.00736  2.48685e-01
 52  0.11939  6.31230e-01 | 53 -0.03297 -2.81392e-01 | 54 -0.03810  1.15531e-01
 55 -0.05677 -3.85384e-02 | 56  0.08069  3.72228e+00 | 57 -0.02920  8.50508e-01
 58 -0.09373  5.46611e-01 | 59 -0.15589  2.67475e-01 | 60 -0.13124 -5.11033e-01
 61  0.18410 -3.82690e+00 | 62 -0.13937 -2.86968e+00 | 63  0.02602 -5.07597e-01
 64  0.00726  1.33313e+00 | 65  0.03504  9.66156e-01 | 66  0.04130  1.11619e+00
 67 -0.02566  7.10144e-01 | 68  0.02324  3.48219e-02 | 69 -0.11174 -1.93468e+00
 70  0.03208 -2.79411e-01 | 71 -0.09688 -8.28355e-01 | 72 -0.04853  3.96301e-01
 73 -0.11882  1.33949e+00 | 74 -0.11053 -2.21718e-01 | 75 -0.09358 -1.49308e+00
 76  0.26896 -5.69446e+00 | 77 -0.15196 -1.71989e+00 | 78  0.01712 -5.80575e-01
 79 -0.06167  9.99705e-01 | 80  0.08141  2.54691e+00 | 81 -0.08350  9.86943e-01
 82 -0.20236  7.66743e-01 | 83 -0.24048  2.12367e+00 | 84 -0.08444  1.05309e+00
 85 -0.10514  5.86911e-01 | 86  0.08580  1.12363e+00 | 87  0.14697 -1.72585e+00
 88 -0.00921 -1.84760e-01 | 89  0.04464 -1.00489e+00 | 90  0.18285 -2.01245e+00
 91 -0.07147 -8.47995e-01 | 92  0.01904  1.67628e+00 | 93  0.05060  1.53236e+00
 94 -0.03048  2.09911e-01 | 95 -0.16092  1.44256e+00 | 96 -0.06940 -6.47521e-01
 97 -0.02119 -9.59876e-01 | 98  0.05377 -7.56238e-01 | 99 -0.05648 -7.25678e-01
100  0.03730  1.38345e+00 |101  0.09832  6.53105e-01 |102 -0.31445  8.21424e-02
103 -0.30789 -1.78835e+00 |104 -0.13038 -1.51234e+00 |105  0.14080  2.09485e+00
106 -0.13016 -3.24947e+00 |107  0.08338  9.22682e-03 |108  0.01203  9.30307e-02
109 -0.01846  5.78974e+00 |110 -0.03191 -5.99357e+00 |111  0.18260  1.98601e+00
112 -0.11003 -1.27468e+00 |113  0.33064 -5.08808e-01 |114 -0.02539  7.08259e-01
115  0.10377 -8.50578e-01 |116 -0.12017 -4.43641e-01 |117 -0.18927 -9.39290e-01
118 -0.39289 -3.43684e-01 |119  0.24102  8.75082e-01 |120 -0.01092 -1.65886e+00
121 -0.01084 -8.62479e-02 |122 -0.12929  2.19097e-01 |123  0.00785 -6.43841e-01
124  0.00257  1.11946e+00 |125 -0.10817  5.18116e-01 |126  0.44696  8.38006e-01
127 -0.15658 -4.81695e-01 |128  0.05575  1.19477e+00 |129 -0.19795 -1.84319e+00
130  0.97909  9.97870e-02 |
130 variables; iteration 140; function evaluation 167; phase 4
Function value 2.3270588e+03; maximum gradient component mag 9.0677e+00
Var    Value     Gradient |Var    Value     Gradient |Var    Value     Gradient
  1 -0.24143  9.06767e+00 |  2  0.02580 -7.46100e-01 |  3 -0.06559 -3.09753e-01
  4 -0.00115 -2.08307e-01 |  5 -0.41515 -1.22936e-01 |  6  0.05064  8.68632e-01
  7  0.08431 -9.91611e-01 |  8 -0.06512 -9.28159e-02 |  9  0.18151 -1.01953e-01
 10 -0.09065 -6.03922e-02 | 11 -0.12064 -7.29588e+00 | 12  0.00564 -1.64928e-02
 13  0.00646 -5.75399e-03 | 14  0.00615 -9.55406e-02 | 15  0.00841  1.99994e-02
 16  0.00808 -8.47169e-02 | 17  0.00915 -8.40820e-02 | 18  0.01196  4.17245e-02
 19  0.00960 -2.53205e-01 | 20  0.01297 -1.12348e-01 | 21  0.01662  2.97058e-02
 22  0.01649 -1.24312e-01 | 23  0.02188  1.12913e-01 | 24  0.01915 -2.44566e-01
 25  0.02611  6.51660e-02 | 26  0.02779  5.28362e-03 | 27  0.02903 -6.27282e-02
 28  0.02822 -2.26059e-01 | 29  0.03067 -1.35862e-01 | 30  0.02936 -2.08123e-01
 31  0.02881 -1.58882e-01 | 32  0.02715 -1.29821e-01 | 33  0.02468 -1.91976e-01
 34  0.02407 -2.85391e-01 | 35  0.02799 -3.59756e-01 | 36  0.03870 -3.27257e-01
 37  0.04915 -2.99398e-01 | 38  0.03687 -4.88841e-01 | 39  0.00848 -6.18252e-01
 40 -0.01432 -3.28771e-01 | 41 -0.03123 -4.15294e-01 | 42 -0.03261 -4.81578e-01
 43 -0.01174 -3.94903e-01 | 44  0.03015 -6.73074e-01 | 45  0.04316 -8.21518e-01
 46  0.03004 -8.92793e-01 | 47  0.09506 -9.81005e-01 | 48  0.01466 -9.39042e-01
 49 -0.00719 -7.10397e-01 | 50  0.05480 -7.97065e-01 | 51  0.00239 -8.84443e-01
 52  0.11964 -1.28248e+00 | 53 -0.03303 -6.35509e-01 | 54 -0.03920 -4.55876e-01
 55 -0.05534 -3.96695e-01 | 56  0.07928 -9.59812e-01 | 57 -0.02913 -4.35133e-01
 58 -0.09463 -2.04525e-01 | 59 -0.15692 -1.54441e-01 | 60 -0.13005 -3.47159e-01
 61  0.18363 -2.01634e+00 | 62 -0.12845 -3.02136e-01 | 63  0.02534 -3.87216e-01
 64  0.00610 -3.22962e-01 | 65  0.03472 -2.97667e-01 | 66  0.04097 -2.77950e-01
 67 -0.02629 -1.22892e-01 | 68  0.02233 -9.65854e-02 | 69 -0.10470  4.37118e-02
 70  0.03120  4.67440e-02 | 71 -0.09456  8.16983e-02 | 72 -0.04832  1.15395e-01
 73 -0.12196  1.06236e-01 | 74 -0.10971  7.95124e-02 | 75 -0.08801 -1.04158e-01
 76  0.26940 -7.62083e-01 | 77 -0.14448 -9.86800e-02 | 78  0.01754 -7.09998e-03
 79 -0.06287  1.51960e-02 | 80  0.08103 -3.09251e-02 | 81 -0.08424  1.24316e-01
 82 -0.20344  1.49939e-01 | 83 -0.24504  1.67011e-01 | 84 -0.08469  1.85876e-01
 85 -0.10468  9.89276e-02 | 86  0.08560  4.78729e-03 | 87  0.14758  1.03970e-01
 88 -0.00875 -1.29884e-02 | 89  0.04517  1.05005e-02 | 90  0.18308  6.28661e-02
 91 -0.07095  1.10626e-02 | 92  0.01813  3.61803e-02 | 93  0.05027  4.09895e-02
 94 -0.03003  9.32452e-02 | 95 -0.16496  8.18507e-02 | 96 -0.06803  1.07644e-01
 97 -0.02032  1.07720e-01 | 98  0.05425  2.06944e-02 | 99 -0.05532  1.68909e-02
100  0.03229 -2.32866e-02 |101  0.09310 -4.42705e-02 |102 -0.31793  2.31528e-03
103 -0.29138  2.43278e-02 |104 -0.11502  4.01151e-02 |105  0.14176 -5.53082e-01
106 -0.12871  6.95335e-01 |107  0.08040 -4.45581e-02 |108  0.00696  2.64594e-02
109 -0.01378 -4.86837e-01 |110 -0.02322  4.55447e-01 |111  0.16300  4.25415e-02
112 -0.12268  1.84379e-03 |113  0.33101 -4.07854e-01 |114 -0.02545  2.97701e-01
115  0.11054 -2.58027e-01 |116 -0.11471  3.51264e-01 |117 -0.18674 -7.39788e-02
118 -0.38776 -1.95997e-02 |119  0.23812 -8.07078e-02 |120 -0.00566  1.03558e-02
121 -0.00585  1.78671e-03 |122 -0.13930  1.63484e-02 |123  0.01189 -6.80243e-02
124  0.00367  1.11870e-01 |125 -0.11200 -1.67753e-02 |126  0.43725 -1.24888e-01
127 -0.16148  1.45864e-01 |128  0.06251 -4.82794e-01 |129 -0.19164  3.96375e-01
130  1.34022 -1.33523e-02 |
130 variables; iteration 160; function evaluation 191; phase 4
Function value 2.3270522e+03; maximum gradient component mag -2.2482e-03
Var    Value     Gradient |Var    Value     Gradient |Var    Value     Gradient
  1 -0.24168  1.25681e-03 |  2  0.02599  1.21231e-04 |  3 -0.06561  8.73081e-05
  4 -0.00118  1.31439e-04 |  5 -0.41524 -1.00882e-04 |  6  0.05110 -1.27227e-04
  7  0.08440 -4.03443e-04 |  8 -0.06564  1.01870e-04 |  9  0.18171 -8.99242e-05
 10 -0.09069 -3.47586e-05 | 11 -0.12017 -1.28211e-03 | 12  0.00559  4.36079e-05
 13  0.00625  3.35394e-05 | 14  0.00699  9.74305e-05 | 15  0.00780 -4.28704e-05
 16  0.00871 -9.67524e-06 | 17  0.00974  4.93828e-05 | 18  0.01091 -5.28680e-05
 19  0.01226  3.37714e-04 | 20  0.01376  2.45696e-05 | 21  0.01547  4.97886e-05
 22  0.01730  1.80203e-04 | 23  0.01930 -1.70901e-04 | 24  0.02148  1.70681e-04
 25  0.02381 -4.54933e-05 | 26  0.02615  6.43783e-05 | 27  0.02819  7.44233e-06
 28  0.02974  8.24444e-05 | 29  0.03050  1.03091e-04 | 30  0.03008  7.74327e-05
 31  0.02847  7.24768e-05 | 32  0.02610 -5.35024e-05 | 33  0.02428 -1.03304e-05
 34  0.02467  1.57358e-04 | 35  0.02914  1.11254e-04 | 36  0.03818 -1.23365e-05
 37  0.04611 -9.37683e-05 | 38  0.03728  7.85872e-05 | 39  0.01102  2.18868e-04
 40 -0.01479 -1.77680e-04 | 41 -0.03066  4.90558e-05 | 42 -0.03163  2.77667e-04
 43 -0.01252  7.69707e-05 | 44  0.02927  4.18507e-05 | 45  0.04328 -1.52162e-04
 46  0.03432 -5.43474e-04 | 47  0.09056 -2.12160e-04 | 48  0.01848 -1.69727e-04
 49 -0.00616 -3.40409e-04 | 50  0.05282 -2.00281e-04 | 51  0.00535 -1.28788e-04
 52  0.11855 -6.00557e-04 | 53 -0.03159  9.13221e-06 | 54 -0.03972  1.04338e-04
 55 -0.05526 -4.27255e-05 | 56  0.07899  9.21931e-05 | 57 -0.02920  4.55870e-05
 58 -0.09494  1.33306e-05 | 59 -0.15708  6.64509e-06 | 60 -0.12950 -1.19487e-04
 61  0.18337 -2.24819e-03 | 62 -0.12772 -1.50330e-04 | 63  0.02506 -3.58305e-04
 64  0.00601 -2.13204e-06 | 65  0.03452 -2.18718e-05 | 66  0.04083  9.67103e-06
 67 -0.02639  6.00149e-05 | 68  0.02221 -6.47301e-05 | 69 -0.10500 -8.67178e-05
 70  0.03109 -3.94539e-05 | 71 -0.09479 -5.45240e-05 | 72 -0.04845 -2.85360e-06
 73 -0.12223  7.25350e-05 | 74 -0.10996 -2.13491e-05 | 75 -0.08767  3.76699e-06
 76  0.26933 -7.00056e-04 | 77 -0.14415  1.57677e-04 | 78  0.01740 -1.68644e-04
 79 -0.06298 -4.63420e-06 | 80  0.08096  5.55066e-04 | 81 -0.08440  5.02627e-05
 82 -0.20382  8.71099e-06 | 83 -0.24562 -4.28086e-05 | 84 -0.08491 -1.63339e-05
 85 -0.10484 -6.92697e-05 | 86  0.08555  1.24612e-04 | 87  0.14750  5.02971e-04
 88 -0.00878 -6.09704e-05 | 89  0.04511 -1.09321e-04 | 90  0.18301  6.83885e-05
 91 -0.07101 -1.20534e-04 | 92  0.01804  5.87821e-05 | 93  0.05018  1.49029e-04
 94 -0.03019  4.67165e-05 | 95 -0.16523  9.77013e-05 | 96 -0.06825 -6.44754e-05
 97 -0.02049 -3.12597e-05 | 98  0.05416  3.15947e-05 | 99 -0.05539 -3.05875e-05
100  0.03239  2.04174e-04 |101  0.09335 -6.21777e-05 |102 -0.31798 -2.39734e-06
103 -0.29148  3.66832e-06 |104 -0.11565 -6.25927e-05 |105  0.14100 -2.14002e-04
106 -0.12924  1.92168e-04 |107  0.07997 -2.28761e-05 |108  0.00665 -4.12120e-05
109 -0.01499 -1.65696e-04 |110 -0.02457  1.19684e-04 |111  0.16189 -1.87081e-04
112 -0.12345  2.88800e-04 |113  0.33076 -4.08303e-04 |114 -0.02552  2.94543e-04
115  0.10934 -4.23450e-04 |116 -0.11552  4.61782e-04 |117 -0.18668  5.31404e-05
118 -0.38763 -1.33989e-04 |119  0.23795  6.39972e-05 |120 -0.00566 -9.59931e-05
121 -0.00587 -3.89382e-05 |122 -0.13942  6.03760e-05 |123  0.01166 -5.59199e-05
124  0.00357 -1.66120e-04 |125 -0.11199  3.68062e-04 |126  0.43724  4.51991e-06
127 -0.16141 -1.10878e-04 |128  0.06340  1.98552e-04 |129 -0.19109 -2.19380e-04
130  1.36068  6.68677e-05 |
  ic > imax  in fminim is answer attained ?
Var    Value     Gradient |Var    Value     Gradient |Var    Value     Gradient
  1 -0.24168 -8.06510e-04 |  2  0.02599  1.09483e-05 |  3 -0.06561 -1.47683e-06
  4 -0.00118  2.62176e-05 |  5 -0.41524 -2.16313e-05 |  6  0.05110 -1.20270e-04
  7  0.08440 -2.49065e-06 |  8 -0.06564  2.28931e-05 |  9  0.18171  2.04015e-05
 10 -0.09069 -1.18294e-05 | 11 -0.12017  6.23353e-04 | 12  0.00559 -8.09089e-06
 13  0.00625 -6.59521e-06 | 14  0.00699  4.11472e-06 | 15  0.00780  2.06280e-05
 16  0.00872  2.03146e-05 | 17  0.00974  6.77828e-06 | 18  0.01092 -4.03861e-06
 19  0.01225  2.63796e-06 | 20  0.01376  3.00011e-05 | 21  0.01547 -6.26892e-06
 22  0.01730 -2.68211e-05 | 23  0.01930  2.41106e-05 | 24  0.02148  1.47787e-05
 25  0.02381  7.17936e-06 | 26  0.02615  3.98772e-06 | 27  0.02819  1.89952e-06
 28  0.02974  3.68236e-06 | 29  0.03050  6.63536e-06 | 30  0.03008  1.02997e-05
 31  0.02847  1.57484e-05 | 32  0.02610  2.38580e-05 | 33  0.02428  2.38120e-05
 34  0.02467  2.42039e-05 | 35  0.02914  3.70349e-05 | 36  0.03818  3.00098e-05
 37  0.04611  1.76245e-05 | 38  0.03728  2.80144e-05 | 39  0.01102  1.62903e-05
 40 -0.01479  3.24596e-05 | 41 -0.03066  3.05256e-05 | 42 -0.03163  4.87957e-05
 43 -0.01252  5.65648e-05 | 44  0.02927  6.07021e-05 | 45  0.04328  4.36307e-05
 46  0.03433  2.67313e-05 | 47  0.09056  1.76699e-04 | 48  0.01848  1.49586e-04
 49 -0.00616  3.55874e-05 | 50  0.05282  1.15013e-04 | 51  0.00535  8.51241e-05
 52  0.11855  1.46234e-04 | 53 -0.03159 -1.69342e-05 | 54 -0.03972  3.38435e-05
 55 -0.05526 -4.79878e-05 | 56  0.07899  9.34120e-05 | 57 -0.02920  1.99919e-05
 58 -0.09494  1.33700e-05 | 59 -0.15708  7.27131e-06 | 60 -0.12949  9.75596e-06
 61  0.18337  1.69714e-04 | 62 -0.12772  2.03084e-06 | 63  0.02506  6.40886e-05
 64  0.00601  4.89436e-05 | 65  0.03452  7.61587e-05 | 66  0.04083  7.36809e-05
 67 -0.02639  4.12059e-05 | 68  0.02221  3.73290e-05 | 69 -0.10500 -5.44745e-06
 70  0.03109 -1.40695e-06 | 71 -0.09479 -6.70485e-06 | 72 -0.04845  2.38887e-07
 73 -0.12223 -5.67815e-06 | 74 -0.10996 -2.47472e-05 | 75 -0.08767 -4.18096e-05
 76  0.26933  9.18148e-05 | 77 -0.14415  1.48783e-05 | 78  0.01740  7.98617e-06
 79 -0.06298  9.56248e-06 | 80  0.08096  6.49415e-05 | 81 -0.08440 -1.30187e-05
 82 -0.20382  6.81762e-06 | 83 -0.24562  2.05346e-06 | 84 -0.08491 -1.98839e-05
 85 -0.10484 -5.95154e-06 | 86  0.08555 -2.85216e-05 | 87  0.14750  5.45712e-05
 88 -0.00878 -6.43157e-06 | 89  0.04511 -1.66064e-05 | 90  0.18301 -8.44506e-05
 91 -0.07101 -1.17795e-05 | 92  0.01804  6.30718e-07 | 93  0.05018 -1.02672e-05
 94 -0.03019  6.12499e-07 | 95 -0.16523  9.87280e-06 | 96 -0.06825 -2.31027e-06
 97 -0.02049 -1.41192e-05 | 98  0.05416 -2.60002e-05 | 99 -0.05539 -2.42590e-06
100  0.03239  2.38567e-05 |101  0.09335 -9.77314e-06 |102 -0.31798 -3.41249e-06
103 -0.29148 -6.78058e-06 |104 -0.11564  5.00757e-06 |105  0.14100 -7.86841e-05
106 -0.12924  1.40981e-04 |107  0.07997 -8.03499e-07 |108  0.00665  4.11562e-06
109 -0.01499  4.21382e-05 |110 -0.02457 -8.77203e-06 |111  0.16189  1.42057e-05
112 -0.12345 -5.08835e-05 |113  0.33077  5.91423e-05 |114 -0.02552 -3.16522e-05
115  0.10934  3.42796e-05 |116 -0.11552 -1.50087e-05 |117 -0.18668  2.87534e-05
118 -0.38763 -1.18228e-05 |119  0.23795  3.39188e-06 |120 -0.00566 -2.24729e-06
121 -0.00587  4.55275e-06 |122 -0.13942 -7.76677e-07 |123  0.01166  2.06137e-05
124  0.00357 -2.71854e-05 |125 -0.11200  5.35096e-05 |126  0.43724  2.55114e-05
127 -0.16141 -2.63294e-05 |128  0.06340 -9.56671e-05 |129 -0.19110  4.33028e-05
130  1.36064  1.14824e-06 |
Function minimizer not making progress ... is minimum attained?
Minimprove criterion = 0.0000e+00

 - final statistics:
130 variables; iteration 163; function evaluation 223
Function value 2.3271e+03; maximum gradient component mag -8.0651e-04
Exit code = 1;  converg criter 1.0000e-04
Var    Value     Gradient |Var    Value     Gradient |Var    Value     Gradient
  1 -0.24168 -8.06510e-04 |  2  0.02599  1.09483e-05 |  3 -0.06561 -1.47683e-06
  4 -0.00118  2.62176e-05 |  5 -0.41524 -2.16313e-05 |  6  0.05110 -1.20270e-04
  7  0.08440 -2.49065e-06 |  8 -0.06564  2.28931e-05 |  9  0.18171  2.04015e-05
 10 -0.09069 -1.18294e-05 | 11 -0.12017  6.23353e-04 | 12  0.00559 -8.09089e-06
 13  0.00625 -6.59521e-06 | 14  0.00699  4.11472e-06 | 15  0.00780  2.06280e-05
 16  0.00872  2.03146e-05 | 17  0.00974  6.77828e-06 | 18  0.01092 -4.03861e-06
 19  0.01225  2.63796e-06 | 20  0.01376  3.00011e-05 | 21  0.01547 -6.26892e-06
 22  0.01730 -2.68211e-05 | 23  0.01930  2.41106e-05 | 24  0.02148  1.47787e-05
 25  0.02381  7.17936e-06 | 26  0.02615  3.98772e-06 | 27  0.02819  1.89952e-06
 28  0.02974  3.68236e-06 | 29  0.03050  6.63536e-06 | 30  0.03008  1.02997e-05
 31  0.02847  1.57484e-05 | 32  0.02610  2.38580e-05 | 33  0.02428  2.38120e-05
 34  0.02467  2.42039e-05 | 35  0.02914  3.70349e-05 | 36  0.03818  3.00098e-05
 37  0.04611  1.76245e-05 | 38  0.03728  2.80144e-05 | 39  0.01102  1.62903e-05
 40 -0.01479  3.24596e-05 | 41 -0.03066  3.05256e-05 | 42 -0.03163  4.87957e-05
 43 -0.01252  5.65648e-05 | 44  0.02927  6.07021e-05 | 45  0.04328  4.36307e-05
 46  0.03433  2.67313e-05 | 47  0.09056  1.76699e-04 | 48  0.01848  1.49586e-04
 49 -0.00616  3.55874e-05 | 50  0.05282  1.15013e-04 | 51  0.00535  8.51241e-05
 52  0.11855  1.46234e-04 | 53 -0.03159 -1.69342e-05 | 54 -0.03972  3.38435e-05
 55 -0.05526 -4.79878e-05 | 56  0.07899  9.34120e-05 | 57 -0.02920  1.99919e-05
 58 -0.09494  1.33700e-05 | 59 -0.15708  7.27131e-06 | 60 -0.12949  9.75596e-06
 61  0.18337  1.69714e-04 | 62 -0.12772  2.03084e-06 | 63  0.02506  6.40886e-05
 64  0.00601  4.89436e-05 | 65  0.03452  7.61587e-05 | 66  0.04083  7.36809e-05
 67 -0.02639  4.12059e-05 | 68  0.02221  3.73290e-05 | 69 -0.10500 -5.44745e-06
 70  0.03109 -1.40695e-06 | 71 -0.09479 -6.70485e-06 | 72 -0.04845  2.38887e-07
 73 -0.12223 -5.67815e-06 | 74 -0.10996 -2.47472e-05 | 75 -0.08767 -4.18096e-05
 76  0.26933  9.18148e-05 | 77 -0.14415  1.48783e-05 | 78  0.01740  7.98617e-06
 79 -0.06298  9.56248e-06 | 80  0.08096  6.49415e-05 | 81 -0.08440 -1.30187e-05
 82 -0.20382  6.81762e-06 | 83 -0.24562  2.05346e-06 | 84 -0.08491 -1.98839e-05
 85 -0.10484 -5.95154e-06 | 86  0.08555 -2.85216e-05 | 87  0.14750  5.45712e-05
 88 -0.00878 -6.43157e-06 | 89  0.04511 -1.66064e-05 | 90  0.18301 -8.44506e-05
 91 -0.07101 -1.17795e-05 | 92  0.01804  6.30718e-07 | 93  0.05018 -1.02672e-05
 94 -0.03019  6.12499e-07 | 95 -0.16523  9.87280e-06 | 96 -0.06825 -2.31027e-06
 97 -0.02049 -1.41192e-05 | 98  0.05416 -2.60002e-05 | 99 -0.05539 -2.42590e-06
100  0.03239  2.38567e-05 |101  0.09335 -9.77314e-06 |102 -0.31798 -3.41249e-06
103 -0.29148 -6.78058e-06 |104 -0.11564  5.00757e-06 |105  0.14100 -7.86841e-05
106 -0.12924  1.40981e-04 |107  0.07997 -8.03499e-07 |108  0.00665  4.11562e-06
109 -0.01499  4.21382e-05 |110 -0.02457 -8.77203e-06 |111  0.16189  1.42057e-05
112 -0.12345 -5.08835e-05 |113  0.33077  5.91423e-05 |114 -0.02552 -3.16522e-05
115  0.10934  3.42796e-05 |116 -0.11552 -1.50087e-05 |117 -0.18668  2.87534e-05
118 -0.38763 -1.18228e-05 |119  0.23795  3.39188e-06 |120 -0.00566 -2.24729e-06
121 -0.00587  4.55275e-06 |122 -0.13942 -7.76677e-07 |123  0.01166  2.06137e-05
124  0.00357 -2.71854e-05 |125 -0.11200  5.35096e-05 |126  0.43724  2.55114e-05
127 -0.16141 -2.63294e-05 |128  0.06340 -9.56671e-05 |129 -0.19110  4.33028e-05
130  1.36064  1.14824e-06 |

Initial statistics: 142 variables; iteration 0; function evaluation 0; phase 5
Function value 2.3270522e+03; maximum gradient component mag -8.0651e-04
Var    Value     Gradient |Var    Value     Gradient |Var    Value     Gradient
  1 -0.24168 -8.06508e-04 |  2  0.02599  1.09483e-05 |  3 -0.06561 -1.47683e-06
  4 -0.00118  2.62175e-05 |  5 -0.41524 -2.16313e-05 |  6  0.05110 -1.20270e-04
  7  0.08440 -2.49078e-06 |  8 -0.06564  2.28930e-05 |  9  0.18171  2.04014e-05
 10 -0.09069 -1.18295e-05 | 11 -0.12017  6.23352e-04 | 12  0.00559 -8.09087e-06
 13  0.00625 -6.59519e-06 | 14  0.00699  4.11471e-06 | 15  0.00780  2.06280e-05
 16  0.00872  2.03146e-05 | 17  0.00974  6.77827e-06 | 18  0.01092 -4.03858e-06
 19  0.01225  2.63796e-06 | 20  0.01376  3.00010e-05 | 21  0.01547 -6.26890e-06
 22  0.01730 -2.68211e-05 | 23  0.01930  2.41105e-05 | 24  0.02148  1.47787e-05
 25  0.02381  7.17935e-06 | 26  0.02615  3.98772e-06 | 27  0.02819  1.89952e-06
 28  0.02974  3.68235e-06 | 29  0.03050  6.63534e-06 | 30  0.03008  1.02997e-05
 31  0.02847  1.57484e-05 | 32  0.02610  2.38580e-05 | 33  0.02428  2.38120e-05
 34  0.02467  2.42039e-05 | 35  0.02914  3.70348e-05 | 36  0.03818  3.00097e-05
 37  0.04611  1.76244e-05 | 38  0.03728  2.80143e-05 | 39  0.01102  1.62902e-05
 40 -0.01479  3.24595e-05 | 41 -0.03066  3.05255e-05 | 42 -0.03163  4.87956e-05
 43 -0.01252  5.65647e-05 | 44  0.02927  6.07020e-05 | 45  0.04328  4.36306e-05
 46  0.03433  2.67312e-05 | 47  0.09056  1.76698e-04 | 48  0.01848  1.49586e-04
 49 -0.00616  3.55873e-05 | 50  0.05282  1.15013e-04 | 51  0.00535  8.51239e-05
 52  0.11855  1.46233e-04 | 53 -0.03159 -1.69342e-05 | 54 -0.03972  3.38434e-05
 55 -0.05526 -4.79878e-05 | 56  0.07899  9.34118e-05 | 57 -0.02920  1.99919e-05
 58 -0.09494  1.33700e-05 | 59 -0.15708  7.27128e-06 | 60 -0.12949  9.75594e-06
 61  0.18337  1.69713e-04 | 62 -0.12772  2.03081e-06 | 63  0.02506  6.40884e-05
 64  0.00601  4.89434e-05 | 65  0.03452  7.61585e-05 | 66  0.04083  7.36807e-05
 67 -0.02639  4.12058e-05 | 68  0.02221  3.73289e-05 | 69 -0.10500 -5.44745e-06
 70  0.03109 -1.40693e-06 | 71 -0.09479 -6.70485e-06 | 72 -0.04845  2.38881e-07
 73 -0.12223 -5.67814e-06 | 74 -0.10996 -2.47472e-05 | 75 -0.08767 -4.18095e-05
 76  0.26933  9.18144e-05 | 77 -0.14415  1.48783e-05 | 78  0.01740  7.98615e-06
 79 -0.06298  9.56246e-06 | 80  0.08096  6.49414e-05 | 81 -0.08440 -1.30187e-05
 82 -0.20382  6.81760e-06 | 83 -0.24562  2.05345e-06 | 84 -0.08491 -1.98839e-05
 85 -0.10484 -5.95153e-06 | 86  0.08555 -2.85215e-05 | 87  0.14750  5.45710e-05
 88 -0.00878 -6.43154e-06 | 89  0.04511 -1.66064e-05 | 90  0.18301 -8.44504e-05
 91 -0.07101 -1.17794e-05 | 92  0.01804  6.30734e-07 | 93  0.05018 -1.02671e-05
 94 -0.03019  6.12506e-07 | 95 -0.16523  9.87279e-06 | 96 -0.06825 -2.31028e-06
 97 -0.02049 -1.41192e-05 | 98  0.05416 -2.60001e-05 | 99 -0.05539 -2.42591e-06
100  0.03239  2.38566e-05 |101  0.09335 -9.77311e-06 |102  0.00000  0.00000e+00
103  0.00000  0.00000e+00 |104  0.00000  0.00000e+00 |105  0.00000  0.00000e+00
106  0.00000  0.00000e+00 |107  0.00000  0.00000e+00 |108  0.00000  0.00000e+00
109  0.00000  0.00000e+00 |110  0.00000  0.00000e+00 |111  0.00000  0.00000e+00
112  0.00000  0.00000e+00 |113  0.00000  0.00000e+00 |114 -0.31798 -3.41248e-06
115 -0.29148 -6.78058e-06 |116 -0.11564  5.00754e-06 |117  0.14100 -7.86840e-05
118 -0.12924  1.40980e-04 |119  0.07997 -8.03492e-07 |120  0.00665  4.11561e-06
121 -0.01499  4.21382e-05 |122 -0.02457 -8.77203e-06 |123  0.16189  1.42057e-05
124 -0.12345 -5.08834e-05 |125  0.33077  5.91421e-05 |126 -0.02552 -3.16521e-05
127  0.10934  3.42795e-05 |128 -0.11552 -1.50087e-05 |129 -0.18668  2.87533e-05
130 -0.38763 -1.18228e-05 |131  0.23795  3.39188e-06 |132 -0.00566 -2.24732e-06
133 -0.00587  4.55273e-06 |134 -0.13942 -7.76679e-07 |135  0.01166  2.06137e-05
136  0.00357 -2.71853e-05 |137 -0.11200  5.35095e-05 |138  0.43724  2.55113e-05
139 -0.16141 -2.63293e-05 |140  0.06340 -9.56669e-05 |141 -0.19110  4.33026e-05
142  0.63936 -1.14823e-06 |
  ic > imax  in fminim is answer attained ?
Var    Value     Gradient |Var    Value     Gradient |Var    Value     Gradient
  1 -0.24168 -8.06508e-04 |  2  0.02599  1.09483e-05 |  3 -0.06561 -1.47683e-06
  4 -0.00118  2.62175e-05 |  5 -0.41524 -2.16313e-05 |  6  0.05110 -1.20270e-04
  7  0.08440 -2.49078e-06 |  8 -0.06564  2.28930e-05 |  9  0.18171  2.04014e-05
 10 -0.09069 -1.18295e-05 | 11 -0.12017  6.23352e-04 | 12  0.00559 -8.09087e-06
 13  0.00625 -6.59519e-06 | 14  0.00699  4.11471e-06 | 15  0.00780  2.06280e-05
 16  0.00872  2.03146e-05 | 17  0.00974  6.77827e-06 | 18  0.01092 -4.03858e-06
 19  0.01225  2.63796e-06 | 20  0.01376  3.00010e-05 | 21  0.01547 -6.26890e-06
 22  0.01730 -2.68211e-05 | 23  0.01930  2.41105e-05 | 24  0.02148  1.47787e-05
 25  0.02381  7.17935e-06 | 26  0.02615  3.98772e-06 | 27  0.02819  1.89952e-06
 28  0.02974  3.68235e-06 | 29  0.03050  6.63534e-06 | 30  0.03008  1.02997e-05
 31  0.02847  1.57484e-05 | 32  0.02610  2.38580e-05 | 33  0.02428  2.38120e-05
 34  0.02467  2.42039e-05 | 35  0.02914  3.70348e-05 | 36  0.03818  3.00097e-05
 37  0.04611  1.76244e-05 | 38  0.03728  2.80143e-05 | 39  0.01102  1.62902e-05
 40 -0.01479  3.24595e-05 | 41 -0.03066  3.05255e-05 | 42 -0.03163  4.87956e-05
 43 -0.01252  5.65647e-05 | 44  0.02927  6.07020e-05 | 45  0.04328  4.36306e-05
 46  0.03433  2.67312e-05 | 47  0.09056  1.76698e-04 | 48  0.01848  1.49586e-04
 49 -0.00616  3.55873e-05 | 50  0.05282  1.15013e-04 | 51  0.00535  8.51239e-05
 52  0.11855  1.46233e-04 | 53 -0.03159 -1.69342e-05 | 54 -0.03972  3.38434e-05
 55 -0.05526 -4.79878e-05 | 56  0.07899  9.34118e-05 | 57 -0.02920  1.99919e-05
 58 -0.09494  1.33700e-05 | 59 -0.15708  7.27128e-06 | 60 -0.12949  9.75594e-06
 61  0.18337  1.69713e-04 | 62 -0.12772  2.03081e-06 | 63  0.02506  6.40884e-05
 64  0.00601  4.89434e-05 | 65  0.03452  7.61585e-05 | 66  0.04083  7.36807e-05
 67 -0.02639  4.12058e-05 | 68  0.02221  3.73289e-05 | 69 -0.10500 -5.44745e-06
 70  0.03109 -1.40693e-06 | 71 -0.09479 -6.70485e-06 | 72 -0.04845  2.38881e-07
 73 -0.12223 -5.67814e-06 | 74 -0.10996 -2.47472e-05 | 75 -0.08767 -4.18095e-05
 76  0.26933  9.18144e-05 | 77 -0.14415  1.48783e-05 | 78  0.01740  7.98615e-06
 79 -0.06298  9.56246e-06 | 80  0.08096  6.49414e-05 | 81 -0.08440 -1.30187e-05
 82 -0.20382  6.81760e-06 | 83 -0.24562  2.05345e-06 | 84 -0.08491 -1.98839e-05
 85 -0.10484 -5.95153e-06 | 86  0.08555 -2.85215e-05 | 87  0.14750  5.45710e-05
 88 -0.00878 -6.43154e-06 | 89  0.04511 -1.66064e-05 | 90  0.18301 -8.44504e-05
 91 -0.07101 -1.17794e-05 | 92  0.01804  6.30734e-07 | 93  0.05018 -1.02671e-05
 94 -0.03019  6.12506e-07 | 95 -0.16523  9.87279e-06 | 96 -0.06825 -2.31028e-06
 97 -0.02049 -1.41192e-05 | 98  0.05416 -2.60001e-05 | 99 -0.05539 -2.42591e-06
100  0.03239  2.38566e-05 |101  0.09335 -9.77311e-06 |102  0.00000  0.00000e+00
103  0.00000  0.00000e+00 |104  0.00000  0.00000e+00 |105  0.00000  0.00000e+00
106  0.00000  0.00000e+00 |107  0.00000  0.00000e+00 |108  0.00000  0.00000e+00
109  0.00000  0.00000e+00 |110  0.00000  0.00000e+00 |111  0.00000  0.00000e+00
112  0.00000  0.00000e+00 |113  0.00000  0.00000e+00 |114 -0.31798 -3.41248e-06
115 -0.29148 -6.78058e-06 |116 -0.11564  5.00754e-06 |117  0.14100 -7.86840e-05
118 -0.12924  1.40980e-04 |119  0.07997 -8.03492e-07 |120  0.00665  4.11561e-06
121 -0.01499  4.21382e-05 |122 -0.02457 -8.77203e-06 |123  0.16189  1.42057e-05
124 -0.12345 -5.08834e-05 |125  0.33077  5.91421e-05 |126 -0.02552 -3.16521e-05
127  0.10934  3.42795e-05 |128 -0.11552 -1.50087e-05 |129 -0.18668  2.87533e-05
130 -0.38763 -1.18228e-05 |131  0.23795  3.39188e-06 |132 -0.00566 -2.24732e-06
133 -0.00587  4.55273e-06 |134 -0.13942 -7.76679e-07 |135  0.01166  2.06137e-05
136  0.00357 -2.71853e-05 |137 -0.11200  5.35095e-05 |138  0.43724  2.55113e-05
139 -0.16141 -2.63293e-05 |140  0.06340 -9.56669e-05 |141 -0.19110  4.33026e-05
142  0.63936 -1.14823e-06 |
Function minimizer not making progress ... is minimum attained?
Minimprove criterion = 0.0000e+00

 - final statistics:
142 variables; iteration 1; function evaluation 30
Function value 2.3271e+03; maximum gradient component mag -8.0651e-04
Exit code = 1;  converg criter 1.0000e-04
Var    Value     Gradient |Var    Value     Gradient |Var    Value     Gradient
  1 -0.24168 -8.06508e-04 |  2  0.02599  1.09483e-05 |  3 -0.06561 -1.47683e-06
  4 -0.00118  2.62175e-05 |  5 -0.41524 -2.16313e-05 |  6  0.05110 -1.20270e-04
  7  0.08440 -2.49078e-06 |  8 -0.06564  2.28930e-05 |  9  0.18171  2.04014e-05
 10 -0.09069 -1.18295e-05 | 11 -0.12017  6.23352e-04 | 12  0.00559 -8.09087e-06
 13  0.00625 -6.59519e-06 | 14  0.00699  4.11471e-06 | 15  0.00780  2.06280e-05
 16  0.00872  2.03146e-05 | 17  0.00974  6.77827e-06 | 18  0.01092 -4.03858e-06
 19  0.01225  2.63796e-06 | 20  0.01376  3.00010e-05 | 21  0.01547 -6.26890e-06
 22  0.01730 -2.68211e-05 | 23  0.01930  2.41105e-05 | 24  0.02148  1.47787e-05
 25  0.02381  7.17935e-06 | 26  0.02615  3.98772e-06 | 27  0.02819  1.89952e-06
 28  0.02974  3.68235e-06 | 29  0.03050  6.63534e-06 | 30  0.03008  1.02997e-05
 31  0.02847  1.57484e-05 | 32  0.02610  2.38580e-05 | 33  0.02428  2.38120e-05
 34  0.02467  2.42039e-05 | 35  0.02914  3.70348e-05 | 36  0.03818  3.00097e-05
 37  0.04611  1.76244e-05 | 38  0.03728  2.80143e-05 | 39  0.01102  1.62902e-05
 40 -0.01479  3.24595e-05 | 41 -0.03066  3.05255e-05 | 42 -0.03163  4.87956e-05
 43 -0.01252  5.65647e-05 | 44  0.02927  6.07020e-05 | 45  0.04328  4.36306e-05
 46  0.03433  2.67312e-05 | 47  0.09056  1.76698e-04 | 48  0.01848  1.49586e-04
 49 -0.00616  3.55873e-05 | 50  0.05282  1.15013e-04 | 51  0.00535  8.51239e-05
 52  0.11855  1.46233e-04 | 53 -0.03159 -1.69342e-05 | 54 -0.03972  3.38434e-05
 55 -0.05526 -4.79878e-05 | 56  0.07899  9.34118e-05 | 57 -0.02920  1.99919e-05
 58 -0.09494  1.33700e-05 | 59 -0.15708  7.27128e-06 | 60 -0.12949  9.75594e-06
 61  0.18337  1.69713e-04 | 62 -0.12772  2.03081e-06 | 63  0.02506  6.40884e-05
 64  0.00601  4.89434e-05 | 65  0.03452  7.61585e-05 | 66  0.04083  7.36807e-05
 67 -0.02639  4.12058e-05 | 68  0.02221  3.73289e-05 | 69 -0.10500 -5.44745e-06
 70  0.03109 -1.40693e-06 | 71 -0.09479 -6.70485e-06 | 72 -0.04845  2.38881e-07
 73 -0.12223 -5.67814e-06 | 74 -0.10996 -2.47472e-05 | 75 -0.08767 -4.18095e-05
 76  0.26933  9.18144e-05 | 77 -0.14415  1.48783e-05 | 78  0.01740  7.98615e-06
 79 -0.06298  9.56246e-06 | 80  0.08096  6.49414e-05 | 81 -0.08440 -1.30187e-05
 82 -0.20382  6.81760e-06 | 83 -0.24562  2.05345e-06 | 84 -0.08491 -1.98839e-05
 85 -0.10484 -5.95153e-06 | 86  0.08555 -2.85215e-05 | 87  0.14750  5.45710e-05
 88 -0.00878 -6.43154e-06 | 89  0.04511 -1.66064e-05 | 90  0.18301 -8.44504e-05
 91 -0.07101 -1.17794e-05 | 92  0.01804  6.30734e-07 | 93  0.05018 -1.02671e-05
 94 -0.03019  6.12506e-07 | 95 -0.16523  9.87279e-06 | 96 -0.06825 -2.31028e-06
 97 -0.02049 -1.41192e-05 | 98  0.05416 -2.60001e-05 | 99 -0.05539 -2.42591e-06
100  0.03239  2.38566e-05 |101  0.09335 -9.77311e-06 |102  0.00000  0.00000e+00
103  0.00000  0.00000e+00 |104  0.00000  0.00000e+00 |105  0.00000  0.00000e+00
106  0.00000  0.00000e+00 |107  0.00000  0.00000e+00 |108  0.00000  0.00000e+00
109  0.00000  0.00000e+00 |110  0.00000  0.00000e+00 |111  0.00000  0.00000e+00
112  0.00000  0.00000e+00 |113  0.00000  0.00000e+00 |114 -0.31798 -3.41248e-06
115 -0.29148 -6.78058e-06 |116 -0.11564  5.00754e-06 |117  0.14100 -7.86840e-05
118 -0.12924  1.40980e-04 |119  0.07997 -8.03492e-07 |120  0.00665  4.11561e-06
121 -0.01499  4.21382e-05 |122 -0.02457 -8.77203e-06 |123  0.16189  1.42057e-05
124 -0.12345 -5.08834e-05 |125  0.33077  5.91421e-05 |126 -0.02552 -3.16521e-05
127  0.10934  3.42795e-05 |128 -0.11552 -1.50087e-05 |129 -0.18668  2.87533e-05
130 -0.38763 -1.18228e-05 |131  0.23795  3.39188e-06 |132 -0.00566 -2.24732e-06
133 -0.00587  4.55273e-06 |134 -0.13942 -7.76679e-07 |135  0.01166  2.06137e-05
136  0.00357 -2.71853e-05 |137 -0.11200  5.35095e-05 |138  0.43724  2.55113e-05
139 -0.16141 -2.63293e-05 |140  0.06340 -9.56669e-05 |141 -0.19110  4.33026e-05
142  0.63936 -1.14823e-06 |
size of file gradfil1.tmp = 0
size of file gradfil2.tmp = 0
size of file varssave.tmp = 0
size of file cmpdiff.tmp = 200000008
