
Initial statistics: 3 variables; iteration 0; function evaluation 0; phase 1
Function value 3.2622454e+03; maximum gradient component mag -5.0807e+01

 - final statistics:
3 variables; iteration 6; function evaluation 10
Function value 3.2582e+03; maximum gradient component mag -3.5857e+00
Exit code = 1;  converg criter 1.0000e+01

Initial statistics: 13 variables; iteration 0; function evaluation 0; phase 2
Function value 3.2582022e+03; maximum gradient component mag -9.6523e+02

Intermediate statistics: 13 variables; iteration 20; function evaluation 30; phase 2
Function value 3.1809180e+03; maximum gradient component mag 2.1901e+01

 - final statistics:
13 variables; iteration 22; function evaluation 32
Function value 3.1806e+03; maximum gradient component mag 7.2745e+00
Exit code = 1;  converg criter 1.0000e+01

Initial statistics: 45 variables; iteration 0; function evaluation 0; phase 3
Function value 3.1805591e+03; maximum gradient component mag 1.3961e+03

Intermediate statistics: 45 variables; iteration 20; function evaluation 29; phase 3
Function value 2.7083219e+03; maximum gradient component mag 5.0560e+02
45 variables; iteration 40; function evaluation 56; phase 3
Function value 2.6875097e+03; maximum gradient component mag 2.0296e+02
45 variables; iteration 60; function evaluation 83; phase 3
Function value 2.6651651e+03; maximum gradient component mag -1.4198e+01
Maximum number of function evaluations exceeded

 - final statistics:
45 variables; iteration 67; function evaluation 100
Function value 2.6641e+03; maximum gradient component mag 1.4288e+01
Exit code = 3;  converg criter 1.0000e+00

Initial statistics: 100 variables; iteration 0; function evaluation 0; phase 4
Function value 2.6641440e+03; maximum gradient component mag -5.8446e+02

Intermediate statistics: 100 variables; iteration 20; function evaluation 30; phase 4
Function value 2.2385315e+03; maximum gradient component mag -2.9383e+02
100 variables; iteration 40; function evaluation 50; phase 4
Function value 2.2078130e+03; maximum gradient component mag -1.7089e+02
100 variables; iteration 60; function evaluation 71; phase 4
Function value 2.1945469e+03; maximum gradient component mag -1.0260e+02
100 variables; iteration 80; function evaluation 92; phase 4
Function value 2.1915428e+03; maximum gradient component mag -8.0491e+01
100 variables; iteration 100; function evaluation 119; phase 4
Function value 2.1902202e+03; maximum gradient component mag 1.2093e+01
100 variables; iteration 120; function evaluation 145; phase 4
Function value 2.1897092e+03; maximum gradient component mag 1.6714e-01
  ic > imax  in fminim is answer attained ?
Function minimizer not making progress ... is minimum attained?
Minimprove criterion = 0.0000e+00

 - final statistics:
100 variables; iteration 133; function evaluation 187
Function value 2.1897e+03; maximum gradient component mag 2.8392e-03
Exit code = 1;  converg criter 1.0000e-04

Initial statistics: 114 variables; iteration 0; function evaluation 0; phase 5
Function value 2.1897089e+03; maximum gradient component mag 2.8392e-03
  ic > imax  in fminim is answer attained ?
Function minimizer not making progress ... is minimum attained?
Minimprove criterion = 0.0000e+00

 - final statistics:
114 variables; iteration 2; function evaluation 36
Function value 2.1897e+03; maximum gradient component mag 2.6845e-03
Exit code = 1;  converg criter 1.0000e-04
size of file gradfil1.tmp = 0
size of file gradfil2.tmp = 0
size of file varssave.tmp = 0
size of file cmpdiff.tmp = 200000008
