
Initial statistics: 2 variables; iteration 0; function evaluation 0; phase 1
Function value 2.8244753e+03; maximum gradient component mag -2.1358e+03
Var    Value     Gradient |Var    Value     Gradient |Var    Value     Gradient
  1  0.12819 -2.13578e+03 |  2 -0.12819 -2.70490e+01 |

 - final statistics:
2 variables; iteration 11; function evaluation 14
Function value 2.7707e+03; maximum gradient component mag -3.6642e+00
Exit code = 1;  converg criter 1.0000e+01
Var    Value     Gradient |Var    Value     Gradient |Var    Value     Gradient
  1  0.24677 -3.66418e+00 |  2  1.81853  2.16559e-01 |

Initial statistics: 10 variables; iteration 0; function evaluation 0; phase 2
Function value 2.7707200e+03; maximum gradient component mag -1.0033e+03
Var    Value     Gradient |Var    Value     Gradient |Var    Value     Gradient
  1  0.00000 -4.46803e+02 |  2 -0.12819 -3.98063e+02 |  3  0.03352 -2.52959e+01
  4 -0.28197  8.44320e+01 |  5  0.11199 -1.00334e+03 |  6 -0.16086 -2.33825e+02
  7  0.00000 -7.75321e+01 |  8 -0.21635 -4.53311e+01 |  9  0.24677 -3.66418e+00
 10  0.18147 -2.16559e-01 |

 - final statistics:
10 variables; iteration 18; function evaluation 27
Function value 2.7042e+03; maximum gradient component mag -2.8719e+00
Exit code = 1;  converg criter 1.0000e+01
Var    Value     Gradient |Var    Value     Gradient |Var    Value     Gradient
  1  0.04017 -1.03867e+00 |  2 -0.04731 -6.84789e-01 |  3  0.03980 -4.09866e-01
  4 -0.52396  2.68273e-02 |  5  0.15920 -2.87192e+00 |  6 -0.29895 -8.10748e-02
  7  0.21765 -2.49462e-01 |  8 -0.19656 -2.65137e-01 |  9  0.28807 -3.68441e-01
 10  0.19614  1.68204e-01 |

Initial statistics: 42 variables; iteration 0; function evaluation 0; phase 3
Function value 2.7042005e+03; maximum gradient component mag 1.1171e+03
Var    Value     Gradient |Var    Value     Gradient |Var    Value     Gradient
  1  0.04017 -1.03867e+00 |  2 -0.04731 -6.84789e-01 |  3  0.03980 -4.09866e-01
  4 -0.52396  2.68273e-02 |  5  0.15920 -2.87192e+00 |  6 -0.29895 -8.10748e-02
  7  0.21765 -2.49462e-01 |  8 -0.19656 -2.65137e-01 |  9  0.28807 -3.68441e-01
 10  0.19614  1.68204e-01 | 11 -0.11760 -6.93063e+02 | 12 -0.33425  1.76067e+02
 13 -0.10723 -4.49982e+02 | 14 -0.10028  1.43755e+02 | 15 -0.45481 -8.57662e+01
 16 -0.01633  8.50041e-01 | 17  0.25350  3.24183e+02 | 18 -0.21710 -5.11334e+02
 19 -0.49439  2.93383e+01 | 20 -0.11760  2.23994e+00 | 21 -0.33425 -7.53808e-01
 22 -0.11760 -8.69551e+02 | 23 -0.33425  1.63518e+02 | 24 -0.10723 -8.58424e+02
 25 -0.11760 -1.80438e+02 | 26 -0.33425 -2.64867e+01 | 27 -0.10723 -2.59001e+02
 28  0.02302  1.11709e+03 | 29 -0.31415 -7.94682e+02 | 30  0.53959  9.76404e+00
 31 -0.62714 -1.73645e-04 | 32  0.00000  3.56586e+02 | 33 -0.21635 -2.14733e+02
 34  0.16024  4.21587e+01 | 35 -0.12294 -4.57845e+01 | 36 -0.16953  2.70181e+01
 37 -0.10028 -8.49569e+01 | 38 -0.34608  7.02511e+01 | 39 -0.03900  4.85487e+02
 40 -0.33425 -2.38302e+02 | 41  0.02302 -4.46093e+00 | 42 -0.16953  2.11747e+01

Intermediate statistics: 42 variables; iteration 20; function evaluation 31; phase 3
Function value 2.2766356e+03; maximum gradient component mag -1.1322e+03
Var    Value     Gradient |Var    Value     Gradient |Var    Value     Gradient
  1 -0.01687 -6.57809e+01 |  2 -0.04657 -4.54268e+01 |  3  0.02506 -1.33220e+01
  4 -0.49636 -1.29106e+01 |  5  0.14621  3.04719e+01 |  6 -0.18151  1.37804e+01
  7  0.17933 -3.14242e+00 |  8 -0.18826 -4.82903e+00 |  9  0.11411 -1.13219e+03
 10  0.18676  6.30108e-01 | 11  0.17193 -1.10072e+02 | 12 -0.14305  2.10190e+02
 13 -0.07714 -3.83497e+00 | 14 -0.25055 -2.01265e+01 | 15 -0.47783  1.04334e+01
 16 -0.04246  1.18232e+00 | 17  0.32699 -1.98794e+01 | 18 -0.12029  3.91527e+01
 19 -0.50969 -2.06212e+00 | 20 -0.13874 -4.91539e-01 | 21 -0.33598  8.17615e-01
 22  0.39139 -6.07622e+01 | 23 -0.13750  1.09934e+02 | 24 -0.64294 -8.69093e+00
 25  0.04479 -3.62163e+01 | 26 -0.15863  6.87811e+01 | 27  0.44447 -1.41922e-01
 28 -0.27357 -9.66179e+01 | 29 -0.48680  2.08162e+01 | 30  0.35719 -4.17551e+00
 31 -0.62708 -6.52466e-03 | 32 -0.11081 -1.48386e+01 | 33 -0.03769  9.68077e+00
 34  0.00906  6.18909e+00 | 35  0.33295 -7.63939e+00 | 36 -0.22862  6.02269e-01
 37  0.33699 -2.75440e+01 | 38 -0.27188  5.93895e+01 | 39 -0.06332  3.33219e+00
 40 -0.36456 -3.42264e+01 | 41 -0.02258 -1.64425e+01 | 42 -0.25049  6.12625e+00
42 variables; iteration 40; function evaluation 61; phase 3
Function value 2.2578442e+03; maximum gradient component mag -2.5574e+02
Var    Value     Gradient |Var    Value     Gradient |Var    Value     Gradient
  1 -0.02322 -2.76618e+01 |  2 -0.04468 -2.26079e+01 |  3  0.01226  4.53381e-01
  4 -0.47243 -1.74998e+00 |  5  0.13732 -3.44397e+01 |  6 -0.17185  4.76361e+00
  7  0.18489  2.49875e+00 |  8 -0.18965 -4.44879e+00 |  9  0.12665 -2.55743e+02
 10  0.11890 -2.06128e+00 | 11  0.18329 -1.72954e+00 | 12 -0.15795  3.05356e+01
 13 -0.07350  2.19059e+00 | 14 -0.22794 -2.73060e+00 | 15 -0.60260 -9.91283e-02
 16 -0.38939 -1.68332e+01 | 17  0.31702  2.75618e+00 | 18 -0.12810 -1.27127e+01
 19 -0.38734  9.39040e-01 | 20 -0.17566  5.40059e+00 | 21 -0.53144 -1.16609e+00
 22  0.39134  1.59045e+01 | 23 -0.14926 -5.66541e+01 | 24 -0.62621 -7.44101e+00
 25  0.00819 -1.48914e+01 | 26 -0.18933  2.42414e+01 | 27  0.45270 -1.44219e-01
 28 -0.20307 -6.03792e+00 | 29 -0.39216  2.66832e+00 | 30  0.29604 -4.96344e-01
 31 -0.62049 -6.71782e-03 | 32 -0.03649  1.09364e+01 | 33  0.01363  1.03366e+00
 34 -0.10924  5.78093e+00 | 35  0.36219 -7.99673e+00 | 36 -0.19514  6.09343e+00
 37  0.32631 -2.10086e+01 | 38 -0.27779  3.81277e+01 | 39 -0.04346  2.82552e+00
 40 -0.32580 -3.70073e+00 | 41 -0.00603 -3.65468e+00 | 42 -0.23194  2.15450e+00
42 variables; iteration 60; function evaluation 88; phase 3
Function value 2.2512873e+03; maximum gradient component mag -4.2189e+01
Var    Value     Gradient |Var    Value     Gradient |Var    Value     Gradient
  1 -0.00808 -1.50534e+00 |  2 -0.04462  3.66705e-01 |  3  0.01699 -1.90641e+00
  4 -0.48050 -3.70851e-01 |  5  0.13827  7.36717e+00 |  6 -0.18988  1.07695e+00
  7  0.17967 -4.85095e-01 |  8 -0.17583  2.85779e-01 |  9  0.13836 -4.21891e+01
 10  0.18126  1.92935e-01 | 11  0.13154 -3.10209e+00 | 12 -0.18915 -1.31841e+00
 13 -0.09614  9.36258e-01 | 14 -0.25142  1.82490e+00 | 15 -0.71930 -1.18948e+00
 16 -0.36153 -1.07618e+00 | 17  0.30425 -1.13885e+00 | 18 -0.12888  1.68665e-01
 19 -0.50498 -4.43924e-01 | 20 -0.23842 -3.88469e-01 | 21 -0.82901 -8.73378e-02
 22  0.28930 -1.68404e+01 | 23 -0.18368  1.66860e+01 | 24 -0.29198 -4.28771e+00
 25 -0.00866  2.38599e+00 | 26 -0.20604 -1.60058e+00 | 27  0.16756 -1.43530e+00
 28 -0.20531  1.27131e+01 | 29 -0.41377 -5.19068e+00 | 30  0.24438  6.94960e+00
 31 -0.11555 -1.75087e+00 | 32 -0.04209  6.38552e-01 | 33 -0.00581 -1.79706e+00
 34 -0.13991 -1.79482e+00 | 35  0.36317 -3.05202e+00 | 36 -0.19422  1.79432e+00
 37  0.36358 -4.15340e-01 | 38 -0.26962  9.57115e-01 | 39 -0.05014 -3.72454e+00
 40 -0.33187  2.14172e+00 | 41 -0.00770 -6.07357e-01 | 42 -0.23356  3.63263e-01
Maximum number of function evaluations exceeded

 - final statistics:
42 variables; iteration 72; function evaluation 100
Function value 2.2485e+03; maximum gradient component mag 5.5532e+00
Exit code = 3;  converg criter 1.0000e+00
Var    Value     Gradient |Var    Value     Gradient |Var    Value     Gradient
  1 -0.03195  6.94840e-01 |  2 -0.02419  3.33728e-01 |  3  0.00957 -1.85497e-01
  4 -0.47646 -1.83617e-01 |  5  0.14398  1.16075e+00 |  6 -0.20269  4.02579e-01
  7  0.18666 -4.54518e-01 |  8 -0.18706 -2.22075e-01 |  9  0.13745  3.86186e+00
 10  0.17547  1.74494e-02 | 11  0.12547  3.94027e+00 | 12 -0.19094 -1.42127e+00
 13  0.05273  2.10805e+00 | 14 -0.27332 -2.68213e-01 | 15 -1.07375  2.71986e-01
 16 -0.34916  5.95891e-01 | 17  0.31538  1.80168e+00 | 18 -0.12530 -2.34535e+00
 19 -0.48861  1.23824e-01 | 20 -0.18747 -1.91964e-01 | 21 -0.48324  1.37481e-01
 22  0.30414 -3.43029e+00 | 23 -0.17628  5.55324e+00 | 24 -0.10220  3.41394e-01
 25 -0.02027 -5.47925e-01 | 26 -0.21346  1.92774e+00 | 27  0.85285  7.98133e-03
 28 -0.15703  3.53529e+00 | 29 -0.33867 -2.08769e+00 | 30 -0.12223  1.10180e+00
 31 -0.04340 -1.05905e-01 | 32 -0.05031 -1.27351e-01 | 33 -0.00795  1.15657e-01
 34 -0.11790 -2.58168e-02 | 35  0.42459  7.72124e-01 | 36 -0.15920 -3.61344e-01
 37  0.38209  4.04776e-01 | 38 -0.26517 -6.29705e-01 | 39 -0.04842  1.34933e+00
 40 -0.33004 -8.14076e-01 | 41 -0.00762  4.80297e-01 | 42 -0.23424 -5.50580e-01

Initial statistics: 91 variables; iteration 0; function evaluation 0; phase 4
Function value 2.2484761e+03; maximum gradient component mag -7.7756e+02
Var    Value     Gradient |Var    Value     Gradient |Var    Value     Gradient
  1 -0.03195  6.94840e-01 |  2 -0.02419  3.33728e-01 |  3  0.00957 -1.85497e-01
  4 -0.47646 -1.83617e-01 |  5  0.14398  1.16075e+00 |  6 -0.20269  4.02579e-01
  7  0.18666 -4.54518e-01 |  8 -0.18706 -2.22075e-01 |  9  0.13745  3.86186e+00
 10  0.00000  6.87360e+00 | 11  0.00000 -6.55166e+00 | 12  0.00000 -2.20061e+01
 13  0.00000 -2.84128e+01 | 14  0.00000 -3.32249e+01 | 15  0.00000 -5.30436e+01
 16  0.00000 -7.72405e+01 | 17  0.00000 -9.82481e+01 | 18  0.00000 -1.12004e+01
 19  0.00000  8.10482e+01 | 20  0.00000  7.13635e+01 | 21  0.00000 -2.06910e+01
 22  0.00000  9.48842e+01 | 23  0.00000  2.19351e+02 | 24  0.00000  2.30919e+02
 25  0.00000 -6.44290e+01 | 26  0.00000 -5.34075e+02 | 27  0.00000 -6.12771e+01
 28  0.00000  1.03856e+01 | 29  0.00000  1.19385e+01 | 30  0.00000 -2.38542e+01
 31  0.00000 -2.58778e+01 | 32  0.00000  2.36584e+01 | 33  0.00000  2.50934e+01
 34  0.00000  7.35031e+01 | 35  0.00000  2.91148e+01 | 36  0.00000  1.33619e+02
 37  0.00000  1.60708e+02 | 38  0.00000  2.10655e+02 | 39  0.00000  1.56960e+02
 40  0.00000 -2.40866e+02 | 41  0.00000 -7.77556e+02 | 42  0.00000 -1.37782e+02
 43  0.00000  4.45468e+01 | 44  0.00000  1.41881e+02 | 45  0.00000 -1.34236e+02
 46  0.00000  1.42194e+02 | 47  0.00000  2.33916e+02 | 48  0.00000  2.36579e+02
 49  0.00000  1.09620e+02 | 50  0.00000  1.30860e+02 | 51  0.00000 -1.48593e+02
 52  0.00000 -2.18507e+02 | 53  0.00000  9.33719e+01 | 54  0.00000  2.66809e+01
 55  0.00000 -5.72167e+01 | 56  0.00000  6.81998e+01 | 57  0.00000 -1.34911e+01
 58  0.00000  2.04544e+01 | 59  0.17547  1.74494e-02 | 60  0.12547  3.94027e+00
 61 -0.19094 -1.42127e+00 | 62  0.05273  2.10805e+00 | 63 -0.27332 -2.68213e-01
 64 -0.92625 -2.71986e-01 | 65 -0.34916  5.95891e-01 | 66  0.31538  1.80168e+00
 67 -0.12530 -2.34535e+00 | 68 -0.48861  1.23824e-01 | 69 -0.18747 -1.91964e-01
 70 -0.48324  1.37481e-01 | 71  0.30414 -3.43029e+00 | 72 -0.17628  5.55324e+00
 73 -0.10220  3.41394e-01 | 74 -0.02027 -5.47925e-01 | 75 -0.21346  1.92774e+00
 76  0.85285  7.98133e-03 | 77 -0.15703  3.53529e+00 | 78 -0.33867 -2.08769e+00
 79 -0.12223  1.10180e+00 | 80 -0.04340 -1.05905e-01 | 81 -0.05031 -1.27351e-01
 82 -0.00795  1.15657e-01 | 83 -0.11790 -2.58168e-02 | 84  0.42459  7.72124e-01
 85 -0.15920 -3.61344e-01 | 86  0.38209  4.04776e-01 | 87 -0.26517 -6.29705e-01
 88 -0.04842  1.34933e+00 | 89 -0.33004 -8.14076e-01 | 90 -0.00762  4.80297e-01
 91 -0.23424 -5.50580e-01 |

Intermediate statistics: 91 variables; iteration 20; function evaluation 31; phase 4
Function value 1.7643746e+03; maximum gradient component mag 2.3345e+02
Var    Value     Gradient |Var    Value     Gradient |Var    Value     Gradient
  1 -0.03827 -1.16200e+01 |  2 -0.03103 -1.94638e+01 |  3  0.16298 -3.98219e+01
  4 -0.57232 -1.72135e+01 |  5  0.14054 -4.43622e+01 |  6 -0.19406 -1.70352e+01
  7  0.08471 -2.35573e+01 |  8 -0.08458 -5.89404e+00 |  9  0.03350  2.33455e+02
 10  0.09451  8.07010e+00 | 11  0.10709  9.21768e+00 | 12  0.12327  9.33442e+00
 13  0.08087  8.62870e+00 | 14  0.05620  1.19189e+01 | 15  0.08868  1.97536e+01
 16  0.08691  2.65210e+01 | 17  0.15266  3.48771e+01 | 18  0.02563  1.95339e+01
 19 -0.02242  1.43363e+01 | 20 -0.03224  1.10928e+01 | 21  0.10973  1.38044e+01
 22 -0.01394  3.15593e+00 | 23 -0.10322  7.68098e-01 | 24 -0.14925  5.91265e+00
 25 -0.11085  8.72742e+00 | 26  0.22833 -2.81894e+01 | 27 -0.11513  5.38373e+00
 28  0.02603  8.61323e+00 | 29  0.02329  1.15329e+01 | 30  0.03852  1.29748e+01
 31  0.03469  1.17122e+01 | 32 -0.03687  3.41802e+00 | 33  0.01569  5.30182e-01
 34 -0.13646 -7.01276e+00 | 35  0.02993 -4.18648e+00 | 36 -0.11766 -1.60449e+00
 37 -0.05300  4.04695e+00 | 38 -0.12229  4.52990e+00 | 39 -0.07874  1.21393e+01
 40 -0.14033 -1.38213e+01 | 41  0.32177 -2.19067e+02 | 42 -0.14975 -7.25310e+00
 43  0.05643  7.92451e+00 | 44 -0.05564  7.39213e+00 | 45  0.15226  9.59097e+01
 46 -0.06736 -1.07622e+00 | 47 -0.20667 -4.68376e+00 | 48 -0.25607 -7.25167e+00
 49 -0.05839 -1.26181e+01 | 50 -0.15898 -1.22204e+01 | 51  0.10753 -1.88268e+01
 52  0.14137 -4.45196e+00 | 53 -0.03408 -1.32641e+01 | 54  0.03509 -1.21056e+01
 55  0.08620 -1.18856e+01 | 56 -0.06345 -5.00542e+00 | 57  0.07016 -7.05141e+00
 58 -0.00580 -7.57176e+00 | 59  0.11588  3.05973e+00 | 60  0.08127 -5.76618e+01
 61 -0.19516  7.92987e+01 | 62  0.04812  7.84264e-01 | 63 -0.27795  5.50384e+00
 64 -0.92388 -2.84337e-01 | 65 -0.36204  1.12257e+00 | 66  0.29127  2.93129e+01
 67 -0.15238 -6.85503e+01 | 68 -0.48100  7.54466e-01 | 69 -0.18799  1.79768e-01
 70 -0.48521  7.41582e-02 | 71  0.31067 -3.70434e+01 | 72 -0.15915  8.65844e+01
 73 -0.09496 -2.65951e-01 | 74 -0.15199  2.13716e+01 | 75 -0.36388 -3.30165e+01
 76  0.85281 -2.70405e-03 | 77 -0.15837  1.73182e+01 | 78 -0.35445 -6.72798e+00
 79 -0.12750  1.39944e+00 | 80 -0.06664 -1.21228e+00 | 81 -0.02972  2.43132e+00
 82 -0.00309 -8.72213e-01 | 83 -0.12027  1.19833e+00 | 84  0.46078  3.25968e-01
 85 -0.15384 -2.53556e+00 | 86  0.36975  2.12943e+01 | 87 -0.27347 -5.96600e+01
 88 -0.05986  1.50968e+02 | 89 -0.35873 -9.12893e+01 | 90  0.03824  2.12550e+00
 91 -0.20681 -6.23582e-01 |
91 variables; iteration 40; function evaluation 52; phase 4
Function value 1.7563259e+03; maximum gradient component mag 2.3883e+02
Var    Value     Gradient |Var    Value     Gradient |Var    Value     Gradient
  1 -0.05901 -2.14944e+01 |  2 -0.01874 -1.38241e+01 |  3  0.16576 -1.22692e+01
  4 -0.56195 -1.60435e+01 |  5  0.14476  2.83277e+01 |  6 -0.18476  5.99101e+00
  7  0.09176  4.58893e+00 |  8 -0.11249 -7.60942e+00 |  9  0.03742  2.38826e+02
 10  0.06921  1.70502e+00 | 11  0.09629  4.75160e+00 | 12  0.13247  7.26851e+00
 13  0.08322  4.66725e+00 | 14  0.03608  1.56372e+00 | 15  0.07408  4.35271e+00
 16  0.08099  1.59173e+01 | 17  0.15315  2.80705e+01 | 18  0.01830  1.55110e+01
 19 -0.02478  1.30379e+01 | 20 -0.03156  1.26897e+01 | 21  0.11029  2.49534e+01
 22 -0.01091  9.16079e+00 | 23 -0.10057  2.74521e+00 | 24 -0.15931  2.18697e+00
 25 -0.13925  2.09918e+00 | 26  0.23573  5.37925e+01 | 27 -0.13714  3.67154e+00
 28  0.03332  2.52055e+01 | 29  0.02483  1.79179e+01 | 30  0.03402  6.04350e+00
 31  0.03197  1.82221e+00 | 32 -0.04589 -5.17449e+00 | 33  0.01395 -6.91258e+00
 34 -0.13106 -7.39868e+00 | 35  0.03265 -9.69911e+00 | 36 -0.11885 -7.21878e+00
 37 -0.04824 -7.83785e+00 | 38 -0.12175 -6.11727e+00 | 39 -0.09504 -5.26023e+00
 40 -0.11839 -1.17470e+01 | 41  0.36623 -4.17791e+01 | 42 -0.15680 -8.95385e+00
 43  0.06193 -1.25265e+01 | 44 -0.06526 -1.21397e+01 | 45  0.15136  3.30576e+01
 46 -0.06017 -6.06420e+00 | 47 -0.20113 -5.92212e+00 | 48 -0.24479 -6.16185e+00
 49 -0.04664 -6.37420e+00 | 50 -0.13799 -9.54619e+00 | 51  0.11221 -2.94756e+01
 52  0.15016 -6.76529e+00 | 53 -0.02121 -9.91608e+00 | 54  0.05035 -5.05204e+00
 55  0.08665 -2.67624e+01 | 56 -0.06582 -9.22003e+00 | 57  0.08047 -2.97071e+00
 58 -0.02370 -1.32799e+01 | 59  0.02919 -1.08898e+00 | 60  0.10291 -4.52978e+01
 61 -0.18653  6.04521e+01 | 62 -0.06561 -4.07163e+00 | 63 -0.26049  3.06554e+01
 64 -0.84214 -2.33740e+00 | 65 -0.36353  8.30327e+00 | 66  0.30110  1.84809e+01
 67 -0.14594 -3.90131e+01 | 68 -0.46461  7.00127e-01 | 69 -0.20037  9.54885e-02
 70 -0.54005 -2.75665e-02 | 71  0.30704 -2.42441e+01 | 72 -0.16686  4.52490e+01
 73  0.07395 -2.38785e-02 | 74 -0.13609  2.86983e+01 | 75 -0.33955 -3.43442e+01
 76  0.85514  5.49383e-04 | 77 -0.16122  7.15968e-01 | 78 -0.34822  2.05324e+00
 79 -0.12163  1.15839e+00 | 80 -0.07032 -9.39461e-01 | 81  0.00539  2.64723e+01
 82  0.02212 -7.71958e+00 | 83 -0.15488  6.29509e+00 | 84  0.91338 -5.81128e-01
 85 -0.04920  1.85890e+01 | 86  0.36081  1.25677e+01 | 87 -0.27245 -3.59305e+01
 88 -0.05673  9.01809e+01 | 89 -0.34820 -5.59356e+01 | 90  0.03327  4.84680e+00
 91 -0.21408 -3.74399e+00 |
91 variables; iteration 60; function evaluation 72; phase 4
Function value 1.7520770e+03; maximum gradient component mag 1.8631e+02
Var    Value     Gradient |Var    Value     Gradient |Var    Value     Gradient
  1 -0.05297  1.93134e+01 |  2 -0.01162  1.85752e+01 |  3  0.17463  1.24871e+01
  4 -0.54834  8.78597e+00 |  5  0.13728  3.54005e+01 |  6 -0.16215  9.31898e+00
  7  0.07307  3.41143e+00 |  8 -0.07500  1.46809e+00 |  9  0.03619  1.86307e+02
 10  0.07992  4.96329e+00 | 11  0.08991  5.89789e+00 | 12  0.12449  8.71889e+00
 13  0.09001  1.02401e+01 | 14  0.05356  9.37848e+00 | 15  0.07379  7.11671e+00
 16  0.06998  1.07179e+01 | 17  0.14967  1.09937e+01 | 18  0.01403  8.84589e+00
 19 -0.04027  5.63671e+00 | 20 -0.02959  1.07057e+01 | 21  0.10407  9.42382e+00
 22 -0.01295  7.89348e+00 | 23 -0.09919  6.40882e+00 | 24 -0.16333  4.74781e+00
 25 -0.13870  5.70378e+00 | 26  0.23250  3.31195e+01 | 27 -0.12297  7.51110e+00
 28  0.01541  2.53721e+00 | 29  0.02740  1.27066e+01 | 30  0.02991  3.19965e+00
 31  0.03558  6.51177e+00 | 32 -0.03753  1.33024e+00 | 33  0.01353 -2.65903e+00
 34 -0.12440 -2.25101e+00 | 35  0.03560 -4.02481e+00 | 36 -0.11774 -4.87972e+00
 37 -0.04370 -6.71599e+00 | 38 -0.12382 -6.67410e+00 | 39 -0.10241 -8.20479e+00
 40 -0.12183 -9.44880e+00 | 41  0.38231  1.23791e+01 | 42 -0.17292 -7.80944e+00
 43  0.07025 -8.10588e+00 | 44 -0.05760 -8.01856e+00 | 45  0.14265 -6.28905e+00
 46 -0.06415 -6.96208e+00 | 47 -0.20965 -5.49237e+00 | 48 -0.25365 -5.78612e+00
 49 -0.05224 -7.90939e+00 | 50 -0.13563 -6.71958e+00 | 51  0.12537 -4.58564e+00
 52  0.15245 -7.33465e+00 | 53 -0.01876 -5.81426e+00 | 54  0.05138 -4.13446e+00
 55  0.09900 -4.16577e+00 | 56 -0.05902 -2.84333e+00 | 57  0.06822 -6.40660e+00
 58 -0.01219 -4.92371e+00 | 59  0.06257  1.09322e+00 | 60  0.10615 -6.49269e+00
 61 -0.19745  3.04693e+00 | 62 -0.06986 -2.52158e+00 | 63 -0.26184 -7.72788e+00
 64 -0.67675  1.10733e+00 | 65 -0.37724 -5.88248e+00 | 66  0.29729  3.80518e+00
 67 -0.14552 -9.92096e+00 | 68 -0.48135 -4.49164e-01 | 69 -0.19794 -1.31234e-01
 70 -0.52354  5.30642e-02 | 71  0.31526  5.11563e+00 | 72 -0.17001 -7.56993e+00
 73  0.10441  3.83669e-02 | 74 -0.10141  2.99468e+01 | 75 -0.29399 -3.23317e+01
 76  0.85753  3.29856e-03 | 77 -0.16449 -4.01071e+00 | 78 -0.35393  2.66298e+00
 79 -0.12193  2.80070e-01 | 80 -0.07063 -1.48090e+00 | 81 -0.01792 -5.72484e-01
 82  0.01636  1.16146e+00 | 83 -0.14871 -5.75135e-01 | 84  0.61254  8.81512e-01
 85 -0.09860  2.61301e-01 | 86  0.34623  4.06977e+00 | 87 -0.27331 -1.31540e+01
 88 -0.04988  1.49364e+01 | 89 -0.33023 -5.52559e+00 | 90  0.03408  1.99291e+00
 91 -0.21047 -1.01352e+00 |
91 variables; iteration 80; function evaluation 95; phase 4
Function value 1.7509464e+03; maximum gradient component mag 1.7009e+02
Var    Value     Gradient |Var    Value     Gradient |Var    Value     Gradient
  1 -0.04352  2.10469e+01 |  2 -0.02619  1.18904e+01 |  3  0.17966  9.19487e+00
  4 -0.56391  1.83360e+00 |  5  0.13690  2.74027e+01 |  6 -0.16734  2.16137e+00
  7  0.07292  2.35909e+00 |  8 -0.06705  6.60868e-01 |  9  0.03274  1.70089e+02
 10  0.07905  1.61589e+00 | 11  0.09635  2.36259e+00 | 12  0.12671  2.43809e+00
 13  0.07091  2.19871e+00 | 14  0.05049  5.94808e+00 | 15  0.09147  1.01074e+01
 16  0.05879  8.89059e+00 | 17  0.15458  1.30127e+01 | 18  0.00614  6.97092e+00
 19 -0.02351  8.34967e+00 | 20 -0.04382  4.94611e+00 | 21  0.10632  7.30001e+00
 22 -0.01122  6.07431e+00 | 23 -0.10374  1.94514e+00 | 24 -0.16247  2.09139e+00
 25 -0.14590  1.44244e+00 | 26  0.23220  2.57046e+01 | 27 -0.13516  3.16124e+00
 28  0.02709  6.75864e+00 | 29  0.01377  3.98351e-01 | 30  0.03786  1.27428e+00
 31  0.03049  9.49321e-03 | 32 -0.02652  4.45370e+00 | 33  0.01554  2.05558e+00
 34 -0.12092 -1.96046e+00 | 35  0.03750 -4.02523e+00 | 36 -0.12885 -9.49645e+00
 37 -0.04376 -9.71502e+00 | 38 -0.12704 -9.26769e+00 | 39 -0.10795 -1.11088e+01
 40 -0.11398 -1.04577e+01 | 41  0.38098  4.27405e+00 | 42 -0.16045 -7.77984e+00
 43  0.07247 -5.71502e+00 | 44 -0.04275 -1.45649e+00 | 45  0.14040 -1.32956e+01
 46 -0.06041 -6.07119e+00 | 47 -0.21356 -8.56776e+00 | 48 -0.25475 -6.77834e+00
 49 -0.05230 -7.70253e+00 | 50 -0.13460 -7.07560e+00 | 51  0.12330 -5.50524e+00
 52  0.15138 -8.37568e+00 | 53 -0.01903 -6.79800e+00 | 54  0.05261 -1.26836e+00
 55  0.09549 -1.08834e+01 | 56 -0.06737 -8.15809e+00 | 57  0.06583 -9.27137e+00
 58 -0.00567 -5.85770e+00 | 59  0.01892 -1.06642e+00 | 60  0.11719  2.43986e+01
 61 -0.19574 -3.13604e+01 | 62 -0.06089  8.33761e-01 | 63 -0.27296 -4.08678e+00
 64 -0.76036  3.53574e-01 | 65 -0.36705 -7.80779e-01 | 66  0.30122  1.14845e+00
 67 -0.14365 -3.68323e+00 | 68 -0.49654 -1.34720e+00 | 69 -0.20004  3.40072e-01
 70 -0.54806 -8.56738e-02 | 71  0.31775  1.29898e+01 | 72 -0.17161 -2.46729e+01
 73  0.32843  6.15256e-03 | 74 -0.07145  2.14534e+00 | 75 -0.24983  2.73254e-01
 76  0.85611  3.56803e-03 | 77 -0.16450 -1.92793e+00 | 78 -0.35958 -1.07970e+00
 79 -0.13206 -1.47743e+00 | 80 -0.06956 -1.04340e+00 | 81 -0.02982 -3.27435e-01
 82  0.00132  2.37887e-01 | 83 -0.12131  3.71022e-01 | 84  0.56125  9.12111e-01
 85 -0.11357 -1.84443e-01 | 86  0.35762  1.24098e+00 | 87 -0.26790 -3.48547e+00
 88 -0.05084  1.86379e+00 | 89 -0.33143  4.50544e-01 | 90  0.03585  1.29107e+00
 91 -0.21008 -8.37505e-01 |
91 variables; iteration 100; function evaluation 125; phase 4
Function value 1.7491672e+03; maximum gradient component mag 1.7323e+01
Var    Value     Gradient |Var    Value     Gradient |Var    Value     Gradient
  1 -0.04994  1.13309e+00 |  2 -0.02398  1.17534e-01 |  3  0.17536  4.69245e-01
  4 -0.56026  5.09325e-01 |  5  0.13665  2.76203e-01 |  6 -0.16702 -4.87509e-01
  7  0.07669  4.69412e-02 |  8 -0.06492  2.92444e-01 |  9  0.01446  1.73232e+01
 10  0.10746  7.42268e-01 | 11  0.08271  1.08336e+00 | 12  0.17346  2.53950e+00
 13  0.06463  1.16921e+00 | 14  0.03007  1.05445e+00 | 15  0.11473  1.41119e+00
 16  0.02565  7.67311e-01 | 17  0.17804  2.59210e+00 | 18 -0.01418  1.62053e-01
 19 -0.02395 -6.51821e-02 | 20 -0.05417 -3.19508e-01 | 21  0.11836  9.95768e-01
 22 -0.01621 -2.43588e-01 | 23 -0.10206 -1.14949e+00 | 24 -0.17570 -1.14252e+00
 25 -0.15969 -2.25682e-01 | 26  0.24085  4.62298e+00 | 27 -0.16594 -3.17628e-01
 28  0.03078  1.51731e-01 | 29  0.01973 -2.01356e-01 | 30  0.03963 -1.63984e-01
 31  0.03727 -1.38050e-01 | 32 -0.03983 -4.03567e-01 | 33  0.01944 -3.00731e-01
 34 -0.13575 -9.48384e-01 | 35  0.03537 -1.37156e+00 | 36 -0.12291 -1.28123e+00
 37 -0.04721 -1.42956e+00 | 38 -0.12658 -1.06806e+00 | 39 -0.10488 -1.00358e+00
 40 -0.08658  1.68624e-01 | 41  0.38035  5.36569e-01 | 42 -0.14340 -2.08759e-02
 43  0.07506 -5.75045e-01 | 44 -0.05096 -1.06269e+00 | 45  0.14260 -9.70286e-01
 46 -0.06338 -1.22515e+00 | 47 -0.21105 -1.21395e+00 | 48 -0.25623 -1.20720e+00
 49 -0.05479 -1.39806e+00 | 50 -0.13633 -8.89568e-01 | 51  0.11899 -5.30514e-01
 52  0.14832 -4.80901e-01 | 53 -0.02186 -1.14423e+00 | 54  0.04753 -2.64772e-01
 55  0.09673 -1.35377e+00 | 56 -0.06339 -8.09083e-01 | 57  0.07182 -7.39132e-01
 58 -0.00729 -8.18452e-01 | 59  0.03518  2.82892e-02 | 60  0.10425  2.76418e+00
 61 -0.20030 -2.19019e+00 | 62  0.03934  6.38906e-01 | 63 -0.25940  7.87789e-01
 64 -0.69632 -1.08000e-01 | 65 -0.37025  2.55349e-01 | 66  0.30575  1.39302e+00
 67 -0.14282 -1.70713e+00 | 68 -0.45517  2.36821e-01 | 69 -0.20037  1.32652e-01
 70 -0.54835 -5.08074e-02 | 71  0.32297  8.52788e-01 | 72 -0.16871 -1.36225e+00
 73  1.36766 -4.61873e-03 | 74 -0.07421  4.37472e-01 | 75 -0.25386 -5.07406e-01
 76  0.85410 -5.48169e-04 | 77 -0.16279  2.31322e-01 | 78 -0.35470  2.23438e-02
 79 -0.12863  4.91986e-02 | 80 -0.06731  8.72163e-01 | 81 -0.02443 -5.75972e-01
 82  0.00398 -2.85494e-02 | 83 -0.13390 -3.70452e-01 | 84  0.52911 -5.71351e-01
 85 -0.12570  2.15712e+00 | 86  0.37157  5.20504e-01 | 87 -0.26455 -9.56172e-01
 88 -0.04871  2.44368e+00 | 89 -0.33018 -1.18678e+00 | 90  0.03447 -5.36152e-01
 91 -0.21208 -2.26547e-01 |
91 variables; iteration 120; function evaluation 145; phase 4
Function value 1.7491271e+03; maximum gradient component mag 9.0271e-02
Var    Value     Gradient |Var    Value     Gradient |Var    Value     Gradient
  1 -0.04820 -3.95543e-03 |  2 -0.02552 -3.55070e-03 |  3  0.17637  3.85311e-03
  4 -0.56065  1.37560e-03 |  5  0.13601 -1.93959e-02 |  6 -0.16453 -5.57701e-05
  7  0.07562  2.89867e-04 |  8 -0.06491  3.65100e-03 |  9  0.01372  9.02709e-02
 10  0.11257  8.45491e-03 | 11  0.07195  2.05248e-02 | 12  0.17827  1.79845e-02
 13  0.06083  5.51663e-03 | 14  0.02411  1.00756e-02 | 15  0.11921  5.58178e-03
 16  0.02024  9.88666e-03 | 17  0.17945  1.05974e-02 | 18 -0.01523  1.32477e-03
 19 -0.02334 -4.46177e-04 | 20 -0.05344  1.37711e-02 | 21  0.11884  8.63432e-03
 22 -0.01621  1.31489e-02 | 23 -0.10015  6.86568e-05 | 24 -0.17312  2.15942e-03
 25 -0.16124 -5.09458e-03 | 26  0.24115  2.56317e-03 | 27 -0.16671  2.17613e-03
 28  0.03101 -3.96781e-03 | 29  0.02009  5.75623e-03 | 30  0.03997  2.30295e-03
 31  0.03760  1.09844e-02 | 32 -0.03952 -1.97447e-03 | 33  0.01944  2.25999e-03
 34 -0.13429 -6.00246e-03 | 35  0.03572 -1.86158e-03 | 36 -0.12128  6.75217e-03
 37 -0.04654  3.13673e-03 | 38 -0.12569 -2.32757e-03 | 39 -0.10315 -3.13890e-03
 40 -0.09222 -8.87634e-03 | 41  0.38040 -1.61818e-02 | 42 -0.14803 -7.07992e-03
 43  0.07504  4.68547e-03 | 44 -0.05034 -3.88186e-03 | 45  0.14270  7.71329e-03
 46 -0.06266  1.17203e-03 | 47 -0.20944  7.24631e-03 | 48 -0.25403  3.63597e-03
 49 -0.05396 -1.87717e-03 | 50 -0.13586 -4.45487e-04 | 51  0.11908 -1.48606e-02
 52  0.14845 -9.02429e-03 | 53 -0.02123  4.78882e-03 | 54  0.04744 -1.47278e-02
 55  0.09733  6.34285e-03 | 56 -0.06282  7.76987e-03 | 57  0.07235  3.07867e-03
 58 -0.00653 -5.32531e-04 | 59  0.03476 -1.80301e-04 | 60  0.11046 -2.22807e-02
 61 -0.19640  3.04211e-02 | 62 -0.01047  5.87739e-04 | 63 -0.25969  5.34321e-02
 64 -0.69507 -2.87770e-03 | 65 -0.37022  1.31509e-02 | 66  0.30419 -1.52890e-02
 67 -0.14330  1.85119e-02 | 68 -0.46242 -7.35609e-03 | 69 -0.19867  1.95322e-03
 70 -0.53549 -4.60744e-04 | 71  0.32204  2.24452e-03 | 72 -0.16901  1.84188e-02
 73  1.65687 -8.44578e-05 | 74 -0.07344 -6.09987e-02 | 75 -0.25299  4.96722e-02
 76  0.85609  7.75653e-06 | 77 -0.16300  1.60184e-02 | 78 -0.35520 -1.03925e-03
 79 -0.12834  8.64717e-03 | 80 -0.06738  1.19113e-02 | 81 -0.02490  1.60956e-03
 82  0.00386 -1.16265e-03 | 83 -0.13070  2.54369e-03 | 84  0.51377  2.65464e-03
 85 -0.13278 -2.62193e-02 | 86  0.36713 -8.17252e-03 | 87 -0.26581  1.86838e-02
 88 -0.04877  1.72506e-02 | 89 -0.33023 -1.30135e-02 | 90  0.03737 -9.11880e-04
 91 -0.20921 -2.86486e-04 |
  ic > imax  in fminim is answer attained ?
Var    Value     Gradient |Var    Value     Gradient |Var    Value     Gradient
  1 -0.04823 -9.68353e-05 |  2 -0.02549 -1.65266e-04 |  3  0.17636 -1.91449e-05
  4 -0.56064  1.66070e-05 |  5  0.13601 -2.59117e-04 |  6 -0.16454 -5.27747e-05
  7  0.07562  6.09763e-06 |  8 -0.06494  3.45516e-05 |  9  0.01371  7.23360e-04
 10  0.11270  1.42109e-05 | 11  0.07163  1.72865e-04 | 12  0.17836  1.22714e-04
 13  0.06084  4.34945e-05 | 14  0.02402  2.06130e-04 | 15  0.11927  2.79072e-04
 16  0.02016  2.42963e-04 | 17  0.17947  1.61596e-04 | 18 -0.01524 -1.11422e-04
 19 -0.02330 -7.41722e-05 | 20 -0.05350  9.67003e-05 | 21  0.11886  5.38906e-05
 22 -0.01624  4.67856e-05 | 23 -0.10013 -4.37581e-05 | 24 -0.17313 -1.78371e-06
 25 -0.16121 -5.98674e-05 | 26  0.24115  2.31745e-04 | 27 -0.16672  2.76421e-05
 28  0.03102 -1.05167e-04 | 29  0.02008  8.46507e-05 | 30  0.03998  1.87049e-05
 31  0.03759  4.59179e-05 | 32 -0.03950 -8.78460e-05 | 33  0.01944 -4.93928e-05
 34 -0.13426 -6.58585e-05 | 35  0.03572 -7.81721e-05 | 36 -0.12129  3.26813e-05
 37 -0.04654  5.37053e-05 | 38 -0.12568 -1.74559e-05 | 39 -0.10314  2.23865e-05
 40 -0.09217 -1.56759e-05 | 41  0.38042 -2.14880e-05 | 42 -0.14798 -7.55798e-08
 43  0.07505  2.86419e-05 | 44 -0.05032 -1.37330e-04 | 45  0.14271  3.29732e-05
 46 -0.06266 -7.46014e-05 | 47 -0.20946  1.71835e-05 | 48 -0.25404 -2.32440e-05
 49 -0.05395 -1.18368e-04 | 50 -0.13585 -3.01777e-05 | 51  0.11910 -1.09222e-04
 52  0.14846 -5.29127e-05 | 53 -0.02123 -6.21201e-05 | 54  0.04745 -8.33838e-05
 55  0.09731  2.64116e-05 | 56 -0.06285  7.04466e-05 | 57  0.07233  4.82850e-05
 58 -0.00654 -2.98625e-05 | 59  0.03479 -1.16368e-05 | 60  0.11048 -4.51466e-04
 61 -0.19639  5.74974e-04 | 62 -0.01050 -6.09446e-05 | 63 -0.25987 -1.18913e-04
 64 -0.69597  5.43449e-06 | 65 -0.37017 -8.23625e-06 | 66  0.30420 -1.68020e-05
 67 -0.14330  1.06914e-04 | 68 -0.46219 -1.43704e-05 | 69 -0.19867  5.04042e-05
 70 -0.53544 -1.10625e-05 | 71  0.32203 -6.10056e-05 | 72 -0.16903  2.90749e-04
 73  1.66030 -1.62766e-07 | 74 -0.07339  1.60568e-03 | 75 -0.25297 -1.06077e-03
 76  0.85603  1.23906e-08 | 77 -0.16299  1.54664e-04 | 78 -0.35520 -4.42838e-05
 79 -0.12840  6.14453e-05 | 80 -0.06738  2.81079e-04 | 81 -0.02488 -5.99124e-05
 82  0.00389  5.62460e-05 | 83 -0.13075 -2.40790e-06 | 84  0.51424 -6.95555e-05
 85 -0.13258  2.28564e-04 | 86  0.36719 -1.02308e-04 | 87 -0.26580  3.13383e-04
 88 -0.04876  6.85635e-04 | 89 -0.33022 -3.60424e-04 | 90  0.03738 -7.51430e-05
 91 -0.20920  8.66755e-05 |
Function minimizer not making progress ... is minimum attained?
Minimprove criterion = 0.0000e+00

 - final statistics:
91 variables; iteration 130; function evaluation 185
Function value 1.7491e+03; maximum gradient component mag 1.6057e-03
Exit code = 1;  converg criter 1.0000e-04
Var    Value     Gradient |Var    Value     Gradient |Var    Value     Gradient
  1 -0.04823 -9.68353e-05 |  2 -0.02549 -1.65266e-04 |  3  0.17636 -1.91449e-05
  4 -0.56064  1.66070e-05 |  5  0.13601 -2.59117e-04 |  6 -0.16454 -5.27747e-05
  7  0.07562  6.09763e-06 |  8 -0.06494  3.45516e-05 |  9  0.01371  7.23360e-04
 10  0.11270  1.42109e-05 | 11  0.07163  1.72865e-04 | 12  0.17836  1.22714e-04
 13  0.06084  4.34945e-05 | 14  0.02402  2.06130e-04 | 15  0.11927  2.79072e-04
 16  0.02016  2.42963e-04 | 17  0.17947  1.61596e-04 | 18 -0.01524 -1.11422e-04
 19 -0.02330 -7.41722e-05 | 20 -0.05350  9.67003e-05 | 21  0.11886  5.38906e-05
 22 -0.01624  4.67856e-05 | 23 -0.10013 -4.37581e-05 | 24 -0.17313 -1.78371e-06
 25 -0.16121 -5.98674e-05 | 26  0.24115  2.31745e-04 | 27 -0.16672  2.76421e-05
 28  0.03102 -1.05167e-04 | 29  0.02008  8.46507e-05 | 30  0.03998  1.87049e-05
 31  0.03759  4.59179e-05 | 32 -0.03950 -8.78460e-05 | 33  0.01944 -4.93928e-05
 34 -0.13426 -6.58585e-05 | 35  0.03572 -7.81721e-05 | 36 -0.12129  3.26813e-05
 37 -0.04654  5.37053e-05 | 38 -0.12568 -1.74559e-05 | 39 -0.10314  2.23865e-05
 40 -0.09217 -1.56759e-05 | 41  0.38042 -2.14880e-05 | 42 -0.14798 -7.55798e-08
 43  0.07505  2.86419e-05 | 44 -0.05032 -1.37330e-04 | 45  0.14271  3.29732e-05
 46 -0.06266 -7.46014e-05 | 47 -0.20946  1.71835e-05 | 48 -0.25404 -2.32440e-05
 49 -0.05395 -1.18368e-04 | 50 -0.13585 -3.01777e-05 | 51  0.11910 -1.09222e-04
 52  0.14846 -5.29127e-05 | 53 -0.02123 -6.21201e-05 | 54  0.04745 -8.33838e-05
 55  0.09731  2.64116e-05 | 56 -0.06285  7.04466e-05 | 57  0.07233  4.82850e-05
 58 -0.00654 -2.98625e-05 | 59  0.03479 -1.16368e-05 | 60  0.11048 -4.51466e-04
 61 -0.19639  5.74974e-04 | 62 -0.01050 -6.09446e-05 | 63 -0.25987 -1.18913e-04
 64 -0.69597  5.43449e-06 | 65 -0.37017 -8.23625e-06 | 66  0.30420 -1.68020e-05
 67 -0.14330  1.06914e-04 | 68 -0.46219 -1.43704e-05 | 69 -0.19867  5.04042e-05
 70 -0.53544 -1.10625e-05 | 71  0.32203 -6.10056e-05 | 72 -0.16903  2.90749e-04
 73  1.66030 -1.62766e-07 | 74 -0.07339  1.60568e-03 | 75 -0.25297 -1.06077e-03
 76  0.85603  1.23906e-08 | 77 -0.16299  1.54664e-04 | 78 -0.35520 -4.42838e-05
 79 -0.12840  6.14453e-05 | 80 -0.06738  2.81079e-04 | 81 -0.02488 -5.99124e-05
 82  0.00389  5.62460e-05 | 83 -0.13075 -2.40790e-06 | 84  0.51424 -6.95555e-05
 85 -0.13258  2.28564e-04 | 86  0.36719 -1.02308e-04 | 87 -0.26580  3.13383e-04
 88 -0.04876  6.85635e-04 | 89 -0.33022 -3.60424e-04 | 90  0.03738 -7.51430e-05
 91 -0.20920  8.66755e-05 |

Initial statistics: 111 variables; iteration 0; function evaluation 0; phase 5
Function value 1.7491271e+03; maximum gradient component mag 1.6035e-03
Var    Value     Gradient |Var    Value     Gradient |Var    Value     Gradient
  1 -0.04823 -9.67196e-05 |  2 -0.02549 -1.65065e-04 |  3  0.17636 -1.91112e-05
  4 -0.56064  1.65869e-05 |  5  0.13601 -2.58795e-04 |  6 -0.16454 -5.27095e-05
  7  0.07562  6.09656e-06 |  8 -0.06494  3.45176e-05 |  9  0.01371  7.22676e-04
 10  0.11270 -8.98888e-07 | 11  0.07163  1.57395e-04 | 12  0.17836  1.07822e-04
 13  0.06084  2.81630e-05 | 14  0.02402  1.90469e-04 | 15  0.11927  2.63590e-04
 16  0.02016  2.27321e-04 | 17  0.17947  1.46649e-04 | 18 -0.01524 -1.26639e-04
 19 -0.02330 -8.94212e-05 | 20 -0.05350  8.12991e-05 | 21  0.11886  3.87637e-05
 22 -0.01624  3.13694e-05 | 23 -0.10013 -5.88826e-05 | 24 -0.17313 -1.66057e-05
 25 -0.16121 -7.46569e-05 | 26  0.24115  2.17291e-04 | 27 -0.16672  1.27375e-05
 28  0.03102 -1.20357e-04 | 29  0.02008  6.92117e-05 | 30  0.03998  3.36609e-06
 31  0.03759  3.05094e-05 | 32 -0.03950 -1.03087e-04 | 33  0.01944 -6.47258e-05
 34 -0.13426 -8.08305e-05 | 35  0.03572 -9.33986e-05 | 36 -0.12129  1.75517e-05
 37 -0.04654  3.83228e-05 | 38 -0.12568 -3.24956e-05 | 39 -0.10314  7.19826e-06
 40 -0.09217 -3.08772e-05 | 41  0.38042 -3.42093e-05 | 42 -0.14798 -1.50329e-05
 43  0.07505  1.33438e-05 | 44 -0.05032 -1.52486e-04 | 45  0.14271  1.79789e-05
 46 -0.06266 -8.98150e-05 | 47 -0.20946  2.61115e-06 | 48 -0.25404 -3.73794e-05
 49 -0.05395 -1.33551e-04 | 50 -0.13585 -4.51639e-05 | 51  0.11910 -1.24156e-04
 52  0.14846 -6.77777e-05 | 53 -0.02123 -7.74194e-05 | 54  0.04745 -9.86070e-05
 55  0.09731  1.12112e-05 | 56 -0.06285  5.50541e-05 | 57  0.07233  3.29598e-05
 58 -0.00654 -4.51887e-05 | 59  0.00000 -8.63601e-13 | 60  0.00000 -8.17448e-13
 61  0.00000 -7.16420e-13 | 62  0.00000 -5.50329e-13 | 63  0.00000 -3.31554e-13
 64  0.00000 -1.12620e-13 | 65  0.00000 -6.49891e-15 | 66  0.00000 -6.43223e-18
 67  0.00000  0.00000e+00 | 68  0.00000  0.00000e+00 | 69  0.00000  0.00000e+00
 70  0.00000  0.00000e+00 | 71  0.00000  0.00000e+00 | 72  0.00000  0.00000e+00
 73  0.00000  0.00000e+00 | 74  0.00000  0.00000e+00 | 75  0.00000  0.00000e+00
 76  0.00000  0.00000e+00 | 77  0.00000  0.00000e+00 | 78  0.00000  0.00000e+00
 79  0.03479 -1.16068e-05 | 80  0.11048 -4.50867e-04 | 81 -0.19639  5.74223e-04
 82 -0.01050 -6.08660e-05 | 83 -0.25987 -1.18864e-04 | 84 -0.69597  5.42836e-06
 85 -0.37017 -8.26256e-06 | 86  0.30420 -1.67413e-05 | 87 -0.14330  1.06714e-04
 88 -0.46219 -1.43329e-05 | 89 -0.19867  5.03115e-05 | 90 -0.53544 -1.10430e-05
 91  0.32203 -6.09385e-05 | 92 -0.16903  2.90376e-04 | 93  0.33970  1.62822e-07
 94 -0.07339  1.60350e-03 | 95 -0.25297 -1.05928e-03 | 96  0.85603  1.22118e-08
 97 -0.16299  1.54479e-04 | 98 -0.35520 -4.42305e-05 | 99 -0.12840  6.13603e-05
100 -0.06738  2.80735e-04 |101 -0.02488 -5.98663e-05 |102  0.00389  5.61605e-05
103 -0.13075 -2.40661e-06 |104  0.51424 -6.94641e-05 |105 -0.13258  2.28261e-04
106  0.36719 -1.02124e-04 |107 -0.26580  3.12873e-04 |108 -0.04876  6.84792e-04
109 -0.33022 -3.59971e-04 |110  0.03738 -7.50410e-05 |111 -0.20920  8.65256e-05
  ic > imax  in fminim is answer attained ?
Var    Value     Gradient |Var    Value     Gradient |Var    Value     Gradient
  1 -0.04823 -9.67196e-05 |  2 -0.02549 -1.65065e-04 |  3  0.17636 -1.91112e-05
  4 -0.56064  1.65869e-05 |  5  0.13601 -2.58795e-04 |  6 -0.16454 -5.27095e-05
  7  0.07562  6.09656e-06 |  8 -0.06494  3.45176e-05 |  9  0.01371  7.22676e-04
 10  0.11270 -8.98888e-07 | 11  0.07163  1.57395e-04 | 12  0.17836  1.07822e-04
 13  0.06084  2.81630e-05 | 14  0.02402  1.90469e-04 | 15  0.11927  2.63590e-04
 16  0.02016  2.27321e-04 | 17  0.17947  1.46649e-04 | 18 -0.01524 -1.26639e-04
 19 -0.02330 -8.94212e-05 | 20 -0.05350  8.12991e-05 | 21  0.11886  3.87637e-05
 22 -0.01624  3.13694e-05 | 23 -0.10013 -5.88826e-05 | 24 -0.17313 -1.66057e-05
 25 -0.16121 -7.46569e-05 | 26  0.24115  2.17291e-04 | 27 -0.16672  1.27375e-05
 28  0.03102 -1.20357e-04 | 29  0.02008  6.92117e-05 | 30  0.03998  3.36609e-06
 31  0.03759  3.05094e-05 | 32 -0.03950 -1.03087e-04 | 33  0.01944 -6.47258e-05
 34 -0.13426 -8.08305e-05 | 35  0.03572 -9.33986e-05 | 36 -0.12129  1.75517e-05
 37 -0.04654  3.83228e-05 | 38 -0.12568 -3.24956e-05 | 39 -0.10314  7.19826e-06
 40 -0.09217 -3.08772e-05 | 41  0.38042 -3.42093e-05 | 42 -0.14798 -1.50329e-05
 43  0.07505  1.33438e-05 | 44 -0.05032 -1.52486e-04 | 45  0.14271  1.79789e-05
 46 -0.06266 -8.98150e-05 | 47 -0.20946  2.61115e-06 | 48 -0.25404 -3.73794e-05
 49 -0.05395 -1.33551e-04 | 50 -0.13585 -4.51639e-05 | 51  0.11910 -1.24156e-04
 52  0.14846 -6.77777e-05 | 53 -0.02123 -7.74194e-05 | 54  0.04745 -9.86070e-05
 55  0.09731  1.12112e-05 | 56 -0.06285  5.50541e-05 | 57  0.07233  3.29598e-05
 58 -0.00654 -4.51887e-05 | 59  0.00000 -8.63601e-13 | 60  0.00000 -8.17448e-13
 61  0.00000 -7.16420e-13 | 62  0.00000 -5.50329e-13 | 63  0.00000 -3.31554e-13
 64  0.00000 -1.12620e-13 | 65  0.00000 -6.49891e-15 | 66  0.00000 -6.43223e-18
 67  0.00000  0.00000e+00 | 68  0.00000  0.00000e+00 | 69  0.00000  0.00000e+00
 70  0.00000  0.00000e+00 | 71  0.00000  0.00000e+00 | 72  0.00000  0.00000e+00
 73  0.00000  0.00000e+00 | 74  0.00000  0.00000e+00 | 75  0.00000  0.00000e+00
 76  0.00000  0.00000e+00 | 77  0.00000  0.00000e+00 | 78  0.00000  0.00000e+00
 79  0.03479 -1.16068e-05 | 80  0.11048 -4.50867e-04 | 81 -0.19639  5.74223e-04
 82 -0.01050 -6.08660e-05 | 83 -0.25987 -1.18864e-04 | 84 -0.69597  5.42836e-06
 85 -0.37017 -8.26256e-06 | 86  0.30420 -1.67413e-05 | 87 -0.14330  1.06714e-04
 88 -0.46219 -1.43329e-05 | 89 -0.19867  5.03115e-05 | 90 -0.53544 -1.10430e-05
 91  0.32203 -6.09385e-05 | 92 -0.16903  2.90376e-04 | 93  0.33970  1.62822e-07
 94 -0.07339  1.60350e-03 | 95 -0.25297 -1.05928e-03 | 96  0.85603  1.22118e-08
 97 -0.16299  1.54479e-04 | 98 -0.35520 -4.42305e-05 | 99 -0.12840  6.13603e-05
100 -0.06738  2.80735e-04 |101 -0.02488 -5.98663e-05 |102  0.00389  5.61605e-05
103 -0.13075 -2.40661e-06 |104  0.51424 -6.94641e-05 |105 -0.13258  2.28261e-04
106  0.36719 -1.02124e-04 |107 -0.26580  3.12873e-04 |108 -0.04876  6.84792e-04
109 -0.33022 -3.59971e-04 |110  0.03738 -7.50410e-05 |111 -0.20920  8.65256e-05
Function minimizer not making progress ... is minimum attained?
Minimprove criterion = 0.0000e+00

 - final statistics:
111 variables; iteration 1; function evaluation 30
Function value 1.7491e+03; maximum gradient component mag 1.6035e-03
Exit code = 1;  converg criter 1.0000e-04
Var    Value     Gradient |Var    Value     Gradient |Var    Value     Gradient
  1 -0.04823 -9.67196e-05 |  2 -0.02549 -1.65065e-04 |  3  0.17636 -1.91112e-05
  4 -0.56064  1.65869e-05 |  5  0.13601 -2.58795e-04 |  6 -0.16454 -5.27095e-05
  7  0.07562  6.09656e-06 |  8 -0.06494  3.45176e-05 |  9  0.01371  7.22676e-04
 10  0.11270 -8.98888e-07 | 11  0.07163  1.57395e-04 | 12  0.17836  1.07822e-04
 13  0.06084  2.81630e-05 | 14  0.02402  1.90469e-04 | 15  0.11927  2.63590e-04
 16  0.02016  2.27321e-04 | 17  0.17947  1.46649e-04 | 18 -0.01524 -1.26639e-04
 19 -0.02330 -8.94212e-05 | 20 -0.05350  8.12991e-05 | 21  0.11886  3.87637e-05
 22 -0.01624  3.13694e-05 | 23 -0.10013 -5.88826e-05 | 24 -0.17313 -1.66057e-05
 25 -0.16121 -7.46569e-05 | 26  0.24115  2.17291e-04 | 27 -0.16672  1.27375e-05
 28  0.03102 -1.20357e-04 | 29  0.02008  6.92117e-05 | 30  0.03998  3.36609e-06
 31  0.03759  3.05094e-05 | 32 -0.03950 -1.03087e-04 | 33  0.01944 -6.47258e-05
 34 -0.13426 -8.08305e-05 | 35  0.03572 -9.33986e-05 | 36 -0.12129  1.75517e-05
 37 -0.04654  3.83228e-05 | 38 -0.12568 -3.24956e-05 | 39 -0.10314  7.19826e-06
 40 -0.09217 -3.08772e-05 | 41  0.38042 -3.42093e-05 | 42 -0.14798 -1.50329e-05
 43  0.07505  1.33438e-05 | 44 -0.05032 -1.52486e-04 | 45  0.14271  1.79789e-05
 46 -0.06266 -8.98150e-05 | 47 -0.20946  2.61115e-06 | 48 -0.25404 -3.73794e-05
 49 -0.05395 -1.33551e-04 | 50 -0.13585 -4.51639e-05 | 51  0.11910 -1.24156e-04
 52  0.14846 -6.77777e-05 | 53 -0.02123 -7.74194e-05 | 54  0.04745 -9.86070e-05
 55  0.09731  1.12112e-05 | 56 -0.06285  5.50541e-05 | 57  0.07233  3.29598e-05
 58 -0.00654 -4.51887e-05 | 59  0.00000 -8.63601e-13 | 60  0.00000 -8.17448e-13
 61  0.00000 -7.16420e-13 | 62  0.00000 -5.50329e-13 | 63  0.00000 -3.31554e-13
 64  0.00000 -1.12620e-13 | 65  0.00000 -6.49891e-15 | 66  0.00000 -6.43223e-18
 67  0.00000  0.00000e+00 | 68  0.00000  0.00000e+00 | 69  0.00000  0.00000e+00
 70  0.00000  0.00000e+00 | 71  0.00000  0.00000e+00 | 72  0.00000  0.00000e+00
 73  0.00000  0.00000e+00 | 74  0.00000  0.00000e+00 | 75  0.00000  0.00000e+00
 76  0.00000  0.00000e+00 | 77  0.00000  0.00000e+00 | 78  0.00000  0.00000e+00
 79  0.03479 -1.16068e-05 | 80  0.11048 -4.50867e-04 | 81 -0.19639  5.74223e-04
 82 -0.01050 -6.08660e-05 | 83 -0.25987 -1.18864e-04 | 84 -0.69597  5.42836e-06
 85 -0.37017 -8.26256e-06 | 86  0.30420 -1.67413e-05 | 87 -0.14330  1.06714e-04
 88 -0.46219 -1.43329e-05 | 89 -0.19867  5.03115e-05 | 90 -0.53544 -1.10430e-05
 91  0.32203 -6.09385e-05 | 92 -0.16903  2.90376e-04 | 93  0.33970  1.62822e-07
 94 -0.07339  1.60350e-03 | 95 -0.25297 -1.05928e-03 | 96  0.85603  1.22118e-08
 97 -0.16299  1.54479e-04 | 98 -0.35520 -4.42305e-05 | 99 -0.12840  6.13603e-05
100 -0.06738  2.80735e-04 |101 -0.02488 -5.98663e-05 |102  0.00389  5.61605e-05
103 -0.13075 -2.40661e-06 |104  0.51424 -6.94641e-05 |105 -0.13258  2.28261e-04
106  0.36719 -1.02124e-04 |107 -0.26580  3.12873e-04 |108 -0.04876  6.84792e-04
109 -0.33022 -3.59971e-04 |110  0.03738 -7.50410e-05 |111 -0.20920  8.65256e-05
size of file gradfil1.tmp = 0
size of file gradfil2.tmp = 0
size of file varssave.tmp = 0
size of file cmpdiff.tmp = 200000008
