
Initial statistics: 2 variables; iteration 0; function evaluation 0; phase 1
Function value 3.6582796e+03; maximum gradient component mag 5.5844e+01
Var    Value     Gradient |Var    Value     Gradient |Var    Value     Gradient
  1  0.40967  5.58443e+01 |  2 -0.26198 -9.08748e+00 |

 - final statistics:
2 variables; iteration 3; function evaluation 17
Function value 3.6309e+03; maximum gradient component mag -5.5810e+00
Exit code = 1;  converg criter 1.0000e+01
Var    Value     Gradient |Var    Value     Gradient |Var    Value     Gradient
  1  0.06773 -5.58103e+00 |  2 -0.20715  1.40051e+00 |

Initial statistics: 11 variables; iteration 0; function evaluation 0; phase 2
Function value 3.6308761e+03; maximum gradient component mag -8.7203e+02
Var    Value     Gradient |Var    Value     Gradient |Var    Value     Gradient
  1 -0.22556 -3.22913e+02 |  2  0.00000 -3.84406e+02 |  3 -0.12819 -3.62497e+02
  4  0.03352  9.07754e+01 |  5 -0.28197  1.29517e+02 |  6  0.00000 -1.69278e+02
  7  0.11199 -8.72031e+02 |  8 -0.16086 -2.28597e+02 |  9  0.00000 -3.51851e+01
 10  0.06773 -5.58103e+00 | 11 -0.20715  1.40051e+00 |

Intermediate statistics: 11 variables; iteration 20; function evaluation 33; phase 2
Function value 3.5654106e+03; maximum gradient component mag -2.9888e+01
Var    Value     Gradient |Var    Value     Gradient |Var    Value     Gradient
  1 -0.11761  1.00380e+01 |  2  0.05664 -1.52941e+01 |  3 -0.08550 -1.75318e+01
  4 -0.03140 -1.39095e+00 |  5 -0.45446  6.17782e-01 |  6 -0.00957 -3.04680e+00
  7  0.13172 -2.98883e+01 |  8 -0.22806 -9.82265e+00 |  9  0.20632  1.07281e+00
 10  0.62328 -5.01785e+00 | 11 -0.17475  1.04443e-01 |

 - final statistics:
11 variables; iteration 24; function evaluation 37
Function value 3.5646e+03; maximum gradient component mag 3.3749e+00
Exit code = 1;  converg criter 1.0000e+01
Var    Value     Gradient |Var    Value     Gradient |Var    Value     Gradient
  1 -0.11271  3.37490e+00 |  2  0.05504  7.13999e-01 |  3 -0.07993  7.82177e-01
  4 -0.03200  9.83237e-02 |  5 -0.45363 -1.58004e-01 |  6 -0.01103  3.88152e-01
  7  0.13183  6.98623e-01 |  8 -0.22329 -6.31637e-02 |  9  0.20120 -1.33249e-01
 10  0.97718 -1.81692e-01 | 11 -0.17288  2.24890e-02 |

Initial statistics: 37 variables; iteration 0; function evaluation 0; phase 3
Function value 3.5646478e+03; maximum gradient component mag 1.4751e+03
Var    Value     Gradient |Var    Value     Gradient |Var    Value     Gradient
  1 -0.11271  3.37490e+00 |  2  0.05504  7.13999e-01 |  3 -0.07993  7.82177e-01
  4 -0.03200  9.83237e-02 |  5 -0.45363 -1.58004e-01 |  6 -0.01103  3.88152e-01
  7  0.13183  6.98623e-01 |  8 -0.22329 -6.31637e-02 |  9  0.20120 -1.33249e-01
 10  0.97718 -1.81692e-01 | 11 -0.17288  2.24890e-02 | 12 -0.11760 -3.82568e+02
 13 -0.33425  1.73725e+02 | 14 -0.10028  8.46931e+02 | 15  0.25350  4.21254e+02
 16 -0.21710 -7.32238e+02 | 17 -0.11760 -6.19590e+01 | 18 -0.33425  2.66514e+01
 19 -0.11760 -3.50670e+02 | 20 -0.33425  1.51521e+02 | 21 -0.11760 -1.10601e+02
 22 -0.33425 -8.46814e+00 | 23  0.02302  1.47514e+03 | 24 -0.31415 -1.06449e+03
 25  0.53959  1.12349e+01 | 26 -0.62714  4.72421e-04 | 27  0.00000  5.69305e+02
 28 -0.21635 -3.51510e+02 | 29  0.16024  7.05024e+01 | 30 -0.12294 -5.58739e+01
 31 -0.16953  3.43152e+01 | 32 -0.10028 -1.13621e+02 | 33 -0.34608  9.63196e+01
 34 -0.03900  2.67653e+02 | 35 -0.33425 -1.38158e+02 | 36  0.02302 -5.32342e+01
 37 -0.16953  5.85250e+01 |

Intermediate statistics: 37 variables; iteration 20; function evaluation 32; phase 3
Function value 3.1337473e+03; maximum gradient component mag 3.9672e+02
Var    Value     Gradient |Var    Value     Gradient |Var    Value     Gradient
  1 -0.00298  1.50833e+02 |  2 -0.04041 -9.93843e+01 |  3 -0.04499 -7.63018e+01
  4 -0.06877 -3.82692e+01 |  5 -0.31529  8.06104e+00 |  6 -0.14499 -2.10122e+01
  7  0.11102 -1.03548e+02 |  8 -0.08544  2.45687e+00 |  9 -0.01115 -2.39706e+01
 10  0.96917  2.21201e-01 | 11 -0.17435  8.18497e-02 | 12  0.15265 -4.50606e+01
 13 -0.18315  7.64312e+01 | 14 -0.25037  1.16339e+01 | 15  0.35932  1.88802e+01
 16 -0.13579 -1.19539e+00 | 17  0.17045 -1.70987e+01 | 18 -0.19884  1.79338e+01
 19  0.40812 -4.20802e+01 | 20 -0.12463  2.14569e+02 | 21  0.30605 -1.22848e+02
 22 -0.06987  3.96721e+02 | 23 -0.30166 -1.21380e+02 | 24 -0.65397  8.48448e+00
 25  0.47236 -1.33706e+01 | 26 -0.62707 -8.14427e-03 | 27  0.04673 -2.76321e-01
 28  0.05695  9.77068e+00 | 29 -0.20258 -1.75432e+00 | 30  0.51361  1.34255e+01
 31 -0.15120 -2.82229e+01 | 32  0.44436 -4.39164e+01 | 33 -0.21664  2.15957e+02
 34  0.00752 -1.45793e+02 | 35 -0.27161  1.16354e+02 | 36  0.02662 -3.28544e+01
 37 -0.21648  1.80110e+01 |
37 variables; iteration 40; function evaluation 59; phase 3
Function value 3.1032206e+03; maximum gradient component mag 2.0321e+02
Var    Value     Gradient |Var    Value     Gradient |Var    Value     Gradient
  1 -0.06539  2.03208e+02 |  2  0.00261  1.94664e+01 |  3 -0.05969  2.95641e+01
  4 -0.05132  1.95913e+01 |  5 -0.36290  3.47226e+00 |  6 -0.10486  1.45503e+00
  7  0.11166  2.11877e+01 |  8 -0.11413  6.98124e+00 |  9  0.01174  6.34412e+00
 10  0.22793 -2.65604e+01 | 11 -0.16838  2.98353e+00 | 12  0.12072 -8.12459e+01
 13 -0.20632  7.52684e+01 | 14 -0.24914  1.87941e+01 | 15  0.28821 -2.75546e+01
 16 -0.15437  4.99051e+01 | 17  0.23446 -1.68394e+00 | 18 -0.16432  4.97024e+00
 19  0.32544 -9.45467e+00 | 20 -0.17655  2.53173e+01 | 21  0.28671 -2.55412e+01
 22 -0.09972  1.97918e+01 | 23 -0.21995  5.98284e+01 | 24 -0.52576 -3.73916e+01
 25  0.41931 -7.23691e-01 | 26 -0.61203 -5.03746e-03 | 27 -0.00536  4.08471e+00
 28 -0.01552 -1.21435e+01 | 29 -0.11857 -1.92570e+00 | 30  0.40984 -9.17597e+00
 31 -0.17748  9.75853e+00 | 32  0.28542 -4.77695e+01 | 33 -0.29687  6.96215e+01
 34 -0.00242 -1.43830e+02 | 35 -0.28534  8.99782e+01 | 36  0.05500 -2.12700e+01
 37 -0.18944  1.65353e+01 |
37 variables; iteration 60; function evaluation 88; phase 3
Function value 3.0846800e+03; maximum gradient component mag 9.7283e+00
Var    Value     Gradient |Var    Value     Gradient |Var    Value     Gradient
  1 -0.16546  4.28465e-01 |  2 -0.01430  1.17168e+00 |  3 -0.06174  1.01539e+00
  4 -0.05979  3.17110e-01 |  5 -0.35132  2.00210e-02 |  6 -0.06324 -7.27627e-01
  7  0.10750 -2.19323e-01 |  8 -0.07632  1.78236e-01 |  9 -0.00548 -2.31518e-01
 10  0.03433 -1.52776e+00 | 11 -0.24571  5.81827e-02 | 12  0.22801 -8.17333e+00
 13 -0.16130  9.72834e+00 | 14 -0.26076  1.27342e+00 | 15  0.29907  7.10972e-01
 16 -0.15022 -1.41238e+00 | 17  0.19363 -1.93785e-02 | 18 -0.18218  6.45557e-04
 19  0.35365 -4.25608e-01 | 20 -0.17554 -1.20100e-01 | 21  0.37862 -2.03453e-01
 22 -0.07454  2.32746e+00 | 23 -0.18104 -2.40525e+00 | 24 -0.35873  2.08300e+00
 25  0.31408  2.19868e+00 | 26 -0.12779 -3.23923e-01 | 27 -0.00427  2.18152e+00
 28  0.01177 -5.23534e-01 | 29 -0.11951  4.39349e-01 | 30  0.45870  1.05074e+00
 31 -0.16005 -6.71802e-01 | 32  0.45393 -2.38611e+00 | 33 -0.26501  1.57733e+00
 34  0.09197  5.09893e+00 | 35 -0.20908 -4.77296e-01 | 36  0.05782 -1.84860e+00
 37 -0.18606  1.15803e+00 |
Maximum number of function evaluations exceeded

 - final statistics:
37 variables; iteration 70; function evaluation 100
Function value 3.0832e+03; maximum gradient component mag 5.7152e+01
Exit code = 3;  converg criter 1.0000e+00
Var    Value     Gradient |Var    Value     Gradient |Var    Value     Gradient
  1 -0.17039  1.35262e+01 |  2 -0.02973  3.42453e-01 |  3 -0.04788  5.78471e-01
  4 -0.06468 -2.08017e+00 |  5 -0.34879 -5.35656e-01 |  6 -0.06716  6.15985e+00
  7  0.11317  5.47999e+00 |  8 -0.09138 -2.66162e+00 |  9  0.00089  3.57295e-01
 10  0.02343 -2.00994e+01 | 11 -0.25643 -6.72177e-01 | 12  0.29088  8.60210e+00
 13 -0.13598  1.26564e+01 | 14 -0.26592 -6.83139e+00 | 15  0.30561  2.53551e+00
 16 -0.14867 -6.14974e+00 | 17  0.17372 -1.80574e+00 | 18 -0.19472 -4.36350e-01
 19  0.38368  7.13778e+00 | 20 -0.16579 -3.97761e+00 | 21  0.39611  2.60054e+00
 22 -0.07144 -7.22712e+00 | 23 -0.16014  1.69254e+01 | 24 -0.34671 -1.18559e+01
 25 -0.10046  5.12967e+00 | 26  0.00304  5.71524e+01 | 27 -0.01104 -4.45937e-01
 28  0.00899  1.80127e+00 | 29 -0.10635  1.33328e+00 | 30  0.44032 -1.19376e+00
 31 -0.17036  4.34827e-01 | 32  0.62126 -3.26574e+00 | 33 -0.23472  2.23398e+01
 34  0.07454 -4.79952e+01 | 35 -0.21947  4.55145e+01 | 36  0.08180 -1.55645e-01
 37 -0.16267  4.00600e+00 |

Initial statistics: 94 variables; iteration 0; function evaluation 0; phase 4
Function value 3.0832372e+03; maximum gradient component mag -5.7651e+02
Var    Value     Gradient |Var    Value     Gradient |Var    Value     Gradient
  1 -0.17039  1.35262e+01 |  2 -0.02973  3.42453e-01 |  3 -0.04788  5.78471e-01
  4 -0.06468 -2.08017e+00 |  5 -0.34879 -5.35656e-01 |  6 -0.06716  6.15985e+00
  7  0.11317  5.47999e+00 |  8 -0.09138 -2.66162e+00 |  9  0.00089  3.57295e-01
 10  0.02343 -2.00994e+01 | 11  0.00000 -1.39744e+01 | 12  0.00000 -2.04620e+01
 13  0.00000 -2.50981e+01 | 14  0.00000 -1.99098e+01 | 15  0.00000 -1.48925e+01
 16  0.00000 -2.60615e+01 | 17  0.00000 -4.57006e+01 | 18  0.00000 -5.96189e+01
 19  0.00000  1.15659e+01 | 20  0.00000  8.49186e+01 | 21  0.00000  5.87675e+01
 22  0.00000 -3.04713e+01 | 23  0.00000  8.68794e+01 | 24  0.00000  1.86922e+02
 25  0.00000  1.88936e+02 | 26  0.00000 -4.11325e+01 | 27  0.00000 -3.47949e+02
 28  0.00000 -2.54942e+01 | 29  0.00000  2.12182e+01 | 30  0.00000  1.39315e+01
 31  0.00000 -2.58478e+01 | 32  0.00000 -2.42705e+01 | 33  0.00000  2.65931e+01
 34  0.00000  3.18801e+01 | 35  0.00000  5.80647e+01 | 36  0.00000  6.39753e+00
 37  0.00000  8.49288e+01 | 38  0.00000  9.48312e+01 | 39  0.00000  1.48779e+02
 40  0.00000  1.37332e+02 | 41  0.00000 -1.65977e+02 | 42  0.00000 -5.76513e+02
 43  0.00000 -8.47796e+01 | 44  0.00000  4.27025e+01 | 45  0.00000  9.37463e+01
 46  0.00000 -5.02834e+01 | 47  0.00000  1.30481e+02 | 48  0.00000  1.91741e+02
 49  0.00000  1.93373e+02 | 50  0.00000  9.94297e+01 | 51  0.00000  8.39857e+01
 52  0.00000 -1.16213e+02 | 53  0.00000 -1.86460e+02 | 54  0.00000 -3.38144e+01
 55  0.00000 -1.33812e+02 | 56  0.00000 -1.85985e+02 | 57  0.00000 -2.90658e+01
 58  0.00000 -6.77010e+01 | 59  0.00000  3.02686e+01 | 60  0.00000  5.78283e+01
 61  0.00000  9.89654e+01 | 62  0.00000  6.99357e+01 | 63  0.00000  2.23385e+01
 64  0.00000 -2.78891e+01 | 65  0.00000  2.67966e+01 | 66  0.00000  7.87114e-01
 67  0.00000 -4.95034e+00 | 68 -0.25643 -6.72177e-01 | 69  0.29088  8.60210e+00
 70 -0.13598  1.26564e+01 | 71 -0.26592 -6.83139e+00 | 72  0.30561  2.53551e+00
 73 -0.14867 -6.14974e+00 | 74  0.17372 -1.80574e+00 | 75 -0.19472 -4.36350e-01
 76  0.38368  7.13778e+00 | 77 -0.16579 -3.97761e+00 | 78  0.39611  2.60054e+00
 79 -0.07144 -7.22712e+00 | 80 -0.16014  1.69254e+01 | 81 -0.34671 -1.18559e+01
 82 -0.10046  5.12967e+00 | 83  0.00304  5.71524e+01 | 84 -0.01104 -4.45937e-01
 85  0.00899  1.80127e+00 | 86 -0.10635  1.33328e+00 | 87  0.44032 -1.19376e+00
 88 -0.17036  4.34827e-01 | 89  0.62126 -3.26574e+00 | 90 -0.23472  2.23398e+01
 91  0.07454 -4.79952e+01 | 92 -0.21947  4.55145e+01 | 93  0.08180 -1.55645e-01
 94 -0.16267  4.00600e+00 |

Intermediate statistics: 94 variables; iteration 20; function evaluation 26; phase 4
Function value 2.6879153e+03; maximum gradient component mag 8.9230e+02
Var    Value     Gradient |Var    Value     Gradient |Var    Value     Gradient
  1 -0.15002  2.86278e+02 |  2 -0.01288  4.95175e+01 |  3 -0.07192 -1.43966e+01
  4 -0.01722 -9.29423e+01 |  5 -0.41011 -8.53280e+00 |  6 -0.01652  8.45496e+01
  7  0.13736  7.74057e+02 |  8 -0.04574  1.66752e+02 |  9  0.13368 -1.59454e+01
 10 -0.00824 -7.41908e+01 | 11  0.13228 -3.90439e+01 | 12  0.16011 -3.50486e+01
 13  0.22496 -4.05172e+01 | 14  0.03530 -4.33917e+01 | 15 -0.07361 -4.79964e+01
 16  0.05876 -6.92856e+01 | 17 -0.00439 -4.67653e+01 | 18  0.22975 -3.97228e+01
 19 -0.19849 -4.21346e+01 | 20 -0.10183 -5.31076e+01 | 21 -0.06241 -5.35631e+01
 22  0.12396 -5.92000e+01 | 23 -0.05866 -4.66492e+01 | 24 -0.13808 -2.65692e+01
 25 -0.20426 -2.03160e+01 | 26 -0.08387 -1.00902e+00 | 27  0.29608  1.22227e+02
 28 -0.14265 -1.83610e+01 | 29  0.03663 -2.25787e+01 | 30  0.01556 -3.07060e+01
 31  0.06086 -3.34063e+01 | 32  0.05370 -3.84064e+01 | 33 -0.04353 -3.99820e+01
 34  0.02917 -3.60299e+01 | 35 -0.16878 -3.32406e+01 | 36  0.05896 -2.82202e+01
 37 -0.12143 -2.36165e+01 | 38 -0.03758 -1.90121e+01 | 39 -0.11240 -1.73485e+01
 40 -0.18707 -2.55718e+01 | 41 -0.15564 -3.96004e+01 | 42  0.44293 -4.20820e+01
 43 -0.22056 -4.50753e+01 | 44  0.04835 -2.97471e+01 | 45 -0.08357 -2.74975e+01
 46  0.16277  7.43695e+00 | 47 -0.10436 -2.47348e+01 | 48 -0.25621 -2.61902e+01
 49 -0.27176 -2.70720e+01 | 50 -0.04302 -3.30024e+01 | 51 -0.11096 -3.71174e+01
 52  0.17285 -2.86845e+01 | 53  0.24239 -1.15738e+01 | 54  0.04272 -3.38630e+01
 55  0.20939 -2.23384e+01 | 56  0.29481  5.23568e+00 | 57 -0.06084 -3.78031e+01
 58  0.15332 -2.88523e+01 | 59  0.01442 -2.94638e+01 | 60 -0.03040 -2.76318e+01
 61 -0.20517 -2.77767e+01 | 62 -0.09582 -2.96239e+01 | 63 -0.02130 -3.39180e+01
 64  0.06147 -3.83514e+01 | 65 -0.11820 -3.41374e+01 | 66 -0.00784 -3.11505e+01
 67  0.08147 -3.16167e+01 | 68 -0.06682 -5.67555e-02 | 69  0.10215 -1.67992e+01
 70 -0.20478  1.32745e+01 | 71 -0.26525 -5.71428e+00 | 72  0.27259 -1.64659e+01
 73 -0.15842  1.32352e+01 | 74  0.20690 -2.62357e+00 | 75 -0.16085  7.49057e-01
 76  0.23874  3.76033e+01 | 77 -0.23645 -1.63164e+02 | 78  0.14708 -1.76465e+01
 79 -0.13177 -7.09241e+00 | 80 -0.13836  4.45385e+01 | 81 -0.32393 -1.94625e+01
 82 -0.11713  4.56616e+00 | 83 -0.02731  1.30681e+02 | 84 -0.01652  6.21165e+00
 85 -0.01176  2.31321e+00 | 86 -0.12424  4.86387e+00 | 87  0.46123 -5.77019e+00
 88 -0.15162  8.90952e+00 | 89  0.56943  1.53812e+01 | 90 -0.23656 -8.81649e+01
 91  0.07289 -4.77588e+02 | 92 -0.13738  8.92302e+02 | 93  0.04925 -1.24565e+01
 94 -0.19128  1.86793e+01 |
94 variables; iteration 40; function evaluation 46; phase 4
Function value 2.6435938e+03; maximum gradient component mag 3.9139e+02
Var    Value     Gradient |Var    Value     Gradient |Var    Value     Gradient
  1 -0.13092 -4.49150e+01 |  2 -0.03075  4.43044e+01 |  3 -0.05483  1.22539e+01
  4  0.00841 -3.68824e+01 |  5 -0.38712  9.62543e+00 |  6 -0.04921  3.98978e+01
  7  0.12048  3.91392e+02 |  8 -0.05469  7.86241e+01 |  9  0.07963 -3.91205e+01
 10  0.04506  8.08637e+01 | 11  0.16060 -3.44143e+00 | 12  0.02920 -7.71445e+00
 13  0.13933  8.09383e+00 | 14  0.06695  1.29516e+01 | 15  0.12467  4.13560e+01
 16  0.09371  2.43901e+01 | 17 -0.03098 -6.35464e+00 | 18  0.17915 -2.69964e+01
 19 -0.53806 -2.13201e+01 | 20 -0.02606 -2.59325e+01 | 21 -0.16157 -3.12021e+01
 22  0.09305 -5.24215e+01 | 23 -0.04526 -1.16454e+01 | 24 -0.15120 -1.30727e+00
 25 -0.19658  1.00417e+00 | 26 -0.16575 -3.51640e+00 | 27  0.27181  6.58555e+01
 28 -0.13327  6.11809e+00 | 29  0.05006  2.61598e+01 | 30  0.03254  9.31141e-01
 31  0.03140 -4.14594e+01 | 32  0.03566 -4.42746e+01 | 33 -0.01741 -1.97100e+01
 34  0.02175 -1.52437e+01 | 35 -0.10981 -5.31149e+00 | 36  0.06820 -5.88265e+00
 37 -0.10604 -3.99687e+00 | 38  0.00157  6.31062e+00 | 39 -0.11143 -3.25317e+00
 40 -0.16278 -6.96683e+00 | 41 -0.16060 -2.17898e+01 | 42  0.45785 -1.88469e+01
 43 -0.13524 -1.82904e+01 | 44  0.04049 -1.98227e+01 | 45 -0.07105 -7.20279e+00
 46  0.18299  4.14308e+01 | 47 -0.09724 -5.96068e+00 | 48 -0.23963 -6.29791e+00
 49 -0.25678 -7.57410e+00 | 50 -0.03710 -1.45381e+01 | 51 -0.08636 -1.17183e+01
 52  0.18346 -3.66455e+00 | 53  0.28507  6.89172e+01 | 54  0.04437 -1.80079e+01
 55  0.19102 -3.16161e+01 | 56  0.28218 -2.11324e+01 | 57 -0.00826 -1.15678e+01
 58  0.13719 -3.32113e+01 | 59  0.02477 -1.23906e+01 | 60 -0.03291 -1.27524e+01
 61 -0.12272  8.84013e-02 | 62 -0.11138 -1.28663e+01 | 63  0.01963 -3.35762e+00
 64  0.06068 -2.24502e+01 | 65 -0.09038 -1.09865e+01 | 66  0.00444 -1.04431e+01
 67  0.05287 -1.36779e+01 | 68 -0.06695 -1.49618e+00 | 69  0.14584  3.37559e+01
 70 -0.19284 -6.34113e+01 | 71 -0.26558 -2.32106e+00 | 72  0.30886  9.85176e-01
 73 -0.14553  1.56346e+01 | 74  0.45156  8.30824e+00 | 75 -0.09212 -3.39681e+01
 76  0.29511  7.34786e+01 | 77 -0.20683 -1.77293e+02 | 78  0.21773  2.94445e+01
 79 -0.11717 -1.10235e+02 | 80 -0.13999  2.80283e+01 | 81 -0.33697 -2.12006e+01
 82 -0.15861 -1.99822e+00 | 83 -0.03921  5.06218e+01 | 84 -0.01705 -7.88231e+00
 85  0.00188  1.00840e+01 | 86 -0.11431  1.93038e+00 | 87  0.41744  8.91363e-01
 88 -0.18873 -9.48261e+00 | 89  0.41650 -2.63212e-01 | 90 -0.25750  1.00595e+01
 91  0.07168 -1.22297e+02 | 92 -0.19778  2.44318e+02 | 93  0.14652 -7.05788e+00
 94 -0.11550  2.28819e+01 |
94 variables; iteration 60; function evaluation 71; phase 4
Function value 2.6155352e+03; maximum gradient component mag 1.5030e+02
Var    Value     Gradient |Var    Value     Gradient |Var    Value     Gradient
  1 -0.16710  3.61792e+01 |  2 -0.04747  6.79950e+01 |  3  0.00083  7.48905e+01
  4 -0.00336  2.25612e+01 |  5 -0.37077  2.18473e+01 |  6 -0.04308  1.98345e+01
  7  0.11684  1.50304e+02 |  8 -0.10182  3.38594e+01 |  9  0.12027 -9.19371e+00
 10 -0.00898  2.68987e+01 | 11  0.10153 -1.89725e+01 | 12  0.09884 -1.91386e+01
 13  0.11870 -2.14559e+01 | 14  0.01581 -2.06135e+01 | 15  0.02321 -1.85931e+01
 16  0.03516 -2.21289e+01 | 17  0.01752 -1.83828e+01 | 18  0.15952 -1.39394e+01
 19 -0.07351 -1.63862e+01 | 20 -0.07288 -1.15473e+01 | 21 -0.06436 -1.62396e+01
 22  0.09030 -2.33622e+01 | 23 -0.03705 -7.04413e+00 | 24 -0.16010 -6.04881e+00
 25 -0.20862 -5.34152e+00 | 26 -0.16976 -8.22774e+00 | 27  0.26079  2.96486e+01
 28 -0.18690 -1.27170e+01 | 29  0.01310 -1.76207e+01 | 30  0.00157 -2.24809e+01
 31  0.03286 -3.14671e+01 | 32  0.04290 -2.32145e+01 | 33 -0.03310 -1.43510e+01
 34  0.00964 -1.18177e+01 | 35 -0.13579 -1.15383e+01 | 36  0.04582 -1.76616e+01
 37 -0.13782 -1.66382e+01 | 38 -0.04629 -1.72885e+01 | 39 -0.11626 -8.56638e+00
 40 -0.17960 -1.11985e+01 | 41 -0.11429 -2.09752e+01 | 42  0.43870 -2.19251e+01
 43 -0.10719 -1.79798e+01 | 44  0.03474 -2.07488e+01 | 45 -0.07101 -1.10709e+01
 46  0.14452 -7.04529e+00 | 47 -0.09766 -7.56801e+00 | 48 -0.23088 -5.99084e+00
 49 -0.23971 -5.68895e+00 | 50 -0.04988 -1.32974e+01 | 51 -0.08531 -1.23252e+01
 52  0.16505 -1.23842e+01 | 53  0.22500 -1.42762e+01 | 54  0.04323 -1.74788e+01
 55  0.19523 -1.83581e+01 | 56  0.26940 -1.77234e+01 | 57 -0.02548 -1.74453e+01
 58  0.14545 -2.14357e+01 | 59  0.02692 -1.29497e+01 | 60 -0.01394 -1.30145e+01
 61 -0.20870 -1.57032e+01 | 62 -0.06722 -1.10541e+01 | 63  0.01705 -9.05917e+00
 64  0.08246 -1.79584e+01 | 65 -0.06468 -1.31562e+01 | 66  0.01955 -1.59192e+01
 67  0.09587 -1.71982e+01 | 68 -0.05802  4.28832e+00 | 69  0.16992  3.00386e+01
 70 -0.18016 -5.32661e+01 | 71 -0.26559 -5.47322e+00 | 72  0.31537  2.73808e+00
 73 -0.14216  1.97864e+01 | 74  0.21074 -8.78346e+00 | 75 -0.14825  1.51411e+01
 76  0.35900  1.91854e+01 | 77 -0.16728 -3.60723e+01 | 78  0.31961  4.42733e+01
 79 -0.08304 -1.18251e+02 | 80 -0.13207  1.69867e+01 | 81 -0.32034 -1.11808e+01
 82 -0.16096 -2.26682e+00 | 83 -0.05155 -1.23465e+01 | 84 -0.01633 -8.33501e+00
 85 -0.01338  5.99683e-01 | 86 -0.12804 -3.49234e+00 | 87  0.38009 -6.89413e+00
 88 -0.20851 -3.97824e+00 | 89  0.39742 -1.08459e+01 | 90 -0.26014  3.65831e+01
 91  0.03107 -8.27105e+01 | 92 -0.23939  1.24818e+02 | 93  0.03486 -8.80604e+00
 94 -0.21425  3.82577e+00 |
94 variables; iteration 80; function evaluation 94; phase 4
Function value 2.6085177e+03; maximum gradient component mag 5.4029e+01
Var    Value     Gradient |Var    Value     Gradient |Var    Value     Gradient
  1 -0.19061 -3.43891e+01 |  2 -0.01727  1.84571e+01 |  3 -0.03661  1.77892e+01
  4  0.00081  1.83993e+01 |  5 -0.39562  5.16841e+00 |  6 -0.02586 -7.89177e+00
  7  0.11048 -5.41211e+00 |  8 -0.10740  3.36628e-01 |  9  0.14709  6.50393e+00
 10 -0.04605  5.13043e+01 | 11  0.11168 -1.60398e+00 | 12  0.09412 -1.83735e+00
 13  0.12279 -1.86492e+00 | 14  0.06098 -9.96333e-01 | 15  0.01126 -2.16065e+00
 16  0.04146 -3.69329e+00 | 17  0.05513  2.09203e+00 | 18  0.15277  3.71556e+00
 19 -0.03651  2.46917e+00 | 20 -0.06967  4.48113e+00 | 21 -0.05473  1.79488e+00
 22  0.10723  5.19523e+00 | 23 -0.04177  1.10145e+00 | 24 -0.15607  3.72113e+00
 25 -0.21031  3.92995e+00 | 26 -0.16858  8.88264e-01 | 27  0.26044  5.60163e+00
 28 -0.16316  1.39609e+00 | 29  0.01222 -5.93141e+00 | 30  0.00609 -1.86465e+00
 31  0.05072  4.36430e+00 | 32  0.04730  4.10394e+00 | 33 -0.03505  8.84235e-01
 34  0.00322 -1.62166e+00 | 35 -0.14057  2.36918e-01 | 36  0.04118 -3.91494e+00
 37 -0.13764 -1.58332e+00 | 38 -0.04978 -1.82096e+00 | 39 -0.12763  3.70531e+00
 40 -0.18305  1.71220e+00 | 41 -0.11719 -7.43916e+00 | 42  0.43163 -3.54127e+00
 43 -0.11443 -5.09698e+00 | 44  0.04180  6.73056e-01 | 45 -0.08119  1.10719e+00
 46  0.13244 -5.62133e+00 | 47 -0.11874 -3.55799e+00 | 48 -0.26351 -1.67609e-01
 49 -0.28046 -7.07058e-02 | 50 -0.05604  3.90102e-01 | 51 -0.09428  1.46468e+00
 52  0.15340 -4.32452e+00 | 53  0.21351 -1.18315e+01 | 54  0.04718 -1.28306e+00
 55  0.19256 -1.34449e+00 | 56  0.26859 -7.28240e-01 | 57 -0.01671 -1.41710e+00
 58  0.14469 -2.88128e+00 | 59  0.02752  6.22496e-01 | 60 -0.01687  1.82479e+00
 61 -0.18195  3.23689e-02 | 62 -0.08798 -2.55399e+00 | 63  0.00129 -2.09355e+00
 64  0.08411 -4.38164e+00 | 65 -0.06264  1.34604e-01 | 66  0.03724 -1.07146e+00
 67  0.13590 -2.06633e+00 | 68 -0.16661 -2.49882e+00 | 69  0.15017  2.06695e-03
 70 -0.18632 -8.87318e+00 | 71 -0.26291 -1.70130e+00 | 72  0.28138  3.38502e-01
 73 -0.15577 -4.00855e-01 | 74  0.27511  7.56020e-01 | 75 -0.12926  7.42453e-01
 76  0.34553  7.45487e+00 | 77 -0.16868 -9.73065e+00 | 78  0.25923  1.14143e+01
 79 -0.09425 -3.27008e+01 | 80 -0.13542  1.28604e+00 | 81 -0.31656  9.24501e-01
 82 -0.12971 -2.97615e-01 | 83 -0.05308 -3.69655e+00 | 84 -0.01422  9.58076e-01
 85 -0.01231 -2.33478e-01 | 86 -0.12407  9.50706e-01 | 87  0.45481 -3.17020e-01
 88 -0.15963 -9.94316e-01 | 89  0.41730  2.03831e+00 | 90 -0.25960 -3.96479e+00
 91  0.00750 -3.23066e+01 | 92 -0.26629  5.40293e+01 | 93  0.06151 -2.24409e+00
 94 -0.18680  5.71161e+00 |
94 variables; iteration 100; function evaluation 122; phase 4
Function value 2.6067064e+03; maximum gradient component mag 3.5526e+01
Var    Value     Gradient |Var    Value     Gradient |Var    Value     Gradient
  1 -0.21325 -3.49724e+01 |  2 -0.01816 -6.15969e+00 |  3 -0.03995 -4.97280e+00
  4 -0.00059  1.56574e+00 |  5 -0.40073 -3.01789e-01 |  6 -0.00471 -6.68683e+00
  7  0.11389 -1.01212e+01 |  8 -0.11526 -2.07848e+00 |  9  0.15180  3.27591e+00
 10 -0.08185  3.55259e+01 | 11  0.12478  2.36219e+00 | 12  0.11074  2.48106e+00
 13  0.11976  2.42393e+00 | 14  0.08134  4.65283e+00 | 15  0.01705  2.45603e+00
 16  0.05764  1.58133e+00 | 17  0.05966  3.65864e+00 | 18  0.15415 -1.19715e+00
 19 -0.02312  2.12186e+00 | 20 -0.08165  1.73532e+00 | 21 -0.03896  3.96370e+00
 22  0.11206  4.63589e+00 | 23 -0.03193  1.99726e+00 | 24 -0.16321  8.31782e-01
 25 -0.22124  1.28907e+00 | 26 -0.16105  1.44193e+00 | 27  0.26662 -1.55826e+00
 28 -0.18705 -2.15362e-01 | 29  0.02757  2.01976e+00 | 30  0.01025  1.09653e+00
 31  0.05017  3.02146e-01 | 32  0.04437  2.59012e-02 | 33 -0.03531  1.64221e+00
 34  0.00653  6.49825e-01 | 35 -0.16219 -5.91281e-01 | 36  0.04450  2.41791e+00
 37 -0.14779 -2.69883e-01 | 38 -0.04822  6.72113e-01 | 39 -0.15533 -1.20709e+00
 40 -0.21250 -1.32885e+00 | 41 -0.08691 -1.41150e+00 | 42  0.43051 -1.80680e+00
 43 -0.10064 -1.03268e+00 | 44  0.03805 -1.00747e+00 | 45 -0.09429 -1.62928e+00
 46  0.13413  3.62831e-01 | 47 -0.11443  9.15393e-01 | 48 -0.26826  7.32724e-01
 49 -0.28296  1.41851e+00 | 50 -0.05627  1.12641e+00 | 51 -0.11126 -1.07437e+00
 52  0.15327 -8.95337e-01 | 53  0.21897  1.27119e+00 | 54  0.04568 -3.55764e-02
 55  0.19191  3.76672e-01 | 56  0.26767  8.39570e-01 | 57 -0.01967 -2.37368e-01
 58  0.14752  4.28919e-01 | 59  0.02398 -2.39617e-02 | 60 -0.03132 -5.33825e-01
 61 -0.18203  1.70506e+00 | 62 -0.08756 -6.73810e-01 | 63 -0.00358 -1.12525e+00
 64  0.08579  1.87930e-01 | 65 -0.08032 -1.31141e+00 | 66  0.03411  3.90817e-01
 67  0.15638  1.04693e+00 | 68 -0.15019  4.64728e-01 | 69  0.15905 -2.57924e+00
 70 -0.17870  2.38859e+00 | 71 -0.26157  1.96356e+00 | 72  0.27838  1.10398e+00
 73 -0.15604 -2.84376e+00 | 74  0.25479  1.08542e+00 | 75 -0.13612 -1.13409e-01
 76  0.33249 -2.10895e+00 | 77 -0.17231  1.87096e+00 | 78  0.23829 -7.53091e+00
 79 -0.09575  1.49167e+01 | 80 -0.13887  5.38161e-01 | 81 -0.32166 -1.20890e-02
 82 -0.11780 -3.39112e-01 | 83 -0.05568  2.52996e-01 | 84 -0.01618  1.06228e+00
 85 -0.01242  2.84885e-01 | 86 -0.12347  1.31355e+00 | 87  0.50362 -4.78709e-01
 88 -0.13434  2.94646e+00 | 89  0.39522  7.09575e-01 | 90 -0.26428 -1.27563e+00
 91 -0.01529  2.99263e+00 | 92 -0.29593  2.58696e-01 | 93  0.04530  2.51526e+00
 94 -0.20498 -2.51723e+00 |
94 variables; iteration 120; function evaluation 146; phase 4
Function value 2.6062054e+03; maximum gradient component mag -6.5130e-02
Var    Value     Gradient |Var    Value     Gradient |Var    Value     Gradient
  1 -0.23015 -6.51301e-02 |  2 -0.01714 -4.87107e-04 |  3 -0.03856 -5.94384e-03
  4  0.00012  2.68996e-03 |  5 -0.40106  8.69188e-04 |  6  0.00784  3.35672e-03
  7  0.11416 -1.99795e-02 |  8 -0.11262 -7.00402e-03 |  9  0.14812  5.27021e-03
 10 -0.11122  4.78178e-02 | 11  0.12872  4.10641e-03 | 12  0.10601  7.60140e-03
 13  0.14584  2.71878e-03 | 14  0.05801  5.21685e-03 | 15  0.01792  3.07949e-03
 16  0.07935 -8.91255e-04 | 17  0.03398  5.90379e-03 | 18  0.17404  9.93290e-03
 19 -0.03507  6.24620e-03 | 20 -0.07259  6.04379e-03 | 21 -0.04082  3.94847e-03
 22  0.11826  1.77324e-02 | 23 -0.02746  4.11279e-03 | 24 -0.15723  8.00817e-04
 25 -0.22025 -5.55712e-04 | 26 -0.16338  3.88985e-03 | 27  0.27434  1.61971e-02
 28 -0.18033  1.60911e-03 | 29  0.03090  6.04503e-03 | 30  0.01429  3.15587e-03
 31  0.05394  2.41092e-03 | 32  0.04815  2.48937e-03 | 33 -0.03750  2.73404e-03
 34  0.00684  1.85678e-03 | 35 -0.15709 -1.29632e-04 | 36  0.04028 -2.86280e-03
 37 -0.14665  1.91445e-04 | 38 -0.05416 -4.95528e-04 | 39 -0.15421  6.89474e-04
 40 -0.20968  6.92826e-04 | 41 -0.08324  3.90238e-03 | 42  0.42992  1.36298e-03
 43 -0.09643  2.28173e-03 | 44  0.03888  2.37244e-03 | 45 -0.09046  3.55615e-04
 46  0.13167  1.15065e-03 | 47 -0.12014  1.50248e-03 | 48 -0.27581  2.03553e-03
 49 -0.29443  1.46174e-03 | 50 -0.06250  2.16681e-03 | 51 -0.10960  1.82758e-04
 52  0.15046  5.62579e-04 | 53  0.21469  4.14798e-03 | 54  0.04253  1.70743e-03
 55  0.18882  1.60987e-03 | 56  0.26375  5.82986e-04 | 57 -0.02123  1.86949e-03
 58  0.14564  1.69211e-03 | 59  0.02253  7.80307e-04 | 60 -0.02899  5.77594e-04
 61 -0.19678  2.91179e-03 | 62 -0.08355  3.06894e-04 | 63 -0.00030 -1.00499e-03
 64  0.08640  2.26092e-03 | 65 -0.07359  3.20084e-03 | 66  0.03096  7.28016e-04
 67  0.13862  2.01897e-03 | 68 -0.16904 -1.26246e-03 | 69  0.16856  1.44590e-02
 70 -0.17377 -2.42545e-02 | 71 -0.26333  3.89638e-03 | 72  0.27738  1.61450e-03
 73 -0.15578 -3.26715e-03 | 74  0.20739  5.40654e-03 | 75 -0.15835 -2.43500e-02
 76  0.33971  6.00574e-03 | 77 -0.17011 -1.96050e-02 | 78  0.24853  1.27857e-02
 79 -0.09308 -3.97231e-02 | 80 -0.14090 -3.90398e-03 | 81 -0.32409  2.02123e-03
 82 -0.11069 -4.03792e-04 | 83 -0.05752  1.11874e-03 | 84 -0.01528 -1.24913e-03
 85 -0.01117 -4.05595e-04 | 86 -0.12890  7.15939e-04 | 87  0.47925  9.24040e-03
 88 -0.14714 -8.24032e-03 | 89  0.39396  7.68531e-03 | 90 -0.26488 -4.52290e-02
 91 -0.01696 -6.82837e-03 | 92 -0.29787  1.83992e-02 | 93  0.04531  3.78373e-03
 94 -0.20337 -9.73360e-04 |
  ic > imax  in fminim is answer attained ?
Var    Value     Gradient |Var    Value     Gradient |Var    Value     Gradient
  1 -0.23014 -3.00963e-03 |  2 -0.01714  5.16233e-04 |  3 -0.03856 -1.29740e-04
  4  0.00012 -3.27005e-04 |  5 -0.40106  1.08486e-04 |  6  0.00782 -4.14423e-04
  7  0.11416  2.43265e-03 |  8 -0.11262  1.09301e-04 |  9  0.14811  4.47643e-04
 10 -0.11120  3.06826e-03 | 11  0.12876 -2.97711e-04 | 12  0.10591 -5.64442e-04
 13  0.14591 -2.04430e-04 | 14  0.05797  2.58359e-04 | 15  0.01790  1.30003e-04
 16  0.07938  4.52047e-04 | 17  0.03394  3.65927e-04 | 18  0.17404 -6.26815e-04
 19 -0.03507  4.73819e-04 | 20 -0.07261 -1.63052e-04 | 21 -0.04081  5.88015e-05
 22  0.11825  1.09064e-03 | 23 -0.02746  2.89230e-04 | 24 -0.15723 -7.87535e-05
 25 -0.22023 -2.16122e-04 | 26 -0.16339  2.47572e-04 | 27  0.27434  1.77940e-03
 28 -0.18032  1.23447e-04 | 29  0.03090  3.20506e-04 | 30  0.01429  2.89707e-04
 31  0.05394  2.24420e-04 | 32  0.04815  6.07767e-05 | 33 -0.03750 -8.19457e-06
 34  0.00684 -3.34515e-04 | 35 -0.15708 -5.29509e-05 | 36  0.04028 -6.89686e-05
 37 -0.14664 -8.09443e-05 | 38 -0.05415 -1.15606e-04 | 39 -0.15420 -2.26492e-04
 40 -0.20967 -2.44875e-04 | 41 -0.08325  1.47849e-04 | 42  0.42992  3.85984e-04
 43 -0.09643  1.92391e-04 | 44  0.03888 -1.04751e-04 | 45 -0.09045 -3.04898e-04
 46  0.13167 -7.07377e-05 | 47 -0.12013 -2.30878e-04 | 48 -0.27581 -2.64921e-04
 49 -0.29443 -2.20009e-04 | 50 -0.06249 -7.81702e-05 | 51 -0.10959 -2.16075e-04
 52  0.15046 -2.61772e-04 | 53  0.21469  2.53708e-04 | 54  0.04253 -2.29533e-04
 55  0.18882 -2.85059e-04 | 56  0.26375 -2.96332e-04 | 57 -0.02123 -1.17202e-04
 58  0.14565 -8.07672e-05 | 59  0.02254 -1.31917e-04 | 60 -0.02899 -1.84119e-04
 61 -0.19679 -6.27218e-05 | 62 -0.08355 -2.58361e-04 | 63 -0.00030 -1.87658e-04
 64  0.08639 -2.44294e-04 | 65 -0.07360 -4.62540e-05 | 66  0.03096 -1.87557e-04
 67  0.13861 -2.51698e-04 | 68 -0.16902 -1.47914e-04 | 69  0.16856  3.44857e-04
 70 -0.17377 -1.95263e-04 | 71 -0.26334  1.41722e-04 | 72  0.27738  5.10710e-04
 73 -0.15578 -8.40547e-04 | 74  0.20757  1.29142e-04 | 75 -0.15823 -1.32462e-03
 76  0.33972 -9.69865e-04 | 77 -0.17011  5.34265e-04 | 78  0.24854  1.03763e-03
 79 -0.09307 -2.47266e-03 | 80 -0.14090  2.49460e-04 | 81 -0.32409 -2.23655e-04
 82 -0.11069 -1.23290e-04 | 83 -0.05752  3.22098e-04 | 84 -0.01527  6.26592e-05
 85 -0.01116 -4.19113e-06 | 86 -0.12892  9.38630e-05 | 87  0.47907 -8.09718e-04
 88 -0.14721  1.02528e-03 | 89  0.39409  3.18205e-04 | 90 -0.26484 -2.88549e-04
 91 -0.01698  9.06573e-04 | 92 -0.29789 -1.05145e-03 | 93  0.04530 -4.52075e-04
 94 -0.20337  6.93934e-04 |
Function minimizer not making progress ... is minimum attained?
Minimprove criterion = 0.0000e+00

 - final statistics:
94 variables; iteration 127; function evaluation 182
Function value 2.6062e+03; maximum gradient component mag 3.0683e-03
Exit code = 1;  converg criter 1.0000e-04
Var    Value     Gradient |Var    Value     Gradient |Var    Value     Gradient
  1 -0.23014 -3.00963e-03 |  2 -0.01714  5.16233e-04 |  3 -0.03856 -1.29740e-04
  4  0.00012 -3.27005e-04 |  5 -0.40106  1.08486e-04 |  6  0.00782 -4.14423e-04
  7  0.11416  2.43265e-03 |  8 -0.11262  1.09301e-04 |  9  0.14811  4.47643e-04
 10 -0.11120  3.06826e-03 | 11  0.12876 -2.97711e-04 | 12  0.10591 -5.64442e-04
 13  0.14591 -2.04430e-04 | 14  0.05797  2.58359e-04 | 15  0.01790  1.30003e-04
 16  0.07938  4.52047e-04 | 17  0.03394  3.65927e-04 | 18  0.17404 -6.26815e-04
 19 -0.03507  4.73819e-04 | 20 -0.07261 -1.63052e-04 | 21 -0.04081  5.88015e-05
 22  0.11825  1.09064e-03 | 23 -0.02746  2.89230e-04 | 24 -0.15723 -7.87535e-05
 25 -0.22023 -2.16122e-04 | 26 -0.16339  2.47572e-04 | 27  0.27434  1.77940e-03
 28 -0.18032  1.23447e-04 | 29  0.03090  3.20506e-04 | 30  0.01429  2.89707e-04
 31  0.05394  2.24420e-04 | 32  0.04815  6.07767e-05 | 33 -0.03750 -8.19457e-06
 34  0.00684 -3.34515e-04 | 35 -0.15708 -5.29509e-05 | 36  0.04028 -6.89686e-05
 37 -0.14664 -8.09443e-05 | 38 -0.05415 -1.15606e-04 | 39 -0.15420 -2.26492e-04
 40 -0.20967 -2.44875e-04 | 41 -0.08325  1.47849e-04 | 42  0.42992  3.85984e-04
 43 -0.09643  1.92391e-04 | 44  0.03888 -1.04751e-04 | 45 -0.09045 -3.04898e-04
 46  0.13167 -7.07377e-05 | 47 -0.12013 -2.30878e-04 | 48 -0.27581 -2.64921e-04
 49 -0.29443 -2.20009e-04 | 50 -0.06249 -7.81702e-05 | 51 -0.10959 -2.16075e-04
 52  0.15046 -2.61772e-04 | 53  0.21469  2.53708e-04 | 54  0.04253 -2.29533e-04
 55  0.18882 -2.85059e-04 | 56  0.26375 -2.96332e-04 | 57 -0.02123 -1.17202e-04
 58  0.14565 -8.07672e-05 | 59  0.02254 -1.31917e-04 | 60 -0.02899 -1.84119e-04
 61 -0.19679 -6.27218e-05 | 62 -0.08355 -2.58361e-04 | 63 -0.00030 -1.87658e-04
 64  0.08639 -2.44294e-04 | 65 -0.07360 -4.62540e-05 | 66  0.03096 -1.87557e-04
 67  0.13861 -2.51698e-04 | 68 -0.16902 -1.47914e-04 | 69  0.16856  3.44857e-04
 70 -0.17377 -1.95263e-04 | 71 -0.26334  1.41722e-04 | 72  0.27738  5.10710e-04
 73 -0.15578 -8.40547e-04 | 74  0.20757  1.29142e-04 | 75 -0.15823 -1.32462e-03
 76  0.33972 -9.69865e-04 | 77 -0.17011  5.34265e-04 | 78  0.24854  1.03763e-03
 79 -0.09307 -2.47266e-03 | 80 -0.14090  2.49460e-04 | 81 -0.32409 -2.23655e-04
 82 -0.11069 -1.23290e-04 | 83 -0.05752  3.22098e-04 | 84 -0.01527  6.26592e-05
 85 -0.01116 -4.19113e-06 | 86 -0.12892  9.38630e-05 | 87  0.47907 -8.09718e-04
 88 -0.14721  1.02528e-03 | 89  0.39409  3.18205e-04 | 90 -0.26484 -2.88549e-04
 91 -0.01698  9.06573e-04 | 92 -0.29789 -1.05145e-03 | 93  0.04530 -4.52075e-04
 94 -0.20337  6.93934e-04 |

Initial statistics: 106 variables; iteration 0; function evaluation 0; phase 5
Function value 2.6062054e+03; maximum gradient component mag 3.0682e-03
Var    Value     Gradient |Var    Value     Gradient |Var    Value     Gradient
  1 -0.23014 -3.00962e-03 |  2 -0.01714  5.16235e-04 |  3 -0.03856 -1.29736e-04
  4  0.00012 -3.27001e-04 |  5 -0.40106  1.08487e-04 |  6  0.00782 -4.14419e-04
  7  0.11416  2.43265e-03 |  8 -0.11262  1.09301e-04 |  9  0.14811  4.47641e-04
 10 -0.11120  3.06824e-03 | 11  0.12876 -2.92121e-04 | 12  0.10591 -5.58811e-04
 13  0.14591 -1.98873e-04 | 14  0.05797  2.64038e-04 | 15  0.01790  1.35706e-04
 16  0.07938  4.57702e-04 | 17  0.03394  3.71620e-04 | 18  0.17404 -6.21324e-04
 19 -0.03507  4.79511e-04 | 20 -0.07261 -1.57384e-04 | 21 -0.04081  6.44937e-05
 22  0.11825  1.09625e-03 | 23 -0.02746  2.94929e-04 | 24 -0.15723 -7.32213e-05
 25 -0.22023 -2.10755e-04 | 26 -0.16339  2.53088e-04 | 27  0.27434  1.78458e-03
 28 -0.18032  1.28923e-04 | 29  0.03090  3.26202e-04 | 30  0.01429  2.95408e-04
 31  0.05394  2.30103e-04 | 32  0.04815  6.64649e-05 | 33 -0.03750 -2.49991e-06
 34  0.00684 -3.28809e-04 | 35 -0.15708 -4.74191e-05 | 36  0.04028 -6.32757e-05
 37 -0.14664 -7.53904e-05 | 38 -0.05415 -1.09922e-04 | 39 -0.15420 -2.20953e-04
 40 -0.20967 -2.39477e-04 | 41 -0.08325  1.53504e-04 | 42  0.42992  3.90437e-04
 43 -0.09643  1.98028e-04 | 44  0.03888 -9.90571e-05 | 45 -0.09045 -2.99250e-04
 46  0.13167 -6.51547e-05 | 47 -0.12013 -2.25273e-04 | 48 -0.27581 -2.59742e-04
 49 -0.29443 -2.14903e-04 | 50 -0.06249 -7.24929e-05 | 51 -0.10959 -2.10453e-04
 52  0.15046 -2.56225e-04 | 53  0.21469  2.59089e-04 | 54  0.04253 -2.23840e-04
 55  0.18882 -2.79602e-04 | 56  0.26375 -2.91108e-04 | 57 -0.02123 -1.11500e-04
 58  0.14565 -7.52111e-05 | 59  0.02254 -1.26215e-04 | 60 -0.02899 -1.78419e-04
 61 -0.19679 -5.72874e-05 | 62 -0.08355 -2.52704e-04 | 63 -0.00030 -1.81953e-04
 64  0.08639 -2.38640e-04 | 65 -0.07360 -4.05870e-05 | 66  0.03096 -1.81858e-04
 67  0.13861 -2.46127e-04 | 68  0.00000  0.00000e+00 | 69  0.00000  0.00000e+00
 70  0.00000  0.00000e+00 | 71  0.00000  0.00000e+00 | 72  0.00000  0.00000e+00
 73  0.00000  0.00000e+00 | 74  0.00000  0.00000e+00 | 75  0.00000  0.00000e+00
 76  0.00000  0.00000e+00 | 77  0.00000  0.00000e+00 | 78  0.00000  0.00000e+00
 79  0.00000  0.00000e+00 | 80 -0.16902 -1.47914e-04 | 81  0.16856  3.44859e-04
 82 -0.17377 -1.95264e-04 | 83 -0.26334  1.41722e-04 | 84  0.27738  5.10707e-04
 85 -0.15578 -8.40541e-04 | 86  0.20757  1.29142e-04 | 87 -0.15823 -1.32461e-03
 88  0.33972 -9.69864e-04 | 89 -0.17011  5.34265e-04 | 90  0.24854  1.03763e-03
 91 -0.09307 -2.47268e-03 | 92 -0.14090  2.49458e-04 | 93 -0.32409 -2.23654e-04
 94 -0.11069 -1.23289e-04 | 95 -0.05752  3.22096e-04 | 96 -0.01527  6.26580e-05
 97 -0.01116 -4.19104e-06 | 98 -0.12892  9.38625e-05 | 99  0.47907 -8.09716e-04
100 -0.14721  1.02527e-03 |101  0.39409  3.18206e-04 |102 -0.26484 -2.88553e-04
103 -0.01698  9.06567e-04 |104 -0.29789 -1.05145e-03 |105  0.04530 -4.52074e-04
106 -0.20337  6.93932e-04 |
  ic > imax  in fminim is answer attained ?
Var    Value     Gradient |Var    Value     Gradient |Var    Value     Gradient
  1 -0.23014  3.21485e-03 |  2 -0.01714 -2.19803e-04 |  3 -0.03856 -4.78968e-04
  4  0.00012 -5.34370e-04 |  5 -0.40106 -2.12200e-05 |  6  0.00782  2.88127e-04
  7  0.11416  5.91093e-04 |  8 -0.11262 -1.70644e-04 |  9  0.14811  2.69016e-04
 10 -0.11120 -1.92901e-03 | 11  0.12876 -5.84415e-04 | 12  0.10591 -8.18362e-04
 13  0.14591 -5.91078e-04 | 14  0.05797  6.50491e-05 | 15  0.01790 -5.79646e-06
 16  0.07938  1.71201e-04 | 17  0.03394  1.73768e-04 | 18  0.17404 -1.25636e-03
 19 -0.03507  3.81316e-04 | 20 -0.07261 -2.10627e-04 | 21 -0.04081 -3.30013e-05
 22  0.11825  6.00569e-04 | 23 -0.02746  1.72507e-04 | 24 -0.15723 -5.47523e-05
 25 -0.22023 -1.60475e-04 | 26 -0.16339  2.72440e-04 | 27  0.27434  4.92349e-04
 28 -0.18032  1.67620e-04 | 29  0.03090  2.01529e-04 | 30  0.01429  2.56720e-04
 31  0.05394  2.16586e-04 | 32  0.04815  9.09083e-05 | 33 -0.03750  8.93517e-05
 34  0.00684 -2.09438e-04 | 35 -0.15708  8.33271e-05 | 36  0.04028  1.38125e-04
 37 -0.14664  7.56581e-05 | 38 -0.05415  6.53512e-05 | 39 -0.15420 -7.84484e-05
 40 -0.20967 -1.13789e-04 | 41 -0.08325  2.69339e-04 | 42  0.42992  2.14735e-04
 43 -0.09643  3.01163e-04 | 44  0.03888 -1.11551e-05 | 45 -0.09045 -1.75945e-04
 46  0.13167  1.13058e-04 | 47 -0.12013 -8.47390e-05 | 48 -0.27581 -1.38153e-04
 49 -0.29443 -9.46375e-05 | 50 -0.06249  8.20000e-05 | 51 -0.10959 -6.50806e-05
 52  0.15046 -5.70047e-05 | 53  0.21469  4.45125e-04 | 54  0.04253 -7.22212e-05
 55  0.18882 -9.49449e-05 | 56  0.26375 -9.72195e-05 | 57 -0.02123  2.72903e-05
 58  0.14565  9.65586e-05 | 59  0.02254  2.50375e-05 | 60 -0.02899 -2.96070e-05
 61 -0.19679  7.05848e-05 | 62 -0.08355 -1.06148e-04 | 63 -0.00030 -1.92403e-05
 64  0.08639 -6.50454e-05 | 65 -0.07360  9.08653e-05 | 66  0.03096 -5.34319e-05
 67  0.13861 -1.23695e-04 | 68  0.00000  0.00000e+00 | 69  0.00000  0.00000e+00
 70  0.00000  0.00000e+00 | 71  0.00000  0.00000e+00 | 72  0.00000  0.00000e+00
 73  0.00000  0.00000e+00 | 74  0.00000  0.00000e+00 | 75  0.00000  0.00000e+00
 76  0.00000  0.00000e+00 | 77  0.00000  0.00000e+00 | 78  0.00000  0.00000e+00
 79  0.00000  0.00000e+00 | 80 -0.16902 -1.30053e-04 | 81  0.16856 -1.15030e-04
 82 -0.17377  4.78204e-04 | 83 -0.26334  1.19698e-04 | 84  0.27738  2.02106e-04
 85 -0.15578 -2.31107e-04 | 86  0.20757  9.75049e-05 | 87 -0.15823 -1.26917e-03
 88  0.33972 -1.15290e-03 | 89 -0.17011  8.41088e-04 | 90  0.24854  5.09640e-04
 91 -0.09307 -1.10557e-03 | 92 -0.14090  7.61802e-05 | 93 -0.32409 -1.54569e-04
 94 -0.11069 -1.46082e-04 | 95 -0.05752  1.69133e-05 | 96 -0.01527 -2.03125e-05
 97 -0.01116  1.82628e-05 | 98 -0.12892  6.94140e-05 | 99  0.47907 -8.26418e-04
100 -0.14721  1.04187e-03 |101  0.39409  2.11115e-04 |102 -0.26484  2.76012e-05
103 -0.01698 -4.39507e-04 |104 -0.29789 -1.47922e-04 |105  0.04530 -5.24232e-04
106 -0.20337  7.32356e-04 |
Function minimizer not making progress ... is minimum attained?
Minimprove criterion = 0.0000e+00

 - final statistics:
106 variables; iteration 2; function evaluation 32
Function value 2.6062e+03; maximum gradient component mag 3.2149e-03
Exit code = 1;  converg criter 1.0000e-04
Var    Value     Gradient |Var    Value     Gradient |Var    Value     Gradient
  1 -0.23014  3.21485e-03 |  2 -0.01714 -2.19803e-04 |  3 -0.03856 -4.78968e-04
  4  0.00012 -5.34370e-04 |  5 -0.40106 -2.12200e-05 |  6  0.00782  2.88127e-04
  7  0.11416  5.91093e-04 |  8 -0.11262 -1.70644e-04 |  9  0.14811  2.69016e-04
 10 -0.11120 -1.92901e-03 | 11  0.12876 -5.84415e-04 | 12  0.10591 -8.18362e-04
 13  0.14591 -5.91078e-04 | 14  0.05797  6.50491e-05 | 15  0.01790 -5.79646e-06
 16  0.07938  1.71201e-04 | 17  0.03394  1.73768e-04 | 18  0.17404 -1.25636e-03
 19 -0.03507  3.81316e-04 | 20 -0.07261 -2.10627e-04 | 21 -0.04081 -3.30013e-05
 22  0.11825  6.00569e-04 | 23 -0.02746  1.72507e-04 | 24 -0.15723 -5.47523e-05
 25 -0.22023 -1.60475e-04 | 26 -0.16339  2.72440e-04 | 27  0.27434  4.92349e-04
 28 -0.18032  1.67620e-04 | 29  0.03090  2.01529e-04 | 30  0.01429  2.56720e-04
 31  0.05394  2.16586e-04 | 32  0.04815  9.09083e-05 | 33 -0.03750  8.93517e-05
 34  0.00684 -2.09438e-04 | 35 -0.15708  8.33271e-05 | 36  0.04028  1.38125e-04
 37 -0.14664  7.56581e-05 | 38 -0.05415  6.53512e-05 | 39 -0.15420 -7.84484e-05
 40 -0.20967 -1.13789e-04 | 41 -0.08325  2.69339e-04 | 42  0.42992  2.14735e-04
 43 -0.09643  3.01163e-04 | 44  0.03888 -1.11551e-05 | 45 -0.09045 -1.75945e-04
 46  0.13167  1.13058e-04 | 47 -0.12013 -8.47390e-05 | 48 -0.27581 -1.38153e-04
 49 -0.29443 -9.46375e-05 | 50 -0.06249  8.20000e-05 | 51 -0.10959 -6.50806e-05
 52  0.15046 -5.70047e-05 | 53  0.21469  4.45125e-04 | 54  0.04253 -7.22212e-05
 55  0.18882 -9.49449e-05 | 56  0.26375 -9.72195e-05 | 57 -0.02123  2.72903e-05
 58  0.14565  9.65586e-05 | 59  0.02254  2.50375e-05 | 60 -0.02899 -2.96070e-05
 61 -0.19679  7.05848e-05 | 62 -0.08355 -1.06148e-04 | 63 -0.00030 -1.92403e-05
 64  0.08639 -6.50454e-05 | 65 -0.07360  9.08653e-05 | 66  0.03096 -5.34319e-05
 67  0.13861 -1.23695e-04 | 68  0.00000  0.00000e+00 | 69  0.00000  0.00000e+00
 70  0.00000  0.00000e+00 | 71  0.00000  0.00000e+00 | 72  0.00000  0.00000e+00
 73  0.00000  0.00000e+00 | 74  0.00000  0.00000e+00 | 75  0.00000  0.00000e+00
 76  0.00000  0.00000e+00 | 77  0.00000  0.00000e+00 | 78  0.00000  0.00000e+00
 79  0.00000  0.00000e+00 | 80 -0.16902 -1.30053e-04 | 81  0.16856 -1.15030e-04
 82 -0.17377  4.78204e-04 | 83 -0.26334  1.19698e-04 | 84  0.27738  2.02106e-04
 85 -0.15578 -2.31107e-04 | 86  0.20757  9.75049e-05 | 87 -0.15823 -1.26917e-03
 88  0.33972 -1.15290e-03 | 89 -0.17011  8.41088e-04 | 90  0.24854  5.09640e-04
 91 -0.09307 -1.10557e-03 | 92 -0.14090  7.61802e-05 | 93 -0.32409 -1.54569e-04
 94 -0.11069 -1.46082e-04 | 95 -0.05752  1.69133e-05 | 96 -0.01527 -2.03125e-05
 97 -0.01116  1.82628e-05 | 98 -0.12892  6.94140e-05 | 99  0.47907 -8.26418e-04
100 -0.14721  1.04187e-03 |101  0.39409  2.11115e-04 |102 -0.26484  2.76012e-05
103 -0.01698 -4.39507e-04 |104 -0.29789 -1.47922e-04 |105  0.04530 -5.24232e-04
106 -0.20337  7.32356e-04 |
size of file gradfil1.tmp = 0
size of file gradfil2.tmp = 0
size of file varssave.tmp = 0
size of file cmpdiff.tmp = 200000008
