
Initial statistics: 3 variables; iteration 0; function evaluation 0; phase 1
Function value 3.9554041e+03; maximum gradient component mag -5.6199e+01
Var    Value     Gradient |Var    Value     Gradient |Var    Value     Gradient
  1  0.12819  5.48267e+01 |  2 -0.12819  4.75090e+00 |  3 -0.21635 -5.61991e+01

 - final statistics:
3 variables; iteration 6; function evaluation 11
Function value 3.9459e+03; maximum gradient component mag 6.0274e+00
Exit code = 1;  converg criter 1.0000e+01
Var    Value     Gradient |Var    Value     Gradient |Var    Value     Gradient
  1  0.04818  6.02743e+00 |  2 -0.20162  1.19428e-01 |  3  0.05135 -3.67667e+00

Initial statistics: 13 variables; iteration 0; function evaluation 0; phase 2
Function value 3.9459474e+03; maximum gradient component mag 8.6075e+02
Var    Value     Gradient |Var    Value     Gradient |Var    Value     Gradient
  1 -0.26966 -3.30352e+02 |  2  0.00000 -2.78367e+02 |  3 -0.26198 -5.05391e+02
  4 -0.03352 -1.09454e+02 |  5  0.18446  2.26813e+02 |  6 -0.04247 -2.77090e+02
  7  0.33333  8.60754e+02 |  8 -0.53989  3.28394e+01 |  9  0.00000 -1.23268e+02
 10 -0.21635 -1.77213e+01 | 11  0.04818  6.02743e+00 | 12 -0.20162  1.19428e-01
 13  0.05135 -3.67667e+00 |

Intermediate statistics: 13 variables; iteration 20; function evaluation 31; phase 2
Function value 3.5798315e+03; maximum gradient component mag 2.6145e+01
Var    Value     Gradient |Var    Value     Gradient |Var    Value     Gradient
  1 -0.21810  2.61445e+01 |  2  0.09062 -2.74493e-01 |  3 -0.08070  2.81136e+00
  4 -0.02356  1.69317e+01 |  5 -0.48352 -1.37903e+00 |  6  0.12423  2.95733e+00
  7  0.14537  4.78354e+00 |  8 -0.30895  5.42280e+00 |  9  0.26365  8.11678e+00
 10 -0.23720  2.77712e+00 | 11  0.48036 -7.31139e+00 | 12 -0.16796 -1.45910e-01
 13  0.13769  1.54571e+00 |

 - final statistics:
13 variables; iteration 26; function evaluation 37
Function value 3.5786e+03; maximum gradient component mag 6.4999e+00
Exit code = 1;  converg criter 1.0000e+01
Var    Value     Gradient |Var    Value     Gradient |Var    Value     Gradient
  1 -0.20974  6.49991e+00 |  2  0.08785 -4.30189e+00 |  3 -0.07752 -2.71984e+00
  4 -0.02924  9.35857e-01 |  5 -0.47678 -2.41813e-01 |  6  0.11778 -3.87034e-01
  7  0.14699 -5.20911e+00 |  8 -0.31858 -8.53539e-01 |  9  0.26682 -5.67773e-01
 10 -0.25619  5.96520e-01 | 11  0.92634 -4.23437e-01 | 12 -0.15968  1.16941e-01
 13  0.08520 -1.40555e+00 |

Initial statistics: 44 variables; iteration 0; function evaluation 0; phase 3
Function value 3.5786309e+03; maximum gradient component mag 1.6168e+03
Var    Value     Gradient |Var    Value     Gradient |Var    Value     Gradient
  1 -0.20974  6.49991e+00 |  2  0.08785 -4.30189e+00 |  3 -0.07752 -2.71984e+00
  4 -0.02924  9.35857e-01 |  5 -0.47678 -2.41813e-01 |  6  0.11778 -3.87034e-01
  7  0.14699 -5.20911e+00 |  8 -0.31858 -8.53539e-01 |  9  0.26682 -5.67773e-01
 10 -0.25619  5.96520e-01 | 11  0.92634 -4.23437e-01 | 12 -0.15968  1.16941e-01
 13  0.08520 -1.40555e+00 | 14 -0.11760 -7.91306e+02 | 15 -0.33425  2.04895e+02
 16 -0.10723 -5.09603e+02 | 17 -0.11760  2.62241e+01 | 18 -0.33425 -2.04494e+01
 19 -0.11760 -3.29260e+02 | 20 -0.33425  1.35883e+02 | 21 -0.11760 -4.88326e+01
 22 -0.33425  2.09851e+01 | 23 -0.11760 -2.92568e+02 | 24 -0.33425  1.26398e+02
 25 -0.11760 -5.96551e+02 | 26 -0.33425  3.50290e+01 | 27 -0.10723 -7.19791e+02
 28  0.02302  1.61678e+03 | 29 -0.31415 -1.13765e+03 | 30  0.53959  1.80637e+01
 31 -0.62714  3.95924e-03 | 32  0.00000  6.08042e+02 | 33 -0.21635 -3.59751e+02
 34  0.16024  9.19233e+01 | 35 -0.11760  8.35506e-01 | 36 -0.10723 -1.84867e+02
 37 -0.10723 -8.10933e+01 | 38 -0.12294 -5.37599e+01 | 39 -0.31415  1.79541e+01
 40 -0.11760 -6.32108e+02 | 41 -0.33425  3.19196e+02 | 42  0.33315  4.89496e-02
 43  0.02302  2.74725e+02 | 44 -0.31415 -1.84992e+02 |

Intermediate statistics: 44 variables; iteration 20; function evaluation 30; phase 3
Function value 3.0776356e+03; maximum gradient component mag -2.0722e+02
Var    Value     Gradient |Var    Value     Gradient |Var    Value     Gradient
  1 -0.01317  1.25172e+02 |  2  0.05829  1.08114e+02 |  3 -0.09532  1.05029e+02
  4 -0.03220  8.34912e+01 |  5 -0.43558  1.73646e+01 |  6 -0.13666  1.43972e+01
  7  0.08481  8.26440e+01 |  8 -0.05117  4.86163e+01 |  9  0.07091  5.52011e+01
 10 -0.02020  2.97132e+00 | 11  0.90005  1.39867e-01 | 12 -0.16822 -1.59172e-01
 13  0.11289  2.76916e-01 | 14  0.17042 -8.92221e+01 | 15 -0.17015  1.20957e+02
 16 -0.21097 -1.27808e+01 | 17  0.02241 -1.41792e+00 | 18 -0.22163 -2.12791e+01
 19  0.28828  1.72197e+01 | 20 -0.16194 -3.80461e+01 | 21  0.36186  1.57136e+00
 22 -0.11532  4.00510e+00 | 23  0.26743 -5.75418e+01 | 24 -0.18835  8.53241e+01
 25  0.40376 -2.43143e+01 | 26 -0.05410  1.77552e+02 | 27 -0.30323 -1.58647e+00
 28 -0.28128 -2.03842e+01 | 29 -0.72144 -8.44759e+00 | 30  0.53162 -2.72443e+00
 31 -0.62702 -5.50718e-03 | 32  0.07049 -4.24989e+01 | 33  0.07536  1.34404e+01
 34 -0.34801 -1.77397e+01 | 35  0.54239 -7.77718e+00 | 36  0.11701  9.01726e+01
 37  0.36226  2.01263e-03 | 38  0.45279  2.97175e+00 | 39 -0.15680 -2.86219e+00
 40 -0.02550 -2.07220e+02 | 41 -0.30545  1.24015e+02 | 42  0.33265 -1.06586e-03
 43  0.15611 -1.93023e+01 | 44 -0.10222  4.23670e+01 |
44 variables; iteration 40; function evaluation 55; phase 3
Function value 3.0604106e+03; maximum gradient component mag 1.5547e+02
Var    Value     Gradient |Var    Value     Gradient |Var    Value     Gradient
  1  0.00707  7.95529e+01 |  2  0.05297  6.49911e+01 |  3 -0.12371  4.03509e+01
  4 -0.03363  3.53209e+01 |  5 -0.43727  5.56898e+00 |  6 -0.14300  3.25764e+01
  7  0.08573  1.55473e+02 |  8 -0.03374  3.27752e+01 |  9 -0.03090  3.47865e+01
 10  0.03646 -1.20509e+00 | 11  0.73530  1.12391e+00 | 12 -0.04254  8.62846e+00
 13  0.03596 -5.16880e+00 | 14  0.14192 -3.40297e+01 | 15 -0.20408 -6.13816e+00
 16 -0.15174 -8.74288e+00 | 17  0.35079 -7.53946e-01 | 18 -0.08343 -6.16540e+00
 19  0.27827  2.71520e+01 | 20 -0.17314 -8.09170e+01 | 21  0.45962  1.07494e+01
 22 -0.10653 -3.77649e+01 | 23  0.24391 -3.09853e+01 | 24 -0.21576 -6.42570e+00
 25  0.36077  1.18773e+01 | 26 -0.08164 -1.41126e+01 | 27 -0.33470 -3.15890e+00
 28 -0.26197  3.03121e+01 | 29 -0.67311 -1.96720e+01 | 30  0.69980 -2.19948e-01
 31 -0.62256 -4.76724e-03 | 32  0.06897  7.95654e+00 | 33  0.06042  6.55057e-01
 34 -0.26929 -4.54092e+00 | 35  0.32683 -5.91051e+00 | 36  0.05871  3.96882e+01
 37  0.61605  5.16832e-03 | 38  0.52127  8.08064e+00 | 39 -0.13939 -1.57759e+01
 40 -0.00508 -1.34453e+02 | 41 -0.29161  7.71475e+01 | 42  0.33038 -1.85418e-03
 43  0.09238 -2.65896e+01 | 44 -0.16092  2.60325e+01 |
44 variables; iteration 60; function evaluation 80; phase 3
Function value 3.0369910e+03; maximum gradient component mag -5.1511e+01
Var    Value     Gradient |Var    Value     Gradient |Var    Value     Gradient
  1 -0.15918 -5.15112e+01 |  2  0.04656  2.73778e+00 |  3 -0.13255 -2.17490e+00
  4 -0.03178  4.26999e+00 |  5 -0.44408  4.36266e+00 |  6 -0.08163 -1.03468e+01
  7  0.06456 -2.24019e+01 |  8  0.04028 -5.64150e+00 |  9 -0.07964  2.76529e+00
 10  0.10563  6.87404e-01 | 11  0.03387  1.57737e+01 | 12 -0.22994  6.12324e-01
 13  0.12115  1.05526e+00 | 14  0.24117  2.74156e+00 | 15 -0.15898 -3.24510e+00
 16 -0.20623 -2.08021e+00 | 17  0.67173  5.35985e-01 | 18 -0.03064 -6.67516e+00
 19  0.28934  1.87193e+00 | 20 -0.15414  4.46728e+00 | 21  0.30190  4.08198e+00
 22 -0.12856  1.33260e+00 | 23  0.32612 -1.58034e+01 | 24 -0.18457  2.00749e+01
 25  0.40921  1.01650e+01 | 26 -0.07184 -4.91578e+01 | 27 -0.48352 -5.21861e+00
 28 -0.22249  1.08550e+01 | 29 -0.47629 -1.88907e+01 | 30  0.41680  2.00474e+00
 31 -0.45898  7.79835e-04 | 32  0.03217  1.97384e+01 | 33  0.03824 -9.33513e+00
 34 -0.17393  1.34755e+00 | 35  0.19008  3.85796e+00 | 36  0.03855 -1.23959e+01
 37 -0.24567 -1.41203e-01 | 38  0.43634  7.55580e-01 | 39 -0.17196 -2.46993e+00
 40  0.08403  3.75312e+01 | 41 -0.22116 -4.16196e+01 | 42  0.32055 -4.99211e-04
 43  0.14746  6.75488e+00 | 44 -0.12531 -8.23844e+00 |
Maximum number of function evaluations exceeded

 - final statistics:
44 variables; iteration 79; function evaluation 100
Function value 3.0338e+03; maximum gradient component mag 3.0720e+00
Exit code = 3;  converg criter 1.0000e+00
Var    Value     Gradient |Var    Value     Gradient |Var    Value     Gradient
  1 -0.16330 -1.25336e+00 |  2  0.04866 -8.28954e-01 |  3 -0.12936 -3.78918e-01
  4 -0.03123 -8.85243e-02 |  5 -0.44923 -2.59740e-01 |  6 -0.06490  1.30926e+00
  7  0.06914 -2.71545e+00 |  8  0.02544 -5.20248e-01 |  9 -0.07937 -2.30101e-01
 10  0.10282  7.10519e-02 | 11  0.03395  9.87289e-01 | 12 -0.23545 -8.56792e-03
 13  0.10059 -7.39731e-02 | 14  0.22312 -3.00724e+00 | 15 -0.16524  2.89905e-01
 16 -0.18546 -2.19204e+00 | 17  0.86132  2.83177e-02 | 18 -0.01369  8.84647e-01
 19  0.27789  5.08655e-01 | 20 -0.15792 -7.50952e-01 | 21  0.16423 -2.53093e-01
 22 -0.20134 -9.19918e-01 | 23  0.33322 -7.42181e-01 | 24 -0.18057  1.08803e+00
 25  0.32638 -2.92079e+00 | 26 -0.08878  3.07200e+00 | 27 -0.22166 -1.25942e+00
 28 -0.18005  1.10583e+00 | 29 -0.36056 -9.51133e-01 | 30  0.32175  7.70914e-01
 31 -0.13470 -1.66571e-01 | 32  0.00995  4.59991e-01 | 33  0.02595 -5.11215e-01
 34 -0.13639 -1.59155e-01 | 35  0.17366 -2.38049e-01 | 36  0.03897 -8.02343e-03
 37 -0.22497 -6.42924e-02 | 38  0.44088  3.37229e-01 | 39 -0.16633 -6.54033e-01
 40  0.06876 -1.27912e+00 | 41 -0.22928  1.69668e+00 | 42  0.37257  6.28941e-04
 43  0.11340 -1.15207e+00 | 44 -0.14539  7.49694e-01 |

Initial statistics: 134 variables; iteration 0; function evaluation 0; phase 4
Function value 3.0338401e+03; maximum gradient component mag -8.2390e+02
Var    Value     Gradient |Var    Value     Gradient |Var    Value     Gradient
  1 -0.16330 -1.25336e+00 |  2  0.04866 -8.28954e-01 |  3 -0.12936 -3.78918e-01
  4 -0.03123 -8.85243e-02 |  5 -0.44923 -2.59740e-01 |  6 -0.06490  1.30926e+00
  7  0.06914 -2.71545e+00 |  8  0.02544 -5.20248e-01 |  9 -0.07937 -2.30101e-01
 10  0.10282  7.10519e-02 | 11  0.03395  9.87289e-01 | 12  0.00000 -7.86122e-01
 13  0.00000 -8.97523e-01 | 14  0.00000 -1.02370e+00 | 15  0.00000 -1.16621e+00
 16  0.00000 -1.32733e+00 | 17  0.00000 -1.51080e+00 | 18  0.00000 -1.72091e+00
 19  0.00000 -1.96027e+00 | 20  0.00000 -2.22914e+00 | 21  0.00000 -2.52989e+00
 22  0.00000 -2.86203e+00 | 23  0.00000 -3.22951e+00 | 24  0.00000 -3.64011e+00
 25  0.00000 -4.09783e+00 | 26  0.00000 -4.60208e+00 | 27  0.00000 -5.14756e+00
 28  0.00000 -5.74069e+00 | 29  0.00000 -6.38568e+00 | 30  0.00000 -7.08559e+00
 31  0.00000 -7.84786e+00 | 32  0.00000 -8.69001e+00 | 33  0.00000 -9.65349e+00
 34  0.00000 -1.07810e+01 | 35  0.00000 -1.20956e+01 | 36  0.00000 -1.34612e+01
 37  0.00000 -1.44975e+01 | 38  0.00000 -1.44505e+01 | 39  0.00000 -1.21598e+01
 40  0.00000 -8.30658e+00 | 41  0.00000 -4.91396e+00 | 42  0.00000 -4.87006e+00
 43  0.00000 -1.01936e+01 | 44  0.00000 -1.94730e+01 | 45  0.00000 -2.85190e+01
 46  0.00000 -3.76992e+01 | 47  0.00000 -4.35726e+01 | 48  0.00000 -3.28915e+01
 49  0.00000 -2.24375e+01 | 50  0.00000 -3.81180e+01 | 51  0.00000 -6.72450e+01
 52  0.00000 -8.88748e+01 | 53  0.00000  1.80535e+01 | 54  0.00000  1.25622e+02
 55  0.00000  1.16372e+02 | 56  0.00000  1.74155e+01 | 57  0.00000  1.53447e+02
 58  0.00000  2.92650e+02 | 59  0.00000  3.02118e+02 | 60  0.00000 -5.55028e+01
 61  0.00000 -5.23938e+02 | 62  0.00000 -2.48192e+01 | 63  0.00000  4.38763e+01
 64  0.00000  4.02447e+01 | 65  0.00000 -1.39170e+01 | 66  0.00000 -1.68745e+01
 67  0.00000  4.69158e+01 | 68  0.00000  4.41778e+01 | 69  0.00000  8.29435e+01
 70  0.00000  2.14114e+01 | 71  0.00000  1.35238e+02 | 72  0.00000  1.54963e+02
 73  0.00000  2.22361e+02 | 74  0.00000  1.78877e+02 | 75  0.00000 -2.73774e+02
 76  0.00000 -8.23904e+02 | 77  0.00000 -1.13550e+02 | 78  0.00000  7.86462e+01
 79  0.00000  1.48048e+02 | 80  0.00000 -6.52726e+01 | 81  0.00000  1.95958e+02
 82  0.00000  2.87709e+02 | 83  0.00000  2.94539e+02 | 84  0.00000  1.56815e+02
 85  0.00000  1.24677e+02 | 86  0.00000 -1.76303e+02 | 87  0.00000 -2.77132e+02
 88  0.00000 -5.32528e+01 | 89  0.00000 -1.96746e+02 | 90  0.00000 -2.84715e+02
 91  0.00000 -4.63462e+01 | 92  0.00000 -1.02807e+02 | 93  0.00000  3.97194e+01
 94  0.00000  8.46490e+01 | 95  0.00000  1.50304e+02 | 96  0.00000  1.09473e+02
 97  0.00000  2.21003e+01 | 98  0.00000 -5.23361e+01 | 99  0.00000  3.50979e+01
100  0.00000 -6.09454e+00 |101  0.00000 -1.06039e+01 |102 -0.23545 -8.56792e-03
103  0.10059 -7.39731e-02 |104  0.22312 -3.00724e+00 |105 -0.16524  2.89905e-01
106 -0.18546 -2.19204e+00 |107  0.86132  2.83177e-02 |108 -0.01369  8.84647e-01
109  0.27789  5.08655e-01 |110 -0.15792 -7.50952e-01 |111  0.16423 -2.53093e-01
112 -0.20134 -9.19918e-01 |113  0.33322 -7.42181e-01 |114 -0.18057  1.08803e+00
115  0.32638 -2.92079e+00 |116 -0.08878  3.07200e+00 |117 -0.22166 -1.25942e+00
118 -0.18005  1.10583e+00 |119 -0.36056 -9.51133e-01 |120  0.32175  7.70914e-01
121 -0.13470 -1.66571e-01 |122  0.00995  4.59991e-01 |123  0.02595 -5.11215e-01
124 -0.13639 -1.59155e-01 |125  0.17366 -2.38049e-01 |126  0.03897 -8.02343e-03
127 -0.22497 -6.42924e-02 |128  0.44088  3.37229e-01 |129 -0.16633 -6.54033e-01
130  0.06876 -1.27912e+00 |131 -0.22928  1.69668e+00 |132  0.37257  6.28941e-04
133  0.11340 -1.15207e+00 |134 -0.14539  7.49694e-01 |

Intermediate statistics: 134 variables; iteration 20; function evaluation 29; phase 4
Function value 2.6117681e+03; maximum gradient component mag 5.6697e+02
Var    Value     Gradient |Var    Value     Gradient |Var    Value     Gradient
  1 -0.10272 -7.27586e+01 |  2  0.02970  4.38211e+00 |  3 -0.11149  1.40791e+01
  4  0.07322  7.52831e+00 |  5 -0.44827  3.32620e+00 |  6 -0.07945 -3.94355e+01
  7  0.08760  1.07585e+02 |  8  0.01303  5.36196e+01 |  9  0.06389 -1.18696e+01
 10 -0.05230  2.77968e+00 | 11  0.03476  4.01426e+01 | 12  0.00444  4.86872e-02
 13  0.00514  5.63357e-02 | 14  0.00596  6.51166e-02 | 15  0.00691  7.54374e-02
 16  0.00801  8.82006e-02 | 17  0.00931  1.04548e-01 | 18  0.01086  1.24719e-01
 19  0.01268  1.47341e-01 | 20  0.01480  1.71532e-01 | 21  0.01729  1.98707e-01
 22  0.02019  2.29678e-01 | 23  0.02359  2.64766e-01 | 24  0.02765  3.04561e-01
 25  0.03249  3.46115e-01 | 26  0.03818  3.84013e-01 | 27  0.04472  4.12163e-01
 28  0.05212  4.27081e-01 | 29  0.06026  4.30604e-01 | 30  0.06868  4.43601e-01
 31  0.07657  5.17010e-01 | 32  0.08290  7.33697e-01 | 33  0.08736  1.14510e+00
 34  0.09120  1.69352e+00 | 35  0.09780  2.16566e+00 | 36  0.10826  2.28163e+00
 37  0.11646  1.91554e+00 | 38  0.10633  1.50526e+00 | 39  0.06039  1.01723e+00
 40  0.00667 -9.72884e-01 | 41 -0.03041 -3.19997e+00 | 42 -0.04073 -4.38331e+00
 43 -0.01569 -4.22254e+00 | 44  0.04572 -3.93597e+00 | 45  0.07525 -1.14625e+00
 46  0.08106  4.50896e+00 | 47  0.14793  7.75341e+00 | 48  0.00570 -1.16589e+00
 49 -0.04687 -4.94862e+00 | 50  0.11250  3.02680e+00 | 51 -0.12356 -1.12369e+01
 52  0.15372  6.23703e+00 | 53 -0.15620 -1.38833e+01 | 54 -0.01662  2.77615e+00
 55 -0.03421  5.57269e+00 | 56  0.07246 -7.65811e+00 | 57 -0.01683  2.59335e+01
 58 -0.05977  4.69486e+01 | 59 -0.10519  3.61901e+01 | 60 -0.12760  3.07932e+00
 61  0.17262 -1.39129e+02 | 62 -0.14656 -5.24235e+00 | 63  0.02770  1.23097e+01
 64  0.01733  3.07806e+01 | 65  0.04043  4.70347e+01 | 66  0.03880  5.02893e+01
 67 -0.01021  4.19021e+01 | 68  0.01784  4.14857e+01 | 69 -0.05904  3.00643e+01
 70  0.03635  3.25527e+01 | 71 -0.07332  1.60701e+01 | 72 -0.03094  5.23894e+00
 73 -0.10775 -7.59723e+00 | 74 -0.12534 -1.97182e+01 | 75 -0.15476 -1.13742e+01
 76  0.32517  5.66970e+02 | 77 -0.28951 -1.89392e+01 | 78  0.02737 -1.16920e+01
 79 -0.11368 -3.22289e+01 | 80  0.08168 -8.97183e+01 | 81 -0.08573 -1.81932e+01
 82 -0.19461 -6.12634e+00 | 83 -0.22594 -4.91654e+00 | 84 -0.03314 -1.07410e+01
 85 -0.21027 -1.66737e+01 | 86  0.10455 -2.77419e+01 | 87  0.11210 -1.09546e+02
 88 -0.00444 -3.12060e+01 | 89  0.10463 -6.21537e+01 | 90  0.14868 -1.03428e+02
 91 -0.06416 -3.06038e+01 | 92  0.07793 -3.65751e+01 | 93 -0.00230 -1.36697e+01
 94 -0.04006 -8.41508e+00 | 95 -0.15180 -9.11755e-01 | 96 -0.08364  3.90065e+00
 97 -0.01583 -6.50287e-01 | 98  0.04362  2.75590e-02 | 99 -0.06933 -1.45287e+00
100  0.02723  1.76931e+00 |101  0.10037  5.35684e+00 |102 -0.27389 -4.81034e+00
103 -0.04004  2.75160e+00 |104  0.18512 -1.61870e+02 |105 -0.13523  3.10495e+02
106 -0.16538 -9.39246e+00 |107  0.85821  1.06275e+00 |108 -0.00764 -2.16355e+01
109  0.29188  1.37193e+02 |110 -0.17301 -2.68446e+02 |111  0.20810  4.23634e+00
112 -0.17407 -8.56153e+00 |113  0.29061  3.47373e+01 |114 -0.19559 -7.80904e+01
115  0.26494 -1.74754e+01 |116 -0.08924  7.50429e+01 |117 -0.20306  1.74964e-01
118 -0.17968  7.05937e+01 |119 -0.39343 -2.33895e+01 |120  0.20053  2.00056e+01
121 -0.10223  9.69000e+00 |122  0.00241  7.62067e+00 |123 -0.00070 -3.01319e+00
124 -0.14787 -1.93525e-01 |125  0.15676  1.38387e+01 |126  0.03633 -3.54998e+01
127 -0.20494 -1.99219e+00 |128  0.43599  4.24417e+00 |129 -0.16395 -5.92383e+00
130  0.01508 -3.52747e+02 |131 -0.22791  4.10245e+02 |132  0.37254  3.20753e-04
133  0.06939  1.11168e+01 |134 -0.18819 -7.39548e+00 |
134 variables; iteration 40; function evaluation 49; phase 4
Function value 2.5879095e+03; maximum gradient component mag 3.6785e+02
Var    Value     Gradient |Var    Value     Gradient |Var    Value     Gradient
  1 -0.11361  1.02735e+01 |  2 -0.06136  6.91979e-01 |  3 -0.01996  1.24051e+01
  4  0.01027  2.40591e+01 |  5 -0.37438  3.51053e+01 |  6 -0.06356  2.31894e+01
  7  0.12285  1.73565e+02 |  8 -0.10825  3.96079e+01 |  9  0.13310 -1.16790e+00
 10 -0.16808  1.47032e+01 | 11 -0.00576  2.61777e+01 | 12  0.00077 -3.34662e-01
 13  0.00095 -3.81647e-01 | 14  0.00115 -4.35305e-01 | 15  0.00138 -4.96478e-01
 16  0.00165 -5.66074e-01 | 17  0.00196 -6.45372e-01 | 18  0.00232 -7.36663e-01
 19  0.00272 -8.43254e-01 | 20  0.00314 -9.67844e-01 | 21  0.00355 -1.11073e+00
 22  0.00393 -1.27041e+00 | 23  0.00428 -1.44433e+00 | 24  0.00472 -1.62523e+00
 25  0.00547 -1.79548e+00 | 26  0.00704 -1.91644e+00 | 27  0.01059 -1.91287e+00
 28  0.01863 -1.65476e+00 | 29  0.03639 -9.39665e-01 | 30  0.07270  2.56532e-01
 31  0.13048  5.71345e-01 | 32  0.15327  4.23364e-02 | 33  0.09212  8.23238e-01
 34  0.03499 -8.72289e-01 | 35  0.01631 -1.64524e+00 | 36  0.03843 -1.92679e-01
 37  0.15195  3.61111e+00 | 38  0.14086  5.00979e+00 | 39  0.02040  7.44881e-01
 40  0.00594  1.55457e+00 | 41 -0.00404  2.45851e+00 | 42 -0.00433  3.35665e+00
 43  0.01103  4.67430e+00 | 44  0.09720  1.41848e+01 | 45  0.08301  1.35331e+01
 46  0.07474  1.34731e+01 | 47  0.13937  1.63732e+01 | 48  0.02460 -1.81241e-01
 49 -0.00292 -8.61801e+00 | 50  0.06086 -2.66934e+01 | 51 -0.00993 -1.41244e+01
 52  0.13277 -1.97767e+01 | 53 -0.05850 -1.21636e+00 | 54 -0.00671  2.30283e+01
 55 -0.02107  7.80799e+00 | 56  0.05220 -6.65109e+01 | 57 -0.02166  5.09776e-01
 58 -0.05817  4.09284e+01 | 59 -0.11289  3.04358e+01 | 60 -0.12401  4.88713e+00
 61  0.17870 -4.65091e+01 | 62 -0.12438 -5.09341e+00 | 63 -0.01782 -4.92769e+01
 64  0.02180  6.06193e+00 | 65  0.03492  3.38512e+01 | 66  0.04315  4.10777e+01
 67 -0.01480  2.24399e+01 | 68  0.00202  1.67065e+00 | 69 -0.06619  2.21534e+01
 70  0.05137  6.39733e+01 | 71 -0.07280  1.93192e+01 | 72 -0.02960  8.46301e+00
 73 -0.09158  1.68412e+00 | 74 -0.09596 -8.95940e+00 | 75 -0.16888 -1.36254e+01
 76  0.31999  3.67853e+02 | 77 -0.21225 -1.12218e+01 | 78  0.02950 -8.56218e+00
 79 -0.05550 -1.14227e+01 | 80  0.07925 -8.83873e+01 | 81 -0.07307 -1.02130e+01
 82 -0.17727  1.19789e+00 | 83 -0.19979  4.71510e+00 | 84 -0.03490 -1.78569e+00
 85 -0.12248 -1.89196e+01 | 86  0.10534 -2.99917e+01 | 87  0.13183 -7.17800e+01
 88  0.00094 -3.13919e+01 | 89  0.12947 -1.47283e+01 | 90  0.17674 -2.95493e+01
 91 -0.01045 -4.58173e+00 | 92  0.11047  1.74517e+01 | 93  0.00153 -1.14234e+01
 94 -0.02252 -4.69990e+00 | 95 -0.12711  2.71426e+00 | 96 -0.07773  8.74802e-01
 97 -0.01398 -4.72839e+00 | 98  0.05650  1.46595e+01 | 99 -0.07298 -4.89644e+00
100  0.02803  2.15493e+00 |101  0.09832  3.05208e+00 |102 -0.29319 -5.72859e+00
103 -0.09965  2.02782e-02 |104  0.20007 -6.19936e+01 |105 -0.15039  1.31514e+02
106 -0.08020 -1.62461e+00 |107  0.75730  3.17940e+00 |108 -0.02712 -4.46142e+01
109  0.36828  4.57067e+01 |110 -0.13307 -6.88724e+01 |111  1.31618  6.04356e+00
112 -0.00079  6.50817e+01 |113  0.35126  1.84392e+01 |114 -0.16782 -2.79247e+01
115  0.29818 -2.25191e+01 |116 -0.07574  9.29411e+01 |117  0.30879  4.40025e-03
118 -0.07769  1.06667e+01 |119 -0.22980  2.74742e+01 |120 -0.33111 -3.14791e+00
121 -0.05161 -1.18568e+01 |122 -0.01425 -1.05485e+01 |123 -0.01379  4.81184e+00
124 -0.12768 -2.05758e+00 |125 -0.01928 -4.03372e+00 |126 -0.00578  1.97003e+00
127  0.00923  8.40270e-01 |128  0.51404  4.96699e-01 |129 -0.12946  1.52123e+00
130  0.03545 -2.05339e+02 |131 -0.22316  2.89043e+02 |132  0.37155 -4.93324e-04
133  0.03047  3.62477e+00 |134 -0.21846 -3.55241e+00 |
134 variables; iteration 60; function evaluation 71; phase 4
Function value 2.5629969e+03; maximum gradient component mag -8.2062e+01
Var    Value     Gradient |Var    Value     Gradient |Var    Value     Gradient
  1 -0.13131 -8.20625e+01 |  2 -0.01638  2.29169e+00 |  3 -0.06173  1.72695e+01
  4  0.03055  3.27788e+01 |  5 -0.42271  6.16187e+00 |  6 -0.06193 -3.20392e+00
  7  0.09498  5.56823e+01 |  8 -0.05768  2.20202e+01 |  9  0.12695  1.55661e+01
 10 -0.07645  1.18024e+01 | 11 -0.00451  8.00465e+01 | 12  0.00140 -1.84951e-01
 13  0.00158 -2.15780e-01 | 14  0.00177 -2.52124e-01 | 15  0.00197 -2.95350e-01
 16  0.00216 -3.47344e-01 | 17  0.00234 -4.10623e-01 | 18  0.00249 -4.88032e-01
 19  0.00259 -5.82903e-01 | 20  0.00257 -7.00198e-01 | 21  0.00234 -8.47753e-01
 22  0.00176 -1.03062e+00 | 23  0.00074 -1.25442e+00 | 24 -0.00078 -1.51998e+00
 25 -0.00273 -1.81516e+00 | 26 -0.00470 -2.10155e+00 | 27 -0.00570 -2.29707e+00
 28 -0.00380 -2.26465e+00 | 29  0.00460 -1.77299e+00 | 30  0.02174 -7.42281e-01
 31 -0.00430 -2.54894e+00 | 32  0.24081 -2.21896e-01 | 33  0.01976 -1.07002e+00
 34 -0.00714 -2.92044e+00 | 35 -0.02110 -4.07499e+00 | 36 -0.00396 -3.26290e+00
 37  0.09901  7.14557e-01 | 38  0.08229  1.35204e+00 | 39  0.02808  1.06054e+00
 40  0.02570  4.36385e+00 | 41  0.01183  5.99846e+00 | 42  0.00950  7.10151e+00
 43  0.02111  7.53261e+00 | 44  0.06540  1.03505e+01 | 45  0.06507  9.34718e+00
 46  0.05526  7.91891e+00 | 47  0.10968  1.02124e+01 | 48  0.02241  3.73410e+00
 49  0.01522  3.27600e+00 | 50  0.04441 -2.80726e-01 | 51  0.02299  4.86468e+00
 52  0.11369  1.57500e+01 | 53 -0.02492  1.24681e+01 | 54 -0.03195  1.87675e+01
 55 -0.04222  9.37366e+00 | 56  0.05919 -3.37107e+01 | 57 -0.04230 -1.74379e+00
 58 -0.07745  2.50383e+01 | 59 -0.12582  2.28539e+01 | 60 -0.14810  1.12536e+00
 61  0.17781  6.48823e+01 | 62 -0.13122  4.50483e+00 | 63  0.00775 -4.95597e+00
 64  0.00533  5.33881e-01 | 65  0.02011 -6.79478e+00 | 66  0.02753  1.06157e+00
 67 -0.03100  1.08530e+01 | 68  0.01314  1.62214e+01 | 69 -0.09495  6.14375e+00
 70  0.02076 -9.43988e+00 | 71 -0.09546  3.03689e+00 | 72 -0.03677  1.02334e+01
 73 -0.09096  1.12206e+01 | 74 -0.08616  4.14794e+00 | 75 -0.17172 -1.42640e+01
 76  0.28423  5.78465e+01 | 77 -0.16190 -2.86628e+00 | 78  0.02889  7.77021e+00
 79 -0.05964 -5.27998e-01 | 80  0.08105 -3.68875e+01 | 81 -0.07076  1.15001e+00
 82 -0.16251  1.13223e+01 | 83 -0.18335  1.32162e+01 | 84 -0.04134  2.30883e+00
 85 -0.10257 -7.27283e+00 | 86  0.10142 -1.17019e+01 | 87  0.13519 -2.78902e+01
 88  0.01954 -5.11419e+00 | 89  0.12684  1.02873e+01 | 90  0.18315  1.79970e+01
 91 -0.00710  1.24414e+00 | 92  0.08808 -1.55871e+01 | 93  0.00983 -8.29627e+00
 94 -0.01500  7.24726e-02 | 95 -0.11279  8.10219e+00 | 96 -0.06731  6.45110e+00
 97  0.00244  6.33694e+00 | 98  0.06575  1.28845e+01 | 99 -0.05314 -8.31131e-02
100  0.03727  3.51500e+00 |101  0.06514 -3.79401e+00 |102 -0.26503 -8.23602e-01
103 -0.01225  6.09580e+00 |104  0.16283  1.50838e+01 |105 -0.18175 -2.21037e+01
106  0.09639  5.07691e-01 |107  0.53929  3.83116e-02 |108 -0.03356  2.72208e-01
109  0.29305  2.60381e+01 |110 -0.16006 -5.60651e+01 |111  0.80960  4.08151e-01
112 -0.03509 -2.79272e+00 |113  0.32379  1.26779e+01 |114 -0.17771 -2.50600e+01
115  0.26063 -2.37674e+01 |116 -0.08978  7.15525e+01 |117  0.65597  6.95793e-03
118 -0.12060 -7.93392e+00 |119 -0.28633  1.96094e+01 |120 -0.15503  1.20052e+00
121 -0.04447 -1.51344e+01 |122 -0.00586 -4.73964e+00 |123 -0.01167  1.00181e+00
124 -0.13254 -9.36620e-01 |125  0.06283 -5.47693e+00 |126  0.01528  8.39224e+00
127 -0.10134 -2.27381e+00 |128  0.43897 -9.22599e+00 |129 -0.14803  1.65239e+01
130  0.01869 -1.42774e+01 |131 -0.25824  4.69061e+01 |132  0.37030  8.09511e-04
133  0.05976  1.22160e+00 |134 -0.19234  8.68487e-01 |
134 variables; iteration 80; function evaluation 91; phase 4
Function value 2.5573372e+03; maximum gradient component mag 4.6010e+01
Var    Value     Gradient |Var    Value     Gradient |Var    Value     Gradient
  1 -0.12858 -1.14375e+01 |  2 -0.00905  2.66471e+01 |  3 -0.05128  2.41211e+01
  4  0.00251  9.57403e+00 |  5 -0.40671  1.02536e+01 |  6 -0.05818  7.42725e+00
  7  0.09871 -6.67688e+00 |  8 -0.10047  3.54707e+00 |  9  0.16374  6.12942e+00
 10 -0.12216  4.58366e+00 | 11  0.00975  4.13090e+01 | 12  0.00247 -1.40410e-01
 13  0.00286 -1.60239e-01 | 14  0.00331 -1.82687e-01 | 15  0.00384 -2.08009e-01
 16  0.00443 -2.36577e-01 | 17  0.00512 -2.69017e-01 | 18  0.00593 -3.06167e-01
 19  0.00689 -3.48131e-01 | 20  0.00803 -3.93058e-01 | 21  0.00946 -4.35628e-01
 22  0.01131 -4.65441e-01 | 23  0.01391 -4.65222e-01 | 24  0.01767 -4.15131e-01
 25  0.02299 -3.02452e-01 | 26  0.02966 -1.56688e-01 | 27  0.03593 -9.12360e-02
 28  0.03794 -2.98432e-01 | 29  0.03028 -1.00861e+00 | 30  0.01278 -2.21498e+00
 31  0.04026 -9.67842e-01 | 32  0.12830  7.60809e-01 | 33  0.02188 -1.94270e+00
 34  0.04173 -9.31073e-01 | 35  0.05599 -4.12821e-01 | 36  0.05164 -8.56940e-01
 37  0.11204 -1.00810e-01 | 38  0.05937 -5.56712e-01 | 39  0.03011 -2.40591e-01
 40  0.00980  7.85105e-01 | 41 -0.01086  8.48677e-01 | 42 -0.00831  1.52141e+00
 43  0.00551  8.77384e-01 | 44  0.03624 -3.45080e-01 | 45  0.06396  2.57462e-01
 46  0.04536  5.35958e-01 | 47  0.10287  2.32621e+00 | 48  0.03213  3.51963e+00
 49  0.00832  2.85198e+00 | 50  0.04503 -1.76850e+00 | 51  0.00630 -1.49333e+00
 52  0.10962 -4.59311e+00 | 53 -0.03979  9.69535e-01 | 54 -0.04592  5.14545e+00
 55 -0.05935  5.24729e+00 | 56  0.06340  1.28655e+01 | 57 -0.03335  1.94250e+01
 58 -0.09922  1.63942e+01 | 59 -0.14207  1.43473e+01 | 60 -0.15256 -1.87463e+00
 61  0.17011  4.60102e+01 | 62 -0.14839  1.23236e+00 | 63  0.00998  4.88150e+00
 64 -0.00688  6.24085e-03 | 65  0.01614 -2.79568e+00 | 66  0.02161 -2.92945e+00
 67 -0.04817 -2.39006e+00 | 68 -0.00350 -9.13130e+00 | 69 -0.11634 -1.01767e+00
 70  0.01670  2.72491e-01 | 71 -0.10365  5.19959e+00 | 72 -0.05212  6.18607e+00
 73 -0.10525  9.46123e+00 | 74 -0.09320  6.69883e+00 | 75 -0.16095 -1.30621e+01
 76  0.26868  1.48854e+00 | 77 -0.19110 -7.92058e+00 | 78  0.01233 -2.54487e+00
 79 -0.06808 -1.05872e+00 | 80  0.07507 -5.57299e+00 | 81 -0.07792  5.96778e+00
 82 -0.17645  1.05630e+01 | 83 -0.20674  1.00453e+01 | 84 -0.06240  1.38047e+00
 85 -0.07810  6.07251e+00 | 86  0.08452 -1.31053e+01 | 87  0.12733 -9.38887e+00
 88  0.01196 -1.41446e+00 | 89  0.10799  1.82547e+00 | 90  0.17040  1.24671e+01
 91 -0.01749  5.14072e-01 | 92  0.08418  2.48590e+00 | 93  0.00481 -1.37297e+00
 94 -0.02557  1.03706e+00 | 95 -0.13844  2.05194e+00 | 96 -0.08326  1.73539e+00
 97 -0.01152 -2.74783e-01 | 98  0.04561 -4.53709e+00 | 99 -0.05437  3.76314e+00
100  0.02745 -1.05899e+00 |101  0.08347 -9.56615e-01 |102 -0.28539 -2.43859e+00
103 -0.10347  1.65202e-01 |104  0.16913  1.45292e+01 |105 -0.17677 -1.64655e+01
106  0.13789  4.09761e-01 |107  0.50206 -1.80260e+00 |108 -0.03478  1.08209e+01
109  0.28578  4.24693e+00 |110 -0.16022 -1.64624e+01 |111  0.84168 -1.00907e-01
112 -0.02966  6.31049e+00 |113  0.32123 -9.87065e+00 |114 -0.17496  1.86157e+01
115  0.27356  1.92599e+01 |116 -0.09454 -4.56386e+01 |117  0.01553  4.48263e-01
118 -0.14075 -2.29835e+01 |119 -0.32129  1.10070e+01 |120 -0.11096 -6.06576e-01
121 -0.04203 -5.31323e+00 |122 -0.00285  4.48485e+00 |123 -0.01460 -4.76832e+00
124 -0.13700  3.89845e-01 |125  0.03383 -2.43734e+00 |126 -0.00010 -1.81499e-01
127 -0.06077  7.02247e-01 |128  0.50273  9.76160e-01 |129 -0.13283  7.65077e-01
130 -0.00245 -2.72232e+01 |131 -0.28145  3.50084e+01 |132  0.36984 -6.31902e-04
133  0.04904 -1.35571e+00 |134 -0.20444 -6.92780e-01 |
Maximum number of function evaluations exceeded

 - final statistics:
134 variables; iteration 90; function evaluation 100
Function value 2.5564e+03; maximum gradient component mag 3.3840e+01
Exit code = 3;  converg criter 1.0000e+00
Var    Value     Gradient |Var    Value     Gradient |Var    Value     Gradient
  1 -0.13821 -1.46550e+01 |  2 -0.01306 -8.50348e-01 |  3 -0.05549  3.86920e-01
  4  0.00307 -1.02661e+00 |  5 -0.41147 -6.76304e-01 |  6 -0.05331  2.88361e+00
  7  0.10276 -1.19863e+01 |  8 -0.10740  2.88523e+00 |  9  0.16728  3.61528e+00
 10 -0.13460  1.08321e+00 | 11  0.00064  3.38395e+01 | 12  0.00314  8.00941e-03
 13  0.00363  1.13027e-02 | 14  0.00420  1.52142e-02 | 15  0.00485  1.97298e-02
 16  0.00559  2.48196e-02 | 17  0.00643  3.01970e-02 | 18  0.00740  3.49236e-02
 19  0.00849  3.72603e-02 | 20  0.00968  3.59105e-02 | 21  0.01102  3.14931e-02
 22  0.01257  3.08159e-02 | 23  0.01462  5.23552e-02 | 24  0.01771  1.33228e-01
 25  0.02265  3.22606e-01 | 26  0.02990  6.41642e-01 | 27  0.03847  1.00728e+00
 28  0.04542  1.22841e+00 | 29  0.04632  1.07561e+00 | 30  0.03589  2.98157e-01
 31  0.05725  1.47173e+00 | 32  0.06646  2.02161e+00 | 33  0.03926  6.40994e-01
 34  0.05901  2.01171e+00 | 35  0.07269  2.86593e+00 | 36  0.07678  2.93657e+00
 37  0.08755  3.31675e+00 | 38  0.07666  3.26432e+00 | 39  0.02982  1.87709e+00
 40  0.00196  1.66641e+00 | 41 -0.00389  2.93106e+00 | 42 -0.00893  2.47133e+00
 43  0.00452  1.50908e+00 | 44  0.02291 -8.01649e-01 | 45  0.06240 -1.97635e-01
 46  0.05922 -4.04493e-01 | 47  0.08370 -1.95362e+00 | 48  0.03189  2.16974e+00
 49  0.01207  5.12774e+00 | 50  0.04377  3.81640e+00 | 51  0.01531  1.52729e+00
 52  0.10296 -1.30327e+01 | 53 -0.04136 -3.65369e+00 | 54 -0.05522 -6.44143e-01
 55 -0.05655  5.39367e+00 | 56  0.06426  1.44556e+01 | 57 -0.04172  1.24477e+01
 58 -0.09990  1.36275e+01 | 59 -0.14554  1.20727e+01 | 60 -0.15544 -3.57368e+00
 61  0.16812  3.29564e+01 | 62 -0.14842  1.00985e+00 | 63  0.00711  2.15234e+00
 64 -0.00855 -2.48466e-01 | 65  0.01404 -9.50636e-01 | 66  0.02045 -9.76166e-01
 67 -0.05599 -5.24307e+00 | 68 -0.00702 -1.09463e+01 | 69 -0.11697 -3.11623e-01
 70  0.01364  2.42199e+00 | 71 -0.10957  4.27984e+00 | 72 -0.05525  5.07204e+00
 73 -0.12151  3.70814e+00 | 74 -0.09982  3.81295e+00 | 75 -0.16621 -1.39952e+01
 76  0.26390 -1.14658e+01 | 77 -0.18743 -7.16467e+00 | 78  0.00734 -4.94211e+00
 79 -0.06549  3.55689e+00 | 80  0.07251  4.79378e-01 | 81 -0.07957  7.69948e+00
 82 -0.18331  8.37020e+00 | 83 -0.22151  5.69430e+00 | 84 -0.06469  3.08387e+00
 85 -0.08239  5.89941e+00 | 86  0.07925 -1.68779e+01 | 87  0.12644  1.09219e+00
 88  0.00131 -1.01691e+01 | 89  0.10281 -5.15626e+00 | 90  0.16361 -3.34307e+00
 91 -0.01657  1.77635e+00 | 92  0.07685 -4.40400e+00 | 93  0.00809  4.05364e+00
 94 -0.02627  3.56982e+00 | 95 -0.14370  1.45443e+00 | 96 -0.08354  3.92305e+00
 97 -0.01138  4.49790e+00 | 98  0.04501  1.72718e-01 | 99 -0.06130  1.44160e+00
100  0.02794 -7.18897e-01 |101  0.08591 -4.72495e-01 |102 -0.28761 -1.64974e+00
103 -0.12711 -1.68136e+00 |104  0.16039 -3.78792e+00 |105 -0.17879  8.65823e+00
106  0.24351  9.60012e-02 |107  0.64959  1.27529e+00 |108 -0.02412 -1.08613e+01
109  0.29722  3.86645e+00 |110 -0.15443 -5.23525e+00 |111  0.83266 -7.03498e-02
112 -0.03027  5.43299e+00 |113  0.32623 -4.30167e+00 |114 -0.17366  9.77945e+00
115  0.25775 -3.33546e-01 |116 -0.09607 -1.92871e+00 |117  0.25983  5.48926e-02
118 -0.14417 -2.92702e+01 |119 -0.33063  6.52835e+00 |120 -0.12533 -4.08718e+00
121 -0.04145 -3.98110e+00 |122 -0.00189  3.81060e+00 |123 -0.00648  9.43719e-01
124 -0.13197  2.90394e+00 |125  0.06044 -3.31072e+00 |126  0.01017  5.76353e+00
127 -0.10183 -1.56083e+00 |128  0.47177  2.28507e+00 |129 -0.14921 -3.63141e+00
130 -0.00971 -3.08834e+01 |131 -0.28955  2.84149e+01 |132  0.36997 -1.35985e-03
133  0.03500 -6.42104e+00 |134 -0.21680  7.68219e-01 |

Initial statistics: 135 variables; iteration 0; function evaluation 0; phase 5
Function value 2.5563906e+03; maximum gradient component mag 3.3840e+01
Var    Value     Gradient |Var    Value     Gradient |Var    Value     Gradient
  1 -0.13821 -1.46550e+01 |  2 -0.01306 -8.50348e-01 |  3 -0.05549  3.86920e-01
  4  0.00307 -1.02661e+00 |  5 -0.41147 -6.76304e-01 |  6 -0.05331  2.88361e+00
  7  0.10276 -1.19863e+01 |  8 -0.10740  2.88523e+00 |  9  0.16728  3.61528e+00
 10 -0.13460  1.08321e+00 | 11  0.00064  3.38395e+01 | 12  0.19448  1.31007e+00
 13  0.00314  8.00941e-03 | 14  0.00363  1.13027e-02 | 15  0.00420  1.52142e-02
 16  0.00485  1.97298e-02 | 17  0.00559  2.48196e-02 | 18  0.00643  3.01970e-02
 19  0.00740  3.49236e-02 | 20  0.00849  3.72603e-02 | 21  0.00968  3.59105e-02
 22  0.01102  3.14931e-02 | 23  0.01257  3.08159e-02 | 24  0.01462  5.23552e-02
 25  0.01771  1.33228e-01 | 26  0.02265  3.22606e-01 | 27  0.02990  6.41642e-01
 28  0.03847  1.00728e+00 | 29  0.04542  1.22841e+00 | 30  0.04632  1.07561e+00
 31  0.03589  2.98157e-01 | 32  0.05725  1.47173e+00 | 33  0.06646  2.02161e+00
 34  0.03926  6.40994e-01 | 35  0.05901  2.01171e+00 | 36  0.07269  2.86593e+00
 37  0.07678  2.93657e+00 | 38  0.08755  3.31675e+00 | 39  0.07666  3.26432e+00
 40  0.02982  1.87709e+00 | 41  0.00196  1.66641e+00 | 42 -0.00389  2.93106e+00
 43 -0.00893  2.47133e+00 | 44  0.00452  1.50908e+00 | 45  0.02291 -8.01649e-01
 46  0.06240 -1.97635e-01 | 47  0.05922 -4.04493e-01 | 48  0.08370 -1.95362e+00
 49  0.03189  2.16974e+00 | 50  0.01207  5.12774e+00 | 51  0.04377  3.81640e+00
 52  0.01531  1.52729e+00 | 53  0.10296 -1.30327e+01 | 54 -0.04136 -3.65369e+00
 55 -0.05522 -6.44143e-01 | 56 -0.05655  5.39367e+00 | 57  0.06426  1.44556e+01
 58 -0.04172  1.24477e+01 | 59 -0.09990  1.36275e+01 | 60 -0.14554  1.20727e+01
 61 -0.15544 -3.57368e+00 | 62  0.16812  3.29564e+01 | 63 -0.14842  1.00985e+00
 64  0.00711  2.15234e+00 | 65 -0.00855 -2.48466e-01 | 66  0.01404 -9.50636e-01
 67  0.02045 -9.76166e-01 | 68 -0.05599 -5.24307e+00 | 69 -0.00702 -1.09463e+01
 70 -0.11697 -3.11623e-01 | 71  0.01364  2.42199e+00 | 72 -0.10957  4.27984e+00
 73 -0.05525  5.07204e+00 | 74 -0.12151  3.70814e+00 | 75 -0.09982  3.81295e+00
 76 -0.16621 -1.39952e+01 | 77  0.26390 -1.14658e+01 | 78 -0.18743 -7.16467e+00
 79  0.00734 -4.94211e+00 | 80 -0.06549  3.55689e+00 | 81  0.07251  4.79378e-01
 82 -0.07957  7.69948e+00 | 83 -0.18331  8.37020e+00 | 84 -0.22151  5.69430e+00
 85 -0.06469  3.08387e+00 | 86 -0.08239  5.89941e+00 | 87  0.07925 -1.68779e+01
 88  0.12644  1.09219e+00 | 89  0.00131 -1.01691e+01 | 90  0.10281 -5.15626e+00
 91  0.16361 -3.34307e+00 | 92 -0.01657  1.77635e+00 | 93  0.07685 -4.40400e+00
 94  0.00809  4.05364e+00 | 95 -0.02627  3.56982e+00 | 96 -0.14370  1.45443e+00
 97 -0.08354  3.92305e+00 | 98 -0.01138  4.49790e+00 | 99  0.04501  1.72718e-01
100 -0.06130  1.44160e+00 |101  0.02794 -7.18897e-01 |102  0.08591 -4.72495e-01
103 -0.28761 -1.64974e+00 |104 -0.12711 -1.68136e+00 |105  0.16039 -3.78792e+00
106 -0.17879  8.65823e+00 |107  0.24351  9.60012e-02 |108  0.64959  1.27529e+00
109 -0.02412 -1.08613e+01 |110  0.29722  3.86645e+00 |111 -0.15443 -5.23525e+00
112  0.83266 -7.03498e-02 |113 -0.03027  5.43299e+00 |114  0.32623 -4.30167e+00
115 -0.17366  9.77945e+00 |116  0.25775 -3.33546e-01 |117 -0.09607 -1.92871e+00
118  0.25983  5.48926e-02 |119 -0.14417 -2.92702e+01 |120 -0.33063  6.52835e+00
121 -0.12533 -4.08718e+00 |122 -0.04145 -3.98110e+00 |123 -0.00189  3.81060e+00
124 -0.00648  9.43719e-01 |125 -0.13197  2.90394e+00 |126  0.06044 -3.31072e+00
127  0.01017  5.76353e+00 |128 -0.10183 -1.56083e+00 |129  0.47177  2.28507e+00
130 -0.14921 -3.63141e+00 |131 -0.00971 -3.08834e+01 |132 -0.28955  2.84149e+01
133  0.36997 -1.35985e-03 |134  0.03500 -6.42104e+00 |135 -0.21680  7.68219e-01

Intermediate statistics: 135 variables; iteration 20; function evaluation 23; phase 5
Function value 2.5539011e+03; maximum gradient component mag -5.6781e+01
Var    Value     Gradient |Var    Value     Gradient |Var    Value     Gradient
  1 -0.17098  5.08144e+01 |  2 -0.01431 -1.76505e+01 |  3 -0.05201 -1.13809e+01
  4  0.00225 -1.26452e+01 |  5 -0.41078 -4.61799e+00 |  6 -0.02976  7.53976e+00
  7  0.10763 -4.45735e+01 |  8 -0.12495 -6.56223e+00 |  9  0.16845 -7.02416e+00
 10 -0.15634 -3.06998e+00 | 11 -0.04454 -2.55904e+01 | 12  0.14333  1.95923e+00
 13  0.00433 -5.47191e-02 | 14  0.00493 -6.12818e-02 | 15  0.00561 -6.86710e-02
 16  0.00638 -7.69486e-02 | 17  0.00724 -8.62279e-02 | 18  0.00822 -9.67526e-02
 19  0.00936 -1.09022e-01 | 20  0.01069 -1.23557e-01 | 21  0.01220 -1.40618e-01
 22  0.01392 -1.60377e-01 | 23  0.01583 -1.83051e-01 | 24  0.01797 -2.08783e-01
 25  0.02043 -2.37637e-01 | 26  0.02334 -2.66910e-01 | 27  0.02679 -2.91328e-01
 28  0.03076 -3.09696e-01 | 29  0.03499 -3.38401e-01 | 30  0.03860 -4.17191e-01
 31  0.04011 -5.91933e-01 | 32  0.04545 -5.49350e-01 | 33  0.04788 -6.02060e-01
 34  0.04326 -9.39667e-01 | 35  0.04643 -1.00458e+00 | 36  0.05176 -1.20071e+00
 37  0.06015 -1.61923e+00 | 38  0.07081 -2.11344e+00 | 39  0.06135 -2.24111e+00
 40  0.02800 -1.77197e+00 | 41 -0.00235 -1.41925e+00 | 42 -0.02450 -1.60752e+00
 43 -0.02700 -1.72275e+00 | 44 -0.00669 -2.11693e+00 | 45  0.04253 -3.51210e+00
 46  0.05340 -4.42492e+00 | 47  0.03692 -4.09815e+00 | 48  0.11015 -8.13886e+00
 49  0.01393 -4.24321e+00 | 50 -0.01164 -3.77016e+00 | 51  0.06074 -4.85641e+00
 52 -0.00975 -4.83939e+00 | 53  0.11293 -1.42466e+01 | 54 -0.04467 -4.41375e+00
 55 -0.04994 -3.57658e+00 | 56 -0.06439 -1.12340e+00 | 57  0.06974  3.75492e+00
 58 -0.04495  1.38757e+00 | 59 -0.10474  1.91721e+00 | 60 -0.16205  1.57438e+00
 61 -0.13361 -7.74289e-01 | 62  0.17120  1.21123e+01 | 63 -0.14383  4.73292e-01
 64  0.01114 -5.77484e-01 | 65 -0.00458 -1.65416e+00 | 66  0.01717 -2.51472e+00
 67  0.02174 -1.91664e+00 | 68 -0.05118 -1.69680e+00 | 69 -0.00114 -2.10279e+00
 70 -0.11954  1.69130e-01 | 71  0.01469  3.44189e+00 | 72 -0.11463  1.71520e+00
 73 -0.05833  1.95483e+00 | 74 -0.12598  1.10143e+00 | 75 -0.11890 -5.28287e-01
 76 -0.08106  8.13539e-01 | 77  0.26562 -1.57571e+01 | 78 -0.14743  5.87109e-02
 79  0.01391 -6.69232e-01 | 80 -0.06679  7.50405e-01 | 81  0.07304  6.12807e-01
 82 -0.08636  2.14709e+00 | 83 -0.19713  2.14093e+00 | 84 -0.23480  1.23651e+00
 85 -0.06764  8.60361e-01 | 86 -0.09126  1.88799e+00 | 87  0.08213 -1.14646e+00
 88  0.12370 -6.53703e-01 | 89  0.00839 -1.30485e+00 | 90  0.10297 -9.91007e-01
 91  0.16270 -6.92905e-01 | 92 -0.02022  2.93001e-01 | 93  0.07873 -2.95802e-01
 94  0.00571  1.78335e+00 | 95 -0.02947  1.51211e+00 | 96 -0.14684  4.45324e-01
 97 -0.08807  1.42314e+00 | 98 -0.01439  2.06881e+00 | 99  0.04503  1.65717e+00
100 -0.06382  2.26536e-01 |101  0.02800 -3.27813e-01 |102  0.08672 -5.48078e-02
103 -0.27687  6.22920e-02 |104 -0.11715 -1.11891e-01 |105  0.16106 -3.92345e+00
106 -0.17839  6.88067e+00 |107  0.24182  6.16585e-02 |108  0.64646  2.94139e-01
109 -0.01908 -1.59214e+00 |110  0.28799 -1.39958e+00 |111 -0.15617  1.51248e+00
112  0.82772  8.49468e-02 |113 -0.02828  2.75753e+00 |114  0.32869 -1.04481e+01
115 -0.17187  2.17651e+01 |116  0.25247 -1.27958e+01 |117 -0.09303  3.46648e+01
118  0.25855  5.24505e-02 |119 -0.13861 -9.05291e+00 |120 -0.32367  2.20936e+00
121 -0.12035 -1.36187e+00 |122 -0.04727 -1.63320e+00 |123 -0.00539 -3.01644e+00
124 -0.00819  1.60504e+00 |125 -0.13815 -5.59628e-01 |126  0.04031 -2.75939e+00
127  0.00625  3.28467e+00 |128 -0.10228 -1.93359e+00 |129  0.46550 -2.95774e-02
130 -0.15034  1.21584e-01 |131 -0.01721 -5.67812e+01 |132 -0.29584  4.28332e+01
133  0.37000 -2.35265e-03 |134  0.04748 -5.47015e+00 |135 -0.20188  4.87564e+00
135 variables; iteration 40; function evaluation 44; phase 5
Function value 2.5535259e+03; maximum gradient component mag 5.5510e+01
Var    Value     Gradient |Var    Value     Gradient |Var    Value     Gradient
  1 -0.16856  5.55098e+01 |  2 -0.01518 -1.76352e+01 |  3 -0.05168 -9.76988e+00
  4  0.00255 -1.04131e+01 |  5 -0.41297 -8.14546e+00 |  6 -0.02950  1.12808e+01
  7  0.10890 -3.64199e+01 |  8 -0.12830 -4.37806e+00 |  9  0.17115 -4.14757e+00
 10 -0.15978 -3.30746e+00 | 11 -0.03561 -3.79515e+01 | 12 -0.08293 -6.06357e+00
 13  0.00682  5.25171e-02 | 14  0.00754  5.80226e-02 | 15  0.00834  6.40877e-02
 16  0.00921  7.07352e-02 | 17  0.01018  7.80408e-02 | 18  0.01125  8.62300e-02
 19  0.01248  9.57972e-02 | 20  0.01389  1.07246e-01 | 21  0.01549  1.20755e-01
 22  0.01728  1.36157e-01 | 23  0.01921  1.52410e-01 | 24  0.02127  1.66702e-01
 25  0.02347  1.73730e-01 | 26  0.02574  1.64988e-01 | 27  0.02792  1.34565e-01
 28  0.03004  9.27049e-02 | 29  0.03257  7.26806e-02 | 30  0.03627  1.24880e-01
 31  0.04219  3.16165e-01 | 32  0.03970  6.42878e-02 | 33  0.03848 -7.49090e-02
 34  0.04685  3.00077e-01 | 35  0.04289 -6.83167e-02 | 36  0.04429 -3.41359e-01
 37  0.05742 -3.54104e-01 | 38  0.06948 -5.40412e-01 | 39  0.06035 -6.50813e-01
 40  0.03049 -2.81232e-01 | 41 -0.00325 -3.18992e-01 | 42 -0.02729 -7.64215e-01
 43 -0.02994 -7.60467e-01 | 44 -0.01060 -8.10412e-01 | 45  0.05546 -3.59573e-01
 46  0.04173 -1.93483e+00 | 47  0.01107 -2.57201e+00 | 48  0.12113 -1.33532e+00
 49  0.00066 -2.24134e+00 | 50 -0.01345 -2.44033e+00 | 51  0.05989 -4.25712e+00
 52 -0.01695 -6.19075e+00 | 53  0.10977 -1.80011e+01 | 54 -0.04608 -4.29685e+00
 55 -0.04814 -1.84964e+00 | 56 -0.06468 -1.32976e+00 | 57  0.06653 -6.09179e+00
 58 -0.04576 -2.07638e+00 | 59 -0.10636 -4.59877e-01 | 60 -0.16469 -2.05042e-01
 61 -0.12837 -8.95137e-01 | 62  0.17278 -1.61944e+01 | 63 -0.14141 -1.08139e+00
 64  0.01674 -6.72595e+00 | 65  0.00339 -5.14295e+00 | 66  0.02641 -4.81101e+00
 67  0.03054 -5.77591e+00 | 68 -0.04143 -4.42807e+00 | 69  0.00770 -9.83270e+00
 70 -0.11001 -1.73564e+00 | 71  0.02852 -8.66984e-02 | 72 -0.10126  1.98606e+00
 73 -0.04118  4.52049e+00 | 74 -0.11220  2.24433e+00 | 75 -0.09717  2.32654e+00
 76 -0.06968 -1.31935e-01 | 77  0.28643 -4.71883e+01 | 78 -0.13352 -2.74730e-01
 79  0.03564  2.28415e-01 | 80 -0.05074  1.41727e+00 | 81  0.08427  4.20688e+00
 82 -0.08101  2.03155e+00 | 83 -0.19532  1.67578e+00 | 84 -0.23469  8.05414e-01
 85 -0.06525  3.39520e+00 | 86 -0.09188  2.16144e+00 | 87  0.08394  4.53269e+00
 88  0.12528  2.58137e+00 | 89  0.01278  1.78969e+00 | 90  0.10557  1.93264e-01
 91  0.16543  1.10882e+00 | 92 -0.01856  5.48400e-01 | 93  0.07871 -6.57081e-01
 94  0.00450  1.48496e+00 | 95 -0.03217  1.31415e+00 | 96 -0.14915  7.24475e-01
 97 -0.09262  1.50216e+00 | 98 -0.01912  2.63185e+00 | 99  0.04177  3.64586e+00
100 -0.06456  1.27513e+00 |101  0.02765  8.72967e-02 |102  0.08762  1.76933e-01
103 -0.27712  5.54975e-01 |104 -0.11571  9.11692e-02 |105  0.16251 -4.55984e+00
106 -0.17735  8.24216e+00 |107  0.23034  6.76270e-02 |108  0.62758 -5.73444e-02
109 -0.01990  1.46801e+00 |110  0.28964 -5.67652e+00 |111 -0.15490  1.06568e+01
112  0.79463 -8.40214e-02 |113 -0.02967  5.25431e+00 |114  0.32913 -6.91178e+00
115 -0.17194  1.51800e+01 |116  0.25726 -9.89438e+00 |117 -0.09181  2.99961e+01
118  0.24887  5.36218e-02 |119 -0.13830 -1.52340e+01 |120 -0.32277  5.18419e+00
121 -0.11841 -1.81873e+00 |122 -0.04834 -1.24208e+01 |123 -0.00355  1.54576e+00
124 -0.00836  1.22915e-01 |125 -0.13839  8.81161e-01 |126  0.03542 -2.21780e+00
127  0.00311  2.49141e+00 |128 -0.09121 -7.29209e-01 |129  0.45813  5.66252e-01
130 -0.15481 -1.74060e+00 |131 -0.01764 -3.97678e+01 |132 -0.29713  3.09151e+01
133  0.37028 -2.13426e-03 |134  0.04644 -7.28522e-01 |135 -0.20409  5.50811e-01
135 variables; iteration 60; function evaluation 64; phase 5
Function value 2.5530430e+03; maximum gradient component mag 3.7044e+01
Var    Value     Gradient |Var    Value     Gradient |Var    Value     Gradient
  1 -0.16854  3.70444e+01 |  2 -0.01149  2.15519e+00 |  3 -0.05418  4.06043e+00
  4  0.00686  1.66907e+00 |  5 -0.41392 -1.51851e+00 |  6 -0.03174  5.47617e+00
  7  0.10856  1.52345e+01 |  8 -0.12240  4.52331e+00 |  9  0.16560  1.44454e+00
 10 -0.15113  7.53846e-01 | 11 -0.03286 -2.15418e+01 | 12 -0.08164 -4.18921e-01
 13  0.00629 -3.55533e-02 | 14  0.00693 -4.15470e-02 | 15  0.00763 -4.82743e-02
 16  0.00841 -5.58390e-02 | 17  0.00926 -6.43801e-02 | 18  0.01020 -7.43293e-02
 19  0.01125 -8.65484e-02 | 20  0.01243 -1.02259e-01 | 21  0.01371 -1.22281e-01
 22  0.01508 -1.47192e-01 | 23  0.01652 -1.75317e-01 | 24  0.01814 -2.00918e-01
 25  0.02023 -2.09647e-01 | 26  0.02320 -1.79583e-01 | 27  0.02731 -9.59120e-02
 28  0.03208  9.47557e-03 | 29  0.03595  4.42593e-02 | 30  0.03678 -9.56709e-02
 31  0.03359 -4.33244e-01 | 32  0.04038 -1.74660e-01 | 33  0.04229 -1.45226e-01
 34  0.03700 -4.87286e-01 | 35  0.04220 -3.55816e-01 | 36  0.04709 -4.55092e-01
 37  0.05878 -5.73661e-01 | 38  0.06785 -8.84948e-01 | 39  0.05706 -1.03964e+00
 40  0.02271 -9.38284e-01 | 41 -0.00777 -8.06541e-01 | 42 -0.02447 -5.10619e-01
 43 -0.02877 -6.94957e-01 | 44 -0.00940 -8.76125e-01 | 45  0.04099 -1.42270e+00
 46  0.04745 -2.28551e+00 | 47  0.02273 -2.49642e+00 | 48  0.10781 -2.16494e+00
 49  0.00921 -9.20524e-01 | 50 -0.00279  4.65237e-01 | 51  0.04842  2.91486e-01
 52  0.00152 -1.88430e-01 | 53  0.10673 -4.56786e+00 | 54 -0.03972 -1.17859e+00
 55 -0.05509 -2.21714e+00 | 56 -0.06606 -1.05864e+00 | 57  0.06535 -3.45599e+00
 58 -0.04798 -2.88339e+00 | 59 -0.11088 -2.40291e+00 | 60 -0.16759 -9.15412e-01
 61 -0.12834 -2.32871e-02 | 62  0.17111 -1.32677e+01 | 63 -0.14022 -9.26848e-02
 64  0.01725 -1.76001e+00 | 65  0.00287 -2.67963e+00 | 66  0.02482 -3.38856e+00
 67  0.03064 -5.43977e-01 | 68 -0.04056  9.18849e-01 | 69  0.01191  3.23436e+00
 70 -0.10905  8.02855e-01 | 71  0.02777 -8.75863e-02 | 72 -0.10469 -6.59624e-01
 73 -0.04422 -8.38364e-01 | 74 -0.11448 -3.92323e-01 | 75 -0.09904  2.28324e-01
 76 -0.06946  2.49966e-01 | 77  0.29089 -1.08635e+01 | 78 -0.13525 -4.32266e-01
 79  0.03769  1.17787e+00 | 80 -0.05154  6.54664e-02 | 81  0.08451  1.77705e+00
 82 -0.08133  1.32776e+00 | 83 -0.19870 -8.22017e-02 | 84 -0.23924 -8.26107e-01
 85 -0.06640  1.30238e+00 | 86 -0.09564 -1.35970e-01 | 87  0.08344  1.49125e+00
 88  0.12476  5.12565e-01 | 89  0.00971 -1.43928e+00 | 90  0.10419 -2.12198e+00
 91  0.16641  5.22795e+00 | 92 -0.01869  6.78450e-01 | 93  0.08096  3.82867e+00
 94  0.00417  1.52740e+00 | 95 -0.03225  9.78389e-01 | 96 -0.14990  1.65929e-01
 97 -0.09466 -1.54063e-01 | 98 -0.02006 -2.17288e-01 | 99  0.04138  4.27907e-01
100 -0.06550  2.21301e-01 |101  0.02999  7.00481e-01 |102  0.08815  2.01693e-01
103 -0.28389 -2.64385e-01 |104 -0.11915  7.12310e-02 |105  0.16622 -2.82667e+00
106 -0.17642  4.08926e+00 |107  0.10727  1.37672e-01 |108  0.54000 -7.16539e-01
109 -0.02929  4.63472e+00 |110  0.29072 -1.58191e+00 |111 -0.15514  3.71553e+00
112  0.60794 -5.34493e-01 |113 -0.04685  6.48574e+00 |114  0.32973 -4.63433e-01
115 -0.17343  4.88474e-01 |116  0.25653  1.73272e+00 |117 -0.09514 -5.44119e+00
118  0.14573  1.66828e-01 |119 -0.13507 -5.76979e-01 |120 -0.31969  5.03810e-01
121 -0.12376 -3.23125e-01 |122 -0.04791 -2.59585e+00 |123 -0.00542 -2.81285e+00
124 -0.00916  1.13490e+00 |125 -0.13907 -7.55541e-01 |126  0.03733 -6.67633e-01
127  0.00453  1.89751e+00 |128 -0.08986  3.17565e-01 |129  0.45722 -1.90443e+00
130 -0.15147  3.45737e+00 |131 -0.01609  1.10672e+01 |132 -0.29921 -8.40782e+00
133  0.37280 -1.62920e-03 |134  0.04587 -5.25627e-01 |135 -0.20588 -3.15212e-01
135 variables; iteration 80; function evaluation 87; phase 5
Function value 2.5528143e+03; maximum gradient component mag 4.8226e+01
Var    Value     Gradient |Var    Value     Gradient |Var    Value     Gradient
  1 -0.17372  4.82262e+01 |  2 -0.00892 -3.06613e+00 |  3 -0.05629  2.18532e-01
  4  0.00857  1.60220e-01 |  5 -0.41311 -1.05872e+00 |  6 -0.03061  1.35721e+00
  7  0.10897  1.21941e+01 |  8 -0.12526  1.87055e+00 |  9  0.16509  9.97536e-01
 10 -0.15431  9.87054e-01 | 11 -0.03176 -3.72834e+01 | 12 -0.13601 -2.31775e+00
 13  0.00730 -1.94789e-02 | 14  0.00798 -2.32145e-02 | 15  0.00874 -2.76040e-02
 16  0.00955 -3.28702e-02 | 17  0.01044 -3.92477e-02 | 18  0.01141 -4.71229e-02
 19  0.01249 -5.71053e-02 | 20  0.01369 -7.01897e-02 | 21  0.01501 -8.69741e-02
 22  0.01643 -1.07266e-01 | 23  0.01795 -1.28388e-01 | 24  0.01964 -1.45166e-01
 25  0.02174 -1.50262e-01 | 26  0.02429 -1.44501e-01 | 27  0.02679 -1.58653e-01
 28  0.02822 -2.48481e-01 | 29  0.02869 -3.97038e-01 | 30  0.03154 -3.96172e-01
 31  0.04293  8.45493e-02 | 32  0.03206 -6.38915e-01 | 33  0.02770 -9.86054e-01
 34  0.04906 -1.79023e-02 | 35  0.03966 -7.34093e-01 | 36  0.04182 -1.09401e+00
 37  0.04507 -1.63642e+00 | 38  0.05833 -1.87941e+00 | 39  0.06030 -1.74333e+00
 40  0.02178 -1.50839e+00 | 41 -0.01059 -1.37087e+00 | 42 -0.02835 -1.14000e+00
 43 -0.03399 -1.45722e+00 | 44 -0.01592 -1.74762e+00 | 45  0.03969 -2.09535e+00
 46  0.04314 -3.32506e+00 | 47  0.03549 -3.61153e+00 | 48  0.09483 -7.44197e+00
 49  0.01360 -4.36651e+00 | 50 -0.00985 -4.10601e+00 | 51  0.04145 -6.54322e+00
 52  0.00357 -2.26256e+00 | 53  0.10509 -6.47020e+00 | 54 -0.04151 -1.60551e+00
 55 -0.05511 -2.51417e+00 | 56 -0.06789 -2.28786e+00 | 57  0.06340 -7.72624e+00
 58 -0.04667 -1.98229e+00 | 59 -0.11001 -1.25841e+00 | 60 -0.16723 -7.69544e-01
 61 -0.13098 -1.13152e+00 | 62  0.17147 -2.20321e+01 | 63 -0.14358 -1.52384e+00
 64  0.01810 -4.16342e+00 | 65  0.00590 -1.29646e+00 | 66  0.02913  4.65690e-01
 67  0.03243 -1.79581e+00 | 68 -0.03997 -2.23424e+00 | 69  0.01223 -3.70007e+00
 70 -0.10699 -1.78927e-01 | 71  0.03229  1.10827e+00 | 72 -0.10058 -1.12370e-01
 73 -0.04027 -9.22514e-01 | 74 -0.11195 -7.50654e-01 | 75 -0.09083  1.23090e+00
 76 -0.06891 -4.97474e-01 | 77  0.29896 -8.84785e+00 | 78 -0.12894 -1.48169e-01
 79  0.04271 -2.11200e+00 | 80 -0.04655 -5.00228e-01 | 81  0.08816  5.82500e-01
 82 -0.08026  8.45791e-02 | 83 -0.19805 -3.37635e-01 | 84 -0.23814 -5.54307e-01
 85 -0.06714 -9.70869e-02 | 86 -0.09575 -1.79188e-01 | 87  0.08385  1.92093e+00
 88  0.12515  3.65708e-01 | 89  0.01224  8.57368e-01 | 90  0.10658  1.26816e+00
 91  0.16665  4.61730e+00 | 92 -0.01834  6.52321e-01 | 93  0.08066  3.60628e+00
 94  0.00375  1.50305e+00 | 95 -0.03211  1.81598e+00 | 96 -0.15088  3.46429e-01
 97 -0.09471  7.01447e-01 | 98 -0.02039  8.04886e-01 | 99  0.04022 -3.37649e-01
100 -0.06612  4.66762e-02 |101  0.03183  1.49129e+00 |102  0.08644 -2.05830e-01
103 -0.28568 -2.56832e-01 |104 -0.12043 -3.17276e-02 |105  0.17279 -6.31327e+00
106 -0.17296  6.28594e+00 |107 -0.03129 -5.79446e-01 |108  0.66934  8.54802e-02
109 -0.01536  5.90603e-01 |110  0.28660 -2.37320e+00 |111 -0.15677  2.04584e+00
112  0.55607 -6.34190e-01 |113 -0.05421  6.00126e+00 |114  0.32771  2.45317e-02
115 -0.17427 -1.77015e+00 |116  0.25289 -3.13933e+00 |117 -0.09622  2.31862e+00
118 -0.11451 -3.96739e-01 |119 -0.13489  7.22121e-01 |120 -0.31910  7.39087e-01
121 -0.12117  2.22726e-01 |122 -0.04859 -2.38441e+00 |123 -0.00591 -3.69465e+00
124 -0.00999  8.12269e-01 |125 -0.14014 -1.38540e+00 |126  0.04410 -1.24809e+00
127  0.00705  2.42221e+00 |128 -0.10403 -1.12108e+00 |129  0.46983  1.08141e+00
130 -0.14837 -1.25148e+00 |131 -0.01816  9.78566e+00 |132 -0.30147 -8.47438e+00
133  0.37587 -1.46068e-03 |134  0.04609  6.05264e-01 |135 -0.20533 -5.99036e-01
135 variables; iteration 100; function evaluation 108; phase 5
Function value 2.5526458e+03; maximum gradient component mag 6.0387e+00
Var    Value     Gradient |Var    Value     Gradient |Var    Value     Gradient
  1 -0.18096  1.39692e+00 |  2 -0.00621  1.84537e-03 |  3 -0.05802 -1.95334e-01
  4  0.00826 -9.34471e-03 |  5 -0.41141  9.96885e-01 |  6 -0.02445 -1.09155e+00
  7  0.10780 -1.51589e+00 |  8 -0.12162  4.59995e-01 |  9  0.16519  3.53306e-02
 10 -0.15788 -6.75477e-01 | 11 -0.03207 -3.01520e+00 | 12 -0.16326 -4.69634e-01
 13  0.00654  6.67894e-02 | 14  0.00711  7.04261e-02 | 15  0.00773  7.40098e-02
 16  0.00840  7.73174e-02 | 17  0.00911  8.03539e-02 | 18  0.00989  8.31520e-02
 19  0.01075  8.58265e-02 | 20  0.01172  8.86893e-02 | 21  0.01281  9.38722e-02
 22  0.01407  1.05101e-01 | 23  0.01553  1.26955e-01 | 24  0.01723  1.62536e-01
 25  0.01924  2.11055e-01 | 26  0.02148  2.65155e-01 | 27  0.02392  3.25374e-01
 28  0.02660  4.03671e-01 | 29  0.02909  4.72169e-01 | 30  0.03002  4.46618e-01
 31  0.02935  3.43010e-01 | 32  0.03150  4.65415e-01 | 33  0.03218  5.19845e-01
 34  0.03495  6.93466e-01 | 35  0.03558  6.26835e-01 | 36  0.04030  6.23478e-01
 37  0.04716  5.09517e-01 | 38  0.06018  7.15970e-01 | 39  0.05003  5.51911e-01
 40  0.01523  1.19117e-01 | 41 -0.01238  1.68670e-01 | 42 -0.03095  1.30493e-01
 43 -0.03425  4.61140e-02 | 44 -0.01747 -1.08752e-01 | 45  0.02220 -8.97295e-02
 46  0.04320  6.57639e-01 | 47  0.04770  1.58776e+00 | 48  0.08676  3.60754e-01
 49  0.01578 -4.93300e-01 | 50 -0.01321 -1.45352e+00 | 51  0.04098 -2.26524e+00
 52 -0.00050 -1.55675e-01 | 53  0.10303 -4.63896e-01 | 54 -0.04184  4.40462e-01
 55 -0.05651 -4.06303e-01 | 56 -0.06804  9.51733e-02 | 57  0.06306 -7.46223e-01
 58 -0.05013 -8.13384e-01 | 59 -0.10747  1.31497e+00 | 60 -0.16589  7.46198e-01
 61 -0.13243 -4.11803e-01 | 62  0.17181 -3.56413e+00 | 63 -0.14010  1.04063e-01
 64  0.01871 -1.17999e+00 | 65  0.00711  3.24921e-01 | 66  0.02980  1.36635e+00
 67  0.03354 -3.04178e-01 | 68 -0.03948 -1.63957e+00 | 69  0.01373 -2.66999e+00
 70 -0.10703 -4.62163e-01 | 71  0.03315  3.36965e-01 | 72 -0.09632  1.18339e+00
 73 -0.03851 -4.31742e-02 | 74 -0.10802 -2.18071e-01 | 75 -0.09240 -3.62395e-01
 76 -0.06666 -5.27857e-01 | 77  0.30300 -1.27856e+00 | 78 -0.12736 -1.34497e-01
 79  0.04654 -1.13344e+00 | 80 -0.04319  2.60157e-03 | 81  0.08962 -7.24355e-01
 82 -0.08018 -4.85931e-01 | 83 -0.20079 -1.57915e+00 | 84 -0.23639  3.05627e-01
 85 -0.06878 -7.82592e-01 | 86 -0.09458  6.56266e-01 | 87  0.08238  8.50239e-02
 88  0.12428 -1.66910e-01 | 89  0.01167  8.29028e-01 | 90  0.10607  4.96319e-01
 91  0.16511  4.64251e-01 | 92 -0.01853  4.31448e-01 | 93  0.07892  5.12480e-01
 94  0.00246  2.35807e-01 | 95 -0.03449  1.77796e-01 | 96 -0.15175  2.11493e-02
 97 -0.09877 -7.55477e-01 | 98 -0.02142  7.06840e-01 | 99  0.03858 -5.38449e-01
100 -0.06475  1.43333e+00 |101  0.02630 -1.87548e-01 |102  0.08676  5.26875e-02
103 -0.28617 -2.25314e-01 |104 -0.12549 -6.33568e-01 |105  0.17209 -5.75886e-01
106 -0.17312  5.31536e-01 |107 -0.00818  1.04020e-01 |108  0.59164  2.79520e-01
109 -0.02380 -1.26369e+00 |110  0.28674 -9.55945e-02 |111 -0.15610  3.12326e-01
112  0.49592 -7.72052e-01 |113 -0.06369  6.03866e+00 |114  0.32870 -2.56843e-01
115 -0.17294  1.83657e+00 |116  0.25390  1.01185e-01 |117 -0.09520  5.54389e-01
118 -0.09949  3.21192e-01 |119 -0.13513  3.85470e-01 |120 -0.31850  1.34253e+00
121 -0.11900  3.64199e-01 |122 -0.04936 -7.38585e-01 |123 -0.00497 -1.62198e-01
124 -0.00800  7.83277e-01 |125 -0.13898  1.55382e-01 |126  0.03883  1.27202e-01
127  0.00604  7.53449e-01 |128 -0.10033 -4.27045e-02 |129  0.44964  3.94565e-01
130 -0.15735 -1.10569e+00 |131 -0.01859 -2.44116e+00 |132 -0.30054  1.51199e+00
133  0.38069 -1.09666e-03 |134  0.04612  6.94755e-01 |135 -0.20436 -2.41265e-01
135 variables; iteration 120; function evaluation 131; phase 5
Function value 2.5525411e+03; maximum gradient component mag 1.3953e+01
Var    Value     Gradient |Var    Value     Gradient |Var    Value     Gradient
  1 -0.18265  1.39527e+01 |  2 -0.00330 -1.20074e+00 |  3 -0.06115 -5.13744e-01
  4  0.01076 -4.84776e-01 |  5 -0.41431 -4.88607e-01 |  6 -0.02234  1.41483e+00
  7  0.10720 -1.71253e+00 |  8 -0.11936  4.98376e-01 |  9  0.16249 -4.14452e-01
 10 -0.15490 -5.87772e-01 | 11 -0.02376 -1.17165e+01 | 12 -0.19422 -1.20938e+00
 13  0.00634 -5.59029e-02 | 14  0.00693 -5.68356e-02 | 15  0.00761 -5.54500e-02
 16  0.00839 -5.03538e-02 | 17  0.00928 -4.05053e-02 | 18  0.01032 -2.55835e-02
 19  0.01151 -6.54514e-03 | 20  0.01286  1.40946e-02 | 21  0.01426  2.95607e-02
 22  0.01557  2.84414e-02 | 23  0.01654 -2.84039e-03 | 24  0.01707 -7.10457e-02
 25  0.01747 -1.58312e-01 | 26  0.01854 -2.06026e-01 | 27  0.02078 -1.78054e-01
 28  0.02230 -1.99473e-01 | 29  0.02145 -3.75635e-01 | 30  0.02324 -3.63929e-01
 31  0.03259  1.48980e-01 | 32  0.02684 -2.75367e-01 | 33  0.02505 -4.31416e-01
 34  0.01960 -8.55547e-01 | 35  0.02868 -4.70114e-01 | 36  0.03555 -4.53978e-01
 37  0.04589 -5.18565e-01 | 38  0.05026 -8.11761e-01 | 39  0.04519 -7.16005e-01
 40  0.01768 -3.91166e-01 | 41 -0.01442 -4.59039e-01 | 42 -0.03527 -6.58791e-01
 43 -0.03467 -3.22512e-01 | 44 -0.02136 -1.04336e+00 | 45  0.02028 -1.45933e+00
 46  0.04299 -1.44151e+00 | 47  0.03352 -1.58261e+00 | 48  0.08474 -2.86288e+00
 49  0.01403 -1.13212e+00 | 50 -0.01288 -7.66508e-01 | 51  0.04011 -1.14435e+00
 52 -0.00627 -7.71723e-01 | 53  0.10128 -2.42506e+00 | 54 -0.04725 -7.87137e-01
 55 -0.05659 -5.78816e-01 | 56 -0.07152 -7.27301e-01 | 57  0.06060 -2.00667e+00
 58 -0.04998 -7.14273e-01 | 59 -0.11296 -7.36728e-01 | 60 -0.16770  1.10766e-01
 61 -0.13252 -2.54564e-01 | 62  0.17076 -5.77958e+00 | 63 -0.14172 -2.63911e-01
 64  0.01929 -1.30943e+00 | 65  0.00744 -1.10220e+00 | 66  0.02949 -1.46102e+00
 67  0.03419 -1.04116e+00 | 68 -0.03769 -7.05189e-01 | 69  0.01571 -7.20197e-01
 70 -0.10640 -4.66490e-01 | 71  0.03483 -6.14429e-01 | 72 -0.09566  5.61943e-01
 73 -0.03629  3.39879e-02 | 74 -0.10485  2.83532e-01 | 75 -0.08965  2.31563e-02
 76 -0.06318 -1.61680e-01 | 77  0.30679 -3.51421e+00 | 78 -0.12444 -7.08885e-03
 79  0.05097 -2.66562e-01 | 80 -0.04120 -1.99995e-01 | 81  0.09145 -3.13264e-01
 82 -0.07926 -1.25218e-02 | 83 -0.19818 -3.92863e-01 | 84 -0.23704  4.15899e-02
 85 -0.06818  3.43308e-01 | 86 -0.09761  1.14051e-01 | 87  0.08128  6.98279e-02
 88  0.12323  2.17592e-01 | 89  0.01023  1.22081e-01 | 90  0.10490 -3.89088e-01
 91  0.16431  8.39393e-01 | 92 -0.02007  1.41364e-01 | 93  0.07786  9.75892e-01
 94  0.00116  4.70965e-01 | 95 -0.03671  1.78029e-01 | 96 -0.15269  4.20344e-01
 97 -0.09934 -1.13338e-01 | 98 -0.02473  5.58804e-02 | 99  0.03678  3.50838e-01
100 -0.06969 -1.09994e-01 |101  0.02559  2.86720e-01 |102  0.08350 -3.54944e-01
103 -0.28851 -4.55719e-01 |104 -0.11581  3.00364e-01 |105  0.17668  4.14184e-01
106 -0.17066  1.09819e+00 |107 -0.02680  1.72571e-01 |108  0.51341 -1.79301e-01
109 -0.03358  1.05592e+00 |110  0.28587 -3.71257e-01 |111 -0.15624  1.09111e+00
112  0.43937 -3.80871e-01 |113 -0.07676  4.13462e+00 |114  0.32578 -8.33178e-01
115 -0.17424  9.40140e-01 |116  0.25255 -9.29495e-01 |117 -0.09576  9.89320e-01
118 -0.12151 -7.09128e-02 |119 -0.13588 -4.68201e-01 |120 -0.32047  2.92617e-01
121 -0.12121 -3.84693e-01 |122 -0.04935 -8.21175e-01 |123 -0.00598  7.07900e-03
124 -0.00999 -1.00448e-01 |125 -0.13781 -1.96508e-02 |126  0.03152 -4.75844e-01
127  0.00345  1.07564e-01 |128 -0.09558 -8.75178e-02 |129  0.45262 -2.38541e-01
130 -0.15434  5.44709e-01 |131 -0.01845 -8.54561e-01 |132 -0.30043  5.96998e-01
133  0.38688 -7.16287e-04 |134  0.04540 -2.66894e-01 |135 -0.20507  1.03855e-01
135 variables; iteration 140; function evaluation 157; phase 5
Function value 2.5524203e+03; maximum gradient component mag 5.2023e+00
Var    Value     Gradient |Var    Value     Gradient |Var    Value     Gradient
  1 -0.18614 -1.82886e+00 |  2 -0.00041 -5.09906e-01 |  3 -0.06294 -1.08213e-01
  4  0.01282 -7.39491e-03 |  5 -0.41656 -5.89953e-01 |  6 -0.01863 -7.64412e-01
  7  0.10719  8.02432e-01 |  8 -0.12140 -3.17718e-01 |  9  0.16193  2.28288e-01
 10 -0.15297  4.09741e-02 | 11 -0.01515  1.87583e+00 | 12 -0.24241 -7.26348e-02
 13 -0.00832 -1.24075e+00 | 14  0.00933  1.92017e-01 | 15  0.00775  1.46481e-02
 16  0.00743 -6.04599e-02 | 17  0.01031  1.22750e-01 | 18  0.00945 -2.38088e-03
 19  0.00436 -4.73043e-01 | 20  0.00428 -5.43156e-01 | 21  0.01372  1.34027e-01
 22  0.01253 -3.89888e-02 | 23  0.01525  9.03700e-02 | 24  0.01916  3.04573e-01
 25  0.01325 -2.31652e-01 | 26  0.01667 -6.96528e-02 | 27  0.01953  4.17240e-02
 28  0.01846 -1.25541e-01 | 29  0.01761 -2.63115e-01 | 30  0.02326  7.52979e-02
 31  0.01301 -6.82777e-01 | 32  0.01793 -3.36540e-01 | 33  0.01981 -1.94205e-01
 34  0.02324  1.30872e-02 | 35  0.02921  2.60418e-01 | 36  0.03569  2.94130e-01
 37  0.03546 -3.00306e-01 | 38  0.04867 -9.13047e-02 | 39  0.03378 -5.29906e-01
 40  0.00933 -2.93875e-01 | 41 -0.02115 -4.01121e-01 | 42 -0.03575  1.15244e-01
 43 -0.04212 -2.24619e-01 | 44 -0.01711  6.21128e-01 | 45  0.02247  3.92253e-01
 46  0.03046 -1.28707e-01 | 47  0.03047  2.89320e-01 | 48  0.08588  7.45655e-01
 49  0.00769  1.11931e-01 | 50 -0.01561  1.20154e-01 | 51  0.03748  2.40534e-01
 52 -0.00918 -7.11829e-02 | 53  0.09853  4.84774e-03 | 54 -0.04829 -2.26974e-03
 55 -0.05912  6.53155e-03 | 56 -0.07261  4.58768e-02 | 57  0.05872  1.04863e-01
 58 -0.05124  1.28894e-01 | 59 -0.11349 -2.18424e-01 | 60 -0.17019 -2.78454e-01
 61 -0.13279  1.18538e-01 | 62  0.17121  1.44026e+00 | 63 -0.14174 -5.94462e-02
 64  0.02111  9.96655e-02 | 65  0.00981  9.03280e-02 | 66  0.03231  3.08023e-01
 67  0.03647  9.85963e-02 | 68 -0.03393  2.49578e-01 | 69  0.01838 -2.54531e-01
 70 -0.10226  1.45093e-01 | 71  0.03937  2.19734e-01 | 72 -0.09489 -6.21405e-01
 73 -0.03116 -9.92912e-02 | 74 -0.10157 -1.13457e-01 | 75 -0.08453 -3.96902e-02
 76 -0.05831  9.75195e-02 | 77  0.31451  1.28139e+00 | 78 -0.12066 -8.93094e-03
 79  0.05765 -8.12316e-02 | 80 -0.03592 -7.27404e-02 | 81  0.09567 -1.09408e-01
 82 -0.07653 -3.49200e-03 | 83 -0.19463  5.64022e-01 | 84 -0.23696 -1.06961e-01
 85 -0.06790 -1.45223e-01 | 86 -0.09859 -2.93706e-01 | 87  0.08131 -6.27810e-01
 88  0.12335 -4.17670e-01 | 89  0.01027 -3.35897e-01 | 90  0.10525 -5.99430e-01
 91  0.16475  5.85876e-01 | 92 -0.01962  1.21653e-01 | 93  0.07777  9.17463e-01
 94  0.00090  3.05403e-01 | 95 -0.03721  2.85579e-01 | 96 -0.15578 -1.86099e-01
 97 -0.09981  2.32996e-01 | 98 -0.02625 -7.48587e-02 | 99  0.03551  3.48116e-02
100 -0.07033 -1.51573e-03 |101  0.02433 -1.48239e-01 |102  0.08616  2.22559e-01
103 -0.28519 -6.27050e-02 |104 -0.11967 -4.39143e-02 |105  0.17336  1.23400e-01
106 -0.17242 -1.08899e+00 |107 -0.04502 -1.63303e-01 |108  0.47128 -1.67763e-02
109 -0.04073 -4.16886e-01 |110  0.28277  1.82726e-02 |111 -0.15714 -6.43253e-01
112  0.28098 -1.25430e+00 |113 -0.12573  5.20230e+00 |114  0.32539  4.04607e-01
115 -0.17405 -5.32261e-01 |116  0.25193  3.70016e-01 |117 -0.09574 -4.71666e-01
118 -0.12974 -2.80714e-02 |119 -0.13800  1.59885e-01 |120 -0.32370 -3.55401e-01
121 -0.11154  1.99363e-01 |122 -0.04997  5.13536e-01 |123 -0.00209  2.95624e-01
124 -0.00579  1.75770e-01 |125 -0.14663 -6.76658e-01 |126  0.03386  1.55515e-01
127  0.00437 -1.15003e-01 |128 -0.10033 -3.80001e-02 |129  0.44667 -2.05350e-01
130 -0.15708  1.49937e-01 |131 -0.01986  9.69769e-02 |132 -0.30193 -8.84943e-02
133  0.40597  1.82271e-04 |134  0.04463 -6.57123e-02 |135 -0.20549  6.43842e-02
135 variables; iteration 160; function evaluation 186; phase 5
Function value 2.5523369e+03; maximum gradient component mag -5.7537e-01
Var    Value     Gradient |Var    Value     Gradient |Var    Value     Gradient
  1 -0.18703 -5.75375e-01 |  2  0.00012  8.30043e-02 |  3 -0.06330  2.89428e-02
  4  0.01296  2.07153e-02 |  5 -0.41646  8.59923e-03 |  6 -0.01775 -3.24329e-02
  7  0.10657  5.36923e-02 |  8 -0.11879 -4.27114e-03 |  9  0.16085  7.87536e-03
 10 -0.15142  3.75598e-03 | 11 -0.02532  5.48004e-01 | 12 -0.20998  6.65482e-02
 13  0.00624 -9.47028e-04 | 14  0.00679  1.25096e-03 | 15  0.00734  1.52213e-04
 16  0.00843  3.89994e-02 | 17  0.00872  8.46272e-03 | 18  0.00931 -2.09161e-03
 19  0.00999 -1.21194e-02 | 20  0.01100 -3.01512e-03 | 21  0.01226  1.85019e-02
 22  0.01312  1.74599e-03 | 23  0.01463  3.20054e-02 | 24  0.01555  1.36139e-02
 25  0.01690  1.99240e-02 | 26  0.01826  1.85393e-02 | 27  0.01981  2.68838e-02
 28  0.02111  2.23542e-02 | 29  0.02234  2.10822e-02 | 30  0.02349  2.74086e-02
 31  0.02427  3.34434e-02 | 32  0.02448  3.03495e-02 | 33  0.02430  1.77261e-02
 34  0.02495  2.73513e-02 | 35  0.02721  3.45267e-02 | 36  0.03250  3.68998e-02
 37  0.04167  4.06858e-02 | 38  0.05007  5.07564e-02 | 39  0.04232  5.06398e-02
 40  0.01302  4.99915e-02 | 41 -0.01645  2.64113e-02 | 42 -0.03505  3.46131e-02
 43 -0.03803  2.90155e-02 | 44 -0.01973  4.43447e-02 | 45  0.02220  5.83514e-02
 46  0.03864  7.55539e-02 | 47  0.03203  6.99168e-02 | 48  0.08692  1.38056e-01
 49  0.01150  6.98518e-02 | 50 -0.01334  7.82458e-02 | 51  0.03957  7.91172e-02
 52 -0.00675  3.85732e-02 | 53  0.10093  1.16726e-01 | 54 -0.04664  2.15216e-02
 55 -0.05703  4.15269e-02 | 56 -0.07109  2.39653e-02 | 57  0.06070  1.12087e-01
 58 -0.04995  4.24072e-02 | 59 -0.11173  1.55886e-02 | 60 -0.16840  9.75024e-03
 61 -0.13239  2.40385e-02 | 62  0.17174  2.46393e-01 | 63 -0.14121  1.21742e-02
 64  0.02061  4.28058e-02 | 65  0.00890  2.64342e-02 | 66  0.03117  1.59216e-02
 67  0.03551  2.85443e-02 | 68 -0.03565  3.14809e-02 | 69  0.01724  5.05033e-02
 70 -0.10418  1.04915e-02 | 71  0.03692  6.95300e-03 | 72 -0.09543  1.02949e-03
 73 -0.03402 -2.21142e-03 | 74 -0.10379  2.45675e-04 | 75 -0.08738  1.48069e-03
 76 -0.06118  6.87786e-03 | 77  0.31004  1.28294e-01 | 78 -0.12301 -3.18882e-04
 79  0.05379  1.29775e-02 | 80 -0.03885  4.54990e-03 | 81  0.09360 -6.46628e-03
 82 -0.07768 -3.09218e-04 | 83 -0.19620 -5.18017e-04 | 84 -0.23654 -7.32300e-03
 85 -0.06759 -1.11841e-02 | 86 -0.09781 -1.23742e-02 | 87  0.08181 -8.26358e-03
 88  0.12353 -8.16540e-03 | 89  0.01029 -1.39012e-02 | 90  0.10528 -4.98492e-03
 91  0.16416 -2.01320e-02 | 92 -0.01993 -7.00469e-03 | 93  0.07757 -3.07369e-02
 94  0.00110 -1.70965e-02 | 95 -0.03673 -1.02874e-02 | 96 -0.15408 -5.89839e-03
 97 -0.09911 -8.54893e-03 | 98 -0.02468 -1.05261e-02 | 99  0.03686 -5.20854e-03
100 -0.06923 -1.40486e-03 |101  0.02529  7.90893e-03 |102  0.08543  5.08661e-03
103 -0.28430 -7.22541e-03 |104 -0.11836  2.53851e-03 |105  0.17337  6.08043e-02
106 -0.17230 -7.48239e-02 |107 -0.03819  4.35261e-03 |108  0.50015 -9.74713e-03
109 -0.03545  1.44897e-01 |110  0.28279  3.55193e-02 |111 -0.15698 -5.08222e-02
112  0.23171  4.01317e-02 |113 -0.15188 -6.26906e-02 |114  0.32496  1.17268e-02
115 -0.17422 -2.46790e-02 |116  0.25085  9.09457e-02 |117 -0.09605 -9.45358e-02
118 -0.12786  3.18739e-02 |119 -0.13729  6.15218e-03 |120 -0.32239 -8.51240e-03
121 -0.11432 -2.39563e-03 |122 -0.05013  4.04315e-02 |123 -0.00613  2.61780e-03
124 -0.00970  6.64886e-03 |125 -0.13798  3.56098e-04 |126  0.03236  1.14151e-03
127  0.00423 -1.37612e-02 |128 -0.09939 -6.32209e-03 |129  0.44890  7.98059e-03
130 -0.15603 -1.33234e-02 |131 -0.01939  1.14675e-02 |132 -0.30139 -1.52858e-03
133  0.40409  1.23273e-04 |134  0.04489 -1.07389e-02 |135 -0.20531  6.06834e-04
  ic > imax  in fminim is answer attained ?
Var    Value     Gradient |Var    Value     Gradient |Var    Value     Gradient
  1 -0.18715  2.81691e-05 |  2  0.00019  1.85266e-04 |  3 -0.06335  2.40110e-05
  4  0.01300  1.09382e-04 |  5 -0.41649  5.97142e-05 |  6 -0.01765  1.24433e-04
  7  0.10655 -4.97372e-05 |  8 -0.11874 -6.03787e-05 |  9  0.16081 -2.83746e-05
 10 -0.15139  5.39006e-05 | 11 -0.02522 -7.13709e-04 | 12 -0.21071 -4.35705e-04
 13  0.00631  7.12256e-05 | 14  0.00683  2.64665e-05 | 15  0.00741  1.77566e-05
 16  0.00803  4.44272e-05 | 17  0.00869  3.55014e-05 | 18  0.00942  1.65257e-05
 19  0.01023  1.90049e-05 | 20  0.01114 -3.16203e-05 | 21  0.01213 -5.82176e-05
 22  0.01322 -9.10481e-05 | 23  0.01434 -8.34850e-05 | 24  0.01551 -1.83541e-05
 25  0.01679  5.77250e-05 | 26  0.01818 -1.71277e-05 | 27  0.01962 -5.10631e-05
 28  0.02099  3.19818e-05 | 29  0.02225  3.60440e-05 | 30  0.02332 -8.11520e-06
 31  0.02402 -1.51249e-05 | 32  0.02430 -2.90183e-06 | 33  0.02432 -2.41306e-06
 34  0.02486  1.30536e-05 | 35  0.02706 -9.16607e-05 | 36  0.03238 -1.73461e-04
 37  0.04159  2.47133e-05 | 38  0.04994  1.57734e-05 | 39  0.04222  8.72348e-05
 40  0.01283 -1.64168e-05 | 41 -0.01645  1.09637e-04 | 42 -0.03516 -5.64191e-05
 43 -0.03808  9.30133e-05 | 44 -0.01986 -8.38787e-06 | 45  0.02214  7.61677e-05
 46  0.03851  1.56102e-04 | 47  0.03204  6.92125e-05 | 48  0.08678  2.84488e-04
 49  0.01154  3.09444e-05 | 50 -0.01354  9.07050e-05 | 51  0.03955  1.60759e-05
 52 -0.00676 -1.02016e-04 | 53  0.10087 -1.44973e-04 | 54 -0.04661 -5.93498e-05
 55 -0.05712 -8.46581e-05 | 56 -0.07110 -8.13470e-05 | 57  0.06066 -3.89408e-04
 58 -0.04999 -1.29739e-04 | 59 -0.11175 -1.31390e-04 | 60 -0.16841 -8.43296e-05
 61 -0.13244 -9.94720e-05 | 62  0.17174 -1.40966e-03 | 63 -0.14120 -7.55183e-05
 64  0.02064 -3.12537e-04 | 65  0.00894 -3.23942e-04 | 66  0.03121 -4.37903e-04
 67  0.03554 -3.81503e-04 | 68 -0.03564 -8.65884e-05 | 69  0.01727 -2.02098e-04
 70 -0.10416 -3.87056e-05 | 71  0.03698 -2.37833e-04 | 72 -0.09538 -1.48738e-04
 73 -0.03396 -2.92653e-05 | 74 -0.10373  5.72596e-05 | 75 -0.08730 -5.66025e-06
 76 -0.06114 -4.51587e-05 | 77  0.31014 -1.44447e-03 | 78 -0.12294 -6.05458e-05
 79  0.05389  1.57694e-05 | 80 -0.03877 -1.26785e-05 | 81  0.09365  4.43916e-05
 82 -0.07765  4.16203e-05 | 83 -0.19619  1.21556e-04 | 84 -0.23653  2.10134e-05
 85 -0.06759  1.12869e-04 | 86 -0.09782 -5.61535e-06 | 87  0.08179  1.91784e-04
 88  0.12351  1.10144e-04 | 89  0.01029  6.15121e-05 | 90  0.10528  9.67429e-05
 91  0.16416  1.45723e-04 | 92 -0.01993  2.74133e-05 | 93  0.07756  1.02540e-04
 94  0.00108  8.05061e-05 | 95 -0.03676  6.02462e-05 | 96 -0.15411  2.67438e-05
 97 -0.09915  1.06097e-04 | 98 -0.02472  1.07234e-04 | 99  0.03682  1.53056e-04
100 -0.06926  4.55358e-06 |101  0.02523 -2.34941e-05 |102  0.08538  5.85718e-05
103 -0.28425  2.09170e-04 |104 -0.11839 -6.64858e-08 |105  0.17334  1.03718e-04
106 -0.17230 -1.41459e-04 |107 -0.03843  7.00031e-06 |108  0.49458 -9.75548e-05
109 -0.03644  5.52744e-04 |110  0.28273 -2.29025e-04 |111 -0.15699  3.91315e-04
112  0.23132 -2.36344e-04 |113 -0.15201  7.70122e-04 |114  0.32494  1.10977e-04
115 -0.17422 -1.66401e-04 |116  0.25081  9.00890e-05 |117 -0.09606 -2.35981e-04
118 -0.12895 -5.62963e-06 |119 -0.13730 -1.44788e-04 |120 -0.32239 -4.74159e-05
121 -0.11426  1.87898e-05 |122 -0.05015 -3.23122e-04 |123 -0.00615 -3.31878e-05
124 -0.00973 -6.92005e-05 |125 -0.13794  5.11660e-05 |126  0.03231 -2.92827e-05
127  0.00422  9.21945e-05 |128 -0.09939 -2.14564e-05 |129  0.44882 -3.96583e-05
130 -0.15605 -2.46425e-05 |131 -0.01941  4.05397e-04 |132 -0.30141 -2.50364e-04
133  0.40084 -1.01511e-06 |134  0.04492  2.02506e-04 |135 -0.20528 -1.63809e-04
Function minimizer not making progress ... is minimum attained?
Minimprove criterion = 0.0000e+00

 - final statistics:
135 variables; iteration 173; function evaluation 228
Function value 2.5523e+03; maximum gradient component mag -1.4445e-03
Exit code = 1;  converg criter 1.0000e-04
Var    Value     Gradient |Var    Value     Gradient |Var    Value     Gradient
  1 -0.18715  2.81691e-05 |  2  0.00019  1.85266e-04 |  3 -0.06335  2.40110e-05
  4  0.01300  1.09382e-04 |  5 -0.41649  5.97142e-05 |  6 -0.01765  1.24433e-04
  7  0.10655 -4.97372e-05 |  8 -0.11874 -6.03787e-05 |  9  0.16081 -2.83746e-05
 10 -0.15139  5.39006e-05 | 11 -0.02522 -7.13709e-04 | 12 -0.21071 -4.35705e-04
 13  0.00631  7.12256e-05 | 14  0.00683  2.64665e-05 | 15  0.00741  1.77566e-05
 16  0.00803  4.44272e-05 | 17  0.00869  3.55014e-05 | 18  0.00942  1.65257e-05
 19  0.01023  1.90049e-05 | 20  0.01114 -3.16203e-05 | 21  0.01213 -5.82176e-05
 22  0.01322 -9.10481e-05 | 23  0.01434 -8.34850e-05 | 24  0.01551 -1.83541e-05
 25  0.01679  5.77250e-05 | 26  0.01818 -1.71277e-05 | 27  0.01962 -5.10631e-05
 28  0.02099  3.19818e-05 | 29  0.02225  3.60440e-05 | 30  0.02332 -8.11520e-06
 31  0.02402 -1.51249e-05 | 32  0.02430 -2.90183e-06 | 33  0.02432 -2.41306e-06
 34  0.02486  1.30536e-05 | 35  0.02706 -9.16607e-05 | 36  0.03238 -1.73461e-04
 37  0.04159  2.47133e-05 | 38  0.04994  1.57734e-05 | 39  0.04222  8.72348e-05
 40  0.01283 -1.64168e-05 | 41 -0.01645  1.09637e-04 | 42 -0.03516 -5.64191e-05
 43 -0.03808  9.30133e-05 | 44 -0.01986 -8.38787e-06 | 45  0.02214  7.61677e-05
 46  0.03851  1.56102e-04 | 47  0.03204  6.92125e-05 | 48  0.08678  2.84488e-04
 49  0.01154  3.09444e-05 | 50 -0.01354  9.07050e-05 | 51  0.03955  1.60759e-05
 52 -0.00676 -1.02016e-04 | 53  0.10087 -1.44973e-04 | 54 -0.04661 -5.93498e-05
 55 -0.05712 -8.46581e-05 | 56 -0.07110 -8.13470e-05 | 57  0.06066 -3.89408e-04
 58 -0.04999 -1.29739e-04 | 59 -0.11175 -1.31390e-04 | 60 -0.16841 -8.43296e-05
 61 -0.13244 -9.94720e-05 | 62  0.17174 -1.40966e-03 | 63 -0.14120 -7.55183e-05
 64  0.02064 -3.12537e-04 | 65  0.00894 -3.23942e-04 | 66  0.03121 -4.37903e-04
 67  0.03554 -3.81503e-04 | 68 -0.03564 -8.65884e-05 | 69  0.01727 -2.02098e-04
 70 -0.10416 -3.87056e-05 | 71  0.03698 -2.37833e-04 | 72 -0.09538 -1.48738e-04
 73 -0.03396 -2.92653e-05 | 74 -0.10373  5.72596e-05 | 75 -0.08730 -5.66025e-06
 76 -0.06114 -4.51587e-05 | 77  0.31014 -1.44447e-03 | 78 -0.12294 -6.05458e-05
 79  0.05389  1.57694e-05 | 80 -0.03877 -1.26785e-05 | 81  0.09365  4.43916e-05
 82 -0.07765  4.16203e-05 | 83 -0.19619  1.21556e-04 | 84 -0.23653  2.10134e-05
 85 -0.06759  1.12869e-04 | 86 -0.09782 -5.61535e-06 | 87  0.08179  1.91784e-04
 88  0.12351  1.10144e-04 | 89  0.01029  6.15121e-05 | 90  0.10528  9.67429e-05
 91  0.16416  1.45723e-04 | 92 -0.01993  2.74133e-05 | 93  0.07756  1.02540e-04
 94  0.00108  8.05061e-05 | 95 -0.03676  6.02462e-05 | 96 -0.15411  2.67438e-05
 97 -0.09915  1.06097e-04 | 98 -0.02472  1.07234e-04 | 99  0.03682  1.53056e-04
100 -0.06926  4.55358e-06 |101  0.02523 -2.34941e-05 |102  0.08538  5.85718e-05
103 -0.28425  2.09170e-04 |104 -0.11839 -6.64858e-08 |105  0.17334  1.03718e-04
106 -0.17230 -1.41459e-04 |107 -0.03843  7.00031e-06 |108  0.49458 -9.75548e-05
109 -0.03644  5.52744e-04 |110  0.28273 -2.29025e-04 |111 -0.15699  3.91315e-04
112  0.23132 -2.36344e-04 |113 -0.15201  7.70122e-04 |114  0.32494  1.10977e-04
115 -0.17422 -1.66401e-04 |116  0.25081  9.00890e-05 |117 -0.09606 -2.35981e-04
118 -0.12895 -5.62963e-06 |119 -0.13730 -1.44788e-04 |120 -0.32239 -4.74159e-05
121 -0.11426  1.87898e-05 |122 -0.05015 -3.23122e-04 |123 -0.00615 -3.31878e-05
124 -0.00973 -6.92005e-05 |125 -0.13794  5.11660e-05 |126  0.03231 -2.92827e-05
127  0.00422  9.21945e-05 |128 -0.09939 -2.14564e-05 |129  0.44882 -3.96583e-05
130 -0.15605 -2.46425e-05 |131 -0.01941  4.05397e-04 |132 -0.30141 -2.50364e-04
133  0.40084 -1.01511e-06 |134  0.04492  2.02506e-04 |135 -0.20528 -1.63809e-04

Initial statistics: 147 variables; iteration 0; function evaluation 0; phase 6
Function value 2.5523368e+03; maximum gradient component mag -1.4318e-03
Var    Value     Gradient |Var    Value     Gradient |Var    Value     Gradient
  1 -0.18715  3.06467e-05 |  2  0.00019  1.83284e-04 |  3 -0.06335  2.33340e-05
  4  0.01300  1.07775e-04 |  5 -0.41649  5.87232e-05 |  6 -0.01765  1.23857e-04
  7  0.10655 -5.04890e-05 |  8 -0.11874 -6.00806e-05 |  9  0.16081 -2.83726e-05
 10 -0.15139  5.34734e-05 | 11 -0.02522 -7.09424e-04 | 12 -0.21071 -4.32382e-04
 13  0.00631  7.02471e-05 | 14  0.00683  2.60318e-05 | 15  0.00741  1.74409e-05
 16  0.00803  4.42731e-05 | 17  0.00869  3.50661e-05 | 18  0.00942  1.59363e-05
 19  0.01023  1.86717e-05 | 20  0.01114 -3.14098e-05 | 21  0.01213 -5.77272e-05
 22  0.01322 -9.02996e-05 | 23  0.01434 -8.25286e-05 | 24  0.01551 -1.82162e-05
 25  0.01679  5.70005e-05 | 26  0.01818 -1.70488e-05 | 27  0.01962 -5.05575e-05
 28  0.02099  3.16406e-05 | 29  0.02225  3.54810e-05 | 30  0.02332 -8.08015e-06
 31  0.02402 -1.50994e-05 | 32  0.02430 -2.89072e-06 | 33  0.02432 -2.53705e-06
 34  0.02486  1.26823e-05 | 35  0.02706 -9.07495e-05 | 36  0.03238 -1.71664e-04
 37  0.04159  2.42503e-05 | 38  0.04994  1.53860e-05 | 39  0.04222  8.61842e-05
 40  0.01283 -1.64829e-05 | 41 -0.01645  1.08122e-04 | 42 -0.03516 -5.57236e-05
 43 -0.03808  9.19215e-05 | 44 -0.01986 -8.37955e-06 | 45  0.02214  7.52797e-05
 46  0.03851  1.54368e-04 | 47  0.03204  6.80022e-05 | 48  0.08678  2.81477e-04
 49  0.01154  3.08465e-05 | 50 -0.01354  9.05124e-05 | 51  0.03955  1.57756e-05
 52 -0.00676 -1.00496e-04 | 53  0.10087 -1.44254e-04 | 54 -0.04661 -5.89237e-05
 55 -0.05712 -8.41114e-05 | 56 -0.07110 -8.09847e-05 | 57  0.06066 -3.87182e-04
 58 -0.04999 -1.29016e-04 | 59 -0.11175 -1.30321e-04 | 60 -0.16841 -8.34913e-05
 61 -0.13244 -9.84948e-05 | 62  0.17174 -1.39859e-03 | 63 -0.14120 -7.49575e-05
 64  0.02064 -3.10172e-04 | 65  0.00894 -3.21015e-04 | 66  0.03121 -4.33698e-04
 67  0.03554 -3.78372e-04 | 68 -0.03564 -8.61614e-05 | 69  0.01727 -2.01024e-04
 70 -0.10416 -3.85108e-05 | 71  0.03698 -2.35642e-04 | 72 -0.09538 -1.47133e-04
 73 -0.03396 -2.91770e-05 | 74 -0.10373  5.65282e-05 | 75 -0.08730 -5.60063e-06
 76 -0.06114 -4.47464e-05 | 77  0.31014 -1.43183e-03 | 78 -0.12294 -5.99432e-05
 79  0.05389  1.51859e-05 | 80 -0.03877 -1.26580e-05 | 81  0.09365  4.37046e-05
 82 -0.07765  4.11248e-05 | 83 -0.19619  1.20477e-04 | 84 -0.23653  2.06276e-05
 85 -0.06759  1.11763e-04 | 86 -0.09782 -5.58539e-06 | 87  0.08179  1.90410e-04
 88  0.12351  1.09306e-04 | 89  0.01029  6.11804e-05 | 90  0.10528  9.58376e-05
 91  0.16416  1.44192e-04 | 92 -0.01993  2.70090e-05 | 93  0.07756  1.01238e-04
 94  0.00108  7.96487e-05 | 95 -0.03676  5.95608e-05 | 96 -0.15411  2.64723e-05
 97 -0.09915  1.04947e-04 | 98 -0.02472  1.06295e-04 | 99  0.03682  1.51919e-04
100 -0.06926  4.73982e-06 |101  0.02523 -2.32091e-05 |102  0.08538  5.79980e-05
103  0.00000  0.00000e+00 |104  0.00000  0.00000e+00 |105  0.00000  0.00000e+00
106  0.00000  0.00000e+00 |107  0.00000  0.00000e+00 |108  0.00000  0.00000e+00
109  0.00000  0.00000e+00 |110  0.00000  0.00000e+00 |111  0.00000  0.00000e+00
112  0.00000  0.00000e+00 |113  0.00000  0.00000e+00 |114  0.00000  0.00000e+00
115 -0.28425  2.06713e-04 |116 -0.11839 -2.06118e-07 |117  0.17334  1.02518e-04
118 -0.17230 -1.40054e-04 |119 -0.03843  6.87265e-06 |120  0.49458 -9.63415e-05
121 -0.03644  5.45578e-04 |122  0.28273 -2.27051e-04 |123 -0.15699  3.88287e-04
124  0.23132 -2.33939e-04 |125 -0.15201  7.61742e-04 |126  0.32494  1.09649e-04
127 -0.17422 -1.64267e-04 |128  0.25081  8.83444e-05 |129 -0.09606 -2.31894e-04
130 -0.12895 -5.61187e-06 |131 -0.13730 -1.44372e-04 |132 -0.32239 -4.66346e-05
133 -0.11426  1.84126e-05 |134 -0.05015 -3.20739e-04 |135 -0.00615 -3.28117e-05
136 -0.00973 -6.82780e-05 |137 -0.13794  5.05700e-05 |138  0.03231 -2.93136e-05
139  0.00422  9.16254e-05 |140 -0.09939 -2.14568e-05 |141  0.44882 -3.86339e-05
142 -0.15605 -2.51731e-05 |143 -0.01941  4.00879e-04 |144 -0.30141 -2.47487e-04
145  0.40084 -1.02635e-06 |146  0.04492  2.00124e-04 |147 -0.20528 -1.62198e-04
  ic > imax  in fminim is answer attained ?
Var    Value     Gradient |Var    Value     Gradient |Var    Value     Gradient
  1 -0.18715  3.06467e-05 |  2  0.00019  1.83284e-04 |  3 -0.06335  2.33340e-05
  4  0.01300  1.07775e-04 |  5 -0.41649  5.87232e-05 |  6 -0.01765  1.23857e-04
  7  0.10655 -5.04890e-05 |  8 -0.11874 -6.00806e-05 |  9  0.16081 -2.83726e-05
 10 -0.15139  5.34734e-05 | 11 -0.02522 -7.09424e-04 | 12 -0.21071 -4.32382e-04
 13  0.00631  7.02471e-05 | 14  0.00683  2.60318e-05 | 15  0.00741  1.74409e-05
 16  0.00803  4.42731e-05 | 17  0.00869  3.50661e-05 | 18  0.00942  1.59363e-05
 19  0.01023  1.86717e-05 | 20  0.01114 -3.14098e-05 | 21  0.01213 -5.77272e-05
 22  0.01322 -9.02996e-05 | 23  0.01434 -8.25286e-05 | 24  0.01551 -1.82162e-05
 25  0.01679  5.70005e-05 | 26  0.01818 -1.70488e-05 | 27  0.01962 -5.05575e-05
 28  0.02099  3.16406e-05 | 29  0.02225  3.54810e-05 | 30  0.02332 -8.08015e-06
 31  0.02402 -1.50994e-05 | 32  0.02430 -2.89072e-06 | 33  0.02432 -2.53705e-06
 34  0.02486  1.26823e-05 | 35  0.02706 -9.07495e-05 | 36  0.03238 -1.71664e-04
 37  0.04159  2.42503e-05 | 38  0.04994  1.53860e-05 | 39  0.04222  8.61842e-05
 40  0.01283 -1.64829e-05 | 41 -0.01645  1.08122e-04 | 42 -0.03516 -5.57236e-05
 43 -0.03808  9.19215e-05 | 44 -0.01986 -8.37955e-06 | 45  0.02214  7.52797e-05
 46  0.03851  1.54368e-04 | 47  0.03204  6.80022e-05 | 48  0.08678  2.81477e-04
 49  0.01154  3.08465e-05 | 50 -0.01354  9.05124e-05 | 51  0.03955  1.57756e-05
 52 -0.00676 -1.00496e-04 | 53  0.10087 -1.44254e-04 | 54 -0.04661 -5.89237e-05
 55 -0.05712 -8.41114e-05 | 56 -0.07110 -8.09847e-05 | 57  0.06066 -3.87182e-04
 58 -0.04999 -1.29016e-04 | 59 -0.11175 -1.30321e-04 | 60 -0.16841 -8.34913e-05
 61 -0.13244 -9.84948e-05 | 62  0.17174 -1.39859e-03 | 63 -0.14120 -7.49575e-05
 64  0.02064 -3.10172e-04 | 65  0.00894 -3.21015e-04 | 66  0.03121 -4.33698e-04
 67  0.03554 -3.78372e-04 | 68 -0.03564 -8.61614e-05 | 69  0.01727 -2.01024e-04
 70 -0.10416 -3.85108e-05 | 71  0.03698 -2.35642e-04 | 72 -0.09538 -1.47133e-04
 73 -0.03396 -2.91770e-05 | 74 -0.10373  5.65282e-05 | 75 -0.08730 -5.60063e-06
 76 -0.06114 -4.47464e-05 | 77  0.31014 -1.43183e-03 | 78 -0.12294 -5.99432e-05
 79  0.05389  1.51859e-05 | 80 -0.03877 -1.26580e-05 | 81  0.09365  4.37046e-05
 82 -0.07765  4.11248e-05 | 83 -0.19619  1.20477e-04 | 84 -0.23653  2.06276e-05
 85 -0.06759  1.11763e-04 | 86 -0.09782 -5.58539e-06 | 87  0.08179  1.90410e-04
 88  0.12351  1.09306e-04 | 89  0.01029  6.11804e-05 | 90  0.10528  9.58376e-05
 91  0.16416  1.44192e-04 | 92 -0.01993  2.70090e-05 | 93  0.07756  1.01238e-04
 94  0.00108  7.96487e-05 | 95 -0.03676  5.95608e-05 | 96 -0.15411  2.64723e-05
 97 -0.09915  1.04947e-04 | 98 -0.02472  1.06295e-04 | 99  0.03682  1.51919e-04
100 -0.06926  4.73982e-06 |101  0.02523 -2.32091e-05 |102  0.08538  5.79980e-05
103  0.00000  0.00000e+00 |104  0.00000  0.00000e+00 |105  0.00000  0.00000e+00
106  0.00000  0.00000e+00 |107  0.00000  0.00000e+00 |108  0.00000  0.00000e+00
109  0.00000  0.00000e+00 |110  0.00000  0.00000e+00 |111  0.00000  0.00000e+00
112  0.00000  0.00000e+00 |113  0.00000  0.00000e+00 |114  0.00000  0.00000e+00
115 -0.28425  2.06713e-04 |116 -0.11839 -2.06118e-07 |117  0.17334  1.02518e-04
118 -0.17230 -1.40054e-04 |119 -0.03843  6.87265e-06 |120  0.49458 -9.63415e-05
121 -0.03644  5.45578e-04 |122  0.28273 -2.27051e-04 |123 -0.15699  3.88287e-04
124  0.23132 -2.33939e-04 |125 -0.15201  7.61742e-04 |126  0.32494  1.09649e-04
127 -0.17422 -1.64267e-04 |128  0.25081  8.83444e-05 |129 -0.09606 -2.31894e-04
130 -0.12895 -5.61187e-06 |131 -0.13730 -1.44372e-04 |132 -0.32239 -4.66346e-05
133 -0.11426  1.84126e-05 |134 -0.05015 -3.20739e-04 |135 -0.00615 -3.28117e-05
136 -0.00973 -6.82780e-05 |137 -0.13794  5.05700e-05 |138  0.03231 -2.93136e-05
139  0.00422  9.16254e-05 |140 -0.09939 -2.14568e-05 |141  0.44882 -3.86339e-05
142 -0.15605 -2.51731e-05 |143 -0.01941  4.00879e-04 |144 -0.30141 -2.47487e-04
145  0.40084 -1.02635e-06 |146  0.04492  2.00124e-04 |147 -0.20528 -1.62198e-04
Function minimizer not making progress ... is minimum attained?
Minimprove criterion = 0.0000e+00

 - final statistics:
147 variables; iteration 1; function evaluation 30
Function value 2.5523e+03; maximum gradient component mag -1.4318e-03
Exit code = 1;  converg criter 1.0000e-04
Var    Value     Gradient |Var    Value     Gradient |Var    Value     Gradient
  1 -0.18715  3.06467e-05 |  2  0.00019  1.83284e-04 |  3 -0.06335  2.33340e-05
  4  0.01300  1.07775e-04 |  5 -0.41649  5.87232e-05 |  6 -0.01765  1.23857e-04
  7  0.10655 -5.04890e-05 |  8 -0.11874 -6.00806e-05 |  9  0.16081 -2.83726e-05
 10 -0.15139  5.34734e-05 | 11 -0.02522 -7.09424e-04 | 12 -0.21071 -4.32382e-04
 13  0.00631  7.02471e-05 | 14  0.00683  2.60318e-05 | 15  0.00741  1.74409e-05
 16  0.00803  4.42731e-05 | 17  0.00869  3.50661e-05 | 18  0.00942  1.59363e-05
 19  0.01023  1.86717e-05 | 20  0.01114 -3.14098e-05 | 21  0.01213 -5.77272e-05
 22  0.01322 -9.02996e-05 | 23  0.01434 -8.25286e-05 | 24  0.01551 -1.82162e-05
 25  0.01679  5.70005e-05 | 26  0.01818 -1.70488e-05 | 27  0.01962 -5.05575e-05
 28  0.02099  3.16406e-05 | 29  0.02225  3.54810e-05 | 30  0.02332 -8.08015e-06
 31  0.02402 -1.50994e-05 | 32  0.02430 -2.89072e-06 | 33  0.02432 -2.53705e-06
 34  0.02486  1.26823e-05 | 35  0.02706 -9.07495e-05 | 36  0.03238 -1.71664e-04
 37  0.04159  2.42503e-05 | 38  0.04994  1.53860e-05 | 39  0.04222  8.61842e-05
 40  0.01283 -1.64829e-05 | 41 -0.01645  1.08122e-04 | 42 -0.03516 -5.57236e-05
 43 -0.03808  9.19215e-05 | 44 -0.01986 -8.37955e-06 | 45  0.02214  7.52797e-05
 46  0.03851  1.54368e-04 | 47  0.03204  6.80022e-05 | 48  0.08678  2.81477e-04
 49  0.01154  3.08465e-05 | 50 -0.01354  9.05124e-05 | 51  0.03955  1.57756e-05
 52 -0.00676 -1.00496e-04 | 53  0.10087 -1.44254e-04 | 54 -0.04661 -5.89237e-05
 55 -0.05712 -8.41114e-05 | 56 -0.07110 -8.09847e-05 | 57  0.06066 -3.87182e-04
 58 -0.04999 -1.29016e-04 | 59 -0.11175 -1.30321e-04 | 60 -0.16841 -8.34913e-05
 61 -0.13244 -9.84948e-05 | 62  0.17174 -1.39859e-03 | 63 -0.14120 -7.49575e-05
 64  0.02064 -3.10172e-04 | 65  0.00894 -3.21015e-04 | 66  0.03121 -4.33698e-04
 67  0.03554 -3.78372e-04 | 68 -0.03564 -8.61614e-05 | 69  0.01727 -2.01024e-04
 70 -0.10416 -3.85108e-05 | 71  0.03698 -2.35642e-04 | 72 -0.09538 -1.47133e-04
 73 -0.03396 -2.91770e-05 | 74 -0.10373  5.65282e-05 | 75 -0.08730 -5.60063e-06
 76 -0.06114 -4.47464e-05 | 77  0.31014 -1.43183e-03 | 78 -0.12294 -5.99432e-05
 79  0.05389  1.51859e-05 | 80 -0.03877 -1.26580e-05 | 81  0.09365  4.37046e-05
 82 -0.07765  4.11248e-05 | 83 -0.19619  1.20477e-04 | 84 -0.23653  2.06276e-05
 85 -0.06759  1.11763e-04 | 86 -0.09782 -5.58539e-06 | 87  0.08179  1.90410e-04
 88  0.12351  1.09306e-04 | 89  0.01029  6.11804e-05 | 90  0.10528  9.58376e-05
 91  0.16416  1.44192e-04 | 92 -0.01993  2.70090e-05 | 93  0.07756  1.01238e-04
 94  0.00108  7.96487e-05 | 95 -0.03676  5.95608e-05 | 96 -0.15411  2.64723e-05
 97 -0.09915  1.04947e-04 | 98 -0.02472  1.06295e-04 | 99  0.03682  1.51919e-04
100 -0.06926  4.73982e-06 |101  0.02523 -2.32091e-05 |102  0.08538  5.79980e-05
103  0.00000  0.00000e+00 |104  0.00000  0.00000e+00 |105  0.00000  0.00000e+00
106  0.00000  0.00000e+00 |107  0.00000  0.00000e+00 |108  0.00000  0.00000e+00
109  0.00000  0.00000e+00 |110  0.00000  0.00000e+00 |111  0.00000  0.00000e+00
112  0.00000  0.00000e+00 |113  0.00000  0.00000e+00 |114  0.00000  0.00000e+00
115 -0.28425  2.06713e-04 |116 -0.11839 -2.06118e-07 |117  0.17334  1.02518e-04
118 -0.17230 -1.40054e-04 |119 -0.03843  6.87265e-06 |120  0.49458 -9.63415e-05
121 -0.03644  5.45578e-04 |122  0.28273 -2.27051e-04 |123 -0.15699  3.88287e-04
124  0.23132 -2.33939e-04 |125 -0.15201  7.61742e-04 |126  0.32494  1.09649e-04
127 -0.17422 -1.64267e-04 |128  0.25081  8.83444e-05 |129 -0.09606 -2.31894e-04
130 -0.12895 -5.61187e-06 |131 -0.13730 -1.44372e-04 |132 -0.32239 -4.66346e-05
133 -0.11426  1.84126e-05 |134 -0.05015 -3.20739e-04 |135 -0.00615 -3.28117e-05
136 -0.00973 -6.82780e-05 |137 -0.13794  5.05700e-05 |138  0.03231 -2.93136e-05
139  0.00422  9.16254e-05 |140 -0.09939 -2.14568e-05 |141  0.44882 -3.86339e-05
142 -0.15605 -2.51731e-05 |143 -0.01941  4.00879e-04 |144 -0.30141 -2.47487e-04
145  0.40084 -1.02635e-06 |146  0.04492  2.00124e-04 |147 -0.20528 -1.62198e-04
size of file gradfil1.tmp = 0
size of file gradfil2.tmp = 0
size of file varssave.tmp = 0
size of file cmpdiff.tmp = 200000008
