
Initial statistics: 3 variables; iteration 0; function evaluation 0; phase 1
Function value 3.6084825e+03; maximum gradient component mag 1.0061e+02
Var    Value     Gradient |Var    Value     Gradient |Var    Value     Gradient
  1  0.12819  1.00611e+02 |  2 -0.26198 -6.59387e+00 |  3 -0.12819 -2.85576e+01

 - final statistics:
3 variables; iteration 4; function evaluation 10
Function value 3.6014e+03; maximum gradient component mag 4.5909e+00
Exit code = 1;  converg criter 1.0000e+01
Var    Value     Gradient |Var    Value     Gradient |Var    Value     Gradient
  1  0.06068  4.59089e+00 |  2 -0.18059  3.39070e+00 |  3  0.09009 -4.90793e-01

Initial statistics: 13 variables; iteration 0; function evaluation 0; phase 2
Function value 3.6013957e+03; maximum gradient component mag -9.5011e+02
Var    Value     Gradient |Var    Value     Gradient |Var    Value     Gradient
  1 -0.22556 -3.51284e+02 |  2  0.00000 -3.97728e+02 |  3 -0.12819 -3.63055e+02
  4  0.03352  7.66177e+01 |  5 -0.28197  1.13382e+02 |  6  0.00000 -1.75555e+02
  7  0.11199 -9.50109e+02 |  8 -0.16086 -2.32703e+02 |  9  0.00000 -5.30399e+01
 10 -0.21635 -3.99905e+01 | 11  0.06068  4.59089e+00 | 12 -0.18059  3.39070e+00
 13  0.09009 -4.90793e-01 |

Intermediate statistics: 13 variables; iteration 20; function evaluation 30; phase 2
Function value 3.5363602e+03; maximum gradient component mag 5.7215e+01
Var    Value     Gradient |Var    Value     Gradient |Var    Value     Gradient
  1 -0.12062  2.31473e+01 |  2  0.04186  1.24008e+01 |  3 -0.06322  1.85269e+01
  4 -0.03713  1.10829e+01 |  5 -0.43728  4.08761e+00 |  6  0.00170  1.12297e+01
  7  0.12255  5.72148e+01 |  8 -0.15930  1.31454e+01 |  9  0.00139  8.75283e+00
 10 -0.00947  4.94552e+00 | 11  0.56621 -6.80639e+00 | 12 -0.16047  1.09341e+00
 13  0.15987  2.80071e+00 |

 - final statistics:
13 variables; iteration 23; function evaluation 33
Function value 3.5352e+03; maximum gradient component mag -8.3518e+00
Exit code = 1;  converg criter 1.0000e+01
Var    Value     Gradient |Var    Value     Gradient |Var    Value     Gradient
  1 -0.11142  6.72638e+00 |  2  0.04954 -2.28652e+00 |  3 -0.07467 -2.96631e+00
  4 -0.03672 -1.74942e+00 |  5 -0.43860 -1.83567e-01 |  6 -0.00674 -1.71156e+00
  7  0.11878 -8.35184e+00 |  8 -0.15025 -1.51368e+00 |  9 -0.00526 -1.43769e+00
 10 -0.00914 -5.91120e-01 | 11  0.90098 -8.61285e-01 | 12 -0.17143 -1.91362e-01
 13  0.09196 -5.93290e-01 |

Initial statistics: 40 variables; iteration 0; function evaluation 0; phase 3
Function value 3.5351964e+03; maximum gradient component mag 1.5306e+03
Var    Value     Gradient |Var    Value     Gradient |Var    Value     Gradient
  1 -0.11142  6.72638e+00 |  2  0.04954 -2.28652e+00 |  3 -0.07467 -2.96631e+00
  4 -0.03672 -1.74942e+00 |  5 -0.43860 -1.83567e-01 |  6 -0.00674 -1.71156e+00
  7  0.11878 -8.35184e+00 |  8 -0.15025 -1.51368e+00 |  9 -0.00526 -1.43769e+00
 10 -0.00914 -5.91120e-01 | 11  0.90098 -8.61285e-01 | 12 -0.17143 -1.91362e-01
 13  0.09196 -5.93290e-01 | 14 -0.11760 -3.90559e+02 | 15 -0.33425  1.75724e+02
 16 -0.10028  1.58934e+02 | 17 -0.45481 -1.00058e+02 | 18  0.25350  4.33050e+02
 19 -0.21710 -7.41440e+02 | 20 -0.11760 -6.16873e+01 | 21 -0.33425  2.63382e+01
 22 -0.11760 -3.55337e+02 | 23 -0.33425  1.52545e+02 | 24 -0.11760 -1.18758e+02
 25 -0.33425 -5.92572e+00 | 26  0.02302  1.53065e+03 | 27 -0.31415 -1.10917e+03
 28  0.53959  1.12741e+01 | 29 -0.62714  5.15088e-04 | 30  0.00000  5.60774e+02
 31 -0.21635 -3.49425e+02 | 32  0.16024  6.76280e+01 | 33 -0.12294 -5.55588e+01
 34 -0.16953  3.38382e+01 | 35 -0.10028 -1.16372e+02 | 36 -0.34608  9.79440e+01
 37 -0.03900  2.12757e+02 | 38 -0.33425 -1.19771e+02 | 39  0.02302 -5.78485e+01
 40 -0.16953  6.12803e+01 |

Intermediate statistics: 40 variables; iteration 20; function evaluation 31; phase 3
Function value 3.1642473e+03; maximum gradient component mag -3.3377e+02
Var    Value     Gradient |Var    Value     Gradient |Var    Value     Gradient
  1  0.03730  1.79695e+02 |  2  0.01832 -1.35090e+02 |  3 -0.11527 -1.09007e+02
  4 -0.03864 -5.57427e+01 |  5 -0.42831 -1.80281e+01 |  6 -0.16198  4.15873e+01
  7  0.05997 -3.33773e+02 |  8  0.02358 -8.39607e+01 |  9 -0.08261 -2.69890e+01
 10  0.12296 -4.07782e+00 | 11  0.87180  5.80143e-01 | 12 -0.17063  2.49644e-01
 13  0.10250  4.34426e-02 | 14  0.06153 -6.76637e+01 | 15 -0.26613 -3.17940e+00
 16 -0.63520 -2.25620e+01 | 17 -0.38082  1.93697e+01 | 18  0.35288  3.97696e+01
 19 -0.14451 -5.45820e+01 | 20  0.21278  8.68356e+00 | 21 -0.19918 -1.72509e+01
 22  0.27697 -6.27692e+01 | 23 -0.19072  9.55952e+01 | 24  0.26745 -2.37324e+01
 25 -0.11482 -5.14991e+00 | 26 -0.20734  6.58071e+01 | 27 -0.50711 -4.63148e+01
 28  0.45777 -6.67932e+00 | 29 -0.62706 -6.52581e-03 | 30  0.05571 -5.34043e+01
 31  0.04436  5.65479e+00 | 32 -0.29089 -2.00863e+01 | 33  0.40655 -3.14486e-02
 34 -0.19561 -8.86334e+00 | 35  0.27488 -8.43363e+01 | 36 -0.27545  1.75196e+02
 37  0.04564 -9.76089e+01 | 38 -0.24636  1.16393e+02 | 39  0.14150  3.13692e+01
 40 -0.16006 -5.20838e+01 |
40 variables; iteration 40; function evaluation 58; phase 3
Function value 3.1384527e+03; maximum gradient component mag 3.2132e+02
Var    Value     Gradient |Var    Value     Gradient |Var    Value     Gradient
  1 -0.00228  3.21318e+02 |  2  0.02904 -2.24414e+00 |  3 -0.12072  9.04037e+00
  4 -0.00810  9.96193e+00 |  5 -0.41422  1.02478e+01 |  6 -0.13109  6.66347e+01
  7  0.07351  4.00886e+01 |  8  0.02767  1.61867e+01 |  9 -0.13852 -4.46944e+01
 10  0.05589 -1.50912e+01 | 11  0.32495 -3.94981e+01 | 12 -0.08090  8.17044e+00
 13  0.06207 -2.53794e+00 | 14  0.12766 -1.00553e+02 | 15 -0.20686  1.06870e+02
 16 -0.21633 -4.30890e+01 | 17 -0.37690  3.84108e+01 | 18  0.29027  4.56799e+01
 19 -0.17233 -1.15049e+02 | 20  0.14718 -4.04091e+00 | 21 -0.23211 -5.05387e+00
 22  0.28991 -2.26678e+01 | 23 -0.19760  1.16885e+01 | 24  0.27279 -8.50850e+01
 25 -0.10375  1.66968e+02 | 26 -0.21284  1.99992e+01 | 27 -0.48380 -2.88744e+01
 28  0.48764 -3.16396e+00 | 29 -0.62181 -5.68644e-03 | 30  0.20392  2.46794e+01
 31  0.22240  1.79363e+01 | 32 -0.72167 -3.23656e-01 | 33  0.45869 -2.25694e+01
 34 -0.12719  5.05821e+01 | 35  0.27686 -3.00566e+01 | 36 -0.31638  1.45421e+01
 37  0.03055 -9.84212e+01 | 38 -0.26533  5.25310e+01 | 39  0.19390 -9.90735e+00
 40 -0.09995  1.81620e+01 |
40 variables; iteration 60; function evaluation 80; phase 3
Function value 3.1003375e+03; maximum gradient component mag 2.2403e+01
Var    Value     Gradient |Var    Value     Gradient |Var    Value     Gradient
  1 -0.15887  1.25726e+01 |  2  0.01661 -1.05674e+00 |  3 -0.09670 -2.36277e-01
  4 -0.03910 -1.21973e+00 |  5 -0.42652  1.20089e+00 |  6 -0.07315  9.99044e-01
  7  0.08002  2.85425e+00 |  8  0.00588  4.35105e-01 |  9 -0.07479 -7.54474e-01
 10  0.06185  9.35921e-01 | 11  0.03125 -6.24163e+00 | 12 -0.24422  3.20101e-02
 13  0.08910 -3.72409e-01 | 14  0.22844 -7.49116e-02 | 15 -0.16341 -2.87278e-01
 16 -0.24899  7.30228e-01 | 17 -0.64715  3.70564e-01 | 18  0.29232 -1.15327e+00
 19 -0.15327  3.97344e+00 | 20  0.19643  1.53891e+00 | 21 -0.18260 -1.03195e+00
 22  0.34458 -1.28235e+00 | 23 -0.17897 -1.10005e+00 | 24  0.36946  9.38070e-01
 25 -0.07842 -7.85402e-01 | 26 -0.18145 -5.48385e+00 | 27 -0.35666  3.51161e+00
 28  0.36924  1.38924e+00 | 29 -0.39069 -4.33027e-03 | 30  0.00295  9.76462e+00
 31  0.02227 -1.03242e-01 | 32 -0.10585  6.10453e+00 | 33  0.51294  1.91930e+00
 34 -0.13680 -1.12402e+00 | 35  0.51335 -4.91860e+00 | 36 -0.24992  2.24035e+01
 37  0.08206  7.57107e+00 | 38 -0.21964 -6.33921e+00 | 39  0.10120 -2.57220e+00
 40 -0.15145  2.91972e+00 |
Maximum number of function evaluations exceeded

 - final statistics:
40 variables; iteration 76; function evaluation 100
Function value 3.1000e+03; maximum gradient component mag 4.5775e+00
Exit code = 3;  converg criter 1.0000e+00
Var    Value     Gradient |Var    Value     Gradient |Var    Value     Gradient
  1 -0.16500 -2.78603e+00 |  2  0.01841  1.55454e+00 |  3 -0.09730  6.68410e-01
  4 -0.03888  3.46587e-01 |  5 -0.42725  5.14396e-01 |  6 -0.06763  6.12260e-01
  7  0.08094  2.99105e+00 |  8  0.00280  4.78518e-01 |  9 -0.07276  9.11297e-02
 10  0.06011  4.49147e-01 | 11  0.02437  9.96988e-01 | 12 -0.24641  2.22031e-02
 13  0.09399 -6.10804e-02 | 14  0.22959  1.87041e+00 | 15 -0.16268 -2.67675e+00
 16 -0.25727 -1.79252e-01 | 17 -0.69067  1.58622e-01 | 18  0.29047  8.19341e-01
 19 -0.15383 -1.02292e+00 | 20  0.18458  8.50806e-02 | 21 -0.18801  2.39159e-01
 22  0.35258  2.76967e+00 | 23 -0.17535 -2.14424e+00 | 24  0.36009 -6.23889e-01
 25 -0.08004  1.34165e+00 | 26 -0.18010  4.57747e+00 | 27 -0.36087 -1.61684e+00
 28  0.29363  2.40279e+00 | 29 -0.09306  8.62952e-01 | 30  0.00844  2.07746e+00
 31  0.02622 -1.67032e-01 | 32 -0.13397  4.35209e-01 | 33  0.44253 -6.63419e-01
 34 -0.16674  5.45784e-02 | 35  0.52931 -2.90716e-01 | 36 -0.24950 -9.98825e-01
 37  0.07665 -1.06435e+00 | 38 -0.22286  5.76111e-01 | 39  0.09783 -6.20919e-01
 40 -0.15429  9.17894e-01 |

Initial statistics: 97 variables; iteration 0; function evaluation 0; phase 4
Function value 3.1000169e+03; maximum gradient component mag -5.7182e+02
Var    Value     Gradient |Var    Value     Gradient |Var    Value     Gradient
  1 -0.16500 -2.78603e+00 |  2  0.01841  1.55454e+00 |  3 -0.09730  6.68410e-01
  4 -0.03888  3.46587e-01 |  5 -0.42725  5.14396e-01 |  6 -0.06763  6.12260e-01
  7  0.08094  2.99105e+00 |  8  0.00280  4.78518e-01 |  9 -0.07276  9.11297e-02
 10  0.06011  4.49147e-01 | 11  0.02437  9.96988e-01 | 12  0.00000 -1.30381e+01
 13  0.00000 -1.90182e+01 | 14  0.00000 -2.25295e+01 | 15  0.00000 -1.52530e+01
 16  0.00000 -8.15796e+00 | 17  0.00000 -1.86018e+01 | 18  0.00000 -3.87352e+01
 19  0.00000 -5.32377e+01 | 20  0.00000  1.83281e+01 | 21  0.00000  9.05383e+01
 22  0.00000  6.07089e+01 | 23  0.00000 -3.16486e+01 | 24  0.00000  8.46355e+01
 25  0.00000  1.84216e+02 | 26  0.00000  1.85863e+02 | 27  0.00000 -4.59948e+01
 28  0.00000 -3.51314e+02 | 29  0.00000 -2.60147e+01 | 30  0.00000  2.08285e+01
 31  0.00000  1.33969e+01 | 32  0.00000 -2.76314e+01 | 33  0.00000 -2.59230e+01
 34  0.00000  2.49146e+01 | 35  0.00000  3.01827e+01 | 36  0.00000  5.59040e+01
 37  0.00000  3.97326e+00 | 38  0.00000  8.14266e+01 | 39  0.00000  9.04366e+01
 40  0.00000  1.44531e+02 | 41  0.00000  1.33545e+02 | 42  0.00000 -1.68065e+02
 43  0.00000 -5.71825e+02 | 44  0.00000 -8.41158e+01 | 45  0.00000  4.30870e+01
 46  0.00000  9.13513e+01 | 47  0.00000 -5.01037e+01 | 48  0.00000  1.28643e+02
 49  0.00000  1.92804e+02 | 50  0.00000  1.96619e+02 | 51  0.00000  1.03781e+02
 52  0.00000  8.24297e+01 | 53  0.00000 -1.17156e+02 | 54  0.00000 -1.87003e+02
 55  0.00000 -3.34348e+01 | 56  0.00000 -1.36231e+02 | 57  0.00000 -1.92177e+02
 58  0.00000 -3.17103e+01 | 59  0.00000 -6.96820e+01 | 60  0.00000  3.04136e+01
 61  0.00000  6.07204e+01 | 62  0.00000  1.03760e+02 | 63  0.00000  7.47800e+01
 64  0.00000  2.10699e+01 | 65  0.00000 -3.08334e+01 | 66  0.00000  2.69740e+01
 67  0.00000 -1.55830e+00 | 68  0.00000 -8.86935e+00 | 69 -0.24641  2.22031e-02
 70  0.09399 -6.10804e-02 | 71  0.22959  1.87041e+00 | 72 -0.16268 -2.67675e+00
 73 -0.25727 -1.79252e-01 | 74 -0.69067  1.58622e-01 | 75  0.29047  8.19341e-01
 76 -0.15383 -1.02292e+00 | 77  0.18458  8.50806e-02 | 78 -0.18801  2.39159e-01
 79  0.35258  2.76967e+00 | 80 -0.17535 -2.14424e+00 | 81  0.36009 -6.23889e-01
 82 -0.08004  1.34165e+00 | 83 -0.18010  4.57747e+00 | 84 -0.36087 -1.61684e+00
 85  0.29363  2.40279e+00 | 86 -0.09306  8.62952e-01 | 87  0.00844  2.07746e+00
 88  0.02622 -1.67032e-01 | 89 -0.13397  4.35209e-01 | 90  0.44253 -6.63419e-01
 91 -0.16674  5.45784e-02 | 92  0.52931 -2.90716e-01 | 93 -0.24950 -9.98825e-01
 94  0.07665 -1.06435e+00 | 95 -0.22286  5.76111e-01 | 96  0.09783 -6.20919e-01
 97 -0.15429  9.17894e-01 |

Intermediate statistics: 97 variables; iteration 20; function evaluation 26; phase 4
Function value 2.6558027e+03; maximum gradient component mag 1.9641e+02
Var    Value     Gradient |Var    Value     Gradient |Var    Value     Gradient
  1 -0.23638 -8.25191e+01 |  2 -0.00047 -5.80589e+00 |  3 -0.04942  3.21009e+00
  4  0.04623  9.99830e+01 |  5 -0.39479  5.93367e+01 |  6  0.01710 -3.42922e+01
  7  0.08336 -1.77264e+02 |  8 -0.07013 -3.79815e+01 |  9  0.12812  4.10844e+01
 10 -0.05488  1.72854e+01 | 11 -0.12288  5.22895e+01 | 12  0.12411  1.41370e+01
 13  0.12891  1.61241e+01 | 14  0.14487  1.46124e+01 | 15  0.04923  8.76626e+00
 16 -0.00018  4.50854e+00 | 17  0.06588 -1.75724e+00 | 18 -0.00872  2.14320e+00
 19  0.19272  6.22103e+00 | 20 -0.08992  3.65958e+00 | 21 -0.06928  8.48867e+00
 22 -0.02469  1.32323e+01 | 23  0.11805  7.48990e+00 | 24 -0.01993  1.88712e+01
 25 -0.11164  2.87317e+01 | 26 -0.16158  2.46698e+01 | 27 -0.21898  5.07684e+00
 28  0.27735 -1.89444e+00 | 29 -0.19847  7.19529e+00 | 30  0.04232  2.12820e+01
 31  0.02394  2.09290e+01 | 32  0.06250  2.39459e+01 | 33  0.05401  2.16180e+01
 34 -0.02254  1.92422e+01 | 35  0.01486  2.40852e+01 | 36 -0.12947  1.85109e+01
 37  0.05096  2.83020e+01 | 38 -0.13144  1.39452e+01 | 39 -0.03247  1.32225e+01
 40 -0.14489  3.69583e+00 | 41 -0.20245 -2.68193e+00 | 42 -0.38748 -1.12594e+01
 43  0.50672  1.92690e+02 | 44 -0.23942 -9.59573e+00 | 45  0.05689  4.89350e+00
 46 -0.09088 -3.73240e-02 | 47  0.13410 -3.26196e+01 | 48 -0.10175  1.65796e+00
 49 -0.28076  3.25305e+00 | 50 -0.31228  6.71212e+00 | 51 -0.04460  1.32324e+01
 52 -0.10849  1.04108e+01 | 53  0.16225 -6.36326e+00 | 54  0.20956 -3.79626e+01
 55  0.05204  3.39664e+00 | 56  0.19397 -1.14475e+01 | 57  0.26109 -3.56192e+01
 58  0.00083  3.75471e+00 | 59  0.16723  1.14460e+01 | 60  0.04793  1.12551e+01
 61 -0.00439  1.19811e+01 | 62 -0.18603  7.96270e+00 | 63 -0.07536  1.22070e+01
 64  0.03830  1.58714e+01 | 65  0.11758  7.29527e+00 | 66 -0.05518  7.27219e+00
 67  0.06466  8.16955e+00 | 68  0.15542  6.17378e+00 | 69 -0.11210 -9.49749e-01
 70 -0.04435  4.97272e+00 | 71  0.12161  3.45854e+01 | 72 -0.21070 -6.20999e+01
 73 -0.26025  1.11213e+00 | 74 -0.69254  6.57778e-02 | 75  0.26784 -2.73737e+01
 76 -0.14994  8.13979e+01 | 77  0.18867  4.58641e+00 | 78 -0.17222 -5.56205e+00
 79  0.34313 -4.35740e+01 | 80 -0.15463  1.25295e+02 | 81  0.21045 -3.72340e+00
 82 -0.10816  7.08122e-01 | 83 -0.18521  3.63142e+01 | 84 -0.39697 -1.42651e+01
 85  0.16399  1.10162e+01 | 86 -0.10102  3.46251e+00 | 87  0.00079  2.20605e+01
 88 -0.00584 -1.07974e+01 | 89 -0.13884  5.00340e+00 | 90  0.45899  2.97659e+00
 91 -0.15548 -5.16470e+00 | 92  0.49819 -3.25102e+01 | 93 -0.19712  1.96413e+02
 94  0.01413 -2.92060e+01 | 95 -0.25949  6.29366e+01 | 96  0.06414  2.05547e+00
 97 -0.18448  2.23112e+00 |
97 variables; iteration 40; function evaluation 47; phase 4
Function value 2.6377680e+03; maximum gradient component mag 7.2437e+01
Var    Value     Gradient |Var    Value     Gradient |Var    Value     Gradient
  1 -0.21497 -2.46965e+01 |  2 -0.04191 -6.28691e+01 |  3 -0.02943 -3.06047e+01
  4  0.00323  1.25952e+01 |  5 -0.39955 -2.05119e+01 |  6  0.00456  5.02480e+00
  7  0.11510 -5.56854e+01 |  8 -0.11620 -2.57229e+00 |  9  0.15765  1.16474e+01
 10 -0.19368 -1.15215e+01 | 11 -0.08881  2.34046e+01 | 12  0.13533  4.30546e+00
 13  0.09483  4.02849e+00 | 14  0.13719  7.05859e+00 | 15  0.07373  5.86609e+00
 16 -0.06334 -2.75292e+00 | 17  0.11790  2.45174e+00 | 18 -0.08180 -1.03918e+01
 19  0.16241 -2.63650e+01 | 20 -0.06469 -6.76565e+00 | 21 -0.07296 -1.19912e+00
 22 -0.04417 -3.79703e+00 | 23  0.09554 -2.19110e+01 | 24 -0.01515  1.19899e+01
 25 -0.12630  1.44154e+01 | 26 -0.19410  7.09388e+00 | 27 -0.21868 -5.91249e+00
 28  0.27217  1.15843e+01 | 29 -0.21083 -2.11249e+00 | 30  0.03851  1.13818e+01
 31  0.01659  1.91149e+00 | 32  0.03735 -1.28852e+01 | 33  0.04920 -4.31413e+00
 34 -0.03155  2.53555e+00 | 35  0.01713  8.82222e+00 | 36 -0.14408  2.36335e+00
 37  0.04492  1.31881e+00 | 38 -0.12640  3.26462e+00 | 39 -0.03424  5.62375e+00
 40 -0.12547  3.27619e+00 | 41 -0.15906 -7.53733e-01 | 42 -0.35871 -1.90393e+01
 43  0.47216  7.24366e+01 | 44 -0.17770 -1.37184e+01 | 45  0.04509 -4.74464e+00
 46 -0.06186  1.02813e+00 | 47  0.13848 -1.37143e+01 | 48 -0.10216 -3.90960e+00
 49 -0.25423  1.31732e+00 | 50 -0.28369  4.20860e+00 | 51 -0.06257 -2.23795e+00
 52 -0.07693  3.38695e+00 | 53  0.15337 -1.89578e+01 | 54  0.23735  3.06292e+00
 55  0.04944 -4.86568e+00 | 56  0.20136 -7.29684e+00 | 57  0.28027 -1.55190e+01
 58  0.00523 -3.18907e+00 | 59  0.16297 -7.80135e-01 | 60  0.04482  6.39382e-01
 61 -0.00798 -1.66502e-01 | 62 -0.16972  2.20510e-01 | 63 -0.07373  2.33540e+00
 64  0.02416  2.53070e+00 | 65  0.10716 -2.10183e+00 | 66 -0.07281 -4.57352e+00
 67  0.05420 -2.92569e+00 | 68  0.16956 -2.30691e+00 | 69 -0.04773  5.08767e+00
 70 -0.11371 -5.86785e-01 | 71  0.15467  3.45167e+01 | 72 -0.19009 -6.60254e+01
 73 -0.27008  9.80638e+00 | 74 -0.83099 -9.19625e-01 | 75  0.28006 -1.43299e+01
 76 -0.15283  3.41862e+01 | 77  0.71482 -1.26433e-01 | 78 -0.02723  6.06633e+00
 79  0.34847 -2.30126e+01 | 80 -0.16209  6.18515e+01 | 81  0.23626  1.69418e+01
 82 -0.10409 -5.87458e+01 | 83 -0.14560  4.80616e+01 | 84 -0.33906 -1.73693e+01
 85 -0.05665  1.07580e+01 | 86 -0.05592  2.17521e+01 | 87 -0.01485 -1.91317e+00
 88 -0.00630  4.85898e+00 | 89 -0.12004  2.57641e+00 | 90  0.91835 -1.19268e+00
 91 -0.04118  3.60259e+01 | 92  0.51322 -9.68090e+00 | 93 -0.22887  5.92868e+01
 94  0.00641  9.44722e+00 | 95 -0.27105  1.53984e+01 | 96  0.03463  1.79115e+00
 97 -0.21520 -4.67744e+00 |
97 variables; iteration 60; function evaluation 69; phase 4
Function value 2.6308029e+03; maximum gradient component mag -3.9422e+01
Var    Value     Gradient |Var    Value     Gradient |Var    Value     Gradient
  1 -0.23010 -1.53341e+00 |  2 -0.02222 -1.66169e+01 |  3 -0.03741 -1.35637e+01
  4  0.00098 -1.30503e+01 |  5 -0.40431 -9.23166e+00 |  6  0.00009 -6.28782e+00
  7  0.11407 -3.62316e+01 |  8 -0.11645 -1.00128e+01 |  9  0.14476 -1.22025e+01
 10 -0.17191 -4.77328e+00 | 11 -0.11435 -4.61025e+00 | 12  0.12580 -5.82368e+00
 13  0.08352 -6.47679e+00 | 14  0.13811 -7.37113e+00 | 15  0.04764 -6.74682e+00
 16 -0.01864 -7.33944e+00 | 17  0.08313 -4.94960e+00 | 18  0.01429 -5.67505e+00
 19  0.16927 -4.69038e+00 | 20 -0.05751 -3.97312e+00 | 21 -0.05137  3.46997e+00
 22 -0.04345 -5.77893e-02 | 23  0.11491 -3.34154e+00 | 24 -0.02670  1.11372e+00
 25 -0.13592  5.25619e+00 | 26 -0.17308  5.82415e+00 | 27 -0.23955 -1.17685e+01
 28  0.27559 -1.04098e+01 | 29 -0.24521 -1.02803e+01 | 30  0.03214 -1.13000e+01
 31  0.00061 -1.22869e+01 | 32  0.05638 -3.50768e+00 | 33  0.05323  6.36547e-01
 34 -0.03524 -3.10084e+00 | 35  0.00167 -6.51672e+00 | 36 -0.14200 -1.60996e+00
 37  0.04515  2.48721e+00 | 38 -0.13304  4.00784e-01 | 39 -0.04690  2.93574e+00
 40 -0.12687  4.67178e+00 | 41 -0.16361  8.50631e-01 | 42 -0.26145 -2.06285e+01
 43  0.43090 -1.33802e+01 | 44 -0.16357 -1.44855e+01 | 45  0.04251  4.37322e-01
 46 -0.07375 -3.87010e-01 | 47  0.13344  3.57030e+00 | 48 -0.10098  1.08786e+00
 49 -0.24311  4.04957e+00 | 50 -0.27874  4.85256e+00 | 51 -0.07166 -4.00811e+00
 52 -0.10242 -2.64654e+00 | 53  0.14566 -1.28865e+01 | 54  0.21244 -1.28239e+01
 55  0.04273 -3.44963e+00 | 56  0.19111 -3.59257e+00 | 57  0.27464 -6.87384e+00
 58 -0.01006 -7.80354e+00 | 59  0.14545 -8.77313e+00 | 60  0.03472 -2.47614e+00
 61 -0.01386 -2.68001e+00 | 62 -0.14969  1.14984e+00 | 63 -0.08256 -1.01964e+00
 64  0.01000 -4.46747e+00 | 65  0.10311 -2.02644e+00 | 66 -0.06701 -5.78917e+00
 67  0.07383 -2.98638e+00 | 68  0.18043 -4.72499e+00 | 69 -0.15007  8.96280e-01
 70 -0.13113 -1.93496e+00 | 71  0.17574  1.81283e+01 | 72 -0.17464 -3.32169e+01
 73 -0.24336  8.07174e-01 | 74 -0.61482  7.82991e-01 | 75  0.28329  2.79077e+00
 76 -0.15428 -4.76610e+00 | 77  0.57575 -1.14023e+00 | 78 -0.04100  1.13424e+01
 79  0.34684  1.33629e-02 | 80 -0.16760  4.30799e+00 | 81  0.23876  5.64094e+00
 82 -0.10033 -3.07371e+01 | 83 -0.14496  6.60211e+00 | 84 -0.33099 -2.71078e+00
 85 -0.09325  3.18235e+00 | 86 -0.05330  1.32629e+01 | 87 -0.01565 -2.07445e+00
 88 -0.01098  2.05384e+00 | 89 -0.12491  4.29622e-01 | 90  0.67386  3.53579e-01
 91 -0.08664  3.89844e+00 | 92  0.37081 -4.65882e+00 | 93 -0.27173  8.30791e+00
 94 -0.01101 -3.94224e+01 | 95 -0.28745  3.69613e+01 | 96  0.04097 -9.40894e-01
 97 -0.20734 -5.89160e-01 |
97 variables; iteration 80; function evaluation 90; phase 4
Function value 2.6285531e+03; maximum gradient component mag -2.2994e+01
Var    Value     Gradient |Var    Value     Gradient |Var    Value     Gradient
  1 -0.23422 -1.97854e+01 |  2 -0.02267  5.36419e+00 |  3 -0.03126  5.22350e+00
  4 -0.00039  7.75571e+00 |  5 -0.39954  1.08702e+00 |  6  0.01054  3.84887e+00
  7  0.11469 -1.10187e+00 |  8 -0.11626  1.50280e+00 |  9  0.15386  5.12947e+00
 10 -0.17245  4.57152e-01 | 11 -0.12419  1.88175e+01 | 12  0.15011  4.11583e+00
 13  0.06588  1.21704e+00 | 14  0.13111  3.26741e+00 | 15  0.08491  5.42481e+00
 16 -0.00189  1.89533e+00 | 17  0.07437  2.96898e+00 | 18  0.02780  2.88237e+00
 19  0.17306  8.69709e+00 | 20 -0.03114  4.60129e+00 | 21 -0.07154  3.40604e+00
 22 -0.04169  2.19576e+00 | 23  0.12068  2.32766e+00 | 24 -0.02610  4.42719e+00
 25 -0.13419  8.52042e+00 | 26 -0.18774  6.77510e+00 | 27 -0.21919 -5.48487e+00
 28  0.27910 -6.12975e+00 | 29 -0.23695 -4.14679e+00 | 30  0.04359  9.11327e+00
 31  0.02042  7.58773e+00 | 32  0.05596  2.55164e+00 | 33  0.04593 -1.89800e+00
 34 -0.03825  2.75425e-01 | 35  0.01232  3.17922e+00 | 36 -0.15548  9.98446e-01
 37  0.03724 -3.14339e+00 | 38 -0.13962  2.95017e+00 | 39 -0.05239  5.82991e+00
 40 -0.13731  7.44106e+00 | 41 -0.17711  5.28422e+00 | 42 -0.19997 -1.25007e+01
 43  0.42271 -1.92941e+01 | 44 -0.14953 -7.21818e+00 | 45  0.03463  3.40670e+00
 46 -0.06729  8.51124e+00 | 47  0.12352 -1.64988e+00 | 48 -0.10532  5.81283e+00
 49 -0.24900  8.48773e+00 | 50 -0.28466  8.85561e+00 | 51 -0.06540  7.51405e+00
 52 -0.10603  3.73210e+00 | 53  0.14929  3.51561e+00 | 54  0.21366  9.35548e-01
 55  0.03145 -2.54867e+00 | 56  0.17992 -4.75617e+00 | 57  0.27258 -3.41684e-01
 58 -0.00499  4.00361e-01 | 59  0.14596 -1.89640e-02 | 60  0.02645  1.21101e+00
 61 -0.01505  2.82669e+00 | 62 -0.17693  2.62995e+00 | 63 -0.08645  3.75515e+00
 64  0.00241  8.01464e-01 | 65  0.09023 -3.34588e-01 | 66 -0.05756  3.49967e+00
 67  0.05613  6.51503e-01 | 68  0.17669  7.27770e-01 | 69 -0.17082 -4.19004e-01
 70 -0.10865  4.63652e-01 | 71  0.16581 -4.32992e+00 | 72 -0.17390  6.19291e+00
 73 -0.25345  1.15376e+00 | 74 -0.66374  2.18425e-01 | 75  0.27735  6.08737e-01
 76 -0.15598 -4.53085e+00 | 77  0.47734  2.35274e+00 | 78 -0.06861 -7.56672e+00
 79  0.33446  1.15783e+00 | 80 -0.17278 -8.18970e+00 | 81  0.25414  1.35604e+00
 82 -0.09107 -1.16851e+00 | 83 -0.13989 -1.22853e+01 | 84 -0.32169  3.83270e+00
 85 -0.12421 -2.97663e+00 | 86 -0.05619 -4.01939e+00 | 87 -0.01364  4.44467e-01
 88 -0.01117 -8.84015e-01 | 89 -0.13261 -5.90597e-01 | 90  0.67794  1.97096e+00
 91 -0.09016 -4.36320e+00 | 92  0.40145  6.72644e+00 | 93 -0.26639 -2.29938e+01
 94 -0.01548 -1.24527e+01 | 95 -0.29421  1.32858e+01 | 96  0.05027  3.83294e-01
 97 -0.19738  9.14253e-01 |
Maximum number of function evaluations exceeded

 - final statistics:
97 variables; iteration 89; function evaluation 100
Function value 2.6275e+03; maximum gradient component mag 2.0461e+01
Exit code = 3;  converg criter 1.0000e+00
Var    Value     Gradient |Var    Value     Gradient |Var    Value     Gradient
  1 -0.23534 -1.98271e+00 |  2 -0.02476  1.14274e+01 |  3 -0.02685  1.01936e+01
  4 -0.00264  1.13990e+01 |  5 -0.39203  7.68220e+00 |  6  0.00731 -2.80641e-01
  7  0.11655  1.36777e+01 |  8 -0.12039  5.11570e+00 |  9  0.15819  8.12051e+00
 10 -0.18247  1.67478e+00 | 11 -0.12587  2.33368e+00 | 12  0.14155  4.43328e+00
 13  0.09411  3.09122e+00 | 14  0.13172  2.21566e+00 | 15  0.04761  2.65660e+00
 16  0.02396  4.63907e+00 | 17  0.07122  5.20982e+00 | 18  0.03486  5.18377e+00
 19  0.16788  7.14671e+00 | 20 -0.01532  6.41764e+00 | 21 -0.09794  1.38303e+00
 22 -0.02849  6.27135e+00 | 23  0.12043  5.87103e+00 | 24 -0.02576  5.55400e+00
 25 -0.13738  8.71543e+00 | 26 -0.19423  6.60201e+00 | 27 -0.23012 -4.85372e+00
 28  0.28028 -2.46550e+00 | 29 -0.21582 -7.43504e-01 | 30  0.03338  5.99165e+00
 31  0.03150  1.27957e+01 | 32  0.04969 -6.40269e-03 | 33  0.04161 -4.36014e+00
 34 -0.03405  2.65894e+00 | 35  0.00663  3.35693e+00 | 36 -0.14553  4.41142e+00
 37  0.03333 -1.66411e+00 | 38 -0.13531  5.95645e+00 | 39 -0.05551  5.50308e+00
 40 -0.15610  3.80654e+00 | 41 -0.19414  4.52926e+00 | 42 -0.15005 -6.38246e+00
 43  0.42268 -1.50858e+01 | 44 -0.11916 -5.08333e-01 | 45  0.03245  4.14819e+00
 46 -0.07201  8.36174e+00 | 47  0.12474  2.50333e+00 | 48 -0.10589  8.06714e+00
 49 -0.26465  6.81068e+00 | 50 -0.29656  8.47302e+00 | 51 -0.06955  8.22513e+00
 52 -0.10193  6.65738e+00 | 53  0.14937  6.66150e+00 | 54  0.21209  9.61488e-01
 55  0.02816 -1.89392e+00 | 56  0.18074 -1.98138e+00 | 57  0.27164  1.43439e+00
 58 -0.01278  5.19787e-01 | 59  0.14544  2.91955e+00 | 60  0.02947  5.47514e+00
 61 -0.00962  7.30676e+00 | 62 -0.16489  6.46181e+00 | 63 -0.09745  3.87718e+00
 64  0.00363  3.48838e+00 | 65  0.09000  3.16085e+00 | 66 -0.07006  3.50881e+00
 67  0.03706  2.47523e-01 | 68  0.19860  4.69280e+00 | 69 -0.14630  2.05380e+00
 70 -0.10259  1.36672e+00 | 71  0.16588 -1.23886e+01 | 72 -0.17192  2.04612e+01
 73 -0.24677 -2.49158e-01 | 74 -0.62413  9.26171e-01 | 75  0.28166  1.03812e-01
 76 -0.15399 -9.67163e-02 | 77  0.39733 -1.75300e-03 | 78 -0.08123  4.10568e+00
 79  0.33762  1.80218e+00 | 80 -0.17142 -7.90495e+00 | 81  0.26962  1.10755e+00
 82 -0.08496  7.89051e+00 | 83 -0.13778 -1.27508e+01 | 84 -0.31708  6.00346e+00
 85 -0.12736 -2.82444e+00 | 86 -0.05843 -1.28529e+01 | 87 -0.01406  1.69193e+00
 88 -0.01214 -1.73129e+00 | 89 -0.13205 -3.60000e-01 | 90  0.59666  1.11593e+00
 91 -0.10626  6.26740e-01 | 92  0.39667  5.20150e+00 | 93 -0.26709 -1.82775e+01
 94 -0.01946  1.51392e+00 | 95 -0.30034 -1.31720e+00 | 96  0.03557 -5.21184e+00
 97 -0.21087  2.64022e+00 |

Initial statistics: 98 variables; iteration 0; function evaluation 0; phase 5
Function value 2.6274977e+03; maximum gradient component mag 2.0461e+01
Var    Value     Gradient |Var    Value     Gradient |Var    Value     Gradient
  1 -0.23534 -1.98271e+00 |  2 -0.02476  1.14274e+01 |  3 -0.02685  1.01936e+01
  4 -0.00264  1.13990e+01 |  5 -0.39203  7.68220e+00 |  6  0.00731 -2.80641e-01
  7  0.11655  1.36777e+01 |  8 -0.12039  5.11570e+00 |  9  0.15819  8.12051e+00
 10 -0.18247  1.67478e+00 | 11 -0.12587  2.33368e+00 | 12  0.19448  3.69918e+00
 13  0.14131  1.21192e+00 | 14  0.09387 -1.75526e-01 | 15  0.13148 -1.01675e+00
 16  0.04737 -6.36953e-01 | 17  0.02372  1.33867e+00 | 18  0.07098  1.92779e+00
 19  0.03462  1.88600e+00 | 20  0.16763  3.95853e+00 | 21 -0.01556  3.11581e+00
 22 -0.09818 -1.88062e+00 | 23 -0.02873  2.97184e+00 | 24  0.12019  2.62738e+00
 25 -0.02600  2.25390e+00 | 26 -0.13763  5.48881e+00 | 27 -0.19448  3.45134e+00
 28 -0.23037 -7.94185e+00 | 29  0.28002 -5.45438e+00 | 30 -0.21607 -3.85776e+00
 31  0.03314  2.69348e+00 | 32  0.03126  9.49710e+00 | 33  0.04945 -3.29921e+00
 34  0.04138 -7.65603e+00 | 35 -0.03429 -6.39090e-01 | 36  0.00639  5.43505e-02
 37 -0.14578  1.19447e+00 | 38  0.03309 -4.96244e+00 | 39 -0.13556  2.72778e+00
 40 -0.05575  2.21279e+00 | 41 -0.15634  6.02509e-01 | 42 -0.19439  1.37871e+00
 43 -0.15029 -9.59302e+00 | 44  0.42237 -1.76935e+01 | 45 -0.11940 -3.75314e+00
 46  0.03221  8.49736e-01 | 47 -0.07225  5.07987e+00 | 48  0.12450 -7.36283e-01
 49 -0.10613  4.80965e+00 | 50 -0.26491  3.78853e+00 | 51 -0.29683  5.52102e+00
 52 -0.06979  4.94185e+00 | 53 -0.10218  3.39666e+00 | 54  0.14913  3.44955e+00
 55  0.21184 -2.15998e+00 | 56  0.02792 -5.19353e+00 | 57  0.18049 -5.15251e+00
 58  0.27138 -1.57254e+00 | 59 -0.01301 -2.78229e+00 | 60  0.14520 -2.97425e-01
 61  0.02923  2.17595e+00 | 62 -0.00986  4.00435e+00 | 63 -0.16513  3.26888e+00
 64 -0.09769  6.12994e-01 | 65  0.00339  1.85668e-01 | 66  0.08976 -1.08969e-01
 67 -0.07030  2.26016e-01 | 68  0.03682 -3.04971e+00 | 69  0.19835  1.54964e+00
 70 -0.14630  2.05380e+00 | 71 -0.10259  1.36672e+00 | 72  0.16588 -1.23886e+01
 73 -0.17192  2.04612e+01 | 74 -0.24677 -2.49158e-01 | 75 -0.62413  9.26171e-01
 76  0.28166  1.03812e-01 | 77 -0.15399 -9.67163e-02 | 78  0.39733 -1.75300e-03
 79 -0.08123  4.10568e+00 | 80  0.33762  1.80218e+00 | 81 -0.17142 -7.90495e+00
 82  0.26962  1.10755e+00 | 83 -0.08496  7.89051e+00 | 84 -0.13778 -1.27508e+01
 85 -0.31708  6.00346e+00 | 86 -0.12736 -2.82444e+00 | 87 -0.05843 -1.28529e+01
 88 -0.01406  1.69193e+00 | 89 -0.01214 -1.73129e+00 | 90 -0.13205 -3.60000e-01
 91  0.59666  1.11593e+00 | 92 -0.10626  6.26740e-01 | 93  0.39667  5.20150e+00
 94 -0.26709 -1.82775e+01 | 95 -0.01946  1.51392e+00 | 96 -0.30034 -1.31720e+00
 97  0.03557 -5.21184e+00 | 98 -0.21087  2.64022e+00 |

Intermediate statistics: 98 variables; iteration 20; function evaluation 22; phase 5
Function value 2.6245618e+03; maximum gradient component mag 2.0882e+02
Var    Value     Gradient |Var    Value     Gradient |Var    Value     Gradient
  1 -0.23107  2.08815e+02 |  2 -0.02054  6.93443e+00 |  3 -0.03269  1.22082e+01
  4  0.00152  1.88146e+01 |  5 -0.39776  6.98535e+00 |  6  0.01234  3.01566e+01
  7  0.11562  3.65394e+01 |  8 -0.11471  1.19309e+01 |  9  0.15370  1.05941e+01
 10 -0.16937  4.09710e+00 | 11 -0.10010 -1.59645e+02 | 12 -0.07359 -1.07707e+01
 13  0.08942 -5.55304e+00 | 14  0.08462 -5.55198e+00 | 15  0.13072 -1.11836e+01
 16  0.04810 -2.38622e+00 | 17  0.00009  9.86221e-01 | 18  0.06455 -2.42543e+00
 19  0.02308  1.33719e+00 | 20  0.16716 -1.22400e+01 | 21 -0.05587  3.28832e+00
 22 -0.07249  6.29344e+00 | 23 -0.04758  7.07943e+00 | 24  0.12107  5.81427e+00
 25 -0.03258  6.13783e+00 | 26 -0.14999  9.52092e+00 | 27 -0.23190  7.72776e+00
 28 -0.14112  1.14451e+01 | 29  0.27697 -2.64462e+01 | 30 -0.16557  1.02062e+01
 31  0.04450  1.14115e+01 | 32  0.03908  1.31687e+01 | 33  0.05996  2.33120e+00
 34  0.06038  3.15222e+00 | 35 -0.02636  6.66254e+00 | 36  0.01831  4.17218e+00
 37 -0.15359  8.01816e+00 | 38  0.05809  8.86185e+00 | 39 -0.13110  1.07948e+01
 40 -0.04133  9.86275e+00 | 41 -0.14286  9.55842e+00 | 42 -0.20726  7.90144e+00
 43 -0.05669  1.08777e+01 | 44  0.45949 -2.15228e+01 | 45 -0.07624  9.14911e+00
 46  0.06517  1.13319e+01 | 47 -0.05184  1.47588e+01 | 48  0.13953  1.50871e+01
 49 -0.11155  1.19496e+01 | 50 -0.28100  1.12119e+01 | 51 -0.34045  9.58255e+00
 52 -0.08930  1.12518e+01 | 53 -0.11624  1.28043e+01 | 54  0.13871  1.66717e+01
 55  0.20063  9.61889e+00 | 56  0.02588  1.02371e+01 | 57  0.17870  1.25624e+01
 58  0.26007  8.77026e+00 | 59 -0.01831  9.09463e+00 | 60  0.13990  1.64369e+01
 61  0.01385  1.30031e+01 | 62 -0.02726  1.49615e+01 | 63 -0.19725  1.17261e+01
 64 -0.11096  1.35410e+01 | 65 -0.01467  1.33297e+01 | 66  0.07526  1.40518e+01
 67 -0.07404  1.29670e+01 | 68  0.05984  1.29731e+01 | 69  0.17396  1.04294e+01
 70 -0.20327  1.87654e+00 | 71 -0.13968 -1.37308e+00 | 72  0.17176  9.54639e-01
 73 -0.17199 -2.56944e+00 | 74 -0.25327 -1.60358e+00 | 75 -0.65513  7.77679e-01
 76  0.27962 -1.74640e+01 | 77 -0.15276  3.51046e+01 | 78  0.35445 -8.36035e-01
 79 -0.09417  6.47711e+00 | 80  0.33753 -1.51848e+01 | 81 -0.16923  2.80256e+01
 82  0.25791 -2.33334e+01 | 83 -0.08543  7.02387e+01 | 84 -0.14202 -3.52198e+00
 85 -0.32754  3.21851e-01 | 86 -0.10621 -1.32316e-01 | 87 -0.05418  4.21238e+00
 88 -0.01274  2.81368e+00 | 89 -0.01258 -1.07892e+00 | 90 -0.12870  1.33781e+00
 91  0.54947 -4.23036e-01 | 92 -0.11834  4.58073e+00 | 93  0.40112 -8.88826e-01
 94 -0.26307  2.26010e+00 | 95 -0.01770 -1.92992e+01 | 96 -0.29750  1.47790e+01
 97  0.04123 -1.59863e+01 | 98 -0.20024  1.45152e+01 |
98 variables; iteration 40; function evaluation 44; phase 5
Function value 2.6235318e+03; maximum gradient component mag 5.4240e+01
Var    Value     Gradient |Var    Value     Gradient |Var    Value     Gradient
  1 -0.22298  5.42399e+01 |  2 -0.01364  1.96572e+01 |  3 -0.03787  1.27166e+01
  4  0.00025  1.09290e+01 |  5 -0.39739  7.99847e+00 |  6  0.00135  1.18703e+00
  7  0.11510  2.76513e+01 |  8 -0.11929  3.78934e+00 |  9  0.15225  3.83321e+00
 10 -0.17311  2.78877e+00 | 11 -0.07181 -4.10519e+01 | 12 -0.20072 -5.66339e+00
 13 -0.04914 -3.94346e-01 | 14  0.15965  6.36379e+00 | 15  0.12224  5.83275e+00
 16  0.04794  5.37370e+00 | 17 -0.02986  2.64880e+00 | 18  0.06619  3.59579e+00
 19  0.01341  5.57321e+00 | 20  0.16835  6.95129e+00 | 21 -0.07899  2.89979e+00
 22 -0.06711  6.72157e+00 | 23 -0.05922  5.24612e+00 | 24  0.11687  1.14040e+01
 25 -0.03780  4.86882e+00 | 26 -0.15905  5.76943e+00 | 27 -0.22462  5.42072e+00
 28 -0.15181  6.10483e+00 | 29  0.27254 -3.50114e+01 | 30 -0.16988  4.74929e+00
 31  0.03849  1.14019e+00 | 32  0.04623  9.57628e+00 | 33  0.06793  1.43922e+00
 34  0.06667 -3.50819e-01 | 35 -0.01577  2.12606e+00 | 36  0.02263 -3.81458e+00
 37 -0.13343  4.45809e+00 | 38  0.07333  4.47175e+00 | 39 -0.11918  5.92792e+00
 40 -0.02317  6.43234e+00 | 41 -0.12135  7.33340e+00 | 42 -0.17366  6.94767e+00
 43 -0.04148  6.70049e+00 | 44  0.48320 -3.04291e+01 | 45 -0.05553  5.50335e+00
 46  0.08059  5.38510e+00 | 47 -0.03581  1.09499e+01 | 48  0.15050  8.70903e+00
 49 -0.10323  8.42193e+00 | 50 -0.28367  5.60602e+00 | 51 -0.33600  5.75510e+00
 52 -0.08251  8.61825e+00 | 53 -0.11809  8.21152e+00 | 54  0.14656  2.21102e+01
 55  0.20603  1.21771e+01 | 56  0.02858  6.27538e+00 | 57  0.18620  1.37313e+01
 58  0.26162  6.73154e+00 | 59 -0.01219  6.92428e+00 | 60  0.13432  8.66726e+00
 61  0.00931  7.44059e+00 | 62 -0.03927  8.03174e+00 | 63 -0.20799  6.59425e+00
 64 -0.12385  7.18223e+00 | 65 -0.02742  6.74723e+00 | 66  0.06087  7.09937e+00
 67 -0.09126  6.92680e+00 | 68  0.03645  6.35829e+00 | 69  0.15789  5.56386e+00
 70 -0.23258  2.54111e-01 | 71 -0.11778  4.22983e-01 | 72  0.16856  3.19454e+00
 73 -0.17373 -6.07931e+00 | 74 -0.27045 -1.17077e+00 | 75 -0.77637  1.96946e-03
 76  0.28126 -1.31296e+01 | 77 -0.15257  2.74121e+01 | 78  0.23239 -4.76692e+00
 79 -0.13869  1.03267e+01 | 80  0.33392 -2.83937e+00 | 81 -0.17137  3.79087e+00
 82  0.24929 -1.44524e+01 | 83 -0.08952  4.09005e+01 | 84 -0.13963 -8.51200e+00
 85 -0.32302  3.15538e+00 | 86 -0.11631 -1.22595e+00 | 87 -0.05529 -4.72095e+00
 88 -0.01053  9.55926e+00 | 89 -0.01258 -4.00712e+00 | 90 -0.13080  2.65169e+00
 91  0.45392 -4.18381e+00 | 92 -0.15284  6.90942e+00 | 93  0.38592  1.01790e+00
 94 -0.26732 -4.06755e+00 | 95 -0.01855  1.01367e+01 | 96 -0.29953 -5.65300e+00
 97  0.04053 -7.04384e+00 | 98 -0.20300  7.09676e+00 |
98 variables; iteration 60; function evaluation 64; phase 5
Function value 2.6220721e+03; maximum gradient component mag 8.1002e+01
Var    Value     Gradient |Var    Value     Gradient |Var    Value     Gradient
  1 -0.22815  8.10016e+01 |  2 -0.02529 -1.57965e+01 |  3 -0.03283 -6.47162e+00
  4 -0.00111  5.97680e-01 |  5 -0.39826 -3.86351e+00 |  6  0.01054  1.55600e+01
  7  0.11432 -3.01387e+01 |  8 -0.11646 -5.30376e+00 |  9  0.15013 -1.41577e+00
 10 -0.17051 -1.23798e+00 | 11 -0.07260 -7.82584e+01 | 12 -0.25998 -9.29220e+00
 13 -0.03856 -7.37411e+00 | 14  0.17130 -4.70982e+00 | 15  0.08080 -5.59291e+00
 16  0.06422 -3.60279e+00 | 17 -0.03523 -5.00556e+00 | 18  0.07704 -4.97126e+00
 19 -0.01018 -5.13930e+00 | 20  0.16688 -8.23980e+00 | 21 -0.06720 -4.63855e+00
 22 -0.08273 -4.12398e+00 | 23 -0.05381 -6.04850e+00 | 24  0.10860 -1.76502e+01
 25 -0.03626 -7.50954e+00 | 26 -0.15936 -2.89874e+00 | 27 -0.23050 -2.61884e+00
 28 -0.14839 -1.74208e-01 | 29  0.28373 -1.97939e+01 | 30 -0.17002 -1.45727e+00
 31  0.04760 -9.06405e+00 | 32  0.04338 -5.88281e+00 | 33  0.07712 -7.62806e+00
 34  0.07621 -5.04838e+00 | 35 -0.01262 -4.08086e+00 | 36  0.03235 -7.84369e+00
 37 -0.13143 -1.42972e+00 | 38  0.08267  2.13303e+00 | 39 -0.11331  2.23457e-01
 40 -0.01674  1.56624e-02 | 41 -0.12027 -5.58413e-01 | 42 -0.17493 -1.13213e+00
 43 -0.03672 -6.36713e-01 | 44  0.50581 -2.19196e+01 | 45 -0.04595 -1.01472e+00
 46  0.09512 -1.48542e+00 | 47 -0.03296  1.18115e+00 | 48  0.15837  2.13291e+00
 49 -0.10720 -7.87503e-01 | 50 -0.28562 -3.41684e-01 | 51 -0.33896  2.23326e-01
 52 -0.09144 -8.69837e-01 | 53 -0.12297  5.06629e-01 | 54  0.13432  2.98177e+00
 55  0.19967  9.79646e-01 | 56  0.03109  2.60792e+00 | 57  0.18108  5.83592e+00
 58  0.26218  4.41600e+00 | 59 -0.01588  3.50106e-02 | 60  0.13256  2.35537e+00
 61  0.00073 -1.33527e+00 | 62 -0.05072 -9.91364e-01 | 63 -0.22187 -9.15082e-01
 64 -0.13205  2.07561e-01 | 65 -0.03253  1.08239e+00 | 66  0.05302  7.61119e-01
 67 -0.10121 -1.33198e-01 | 68  0.02309 -1.41915e+00 | 69  0.15364 -6.68861e-01
 70 -0.24538  1.08370e+00 | 71 -0.12326 -8.46130e-02 | 72  0.16701 -1.17294e+01
 73 -0.17308  1.69542e+01 | 74 -0.27036  3.11526e-01 | 75 -0.78614 -1.74933e-01
 76  0.28343 -2.00940e+00 | 77 -0.15434  2.46306e+00 | 78  0.21961 -2.45330e+00
 79 -0.15076  4.49951e+00 | 80  0.34141  2.79744e+00 | 81 -0.17050 -7.75055e+00
 82  0.25927  7.24317e+00 | 83 -0.09198 -1.96536e+01 | 84 -0.13985 -1.09660e+01
 85 -0.32265  4.56652e+00 | 86 -0.11525 -1.58281e+00 | 87 -0.05765 -1.47008e+01
 88 -0.01446 -8.06636e+00 | 89 -0.00957  3.54899e+00 | 90 -0.13138 -1.94460e+00
 91  0.50047  4.30093e-01 | 92 -0.13760  1.43413e-01 | 93  0.38559 -4.03086e-01
 94 -0.26793 -5.92941e-01 | 95 -0.01695  7.24068e+00 | 96 -0.29870 -6.16827e+00
 97  0.04367  8.96205e-01 | 98 -0.20514 -1.03399e+00 |
98 variables; iteration 80; function evaluation 87; phase 5
Function value 2.6213012e+03; maximum gradient component mag 6.2476e+01
Var    Value     Gradient |Var    Value     Gradient |Var    Value     Gradient
  1 -0.21631  6.24759e+01 |  2 -0.02108 -7.13328e+00 |  3 -0.03751 -6.42462e+00
  4 -0.00351 -1.89746e+00 |  5 -0.39638  7.25180e-01 |  6  0.00006  8.24674e+00
  7  0.11380 -1.20270e+01 |  8 -0.11369 -2.11612e+00 |  9  0.15148 -8.88400e-01
 10 -0.17019  1.30447e-01 | 11 -0.04604 -5.82920e+01 | 12 -0.33630 -7.48101e+00
 13 -0.04415 -4.60501e+00 | 14  0.17678 -5.15504e-01 | 15  0.04304 -3.44241e+00
 16  0.06477 -5.68739e-01 | 17 -0.01734 -1.23225e+00 | 18  0.05792 -1.96341e+00
 19  0.01256 -2.98261e+00 | 20  0.14676 -1.36464e+01 | 21 -0.05703 -2.68064e+00
 22 -0.08312  2.22752e-01 | 23 -0.05284 -4.43161e-01 | 24  0.10469 -9.63544e+00
 25 -0.03709 -2.40736e+00 | 26 -0.16120  3.62300e-01 | 27 -0.22163  7.74114e-01
 28 -0.16277 -1.62389e-01 | 29  0.28228 -1.85342e+01 | 30 -0.18071 -2.14274e-01
 31  0.05818 -2.52728e+00 | 32  0.03949 -5.28392e+00 | 33  0.08374 -5.12739e+00
 34  0.07991 -1.84081e+00 | 35 -0.00836  7.51181e-01 | 36  0.04889  3.54163e+00
 37 -0.13121  6.75817e-01 | 38  0.08719 -9.30591e-01 | 39 -0.11174 -1.72507e-01
 40 -0.00980 -4.33262e-01 | 41 -0.10871  9.74827e-01 | 42 -0.16790 -2.54551e-01
 43 -0.03334  1.07874e-01 | 44  0.53395 -4.66182e+00 | 45 -0.03728  4.25070e-01
 46  0.11199  5.76895e-01 | 47 -0.02788  3.13399e-01 | 48  0.16565 -4.49028e-01
 49 -0.10508 -2.65440e-01 | 50 -0.28587  8.65988e-01 | 51 -0.34704  5.84457e-01
 52 -0.09089  1.04550e+00 | 53 -0.12716  1.09763e+00 | 54  0.13047  7.27112e-01
 55  0.19928  2.61177e+00 | 56  0.02382  4.28654e-02 | 57  0.17615  1.11577e+00
 58  0.26233  2.22479e+00 | 59 -0.02183 -4.27636e-01 | 60  0.12939  2.10941e+00
 61 -0.00296  4.34316e-01 | 62 -0.04777  3.36636e+00 | 63 -0.22400  1.43579e+00
 64 -0.13790  2.30295e+00 | 65 -0.04193  1.93728e+00 | 66  0.04533  1.77020e+00
 67 -0.10451  2.05439e+00 | 68  0.02343  1.19123e+00 | 69  0.14316  4.52922e-01
 70 -0.25954  7.31442e-01 | 71 -0.12431 -3.38201e-01 | 72  0.17503 -3.87386e+00
 73 -0.17029  6.97911e+00 | 74 -0.26991  7.90123e-01 | 75 -0.78554 -2.28189e-01
 76  0.28248 -1.36364e+00 | 77 -0.15599 -1.40311e+00 | 78  0.21027 -1.46944e+00
 79 -0.15932  1.53566e+00 | 80  0.33631 -3.79998e+00 | 81 -0.17174  4.26231e+00
 82  0.25851 -2.54240e-01 | 83 -0.09144 -4.51698e-01 | 84 -0.13900 -6.13019e-01
 85 -0.32367 -9.80019e-02 | 86 -0.11849 -3.25477e-01 | 87 -0.05494 -2.10974e+00
 88 -0.01289 -1.77420e+00 | 89 -0.01208  2.00472e-01 | 90 -0.13131 -6.17709e-01
 91  0.49427  1.11017e-01 | 92 -0.13861  1.14712e+00 | 93  0.41463 -9.06893e-01
 94 -0.25867  5.73828e+00 | 95 -0.01734 -5.76182e+00 | 96 -0.29821  3.21199e+00
 97  0.04155 -3.95938e-01 | 98 -0.20629 -2.94700e-02 |
98 variables; iteration 100; function evaluation 111; phase 5
Function value 2.6209850e+03; maximum gradient component mag 3.7449e+01
Var    Value     Gradient |Var    Value     Gradient |Var    Value     Gradient
  1 -0.21321  3.74488e+01 |  2 -0.02312 -1.09809e+00 |  3 -0.03487 -2.42272e-01
  4 -0.00421 -2.26024e+00 |  5 -0.39587 -5.97049e-01 |  6 -0.00324  3.13819e+00
  7  0.11464  3.19478e+00 |  8 -0.11457  1.42389e+00 |  9  0.15127 -1.32052e+00
 10 -0.17262 -2.12963e-01 | 11 -0.03523 -2.78447e+01 | 12 -0.36777  7.17798e-01
 13 -0.01894 -2.36548e+00 | 14  0.16075  5.55286e-01 | 15  0.01211 -3.77216e+00
 16  0.07567  8.41726e-02 | 17 -0.02400 -8.32025e-01 | 18  0.04212 -1.19396e+00
 19  0.02107  8.06646e-01 | 20  0.14544 -3.39525e+00 | 21 -0.05021  3.98216e-01
 22 -0.09684 -4.16380e-01 | 23 -0.05565  3.47831e-01 | 24  0.10685 -5.94693e-01
 25 -0.03903 -5.88193e-02 | 26 -0.16079  1.18549e+00 | 27 -0.23145  1.97307e-01
 28 -0.16066  1.15708e+00 | 29  0.28470 -5.18842e+00 | 30 -0.17974  9.24871e-01
 31  0.05950  1.27619e+00 | 32  0.04951  1.70139e+00 | 33  0.08882  1.27989e+00
 34  0.08264  7.36275e-01 | 35 -0.00666  1.02451e+00 | 36  0.05041  2.19597e+00
 37 -0.13447  4.22166e-01 | 38  0.09285  1.50980e+00 | 39 -0.10685  1.19477e+00
 40 -0.00209  1.43563e+00 | 41 -0.10912  3.85781e-01 | 42 -0.16083  4.13361e-01
 43 -0.02986  6.24984e-01 | 44  0.54761  3.09484e+00 | 45 -0.03571  4.92820e-01
 46  0.12032  1.69798e+00 | 47 -0.02340  6.32177e-01 | 48  0.17099  1.18834e+00
 49 -0.10010  1.48715e+00 | 50 -0.28698  8.26087e-01 | 51 -0.34736  8.03466e-01
 52 -0.08944  1.57550e+00 | 53 -0.12856  9.46233e-01 | 54  0.13099  5.68000e-01
 55  0.19910  1.37473e+00 | 56  0.02662  1.49799e+00 | 57  0.17594  1.22299e-01
 58  0.26199  4.13130e-01 | 59 -0.02149  6.59670e-02 | 60  0.12855  1.39872e+00
 61 -0.00144  1.37728e+00 | 62 -0.05519  1.62204e+00 | 63 -0.23564  3.00754e-01
 64 -0.14816  5.30211e-01 | 65 -0.04590  1.55122e+00 | 66  0.03941  1.02962e+00
 67 -0.11007  2.20664e+00 | 68  0.01996  1.60941e+00 | 69  0.15257  1.99680e+00
 70 -0.26219  7.39307e-01 | 71 -0.12085 -9.77482e-02 | 72  0.17760  1.89560e-01
 73 -0.16960 -7.64660e-02 | 74 -0.26410 -1.03390e+00 | 75 -0.72687  1.10360e-01
 76  0.28643 -1.15524e+00 | 77 -0.15409  2.00829e+00 | 78  0.22319  2.70462e-01
 79 -0.15456 -9.95612e-01 | 80  0.34189 -3.38513e+00 | 81 -0.16939  7.23280e+00
 82  0.26106 -2.95506e+00 | 83 -0.08978  8.96393e+00 | 84 -0.13888  2.29207e+00
 85 -0.32298 -3.55757e-01 | 86 -0.11622  6.03203e-01 | 87 -0.05506  1.14298e+00
 88 -0.01586 -8.29138e-02 | 89 -0.01420  9.36312e-02 | 90 -0.12451  6.76128e-01
 91  0.49061  3.83057e-01 | 92 -0.14068  4.39972e-01 | 93  0.40542 -9.69816e-01
 94 -0.26158  4.28131e+00 | 95 -0.01598 -8.31351e+00 | 96 -0.29640  5.77432e+00
 97  0.03762 -1.13031e+00 | 98 -0.21091 -2.95530e-01 |
98 variables; iteration 120; function evaluation 137; phase 5
Function value 2.6203330e+03; maximum gradient component mag 3.0079e+00
Var    Value     Gradient |Var    Value     Gradient |Var    Value     Gradient
  1 -0.20537 -2.31737e+00 |  2 -0.02362  3.46823e-01 |  3 -0.03467  3.19196e-01
  4 -0.00387 -3.73443e-03 |  5 -0.39500 -6.92254e-02 |  6 -0.00760 -3.33224e-01
  7  0.11441  6.94069e-01 |  8 -0.11535  1.89201e-01 |  9  0.15161 -3.48698e-02
 10 -0.17235 -3.62158e-03 | 11 -0.01142  3.00794e+00 | 12 -0.42293  8.13027e-01
 13  0.02525 -4.02170e-02 | 14  0.05860  3.15743e-01 | 15  0.11872  1.57025e-01
 16  0.01816  8.08557e-02 | 17 -0.02092  6.20028e-02 | 18  0.04629  2.30061e-01
 19 -0.00306  1.67590e-01 | 20  0.14719  5.59917e-01 | 21 -0.06501  1.21315e-01
 22 -0.09529 -1.78422e-02 | 23 -0.06112  3.87191e-02 | 24  0.10377  3.54320e-01
 25 -0.04050  6.98233e-02 | 26 -0.16672  2.96903e-02 | 27 -0.22812  4.67311e-02
 28 -0.16703  5.18403e-02 | 29  0.28646  8.60628e-01 | 30 -0.18238  1.08075e-01
 31  0.06214  2.09941e-01 | 32  0.05236  2.52695e-01 | 33  0.09297  3.00505e-01
 34  0.08758  1.52218e-01 | 35 -0.00150  7.74934e-02 | 36  0.05401 -1.54268e-02
 37 -0.12545  1.05702e-03 | 38  0.09977  4.47481e-02 | 39 -0.10156  2.08814e-02
 40  0.00486 -2.93212e-02 | 41 -0.10059 -1.19180e-01 | 42 -0.15321 -1.20340e-01
 43 -0.02269 -2.31875e-04 | 44  0.55942  7.48314e-01 | 45 -0.02829 -8.23185e-02
 46  0.12628 -1.05033e-02 | 47 -0.01729 -9.85806e-02 | 48  0.17649 -7.66642e-02
 49 -0.09850 -8.28537e-02 | 50 -0.28628 -6.93697e-02 | 51 -0.34774 -4.55595e-02
 52 -0.08990 -4.41458e-02 | 53 -0.12886 -1.31217e-01 | 54  0.13233 -1.65379e-01
 55  0.20053 -1.44275e-01 | 56  0.02716 -3.52022e-02 | 57  0.17933 -7.95270e-02
 58  0.26478 -1.21759e-01 | 59 -0.01846 -1.73445e-01 | 60  0.12870 -5.98652e-02
 61 -0.00312 -7.19749e-02 | 62 -0.06006 -7.61768e-02 | 63 -0.23677 -1.11525e-01
 64 -0.15097 -3.17228e-02 | 65 -0.05287 -5.38228e-02 | 66  0.03338 -9.36243e-02
 67 -0.12281 -4.12615e-02 | 68  0.00813 -7.03158e-02 | 69  0.13368  1.63774e-02
 70 -0.27466 -4.95236e-02 | 71 -0.11628 -1.83351e-02 | 72  0.17415  1.20449e-01
 73 -0.17121 -2.04045e-01 | 74 -0.26530 -7.59205e-01 | 75 -0.73887  1.53610e-02
 76  0.28749  4.44173e-02 | 77 -0.15386 -4.11592e-02 | 78  0.23327  2.91268e-02
 79 -0.14917 -1.16571e-01 | 80  0.34107  2.12186e-02 | 81 -0.16997  1.75457e-01
 82  0.26002 -1.21812e-01 | 83 -0.09073  2.90727e-01 | 84 -0.13902  2.03688e-01
 85 -0.32318 -3.79266e-02 | 86 -0.11895 -1.72346e-02 | 87 -0.05482  2.47483e-01
 88 -0.01256 -2.59185e-03 | 89 -0.01117  2.85337e-02 | 90 -0.13126 -2.56749e-03
 91  0.46704  3.19317e-03 | 92 -0.15074  2.43763e-02 | 93  0.39541  4.29344e-03
 94 -0.26485  6.75306e-02 | 95 -0.01536 -1.67812e-01 | 96 -0.29631  1.17517e-01
 97  0.04167  4.19462e-03 | 98 -0.20669 -9.08177e-02 |
  ic > imax  in fminim is answer attained ?
Var    Value     Gradient |Var    Value     Gradient |Var    Value     Gradient
  1 -0.20587  1.35401e-03 |  2 -0.02359 -2.57505e-04 |  3 -0.03467 -2.21959e-04
  4 -0.00384 -6.40961e-05 |  5 -0.39495 -4.23914e-05 |  6 -0.00725  2.69895e-04
  7  0.11445 -6.49396e-04 |  8 -0.11557 -1.92949e-04 |  9  0.15176 -2.64577e-05
 10 -0.17257 -1.89442e-06 | 11 -0.01275 -1.72142e-03 | 12 -0.42053 -5.06582e-04
 13  0.02997 -5.67495e-05 | 14  0.05412 -1.26416e-04 | 15  0.12112 -1.85098e-04
 16  0.01807 -1.55975e-04 | 17 -0.02033 -4.80773e-06 | 18  0.04638 -4.64570e-05
 19 -0.00259 -8.32076e-05 | 20  0.14741 -1.79128e-04 | 21 -0.06507  3.69402e-05
 22 -0.09463  4.39490e-05 | 23 -0.06090 -2.09309e-05 | 24  0.10391 -3.56630e-04
 25 -0.04024 -5.39724e-05 | 26 -0.16661  3.56100e-06 | 27 -0.22827 -2.60644e-05
 28 -0.16715  1.76730e-05 | 29  0.28644 -5.10159e-04 | 30 -0.18330 -6.89941e-05
 31  0.06206 -3.52605e-05 | 32  0.05200 -4.81024e-05 | 33  0.09265 -7.85938e-05
 34  0.08742 -3.85796e-05 | 35 -0.00186 -4.98520e-05 | 36  0.05391 -6.03943e-05
 37 -0.12584  1.84003e-05 | 38  0.09949  6.78532e-05 | 39 -0.10206  1.16194e-05
 40  0.00439  5.23304e-05 | 41 -0.10077  5.04004e-05 | 42 -0.15317  3.64437e-05
 43 -0.02334  4.96940e-05 | 44  0.55819  1.09762e-04 | 45 -0.02836  6.18435e-05
 46  0.12564 -3.39609e-05 | 47 -0.01751  7.62504e-05 | 48  0.17616 -3.86120e-05
 49 -0.09857  1.01144e-05 | 50 -0.28618  3.77146e-05 | 51 -0.34770  1.10794e-05
 52 -0.09003 -3.10149e-05 | 53 -0.12857  6.75650e-05 | 54  0.13229 -5.34813e-07
 55  0.20046 -8.95971e-05 | 56  0.02703 -2.33336e-05 | 57  0.17928  9.44519e-05
 58  0.26478  6.16006e-06 | 59 -0.01807  9.41978e-05 | 60  0.12863  3.47006e-05
 61 -0.00306  3.36767e-05 | 62 -0.05991  3.98812e-05 | 63 -0.23606  7.54935e-05
 64 -0.15095  3.01747e-05 | 65 -0.05270  4.14226e-05 | 66  0.03361  4.77964e-05
 67 -0.12265  4.02359e-05 | 68  0.00843  4.51832e-05 | 69  0.13318 -5.58135e-07
 70 -0.27410  2.36171e-05 | 71 -0.11636 -1.25236e-05 | 72  0.17409 -1.62680e-04
 73 -0.17120  2.43562e-04 | 74 -0.26192 -3.49919e-04 | 75 -0.71728  5.45893e-05
 76  0.28746 -2.02710e-05 | 77 -0.15385 -6.85107e-05 | 78  0.23422 -3.10058e-05
 79 -0.14860  8.73940e-05 | 80  0.34083  8.61106e-06 | 81 -0.17007 -1.21524e-04
 82  0.26009  4.82663e-05 | 83 -0.09070 -1.54479e-04 | 84 -0.13920 -7.91844e-05
 85 -0.32345 -1.14816e-05 | 86 -0.11826  5.56011e-06 | 87 -0.05488 -3.45509e-05
 88 -0.01263 -7.60078e-05 | 89 -0.01129 -2.21112e-06 | 90 -0.13116 -2.35321e-05
 91  0.46688  7.97552e-05 | 92 -0.15085 -8.17924e-05 | 93  0.39498  2.29150e-05
 94 -0.26498 -1.36239e-04 | 95 -0.01547  1.27916e-04 | 96 -0.29643 -8.61701e-05
 97  0.04193  3.48699e-05 | 98 -0.20634  1.02881e-05 |
Function minimizer not making progress ... is minimum attained?
Minimprove criterion = 0.0000e+00

 - final statistics:
98 variables; iteration 131; function evaluation 177
Function value 2.6203e+03; maximum gradient component mag -1.7214e-03
Exit code = 1;  converg criter 1.0000e-04
Var    Value     Gradient |Var    Value     Gradient |Var    Value     Gradient
  1 -0.20587  1.35401e-03 |  2 -0.02359 -2.57505e-04 |  3 -0.03467 -2.21959e-04
  4 -0.00384 -6.40961e-05 |  5 -0.39495 -4.23914e-05 |  6 -0.00725  2.69895e-04
  7  0.11445 -6.49396e-04 |  8 -0.11557 -1.92949e-04 |  9  0.15176 -2.64577e-05
 10 -0.17257 -1.89442e-06 | 11 -0.01275 -1.72142e-03 | 12 -0.42053 -5.06582e-04
 13  0.02997 -5.67495e-05 | 14  0.05412 -1.26416e-04 | 15  0.12112 -1.85098e-04
 16  0.01807 -1.55975e-04 | 17 -0.02033 -4.80773e-06 | 18  0.04638 -4.64570e-05
 19 -0.00259 -8.32076e-05 | 20  0.14741 -1.79128e-04 | 21 -0.06507  3.69402e-05
 22 -0.09463  4.39490e-05 | 23 -0.06090 -2.09309e-05 | 24  0.10391 -3.56630e-04
 25 -0.04024 -5.39724e-05 | 26 -0.16661  3.56100e-06 | 27 -0.22827 -2.60644e-05
 28 -0.16715  1.76730e-05 | 29  0.28644 -5.10159e-04 | 30 -0.18330 -6.89941e-05
 31  0.06206 -3.52605e-05 | 32  0.05200 -4.81024e-05 | 33  0.09265 -7.85938e-05
 34  0.08742 -3.85796e-05 | 35 -0.00186 -4.98520e-05 | 36  0.05391 -6.03943e-05
 37 -0.12584  1.84003e-05 | 38  0.09949  6.78532e-05 | 39 -0.10206  1.16194e-05
 40  0.00439  5.23304e-05 | 41 -0.10077  5.04004e-05 | 42 -0.15317  3.64437e-05
 43 -0.02334  4.96940e-05 | 44  0.55819  1.09762e-04 | 45 -0.02836  6.18435e-05
 46  0.12564 -3.39609e-05 | 47 -0.01751  7.62504e-05 | 48  0.17616 -3.86120e-05
 49 -0.09857  1.01144e-05 | 50 -0.28618  3.77146e-05 | 51 -0.34770  1.10794e-05
 52 -0.09003 -3.10149e-05 | 53 -0.12857  6.75650e-05 | 54  0.13229 -5.34813e-07
 55  0.20046 -8.95971e-05 | 56  0.02703 -2.33336e-05 | 57  0.17928  9.44519e-05
 58  0.26478  6.16006e-06 | 59 -0.01807  9.41978e-05 | 60  0.12863  3.47006e-05
 61 -0.00306  3.36767e-05 | 62 -0.05991  3.98812e-05 | 63 -0.23606  7.54935e-05
 64 -0.15095  3.01747e-05 | 65 -0.05270  4.14226e-05 | 66  0.03361  4.77964e-05
 67 -0.12265  4.02359e-05 | 68  0.00843  4.51832e-05 | 69  0.13318 -5.58135e-07
 70 -0.27410  2.36171e-05 | 71 -0.11636 -1.25236e-05 | 72  0.17409 -1.62680e-04
 73 -0.17120  2.43562e-04 | 74 -0.26192 -3.49919e-04 | 75 -0.71728  5.45893e-05
 76  0.28746 -2.02710e-05 | 77 -0.15385 -6.85107e-05 | 78  0.23422 -3.10058e-05
 79 -0.14860  8.73940e-05 | 80  0.34083  8.61106e-06 | 81 -0.17007 -1.21524e-04
 82  0.26009  4.82663e-05 | 83 -0.09070 -1.54479e-04 | 84 -0.13920 -7.91844e-05
 85 -0.32345 -1.14816e-05 | 86 -0.11826  5.56011e-06 | 87 -0.05488 -3.45509e-05
 88 -0.01263 -7.60078e-05 | 89 -0.01129 -2.21112e-06 | 90 -0.13116 -2.35321e-05
 91  0.46688  7.97552e-05 | 92 -0.15085 -8.17924e-05 | 93  0.39498  2.29150e-05
 94 -0.26498 -1.36239e-04 | 95 -0.01547  1.27916e-04 | 96 -0.29643 -8.61701e-05
 97  0.04193  3.48699e-05 | 98 -0.20634  1.02881e-05 |

Initial statistics: 110 variables; iteration 0; function evaluation 0; phase 6
Function value 2.6203301e+03; maximum gradient component mag -1.6409e-03
Var    Value     Gradient |Var    Value     Gradient |Var    Value     Gradient
  1 -0.20587  1.28775e-03 |  2 -0.02359 -2.49653e-04 |  3 -0.03467 -2.14679e-04
  4 -0.00384 -6.17937e-05 |  5 -0.39495 -4.00273e-05 |  6 -0.00725  2.57137e-04
  7  0.11445 -6.24647e-04 |  8 -0.11557 -1.86213e-04 |  9  0.15176 -2.52013e-05
 10 -0.17257 -1.59470e-06 | 11 -0.01275 -1.64094e-03 | 12 -0.42053 -4.83917e-04
 13  0.02997 -3.63925e-05 | 14  0.05412 -1.02225e-04 | 15  0.12112 -1.58504e-04
 16  0.01807 -1.30965e-04 | 17 -0.02033  1.35160e-05 | 18  0.04638 -2.63548e-05
 19 -0.00259 -6.21438e-05 | 20  0.14741 -1.52644e-04 | 21 -0.06507  5.27709e-05
 22 -0.09463  6.05535e-05 | 23 -0.06090 -2.06605e-06 | 24  0.10391 -3.22639e-04
 25 -0.04024 -3.31571e-05 | 26 -0.16661  2.04725e-05 | 27 -0.22827 -8.74547e-06
 28 -0.16715  3.38265e-05 | 29  0.28644 -4.70725e-04 | 30 -0.18330 -4.98047e-05
 31  0.06206 -1.61230e-05 | 32  0.05200 -2.89737e-05 | 33  0.09265 -5.86686e-05
 34  0.08742 -1.98261e-05 | 35 -0.00186 -3.05509e-05 | 36  0.05391 -3.94921e-05
 37 -0.12584  3.48251e-05 | 38  0.09949  8.35294e-05 | 39 -0.10206  2.83043e-05
 40  0.00439  6.80887e-05 | 41 -0.10077  6.57720e-05 | 42 -0.15317  5.21588e-05
 43 -0.02334  6.48545e-05 | 44  0.55819  1.17968e-04 | 45 -0.02836  7.70295e-05
 46  0.12564 -1.56629e-05 | 47 -0.01751  9.09436e-05 | 48  0.17616 -1.94620e-05
 49 -0.09857  2.64576e-05 | 50 -0.28618  5.22234e-05 | 51 -0.34770  2.54418e-05
 52 -0.09003 -1.34733e-05 | 53 -0.12857  8.21326e-05 | 54  0.13229  1.48988e-05
 55  0.20046 -7.19464e-05 | 56  0.02703 -5.55855e-06 | 57  0.17928  1.07242e-04
 58  0.26478  2.26095e-05 | 59 -0.01807  1.08105e-04 | 60  0.12863  4.96032e-05
 61 -0.00306  4.92060e-05 | 62 -0.05991  5.51642e-05 | 63 -0.23606  8.90841e-05
 64 -0.15095  4.57139e-05 | 65 -0.05270  5.69203e-05 | 66  0.03361  6.32445e-05
 67 -0.12265  5.57168e-05 | 68  0.00843  6.14541e-05 | 69  0.13318  1.57740e-05
 70  0.00000  0.00000e+00 | 71  0.00000  0.00000e+00 | 72  0.00000  0.00000e+00
 73  0.00000  0.00000e+00 | 74  0.00000  0.00000e+00 | 75  0.00000  0.00000e+00
 76  0.00000  0.00000e+00 | 77  0.00000  0.00000e+00 | 78  0.00000  0.00000e+00
 79  0.00000  0.00000e+00 | 80  0.00000  0.00000e+00 | 81  0.00000  0.00000e+00
 82 -0.27410  2.24710e-05 | 83 -0.11636 -1.14976e-05 | 84  0.17409 -1.56823e-04
 85 -0.17120  2.34455e-04 | 86 -0.26192 -3.37089e-04 | 87 -0.71728  5.25704e-05
 88  0.28746 -1.88528e-05 | 89 -0.15385 -6.75686e-05 | 90  0.23422 -2.99845e-05
 91 -0.14860  8.44006e-05 | 92  0.34083  9.03298e-06 | 93 -0.17007 -1.18553e-04
 94  0.26009  4.81984e-05 | 95 -0.09070 -1.53179e-04 | 96 -0.13920 -7.57142e-05
 97 -0.32345 -1.13602e-05 | 98 -0.11826  5.48325e-06 | 99 -0.05488 -3.33768e-05
100 -0.01263 -7.34176e-05 |101 -0.01129 -2.43137e-06 |102 -0.13116 -2.29468e-05
103  0.46688  7.47412e-05 |104 -0.15085 -7.61093e-05 |105  0.39498  2.19594e-05
106 -0.26498 -1.31716e-04 |107 -0.01547  1.24146e-04 |108 -0.29643 -8.45332e-05
109  0.04193  3.36620e-05 |110 -0.20634  1.04741e-05 |
  ic > imax  in fminim is answer attained ?
Var    Value     Gradient |Var    Value     Gradient |Var    Value     Gradient
  1 -0.20587 -4.50821e-05 |  2 -0.02359  1.09093e-04 |  3 -0.03467  2.93457e-05
  4 -0.00384  5.14774e-05 |  5 -0.39495  3.90445e-05 |  6 -0.00725  7.47726e-05
  7  0.11445  5.10674e-04 |  8 -0.11557  4.77286e-05 |  9  0.15176  6.10639e-05
 10 -0.17257  5.74398e-05 | 11 -0.01275 -6.80767e-05 | 12 -0.42053 -8.11560e-05
 13  0.02997  3.04917e-05 | 14  0.05412 -1.63969e-05 | 15  0.12112 -3.76321e-06
 16  0.01807 -7.20866e-05 | 17 -0.02033  4.84979e-05 | 18  0.04638  5.54642e-05
 19 -0.00259 -1.28188e-05 | 20  0.14741  4.31196e-05 | 21 -0.06507  6.80112e-05
 22 -0.09463  6.63309e-05 | 23 -0.06090  2.71833e-05 | 24  0.10391 -1.22788e-04
 25 -0.04024  9.72768e-06 | 26 -0.16661  9.03498e-06 | 27 -0.22827 -3.17212e-05
 28 -0.16715  2.14568e-05 | 29  0.28645 -1.05296e-05 | 30 -0.18330 -7.19616e-05
 31  0.06206  2.94050e-05 | 32  0.05200 -5.25739e-06 | 33  0.09265 -2.55508e-05
 34  0.08742  2.49238e-06 | 35 -0.00186 -4.27845e-05 | 36  0.05391 -4.25648e-05
 37 -0.12584 -3.25008e-06 | 38  0.09949  5.99696e-05 | 39 -0.10206 -1.66753e-05
 40  0.00439  1.90824e-05 | 41 -0.10077  1.42471e-05 | 42 -0.15317  4.74389e-06
 43 -0.02334  2.06948e-05 | 44  0.55819  1.73011e-04 | 45 -0.02836  3.53566e-05
 46  0.12564 -3.46521e-05 | 47 -0.01751  5.24194e-05 | 48  0.17616 -2.81750e-05
 49 -0.09857 -1.86287e-05 | 50 -0.28618  6.65562e-06 | 51 -0.34770 -1.90820e-05
 52 -0.09003 -6.63808e-05 | 53 -0.12857  2.50091e-05 | 54  0.13229 -5.03276e-05
 55  0.20046 -1.16344e-04 | 56  0.02703 -5.49169e-05 | 57  0.17928  4.46400e-05
 58  0.26478 -3.01135e-05 | 59 -0.01807  5.49355e-05 | 60  0.12863 -1.16751e-05
 61 -0.00306 -7.91917e-06 | 62 -0.05991 -3.91585e-06 | 63 -0.23606  3.86176e-05
 64 -0.15095 -8.08535e-06 | 65 -0.05270 -1.88042e-07 | 66  0.03361  5.88612e-06
 67 -0.12265  6.16549e-06 | 68  0.00843  1.14129e-05 | 69  0.13318 -3.28645e-05
 70  0.00000  0.00000e+00 | 71  0.00000  0.00000e+00 | 72  0.00000  0.00000e+00
 73  0.00000  0.00000e+00 | 74  0.00000  0.00000e+00 | 75  0.00000  0.00000e+00
 76  0.00000  0.00000e+00 | 77  0.00000  0.00000e+00 | 78  0.00000  0.00000e+00
 79  0.00000  0.00000e+00 | 80  0.00000  0.00000e+00 | 81  0.00000  0.00000e+00
 82 -0.27410  1.45488e-05 | 83 -0.11636 -1.31124e-05 | 84  0.17409  3.59177e-05
 85 -0.17120 -7.57389e-05 | 86 -0.26192 -2.78210e-04 | 87 -0.71728  4.44261e-05
 88  0.28746 -3.41786e-05 | 89 -0.15385 -1.19812e-05 | 90  0.23422 -1.87866e-05
 91 -0.14860  6.26348e-05 | 92  0.34083 -3.78595e-05 | 93 -0.17007  6.17201e-06
 94  0.26009  2.43370e-06 | 95 -0.09070  1.54569e-05 | 96 -0.13920 -2.58829e-05
 97 -0.32345 -3.09669e-05 | 98 -0.11826  1.04913e-05 | 99 -0.05488  5.45214e-05
100 -0.01263 -2.18683e-05 |101 -0.01129 -1.56068e-05 |102 -0.13116 -6.34439e-06
103  0.46688  7.33946e-05 |104 -0.15085 -6.82582e-05 |105  0.39498  1.32553e-05
106 -0.26498 -9.30691e-05 |107 -0.01547 -1.34753e-04 |108 -0.29643  1.37116e-04
109  0.04193  4.40353e-05 |110 -0.20634  6.73454e-06 |
Function minimizer not making progress ... is minimum attained?
Minimprove criterion = 0.0000e+00

 - final statistics:
110 variables; iteration 3; function evaluation 34
Function value 2.6203e+03; maximum gradient component mag 5.1067e-04
Exit code = 1;  converg criter 1.0000e-04
Var    Value     Gradient |Var    Value     Gradient |Var    Value     Gradient
  1 -0.20587 -4.50821e-05 |  2 -0.02359  1.09093e-04 |  3 -0.03467  2.93457e-05
  4 -0.00384  5.14774e-05 |  5 -0.39495  3.90445e-05 |  6 -0.00725  7.47726e-05
  7  0.11445  5.10674e-04 |  8 -0.11557  4.77286e-05 |  9  0.15176  6.10639e-05
 10 -0.17257  5.74398e-05 | 11 -0.01275 -6.80767e-05 | 12 -0.42053 -8.11560e-05
 13  0.02997  3.04917e-05 | 14  0.05412 -1.63969e-05 | 15  0.12112 -3.76321e-06
 16  0.01807 -7.20866e-05 | 17 -0.02033  4.84979e-05 | 18  0.04638  5.54642e-05
 19 -0.00259 -1.28188e-05 | 20  0.14741  4.31196e-05 | 21 -0.06507  6.80112e-05
 22 -0.09463  6.63309e-05 | 23 -0.06090  2.71833e-05 | 24  0.10391 -1.22788e-04
 25 -0.04024  9.72768e-06 | 26 -0.16661  9.03498e-06 | 27 -0.22827 -3.17212e-05
 28 -0.16715  2.14568e-05 | 29  0.28645 -1.05296e-05 | 30 -0.18330 -7.19616e-05
 31  0.06206  2.94050e-05 | 32  0.05200 -5.25739e-06 | 33  0.09265 -2.55508e-05
 34  0.08742  2.49238e-06 | 35 -0.00186 -4.27845e-05 | 36  0.05391 -4.25648e-05
 37 -0.12584 -3.25008e-06 | 38  0.09949  5.99696e-05 | 39 -0.10206 -1.66753e-05
 40  0.00439  1.90824e-05 | 41 -0.10077  1.42471e-05 | 42 -0.15317  4.74389e-06
 43 -0.02334  2.06948e-05 | 44  0.55819  1.73011e-04 | 45 -0.02836  3.53566e-05
 46  0.12564 -3.46521e-05 | 47 -0.01751  5.24194e-05 | 48  0.17616 -2.81750e-05
 49 -0.09857 -1.86287e-05 | 50 -0.28618  6.65562e-06 | 51 -0.34770 -1.90820e-05
 52 -0.09003 -6.63808e-05 | 53 -0.12857  2.50091e-05 | 54  0.13229 -5.03276e-05
 55  0.20046 -1.16344e-04 | 56  0.02703 -5.49169e-05 | 57  0.17928  4.46400e-05
 58  0.26478 -3.01135e-05 | 59 -0.01807  5.49355e-05 | 60  0.12863 -1.16751e-05
 61 -0.00306 -7.91917e-06 | 62 -0.05991 -3.91585e-06 | 63 -0.23606  3.86176e-05
 64 -0.15095 -8.08535e-06 | 65 -0.05270 -1.88042e-07 | 66  0.03361  5.88612e-06
 67 -0.12265  6.16549e-06 | 68  0.00843  1.14129e-05 | 69  0.13318 -3.28645e-05
 70  0.00000  0.00000e+00 | 71  0.00000  0.00000e+00 | 72  0.00000  0.00000e+00
 73  0.00000  0.00000e+00 | 74  0.00000  0.00000e+00 | 75  0.00000  0.00000e+00
 76  0.00000  0.00000e+00 | 77  0.00000  0.00000e+00 | 78  0.00000  0.00000e+00
 79  0.00000  0.00000e+00 | 80  0.00000  0.00000e+00 | 81  0.00000  0.00000e+00
 82 -0.27410  1.45488e-05 | 83 -0.11636 -1.31124e-05 | 84  0.17409  3.59177e-05
 85 -0.17120 -7.57389e-05 | 86 -0.26192 -2.78210e-04 | 87 -0.71728  4.44261e-05
 88  0.28746 -3.41786e-05 | 89 -0.15385 -1.19812e-05 | 90  0.23422 -1.87866e-05
 91 -0.14860  6.26348e-05 | 92  0.34083 -3.78595e-05 | 93 -0.17007  6.17201e-06
 94  0.26009  2.43370e-06 | 95 -0.09070  1.54569e-05 | 96 -0.13920 -2.58829e-05
 97 -0.32345 -3.09669e-05 | 98 -0.11826  1.04913e-05 | 99 -0.05488  5.45214e-05
100 -0.01263 -2.18683e-05 |101 -0.01129 -1.56068e-05 |102 -0.13116 -6.34439e-06
103  0.46688  7.33946e-05 |104 -0.15085 -6.82582e-05 |105  0.39498  1.32553e-05
106 -0.26498 -9.30691e-05 |107 -0.01547 -1.34753e-04 |108 -0.29643  1.37116e-04
109  0.04193  4.40353e-05 |110 -0.20634  6.73454e-06 |
size of file gradfil1.tmp = 0
size of file gradfil2.tmp = 0
size of file varssave.tmp = 0
size of file cmpdiff.tmp = 200000008
