
Initial statistics: 3 variables; iteration 0; function evaluation 0; phase 1
Function value 3.9056327e+03; maximum gradient component mag 2.8856e+02
Var    Value     Gradient |Var    Value     Gradient |Var    Value     Gradient
  1  0.02547  2.88555e+02 |  2 -0.12819  8.08389e+00 |  3 -0.21635 -5.54591e+01

 - final statistics:
3 variables; iteration 8; function evaluation 13
Function value 3.8778e+03; maximum gradient component mag 1.6251e+00
Exit code = 1;  converg criter 1.0000e+01
Var    Value     Gradient |Var    Value     Gradient |Var    Value     Gradient
  1 -0.06417  1.62514e+00 |  2 -0.26953  4.58228e-02 |  3  0.08906 -3.08591e-01

Initial statistics: 13 variables; iteration 0; function evaluation 0; phase 2
Function value 3.8778464e+03; maximum gradient component mag 1.3320e+03
Var    Value     Gradient |Var    Value     Gradient |Var    Value     Gradient
  1 -0.26966 -1.49640e+02 |  2  0.00000 -1.00060e+02 |  3 -0.26198 -3.94308e+02
  4 -0.03352 -1.21531e+02 |  5  0.18446  2.15869e+02 |  6 -0.04247 -4.43211e+01
  7  0.33333  1.33199e+03 |  8 -0.53989  9.19201e+01 |  9  0.00000 -1.63105e+02
 10 -0.21635 -4.18028e+01 | 11 -0.06417  1.62514e+00 | 12 -0.26953  4.58228e-02
 13  0.08906 -3.08591e-01 |

Intermediate statistics: 13 variables; iteration 20; function evaluation 29; phase 2
Function value 3.5124030e+03; maximum gradient component mag 2.4041e+01
Var    Value     Gradient |Var    Value     Gradient |Var    Value     Gradient
  1 -0.19806  2.35855e+01 |  2  0.08535  4.46390e+00 |  3 -0.11944  1.27029e+00
  4 -0.02935  7.90370e-01 |  5 -0.44510  3.62115e+00 |  6  0.01882  3.95936e+00
  7  0.14263  2.40411e+01 |  8 -0.30206  3.41728e+00 |  9  0.26317  1.78997e+00
 10 -0.26451  2.94365e+00 | 11  0.12332 -1.18872e+01 | 12 -0.21989  2.46841e-01
 13  0.11926  8.42782e-01 |

 - final statistics:
13 variables; iteration 23; function evaluation 32
Function value 3.5120e+03; maximum gradient component mag 5.1125e+00
Exit code = 1;  converg criter 1.0000e+01
Var    Value     Gradient |Var    Value     Gradient |Var    Value     Gradient
  1 -0.16875  5.11253e+00 |  2  0.08464 -5.72258e-01 |  3 -0.11817 -5.97911e-01
  4 -0.02873  5.48017e-01 |  5 -0.44512  7.55156e-01 |  6  0.00085 -1.37457e-01
  7  0.14318 -3.17426e+00 |  8 -0.31011 -1.33518e+00 |  9  0.26501 -2.24185e-01
 10 -0.27347  7.87038e-01 | 11  0.24575 -2.62605e+00 | 12 -0.19629  1.36234e-01
 13  0.10756  8.69593e-02 |

Initial statistics: 41 variables; iteration 0; function evaluation 0; phase 3
Function value 3.5119834e+03; maximum gradient component mag 1.5665e+03
Var    Value     Gradient |Var    Value     Gradient |Var    Value     Gradient
  1 -0.16875  5.11253e+00 |  2  0.08464 -5.72258e-01 |  3 -0.11817 -5.97911e-01
  4 -0.02873  5.48017e-01 |  5 -0.44512  7.55156e-01 |  6  0.00085 -1.37457e-01
  7  0.14318 -3.17426e+00 |  8 -0.31011 -1.33518e+00 |  9  0.26501 -2.24185e-01
 10 -0.27347  7.87038e-01 | 11  0.24575 -2.62605e+00 | 12 -0.19629  1.36234e-01
 13  0.10756  8.69593e-02 | 14 -0.12294 -3.69470e+02 | 15 -0.31415  1.34861e+02
 16 -0.12294  6.28780e+01 | 17 -0.51552 -3.57870e+01 | 18 -0.40967 -3.17962e+02
 19 -0.33333  1.18726e+02 | 20 -0.11760 -5.49398e+01 | 21 -0.31415  1.90151e+01
 22  0.14414  1.20288e+03 | 23 -1.00000 -8.66316e-08 | 24 -0.32395 -2.12701e+02
 25 -0.40967  8.41381e+01 | 26  0.02302  1.56648e+03 | 27 -0.31415 -1.13892e+03
 28  0.53959  4.15984e-03 | 29  0.62714  1.10008e-02 | 30  0.00000  5.48262e+02
 31 -0.21635 -3.32320e+02 | 32  0.16024  7.24208e+01 | 33 -0.11760  9.71341e+01
 34 -0.10723 -2.12434e+02 | 35 -0.10723  5.19213e-04 | 36 -0.71990 -4.99383e-01
 37  0.62714  8.05054e-03 | 38 -0.12294 -6.25664e+01 | 39 -0.31415  2.12424e+01
 40  0.02302  6.91317e+01 | 41 -0.31415 -5.44945e+01 |

Intermediate statistics: 41 variables; iteration 20; function evaluation 31; phase 3
Function value 3.1117914e+03; maximum gradient component mag 7.5303e+02
Var    Value     Gradient |Var    Value     Gradient |Var    Value     Gradient
  1 -0.06991  4.06951e+02 |  2  0.04760  7.40269e+01 |  3 -0.12943  1.69439e+01
  4 -0.05359 -7.36142e+01 |  5 -0.43703 -2.22287e+01 |  6 -0.03337  9.84536e+01
  7  0.10940  7.53032e+02 |  8 -0.07446  1.32408e+02 |  9 -0.03121  1.20310e+01
 10 -0.02347  7.55828e+00 | 11  0.29541 -7.32245e+01 | 12 -0.20770 -2.36528e-01
 13  0.10476 -4.72080e-02 | 14  0.03774 -1.77670e+02 | 15 -0.20108  1.13509e+02
 16 -0.04957 -9.21747e+00 | 17 -0.20826 -1.61221e+00 | 18 -0.01473 -7.72301e+01
 19 -0.01174  5.55492e+01 | 20  0.30135  1.09311e+01 | 21 -0.07476 -1.37354e+01
 22  0.02466 -2.81798e+01 | 23 -0.97740 -1.89668e+00 | 24  0.18491 -1.27828e+02
 25 -0.07276  1.46463e+02 | 26 -0.25385  6.89556e+01 | 27 -0.62440 -2.69217e+01
 28  0.53938  3.97537e-03 | 29  0.62663  8.22906e-03 | 30  0.17322  1.38918e+02
 31  0.07475 -9.94799e+01 | 32 -0.55359  2.88112e+00 | 33 -0.16483 -7.65874e+00
 34  0.38059 -3.44891e-01 | 35 -0.10715 -1.71793e-03 | 36 -0.71642 -9.68775e-02
 37  0.62692  3.21473e-03 | 38  0.40077 -2.33583e+01 | 39 -0.15378  3.43463e+01
 40 -0.02233 -9.71269e+00 | 41 -0.21786  5.92594e+00 |
41 variables; iteration 40; function evaluation 58; phase 3
Function value 3.0528230e+03; maximum gradient component mag -2.6108e+02
Var    Value     Gradient |Var    Value     Gradient |Var    Value     Gradient
  1 -0.09539  1.16389e+02 |  2  0.05200  1.27156e+01 |  3 -0.12319  3.22286e+01
  4 -0.03094  3.74063e+01 |  5 -0.40898  7.94739e+00 |  6 -0.09175 -4.95796e+00
  7  0.04267 -1.69356e+02 |  8  0.07503 -1.62832e+01 |  9 -0.09029  7.34732e+00
 10  0.04789 -1.79009e+01 | 11  0.18855 -1.88022e+01 | 12 -0.31738 -1.05083e+01
 13 -0.00474 -8.86917e+00 | 14  0.14104  4.96826e-01 | 15 -0.14760 -1.88416e+00
 16  0.41778 -3.53264e-01 | 17  0.26607  4.38716e+00 | 18  0.01724 -6.62656e+01
 19 -0.01329  3.87241e+01 | 20  0.11200 -1.94720e+01 | 21 -0.18806  1.20621e+01
 22  0.07550 -2.61083e+02 | 23 -0.43498  2.06775e+01 | 24  0.22514 -3.50230e+01
 25 -0.12897  1.94288e+01 | 26 -0.27610 -6.79440e+00 | 27 -0.60932 -7.44643e+00
 28  0.52657  3.89182e-03 | 29  0.59752  8.56664e-03 | 30  0.03253  1.71599e+01
 31  0.03377 -5.96713e+00 | 32 -0.14144  5.43869e+00 | 33  1.11809 -2.04721e-01
 34  0.95118  4.33417e-02 | 35 -0.10549 -5.25402e-04 | 36 -0.06412  4.54400e+01
 37  0.61052  4.47769e-03 | 38  0.41103 -5.78226e+00 | 39 -0.17323  6.25097e+00
 40  0.30991  4.88126e+00 | 41 -0.03416 -9.15287e+00 |
41 variables; iteration 60; function evaluation 80; phase 3
Function value 3.0101269e+03; maximum gradient component mag 1.4843e+01
Var    Value     Gradient |Var    Value     Gradient |Var    Value     Gradient
  1 -0.14560 -9.74800e+00 |  2  0.01090  3.80022e+00 |  3 -0.10849  5.56067e+00
  4 -0.04424  1.29961e+00 |  5 -0.41326 -3.64325e+00 |  6 -0.08386  5.06387e-01
  7  0.07839  1.23359e+01 |  8  0.01216  2.81083e+00 |  9 -0.07741 -1.63669e+00
 10  0.00666 -1.05350e+00 | 11  0.07240  7.73710e+00 | 12 -0.27115 -2.02642e-01
 13  0.09413 -1.76797e-01 | 14  0.22571  6.26027e-01 | 15 -0.09596  4.38800e+00
 16  1.31754 -3.56028e-01 | 17  0.23729  5.96839e-01 | 18  0.21841  1.48434e+01
 19  0.15068 -1.44803e+01 | 20  0.18742 -1.04188e+00 | 21 -0.13596  1.09364e+00
 22  0.35710 -9.02251e-01 | 23 -0.02410  4.77029e+00 | 24  0.38902 -1.57128e+00
 25 -0.05182 -3.77084e+00 | 26 -0.17409  1.34082e+01 | 27 -0.35479 -5.44420e+00
 28  0.38677  1.17482e+00 | 29 -0.47414 -2.94801e-03 | 30  0.00272 -3.53416e+00
 31  0.01709  2.73916e-01 | 32 -0.11997 -6.68866e-01 | 33  1.62898  1.39914e-01
 34  1.23369 -1.92771e-02 | 35 -0.09319 -3.54566e-04 | 36 -0.09395 -4.79148e-02
 37  0.36602  2.62898e-03 | 38  0.51824  1.44121e+00 | 39 -0.13654 -2.50491e-01
 40  0.25799 -8.78898e-01 | 41 -0.03369  1.49958e+00 |
41 variables; iteration 80; function evaluation 100; phase 3
Function value 3.0095403e+03; maximum gradient component mag -2.6585e+00
Var    Value     Gradient |Var    Value     Gradient |Var    Value     Gradient
  1 -0.14455  2.77705e-01 |  2  0.01168 -2.31745e+00 |  3 -0.11051 -2.65851e+00
  4 -0.04501 -1.53646e+00 |  5 -0.41142 -1.08659e+00 |  6 -0.08614 -1.00234e+00
  7  0.07776 -4.85960e-01 |  8  0.01289 -7.89316e-01 |  9 -0.07576 -1.30726e+00
 10  0.00715 -2.93447e-01 | 11  0.07282 -1.41857e+00 | 12 -0.26874  6.97557e-02
 13  0.09712  1.12394e-03 | 14  0.21845  1.37640e+00 | 15 -0.10125 -1.82067e+00
 16  1.75314 -2.64447e-01 | 17  0.06562  7.44355e-01 | 18  0.20352  8.35678e-01
 19  0.14357 -2.71806e-01 | 20  0.19728 -1.32620e+00 | 21 -0.12750  2.45289e+00
 22  0.34274 -1.79443e+00 | 23 -0.03964  3.54192e-01 | 24  0.53722  1.85769e+00
 25  0.00281 -1.41705e+00 | 26 -0.17443  5.63659e-01 | 27 -0.35000  6.21691e-01
 28  0.37616 -2.42359e-01 | 29 -0.26123 -9.24205e-02 | 30  0.00903  7.48969e-01
 31  0.02280 -3.62383e-01 | 32 -0.12769  4.16467e-01 | 33  1.46484 -1.39934e-01
 34  1.23011 -1.34802e-02 | 35 -0.06285 -1.87413e-04 | 36 -0.09588 -1.10555e-01
 37 -0.62979 -4.77906e-03 | 38  0.44821 -1.22292e-01 | 39 -0.16797 -1.35969e+00
 40  0.21598 -1.61937e-01 | 41 -0.05888 -6.15710e-01 |
Maximum number of function evaluations exceeded

 - final statistics:
41 variables; iteration 81; function evaluation 100
Function value 3.0095e+03; maximum gradient component mag -2.6585e+00
Exit code = 3;  converg criter 1.0000e+00
Var    Value     Gradient |Var    Value     Gradient |Var    Value     Gradient
  1 -0.14455  2.77705e-01 |  2  0.01168 -2.31745e+00 |  3 -0.11051 -2.65851e+00
  4 -0.04501 -1.53646e+00 |  5 -0.41142 -1.08659e+00 |  6 -0.08614 -1.00234e+00
  7  0.07776 -4.85960e-01 |  8  0.01289 -7.89316e-01 |  9 -0.07576 -1.30726e+00
 10  0.00715 -2.93447e-01 | 11  0.07282 -1.41857e+00 | 12 -0.26874  6.97557e-02
 13  0.09712  1.12394e-03 | 14  0.21845  1.37640e+00 | 15 -0.10125 -1.82067e+00
 16  1.75314 -2.64447e-01 | 17  0.06562  7.44355e-01 | 18  0.20352  8.35678e-01
 19  0.14357 -2.71806e-01 | 20  0.19728 -1.32620e+00 | 21 -0.12750  2.45289e+00
 22  0.34274 -1.79443e+00 | 23 -0.03964  3.54192e-01 | 24  0.53722  1.85769e+00
 25  0.00281 -1.41705e+00 | 26 -0.17443  5.63659e-01 | 27 -0.35000  6.21691e-01
 28  0.37616 -2.42359e-01 | 29 -0.26123 -9.24205e-02 | 30  0.00903  7.48969e-01
 31  0.02280 -3.62383e-01 | 32 -0.12769  4.16467e-01 | 33  1.46484 -1.39934e-01
 34  1.23011 -1.34802e-02 | 35 -0.06285 -1.87413e-04 | 36 -0.09588 -1.10555e-01
 37 -0.62979 -4.77906e-03 | 38  0.44821 -1.22292e-01 | 39 -0.16797 -1.35969e+00
 40  0.21598 -1.61937e-01 | 41 -0.05888 -6.15710e-01 |

Initial statistics: 131 variables; iteration 0; function evaluation 0; phase 4
Function value 3.0095403e+03; maximum gradient component mag -8.7834e+02
Var    Value     Gradient |Var    Value     Gradient |Var    Value     Gradient
  1 -0.14455  2.77705e-01 |  2  0.01168 -2.31745e+00 |  3 -0.11051 -2.65851e+00
  4 -0.04501 -1.53646e+00 |  5 -0.41142 -1.08659e+00 |  6 -0.08614 -1.00234e+00
  7  0.07776 -4.85960e-01 |  8  0.01289 -7.89316e-01 |  9 -0.07576 -1.30726e+00
 10  0.00715 -2.93447e-01 | 11  0.07282 -1.41857e+00 | 12  0.00000 -5.23887e-01
 13  0.00000 -5.91315e-01 | 14  0.00000 -6.67092e-01 | 15  0.00000 -7.52253e-01
 16  0.00000 -8.47796e-01 | 17  0.00000 -9.55280e-01 | 18  0.00000 -1.07656e+00
 19  0.00000 -1.21309e+00 | 20  0.00000 -1.36632e+00 | 21  0.00000 -1.53989e+00
 22  0.00000 -1.72846e+00 | 23  0.00000 -1.93399e+00 | 24  0.00000 -2.15619e+00
 25  0.00000 -2.39169e+00 | 26  0.00000 -2.63282e+00 | 27  0.00000 -2.86205e+00
 28  0.00000 -3.07657e+00 | 29  0.00000 -3.26992e+00 | 30  0.00000 -3.42131e+00
 31  0.00000 -3.54246e+00 | 32  0.00000 -3.72086e+00 | 33  0.00000 -4.16272e+00
 34  0.00000 -5.10682e+00 | 35  0.00000 -6.57135e+00 | 36  0.00000 -8.08345e+00
 37  0.00000 -8.81405e+00 | 38  0.00000 -7.68685e+00 | 39  0.00000 -3.77602e+00
 40  0.00000  2.45382e+00 | 41  0.00000  8.41829e+00 | 42  0.00000  8.75898e+00
 43  0.00000  4.79779e+00 | 44  0.00000 -2.86405e+00 | 45  0.00000 -8.33853e+00
 46  0.00000 -1.50830e+01 | 47  0.00000 -2.62895e+01 | 48  0.00000 -3.08259e+01
 49  0.00000 -4.83918e+01 | 50  0.00000 -9.36636e+01 | 51  0.00000 -1.25546e+02
 52  0.00000 -1.52489e+02 | 53  0.00000 -2.14734e+01 | 54  0.00000  1.21935e+02
 55  0.00000  9.23614e+01 | 56  0.00000 -7.92479e+01 | 57  0.00000  1.00338e+02
 58  0.00000  3.20064e+02 | 59  0.00000  4.22256e+02 | 60  0.00000  6.92373e+00
 61  0.00000 -6.92513e+02 | 62  0.00000 -3.35592e+01 | 63  0.00000  4.40258e+01
 64  0.00000  5.44769e+01 | 65  0.00000 -5.06203e-01 | 66  0.00000 -1.13583e+01
 67  0.00000  5.02444e+01 | 68  0.00000  4.19109e+01 | 69  0.00000  1.05428e+02
 70  0.00000  3.38187e+01 | 71  0.00000  1.71059e+02 | 72  0.00000  1.72200e+02
 73  0.00000  2.30088e+02 | 74  0.00000  1.78207e+02 | 75  0.00000 -2.88134e+02
 76  0.00000 -8.78337e+02 | 77  0.00000 -1.67742e+02 | 78  0.00000  3.37059e+01
 79  0.00000  1.18842e+02 | 80  0.00000 -6.09834e+01 | 81  0.00000  2.12753e+02
 82  0.00000  3.25683e+02 | 83  0.00000  3.50180e+02 | 84  0.00000  2.28293e+02
 85  0.00000  1.74701e+02 | 86  0.00000 -1.93821e+02 | 87  0.00000 -3.49036e+02
 88  0.00000 -3.30066e+01 | 89  0.00000 -1.72712e+02 | 90  0.00000 -4.74970e+02
 91  0.00000  2.30687e+01 | 92  0.00000  3.38953e+01 | 93  0.00000  6.36534e+00
 94  0.00000  8.68024e+01 | 95  0.00000  1.44791e+02 | 96  0.00000  1.02020e+02
 97  0.00000  1.29192e+01 | 98  0.00000 -6.66247e+01 | 99  0.00000  3.60963e+01
100  0.00000 -8.84519e+00 |101  0.00000 -1.26481e+01 |102 -0.26874  6.97557e-02
103  0.09712  1.12394e-03 |104  0.21845  1.37640e+00 |105 -0.10125 -1.82067e+00
106  0.24686  2.64447e-01 |107  0.06562  7.44355e-01 |108  0.20352  8.35678e-01
109  0.14357 -2.71806e-01 |110  0.19728 -1.32620e+00 |111 -0.12750  2.45289e+00
112  0.34274 -1.79443e+00 |113 -0.03964  3.54192e-01 |114  0.53722  1.85769e+00
115  0.00281 -1.41705e+00 |116 -0.17443  5.63659e-01 |117 -0.35000  6.21691e-01
118  0.37616 -2.42359e-01 |119 -0.26123 -9.24205e-02 |120  0.00903  7.48969e-01
121  0.02280 -3.62383e-01 |122 -0.12769  4.16467e-01 |123  0.53516  1.39934e-01
124  0.76989  1.34802e-02 |125 -0.06285 -1.87413e-04 |126 -0.09588 -1.10555e-01
127 -0.62979 -4.77906e-03 |128  0.44821 -1.22292e-01 |129 -0.16797 -1.35969e+00
130  0.21598 -1.61937e-01 |131 -0.05888 -6.15710e-01 |

Intermediate statistics: 131 variables; iteration 20; function evaluation 33; phase 4
Function value 2.4474135e+03; maximum gradient component mag -2.5193e+02
Var    Value     Gradient |Var    Value     Gradient |Var    Value     Gradient
  1 -0.10704 -7.08718e+01 |  2 -0.01651 -2.91063e+01 |  3 -0.07161 -1.48613e+01
  4  0.00373  6.44518e+00 |  5 -0.39440 -1.67086e+01 |  6 -0.08692 -2.05513e+01
  7  0.07538 -2.51935e+02 |  8 -0.01301 -5.84673e+01 |  9 -0.06849 -1.28607e+01
 10 -0.01412 -2.55059e+01 | 11 -0.02702  9.57199e+01 | 12  0.00927  1.78498e-01
 13  0.01046  1.98993e-01 | 14  0.01180  2.22283e-01 | 15  0.01330  2.48923e-01
 16  0.01500  2.79673e-01 | 17  0.01693  3.15481e-01 | 18  0.01919  3.57309e-01
 19  0.02185  4.05366e-01 | 20  0.02504  4.58710e-01 | 21  0.02887  5.14342e-01
 22  0.03341  5.66532e-01 | 23  0.03878  6.06852e-01 | 24  0.04519  6.24488e-01
 25  0.05259  6.04458e-01 | 26  0.06064  5.35942e-01 | 27  0.06828  4.33930e-01
 28  0.07403  3.59958e-01 | 29  0.07595  4.15726e-01 | 30  0.07250  6.69399e-01
 31  0.06420  1.04073e+00 | 32  0.05451  1.39103e+00 | 33  0.04835  1.72026e+00
 34  0.05042  2.16004e+00 | 35  0.06415  2.77726e+00 | 36  0.08796  3.33254e+00
 37  0.10971  3.53706e+00 | 38  0.10407  3.91367e+00 | 39  0.06209  3.84551e+00
 40  0.01579  2.48488e+00 | 41 -0.01038  1.55916e+00 | 42 -0.00565 -8.09724e-01
 43  0.02192  3.43237e-01 | 44  0.08515  2.18641e+00 | 45  0.08565  3.42582e+00
 46  0.05825  3.34866e+00 | 47  0.11584  4.52530e+00 | 48  0.04478  1.29609e+00
 49 -0.00224 -3.25020e-01 | 50  0.15252  6.70027e+00 | 51 -0.10447 -1.32367e+01
 52  0.16343 -2.29429e+01 | 53 -0.02881 -5.41382e+00 | 54  0.00926  1.12845e+01
 55 -0.01276  1.24582e+01 | 56  0.11353  5.14935e+00 | 57  0.01050  1.68303e+01
 58 -0.05602  3.00973e+01 | 59 -0.11702  3.44895e+01 | 60 -0.17111  8.88848e-01
 61  0.19842  7.63574e+01 | 62 -0.11078  6.38360e+00 | 63  0.03683  6.07194e+00
 64  0.00853  8.57476e+00 | 65  0.02883  1.00147e+01 | 66  0.02481  1.12763e+01
 67 -0.02757  1.53340e+01 | 68  0.01414  1.29918e+01 | 69 -0.07650  1.45740e+01
 70  0.02707 -7.34165e-03 | 71 -0.08618  9.87148e+00 | 72 -0.03552  4.72808e+00
 73 -0.09847  7.20014e+00 | 74 -0.08862 -5.55914e-01 | 75 -0.15404 -1.78724e+01
 76  0.29301  1.23255e+02 | 77 -0.19815 -1.51309e+01 | 78  0.02328 -1.23252e+01
 79 -0.02191 -7.41237e+00 | 80  0.08996 -3.12846e+01 | 81 -0.06859  1.39514e-02
 82 -0.15348  1.47039e+01 | 83 -0.17114  1.82113e+01 | 84 -0.05223  7.59107e+00
 85 -0.05592  4.92103e+00 | 86  0.08921 -9.71931e+00 | 87  0.15377 -5.50315e-01
 88  0.00002 -6.80683e+00 | 89  0.04790 -2.39525e+01 | 90  0.18246 -1.04440e+02
 91 -0.07064 -9.82850e+00 | 92  0.02215 -2.05147e+00 | 93  0.05093 -2.63042e+00
 94 -0.03390 -1.91834e+00 | 95 -0.12424  1.95433e+00 | 96 -0.09642 -6.11327e-01
 97  0.00397 -3.09101e+00 | 98  0.04150 -1.01305e+01 | 99 -0.06835 -5.09147e+00
100  0.02053 -5.51899e+00 |101  0.08750 -1.51593e+00 |102 -0.29777 -1.38746e+00
103 -0.06541  8.84002e-01 |104  0.17545 -7.38221e+01 |105 -0.09125  1.23769e+02
106  0.20609  4.08665e-01 |107  0.08714  1.12346e+00 |108  0.12066 -3.25844e+00
109  0.08535  5.56213e+00 |110  0.22314  8.10003e-01 |111 -0.10673 -1.47233e+00
112  0.32465  2.30795e+01 |113 -0.04543 -1.98061e+01 |114  0.44002  4.23528e+00
115  0.01186  5.44915e+00 |116 -0.18806 -1.17976e+01 |117 -0.38081  3.55444e+00
118  0.28639 -3.54226e+00 |119 -0.25861 -7.56256e-01 |120  0.00024 -9.21220e-01
121  0.00174  3.08961e-01 |122 -0.12439 -2.77899e-01 |123  0.51017  1.17883e+00
124  0.77039 -2.49929e-02 |125 -0.06286  4.03148e-04 |126 -0.08766 -1.39528e+00
127 -0.62969 -4.77716e-03 |128  0.47419  5.48797e-01 |129 -0.15605 -1.86549e+00
130  0.15848  1.35110e+00 |131 -0.08699  4.02947e+00 |
131 variables; iteration 40; function evaluation 55; phase 4
Function value 2.4426907e+03; maximum gradient component mag -2.0316e+02
Var    Value     Gradient |Var    Value     Gradient |Var    Value     Gradient
  1 -0.13794 -5.75802e+01 |  2 -0.00381 -3.97206e+01 |  3 -0.08238 -2.61014e+01
  4  0.01220  1.81228e+00 |  5 -0.40257 -1.26624e+01 |  6 -0.05385 -1.42434e+01
  7  0.07681 -2.03164e+02 |  8 -0.01126 -4.78780e+01 |  9 -0.08349 -1.76147e+01
 10 -0.00914 -2.15401e+01 | 11 -0.04913  1.09991e+02 | 12  0.00831  1.85861e-01
 13  0.00937  2.09122e-01 | 14  0.01056  2.34512e-01 | 15  0.01185  2.61438e-01
 16  0.01326  2.89164e-01 | 17  0.01479  3.17127e-01 | 18  0.01647  3.45413e-01
 19  0.01833  3.74221e-01 | 20  0.02045  4.05071e-01 | 21  0.02296  4.41718e-01
 22  0.02599  4.90271e-01 | 23  0.02988  5.64131e-01 | 24  0.03530  6.92307e-01
 25  0.04327  9.24675e-01 | 26  0.05566  1.34268e+00 | 27  0.07422  1.97249e+00
 28  0.09548  2.55977e+00 | 29  0.10053  2.64623e+00 | 30  0.07743  2.00200e+00
 31  0.05084  1.03039e+00 | 32  0.03461  4.08960e-01 | 33  0.02654  8.58657e-02
 34  0.02581 -6.89729e-02 | 35  0.03447 -4.27711e-02 | 36  0.05911  3.95266e-01
 37  0.12318  9.66806e-01 | 38  0.08241  1.08062e+00 | 39  0.03303  7.99364e-01
 40  0.00708  1.39262e+00 | 41 -0.00500  2.39659e+00 | 42 -0.00446 -1.97613e+00
 43  0.02145 -1.01671e+00 | 44  0.08859  2.78265e-01 | 45  0.07454 -1.33297e+00
 46  0.03482 -3.56256e+00 | 47  0.10803 -4.29268e+00 | 48  0.05037 -3.74103e+00
 49  0.00291 -5.64529e+00 | 50  0.13786 -2.07320e+01 | 51 -0.08626 -1.64811e+01
 52  0.15370 -3.08844e+01 | 53  0.00525  2.52483e+00 | 54 -0.00537  1.27692e+01
 55 -0.00916  1.97051e+01 | 56  0.11056  2.46406e+01 | 57  0.00745  2.59418e+01
 58 -0.04998  4.14190e+01 | 59 -0.11434  3.79434e+01 | 60 -0.19139 -5.84026e+00
 61  0.19697  8.00160e+01 | 62 -0.12544  8.98015e-01 | 63  0.03733  9.03218e+00
 64  0.00676  1.09315e+01 | 65  0.02986  1.44745e+01 | 66  0.02179  1.07435e+01
 67 -0.02621  1.87888e+01 | 68  0.01575  2.21264e+01 | 69 -0.08013  1.25465e+01
 70  0.02170 -1.38608e+01 | 71 -0.09342  3.17532e+00 | 72 -0.03617  1.43987e+00
 73 -0.11202  5.63855e-01 | 74 -0.09193 -1.71935e+00 | 75 -0.14763 -1.79515e+01
 76  0.29248  1.20585e+02 | 77 -0.18374 -1.46518e+01 | 78  0.02707 -8.03193e+00
 79 -0.02732 -1.42324e+01 | 80  0.08706 -4.27381e+01 | 81 -0.06878 -2.56664e+00
 82 -0.15817  1.10150e+01 | 83 -0.17905  1.46065e+01 | 84 -0.05795  3.27116e+00
 85 -0.05260  7.10679e+00 | 86  0.08770 -1.84271e+01 | 87  0.15017 -2.80809e+01
 88  0.00032 -1.02002e+01 | 89  0.05242 -1.90906e+01 | 90  0.18584 -8.66236e+01
 91 -0.05139  3.95892e-01 | 92  0.02526 -1.22447e+00 | 93  0.05491  3.90824e+00
 94 -0.01766  8.50420e+00 | 95 -0.12146  8.72702e-01 | 96 -0.10164 -4.47695e+00
 97  0.01109  5.99216e-01 | 98  0.04147 -2.07074e+01 | 99 -0.06027 -6.55441e+00
100  0.05138  8.68484e-01 |101  0.07201 -9.45153e+00 |102 -0.30823 -1.76783e+00
103 -0.12889 -3.96029e+00 |104  0.16702 -4.80776e+01 |105 -0.09927  8.48462e+01
106  0.05568 -3.36371e+00 |107 -0.05054  5.86756e-01 |108  0.07918 -2.30752e+01
109  0.06077  2.07772e+01 |110  0.40491  6.81996e-01 |111 -0.01098  2.17209e+00
112  0.30952  1.28152e+01 |113 -0.05206 -1.25056e+01 |114  0.27389 -1.38705e+00
115 -0.05717  5.12869e+00 |116 -0.17955  2.43702e+01 |117 -0.38002 -8.57897e+00
118  0.18147  8.36568e+00 |119 -0.07872  2.68348e+00 |120 -0.01414 -5.28628e+00
121 -0.01188  1.15255e+00 |122 -0.10297 -1.64962e-01 |123  0.05844 -3.54051e+00
124  0.77682  1.14478e-02 |125 -0.07151 -5.24284e-02 |126 -0.08773  1.25553e+00
127 -0.62822 -4.78980e-03 |128  0.55421 -1.74580e+00 |129 -0.11322  1.03120e+01
130 -0.25431 -2.35246e+01 |131 -0.62149  3.50281e+00 |
131 variables; iteration 60; function evaluation 75; phase 4
Function value 2.4346789e+03; maximum gradient component mag 1.1070e+02
Var    Value     Gradient |Var    Value     Gradient |Var    Value     Gradient
  1 -0.18436 -9.29043e+01 |  2 -0.01042  3.33614e+01 |  3 -0.06722  2.80399e+01
  4  0.00026  1.24643e+01 |  5 -0.39354  1.66921e+01 |  6 -0.02724 -1.22583e+01
  7  0.08631  1.08882e+02 |  8 -0.01368  2.36146e+01 |  9 -0.07072  3.83383e+00
 10 -0.00923  5.81690e+00 | 11 -0.08747  1.10699e+02 | 12  0.00938  2.03163e-01
 13  0.01048  2.24216e-01 | 14  0.01170  2.47226e-01 | 15  0.01307  2.72143e-01
 16  0.01460  2.98758e-01 | 17  0.01633  3.26439e-01 | 18  0.01829  3.53201e-01
 19  0.02049  3.74746e-01 | 20  0.02289  3.84229e-01 | 21  0.02544  3.72213e-01
 22  0.02797  3.31523e-01 | 23  0.03036  2.53369e-01 | 24  0.03251  1.33289e-01
 25  0.03441 -1.23502e-02 | 26  0.03676 -1.16695e-01 | 27  0.04060 -7.90086e-02
 28  0.04339  6.23329e-03 | 29  0.04197  2.90801e-02 | 30  0.03693  4.39980e-02
 31  0.03178  1.90207e-01 | 32  0.03129  6.60524e-01 | 33  0.03282  1.07515e+00
 34  0.03657  1.14280e+00 | 35  0.04195  6.29097e-01 | 36  0.04693 -3.09770e-01
 37  0.03731 -1.41565e+00 | 38  0.04140 -3.91329e-01 | 39  0.03083  2.03734e+00
 40  0.01724  5.18606e+00 | 41  0.00553  7.45416e+00 | 42  0.01031  1.04224e+00
 43  0.02757  1.20683e+00 | 44  0.06131  4.91632e-01 | 45  0.06186 -7.97950e-01
 46  0.04859 -1.79798e+00 | 47  0.07904 -1.13243e+00 | 48  0.05623  3.85829e+00
 49  0.02593  5.55794e+00 | 50  0.11440  2.00811e+01 | 51  0.03576  9.31411e+00
 52  0.13758  1.72966e+01 | 53  0.01854  9.41226e+00 | 54 -0.02610 -2.41329e-01
 55 -0.01947  1.96844e+00 | 56  0.09949 -1.56156e+01 | 57  0.00207  1.10052e+01
 58 -0.06469  2.42202e+01 | 59 -0.14174  1.81646e+01 | 60 -0.19462 -1.04822e+01
 61  0.18451 -3.37010e+00 | 62 -0.13279 -5.73530e+00 | 63  0.03075 -9.11934e-01
 64 -0.00397 -4.15376e+00 | 65  0.01858 -6.69281e+00 | 66  0.01983  9.25742e-01
 67 -0.03733  4.51954e+00 | 68  0.01119  5.49258e+00 | 69 -0.10324  1.25742e+00
 70  0.02849  1.03910e+01 | 71 -0.10910 -2.78714e+00 | 72 -0.04135 -8.87019e-01
 73 -0.11863 -2.72611e+00 | 74 -0.09220 -5.70483e+00 | 75 -0.17936 -2.63109e+01
 76  0.28387  8.19623e+00 | 77 -0.15920 -1.43924e+01 | 78  0.02993 -4.10625e+00
 79 -0.01710 -5.74745e+00 | 80  0.09009 -2.72378e+01 | 81 -0.06742 -8.46510e-01
 82 -0.16460  5.28633e+00 | 83 -0.18991  5.42602e+00 | 84 -0.05497  8.37143e+00
 85 -0.05278  3.32792e+00 | 86  0.08110 -3.94244e+01 | 87  0.14310 -5.74287e+01
 88  0.01122 -1.89726e+00 | 89  0.05257 -9.88944e+00 | 90  0.19663 -3.40238e+00
 91 -0.05585 -3.18925e+00 | 92  0.03310  4.34369e+00 | 93  0.05703 -4.02810e+00
 94 -0.01825 -2.14368e-01 | 95 -0.11379 -1.61065e+00 | 96 -0.08370 -3.84868e+00
 97  0.02718  2.65801e+00 | 98  0.06177 -1.15708e+01 | 99 -0.03903 -4.73559e+00
100  0.05921 -1.97751e+00 |101  0.08131 -1.05777e+01 |102 -0.26820  1.48349e+00
103 -0.08133  2.55583e+00 |104  0.14782  2.27303e+01 |105 -0.13272 -3.53289e+01
106  0.10935  1.56214e+00 |107 -0.01262 -1.75797e+00 |108  0.09333 -8.69977e+00
109  0.08006  9.90354e+00 |110  0.37382  2.83336e+00 |111 -0.02594 -3.30089e+00
112  0.32484 -3.76454e+00 |113 -0.02422  7.99389e+00 |114  0.30023  4.97556e+00
115 -0.04196 -3.56366e+00 |116 -0.17428  3.36913e+01 |117 -0.37079 -9.97373e+00
118  0.16227  1.13807e+01 |119 -0.07269  7.56314e+00 |120 -0.00141  1.12228e+01
121 -0.00766 -5.43128e+00 |122 -0.12555  2.47777e+00 |123  0.07245 -1.30439e+00
124  0.79837  1.11119e-02 |125 -0.12113 -8.42173e-02 |126 -0.08610  6.91415e-01
127 -0.62183 -4.76385e-03 |128  0.47518 -4.25976e+00 |129 -0.14395  9.80622e+00
130 -0.18997 -3.95139e+00 |131 -0.50608  3.13676e-01 |
131 variables; iteration 80; function evaluation 96; phase 4
Function value 2.4312239e+03; maximum gradient component mag -1.3219e+02
Var    Value     Gradient |Var    Value     Gradient |Var    Value     Gradient
  1 -0.20574 -1.32187e+02 |  2 -0.00193  2.08491e+01 |  3 -0.07248  1.94647e+01
  4  0.01026  1.20727e+01 |  5 -0.41083  2.72638e+00 |  6 -0.00381 -5.14593e+00
  7  0.08606  6.78223e+01 |  8 -0.01943  8.95047e+00 |  9 -0.07228  3.40230e+00
 10  0.00571  7.12868e+00 | 11 -0.12420  1.28128e+02 | 12  0.00750  2.49363e-01
 13  0.00843  2.82819e-01 | 14  0.00943  3.17786e-01 | 15  0.01049  3.52241e-01
 16  0.01159  3.83496e-01 | 17  0.01270  4.07919e-01 | 18  0.01379  4.21267e-01
 19  0.01486  4.20011e-01 | 20  0.01592  4.05151e-01 | 21  0.01715  3.86315e-01
 22  0.01884  3.91863e-01 | 23  0.02167  4.70390e-01 | 24  0.02658  6.91510e-01
 25  0.03410  1.09239e+00 | 26  0.04328  1.62229e+00 | 27  0.05210  2.19914e+00
 28  0.05768  2.71629e+00 | 29  0.05915  3.19654e+00 | 30  0.05567  3.60781e+00
 31  0.04043  3.24141e+00 | 32  0.03075  3.25707e+00 | 33  0.03023  3.93871e+00
 34  0.03500  4.80141e+00 | 35  0.04381  5.60909e+00 | 36  0.05951  6.83749e+00
 37  0.09311  1.02713e+01 | 38  0.07068  9.26408e+00 | 39  0.04474  9.11503e+00
 40  0.00932  7.40182e+00 | 41 -0.01365  6.15859e+00 | 42 -0.00659  9.25758e-01
 43  0.02004  2.48464e+00 | 44  0.05933  3.43124e+00 | 45  0.06664  4.54343e+00
 46  0.05533  5.23312e+00 | 47  0.08883  8.77833e+00 | 48  0.06360  9.67979e+00
 49  0.03220  4.97567e+00 | 50  0.10843  5.10810e-02 | 51  0.03214 -1.90947e+00
 52  0.14141 -8.99517e+00 | 53  0.00944  4.49780e+00 | 54  0.00007  1.39928e+01
 55 -0.02504  1.07463e+01 | 56  0.11461  2.90829e+01 | 57  0.00020  8.80085e+00
 58 -0.07144  1.25088e+01 | 59 -0.13029  2.12561e+01 | 60 -0.18766 -7.62262e+00
 61  0.19258  1.28097e+01 | 62 -0.13269 -4.62531e+00 | 63  0.03751  8.70658e+00
 64  0.01177  1.57762e+01 | 65  0.02484  7.37832e-01 | 66  0.02224 -4.16337e+00
 67 -0.03574  4.93374e-01 | 68  0.01252 -1.91138e+00 | 69 -0.10221 -4.66226e-01
 70  0.02389 -5.08642e+00 | 71 -0.09842  1.77597e+00 | 72 -0.04961 -8.09394e+00
 73 -0.12036 -3.59188e+00 | 74 -0.09472 -5.01758e+00 | 75 -0.14942 -2.16151e+01
 76  0.28516 -1.93913e+01 | 77 -0.17871 -1.60957e+01 | 78  0.03932  6.95468e+00
 79 -0.01112  2.19772e+00 | 80  0.09984 -9.00853e-01 | 81 -0.06745 -1.66236e+00
 82 -0.16890  3.23003e+00 | 83 -0.20107  1.87385e+00 | 84 -0.06563 -8.57849e+00
 85 -0.06435 -7.26839e+00 | 86  0.09208 -1.04360e+01 | 87  0.15343 -1.30012e+01
 88  0.00414 -6.39858e+00 | 89  0.05532 -6.75194e+00 | 90  0.20108  1.20253e+01
 91 -0.05155  3.79686e-01 | 92  0.02186 -1.45575e+01 | 93  0.05909 -4.14938e+00
 94 -0.02454 -5.17902e+00 | 95 -0.13021 -6.61787e+00 | 96 -0.09556 -7.31160e+00
 97  0.01475 -6.16601e+00 | 98  0.06025 -1.32428e+00 | 99 -0.05875 -9.94402e+00
100  0.03785 -6.25132e+00 |101  0.08338 -7.48470e+00 |102 -0.28642 -6.89090e-01
103 -0.10071  1.01886e+00 |104  0.15183  2.84679e+01 |105 -0.12618 -3.51912e+01
106  0.05761 -1.58397e+00 |107 -0.03259 -2.55198e-01 |108  0.06141 -3.80697e+00
109  0.05110  1.99590e+00 |110  0.27954 -2.59891e+00 |111 -0.04948  8.86439e+00
112  0.29756 -5.25920e+00 |113 -0.05379 -9.76880e-01 |114  0.25156  5.90379e+00
115 -0.06022 -7.18760e+00 |116 -0.17479  2.31732e+01 |117 -0.37929 -1.05599e+01
118  0.05147  1.04554e+01 |119 -0.05655  5.82344e+00 |120 -0.00811  2.72597e+00
121 -0.00408  1.17172e+00 |122 -0.12000  1.73469e+00 |123  0.12926  8.21831e+00
124  0.80323  6.64314e-03 |125 -0.17942  3.36836e+00 |126 -0.07407  3.64208e+00
127 -0.61268 -4.43002e-03 |128  0.45840 -7.11919e-02 |129 -0.15547 -8.21795e-02
130 -0.20639 -2.01345e+00 |131 -0.57900 -3.88435e-01 |
131 variables; iteration 100; function evaluation 120; phase 4
Function value 2.4284105e+03; maximum gradient component mag -5.3447e+01
Var    Value     Gradient |Var    Value     Gradient |Var    Value     Gradient
  1 -0.23338 -5.34473e+01 |  2  0.00783  6.39531e-01 |  3 -0.08612 -9.46858e-01
  4  0.01774  1.02318e+01 |  5 -0.41375 -6.08881e-01 |  6  0.01297 -4.89571e+00
  7  0.08294  1.28495e+00 |  8 -0.00452  1.10301e+00 |  9 -0.08243 -2.26079e+00
 10  0.00193 -1.05547e+00 | 11 -0.16008  4.20850e+01 | 12  0.00886  3.15846e-01
 13  0.01010  3.72642e-01 | 14  0.01161  4.46550e-01 | 15  0.01345  5.41759e-01
 16  0.01570  6.61727e-01 | 17  0.01841  8.08447e-01 | 18  0.02160  9.79299e-01
 19  0.02513  1.15941e+00 | 20  0.02860  1.31587e+00 | 21  0.03135  1.39456e+00
 22  0.03230  1.32691e+00 | 23  0.03038  1.04245e+00 | 24  0.02531  5.34389e-01
 25  0.02094  9.55353e-02 | 26  0.02697  4.30387e-01 | 27  0.04678  1.74023e+00
 28  0.05639  2.43086e+00 | 29  0.04573  1.93595e+00 | 30  0.03231  1.32974e+00
 31  0.02779  1.44325e+00 | 32  0.03335  2.39819e+00 | 33  0.02571  2.08243e+00
 34  0.02008  1.51688e+00 | 35  0.02994  1.76891e+00 | 36  0.05770  2.89856e+00
 37  0.07408  3.28976e+00 | 38  0.06223  3.44708e+00 | 39  0.01850  2.41047e+00
 40  0.01716  5.54745e+00 | 41  0.00430  6.45124e+00 | 42  0.01207  5.44285e+00
 43 -0.00828 -4.29839e-01 | 44  0.05346  7.25932e-01 | 45  0.07035  1.92774e+00
 46  0.04355  2.50540e+00 | 47  0.09914  6.70103e+00 | 48  0.05215  6.97900e+00
 49  0.04713  7.43197e+00 | 50  0.09919 -2.18749e+00 | 51  0.05144  3.68663e+00
 52  0.14174 -6.16708e+00 | 53  0.01792  7.02800e+00 | 54 -0.00865  8.86860e+00
 55 -0.01428  1.21252e+01 | 56  0.11339  7.23246e+00 | 57  0.00847  9.28756e+00
 58 -0.06980  1.05550e+01 | 59 -0.15188  9.73330e+00 | 60 -0.17377 -2.35974e+00
 61  0.19690 -1.18916e+01 | 62 -0.12995 -2.06247e+00 | 63  0.04077  3.88000e-01
 64  0.01145  8.44656e+00 | 65  0.03002  1.67679e+00 | 66  0.02559 -5.23478e+00
 67 -0.04020 -3.34100e+00 | 68  0.01611 -3.60566e+00 | 69 -0.10927  2.21836e-01
 70  0.02701 -1.98987e+00 | 71 -0.11253 -1.61559e+00 | 72 -0.04958 -3.52652e+00
 73 -0.11106  6.73103e+00 | 74 -0.08522  7.17337e+00 | 75 -0.14140 -1.52487e+01
 76  0.28923 -9.44316e+00 | 77 -0.15873 -9.43150e+00 | 78  0.03372 -3.26884e+00
 79 -0.00668  5.33377e+00 | 80  0.10401  2.86328e+00 | 81 -0.06341  4.44582e+00
 82 -0.19210 -3.80750e+00 | 83 -0.21031  3.16633e+00 | 84 -0.06882 -6.14296e+00
 85 -0.07167 -5.98979e+00 | 86  0.09287  5.32518e+00 | 87  0.15567  1.84026e+01
 88 -0.00384 -5.92177e+00 | 89  0.05227 -6.00596e+00 | 90  0.19955  1.20369e+01
 91 -0.06540 -5.26180e+00 | 92  0.02189 -8.39094e+00 | 93  0.05897  1.57024e+00
 94 -0.03083 -4.92442e+00 | 95 -0.13011 -1.95315e+00 | 96 -0.08878  1.00307e+00
 97  0.00611 -6.29280e+00 | 98  0.05601  7.06784e-01 | 99 -0.05775 -4.48721e+00
100  0.03483 -2.93949e+00 |101  0.09673 -1.31023e+00 |102 -0.27908 -1.79583e-01
103 -0.12696 -1.07992e+00 |104  0.14467 -2.38065e+00 |105 -0.12621 -1.82227e+00
106  0.06009 -1.69499e+00 |107 -0.02106 -7.67555e-03 |108  0.06996  6.42456e+00
109  0.05784 -5.65970e+00 |110  0.20501 -9.47932e+00 |111 -0.07858  1.55590e+01
112  0.31704  8.25174e+00 |113 -0.03650 -5.58111e+00 |114  0.21761 -2.10668e+00
115 -0.07431 -5.78943e-01 |116 -0.15059  8.67851e+00 |117 -0.33537  1.26457e-01
118 -0.08303  6.61919e+00 |119 -0.05169  1.01140e+01 |120 -0.01144 -1.52991e+00
121 -0.00113  3.45520e+00 |122 -0.11882  4.36791e-01 |123  0.05889  6.59849e+00
124  0.80567  6.18368e-03 |125 -0.11355  5.79675e+00 |126 -0.07892 -7.86811e-01
127 -0.59674 -3.68592e-03 |128  0.42692 -3.00552e+00 |129 -0.17146  1.34362e+00
130 -0.20844 -6.03579e+00 |131 -0.55543  6.95603e-01 |
131 variables; iteration 120; function evaluation 145; phase 4
Function value 2.4264885e+03; maximum gradient component mag -5.3305e+01
Var    Value     Gradient |Var    Value     Gradient |Var    Value     Gradient
  1 -0.23107 -5.33046e+01 |  2  0.00060 -2.15923e+00 |  3 -0.07967 -4.72271e+00
  4  0.00701  2.29769e+00 |  5 -0.40729 -1.30783e+00 |  6  0.00300 -9.51936e+00
  7  0.08536 -1.21316e+01 |  8 -0.01223 -2.68377e+00 |  9 -0.07035  5.57653e-03
 10 -0.01186 -2.21162e+00 | 11 -0.15546  4.31498e+01 | 12  0.00902  2.97244e-01
 13  0.01190  4.88309e-01 | 14  0.01570  7.47531e-01 | 15  0.02004  1.04024e+00
 16  0.02391  1.28013e+00 | 17  0.02571  1.33818e+00 | 18  0.02426  1.12365e+00
 19  0.02178  8.18603e-01 | 20  0.02590  1.01358e+00 | 21  0.04149  2.02676e+00
 22  0.05410  2.73574e+00 | 23  0.04760  2.09386e+00 | 24  0.02771  5.32835e-01
 25 -0.00279 -1.81443e+00 | 26  0.03280  5.73895e-01 | 27  0.01299 -8.61098e-01
 28  0.04170  1.04532e+00 | 29  0.05392  1.91445e+00 | 30  0.02740  4.33976e-01
 31  0.01596 -3.56106e-02 | 32  0.02526  1.10886e+00 | 33  0.01589  7.02907e-01
 34 -0.01631 -1.94320e+00 | 35  0.01032 -5.13066e-02 | 36  0.05401  2.56370e+00
 37  0.10520  4.97757e+00 | 38  0.08552  4.90080e+00 | 39 -0.02492 -1.90077e+00
 40 -0.01394  1.34645e+00 | 41 -0.01274  3.58786e+00 | 42 -0.00179  2.70014e+00
 43  0.03142  3.99717e+00 | 44  0.03851 -1.59147e-01 | 45  0.06770  2.14894e+00
 46  0.06257  3.71124e+00 | 47  0.08803  2.27860e+00 | 48  0.04953  2.55079e+00
 49  0.03036  2.80609e+00 | 50  0.10590  9.59813e-01 | 51  0.04481  8.41566e+00
 52  0.14776  1.01982e+01 | 53  0.00297  3.17176e+00 | 54 -0.01088  1.60694e+00
 55 -0.02278  4.25011e+00 | 56  0.11341  3.65517e+00 | 57  0.00494  4.39993e+00
 58 -0.07292  4.38840e+00 | 59 -0.17629 -8.31615e-01 | 60 -0.17077 -2.59044e+00
 61  0.19624  1.00814e+01 | 62 -0.12955 -1.30672e+00 | 63  0.04117  2.50216e+00
 64  0.00397  9.47808e-01 | 65  0.02985  4.49281e+00 | 66  0.02817  3.98288e+00
 67 -0.04498 -2.78579e+00 | 68  0.01763  4.11100e-01 | 69 -0.11448 -1.01045e+00
 70  0.02831  5.59782e-01 | 71 -0.12056 -4.54117e+00 | 72 -0.04445  6.36417e-01
 73 -0.11587  4.13080e+00 | 74 -0.10014  1.92258e+00 | 75 -0.08782 -6.02366e+00
 76  0.28902  4.50570e+00 | 77 -0.13799 -6.26750e+00 | 78  0.03123 -6.30572e+00
 79 -0.01046  3.60197e-01 | 80  0.10427  3.34878e+00 | 81 -0.06628  1.81063e+00
 82 -0.18578 -7.51524e-01 | 83 -0.21759  7.10823e-01 | 84 -0.06712 -1.18688e+00
 85 -0.06922 -3.45892e+00 | 86  0.08969  1.14419e+00 | 87  0.15187  8.15104e+00
 88 -0.00419 -5.66215e+00 | 89  0.05195 -6.35502e+00 | 90  0.19587 -6.15234e+00
 91 -0.06509 -5.56460e+00 | 92  0.02614 -1.62652e+00 | 93  0.05595 -2.49504e+00
 94 -0.02889 -4.25767e+00 | 95 -0.12274  4.05293e-02 | 96 -0.09578 -2.41180e+00
 97  0.00744 -5.02791e+00 | 98  0.05331 -4.25361e+00 | 99 -0.04712 -5.00583e-02
100  0.04160 -1.91656e+00 |101  0.10528 -5.75499e-01 |102 -0.25171  2.33854e+00
103 -0.13421 -1.40558e+00 |104  0.15640 -9.76728e+00 |105 -0.11683  1.03467e+01
106  0.10606  9.57989e-01 |107  0.00957 -1.06315e+00 |108  0.08319  5.48303e+00
109  0.06999 -4.29108e+00 |110  0.21830  2.30227e+00 |111 -0.09745 -1.85636e+00
112  0.32134  6.18425e+00 |113 -0.03475 -4.29142e+00 |114  0.23900 -5.84669e-01
115 -0.06377 -7.48446e-01 |116 -0.13687  4.05882e-01 |117 -0.31738  1.03843e+00
118 -0.16452 -1.12298e+00 |119 -0.04959  1.00762e+01 |120 -0.01995 -1.48827e+00
121 -0.01463  2.07291e-02 |122 -0.10728 -2.88712e-01 |123  0.04152 -7.46336e-01
124  0.77506  4.70684e-03 |125 -0.11810 -1.49766e-01 |126 -0.08401 -1.97415e+00
127 -0.56782 -4.24104e-03 |128  0.47403  6.80459e-01 |129 -0.15125 -9.80736e-01
130 -0.17492 -1.64667e+00 |131 -0.47413 -2.59849e-01 |
131 variables; iteration 140; function evaluation 170; phase 4
Function value 2.4254777e+03; maximum gradient component mag 8.1121e+00
Var    Value     Gradient |Var    Value     Gradient |Var    Value     Gradient
  1 -0.23298  8.11213e+00 |  2 -0.00404 -1.66605e+00 |  3 -0.07272 -1.26967e+00
  4  0.00267 -2.95863e-01 |  5 -0.40461 -3.05522e-01 |  6  0.00559 -1.03167e+00
  7  0.08658 -5.19316e+00 |  8 -0.01668 -1.03292e+00 |  9 -0.06868 -2.04296e-01
 10 -0.01226 -6.29344e-01 | 11 -0.15657 -5.13839e+00 | 12  0.01051  1.93280e-01
 13  0.00676 -1.85763e-01 | 14  0.00576 -3.44720e-01 | 15  0.00318 -6.34740e-01
 16  0.00394 -6.63380e-01 | 17  0.01649  2.12585e-01 | 18  0.02347  6.13195e-01
 19  0.01726  4.12901e-03 | 20  0.01678 -1.87741e-01 | 21  0.01984 -1.43949e-01
 22  0.03906  9.56999e-01 | 23  0.02906  8.40295e-02 | 24  0.02173 -6.05616e-01
 25  0.02481 -6.14022e-01 | 26  0.03875  2.13206e-02 | 27  0.03817 -1.42071e-01
 28  0.04116 -3.85967e-03 | 29  0.03465 -2.52320e-01 | 30  0.03556  8.79824e-02
 31  0.02576 -9.86740e-02 | 32  0.03045  6.94511e-01 | 33 -0.00164 -1.40135e+00
 34  0.02727  6.20952e-01 | 35  0.04062  7.27090e-01 | 36  0.06229  4.87988e-01
 37  0.08476 -2.43702e-01 | 38  0.05321 -1.06129e+00 | 39 -0.00734 -2.74291e+00
 40  0.00107  3.51400e-01 | 41 -0.02673 -2.54776e-01 | 42 -0.01805 -2.70336e-01
 43  0.02396  1.65045e+00 | 44  0.06540 -4.87396e-01 | 45  0.05311 -1.11566e+00
 46  0.05317  6.23306e-01 | 47  0.09984 -1.00535e+00 | 48  0.04271 -3.52699e-01
 49  0.01188 -2.24060e-01 | 50  0.12117 -1.67154e+00 | 51  0.01360  1.42108e+00
 52  0.15204 -3.96183e-01 | 53 -0.00426  5.09869e-01 | 54 -0.00735  4.46013e-02
 55 -0.02962  6.60343e-01 | 56  0.11448 -1.31648e+00 | 57  0.00313  4.53959e-01
 58 -0.07712  7.54791e-01 | 59 -0.17750 -6.52367e-01 | 60 -0.16481  4.54514e-02
 61  0.19584 -2.71651e+00 | 62 -0.12613 -1.78674e-04 | 63  0.04065 -4.54669e-01
 64  0.00385 -1.24157e+00 | 65  0.02917  3.03610e-01 | 66  0.02725  9.45637e-01
 67 -0.04118 -4.38860e-01 | 68  0.01728  2.70427e-01 | 69 -0.11326 -5.20212e-02
 70  0.02758  6.63647e-01 | 71 -0.11389 -4.18176e-01 | 72 -0.04433  1.21249e+00
 73 -0.12462  8.00806e-01 | 74 -0.10533  3.06104e-01 | 75 -0.07153 -1.30254e+00
 76  0.28907 -2.21680e-01 | 77 -0.11242  3.05685e-01 | 78  0.03415 -1.08414e+00
 79 -0.01119  9.87204e-02 | 80  0.10429  9.83721e-01 | 81 -0.06909  3.98045e-01
 82 -0.18664  2.28633e-01 | 83 -0.22125  2.64524e-01 | 84 -0.06723  9.33179e-01
 85 -0.06550  2.06657e-01 | 86  0.08934  9.51228e-01 | 87  0.15055  2.38934e+00
 88  0.00001 -4.33890e-01 | 89  0.05441 -7.00418e-01 | 90  0.19627 -8.18128e-01
 91 -0.06061 -5.91976e-01 | 92  0.02708  6.03523e-01 | 93  0.05652 -4.68892e-01
 94 -0.02508 -4.55597e-01 | 95 -0.12564  2.70529e-01 | 96 -0.09262 -1.82626e-01
 97  0.01164  8.64391e-02 | 98  0.05531 -4.66122e-01 | 99 -0.04748  8.12581e-01
100  0.04310  4.79831e-02 |101  0.10110  2.89997e-01 |102 -0.28851 -1.20702e+00
103 -0.11986  3.03049e-01 |104  0.16108 -3.08456e+00 |105 -0.11513  3.16309e+00
106  0.11261 -1.82505e-01 |107  0.03265  1.09957e-01 |108  0.07721  3.43731e-01
109  0.06586 -1.50816e-01 |110  0.19450  1.52860e+00 |111 -0.11449 -2.07960e+00
112  0.31967 -2.37239e-01 |113 -0.03508  1.72007e-01 |114  0.24693 -4.70896e-01
115 -0.05910  2.75243e-01 |116 -0.13866 -8.65311e-01 |117 -0.32063  1.08852e+00
118 -0.15519 -8.66521e-01 |119 -0.05180 -1.47180e+00 |120 -0.01796 -3.68323e-01
121 -0.01353 -3.56154e-01 |122 -0.10972  9.95435e-04 |123  0.04431 -5.53788e-01
124  0.73900  3.16869e-03 |125 -0.12167 -2.37931e-01 |126 -0.08131 -4.10920e-01
127 -0.53271 -4.13562e-03 |128  0.50302  1.15239e+00 |129 -0.13954 -9.88208e-01
130 -0.13357 -8.97943e-01 |131 -0.38077  1.03189e-01 |
131 variables; iteration 160; function evaluation 193; phase 4
Function value 2.4252718e+03; maximum gradient component mag -1.3403e+00
Var    Value     Gradient |Var    Value     Gradient |Var    Value     Gradient
  1 -0.23936 -1.34032e+00 |  2 -0.00242  2.58255e-02 |  3 -0.07337 -1.72379e-02
  4  0.00343 -1.34886e-02 |  5 -0.40555 -8.87584e-04 |  6  0.01276 -6.17049e-02
  7  0.08655  8.22763e-02 |  8 -0.01666 -4.95916e-03 |  9 -0.06893 -1.61882e-03
 10 -0.01099 -1.93506e-03 | 11 -0.16315  9.84586e-01 | 12  0.00787  2.71281e-03
 13  0.00879  7.50172e-03 | 14  0.00959 -4.37950e-03 | 15  0.01041 -2.15679e-02
 16  0.01192  5.68957e-03 | 17  0.01306 -6.56708e-03 | 18  0.01476  8.15418e-03
 19  0.01619 -1.51177e-02 | 20  0.01846  3.94037e-03 | 21  0.02086  9.18418e-03
 22  0.02339  6.39120e-03 | 23  0.02614  1.71046e-03 | 24  0.02932  6.49509e-03
 25  0.03252  3.80484e-03 | 26  0.03556  5.60964e-03 | 27  0.03766  9.64620e-03
 28  0.03802  8.33374e-03 | 29  0.03622  8.49785e-03 | 30  0.03203  1.51767e-02
 31  0.02585  1.63688e-03 | 32  0.02022  1.50701e-02 | 33  0.01710  1.90721e-02
 34  0.01930  1.96907e-02 | 35  0.02943  2.14815e-02 | 36  0.04939  4.94905e-02
 37  0.07674  8.27310e-02 | 38  0.06407  6.35310e-02 | 39  0.02316  2.03134e-02
 40 -0.00876  3.94521e-02 | 41 -0.02776  3.45492e-02 | 42 -0.01647  6.83950e-03
 43  0.00621  1.99484e-02 | 44  0.06707  4.00207e-02 | 45  0.06596  8.61617e-02
 46  0.03772  7.60665e-02 | 47  0.10490  1.15276e-01 | 48  0.04015  5.78209e-02
 49  0.00886  3.87976e-02 | 50  0.12488  1.28641e-01 | 51  0.00180  1.93226e-02
 52  0.15397  1.86076e-01 | 53 -0.00739  6.85850e-03 | 54 -0.00555 -4.91095e-03
 55 -0.03140 -1.88859e-02 | 56  0.11539  8.68206e-02 | 57  0.00308 -6.92474e-03
 58 -0.07787 -3.82230e-02 | 59 -0.17458 -4.78740e-02 | 60 -0.16464 -2.29478e-02
 61  0.19655  3.42576e-01 | 62 -0.12545 -2.35921e-02 | 63  0.04113  5.49006e-02
 64  0.00550  2.23087e-02 | 65  0.02961  5.38435e-03 | 66  0.02738  1.92519e-02
 67 -0.03936 -9.18862e-03 | 68  0.01756 -2.84717e-04 | 69 -0.11188 -4.34084e-02
 70  0.02762 -4.98336e-02 | 71 -0.11202 -5.13025e-02 | 72 -0.04511 -6.00828e-02
 73 -0.12557 -5.14112e-02 | 74 -0.10579 -3.91288e-02 | 75 -0.06624 -4.76526e-03
 76  0.28952  2.12573e-01 | 77 -0.11282 -1.42872e-02 | 78  0.03574 -1.13730e-02
 79 -0.01050 -2.48167e-02 | 80  0.10480 -1.20595e-02 | 81 -0.06865 -4.15408e-02
 82 -0.18638 -5.21828e-02 | 83 -0.22150 -4.70561e-02 | 84 -0.06772 -7.24148e-02
 85 -0.06527 -7.08379e-02 | 86  0.08946 -8.01033e-02 | 87  0.15036 -1.08941e-01
 88  0.00079 -5.59494e-02 | 89  0.05515 -4.64823e-02 | 90  0.19659 -1.36748e-01
 91 -0.05917 -3.49239e-02 | 92  0.02723 -4.92367e-02 | 93  0.05731 -6.61188e-02
 94 -0.02372 -4.97634e-02 | 95 -0.12548 -3.84887e-02 | 96 -0.09133 -4.87380e-02
 97  0.01251 -7.88723e-02 | 98  0.05636 -5.80025e-02 | 99 -0.04837 -4.92287e-02
100  0.04396 -3.69904e-02 |101  0.10081 -4.69655e-02 |102 -0.27543 -1.05154e-02
103 -0.12391  7.08669e-03 |104  0.16156  7.34286e-02 |105 -0.11479 -8.59747e-02
106  0.11146  1.20509e-02 |107  0.03312  3.85984e-04 |108  0.07305  6.23492e-02
109  0.06304 -5.62168e-02 |110  0.19104  3.79731e-03 |111 -0.11319  1.69455e-02
112  0.31896  1.00669e-01 |113 -0.03507 -7.17592e-02 |114  0.24504  1.52468e-02
115 -0.05879 -3.76880e-02 |116 -0.14210  9.02446e-02 |117 -0.32590 -3.06193e-02
118 -0.14009  4.26533e-02 |119 -0.05265  1.33564e-01 |120 -0.01578  1.04250e-02
121 -0.01061  2.52229e-03 |122 -0.11373  5.44870e-03 |123  0.04464  9.47362e-03
124  0.69449  1.09824e-04 |125 -0.12522 -1.07224e-02 |126 -0.07986 -1.57219e-02
127 -0.39961 -7.27389e-03 |128  0.47295  8.57840e-03 |129 -0.15141 -2.18499e-02
130 -0.11994  4.65554e-02 |131 -0.35715 -1.30712e-02 |
  ic > imax  in fminim is answer attained ?
Var    Value     Gradient |Var    Value     Gradient |Var    Value     Gradient
  1 -0.23893 -5.19761e-02 |  2 -0.00302  4.32313e-04 |  3 -0.07280 -1.16882e-03
  4  0.00313  7.60651e-04 |  5 -0.40561 -9.43537e-04 |  6  0.01250 -5.39766e-03
  7  0.08656  1.01725e-03 |  8 -0.01681 -1.79326e-03 |  9 -0.06888  7.50666e-05
 10 -0.01083 -1.01085e-03 | 11 -0.16268  5.09650e-02 | 12  0.00786  2.85678e-04
 13  0.00872  5.89056e-04 | 14  0.00966 -3.48687e-05 | 15  0.01071  1.86606e-04
 16  0.01187  2.03234e-04 | 17  0.01318 -1.39453e-04 | 18  0.01470  3.87064e-04
 19  0.01643 -4.73412e-04 | 20  0.01846  1.15014e-04 | 21  0.02080  5.44904e-04
 22  0.02337  3.30001e-04 | 23  0.02621  3.39354e-04 | 24  0.02933  2.12209e-04
 25  0.03259 -2.12084e-05 | 26  0.03564  2.48481e-04 | 27  0.03770  4.84474e-04
 28  0.03812  5.20756e-04 | 29  0.03635  5.88937e-04 | 30  0.03208  9.28916e-04
 31  0.02611  1.73834e-04 | 32  0.02033  1.69054e-03 | 33  0.01718  7.10457e-04
 34  0.01944  1.17373e-03 | 35  0.02968  1.22321e-03 | 36  0.04943  2.10274e-03
 37  0.07632  2.57889e-03 | 38  0.06419  1.23064e-03 | 39  0.02357 -1.71116e-04
 40 -0.00876  2.39478e-03 | 41 -0.02776  2.00166e-03 | 42 -0.01656 -2.46762e-04
 43  0.00610 -1.89655e-04 | 44  0.06749  1.11710e-03 | 45  0.06566 -1.37879e-03
 46  0.03739  1.60233e-03 | 47  0.10515  3.51934e-03 | 48  0.03997 -4.75193e-04
 49  0.00877  4.51056e-03 | 50  0.12491  7.03191e-03 | 51  0.00178  6.35613e-03
 52  0.15396  8.75108e-03 | 53 -0.00739  4.34728e-03 | 54 -0.00557  3.90699e-04
 55 -0.03137  1.97500e-03 | 56  0.11536  6.25514e-03 | 57  0.00307 -1.93078e-04
 58 -0.07788 -2.84239e-03 | 59 -0.17459 -4.05841e-03 | 60 -0.16466  1.98973e-03
 61  0.19650  2.14020e-02 | 62 -0.12546  1.44383e-03 | 63  0.04108  3.08378e-03
 64  0.00544  1.70988e-03 | 65  0.02958  2.35063e-03 | 66  0.02732  1.69987e-03
 67 -0.03943 -2.63688e-06 | 68  0.01750  1.20027e-03 | 69 -0.11190 -2.29138e-03
 70  0.02755 -1.74243e-03 | 71 -0.11207 -4.24488e-03 | 72 -0.04517 -4.05776e-03
 73 -0.12562 -3.78062e-03 | 74 -0.10585 -3.11935e-03 | 75 -0.06634  1.31156e-03
 76  0.28952  8.83951e-03 | 77 -0.11288  1.96811e-04 | 78  0.03575 -1.97911e-03
 79 -0.01046 -3.53087e-03 | 80  0.10482  3.41013e-04 | 81 -0.06862 -3.53746e-03
 82 -0.18633 -5.44878e-03 | 83 -0.22140 -5.64888e-03 | 84 -0.06762 -5.62102e-03
 85 -0.06511 -3.52301e-03 | 86  0.08949 -1.65095e-03 | 87  0.15034  1.23198e-03
 88  0.00076 -3.19461e-03 | 89  0.05510 -5.15017e-04 | 90  0.19661 -2.72300e-03
 91 -0.05919 -2.10914e-03 | 92  0.02727 -2.97136e-03 | 93  0.05737 -3.32514e-03
 94 -0.02365 -3.45734e-03 | 95 -0.12542 -3.35356e-03 | 96 -0.09119 -4.47366e-03
 97  0.01275 -3.89787e-03 | 98  0.05655 -4.87182e-03 | 99 -0.04820 -3.13065e-03
100  0.04412 -1.24336e-03 |101  0.10063 -2.55874e-03 |102 -0.27540 -4.15699e-04
103 -0.12389  4.36415e-05 |104  0.16161 -2.69589e-04 |105 -0.11480 -1.26238e-03
106  0.11141 -9.02184e-04 |107  0.03277  4.26007e-04 |108  0.07318  1.10795e-03
109  0.06305 -1.32055e-03 |110  0.19084  2.01703e-03 |111 -0.11345 -5.10657e-03
112  0.31905  4.25123e-03 |113 -0.03502 -3.02090e-03 |114  0.24550  3.66212e-04
115 -0.05869 -4.59371e-04 |116 -0.14200  3.45737e-03 |117 -0.32577 -4.22839e-04
118 -0.14056  2.27708e-03 |119 -0.05254  5.88588e-03 |120 -0.01566 -1.02282e-04
121 -0.01055  2.21966e-04 |122 -0.11383  1.64397e-04 |123  0.06753 -2.18423e-03
124  0.69116  6.85504e-05 |125 -0.22278 -2.34061e-03 |126 -0.08012  6.43653e-04
127 -0.05093 -4.19392e-03 |128  0.47363 -3.24871e-03 |129 -0.15116  2.40482e-03
130 -0.12020  5.48130e-03 |131 -0.35757 -1.34324e-03 |
Function minimizer not making progress ... is minimum attained?
Minimprove criterion = 0.0000e+00

 - final statistics:
131 variables; iteration 180; function evaluation 258
Function value 2.4252e+03; maximum gradient component mag -5.1976e-02
Exit code = 1;  converg criter 1.0000e-04
Var    Value     Gradient |Var    Value     Gradient |Var    Value     Gradient
  1 -0.23893 -5.19761e-02 |  2 -0.00302  4.32313e-04 |  3 -0.07280 -1.16882e-03
  4  0.00313  7.60651e-04 |  5 -0.40561 -9.43537e-04 |  6  0.01250 -5.39766e-03
  7  0.08656  1.01725e-03 |  8 -0.01681 -1.79326e-03 |  9 -0.06888  7.50666e-05
 10 -0.01083 -1.01085e-03 | 11 -0.16268  5.09650e-02 | 12  0.00786  2.85678e-04
 13  0.00872  5.89056e-04 | 14  0.00966 -3.48687e-05 | 15  0.01071  1.86606e-04
 16  0.01187  2.03234e-04 | 17  0.01318 -1.39453e-04 | 18  0.01470  3.87064e-04
 19  0.01643 -4.73412e-04 | 20  0.01846  1.15014e-04 | 21  0.02080  5.44904e-04
 22  0.02337  3.30001e-04 | 23  0.02621  3.39354e-04 | 24  0.02933  2.12209e-04
 25  0.03259 -2.12084e-05 | 26  0.03564  2.48481e-04 | 27  0.03770  4.84474e-04
 28  0.03812  5.20756e-04 | 29  0.03635  5.88937e-04 | 30  0.03208  9.28916e-04
 31  0.02611  1.73834e-04 | 32  0.02033  1.69054e-03 | 33  0.01718  7.10457e-04
 34  0.01944  1.17373e-03 | 35  0.02968  1.22321e-03 | 36  0.04943  2.10274e-03
 37  0.07632  2.57889e-03 | 38  0.06419  1.23064e-03 | 39  0.02357 -1.71116e-04
 40 -0.00876  2.39478e-03 | 41 -0.02776  2.00166e-03 | 42 -0.01656 -2.46762e-04
 43  0.00610 -1.89655e-04 | 44  0.06749  1.11710e-03 | 45  0.06566 -1.37879e-03
 46  0.03739  1.60233e-03 | 47  0.10515  3.51934e-03 | 48  0.03997 -4.75193e-04
 49  0.00877  4.51056e-03 | 50  0.12491  7.03191e-03 | 51  0.00178  6.35613e-03
 52  0.15396  8.75108e-03 | 53 -0.00739  4.34728e-03 | 54 -0.00557  3.90699e-04
 55 -0.03137  1.97500e-03 | 56  0.11536  6.25514e-03 | 57  0.00307 -1.93078e-04
 58 -0.07788 -2.84239e-03 | 59 -0.17459 -4.05841e-03 | 60 -0.16466  1.98973e-03
 61  0.19650  2.14020e-02 | 62 -0.12546  1.44383e-03 | 63  0.04108  3.08378e-03
 64  0.00544  1.70988e-03 | 65  0.02958  2.35063e-03 | 66  0.02732  1.69987e-03
 67 -0.03943 -2.63688e-06 | 68  0.01750  1.20027e-03 | 69 -0.11190 -2.29138e-03
 70  0.02755 -1.74243e-03 | 71 -0.11207 -4.24488e-03 | 72 -0.04517 -4.05776e-03
 73 -0.12562 -3.78062e-03 | 74 -0.10585 -3.11935e-03 | 75 -0.06634  1.31156e-03
 76  0.28952  8.83951e-03 | 77 -0.11288  1.96811e-04 | 78  0.03575 -1.97911e-03
 79 -0.01046 -3.53087e-03 | 80  0.10482  3.41013e-04 | 81 -0.06862 -3.53746e-03
 82 -0.18633 -5.44878e-03 | 83 -0.22140 -5.64888e-03 | 84 -0.06762 -5.62102e-03
 85 -0.06511 -3.52301e-03 | 86  0.08949 -1.65095e-03 | 87  0.15034  1.23198e-03
 88  0.00076 -3.19461e-03 | 89  0.05510 -5.15017e-04 | 90  0.19661 -2.72300e-03
 91 -0.05919 -2.10914e-03 | 92  0.02727 -2.97136e-03 | 93  0.05737 -3.32514e-03
 94 -0.02365 -3.45734e-03 | 95 -0.12542 -3.35356e-03 | 96 -0.09119 -4.47366e-03
 97  0.01275 -3.89787e-03 | 98  0.05655 -4.87182e-03 | 99 -0.04820 -3.13065e-03
100  0.04412 -1.24336e-03 |101  0.10063 -2.55874e-03 |102 -0.27540 -4.15699e-04
103 -0.12389  4.36415e-05 |104  0.16161 -2.69589e-04 |105 -0.11480 -1.26238e-03
106  0.11141 -9.02184e-04 |107  0.03277  4.26007e-04 |108  0.07318  1.10795e-03
109  0.06305 -1.32055e-03 |110  0.19084  2.01703e-03 |111 -0.11345 -5.10657e-03
112  0.31905  4.25123e-03 |113 -0.03502 -3.02090e-03 |114  0.24550  3.66212e-04
115 -0.05869 -4.59371e-04 |116 -0.14200  3.45737e-03 |117 -0.32577 -4.22839e-04
118 -0.14056  2.27708e-03 |119 -0.05254  5.88588e-03 |120 -0.01566 -1.02282e-04
121 -0.01055  2.21966e-04 |122 -0.11383  1.64397e-04 |123  0.06753 -2.18423e-03
124  0.69116  6.85504e-05 |125 -0.22278 -2.34061e-03 |126 -0.08012  6.43653e-04
127 -0.05093 -4.19392e-03 |128  0.47363 -3.24871e-03 |129 -0.15116  2.40482e-03
130 -0.12020  5.48130e-03 |131 -0.35757 -1.34324e-03 |

Initial statistics: 143 variables; iteration 0; function evaluation 0; phase 5
Function value 2.4251965e+03; maximum gradient component mag -5.1976e-02
Var    Value     Gradient |Var    Value     Gradient |Var    Value     Gradient
  1 -0.23893 -5.19761e-02 |  2 -0.00302  4.32313e-04 |  3 -0.07280 -1.16882e-03
  4  0.00313  7.60651e-04 |  5 -0.40561 -9.43537e-04 |  6  0.01250 -5.39766e-03
  7  0.08656  1.01725e-03 |  8 -0.01681 -1.79326e-03 |  9 -0.06888  7.50666e-05
 10 -0.01083 -1.01085e-03 | 11 -0.16268  5.09650e-02 | 12  0.00786  2.85678e-04
 13  0.00872  5.89056e-04 | 14  0.00966 -3.48687e-05 | 15  0.01071  1.86606e-04
 16  0.01187  2.03234e-04 | 17  0.01318 -1.39453e-04 | 18  0.01470  3.87064e-04
 19  0.01643 -4.73412e-04 | 20  0.01846  1.15014e-04 | 21  0.02080  5.44904e-04
 22  0.02337  3.30001e-04 | 23  0.02621  3.39354e-04 | 24  0.02933  2.12209e-04
 25  0.03259 -2.12084e-05 | 26  0.03564  2.48481e-04 | 27  0.03770  4.84474e-04
 28  0.03812  5.20756e-04 | 29  0.03635  5.88937e-04 | 30  0.03208  9.28916e-04
 31  0.02611  1.73834e-04 | 32  0.02033  1.69054e-03 | 33  0.01718  7.10457e-04
 34  0.01944  1.17373e-03 | 35  0.02968  1.22321e-03 | 36  0.04943  2.10274e-03
 37  0.07632  2.57889e-03 | 38  0.06419  1.23064e-03 | 39  0.02357 -1.71116e-04
 40 -0.00876  2.39478e-03 | 41 -0.02776  2.00166e-03 | 42 -0.01656 -1.23448e-04
 43  0.00610 -6.63057e-05 | 44  0.06749  1.23976e-03 | 45  0.06566 -1.25609e-03
 46  0.03739  1.72548e-03 | 47  0.10515  3.64101e-03 | 48  0.03997 -3.52081e-04
 49  0.00877  4.63391e-03 | 50  0.12491  7.15290e-03 | 51  0.00178  6.47948e-03
 52  0.15396  8.87085e-03 | 53 -0.00739  4.47063e-03 | 54 -0.00557  5.14050e-04
 55 -0.03137  2.09820e-03 | 56  0.11536  6.37647e-03 | 57  0.00307 -6.97238e-05
 58 -0.07788 -2.71996e-03 | 59 -0.17459 -3.93967e-03 | 60 -0.16466  2.10898e-03
 61  0.19650  2.15195e-02 | 62 -0.12546  1.56480e-03 | 63  0.04108  3.20688e-03
 64  0.00544  1.83323e-03 | 65  0.02958  2.47385e-03 | 66  0.02732  1.82311e-03
 67 -0.03943  1.20482e-04 | 68  0.01750  1.32358e-03 | 69 -0.11190 -2.16993e-03
 70  0.02755 -1.61919e-03 | 71 -0.11207 -4.12343e-03 | 72 -0.04517 -3.93472e-03
 73 -0.12562 -3.65966e-03 | 74 -0.10585 -2.99770e-03 | 75 -0.06634  1.43425e-03
 76  0.28952  8.95033e-03 | 77 -0.11288  3.18232e-04 | 78  0.03575 -1.85595e-03
 79 -0.01046 -3.40753e-03 | 80  0.10482  4.62700e-04 | 81 -0.06862 -3.41482e-03
 82 -0.18633 -5.33068e-03 | 83 -0.22140 -5.53291e-03 | 84 -0.06762 -5.49836e-03
 85 -0.06511 -3.40030e-03 | 86  0.08949 -1.52882e-03 | 87  0.15034  1.35192e-03
 88  0.00076 -3.07125e-03 | 89  0.05510 -3.92124e-04 | 90  0.19661 -2.60548e-03
 91 -0.05919 -1.98632e-03 | 92  0.02727 -2.84811e-03 | 93  0.05737 -3.20228e-03
 94 -0.02365 -3.33407e-03 | 95 -0.12542 -3.23259e-03 | 96 -0.09119 -4.35157e-03
 97  0.01275 -3.77454e-03 | 98  0.05655 -4.74895e-03 | 99 -0.04820 -3.00765e-03
100  0.04412 -1.12030e-03 |101  0.10063 -2.43692e-03 |102  0.00000  0.00000e+00
103  0.00000  0.00000e+00 |104  0.00000  0.00000e+00 |105  0.00000  0.00000e+00
106  0.00000  0.00000e+00 |107  0.00000  0.00000e+00 |108  0.00000  0.00000e+00
109  0.00000  0.00000e+00 |110  0.00000  0.00000e+00 |111  0.00000  0.00000e+00
112  0.00000  0.00000e+00 |113  0.00000  0.00000e+00 |114 -0.27540 -4.15699e-04
115 -0.12389  4.36415e-05 |116  0.16161 -2.69589e-04 |117 -0.11480 -1.26238e-03
118  0.11141 -9.02184e-04 |119  0.03277  4.26007e-04 |120  0.07318  1.10795e-03
121  0.06305 -1.32055e-03 |122  0.19084  2.01703e-03 |123 -0.11345 -5.10657e-03
124  0.31905  4.25123e-03 |125 -0.03502 -3.02090e-03 |126  0.24550  3.66212e-04
127 -0.05869 -4.59371e-04 |128 -0.14200  3.45737e-03 |129 -0.32577 -4.22839e-04
130 -0.14056  2.27708e-03 |131 -0.05254  5.88588e-03 |132 -0.01566 -1.02282e-04
133 -0.01055  2.21966e-04 |134 -0.11383  1.64397e-04 |135  0.06753 -2.18423e-03
136  0.69116  6.85504e-05 |137 -0.22278 -2.34061e-03 |138 -0.08012  6.43653e-04
139 -0.05093 -4.19392e-03 |140  0.47363 -3.24871e-03 |141 -0.15116  2.40482e-03
142 -0.12020  5.48130e-03 |143 -0.35757 -1.34324e-03 |
  ic > imax  in fminim is answer attained ?
Var    Value     Gradient |Var    Value     Gradient |Var    Value     Gradient
  1 -0.23893 -5.19761e-02 |  2 -0.00302  4.32313e-04 |  3 -0.07280 -1.16882e-03
  4  0.00313  7.60651e-04 |  5 -0.40561 -9.43537e-04 |  6  0.01250 -5.39766e-03
  7  0.08656  1.01725e-03 |  8 -0.01681 -1.79326e-03 |  9 -0.06888  7.50666e-05
 10 -0.01083 -1.01085e-03 | 11 -0.16268  5.09650e-02 | 12  0.00786  2.85678e-04
 13  0.00872  5.89056e-04 | 14  0.00966 -3.48687e-05 | 15  0.01071  1.86606e-04
 16  0.01187  2.03234e-04 | 17  0.01318 -1.39453e-04 | 18  0.01470  3.87064e-04
 19  0.01643 -4.73412e-04 | 20  0.01846  1.15014e-04 | 21  0.02080  5.44904e-04
 22  0.02337  3.30001e-04 | 23  0.02621  3.39354e-04 | 24  0.02933  2.12209e-04
 25  0.03259 -2.12084e-05 | 26  0.03564  2.48481e-04 | 27  0.03770  4.84474e-04
 28  0.03812  5.20756e-04 | 29  0.03635  5.88937e-04 | 30  0.03208  9.28916e-04
 31  0.02611  1.73834e-04 | 32  0.02033  1.69054e-03 | 33  0.01718  7.10457e-04
 34  0.01944  1.17373e-03 | 35  0.02968  1.22321e-03 | 36  0.04943  2.10274e-03
 37  0.07632  2.57889e-03 | 38  0.06419  1.23064e-03 | 39  0.02357 -1.71116e-04
 40 -0.00876  2.39478e-03 | 41 -0.02776  2.00166e-03 | 42 -0.01656 -1.23448e-04
 43  0.00610 -6.63057e-05 | 44  0.06749  1.23976e-03 | 45  0.06566 -1.25609e-03
 46  0.03739  1.72548e-03 | 47  0.10515  3.64101e-03 | 48  0.03997 -3.52081e-04
 49  0.00877  4.63391e-03 | 50  0.12491  7.15290e-03 | 51  0.00178  6.47948e-03
 52  0.15396  8.87085e-03 | 53 -0.00739  4.47063e-03 | 54 -0.00557  5.14050e-04
 55 -0.03137  2.09820e-03 | 56  0.11536  6.37647e-03 | 57  0.00307 -6.97238e-05
 58 -0.07788 -2.71996e-03 | 59 -0.17459 -3.93967e-03 | 60 -0.16466  2.10898e-03
 61  0.19650  2.15195e-02 | 62 -0.12546  1.56480e-03 | 63  0.04108  3.20688e-03
 64  0.00544  1.83323e-03 | 65  0.02958  2.47385e-03 | 66  0.02732  1.82311e-03
 67 -0.03943  1.20482e-04 | 68  0.01750  1.32358e-03 | 69 -0.11190 -2.16993e-03
 70  0.02755 -1.61919e-03 | 71 -0.11207 -4.12343e-03 | 72 -0.04517 -3.93472e-03
 73 -0.12562 -3.65966e-03 | 74 -0.10585 -2.99770e-03 | 75 -0.06634  1.43425e-03
 76  0.28952  8.95033e-03 | 77 -0.11288  3.18232e-04 | 78  0.03575 -1.85595e-03
 79 -0.01046 -3.40753e-03 | 80  0.10482  4.62700e-04 | 81 -0.06862 -3.41482e-03
 82 -0.18633 -5.33068e-03 | 83 -0.22140 -5.53291e-03 | 84 -0.06762 -5.49836e-03
 85 -0.06511 -3.40030e-03 | 86  0.08949 -1.52882e-03 | 87  0.15034  1.35192e-03
 88  0.00076 -3.07125e-03 | 89  0.05510 -3.92124e-04 | 90  0.19661 -2.60548e-03
 91 -0.05919 -1.98632e-03 | 92  0.02727 -2.84811e-03 | 93  0.05737 -3.20228e-03
 94 -0.02365 -3.33407e-03 | 95 -0.12542 -3.23259e-03 | 96 -0.09119 -4.35157e-03
 97  0.01275 -3.77454e-03 | 98  0.05655 -4.74895e-03 | 99 -0.04820 -3.00765e-03
100  0.04412 -1.12030e-03 |101  0.10063 -2.43692e-03 |102  0.00000  0.00000e+00
103  0.00000  0.00000e+00 |104  0.00000  0.00000e+00 |105  0.00000  0.00000e+00
106  0.00000  0.00000e+00 |107  0.00000  0.00000e+00 |108  0.00000  0.00000e+00
109  0.00000  0.00000e+00 |110  0.00000  0.00000e+00 |111  0.00000  0.00000e+00
112  0.00000  0.00000e+00 |113  0.00000  0.00000e+00 |114 -0.27540 -4.15699e-04
115 -0.12389  4.36415e-05 |116  0.16161 -2.69589e-04 |117 -0.11480 -1.26238e-03
118  0.11141 -9.02184e-04 |119  0.03277  4.26007e-04 |120  0.07318  1.10795e-03
121  0.06305 -1.32055e-03 |122  0.19084  2.01703e-03 |123 -0.11345 -5.10657e-03
124  0.31905  4.25123e-03 |125 -0.03502 -3.02090e-03 |126  0.24550  3.66212e-04
127 -0.05869 -4.59371e-04 |128 -0.14200  3.45737e-03 |129 -0.32577 -4.22839e-04
130 -0.14056  2.27708e-03 |131 -0.05254  5.88588e-03 |132 -0.01566 -1.02282e-04
133 -0.01055  2.21966e-04 |134 -0.11383  1.64397e-04 |135  0.06753 -2.18423e-03
136  0.69116  6.85504e-05 |137 -0.22278 -2.34061e-03 |138 -0.08012  6.43653e-04
139 -0.05093 -4.19392e-03 |140  0.47363 -3.24871e-03 |141 -0.15116  2.40482e-03
142 -0.12020  5.48130e-03 |143 -0.35757 -1.34324e-03 |
Function minimizer not making progress ... is minimum attained?
Minimprove criterion = 0.0000e+00

 - final statistics:
143 variables; iteration 1; function evaluation 30
Function value 2.4252e+03; maximum gradient component mag -5.1976e-02
Exit code = 1;  converg criter 1.0000e-04
Var    Value     Gradient |Var    Value     Gradient |Var    Value     Gradient
  1 -0.23893 -5.19761e-02 |  2 -0.00302  4.32313e-04 |  3 -0.07280 -1.16882e-03
  4  0.00313  7.60651e-04 |  5 -0.40561 -9.43537e-04 |  6  0.01250 -5.39766e-03
  7  0.08656  1.01725e-03 |  8 -0.01681 -1.79326e-03 |  9 -0.06888  7.50666e-05
 10 -0.01083 -1.01085e-03 | 11 -0.16268  5.09650e-02 | 12  0.00786  2.85678e-04
 13  0.00872  5.89056e-04 | 14  0.00966 -3.48687e-05 | 15  0.01071  1.86606e-04
 16  0.01187  2.03234e-04 | 17  0.01318 -1.39453e-04 | 18  0.01470  3.87064e-04
 19  0.01643 -4.73412e-04 | 20  0.01846  1.15014e-04 | 21  0.02080  5.44904e-04
 22  0.02337  3.30001e-04 | 23  0.02621  3.39354e-04 | 24  0.02933  2.12209e-04
 25  0.03259 -2.12084e-05 | 26  0.03564  2.48481e-04 | 27  0.03770  4.84474e-04
 28  0.03812  5.20756e-04 | 29  0.03635  5.88937e-04 | 30  0.03208  9.28916e-04
 31  0.02611  1.73834e-04 | 32  0.02033  1.69054e-03 | 33  0.01718  7.10457e-04
 34  0.01944  1.17373e-03 | 35  0.02968  1.22321e-03 | 36  0.04943  2.10274e-03
 37  0.07632  2.57889e-03 | 38  0.06419  1.23064e-03 | 39  0.02357 -1.71116e-04
 40 -0.00876  2.39478e-03 | 41 -0.02776  2.00166e-03 | 42 -0.01656 -1.23448e-04
 43  0.00610 -6.63057e-05 | 44  0.06749  1.23976e-03 | 45  0.06566 -1.25609e-03
 46  0.03739  1.72548e-03 | 47  0.10515  3.64101e-03 | 48  0.03997 -3.52081e-04
 49  0.00877  4.63391e-03 | 50  0.12491  7.15290e-03 | 51  0.00178  6.47948e-03
 52  0.15396  8.87085e-03 | 53 -0.00739  4.47063e-03 | 54 -0.00557  5.14050e-04
 55 -0.03137  2.09820e-03 | 56  0.11536  6.37647e-03 | 57  0.00307 -6.97238e-05
 58 -0.07788 -2.71996e-03 | 59 -0.17459 -3.93967e-03 | 60 -0.16466  2.10898e-03
 61  0.19650  2.15195e-02 | 62 -0.12546  1.56480e-03 | 63  0.04108  3.20688e-03
 64  0.00544  1.83323e-03 | 65  0.02958  2.47385e-03 | 66  0.02732  1.82311e-03
 67 -0.03943  1.20482e-04 | 68  0.01750  1.32358e-03 | 69 -0.11190 -2.16993e-03
 70  0.02755 -1.61919e-03 | 71 -0.11207 -4.12343e-03 | 72 -0.04517 -3.93472e-03
 73 -0.12562 -3.65966e-03 | 74 -0.10585 -2.99770e-03 | 75 -0.06634  1.43425e-03
 76  0.28952  8.95033e-03 | 77 -0.11288  3.18232e-04 | 78  0.03575 -1.85595e-03
 79 -0.01046 -3.40753e-03 | 80  0.10482  4.62700e-04 | 81 -0.06862 -3.41482e-03
 82 -0.18633 -5.33068e-03 | 83 -0.22140 -5.53291e-03 | 84 -0.06762 -5.49836e-03
 85 -0.06511 -3.40030e-03 | 86  0.08949 -1.52882e-03 | 87  0.15034  1.35192e-03
 88  0.00076 -3.07125e-03 | 89  0.05510 -3.92124e-04 | 90  0.19661 -2.60548e-03
 91 -0.05919 -1.98632e-03 | 92  0.02727 -2.84811e-03 | 93  0.05737 -3.20228e-03
 94 -0.02365 -3.33407e-03 | 95 -0.12542 -3.23259e-03 | 96 -0.09119 -4.35157e-03
 97  0.01275 -3.77454e-03 | 98  0.05655 -4.74895e-03 | 99 -0.04820 -3.00765e-03
100  0.04412 -1.12030e-03 |101  0.10063 -2.43692e-03 |102  0.00000  0.00000e+00
103  0.00000  0.00000e+00 |104  0.00000  0.00000e+00 |105  0.00000  0.00000e+00
106  0.00000  0.00000e+00 |107  0.00000  0.00000e+00 |108  0.00000  0.00000e+00
109  0.00000  0.00000e+00 |110  0.00000  0.00000e+00 |111  0.00000  0.00000e+00
112  0.00000  0.00000e+00 |113  0.00000  0.00000e+00 |114 -0.27540 -4.15699e-04
115 -0.12389  4.36415e-05 |116  0.16161 -2.69589e-04 |117 -0.11480 -1.26238e-03
118  0.11141 -9.02184e-04 |119  0.03277  4.26007e-04 |120  0.07318  1.10795e-03
121  0.06305 -1.32055e-03 |122  0.19084  2.01703e-03 |123 -0.11345 -5.10657e-03
124  0.31905  4.25123e-03 |125 -0.03502 -3.02090e-03 |126  0.24550  3.66212e-04
127 -0.05869 -4.59371e-04 |128 -0.14200  3.45737e-03 |129 -0.32577 -4.22839e-04
130 -0.14056  2.27708e-03 |131 -0.05254  5.88588e-03 |132 -0.01566 -1.02282e-04
133 -0.01055  2.21966e-04 |134 -0.11383  1.64397e-04 |135  0.06753 -2.18423e-03
136  0.69116  6.85504e-05 |137 -0.22278 -2.34061e-03 |138 -0.08012  6.43653e-04
139 -0.05093 -4.19392e-03 |140  0.47363 -3.24871e-03 |141 -0.15116  2.40482e-03
142 -0.12020  5.48130e-03 |143 -0.35757 -1.34324e-03 |
size of file gradfil1.tmp = 0
size of file gradfil2.tmp = 0
size of file varssave.tmp = 0
size of file cmpdiff.tmp = 200000008
