
Initial statistics: 4 variables; iteration 0; function evaluation 0; phase 1
Function value 3.8058751e+03; maximum gradient component mag 1.6575e+02
Var    Value     Gradient |Var    Value     Gradient |Var    Value     Gradient
  1  0.20737  1.65752e+02 |  2 -0.59033 -8.52538e+00 |  3 -0.12819  4.43198e+00
  4 -0.21635 -5.63217e+01 |

 - final statistics:
4 variables; iteration 6; function evaluation 22
Function value 3.7331e+03; maximum gradient component mag -7.8413e+00
Exit code = 1;  converg criter 1.0000e+01
Var    Value     Gradient |Var    Value     Gradient |Var    Value     Gradient
  1 -0.06741 -7.84125e+00 |  2 -0.27458  1.25076e-01 |  3 -0.26057  7.06107e-01
  4  0.08878 -4.62454e-01 |

Initial statistics: 14 variables; iteration 0; function evaluation 0; phase 2
Function value 3.7331440e+03; maximum gradient component mag 1.1268e+03
Var    Value     Gradient |Var    Value     Gradient |Var    Value     Gradient
  1 -0.26966 -2.49311e+02 |  2  0.00000 -9.45842e+01 |  3 -0.26198 -4.08955e+02
  4 -0.03352 -1.05584e+02 |  5  0.18446  2.08505e+02 |  6 -0.04247 -1.32931e+02
  7  0.33333  1.12676e+03 |  8 -0.53989  4.29259e+01 |  9  0.00000 -1.36877e+02
 10 -0.21635 -1.92267e+01 | 11 -0.06741 -7.84125e+00 | 12 -0.27458  1.25076e-01
 13 -0.26057  7.06107e-01 | 14  0.08878 -4.62454e-01 |

Intermediate statistics: 14 variables; iteration 20; function evaluation 30; phase 2
Function value 3.3841671e+03; maximum gradient component mag 2.8127e+01
Var    Value     Gradient |Var    Value     Gradient |Var    Value     Gradient
  1 -0.17764  2.81266e+01 |  2  0.07237  5.13283e-01 |  3 -0.09411  1.61436e+00
  4 -0.04754 -4.37272e-01 |  5 -0.43305 -1.06265e+00 |  6  0.00858  4.18122e+00
  7  0.13823  1.15408e+01 |  8 -0.26906  4.07454e+00 |  9  0.28522  1.11303e+00
 10 -0.27070 -2.45956e+00 | 11  0.15404 -1.45471e+01 | 12 -0.24451  8.41319e-02
 13 -0.21157 -1.69047e-01 | 14  0.10434 -4.49749e-02 |

 - final statistics:
14 variables; iteration 24; function evaluation 34
Function value 3.3839e+03; maximum gradient component mag 6.3039e+00
Exit code = 1;  converg criter 1.0000e+01
Var    Value     Gradient |Var    Value     Gradient |Var    Value     Gradient
  1 -0.16021  6.30388e+00 |  2  0.07175  3.41006e-01 |  3 -0.09376  8.22702e-01
  4 -0.04692 -8.63301e-01 |  5 -0.43390 -6.93852e-01 |  6 -0.00227  6.95916e-01
  7  0.13815  1.21666e+00 |  8 -0.27236  5.95936e-01 |  9  0.28383 -5.78147e-01
 10 -0.26245 -8.03721e-01 | 11  0.22994 -2.10871e+00 | 12 -0.24396  2.57489e-02
 13 -0.19653  4.61147e-02 | 14  0.10601 -9.56136e-03 |

Initial statistics: 42 variables; iteration 0; function evaluation 0; phase 3
Function value 3.3838535e+03; maximum gradient component mag 1.4808e+03
Var    Value     Gradient |Var    Value     Gradient |Var    Value     Gradient
  1 -0.16021  6.30388e+00 |  2  0.07175  3.41006e-01 |  3 -0.09376  8.22702e-01
  4 -0.04692 -8.63301e-01 |  5 -0.43390 -6.93852e-01 |  6 -0.00227  6.95916e-01
  7  0.13815  1.21666e+00 |  8 -0.27236  5.95936e-01 |  9  0.28383 -5.78147e-01
 10 -0.26245 -8.03721e-01 | 11  0.22994 -2.10871e+00 | 12 -0.24396  2.57489e-02
 13 -0.19653  4.61147e-02 | 14  0.10601 -9.56136e-03 | 15 -0.12294 -4.16262e+02
 16 -0.31415  1.51612e+02 | 17 -0.12294  5.74995e+01 | 18 -0.51552 -3.38800e+01
 19 -0.40967 -3.69424e+02 | 20 -0.33333  1.37617e+02 | 21 -0.11760 -5.40715e+01
 22 -0.31415  1.86901e+01 | 23  0.14414  1.19919e+03 | 24 -1.00000 -8.66316e-08
 25 -0.32395 -2.63527e+02 | 26 -0.40967  1.10819e+02 | 27  0.02302  1.48080e+03
 28 -0.31415 -1.07828e+03 | 29  0.53959  4.10930e-03 | 30  0.62714  1.04356e-02
 31  0.00000  5.88633e+02 | 32 -0.21635 -3.57941e+02 | 33  0.16024  7.65093e+01
 34 -0.11760  1.00737e+02 | 35 -0.10723 -2.22233e+02 | 36 -0.10723  4.93680e-04
 37 -0.71990 -5.35814e-01 | 38  0.62714  7.93623e-03 | 39 -0.12294 -6.95115e+01
 40 -0.31415  2.35703e+01 | 41  0.02302  2.18674e+02 | 42 -0.31415 -1.58648e+02

Intermediate statistics: 42 variables; iteration 20; function evaluation 33; phase 3
Function value 2.9710971e+03; maximum gradient component mag 4.3861e+02
Var    Value     Gradient |Var    Value     Gradient |Var    Value     Gradient
  1 -0.06717  4.38611e+02 |  2  0.08512  6.06052e+01 |  3 -0.15530  6.16196e+01
  4  0.00907  1.37090e+02 |  5 -0.43383  7.22198e+01 |  6 -0.05804  1.15410e+02
  7  0.04038  1.23993e+02 |  8  0.09524  4.21875e+01 |  9 -0.10355  4.77140e+01
 10  0.14113  4.22915e+01 | 11  0.21105 -1.05740e+02 | 12 -0.24662  3.36046e-03
 13 -0.21923 -5.07017e-01 | 14  0.10482  1.97735e-03 | 15  0.04353 -2.04451e+02
 16 -0.21639  1.11325e+02 | 17 -0.04227 -1.20357e+01 | 18 -0.22452 -1.27338e+00
 19  0.05964 -8.26470e+01 | 20  0.04248  7.83283e+01 | 21  0.15817 -1.50677e+01
 22 -0.14068  1.73072e+01 | 23  0.05177  1.61501e+02 | 24 -0.97330 -4.76912e+00
 25  0.12849 -1.38954e+02 | 26 -0.09175  1.61523e+02 | 27 -0.26027  4.33010e+01
 28 -0.62865 -2.00468e+01 | 29  0.53942  3.86546e-03 | 30  0.62674  7.46928e-03
 31  0.24591  1.13443e+02 | 32  0.15483 -5.94887e+01 | 33 -0.59654  4.82803e+00
 34 -0.28715 -6.38700e+00 | 35  0.52366 -7.60482e-02 | 36 -0.10716 -3.42054e-03
 37 -0.71690 -6.84460e-02 | 38  0.62698 -6.14704e-04 | 39  0.44821 -1.14507e+01
 40 -0.14054  2.64618e+01 | 41  0.27719 -1.07799e+01 | 42 -0.03918  4.91957e+01
42 variables; iteration 40; function evaluation 62; phase 3
Function value 2.9289790e+03; maximum gradient component mag -2.8347e+02
Var    Value     Gradient |Var    Value     Gradient |Var    Value     Gradient
  1 -0.13017  2.42864e+02 |  2  0.04287 -9.82386e+00 |  3 -0.10578  2.27771e+01
  4 -0.04754  3.22785e+01 |  5 -0.40846 -1.27650e+00 |  6 -0.06870 -1.29670e+01
  7  0.05286  9.45061e+01 |  8  0.06234  4.53235e+01 |  9 -0.04604  3.21594e+01
 10  0.06068 -1.47862e+01 | 11  0.09449 -1.52487e+02 | 12 -0.14701  1.87358e+00
 13  0.02649  1.56281e+01 | 14 -0.14662 -3.32769e+01 | 15  0.13430 -1.09805e+02
 16 -0.13947  1.14402e+02 | 17  0.17032 -4.08489e+00 | 18  0.08451  5.39468e+00
 19  0.00367 -6.58520e+00 | 20 -0.05175 -2.13303e+01 | 21  0.26942 -7.55790e+00
 22 -0.05877  2.18821e+01 | 23  0.06163 -2.83474e+02 | 24 -0.49722  1.39532e+01
 25  0.10698 -7.96573e+01 | 26 -0.14911  5.46240e+01 | 27 -0.24655  6.51805e+01
 28 -0.56766 -2.62764e+01 | 29  0.53107  3.97904e-03 | 30  0.60884  8.78652e-03
 31  0.07807  1.62082e+01 | 32  0.08423 -7.11225e-01 | 33 -0.28696 -3.03387e+00
 34  0.07328 -5.66992e+00 | 35  0.37486  9.43834e-02 | 36 -0.10481 -2.50578e-04
 37 -0.12894 -2.06242e+01 | 38  0.61876  5.23506e-03 | 39  0.45355 -4.92851e+00
 40 -0.15063  1.15649e+01 | 41  0.21874  1.01445e+01 | 42 -0.08112 -4.45158e+00
42 variables; iteration 60; function evaluation 85; phase 3
Function value 2.8748662e+03; maximum gradient component mag 3.8774e+01
Var    Value     Gradient |Var    Value     Gradient |Var    Value     Gradient
  1 -0.14887 -1.87482e+01 |  2  0.03354  4.41401e+00 |  3 -0.11509  8.38842e+00
  4 -0.05179  1.20961e+00 |  5 -0.41866 -6.13389e-01 |  6 -0.08431 -2.35291e+00
  7  0.06519  1.43705e+01 |  8  0.04424  6.06464e+00 |  9 -0.06462  1.67028e+00
 10  0.05969  3.59057e-01 | 11  0.05118 -1.13118e+00 | 12 -0.26182  1.51118e-01
 13 -0.26058 -1.89649e-01 | 14  0.22499  4.93072e+00 | 15  0.25114 -2.53953e+00
 16 -0.08490  2.17060e+01 | 17  0.51021  8.68693e-01 | 18  0.17879 -2.10723e-02
 19  0.20234  5.53947e+00 | 20  0.13528 -6.16600e+00 | 21  0.16504 -4.35727e-01
 22 -0.15527 -1.44946e+00 | 23  0.32397 -9.50435e+00 | 24 -0.06718 -4.23996e+00
 25  0.28069 -3.48833e+00 | 26 -0.06343  1.07668e+00 | 27 -0.15971  3.87739e+01
 28 -0.33441 -1.19283e+01 | 29  0.33978  3.57206e+00 | 30 -0.12273  1.80793e+00
 31  0.02606  6.05070e+00 | 32  0.04432  1.61624e+00 | 33 -0.15458  1.62096e+00
 34  0.68001  2.68588e-01 | 35  0.48245 -6.33422e-02 | 36 -0.05546 -2.74394e-04
 37 -0.09276  5.37322e-01 | 38  0.44506  2.64132e-03 | 39  0.63138  2.60704e+00
 40 -0.10357 -2.37156e+00 | 41  0.12516  1.36807e+00 | 42 -0.13837 -3.74513e+00
Maximum number of function evaluations exceeded

 - final statistics:
42 variables; iteration 75; function evaluation 100
Function value 2.8734e+03; maximum gradient component mag -6.9954e+00
Exit code = 3;  converg criter 1.0000e+00
Var    Value     Gradient |Var    Value     Gradient |Var    Value     Gradient
  1 -0.13716 -6.99541e+00 |  2  0.03525  2.13169e-01 |  3 -0.12096  6.51727e-01
  4 -0.05052 -2.70647e-01 |  5 -0.41813 -4.08723e-01 |  6 -0.09420 -4.42208e-01
  7  0.06365 -1.86073e+00 |  8  0.04860  2.35878e-02 |  9 -0.06727 -1.95975e-01
 10  0.06040 -3.22216e-01 | 11  0.06414  3.34607e+00 | 12 -0.26691  3.96330e-03
 13 -0.25405  1.27286e-01 | 14  0.08936 -6.20169e-01 | 15  0.23432  3.23285e+00
 16 -0.09743 -2.58233e+00 | 17  0.19428  4.68160e-01 | 18 -0.00465 -7.51317e-01
 19  0.20928  6.25144e-01 | 20  0.13908 -2.87888e-01 | 21  0.18601  5.34711e-04
 22 -0.13892 -1.11513e-01 | 23  0.35164  2.53329e-01 | 24 -0.04057 -2.12258e+00
 25  0.31015  7.97633e-01 | 26 -0.05188 -1.12603e+00 | 27 -0.17944  1.23457e+00
 28 -0.36073 -1.80263e+00 | 29  0.39194  3.63765e-02 | 30 -0.48314 -4.25915e-03
 31  0.01390  3.24918e+00 | 32  0.02544 -2.45859e+00 | 33 -0.13455  6.14294e-01
 34  0.69160  1.68990e-01 | 35  0.45865 -1.79465e-02 | 36 -0.03776 -1.86585e-04
 37 -0.09690 -5.61691e-01 | 38  0.32990  1.79134e-03 | 39  0.57653  2.19603e+00
 40 -0.11822 -7.94562e-02 | 41  0.16241 -5.39055e-01 | 42 -0.11229  1.05232e+00

Initial statistics: 132 variables; iteration 0; function evaluation 0; phase 4
Function value 2.8733741e+03; maximum gradient component mag -8.0187e+02
Var    Value     Gradient |Var    Value     Gradient |Var    Value     Gradient
  1 -0.13716 -6.99541e+00 |  2  0.03525  2.13169e-01 |  3 -0.12096  6.51727e-01
  4 -0.05052 -2.70647e-01 |  5 -0.41813 -4.08723e-01 |  6 -0.09420 -4.42208e-01
  7  0.06365 -1.86073e+00 |  8  0.04860  2.35878e-02 |  9 -0.06727 -1.95975e-01
 10  0.06040 -3.22216e-01 | 11  0.06414  3.34607e+00 | 12  0.00000 -6.08029e-01
 13  0.00000 -6.92511e-01 | 14  0.00000 -7.88253e-01 | 15  0.00000 -8.96670e-01
 16  0.00000 -1.01948e+00 | 17  0.00000 -1.15896e+00 | 18  0.00000 -1.31752e+00
 19  0.00000 -1.49705e+00 | 20  0.00000 -1.69920e+00 | 21  0.00000 -1.92707e+00
 22  0.00000 -2.17847e+00 | 23  0.00000 -2.45619e+00 | 24  0.00000 -2.76428e+00
 25  0.00000 -3.10298e+00 | 26  0.00000 -3.46855e+00 | 27  0.00000 -3.84995e+00
 28  0.00000 -4.24561e+00 | 29  0.00000 -4.64998e+00 | 30  0.00000 -5.05040e+00
 31  0.00000 -5.44383e+00 | 32  0.00000 -5.84945e+00 | 33  0.00000 -6.33132e+00
 34  0.00000 -6.97899e+00 | 35  0.00000 -7.86524e+00 | 36  0.00000 -8.85292e+00
 37  0.00000 -9.47041e+00 | 38  0.00000 -8.82140e+00 | 39  0.00000 -6.09786e+00
 40  0.00000 -1.62829e+00 | 41  0.00000  2.45160e+00 | 42  0.00000  3.48142e+00
 43  0.00000 -2.73406e-01 | 44  0.00000 -7.40189e+00 | 45  0.00000 -1.39129e+01
 46  0.00000 -2.04392e+01 | 47  0.00000 -2.46080e+01 | 48  0.00000 -1.49056e+01
 49  0.00000 -8.98950e+00 | 50  0.00000 -2.95966e+01 | 51  0.00000 -6.18010e+01
 52  0.00000 -8.49484e+01 | 53  0.00000  1.89373e+01 | 54  0.00000  1.20762e+02
 55  0.00000  1.06845e+02 | 56  0.00000  2.12702e+00 | 57  0.00000  1.31362e+02
 58  0.00000  2.70204e+02 | 59  0.00000  2.93539e+02 | 60  0.00000 -5.16947e+01
 61  0.00000 -5.22825e+02 | 62  0.00000 -3.92057e+01 | 63  0.00000  3.00069e+01
 64  0.00000  2.64256e+01 | 65  0.00000 -3.57762e+01 | 66  0.00000 -4.50279e+01
 67  0.00000  1.08558e+01 | 68  0.00000  9.42051e+00 | 69  0.00000  5.92442e+01
 70  0.00000  6.84112e+00 | 71  0.00000  1.21525e+02 | 72  0.00000  1.46425e+02
 73  0.00000  2.11498e+02 | 74  0.00000  1.72014e+02 | 75  0.00000 -2.61726e+02
 76  0.00000 -8.01866e+02 | 77  0.00000 -1.31195e+02 | 78  0.00000  5.07257e+01
 79  0.00000  1.27260e+02 | 80  0.00000 -5.91527e+01 | 81  0.00000  2.04417e+02
 82  0.00000  3.11368e+02 | 83  0.00000  3.39570e+02 | 84  0.00000  2.19771e+02
 85  0.00000  1.61829e+02 | 86  0.00000 -2.02692e+02 | 87  0.00000 -3.61635e+02
 88  0.00000 -4.55524e+01 | 89  0.00000 -1.85057e+02 | 90  0.00000 -4.85077e+02
 91  0.00000  1.11611e+01 | 92  0.00000  2.44900e+01 | 93  0.00000  9.59116e+00
 94  0.00000  1.01904e+02 | 95  0.00000  1.98154e+02 | 96  0.00000  1.20451e+02
 97  0.00000  3.11910e+01 | 98  0.00000 -7.36295e+01 | 99  0.00000  4.09859e+01
100  0.00000 -7.14038e+00 |101  0.00000 -1.09293e+01 |102 -0.26691  3.96330e-03
103 -0.25405  1.27286e-01 |104  0.08936 -6.20169e-01 |105  0.23432  3.23285e+00
106 -0.09743 -2.58233e+00 |107  0.19428  4.68160e-01 |108 -0.00465 -7.51317e-01
109  0.20928  6.25144e-01 |110  0.13908 -2.87888e-01 |111  0.18601  5.34711e-04
112 -0.13892 -1.11513e-01 |113  0.35164  2.53329e-01 |114 -0.04057 -2.12258e+00
115  0.31015  7.97633e-01 |116 -0.05188 -1.12603e+00 |117 -0.17944  1.23457e+00
118 -0.36073 -1.80263e+00 |119  0.39194  3.63765e-02 |120 -0.48314 -4.25915e-03
121  0.01390  3.24918e+00 |122  0.02544 -2.45859e+00 |123 -0.13455  6.14294e-01
124  0.69160  1.68990e-01 |125  0.45865 -1.79465e-02 |126 -0.03776 -1.86585e-04
127 -0.09690 -5.61691e-01 |128  0.32990  1.79134e-03 |129  0.57653  2.19603e+00
130 -0.11822 -7.94562e-02 |131  0.16241 -5.39055e-01 |132 -0.11229  1.05232e+00

Intermediate statistics: 132 variables; iteration 20; function evaluation 27; phase 4
Function value 2.3973507e+03; maximum gradient component mag 4.1048e+02
Var    Value     Gradient |Var    Value     Gradient |Var    Value     Gradient
  1 -0.22703 -1.04831e+02 |  2  0.02162  4.79257e+01 |  3 -0.08046  5.34678e+01
  4  0.04078  4.99382e+01 |  5 -0.43393  9.78400e+00 |  6  0.01050 -3.56995e+01
  7  0.07741  1.95596e+02 |  8  0.03030  6.27236e+01 |  9  0.12761  3.31570e+01
 10 -0.03589  9.49900e+00 | 11 -0.15786  5.80360e+01 | 12  0.00661  2.11969e-01
 13  0.00749  2.45568e-01 | 14  0.00850  2.84422e-01 | 15  0.00964  3.29314e-01
 16  0.01093  3.81291e-01 | 17  0.01241  4.41481e-01 | 18  0.01413  5.11228e-01
 19  0.01611  5.92053e-01 | 20  0.01840  6.85888e-01 | 21  0.02105  7.94903e-01
 22  0.02405  9.20989e-01 | 23  0.02744  1.06617e+00 | 24  0.03132  1.23593e+00
 25  0.03568  1.43370e+00 | 26  0.04042  1.66297e+00 | 27  0.04518  1.92612e+00
 28  0.04958  2.22547e+00 | 29  0.05304  2.55949e+00 | 30  0.05475  2.92175e+00
 31  0.05419  3.28823e+00 | 32  0.05168  3.63455e+00 | 33  0.04899  3.96563e+00
 34  0.04879  4.34663e+00 | 35  0.05375  4.87022e+00 | 36  0.06365  5.49239e+00
 37  0.07205  5.97429e+00 | 38  0.06451  5.90524e+00 | 39  0.03242  4.66783e+00
 40 -0.00831  2.27376e+00 | 41 -0.03662  3.24689e-01 | 42 -0.04043  1.21373e-01
 43 -0.01004  2.68331e+00 | 44  0.04976  8.06583e+00 | 45  0.07216  1.26301e+01
 46  0.07385  1.55506e+01 | 47  0.11319  1.88975e+01 | 48  0.03328  6.64629e+00
 49 -0.02222 -3.77486e-01 | 50  0.08918  3.85447e+00 | 51 -0.05748 -3.98884e+00
 52  0.16076  2.62639e+01 | 53 -0.12174 -1.16674e+01 | 54 -0.02264 -8.49229e+00
 55 -0.04819  8.42142e-01 | 56  0.10259  4.40431e+01 | 57 -0.00921  2.07806e+01
 58 -0.06739  1.61422e+01 | 59 -0.12743  5.30406e+00 | 60 -0.29396 -2.31011e+01
 61  0.19775 -4.98473e+01 | 62 -0.27527 -2.06227e+01 | 63  0.04351  5.01701e+00
 64  0.01344  1.36014e+01 | 65  0.04386  2.96319e+01 | 66  0.04441  4.15744e+01
 67 -0.01825  2.83861e+01 | 68  0.02932  3.94368e+01 | 69 -0.11180  5.98546e+00
 70  0.03846  2.01283e+01 | 71 -0.11996 -9.05562e+00 | 72 -0.04173 -1.14490e+01
 73 -0.15195 -1.78301e+01 | 74 -0.14138 -2.51766e+01 | 75 -0.18089 -1.48847e+01
 76  0.30964  4.10476e+02 | 77 -0.33687 -2.27824e+01 | 78  0.03225 -1.05210e+00
 79 -0.10056 -2.58039e+01 | 80  0.07450 -7.87976e+01 | 81 -0.09761 -1.70794e+01
 82 -0.24735 -1.81903e+01 | 83 -0.28922 -1.44918e+01 | 84 -0.06322  1.05278e+00
 85 -0.25268 -2.41898e+01 | 86  0.08806 -7.38290e+01 | 87  0.10900 -2.20848e+02
 88 -0.02191 -3.22240e+01 | 89  0.04579  1.93635e+00 | 90  0.19239  1.00045e+02
 91 -0.09316 -1.07065e+01 | 92  0.02334  1.10185e+01 | 93  0.05200  5.37181e+00
 94 -0.02767 -4.61593e-01 | 95 -0.19936 -1.10129e+01 | 96 -0.06742 -2.28101e+00
 97 -0.02568 -7.15048e+00 | 98  0.05838  1.08343e+01 | 99 -0.07434 -9.06414e+00
100  0.02822  3.67271e-01 |101  0.11716  5.86687e+00 |102 -0.28595  7.17608e-01
103 -0.31249 -8.50672e-01 |104 -0.09915  2.34965e+00 |105  0.18006 -1.17001e+02
106 -0.07382  1.97249e+02 |107  0.13115  1.80397e+00 |108  0.04914 -7.73548e-01
109  0.03906 -6.99345e+00 |110  0.03167  5.40092e+00 |111  0.19562 -3.50946e-01
112 -0.10430  1.38311e+00 |113  0.34170  6.23475e+00 |114 -0.02294 -3.91909e+00
115  0.13433  2.08473e+01 |116 -0.11591 -3.15853e+01 |117 -0.19075  6.06352e+01
118 -0.41458 -2.17263e+01 |119  0.24058  9.80528e+00 |120 -0.48284 -2.39657e-02
121 -0.00051  7.12737e+00 |122 -0.00017 -3.69104e-01 |123 -0.14463  1.31176e+00
124  0.66318  1.91619e+00 |125  0.47492 -1.13567e+00 |126 -0.03776 -1.86546e-04
127 -0.05739 -9.12492e+00 |128  0.32985  1.79230e-03 |129  0.52145 -6.08244e-01
130 -0.12091  7.66873e+00 |131  0.07061  1.04950e+01 |132 -0.18357 -6.21288e+00
132 variables; iteration 40; function evaluation 47; phase 4
Function value 2.3751996e+03; maximum gradient component mag 1.8741e+02
Var    Value     Gradient |Var    Value     Gradient |Var    Value     Gradient
  1 -0.20950  1.87411e+02 |  2  0.00790 -1.47942e+01 |  3 -0.05269  9.78901e+00
  4 -0.00256  2.05267e+00 |  5 -0.41892 -2.71947e+01 |  6  0.02106  1.38216e+01
  7  0.09839  7.68260e+01 |  8 -0.08577  2.57460e+01 |  9  0.18829  3.97275e+00
 10 -0.13635 -1.10578e+01 | 11 -0.11187 -1.19570e+02 | 12  0.00923  2.21023e-01
 13  0.01027  2.37194e-01 | 14  0.01141  2.53413e-01 | 15  0.01266  2.69099e-01
 16  0.01403  2.83841e-01 | 17  0.01557  2.98614e-01 | 18  0.01735  3.15524e-01
 19  0.01944  3.35168e-01 | 20  0.02181  3.55409e-01 | 21  0.02448  3.73556e-01
 22  0.02739  3.86058e-01 | 23  0.03060  3.94184e-01 | 24  0.03428  3.98606e-01
 25  0.03849  3.98181e-01 | 26  0.04308  3.84091e-01 | 27  0.04745  3.34191e-01
 28  0.05097  2.28787e-01 | 29  0.05278  5.05325e-02 | 30  0.05224 -1.97393e-01
 31  0.05031 -4.67103e-01 | 32  0.04867 -7.22476e-01 | 33  0.04833 -1.02477e+00
 34  0.04957 -1.52216e+00 | 35  0.05435 -2.35802e+00 | 36  0.06700 -3.70204e+00
 37  0.08530 -5.78818e+00 | 38  0.06894 -6.35920e+00 | 39  0.02313 -5.81611e+00
 40 -0.01162 -5.82619e+00 | 41 -0.03359 -6.40010e+00 | 42 -0.04100 -7.65829e+00
 43 -0.02861 -1.00389e+01 | 44  0.05283 -1.97679e+01 | 45  0.06231 -2.81267e+01
 46  0.02293 -2.74928e+01 | 47  0.07515 -5.66105e+01 | 48  0.00572 -3.39134e+01
 49 -0.05400 -1.93428e+01 | 50  0.08950 -2.25332e+01 | 51 -0.03008 -4.07011e+00
 52  0.15270  2.19317e+01 | 53 -0.06310 -6.23504e+00 | 54 -0.03957 -1.18895e+01
 55 -0.05027 -5.54366e+00 | 56  0.09309  4.29082e+00 | 57 -0.02924  4.49522e-01
 58 -0.06902  1.06235e+01 | 59 -0.13845  3.48879e+00 | 60 -0.20700 -1.64485e+01
 61  0.19152 -4.88997e+01 | 62 -0.17587 -9.47643e+00 | 63  0.04454  2.64517e+01
 64  0.01857  2.45167e+01 | 65  0.04067  1.32828e+01 | 66  0.03401 -8.67716e+00
 67 -0.02842 -9.82921e+00 | 68  0.00966 -2.76705e+01 | 69 -0.11060 -6.51002e+00
 70  0.02629 -1.53184e+01 | 71 -0.10249 -3.30752e+00 | 72 -0.04015  3.17233e+00
 73 -0.10876  9.65969e-01 | 74 -0.10617 -9.46045e+00 | 75 -0.23499 -2.00540e+01
 76  0.29483  1.34079e+02 | 77 -0.21925 -1.27204e+01 | 78  0.03279  2.77802e+00
 79 -0.06390 -6.34498e+00 | 80  0.09145 -1.24040e+00 | 81 -0.08532 -8.23952e+00
 82 -0.20183 -2.26720e+00 | 83 -0.23505  1.02711e+00 | 84 -0.09213 -9.39718e+00
 85 -0.05992  2.63535e+01 | 86  0.08805 -1.92979e+01 | 87  0.14505 -8.24803e+01
 88 -0.00364 -1.22222e+01 | 89  0.05121 -3.22401e+00 | 90  0.19518  4.56252e+01
 91 -0.06544  2.37362e+00 | 92  0.02902  1.15190e+01 | 93  0.05036 -6.90001e+00
 94 -0.03058 -4.60013e+00 | 95 -0.15979  6.23843e-02 | 96 -0.07627 -1.13425e+01
 97 -0.04482 -3.16958e+01 | 98  0.08006  6.14821e+01 | 99 -0.06334 -6.30399e+00
100  0.04205  5.85587e+00 |101  0.12093  9.50431e-01 |102 -0.53927 -5.75911e+00
103 -0.20605  7.75958e+00 |104 -0.09191  2.60809e+00 |105  0.14448 -5.55230e+01
106 -0.11142  7.81113e+01 |107 -0.00461 -1.39051e+00 |108 -0.12673 -2.67579e+00
109 -0.04014 -2.47324e+01 |110 -0.05034  1.32124e+01 |111  0.17858 -5.60441e-01
112 -0.11310  6.46498e-01 |113  0.32661 -1.55681e+01 |114 -0.02566  1.02921e+01
115  0.07246 -4.42636e+00 |116 -0.15002 -4.21305e+00 |117 -0.18077  1.73366e+01
118 -0.38353 -6.16672e+00 |119  0.23538  5.94836e-01 |120 -0.45989 -5.28011e-02
121 -0.00531  3.19843e+01 |122 -0.02146 -1.43772e+01 |123 -0.12939  8.31716e+00
124 -0.49317  3.50976e+00 |125  0.86314  1.31569e-02 |126 -0.03804 -1.29961e-01
127 -0.11205 -1.59307e+00 |128  0.32644 -1.40889e-01 |129  0.31849 -2.81666e+01
130 -0.23346  1.51997e+01 |131  0.06802  1.07979e+01 |132 -0.19651 -9.71230e+00
132 variables; iteration 60; function evaluation 69; phase 4
Function value 2.3630179e+03; maximum gradient component mag -3.6325e+01
Var    Value     Gradient |Var    Value     Gradient |Var    Value     Gradient
  1 -0.20845 -1.12180e+01 |  2 -0.00268 -2.20054e+01 |  3 -0.04091 -4.14629e+00
  4 -0.02062 -1.95394e+01 |  5 -0.40577 -1.74003e+01 |  6  0.00063 -9.45965e+00
  7  0.08018 -2.12401e+01 |  8 -0.03931 -5.86538e-02 |  9  0.18309 -6.26470e-01
 10 -0.07571 -3.17179e+00 | 11 -0.09909  1.74326e+01 | 12  0.00687  1.35121e-01
 13  0.00769  1.47549e-01 | 14  0.00859  1.60783e-01 | 15  0.00959  1.74464e-01
 16  0.01069  1.88567e-01 | 17  0.01194  2.04026e-01 | 18  0.01340  2.23242e-01
 19  0.01512  2.48084e-01 | 20  0.01711  2.78164e-01 | 21  0.01937  3.11561e-01
 22  0.02190  3.49520e-01 | 23  0.02478  3.94243e-01 | 24  0.02818  4.54131e-01
 25  0.03226  5.36878e-01 | 26  0.03698  6.42990e-01 | 27  0.04177  7.51265e-01
 28  0.04574  8.24594e-01 | 29  0.04769  8.21937e-01 | 30  0.04686  7.38792e-01
 31  0.04439  6.45767e-01 | 32  0.04170  5.92940e-01 | 33  0.03954  5.28804e-01
 34  0.03852  3.63184e-01 | 35  0.03971  3.07957e-02 | 36  0.04807 -2.16963e-01
 37  0.06987  1.18836e-02 | 38  0.04435 -6.20563e-01 | 39  0.02057 -3.11770e-01
 40  0.00511  8.21578e-01 | 41 -0.01511  4.79738e-01 | 42 -0.01623  1.40354e-01
 43 -0.02011 -2.60987e+00 | 44 -0.01464 -4.98552e+00 | 45  0.08886 -2.46846e+00
 46 -0.01377 -4.86702e+00 | 47  0.12741 -1.09208e+01 | 48 -0.08075 -1.04176e+01
 49  0.00084 -3.16122e+00 | 50  0.07275  4.76058e+00 | 51 -0.01855  1.99190e+00
 52  0.13826  3.26805e+01 | 53 -0.05022  1.83896e+00 | 54 -0.03022  4.88869e+00
 55 -0.04249  4.17700e+00 | 56  0.07969  1.97296e+00 | 57 -0.01275  1.29859e+01
 58 -0.08771  1.00211e+01 | 59 -0.12820  1.29720e+01 | 60 -0.16672 -7.22454e+00
 61  0.18845  1.76551e+01 | 62 -0.16146 -6.13256e+00 | 63  0.03314  1.03906e+01
 64  0.01197  9.83463e+00 | 65  0.03666 -6.40034e-01 | 66  0.03846 -1.18435e+01
 67 -0.03604 -9.51786e+00 | 68  0.02355 -9.81947e+00 | 69 -0.10095 -2.54938e+00
 70  0.02431 -1.93594e+01 | 71 -0.08638  2.35576e+00 | 72 -0.04277  7.82395e+00
 73 -0.09774  1.16324e+01 | 74 -0.08978  4.71285e+00 | 75 -0.20287 -1.76433e+01
 76  0.27260 -3.63247e+01 | 77 -0.20091 -1.07782e+01 | 78  0.02072 -2.80558e+00
 79 -0.06247 -1.26630e+00 | 80  0.08906  1.51923e+01 | 81 -0.07520  6.80965e+00
 82 -0.17851  1.12455e+01 | 83 -0.21900  8.37365e+00 | 84 -0.08658 -3.28993e+00
 85 -0.06904  1.79387e+01 | 86  0.08763 -2.83785e+00 | 87  0.16034  1.85058e+01
 88 -0.01142 -9.27977e+00 | 89  0.05383 -1.46237e+00 | 90  0.19031 -4.95258e+00
 91 -0.08493 -1.36986e+01 | 92  0.02070 -7.07788e+00 | 93  0.05844  9.62229e+00
 94 -0.02713  1.22963e+00 | 95 -0.15046  3.71166e+00 | 96 -0.06612 -1.03686e+00
 97 -0.01897  1.29245e+00 | 98  0.06266  2.33090e+01 | 99 -0.07148 -4.68225e+00
100  0.00469 -5.19666e+00 |101  0.13344  4.74371e+00 |102 -0.23238  1.57727e+00
103 -0.25785  2.85685e+00 |104 -0.13994 -4.49262e+00 |105  0.14396 -5.62324e-01
106 -0.12816 -1.93458e+00 |107  0.64026  5.55608e-01 |108  0.35342  1.59835e-01
109  0.00118 -2.89403e+00 |110 -0.01467 -2.22257e+00 |111  0.18839  2.41474e+00
112 -0.11439 -3.05698e+00 |113  0.32697  2.95713e+00 |114 -0.03558 -6.51234e+00
115  0.13001 -6.76191e+00 |116 -0.10303  6.47194e+00 |117 -0.19009 -1.43758e-01
118 -0.38798  1.51287e+00 |119  0.26512  7.18813e+00 |120 -0.42921 -2.33789e-02
121 -0.00748  5.75047e+00 |122 -0.00309  1.19841e+00 |123 -0.12010  4.69172e+00
124 -0.80225  4.06924e+00 |125  1.38143 -4.62140e-03 |126 -0.00474 -8.24809e-02
127 -0.14879  5.49596e+00 |128  0.34750 -1.91618e-01 |129  0.38573 -2.28725e+01
130 -0.17454  2.49058e+01 |131  0.04857  9.54727e+00 |132 -0.21303 -1.36631e+01
132 variables; iteration 80; function evaluation 92; phase 4
Function value 2.3593145e+03; maximum gradient component mag -3.9343e+01
Var    Value     Gradient |Var    Value     Gradient |Var    Value     Gradient
  1 -0.22185  2.40193e+01 |  2  0.01173  4.27949e+00 |  3 -0.05503  7.63632e+00
  4 -0.00394  9.86236e+00 |  5 -0.40592  3.96697e+00 |  6  0.02121  1.10284e+01
  7  0.07884 -2.05269e+01 |  8 -0.03333 -2.00123e+00 |  9  0.16807  2.82764e+00
 10 -0.07567  1.26302e+00 | 11 -0.10355 -1.79380e+01 | 12  0.00528 -8.22763e-02
 13  0.00597 -8.87337e-02 | 14  0.00675 -9.50470e-02 | 15  0.00764 -1.00497e-01
 16  0.00866 -1.04606e-01 | 17  0.00984 -1.07691e-01 | 18  0.01119 -1.11511e-01
 19  0.01273 -1.17221e-01 | 20  0.01450 -1.23403e-01 | 21  0.01655 -1.27485e-01
 22  0.01883 -1.31575e-01 | 23  0.02132 -1.39377e-01 | 24  0.02390 -1.63775e-01
 25  0.02628 -2.20519e-01 | 26  0.02816 -3.17639e-01 | 27  0.02950 -4.33179e-01
 28  0.03082 -5.20736e-01 | 29  0.03249 -5.40025e-01 | 30  0.03356 -5.15811e-01
 31  0.03186 -5.57383e-01 | 32  0.02698 -7.18976e-01 | 33  0.02262 -8.79122e-01
 34  0.02325 -8.74290e-01 | 35  0.03208 -6.68323e-01 | 36  0.04089 -8.26666e-01
 37  0.07205 -3.31450e-01 | 38  0.04686 -9.30300e-01 | 39  0.00850 -1.52852e+00
 40 -0.02135 -1.91971e+00 | 41 -0.03509 -1.84236e+00 | 42 -0.03893 -2.31055e+00
 43 -0.00992 -1.78904e+00 | 44 -0.00043 -3.94917e+00 | 45  0.07108 -5.93607e-01
 46  0.00045 -1.95845e+00 | 47  0.12371  2.99397e-01 | 48 -0.02052 -5.07086e+00
 49 -0.02976 -5.52218e+00 | 50  0.07071 -4.11310e+00 | 51 -0.01814 -4.09862e+00
 52  0.12502 -7.20444e-01 | 53 -0.03962  1.54919e+00 | 54 -0.02316  9.09171e+00
 55 -0.05813  1.85523e+00 | 56  0.08010 -3.32873e+00 | 57 -0.02629 -9.79423e-01
 58 -0.09542 -3.78391e-01 | 59 -0.15119  1.44391e+00 | 60 -0.16605 -8.02099e+00
 61  0.18477 -7.32159e+00 | 62 -0.16212 -6.91192e+00 | 63  0.02903 -2.21236e+00
 64 -0.00097 -5.00301e+00 | 65  0.03701  3.29874e+00 | 66  0.04150  3.48430e+00
 67 -0.03280 -2.19990e+00 | 68  0.02113 -2.16839e+00 | 69 -0.09989  9.79619e-01
 70  0.02683 -5.14066e+00 | 71 -0.08628  5.29557e+00 | 72 -0.04669  7.50363e+00
 73 -0.10410  9.91128e+00 | 74 -0.09590  4.14527e+00 | 75 -0.18382 -1.55438e+01
 76  0.26458 -3.93426e+01 | 77 -0.20404 -1.06892e+01 | 78  0.01273 -4.23605e+00
 79 -0.06376  2.81146e+00 | 80  0.07770  6.25985e-02 | 81 -0.08375  5.11449e+00
 82 -0.18663  1.04165e+01 | 83 -0.21829  1.12023e+01 | 84 -0.08071  7.34508e+00
 85 -0.10675  1.23054e+00 | 86  0.08038 -3.97874e-01 | 87  0.14710  6.39934e+00
 88 -0.01499 -4.17396e+00 | 89  0.03875 -9.79647e+00 | 90  0.17886 -8.24228e+00
 91 -0.07124  2.45416e+00 | 92  0.01422 -1.09854e+00 | 93  0.04315 -4.18460e+00
 94 -0.03779 -3.01081e+00 | 95 -0.16625  1.52677e+00 | 96 -0.06403  1.19372e+01
 97 -0.02844  7.47933e+00 | 98  0.03697 -6.20990e+00 | 99 -0.07058  2.05183e+00
100 -0.00034 -3.55841e+00 |101  0.10527  3.33773e-01 |102 -0.23458  1.54167e+00
103 -0.29354 -3.01872e-01 |104 -0.12402 -2.57460e+00 |105  0.15492  1.30270e+01
106 -0.12367 -1.72665e+01 |107  0.09008  2.79165e+00 |108 -0.03353 -2.88316e+00
109  0.03214 -3.13819e+00 |110  0.02478  5.19523e+00 |111  0.17642 -2.67980e+00
112 -0.10991  3.78019e+00 |113  0.33125 -7.19557e+00 |114 -0.02653  5.36907e+00
115  0.14985 -4.52804e+00 |116 -0.08447  1.00668e+01 |117 -0.19185 -6.41901e+00
118 -0.38765  4.63841e+00 |119  0.25926  7.39048e+00 |120 -0.34543 -8.99597e-02
121 -0.00509 -5.81285e+00 |122  0.00543  5.79247e+00 |123 -0.13509  1.95910e-02
124 -0.83447  1.79063e+00 |125  1.63309 -2.35593e-03 |126  0.04508 -4.77127e-02
127 -0.17185  3.02453e+00 |128  0.37033 -7.25493e-02 |129  0.41649 -8.62711e-01
130 -0.17928 -3.44334e+00 |131  0.06691 -1.43031e+00 |132 -0.18383  4.15160e+00
132 variables; iteration 100; function evaluation 115; phase 4
Function value 2.3571349e+03; maximum gradient component mag -4.0674e+01
Var    Value     Gradient |Var    Value     Gradient |Var    Value     Gradient
  1 -0.21628 -4.06738e+01 |  2  0.00941  6.45467e+00 |  3 -0.05734  1.81534e+00
  4 -0.00806  5.77367e+00 |  5 -0.40799  1.81251e+00 |  6  0.01177 -2.39038e+00
  7  0.08480  1.52515e+01 |  8 -0.04771  1.02142e+00 |  9  0.17479  4.71919e+00
 10 -0.08748  3.32066e+00 | 11 -0.11037  2.93514e+01 | 12  0.00630  9.25203e-02
 13  0.00707  1.02991e-01 | 14  0.00792  1.13586e-01 | 15  0.00884  1.23062e-01
 16  0.00983  1.30098e-01 | 17  0.01089  1.33705e-01 | 18  0.01207  1.34177e-01
 19  0.01338  1.32043e-01 | 20  0.01483  1.27214e-01 | 21  0.01650  1.23387e-01
 22  0.01860  1.39904e-01 | 23  0.02161  2.09330e-01 | 24  0.02629  3.78111e-01
 25  0.03259  6.34092e-01 | 26  0.03735  7.72101e-01 | 27  0.03595  5.37267e-01
 28  0.03074  1.12564e-01 | 29  0.03358  2.70655e-01 | 30  0.04827  1.25782e+00
 31  0.05358  1.80272e+00 | 32  0.04343  1.48966e+00 | 33  0.03436  1.17577e+00
 34  0.03135  1.11988e+00 | 35  0.05118  2.40716e+00 | 36  0.03233  7.61792e-01
 37  0.05261  1.87109e+00 | 38  0.07658  4.09526e+00 | 39  0.00971  1.04207e+00
 40 -0.00806  1.61096e+00 | 41 -0.03413  3.53854e-01 | 42 -0.03017  1.13725e+00
 43 -0.01307  1.50117e+00 | 44  0.05888  5.53669e+00 | 45  0.04775  3.76760e+00
 46  0.02280  2.23001e+00 | 47  0.10625  7.95146e+00 | 48  0.02468  4.90455e+00
 49 -0.00619  3.53294e+00 | 50  0.06788  6.99266e+00 | 51 -0.00846 -2.28487e-01
 52  0.12889  2.66069e-01 | 53 -0.04689 -3.62538e+00 | 54 -0.03407 -1.67100e+00
 55 -0.05172  7.03620e-01 | 56  0.08534  6.95925e+00 | 57 -0.02788  3.05840e+00
 58 -0.08058  9.31113e+00 | 59 -0.13797  8.72614e+00 | 60 -0.15394 -4.57412e+00
 61  0.18767  8.84639e+00 | 62 -0.15223 -4.97946e+00 | 63  0.03104  1.79832e+00
 64  0.00741  5.40139e-01 | 65  0.03735 -1.10626e+00 | 66  0.03917 -1.12913e+00
 67 -0.01709  6.23016e+00 | 68  0.02339  4.58490e+00 | 69 -0.09701  3.03195e+00
 70  0.03577  5.47453e+00 | 71 -0.09037  1.54359e+00 | 72 -0.04689 -3.29531e-01
 73 -0.11106  3.71156e+00 | 74 -0.08986  5.00599e+00 | 75 -0.14486 -1.06909e+01
 76  0.27398  6.38250e+00 | 77 -0.16308 -4.06186e+00 | 78  0.02008  7.32734e-01
 79 -0.05228  7.46867e+00 | 80  0.08180 -7.52408e+00 | 81 -0.07775  5.05247e+00
 82 -0.19235  4.34225e+00 | 83 -0.22928  4.60950e+00 | 84 -0.07581  7.73878e+00
 85 -0.09354  5.16689e+00 | 86  0.08484 -7.26871e+00 | 87  0.15186 -7.67589e+00
 88 -0.00670 -2.79895e+00 | 89  0.04878 -3.93056e+00 | 90  0.18621 -4.10002e+00
 91 -0.07983 -8.07905e+00 | 92  0.02296  3.40335e+00 | 93  0.05168  2.94144e+00
 94 -0.02680  3.47749e+00 | 95 -0.15256  4.20256e+00 | 96 -0.07004 -1.24075e+00
 97 -0.02874 -3.74099e+00 | 98  0.04534 -4.35967e+00 | 99 -0.05541  5.60928e+00
100  0.01977  8.64136e-01 |101  0.11105  1.14864e-01 |102 -0.33825 -5.44261e-01
103 -0.28946  1.29304e-01 |104 -0.12464 -1.94188e+00 |105  0.16905  7.45398e+00
106 -0.11217 -5.67101e+00 |107  0.16520  2.43932e-01 |108  0.09958  9.97735e-01
109  0.03818  6.73534e+00 |110  0.02661 -4.98376e+00 |111  0.20593  3.02155e+00
112 -0.10024 -2.97618e+00 |113  0.33489  7.34995e-01 |114 -0.02770 -1.91587e+00
115  0.14992  2.65950e+00 |116 -0.08989 -1.26054e+00 |117 -0.18024  1.01327e+01
118 -0.37170  1.67841e+00 |119  0.20881  1.09852e+01 |120 -0.13284  1.23939e-01
121 -0.00922  1.70461e-01 |122 -0.00676 -1.61864e-01 |123 -0.13076  2.56033e-01
124 -0.85857 -3.88749e-01 |125  1.91193 -4.16670e-03 |126  0.16742 -7.16612e-04
127 -0.20821  1.30568e+00 |128  0.51848  1.32552e-03 |129  0.44772 -1.87628e-01
130 -0.15914  1.15470e-01 |131  0.06312 -1.28206e-01 |132 -0.18772  1.90572e+00
132 variables; iteration 120; function evaluation 138; phase 4
Function value 2.3554101e+03; maximum gradient component mag -1.5307e+01
Var    Value     Gradient |Var    Value     Gradient |Var    Value     Gradient
  1 -0.21957 -1.53067e+01 |  2  0.00688  9.79341e-01 |  3 -0.05360 -5.43290e-01
  4 -0.00855  4.18194e+00 |  5 -0.40802 -9.93674e-01 |  6  0.01659 -1.01332e+00
  7  0.08839  6.14943e+00 |  8 -0.05807  4.24701e-01 |  9  0.17584  1.16136e+00
 10 -0.09945  7.47574e-01 | 11 -0.10341  9.88933e+00 | 12  0.00711  2.44003e-01
 13  0.00936  3.90824e-01 | 14  0.01236  5.93594e-01 | 15  0.01613  8.51256e-01
 16  0.02049  1.14533e+00 | 17  0.02492  1.42946e+00 | 18  0.02839  1.61780e+00
 19  0.02976  1.62068e+00 | 20  0.02943  1.47713e+00 | 21  0.02993  1.38373e+00
 22  0.03048  1.28618e+00 | 23  0.02739  9.09512e-01 | 24  0.02071  2.66851e-01
 25  0.01748 -1.14276e-01 | 26  0.02620  3.67977e-01 | 27  0.03213  6.46867e-01
 28  0.03610  8.09267e-01 | 29  0.03397  6.10012e-01 | 30  0.04079  1.06000e+00
 31  0.03986  1.07334e+00 | 32  0.03148  6.18330e-01 | 33  0.03975  1.21391e+00
 34  0.05538  2.02602e+00 | 35  0.03256  8.03604e-02 | 36  0.01057 -1.95559e+00
 37  0.05452 -2.84459e-01 | 38  0.05285 -5.69456e-02 | 39  0.00142 -1.39328e+00
 40 -0.03287 -2.18755e+00 | 41 -0.01730  1.31294e+00 | 42 -0.03004  1.96791e-01
 43  0.00718  2.26074e+00 | 44  0.02300  1.13754e-01 | 45  0.05408  1.51347e+00
 46  0.03108  9.75407e-01 | 47  0.09592  3.40098e+00 | 48  0.02846  3.17658e+00
 49 -0.00843  1.12548e+00 | 50  0.05839  4.46254e-01 | 51 -0.00392 -1.90148e+00
 52  0.12302 -1.36502e+00 | 53 -0.03162 -7.09978e-01 | 54 -0.04670 -2.47287e+00
 55 -0.04567  2.18897e+00 | 56  0.07934  2.01963e+00 | 57 -0.02431  3.10364e+00
 58 -0.09263  2.80397e+00 | 59 -0.15452  2.73061e+00 | 60 -0.13308  6.83687e-01
 61  0.18373  1.58441e-01 | 62 -0.13854 -2.25898e+00 | 63  0.02644  1.75310e-01
 64  0.00619  1.13175e+00 | 65  0.03338 -1.37160e+00 | 66  0.03761 -2.03642e+00
 67 -0.02791  7.22929e-01 | 68  0.02244  9.55303e-01 | 69 -0.11435 -1.78162e+00
 70  0.03320  2.19152e+00 | 71 -0.10021 -1.39232e+00 | 72 -0.04576  2.93703e-01
 73 -0.12322 -3.82677e-01 | 74 -0.10501  1.45985e+00 | 75 -0.08428  7.78271e-01
 76  0.27195  3.41617e+00 | 77 -0.16133 -3.74588e+00 | 78  0.02098  2.04574e+00
 79 -0.06293  1.00318e+00 | 80  0.08260  1.84783e+00 | 81 -0.08594 -7.61592e-02
 82 -0.20069  1.64574e+00 | 83 -0.23677  2.45859e+00 | 84 -0.08466  3.74702e-01
 85 -0.10078  1.37619e+00 | 86  0.08361 -2.57246e+00 | 87  0.15063  8.35879e-02
 88 -0.00671  2.55354e-01 | 89  0.04769 -1.75992e+00 | 90  0.18399 -2.18264e+00
 91 -0.07433 -1.96805e+00 | 92  0.01943  1.72316e+00 | 93  0.04802 -3.17791e-03
 94 -0.03025  2.18307e+00 | 95 -0.15923  2.65275e+00 | 96 -0.07411 -1.79791e+00
 97 -0.03219 -1.63058e+00 | 98  0.04155  5.79589e-01 | 99 -0.07135 -9.00082e-01
100  0.01863  1.64869e+00 |101  0.11553  1.29374e+00 |102 -0.33350 -3.94248e-01
103 -0.29334 -6.20841e-02 |104 -0.10180  9.38609e-01 |105  0.15329 -3.19769e+00
106 -0.12061  3.99332e+00 |107  0.10671  9.33917e-02 |108  0.02700  5.59331e-02
109  0.02981  3.79550e+00 |110  0.02063 -2.46521e+00 |111  0.18368  9.95312e-01
112 -0.11231 -1.17360e+00 |113  0.33908  8.49863e-01 |114 -0.02140 -2.64449e-01
115  0.12924  7.48771e-01 |116 -0.10327 -2.60033e+00 |117 -0.18596  7.51178e+00
118 -0.39593 -4.95710e+00 |119  0.13169  6.56083e+00 |120 -0.08832 -3.72517e+00
121 -0.02085  1.63376e+00 |122 -0.02108 -2.41547e+00 |123 -0.10944  2.17292e+00
124 -0.86770 -9.87344e-01 |125  2.21804 -3.87580e-02 |126  0.32837  1.75244e-03
127 -0.27111  2.65374e-01 |128  0.71883  6.64282e-03 |129  0.47204  1.86951e+00
130 -0.14891 -2.08480e+00 |131  0.05695  1.85470e+00 |132 -0.19502 -1.07155e+00
132 variables; iteration 140; function evaluation 162; phase 4
Function value 2.3547084e+03; maximum gradient component mag 1.5146e+01
Var    Value     Gradient |Var    Value     Gradient |Var    Value     Gradient
  1 -0.21853 -1.93322e+00 |  2  0.00238  1.80215e+00 |  3 -0.04740  1.21429e+00
  4 -0.01353 -3.00451e-01 |  5 -0.40321 -1.66060e-01 |  6  0.01526  1.49340e+00
  7  0.09101  4.76844e+00 |  8 -0.06662  2.41752e-02 |  9  0.18118 -1.42978e-01
 10 -0.11050 -2.83928e-02 | 11 -0.10058 -6.32581e-02 | 12  0.00238 -2.43446e-01
 13  0.02479  1.57360e+00 | 14  0.02003  1.10891e+00 | 15  0.02616  1.53080e+00
 16  0.02956  1.71359e+00 | 17 -0.00055 -8.12149e-01 | 18 -0.00554 -1.30510e+00
 19  0.02275  8.33671e-01 | 20  0.02532  8.91292e-01 | 21  0.03467  1.42465e+00
 22  0.01109 -4.81726e-01 | 23  0.00536 -1.05862e+00 | 24  0.03728  1.02754e+00
 25  0.03095  3.96165e-01 | 26  0.02237 -3.66144e-01 | 27  0.03125  3.86724e-02
 28  0.01890 -8.84971e-01 | 29  0.05151  9.65205e-01 | 30  0.03036 -2.82944e-01
 31  0.02616 -4.93775e-01 | 32  0.02163 -6.84878e-01 | 33  0.05529  1.40786e+00
 34  0.02487 -5.05972e-01 | 35  0.02145 -1.07575e+00 | 36  0.03490 -9.28735e-01
 37  0.06204 -3.26423e-01 | 38  0.05029 -3.45574e-01 | 39 -0.01182 -2.46381e+00
 40  0.00523  1.37100e+00 | 41 -0.03320 -6.84031e-01 | 42 -0.03540 -7.40922e-01
 43  0.00363  1.23206e+00 | 44  0.02695 -6.16077e-01 | 45  0.04655 -2.85138e-01
 46  0.03910 -1.14329e-02 | 47  0.09443 -4.38596e-01 | 48  0.01827 -1.50167e-01
 49 -0.00187  3.23674e-01 | 50  0.05229 -2.90538e-01 | 51  0.00931  1.90309e-01
 52  0.12011 -1.03160e+00 | 53 -0.03248 -4.72860e-01 | 54 -0.03939 -7.31598e-01
 55 -0.05573 -5.06851e-01 | 56  0.08003  2.36861e-01 | 57 -0.02741  1.99115e-01
 58 -0.09619 -6.34459e-01 | 59 -0.16365 -6.76975e-01 | 60 -0.12936  1.31378e+00
 61  0.18249  1.99693e+00 | 62 -0.12790  4.31158e-01 | 63  0.02480  4.15539e-01
 64  0.00441  5.52185e-01 | 65  0.03301  7.53722e-01 | 66  0.03813  6.15197e-01
 67 -0.03085 -9.56095e-02 | 68  0.02027  2.23021e-01 | 69 -0.10834 -3.44782e-02
 70  0.02991  7.62165e-01 | 71 -0.09805 -1.28758e-01 | 72 -0.04808  1.92473e-01
 73 -0.12458 -6.60460e-01 | 74 -0.11108 -2.80592e-01 | 75 -0.08105  1.74965e+00
 76  0.27008  7.11945e+00 | 77 -0.14067  7.12655e-01 | 78  0.01766  6.37390e-01
 79 -0.06631 -8.61828e-01 | 80  0.08053 -4.18179e-01 | 81 -0.08858 -1.05217e+00
 82 -0.20788 -7.89720e-01 | 83 -0.24796 -7.73761e-01 | 84 -0.08893 -2.10471e+00
 85 -0.10405 -6.33182e-01 | 86  0.08260 -4.01583e-02 | 87  0.14904  1.93728e+00
 88 -0.00833  5.35278e-01 | 89  0.04730  1.01323e+00 | 90  0.18243  1.58746e+00
 91 -0.07289  2.52648e-01 | 92  0.01668 -3.95657e-01 | 93  0.04669 -4.08936e-01
 94 -0.03324 -3.61677e-01 | 95 -0.16829 -3.28706e-01 | 96 -0.07441 -7.97603e-01
 97 -0.03422 -8.90649e-01 | 98  0.03757 -2.22345e+00 | 99 -0.07423 -9.79549e-01
100  0.01252  1.85719e-01 |101  0.11262  5.38586e-01 |102 -0.31808 -4.82086e-02
103 -0.28284  9.11260e-01 |104 -0.10901  4.54017e-01 |105  0.15445 -1.71398e+00
106 -0.12012  1.77655e+00 |107  0.09927 -3.93495e-01 |108  0.02194  2.41675e-01
109  0.02194 -3.53013e-01 |110  0.01353 -1.06134e-01 |111  0.18499  8.01692e-02
112 -0.10956  1.35636e-03 |113  0.33989  6.28502e-02 |114 -0.02089  1.35577e-01
115  0.13670 -2.84128e-01 |116 -0.09630  1.72182e-01 |117 -0.17339  1.11118e+01
118 -0.37145 -2.41226e+00 |119  0.06437  1.06468e+01 |120 -0.06656  1.51457e+01
121 -0.01057 -8.60651e-02 |122 -0.00836 -3.10476e-01 |123 -0.13128 -3.87040e-02
124 -0.87729 -3.23574e-01 |125  2.58514 -6.30862e-03 |126  0.38511  2.16001e-03
127 -0.31280 -1.05206e-01 |128  0.75280  7.69275e-03 |129  0.47751  6.17749e-01
130 -0.14512  6.64918e-01 |131  0.05548  9.92959e-01 |132 -0.19657 -5.28475e-01
132 variables; iteration 160; function evaluation 187; phase 4
Function value 2.3536079e+03; maximum gradient component mag 1.2821e+00
Var    Value     Gradient |Var    Value     Gradient |Var    Value     Gradient
  1 -0.21171  2.43551e-01 |  2 -0.00030  1.21787e-01 |  3 -0.04843  1.37173e-01
  4 -0.01389 -1.31514e-01 |  5 -0.40093 -3.72863e-02 |  6  0.00017  1.99513e-01
  7  0.09131  1.76659e-01 |  8 -0.05954  1.12112e-01 |  9  0.17721  1.46739e-01
 10 -0.11762  6.37966e-04 | 11 -0.09356 -3.45711e-01 | 12  0.00514 -4.30123e-02
 13  0.00723  7.28632e-02 | 14  0.00495 -1.82348e-01 | 15  0.00510 -2.41409e-01
 16  0.00935  2.61963e-02 | 17  0.00853 -1.30599e-01 | 18  0.01381  1.86248e-01
 19  0.01494  1.55488e-01 | 20  0.01082 -2.93036e-01 | 21  0.01694  2.72019e-02
 22  0.01932  4.35802e-02 | 23  0.02129  1.27813e-02 | 24  0.02382  1.84735e-03
 25  0.02655 -1.35324e-02 | 26  0.03017  1.86906e-02 | 27  0.03480  1.19000e-01
 28  0.03636  5.81514e-02 | 29  0.03516 -1.08141e-01 | 30  0.03836  6.50263e-02
 31  0.03603  1.64350e-02 | 32  0.03341  2.07152e-02 | 33  0.03201  8.09049e-02
 34  0.03038 -2.10941e-02 | 35  0.03591  3.53295e-02 | 36  0.04766  1.05217e-01
 37  0.05669  4.31459e-02 | 38  0.04682  4.72044e-02 | 39  0.01837  1.37966e-01
 40 -0.01237 -1.17323e-01 | 41 -0.02794 -3.84079e-04 | 42 -0.02910  8.58419e-03
 43 -0.01090 -1.34420e-01 | 44  0.03517 -3.14618e-02 | 45  0.04717 -1.62823e-01
 46  0.03524 -2.14890e-01 | 47  0.09368 -4.36556e-01 | 48  0.01786 -1.22407e-01
 49 -0.00662 -6.32270e-02 | 50  0.05338  3.63669e-02 | 51  0.00673  9.99759e-02
 52  0.11940  2.22749e-02 | 53 -0.03333  7.24051e-02 | 54 -0.03966  5.15704e-02
 55 -0.05612 -1.15969e-01 | 56  0.07914 -1.56983e-01 | 57 -0.02853 -2.29512e-01
 58 -0.09618 -3.66886e-01 | 59 -0.16298 -3.09769e-01 | 60 -0.13330  1.96442e-01
 61  0.18125  2.30858e-01 | 62 -0.12940  2.20803e-01 | 63  0.02384  7.65507e-02
 64  0.00325 -4.25992e-02 | 65  0.03247  7.86614e-02 | 66  0.03727  1.38837e-01
 67 -0.03107  8.87836e-03 | 68  0.01951  1.28034e-01 | 69 -0.10755  6.72544e-02
 70  0.02953 -1.24315e-01 | 71 -0.09721 -4.42965e-02 | 72 -0.04863 -9.66430e-02
 73 -0.12308 -1.42783e-01 | 74 -0.11028 -9.94117e-02 | 75 -0.08553  4.38151e-01
 76  0.26984  5.63918e-01 | 77 -0.14165  3.17266e-01 | 78  0.01674 -1.53347e-01
 79 -0.06574 -1.53228e-01 | 80  0.08025 -8.30159e-02 | 81 -0.08843 -1.63544e-01
 82 -0.20749 -2.70670e-01 | 83 -0.24784 -3.48460e-01 | 84 -0.08891 -3.17003e-01
 85 -0.10475 -2.63774e-01 | 86  0.08258  8.12871e-02 | 87  0.14840  1.73673e-01
 88 -0.00913  1.16094e-01 | 89  0.04677  2.88393e-01 | 90  0.18212  3.73719e-01
 91 -0.07303  2.35344e-01 | 92  0.01662 -7.39387e-02 | 93  0.04660 -3.49964e-02
 94 -0.03198 -1.57460e-01 | 95 -0.16717 -2.33556e-01 | 96 -0.07317 -5.72258e-02
 97 -0.03507 -1.01396e-01 | 98  0.03656 -4.35496e-02 | 99 -0.07325 -4.18780e-03
100  0.01088 -6.48338e-02 |101  0.10864 -1.05984e-02 |102 -0.31482 -8.06858e-03
103 -0.29206 -5.00784e-02 |104 -0.11297 -3.58712e-02 |105  0.16684 -1.69234e-02
106 -0.11311  5.23038e-02 |107  0.11497 -5.42147e-03 |108  0.02855 -5.99437e-03
109  0.04555 -1.91663e-01 |110  0.03632  2.18607e-01 |111  0.19270 -9.61453e-02
112 -0.10607  1.06760e-01 |113  0.34272 -1.17520e-01 |114 -0.02117  9.11560e-02
115  0.15268 -6.97429e-02 |116 -0.08758  9.89768e-02 |117 -0.14631  4.78299e-03
118 -0.33343 -9.10832e-02 |119 -0.09590  2.84699e-01 |120 -0.05742  1.28206e+00
121 -0.01018 -2.60293e-03 |122 -0.00681  9.40815e-02 |123 -0.13102 -9.07956e-02
124 -0.86689 -3.55651e-03 |125  2.44308 -5.79735e-02 |126  0.35223  1.75978e-03
127 -0.36435 -2.22731e-02 |128  0.52388  3.08043e-03 |129  0.45305 -3.27277e-01
130 -0.15804  3.00451e-01 |131  0.05380 -1.14939e-01 |132 -0.19767  1.03261e-01
132 variables; iteration 180; function evaluation 211; phase 4
Function value 2.3535505e+03; maximum gradient component mag -1.7274e+01
Var    Value     Gradient |Var    Value     Gradient |Var    Value     Gradient
  1 -0.21270 -1.72743e+01 |  2 -0.00046  2.68895e-01 |  3 -0.04836  1.14917e-01
  4 -0.01383  7.58001e-01 |  5 -0.40109  1.57513e-02 |  6  0.00064 -1.52255e+00
  7  0.09092 -5.41377e-01 |  8 -0.05817  5.20479e-02 |  9  0.17718  4.85469e-01
 10 -0.11598  2.19871e-01 | 11 -0.09362  1.18080e+01 | 12  0.00545  1.68176e-02
 13  0.00615  2.02242e-02 | 14  0.00753  7.44984e-02 | 15  0.00766  1.70299e-02
 16  0.00825 -9.90491e-03 | 17  0.01089  1.19758e-01 | 18  0.01067  5.32080e-03
 19  0.01282  6.71485e-02 | 20  0.01475  9.53548e-02 | 21  0.01645  8.78878e-02
 22  0.01790  4.90739e-02 | 23  0.02088  1.07418e-01 | 24  0.02343  1.15864e-01
 25  0.02720  1.91155e-01 | 26  0.02935  1.50039e-01 | 27  0.03260  1.95756e-01
 28  0.03443  1.83432e-01 | 29  0.03690  2.64887e-01 | 30  0.03651  2.61683e-01
 31  0.03559  3.25956e-01 | 32  0.03310  3.67418e-01 | 33  0.03106  4.20858e-01
 34  0.03147  4.92331e-01 | 35  0.03618  5.66623e-01 | 36  0.04521  6.05686e-01
 37  0.05631  8.04182e-01 | 38  0.04558  7.89520e-01 | 39  0.01637  7.00631e-01
 40 -0.00971  7.75606e-01 | 41 -0.02662  7.44916e-01 | 42 -0.02835  7.24487e-01
 43 -0.01013  7.29857e-01 | 44  0.03012  9.08851e-01 | 45  0.04926  1.59916e+00
 46  0.03830  1.57980e+00 | 47  0.09185  2.16135e+00 | 48  0.01880  1.21127e+00
 49 -0.00761  8.12521e-01 | 50  0.05356  1.79832e+00 | 51  0.00624  1.17241e+00
 52  0.11923  3.13058e+00 | 53 -0.03382  8.49787e-01 | 54 -0.03944  1.05304e+00
 55 -0.05597  6.98124e-01 | 56  0.07893  1.93964e+00 | 57 -0.02866  6.38071e-01
 58 -0.09621  2.69742e-01 | 59 -0.16184  2.99650e-01 | 60 -0.13507 -2.00547e-02
 61  0.18105  3.02789e+00 | 62 -0.13117 -4.20012e-02 | 63  0.02356  2.32268e-01
 64  0.00292  1.63780e-01 | 65  0.03240  4.28045e-01 | 66  0.03680 -6.03886e-02
 67 -0.03146 -2.09224e-01 | 68  0.01909 -2.98908e-01 | 69 -0.10794 -6.14259e-02
 70  0.02919 -3.20717e-01 | 71 -0.09731 -1.41558e-02 | 72 -0.04919 -1.05308e-01
 73 -0.12249  2.09290e-01 | 74 -0.11001  3.33160e-02 | 75 -0.08895 -3.48984e-01
 76  0.26939  3.38255e-02 | 77 -0.14418 -1.73822e-01 | 78  0.01635 -1.84931e-01
 79 -0.06590 -7.88994e-02 | 80  0.07972 -6.47859e-01 | 81 -0.08835  2.15749e-01
 82 -0.20716  5.34505e-02 | 83 -0.24725  3.91096e-02 | 84 -0.08901  1.52527e-01
 85 -0.10487 -3.10765e-02 | 86  0.08197 -4.59902e-01 | 87  0.14796 -8.02138e-02
 88 -0.00993 -3.43896e-01 | 89  0.04589 -7.11110e-01 | 90  0.18161 -9.56158e-01
 91 -0.07347  3.89651e-02 | 92  0.01646  1.76831e-01 | 93  0.04609 -3.71120e-01
 94 -0.03226 -2.19361e-01 | 95 -0.16729 -2.01729e-01 | 96 -0.07328  1.47617e-01
 97 -0.03523  4.68710e-02 | 98  0.03640  1.09355e-02 | 99 -0.07346 -3.83726e-02
100  0.01030 -3.38163e-01 |101  0.11115  3.16827e-01 |102 -0.31239  4.57322e-02
103 -0.29111  6.67998e-02 |104 -0.11596 -3.23674e-01 |105  0.16681  1.04277e+00
106 -0.11315 -1.17722e+00 |107  0.11887  2.05020e-01 |108  0.03203 -9.01943e-02
109  0.04436  7.56512e-01 |110  0.03487 -8.48559e-01 |111  0.19282 -2.58163e-01
112 -0.10552  3.76845e-01 |113  0.34251  1.00793e+00 |114 -0.02144 -8.92935e-01
115  0.15246  6.79611e-01 |116 -0.08785 -8.25740e-01 |117 -0.14583 -4.29242e-01
118 -0.33247  1.91997e-01 |119 -0.09817  3.86582e-02 |120 -0.05741  8.04375e-01
121 -0.01071  2.31062e-01 |122 -0.00737 -5.23135e-02 |123 -0.12972  7.66743e-02
124 -0.86869  2.21186e-01 |125  2.88708 -2.45940e-02 |126  0.19016 -1.29694e-02
127 -0.15283 -2.77632e-01 |128  0.34487 -1.90512e-02 |129  0.45675  3.79334e-01
130 -0.15670 -6.67597e-01 |131  0.05373  5.46877e-01 |132 -0.19786 -5.06566e-01
132 variables; iteration 200; function evaluation 232; phase 4
Function value 2.3535374e+03; maximum gradient component mag 1.7331e-02
Var    Value     Gradient |Var    Value     Gradient |Var    Value     Gradient
  1 -0.21133  1.73312e-02 |  2 -0.00059 -7.31946e-04 |  3 -0.04824  3.79994e-04
  4 -0.01420  5.80709e-04 |  5 -0.40067 -2.71923e-04 |  6 -0.00042  1.64754e-03
  7  0.09134  2.11303e-04 |  8 -0.05954  1.75440e-04 |  9  0.17753 -7.80168e-04
 10 -0.11801  2.44962e-04 | 11 -0.09322 -1.27582e-02 | 12  0.00565  1.15541e-04
 13  0.00636  1.88148e-04 | 14  0.00716  7.08006e-04 | 15  0.00805  8.44375e-04
 16  0.00904  3.18442e-04 | 17  0.01017  9.96230e-05 | 18  0.01147 -4.92985e-04
 19  0.01297 -3.02559e-06 | 20  0.01469  8.18574e-04 | 21  0.01664  3.77442e-04
 22  0.01879 -2.30521e-04 | 23  0.02120 -5.83151e-05 | 24  0.02390 -6.27579e-05
 25  0.02689 -1.67146e-04 | 26  0.03005 -1.17736e-04 | 27  0.03306 -1.57131e-04
 28  0.03563 -4.32680e-04 | 29  0.03736  4.20555e-04 | 30  0.03759 -1.27373e-04
 31  0.03615 -1.46199e-04 | 32  0.03350 -1.75022e-04 | 33  0.03119 -1.95306e-05
 34  0.03125  4.42621e-05 | 35  0.03598 -3.66657e-04 | 36  0.04650 -1.26779e-03
 37  0.05701 -6.01408e-04 | 38  0.04689 -5.07362e-04 | 39  0.01695 -1.38818e-03
 40 -0.01101  7.34612e-05 | 41 -0.02792 -5.97957e-04 | 42 -0.02927 -8.05796e-04
 43 -0.00981 -7.18830e-05 | 44  0.03439 -1.09895e-03 | 45  0.04744 -1.77795e-03
 46  0.03537 -1.99509e-03 | 47  0.09434 -5.62806e-03 | 48  0.01731 -1.12868e-03
 49 -0.00648 -1.72352e-03 | 50  0.05347 -2.93931e-03 | 51  0.00627 -1.02341e-03
 52  0.11955 -2.24066e-03 | 53 -0.03362 -9.86910e-04 | 54 -0.03983 -1.54968e-03
 55 -0.05575 -8.65168e-04 | 56  0.07909 -7.19519e-04 | 57 -0.02846 -7.37679e-04
 58 -0.09579 -4.95951e-04 | 59 -0.16219 -9.71189e-04 | 60 -0.13406 -2.72048e-04
 61  0.18125 -2.62423e-03 | 62 -0.13025 -5.86412e-04 | 63  0.02386  2.02841e-03
 64  0.00329  1.50971e-04 | 65  0.03244 -1.52783e-03 | 66  0.03721 -1.53432e-03
 67 -0.03098  5.78856e-04 | 68  0.01947  1.24514e-03 | 69 -0.10772 -1.93210e-04
 70  0.02963  3.88256e-04 | 71 -0.09716 -4.11452e-04 | 72 -0.04858 -1.24301e-03
 73 -0.12276  4.80883e-04 | 74 -0.10985 -4.73826e-04 | 75 -0.08720 -3.69343e-04
 76  0.26986 -1.44886e-03 | 77 -0.14309 -5.52357e-04 | 78  0.01687 -6.69421e-04
 79 -0.06555 -8.49002e-05 | 80  0.08027  1.05188e-03 | 81 -0.08825  5.30534e-05
 82 -0.20688 -4.07481e-04 | 83 -0.24679  4.96264e-04 | 84 -0.08865  1.39646e-03
 85 -0.10432 -1.42976e-03 | 86  0.08257  2.99542e-04 | 87  0.14843 -4.80939e-05
 88 -0.00918 -2.08418e-05 | 89  0.04666 -1.61847e-04 | 90  0.18213  6.81679e-04
 91 -0.07331 -5.28699e-04 | 92  0.01669  2.04482e-03 | 93  0.04661  1.04766e-03
 94 -0.03182  5.90711e-04 | 95 -0.16653  1.92924e-05 | 96 -0.07311 -5.22558e-04
 97 -0.03500 -2.75891e-04 | 98  0.03662  2.82302e-04 | 99 -0.07312  6.24012e-04
100  0.01116 -7.74236e-04 |101  0.10911  4.42593e-04 |102 -0.31438 -3.44858e-05
103 -0.29152  2.33192e-04 |104 -0.11233  1.02311e-04 |105  0.16711  1.48323e-03
106 -0.11297 -1.25122e-03 |107  0.11592  1.52400e-04 |108  0.02934  1.05428e-04
109  0.04603  5.55051e-04 |110  0.03662 -1.65678e-04 |111  0.19358 -1.08826e-05
112 -0.10570 -2.90276e-04 |113  0.34297 -2.54223e-04 |114 -0.02107  8.90653e-04
115  0.15329  2.07108e-04 |116 -0.08733  8.46492e-06 |117 -0.14543  1.65289e-03
118 -0.33220 -5.64906e-04 |119 -0.09941 -1.16308e-03 |120 -0.05748 -3.46163e-03
121 -0.01084  4.75142e-04 |122 -0.00757 -5.47327e-04 |123 -0.12967  3.73001e-04
124 -0.86876 -3.02038e-04 |125  2.94193 -1.46760e-04 |126  0.26715 -8.17171e-05
127 -0.14684  4.65013e-04 |128  0.43442  9.43741e-05 |129  0.45670  1.09591e-03
130 -0.15650 -4.52671e-04 |131  0.05389 -1.28963e-03 |132 -0.19762  1.84408e-03
  ic > imax  in fminim is answer attained ?
Var    Value     Gradient |Var    Value     Gradient |Var    Value     Gradient
  1 -0.21133 -6.86392e-04 |  2 -0.00059  2.67564e-04 |  3 -0.04824  1.68000e-04
  4 -0.01420 -1.58936e-04 |  5 -0.40067  1.36107e-04 |  6 -0.00041 -1.18340e-04
  7  0.09134  1.03534e-03 |  8 -0.05954  1.71004e-04 |  9  0.17753 -2.01183e-04
 10 -0.11801 -3.91060e-05 | 11 -0.09323  3.99999e-04 | 12  0.00565  1.93183e-05
 13  0.00636 -4.13159e-06 | 14  0.00715 -1.32891e-05 | 15  0.00804 -1.03368e-05
 16  0.00904 -1.59481e-05 | 17  0.01017  4.10413e-06 | 18  0.01148  1.47386e-05
 19  0.01297 -1.31383e-06 | 20  0.01468 -2.29953e-05 | 21  0.01663 -1.98757e-05
 22  0.01879  2.99464e-05 | 23  0.02120  1.32470e-05 | 24  0.02391  1.46107e-05
 25  0.02690  1.43443e-05 | 26  0.03005  2.96669e-05 | 27  0.03306  1.56279e-05
 28  0.03564  2.33867e-05 | 29  0.03735  1.30124e-05 | 30  0.03759  2.72378e-05
 31  0.03615  2.43682e-05 | 32  0.03350  4.94121e-05 | 33  0.03119  3.35747e-05
 34  0.03124  3.53865e-05 | 35  0.03598  5.49121e-05 | 36  0.04651  1.07116e-04
 37  0.05700  2.85727e-05 | 38  0.04689  7.88857e-05 | 39  0.01696  1.06162e-04
 40 -0.01102  8.86691e-05 | 41 -0.02792  9.32451e-05 | 42 -0.02926  1.25593e-04
 43 -0.00981  1.16590e-04 | 44  0.03440  9.87775e-05 | 45  0.04744 -5.86656e-05
 46  0.03536 -1.57215e-05 | 47  0.09435 -4.00619e-04 | 48  0.01729  1.54609e-05
 49 -0.00648  1.34309e-04 | 50  0.05347 -2.77148e-04 | 51  0.00627  1.75909e-04
 52  0.11955  3.19311e-04 | 53 -0.03362  2.20338e-04 | 54 -0.03983  2.74255e-04
 55 -0.05575  2.23332e-04 | 56  0.07909  1.54292e-04 | 57 -0.02846  1.95430e-04
 58 -0.09579  2.61224e-04 | 59 -0.16219  1.62506e-04 | 60 -0.13406 -2.01442e-04
 61  0.18125  2.48537e-04 | 62 -0.13025 -5.19965e-05 | 63  0.02386 -8.50942e-05
 64  0.00329 -2.01703e-05 | 65  0.03244 -2.70632e-04 | 66  0.03721 -2.68803e-04
 67 -0.03098 -2.55579e-04 | 68  0.01947 -3.44662e-04 | 69 -0.10772 -2.39403e-04
 70  0.02963 -3.51133e-04 | 71 -0.09716 -9.83987e-05 | 72 -0.04858  8.33755e-05
 73 -0.12276  4.65730e-06 | 74 -0.10985 -7.91886e-05 | 75 -0.08720 -1.32233e-04
 76  0.26986 -3.85173e-04 | 77 -0.14309 -1.52926e-04 | 78  0.01687  1.47016e-04
 79 -0.06555 -9.44025e-05 | 80  0.08027  3.14067e-04 | 81 -0.08825  1.70261e-05
 82 -0.20688  4.51154e-05 | 83 -0.24679 -3.27646e-05 | 84 -0.08865 -1.24287e-04
 85 -0.10432 -6.66358e-06 | 86  0.08257 -5.92377e-05 | 87  0.14843 -7.15178e-06
 88 -0.00918  3.19532e-05 | 89  0.04666 -5.49065e-05 | 90  0.18213 -1.20871e-04
 91 -0.07331 -3.18260e-05 | 92  0.01669 -1.80841e-04 | 93  0.04661  1.24654e-04
 94 -0.03183  1.36021e-04 | 95 -0.16653  7.59671e-05 | 96 -0.07311 -3.82809e-05
 97 -0.03500  9.62695e-06 | 98  0.03662  5.23592e-05 | 99 -0.07313 -1.00861e-04
100  0.01116  1.29203e-04 |101  0.10911 -5.99392e-05 |102 -0.31438 -1.40086e-05
103 -0.29152 -4.76139e-06 |104 -0.11233  4.63136e-05 |105  0.16711  2.31711e-04
106 -0.11298 -5.40543e-04 |107  0.11590 -1.01216e-04 |108  0.02932 -1.02940e-06
109  0.04601 -6.13349e-05 |110  0.03661 -6.05823e-05 |111  0.19358 -8.13551e-06
112 -0.10569  3.39901e-05 |113  0.34296  2.55096e-04 |114 -0.02107 -1.13912e-04
115  0.15328 -1.41456e-04 |116 -0.08733 -5.73878e-05 |117 -0.14544  1.31415e-04
118 -0.33220  9.35020e-05 |119 -0.09939  3.96092e-05 |120 -0.05748 -3.22644e-04
121 -0.01084  1.01526e-04 |122 -0.00757 -3.72529e-05 |123 -0.12968 -1.26883e-05
124 -0.86876  1.12966e-04 |125  2.94206  2.73399e-05 |126  0.27735 -1.23869e-06
127 -0.14684 -1.15979e-04 |128  0.42786  2.73517e-06 |129  0.45668 -3.22672e-04
130 -0.15651  2.85727e-04 |131  0.05389  2.12370e-04 |132 -0.19763 -2.53867e-04
Function minimizer not making progress ... is minimum attained?
Minimprove criterion = 0.0000e+00

 - final statistics:
132 variables; iteration 208; function evaluation 269
Function value 2.3535e+03; maximum gradient component mag 1.0353e-03
Exit code = 1;  converg criter 1.0000e-04
Var    Value     Gradient |Var    Value     Gradient |Var    Value     Gradient
  1 -0.21133 -6.86392e-04 |  2 -0.00059  2.67564e-04 |  3 -0.04824  1.68000e-04
  4 -0.01420 -1.58936e-04 |  5 -0.40067  1.36107e-04 |  6 -0.00041 -1.18340e-04
  7  0.09134  1.03534e-03 |  8 -0.05954  1.71004e-04 |  9  0.17753 -2.01183e-04
 10 -0.11801 -3.91060e-05 | 11 -0.09323  3.99999e-04 | 12  0.00565  1.93183e-05
 13  0.00636 -4.13159e-06 | 14  0.00715 -1.32891e-05 | 15  0.00804 -1.03368e-05
 16  0.00904 -1.59481e-05 | 17  0.01017  4.10413e-06 | 18  0.01148  1.47386e-05
 19  0.01297 -1.31383e-06 | 20  0.01468 -2.29953e-05 | 21  0.01663 -1.98757e-05
 22  0.01879  2.99464e-05 | 23  0.02120  1.32470e-05 | 24  0.02391  1.46107e-05
 25  0.02690  1.43443e-05 | 26  0.03005  2.96669e-05 | 27  0.03306  1.56279e-05
 28  0.03564  2.33867e-05 | 29  0.03735  1.30124e-05 | 30  0.03759  2.72378e-05
 31  0.03615  2.43682e-05 | 32  0.03350  4.94121e-05 | 33  0.03119  3.35747e-05
 34  0.03124  3.53865e-05 | 35  0.03598  5.49121e-05 | 36  0.04651  1.07116e-04
 37  0.05700  2.85727e-05 | 38  0.04689  7.88857e-05 | 39  0.01696  1.06162e-04
 40 -0.01102  8.86691e-05 | 41 -0.02792  9.32451e-05 | 42 -0.02926  1.25593e-04
 43 -0.00981  1.16590e-04 | 44  0.03440  9.87775e-05 | 45  0.04744 -5.86656e-05
 46  0.03536 -1.57215e-05 | 47  0.09435 -4.00619e-04 | 48  0.01729  1.54609e-05
 49 -0.00648  1.34309e-04 | 50  0.05347 -2.77148e-04 | 51  0.00627  1.75909e-04
 52  0.11955  3.19311e-04 | 53 -0.03362  2.20338e-04 | 54 -0.03983  2.74255e-04
 55 -0.05575  2.23332e-04 | 56  0.07909  1.54292e-04 | 57 -0.02846  1.95430e-04
 58 -0.09579  2.61224e-04 | 59 -0.16219  1.62506e-04 | 60 -0.13406 -2.01442e-04
 61  0.18125  2.48537e-04 | 62 -0.13025 -5.19965e-05 | 63  0.02386 -8.50942e-05
 64  0.00329 -2.01703e-05 | 65  0.03244 -2.70632e-04 | 66  0.03721 -2.68803e-04
 67 -0.03098 -2.55579e-04 | 68  0.01947 -3.44662e-04 | 69 -0.10772 -2.39403e-04
 70  0.02963 -3.51133e-04 | 71 -0.09716 -9.83987e-05 | 72 -0.04858  8.33755e-05
 73 -0.12276  4.65730e-06 | 74 -0.10985 -7.91886e-05 | 75 -0.08720 -1.32233e-04
 76  0.26986 -3.85173e-04 | 77 -0.14309 -1.52926e-04 | 78  0.01687  1.47016e-04
 79 -0.06555 -9.44025e-05 | 80  0.08027  3.14067e-04 | 81 -0.08825  1.70261e-05
 82 -0.20688  4.51154e-05 | 83 -0.24679 -3.27646e-05 | 84 -0.08865 -1.24287e-04
 85 -0.10432 -6.66358e-06 | 86  0.08257 -5.92377e-05 | 87  0.14843 -7.15178e-06
 88 -0.00918  3.19532e-05 | 89  0.04666 -5.49065e-05 | 90  0.18213 -1.20871e-04
 91 -0.07331 -3.18260e-05 | 92  0.01669 -1.80841e-04 | 93  0.04661  1.24654e-04
 94 -0.03183  1.36021e-04 | 95 -0.16653  7.59671e-05 | 96 -0.07311 -3.82809e-05
 97 -0.03500  9.62695e-06 | 98  0.03662  5.23592e-05 | 99 -0.07313 -1.00861e-04
100  0.01116  1.29203e-04 |101  0.10911 -5.99392e-05 |102 -0.31438 -1.40086e-05
103 -0.29152 -4.76139e-06 |104 -0.11233  4.63136e-05 |105  0.16711  2.31711e-04
106 -0.11298 -5.40543e-04 |107  0.11590 -1.01216e-04 |108  0.02932 -1.02940e-06
109  0.04601 -6.13349e-05 |110  0.03661 -6.05823e-05 |111  0.19358 -8.13551e-06
112 -0.10569  3.39901e-05 |113  0.34296  2.55096e-04 |114 -0.02107 -1.13912e-04
115  0.15328 -1.41456e-04 |116 -0.08733 -5.73878e-05 |117 -0.14544  1.31415e-04
118 -0.33220  9.35020e-05 |119 -0.09939  3.96092e-05 |120 -0.05748 -3.22644e-04
121 -0.01084  1.01526e-04 |122 -0.00757 -3.72529e-05 |123 -0.12968 -1.26883e-05
124 -0.86876  1.12966e-04 |125  2.94206  2.73399e-05 |126  0.27735 -1.23869e-06
127 -0.14684 -1.15979e-04 |128  0.42786  2.73517e-06 |129  0.45668 -3.22672e-04
130 -0.15651  2.85727e-04 |131  0.05389  2.12370e-04 |132 -0.19763 -2.53867e-04

Initial statistics: 144 variables; iteration 0; function evaluation 0; phase 5
Function value 2.3535374e+03; maximum gradient component mag 1.0353e-03
Var    Value     Gradient |Var    Value     Gradient |Var    Value     Gradient
  1 -0.21133 -6.86477e-04 |  2 -0.00059  2.67550e-04 |  3 -0.04824  1.67991e-04
  4 -0.01420 -1.58898e-04 |  5 -0.40067  1.36099e-04 |  6 -0.00041 -1.18350e-04
  7  0.09134  1.03529e-03 |  8 -0.05954  1.70984e-04 |  9  0.17753 -2.01170e-04
 10 -0.11801 -3.90911e-05 | 11 -0.09323  4.00104e-04 | 12  0.00565  1.93176e-05
 13  0.00636 -4.12979e-06 | 14  0.00715 -1.32838e-05 | 15  0.00804 -1.03310e-05
 16  0.00904 -1.59449e-05 | 17  0.01017  4.10461e-06 | 18  0.01148  1.47350e-05
 19  0.01297 -1.31345e-06 | 20  0.01468 -2.29885e-05 | 21  0.01663 -1.98718e-05
 22  0.01879  2.99442e-05 | 23  0.02120  1.32470e-05 | 24  0.02391  1.46108e-05
 25  0.02690  1.43437e-05 | 26  0.03005  2.96657e-05 | 27  0.03306  1.56279e-05
 28  0.03564  2.33849e-05 | 29  0.03735  1.30161e-05 | 30  0.03759  2.72379e-05
 31  0.03615  2.43688e-05 | 32  0.03350  4.94116e-05 | 33  0.03119  3.35766e-05
 34  0.03124  3.53896e-05 | 35  0.03598  5.49125e-05 | 36  0.04651  1.07108e-04
 37  0.05700  2.85791e-05 | 38  0.04689  7.88870e-05 | 39  0.01696  1.06156e-04
 40 -0.01102  8.86703e-05 | 41 -0.02792  9.32433e-05 | 42 -0.02926  1.25585e-04
 43 -0.00981  1.16587e-04 | 44  0.03440  9.87676e-05 | 45  0.04744 -5.86417e-05
 46  0.03536 -1.57087e-05 | 47  0.09435 -4.00566e-04 | 48  0.01729  1.54523e-05
 49 -0.00648  1.34295e-04 | 50  0.05347 -2.77120e-04 | 51  0.00627  1.75903e-04
 52  0.11955  3.19389e-04 | 53 -0.03362  2.20321e-04 | 54 -0.03983  2.74235e-04
 55 -0.05575  2.23311e-04 | 56  0.07909  1.54296e-04 | 57 -0.02846  1.95418e-04
 58 -0.09579  2.61197e-04 | 59 -0.16219  1.62485e-04 | 60 -0.13406 -2.01411e-04
 61  0.18125  2.48588e-04 | 62 -0.13025 -5.19849e-05 | 63  0.02386 -8.50542e-05
 64  0.00329 -2.01521e-05 | 65  0.03244 -2.70611e-04 | 66  0.03721 -2.68781e-04
 67 -0.03098 -2.55548e-04 | 68  0.01947 -3.44623e-04 | 69 -0.10772 -2.39386e-04
 70  0.02963 -3.51099e-04 | 71 -0.09716 -9.83959e-05 | 72 -0.04858  8.33503e-05
 73 -0.12276  4.65498e-06 | 74 -0.10985 -7.91887e-05 | 75 -0.08720 -1.32221e-04
 76  0.26986 -3.85139e-04 | 77 -0.14309 -1.52906e-04 | 78  0.01687  1.47008e-04
 79 -0.06555 -9.43922e-05 | 80  0.08027  3.14041e-04 | 81 -0.08825  1.70087e-05
 82 -0.20688  4.51005e-05 | 83 -0.24679 -3.27639e-05 | 84 -0.08865 -1.24272e-04
 85 -0.10432 -6.67388e-06 | 86  0.08257 -5.92305e-05 | 87  0.14843 -7.17486e-06
 88 -0.00918  3.19557e-05 | 89  0.04666 -5.48993e-05 | 90  0.18213 -1.20855e-04
 91 -0.07331 -3.18199e-05 | 92  0.01669 -1.80809e-04 | 93  0.04661  1.24639e-04
 94 -0.03183  1.36011e-04 | 95 -0.16653  7.59654e-05 | 96 -0.07311 -3.82893e-05
 97 -0.03500  9.62105e-06 | 98  0.03662  5.23525e-05 | 99 -0.07313 -1.00848e-04
100  0.01116  1.29197e-04 |101  0.10911 -5.99344e-05 |102  0.00000  0.00000e+00
103  0.00000  0.00000e+00 |104  0.00000  0.00000e+00 |105  0.00000  0.00000e+00
106  0.00000  0.00000e+00 |107  0.00000  0.00000e+00 |108  0.00000  0.00000e+00
109  0.00000  0.00000e+00 |110  0.00000  0.00000e+00 |111  0.00000  0.00000e+00
112  0.00000  0.00000e+00 |113  0.00000  0.00000e+00 |114 -0.31438 -1.40096e-05
115 -0.29152 -4.75803e-06 |116 -0.11233  4.63110e-05 |117  0.16711  2.31729e-04
118 -0.11298 -5.40538e-04 |119  0.11590 -1.01205e-04 |120  0.02932 -1.03088e-06
121  0.04601 -6.13065e-05 |122  0.03661 -6.05900e-05 |123  0.19358 -8.13063e-06
124 -0.10569  3.39789e-05 |125  0.34296  2.55086e-04 |126 -0.02107 -1.13906e-04
127  0.15328 -1.41435e-04 |128 -0.08733 -5.73818e-05 |129 -0.14544  1.31447e-04
130 -0.33220  9.34665e-05 |131 -0.09939  3.96026e-05 |132 -0.05748 -3.22636e-04
133 -0.01084  1.01515e-04 |134 -0.00757 -3.72514e-05 |135 -0.12968 -1.26880e-05
136 -0.86876  1.12953e-04 |137 -0.94206 -2.73364e-05 |138  0.27735 -1.23840e-06
139 -0.14684 -1.15965e-04 |140  0.42786  2.73514e-06 |141  0.45668 -3.22640e-04
142 -0.15651  2.85713e-04 |143  0.05389  2.12339e-04 |144 -0.19763 -2.53828e-04
  ic > imax  in fminim is answer attained ?
Var    Value     Gradient |Var    Value     Gradient |Var    Value     Gradient
  1 -0.21133 -6.86477e-04 |  2 -0.00059  2.67550e-04 |  3 -0.04824  1.67991e-04
  4 -0.01420 -1.58898e-04 |  5 -0.40067  1.36099e-04 |  6 -0.00041 -1.18350e-04
  7  0.09134  1.03529e-03 |  8 -0.05954  1.70984e-04 |  9  0.17753 -2.01170e-04
 10 -0.11801 -3.90911e-05 | 11 -0.09323  4.00104e-04 | 12  0.00565  1.93176e-05
 13  0.00636 -4.12979e-06 | 14  0.00715 -1.32838e-05 | 15  0.00804 -1.03310e-05
 16  0.00904 -1.59449e-05 | 17  0.01017  4.10461e-06 | 18  0.01148  1.47350e-05
 19  0.01297 -1.31345e-06 | 20  0.01468 -2.29885e-05 | 21  0.01663 -1.98718e-05
 22  0.01879  2.99442e-05 | 23  0.02120  1.32470e-05 | 24  0.02391  1.46108e-05
 25  0.02690  1.43437e-05 | 26  0.03005  2.96657e-05 | 27  0.03306  1.56279e-05
 28  0.03564  2.33849e-05 | 29  0.03735  1.30161e-05 | 30  0.03759  2.72379e-05
 31  0.03615  2.43688e-05 | 32  0.03350  4.94116e-05 | 33  0.03119  3.35766e-05
 34  0.03124  3.53896e-05 | 35  0.03598  5.49125e-05 | 36  0.04651  1.07108e-04
 37  0.05700  2.85791e-05 | 38  0.04689  7.88870e-05 | 39  0.01696  1.06156e-04
 40 -0.01102  8.86703e-05 | 41 -0.02792  9.32433e-05 | 42 -0.02926  1.25585e-04
 43 -0.00981  1.16587e-04 | 44  0.03440  9.87676e-05 | 45  0.04744 -5.86417e-05
 46  0.03536 -1.57087e-05 | 47  0.09435 -4.00566e-04 | 48  0.01729  1.54523e-05
 49 -0.00648  1.34295e-04 | 50  0.05347 -2.77120e-04 | 51  0.00627  1.75903e-04
 52  0.11955  3.19389e-04 | 53 -0.03362  2.20321e-04 | 54 -0.03983  2.74235e-04
 55 -0.05575  2.23311e-04 | 56  0.07909  1.54296e-04 | 57 -0.02846  1.95418e-04
 58 -0.09579  2.61197e-04 | 59 -0.16219  1.62485e-04 | 60 -0.13406 -2.01411e-04
 61  0.18125  2.48588e-04 | 62 -0.13025 -5.19849e-05 | 63  0.02386 -8.50542e-05
 64  0.00329 -2.01521e-05 | 65  0.03244 -2.70611e-04 | 66  0.03721 -2.68781e-04
 67 -0.03098 -2.55548e-04 | 68  0.01947 -3.44623e-04 | 69 -0.10772 -2.39386e-04
 70  0.02963 -3.51099e-04 | 71 -0.09716 -9.83959e-05 | 72 -0.04858  8.33503e-05
 73 -0.12276  4.65498e-06 | 74 -0.10985 -7.91887e-05 | 75 -0.08720 -1.32221e-04
 76  0.26986 -3.85139e-04 | 77 -0.14309 -1.52906e-04 | 78  0.01687  1.47008e-04
 79 -0.06555 -9.43922e-05 | 80  0.08027  3.14041e-04 | 81 -0.08825  1.70087e-05
 82 -0.20688  4.51005e-05 | 83 -0.24679 -3.27639e-05 | 84 -0.08865 -1.24272e-04
 85 -0.10432 -6.67388e-06 | 86  0.08257 -5.92305e-05 | 87  0.14843 -7.17486e-06
 88 -0.00918  3.19557e-05 | 89  0.04666 -5.48993e-05 | 90  0.18213 -1.20855e-04
 91 -0.07331 -3.18199e-05 | 92  0.01669 -1.80809e-04 | 93  0.04661  1.24639e-04
 94 -0.03183  1.36011e-04 | 95 -0.16653  7.59654e-05 | 96 -0.07311 -3.82893e-05
 97 -0.03500  9.62105e-06 | 98  0.03662  5.23525e-05 | 99 -0.07313 -1.00848e-04
100  0.01116  1.29197e-04 |101  0.10911 -5.99344e-05 |102  0.00000  0.00000e+00
103  0.00000  0.00000e+00 |104  0.00000  0.00000e+00 |105  0.00000  0.00000e+00
106  0.00000  0.00000e+00 |107  0.00000  0.00000e+00 |108  0.00000  0.00000e+00
109  0.00000  0.00000e+00 |110  0.00000  0.00000e+00 |111  0.00000  0.00000e+00
112  0.00000  0.00000e+00 |113  0.00000  0.00000e+00 |114 -0.31438 -1.40096e-05
115 -0.29152 -4.75803e-06 |116 -0.11233  4.63110e-05 |117  0.16711  2.31729e-04
118 -0.11298 -5.40538e-04 |119  0.11590 -1.01205e-04 |120  0.02932 -1.03088e-06
121  0.04601 -6.13065e-05 |122  0.03661 -6.05900e-05 |123  0.19358 -8.13063e-06
124 -0.10569  3.39789e-05 |125  0.34296  2.55086e-04 |126 -0.02107 -1.13906e-04
127  0.15328 -1.41435e-04 |128 -0.08733 -5.73818e-05 |129 -0.14544  1.31447e-04
130 -0.33220  9.34665e-05 |131 -0.09939  3.96026e-05 |132 -0.05748 -3.22636e-04
133 -0.01084  1.01515e-04 |134 -0.00757 -3.72514e-05 |135 -0.12968 -1.26880e-05
136 -0.86876  1.12953e-04 |137 -0.94206 -2.73364e-05 |138  0.27735 -1.23840e-06
139 -0.14684 -1.15965e-04 |140  0.42786  2.73514e-06 |141  0.45668 -3.22640e-04
142 -0.15651  2.85713e-04 |143  0.05389  2.12339e-04 |144 -0.19763 -2.53828e-04
Function minimizer not making progress ... is minimum attained?
Minimprove criterion = 0.0000e+00
Warning: the following parameters had issues
  selparm[47] is within 1% of lower bound: 1.0000e-02 < 3.4815e-02 < 1.2000e+01


 - final statistics:
144 variables; iteration 1; function evaluation 30
Function value 2.3535e+03; maximum gradient component mag 1.0353e-03
Exit code = 1;  converg criter 1.0000e-04
Var    Value     Gradient |Var    Value     Gradient |Var    Value     Gradient
  1 -0.21133 -6.86477e-04 |  2 -0.00059  2.67550e-04 |  3 -0.04824  1.67991e-04
  4 -0.01420 -1.58898e-04 |  5 -0.40067  1.36099e-04 |  6 -0.00041 -1.18350e-04
  7  0.09134  1.03529e-03 |  8 -0.05954  1.70984e-04 |  9  0.17753 -2.01170e-04
 10 -0.11801 -3.90911e-05 | 11 -0.09323  4.00104e-04 | 12  0.00565  1.93176e-05
 13  0.00636 -4.12979e-06 | 14  0.00715 -1.32838e-05 | 15  0.00804 -1.03310e-05
 16  0.00904 -1.59449e-05 | 17  0.01017  4.10461e-06 | 18  0.01148  1.47350e-05
 19  0.01297 -1.31345e-06 | 20  0.01468 -2.29885e-05 | 21  0.01663 -1.98718e-05
 22  0.01879  2.99442e-05 | 23  0.02120  1.32470e-05 | 24  0.02391  1.46108e-05
 25  0.02690  1.43437e-05 | 26  0.03005  2.96657e-05 | 27  0.03306  1.56279e-05
 28  0.03564  2.33849e-05 | 29  0.03735  1.30161e-05 | 30  0.03759  2.72379e-05
 31  0.03615  2.43688e-05 | 32  0.03350  4.94116e-05 | 33  0.03119  3.35766e-05
 34  0.03124  3.53896e-05 | 35  0.03598  5.49125e-05 | 36  0.04651  1.07108e-04
 37  0.05700  2.85791e-05 | 38  0.04689  7.88870e-05 | 39  0.01696  1.06156e-04
 40 -0.01102  8.86703e-05 | 41 -0.02792  9.32433e-05 | 42 -0.02926  1.25585e-04
 43 -0.00981  1.16587e-04 | 44  0.03440  9.87676e-05 | 45  0.04744 -5.86417e-05
 46  0.03536 -1.57087e-05 | 47  0.09435 -4.00566e-04 | 48  0.01729  1.54523e-05
 49 -0.00648  1.34295e-04 | 50  0.05347 -2.77120e-04 | 51  0.00627  1.75903e-04
 52  0.11955  3.19389e-04 | 53 -0.03362  2.20321e-04 | 54 -0.03983  2.74235e-04
 55 -0.05575  2.23311e-04 | 56  0.07909  1.54296e-04 | 57 -0.02846  1.95418e-04
 58 -0.09579  2.61197e-04 | 59 -0.16219  1.62485e-04 | 60 -0.13406 -2.01411e-04
 61  0.18125  2.48588e-04 | 62 -0.13025 -5.19849e-05 | 63  0.02386 -8.50542e-05
 64  0.00329 -2.01521e-05 | 65  0.03244 -2.70611e-04 | 66  0.03721 -2.68781e-04
 67 -0.03098 -2.55548e-04 | 68  0.01947 -3.44623e-04 | 69 -0.10772 -2.39386e-04
 70  0.02963 -3.51099e-04 | 71 -0.09716 -9.83959e-05 | 72 -0.04858  8.33503e-05
 73 -0.12276  4.65498e-06 | 74 -0.10985 -7.91887e-05 | 75 -0.08720 -1.32221e-04
 76  0.26986 -3.85139e-04 | 77 -0.14309 -1.52906e-04 | 78  0.01687  1.47008e-04
 79 -0.06555 -9.43922e-05 | 80  0.08027  3.14041e-04 | 81 -0.08825  1.70087e-05
 82 -0.20688  4.51005e-05 | 83 -0.24679 -3.27639e-05 | 84 -0.08865 -1.24272e-04
 85 -0.10432 -6.67388e-06 | 86  0.08257 -5.92305e-05 | 87  0.14843 -7.17486e-06
 88 -0.00918  3.19557e-05 | 89  0.04666 -5.48993e-05 | 90  0.18213 -1.20855e-04
 91 -0.07331 -3.18199e-05 | 92  0.01669 -1.80809e-04 | 93  0.04661  1.24639e-04
 94 -0.03183  1.36011e-04 | 95 -0.16653  7.59654e-05 | 96 -0.07311 -3.82893e-05
 97 -0.03500  9.62105e-06 | 98  0.03662  5.23525e-05 | 99 -0.07313 -1.00848e-04
100  0.01116  1.29197e-04 |101  0.10911 -5.99344e-05 |102  0.00000  0.00000e+00
103  0.00000  0.00000e+00 |104  0.00000  0.00000e+00 |105  0.00000  0.00000e+00
106  0.00000  0.00000e+00 |107  0.00000  0.00000e+00 |108  0.00000  0.00000e+00
109  0.00000  0.00000e+00 |110  0.00000  0.00000e+00 |111  0.00000  0.00000e+00
112  0.00000  0.00000e+00 |113  0.00000  0.00000e+00 |114 -0.31438 -1.40096e-05
115 -0.29152 -4.75803e-06 |116 -0.11233  4.63110e-05 |117  0.16711  2.31729e-04
118 -0.11298 -5.40538e-04 |119  0.11590 -1.01205e-04 |120  0.02932 -1.03088e-06
121  0.04601 -6.13065e-05 |122  0.03661 -6.05900e-05 |123  0.19358 -8.13063e-06
124 -0.10569  3.39789e-05 |125  0.34296  2.55086e-04 |126 -0.02107 -1.13906e-04
127  0.15328 -1.41435e-04 |128 -0.08733 -5.73818e-05 |129 -0.14544  1.31447e-04
130 -0.33220  9.34665e-05 |131 -0.09939  3.96026e-05 |132 -0.05748 -3.22636e-04
133 -0.01084  1.01515e-04 |134 -0.00757 -3.72514e-05 |135 -0.12968 -1.26880e-05
136 -0.86876  1.12953e-04 |137 -0.94206 -2.73364e-05 |138  0.27735 -1.23840e-06
139 -0.14684 -1.15965e-04 |140  0.42786  2.73514e-06 |141  0.45668 -3.22640e-04
142 -0.15651  2.85713e-04 |143  0.05389  2.12339e-04 |144 -0.19763 -2.53828e-04
size of file gradfil1.tmp = 0
size of file gradfil2.tmp = 0
size of file varssave.tmp = 0
size of file cmpdiff.tmp = 200000008
