
Initial statistics: 3 variables; iteration 0; function evaluation 0; phase 1
Function value 4.1949517e+03; maximum gradient component mag -5.6199e+01
Var    Value     Gradient |Var    Value     Gradient |Var    Value     Gradient
  1  0.12819  2.50046e+01 |  2 -0.12819  4.75100e+00 |  3 -0.21635 -5.61991e+01

 - final statistics:
3 variables; iteration 7; function evaluation 11
Function value 4.1879e+03; maximum gradient component mag 3.9883e+00
Exit code = 1;  converg criter 1.0000e+01
Var    Value     Gradient |Var    Value     Gradient |Var    Value     Gradient
  1  0.09198  3.98834e+00 |  2 -0.19245  2.38613e-02 |  3  0.08660 -1.18315e+00

Initial statistics: 13 variables; iteration 0; function evaluation 0; phase 2
Function value 4.1878746e+03; maximum gradient component mag 8.8867e+02
Var    Value     Gradient |Var    Value     Gradient |Var    Value     Gradient
  1 -0.26966 -2.70577e+02 |  2  0.00000 -3.38952e+02 |  3 -0.26198 -5.25759e+02
  4 -0.03352 -1.08348e+02 |  5  0.18446  2.50857e+02 |  6 -0.04247 -2.85903e+02
  7  0.33333  8.88670e+02 |  8 -0.53989  5.84518e+01 |  9  0.00000 -1.40723e+02
 10 -0.21635 -3.97394e+01 | 11  0.09198  3.98834e+00 | 12 -0.19245  2.38613e-02
 13  0.08660 -1.18315e+00 |

Intermediate statistics: 13 variables; iteration 20; function evaluation 31; phase 2
Function value 3.7937359e+03; maximum gradient component mag 1.9166e+01
Var    Value     Gradient |Var    Value     Gradient |Var    Value     Gradient
  1 -0.24328  1.91659e+01 |  2  0.09275  1.37535e+01 |  3 -0.07673  8.77885e+00
  4 -0.03143  2.26460e+00 |  5 -0.47731 -9.14540e-01 |  6  0.16609 -1.26455e+00
  7  0.14947  1.27234e+01 |  8 -0.34696  5.77928e+00 |  9  0.27047 -3.13939e-01
 10 -0.25706 -1.75030e+00 | 11  0.52875 -3.96021e+00 | 12 -0.16916 -4.90882e-01
 13  0.09944 -4.98439e-01 |

 - final statistics:
13 variables; iteration 23; function evaluation 34
Function value 3.7932e+03; maximum gradient component mag 8.1094e+00
Exit code = 1;  converg criter 1.0000e+01
Var    Value     Gradient |Var    Value     Gradient |Var    Value     Gradient
  1 -0.23756  8.10935e+00 |  2  0.08716 -3.47262e+00 |  3 -0.07313 -1.18067e+00
  4 -0.03207  3.42611e-01 |  5 -0.47741 -6.60556e-01 |  6  0.16278  5.63867e-01
  7  0.15093 -6.14449e+00 |  8 -0.35759 -1.18053e+00 |  9  0.27261 -1.00114e+00
 10 -0.25148 -2.54497e-01 | 11  0.86431 -5.37419e-01 | 12 -0.16171 -1.54743e-01
 13  0.12786  1.05121e+00 |

Initial statistics: 51 variables; iteration 0; function evaluation 0; phase 3
Function value 3.7931781e+03; maximum gradient component mag 1.5364e+03
Var    Value     Gradient |Var    Value     Gradient |Var    Value     Gradient
  1 -0.23756  8.10935e+00 |  2  0.08716 -3.47262e+00 |  3 -0.07313 -1.18067e+00
  4 -0.03207  3.42611e-01 |  5 -0.47741 -6.60556e-01 |  6  0.16278  5.63867e-01
  7  0.15093 -6.14449e+00 |  8 -0.35759 -1.18053e+00 |  9  0.27261 -1.00114e+00
 10 -0.25148 -2.54497e-01 | 11  0.86431 -5.37419e-01 | 12 -0.16171 -1.54743e-01
 13  0.12786  1.05121e+00 | 14 -0.10028 -6.70856e+01 | 15 -0.45481  2.88467e+01
 16 -0.10028  6.61660e+01 | 17 -0.45481 -4.02400e+01 | 18 -0.01633  4.93309e-01
 19 -0.11760 -2.82556e+02 | 20 -0.33425  1.16279e+02 | 21 -0.11760 -4.81048e+01
 22 -0.33425  2.06673e+01 | 23 -0.11760 -2.74356e+02 | 24 -0.33425  1.18549e+02
 25 -0.11760 -9.63582e+02 | 26 -0.33425  1.04527e+02 | 27 -0.10723 -1.17985e+03
 28  0.02302  1.53637e+03 | 29 -0.31415 -1.07385e+03 | 30  0.53959  1.88986e+01
 31 -0.62714  4.43996e-03 | 32  0.00000  6.30434e+02 | 33 -0.21635 -3.68721e+02
 34  0.16024  1.00859e+02 | 35 -0.11760  1.52149e+01 | 36 -0.10723 -2.04476e+02
 37 -0.10723 -7.16818e+01 | 38 -0.10028 -6.23953e+01 | 39 -0.10028 -7.14384e+02
 40 -0.45481  2.62958e+01 | 41 -0.45481  2.06464e+02 | 42 -0.24768 -3.90635e+02
 43 -0.10028 -3.44312e+01 | 44 -0.45481  1.63338e+01 | 45 -0.11760 -5.25677e+02
 46 -0.33425  2.69282e+02 | 47 -0.11760 -1.32127e+02 | 48 -0.33425 -4.98538e+01
 49 -0.10723 -1.60433e+02 | 50  0.02302  2.69975e+02 | 51 -0.31415 -1.78507e+02

Intermediate statistics: 51 variables; iteration 20; function evaluation 33; phase 3
Function value 3.1964432e+03; maximum gradient component mag 5.1421e+02
Var    Value     Gradient |Var    Value     Gradient |Var    Value     Gradient
  1  0.00579  7.92374e+01 |  2 -0.03852 -5.85610e+01 |  3 -0.08893 -2.50772e+01
  4 -0.04558 -7.93447e+00 |  5 -0.36040  3.25540e+01 |  6 -0.17061 -5.06002e+01
  7  0.10194  5.14205e+02 |  8 -0.00911  1.46252e+02 |  9 -0.07031  9.50166e+00
 10 -0.03510 -4.49924e+00 | 11  0.84319  3.90149e-01 | 12 -0.16534  1.53654e-01
 13  0.11226  2.43919e-01 | 14  0.25898 -4.93728e+01 | 15 -0.34316  5.83081e+01
 16 -0.21141 -1.08661e+01 | 17 -0.43473  8.32189e+00 | 18 -0.02063  5.67246e-02
 19  0.34261 -7.50227e+01 | 20 -0.12735  2.39889e+02 | 21  0.12160 -3.05601e+01
 22 -0.23034  2.19244e+01 | 23  0.28569  4.01367e+00 | 24 -0.19947 -3.39905e+01
 25  0.45888 -1.25969e+02 | 26 -0.09345  3.99462e+02 | 27 -0.53687 -4.01634e+00
 28 -0.18853  1.40452e+02 | 29 -0.47402 -6.54919e+01 | 30  0.41299 -4.30835e+00
 31 -0.62711 -6.06596e-03 | 32 -0.01009 -2.94565e+01 | 33  0.04444  3.24972e+01
 34 -0.04687  7.03969e+00 | 35  0.30651 -3.60157e+00 | 36  0.05039  1.62163e+01
 37  0.31941  9.63775e-03 | 38  0.22881 -8.66292e+01 | 39  0.16292 -1.42835e+02
 40 -0.45021  4.85967e+01 | 41 -0.28683  3.32066e+02 | 42 -0.21815  5.10988e+00
 43  0.21002 -1.25167e+01 | 44 -0.35295 -8.47024e+00 | 45  0.07792 -4.31728e+01
 46 -0.21483  9.55029e+01 | 47  0.12207  8.14610e+01 | 48 -0.14806 -8.91796e+01
 49  0.01317  1.08201e+01 | 50  0.09021  1.99594e-01 | 51 -0.17653 -8.19153e+00
51 variables; iteration 40; function evaluation 56; phase 3
Function value 3.1738508e+03; maximum gradient component mag 3.6888e+02
Var    Value     Gradient |Var    Value     Gradient |Var    Value     Gradient
  1  0.03182  1.25861e+02 |  2  0.03885  6.95097e+00 |  3 -0.15538 -8.36385e+00
  4 -0.03554 -5.57950e+00 |  5 -0.43288  1.26724e+01 |  6 -0.17421 -7.00864e+00
  7  0.07579  3.68883e+02 |  8  0.03556  9.85403e+01 |  9 -0.07407  2.67648e+01
 10  0.06367  1.04357e+01 | 11  0.90169 -9.46774e-01 | 12 -0.16609  1.05315e-01
 13  0.12392  8.65775e-01 | 14  0.27513 -2.78003e+01 | 15 -0.34852  2.79285e+01
 16 -0.29169 -1.60889e+01 | 17 -0.88087  5.94958e-01 | 18 -0.10857  5.62125e-02
 19  0.31799 -1.13586e+01 | 20 -0.15290  4.15130e+01 | 21  0.15562 -1.24456e+01
 22 -0.22308  5.21705e+00 | 23  0.22799 -5.58211e+01 | 24 -0.22980  9.77934e-01
 25  0.46666 -7.05543e+01 | 26 -0.10785  1.81668e+02 | 27 -0.53903 -3.32539e+00
 28 -0.16665  1.61876e+02 | 29 -0.42705 -7.78542e+01 | 30  0.43721 -2.53651e+00
 31 -0.62470 -5.53404e-03 | 32 -0.01895 -4.54088e+01 | 33 -0.00071  1.88622e+01
 34 -0.07512 -6.99838e+00 | 35  0.16171 -2.24646e+01 | 36  0.02668  6.50211e+01
 37  1.16203 -1.24148e-02 | 38  0.20494 -7.64461e+01 | 39  0.16231 -2.87137e+01
 40 -0.49893  2.68290e+01 | 41 -0.31036  1.14088e+02 | 42 -0.22514  1.12485e+01
 43  0.33543 -3.14912e+00 | 44 -0.29205  2.76317e+00 | 45  0.05316  3.03275e+01
 46 -0.24668 -3.36705e+01 | 47  0.09131  3.39727e+01 | 48 -0.16956 -6.16624e+01
 49 -0.09824  8.66264e+00 | 50  0.21816 -1.49306e+01 | 51 -0.08021  3.31070e+01
51 variables; iteration 60; function evaluation 86; phase 3
Function value 3.1521662e+03; maximum gradient component mag -2.7156e+01
Var    Value     Gradient |Var    Value     Gradient |Var    Value     Gradient
  1  0.00245 -3.28222e+00 |  2  0.01789 -1.79487e+00 |  3 -0.11682 -1.43105e+00
  4 -0.03805 -1.41948e+00 |  5 -0.43217 -1.78754e-02 |  6 -0.17016 -1.36843e+00
  7  0.06913  8.89326e+00 |  8  0.01357  3.11829e+00 |  9 -0.07705  1.71640e-01
 10  0.09051  1.32798e-01 | 11  0.49740  5.80383e-01 | 12 -0.16836  4.16731e-01
 13  0.11499  4.13419e-01 | 14  0.33826 -4.27535e-01 | 15 -0.32523  2.04332e+00
 16 -0.25965 -1.78562e+00 | 17 -0.76150 -1.13212e-01 | 18 -0.22389 -3.54458e-01
 19  0.30056  3.40750e-02 | 20 -0.16087 -1.76976e+00 | 21  0.24183  3.42906e-01
 22 -0.17304  1.61957e-01 | 23  0.30331 -2.27996e+00 | 24 -0.18795  1.99176e+00
 25  0.63074 -4.54882e+00 | 26 -0.08530  8.92754e+00 | 27 -0.70207 -8.97443e-02
 28 -0.16254 -6.06509e+00 | 29 -0.33191  5.45467e+00 | 30  0.57684  2.40843e-01
 31 -0.56764 -3.70421e-03 | 32  0.02981  2.58155e+00 | 33  0.02898 -8.03448e-02
 34 -0.14700  1.29440e+00 | 35  0.34816  4.44993e-01 | 36  0.05187 -1.13394e-01
 37  0.17381  1.28698e-02 | 38  0.47666  8.92492e-01 | 39  0.14150  1.64414e+00
 40 -0.33809 -3.22137e+00 | 41 -0.33324  6.33438e+00 | 42 -0.26858  4.90241e+00
 43  0.41692  4.76676e-01 | 44 -0.26772  2.80728e-01 | 45  0.04380 -2.71563e+01
 46 -0.25247  1.66521e+01 | 47  0.11866  6.29457e+00 | 48 -0.15171 -6.48342e+00
 49 -0.16195  3.98254e-01 | 50  0.20115  1.27095e+00 | 51 -0.10036  5.95683e-01
Maximum number of function evaluations exceeded

 - final statistics:
51 variables; iteration 75; function evaluation 100
Function value 3.1518e+03; maximum gradient component mag 3.0784e+00
Exit code = 3;  converg criter 1.0000e+00
Var    Value     Gradient |Var    Value     Gradient |Var    Value     Gradient
  1  0.00501 -2.47032e-01 |  2  0.01534 -5.40255e-01 |  3 -0.11561 -2.80846e-01
  4 -0.03808 -1.46130e-01 |  5 -0.43217 -1.23335e-01 |  6 -0.17490 -5.85270e-01
  7  0.06860 -1.20526e+00 |  8  0.01495 -2.65099e-01 |  9 -0.07795 -1.69040e-01
 10  0.09007 -8.51688e-02 | 11  0.48057 -4.47055e-02 | 12 -0.17319  4.39156e-02
 13  0.10776  1.38272e-02 | 14  0.33819  2.30157e-01 | 15 -0.32659 -9.69637e-02
 16 -0.24185 -3.30122e-01 | 17 -0.65183  6.28210e-02 | 18 -0.22067 -4.05219e-02
 19  0.30309 -4.11574e-01 | 20 -0.16041 -4.88506e-01 | 21  0.23788  5.42084e-02
 22 -0.17578  6.81926e-03 | 23  0.30847 -1.02844e-03 | 24 -0.18677 -4.71342e-01
 25  0.72441 -7.98227e-01 | 26 -0.07565  2.67533e+00 | 27 -0.77383 -8.48808e-03
 28 -0.16626 -7.23355e-01 | 29 -0.34381 -1.12740e-01 | 30  0.55632 -6.11204e-02
 31 -0.33063 -7.16994e-03 | 32  0.03074 -4.46307e-01 | 33  0.02960  1.07145e-01
 34 -0.15390 -2.65455e-01 | 35  0.34687  2.53987e-01 | 36  0.05106 -3.12344e-01
 37  0.17521  1.21834e-02 | 38  0.49234  2.68057e-01 | 39  0.14647  1.45335e-01
 40 -0.33277 -1.65689e-01 | 41 -0.33199  3.35838e-01 | 42 -0.28788  2.61509e-01
 43  0.39150 -2.34403e-01 | 44 -0.27575  5.17888e-01 | 45  0.05871  3.07839e+00
 46 -0.24130 -1.61735e+00 | 47  0.11763 -5.16014e-01 | 48 -0.15227  4.35930e-01
 49 -0.15551 -1.43008e-01 | 50  0.19398 -1.80223e-01 | 51 -0.10555  1.84842e-01

Initial statistics: 141 variables; iteration 0; function evaluation 0; phase 4
Function value 3.1518144e+03; maximum gradient component mag -8.3019e+02
Var    Value     Gradient |Var    Value     Gradient |Var    Value     Gradient
  1  0.00501 -2.47032e-01 |  2  0.01534 -5.40255e-01 |  3 -0.11561 -2.80846e-01
  4 -0.03808 -1.46130e-01 |  5 -0.43217 -1.23335e-01 |  6 -0.17490 -5.85270e-01
  7  0.06860 -1.20526e+00 |  8  0.01495 -2.65099e-01 |  9 -0.07795 -1.69040e-01
 10  0.09007 -8.51688e-02 | 11  0.48057 -4.47055e-02 | 12  0.00000 -3.91634e-01
 13  0.00000 -4.64451e-01 | 14  0.00000 -5.50619e-01 | 15  0.00000 -6.52466e-01
 16  0.00000 -7.72841e-01 | 17  0.00000 -9.15392e-01 | 18  0.00000 -1.08445e+00
 19  0.00000 -1.28467e+00 | 20  0.00000 -1.52080e+00 | 21  0.00000 -1.80094e+00
 22  0.00000 -2.13018e+00 | 23  0.00000 -2.51761e+00 | 24  0.00000 -2.97260e+00
 25  0.00000 -3.50468e+00 | 26  0.00000 -4.12236e+00 | 27  0.00000 -4.82975e+00
 28  0.00000 -5.63802e+00 | 29  0.00000 -6.55764e+00 | 30  0.00000 -7.58224e+00
 31  0.00000 -8.70937e+00 | 32  0.00000 -9.94207e+00 | 33  0.00000 -1.13149e+01
 34  0.00000 -1.28894e+01 | 35  0.00000 -1.47347e+01 | 36  0.00000 -1.67414e+01
 37  0.00000 -1.84347e+01 | 38  0.00000 -1.88438e+01 | 39  0.00000 -1.63496e+01
 40  0.00000 -1.15402e+01 | 41  0.00000 -6.69280e+00 | 42  0.00000 -5.20791e+00
 43  0.00000 -9.66298e+00 | 44  0.00000 -1.85704e+01 | 45  0.00000 -2.66663e+01
 46  0.00000 -3.46110e+01 | 47  0.00000 -4.02359e+01 | 48  0.00000 -3.00588e+01
 49  0.00000 -2.36256e+01 | 50  0.00000 -4.58232e+01 | 51  0.00000 -7.72245e+01
 52  0.00000 -1.01642e+02 | 53  0.00000  2.14959e+01 | 54  0.00000  1.42568e+02
 55  0.00000  1.24522e+02 | 56  0.00000  5.92367e-01 | 57  0.00000  1.63764e+02
 58  0.00000  3.34915e+02 | 59  0.00000  3.59946e+02 | 60  0.00000 -5.78592e+01
 61  0.00000 -6.18298e+02 | 62  0.00000 -2.09400e+01 | 63  0.00000  5.83867e+01
 64  0.00000  5.13639e+01 | 65  0.00000 -2.08277e+01 | 66  0.00000 -3.08659e+01
 67  0.00000  4.08882e+01 | 68  0.00000  4.20672e+01 | 69  0.00000  9.61423e+01
 70  0.00000  1.95174e+01 | 71  0.00000  1.40859e+02 | 72  0.00000  1.45614e+02
 73  0.00000  2.10408e+02 | 74  0.00000  1.74274e+02 | 75  0.00000 -2.67534e+02
 76  0.00000 -8.30186e+02 | 77  0.00000 -1.18662e+02 | 78  0.00000  7.76841e+01
 79  0.00000  1.46810e+02 | 80  0.00000 -6.10710e+01 | 81  0.00000  1.91321e+02
 82  0.00000  2.86644e+02 | 83  0.00000  2.93929e+02 | 84  0.00000  1.59292e+02
 85  0.00000  1.26939e+02 | 86  0.00000 -1.68256e+02 | 87  0.00000 -2.58435e+02
 88  0.00000 -3.54594e+01 | 89  0.00000 -1.79892e+02 | 90  0.00000 -2.79031e+02
 91  0.00000 -4.77479e+01 | 92  0.00000 -1.01592e+02 | 93  0.00000  3.73417e+01
 94  0.00000  8.45361e+01 | 95  0.00000  1.43514e+02 | 96  0.00000  8.91009e+01
 97  0.00000  1.19972e+00 | 98  0.00000 -6.06572e+01 | 99  0.00000  3.21142e+01
100  0.00000 -6.96511e+00 |101  0.00000 -1.03989e+01 |102 -0.17319  4.39156e-02
103  0.10776  1.38272e-02 |104  0.33819  2.30157e-01 |105 -0.32659 -9.69637e-02
106 -0.24185 -3.30122e-01 |107 -0.65183  6.28210e-02 |108 -0.22067 -4.05219e-02
109  0.30309 -4.11574e-01 |110 -0.16041 -4.88506e-01 |111  0.23788  5.42084e-02
112 -0.17578  6.81926e-03 |113  0.30847 -1.02844e-03 |114 -0.18677 -4.71342e-01
115  0.72441 -7.98227e-01 |116 -0.07565  2.67533e+00 |117 -0.77383 -8.48808e-03
118 -0.16626 -7.23355e-01 |119 -0.34381 -1.12740e-01 |120  0.55632 -6.11204e-02
121 -0.33063 -7.16994e-03 |122  0.03074 -4.46307e-01 |123  0.02960  1.07145e-01
124 -0.15390 -2.65455e-01 |125  0.34687  2.53987e-01 |126  0.05106 -3.12344e-01
127  0.17521  1.21834e-02 |128  0.49234  2.68057e-01 |129  0.14647  1.45335e-01
130 -0.33277 -1.65689e-01 |131 -0.33199  3.35838e-01 |132 -0.28788  2.61509e-01
133  0.39150 -2.34403e-01 |134 -0.27575  5.17888e-01 |135  0.05871  3.07839e+00
136 -0.24130 -1.61735e+00 |137  0.11763 -5.16014e-01 |138 -0.15227  4.35930e-01
139 -0.15551 -1.43008e-01 |140  0.19398 -1.80223e-01 |141 -0.10555  1.84842e-01

Intermediate statistics: 141 variables; iteration 20; function evaluation 25; phase 4
Function value 2.7145885e+03; maximum gradient component mag 4.3942e+02
Var    Value     Gradient |Var    Value     Gradient |Var    Value     Gradient
  1  0.03311  1.88069e+02 |  2  0.00793 -1.20903e+01 |  3 -0.10599  2.08244e+01
  4  0.06009  1.08952e+01 |  5 -0.44163 -1.31875e+01 |  6 -0.15103 -2.74099e+01
  7  0.08068 -3.33028e+01 |  8 -0.02931  3.07772e+01 |  9  0.06197 -2.55451e+01
 10 -0.03231 -1.08627e+01 | 11  0.40727 -2.68971e+01 | 12  0.00281  1.11485e-01
 13  0.00333  1.30855e-01 | 14  0.00394  1.53514e-01 | 15  0.00467  1.80015e-01
 16  0.00554  2.11067e-01 | 17  0.00656  2.47553e-01 | 18  0.00779  2.90386e-01
 19  0.00925  3.40362e-01 | 20  0.01100  3.98340e-01 | 21  0.01309  4.65618e-01
 22  0.01560  5.43262e-01 | 23  0.01862  6.32513e-01 | 24  0.02224  7.34166e-01
 25  0.02661  8.47935e-01 | 26  0.03184  9.71781e-01 | 27  0.03804  1.10144e+00
 28  0.04534  1.23206e+00 | 29  0.05380  1.35590e+00 | 30  0.06314  1.47100e+00
 31  0.07277  1.59308e+00 | 32  0.08167  1.76864e+00 | 33  0.08913  2.05044e+00
 34  0.09583  2.41526e+00 | 35  0.10547  2.64838e+00 | 36  0.12103  2.33706e+00
 37  0.13750  1.17036e+00 | 38  0.13491  2.52052e-01 | 39  0.08650  9.89229e-01
 40  0.02787 -4.50340e-02 | 41 -0.01241 -1.92202e+00 | 42 -0.02510 -3.06133e+00
 43 -0.00147 -3.06226e+00 | 44  0.06062 -3.33958e+00 | 45  0.08442 -6.64053e-01
 46  0.07699  3.98971e+00 | 47  0.13026  3.88187e+00 | 48  0.01737 -2.21413e+00
 49 -0.03206 -6.64491e+00 | 50  0.09265 -1.65484e+01 | 51 -0.07342 -1.06759e+01
 52  0.13289 -2.64410e+01 | 53 -0.11523 -1.58271e+01 | 54 -0.05160 -2.17813e+01
 55 -0.08291 -1.13688e+01 | 56  0.06926 -2.15280e+00 | 57 -0.06275 -7.13742e+00
 58 -0.11652 -5.69053e+00 | 59 -0.19397 -1.59375e+01 | 60 -0.45017 -3.04512e+01
 61  0.15408 -2.33902e+02 | 62 -0.38836 -2.65450e+01 | 63  0.01356 -3.40248e+00
 64 -0.01540  1.62576e+01 | 65  0.01747  5.11123e+01 | 66  0.02887  8.09845e+01
 67 -0.03568  4.94449e+01 | 68  0.01357  6.59833e+01 | 69 -0.11836  1.39547e+01
 70  0.03027  4.69704e+01 | 71 -0.12580  2.10125e+00 | 72 -0.03589  2.24170e+00
 73 -0.14041 -1.65348e+01 | 74 -0.17600 -2.57271e+01 | 75 -0.05649  6.87315e-01
 76  0.30215  2.48015e+02 | 77 -0.24824 -1.60229e+01 | 78  0.02533 -1.20047e+01
 79 -0.09174 -1.97149e+01 | 80  0.09866 -4.33329e+00 | 81 -0.10217 -2.70498e+01
 82 -0.26794 -3.00200e+01 | 83 -0.34054 -2.83880e+01 | 84 -0.03346 -1.40870e+01
 85 -0.17865 -1.53410e+01 | 86  0.11639  5.65770e+00 | 87  0.13366 -3.08154e+01
 88  0.00829 -1.41979e+01 | 89  0.11600 -1.36458e+01 | 90  0.17471 -2.35730e+01
 91 -0.02427 -1.06631e+01 | 92  0.12198  4.29077e+01 | 93  0.02226  4.67808e+00
 94 -0.01894  3.03602e-01 | 95 -0.13440  1.31547e-01 | 96 -0.05147  7.16542e+00
 97  0.03331  1.49400e+01 | 98  0.08141  1.18377e+01 | 99 -0.03759  8.75674e-01
100  0.05095  1.86224e+00 |101  0.10080  1.26614e+00 |102 -0.17109  5.61320e+00
103 -0.03051  7.21834e+00 |104  0.35503 -1.43167e+00 |105 -0.31412 -8.71066e-02
106 -0.24191  3.25822e-01 |107 -0.65262 -1.39587e-03 |108 -0.22766  7.60507e-01
109  0.31776  8.47009e+01 |110 -0.17023 -1.90688e+02 |111  0.27309 -6.47702e+00
112 -0.15274  9.28243e+00 |113  0.29771  1.19975e+01 |114 -0.18701 -1.72238e+01
115  0.71375 -2.45150e+01 |116 -0.04688  2.70543e+02 |117 -0.77369 -8.31444e-03
118 -0.17350  3.26676e+01 |119 -0.38037 -1.43127e+01 |120  0.48637  6.31463e+00
121 -0.33260  1.37369e-01 |122  0.02326 -6.64170e+00 |123 -0.00098  1.50322e+00
124 -0.16450 -2.49419e+00 |125  0.30678  1.99486e+01 |126  0.03139 -8.57336e+01
127  0.17478  4.53454e-02 |128  0.47014  4.67092e-01 |129  0.10874 -3.28130e+02
130 -0.32970  2.13333e+00 |131 -0.29684  4.39416e+02 |132 -0.27415 -4.35580e+01
133  0.36626 -5.67285e-01 |134 -0.27071  4.34753e+00 |135  0.00772 -3.26996e+02
136 -0.24537  3.41023e+02 |137  0.09525 -6.92833e+01 |138 -0.15409  9.52844e+01
139 -0.17124 -1.18871e+01 |140  0.12017 -5.65245e+00 |141 -0.14442  1.76826e+01
141 variables; iteration 40; function evaluation 45; phase 4
Function value 2.6907643e+03; maximum gradient component mag 2.7286e+02
Var    Value     Gradient |Var    Value     Gradient |Var    Value     Gradient
  1 -0.00014  1.79699e+02 |  2 -0.01578 -2.13684e+00 |  3 -0.06176  2.37575e+01
  4  0.01705  3.32136e-01 |  5 -0.42290 -2.27130e+01 |  6 -0.11815 -1.02965e+00
  7  0.11781  6.38402e+01 |  8 -0.15930  3.40327e+01 |  9  0.14709 -1.70331e+01
 10 -0.18184 -1.31067e+01 | 11  0.29983 -2.58994e+01 | 12  0.00320  1.12991e-01
 13  0.00376  1.30972e-01 | 14  0.00442  1.51668e-01 | 15  0.00520  1.75427e-01
 16  0.00611  2.02657e-01 | 17  0.00718  2.33869e-01 | 18  0.00844  2.69646e-01
 19  0.00994  3.10535e-01 | 20  0.01171  3.56816e-01 | 21  0.01380  4.08716e-01
 22  0.01626  4.65659e-01 | 23  0.01915  5.27846e-01 | 24  0.02257  5.95447e-01
 25  0.02665  6.69426e-01 | 26  0.03158  7.52784e-01 | 27  0.03767  8.54527e-01
 28  0.04570  1.00077e+00 | 29  0.05723  1.23694e+00 | 30  0.07403  1.57580e+00
 31  0.09495  1.86499e+00 | 32  0.10563  1.88065e+00 | 33  0.08624  1.57516e+00
 34  0.04967  5.06858e-01 | 35  0.01654 -9.53392e-01 | 36 -0.01019 -2.40823e+00
 37  0.10427  5.98087e+00 | 38  0.26442  1.41851e+01 | 39 -0.03758 -3.19303e+00
 40 -0.00666  7.43161e-01 | 41 -0.02216  1.31724e-01 | 42 -0.03162 -7.54785e-01
 43 -0.02280 -9.06566e-01 | 44  0.12865  1.04273e+01 | 45  0.03750  4.11345e+00
 46  0.07285  1.04876e+01 | 47  0.14370  1.57405e+01 | 48  0.02288  1.35984e+00
 49 -0.04259 -6.30726e+00 | 50  0.09681 -1.72632e+01 | 51 -0.06939 -1.25170e+01
 52  0.13400 -5.97708e+01 | 53 -0.16164 -2.10745e+01 | 54 -0.03701 -3.39755e+01
 55 -0.09440 -2.29030e+01 | 56  0.06349 -4.19234e+01 | 57 -0.03979  2.81651e+00
 58 -0.10636  2.64944e+00 | 59 -0.21735 -1.30840e+01 | 60 -0.20634 -1.80219e+01
 61  0.16492 -1.11992e+02 | 62 -0.48781 -2.82256e+01 | 63  0.01848 -5.14264e+00
 64 -0.01316  1.10313e+01 | 65  0.02842  4.79430e+01 | 66  0.02730  4.15947e+01
 67 -0.03786  2.59237e+01 | 68  0.02132  4.68077e+01 | 69 -0.12358  6.32303e+00
 70  0.03476  2.91814e+01 | 71 -0.12518 -2.06067e+00 | 72 -0.03256 -1.60217e+00
 73 -0.14231 -1.36438e+01 | 74 -0.10473 -1.51285e+01 | 75 -0.13264 -1.32644e+01
 76  0.29992  1.15416e+02 | 77 -0.25720 -1.73786e+01 | 78  0.03794  5.17810e+00
 79 -0.06675 -1.00930e+01 | 80  0.10033  1.10500e+01 | 81 -0.07342 -6.76871e+00
 82 -0.24121 -2.36232e+01 | 83 -0.30883 -2.26002e+01 | 84 -0.05478 -1.62048e+01
 85 -0.08942 -1.11620e+01 | 86  0.10975 -3.29599e+00 | 87  0.14884  5.28763e+00
 88  0.01740 -1.16677e+01 | 89  0.11488 -1.38688e+01 | 90  0.18485 -9.65879e+00
 91  0.01703  1.18577e+01 | 92  0.12223  4.60841e+01 | 93  0.03790  1.57920e+01
 94 -0.00585  7.38259e+00 | 95 -0.13521 -4.34615e-02 | 96 -0.02961  1.65923e+01
 97  0.01648  2.40761e+00 | 98  0.08622  2.49905e+01 | 99 -0.06787 -9.85478e+00
100  0.06288  7.64527e+00 |101  0.09398 -7.74602e-01 |102 -0.16558  6.00907e+00
103 -0.10153  3.24454e+00 |104  0.37692 -1.13365e-01 |105 -0.30466 -1.08448e+00
106 -0.23561  5.37222e+00 |107 -0.66863 -1.21136e+00 |108 -0.31096 -5.67925e+00
109  0.33486  5.11843e+01 |110 -0.15526 -1.10702e+02 |111  0.66913 -6.72222e+00
112 -0.03254  6.44927e+01 |113  0.29176  1.00237e+01 |114 -0.18858 -2.70279e+01
115  0.72873 -1.57305e+01 |116 -0.04575  1.74458e+02 |117 -0.77005 -8.26199e-03
118 -0.18383 -1.33959e+00 |119 -0.40305 -8.47984e+00 |120  0.30052 -3.86339e+00
121 -0.31281 -2.85652e-01 |122 -0.00372 -3.27406e+01 |123 -0.02315  6.00303e+00
124 -0.14326 -9.71744e+00 |125  0.05905 -1.65799e+01 |126  0.00350  4.06086e+01
127  0.11257  2.90611e-01 |128  0.47700 -7.64015e+00 |129  0.12436 -1.79712e+02
130 -0.31697  2.62187e+01 |131 -0.30199  2.72861e+02 |132 -0.26492 -1.70696e+01
133  0.30538 -3.37441e+00 |134 -0.29046  2.30671e+00 |135 -0.01152 -2.37664e+02
136 -0.26729  2.36772e+02 |137  0.03974 -4.24986e+01 |138 -0.18269  5.21401e+01
139 -0.08556 -1.89541e+00 |140  0.04899  4.37156e+00 |141 -0.20752 -3.22736e+00
141 variables; iteration 60; function evaluation 67; phase 4
Function value 2.6632224e+03; maximum gradient component mag 1.1246e+02
Var    Value     Gradient |Var    Value     Gradient |Var    Value     Gradient
  1 -0.03655  1.12464e+02 |  2 -0.01126  2.46302e+01 |  3 -0.05891  4.42272e+01
  4  0.02105  4.30007e+01 |  5 -0.41866  6.04751e+00 |  6 -0.10244  1.36569e+01
  7  0.09857  1.77953e+01 |  8 -0.12931  1.78048e+01 |  9  0.15098  1.78795e+01
 10 -0.09437  5.26974e+00 | 11  0.20348 -1.39330e+01 | 12  0.00322  2.50945e-02
 13  0.00377  2.76335e-02 | 14  0.00441  3.02290e-02 | 15  0.00516  3.27958e-02
 16  0.00603  3.52164e-02 | 17  0.00706  3.73805e-02 | 18  0.00827  3.92314e-02
 19  0.00971  4.06703e-02 | 20  0.01142  4.13060e-02 | 21  0.01344  3.98872e-02
 22  0.01582  3.54580e-02 | 23  0.01864  2.65642e-02 | 24  0.02203  1.12482e-02
 25  0.02614 -1.38149e-02 | 26  0.03114 -5.51607e-02 | 27  0.03714 -1.24974e-01
 28  0.04417 -2.48640e-01 | 29  0.05165 -4.80431e-01 | 30  0.05664 -9.02574e-01
 31  0.05671 -1.46591e+00 | 32  0.07145 -1.61649e+00 | 33  0.05452 -2.15964e+00
 34  0.04136 -2.49573e+00 | 35  0.01652 -3.30208e+00 | 36 -0.00735 -4.34051e+00
 37  0.01930 -2.77358e+00 | 38  0.22722 -6.90097e+00 | 39 -0.05033 -5.89224e+00
 40 -0.02251 -2.61623e+00 | 41 -0.02238 -1.56039e+00 | 42 -0.02060 -1.66489e+00
 43  0.00405 -2.33444e+00 | 44  0.07434 -5.85365e+00 | 45  0.04799 -6.71246e+00
 46  0.02161 -5.95400e+00 | 47  0.12957 -1.53926e+01 | 48 -0.00322 -8.54416e+00
 49 -0.00193 -1.07237e+01 | 50  0.06839 -2.80190e+01 | 51 -0.03695 -1.21693e+01
 52  0.12603 -1.56181e+01 | 53 -0.05704 -4.56184e+00 | 54 -0.04633 -4.49599e+00
 55 -0.06753 -3.47660e+00 | 56  0.06590 -1.09841e+01 | 57 -0.04775  7.29470e-01
 58 -0.10763  7.17208e+00 | 59 -0.16817  5.64709e+00 | 60 -0.18805 -7.05325e+00
 61  0.17346  9.70615e+01 | 62 -0.18403 -2.51602e+00 | 63  0.02074  3.27568e+01
 64 -0.01378  3.72796e+00 | 65  0.00876 -1.36218e+01 | 66  0.02042 -1.47629e+01
 67 -0.05271 -1.01103e+01 | 68  0.00039 -1.69105e+01 | 69 -0.13215 -2.63699e+00
 70  0.02632  1.77079e+01 | 71 -0.11762  3.71477e+00 | 72 -0.03767  1.25191e+01
 73 -0.10704  5.97067e+00 | 74 -0.09118  9.62769e-01 | 75 -0.18693 -1.73267e+01
 76  0.26782 -3.26331e+01 | 77 -0.20652 -1.06875e+01 | 78  0.01864  5.75685e+00
 79 -0.06230  5.42589e+00 | 80  0.07706 -1.18590e+01 | 81 -0.08389 -4.36615e+00
 82 -0.18876  1.15833e+00 | 83 -0.21627  2.58703e+00 | 84 -0.05426  3.51027e-01
 85 -0.08536  7.65718e-01 | 86  0.09273 -8.03388e+00 | 87  0.13030 -4.84548e+00
 88  0.01681  5.31402e+00 | 89  0.10838  1.47153e+01 | 90  0.18367  5.56126e+01
 91 -0.01936 -7.99783e-01 | 92  0.09444  1.36093e+01 | 93  0.02811  8.59773e+00
 94 -0.01696  1.48855e-01 | 95 -0.13965 -1.63536e+00 | 96 -0.06174 -5.02187e-02
 97  0.02310  5.88951e+00 | 98  0.06454 -7.19456e+00 | 99 -0.05454 -1.57327e+00
100  0.03015 -5.17236e-01 |101  0.07075 -2.41766e+00 |102 -0.19387  3.50807e+00
103  0.00851  8.01334e+00 |104  0.35590 -4.77707e+00 |105 -0.30612  9.17651e+00
106 -0.24447 -3.02044e+00 |107 -0.66843  2.77674e-01 |108 -0.28535 -2.19864e+00
109  0.29598 -7.24657e+00 |110 -0.15880  9.83287e+00 |111  0.38271 -3.02937e+00
112 -0.10682  8.00486e+00 |113  0.29350 -3.10901e+01 |114 -0.17958  5.06445e+01
115  0.70511 -3.71228e-01 |116 -0.05486  3.05876e+00 |117 -0.76220 -8.06555e-03
118 -0.17545 -3.02228e+01 |119 -0.36435  1.19278e+01 |120  0.29580 -2.02693e+00
121 -0.19494 -1.46960e+00 |122  0.01757  1.16553e+01 |123 -0.00557 -2.70670e+00
124 -0.14833  4.51672e+00 |125  0.14350 -4.34785e+00 |126  0.02085  1.67857e+01
127 -0.11619 -1.88812e-01 |128  0.48887  8.65029e-01 |129  0.09737  2.40615e+01
130 -0.32524  6.13386e-01 |131 -0.34932 -3.51114e+01 |132 -0.19827  2.75004e+00
133  0.34251 -3.10823e+00 |134 -0.27325  8.85761e+00 |135 -0.00988 -7.68627e+01
136 -0.28545  7.87534e+01 |137  0.05116 -2.32912e+01 |138 -0.18017  1.09275e+01
139 -0.10986 -8.17588e+00 |140  0.08886  7.88618e+00 |141 -0.17705 -4.08157e+00
141 variables; iteration 80; function evaluation 89; phase 4
Function value 2.6576631e+03; maximum gradient component mag 6.8903e+01
Var    Value     Gradient |Var    Value     Gradient |Var    Value     Gradient
  1 -0.06719  6.89034e+01 |  2 -0.01112  1.25719e-01 |  3 -0.06568 -2.28624e+00
  4  0.00148 -1.62344e+01 |  5 -0.40704  6.18971e+00 |  6 -0.08353  1.37090e+01
  7  0.10686  1.90282e+01 |  8 -0.14386  7.91547e+00 |  9  0.16032 -8.96446e+00
 10 -0.13291  1.72149e+00 | 11  0.13382 -1.26659e+01 | 12  0.00308  8.13171e-03
 13  0.00359  8.41129e-03 | 14  0.00418  8.46588e-03 | 15  0.00486  8.17750e-03
 16  0.00565  7.41019e-03 | 17  0.00657  6.01714e-03 | 18  0.00765  3.80189e-03
 19  0.00893  4.41950e-04 | 20  0.01042 -4.45116e-03 | 21  0.01219 -1.09473e-02
 22  0.01424 -1.88630e-02 | 23  0.01669 -2.69517e-02 | 24  0.01967 -3.23065e-02
 25  0.02340 -2.90962e-02 | 26  0.02818 -8.38353e-03 | 27  0.03427  3.55231e-02
 28  0.04153  7.60763e-02 | 29  0.04677 -5.85888e-02 | 30  0.04055 -7.37676e-01
 31  0.05337 -4.96971e-01 | 32  0.08893  2.84307e-01 | 33  0.05989 -5.05595e-01
 34  0.05242 -6.70074e-01 | 35  0.05162 -5.88620e-01 | 36  0.03344 -1.35366e+00
 37  0.01751 -2.08904e+00 | 38  0.19985 -3.54409e-01 | 39  0.00523 -1.42281e+00
 40 -0.01484 -1.42731e+00 | 41 -0.02889 -1.55720e+00 | 42 -0.02829 -1.67951e+00
 43 -0.01711 -2.93834e+00 | 44  0.08966 -4.23994e+00 | 45  0.03462 -5.44527e+00
 46  0.02516 -4.99860e+00 | 47  0.12640 -1.06518e+01 | 48  0.00049 -4.49872e+00
 49 -0.01604 -1.80989e+00 | 50  0.08823  5.51539e+00 | 51 -0.03225 -3.89505e+00
 52  0.11936 -1.33493e+01 | 53 -0.05714 -4.49441e+00 | 54 -0.04063  1.43763e+00
 55 -0.06394  3.54375e+00 | 56  0.06824  8.75578e+00 | 57 -0.05344  1.86427e+00
 58 -0.10829  9.09210e+00 | 59 -0.15701  1.16434e+01 | 60 -0.19759 -1.16777e+01
 61  0.16083 -2.77876e+01 | 62 -0.18139 -7.09970e+00 | 63 -0.00563 -2.45658e+01
 64 -0.02295 -7.34305e+00 | 65  0.01197  1.64860e+01 | 66  0.01814  1.78331e+01
 67 -0.05467  6.58054e+00 | 68  0.00018  1.37245e+01 | 69 -0.12125  5.00446e+00
 70  0.01029  2.74783e+00 | 71 -0.11569  4.26883e+00 | 72 -0.05776  2.91100e-02
 73 -0.11777  2.69214e+00 | 74 -0.10496  2.43314e-01 | 75 -0.14286 -1.20040e+01
 76  0.26375  8.15819e+00 | 77 -0.20421 -1.00813e+01 | 78  0.00803 -3.74292e+00
 79 -0.07044  4.95070e-02 | 80  0.07491  7.55519e+00 | 81 -0.07697  9.72804e+00
 82 -0.18368  6.85231e+00 | 83 -0.21414  7.70261e+00 | 84 -0.06220  1.82976e+00
 85 -0.07819  7.11377e+00 | 86  0.08410 -6.17826e+00 | 87  0.12363 -6.07393e-01
 88  0.01059  3.31762e+00 | 89  0.09700 -5.67272e+00 | 90  0.16229 -1.52639e+01
 91 -0.01820 -3.42702e+00 | 92  0.08095 -1.02023e+01 | 93  0.01604 -4.13416e-01
 94 -0.01401  4.22493e+00 | 95 -0.12570  3.89856e+00 | 96 -0.05585  5.95048e+00
 97  0.00957 -1.78851e+00 | 98  0.07127  5.84871e+00 | 99 -0.03792  5.22351e+00
100  0.03067 -3.42043e+00 |101  0.09784  1.54960e+00 |102 -0.25537 -2.95109e-02
103 -0.10349  3.84398e-01 |104  0.37298  4.80528e-01 |105 -0.30354 -1.54726e+00
106 -0.23098  4.68978e+00 |107 -0.62179 -5.66762e-01 |108 -0.27774  8.69616e-02
109  0.29783 -1.12191e+01 |110 -0.15586  2.31227e+01 |111  0.46660 -6.22008e-01
112 -0.08542  1.73216e+00 |113  0.31063 -8.38339e+00 |114 -0.17414  2.32599e+01
115  0.76283 -5.19869e-01 |116 -0.04862  1.45760e+01 |117 -0.73307 -7.00308e-03
118 -0.16334  7.47253e+00 |119 -0.35341 -7.04534e-01 |120  0.25783  4.70856e+00
121 -0.11965 -1.15076e+00 |122  0.01003 -8.88428e+00 |123 -0.00752  2.20130e+00
124 -0.15603 -2.69625e+00 |125  0.12767 -3.85005e+00 |126  0.01824  1.42152e+01
127 -0.13188 -1.02572e+00 |128  0.45633 -2.86872e+00 |129  0.11470 -1.85282e+01
130 -0.33449  6.53619e+00 |131 -0.33476  1.62566e+01 |132 -0.24161 -3.71989e+00
133  0.36034 -5.48391e-01 |134 -0.27075  1.98437e+00 |135 -0.01734 -3.45047e+01
136 -0.29590  3.61864e+01 |137  0.05992 -2.42989e+01 |138 -0.17051  2.90107e+01
139 -0.11535 -4.29844e+00 |140  0.06297 -1.13864e+01 |141 -0.18812  1.28467e+01
Maximum number of function evaluations exceeded

 - final statistics:
141 variables; iteration 92; function evaluation 100
Function value 2.6564e+03; maximum gradient component mag 5.8955e+01
Exit code = 3;  converg criter 1.0000e+00
Var    Value     Gradient |Var    Value     Gradient |Var    Value     Gradient
  1 -0.08547  5.89553e+01 |  2 -0.00864 -1.30748e+00 |  3 -0.06557  1.00111e+00
  4  0.00840 -4.38485e+00 |  5 -0.41367  2.71793e+00 |  6 -0.07551  4.30011e+00
  7  0.10910  1.78037e+01 |  8 -0.15569  5.44214e+00 |  9  0.16213 -3.56415e+00
 10 -0.13641  2.12923e+00 | 11  0.10367 -1.39084e+01 | 12  0.00270 -3.13770e-02
 13  0.00316 -3.57367e-02 | 14  0.00369 -4.05619e-02 | 15  0.00430 -4.58315e-02
 16  0.00502 -5.15506e-02 | 17  0.00585 -5.78014e-02 | 18  0.00684 -6.47437e-02
 19  0.00802 -7.24524e-02 | 20  0.00939 -8.08225e-02 | 21  0.01102 -8.98713e-02
 22  0.01292 -9.92774e-02 | 23  0.01515 -1.07869e-01 | 24  0.01786 -1.12005e-01
 25  0.02128 -1.02343e-01 | 26  0.02582 -6.02738e-02 | 27  0.03205  3.96513e-02
 28  0.04048  2.00510e-01 | 29  0.04939  2.96306e-01 | 30  0.05975  3.79007e-01
 31  0.06432  1.93817e-01 | 32  0.04813 -6.96126e-01 | 33  0.06545 -2.18144e-01
 34  0.05985 -5.21356e-01 | 35  0.04531 -1.22770e+00 | 36  0.03034 -2.09832e+00
 37  0.02922 -2.29273e+00 | 38  0.17459 -2.35686e+00 | 39  0.00643 -1.97941e+00
 40 -0.01302 -1.57282e+00 | 41 -0.02745 -1.39843e+00 | 42 -0.03009 -1.53882e+00
 43 -0.00728 -1.41050e+00 | 44  0.06261 -1.31898e+00 | 45  0.07634 -1.41744e+00
 46 -0.00878 -3.57617e+00 | 47  0.12927 -1.72310e+00 | 48  0.00835 -1.93323e+00
 49 -0.01757 -2.67938e+00 | 50  0.07847 -3.19128e+00 | 51 -0.02588 -4.91391e+00
 52  0.11857 -1.06414e+01 | 53 -0.05358 -3.02905e+00 | 54 -0.04163  8.66978e-01
 55 -0.06669  2.35868e-02 | 56  0.06407 -1.32540e+00 | 57 -0.04287  9.82299e+00
 58 -0.10795  1.17870e+01 | 59 -0.16650  8.38862e+00 | 60 -0.18223 -8.32221e+00
 61  0.15956 -3.97395e+01 | 62 -0.16888 -4.75061e+00 | 63 -0.00865 -1.85043e+01
 64 -0.01023  7.48751e+00 | 65  0.00130  3.05222e+00 | 66  0.01591  1.16324e+01
 67 -0.05048  8.10236e+00 | 68 -0.00751  4.57039e+00 | 69 -0.12208  4.14482e+00
 70  0.00784  3.49064e+00 | 71 -0.11747  4.62880e+00 | 72 -0.06337 -1.95515e+00
 73 -0.12190  2.51905e+00 | 74 -0.09961  3.62659e+00 | 75 -0.15223 -1.28156e+01
 76  0.26095 -7.59387e+00 | 77 -0.18755 -7.30118e+00 | 78  0.00649 -2.44975e+00
 79 -0.06210  8.72350e+00 | 80  0.07175  3.32586e+00 | 81 -0.07339  1.50497e+01
 82 -0.18780  5.36437e+00 | 83 -0.21743  7.35608e+00 | 84 -0.06127  3.40192e+00
 85 -0.09208  1.27457e+00 | 86  0.08352 -4.72701e+00 | 87  0.12230 -2.54384e+00
 88  0.00060 -6.76092e+00 | 89  0.09701 -2.83471e+00 | 90  0.16197 -9.63446e+00
 91 -0.01274  1.23283e+00 | 92  0.07838 -1.03088e+01 | 93  0.01828  1.51489e+00
 94 -0.02148 -4.40110e-02 | 95 -0.12678  3.84141e+00 | 96 -0.05760  6.90740e+00
 97  0.01456  4.73477e+00 | 98  0.07235  6.90513e+00 | 99 -0.04135  2.90584e+00
100  0.03702 -1.79767e+00 |101  0.09918  1.11708e+00 |102 -0.24444  1.70560e+00
103 -0.11153  3.64494e-01 |104  0.36935 -9.74053e-01 |105 -0.30293  2.31235e+00
106 -0.28017 -8.21244e+00 |107 -0.92958  1.03698e-01 |108 -0.26706 -7.19839e-01
109  0.29173 -8.92624e+00 |110 -0.15797  1.35902e+01 |111  0.45754 -2.46195e-01
112 -0.08619  6.80437e-01 |113  0.30458 -7.54870e+00 |114 -0.17737  1.43096e+01
115  0.63332 -5.23779e+00 |116 -0.05865  3.24598e+01 |117 -0.69262 -8.64428e-02
118 -0.16233  5.72660e+00 |119 -0.35207 -9.03746e-02 |120  0.22562  2.49841e+00
121 -0.10452 -4.63709e+00 |122  0.00915 -4.85751e+00 |123 -0.00759  1.98121e+00
124 -0.15268 -1.00536e+00 |125  0.10748 -3.44807e+00 |126  0.01325  1.05587e+01
127 -0.12242 -1.15589e+00 |128  0.46594 -8.63811e-01 |129  0.11660 -2.56890e+01
130 -0.33187  2.82746e+00 |131 -0.33063  3.08699e+01 |132 -0.24199 -3.34311e+00
133  0.34790 -1.33415e+00 |134 -0.27369  3.00652e+00 |135 -0.02099 -2.19508e+01
136 -0.30049  2.48848e+01 |137  0.06032 -1.78737e+01 |138 -0.16994  2.20694e+01
139 -0.11746 -3.87484e+00 |140  0.06184 -7.41764e+00 |141 -0.18871  1.00249e+01

Initial statistics: 142 variables; iteration 0; function evaluation 0; phase 5
Function value 2.6563645e+03; maximum gradient component mag 5.8955e+01
Var    Value     Gradient |Var    Value     Gradient |Var    Value     Gradient
  1 -0.08547  5.89553e+01 |  2 -0.00864 -1.30748e+00 |  3 -0.06557  1.00111e+00
  4  0.00840 -4.38485e+00 |  5 -0.41367  2.71793e+00 |  6 -0.07551  4.30011e+00
  7  0.10910  1.78037e+01 |  8 -0.15569  5.44214e+00 |  9  0.16213 -3.56415e+00
 10 -0.13641  2.12923e+00 | 11  0.10367 -1.39084e+01 | 12  0.19448  1.90581e+00
 13  0.00270 -3.13770e-02 | 14  0.00316 -3.57367e-02 | 15  0.00369 -4.05619e-02
 16  0.00430 -4.58315e-02 | 17  0.00502 -5.15506e-02 | 18  0.00585 -5.78014e-02
 19  0.00684 -6.47437e-02 | 20  0.00802 -7.24524e-02 | 21  0.00939 -8.08225e-02
 22  0.01102 -8.98713e-02 | 23  0.01292 -9.92774e-02 | 24  0.01515 -1.07869e-01
 25  0.01786 -1.12005e-01 | 26  0.02128 -1.02343e-01 | 27  0.02582 -6.02738e-02
 28  0.03205  3.96513e-02 | 29  0.04048  2.00510e-01 | 30  0.04939  2.96306e-01
 31  0.05975  3.79007e-01 | 32  0.06432  1.93817e-01 | 33  0.04813 -6.96126e-01
 34  0.06545 -2.18144e-01 | 35  0.05985 -5.21356e-01 | 36  0.04531 -1.22770e+00
 37  0.03034 -2.09832e+00 | 38  0.02922 -2.29273e+00 | 39  0.17459 -2.35686e+00
 40  0.00643 -1.97941e+00 | 41 -0.01302 -1.57282e+00 | 42 -0.02745 -1.39843e+00
 43 -0.03009 -1.53882e+00 | 44 -0.00728 -1.41050e+00 | 45  0.06261 -1.31898e+00
 46  0.07634 -1.41744e+00 | 47 -0.00878 -3.57617e+00 | 48  0.12927 -1.72310e+00
 49  0.00835 -1.93323e+00 | 50 -0.01757 -2.67938e+00 | 51  0.07847 -3.19128e+00
 52 -0.02588 -4.91391e+00 | 53  0.11857 -1.06414e+01 | 54 -0.05358 -3.02905e+00
 55 -0.04163  8.66978e-01 | 56 -0.06669  2.35868e-02 | 57  0.06407 -1.32540e+00
 58 -0.04287  9.82299e+00 | 59 -0.10795  1.17870e+01 | 60 -0.16650  8.38862e+00
 61 -0.18223 -8.32221e+00 | 62  0.15956 -3.97395e+01 | 63 -0.16888 -4.75061e+00
 64 -0.00865 -1.85043e+01 | 65 -0.01023  7.48751e+00 | 66  0.00130  3.05222e+00
 67  0.01591  1.16324e+01 | 68 -0.05048  8.10236e+00 | 69 -0.00751  4.57039e+00
 70 -0.12208  4.14482e+00 | 71  0.00784  3.49064e+00 | 72 -0.11747  4.62880e+00
 73 -0.06337 -1.95515e+00 | 74 -0.12190  2.51905e+00 | 75 -0.09961  3.62659e+00
 76 -0.15223 -1.28156e+01 | 77  0.26095 -7.59387e+00 | 78 -0.18755 -7.30118e+00
 79  0.00649 -2.44975e+00 | 80 -0.06210  8.72350e+00 | 81  0.07175  3.32586e+00
 82 -0.07339  1.50497e+01 | 83 -0.18780  5.36437e+00 | 84 -0.21743  7.35608e+00
 85 -0.06127  3.40192e+00 | 86 -0.09208  1.27457e+00 | 87  0.08352 -4.72701e+00
 88  0.12230 -2.54384e+00 | 89  0.00060 -6.76092e+00 | 90  0.09701 -2.83471e+00
 91  0.16197 -9.63446e+00 | 92 -0.01274  1.23283e+00 | 93  0.07838 -1.03088e+01
 94  0.01828  1.51489e+00 | 95 -0.02148 -4.40110e-02 | 96 -0.12678  3.84141e+00
 97 -0.05760  6.90740e+00 | 98  0.01456  4.73477e+00 | 99  0.07235  6.90513e+00
100 -0.04135  2.90584e+00 |101  0.03702 -1.79767e+00 |102  0.09918  1.11708e+00
103 -0.24444  1.70560e+00 |104 -0.11153  3.64494e-01 |105  0.36935 -9.74053e-01
106 -0.30293  2.31235e+00 |107 -0.28017 -8.21244e+00 |108 -0.92958  1.03698e-01
109 -0.26706 -7.19839e-01 |110  0.29173 -8.92624e+00 |111 -0.15797  1.35902e+01
112  0.45754 -2.46195e-01 |113 -0.08619  6.80437e-01 |114  0.30458 -7.54870e+00
115 -0.17737  1.43096e+01 |116  0.63332 -5.23779e+00 |117 -0.05865  3.24598e+01
118 -0.69262 -8.64428e-02 |119 -0.16233  5.72660e+00 |120 -0.35207 -9.03746e-02
121  0.22562  2.49841e+00 |122 -0.10452 -4.63709e+00 |123  0.00915 -4.85751e+00
124 -0.00759  1.98121e+00 |125 -0.15268 -1.00536e+00 |126  0.10748 -3.44807e+00
127  0.01325  1.05587e+01 |128 -0.12242 -1.15589e+00 |129  0.46594 -8.63811e-01
130  0.11660 -2.56890e+01 |131 -0.33187  2.82746e+00 |132 -0.33063  3.08699e+01
133 -0.24199 -3.34311e+00 |134  0.34790 -1.33415e+00 |135 -0.27369  3.00652e+00
136 -0.02099 -2.19508e+01 |137 -0.30049  2.48848e+01 |138  0.06032 -1.78737e+01
139 -0.16994  2.20694e+01 |140 -0.11746 -3.87484e+00 |141  0.06184 -7.41764e+00
142 -0.18871  1.00249e+01 |

Intermediate statistics: 142 variables; iteration 20; function evaluation 21; phase 5
Function value 2.6528207e+03; maximum gradient component mag 6.4858e+01
Var    Value     Gradient |Var    Value     Gradient |Var    Value     Gradient
  1 -0.14433  3.40514e-02 |  2 -0.01890 -1.50124e+01 |  3 -0.04903 -7.82624e+00
  4  0.00060 -4.48249e+00 |  5 -0.40739  1.07482e+00 |  6 -0.05028 -1.41533e+01
  7  0.11581 -2.95957e+01 |  8 -0.17380 -3.12234e+00 |  9  0.17492 -4.50868e+00
 10 -0.16335 -7.64740e-01 | 11  0.00854 -1.00902e+01 | 12  0.10934  2.10244e+00
 13  0.00386 -4.58423e-02 | 14  0.00442 -4.96740e-02 | 15  0.00506 -5.38579e-02
 16  0.00579 -5.84166e-02 | 17  0.00661 -6.33890e-02 | 18  0.00755 -6.88872e-02
 19  0.00863 -7.52454e-02 | 20  0.00990 -8.28509e-02 | 21  0.01135 -9.18798e-02
 22  0.01303 -1.02226e-01 | 23  0.01491 -1.13830e-01 | 24  0.01703 -1.27596e-01
 25  0.01942 -1.46702e-01 | 26  0.02206 -1.76440e-01 | 27  0.02480 -2.25122e-01
 28  0.02737 -3.00263e-01 | 29  0.02975 -3.92733e-01 | 30  0.03303 -4.25488e-01
 31  0.03647 -4.16253e-01 | 32  0.04135 -2.65335e-01 | 33  0.04950  1.35228e-01
 34  0.04610  4.02186e-02 | 35  0.04789  1.88329e-01 | 36  0.05517  4.23407e-01
 37  0.06642  5.23795e-01 | 38  0.06990  3.30444e-01 | 39  0.08922  1.44610e+00
 40  0.03048  8.31053e-01 | 41 -0.00205  8.84524e-01 | 42 -0.02225  8.75815e-01
 43 -0.02340  1.08951e+00 | 44 -0.00396  1.03027e+00 | 45  0.04250  1.01303e+00
 46  0.05670  1.49455e+00 | 47  0.05828  2.50720e+00 | 48  0.09651  8.72758e-02
 49  0.02227 -2.99806e-01 | 50  0.00478  3.85386e-01 | 51  0.05549 -5.31790e-01
 52  0.01522  5.24291e+00 | 53  0.11546  1.10804e+01 | 54 -0.03626  2.54909e+00
 55 -0.04734 -8.44753e-01 | 56 -0.06452 -1.75937e+00 | 57  0.06772 -7.94627e+00
 58 -0.04493  1.26904e+00 | 59 -0.10869  4.33292e+00 | 60 -0.18121  1.05043e+00
 61 -0.15120 -2.23915e+00 | 62  0.16138 -5.87603e+01 | 63 -0.15485 -1.22141e+00
 64  0.00526 -2.18705e+00 | 65 -0.01583  2.07734e+00 | 66  0.00713  4.82993e+00
 67  0.01366  7.63184e+00 | 68 -0.05614  3.81760e+00 | 69 -0.00707  2.84927e+00
 70 -0.13345  3.16050e-01 | 71  0.00394 -1.96378e+00 | 72 -0.12726  1.52227e+00
 73 -0.06621 -5.93590e-01 | 74 -0.12842  3.74939e-01 | 75 -0.12964 -3.85432e+00
 76 -0.06973  4.13021e+00 | 77  0.26284  1.71647e+00 | 78 -0.13649  2.43566e+00
 79  0.00844 -4.76350e+00 | 80 -0.07029 -1.17404e+00 | 81  0.06977 -1.98291e-01
 82 -0.08854  2.84184e+00 | 83 -0.20260  1.22786e+00 | 84 -0.23958  1.77207e+00
 85 -0.07316 -5.02982e-01 | 86 -0.09818 -6.29951e-01 | 87  0.07864 -3.23193e+00
 88  0.11751 -3.93048e+00 | 89 -0.00021 -3.91377e+00 | 90  0.09118 -7.10850e+00
 91  0.16147 -4.03410e+00 | 92 -0.01891 -6.33794e-01 | 93  0.08253  3.07940e+00
 94  0.01560  3.36810e+00 | 95 -0.02178  1.24706e+00 | 96 -0.13692  9.72036e-01
 97 -0.06690  3.27852e+00 | 98  0.00667  2.91144e+00 | 99  0.05861  3.53266e-01
100 -0.05672 -4.56009e-01 |101  0.03272 -1.95125e+00 |102  0.09169 -2.97516e-01
103 -0.28598 -1.47675e+00 |104 -0.13632 -1.24172e+00 |105  0.37142  4.39902e-01
106 -0.30265 -1.26688e+00 |107 -0.27298 -7.24189e-01 |108 -0.92527 -9.52675e-02
109 -0.27755 -4.41090e-02 |110  0.28914 -1.58580e+01 |111 -0.15515  3.04925e+01
112  0.45771  2.94552e-01 |113 -0.08219 -7.84634e-01 |114  0.31554  9.84042e+00
115 -0.17506 -1.68933e+01 |116  0.65476 -6.98572e+00 |117 -0.04837  6.06258e+01
118 -0.69023 -3.34646e-02 |119 -0.16500  2.29826e+01 |120 -0.37928 -1.79973e+01
121  0.00085  7.70869e+00 |122 -0.04179  1.46935e+01 |123  0.00471 -2.44535e+00
124 -0.00631  8.47712e-01 |125 -0.15216 -1.10964e+00 |126  0.06048 -1.90165e+00
127  0.00486 -1.84412e-01 |128 -0.11028 -2.52703e+00 |129  0.46217  4.07168e-01
130  0.11229 -4.91603e+01 |131 -0.33535 -1.92026e+00 |132 -0.32641  6.48580e+01
133 -0.22042 -3.10582e+00 |134  0.35645  4.63833e-01 |135 -0.27270 -2.27784e+00
136 -0.03171 -5.50750e+01 |137 -0.30897  4.02204e+01 |138  0.04889 -3.42564e+00
139 -0.17511  3.58053e+00 |140 -0.09788 -1.29491e+00 |141  0.04143 -1.92896e+00
142 -0.21020  5.27273e-01 |
142 variables; iteration 40; function evaluation 43; phase 5
Function value 2.6520173e+03; maximum gradient component mag 7.5431e+01
Var    Value     Gradient |Var    Value     Gradient |Var    Value     Gradient
  1 -0.15120  1.41524e+01 |  2 -0.02533 -1.75058e+01 |  3 -0.04261 -1.02954e+01
  4 -0.00592 -1.44990e+01 |  5 -0.40340 -9.61404e-01 |  6 -0.04532 -9.82750e+00
  7  0.12085 -1.19807e+01 |  8 -0.18628 -3.64364e-01 |  9  0.18244 -7.08485e+00
 10 -0.18079 -1.47423e+00 | 11  0.00346 -2.66122e+01 | 12 -0.13070 -5.53695e+00
 13  0.00636 -1.21962e-02 | 14  0.00703 -1.19548e-02 | 15  0.00776 -1.17176e-02
 16  0.00856 -1.15317e-02 | 17  0.00945 -1.14564e-02 | 18  0.01042 -1.15771e-02
 19  0.01151 -1.21144e-02 | 20  0.01276 -1.33362e-02 | 21  0.01416 -1.54043e-02
 22  0.01572 -1.81008e-02 | 23  0.01740 -2.14662e-02 | 24  0.01922 -2.66329e-02
 25  0.02121 -3.78414e-02 | 26  0.02327 -6.43392e-02 | 27  0.02506 -1.24146e-01
 28  0.02599 -2.41414e-01 | 29  0.02584 -4.17031e-01 | 30  0.02648 -5.19038e-01
 31  0.02670 -5.98078e-01 | 32  0.03029 -4.01454e-01 | 33  0.04429  4.82209e-01
 34  0.03407  2.24570e-02 | 35  0.03709  3.01329e-01 | 36  0.04888  9.02818e-01
 37  0.07094  1.63539e+00 | 38  0.08339  1.73963e+00 | 39  0.06310  1.35317e+00
 40  0.03199  1.56568e+00 | 41 -0.00309  1.34293e+00 | 42 -0.02519  1.12082e+00
 43 -0.02652  1.35699e+00 | 44 -0.00740  1.37125e+00 | 45  0.03417  1.41603e+00
 46  0.04995  2.43838e+00 | 47  0.06549  4.60892e+00 | 48  0.08742  1.47358e+00
 49  0.01909  2.02795e-01 | 50  0.00712  1.20041e+00 | 51  0.05131 -1.41568e+00
 52  0.01193  2.89922e+00 | 53  0.11162  3.28961e+00 | 54 -0.03738  1.00925e+00
 55 -0.04913 -1.75018e+00 | 56 -0.06458 -2.30469e+00 | 57  0.06623 -1.34863e+01
 58 -0.04842 -2.72196e+00 | 59 -0.10853  2.61058e+00 | 60 -0.18366 -2.75980e-01
 61 -0.14381 -1.61682e+00 | 62  0.16359 -7.47578e+01 | 63 -0.15009 -1.34046e+00
 64  0.01423 -2.20147e+00 | 65 -0.01040 -1.57430e+00 | 66  0.01926  6.32804e+00
 67  0.02131  2.52834e+00 | 68 -0.04730  8.24200e-01 | 69  0.00503 -4.87337e-01
 70 -0.12543 -1.16130e+00 | 71  0.01806 -3.44616e+00 | 72 -0.11460  1.98862e+00
 73 -0.04870  3.16189e+00 | 74 -0.11772  7.75293e-01 | 75 -0.11337 -2.42085e+00
 76 -0.04886  5.18013e+00 | 77  0.28158 -4.80641e+01 | 78 -0.11800  2.76313e+00
 79  0.03256 -1.07495e+00 | 80 -0.05561 -2.13352e+00 | 81  0.08381  1.31407e+01
 82 -0.08291  3.15084e+00 | 83 -0.19741  2.53784e+00 | 84 -0.24223  5.35609e-01
 85 -0.07140  1.67938e+00 | 86 -0.09753 -6.91123e-01 | 87  0.07948 -6.23477e-01
 88  0.11972  9.73367e-01 | 89  0.00405 -1.85904e+00 | 90  0.09407 -6.84188e+00
 91  0.16599 -6.09865e-02 | 92 -0.01588  1.10245e-01 | 93  0.08170 -1.46886e-01
 94  0.01698  4.68393e+00 | 95 -0.02563 -2.05876e-01 | 96 -0.14006  9.85418e-01
 97 -0.06962  4.21721e+00 | 98  0.00150  4.02148e+00 | 99  0.05599  3.73375e+00
100 -0.05927 -4.18770e-01 |101  0.03121 -1.40476e+00 |102  0.09071 -3.32956e-01
103 -0.29384 -2.09501e+00 |104 -0.14205 -1.85326e+00 |105  0.37426 -9.54096e-01
106 -0.30050  2.29741e+00 |107 -0.26830  2.55254e+00 |108 -0.90432 -2.63470e-01
109 -0.28117 -1.24997e-01 |110  0.29194 -1.68412e+01 |111 -0.15352  3.20890e+01
112  0.46073 -6.09015e-01 |113 -0.07979  2.69530e+00 |114  0.32034  1.11250e+01
115 -0.17325 -1.85421e+01 |116  0.67193 -8.14474e+00 |117 -0.04553  7.54311e+01
118 -0.68185 -2.12791e-02 |119 -0.14141  1.77949e+01 |120 -0.33461 -9.87396e+00
121 -0.08128  4.38477e+00 |122 -0.03923  1.60143e+01 |123  0.00480  2.59232e+00
124 -0.00850 -1.61845e+00 |125 -0.15176  2.85794e-02 |126  0.03767 -5.32324e+00
127 -0.00058  5.11688e+00 |128 -0.08744 -2.21571e+00 |129  0.46707  1.02168e+00
130  0.11141 -4.04240e+01 |131 -0.33470 -3.70329e+00 |132 -0.32753  5.36449e+01
133 -0.20833 -1.97722e+00 |134  0.37670  5.43696e-01 |135 -0.26586 -1.47952e+00
136 -0.03407 -4.00615e+01 |137 -0.31296  2.77729e+01 |138  0.03093 -2.43402e+00
139 -0.18591 -6.95201e-01 |140 -0.07062 -9.46630e-01 |141  0.03793  2.37056e+00
142 -0.21543 -4.15590e+00 |
142 variables; iteration 60; function evaluation 64; phase 5
Function value 2.6504994e+03; maximum gradient component mag 3.0621e+01
Var    Value     Gradient |Var    Value     Gradient |Var    Value     Gradient
  1 -0.13235  2.50624e+00 |  2 -0.01980  5.29919e+00 |  3 -0.05258 -8.87702e-01
  4  0.00005  1.50341e+00 |  5 -0.40639  5.25796e+00 |  6 -0.05733 -3.06612e+00
  7  0.11883  3.06215e+01 |  8 -0.18028  3.24346e+00 |  9  0.17801  2.76340e+00
 10 -0.16910  3.15813e+00 | 11  0.03957 -4.56231e+00 | 12 -0.16711 -7.85091e-01
 13  0.00603 -7.04875e-02 | 14  0.00662 -7.82857e-02 | 15  0.00727 -8.69510e-02
 16  0.00798 -9.65099e-02 | 17  0.00875 -1.07107e-01 | 18  0.00960 -1.19128e-01
 19  0.01055 -1.33386e-01 | 20  0.01161 -1.50324e-01 | 21  0.01279 -1.69409e-01
 22  0.01411 -1.89420e-01 | 23  0.01554 -2.08881e-01 | 24  0.01713 -2.25816e-01
 25  0.01899 -2.39247e-01 | 26  0.02121 -2.45232e-01 | 27  0.02387 -2.38199e-01
 28  0.02693 -2.14323e-01 | 29  0.03032 -1.76915e-01 | 30  0.03360 -1.46356e-01
 31  0.03647 -1.18474e-01 | 32  0.03787 -1.30089e-01 | 33  0.03676 -2.29349e-01
 34  0.03809 -1.86546e-01 | 35  0.03844 -2.85465e-01 | 36  0.04139 -4.74148e-01
 37  0.05858 -3.74148e-01 | 38  0.07677 -5.45298e-01 | 39  0.07077 -4.72162e-01
 40  0.02286 -5.78133e-01 | 41 -0.01009 -4.00837e-01 | 42 -0.03062 -3.03218e-01
 43 -0.03184 -2.52595e-02 | 44 -0.00772  3.16736e-01 | 45  0.03472 -4.61154e-01
 46  0.04777 -9.90985e-02 | 47  0.03039  4.11079e-01 | 48  0.09887  1.59179e+00
 49  0.01162  4.80824e-01 | 50 -0.01316  2.84237e-01 | 51  0.05981  1.31453e+00
 52 -0.01187 -2.64341e-01 | 53  0.10863 -9.22617e-01 | 54 -0.04941 -6.71388e-01
 55 -0.05179  3.90636e-02 | 56 -0.07063  1.62203e+00 | 57  0.06448  8.29046e+00
 58 -0.05402 -1.13551e+00 | 59 -0.12088 -2.17690e+00 | 60 -0.18763 -1.09737e+00
 61 -0.15241 -7.84363e-01 | 62  0.16326 -1.18961e+00 | 63 -0.15581 -3.89570e-02
 64  0.00800 -2.36157e+00 | 65 -0.00941 -1.83428e-01 | 66  0.01342 -2.03732e+00
 67  0.01998 -3.59806e+00 | 68 -0.04922 -1.68142e+00 | 69  0.00372 -1.50865e+00
 70 -0.12386  1.36232e-01 | 71  0.02117  2.75210e+00 | 72 -0.11568  1.12330e+00
 73 -0.04566  2.16219e+00 | 74 -0.11419  8.60720e-01 | 75 -0.10096 -3.88934e-01
 76 -0.06739 -1.59370e-01 | 77  0.28805 -2.05485e+01 | 78 -0.12864  5.43793e-01
 79  0.03841  3.88033e+00 | 80 -0.05251 -1.32052e-01 | 81  0.08167  2.93416e-01
 82 -0.08606 -9.77393e-01 | 83 -0.20195  9.70550e-02 | 84 -0.24248  2.70211e-01
 85 -0.07154  1.79069e+00 | 86 -0.09714  5.07195e-01 | 87  0.07937 -6.63772e-01
 88  0.11959  1.19303e+00 | 89  0.00776  2.87819e+00 | 90  0.10049  4.98711e+00
 91  0.16588  1.13893e+00 | 92 -0.01509  2.79180e-01 | 93  0.08315  5.19826e-01
 94  0.01336 -7.20337e-02 | 95 -0.02072  8.23067e-01 | 96 -0.14003 -7.05788e-02
 97 -0.07446 -1.97014e-01 | 98  0.00105  3.58199e-02 | 99  0.05527 -1.18328e+00
100 -0.05616 -3.17179e-02 |101  0.03709  1.35594e-01 |102  0.09276 -1.72426e-01
103 -0.27224  2.41214e-01 |104 -0.12727 -7.45969e-02 |105  0.37635 -8.70408e-01
106 -0.30066  2.08422e+00 |107 -0.24811  7.44713e-01 |108 -0.69290 -2.68671e-01
109 -0.28548 -2.40451e-01 |110  0.29908  1.81189e+00 |111 -0.15526 -7.43807e+00
112  0.51323  8.01712e-01 |113 -0.07435 -4.56594e+00 |114  0.31324 -3.01940e+00
115 -0.17515  3.99553e+00 |116  0.66915 -1.63955e-02 |117 -0.05309 -1.44413e+00
118 -0.61818 -2.06487e-02 |119 -0.13087  1.05545e+00 |120 -0.31544  7.71764e-02
121 -0.12641  4.82117e-01 |122 -0.03908  1.56787e+00 |123  0.00628  1.49799e-01
124 -0.00673  7.83708e-01 |125 -0.15099  2.46526e-01 |126  0.05738 -8.69569e-01
127  0.00133 -6.08765e-01 |128 -0.08889 -4.43781e-01 |129  0.47096 -8.56606e-01
130  0.11661  8.05469e+00 |131 -0.33161  2.27424e+00 |132 -0.33248 -1.34940e+01
133 -0.21620  6.02899e-02 |134  0.36555  8.44394e-01 |135 -0.27116 -3.06716e+00
136 -0.03114  1.56764e+01 |137 -0.31562 -1.19835e+01 |138  0.04435  2.88256e+00
139 -0.17843 -7.65565e-01 |140 -0.07934  1.69459e+00 |141  0.05216  1.25508e-01
142 -0.20059  5.99405e-01 |
142 variables; iteration 80; function evaluation 84; phase 5
Function value 2.6503163e+03; maximum gradient component mag -1.4893e+01
Var    Value     Gradient |Var    Value     Gradient |Var    Value     Gradient
  1 -0.12938  5.76136e+00 |  2 -0.02087 -4.51857e-01 |  3 -0.05017  1.12016e+00
  4  0.00064  2.86474e-01 |  5 -0.40904 -1.68432e+00 |  6 -0.05748  3.07721e-01
  7  0.11779 -9.10953e-01 |  8 -0.18008 -8.10917e-02 |  9  0.17691 -2.20262e-01
 10 -0.17007 -2.25371e-01 | 11  0.05254 -6.20324e+00 | 12 -0.21915 -2.54594e+00
 13  0.00674  4.00493e-02 | 14  0.00738  4.62043e-02 | 15  0.00808  5.32228e-02
 16  0.00886  6.13463e-02 | 17  0.00971  7.09519e-02 | 18  0.01066  8.27477e-02
 19  0.01175  9.79843e-02 | 20  0.01302  1.18120e-01 | 21  0.01447  1.43893e-01
 22  0.01614  1.75448e-01 | 23  0.01796  2.11240e-01 | 24  0.01990  2.48063e-01
 25  0.02199  2.80284e-01 | 26  0.02408  2.95855e-01 | 27  0.02587  2.76973e-01
 28  0.02699  2.11110e-01 | 29  0.02758  1.12875e-01 | 30  0.02852  5.07989e-02
 31  0.02952  2.36347e-02 | 32  0.03130  9.17423e-02 | 33  0.03457  3.00054e-01
 34  0.03448  2.99580e-01 | 35  0.03877  4.82655e-01 | 36  0.04520  5.57249e-01
 37  0.05409  4.45868e-01 | 38  0.07173  6.12208e-01 | 39  0.07538  1.06163e+00
 40  0.02443  4.75714e-01 | 41 -0.01184  1.66229e-01 | 42 -0.03316  5.07400e-02
 43 -0.03634  8.61276e-02 | 44 -0.01322  4.83669e-01 | 45  0.03573  4.41981e-01
 46  0.04457  2.28412e-01 | 47  0.02592 -5.58410e-02 | 48  0.09258  9.09536e-02
 49  0.01039 -2.57952e-01 | 50 -0.01484 -4.02668e-01 | 51  0.05280 -5.22105e-01
 52 -0.00958 -9.26197e-02 | 53  0.10402 -6.09467e-01 | 54 -0.04878  3.00224e-02
 55 -0.05507 -3.83862e-01 | 56 -0.07368 -7.33657e-01 | 57  0.05875 -3.11681e+00
 58 -0.05283  5.45155e-01 | 59 -0.12152  1.81131e-01 | 60 -0.18840 -1.44951e-01
 61 -0.15250 -1.57362e-01 | 62  0.16165 -5.88944e+00 | 63 -0.15650 -2.41054e-01
 64  0.00859 -3.35249e+00 | 65 -0.01078 -3.22485e+00 | 66  0.01434 -2.86850e+00
 67  0.02056 -3.39138e+00 | 68 -0.04802 -1.50774e+00 | 69  0.00422 -2.94149e+00
 70 -0.12279 -5.32456e-01 | 71  0.02211 -1.47992e+00 | 72 -0.11511 -2.03026e-01
 73 -0.04366  5.78642e-01 | 74 -0.11226  2.14073e-01 | 75 -0.09578 -1.44900e-01
 76 -0.06563 -4.62038e-01 | 77  0.29509 -1.48931e+01 | 78 -0.12747 -1.72070e-01
 79  0.04157 -7.54832e-01 | 80 -0.04714  2.58135e-01 | 81  0.08443  4.04493e-01
 82 -0.08355  3.70900e-01 | 83 -0.20001  8.97686e-01 | 84 -0.24237  4.17334e-01
 85 -0.07303  3.66287e-01 | 86 -0.09860 -1.56219e-01 | 87  0.07970  1.70107e+00
 88  0.11978  2.42274e+00 | 89  0.00541 -2.87920e-01 | 90  0.09826 -3.07126e-01
 91  0.16682  1.43458e+00 | 92 -0.01554 -2.29775e-02 | 93  0.08297  1.56764e+00
 94  0.01360  1.48000e+00 | 95 -0.02302  6.25661e-01 | 96 -0.14027  4.12670e-01
 97 -0.07671  2.60151e-02 | 98 -0.00089  6.00621e-01 | 99  0.05405  7.06548e-01
100 -0.05775  2.89877e-02 |101  0.03441 -3.37294e-01 |102  0.09181 -1.02853e-01
103 -0.27451  1.59876e-01 |104 -0.12896 -1.46203e-01 |105  0.37713 -9.25470e-02
106 -0.30110  1.70761e-01 |107 -0.24270 -1.26929e+00 |108 -0.64750  3.03996e-01
109 -0.28569 -2.05919e-01 |110  0.30002 -1.56496e+00 |111 -0.15439  2.16160e+00
112  0.50814 -4.62161e-01 |113 -0.07263  2.09532e+00 |114  0.31413  3.87741e-01
115 -0.17498 -9.79017e-01 |116  0.67162 -2.40337e-01 |117 -0.05309  7.68467e-01
118 -0.59051 -1.74115e-02 |119 -0.13061 -2.55099e+00 |120 -0.31547  6.49538e-01
121 -0.13351 -5.67550e-01 |122 -0.03888 -1.91703e+00 |123  0.00413 -1.09655e+00
124 -0.01034 -2.89477e-01 |125 -0.14787 -3.31131e-01 |126  0.06385 -5.10454e-01
127  0.00342  1.13797e+00 |128 -0.09099  4.07811e-02 |129  0.47227  1.85340e-01
130  0.11702  1.73113e+00 |131 -0.33161 -3.43985e-01 |132 -0.33076 -1.45264e+00
133 -0.21273  6.31528e-01 |134  0.36169 -2.88177e-01 |135 -0.27047  2.81536e-01
136 -0.03091  3.96153e+00 |137 -0.31437 -3.63171e+00 |138  0.04499  2.10761e+00
139 -0.17857 -3.00327e+00 |140 -0.08498  4.55880e-01 |141  0.04624 -9.56750e-02
142 -0.20687 -6.12349e-01 |
142 variables; iteration 100; function evaluation 106; phase 5
Function value 2.6502599e+03; maximum gradient component mag 9.5839e+00
Var    Value     Gradient |Var    Value     Gradient |Var    Value     Gradient
  1 -0.12900  9.58391e+00 |  2 -0.01995 -8.04710e-01 |  3 -0.05173 -5.34748e-01
  4 -0.00002 -7.83283e-01 |  5 -0.40735 -6.51245e-02 |  6 -0.05736  1.29385e+00
  7  0.11703 -3.30624e+00 |  8 -0.17689  4.23276e-01 |  9  0.17677 -4.65112e-01
 10 -0.17126 -8.20268e-01 | 11  0.05959 -5.59000e+00 | 12 -0.23843 -4.60249e-02
 13  0.00675 -2.53922e-02 | 14  0.00734 -2.79901e-02 | 15  0.00798 -3.09486e-02
 16  0.00868 -3.45097e-02 | 17  0.00943 -3.90409e-02 | 18  0.01024 -4.51175e-02
 19  0.01112 -5.35659e-02 | 20  0.01208 -6.52723e-02 | 21  0.01311 -8.04337e-02
 22  0.01422 -9.81691e-02 | 23  0.01542 -1.15442e-01 | 24  0.01675 -1.27682e-01
 25  0.01841 -1.29185e-01 | 26  0.02049 -1.14632e-01 | 27  0.02297 -8.49613e-02
 28  0.02554 -5.29952e-02 | 29  0.02792 -3.56561e-02 | 30  0.02988 -3.93373e-02
 31  0.03144 -4.39834e-02 | 32  0.03231 -5.27159e-02 | 33  0.03184 -1.09091e-01
 34  0.03330 -6.55738e-02 | 35  0.03601 -6.13144e-02 | 36  0.03982 -2.39590e-01
 37  0.05459 -2.22455e-01 | 38  0.06507 -5.09665e-01 | 39  0.06819 -1.66492e-01
 40  0.02305 -1.95541e-01 | 41 -0.01117 -8.59762e-02 | 42 -0.03323 -1.46157e-01
 43 -0.03674 -1.47256e-01 | 44 -0.01885 -4.32476e-01 | 45  0.03218 -5.30840e-01
 46  0.04172 -7.74479e-01 | 47  0.02573 -7.28864e-01 | 48  0.08820 -9.41647e-01
 49  0.01031 -3.52588e-01 | 50 -0.01564 -3.20198e-01 | 51  0.05087 -6.69898e-01
 52 -0.01340 -5.31818e-01 | 53  0.10269 -2.42397e-01 | 54 -0.05162 -1.96391e-01
 55 -0.05698 -5.51106e-01 | 56 -0.07539 -5.33534e-01 | 57  0.05765 -2.19254e+00
 58 -0.05683 -1.26208e+00 | 59 -0.12264 -2.75176e-01 | 60 -0.18898  4.75210e-02
 61 -0.15314 -3.00706e-02 | 62  0.16074 -4.04914e+00 | 63 -0.15765 -2.64449e-01
 64  0.00870 -1.08895e+00 | 65 -0.00930 -1.45213e-01 | 66  0.01434 -7.48904e-01
 67  0.02150 -5.65865e-01 | 68 -0.04763 -1.52370e-01 | 69  0.00557 -2.73884e-01
 70 -0.12243 -9.59452e-02 | 71  0.02351  3.36384e-01 | 72 -0.11349  1.45259e-01
 73 -0.04288 -1.39140e-02 | 74 -0.11106  6.39244e-02 | 75 -0.09273  4.48724e-01
 76 -0.06309  7.84306e-02 | 77  0.29862 -5.51512e+00 | 78 -0.12673 -2.51313e-01
 79  0.04459 -1.75319e-02 | 80 -0.04550  1.57346e-01 | 81  0.08573  8.15524e-01
 82 -0.08245  1.12471e+00 | 83 -0.20304 -6.90340e-01 | 84 -0.24344 -2.55296e-02
 85 -0.07329  3.46703e-01 | 86 -0.09750  3.66969e-01 | 87  0.07922  4.35403e-01
 88  0.11938  7.43125e-01 | 89  0.00589  6.14009e-02 | 90  0.09908  5.15714e-01
 91  0.16682  8.79474e-01 | 92 -0.01478  3.29264e-01 | 93  0.08283  5.08808e-01
 94  0.01209 -1.95214e-01 | 95 -0.02394 -1.62560e-01 | 96 -0.14091  2.67415e-01
 97 -0.07703  4.26558e-02 | 98 -0.00149  7.03622e-01 | 99  0.05308  2.51198e-01
100 -0.05820  1.92414e-02 |101  0.03499  6.49056e-02 |102  0.09075 -2.64445e-01
103 -0.27675 -2.55058e-02 |104 -0.12737  2.95297e-02 |105  0.37715 -7.66724e-02
106 -0.30109  2.00341e-01 |107 -0.24086  6.30849e-01 |108 -0.64791  4.34523e-03
109 -0.28504  2.98980e-02 |110  0.30073 -8.36860e-01 |111 -0.15419  1.72902e+00
112  0.51816 -2.22601e-01 |113 -0.07118  1.02180e+00 |114  0.31583  3.64774e-01
115 -0.17420  6.60299e-01 |116  0.66983 -1.65414e-01 |117 -0.05322  7.97363e-01
118 -0.55646 -1.66687e-02 |119 -0.12969 -3.60775e-01 |120 -0.31384  6.28775e-01
121 -0.13323 -9.55200e-02 |122 -0.03879 -8.02759e-01 |123  0.00607  1.08643e-01
124 -0.00793  1.15202e-01 |125 -0.15037  3.55820e-02 |126  0.06445 -1.83106e-01
127  0.00361  8.41587e-01 |128 -0.09077  2.29409e-01 |129  0.47137 -1.14601e-01
130  0.11773 -1.93556e+00 |131 -0.33170  4.56720e-01 |132 -0.33029  1.91206e+00
133 -0.21834 -2.31642e-01 |134  0.36925 -1.21315e-01 |135 -0.26806  4.25533e-01
136 -0.02999 -1.94644e+00 |137 -0.31269  1.35857e+00 |138  0.04614 -1.60430e+00
139 -0.17788 -1.17690e-02 |140 -0.08844 -7.85763e-01 |141  0.05025 -2.75150e-01
142 -0.20267  4.42127e-01 |
142 variables; iteration 120; function evaluation 130; phase 5
Function value 2.6502293e+03; maximum gradient component mag 6.4587e+00
Var    Value     Gradient |Var    Value     Gradient |Var    Value     Gradient
  1 -0.12988  6.45872e+00 |  2 -0.02008 -4.96767e-01 |  3 -0.05161 -4.57158e-01
  4  0.00022 -2.56854e-01 |  5 -0.40802  1.73305e-01 |  6 -0.05733  3.05985e-01
  7  0.11702 -8.99496e-01 |  8 -0.17692  1.36319e-01 |  9  0.17643 -3.41465e-02
 10 -0.16841  1.03804e-01 | 11  0.06410 -4.28381e+00 | 12 -0.28188 -4.92162e-01
 13  0.00626 -8.09991e-02 | 14  0.00672 -9.06858e-02 | 15  0.00724 -9.97411e-02
 16  0.00784 -1.05175e-01 | 17  0.00859 -1.02656e-01 | 18  0.00957 -8.68242e-02
 19  0.01087 -5.24901e-02 | 20  0.01254  1.95550e-03 | 21  0.01447  6.75517e-02
 22  0.01641  1.23135e-01 | 23  0.01793  1.41199e-01 | 24  0.01882  1.06785e-01
 25  0.01924  2.82846e-02 | 26  0.01979 -5.06474e-02 | 27  0.02130 -6.81603e-02
 28  0.02378 -1.83833e-02 | 29  0.02593  1.13518e-02 | 30  0.02742  5.64158e-03
 31  0.02933  5.32678e-02 | 32  0.03040  8.28254e-02 | 33  0.02773 -9.94816e-02
 34  0.03061  4.49089e-02 | 35  0.03040 -1.33617e-01 | 36  0.04107  7.42907e-02
 37  0.05259 -8.63591e-02 | 38  0.06780 -2.50307e-01 | 39  0.05778 -3.81835e-01
 40  0.02242 -1.25490e-01 | 41 -0.01533 -3.46403e-01 | 42 -0.03409 -5.21162e-02
 43 -0.03925 -2.15803e-01 | 44 -0.02113 -4.08431e-01 | 45  0.02726 -4.56328e-01
 46  0.04099 -3.40521e-01 | 47  0.02617 -3.29293e-01 | 48  0.08396 -7.11668e-01
 49  0.00950 -3.32508e-01 | 50 -0.01797 -4.56476e-01 | 51  0.04841 -5.93542e-01
 52 -0.01294 -3.39176e-01 | 53  0.10020 -1.26733e+00 | 54 -0.05232 -3.29855e-01
 55 -0.05833 -4.42872e-01 | 56 -0.07618 -2.23639e-01 | 57  0.05650 -9.58798e-01
 58 -0.05708 -5.27274e-01 | 59 -0.12340 -1.80846e-01 | 60 -0.18976 -1.38510e-01
 61 -0.15376 -2.37490e-01 | 62  0.16107 -3.57558e+00 | 63 -0.15664 -9.80748e-02
 64  0.01034 -7.04847e-01 | 65 -0.00762 -2.29858e-01 | 66  0.01661 -3.44853e-01
 67  0.02361 -3.07681e-01 | 68 -0.04545 -5.80656e-02 | 69  0.00814 -2.22203e-01
 70 -0.11966  2.31329e-02 | 71  0.02683  3.10515e-02 | 72 -0.11116 -2.34664e-01
 73 -0.03904 -3.93972e-02 | 74 -0.10709  1.00779e-01 | 75 -0.08909  7.84610e-02
 76 -0.06025 -1.51651e-01 | 77  0.30524 -1.96426e+00 | 78 -0.12229 -4.91548e-02
 79  0.05021 -1.94453e-01 | 80 -0.04126 -1.05303e-01 | 81  0.08893 -1.89852e-01
 82 -0.08113  3.77469e-01 | 83 -0.20032  7.33654e-02 | 84 -0.24309 -1.38943e-01
 85 -0.07294  1.23627e-01 | 86 -0.09702  3.71417e-01 | 87  0.07977  1.59069e-01
 88  0.12016  2.55154e-01 | 89  0.00699  1.29658e-02 | 90  0.10037  1.48340e-01
 91  0.16812 -2.41487e-02 | 92 -0.01376  1.89480e-01 | 93  0.08361  2.87847e-01
 94  0.01286  2.21112e-01 | 95 -0.02370  2.01147e-01 | 96 -0.14174  2.31072e-01
 97 -0.07707  3.63803e-01 | 98 -0.00286  3.81834e-01 | 99  0.05219  3.04049e-01
100 -0.05928 -1.93682e-01 |101  0.03511  1.65243e-01 |102  0.09253  1.17381e-01
103 -0.27643  1.04784e-01 |104 -0.12725  8.03895e-02 |105  0.37517 -2.18105e-01
106 -0.30182  1.70990e-01 |107 -0.24265  1.78458e-01 |108 -0.65722 -2.63529e-02
109 -0.28664 -2.18592e-01 |110  0.30071 -3.61548e-01 |111 -0.15430  5.32100e-01
112  0.52532  4.20251e-02 |113 -0.07048 -3.91792e-01 |114  0.31412 -4.16785e-01
115 -0.17504  4.13390e-01 |116  0.67582 -3.21525e-01 |117 -0.05243  3.15294e+00
118 -0.48913 -9.93833e-03 |119 -0.13039 -5.09705e-01 |120 -0.31502  3.22985e-01
121 -0.13190 -1.22226e-01 |122 -0.03887 -6.41339e-01 |123  0.00479 -1.99602e-01
124 -0.00904  1.28299e-01 |125 -0.14754  2.06256e-01 |126  0.06374 -1.43612e-01
127  0.00326  2.96405e-01 |128 -0.09137  1.04882e-01 |129  0.47480  6.01427e-02
130  0.11861 -9.74771e-01 |131 -0.33047  4.33450e-01 |132 -0.32980  9.68659e-01
133 -0.21966 -2.22743e-01 |134  0.36623 -8.23981e-02 |135 -0.26924  1.31380e-02
136 -0.02990 -8.48250e-01 |137 -0.31260  6.80311e-01 |138  0.04709 -8.63779e-01
139 -0.17709  7.24040e-01 |140 -0.08824 -1.39242e-01 |141  0.04984  5.84684e-02
142 -0.20316  7.01483e-02 |
142 variables; iteration 140; function evaluation 156; phase 5
Function value 2.6502202e+03; maximum gradient component mag 5.4808e-01
Var    Value     Gradient |Var    Value     Gradient |Var    Value     Gradient
  1 -0.13133  5.48081e-01 |  2 -0.02036  5.67863e-02 |  3 -0.05104  1.04557e-01
  4  0.00028  4.99201e-02 |  5 -0.40796 -1.74163e-02 |  6 -0.05625  1.44957e-01
  7  0.11741  2.15537e-01 |  8 -0.17835  1.88482e-02 |  9  0.17676  2.57992e-02
 10 -0.16979  1.21356e-02 | 11  0.06563 -2.50882e-01 | 12 -0.29228 -1.01778e-02
 13  0.00746  3.05564e-02 | 14  0.00782  1.40972e-02 | 15  0.00859  2.78261e-02
 16  0.00953  5.08843e-02 | 17  0.01035  5.94679e-02 | 18  0.01090  4.21031e-02
 19  0.01134  8.94044e-03 | 20  0.01201 -1.39839e-02 | 21  0.01299 -1.92169e-02
 22  0.01404 -2.66830e-02 | 23  0.01520 -2.95259e-02 | 24  0.01680 -3.41420e-03
 25  0.01853  2.11619e-02 | 26  0.01972 -4.84197e-03 | 27  0.02116 -1.98374e-02
 28  0.02282 -1.67257e-02 | 29  0.02421 -2.85010e-02 | 30  0.02596 -4.85502e-03
 31  0.02681 -1.51571e-02 | 32  0.02710 -2.55854e-02 | 33  0.02750 -1.46895e-03
 34  0.02784 -1.10038e-02 | 35  0.03039 -2.05747e-03 | 36  0.03702  1.32702e-03
 37  0.04987 -1.39978e-02 | 38  0.06703 -3.86669e-03 | 39  0.05797 -6.06239e-02
 40  0.01906 -7.11225e-02 | 41 -0.01447  1.38942e-02 | 42 -0.03639 -3.91506e-02
 43 -0.04000 -2.39900e-03 | 44 -0.02047  7.74860e-03 | 45  0.02674 -3.50767e-02
 46  0.03820 -5.46633e-02 | 47  0.02540 -2.29517e-02 | 48  0.08291 -1.12795e-01
 49  0.00811 -3.21798e-02 | 50 -0.01775 -3.26880e-02 | 51  0.04702 -7.23746e-02
 52 -0.01361 -4.80726e-02 | 53  0.09936 -1.78103e-01 | 54 -0.05299 -2.78090e-02
 55 -0.05863 -7.44489e-03 | 56 -0.07698 -2.14138e-02 | 57  0.05591  9.72220e-03
 58 -0.05724  3.26893e-02 | 59 -0.12394  6.42543e-03 | 60 -0.18993 -1.01678e-03
 61 -0.15379  7.15685e-03 | 62  0.16108  1.82706e-02 | 63 -0.15685 -5.30546e-03
 64  0.01075  2.54942e-03 | 65 -0.00736 -8.60765e-03 | 66  0.01704 -1.47985e-03
 67  0.02403 -1.01096e-02 | 68 -0.04520 -1.26839e-02 | 69  0.00875 -9.72385e-03
 70 -0.11938 -1.10190e-02 | 71  0.02744 -1.98414e-03 | 72 -0.10999  2.33235e-02
 73 -0.03828  1.58628e-02 | 74 -0.10659 -8.27401e-03 | 75 -0.08839 -2.05954e-02
 76 -0.05893  9.31734e-03 | 77  0.30681  8.75445e-02 | 78 -0.12125  2.13863e-02
 79  0.05162 -1.72241e-02 | 80 -0.04013 -7.40842e-03 | 81  0.08971 -1.12760e-02
 82 -0.08118 -5.13397e-02 | 83 -0.20034  2.07640e-02 | 84 -0.24271  1.21432e-02
 85 -0.07305 -9.39060e-03 | 86 -0.09783 -2.85092e-02 | 87  0.07963  2.14838e-02
 88  0.12005  2.51101e-02 | 89  0.00704 -3.83958e-04 | 90  0.10037 -2.15064e-02
 91  0.16825 -3.85516e-03 | 92 -0.01402 -1.16633e-02 | 93  0.08344  2.65592e-02
 94  0.01262  2.07280e-02 | 95 -0.02408  5.30345e-03 | 96 -0.14269 -1.69448e-02
 97 -0.07800 -1.35531e-02 | 98 -0.00350 -3.01072e-02 | 99  0.05163 -2.08391e-02
100 -0.05917  1.30465e-02 |101  0.03438 -1.01961e-02 |102  0.09174 -7.42193e-03
103 -0.27755 -1.31842e-02 |104 -0.12770  1.24397e-02 |105  0.37737  9.13695e-03
106 -0.30098  2.69002e-02 |107 -0.24357 -5.64059e-02 |108 -0.65983  5.76747e-03
109 -0.28455  4.02099e-02 |110  0.30070 -2.54807e-02 |111 -0.15421  3.99877e-02
112  0.53002  2.50549e-02 |113 -0.06933 -1.43324e-01 |114  0.31457 -1.02095e-01
115 -0.17480  1.35854e-01 |116  0.66881  1.20021e-02 |117 -0.05322 -1.17874e-01
118 -0.39506 -8.21426e-03 |119 -0.13081  3.13618e-02 |120 -0.31574 -3.10483e-02
121 -0.12983  5.12755e-03 |122 -0.03909  3.40237e-02 |123  0.00554 -3.63856e-02
124 -0.00839  3.95382e-03 |125 -0.14985 -2.35757e-02 |126  0.06387 -3.18737e-02
127  0.00343  3.49960e-02 |128 -0.09321 -6.97241e-03 |129  0.47025 -7.57284e-03
130  0.11832  2.40592e-02 |131 -0.33221  1.65883e-02 |132 -0.32993 -3.38274e-02
133 -0.21830 -2.74882e-02 |134  0.36914 -3.95482e-04 |135 -0.26824  1.13086e-02
136 -0.03017 -8.86807e-02 |137 -0.31295  4.26004e-02 |138  0.04734  2.05366e-02
139 -0.17691  2.74239e-02 |140 -0.08860 -1.96259e-02 |141  0.04898 -3.55687e-02
142 -0.20393  5.90421e-03 |
142 variables; iteration 160; function evaluation 190; phase 5
Function value 2.6502188e+03; maximum gradient component mag -2.7888e-01
Var    Value     Gradient |Var    Value     Gradient |Var    Value     Gradient
  1 -0.13161  2.47709e-01 |  2 -0.02017 -4.21493e-02 |  3 -0.05120 -4.78595e-02
  4  0.00034 -2.01832e-02 |  5 -0.40799  1.33034e-02 |  6 -0.05609 -9.13605e-03
  7  0.11736 -8.65307e-02 |  8 -0.17817 -1.07008e-02 |  9  0.17671 -6.67744e-04
 10 -0.16971  1.41181e-03 | 11  0.06488 -2.52705e-01 | 12 -0.29025 -4.41244e-02
 13  0.00710  1.79108e-03 | 14  0.00744 -1.66394e-02 | 15  0.00816 -6.65642e-03
 16  0.00862 -2.28371e-02 | 17  0.00957 -2.43153e-03 | 18  0.01001 -2.85924e-02
 19  0.01073 -3.85573e-02 | 20  0.01242  2.02326e-02 | 21  0.01368  3.68021e-02
 22  0.01465  2.30020e-02 | 23  0.01542 -9.65197e-03 | 24  0.01690  6.84210e-03
 25  0.01837  1.27754e-02 | 26  0.01969 -3.87768e-03 | 27  0.02149  6.83965e-03
 28  0.02310  5.80049e-03 | 29  0.02441 -1.15920e-02 | 30  0.02597 -1.53763e-03
 31  0.02689 -7.37941e-03 | 32  0.02753  3.94122e-03 | 33  0.02776  1.61533e-02
 34  0.02817  1.01551e-02 | 35  0.03016 -1.69297e-02 | 36  0.03700  4.69565e-04
 37  0.04997 -5.23596e-03 | 38  0.06616 -2.02076e-02 | 39  0.05888 -5.14378e-03
 40  0.01963 -1.36179e-02 | 41 -0.01480 -1.03056e-02 | 42 -0.03611 -3.80814e-03
 43 -0.04005 -1.18442e-02 | 44 -0.02064 -1.49729e-02 | 45  0.02673 -3.21067e-02
 46  0.03880 -1.16172e-03 | 47  0.02487 -2.43511e-02 | 48  0.08346 -1.87334e-02
 49  0.00791 -2.51383e-02 | 50 -0.01765 -1.83268e-02 | 51  0.04724 -2.65275e-02
 52 -0.01357 -2.10109e-02 | 53  0.09954 -6.37819e-02 | 54 -0.05292 -1.89042e-02
 55 -0.05856 -2.77100e-02 | 56 -0.07682 -1.80517e-02 | 57  0.05602 -7.91854e-02
 58 -0.05720 -4.53886e-02 | 59 -0.12385 -1.99541e-02 | 60 -0.18987 -1.27731e-02
 61 -0.15379 -1.99306e-02 | 62  0.16110 -2.78876e-01 | 63 -0.15682 -9.86133e-03
 64  0.01070 -5.87176e-02 | 65 -0.00740 -3.35962e-02 | 66  0.01698 -2.93354e-02
 67  0.02396 -3.00402e-02 | 68 -0.04525 -9.14341e-03 | 69  0.00864 -2.08219e-02
 70 -0.11944 -2.45003e-03 | 71  0.02731 -8.09721e-03 | 72 -0.11020 -2.02947e-02
 73 -0.03846 -7.41831e-03 | 74 -0.10672  3.61657e-03 | 75 -0.08850  6.33098e-03
 76 -0.05919 -1.49805e-02 | 77  0.30656 -6.84093e-02 | 78 -0.12152 -6.24448e-03
 79  0.05141 -1.73026e-02 | 80 -0.04029 -1.13328e-02 | 81  0.08960 -1.94160e-02
 82 -0.08116  1.80794e-02 | 83 -0.20039  3.33907e-03 | 84 -0.24279 -1.07071e-02
 85 -0.07305  8.26873e-03 | 86 -0.09775  2.29373e-02 | 87  0.07963  6.49596e-03
 88  0.12003  2.54529e-03 | 89  0.00700  1.37527e-04 | 90  0.10033 -6.79174e-03
 91  0.16817 -3.24571e-02 | 92 -0.01404  7.18598e-03 | 93  0.08337  4.47952e-03
 94  0.01258  8.80922e-03 | 95 -0.02409  1.06609e-02 | 96 -0.14258  1.39914e-02
 97 -0.07792  2.28766e-02 | 98 -0.00338  2.52241e-02 | 99  0.05177  2.39149e-02
100 -0.05912 -1.28770e-02 |101  0.03454  1.07823e-02 |102  0.09187  6.96538e-03
103 -0.27741  2.40428e-03 |104 -0.12787 -7.88368e-04 |105  0.37681 -1.25246e-02
106 -0.30117  4.48258e-03 |107 -0.24325  2.26307e-02 |108 -0.65869 -2.69591e-03
109 -0.28519 -1.35802e-02 |110  0.30059 -1.32052e-02 |111 -0.15422  1.75661e-02
112  0.52831  5.05457e-03 |113 -0.06955 -4.76751e-02 |114  0.31458 -1.22095e-03
115 -0.17479 -1.25153e-02 |116  0.66356 -2.60508e-02 |117 -0.05375  1.98056e-01
118 -0.11097 -1.38243e-03 |119 -0.13078 -2.55393e-02 |120 -0.31565  2.35654e-02
121 -0.12989 -2.42885e-03 |122 -0.03914 -5.12561e-02 |123  0.00550  2.53136e-04
124 -0.00840  1.03642e-02 |125 -0.14975  1.99873e-03 |126  0.06399  8.51450e-03
127  0.00348  7.33561e-03 |128 -0.09352  4.62418e-04 |129  0.47030  4.72163e-03
130  0.11825 -4.14028e-02 |131 -0.33218  8.20913e-03 |132 -0.32996  4.54562e-02
133 -0.21820 -1.45045e-02 |134  0.36875 -5.35038e-03 |135 -0.26836  3.67286e-04
136 -0.03017 -9.56393e-03 |137 -0.31293  2.19175e-02 |138  0.04690 -6.72781e-02
139 -0.17716  6.78967e-02 |140 -0.08797  1.54503e-02 |141  0.04910  1.96264e-02
142 -0.20381 -9.36203e-03 |
  ic > imax  in fminim is answer attained ?
Var    Value     Gradient |Var    Value     Gradient |Var    Value     Gradient
  1 -0.13158  8.24017e-04 |  2 -0.02017  6.32866e-06 |  3 -0.05119  4.68409e-05
  4  0.00035  2.45971e-06 |  5 -0.40800 -1.67996e-05 |  6 -0.05610  1.62260e-04
  7  0.11736 -4.81902e-05 |  8 -0.17816  3.54255e-05 |  9  0.17668 -2.05610e-05
 10 -0.16970 -1.77839e-05 | 11  0.06502 -3.50377e-04 | 12 -0.29056 -2.56140e-05
 13  0.00707 -1.62201e-05 | 14  0.00763 -2.93384e-05 | 15  0.00824 -3.11583e-05
 16  0.00889 -4.05153e-05 | 17  0.00959 -2.75293e-05 | 18  0.01036 -4.56455e-05
 19  0.01121 -2.76956e-05 | 20  0.01216  3.14577e-05 | 21  0.01321  3.81149e-05
 22  0.01435  3.67965e-05 | 23  0.01555 -1.68094e-06 | 24  0.01680 -1.60605e-05
 25  0.01819 -1.59652e-05 | 26  0.01974 -2.71563e-05 | 27  0.02139  3.30317e-06
 28  0.02301  2.08429e-05 | 29  0.02457  2.08109e-06 | 30  0.02598 -3.28958e-06
 31  0.02699 -2.29933e-05 | 32  0.02744 -8.95161e-06 | 33  0.02748  1.54010e-06
 34  0.02797 -7.35332e-06 | 35  0.03037 -2.01270e-05 | 36  0.03689 -4.35621e-05
 37  0.04990 -1.77311e-05 | 38  0.06639 -2.48978e-05 | 39  0.05865 -5.55631e-05
 40  0.01966  2.50737e-05 | 41 -0.01480 -4.33555e-05 | 42 -0.03617  1.04117e-05
 43 -0.04006 -3.78078e-05 | 44 -0.02065 -4.31727e-05 | 45  0.02689 -4.64531e-05
 46  0.03850 -8.63739e-05 | 47  0.02505 -5.79084e-05 | 48  0.08333 -1.49310e-04
 49  0.00798 -5.96337e-05 | 50 -0.01766 -2.49540e-05 | 51  0.04718 -1.15672e-04
 52 -0.01357 -3.67820e-05 | 53  0.09951 -1.41503e-04 | 54 -0.05294 -4.21012e-05
 55 -0.05857 -3.16399e-05 | 56 -0.07685 -1.06809e-05 | 57  0.05599 -5.51489e-05
 58 -0.05720 -8.86797e-06 | 59 -0.12386  6.37540e-06 | 60 -0.18987 -3.51189e-06
 61 -0.15378  1.62156e-05 | 62  0.16111  3.45217e-05 | 63 -0.15683 -2.16320e-07
 64  0.01072  1.96219e-05 | 65 -0.00739  3.12220e-05 | 66  0.01699 -5.18148e-05
 67  0.02398 -3.31244e-05 | 68 -0.04524 -1.14145e-05 | 69  0.00867 -2.38136e-05
 70 -0.11942  2.27375e-06 | 71  0.02733 -1.05109e-05 | 72 -0.11013  1.61653e-05
 73 -0.03843  2.02509e-06 | 74 -0.10670 -1.18367e-06 | 75 -0.08849  9.30283e-06
 76 -0.05911  2.97790e-05 | 77  0.30659 -4.05611e-04 | 78 -0.12148 -2.12453e-05
 79  0.05144 -8.26218e-06 | 80 -0.04026  2.02342e-05 | 81  0.08962  3.43927e-05
 82 -0.08117  1.94004e-05 | 83 -0.20040 -2.57836e-05 | 84 -0.24276  2.69362e-06
 85 -0.07304  4.74570e-06 | 86 -0.09779 -6.63529e-06 | 87  0.07963  4.00000e-05
 88  0.12004  5.92684e-05 | 89  0.00701  1.25772e-05 | 90  0.10034  4.70386e-05
 91  0.16819  1.24908e-04 | 92 -0.01404  8.40845e-06 | 93  0.08337  4.33631e-05
 94  0.01257 -3.77276e-06 | 95 -0.02410  5.00940e-07 | 96 -0.14262  1.55793e-06
 97 -0.07795 -5.77559e-06 | 98 -0.00340  1.57223e-05 | 99  0.05175  7.66587e-06
100 -0.05910  2.30998e-05 |101  0.03450 -2.93828e-06 |102  0.09183 -5.12050e-06
103 -0.27741  4.60103e-06 |104 -0.12784 -1.52549e-05 |105  0.37695 -1.90119e-05
106 -0.30111 -4.23035e-06 |107 -0.24333 -1.48821e-05 |108 -0.65895  2.18025e-06
109 -0.28504 -3.18774e-05 |110  0.30060 -4.75154e-05 |111 -0.15422  1.25312e-04
112  0.52914 -2.53668e-05 |113 -0.06938  1.12628e-04 |114  0.31459 -4.14408e-05
115 -0.17479  1.42537e-04 |116  0.66361  2.40718e-06 |117 -0.05375  4.34256e-06
118  0.04080 -6.07389e-07 |119 -0.13080 -3.42487e-05 |120 -0.31569  1.74635e-05
121 -0.12985 -9.30675e-06 |122 -0.03913 -2.05522e-05 |123  0.00549 -3.38810e-05
124 -0.00842  1.83118e-05 |125 -0.14973 -3.33245e-05 |126  0.06389 -3.85124e-05
127  0.00345  8.94264e-05 |128 -0.09342 -1.40272e-05 |129  0.47014 -2.02312e-05
130  0.11821 -8.49067e-05 |131 -0.33224 -8.55165e-06 |132 -0.32999  5.71045e-05
133 -0.21806  1.07101e-05 |134  0.36892 -1.93050e-06 |135 -0.26830  2.19379e-05
136 -0.03018 -1.70915e-04 |137 -0.31295  1.00688e-04 |138  0.04711 -1.38597e-04
139 -0.17704  7.10553e-05 |140 -0.08830 -4.15858e-05 |141  0.04906 -5.31839e-05
142 -0.20384  5.29474e-05 |
Function minimizer not making progress ... is minimum attained?
Minimprove criterion = 0.0000e+00

 - final statistics:
142 variables; iteration 169; function evaluation 230
Function value 2.6502e+03; maximum gradient component mag 8.2402e-04
Exit code = 1;  converg criter 1.0000e-04
Var    Value     Gradient |Var    Value     Gradient |Var    Value     Gradient
  1 -0.13158  8.24017e-04 |  2 -0.02017  6.32866e-06 |  3 -0.05119  4.68409e-05
  4  0.00035  2.45971e-06 |  5 -0.40800 -1.67996e-05 |  6 -0.05610  1.62260e-04
  7  0.11736 -4.81902e-05 |  8 -0.17816  3.54255e-05 |  9  0.17668 -2.05610e-05
 10 -0.16970 -1.77839e-05 | 11  0.06502 -3.50377e-04 | 12 -0.29056 -2.56140e-05
 13  0.00707 -1.62201e-05 | 14  0.00763 -2.93384e-05 | 15  0.00824 -3.11583e-05
 16  0.00889 -4.05153e-05 | 17  0.00959 -2.75293e-05 | 18  0.01036 -4.56455e-05
 19  0.01121 -2.76956e-05 | 20  0.01216  3.14577e-05 | 21  0.01321  3.81149e-05
 22  0.01435  3.67965e-05 | 23  0.01555 -1.68094e-06 | 24  0.01680 -1.60605e-05
 25  0.01819 -1.59652e-05 | 26  0.01974 -2.71563e-05 | 27  0.02139  3.30317e-06
 28  0.02301  2.08429e-05 | 29  0.02457  2.08109e-06 | 30  0.02598 -3.28958e-06
 31  0.02699 -2.29933e-05 | 32  0.02744 -8.95161e-06 | 33  0.02748  1.54010e-06
 34  0.02797 -7.35332e-06 | 35  0.03037 -2.01270e-05 | 36  0.03689 -4.35621e-05
 37  0.04990 -1.77311e-05 | 38  0.06639 -2.48978e-05 | 39  0.05865 -5.55631e-05
 40  0.01966  2.50737e-05 | 41 -0.01480 -4.33555e-05 | 42 -0.03617  1.04117e-05
 43 -0.04006 -3.78078e-05 | 44 -0.02065 -4.31727e-05 | 45  0.02689 -4.64531e-05
 46  0.03850 -8.63739e-05 | 47  0.02505 -5.79084e-05 | 48  0.08333 -1.49310e-04
 49  0.00798 -5.96337e-05 | 50 -0.01766 -2.49540e-05 | 51  0.04718 -1.15672e-04
 52 -0.01357 -3.67820e-05 | 53  0.09951 -1.41503e-04 | 54 -0.05294 -4.21012e-05
 55 -0.05857 -3.16399e-05 | 56 -0.07685 -1.06809e-05 | 57  0.05599 -5.51489e-05
 58 -0.05720 -8.86797e-06 | 59 -0.12386  6.37540e-06 | 60 -0.18987 -3.51189e-06
 61 -0.15378  1.62156e-05 | 62  0.16111  3.45217e-05 | 63 -0.15683 -2.16320e-07
 64  0.01072  1.96219e-05 | 65 -0.00739  3.12220e-05 | 66  0.01699 -5.18148e-05
 67  0.02398 -3.31244e-05 | 68 -0.04524 -1.14145e-05 | 69  0.00867 -2.38136e-05
 70 -0.11942  2.27375e-06 | 71  0.02733 -1.05109e-05 | 72 -0.11013  1.61653e-05
 73 -0.03843  2.02509e-06 | 74 -0.10670 -1.18367e-06 | 75 -0.08849  9.30283e-06
 76 -0.05911  2.97790e-05 | 77  0.30659 -4.05611e-04 | 78 -0.12148 -2.12453e-05
 79  0.05144 -8.26218e-06 | 80 -0.04026  2.02342e-05 | 81  0.08962  3.43927e-05
 82 -0.08117  1.94004e-05 | 83 -0.20040 -2.57836e-05 | 84 -0.24276  2.69362e-06
 85 -0.07304  4.74570e-06 | 86 -0.09779 -6.63529e-06 | 87  0.07963  4.00000e-05
 88  0.12004  5.92684e-05 | 89  0.00701  1.25772e-05 | 90  0.10034  4.70386e-05
 91  0.16819  1.24908e-04 | 92 -0.01404  8.40845e-06 | 93  0.08337  4.33631e-05
 94  0.01257 -3.77276e-06 | 95 -0.02410  5.00940e-07 | 96 -0.14262  1.55793e-06
 97 -0.07795 -5.77559e-06 | 98 -0.00340  1.57223e-05 | 99  0.05175  7.66587e-06
100 -0.05910  2.30998e-05 |101  0.03450 -2.93828e-06 |102  0.09183 -5.12050e-06
103 -0.27741  4.60103e-06 |104 -0.12784 -1.52549e-05 |105  0.37695 -1.90119e-05
106 -0.30111 -4.23035e-06 |107 -0.24333 -1.48821e-05 |108 -0.65895  2.18025e-06
109 -0.28504 -3.18774e-05 |110  0.30060 -4.75154e-05 |111 -0.15422  1.25312e-04
112  0.52914 -2.53668e-05 |113 -0.06938  1.12628e-04 |114  0.31459 -4.14408e-05
115 -0.17479  1.42537e-04 |116  0.66361  2.40718e-06 |117 -0.05375  4.34256e-06
118  0.04080 -6.07389e-07 |119 -0.13080 -3.42487e-05 |120 -0.31569  1.74635e-05
121 -0.12985 -9.30675e-06 |122 -0.03913 -2.05522e-05 |123  0.00549 -3.38810e-05
124 -0.00842  1.83118e-05 |125 -0.14973 -3.33245e-05 |126  0.06389 -3.85124e-05
127  0.00345  8.94264e-05 |128 -0.09342 -1.40272e-05 |129  0.47014 -2.02312e-05
130  0.11821 -8.49067e-05 |131 -0.33224 -8.55165e-06 |132 -0.32999  5.71045e-05
133 -0.21806  1.07101e-05 |134  0.36892 -1.93050e-06 |135 -0.26830  2.19379e-05
136 -0.03018 -1.70915e-04 |137 -0.31295  1.00688e-04 |138  0.04711 -1.38597e-04
139 -0.17704  7.10553e-05 |140 -0.08830 -4.15858e-05 |141  0.04906 -5.31839e-05
142 -0.20384  5.29474e-05 |

Initial statistics: 154 variables; iteration 0; function evaluation 0; phase 6
Function value 2.6502186e+03; maximum gradient component mag 8.1847e-04
Var    Value     Gradient |Var    Value     Gradient |Var    Value     Gradient
  1 -0.13158  8.18468e-04 |  2 -0.02017  6.50994e-06 |  3 -0.05119  4.67504e-05
  4  0.00035  2.60472e-06 |  5 -0.40800 -1.66215e-05 |  6 -0.05610  1.61218e-04
  7  0.11736 -4.70869e-05 |  8 -0.17816  3.52053e-05 |  9  0.17668 -2.02743e-05
 10 -0.16970 -1.75599e-05 | 11  0.06502 -3.47488e-04 | 12 -0.29056 -2.52801e-05
 13  0.00707 -1.60165e-05 | 14  0.00763 -2.90783e-05 | 15  0.00824 -3.07656e-05
 16  0.00889 -4.00272e-05 | 17  0.00959 -2.71327e-05 | 18  0.01036 -4.51856e-05
 19  0.01121 -2.76383e-05 | 20  0.01216  3.10618e-05 | 21  0.01321  3.78016e-05
 22  0.01435  3.63668e-05 | 23  0.01555 -1.63271e-06 | 24  0.01680 -1.58193e-05
 25  0.01819 -1.57876e-05 | 26  0.01974 -2.68632e-05 | 27  0.02139  3.25507e-06
 28  0.02301  2.06379e-05 | 29  0.02457  2.08509e-06 | 30  0.02598 -3.32201e-06
 31  0.02699 -2.28450e-05 | 32  0.02744 -8.95244e-06 | 33  0.02748  1.58412e-06
 34  0.02797 -7.26256e-06 | 35  0.03037 -1.99778e-05 | 36  0.03689 -4.31745e-05
 37  0.04990 -1.76124e-05 | 38  0.06639 -2.46871e-05 | 39  0.05865 -5.52349e-05
 40  0.01966  2.47351e-05 | 41 -0.01480 -4.29560e-05 | 42 -0.03617  1.02305e-05
 43 -0.04006 -3.74719e-05 | 44 -0.02065 -4.27729e-05 | 45  0.02689 -4.62239e-05
 46  0.03850 -8.56658e-05 | 47  0.02505 -5.74523e-05 | 48  0.08333 -1.48323e-04
 49  0.00798 -5.91740e-05 | 50 -0.01766 -2.48213e-05 | 51  0.04718 -1.14817e-04
 52 -0.01357 -3.65284e-05 | 53  0.09951 -1.40694e-04 | 54 -0.05294 -4.17757e-05
 55 -0.05857 -3.13726e-05 | 56 -0.07685 -1.05931e-05 | 57  0.05599 -5.43652e-05
 58 -0.05720 -8.59374e-06 | 59 -0.12386  6.38796e-06 | 60 -0.18987 -3.46366e-06
 61 -0.15378  1.60943e-05 | 62  0.16111  3.46754e-05 | 63 -0.15683 -1.98879e-07
 64  0.01072  1.96994e-05 | 65 -0.00739  3.10933e-05 | 66  0.01699 -5.11288e-05
 67  0.02398 -3.26700e-05 | 68 -0.04524 -1.12619e-05 | 69  0.00867 -2.34988e-05
 70 -0.11942  2.25781e-06 | 71  0.02733 -1.03222e-05 | 72 -0.11013  1.60472e-05
 73 -0.03843  2.06897e-06 | 74 -0.10670 -1.16844e-06 | 75 -0.08849  9.19573e-06
 76 -0.05911  2.94953e-05 | 77  0.30659 -4.02313e-04 | 78 -0.12148 -2.09941e-05
 79  0.05144 -8.21260e-06 | 80 -0.04026  2.00504e-05 | 81  0.08962  3.41513e-05
 82 -0.08117  1.91270e-05 | 83 -0.20040 -2.54750e-05 | 84 -0.24276  2.67327e-06
 85 -0.07304  4.71508e-06 | 86 -0.09779 -6.60117e-06 | 87  0.07963  3.97222e-05
 88  0.12004  5.88816e-05 | 89  0.00701  1.25281e-05 | 90  0.10034  4.66099e-05
 91  0.16819  1.23851e-04 | 92 -0.01404  8.33294e-06 | 93  0.08337  4.30882e-05
 94  0.01257 -3.67603e-06 | 95 -0.02410  5.20906e-07 | 96 -0.14262  1.52231e-06
 97 -0.07795 -5.71925e-06 | 98 -0.00340  1.55444e-05 | 99  0.05175  7.58550e-06
100 -0.05910  2.29006e-05 |101  0.03450 -2.89511e-06 |102  0.09183 -5.05491e-06
103  0.00000  0.00000e+00 |104  0.00000  0.00000e+00 |105  0.00000  0.00000e+00
106  0.00000  0.00000e+00 |107  0.00000  0.00000e+00 |108  0.00000  0.00000e+00
109  0.00000  0.00000e+00 |110  0.00000  0.00000e+00 |111  0.00000  0.00000e+00
112  0.00000  0.00000e+00 |113  0.00000  0.00000e+00 |114  0.00000  0.00000e+00
115 -0.27741  4.55078e-06 |116 -0.12784 -1.50900e-05 |117  0.37695 -1.88319e-05
118 -0.30111 -4.10935e-06 |119 -0.24333 -1.47869e-05 |120 -0.65895  2.16901e-06
121 -0.28504 -3.15221e-05 |122  0.30060 -4.71265e-05 |123 -0.15422  1.24206e-04
124  0.52914 -2.50667e-05 |125 -0.06938  1.11363e-04 |126  0.31459 -4.14673e-05
127 -0.17479  1.41726e-04 |128  0.66361  2.29875e-06 |129 -0.05375  4.50950e-06
130  0.04080 -6.01380e-07 |131 -0.13080 -3.39010e-05 |132 -0.31569  1.72355e-05
133 -0.12985 -9.26487e-06 |134 -0.03913 -2.03467e-05 |135  0.00549 -3.37347e-05
136 -0.00842  1.82276e-05 |137 -0.14973 -3.31206e-05 |138  0.06389 -3.82822e-05
139  0.00345  8.88374e-05 |140 -0.09342 -1.39213e-05 |141  0.47014 -2.00825e-05
142  0.11821 -8.41569e-05 |143 -0.33224 -8.32723e-06 |144 -0.32999  5.66246e-05
145 -0.21806  1.04641e-05 |146  0.36892 -1.91142e-06 |147 -0.26830  2.17453e-05
148 -0.03018 -1.69731e-04 |149 -0.31295  9.99749e-05 |150  0.04711 -1.37542e-04
151 -0.17704  7.07239e-05 |152 -0.08830 -4.12681e-05 |153  0.04906 -5.28422e-05
154 -0.20384  5.25232e-05 |
  ic > imax  in fminim is answer attained ?
Var    Value     Gradient |Var    Value     Gradient |Var    Value     Gradient
  1 -0.13158  8.18468e-04 |  2 -0.02017  6.50994e-06 |  3 -0.05119  4.67504e-05
  4  0.00035  2.60472e-06 |  5 -0.40800 -1.66215e-05 |  6 -0.05610  1.61218e-04
  7  0.11736 -4.70869e-05 |  8 -0.17816  3.52053e-05 |  9  0.17668 -2.02743e-05
 10 -0.16970 -1.75599e-05 | 11  0.06502 -3.47488e-04 | 12 -0.29056 -2.52801e-05
 13  0.00707 -1.60165e-05 | 14  0.00763 -2.90783e-05 | 15  0.00824 -3.07656e-05
 16  0.00889 -4.00272e-05 | 17  0.00959 -2.71327e-05 | 18  0.01036 -4.51856e-05
 19  0.01121 -2.76383e-05 | 20  0.01216  3.10618e-05 | 21  0.01321  3.78016e-05
 22  0.01435  3.63668e-05 | 23  0.01555 -1.63271e-06 | 24  0.01680 -1.58193e-05
 25  0.01819 -1.57876e-05 | 26  0.01974 -2.68632e-05 | 27  0.02139  3.25507e-06
 28  0.02301  2.06379e-05 | 29  0.02457  2.08509e-06 | 30  0.02598 -3.32201e-06
 31  0.02699 -2.28450e-05 | 32  0.02744 -8.95244e-06 | 33  0.02748  1.58412e-06
 34  0.02797 -7.26256e-06 | 35  0.03037 -1.99778e-05 | 36  0.03689 -4.31745e-05
 37  0.04990 -1.76124e-05 | 38  0.06639 -2.46871e-05 | 39  0.05865 -5.52349e-05
 40  0.01966  2.47351e-05 | 41 -0.01480 -4.29560e-05 | 42 -0.03617  1.02305e-05
 43 -0.04006 -3.74719e-05 | 44 -0.02065 -4.27729e-05 | 45  0.02689 -4.62239e-05
 46  0.03850 -8.56658e-05 | 47  0.02505 -5.74523e-05 | 48  0.08333 -1.48323e-04
 49  0.00798 -5.91740e-05 | 50 -0.01766 -2.48213e-05 | 51  0.04718 -1.14817e-04
 52 -0.01357 -3.65284e-05 | 53  0.09951 -1.40694e-04 | 54 -0.05294 -4.17757e-05
 55 -0.05857 -3.13726e-05 | 56 -0.07685 -1.05931e-05 | 57  0.05599 -5.43652e-05
 58 -0.05720 -8.59374e-06 | 59 -0.12386  6.38796e-06 | 60 -0.18987 -3.46366e-06
 61 -0.15378  1.60943e-05 | 62  0.16111  3.46754e-05 | 63 -0.15683 -1.98879e-07
 64  0.01072  1.96994e-05 | 65 -0.00739  3.10933e-05 | 66  0.01699 -5.11288e-05
 67  0.02398 -3.26700e-05 | 68 -0.04524 -1.12619e-05 | 69  0.00867 -2.34988e-05
 70 -0.11942  2.25781e-06 | 71  0.02733 -1.03222e-05 | 72 -0.11013  1.60472e-05
 73 -0.03843  2.06897e-06 | 74 -0.10670 -1.16844e-06 | 75 -0.08849  9.19573e-06
 76 -0.05911  2.94953e-05 | 77  0.30659 -4.02313e-04 | 78 -0.12148 -2.09941e-05
 79  0.05144 -8.21260e-06 | 80 -0.04026  2.00504e-05 | 81  0.08962  3.41513e-05
 82 -0.08117  1.91270e-05 | 83 -0.20040 -2.54750e-05 | 84 -0.24276  2.67327e-06
 85 -0.07304  4.71508e-06 | 86 -0.09779 -6.60117e-06 | 87  0.07963  3.97222e-05
 88  0.12004  5.88816e-05 | 89  0.00701  1.25281e-05 | 90  0.10034  4.66099e-05
 91  0.16819  1.23851e-04 | 92 -0.01404  8.33294e-06 | 93  0.08337  4.30882e-05
 94  0.01257 -3.67603e-06 | 95 -0.02410  5.20906e-07 | 96 -0.14262  1.52231e-06
 97 -0.07795 -5.71925e-06 | 98 -0.00340  1.55444e-05 | 99  0.05175  7.58550e-06
100 -0.05910  2.29006e-05 |101  0.03450 -2.89511e-06 |102  0.09183 -5.05491e-06
103  0.00000  0.00000e+00 |104  0.00000  0.00000e+00 |105  0.00000  0.00000e+00
106  0.00000  0.00000e+00 |107  0.00000  0.00000e+00 |108  0.00000  0.00000e+00
109  0.00000  0.00000e+00 |110  0.00000  0.00000e+00 |111  0.00000  0.00000e+00
112  0.00000  0.00000e+00 |113  0.00000  0.00000e+00 |114  0.00000  0.00000e+00
115 -0.27741  4.55078e-06 |116 -0.12784 -1.50900e-05 |117  0.37695 -1.88319e-05
118 -0.30111 -4.10935e-06 |119 -0.24333 -1.47869e-05 |120 -0.65895  2.16901e-06
121 -0.28504 -3.15221e-05 |122  0.30060 -4.71265e-05 |123 -0.15422  1.24206e-04
124  0.52914 -2.50667e-05 |125 -0.06938  1.11363e-04 |126  0.31459 -4.14673e-05
127 -0.17479  1.41726e-04 |128  0.66361  2.29875e-06 |129 -0.05375  4.50950e-06
130  0.04080 -6.01380e-07 |131 -0.13080 -3.39010e-05 |132 -0.31569  1.72355e-05
133 -0.12985 -9.26487e-06 |134 -0.03913 -2.03467e-05 |135  0.00549 -3.37347e-05
136 -0.00842  1.82276e-05 |137 -0.14973 -3.31206e-05 |138  0.06389 -3.82822e-05
139  0.00345  8.88374e-05 |140 -0.09342 -1.39213e-05 |141  0.47014 -2.00825e-05
142  0.11821 -8.41569e-05 |143 -0.33224 -8.32723e-06 |144 -0.32999  5.66246e-05
145 -0.21806  1.04641e-05 |146  0.36892 -1.91142e-06 |147 -0.26830  2.17453e-05
148 -0.03018 -1.69731e-04 |149 -0.31295  9.99749e-05 |150  0.04711 -1.37542e-04
151 -0.17704  7.07239e-05 |152 -0.08830 -4.12681e-05 |153  0.04906 -5.28422e-05
154 -0.20384  5.25232e-05 |
Function minimizer not making progress ... is minimum attained?
Minimprove criterion = 0.0000e+00

 - final statistics:
154 variables; iteration 1; function evaluation 30
Function value 2.6502e+03; maximum gradient component mag 8.1847e-04
Exit code = 1;  converg criter 1.0000e-04
Var    Value     Gradient |Var    Value     Gradient |Var    Value     Gradient
  1 -0.13158  8.18468e-04 |  2 -0.02017  6.50994e-06 |  3 -0.05119  4.67504e-05
  4  0.00035  2.60472e-06 |  5 -0.40800 -1.66215e-05 |  6 -0.05610  1.61218e-04
  7  0.11736 -4.70869e-05 |  8 -0.17816  3.52053e-05 |  9  0.17668 -2.02743e-05
 10 -0.16970 -1.75599e-05 | 11  0.06502 -3.47488e-04 | 12 -0.29056 -2.52801e-05
 13  0.00707 -1.60165e-05 | 14  0.00763 -2.90783e-05 | 15  0.00824 -3.07656e-05
 16  0.00889 -4.00272e-05 | 17  0.00959 -2.71327e-05 | 18  0.01036 -4.51856e-05
 19  0.01121 -2.76383e-05 | 20  0.01216  3.10618e-05 | 21  0.01321  3.78016e-05
 22  0.01435  3.63668e-05 | 23  0.01555 -1.63271e-06 | 24  0.01680 -1.58193e-05
 25  0.01819 -1.57876e-05 | 26  0.01974 -2.68632e-05 | 27  0.02139  3.25507e-06
 28  0.02301  2.06379e-05 | 29  0.02457  2.08509e-06 | 30  0.02598 -3.32201e-06
 31  0.02699 -2.28450e-05 | 32  0.02744 -8.95244e-06 | 33  0.02748  1.58412e-06
 34  0.02797 -7.26256e-06 | 35  0.03037 -1.99778e-05 | 36  0.03689 -4.31745e-05
 37  0.04990 -1.76124e-05 | 38  0.06639 -2.46871e-05 | 39  0.05865 -5.52349e-05
 40  0.01966  2.47351e-05 | 41 -0.01480 -4.29560e-05 | 42 -0.03617  1.02305e-05
 43 -0.04006 -3.74719e-05 | 44 -0.02065 -4.27729e-05 | 45  0.02689 -4.62239e-05
 46  0.03850 -8.56658e-05 | 47  0.02505 -5.74523e-05 | 48  0.08333 -1.48323e-04
 49  0.00798 -5.91740e-05 | 50 -0.01766 -2.48213e-05 | 51  0.04718 -1.14817e-04
 52 -0.01357 -3.65284e-05 | 53  0.09951 -1.40694e-04 | 54 -0.05294 -4.17757e-05
 55 -0.05857 -3.13726e-05 | 56 -0.07685 -1.05931e-05 | 57  0.05599 -5.43652e-05
 58 -0.05720 -8.59374e-06 | 59 -0.12386  6.38796e-06 | 60 -0.18987 -3.46366e-06
 61 -0.15378  1.60943e-05 | 62  0.16111  3.46754e-05 | 63 -0.15683 -1.98879e-07
 64  0.01072  1.96994e-05 | 65 -0.00739  3.10933e-05 | 66  0.01699 -5.11288e-05
 67  0.02398 -3.26700e-05 | 68 -0.04524 -1.12619e-05 | 69  0.00867 -2.34988e-05
 70 -0.11942  2.25781e-06 | 71  0.02733 -1.03222e-05 | 72 -0.11013  1.60472e-05
 73 -0.03843  2.06897e-06 | 74 -0.10670 -1.16844e-06 | 75 -0.08849  9.19573e-06
 76 -0.05911  2.94953e-05 | 77  0.30659 -4.02313e-04 | 78 -0.12148 -2.09941e-05
 79  0.05144 -8.21260e-06 | 80 -0.04026  2.00504e-05 | 81  0.08962  3.41513e-05
 82 -0.08117  1.91270e-05 | 83 -0.20040 -2.54750e-05 | 84 -0.24276  2.67327e-06
 85 -0.07304  4.71508e-06 | 86 -0.09779 -6.60117e-06 | 87  0.07963  3.97222e-05
 88  0.12004  5.88816e-05 | 89  0.00701  1.25281e-05 | 90  0.10034  4.66099e-05
 91  0.16819  1.23851e-04 | 92 -0.01404  8.33294e-06 | 93  0.08337  4.30882e-05
 94  0.01257 -3.67603e-06 | 95 -0.02410  5.20906e-07 | 96 -0.14262  1.52231e-06
 97 -0.07795 -5.71925e-06 | 98 -0.00340  1.55444e-05 | 99  0.05175  7.58550e-06
100 -0.05910  2.29006e-05 |101  0.03450 -2.89511e-06 |102  0.09183 -5.05491e-06
103  0.00000  0.00000e+00 |104  0.00000  0.00000e+00 |105  0.00000  0.00000e+00
106  0.00000  0.00000e+00 |107  0.00000  0.00000e+00 |108  0.00000  0.00000e+00
109  0.00000  0.00000e+00 |110  0.00000  0.00000e+00 |111  0.00000  0.00000e+00
112  0.00000  0.00000e+00 |113  0.00000  0.00000e+00 |114  0.00000  0.00000e+00
115 -0.27741  4.55078e-06 |116 -0.12784 -1.50900e-05 |117  0.37695 -1.88319e-05
118 -0.30111 -4.10935e-06 |119 -0.24333 -1.47869e-05 |120 -0.65895  2.16901e-06
121 -0.28504 -3.15221e-05 |122  0.30060 -4.71265e-05 |123 -0.15422  1.24206e-04
124  0.52914 -2.50667e-05 |125 -0.06938  1.11363e-04 |126  0.31459 -4.14673e-05
127 -0.17479  1.41726e-04 |128  0.66361  2.29875e-06 |129 -0.05375  4.50950e-06
130  0.04080 -6.01380e-07 |131 -0.13080 -3.39010e-05 |132 -0.31569  1.72355e-05
133 -0.12985 -9.26487e-06 |134 -0.03913 -2.03467e-05 |135  0.00549 -3.37347e-05
136 -0.00842  1.82276e-05 |137 -0.14973 -3.31206e-05 |138  0.06389 -3.82822e-05
139  0.00345  8.88374e-05 |140 -0.09342 -1.39213e-05 |141  0.47014 -2.00825e-05
142  0.11821 -8.41569e-05 |143 -0.33224 -8.32723e-06 |144 -0.32999  5.66246e-05
145 -0.21806  1.04641e-05 |146  0.36892 -1.91142e-06 |147 -0.26830  2.17453e-05
148 -0.03018 -1.69731e-04 |149 -0.31295  9.99749e-05 |150  0.04711 -1.37542e-04
151 -0.17704  7.07239e-05 |152 -0.08830 -4.12681e-05 |153  0.04906 -5.28422e-05
154 -0.20384  5.25232e-05 |
size of file gradfil1.tmp = 0
size of file gradfil2.tmp = 0
size of file varssave.tmp = 0
size of file cmpdiff.tmp = 200000008
