
Initial statistics: 3 variables; iteration 0; function evaluation 0; phase 1
Function value 3.7969148e+03; maximum gradient component mag -5.7212e+01

 - final statistics:
3 variables; iteration 6; function evaluation 10
Function value 3.7924e+03; maximum gradient component mag -5.2875e+00
Exit code = 1;  converg criter 1.0000e+01

Initial statistics: 13 variables; iteration 0; function evaluation 0; phase 2
Function value 3.7923948e+03; maximum gradient component mag -1.0475e+03

Intermediate statistics: 13 variables; iteration 20; function evaluation 29; phase 2
Function value 3.7086270e+03; maximum gradient component mag 1.2535e+01

 - final statistics:
13 variables; iteration 21; function evaluation 30
Function value 3.7086e+03; maximum gradient component mag 2.8713e+00
Exit code = 1;  converg criter 1.0000e+01

Initial statistics: 45 variables; iteration 0; function evaluation 0; phase 3
Function value 3.7085842e+03; maximum gradient component mag 1.5969e+03

Intermediate statistics: 45 variables; iteration 20; function evaluation 30; phase 3
Function value 3.1709904e+03; maximum gradient component mag 3.0965e+02
45 variables; iteration 40; function evaluation 56; phase 3
Function value 3.1424810e+03; maximum gradient component mag -2.4710e+02
45 variables; iteration 60; function evaluation 81; phase 3
Function value 3.1068604e+03; maximum gradient component mag 1.3787e+02
Maximum number of function evaluations exceeded

 - final statistics:
45 variables; iteration 77; function evaluation 100
Function value 3.1020e+03; maximum gradient component mag -7.8697e+00
Exit code = 3;  converg criter 1.0000e+00

Initial statistics: 102 variables; iteration 0; function evaluation 0; phase 4
Function value 3.1019949e+03; maximum gradient component mag -5.7444e+02

Intermediate statistics: 102 variables; iteration 20; function evaluation 28; phase 4
Function value 2.6573289e+03; maximum gradient component mag -3.0847e+02
102 variables; iteration 40; function evaluation 49; phase 4
Function value 2.6403382e+03; maximum gradient component mag -1.7641e+02
102 variables; iteration 60; function evaluation 71; phase 4
Function value 2.6268903e+03; maximum gradient component mag -2.0368e+02
102 variables; iteration 80; function evaluation 91; phase 4
Function value 2.6237625e+03; maximum gradient component mag -5.0862e+01
102 variables; iteration 100; function evaluation 115; phase 4
Function value 2.6218621e+03; maximum gradient component mag -1.4722e+01
102 variables; iteration 120; function evaluation 142; phase 4
Function value 2.6202605e+03; maximum gradient component mag 3.4727e+00
  ic > imax  in fminim is answer attained ?
Function minimizer not making progress ... is minimum attained?
Minimprove criterion = 0.0000e+00

 - final statistics:
102 variables; iteration 137; function evaluation 188
Function value 2.6203e+03; maximum gradient component mag -3.3122e-04
Exit code = 1;  converg criter 1.0000e-04

Initial statistics: 114 variables; iteration 0; function evaluation 0; phase 5
Function value 2.6202564e+03; maximum gradient component mag -3.3119e-04
  ic > imax  in fminim is answer attained ?
Function minimizer not making progress ... is minimum attained?
Minimprove criterion = 0.0000e+00

 - final statistics:
114 variables; iteration 1; function evaluation 30
Function value 2.6203e+03; maximum gradient component mag -3.3119e-04
Exit code = 1;  converg criter 1.0000e-04
Estimating row 1 out of 114 for hessian
Estimating row 2 out of 114 for hessian
Estimating row 3 out of 114 for hessian
Estimating row 4 out of 114 for hessian
Estimating row 5 out of 114 for hessian
Estimating row 6 out of 114 for hessian
Estimating row 7 out of 114 for hessian
Estimating row 8 out of 114 for hessian
Estimating row 9 out of 114 for hessian
Estimating row 10 out of 114 for hessian
Estimating row 11 out of 114 for hessian
Estimating row 12 out of 114 for hessian
Estimating row 13 out of 114 for hessian
Estimating row 14 out of 114 for hessian
Estimating row 15 out of 114 for hessian
Estimating row 16 out of 114 for hessian
Estimating row 17 out of 114 for hessian
Estimating row 18 out of 114 for hessian
Estimating row 19 out of 114 for hessian
Estimating row 20 out of 114 for hessian
Estimating row 21 out of 114 for hessian
Estimating row 22 out of 114 for hessian
Estimating row 23 out of 114 for hessian
Estimating row 24 out of 114 for hessian
Estimating row 25 out of 114 for hessian
Estimating row 26 out of 114 for hessian
Estimating row 27 out of 114 for hessian
Estimating row 28 out of 114 for hessian
Estimating row 29 out of 114 for hessian
Estimating row 30 out of 114 for hessian
Estimating row 31 out of 114 for hessian
Estimating row 32 out of 114 for hessian
Estimating row 33 out of 114 for hessian
Estimating row 34 out of 114 for hessian
Estimating row 35 out of 114 for hessian
Estimating row 36 out of 114 for hessian
Estimating row 37 out of 114 for hessian
Estimating row 38 out of 114 for hessian
Estimating row 39 out of 114 for hessian
Estimating row 40 out of 114 for hessian
Estimating row 41 out of 114 for hessian
Estimating row 42 out of 114 for hessian
Estimating row 43 out of 114 for hessian
Estimating row 44 out of 114 for hessian
Estimating row 45 out of 114 for hessian
Estimating row 46 out of 114 for hessian
Estimating row 47 out of 114 for hessian
Estimating row 48 out of 114 for hessian
Estimating row 49 out of 114 for hessian
Estimating row 50 out of 114 for hessian
Estimating row 51 out of 114 for hessian
Estimating row 52 out of 114 for hessian
Estimating row 53 out of 114 for hessian
Estimating row 54 out of 114 for hessian
Estimating row 55 out of 114 for hessian
Estimating row 56 out of 114 for hessian
Estimating row 57 out of 114 for hessian
Estimating row 58 out of 114 for hessian
Estimating row 59 out of 114 for hessian
Estimating row 60 out of 114 for hessian
Estimating row 61 out of 114 for hessian
Estimating row 62 out of 114 for hessian
Estimating row 63 out of 114 for hessian
Estimating row 64 out of 114 for hessian
Estimating row 65 out of 114 for hessian
Estimating row 66 out of 114 for hessian
Estimating row 67 out of 114 for hessian
Estimating row 68 out of 114 for hessian
Estimating row 69 out of 114 for hessian
Estimating row 70 out of 114 for hessian
Estimating row 71 out of 114 for hessian
Estimating row 72 out of 114 for hessian
Estimating row 73 out of 114 for hessian
Estimating row 74 out of 114 for hessian
Estimating row 75 out of 114 for hessian
Estimating row 76 out of 114 for hessian
Estimating row 77 out of 114 for hessian
Estimating row 78 out of 114 for hessian
Estimating row 79 out of 114 for hessian
Estimating row 80 out of 114 for hessian
Estimating row 81 out of 114 for hessian
Estimating row 82 out of 114 for hessian
Estimating row 83 out of 114 for hessian
Estimating row 84 out of 114 for hessian
Estimating row 85 out of 114 for hessian
Estimating row 86 out of 114 for hessian
Estimating row 87 out of 114 for hessian
Estimating row 88 out of 114 for hessian
Estimating row 89 out of 114 for hessian
Estimating row 90 out of 114 for hessian
Estimating row 91 out of 114 for hessian
Estimating row 92 out of 114 for hessian
Estimating row 93 out of 114 for hessian
Estimating row 94 out of 114 for hessian
Estimating row 95 out of 114 for hessian
Estimating row 96 out of 114 for hessian
Estimating row 97 out of 114 for hessian
Estimating row 98 out of 114 for hessian
Estimating row 99 out of 114 for hessian
Estimating row 100 out of 114 for hessian
Estimating row 101 out of 114 for hessian
Estimating row 102 out of 114 for hessian
Estimating row 103 out of 114 for hessian
Estimating row 104 out of 114 for hessian
Estimating row 105 out of 114 for hessian
Estimating row 106 out of 114 for hessian
Estimating row 107 out of 114 for hessian
Estimating row 108 out of 114 for hessian
Estimating row 109 out of 114 for hessian
Estimating row 110 out of 114 for hessian
Estimating row 111 out of 114 for hessian
Estimating row 112 out of 114 for hessian
Estimating row 113 out of 114 for hessian
Estimating row 114 out of 114 for hessian
size of file gradfil1.tmp = 0
size of file gradfil2.tmp = 0
size of file varssave.tmp = 0
size of file cmpdiff.tmp = 800000032
