
Initial statistics: 2 variables; iteration 0; function evaluation 0; phase 1
Function value 1.6030430e+03; maximum gradient component mag 3.1332e+01
Var    Value     Gradient |Var    Value     Gradient |Var    Value     Gradient
  1  0.12819  3.13316e+01 |  2 -0.33333  7.62089e-01 |

 - final statistics:
2 variables; iteration 4; function evaluation 22
Function value 1.5960e+03; maximum gradient component mag 5.4048e+00
Exit code = 1;  converg criter 1.0000e+01
Var    Value     Gradient |Var    Value     Gradient |Var    Value     Gradient
  1 -0.08921  5.40478e+00 |  2 -0.35887  3.83717e+00 |

Initial statistics: 9 variables; iteration 0; function evaluation 0; phase 2
Function value 1.5960196e+03; maximum gradient component mag -4.9114e+02
Var    Value     Gradient |Var    Value     Gradient |Var    Value     Gradient
  1 -0.25350 -7.39570e+01 |  2 -0.26198 -4.77280e+02 |  3 -0.05228 -3.40484e+01
  4  0.14905 -1.19743e+02 |  5  0.00000 -4.91144e+02 |  6  0.25754 -1.04324e+02
  7 -0.06236 -1.11056e+02 |  8 -0.08921  5.40478e+00 |  9 -0.35887  3.83717e+00

 - final statistics:
9 variables; iteration 16; function evaluation 24
Function value 1.5377e+03; maximum gradient component mag 7.0854e+00
Exit code = 1;  converg criter 1.0000e+01
Var    Value     Gradient |Var    Value     Gradient |Var    Value     Gradient
  1 -0.14980  4.05412e+00 |  2 -0.23580  4.07160e+00 |  3 -0.24926  5.77261e+00
  4  0.41047  6.54926e+00 |  5  0.14769  3.33164e+00 |  6  0.37896  7.08537e+00
  7 -0.34351  4.71360e+00 |  8  0.57694 -2.79097e+00 |  9 -0.32465 -1.45157e-01

Initial statistics: 43 variables; iteration 0; function evaluation 0; phase 3
Function value 1.5377305e+03; maximum gradient component mag -9.2074e+02
Var    Value     Gradient |Var    Value     Gradient |Var    Value     Gradient
  1 -0.14980  4.05412e+00 |  2 -0.23580  4.07160e+00 |  3 -0.24926  5.77261e+00
  4  0.41047  6.54926e+00 |  5  0.10094  1.48462e+02 |  6  0.31415  1.51422e+02
  7  0.00000 -4.21624e+02 |  8  0.14769  3.33164e+00 |  9  0.37896  7.08537e+00
 10 -0.34351  4.71360e+00 | 11  0.00000  1.55967e+02 | 12  0.00000  9.48622e+01
 13  0.57694 -2.79097e+00 | 14 -0.32465 -1.45157e-01 | 15 -0.11760 -4.15531e+02
 16 -0.21635  1.27546e+02 | 17 -0.11760 -1.78602e+01 | 18 -0.21635  2.17934e+00
 19  0.16024  3.67034e-04 | 20  0.62714  3.01725e-03 | 21 -0.11760 -9.20743e+02
 22 -0.21635  2.90511e+02 | 23 -0.11760 -4.00104e+01 | 24 -0.21635  1.16846e+01
 25 -0.11760 -3.18407e+02 | 26 -0.21635  9.34996e+01 | 27 -0.11760 -8.84750e+00
 28 -0.21635 -1.05414e+01 | 29  0.16024  1.87511e-05 | 30  0.62714  4.01949e-03
 31 -0.11760  1.92211e+02 | 32 -0.21635 -1.06873e+02 | 33  0.53959  3.62580e-03
 34  0.62714  5.72781e-03 | 35  0.00000  5.43435e+02 | 36 -0.21635 -3.33931e+02
 37  0.16024  6.66601e+01 | 38 -0.11760  6.44239e+02 | 39 -0.21635 -4.84315e+02
 40  0.16024  1.85902e-03 | 41  0.62714  8.93560e-03 | 42 -0.11760  5.65675e+02
 43 -0.21635 -4.36130e+02 |

Intermediate statistics: 43 variables; iteration 20; function evaluation 28; phase 3
Function value 1.0831574e+03; maximum gradient component mag -7.7366e+02
Var    Value     Gradient |Var    Value     Gradient |Var    Value     Gradient
  1  0.14461  3.69841e+02 |  2 -0.17733 -6.14645e+01 |  3  0.01467 -1.43390e+02
  4 -0.00970 -1.22493e+02 |  5  0.22625 -4.96529e-01 |  6 -0.97326 -2.31480e+00
  7  0.11844  1.07685e+02 |  8  0.08776 -8.34782e+01 |  9  0.27930 -2.25331e+02
 10 -0.16427 -1.73327e+02 | 11 -0.00590 -1.82265e+01 | 12 -0.39261 -3.15007e+00
 13  0.64295 -1.54419e+01 | 14 -0.32472  6.33011e-01 | 15  0.09661 -1.99638e+02
 16 -0.05307  1.27599e+02 | 17  0.12034 -1.77307e+01 | 18  0.00039  6.44029e+00
 19  0.16022  6.35243e-04 | 20  0.62697  4.18362e-03 | 21 -0.03778 -7.73665e+02
 22 -0.20361  2.69001e+02 | 23  0.07822 -1.37653e+01 | 24 -0.12693  2.65161e+00
 25  0.28441 -9.77959e+01 | 26  0.01307  1.04857e+02 | 27  0.00644 -4.20502e+01
 28 -0.07047  1.09614e+01 | 29  0.16022  2.37615e-04 | 30  0.62694  3.46364e-03
 31 -0.09588 -1.25474e+01 | 32 -0.09086  1.18223e-01 | 33  0.53943  3.53124e-03
 34  0.62692  4.50080e-03 | 35  0.05339  2.01127e+01 | 36 -0.01710 -2.53240e+01
 37 -0.23276 -1.97715e+00 | 38  0.38040 -9.34081e+00 | 39  0.42498  2.81025e+01
 40  0.16019  8.07940e-04 | 41  0.62684  4.73244e-03 | 42 -0.19089 -1.02032e+01
 43  0.52706  1.85397e+00 |
43 variables; iteration 40; function evaluation 56; phase 3
Function value 1.0143890e+03; maximum gradient component mag 3.1489e+02
Var    Value     Gradient |Var    Value     Gradient |Var    Value     Gradient
  1 -0.17294  3.14892e+02 |  2 -0.10301  9.10836e+01 |  3 -0.08955 -1.69271e+02
  4  0.07674 -1.72387e+01 |  5  0.02759 -4.15130e+01 |  6 -0.44806  2.49490e+01
  7  0.21595  9.87635e+00 |  8  0.04795  1.29506e+02 |  9  0.26148 -1.58901e+02
 10 -0.06718  5.54415e+01 | 11  0.04642 -1.88736e+01 | 12 -0.66886 -4.25361e+00
 13 -0.04026 -9.70047e+01 | 14 -0.35790  1.46524e+01 | 15  0.13373 -1.10924e+02
 16 -0.03171  4.90117e+01 | 17  0.22696 -2.20739e+01 | 18  0.14251  2.88630e+01
 19  0.15801  7.26790e-04 | 20  0.61374  4.25662e-03 | 21 -0.01109 -2.52054e+02
 22 -0.17498  7.25707e+01 | 23 -0.02020 -2.71203e+01 | 24 -0.18290  8.30282e+00
 25  0.34057 -9.00796e+01 | 26  0.05521  1.43495e+02 | 27  0.00513 -8.12928e+01
 28 -0.02408  5.13986e+01 | 29  0.15830 -4.25671e-05 | 30  0.61298  2.50148e-03
 31 -0.10370 -3.72582e+01 | 32 -0.01310  2.85592e+01 | 33  0.52915  3.40844e-03
 34  0.61272  4.21339e-03 | 35  0.01102 -2.00020e+01 | 36 -0.04348 -4.40682e+01
 37 -0.23710 -2.78521e+01 | 38  0.01800  1.73788e+01 | 39  0.19832 -1.83048e+01
 40  0.15674  1.34476e-03 | 41  0.60849  6.35513e-03 | 42  0.47318  2.51783e+00
 43  1.09667  6.89083e-01 |
43 variables; iteration 60; function evaluation 88; phase 3
Function value 9.5227223e+02; maximum gradient component mag -5.9745e+01
Var    Value     Gradient |Var    Value     Gradient |Var    Value     Gradient
  1 -0.20326  2.59973e+01 |  2 -0.09699  8.35733e+00 |  3  0.00092 -4.40897e+00
  4 -0.03826  3.83280e+00 |  5  0.14081 -1.03114e+01 |  6 -0.68952 -5.26518e+00
  7  0.15461 -1.47117e+01 |  8  0.02505  2.69268e+01 |  9  0.20518  1.14884e+01
 10  0.03084  2.33618e+01 | 11 -0.09915 -6.48096e+00 | 12  0.39012 -1.34643e+00
 13 -0.10890  2.32677e+00 | 14 -0.49815 -3.85747e+00 | 15  0.39656 -1.20899e+01
 16  0.10546  1.38690e+01 | 17  0.57822 -2.83378e+00 | 18  0.21703  9.80449e+00
 19  0.12762  6.34881e-04 | 20  0.45624  2.65720e-03 | 21  0.16581 -5.97445e+01
 22  0.01520  4.19952e+01 | 23  0.66390 -5.50856e-01 | 24  0.25541  8.16262e+00
 25  0.42634  5.83522e+00 | 26  0.04223 -4.42633e+00 | 27  0.23318 -1.16664e+01
 28  0.12401  1.54440e+01 | 29  0.13331  8.28339e-04 | 30  0.46115  3.01825e-03
 31 -0.02006 -9.34336e-02 | 32  0.02809 -7.31937e-01 | 33  0.40726  2.13610e-03
 34  0.47895  1.48404e-03 | 35  0.02475 -2.76458e+00 | 36  0.03204  5.71007e+00
 37 -0.16800 -3.40256e-01 | 38  0.08500 -9.81450e+00 | 39  0.37777  1.21205e+01
 40  0.14773  2.93058e+00 | 41 -0.10237  2.35845e+00 | 42 -0.58210 -9.77765e+00
 43 -0.57346  2.14208e+00 |
Maximum number of function evaluations exceeded

 - final statistics:
43 variables; iteration 73; function evaluation 100
Function value 9.4787e+02; maximum gradient component mag 1.3035e+01
Exit code = 3;  converg criter 1.0000e+00
Var    Value     Gradient |Var    Value     Gradient |Var    Value     Gradient
  1 -0.16215  1.30347e+01 |  2 -0.06496  2.81435e+00 |  3  0.01741 -5.61445e+00
  4 -0.08959 -1.82043e-02 |  5  0.14601 -3.00910e+00 |  6 -0.67116 -1.33305e+00
  7  0.11810  6.00328e-01 |  8 -0.03594  4.72111e+00 |  9  0.18317  8.04358e+00
 10  0.09881  6.01241e+00 | 11 -0.13628 -1.01064e+00 | 12  0.42360 -3.89405e-01
 13 -0.07713 -9.77808e+00 | 14 -0.48286 -8.29322e-02 | 15  0.50560 -4.86897e+00
 16  0.12924  6.60779e+00 | 17  0.59904 -9.92496e-01 | 18  0.19497  1.82969e-01
 19  0.09287  4.36071e-04 | 20  0.31270  1.03750e-03 | 21  0.25466  6.71534e-01
 22  0.06434 -1.45405e+00 | 23  0.62944  1.24388e+00 | 24  0.21747 -2.06248e-01
 25  0.49454  2.52484e+00 | 26  0.05664 -4.06707e-02 | 27  0.33344  3.95065e-01
 28  0.15703  4.48665e-01 | 29  0.10040  1.51646e-04 | 30  0.35299 -9.08083e-04
 31  0.12157 -3.27699e-01 | 32  0.13358 -1.04281e+00 | 33  0.28611  1.22973e-03
 34  0.39297  2.85371e-04 | 35  0.02493 -3.52073e+00 | 36  0.02404 -9.54162e-02
 37 -0.16472 -2.22049e+00 | 38  0.22414  1.05143e+00 | 39  0.34247 -1.05136e+00
 40 -0.30911  6.41420e-02 | 41 -0.07039  2.85336e-01 | 42 -0.57709  4.76366e-02
 43 -0.71247 -1.16979e-02 |

Initial statistics: 43 variables; iteration 0; function evaluation 0; phase 4
Function value 9.4787082e+02; maximum gradient component mag 1.3035e+01
Var    Value     Gradient |Var    Value     Gradient |Var    Value     Gradient
  1 -0.16215  1.30347e+01 |  2 -0.06496  2.81435e+00 |  3  0.01741 -5.61445e+00
  4 -0.08959 -1.82043e-02 |  5  0.14601 -3.00910e+00 |  6 -0.67116 -1.33305e+00
  7  0.11810  6.00328e-01 |  8 -0.03594  4.72111e+00 |  9  0.18317  8.04358e+00
 10  0.09881  6.01241e+00 | 11 -0.13628 -1.01064e+00 | 12  0.42360 -3.89405e-01
 13 -0.07713 -9.77808e+00 | 14 -0.48286 -8.29322e-02 | 15  0.50560 -4.86897e+00
 16  0.12924  6.60779e+00 | 17  0.59904 -9.92496e-01 | 18  0.19497  1.82969e-01
 19  0.09287  4.36071e-04 | 20  0.31270  1.03750e-03 | 21  0.25466  6.71534e-01
 22  0.06434 -1.45405e+00 | 23  0.62944  1.24388e+00 | 24  0.21747 -2.06248e-01
 25  0.49454  2.52484e+00 | 26  0.05664 -4.06707e-02 | 27  0.33344  3.95065e-01
 28  0.15703  4.48665e-01 | 29  0.10040  1.51646e-04 | 30  0.35299 -9.08083e-04
 31  0.12157 -3.27699e-01 | 32  0.13358 -1.04281e+00 | 33  0.28611  1.22973e-03
 34  0.39297  2.85371e-04 | 35  0.02493 -3.52073e+00 | 36  0.02404 -9.54162e-02
 37 -0.16472 -2.22049e+00 | 38  0.22414  1.05143e+00 | 39  0.34247 -1.05136e+00
 40 -0.30911  6.41420e-02 | 41 -0.07039  2.85336e-01 | 42 -0.57709  4.76366e-02
 43 -0.71247 -1.16979e-02 |

Intermediate statistics: 43 variables; iteration 20; function evaluation 26; phase 4
Function value 9.4734240e+02; maximum gradient component mag 4.2044e+01
Var    Value     Gradient |Var    Value     Gradient |Var    Value     Gradient
  1 -0.16348  4.20436e+01 |  2 -0.06480  1.80651e+00 |  3  0.01676 -2.11603e+01
  4 -0.08875 -1.36332e+01 |  5  0.15124 -5.27858e+00 |  6 -0.68027 -3.46501e+00
  7  0.11796  2.12542e+00 |  8 -0.03401  2.23972e+00 |  9  0.18501 -6.56557e+00
 10  0.09298 -9.37656e+00 | 11 -0.13834 -2.76293e+00 | 12  0.43185 -5.60899e-01
 13 -0.07841 -3.99629e+01 | 14 -0.48024  9.92269e-01 | 15  0.52953 -2.76127e+00
 16  0.13636  5.93747e+00 | 17  0.80532 -8.43547e-01 | 18  0.23382  6.66790e+00
 19  0.09275  4.60970e-04 | 20  0.31236  1.65337e-03 | 21  0.25002  7.60163e+00
 22  0.06088 -1.42991e+01 | 23  0.29961 -4.72849e+00 | 24  0.10978  1.22305e+01
 25  0.45864 -1.61040e+00 | 26  0.04287  2.29443e+00 | 27  0.30893 -4.86126e-01
 28  0.14527 -2.41487e+00 | 29  0.10034  2.14422e-04 | 30  0.35317 -8.44500e-04
 31  0.22593 -2.54275e+00 | 32  0.20741  8.39088e+00 | 33  0.28576  1.47647e-03
 34  0.39275  1.84958e-03 | 35  0.01563 -8.37954e-01 | 36  0.02252  4.53675e+00
 37 -0.12618  3.13986e+00 | 38  0.21399 -4.01161e+00 | 39  0.33282 -1.41840e+00
 40 -0.30186 -9.80471e-01 | 41 -0.07277 -1.67042e+00 | 42 -0.57687 -7.04509e-02
 43 -0.71090 -6.58928e-04 |
43 variables; iteration 40; function evaluation 47; phase 4
Function value 9.4662527e+02; maximum gradient component mag -2.4869e+00
Var    Value     Gradient |Var    Value     Gradient |Var    Value     Gradient
  1 -0.16646 -1.67251e+00 |  2 -0.06479  2.41155e-02 |  3  0.02470  1.03805e+00
  4 -0.09521  4.19302e-01 |  5  0.14649 -1.29394e-01 |  6 -0.67253  1.86920e-01
  7  0.12035 -1.57531e-01 |  8 -0.03662 -2.57195e-01 |  9  0.17901  2.23606e-01
 10  0.10351  3.75081e-01 | 11 -0.13644  1.20413e-01 | 12  0.43022 -4.49924e-02
 13 -0.08031  1.95773e+00 | 14 -0.48531 -3.36059e-01 | 15  0.53466  6.88712e-01
 16  0.13778 -2.48687e+00 | 17  0.92227 -3.36713e-02 | 18  0.23558  5.70673e-02
 19  0.08992  4.46762e-04 | 20  0.30353  1.59578e-03 | 21  0.25074 -4.59720e-01
 22  0.06252  1.09126e+00 | 23  0.18846 -1.15439e-01 | 24 -0.00108  3.58397e-01
 25  0.45235 -3.86556e-01 | 26  0.04089  2.79417e-01 | 27  0.31848 -6.23611e-03
 28  0.15095 -1.62291e-01 | 29  0.09882  2.78470e-04 | 30  0.35666 -3.06760e-04
 31  0.14983  2.56519e-02 | 32  0.15358 -2.51179e-02 | 33  0.27732  1.31384e-03
 34  0.38623  1.09256e-03 | 35  0.02488  1.16392e-01 | 36  0.02505 -3.98307e-03
 37 -0.15724 -2.74778e-01 | 38  0.22707 -2.63906e-01 | 39  0.34909  1.36103e-01
 40 -0.33402 -1.06929e-01 | 41 -0.06859  6.08637e-01 | 42 -0.57775 -5.11021e-01
 43 -0.70387  5.84778e-02 |
43 variables; iteration 60; function evaluation 67; phase 4
Function value 9.4661721e+02; maximum gradient component mag 3.1604e-02
Var    Value     Gradient |Var    Value     Gradient |Var    Value     Gradient
  1 -0.16703  2.45553e-02 |  2 -0.06535 -5.33782e-03 |  3  0.02378 -9.31548e-03
  4 -0.09389 -4.91134e-03 |  5  0.14769  1.51794e-03 |  6 -0.67455 -3.04315e-03
  7  0.12089  7.44603e-04 |  8 -0.03614  4.52836e-03 |  9  0.17958 -1.05450e-02
 10  0.10236 -4.66950e-03 | 11 -0.13697 -1.49842e-03 | 12  0.43294  2.84548e-04
 13 -0.08081 -2.98337e-02 | 14 -0.48442  2.82322e-03 | 15  0.53435 -8.61765e-03
 16  0.13809  3.16040e-02 | 17  0.94740  2.93868e-04 | 18  0.23647  2.76551e-03
 19  0.03020  1.49132e-04 | 20  0.10797 -2.29911e-04 | 21  0.24985  4.30806e-03
 22  0.06203 -9.65661e-03 | 23  0.18430 -5.51105e-03 | 24 -0.00560  1.18860e-02
 25  0.45432 -1.45103e-04 | 26  0.04184  3.55918e-03 | 27  0.31862  3.83319e-03
 28  0.15123 -1.98857e-03 | 29  0.05979  1.07575e-04 | 30  0.36962  1.02878e-04
 31  0.14825 -1.32988e-04 | 32  0.15276 -2.80696e-05 | 33  0.13193  1.38798e-04
 34  0.36827 -2.40595e-04 | 35  0.02302 -3.19933e-03 | 36  0.02341 -3.45351e-03
 37 -0.15276  6.37348e-04 | 38  0.22170  2.32749e-02 | 39  0.34542 -4.52977e-03
 40 -0.29346  4.10471e-03 | 41 -0.07611  6.73650e-03 | 42 -0.57680  6.08050e-03
 43 -0.70722 -7.93869e-04 |
43 variables; iteration 80; function evaluation 87; phase 4
Function value 9.4661720e+02; maximum gradient component mag -7.7609e-04
Var    Value     Gradient |Var    Value     Gradient |Var    Value     Gradient
  1 -0.16704 -5.47846e-04 |  2 -0.06534  1.35254e-04 |  3  0.02378  2.00331e-04
  4 -0.09389  1.11360e-04 |  5  0.14767 -3.83999e-05 |  6 -0.67452  6.61949e-05
  7  0.12090 -1.42944e-05 |  8 -0.03614 -1.17392e-04 |  9  0.17958  2.45369e-04
 10  0.10237  1.09594e-04 | 11 -0.13696  2.78129e-05 | 12  0.43289 -1.09448e-05
 13 -0.08082  6.81547e-04 | 14 -0.48443 -6.64685e-05 | 15  0.53433  2.14262e-04
 16  0.13808 -7.76092e-04 | 17  0.94714 -1.22002e-05 | 18  0.23647 -2.83023e-05
 19  0.00364  1.79605e-05 | 20  0.12346  8.68329e-06 | 21  0.24985 -1.22437e-04
 22  0.06203  2.66750e-04 | 23  0.18419  1.47806e-04 | 24 -0.00573 -3.22451e-04
 25  0.45430  9.70544e-06 | 26  0.04183 -1.05894e-04 | 27  0.31857 -1.03436e-04
 28  0.15121  6.54592e-05 | 29  0.04166  1.68405e-05 | 30  0.36815 -1.03489e-05
 31  0.14824  2.13171e-06 | 32  0.15275 -5.96882e-07 | 33  0.09893 -2.34937e-05
 34  0.37980 -1.04858e-06 | 35  0.02304  8.16934e-05 | 36  0.02343  9.13961e-05
 37 -0.15281 -1.00699e-05 | 38  0.22166 -5.74914e-04 | 39  0.34541  1.11023e-04
 40 -0.29341 -1.01251e-04 | 41 -0.07612 -1.71915e-04 | 42 -0.57680 -1.49535e-04
 43 -0.70705  1.98622e-05 |
Warning: the following parameters had issues
  selparm[7] is within 1% of upper bound: 1.00000e+01 < 5.89156e+01 < 5.90000e+01


 - final statistics:
43 variables; iteration 86; function evaluation 93
Function value 9.4662e+02; maximum gradient component mag -8.6803e-05
Exit code = 1;  converg criter 1.0000e-04
Var    Value     Gradient |Var    Value     Gradient |Var    Value     Gradient
  1 -0.16704 -6.15925e-05 |  2 -0.06534  1.51368e-05 |  3  0.02378  2.25166e-05
  4 -0.09389  1.25802e-05 |  5  0.14767 -4.26840e-06 |  6 -0.67452  7.38263e-06
  7  0.12090 -1.57143e-06 |  8 -0.03614 -1.31693e-05 |  9  0.17958  2.75380e-05
 10  0.10237  1.23397e-05 | 11 -0.13696  3.12839e-06 | 12  0.43289 -1.24279e-06
 13 -0.08082  7.64728e-05 | 14 -0.48443 -7.41362e-06 | 15  0.53433  2.39565e-05
 16  0.13808 -8.68029e-05 | 17  0.94715 -1.33722e-06 | 18  0.23647 -3.28310e-06
 19 -0.00050 -2.47294e-06 | 20  0.12287  5.20250e-08 | 21  0.24985 -1.37424e-05
 22  0.06203  3.00453e-05 | 23  0.18419  1.65922e-05 | 24 -0.00573 -3.62227e-05
 25  0.45430  1.15890e-06 | 26  0.04183 -1.20344e-05 | 27  0.31858 -1.17075e-05
 28  0.15121  7.35958e-06 | 29  0.03781  8.42659e-07 | 30  0.36860 -3.05028e-06
 31  0.14824  2.96920e-07 | 32  0.15275 -1.39235e-07 | 33  0.10297  6.96663e-07
 34  0.37904 -1.10228e-06 | 35  0.02304  9.19954e-06 | 36  0.02343  1.02732e-05
 37 -0.15281 -1.09288e-06 | 38  0.22166 -6.43727e-05 | 39  0.34541  1.24265e-05
 40 -0.29341 -1.13389e-05 | 41 -0.07612 -1.92793e-05 | 42 -0.57680 -1.67760e-05
 43 -0.70706  2.22903e-06 |
size of file gradfil1.tmp = 0
size of file gradfil2.tmp = 0
size of file varssave.tmp = 0
size of file cmpdiff.tmp = 0
