
Initial statistics: 2 variables; iteration 0; function evaluation 0; phase 1
Function value 1.6068838e+03; maximum gradient component mag 3.1205e+01
Var    Value     Gradient |Var    Value     Gradient |Var    Value     Gradient
  1  0.12819  3.12046e+01 |  2 -0.33333  7.62089e-01 |

 - final statistics:
2 variables; iteration 3; function evaluation 21
Function value 1.6001e+03; maximum gradient component mag 8.1586e+00
Exit code = 1;  converg criter 1.0000e+01
Var    Value     Gradient |Var    Value     Gradient |Var    Value     Gradient
  1 -0.08204  8.15855e+00 |  2 -0.34151  7.64414e+00 |

Initial statistics: 9 variables; iteration 0; function evaluation 0; phase 2
Function value 1.6001313e+03; maximum gradient component mag -4.9074e+02
Var    Value     Gradient |Var    Value     Gradient |Var    Value     Gradient
  1 -0.25350 -8.62456e+01 |  2 -0.26198 -4.77396e+02 |  3 -0.05228 -2.92086e+01
  4  0.14905 -1.19088e+02 |  5  0.00000 -4.90741e+02 |  6  0.25754 -9.92297e+01
  7 -0.06236 -1.09334e+02 |  8 -0.08204  8.15855e+00 |  9 -0.34151  7.64414e+00

 - final statistics:
9 variables; iteration 17; function evaluation 25
Function value 1.5412e+03; maximum gradient component mag -7.5440e+00
Exit code = 1;  converg criter 1.0000e+01
Var    Value     Gradient |Var    Value     Gradient |Var    Value     Gradient
  1 -0.14783  7.32851e+00 |  2 -0.23627 -2.09488e+00 |  3 -0.24749 -1.86781e+00
  4  0.40332  6.52929e-01 |  5  0.14793 -2.93112e+00 |  6  0.37360 -7.54398e+00
  7 -0.33934 -3.23650e+00 |  8  0.66068 -2.04233e+00 |  9 -0.32221  3.30806e-01

Initial statistics: 42 variables; iteration 0; function evaluation 0; phase 3
Function value 1.5412475e+03; maximum gradient component mag -9.2820e+02
Var    Value     Gradient |Var    Value     Gradient |Var    Value     Gradient
  1 -0.14783  7.32851e+00 |  2 -0.23627 -2.09488e+00 |  3 -0.24749 -1.86781e+00
  4  0.40332  6.52929e-01 |  5  0.10094  1.47122e+02 |  6  0.31415  1.51721e+02
  7  0.00000 -4.27057e+02 |  8  0.14793 -2.93112e+00 |  9  0.37360 -7.54398e+00
 10 -0.33934 -3.23650e+00 | 11  0.00000  1.50890e+02 | 12  0.00000  9.16500e+01
 13  0.66068 -2.04233e+00 | 14 -0.32221  3.30806e-01 | 15 -0.11760 -4.57616e+02
 16 -0.21635  1.37649e+02 | 17 -0.11760 -9.28196e+02 | 18 -0.21635  2.92780e+02
 19 -0.11760 -4.03000e+01 | 20 -0.21635  1.17744e+01 | 21 -0.11760 -3.20649e+02
 22 -0.21635  9.41729e+01 | 23 -0.11760 -1.04565e+01 | 24 -0.21635 -1.00393e+01
 25  0.16024  1.85929e-06 | 26  0.62714  3.97702e-03 | 27 -0.11760  1.91489e+02
 28 -0.21635 -1.06666e+02 | 29  0.16024  1.13885e-03 | 30  0.62714  6.52640e-03
 31  0.00000  5.41640e+02 | 32 -0.40967  2.09999e+00 | 33 -0.21635 -3.33490e+02
 34  0.16024  6.61087e+01 | 35 -0.11760  6.41926e+02 | 36 -0.21635 -4.83399e+02
 37  0.16024  1.83978e-03 | 38  0.62714  8.87533e-03 | 39 -0.11760  5.63935e+02
 40 -0.21635 -4.35077e+02 | 41  0.16024  1.74953e-03 | 42  0.62714  8.07092e-03

Intermediate statistics: 42 variables; iteration 20; function evaluation 27; phase 3
Function value 1.0874369e+03; maximum gradient component mag -8.3788e+02
Var    Value     Gradient |Var    Value     Gradient |Var    Value     Gradient
  1  0.06537  3.19911e+02 |  2 -0.20670 -9.41545e+01 |  3  0.01056 -4.40909e+01
  4  0.03750 -9.14964e+01 |  5  0.14718  4.34363e+00 |  6 -0.75353 -1.06299e+01
  7  0.15277  1.25576e+02 |  8  0.09484 -1.25559e+02 |  9  0.28956 -1.85029e+02
 10 -0.18618 -1.83141e+02 | 11  0.02258 -1.64816e+01 | 12 -0.40913 -5.29434e+00
 13  0.66655 -5.86190e+00 | 14 -0.32485  3.44410e-01 | 15  0.08397 -1.80854e+02
 16 -0.04859  1.16422e+02 | 17 -0.07515 -8.37882e+02 | 18 -0.25763  2.29336e+02
 19  0.10666  5.45554e+00 | 20 -0.11003 -8.71897e+00 | 21  0.30539 -1.04047e+02
 22  0.06252  1.59565e+02 | 23  0.02021  5.69214e+01 | 24 -0.06731 -5.34040e+01
 25  0.16022  7.76949e-04 | 26  0.62690  5.00063e-03 | 27 -0.12729 -3.56383e+01
 28 -0.08791  1.88608e+01 | 29  0.16021  5.13424e-04 | 30  0.62688  4.17103e-03
 31  0.06141  2.29653e+00 | 32 -0.43066 -9.51898e-01 | 33 -0.03301 -6.74962e+01
 34 -0.36365 -2.13897e+01 | 35  0.52268 -3.87933e+00 | 36  0.66211  9.08845e+00
 37  0.16018  8.07644e-04 | 38  0.62680  4.73055e-03 | 39 -0.12175 -5.00452e+00
 40  0.63468  8.58777e-01 | 41  0.16021  8.72687e-04 | 42  0.62687  5.12156e-03
42 variables; iteration 40; function evaluation 54; phase 3
Function value 1.0023507e+03; maximum gradient component mag 3.4248e+02
Var    Value     Gradient |Var    Value     Gradient |Var    Value     Gradient
  1 -0.17656  3.42476e+02 |  2 -0.10964  6.74501e+00 |  3 -0.05566 -2.44820e+02
  4  0.01530 -1.27827e+02 |  5  0.07695 -6.93250e+01 |  6 -0.64131 -2.79669e+01
  7  0.16936 -5.66401e+01 |  8  0.05428  5.20436e+01 |  9  0.26083 -7.84260e+01
 10 -0.07390 -2.18516e+01 | 11  0.01788 -2.90218e+01 | 12 -0.47427 -5.46665e+00
 13 -0.06469 -1.87899e+02 | 14 -0.43888 -6.89980e-01 | 15  0.15504 -2.34076e+02
 16  0.00431  1.67008e+02 | 17  0.03008 -7.39799e+01 | 18 -0.12713 -3.41936e+00
 19  0.01341 -1.77192e+01 | 20 -0.16628  4.59993e+00 | 21  0.30083 -8.57372e+01
 22 -0.00014  7.51627e+01 | 23  0.03554 -6.88991e+01 | 24 -0.00390  4.35061e+01
 25  0.15757  2.27626e-05 | 26  0.60412  2.42250e-03 | 27 -0.07583 -1.13588e+00
 28 -0.03534 -5.75312e-01 | 29  0.15692  5.20841e-04 | 30  0.60336  3.69764e-03
 31  0.04417 -1.56853e+01 | 32 -1.52987 -7.48344e-03 | 33  0.06922  2.63449e+01
 34 -0.22774 -3.60553e+00 | 35  0.90735  4.11394e-01 | 36  1.16905  5.27308e-01
 37  0.15527  7.81864e-04 | 38  0.59961  4.31839e-03 | 39  0.07165  1.43344e+00
 40  0.96832  4.69254e-02 | 41  0.15575  8.00106e-04 | 42  0.60103  4.35577e-03
42 variables; iteration 60; function evaluation 80; phase 3
Function value 9.5411346e+02; maximum gradient component mag 6.3330e+01
Var    Value     Gradient |Var    Value     Gradient |Var    Value     Gradient
  1 -0.11463  3.39648e+01 |  2 -0.05361 -7.90585e+00 |  3  0.04249 -8.57439e+00
  4 -0.12975 -1.04561e+01 |  5  0.16286 -1.95684e+00 |  6 -0.76711 -4.43873e+00
  7  0.07565 -3.62604e+01 |  8 -0.04952 -2.20586e+01 |  9  0.16932  6.33302e+01
 10  0.12966  2.46910e+01 | 11 -0.13837  1.56012e+01 | 12  0.57624  3.17639e+00
 13 -0.04078 -1.12052e+01 | 14 -0.46227  9.90169e-01 | 15  0.56102 -8.71390e+00
 16  0.14177  1.99629e+01 | 17  0.26068 -2.48637e+01 | 18  0.06136  1.61258e+01
 19  0.27288 -1.26083e-01 | 20  0.06190  3.15946e+00 | 21  0.49107 -8.74102e+00
 22  0.05031  2.04141e+01 | 23  0.35518 -1.96488e+00 | 24  0.15679  1.78515e+00
 25  0.11814  3.43595e-04 | 26  0.38614  3.95486e-04 | 27  0.12082 -7.96476e+00
 28  0.13334  7.53359e+00 | 29  0.14259  1.95209e-04 | 30  0.45690  7.97811e-04
 31  0.04292  2.00461e+00 | 32 -1.43421  2.11998e-02 | 33  0.03212 -4.85447e+00
 34 -0.19961 -3.83145e+00 | 35  0.36854  1.57816e+00 | 36  0.46159  3.27944e+00
 37  0.10974  7.51487e-04 | 38  0.37307  3.20577e-03 | 39 -0.06878 -3.71573e-02
 40  0.48576  5.75165e-02 | 41  0.12394 -5.79280e-04 | 42  0.44339 -3.46987e-03
Maximum number of function evaluations exceeded

 - final statistics:
42 variables; iteration 75; function evaluation 100
Function value 9.4891e+02; maximum gradient component mag -3.8146e+01
Exit code = 3;  converg criter 1.0000e+00
Var    Value     Gradient |Var    Value     Gradient |Var    Value     Gradient
  1 -0.17449  2.74936e+01 |  2 -0.06914  4.93267e+00 |  3  0.02365 -1.18749e+00
  4 -0.08994 -7.14120e+00 |  5  0.14308 -3.93243e+00 |  6 -0.67070 -1.14777e+00
  7  0.13185  1.67303e+01 |  8 -0.03151  1.30562e+01 |  9  0.18240 -2.04962e+01
 10  0.09484 -9.92388e+00 | 11 -0.13640 -5.13408e+00 | 12  0.42186 -1.42342e+00
 13 -0.08611 -3.81456e+01 | 14 -0.48966 -6.55578e-01 | 15  0.54128 -4.29726e+00
 16  0.14619  1.33306e+01 | 17  0.25301  1.67341e+01 | 18  0.06450 -1.68250e+01
 19  0.17462  7.93928e-01 | 20 -0.01581 -1.16860e+00 | 21  0.47809 -3.64126e+00
 22  0.05513  1.57964e+01 | 23  0.32860  1.18759e+00 | 24  0.15791  9.97815e-01
 25  0.11131  4.04848e-04 | 26  0.38041  6.53979e-04 | 27  0.16350  2.99304e+00
 28  0.15988 -3.46217e+00 | 29  0.13482  6.03307e-04 | 30  0.42837  2.14687e-03
 31  0.02105 -6.08712e+00 | 32 -1.42058  1.21955e-02 | 33  0.02937  6.56838e+00
 34 -0.14245  6.44264e-01 | 35  0.18766 -1.33234e+00 | 36  0.33284  1.75332e+00
 37 -0.19064  6.79809e-01 | 38 -0.05310  4.59871e+00 | 39 -0.49312 -1.64984e+01
 40 -0.16862  1.00858e+01 | 41  0.12987  5.42384e-04 | 42  0.50230 -3.52779e-03

Initial statistics: 42 variables; iteration 0; function evaluation 0; phase 4
Function value 9.4890507e+02; maximum gradient component mag -3.8146e+01
Var    Value     Gradient |Var    Value     Gradient |Var    Value     Gradient
  1 -0.17449  2.74936e+01 |  2 -0.06914  4.93267e+00 |  3  0.02365 -1.18749e+00
  4 -0.08994 -7.14120e+00 |  5  0.14308 -3.93243e+00 |  6 -0.67070 -1.14777e+00
  7  0.13185  1.67303e+01 |  8 -0.03151  1.30562e+01 |  9  0.18240 -2.04962e+01
 10  0.09484 -9.92388e+00 | 11 -0.13640 -5.13408e+00 | 12  0.42186 -1.42342e+00
 13 -0.08611 -3.81456e+01 | 14 -0.48966 -6.55578e-01 | 15  0.54128 -4.29726e+00
 16  0.14619  1.33306e+01 | 17  0.25301  1.67341e+01 | 18  0.06450 -1.68250e+01
 19  0.17462  7.93928e-01 | 20 -0.01581 -1.16860e+00 | 21  0.47809 -3.64126e+00
 22  0.05513  1.57964e+01 | 23  0.32860  1.18759e+00 | 24  0.15791  9.97815e-01
 25  0.11131  4.04848e-04 | 26  0.38041  6.53979e-04 | 27  0.16350  2.99304e+00
 28  0.15988 -3.46217e+00 | 29  0.13482  6.03307e-04 | 30  0.42837  2.14687e-03
 31  0.02105 -6.08712e+00 | 32 -0.57942 -1.21955e-02 | 33  0.02937  6.56838e+00
 34 -0.14245  6.44264e-01 | 35  0.18766 -1.33234e+00 | 36  0.33284  1.75332e+00
 37 -0.19064  6.79809e-01 | 38 -0.05310  4.59871e+00 | 39 -0.49312 -1.64984e+01
 40 -0.16862  1.00858e+01 | 41  0.12987  5.42384e-04 | 42  0.50230 -3.52779e-03

Intermediate statistics: 42 variables; iteration 20; function evaluation 20; phase 4
Function value 9.4758907e+02; maximum gradient component mag 3.1183e+01
Var    Value     Gradient |Var    Value     Gradient |Var    Value     Gradient
  1 -0.16990  7.68705e+00 |  2 -0.07217  1.19352e+01 |  3  0.02171  2.00815e+01
  4 -0.08109  1.94211e+01 |  5  0.14458 -5.56765e+00 |  6 -0.68832 -5.58869e+00
  7  0.12961  9.35367e+00 |  8 -0.03113  2.35833e+01 |  9  0.18481  3.11829e+01
 10  0.09394  2.42627e+01 | 11 -0.13809 -8.53493e+00 | 12  0.43305 -3.14197e+00
 13 -0.08354 -1.10766e+01 | 14 -0.48399  4.95454e-01 | 15  0.55607 -4.36709e+00
 16  0.15001  1.55144e+01 | 17  0.25249  1.56773e+01 | 18  0.06383 -1.87920e+01
 19  0.19228  3.72340e+00 | 20 -0.00462 -3.45772e+00 | 21  0.47714 -2.55442e+00
 22  0.05360  1.14767e+01 | 23  0.32524  3.02665e+00 | 24  0.15457 -4.56595e+00
 25  0.11127  3.84486e-04 | 26  0.38035  5.48375e-04 | 27  0.14921  4.61032e+00
 28  0.14772 -6.76092e+00 | 29  0.13477  5.49029e-04 | 30  0.42820  1.92544e-03
 31  0.01951 -9.32414e+00 | 32 -0.57836 -3.50464e-02 | 33  0.02068  1.46242e+00
 34 -0.15572 -3.45892e+00 | 35  0.19758 -9.33535e-01 | 36  0.33489  3.07395e-01
 37 -0.22930  3.03198e-01 | 38 -0.05734  3.20937e+00 | 39 -0.55820 -4.52864e+00
 40 -0.50931  1.52455e+00 | 41  0.12978  1.02784e-03 | 42  0.50245 -1.84918e-03
42 variables; iteration 40; function evaluation 41; phase 4
Function value 9.4715613e+02; maximum gradient component mag 9.9760e-01
Var    Value     Gradient |Var    Value     Gradient |Var    Value     Gradient
  1 -0.16532  5.66442e-02 |  2 -0.06514  1.32940e-01 |  3  0.02307  3.38893e-01
  4 -0.09414  1.32119e-01 |  5  0.14703 -6.22260e-02 |  6 -0.67696  5.69101e-02
  7  0.12020  2.60415e-02 |  8 -0.03641  3.50950e-01 |  9  0.17925  7.13167e-01
 10  0.10322  3.12875e-01 | 11 -0.13673 -1.74290e-01 | 12  0.43471 -4.63215e-02
 13 -0.07934 -2.72453e-01 | 14 -0.48406  8.52806e-02 | 15  0.57175  3.91608e-02
 16  0.15086  1.57858e-01 | 17  0.25228  1.92568e-01 | 18  0.06304 -2.45191e-01
 19  0.18517 -1.66076e-02 | 20 -0.00523  2.73421e-02 | 21  0.45961 -1.46702e-01
 22  0.04335  2.45193e-01 | 23  0.32196 -1.46703e-02 | 24  0.15215 -2.56954e-02
 25  0.10748  3.47462e-04 | 26  0.37559  3.37134e-04 | 27  0.15355  1.23071e-01
 28  0.15547 -1.07170e-01 | 29  0.13028  4.00892e-04 | 30  0.41276  1.31478e-03
 31  0.02460  9.97603e-01 | 32 -0.42456 -3.29768e-02 | 33  0.02466 -9.44688e-02
 34 -0.15374  2.76717e-01 | 35  0.22361 -2.88336e-02 | 36  0.34558  1.52804e-02
 37 -0.30485 -3.13105e-02 | 38 -0.07450 -2.95108e-02 | 39 -0.56931 -3.08730e-01
 40 -0.64211  1.07443e-01 | 41  0.11876  1.03359e-03 | 42  0.51620 -7.26309e-04
42 variables; iteration 60; function evaluation 68; phase 4
Function value 9.4707191e+02; maximum gradient component mag -1.0834e+00
Var    Value     Gradient |Var    Value     Gradient |Var    Value     Gradient
  1 -0.16677  1.54396e-01 |  2 -0.06529  1.44034e-01 |  3  0.02201  1.99266e-01
  4 -0.09259  1.22980e-01 |  5  0.14695  4.56477e-02 |  6 -0.67682  6.19731e-02
  7  0.12027  8.40081e-02 |  8 -0.03659  2.60047e-01 |  9  0.17929  2.36183e-01
 10  0.10334  1.62837e-01 | 11 -0.13689 -1.04201e-01 | 12  0.43455 -4.40716e-02
 13 -0.08053 -1.34899e-01 | 14 -0.48427  8.42165e-02 | 15  0.56966  1.04501e-01
 16  0.15055 -1.75287e-01 | 17  0.25157  9.87768e-02 | 18  0.06280 -2.11884e-01
 19  0.18482 -2.53249e-02 | 20 -0.00536  3.41945e-02 | 21  0.45882 -6.22597e-02
 22  0.04322  1.51759e-01 | 23  0.32116 -1.42675e-03 | 24  0.15207 -4.46971e-02
 25  0.07150  1.79961e-04 | 26  0.38676  6.36546e-04 | 27  0.15240  8.53395e-02
 28  0.15522 -5.78705e-02 | 29  0.12503  4.82789e-04 | 30  0.45320  2.14233e-03
 31 -0.03113 -1.08343e+00 | 32 -0.15788 -6.84644e-01 | 33 -0.02319  1.72949e-01
 34 -0.18174 -4.49530e-01 | 35  0.22304 -6.21974e-02 | 36  0.34618  1.90866e-03
 37 -0.30383 -3.31397e-02 | 38 -0.07435 -1.42929e-02 | 39 -0.58736 -9.32364e-01
 40 -0.79991  2.45948e-02 | 41 -0.00620  1.18809e-03 | 42  0.46475 -3.80145e-03
42 variables; iteration 80; function evaluation 88; phase 4
Function value 9.4706718e+02; maximum gradient component mag 5.4617e-03
Var    Value     Gradient |Var    Value     Gradient |Var    Value     Gradient
  1 -0.16668 -2.46425e-03 |  2 -0.06532  7.05687e-04 |  3  0.02223  1.87155e-03
  4 -0.09285  1.64174e-03 |  5  0.14712 -7.05673e-05 |  6 -0.67761  2.84316e-04
  7  0.12035 -3.21831e-04 |  8 -0.03658  1.50890e-03 |  9  0.17924  2.74735e-03
 10  0.10334  1.51463e-03 | 11 -0.13686 -4.58157e-04 | 12  0.43568 -6.71293e-05
 13 -0.08043  2.10242e-03 | 14 -0.48450  2.85448e-04 | 15  0.56796  8.00430e-04
 16  0.15016 -1.99216e-03 | 17  0.25149  1.71948e-04 | 18  0.06277 -5.84634e-04
 19  0.18464 -1.06513e-04 | 20 -0.00560  1.19026e-04 | 21  0.45872 -2.69674e-04
 22  0.04318  6.37487e-04 | 23  0.32121 -6.05219e-05 | 24  0.15210 -8.76147e-05
 25  0.06400  8.23413e-05 | 26  0.36887 -5.55533e-05 | 27  0.15072  3.56139e-04
 28  0.15420 -2.38432e-04 | 29  0.10667 -1.00206e-05 | 30  0.37350 -2.11365e-04
 31 -0.02765 -2.80574e-04 | 32 -0.16225  5.71761e-04 | 33 -0.02011  2.07043e-04
 34 -0.17786 -3.17005e-04 | 35  0.22203 -4.19962e-04 | 36  0.34546 -3.89398e-06
 37 -0.29714 -1.74891e-04 | 38 -0.07504 -4.03364e-05 | 39 -0.57701  5.46171e-03
 40 -0.70829 -3.16316e-04 | 41 -0.04818  4.21697e-04 | 42  0.50373 -4.96015e-05

 - final statistics:
42 variables; iteration 95; function evaluation 103
Function value 9.4707e+02; maximum gradient component mag -3.4216e-05
Exit code = 1;  converg criter 1.0000e-04
Var    Value     Gradient |Var    Value     Gradient |Var    Value     Gradient
  1 -0.16668  2.88988e-06 |  2 -0.06532 -1.78078e-06 |  3  0.02223  3.18261e-07
  4 -0.09285 -7.03717e-08 |  5  0.14712 -1.30523e-06 |  6 -0.67761 -5.18756e-07
  7  0.12035  6.03462e-07 |  8 -0.03658 -1.29963e-06 |  9  0.17924  3.21287e-06
 10  0.10334  1.56342e-07 | 11 -0.13686 -8.50103e-07 | 12  0.43569 -9.38329e-07
 13 -0.08043 -2.79804e-06 | 14 -0.48450 -7.54400e-07 | 15  0.56795 -5.72219e-06
 16  0.15016  1.64020e-05 | 17  0.25149  5.02378e-07 | 18  0.06277 -5.91691e-08
 19  0.18464  1.02310e-06 | 20 -0.00560 -4.81026e-07 | 21  0.45872  2.28718e-06
 22  0.04318 -3.76152e-06 | 23  0.32121  1.32418e-06 | 24  0.15210 -1.82719e-06
 25  0.03953 -3.42163e-05 | 26  0.37195 -1.52101e-05 | 27  0.15070  2.24660e-06
 28  0.15419 -2.43738e-06 | 29  0.09863 -1.75062e-05 | 30  0.37999  8.58069e-06
 31 -0.02764  1.66481e-05 | 32 -0.16227  5.65811e-06 | 33 -0.02011 -1.36403e-06
 34 -0.17785  6.60981e-06 | 35  0.22203  2.37046e-06 | 36  0.34546  2.38216e-07
 37 -0.29710  1.06176e-06 | 38 -0.07505 -1.52434e-06 | 39 -0.57707  9.74009e-06
 40 -0.70871 -1.63112e-07 | 41 -0.16825  9.41494e-06 | 42  0.48405  3.32503e-06
Estimating row 1 out of 42 for hessian
Estimating row 2 out of 42 for hessian
Estimating row 3 out of 42 for hessian
Estimating row 4 out of 42 for hessian
Estimating row 5 out of 42 for hessian
Estimating row 6 out of 42 for hessian
Estimating row 7 out of 42 for hessian
Estimating row 8 out of 42 for hessian
Estimating row 9 out of 42 for hessian
Estimating row 10 out of 42 for hessian
Estimating row 11 out of 42 for hessian
Estimating row 12 out of 42 for hessian
Estimating row 13 out of 42 for hessian
Estimating row 14 out of 42 for hessian
Estimating row 15 out of 42 for hessian
Estimating row 16 out of 42 for hessian
Estimating row 17 out of 42 for hessian
Estimating row 18 out of 42 for hessian
Estimating row 19 out of 42 for hessian
Estimating row 20 out of 42 for hessian
Estimating row 21 out of 42 for hessian
Estimating row 22 out of 42 for hessian
Estimating row 23 out of 42 for hessian
Estimating row 24 out of 42 for hessian
Estimating row 25 out of 42 for hessian
Estimating row 26 out of 42 for hessian
Estimating row 27 out of 42 for hessian
Estimating row 28 out of 42 for hessian
Estimating row 29 out of 42 for hessian
Estimating row 30 out of 42 for hessian
Estimating row 31 out of 42 for hessian
Estimating row 32 out of 42 for hessian
Estimating row 33 out of 42 for hessian
Estimating row 34 out of 42 for hessian
Estimating row 35 out of 42 for hessian
Estimating row 36 out of 42 for hessian
Estimating row 37 out of 42 for hessian
Estimating row 38 out of 42 for hessian
Estimating row 39 out of 42 for hessian
Estimating row 40 out of 42 for hessian
Estimating row 41 out of 42 for hessian
Estimating row 42 out of 42 for hessian
size of file gradfil1.tmp = 0
size of file gradfil2.tmp = 0
size of file varssave.tmp = 0
size of file cmpdiff.tmp = 600000024
