
Initial statistics: 2 variables; iteration 0; function evaluation 0; phase 1
Function value 2.8299583e+03; maximum gradient component mag 5.6010e+01
Var    Value     Gradient |Var    Value     Gradient |Var    Value     Gradient
  1  0.12819  5.60104e+01 |  2 -0.33333  7.62089e-01 |

 - final statistics:
2 variables; iteration 5; function evaluation 15
Function value 2.8225e+03; maximum gradient component mag -7.4785e+00
Exit code = 1;  converg criter 1.0000e+01
Var    Value     Gradient |Var    Value     Gradient |Var    Value     Gradient
  1 -0.04242 -7.47847e+00 |  2 -0.35844  1.35559e-01 |

Initial statistics: 9 variables; iteration 0; function evaluation 0; phase 2
Function value 2.8224720e+03; maximum gradient component mag -5.2922e+02
Var    Value     Gradient |Var    Value     Gradient |Var    Value     Gradient
  1 -0.25350 -1.14259e+02 |  2 -0.26198 -4.06652e+02 |  3 -0.05228  3.76594e+02
  4  0.14905  3.37040e+02 |  5  0.00000 -5.29223e+02 |  6  0.25754  2.56767e+02
  7 -0.06236  1.33995e+02 |  8 -0.04242 -7.47847e+00 |  9 -0.35844  1.35559e-01

 - final statistics:
9 variables; iteration 18; function evaluation 24
Function value 2.7007e+03; maximum gradient component mag 9.6327e+00
Exit code = 1;  converg criter 1.0000e+01
Var    Value     Gradient |Var    Value     Gradient |Var    Value     Gradient
  1 -0.11849  8.38497e+00 |  2 -0.01812  4.33259e+00 |  3  0.04943  4.16361e+00
  4 -0.19737  4.88836e+00 |  5  0.06263  3.46707e+00 |  6  0.28425  9.63274e+00
  7 -0.16164  7.41521e+00 |  8  0.70820 -2.31898e+00 |  9 -0.32392  4.85812e-02

Initial statistics: 43 variables; iteration 0; function evaluation 0; phase 3
Function value 2.7007134e+03; maximum gradient component mag -1.0867e+03
Var    Value     Gradient |Var    Value     Gradient |Var    Value     Gradient
  1 -0.11849  8.38497e+00 |  2 -0.01812  4.33259e+00 |  3  0.04943  4.16361e+00
  4 -0.19737  4.88836e+00 |  5  0.10094  3.40607e+02 |  6  0.31415  3.09787e+02
  7  0.00000 -3.82728e+02 |  8  0.06263  3.46707e+00 |  9  0.28425  9.63274e+00
 10 -0.16164  7.41521e+00 | 11  0.00000  1.71379e+02 | 12  0.00000  2.01276e+02
 13  0.70820 -2.31898e+00 | 14 -0.32392  4.85812e-02 | 15 -0.11760 -4.41292e+02
 16 -0.21635  1.37585e+02 | 17 -0.11760 -3.14475e+01 | 18 -0.21635  6.22027e+00
 19  0.16024  2.11040e-04 | 20  0.62714  2.62752e-03 | 21 -0.11760 -1.08675e+03
 22 -0.21635  3.46709e+02 | 23 -0.11760 -5.00244e+01 | 24 -0.21635  1.49467e+01
 25 -0.11760 -3.65101e+02 | 26 -0.21635  1.09354e+02 | 27 -0.11760 -5.84657e+01
 28 -0.21635  6.43888e+00 | 29  0.16024 -3.92530e-04 | 30  0.62714  3.33586e-03
 31 -0.11760  1.56480e+02 | 32 -0.21635 -9.18390e+01 | 33  0.53959  3.60346e-03
 34  0.62714  5.65695e-03 | 35  0.00000  5.09527e+02 | 36 -0.21635 -3.25223e+02
 37  0.16024  5.87508e+01 | 38 -0.11760  6.24150e+02 | 39 -0.21635 -4.85835e+02
 40  0.16024  1.55785e-03 | 41  0.62714  8.52791e-03 | 42 -0.11760  5.77363e+02
 43 -0.21635 -4.53846e+02 |

Intermediate statistics: 43 variables; iteration 20; function evaluation 30; phase 3
Function value 2.0827063e+03; maximum gradient component mag -7.9451e+02
Var    Value     Gradient |Var    Value     Gradient |Var    Value     Gradient
  1 -0.07664  2.60753e+02 |  2  0.02323  1.19532e+02 |  3 -0.02331 -1.50744e+02
  4 -0.06929  3.67094e+01 |  5  0.06823  4.15479e+01 |  6 -0.70964 -1.63143e+02
  7  0.12070  2.58192e+01 |  8  0.00725 -3.20688e+01 |  9  0.22649 -7.94513e+02
 10 -0.08898 -1.91662e+02 | 11  0.03981  3.88426e+01 | 12  0.12591 -6.42561e+01
 13  0.71250 -5.19426e+00 | 14 -0.32440  1.88224e-01 | 15  0.01164 -2.36829e+02
 16 -0.11587  1.11280e+02 | 17  0.19027 -4.96731e+00 | 18  0.07075  1.31666e+00
 19  0.16022  7.61303e-04 | 20  0.62698  4.55431e-03 | 21 -0.05934 -7.53674e+02
 22 -0.19378  2.74775e+02 | 23  0.23414  1.77785e+01 | 24  0.01138 -1.78328e+01
 25  0.23433 -1.34419e+02 | 26  0.01970  1.36763e+02 | 27 -0.09553 -1.16631e+02
 28 -0.14306  4.50074e+01 | 29  0.16023 -3.44570e-04 | 30  0.62695  2.34947e-03
 31 -0.10473 -1.72733e+00 | 32 -0.06878  7.60821e-02 | 33  0.53944  3.56744e-03
 34  0.62693  4.90683e-03 | 35  0.10041  7.18749e+00 | 36  0.05029 -1.68229e+01
 37 -0.47211 -1.09722e+01 | 38  0.49888 -6.12027e-01 | 39  0.64131  4.58115e+00
 40  0.16021  8.07784e-04 | 41  0.62691  4.73228e-03 | 42 -0.20905 -3.60226e+00
 43  0.58438  6.82120e-01 |
43 variables; iteration 40; function evaluation 61; phase 3
Function value 2.0106973e+03; maximum gradient component mag 1.2058e+02
Var    Value     Gradient |Var    Value     Gradient |Var    Value     Gradient
  1 -0.10053  1.20577e+02 |  2 -0.04144 -6.68345e+00 |  3 -0.02271  4.72679e+01
  4 -0.07918  2.18377e+01 |  5  0.04537 -4.78928e+00 |  6 -0.59020 -8.37374e+00
  7  0.10045  2.42489e+01 |  8  0.03658 -3.25378e+01 |  9  0.23179  6.03339e+01
 10 -0.04730  4.13629e+00 | 11 -0.01699 -1.06742e+00 | 12  0.16288 -2.57193e+00
 13  0.19337 -1.34230e+01 | 14 -0.32845  4.32560e+00 | 15  0.13926 -6.76131e+01
 16 -0.01901  3.66831e+01 | 17  0.29483 -5.04210e+00 | 18  0.12775  4.98123e+00
 19  0.15794  7.75237e-04 | 20  0.61319  4.40897e-03 | 21  0.03710 -1.11872e+02
 22 -0.10988  3.32183e+01 | 23  0.27202 -3.78897e+00 | 24  0.08834  9.90822e+00
 25  0.26606 -4.15204e+01 | 26 -0.01345  2.42156e+01 | 27  0.05222 -3.09554e+01
 28  0.00754  2.17972e+01 | 29  0.15823  6.73589e-04 | 30  0.61212  4.45743e-03
 31 -0.07007  5.58212e+00 | 32 -0.03431 -4.73668e+00 | 33  0.52849  3.43248e-03
 34  0.61223  4.51293e-03 | 35  0.03196  1.22795e+01 | 36  0.02589  6.18365e+00
 37 -0.15515  6.67059e+00 | 38  0.38878  1.71700e+00 | 39  0.50805  3.26477e+00
 40  0.15751  7.96104e-04 | 41  0.61130  4.50289e-03 | 42  0.06282  2.64176e+00
 43  0.80711 -1.33179e-01 |
43 variables; iteration 60; function evaluation 95; phase 3
Function value 1.9788076e+03; maximum gradient component mag -4.5954e+01
Var    Value     Gradient |Var    Value     Gradient |Var    Value     Gradient
  1 -0.26586 -3.54020e+00 |  2 -0.00996  7.90754e-01 |  3 -0.03411  9.71122e+00
  4 -0.10154  5.29592e+00 |  5  0.04982  4.18848e+00 |  6 -0.58726 -1.12995e+00
  7  0.15502 -4.88676e+00 |  8  0.01761 -7.47653e-01 |  9  0.22111  2.71679e+01
 10  0.00649  9.60236e+00 | 11 -0.04001  6.58274e+00 | 12  0.16559  4.98683e-02
 13 -0.12891  1.85093e+01 | 14 -0.46138  1.54664e+00 | 15  0.34648  1.79991e+00
 16  0.09917 -3.48899e+00 | 17  0.44812 -4.10897e+00 | 18  0.19375  8.53565e+00
 19  0.12897  6.21147e-04 | 20  0.46407  2.53771e-03 | 21  0.18284  3.82494e+01
 22  0.03411 -4.59542e+01 | 23  0.13648 -5.16202e+00 | 24 -0.02228  3.13701e+00
 25  0.35507  1.03743e+00 | 26  0.01886 -5.56308e+00 | 27  0.21590 -3.80052e+00
 28  0.12759  8.49238e+00 | 29  0.12137  1.47263e-03 | 30  0.43238  5.20811e-03
 31 -0.10469 -2.98497e+00 | 32 -0.04834  1.70187e+00 | 33  0.41292  2.00863e-03
 34  0.48931  6.24021e-04 | 35 -0.00646 -6.79556e+00 | 36  0.00684  4.00866e+00
 37 -0.12093 -2.56436e-01 | 38 -0.00898 -1.70608e+01 | 39  0.24622  7.88318e+00
 40  0.11095 -2.22471e+00 | 41 -0.04072  9.05881e-01 | 42 -0.54745  1.49041e+00
 43 -0.51310  1.08083e+00 |
Maximum number of function evaluations exceeded

 - final statistics:
43 variables; iteration 66; function evaluation 100
Function value 1.9777e+03; maximum gradient component mag 9.8980e+00
Exit code = 3;  converg criter 1.0000e+00
Var    Value     Gradient |Var    Value     Gradient |Var    Value     Gradient
  1 -0.27677  7.56435e-01 |  2 -0.01268  4.41025e-01 |  3 -0.03294  4.28296e-01
  4 -0.09999 -3.50773e-01 |  5  0.04821 -2.46342e+00 |  6 -0.58478  2.24511e-01
  7  0.16787  4.29671e+00 |  8  0.02222  9.66266e-01 |  9  0.22055  2.17871e+00
 10  0.00417 -6.56122e-02 | 11 -0.04138 -1.89262e+00 | 12  0.16948  1.23834e-01
 13 -0.13957  2.88785e+00 | 14 -0.47319  6.87325e-02 | 15  0.34531  2.14645e-01
 16  0.10064  1.55775e+00 | 17  0.50030 -3.73835e-01 | 18  0.20119 -3.91660e-01
 19  0.12026  5.79438e-04 | 20  0.42909  2.21001e-03 | 21  0.17828 -5.62772e+00
 22  0.03704  9.89803e+00 | 23  0.16258  1.52731e+00 | 24 -0.00608 -1.02046e+00
 25  0.36316 -3.30893e-01 | 26  0.02708  2.90123e+00 | 27  0.19096 -1.78375e-01
 28  0.10947 -1.23048e+00 | 29  0.09358  6.61767e-03 | 30  0.33479  2.27400e-02
 31 -0.09774  8.42897e-01 | 32 -0.04399 -8.45695e-01 | 33  0.38487  1.72330e-03
 34  0.47909  3.53789e-04 | 35 -0.00360 -3.47267e+00 | 36  0.00723  1.92802e+00
 37 -0.12650 -2.84987e-02 | 38  0.11267 -3.00971e-01 | 39  0.33525  2.28671e+00
 40  0.00054  1.14259e+00 | 41 -0.12017  8.14046e-01 | 42 -0.55503 -1.04599e+00
 43 -0.53640  1.29174e+00 |

Initial statistics: 43 variables; iteration 0; function evaluation 0; phase 4
Function value 1.9777009e+03; maximum gradient component mag 9.8980e+00
Var    Value     Gradient |Var    Value     Gradient |Var    Value     Gradient
  1 -0.27677  7.56435e-01 |  2 -0.01268  4.41025e-01 |  3 -0.03294  4.28296e-01
  4 -0.09999 -3.50773e-01 |  5  0.04821 -2.46342e+00 |  6 -0.58478  2.24511e-01
  7  0.16787  4.29671e+00 |  8  0.02222  9.66266e-01 |  9  0.22055  2.17871e+00
 10  0.00417 -6.56122e-02 | 11 -0.04138 -1.89262e+00 | 12  0.16948  1.23834e-01
 13 -0.13957  2.88785e+00 | 14 -0.47319  6.87325e-02 | 15  0.34531  2.14645e-01
 16  0.10064  1.55775e+00 | 17  0.50030 -3.73835e-01 | 18  0.20119 -3.91660e-01
 19  0.12026  5.79438e-04 | 20  0.42909  2.21001e-03 | 21  0.17828 -5.62772e+00
 22  0.03704  9.89803e+00 | 23  0.16258  1.52731e+00 | 24 -0.00608 -1.02046e+00
 25  0.36316 -3.30893e-01 | 26  0.02708  2.90123e+00 | 27  0.19096 -1.78375e-01
 28  0.10947 -1.23048e+00 | 29  0.09358  6.61767e-03 | 30  0.33479  2.27400e-02
 31 -0.09774  8.42897e-01 | 32 -0.04399 -8.45695e-01 | 33  0.38487  1.72330e-03
 34  0.47909  3.53789e-04 | 35 -0.00360 -3.47267e+00 | 36  0.00723  1.92802e+00
 37 -0.12650 -2.84987e-02 | 38  0.11267 -3.00971e-01 | 39  0.33525  2.28671e+00
 40  0.00054  1.14259e+00 | 41 -0.12017  8.14046e-01 | 42 -0.55503 -1.04599e+00
 43 -0.53640  1.29174e+00 |

Intermediate statistics: 43 variables; iteration 20; function evaluation 22; phase 4
Function value 1.9775915e+03; maximum gradient component mag -6.5687e+00
Var    Value     Gradient |Var    Value     Gradient |Var    Value     Gradient
  1 -0.27777 -6.56865e+00 |  2 -0.01137  1.03143e+00 |  3 -0.03225  2.29065e-01
  4 -0.10132  6.77973e-02 |  5  0.04933 -1.78030e+00 |  6 -0.58565 -6.73142e-01
  7  0.16877  2.90731e+00 |  8  0.02157  3.04089e-02 |  9  0.21986 -1.29293e+00
 10  0.00543 -1.08688e+00 | 11 -0.04228 -2.60506e+00 | 12  0.17061 -5.31679e-01
 13 -0.14053  5.82449e+00 | 14 -0.47173  7.88853e-01 | 15  0.34386  1.52838e+00
 16  0.09947 -1.12140e+00 | 17  0.53051 -5.10134e-01 | 18  0.21148  7.73968e-01
 19  0.12022  5.86874e-04 | 20  0.42892  2.28647e-03 | 21  0.17450  2.93594e+00
 22  0.03264 -3.48534e+00 | 23  0.15451  1.13970e-01 | 24 -0.01160 -1.24011e-01
 25  0.35408  1.25485e+00 | 26  0.02019 -4.15298e+00 | 27  0.19650 -8.11105e-01
 28  0.11404  1.14265e+00 | 29  0.09306  6.86315e-03 | 30  0.33304  2.34962e-02
 31 -0.09382 -2.12411e-01 | 32 -0.03698  2.30580e-01 | 33  0.38474  1.73645e-03
 34  0.47906  4.30343e-04 | 35 -0.00010 -2.68047e+00 | 36  0.01096  2.04951e+00
 37 -0.13326 -2.48636e-01 | 38  0.11473 -1.37220e+00 | 39  0.32661  8.61110e-01
 40 -0.01311 -2.66903e-01 | 41 -0.13001 -1.48770e-01 | 42 -0.56408 -4.97373e-01
 43 -0.60424  5.79476e-01 |
43 variables; iteration 40; function evaluation 49; phase 4
Function value 1.9773414e+03; maximum gradient component mag 2.5402e+01
Var    Value     Gradient |Var    Value     Gradient |Var    Value     Gradient
  1 -0.27580  2.54024e+01 |  2 -0.01075  7.99186e-02 |  3 -0.03104 -8.80303e+00
  4 -0.10373 -4.37239e+00 |  5  0.05210  1.61054e-01 |  6 -0.58864 -1.52307e+00
  7  0.16476  7.76131e-01 |  8  0.02089  5.51284e-01 |  9  0.21877 -1.91181e+00
 10  0.00793  7.47531e-01 | 11 -0.04386  1.20821e+00 | 12  0.17859  8.77361e-01
 13 -0.13916 -2.22215e+01 | 14 -0.47468 -4.34173e-01 | 15  0.33265 -1.73494e+00
 16  0.09358  9.81648e-01 | 17  0.62096  8.19629e-02 | 18  0.23168 -3.74077e-01
 19  0.11628  5.78353e-04 | 20  0.41297  2.32344e-03 | 21  0.17455 -1.92949e-01
 22  0.03294  1.19891e+00 | 23  0.14924 -7.73271e-01 | 24 -0.01640  2.94453e-01
 25  0.36104 -4.35991e-01 | 26  0.02557  2.60151e+00 | 27  0.19776 -7.45848e+00
 28  0.11349  6.55589e+00 | 29 -0.00875  5.73599e-01 | 30 -0.00388 -2.63221e-01
 31 -0.08968  7.05882e-02 | 32 -0.03246  1.49257e-01 | 33  0.37344  1.62657e-03
 34  0.47668  3.57630e-04 | 35  0.00226  1.88186e+00 | 36  0.00941 -1.17797e+00
 37 -0.13753 -1.58060e-02 | 38  0.15591  5.72851e+00 | 39  0.35484 -1.01450e+00
 40 -0.11506  2.06168e+00 | 41 -0.07834  3.69640e+00 | 42 -0.59762 -5.78815e+00
 43 -0.86392  2.85167e-01 |
43 variables; iteration 60; function evaluation 70; phase 4
Function value 1.9769850e+03; maximum gradient component mag 1.5244e-01
Var    Value     Gradient |Var    Value     Gradient |Var    Value     Gradient
  1 -0.27870  1.52436e-01 |  2 -0.01177 -1.29039e-02 |  3 -0.02936 -5.29549e-02
  4 -0.10380 -3.13892e-02 |  5  0.05102  8.97278e-04 |  6 -0.58569 -8.79792e-03
  7  0.16768 -1.04885e-03 |  8  0.02180 -7.35767e-03 |  9  0.21874 -9.17622e-03
 10  0.00714  5.22844e-03 | 11 -0.04300 -9.78815e-04 | 12  0.17162 -1.94943e-03
 13 -0.14151 -1.31051e-01 | 14 -0.47410 -1.04896e-03 | 15  0.33450 -3.61769e-03
 16  0.09517 -1.79853e-03 | 17  0.59652 -2.36687e-02 | 18  0.22788  7.63562e-02
 19  0.08200  3.67328e-04 | 20  0.29161  6.73904e-04 | 21  0.17174 -1.53434e-03
 22  0.03108  4.40055e-03 | 23  0.15437 -8.21805e-03 | 24 -0.01122  3.78106e-03
 25  0.35480 -7.07387e-04 | 26  0.02200  1.13073e-02 | 27  0.24701  7.58421e-03
 28  0.13913 -1.51101e-02 | 29 -0.38866 -2.28763e-03 | 30  0.00536 -9.83297e-03
 31 -0.09591 -3.35919e-03 | 32 -0.03971  9.20954e-04 | 33  0.28892  7.26697e-04
 34  0.48015 -2.43562e-04 | 35 -0.00006  8.95620e-03 | 36  0.00873 -5.50079e-03
 37 -0.13340 -1.13150e-03 | 38  0.13349 -2.29419e-02 | 39  0.33926  4.35145e-03
 40 -0.06053 -7.69163e-03 | 41 -0.11194 -1.21119e-02 | 42 -0.59129  5.03705e-02
 43 -0.93311 -5.38259e-03 |
  ic > imax  in fminim is answer attained ?
Var    Value     Gradient |Var    Value     Gradient |Var    Value     Gradient
  1 -0.27869 -5.64177e-05 |  2 -0.01177  1.92656e-05 |  3 -0.02937  4.20367e-04
  4 -0.10379 -2.67856e-04 |  5  0.05101  4.95839e-04 |  6 -0.58569 -3.80702e-04
  7  0.16767 -2.81713e-04 |  8  0.02180  3.58149e-05 |  9  0.21874 -7.53233e-04
 10  0.00713  1.18958e-04 | 11 -0.04300 -1.40972e-04 | 12  0.17162 -2.30854e-04
 13 -0.14151 -5.06978e-05 | 14 -0.47410 -1.52096e-05 | 15  0.33454  3.44499e-05
 16  0.09519 -3.44269e-04 | 17  0.59971 -4.23984e-04 | 18  0.22851  1.25049e-03
 19  0.03217  7.70397e-05 | 20  0.26361 -1.56613e-05 | 21  0.17175 -4.41139e-04
 22  0.03108  3.36756e-04 | 23  0.15443 -3.01823e-04 | 24 -0.01117  1.79461e-04
 25  0.35480  6.83165e-07 | 26  0.02199  2.83750e-04 | 27  0.24689 -5.85950e-04
 28  0.13907  5.65335e-04 | 29 -0.38772  1.70320e-04 | 30  0.00544  9.23149e-04
 31 -0.09588  3.95831e-05 | 32 -0.03967  2.06064e-04 | 33  0.19132  3.04520e-05
 34  0.50869  1.98389e-04 | 35 -0.00007  3.25462e-04 | 36  0.00872 -1.22127e-04
 37 -0.13337  1.28432e-05 | 38  0.13384 -1.40886e-04 | 39  0.33955  9.62873e-05
 40 -0.06160 -8.56079e-05 | 41 -0.11140 -5.60961e-05 | 42 -0.59126 -7.88938e-04
 43 -0.92791  5.13198e-05 |
Function minimizer not making progress ... is minimum attained?
Minimprove criterion = 0.0000e+00
Warning: the following parameters had issues
  selparm[57] is within 1% of lower bound: 5.0000e-01 < 5.2402e-01 < 8.0000e+00


 - final statistics:
43 variables; iteration 74; function evaluation 119
Function value 1.9770e+03; maximum gradient component mag 1.2505e-03
Exit code = 1;  converg criter 1.0000e-04
Var    Value     Gradient |Var    Value     Gradient |Var    Value     Gradient
  1 -0.27869 -5.64177e-05 |  2 -0.01177  1.92656e-05 |  3 -0.02937  4.20367e-04
  4 -0.10379 -2.67856e-04 |  5  0.05101  4.95839e-04 |  6 -0.58569 -3.80702e-04
  7  0.16767 -2.81713e-04 |  8  0.02180  3.58149e-05 |  9  0.21874 -7.53233e-04
 10  0.00713  1.18958e-04 | 11 -0.04300 -1.40972e-04 | 12  0.17162 -2.30854e-04
 13 -0.14151 -5.06978e-05 | 14 -0.47410 -1.52096e-05 | 15  0.33454  3.44499e-05
 16  0.09519 -3.44269e-04 | 17  0.59971 -4.23984e-04 | 18  0.22851  1.25049e-03
 19  0.03217  7.70397e-05 | 20  0.26361 -1.56613e-05 | 21  0.17175 -4.41139e-04
 22  0.03108  3.36756e-04 | 23  0.15443 -3.01823e-04 | 24 -0.01117  1.79461e-04
 25  0.35480  6.83165e-07 | 26  0.02199  2.83750e-04 | 27  0.24689 -5.85950e-04
 28  0.13907  5.65335e-04 | 29 -0.38772  1.70320e-04 | 30  0.00544  9.23149e-04
 31 -0.09588  3.95831e-05 | 32 -0.03967  2.06064e-04 | 33  0.19132  3.04520e-05
 34  0.50869  1.98389e-04 | 35 -0.00007  3.25462e-04 | 36  0.00872 -1.22127e-04
 37 -0.13337  1.28432e-05 | 38  0.13384 -1.40886e-04 | 39  0.33955  9.62873e-05
 40 -0.06160 -8.56079e-05 | 41 -0.11140 -5.60961e-05 | 42 -0.59126 -7.88938e-04
 43 -0.92791  5.13198e-05 |
size of file gradfil1.tmp = 0
size of file gradfil2.tmp = 0
size of file varssave.tmp = 0
size of file cmpdiff.tmp = 200000008
