
Initial statistics: 4 variables; iteration 0; function evaluation 0; phase 1
Function value 4.0777256e+03; maximum gradient component mag -5.7060e+01
Var    Value     Gradient |Var    Value     Gradient |Var    Value     Gradient
  1  0.12819 -5.70596e+01 |  2 -0.26198 -6.53779e+00 |  3 -0.12819 -2.85516e+01
  4  0.21635  7.40480e-08 |

 - final statistics:
4 variables; iteration 6; function evaluation 10
Function value 4.0732e+03; maximum gradient component mag -5.1076e+00
Exit code = 1;  converg criter 1.0000e+01
Var    Value     Gradient |Var    Value     Gradient |Var    Value     Gradient
  1  0.19515 -5.10758e+00 |  2 -0.18981 -4.54728e-02 |  3  0.08865 -7.18292e-01
  4  0.21635  7.40480e-08 |

Initial statistics: 14 variables; iteration 0; function evaluation 0; phase 2
Function value 4.0731756e+03; maximum gradient component mag -3.1964e+03
Var    Value     Gradient |Var    Value     Gradient |Var    Value     Gradient
  1 -0.22556 -4.02677e+02 |  2  0.00000 -5.23858e+02 |  3 -0.43912 -3.19636e+03
  4  0.03352  4.39789e+01 |  5 -0.28197  9.94569e+01 |  6  0.00000 -2.73684e+02
  7  0.11199 -9.45048e+02 |  8  0.10660 -3.27720e+02 |  9  0.00000 -6.15065e+01
 10 -0.21635 -4.75546e+01 | 11  0.19515 -5.10758e+00 | 12 -0.18981 -4.54728e-02
 13  0.08865 -7.18292e-01 | 14  0.21635  7.40480e-08 |

Intermediate statistics: 14 variables; iteration 20; function evaluation 28; phase 2
Function value 3.9889380e+03; maximum gradient component mag 1.0646e+02
Var    Value     Gradient |Var    Value     Gradient |Var    Value     Gradient
  1 -0.17509  4.09661e+00 |  2  0.11425  5.13631e+00 |  3 -0.43690  1.06464e+02
  4 -0.01775  1.89530e+01 |  5 -0.45726  8.29606e+00 |  6  0.06804  3.20239e+00
  7  0.12466 -5.95748e+00 |  8  0.06670  6.23177e+00 |  9  0.22479  8.52377e+00
 10 -0.22190  1.77715e+00 | 11  0.79681 -2.89507e+00 | 12 -0.16038  5.97161e-01
 13  0.10152 -2.43229e-02 | 14  0.21635  7.40475e-08 |

 - final statistics:
14 variables; iteration 22; function evaluation 30
Function value 3.9886e+03; maximum gradient component mag 2.1159e+00
Exit code = 1;  converg criter 1.0000e+01
Var    Value     Gradient |Var    Value     Gradient |Var    Value     Gradient
  1 -0.17342  2.11593e+00 |  2  0.11772  2.47594e-01 |  3 -0.43780 -3.49527e-01
  4 -0.02021 -6.48731e-01 |  5 -0.46332 -3.27932e-01 |  6  0.06618  1.43213e-01
  7  0.12593  1.67839e+00 |  8  0.06515  4.38369e-01 |  9  0.22407 -3.06578e-01
 10 -0.22408 -4.27582e-02 | 11  0.98609 -1.77398e-01 | 12 -0.16684 -2.50842e-02
 13  0.10182 -9.20958e-03 | 14  0.21634  7.40472e-08 |

Initial statistics: 93 variables; iteration 0; function evaluation 0; phase 3
Function value 3.9885631e+03; maximum gradient component mag -3.7737e+04
Var    Value     Gradient |Var    Value     Gradient |Var    Value     Gradient
  1 -0.17342  2.11593e+00 |  2  0.11772  2.47594e-01 |  3 -0.43780 -3.49527e-01
  4 -0.02021 -6.48731e-01 |  5 -0.46332 -3.27932e-01 |  6  0.06618  1.43213e-01
  7  0.12593  1.67839e+00 |  8  0.06515  4.38369e-01 |  9  0.22407 -3.06578e-01
 10 -0.22408 -4.27582e-02 | 11  0.98609 -1.77398e-01 | 12 -0.16684 -2.50842e-02
 13  0.10182 -9.20958e-03 | 14  0.21634  7.40472e-08 | 15 -0.11760 -8.48767e+02
 16 -0.33425  2.17760e+02 | 17 -0.10723 -5.52016e+02 | 18 -0.10028  1.55247e+02
 19 -0.45481 -9.57763e+01 | 20 -0.01633  9.58951e-01 | 21  0.25350  5.93522e+02
 22 -0.21710 -7.68792e+02 | 23 -0.49439  8.07060e+01 | 24 -0.11760 -5.48143e+01
 25 -0.33425  2.34122e+01 | 26 -0.11760 -9.02393e+02 | 27 -0.33425  1.77798e+02
 28 -0.10723 -8.51785e+02 | 29 -0.11760 -6.90203e+02 | 30 -0.33425  4.94036e+01
 31 -0.10723 -8.07788e+02 | 32  0.02302  1.59317e+03 | 33 -0.31415 -1.13271e+03
 34  0.53959  1.56873e+01 | 35 -0.62714  2.81721e-03 | 36  0.00000  5.91497e+02
 37 -0.21635 -3.56634e+02 | 38  0.16024  8.24533e+01 | 39 -0.12294 -5.00894e+01
 40 -0.16953  3.01042e+01 | 41 -0.10028 -9.75692e+01 | 42 -0.34608  8.21404e+01
 43 -0.03900  4.82876e+02 | 44 -0.33425 -2.31423e+02 | 45  0.02302 -3.30351e+01
 46 -0.16953  4.44739e+01 | 47  0.00000  4.40812e+03 | 48  0.00000  1.05083e+04
 49  0.00000 -4.30029e+03 | 50  0.00000  6.77046e+02 | 51  0.00000 -8.67556e+02
 52  0.00000 -3.86435e+03 | 53  0.00000  1.06594e+04 | 54  0.00000 -2.45760e+04
 55  0.00000 -1.47579e+04 | 56  0.00000  3.59283e+04 | 57  0.00000  2.04200e+04
 58  0.00000  1.30666e+04 | 59  0.00000  9.13873e+03 | 60  0.00000  1.36950e+04
 61  0.00000 -9.09396e+03 | 62  0.00000 -1.12152e+04 | 63  0.00000  5.10224e+03
 64  0.00000  7.96937e+03 | 65  0.00000  7.03866e+03 | 66  0.00000  5.89020e+03
 67  0.00000 -5.53590e+03 | 68  0.00000 -9.60252e+03 | 69  0.00000 -6.01887e+03
 70  0.00000  5.93262e+03 | 71  0.00000  9.62027e+03 | 72  0.00000  2.88989e+03
 73  0.00000  7.81323e+02 | 74  0.00000  8.71339e+02 | 75  0.00000 -1.66632e+04
 76  0.00000 -1.76086e+03 | 77  0.00000 -9.35565e+03 | 78  0.00000 -3.05100e+03
 79  0.00000 -1.95447e+03 | 80  0.00000 -5.90279e+02 | 81  0.00000 -1.32321e+03
 82  0.00000 -9.81474e+00 | 83  0.00000 -2.44498e+03 | 84  0.00000 -3.77366e+04
 85  0.00000 -2.97246e+04 | 86  0.00000 -2.75784e+04 | 87  0.00000  3.18060e+03
 88  0.00000 -1.43662e+03 | 89  0.00000 -1.23968e+03 | 90  0.00000 -5.66320e+02
 91  0.00000  1.58194e+03 | 92  0.00000  1.36652e+03 | 93  0.00000 -8.28562e+02
