
Initial statistics: 3 variables; iteration 0; function evaluation 0; phase 1
Function value 4.0777253e+03; maximum gradient component mag -5.7060e+01
Var    Value     Gradient |Var    Value     Gradient |Var    Value     Gradient
  1  0.12819 -5.70598e+01 |  2 -0.26198 -6.53780e+00 |  3 -0.12819 -2.85516e+01

 - final statistics:
3 variables; iteration 6; function evaluation 10
Function value 4.0732e+03; maximum gradient component mag -5.1076e+00
Exit code = 1;  converg criter 1.0000e+01
Var    Value     Gradient |Var    Value     Gradient |Var    Value     Gradient
  1  0.19515 -5.10758e+00 |  2 -0.18980 -4.54721e-02 |  3  0.08865 -7.18286e-01

Initial statistics: 13 variables; iteration 0; function evaluation 0; phase 2
Function value 4.0731753e+03; maximum gradient component mag -3.1963e+03
Var    Value     Gradient |Var    Value     Gradient |Var    Value     Gradient
  1 -0.22556 -4.02677e+02 |  2  0.00000 -5.23856e+02 |  3 -0.43912 -3.19634e+03
  4  0.03352  4.39800e+01 |  5 -0.28197  9.94571e+01 |  6  0.00000 -2.73684e+02
  7  0.11199 -9.45045e+02 |  8  0.10660 -3.27718e+02 |  9  0.00000 -6.15061e+01
 10 -0.21635 -4.75545e+01 | 11  0.19515 -5.10758e+00 | 12 -0.18980 -4.54721e-02
 13  0.08865 -7.18286e-01 |

Intermediate statistics: 13 variables; iteration 20; function evaluation 28; phase 2
Function value 3.9889398e+03; maximum gradient component mag 1.0666e+02
Var    Value     Gradient |Var    Value     Gradient |Var    Value     Gradient
  1 -0.17510  4.07189e+00 |  2  0.11425  5.14550e+00 |  3 -0.43690  1.06659e+02
  4 -0.01775  1.89854e+01 |  5 -0.45725  8.30896e+00 |  6  0.06804  3.20337e+00
  7  0.12466 -5.98126e+00 |  8  0.06670  6.23418e+00 |  9  0.22480  8.54087e+00
 10 -0.22191  1.77940e+00 | 11  0.79632 -2.90330e+00 | 12 -0.16036  5.98972e-01
 13  0.10151 -2.48814e-02 |

 - final statistics:
13 variables; iteration 22; function evaluation 30
Function value 3.9886e+03; maximum gradient component mag 2.1227e+00
Exit code = 1;  converg criter 1.0000e+01
Var    Value     Gradient |Var    Value     Gradient |Var    Value     Gradient
  1 -0.17342  2.12273e+00 |  2  0.11772  2.50730e-01 |  3 -0.43780 -3.06669e-01
  4 -0.02021 -6.46135e-01 |  5 -0.46331 -3.25729e-01 |  6  0.06618  1.45252e-01
  7  0.12593  1.68070e+00 |  8  0.06515  4.41835e-01 |  9  0.22407 -3.07254e-01
 10 -0.22408 -4.22964e-02 | 11  0.98602 -1.78328e-01 | 12 -0.16684 -2.44735e-02
 13  0.10183 -8.81975e-03 |

Initial statistics: 92 variables; iteration 0; function evaluation 0; phase 3
Function value 3.9885631e+03; maximum gradient component mag 1.5932e+03
Var    Value     Gradient |Var    Value     Gradient |Var    Value     Gradient
  1 -0.17342  2.12273e+00 |  2  0.11772  2.50730e-01 |  3 -0.43780 -3.06669e-01
  4 -0.02021 -6.46135e-01 |  5 -0.46331 -3.25729e-01 |  6  0.06618  1.45252e-01
  7  0.12593  1.68070e+00 |  8  0.06515  4.41835e-01 |  9  0.22407 -3.07254e-01
 10 -0.22408 -4.22964e-02 | 11  0.98602 -1.78328e-01 | 12 -0.16684 -2.44735e-02
 13  0.10183 -8.81975e-03 | 14 -0.11760 -8.48768e+02 | 15 -0.33425  2.17760e+02
 16 -0.10723 -5.52016e+02 | 17 -0.10028  1.55247e+02 | 18 -0.45481 -9.57763e+01
 19 -0.01633  9.58950e-01 | 20  0.25350  5.93522e+02 | 21 -0.21710 -7.68792e+02
 22 -0.49439  8.07056e+01 | 23 -0.11760 -5.48144e+01 | 24 -0.33425  2.34122e+01
 25 -0.11760 -9.02394e+02 | 26 -0.33425  1.77798e+02 | 27 -0.10723 -8.51785e+02
 28 -0.11760 -6.90204e+02 | 29 -0.33425  4.94039e+01 | 30 -0.10723 -8.07789e+02
 31  0.02302  1.59317e+03 | 32 -0.31415 -1.13271e+03 | 33  0.53959  1.56873e+01
 34 -0.62714  2.81719e-03 | 35  0.00000  5.91497e+02 | 36 -0.21635 -3.56634e+02
 37  0.16024  8.24532e+01 | 38 -0.12294 -5.00894e+01 | 39 -0.16953  3.01042e+01
 40 -0.10028 -9.75693e+01 | 41 -0.34608  8.21405e+01 | 42 -0.03900  4.82873e+02
 43 -0.33425 -2.31422e+02 | 44  0.02302 -3.30353e+01 | 45 -0.16953  4.44740e+01
 46  0.00000  3.46823e+01 | 47  0.00000  9.50894e+01 | 48  0.00000  8.88338e+01
 49  0.00000  1.36437e+02 | 50  0.00000  3.17923e+02 | 51  0.00000  4.56768e+02
 52  0.00000  4.63535e+02 | 53  0.00000 -6.84738e+02 | 54  0.00000 -4.46948e+02
 55  0.00000 -2.00278e+02 | 56  0.00000  2.30946e+02 | 57  0.00000  2.30969e+02
 58  0.00000  5.30362e+02 | 59  0.00000  6.79818e+02 | 60  0.00000  5.46061e+02
 61  0.00000  3.98050e+02 | 62  0.00000  1.96795e+02 | 63  0.00000  2.35341e+02
 64  0.00000  2.78034e+02 | 65  0.00000  2.32102e+02 | 66  0.00000  1.47936e+02
 67  0.00000  3.71700e+01 | 68  0.00000 -9.72295e+02 | 69  0.00000 -7.45522e+02
 70  0.00000 -8.21936e+02 | 71  0.00000 -1.20884e+03 | 72  0.00000 -4.94065e+02
 73  0.00000  6.34423e+02 | 74  0.00000  6.12002e+02 | 75  0.00000  3.11673e+02
 76  0.00000 -1.11638e+02 | 77  0.00000 -4.83347e+02 | 78  0.00000 -1.16403e+03
 79  0.00000 -7.19466e+02 | 80  0.00000  9.15171e+01 | 81  0.00000 -7.59567e+00
 82  0.00000 -2.39085e+02 | 83  0.00000  7.14612e+02 | 84  0.00000  1.10733e+03
 85  0.00000  1.61856e+02 | 86  0.00000 -1.04977e+02 | 87  0.00000  8.42196e+01
 88  0.00000  1.13821e+02 | 89  0.00000 -2.26099e+02 | 90  0.00000 -1.83411e+02
 91  0.00000  6.38381e+01 | 92  0.00000  6.47711e-01 |

Intermediate statistics: 92 variables; iteration 20; function evaluation 26; phase 3
Function value 3.3643019e+03; maximum gradient component mag 1.3832e+03
Var    Value     Gradient |Var    Value     Gradient |Var    Value     Gradient
  1 -0.01971  3.59695e+01 |  2  0.03686  2.68393e+02 |  3 -0.30815  1.38320e+03
  4 -0.01995 -8.18526e+01 |  5 -0.47641 -1.95946e+01 |  6 -0.14969 -5.24803e+01
  7  0.10568  1.49315e+02 |  8  0.13099  1.04715e+02 |  9  0.10576 -2.31468e+01
 10 -0.19432 -2.60592e+01 | 11  0.98546  3.52679e-01 | 12 -0.17216  5.22723e+00
 13  0.10178  2.51854e-02 | 14  0.24036  1.23069e+01 | 15 -0.13538  1.15684e+02
 16 -0.24464  1.36495e+01 | 17 -0.25144 -4.90232e+01 | 18 -0.40644  3.41439e+01
 19 -0.02064  3.09440e-01 | 20  0.28164 -1.43736e+02 | 21 -0.14545  2.51689e+02
 22 -0.54052 -1.32460e+01 | 23  0.06153  7.48473e+01 | 24 -0.37232 -7.60960e+01
 25  0.35018  5.45647e+01 | 26 -0.15508  4.64874e+01 | 27 -0.39555  3.59149e+00
 28  0.27148 -2.21280e+01 | 29 -0.09864  5.34081e+01 | 30 -0.01534  3.45259e+00
 31 -0.29988 -1.31483e+02 | 32 -0.70401  3.94171e+00 | 33  0.46980 -4.60417e+00
 34 -0.62714 -5.79847e-03 | 35 -0.10733 -5.14882e+01 | 36 -0.09473  1.27412e+01
 37  0.04360 -1.12667e+00 | 38  0.22681  9.73228e-01 | 39 -0.35522 -7.90904e+00
 40  0.14950  1.56440e+01 | 41 -0.41267 -1.04775e+02 | 42 -0.06105  3.74366e+02
 43 -0.40206 -2.57487e+02 | 44  0.02697  1.85584e+01 | 45 -0.21675 -1.52576e+01
 46 -0.04819  1.06841e+02 | 47 -0.04412  1.43439e+02 | 48 -0.01147  2.44616e+02
 49 -0.02607  1.71666e+02 | 50 -0.04870  1.23527e+02 | 51 -0.06123  9.07175e+01
 52 -0.09682 -2.11272e+01 | 53 -0.00003 -4.25949e+02 | 54 -0.05486 -2.00299e+02
 55 -0.01473 -4.43788e+01 | 56 -0.06517  2.24033e+01 | 57 -0.02823  5.12065e+01
 58 -0.03798  7.76078e+01 | 59 -0.05598  9.82478e+01 | 60 -0.04063  1.04146e+02
 61 -0.04807  1.50218e+02 | 62 -0.01398  2.92205e+02 | 63 -0.03113  2.16866e+02
 64 -0.03429  1.66865e+02 | 65 -0.03685  1.32042e+02 | 66 -0.03405  1.08027e+02
 67 -0.10410  6.69971e+00 | 68 -0.01121  5.58760e+01 | 69  0.00911  1.85726e+02
 70 -0.22036 -8.30799e+01 | 71  0.00781  1.27243e+02 | 72  0.00259  1.20668e+03
 73 -0.04038  8.89699e+02 | 74 -0.06548  2.03697e+02 | 75 -0.04509  1.07811e+02
 76 -0.01032  4.58857e+02 | 77  0.00748  2.23676e+01 | 78 -0.02176 -3.94550e+01
 79 -0.00728  5.61945e+02 | 80 -0.04236 -2.54928e+02 | 81 -0.03149 -2.65195e+02
 82 -0.03729 -9.04951e+02 | 83 -0.03167  4.62948e+02 | 84 -0.05495  4.62226e+01
 85 -0.03646 -2.91471e+01 | 86  0.00711 -5.31049e+00 | 87 -0.29997 -5.77281e+01
 88 -0.04930  1.38593e+01 | 89 -0.00786  2.15760e+02 | 90 -0.01474  1.55731e+02
 91 -0.03871  3.08836e+01 | 92 -0.03281 -1.55550e+01 |
92 variables; iteration 40; function evaluation 48; phase 3
Function value 3.3205087e+03; maximum gradient component mag -1.3567e+03
Var    Value     Gradient |Var    Value     Gradient |Var    Value     Gradient
  1  0.03836  9.58476e+01 |  2 -0.01723  1.42731e+02 |  3 -0.36855  4.11061e+02
  4 -0.07967 -1.66494e+02 |  5 -0.46451 -8.92056e-01 |  6 -0.19024  7.99439e+00
  7  0.10881  1.56707e+02 |  8  0.14267 -3.98424e+01 |  9  0.04010 -7.37105e+01
 10 -0.02435  1.17198e+01 | 11  0.97794  6.98081e-01 | 12 -0.22802 -2.33957e+00
 13  0.10131 -7.66990e-02 | 14  0.35068  5.56240e+01 | 15 -0.11069  2.46642e+00
 16 -0.50791 -2.17843e+00 | 17 -0.22336 -1.83098e+01 | 18 -0.51737  1.00799e+01
 19 -0.02848  3.00393e-01 | 20  0.30170 -7.03382e+01 | 21 -0.15617  1.29134e+02
 22 -0.54584 -7.16977e+00 | 23  0.30599  1.02146e+01 | 24 -0.15480 -2.05301e+01
 25  0.34098  3.88992e+01 | 26 -0.17947 -6.90385e+01 | 27 -0.51508 -1.28597e+01
 28  0.67403 -1.26917e+01 | 29 -0.02207  2.25030e+02 | 30  0.28439  1.46704e-03
 31 -0.28764 -5.57722e+00 | 32 -0.93357 -3.03586e+00 | 33  0.50749 -5.70150e+00
 34 -0.62706 -6.55962e-03 | 35  0.00969 -2.00684e+01 | 36  0.03734  2.05732e+01
 37 -0.10801  2.54285e+00 | 38  0.32734 -2.03039e+01 | 39 -0.22420  1.32723e+01
 40  0.31750 -5.38326e+01 | 41 -0.27262  1.28007e+02 | 42  0.06101 -4.85984e+01
 43 -0.22881  8.87060e+01 | 44  0.05072  2.40487e+01 | 45 -0.21478 -2.95235e+01
 46 -0.03273  1.19686e+02 | 47 -0.03497  1.81095e+02 | 48  0.01668  5.31012e+02
 49 -0.00100  4.37299e+02 | 50 -0.03263  2.98069e+02 | 51 -0.04248  2.45844e+02
 52 -0.09892 -9.35934e+00 | 53  0.00870 -3.17244e+02 | 54  0.00038 -1.23707e+02
 55 -0.01727 -1.37770e+02 | 56 -0.06644 -7.26032e+01 | 57 -0.00892  5.88686e+00
 58 -0.01882  6.92587e+01 | 59 -0.04184  6.52550e+01 | 60 -0.02021  9.28580e+01
 61 -0.03976  6.87381e+01 | 62 -0.00379  7.43544e+01 | 63 -0.02697  2.90146e+01
 64 -0.01443  9.75283e+01 | 65 -0.02573  1.00558e+02 | 66 -0.01859  1.02389e+02
 67 -0.17885 -4.52829e+01 | 68 -0.03496 -8.03085e+01 | 69  0.06206  1.93347e+02
 70 -0.10205 -4.54671e+02 | 71  0.02688 -4.54192e+01 | 72  0.00758  1.11619e+03
 73 -0.02657  6.21412e+02 | 74 -0.05812  1.65794e+02 | 75 -0.01904  2.25235e+02
 76 -0.00185  3.47673e+02 | 77  0.00658  1.20098e+02 | 78 -0.01416 -4.22023e+02
 79 -0.00248 -1.09578e+02 | 80 -0.02701 -5.47651e+02 | 81 -0.00568  8.83411e+01
 82 -0.02609 -1.35666e+03 | 83 -0.02145  2.50986e+02 | 84 -0.04010 -2.14086e+02
 85 -0.02890 -3.25090e+02 | 86  0.02179 -1.90733e+02 | 87 -0.22148 -3.33889e+01
 88 -0.01174  2.10748e+01 | 89 -0.00627 -4.94140e+01 | 90  0.00327  1.44919e+02
 91 -0.02426  1.30422e+01 | 92 -0.01539  2.15880e+01 |
92 variables; iteration 60; function evaluation 72; phase 3
Function value 3.3027566e+03; maximum gradient component mag -1.5064e+03
Var    Value     Gradient |Var    Value     Gradient |Var    Value     Gradient
  1  0.02027  4.71625e+01 |  2  0.01616  6.22850e+01 |  3 -0.39073 -4.83953e+02
  4 -0.07124 -1.65386e+02 |  5 -0.52760 -5.29892e+01 |  6 -0.17599  1.91748e+01
  7  0.08990  4.56775e+01 |  8  0.20867 -8.61081e+01 |  9 -0.05398 -6.26866e+01
 10  0.10294  2.96494e+00 | 11  0.93571  2.37135e+00 | 12 -0.24769 -6.40294e+00
 13  0.10134 -1.20392e-01 | 14  0.42260  6.42340e+01 | 15 -0.09052 -6.89089e+01
 16 -0.91798 -3.37113e-01 | 17 -0.27724 -2.53804e+01 | 18 -0.77366  2.18174e+00
 19 -0.04772  4.11320e-01 | 20  0.27442 -8.68680e+01 | 21 -0.16709  1.31040e+02
 22 -0.49969 -4.93300e+00 | 23  0.50880 -8.99554e-01 | 24 -0.08174  1.46158e+01
 25  0.27159 -8.44333e+01 | 26 -0.19668  1.01473e+02 | 27 -0.29865 -8.73539e+00
 28  0.75058 -1.32740e+01 | 29 -0.01085  2.92658e+02 | 30  0.47119  2.86922e-03
 31 -0.29862 -3.93250e+01 | 32 -1.05794  1.62117e+00 | 33  0.71694 -5.62843e-01
 34 -0.62675 -5.11763e-03 | 35  0.06644  1.25444e+01 | 36  0.08090  1.12927e+01
 37 -0.21388  2.80426e+00 | 38  0.40494 -1.02658e+01 | 39 -0.16592  1.57768e+01
 40  0.25454 -7.33024e+01 | 41 -0.29522  1.16680e+02 | 42  0.07220 -1.20220e+02
 43 -0.21457  1.97352e+02 | 44  0.17809  1.22323e+01 | 45 -0.10371 -7.63576e+00
 46 -0.03174  7.64588e+01 | 47 -0.03473  1.30435e+02 | 48  0.01672  4.26566e+02
 49  0.01021  4.54128e+02 | 50 -0.03200  2.59603e+02 | 51 -0.03734  2.40738e+02
 52 -0.08587  2.60046e+00 | 53  0.01224 -4.01030e+02 | 54  0.00149 -1.81241e+02
 55 -0.01013 -1.46944e+02 | 56 -0.04901 -4.98386e+01 | 57 -0.00934 -6.50628e+01
 58 -0.01563  1.19880e+00 | 59 -0.03727  1.93877e+01 | 60 -0.01474  6.22220e+01
 61 -0.03716  3.36899e+01 | 62 -0.00162  1.09233e+01 | 63 -0.01926  2.43357e+01
 64 -0.01417  4.85907e+01 | 65 -0.02104  8.60752e+01 | 66 -0.01470  9.75392e+01
 67 -0.19747 -4.80174e+01 | 68 -0.04167  3.26170e+00 | 69  0.07318  2.89295e+02
 70 -0.05912 -5.37436e+02 | 71  0.03693 -7.88051e+01 | 72  0.00013  9.74848e+02
 73 -0.02227  4.70019e+02 | 74 -0.04460  1.90711e+02 | 75 -0.01618  1.72747e+02
 76 -0.00521  1.66310e+02 | 77  0.01241  1.16753e+02 | 78 -0.01537 -9.89256e+02
 79 -0.00205 -5.17151e+02 | 80 -0.02372 -7.31448e+02 | 81 -0.00116 -6.20947e+00
 82 -0.02158 -1.50637e+03 | 83 -0.02070  6.36807e+01 | 84 -0.03546 -2.94997e+02
 85 -0.02587 -3.85913e+02 | 86  0.02327 -3.49271e+02 | 87 -0.19081 -1.59461e+01
 88 -0.00925 -4.82334e+01 | 89 -0.00315 -1.37833e+02 | 90  0.00429 -1.70545e+01
 91 -0.02188 -6.40212e+01 | 92 -0.01388 -2.76430e+01 |
92 variables; iteration 80; function evaluation 95; phase 3
Function value 3.2640611e+03; maximum gradient component mag -6.6544e+02
Var    Value     Gradient |Var    Value     Gradient |Var    Value     Gradient
  1  0.04065  3.17625e+02 |  2  0.01673  1.12473e+02 |  3 -0.38691 -6.36264e+01
  4 -0.08838 -1.12413e+02 |  5 -0.52346 -4.33593e+01 |  6 -0.20827 -2.15729e+01
  7  0.09268  4.87475e+01 |  8  0.17362 -7.70464e+01 |  9  0.02484  6.02789e+00
 10  0.07377  1.39028e+01 | 11  0.37920 -2.25220e+01 | 12 -0.27707 -6.38443e+00
 13  0.09696 -2.37971e-01 | 14  0.41842 -2.20336e+01 | 15 -0.09336  1.67025e+02
 16 -1.01240  2.42532e-01 | 17 -0.35462 -4.19621e+01 | 18 -1.20178 -3.06429e+00
 19 -0.13315 -1.79569e+00 | 20  0.32159 -3.70987e+01 | 21 -0.15644  5.16286e+01
 22 -0.60187 -1.06946e+01 | 23  0.53557 -1.11460e+01 | 24 -0.05969  7.22893e+01
 25  0.29570 -1.09261e+02 | 26 -0.19420  1.36348e+02 | 27 -0.31163 -1.03506e+01
 28  0.59743 -1.96345e+01 | 29 -0.04000  2.13147e+02 | 30  0.38636  2.12534e-03
 31 -0.29840 -5.61015e+01 | 32 -0.88213 -2.75936e+00 | 33  1.38081  2.98853e+00
 34 -0.62395 -6.24822e-03 | 35 -0.05371 -5.51840e+01 | 36 -0.02919  2.01877e+01
 37 -0.02233 -7.04182e+00 | 38  0.53506 -8.71437e+00 | 39 -0.10745  3.42137e+01
 40  0.32807 -6.78840e+01 | 41 -0.27283  1.67338e+02 | 42  0.06802 -2.82429e+02
 43 -0.22095  3.22229e+02 | 44  0.12681 -3.61476e+01 | 45 -0.12297  4.90939e+01
 46 -0.00856  1.22886e+02 | 47 -0.08094  1.92199e+01 | 48  0.01499  2.61167e+02
 49  0.00392  2.86651e+02 | 50 -0.03355  1.76445e+02 | 51 -0.05003  1.27608e+02
 52 -0.08789  5.52485e+00 | 53  0.01827  1.15646e+01 | 54  0.00169  6.48542e+01
 55 -0.01751 -2.01255e+01 | 56 -0.05002  2.79503e+01 | 57 -0.00713  1.44745e+02
 58 -0.01765  1.54232e+02 | 59 -0.03261  1.72666e+02 | 60 -0.01609  1.95955e+02
 61 -0.03460  1.28600e+02 | 62 -0.00321  1.15369e+02 | 63 -0.01898  8.63975e+01
 64 -0.00372  1.27004e+02 | 65 -0.04065  3.28570e+01 | 66 -0.01678  7.90613e+01
 67 -0.24062 -5.64256e+01 | 68 -0.02156  4.52966e+00 | 69  0.05689  1.92852e+02
 70 -0.05389 -4.32170e+02 | 71  0.03704 -1.80954e+02 | 72 -0.00818  3.84594e+02
 73 -0.02180  2.79077e+02 | 74 -0.05051  8.08634e+01 | 75 -0.02317 -9.12225e+00
 76 -0.01086 -5.59939e+00 | 77  0.02621 -2.85841e+02 | 78 -0.01543 -6.65438e+02
 79 -0.00471 -5.90952e+02 | 80 -0.02016 -4.66505e+02 | 81 -0.00501  1.28334e+02
 82 -0.01089 -4.55609e+02 | 83 -0.02685 -8.26546e+01 | 84 -0.03277 -4.06637e+01
 85 -0.02115 -1.26543e+02 | 86  0.02337 -1.63234e+02 | 87 -0.17660 -8.48170e+00
 88 -0.00183  4.16403e+01 | 89 -0.00752 -2.15142e+02 | 90  0.00021 -9.40914e+01
 91 -0.01993 -4.60257e+01 | 92 -0.00937  4.87006e+01 |
Maximum number of function evaluations exceeded

 - final statistics:
92 variables; iteration 85; function evaluation 100
Function value 3.2539e+03; maximum gradient component mag -6.6926e+02
Exit code = 3;  converg criter 1.0000e+00
Var    Value     Gradient |Var    Value     Gradient |Var    Value     Gradient
  1  0.03973  3.27711e+02 |  2  0.01518  7.55265e+01 |  3 -0.39706 -2.28434e+02
  4 -0.09945 -1.41522e+02 |  5 -0.49131 -3.42984e+01 |  6 -0.20761 -2.08096e+01
  7  0.09000  1.98275e+01 |  8  0.18455 -7.21935e+01 |  9  0.01905 -7.62950e+00
 10  0.03651  4.47804e-01 | 11  0.37385 -2.96314e+01 | 12 -0.25494 -4.68492e+00
 13  0.09921 -1.05666e-01 | 14  0.41420 -2.48139e+01 | 15 -0.09468  1.76667e+02
 16 -0.98050 -2.65042e-01 | 17 -0.32073 -5.21424e+01 | 18 -1.05907 -8.48911e-01
 19 -0.11928 -3.74991e-01 | 20  0.31232 -2.40079e+01 | 21 -0.16264  1.89087e+01
 22 -0.56931 -8.70232e+00 | 23  0.52485 -8.16828e+00 | 24 -0.06994  5.21967e+01
 25  0.28520 -1.24102e+02 | 26 -0.19957  1.42271e+02 | 27 -0.27365 -9.23205e+00
 28  0.61784 -2.15788e+01 | 29 -0.03725  2.41521e+02 | 30  0.30297  1.54148e-03
 31 -0.29156 -3.69817e+01 | 32 -0.87194 -4.27899e+00 | 33  1.43429  4.48772e+00
 34 -0.62322 -6.56562e-03 | 35 -0.04546 -4.99614e+01 | 36 -0.02345  1.77588e+01
 37 -0.03566 -6.96305e+00 | 38  0.55051 -1.43136e+01 | 39 -0.09252  5.53139e+01
 40  0.34531 -6.48157e+01 | 41 -0.26783  1.75723e+02 | 42  0.06821 -3.07756e+02
 43 -0.22120  3.42159e+02 | 44  0.19272 -3.37505e+01 | 45 -0.08048  6.03670e+01
 46 -0.01578  2.63338e+01 | 47 -0.07587  1.05959e+01 | 48  0.01642  1.39437e+02
 49  0.00699  2.03095e+02 | 50 -0.03295  1.39980e+02 | 51 -0.04891  1.17681e+02
 52 -0.08253  2.77435e+01 | 53  0.02004 -1.46956e+00 | 54  0.00461  7.53109e+01
 55 -0.01235  7.14880e+00 | 56 -0.04512  4.83124e+01 | 57 -0.00526  1.24751e+02
 58 -0.01723  1.14907e+02 | 59 -0.03183  1.45791e+02 | 60 -0.01215  2.01553e+02
 61 -0.03067  1.32137e+02 | 62 -0.00125  1.04332e+02 | 63 -0.01620  8.61695e+01
 64 -0.00193  1.19637e+02 | 65 -0.03640  3.74910e+01 | 66 -0.01548  7.74475e+01
 67 -0.22748 -5.40669e+01 | 68 -0.02053  1.65460e+01 | 69  0.06026  2.03657e+02
 70 -0.04612 -3.77315e+02 | 71  0.04033 -1.97283e+02 | 72 -0.00810  2.90836e+02
 73 -0.02010  2.18980e+02 | 74 -0.04765  6.86491e+01 | 75 -0.02192 -2.69532e+01
 76 -0.00875 -1.79220e+01 | 77  0.03000 -2.95165e+02 | 78 -0.01337 -6.69264e+02
 79 -0.00243 -6.09650e+02 | 80 -0.01718 -4.30567e+02 | 81 -0.00273  2.25354e+02
 82 -0.00570 -1.89585e+02 | 83 -0.02656 -1.72725e+02 | 84 -0.03084 -7.99810e+01
 85 -0.01852 -1.04744e+02 | 86  0.02763 -1.23599e+02 | 87 -0.16352 -4.13761e+00
 88 -0.00051  3.11689e+01 | 89 -0.00638 -2.71022e+02 | 90  0.00189 -1.33248e+02
 91 -0.01781 -5.93463e+01 | 92 -0.00627  5.29952e+01 |

Initial statistics: 149 variables; iteration 0; function evaluation 0; phase 4
Function value 3.2539464e+03; maximum gradient component mag -6.6926e+02
Var    Value     Gradient |Var    Value     Gradient |Var    Value     Gradient
  1  0.03973  3.27711e+02 |  2  0.01518  7.55265e+01 |  3 -0.39706 -2.28434e+02
  4 -0.09945 -1.41522e+02 |  5 -0.49131 -3.42984e+01 |  6 -0.20761 -2.08096e+01
  7  0.09000  1.98275e+01 |  8  0.18455 -7.21935e+01 |  9  0.01905 -7.62950e+00
 10  0.03651  4.47804e-01 | 11  0.37385 -2.96314e+01 | 12  0.00000 -1.98562e+01
 13  0.00000 -2.65033e+01 | 14  0.00000 -3.31107e+01 | 15  0.00000 -2.93066e+01
 16  0.00000 -2.13030e+01 | 17  0.00000 -2.51457e+01 | 18  0.00000 -3.89649e+01
 19  0.00000 -5.51236e+01 | 20  0.00000  1.76812e+01 | 21  0.00000  8.52297e+01
 22  0.00000  9.07350e+01 | 23  0.00000  5.57682e+01 | 24  0.00000  1.05293e+02
 25  0.00000  1.41386e+02 | 26  0.00000  1.67235e+02 | 27  0.00000  3.49145e+01
 28  0.00000 -3.32415e+02 | 29  0.00000 -2.61376e+01 | 30  0.00000 -2.63611e+01
 31  0.00000 -2.99084e+01 | 32  0.00000 -3.15258e+01 | 33  0.00000 -3.56315e+01
 34  0.00000  1.82105e+01 | 35  0.00000  3.65081e+01 | 36  0.00000  4.14311e+01
 37  0.00000  3.55963e+00 | 38  0.00000  5.52056e+01 | 39  0.00000  5.87185e+01
 40  0.00000  9.16440e+01 | 41  0.00000  7.76602e+01 | 42  0.00000 -1.33476e+02
 43  0.00000 -5.62947e+02 | 44  0.00000 -7.97770e+01 | 45  0.00000  2.16855e+01
 46  0.00000  1.84908e+02 | 47  0.00000 -5.22036e+01 | 48  0.00000  1.10024e+02
 49  0.00000  1.55249e+02 | 50  0.00000  2.02707e+02 | 51  0.00000  1.06467e+02
 52  0.00000  1.29318e+02 | 53  0.00000 -1.27143e+02 | 54  0.00000 -1.63841e+02
 55  0.00000 -2.60728e+01 | 56  0.00000 -1.47631e+02 | 57  0.00000 -1.74828e+02
 58  0.00000 -1.37292e+01 | 59  0.00000 -3.93298e+01 | 60  0.00000 -9.50505e+00
 61  0.00000  8.00912e+01 | 62  0.00000  9.47443e+01 | 63  0.00000  1.02714e+02
 64  0.00000  3.88099e+01 | 65  0.00000 -6.46102e+00 | 66  0.00000  4.17203e+01
 67  0.00000 -1.28369e+00 | 68  0.00000 -5.89470e+00 | 69 -0.25494 -4.68492e+00
 70  0.09921 -1.05666e-01 | 71  0.41420 -2.48139e+01 | 72 -0.09468  1.76667e+02
 73 -0.98050 -2.65042e-01 | 74 -0.32073 -5.21424e+01 | 75 -0.94093  8.48911e-01
 76 -0.11928 -3.74991e-01 | 77  0.31232 -2.40079e+01 | 78 -0.16264  1.89087e+01
 79 -0.56931 -8.70232e+00 | 80  0.52485 -8.16828e+00 | 81 -0.06994  5.21967e+01
 82  0.28520 -1.24102e+02 | 83 -0.19957  1.42271e+02 | 84 -0.27365 -9.23205e+00
 85  0.61784 -2.15788e+01 | 86 -0.03725  2.41521e+02 | 87  0.30297  1.54148e-03
 88 -0.29156 -3.69817e+01 | 89 -0.87194 -4.27899e+00 | 90  0.56571 -4.48772e+00
 91 -0.62322 -6.56562e-03 | 92 -0.04546 -4.99614e+01 | 93 -0.02345  1.77588e+01
 94 -0.03566 -6.96305e+00 | 95  0.55051 -1.43136e+01 | 96 -0.09252  5.53139e+01
 97  0.34531 -6.48157e+01 | 98 -0.26783  1.75723e+02 | 99  0.06821 -3.07756e+02
100 -0.22120  3.42159e+02 |101  0.19272 -3.37505e+01 |102 -0.08048  6.03670e+01
103 -0.01578  2.63338e+01 |104 -0.07587  1.05959e+01 |105  0.01642  1.39437e+02
106  0.00699  2.03095e+02 |107 -0.03295  1.39980e+02 |108 -0.04891  1.17681e+02
109 -0.08253  2.77435e+01 |110  0.02004 -1.46956e+00 |111  0.00461  7.53109e+01
112 -0.01235  7.14880e+00 |113 -0.04512  4.83124e+01 |114 -0.00526  1.24751e+02
115 -0.01723  1.14907e+02 |116 -0.03183  1.45791e+02 |117 -0.01215  2.01553e+02
118 -0.03067  1.32137e+02 |119 -0.00125  1.04332e+02 |120 -0.01620  8.61695e+01
121 -0.00193  1.19637e+02 |122 -0.03640  3.74910e+01 |123 -0.01548  7.74475e+01
124 -0.22748 -5.40669e+01 |125 -0.02053  1.65460e+01 |126  0.06026  2.03657e+02
127 -0.04612 -3.77315e+02 |128  0.04033 -1.97283e+02 |129 -0.00810  2.90836e+02
130 -0.02010  2.18980e+02 |131 -0.04765  6.86491e+01 |132 -0.02192 -2.69532e+01
133 -0.00875 -1.79220e+01 |134  0.03000 -2.95165e+02 |135 -0.01337 -6.69264e+02
136 -0.00243 -6.09650e+02 |137 -0.01718 -4.30567e+02 |138 -0.00273  2.25354e+02
139 -0.00570 -1.89585e+02 |140 -0.02656 -1.72725e+02 |141 -0.03084 -7.99810e+01
142 -0.01852 -1.04744e+02 |143  0.02763 -1.23599e+02 |144 -0.16352 -4.13761e+00
145 -0.00051  3.11689e+01 |146 -0.00638 -2.71022e+02 |147  0.00189 -1.33248e+02
148 -0.01781 -5.93463e+01 |149 -0.00627  5.29952e+01 |

Intermediate statistics: 149 variables; iteration 20; function evaluation 25; phase 4
Function value 2.7498409e+03; maximum gradient component mag -8.9295e+02
Var    Value     Gradient |Var    Value     Gradient |Var    Value     Gradient
  1 -0.03460  7.69387e+01 |  2 -0.07833 -5.79495e+01 |  3 -0.35786 -6.62161e+02
  4 -0.05260 -1.04636e+02 |  5 -0.41864  3.83941e+00 |  6 -0.17854  3.94101e+00
  7  0.08930 -4.71040e+01 |  8  0.22377 -7.13107e+01 |  9 -0.09205 -5.13552e+01
 10  0.03810  4.16113e+00 | 11  0.18407  2.57709e+01 | 12  0.01702 -5.30725e+00
 13  0.02686 -7.01599e+00 | 14  0.03980 -1.13147e+01 | 15  0.02063 -9.43830e+00
 16 -0.00941 -5.22843e+00 | 17 -0.00511 -4.59389e+00 | 18  0.01327  4.06746e+00
 19  0.08876 -4.95521e+00 | 20 -0.06227  2.26744e+00 | 21 -0.11647  4.33087e+00
 22 -0.10034  7.73665e+00 | 23  0.04960  1.36612e+01 | 24 -0.07213  2.04220e+01
 25 -0.14267  1.28552e+01 | 26 -0.20583  1.86263e+01 | 27 -0.25181  7.49443e+00
 28  0.18936  1.37297e+01 | 29 -0.09562 -2.43488e+00 | 30  0.00622 -2.96625e+01
 31  0.03778 -4.59361e+00 | 32  0.03547 -1.53205e+01 | 33  0.05650 -2.19650e+00
 34 -0.01925  8.72131e+00 | 35 -0.03033 -5.30862e+00 | 36 -0.05813  2.39365e+00
 37  0.06068 -4.21864e+00 | 38 -0.03419  1.60587e+01 | 39 -0.00433  7.04914e+00
 40 -0.07177  8.44557e+00 | 41 -0.10761  3.75559e+00 | 42 -0.17627 -3.25530e+00
 43  0.41855 -8.65221e+01 | 44 -0.21123  3.04773e-02 | 45 -0.00310 -1.98258e+01
 46 -0.06751  4.36787e+01 | 47  0.14254  4.33070e+01 | 48 -0.12222  1.88733e+01
 49 -0.20695  1.39622e+01 | 50 -0.23982  1.64282e+01 | 51 -0.08814 -4.43897e+00
 52 -0.19758  7.54159e+00 | 53  0.18055  1.63912e+01 | 54  0.18280 -6.79500e+00
 55  0.00752 -9.67493e+00 | 56  0.22417  1.93792e+01 | 57  0.29484  5.16090e+01
 58 -0.05725  1.78782e+01 | 59  0.09557 -4.05394e+00 | 60  0.10038 -9.77787e+00
 61 -0.07551  1.69611e+00 | 62 -0.14281  8.87919e+00 | 63 -0.12066  6.21815e+00
 64 -0.02111 -1.31397e+01 | 65  0.04362 -1.25441e+01 | 66 -0.09955  8.33998e+00
 67 -0.00487  7.34276e-01 | 68  0.02667 -5.29081e+00 | 69 -0.21740 -3.83203e+00
 70  0.07601  8.39396e+00 | 71  0.41238  1.04153e+01 | 72 -0.11771 -5.09103e+01
 73 -0.97937 -2.93429e-01 | 74 -0.26981 -6.51142e-01 | 75 -0.94121 -2.80777e-01
 76 -0.12361  7.12296e-01 | 77  0.32094 -1.03281e+01 | 78 -0.16200 -5.18590e+00
 79 -0.54641 -5.69441e+00 | 80  0.52434 -5.60115e+00 | 81 -0.07747  2.79598e+01
 82  0.34626  1.12114e+01 | 83 -0.19556 -5.82272e+01 | 84 -0.26433 -3.02513e+00
 85  0.58764  6.87963e+00 | 86 -0.04779 -9.18722e+00 | 87  0.30297  1.16498e-03
 88 -0.30591 -3.53471e+01 | 89 -0.85584 -1.76767e+00 | 90  0.55706  3.04714e+00
 91 -0.62320 -3.70085e-03 | 92 -0.02910 -2.54667e+01 | 93 -0.02261  8.53937e+00
 94 -0.05873 -1.07360e+00 | 95  0.54710 -6.29431e+00 | 96 -0.11138  2.55913e+01
 97  0.35901 -4.76757e+01 | 98 -0.28453  1.17362e+02 | 99  0.14330  1.38907e+01
100 -0.19389 -1.39433e+01 |101  0.19073 -2.36391e+01 |102 -0.08375  4.38531e+01
103 -0.06638 -6.05984e+00 |104 -0.02535 -5.58060e+01 |105 -0.01835 -1.37220e+02
106 -0.00894 -3.32314e+01 |107 -0.04058 -1.40388e+00 |108 -0.03039 -1.53011e+00
109 -0.06608  1.77346e+01 |110  0.01159  4.78873e+02 |111 -0.01036  2.87152e+02
112 -0.01571  1.30948e+02 |113 -0.05051  5.52296e+01 |114 -0.01136  7.09912e+00
115 -0.03871 -1.30393e+02 |116 -0.06009 -6.48541e+01 |117 -0.01724 -1.07917e+00
118 -0.04748 -7.39124e+01 |119 -0.01824 -2.16503e+02 |120 -0.03172 -1.21917e+02
121 -0.00533 -4.23621e+01 |122 -0.05510 -1.36140e+01 |123 -0.03099  1.67917e+01
124 -0.06378 -1.80839e+01 |125 -0.01738 -1.23438e+02 |126  0.01243 -4.09408e+01
127 -0.03236 -1.88172e+02 |128  0.03150 -5.63821e+02 |129 -0.01525  3.69438e+02
130 -0.01802  1.80290e+02 |131 -0.05823 -2.06600e+01 |132 -0.01195  7.80937e+01
133 -0.01590  9.92378e+01 |134  0.02612 -3.75540e+02 |135 -0.00939 -3.83645e+02
136 -0.01665 -8.92951e+02 |137 -0.02285 -4.23160e+02 |138 -0.02247 -1.91415e+02
139 -0.00864  2.72054e+01 |140 -0.03915 -1.75562e+02 |141 -0.04665 -2.66838e+02
142 -0.02753 -2.45408e+02 |143  0.01365 -1.63332e+02 |144 -0.15866  3.14380e+00
145 -0.00925  2.24499e+01 |146 -0.00210  4.35296e+00 |147  0.00577  3.12819e+02
148 -0.01976  1.23980e+02 |149 -0.01577  8.03142e+01 |
149 variables; iteration 40; function evaluation 46; phase 4
Function value 2.7249821e+03; maximum gradient component mag -7.5537e+02
Var    Value     Gradient |Var    Value     Gradient |Var    Value     Gradient
  1 -0.13434  1.77000e+02 |  2 -0.08928  5.73236e+00 |  3 -0.37710 -1.21097e+02
  4 -0.05539 -2.29173e+01 |  5 -0.42280  2.09927e+01 |  6 -0.10289  1.21303e+01
  7  0.09524  9.16736e+01 |  8  0.20841 -3.14331e+00 |  9 -0.06417 -2.87692e+00
 10  0.04295  1.64558e+01 | 11  0.02169 -1.17594e+02 | 12  0.01555 -8.68247e+00
 13  0.03193 -9.84383e+00 | 14  0.08539 -1.52297e+01 | 15  0.04830 -1.14699e+01
 16 -0.00684 -9.90376e+00 | 17  0.03019 -1.87960e+01 | 18 -0.03322 -1.34698e+01
 19  0.14594 -2.98019e+01 | 20 -0.09346 -1.00515e+01 | 21 -0.10456 -1.06774e+01
 22 -0.12994 -1.01564e+00 | 23  0.08207  2.28904e+00 | 24 -0.03498  4.07507e-01
 25 -0.13446  4.01175e+00 | 26 -0.24412  1.97163e+00 | 27 -0.36339 -6.47826e+00
 28  0.22364 -4.24944e+00 | 29 -0.14437 -7.74542e+00 | 30  0.04151 -1.39734e+01
 31  0.03152 -6.80193e+00 | 32  0.02096  3.52894e+00 | 33  0.04578  8.27685e+00
 34 -0.05087  4.61594e+00 | 35 -0.02502  2.29890e+00 | 36 -0.12988  1.84511e+00
 37  0.04884  2.63460e+00 | 38 -0.08599  9.66072e-01 | 39 -0.03318  2.56241e+00
 40 -0.10218  4.13849e+00 | 41 -0.13046  2.15396e+00 | 42 -0.35736 -1.02278e+01
 43  0.43747  2.80566e+01 | 44 -0.40596 -8.07429e+00 | 45  0.02121  3.46511e+00
 46 -0.15021  1.40768e+01 | 47  0.08538 -2.25532e+01 | 48 -0.16246  1.33867e+01
 49 -0.26885  8.21951e+00 | 50 -0.32726  4.82730e+00 | 51 -0.08598  9.03581e+00
 52 -0.26851 -5.23200e+00 | 53  0.15074  7.11508e+00 | 54  0.14784 -2.23464e+01
 55  0.01615 -3.13983e+00 | 56  0.18759 -1.24867e+01 | 57  0.23397 -1.91183e+01
 58 -0.15079 -5.69642e+00 | 59  0.09353  9.16121e+00 | 60  0.10714  5.83147e+00
 61 -0.08136  3.92414e+00 | 62 -0.19510  4.08061e+00 | 63 -0.11937  8.36221e+00
 64  0.02020  9.28802e+00 | 65  0.06089  3.95266e+00 | 66 -0.14333 -6.62729e-01
 67 -0.00264 -8.45182e-01 | 68  0.08849 -1.64911e+00 | 69 -0.19318  2.68259e+00
 70 -0.00726  4.84416e+00 | 71  0.42897  2.44185e+01 | 72 -0.11086 -9.26421e+01
 73 -0.97649 -2.22650e-01 | 74 -0.27619 -2.76773e+00 | 75 -0.93859 -1.24436e-01
 76 -0.14399  2.78050e+00 | 77  0.30391  2.17001e+01 | 78 -0.16269 -4.62059e+01
 79 -0.50860 -8.18530e-01 | 80  0.52390  1.31779e+00 | 81 -0.07879 -4.99610e+00
 82  0.35186 -6.23781e+01 | 83 -0.17774  1.23988e+02 | 84 -0.24979 -2.98239e+00
 85  0.51581 -1.02442e+01 | 86 -0.04510  1.05082e+02 | 87  0.30296 -2.80422e-04
 88 -0.30446 -1.73624e+01 | 89 -0.82382 -2.92330e+00 | 90  0.48033  1.12442e+01
 91 -0.62318 -1.65907e-03 | 92 -0.00326 -9.11468e-01 | 93 -0.00399 -2.28112e+00
 94 -0.10423  2.32133e+00 | 95  0.52647 -1.09399e+00 | 96 -0.12346  8.43980e+00
 97  0.41530 -9.01310e+00 | 98 -0.27928  1.71636e+01 | 99  0.10421 -9.57094e+00
100 -0.20917  1.20830e+01 |101  0.16307  1.31318e+01 |102 -0.11651 -1.31564e+01
103 -0.13952 -7.04594e+00 |104  0.00977  3.57151e+01 |105  0.01355  8.01538e+01
106 -0.02649  6.58989e+01 |107 -0.04676  4.50213e+01 |108 -0.02318  4.16172e+01
109 -0.05284  1.94461e+01 |110  0.01448  3.19042e+02 |111 -0.00376  1.67537e+02
112 -0.00765  5.89671e+01 |113 -0.05010  6.93729e+00 |114 -0.01495 -6.38825e+01
115 -0.01941  3.56896e+01 |116 -0.04223  6.48489e+01 |117 -0.01861  9.67411e+01
118 -0.03458  3.90343e+01 |119 -0.00271  1.50694e+01 |120 -0.02028  1.38153e+01
121 -0.00908  1.97979e+01 |122 -0.05988 -2.13908e+00 |123 -0.05475  7.19874e+00
124 -0.00018  2.91155e+01 |125 -0.03085  1.46300e+01 |126  0.04188  1.27877e+02
127 -0.01605  8.04856e+01 |128  0.03663 -3.15659e+02 |129 -0.01035  5.36605e+02
130 -0.00787  4.01521e+02 |131 -0.04126  7.72074e+01 |132 -0.00771  8.04544e+01
133 -0.01219  9.15340e+01 |134  0.03322 -1.26158e+02 |135 -0.00423 -3.90371e+02
136 -0.00984 -7.55374e+02 |137 -0.01877 -4.07706e+02 |138 -0.01462 -1.18046e+02
139 -0.00652 -2.44480e+02 |140 -0.03350 -2.91368e+01 |141 -0.03977 -1.50941e+02
142 -0.02201 -1.71314e+02 |143  0.02546 -7.52039e+01 |144 -0.16466 -1.03847e+00
145 -0.00834 -7.88230e+00 |146  0.00450 -1.90325e+01 |147  0.00289 -2.13646e+01
148 -0.01830 -2.47903e+01 |149 -0.01238  5.17844e+01 |
149 variables; iteration 60; function evaluation 67; phase 4
Function value 2.7188185e+03; maximum gradient component mag -7.3132e+02
Var    Value     Gradient |Var    Value     Gradient |Var    Value     Gradient
  1 -0.15004 -2.89461e+01 |  2 -0.06621 -4.25699e+00 |  3 -0.37868 -3.22774e+02
  4 -0.04747 -3.08392e+01 |  5 -0.42524  3.19013e+01 |  6 -0.07640 -1.15232e+01
  7  0.09908  7.35084e+01 |  8  0.19535 -2.36068e+01 |  9 -0.06246 -8.27388e+00
 10  0.03661  2.13583e+01 | 11  0.02395  6.89165e+01 | 12 -0.02180 -7.93130e-01
 13 -0.01945 -5.17466e-01 | 14  0.13890  3.06242e+00 | 15  0.00958 -6.86220e-01
 16 -0.09911 -3.89995e+00 | 17  0.07759  5.25903e-01 | 18 -0.17014 -7.41892e+00
 19  0.15711  1.55505e+01 | 20 -0.13220 -2.23868e+00 | 21 -0.07379  5.53094e+00
 22 -0.14583  3.11936e+00 | 23  0.07273  1.53745e+01 | 24 -0.03869  9.27061e+00
 25 -0.15589  5.61304e+00 | 26 -0.23961  5.40019e+00 | 27 -0.33143 -2.72954e+00
 28  0.21808  4.49561e+01 | 29 -0.14608 -1.11947e+00 | 30  0.04675  1.28846e+01
 31  0.03141  4.71353e+00 | 32  0.01679  8.80646e+00 | 33  0.04036  6.82974e+00
 34 -0.05900  2.25501e+00 | 35 -0.03055  3.84604e-01 | 36 -0.15400 -1.44333e+00
 37  0.04075 -2.13672e-01 | 38 -0.09633  4.65498e-01 | 39 -0.05198 -8.75012e-01
 40 -0.12710  1.85760e+00 | 41 -0.14454  1.09240e+00 | 42 -0.36516 -1.03839e+01
 43  0.41171  1.03237e+01 | 44 -0.48004 -9.88255e+00 | 45  0.00166  4.15415e+00
 46 -0.15499  1.81053e+01 | 47  0.06401 -1.64012e+01 | 48 -0.19071  8.60878e+00
 49 -0.30580  5.10979e+00 | 50 -0.37669  2.49486e+00 | 51 -0.12287  3.95723e+00
 52 -0.31026 -6.74679e+00 | 53  0.12395  2.65515e+00 | 54  0.12606 -2.13840e+01
 55 -0.02510 -1.07487e+01 | 56  0.15734 -1.69262e+01 | 57  0.21147 -2.09806e+01
 58 -0.14683 -3.32803e+00 | 59  0.06234  1.97504e+00 | 60  0.07058 -2.08108e+00
 61 -0.10867  7.13699e-01 | 62 -0.23375  2.30068e+00 | 63 -0.17446  3.90968e+00
 64 -0.02432  5.13396e+00 | 65  0.02299  3.40883e+00 | 66 -0.17409 -2.62574e+00
 67 -0.00077  1.33594e+00 | 68  0.16380  3.98734e+00 | 69 -0.28075 -3.39478e+00
 70 -0.13882 -4.70350e+00 | 71  0.40689  2.69880e+01 | 72 -0.11321 -1.16594e+02
 73 -0.95718 -4.67181e-01 | 74 -0.26803  1.21044e+00 | 75 -0.92457 -5.04408e-01
 76 -0.29863 -1.09355e+01 | 77  0.28240  2.40090e+01 | 78 -0.16851 -5.24763e+01
 79 -0.47234  3.32162e+00 | 80  0.49630 -2.55887e-01 | 81 -0.07507  5.27946e+00
 82  0.33903 -3.60148e+01 | 83 -0.18328  6.29465e+01 | 84 -0.20156 -1.27991e+00
 85  0.41475 -2.18856e+01 | 86 -0.05717  1.35178e+02 | 87  0.30313 -6.32604e-03
 88 -0.25593 -5.84740e+01 | 89 -0.52747  6.26147e+00 | 90  0.31053 -3.00930e+00
 91 -0.62288 -7.28111e-03 | 92  0.02156 -1.05067e+01 | 93  0.02781  3.81159e+00
 94 -0.17873 -5.41291e+00 | 95  0.42768 -3.52311e+00 | 96 -0.16321  6.56730e+00
 97  0.45646 -8.56335e+00 | 98 -0.26197  3.30825e+01 | 99  0.09348 -4.71619e+00
100 -0.21415  7.21483e+00 |101  0.04330 -1.16491e+01 |102 -0.20008  5.55555e+00
103 -0.12928 -1.12394e+01 |104  0.00477  3.11046e+00 |105  0.01060  1.63068e+01
106 -0.02623  3.85647e+01 |107 -0.04204  2.42748e+01 |108 -0.02735  1.28456e+01
109 -0.05069  8.95856e+00 |110  0.01480  1.89932e+02 |111 -0.00835  8.49289e+01
112 -0.00827  2.42527e+01 |113 -0.05321 -9.99442e+00 |114 -0.01477 -5.06189e+01
115 -0.01723  6.36887e+01 |116 -0.04637  4.88624e+01 |117 -0.01939  8.63404e+01
118 -0.03558  2.75665e+01 |119 -0.00522 -2.13101e+01 |120 -0.01656  2.26794e+01
121 -0.01096 -1.30277e+00 |122 -0.05749 -5.15810e+00 |123 -0.05442  1.76466e+00
124 -0.00093  2.39302e+01 |125 -0.03084 -6.38068e+00 |126  0.04146  1.07714e+02
127 -0.01630  6.99232e+01 |128  0.03684 -3.34016e+02 |129 -0.01000  4.90854e+02
130 -0.00967  3.19256e+02 |131 -0.04118  5.42154e+01 |132 -0.00748  6.07910e+01
133 -0.01258  5.22791e+01 |134  0.03257 -1.81007e+02 |135 -0.00267 -3.44909e+02
136 -0.00992 -7.31318e+02 |137 -0.01915 -4.27461e+02 |138 -0.01501 -1.28269e+02
139 -0.00561 -1.96527e+02 |140 -0.03302 -6.19448e+01 |141 -0.03966 -1.83461e+02
142 -0.02213 -2.18904e+02 |143  0.02452 -1.33471e+02 |144 -0.16173  6.29056e-01
145 -0.01670 -5.95363e+01 |146  0.00712 -1.68124e+01 |147  0.00292 -3.20099e+01
148 -0.01845 -1.18185e+01 |149 -0.01042  8.57186e+01 |
149 variables; iteration 80; function evaluation 89; phase 4
Function value 2.7021751e+03; maximum gradient component mag -1.6130e+02
Var    Value     Gradient |Var    Value     Gradient |Var    Value     Gradient
  1 -0.16015  8.62946e+01 |  2 -0.05050 -5.60072e-01 |  3 -0.37567 -1.61302e+02
  4 -0.05682 -3.39766e+01 |  5 -0.43690 -1.48887e+00 |  6 -0.06290  7.30994e+00
  7  0.09868 -1.40971e+01 |  8  0.17749 -3.65346e+01 |  9 -0.06465 -2.04627e+01
 10  0.03527 -9.20021e-02 | 11  0.00292 -4.53933e+01 | 12 -0.00404 -2.53333e+00
 13 -0.07450 -3.97246e+00 | 14  0.17211 -1.15705e+00 | 15 -0.01304 -4.62889e+00
 16 -0.04595 -7.93975e+00 | 17  0.04394 -1.55102e+01 | 18 -0.04949 -8.50922e+00
 19  0.14939 -7.48023e+00 | 20 -0.08866 -4.98658e+00 | 21 -0.09237 -5.30033e+00
 22 -0.13227 -4.41543e+00 | 23  0.07225 -1.19895e+01 | 24 -0.02161  5.91182e-01
 25 -0.16056  2.40231e+00 | 26 -0.22068  5.46941e+00 | 27 -0.29986 -1.96168e+00
 28  0.22575 -5.81638e+00 | 29 -0.12757 -5.78255e+00 | 30  0.04230 -6.83824e+00
 31  0.03572 -1.59866e+00 | 32  0.03167 -4.18794e+00 | 33  0.04600 -1.31365e+00
 34 -0.04049  5.00574e+00 | 35 -0.02566  3.09662e+00 | 36 -0.13259 -1.94676e-02
 37  0.04180 -5.96738e+00 | 38 -0.07195  4.63022e+00 | 39 -0.02889  4.72288e+00
 40 -0.11302  3.86341e+00 | 41 -0.14182  1.81124e+00 | 42 -0.23082 -5.52971e+00
 43  0.42331 -6.65738e+00 | 44 -0.47876 -1.14177e+01 | 45 -0.01258 -1.13686e+01
 46 -0.13337  8.52890e+00 | 47  0.08773  3.59512e+00 | 48 -0.17423  6.80652e-01
 49 -0.27688  3.23291e+00 | 50 -0.33119  6.34519e+00 | 51 -0.11630 -1.70835e+00
 52 -0.25089  1.85903e+00 | 53  0.14745  1.82835e+01 | 54  0.15322  9.18281e+00
 55 -0.00233 -1.38264e+00 | 56  0.16304 -1.29268e+01 | 57  0.24081  4.24863e-01
 58 -0.13082  7.72900e-02 | 59  0.07159 -4.94365e+00 | 60  0.08152 -6.19598e-03
 61 -0.09136  3.14187e+00 | 62 -0.21231  2.92067e+00 | 63 -0.16078  2.51757e+00
 64 -0.01218 -3.43699e-01 | 65  0.03967  2.48528e+00 | 66 -0.13562  1.77099e+00
 67  0.01110 -6.62491e-01 | 68  0.11595 -4.11734e-01 | 69 -0.23852  4.30051e-01
 70 -0.08047  1.29812e+00 | 71  0.34682 -1.30959e+00 | 72 -0.12049  6.11465e+01
 73 -0.31958 -1.25691e+00 | 74 -0.22411  4.62431e+00 | 75 -0.56758  1.74072e+00
 76 -0.27447  4.14806e+00 | 77  0.27658 -1.83180e+01 | 78 -0.16545  1.62562e+01
 79 -0.48589 -3.03642e+00 | 80  0.27589  4.11044e+00 | 81 -0.14454 -6.47021e+00
 82  0.34411 -1.15271e+01 | 83 -0.18329  1.53454e+01 | 84  0.19669 -6.26794e-03
 85  0.38934 -1.02579e+01 | 86 -0.06504  8.30434e+01 | 87  0.30813 -5.63293e-03
 88 -0.24488 -1.91500e+01 | 89 -0.50914 -2.15167e-01 | 90  0.32330  9.32182e+00
 91 -0.61539 -4.09599e-03 | 92 -0.00117 -6.06575e+00 | 93  0.00880  2.37133e+00
 94 -0.12853 -1.05447e+00 | 95  0.46114 -1.17538e+00 | 96 -0.14584  5.70592e+00
 97  0.42711 -4.65813e+00 | 98 -0.27172  1.30395e+01 | 99  0.07640 -4.97873e+01
100 -0.22457  5.56162e+01 |101  0.10229  1.17501e+01 |102 -0.15749 -8.58888e+00
103 -0.09531 -1.63198e+00 |104 -0.00372 -8.76133e+00 |105  0.01299 -1.08028e+01
106 -0.03791  1.08112e+01 |107 -0.04320  8.36722e+00 |108 -0.02173 -2.52410e-01
109 -0.05789 -4.80232e+00 |110  0.01587  6.19869e+01 |111 -0.01779  2.12464e+01
112 -0.00595  3.02294e+00 |113 -0.05503 -1.42410e+01 |114 -0.00742 -2.07182e+01
115 -0.02611 -5.11663e+01 |116 -0.05084 -1.51539e+01 |117 -0.02271 -6.94350e+00
118 -0.03484 -1.41285e+01 |119 -0.00378 -5.84991e+01 |120 -0.02039 -2.72452e+01
121 -0.01023 -2.43597e+01 |122 -0.05208 -1.15032e+01 |123 -0.05162 -1.84144e+01
124 -0.01625 -1.77485e+01 |125 -0.01295 -2.84362e+01 |126  0.01684  2.46002e+01
127 -0.02232 -8.08454e+01 |128  0.04316  3.52532e+01 |129 -0.01767 -1.18822e+02
130 -0.01676 -7.47450e+01 |131 -0.04601 -6.17406e+01 |132 -0.00974 -2.94580e+01
133 -0.01358 -5.79350e+00 |134  0.03550  2.95295e+01 |135 -0.00041 -9.40892e+00
136 -0.00403  6.17021e+00 |137 -0.01410  1.50210e+01 |138 -0.01738 -7.92330e+01
139 -0.00541 -5.93344e+01 |140 -0.03371 -4.12706e+01 |141 -0.03594  3.83244e+01
142 -0.02011 -8.66698e+00 |143  0.02408 -1.82115e+00 |144 -0.17366 -8.57764e+00
145 -0.00972  3.96225e+00 |146  0.00463 -1.37748e+01 |147  0.00361 -1.20389e+00
148 -0.02066 -3.89839e+01 |149 -0.01465  2.57756e+01 |
149 variables; iteration 100; function evaluation 109; phase 4
Function value 2.6985926e+03; maximum gradient component mag 1.3031e+02
Var    Value     Gradient |Var    Value     Gradient |Var    Value     Gradient
  1 -0.15752  1.30308e+02 |  2 -0.05365 -4.84169e-01 |  3 -0.37286 -3.84098e+00
  4 -0.05036 -2.84327e+00 |  5 -0.44199 -9.36977e+00 |  6 -0.06904  1.48167e+00
  7  0.09811  3.11015e+00 |  8  0.17825 -1.14463e+01 |  9 -0.05834 -4.23872e+00
 10  0.03545 -2.49794e+00 | 11  0.00702 -8.15133e+01 | 12 -0.01694 -5.35556e+00
 13 -0.04827 -5.79757e+00 | 14  0.15399 -1.20883e+01 | 15 -0.01139 -8.25986e+00
 16 -0.05627 -8.31456e+00 | 17  0.06138 -1.01222e+01 | 18 -0.03739 -5.53051e+00
 19  0.14155 -1.04156e+01 | 20 -0.08354 -4.39784e+00 | 21 -0.07829 -1.18729e+00
 22 -0.12758 -1.99605e+00 | 23  0.07188 -1.33192e+01 | 24 -0.02263 -1.19614e+00
 25 -0.15265  3.24885e+00 | 26 -0.22178  5.67070e+00 | 27 -0.30746 -3.35228e+00
 28  0.22159 -4.15779e+01 | 29 -0.14291 -8.38752e+00 | 30  0.04244 -8.92197e+00
 31  0.03639 -1.61972e+00 | 32  0.02950 -6.05486e+00 | 33  0.04592 -5.78247e+00
 34 -0.04276 -7.01345e-02 | 35 -0.03598 -2.71053e+00 | 36 -0.13221  5.56660e-01
 37  0.04906  4.42839e-03 | 38 -0.07334  2.73790e+00 | 39 -0.03846 -1.37996e-01
 40 -0.11924  1.79097e+00 | 41 -0.15120 -2.63506e-01 | 42 -0.24366 -6.37306e+00
 43  0.42446 -1.34107e+01 | 44 -0.42378 -1.09581e+01 | 45 -0.00110 -2.04043e+00
 46 -0.14901  2.97498e+00 | 47  0.08958  6.94275e+00 | 48 -0.15664  6.28886e+00
 49 -0.28081  2.69050e+00 | 50 -0.34196  4.94927e+00 | 51 -0.10914  2.80312e+00
 52 -0.25725  3.31099e-01 | 53  0.13918  3.10726e+00 | 54  0.15539  9.27262e+00
 55 -0.00098  2.54540e-01 | 56  0.17532 -1.22872e+00 | 57  0.23924  4.72260e+00
 58 -0.12625  7.69012e-01 | 59  0.08364  2.39418e+00 | 60  0.08458  4.47831e+00
 61 -0.10231  1.45487e+00 | 62 -0.21980  2.04747e+00 | 63 -0.16721  2.55447e+00
 64  0.00028  6.21886e+00 | 65  0.02315 -7.41169e+00 | 66 -0.12811  3.42255e+00
 67  0.00959 -7.01995e-01 | 68  0.12889 -1.96011e-01 | 69 -0.23996  4.72308e-01
 70 -0.09056  4.42913e-01 | 71  0.30311 -1.68280e+01 | 72 -0.13358  8.86059e+01
 73  0.25375  2.68421e-03 | 74 -0.24117  1.52341e+00 | 75 -0.65078 -1.69906e-01
 76 -0.28804 -1.40368e+00 | 77  0.28225 -1.68748e+01 | 78 -0.16339  2.11988e+01
 79 -0.49281 -3.09781e+00 | 80  0.25171 -4.83750e+00 | 81 -0.14477  1.14021e+01
 82  0.35695  7.75931e+00 | 83 -0.18090 -1.85690e+01 | 84 -0.22378 -1.32468e+00
 85  0.36411 -1.27037e+01 | 86 -0.07207  7.16041e+01 | 87  0.31286 -5.72636e-03
 88 -0.23393 -3.29769e+01 | 89 -0.47341  4.08865e+00 | 90  0.29867  2.53764e-01
 91 -0.60983 -7.13001e-03 | 92  0.00236 -3.06919e+00 | 93  0.01485  3.59085e+00
 94 -0.12948  6.63472e-01 | 95  0.40607 -5.99030e+00 | 96 -0.17594  5.71484e+00
 97  0.44353 -2.77556e+00 | 98 -0.26881  7.85155e+00 | 99  0.07670 -3.74995e+01
100 -0.22503  3.95746e+01 |101  0.12182 -3.32526e+00 |102 -0.13445  1.26445e+01
103 -0.09265  1.08605e+00 |104 -0.00472 -5.08962e+00 |105  0.01350 -3.41942e+00
106 -0.03929  9.22400e+00 |107 -0.05061  9.16446e+00 |108 -0.02174  1.00203e+00
109 -0.05229  4.30959e+00 |110  0.01416  3.59184e+01 |111 -0.01626  1.09077e+01
112 -0.00723 -1.27149e+01 |113 -0.05344 -6.16780e+00 |114 -0.00867 -2.18842e+01
115 -0.02510 -4.60771e+01 |116 -0.05467 -2.52423e+01 |117 -0.02502 -1.97989e+01
118 -0.03331 -1.64610e+01 |119 -0.00279 -3.99056e+01 |120 -0.02175 -2.33633e+01
121 -0.01299 -2.09026e+01 |122 -0.05502 -1.07767e+01 |123 -0.04754 -8.86589e+00
124 -0.01339 -1.06438e+01 |125 -0.00389  5.87317e+01 |126  0.00147  5.69948e+01
127 -0.01840 -1.77544e+01 |128  0.04196  5.79855e+01 |129 -0.01883 -1.18642e+02
130 -0.01794 -8.04921e+01 |131 -0.04308 -4.17251e+01 |132 -0.01008 -1.64099e+01
133 -0.01455  1.34967e+00 |134  0.03477  4.67889e+01 |135 -0.00027  2.83623e+01
136 -0.00404  8.39300e+01 |137 -0.01483  4.58916e+01 |138 -0.01774 -2.57408e+01
139 -0.00548 -4.24520e+00 |140 -0.03474 -1.15433e+01 |141 -0.03672  6.21669e+01
142 -0.01869  3.31065e+01 |143  0.02189  9.32562e+00 |144 -0.16332  1.50874e+00
145 -0.00855  1.39635e+01 |146  0.00385 -5.18094e+00 |147  0.00244  3.24246e+00
148 -0.01932 -1.47281e+01 |149 -0.01812 -4.90399e+00 |
149 variables; iteration 120; function evaluation 131; phase 4
Function value 2.6949031e+03; maximum gradient component mag 9.2319e+01
Var    Value     Gradient |Var    Value     Gradient |Var    Value     Gradient
  1 -0.16535  9.23189e+01 |  2 -0.05488 -7.97523e+00 |  3 -0.37566  1.20166e+01
  4 -0.04561  1.06852e+01 |  5 -0.43876 -1.42502e+00 |  6 -0.05621  3.38056e+00
  7  0.09292  1.90971e+01 |  8  0.19642  2.02524e+01 |  9 -0.05524  9.49761e+00
 10  0.03968 -1.56891e+00 | 11 -0.00428 -5.30370e+01 | 12  0.00599 -4.08395e+00
 13 -0.04470 -5.17155e+00 | 14  0.15277 -1.04156e+01 | 15 -0.02669 -6.68996e+00
 16 -0.01590 -4.97419e+00 | 17  0.05556 -5.14271e+00 | 18 -0.02602 -4.60307e+00
 19  0.13442 -1.14671e+01 | 20 -0.05340 -8.33204e-01 | 21 -0.08539 -6.10088e-01
 22 -0.12695 -1.57355e-01 | 23  0.08065 -1.90735e+00 | 24 -0.01375  1.01669e+00
 25 -0.16864  4.48305e-01 | 26 -0.25233  4.33194e-01 | 27 -0.31304 -4.43645e+00
 28  0.22653 -2.94865e+01 | 29 -0.12180 -3.32315e+00 | 30  0.03983 -3.12234e+00
 31  0.03839  4.84766e+00 | 32  0.03673  5.77020e+00 | 33  0.04669  3.54581e-01
 34 -0.04212  1.31988e+00 | 35 -0.03272  5.43586e-01 | 36 -0.14623  1.67034e+00
 37  0.05701  1.08214e+01 | 38 -0.08783  1.16720e+00 | 39 -0.04780 -2.38040e+00
 40 -0.13465 -4.48517e-01 | 41 -0.16114 -2.07031e+00 | 42 -0.27351 -7.88026e+00
 43  0.41980 -6.62604e+00 | 44 -0.30113 -5.65907e+00 | 45  0.00040  3.16464e+00
 46 -0.14591  6.30847e+00 | 47  0.08410  1.02623e+00 | 48 -0.17270  2.34606e+00
 49 -0.30670  6.42820e-02 | 50 -0.37526  1.01006e+00 | 51 -0.11749  1.73574e+00
 52 -0.24405  4.99685e+00 | 53  0.12693 -8.21996e+00 | 54  0.13927 -8.15716e+00
 55  0.00225  1.63373e+00 | 56  0.17414 -6.49008e-01 | 57  0.23026 -1.62859e-01
 58 -0.15102 -3.20485e+00 | 59  0.06798 -5.81466e-01 | 60  0.08392  4.15951e+00
 61 -0.10555  1.92133e+00 | 62 -0.22897  1.62181e+00 | 63 -0.16573  3.33767e+00
 64 -0.01370  2.90682e+00 | 65  0.03040 -2.43327e+00 | 66 -0.13076  2.67252e+00
 67  0.01213  7.76019e-01 | 68  0.11844 -8.63301e-01 | 69 -0.23589  1.50910e+00
 70 -0.08684  7.13919e-01 | 71  0.25765 -2.99814e+01 | 72 -0.15009  8.37588e+01
 73  0.10933 -5.03291e-02 | 74 -0.23745  6.51888e-02 | 75 -0.62767  5.58574e-01
 76 -0.29320 -2.39908e+00 | 77  0.28333  6.95180e-01 | 78 -0.16265  5.82603e+00
 79 -0.48415  1.07553e+00 | 80  0.30588  4.66290e-01 | 81 -0.12639  3.16203e+00
 82  0.35585 -6.07187e+00 | 83 -0.17771  1.73706e+01 | 84 -0.03129 -1.34106e-01
 85  0.34054 -6.31350e+00 | 86 -0.08012  3.37517e+01 | 87  0.32455 -2.58781e-04
 88 -0.21193 -1.70821e+01 | 89 -0.42484  3.14880e+00 | 90  0.27159 -6.61589e+00
 91 -0.59099 -1.13013e-02 | 92  0.00675  1.69142e-01 | 93  0.01442  8.24777e-01
 94 -0.13802  4.47814e-01 | 95  0.43768 -2.12694e+00 | 96 -0.15824  4.89360e+00
 97  0.41670 -5.10407e+00 | 98 -0.27379  1.30381e+01 | 99  0.07550 -3.06803e+00
100 -0.22739  1.50231e-01 |101  0.08760 -6.89275e+00 |102 -0.16182  9.75543e+00
103 -0.08985  1.96898e+00 |104 -0.00234  6.34762e+00 |105  0.01455  2.16697e+01
106 -0.04708  1.69196e+01 |107 -0.05473  1.43574e+01 |108 -0.01209  2.58696e+01
109 -0.04948  1.05902e+01 |110  0.01384 -6.14034e+01 |111 -0.01595 -2.25167e+01
112 -0.00714 -3.93176e+01 |113 -0.05139 -5.10393e+00 |114 -0.00917 -1.38657e+01
115 -0.02246 -2.50633e+00 |116 -0.05365 -6.80382e-01 |117 -0.02585  6.55921e+00
118 -0.02932  7.91489e+00 |119 -0.00184  9.34982e+00 |120 -0.02185  3.35724e+00
121 -0.01200  8.84838e+00 |122 -0.05265  2.03829e+00 |123 -0.04550  1.62065e+00
124 -0.00940 -4.01837e+00 |125 -0.00150 -6.12966e+01 |126 -0.00785 -8.97543e+00
127 -0.01584 -2.38701e+01 |128  0.04168 -5.08523e+00 |129 -0.01694 -7.56723e+00
130 -0.01630  3.55514e+00 |131 -0.03783  1.04504e+01 |132 -0.00921  3.09757e+00
133 -0.01485  2.55463e+00 |134  0.03451 -1.59321e+01 |135  0.00095  4.24094e+01
136 -0.00387  5.86602e+01 |137 -0.01578  3.72212e+00 |138 -0.01660  2.47970e+01
139 -0.00483  1.04559e+01 |140 -0.03429  5.72230e+00 |141 -0.03889 -1.12979e+01
142 -0.01834  9.87980e+00 |143  0.02366  5.55002e+00 |144 -0.16592 -2.59698e-01
145 -0.00973  4.52443e+00 |146  0.00487  1.54070e+00 |147  0.00213  1.04979e+01
148 -0.01679  1.43851e+01 |149 -0.01745  2.74391e+00 |
149 variables; iteration 140; function evaluation 155; phase 4
Function value 2.6929413e+03; maximum gradient component mag 5.0226e+01
Var    Value     Gradient |Var    Value     Gradient |Var    Value     Gradient
  1 -0.18483  5.02262e+01 |  2 -0.04740 -1.71825e+00 |  3 -0.37949  1.26747e+01
  4 -0.05000 -3.69898e-01 |  5 -0.43635  1.11195e+00 |  6 -0.03857  4.84620e+00
  7  0.09318  8.86985e+00 |  8  0.19002  6.09671e+00 |  9 -0.05520  4.11432e+00
 10  0.03937 -3.77113e-01 | 11 -0.02873 -3.71681e+01 | 12 -0.05791 -3.73569e+00
 13  0.04328 -6.47679e-01 | 14  0.13963 -2.19004e+00 | 15 -0.01247 -3.51626e+00
 16 -0.00054 -2.23056e+00 | 17  0.04784 -4.41079e+00 | 18 -0.01864 -4.48352e+00
 19  0.13783 -1.11434e+01 | 20 -0.05921 -1.55816e+00 | 21 -0.07755 -3.90904e-01
 22 -0.12785 -1.52366e+00 | 23  0.08447 -5.90867e+00 | 24 -0.01367  5.60111e-02
 25 -0.15568  1.95955e+00 | 26 -0.26461 -1.18850e+00 | 27 -0.28446 -2.09422e+00
 28  0.23181 -1.76173e+01 | 29 -0.12010 -4.13419e+00 | 30  0.04159 -6.26649e+00
 31  0.03228 -2.62359e+00 | 32  0.03911  1.54995e+00 | 33  0.04911 -1.16689e+00
 34 -0.03874  2.43788e+00 | 35 -0.02732  2.34604e+00 | 36 -0.14297  1.00991e+00
 37  0.04927  3.00188e+00 | 38 -0.08071  1.99688e+00 | 39 -0.03545  2.25708e+00
 40 -0.13980  4.61436e-01 | 41 -0.14876  1.88040e+00 | 42 -0.20675 -2.91972e+00
 43  0.42480 -3.15724e+00 | 44 -0.25163 -2.44905e+00 | 45 -0.00177  2.02466e+00
 46 -0.15431  2.92993e+00 | 47  0.08793  9.01099e-01 | 48 -0.18712 -3.14552e+00
 49 -0.30510  1.13749e-02 | 50 -0.37639  6.10372e-01 | 51 -0.11743 -4.95963e-01
 52 -0.25256  1.81095e+00 | 53  0.13607  1.24941e+00 | 54  0.14646 -3.28327e+00
 55 -0.00146 -1.59478e+00 | 56  0.18107  1.59234e+00 | 57  0.23310 -1.22439e+00
 58 -0.13676 -1.66084e+00 | 59  0.08242  2.88912e+00 | 60  0.08479  8.62783e-01
 61 -0.09875  1.09389e+00 | 62 -0.22079  1.63964e+00 | 63 -0.16660  2.03014e+00
 64  0.00103  4.93754e+00 | 65  0.04913  2.22028e+00 | 66 -0.13165  4.63765e-01
 67  0.01496 -2.15333e-01 | 68  0.13529  7.49903e-02 | 69 -0.26176 -1.20550e+00
 70 -0.09754  2.38148e-01 | 71  0.23861 -9.50482e+00 | 72 -0.16163  2.28954e+01
 73  0.08840 -5.77869e-02 | 74 -0.24203  8.02129e-01 | 75 -0.65079 -2.46850e-02
 76 -0.28888  3.57674e-01 | 77  0.27711  1.20746e+00 | 78 -0.16532 -2.30730e+00
 79 -0.48644 -1.56592e-01 | 80  0.27283  1.66677e+00 | 81 -0.13989  1.91043e-01
 82  0.34065 -8.40794e+00 | 83 -0.18333  1.26355e+01 | 84 -0.12395 -2.11567e-01
 85  0.32191 -1.20907e+00 | 86 -0.08572  9.20029e+00 | 87  0.32522  9.40876e-03
 88 -0.20148  5.90826e+00 | 89 -0.40495 -2.16126e-01 | 90  0.27050  1.90398e+00
 91 -0.55740 -1.01111e-02 | 92  0.02243 -1.52375e+00 | 93  0.03052  1.92523e+00
 94 -0.17895 -3.11906e+00 | 95  0.46352  7.37837e-01 | 96 -0.14604  2.10643e+00
 97  0.43707 -3.21069e+00 | 98 -0.26794  1.13551e+01 | 99  0.06981 -5.99165e+00
100 -0.23067  4.43829e+00 |101  0.08802 -3.26423e-01 |102 -0.16395  2.91360e+00
103 -0.08125  7.14523e-01 |104 -0.00219 -2.28802e+00 |105  0.01572 -1.52827e+01
106 -0.05105 -2.70708e+00 |107 -0.05322  6.86656e-02 |108 -0.01241 -9.89348e-01
109 -0.04940 -1.15379e+00 |110  0.01582 -4.15395e+01 |111 -0.01719 -1.62024e+01
112 -0.00568 -2.18016e+01 |113 -0.05185 -4.60122e+00 |114 -0.00763 -4.04996e-02
115 -0.02187 -1.18086e-01 |116 -0.05017  6.35376e+00 |117 -0.02517 -8.45951e-01
118 -0.03226  3.96985e-02 |119 -0.00058 -1.22186e+00 |120 -0.01977  1.76189e+00
121 -0.01264  2.81413e+00 |122 -0.05306 -1.56956e+00 |123 -0.04566 -2.38163e+00
124 -0.00610  2.05209e+00 |125  0.00543  1.81771e+01 |126 -0.01857  1.03658e+01
127 -0.01330  1.73720e+00 |128  0.04265  1.88425e+01 |129 -0.01539  2.97866e+01
130 -0.01487  2.01456e+01 |131 -0.03754  1.18858e+01 |132 -0.00822  1.16288e+00
133 -0.01395 -2.21417e+00 |134  0.03574  6.51816e+00 |135  0.00161  2.40112e+01
136 -0.00358  1.32367e+01 |137 -0.01437 -3.34080e+00 |138 -0.01572  1.21937e+01
139 -0.00386  7.57823e+00 |140 -0.03322  4.64826e+00 |141 -0.03696 -9.18571e+00
142 -0.01794 -7.39013e+00 |143  0.02368 -2.61604e+00 |144 -0.16285  4.90247e-02
145 -0.00806  7.40282e+00 |146  0.00601  2.98099e+00 |147  0.00283  3.42391e+00
148 -0.01620  3.17538e+00 |149 -0.01661  1.28644e+00 |
149 variables; iteration 160; function evaluation 188; phase 4
Function value 2.6918453e+03; maximum gradient component mag 1.1703e+01
Var    Value     Gradient |Var    Value     Gradient |Var    Value     Gradient
  1 -0.19502 -1.54673e+00 |  2 -0.04456  7.84748e-02 |  3 -0.38006  3.20619e+00
  4 -0.04765  1.80623e-01 |  5 -0.44182 -5.01517e-01 |  6 -0.02884  3.61909e-01
  7  0.09301  3.50020e+00 |  8  0.19029  8.90966e-01 |  9 -0.06128  3.44378e-01
 10  0.04518 -3.30277e-03 | 11 -0.04615  8.10161e-01 | 12  0.01216 -1.22351e-01
 13  0.01803 -4.96056e-01 | 14  0.11565 -1.00053e+00 | 15  0.03953 -2.94165e-01
 16 -0.00931  3.69574e-01 | 17  0.05069  2.75698e-01 | 18 -0.01219 -4.93472e-01
 19  0.14598 -1.69992e-01 | 20 -0.05594  8.72982e-02 | 21 -0.08227 -2.48924e-01
 22 -0.11661  3.57439e-01 | 23  0.09024  6.01820e-01 | 24 -0.00657  6.59270e-01
 25 -0.16907  1.48844e-01 | 26 -0.25204  1.37195e-01 | 27 -0.26607 -1.00963e-01
 28  0.23703  1.02286e+00 | 29 -0.09889 -6.27523e-03 | 30  0.04431  7.18531e-01
 31  0.04248  8.50800e-01 | 32  0.03481  7.00141e-01 | 33  0.05732  8.33815e-01
 34 -0.04960  1.78145e-01 | 35 -0.02495  3.99218e-01 | 36 -0.14604  1.09359e-01
 37  0.04741  7.58278e-01 | 38 -0.08622  2.84726e-01 | 39 -0.04201 -1.71219e-02
 40 -0.14191 -6.00178e-02 | 41 -0.16214  2.70639e-01 | 42 -0.16764  8.82988e-02
 43  0.42475  1.70896e+00 | 44 -0.22598 -1.69332e-01 | 45 -0.00356  4.03046e-01
 46 -0.16105  1.16138e-01 | 47  0.08715 -3.99097e-01 | 48 -0.17649  4.33119e-01
 49 -0.30669 -3.67716e-01 | 50 -0.38118  2.91235e-02 | 51 -0.11722 -4.67168e-01
 52 -0.25966  1.12018e-02 | 53  0.13407 -7.65292e-01 | 54  0.14641 -3.57088e-01
 55 -0.00137 -5.30267e-02 | 56  0.17560  3.68260e-01 | 57  0.23182  2.88858e-01
 58 -0.12829  2.36749e-01 | 59  0.07353 -3.39306e-01 | 60  0.08108  1.23004e-02
 61 -0.10513 -6.42960e-02 | 62 -0.23857 -2.79053e-01 | 63 -0.17605  5.65379e-02
 64 -0.01168 -8.26745e-01 | 65  0.04066 -9.60318e-01 | 66 -0.13751  1.71164e-01
 67  0.01400 -1.06026e-01 | 68  0.13413  1.36421e-02 | 69 -0.25117  2.76211e-01
 70 -0.10359 -2.00729e-01 | 71  0.23317 -1.65333e-01 | 72 -0.16481  9.73225e-02
 73  0.19556 -7.52433e-03 | 74 -0.24287 -2.71446e-01 | 75 -0.65188  1.12577e-01
 76 -0.29304 -3.54420e-01 | 77  0.27374 -5.07722e-01 | 78 -0.16569  9.06744e-01
 79 -0.48398 -1.12330e-01 | 80  0.20466  9.39262e-02 | 81 -0.17244 -2.76926e-01
 82  0.34986 -9.51989e-02 | 83 -0.17990  5.51445e-01 | 84  0.00305 -3.84453e-02
 85  0.30799 -1.16560e+00 | 86 -0.08888  4.43352e+00 | 87  0.04411  1.88489e-01
 88 -0.20722  6.23172e+00 | 89 -0.41546 -5.46665e-02 | 90  0.26408  1.17031e+01
 91 -0.17958  3.04804e-01 | 92  0.00298 -1.79541e-01 | 93  0.01115 -1.76462e-01
 94 -0.13719 -2.11696e-01 | 95  0.42165 -6.20569e-01 | 96 -0.16891  3.16756e-01
 97  0.45114  2.87536e-02 | 98 -0.26562 -1.75513e-01 | 99  0.07107 -1.28469e+00
100 -0.22925  1.50198e+00 |101  0.07352 -2.99307e-01 |102 -0.17787  2.12853e-01
103 -0.08735 -4.76661e-01 |104 -0.00220 -1.44149e+00 |105  0.01670 -1.58899e+00
106 -0.05350 -1.00483e+00 |107 -0.05271 -5.32544e-01 |108 -0.01425 -5.45684e-02
109 -0.04571  4.70839e-01 |110  0.01681  7.23435e-01 |111 -0.01895  5.81214e-01
112 -0.00510 -3.13560e-01 |113 -0.05194  3.95912e-01 |114 -0.00806  4.50721e-01
115 -0.02116  2.24747e-01 |116 -0.05175 -3.54813e-02 |117 -0.02391  1.20830e+00
118 -0.03300  9.33468e-01 |119 -0.00029  1.69561e+00 |120 -0.01999  1.01627e+00
121 -0.01303  1.70860e+00 |122 -0.05049  8.85459e-01 |123 -0.04287  5.09920e-01
124 -0.00861  2.34949e-01 |125  0.00624 -5.79212e-01 |126 -0.02174 -6.09457e-01
127 -0.01218  9.68068e-01 |128  0.04254  2.08586e+00 |129 -0.01572  4.96916e-01
130 -0.01507 -5.31004e-01 |131 -0.03786  2.62239e-01 |132 -0.00767  1.31841e+00
133 -0.01383  4.30335e-01 |134  0.03572 -1.09151e+00 |135  0.00120 -1.22974e-01
136 -0.00348  1.71322e+00 |137 -0.01404 -2.75078e-01 |138 -0.01571  1.09012e+00
139 -0.00395  1.61240e+00 |140 -0.03259  5.79485e-01 |141 -0.03671  4.27499e-01
142 -0.01786  1.35543e+00 |143  0.02455  1.27055e+00 |144 -0.16430  1.27039e-01
145 -0.00931  3.44989e-01 |146  0.00641  1.02277e+00 |147  0.00319  9.34395e-01
148 -0.01622  4.08721e-01 |149 -0.01656  8.98015e-01 |
149 variables; iteration 180; function evaluation 210; phase 4
Function value 2.6888427e+03; maximum gradient component mag 2.8735e+00
Var    Value     Gradient |Var    Value     Gradient |Var    Value     Gradient
  1 -0.19129  2.52362e+00 |  2 -0.05245  2.74300e-01 |  3 -0.37812  2.87349e+00
  4 -0.04967  3.02494e-01 |  5 -0.43659  8.77835e-02 |  6 -0.04293  3.02889e-01
  7  0.09866  2.16129e-01 |  8  0.18259  1.78700e-01 |  9 -0.06065  8.12745e-02
 10  0.02393  3.20055e-02 | 11 -0.04234 -1.90579e+00 | 12  0.00876 -1.46803e-01
 13  0.02038 -1.30273e-01 | 14  0.11653 -3.03678e-01 | 15  0.03844 -1.45591e-01
 16 -0.01470 -1.11978e-01 | 17  0.04816 -1.34089e-01 | 18 -0.00839 -1.58233e-01
 19  0.14388 -3.93145e-01 | 20 -0.05742 -1.24972e-01 | 21 -0.08087 -1.03581e-01
 22 -0.12074 -3.74936e-02 | 23  0.08947 -7.46821e-02 | 24 -0.00919 -1.25917e-01
 25 -0.16936 -6.12682e-02 | 26 -0.25358 -4.80346e-02 | 27 -0.26609 -2.01843e-02
 28  0.23490 -3.72411e-01 | 29 -0.09667 -6.16261e-02 | 30  0.04198 -4.39336e-02
 31  0.04070 -7.59377e-02 | 32  0.03351 -3.50765e-02 | 33  0.05541 -4.99122e-02
 34 -0.04985 -2.42192e-03 | 35 -0.02684  2.43187e-02 | 36 -0.14590  9.24947e-03
 37  0.04616  1.00906e-02 | 38 -0.08732  5.76463e-03 | 39 -0.04227 -9.91693e-03
 40 -0.14143 -4.68618e-02 | 41 -0.16353 -8.97626e-03 | 42 -0.16538  7.55600e-02
 43  0.42690  1.36719e-01 | 44 -0.22049  6.69043e-02 | 45 -0.00271  9.98825e-03
 46 -0.16234 -1.32771e-02 | 47  0.08502  3.23191e-02 | 48 -0.17842 -1.14664e-02
 49 -0.30549 -3.87927e-02 | 50 -0.38367 -3.39110e-02 | 51 -0.11869 -2.33204e-02
 52 -0.26122 -6.35638e-03 | 53  0.13410 -2.66324e-02 | 54  0.14572  8.95513e-03
 55 -0.00122  2.01836e-02 | 56  0.17609  7.21901e-02 | 57  0.23171  3.77599e-02
 58 -0.12971 -1.60637e-02 | 59  0.07427  7.58582e-03 | 60  0.07996  8.95519e-03
 61 -0.10302 -1.91967e-02 | 62 -0.23708 -3.79590e-02 | 63 -0.17631 -1.74023e-03
 64 -0.01755  1.31345e-03 | 65  0.02580  6.11241e-02 | 66 -0.14078 -4.65058e-04
 67  0.01158 -6.96241e-03 | 68  0.13149 -3.67040e-03 | 69 -0.25382  3.31681e-03
 70 -0.10082  3.91589e-03 | 71  0.24143 -2.55713e-01 | 72 -0.16167  4.97548e-01
 73  0.44370  1.80588e-03 | 74 -0.24422  3.68070e-02 | 75 -0.65901 -1.57006e-02
 76 -0.29082 -1.28846e-02 | 77  0.27803 -8.92382e-02 | 78 -0.16486  1.38750e-01
 79 -0.48580 -1.80282e-03 | 80  0.21659 -2.30774e-02 | 81 -0.16666 -6.72900e-03
 82  0.35337 -2.62641e-02 | 83 -0.17938  6.17387e-02 | 84  0.38121  9.78414e-04
 85  0.31330 -1.52334e-01 | 86 -0.08801  4.69628e-01 | 87 -0.13804 -5.39914e-02
 88 -0.15203  2.20647e-01 | 89 -0.33669 -2.93013e-01 | 90 -0.12387 -2.11445e-02
 91 -0.05330  4.51009e-01 | 92 -0.00126  1.62564e-02 | 93  0.00913  1.92263e-02
 94 -0.13041  8.12516e-03 | 95  0.42817 -5.21152e-02 | 96 -0.16631  9.49017e-02
 97  0.47117  1.77208e-02 | 98 -0.26184 -7.86162e-03 | 99  0.07545 -2.07883e-01
100 -0.22560  3.21534e-01 |101  0.06784 -7.60956e-03 |102 -0.18218  2.61608e-02
103 -0.08922  1.62146e-01 |104 -0.00208  1.86687e-01 |105  0.01628  1.24085e+00
106 -0.05253  7.08778e-01 |107 -0.05343  4.13805e-01 |108 -0.01350  5.57563e-01
109 -0.04866  1.66462e-01 |110  0.01699  3.75925e-01 |111 -0.02017 -4.62016e-03
112 -0.00530 -1.26344e-02 |113 -0.05244  6.50085e-02 |114 -0.00823  8.22638e-02
115 -0.02133  5.22566e-02 |116 -0.05197 -1.88295e-02 |117 -0.02428  1.60469e-02
118 -0.03368  9.40626e-02 |119 -0.00055  2.36691e-01 |120 -0.02025  2.09088e-01
121 -0.01316  3.47751e-01 |122 -0.05100  1.32864e-01 |123 -0.04315  1.19977e-01
124 -0.00959 -1.58093e-02 |125  0.00553  1.39213e+00 |126 -0.02176  1.10367e+00
127 -0.01236  6.05089e-01 |128  0.04232  5.76218e-01 |129 -0.01615  2.70931e-01
130 -0.01561  4.19930e-01 |131 -0.03763 -1.22753e-01 |132 -0.00747  1.25562e-01
133 -0.01434 -4.70883e-02 |134  0.03552  3.81212e-02 |135  0.00049  1.24363e+00
136 -0.00371  9.60562e-01 |137 -0.01416  4.02568e-01 |138 -0.01604  4.90503e-01
139 -0.00422  5.20013e-02 |140 -0.03282 -8.55625e-02 |141 -0.03665  1.42430e-01
142 -0.01833 -3.98764e-02 |143  0.02396  2.96334e-02 |144 -0.16463  5.56439e-04
145 -0.00972  3.36036e-02 |146  0.00680 -9.51663e-02 |147  0.00269 -1.07101e-01
148 -0.01668 -2.79118e-02 |149 -0.01662 -3.46340e-02 |
  ic > imax  in fminim is answer attained ?
Var    Value     Gradient |Var    Value     Gradient |Var    Value     Gradient
  1 -0.19134 -1.88214e-01 |  2 -0.05274  4.44705e-02 |  3 -0.37818  1.49308e-01
  4 -0.04982 -2.16517e-03 |  5 -0.43661 -3.48161e-03 |  6 -0.04298 -2.22518e-02
  7  0.09875  5.48984e-02 |  8  0.18245 -1.25167e-03 |  9 -0.06056 -5.47609e-03
 10  0.02381 -2.01068e-03 | 11 -0.04243  1.09663e-01 | 12  0.00930  8.76872e-03
 13  0.01966  6.16266e-03 | 14  0.11731  1.14487e-02 | 15  0.03773  1.10815e-02
 16 -0.01440  8.19936e-03 | 17  0.04787  1.10564e-02 | 18 -0.00791  1.25815e-02
 19  0.14389  5.02852e-02 | 20 -0.05729  1.02707e-02 | 21 -0.08087  1.04350e-02
 22 -0.12073  2.82928e-03 | 23  0.08952  5.24657e-03 | 24 -0.00897  8.32963e-04
 25 -0.16960  4.23495e-03 | 26 -0.25356  4.25226e-03 | 27 -0.26601  2.71022e-03
 28  0.23491  2.75440e-02 | 29 -0.09651  2.20749e-03 | 30  0.04194 -5.65877e-03
 31  0.04080  1.33059e-03 | 32  0.03346 -2.21249e-03 | 33  0.05544  1.19461e-03
 34 -0.04988 -1.93838e-03 | 35 -0.02686 -1.29353e-03 | 36 -0.14591 -1.27757e-03
 37  0.04614 -1.06400e-02 | 38 -0.08730 -3.41907e-03 | 39 -0.04241  8.63712e-04
 40 -0.14122  2.77048e-03 | 41 -0.16360  2.66072e-04 | 42 -0.16646 -1.42305e-03
 43  0.42684  1.86506e-02 | 44 -0.22130 -1.77142e-03 | 45 -0.00284 -1.92269e-03
 46 -0.16231 -1.86606e-03 | 47  0.08495  1.96346e-03 | 48 -0.17841 -6.49141e-04
 49 -0.30528  2.89240e-03 | 50 -0.38347  3.11383e-04 | 51 -0.11867  2.84784e-03
 52 -0.26113 -3.44650e-03 | 53  0.13409 -3.57907e-03 | 54  0.14569  9.64992e-04
 55 -0.00124  2.35506e-04 | 56  0.17602 -8.38254e-03 | 57  0.23172 -1.14153e-03
 58 -0.12959 -1.04460e-03 | 59  0.07427 -1.79091e-03 | 60  0.07998 -1.35479e-03
 61 -0.10293 -6.03478e-04 | 62 -0.23671  2.42150e-03 | 63 -0.17635 -2.36579e-03
 64 -0.01756 -1.29930e-03 | 65  0.02569 -7.12520e-03 | 66 -0.14083 -5.32721e-03
 67  0.01158 -1.24007e-03 | 68  0.13157  2.61958e-04 | 69 -0.25391 -3.84496e-03
 70 -0.10089 -1.03862e-03 | 71  0.24166 -1.52072e-05 | 72 -0.16160  4.84961e-02
 73  0.43945  1.72253e-03 | 74 -0.24410  2.64340e-03 | 75 -0.65822  2.05210e-03
 76 -0.29079  4.04672e-03 | 77  0.27811  7.55667e-03 | 78 -0.16484 -2.05187e-02
 79 -0.48575 -1.85283e-03 | 80  0.21740 -2.64134e-03 | 81 -0.16623  5.69072e-03
 82  0.35347  2.19677e-02 | 83 -0.17935 -3.42333e-02 | 84  0.38014  9.33169e-04
 85  0.31364  1.06388e-02 | 86 -0.08790 -1.63912e-02 | 87 -0.12842  2.08020e-03
 88 -0.15177  1.07797e-01 | 89 -0.33610 -3.12051e-02 | 90 -0.12427  1.46400e-02
 91 -0.05338  1.02263e-02 | 92 -0.00137 -1.24058e-03 | 93  0.00900 -1.80445e-03
 94 -0.13026  1.95147e-03 | 95  0.42811  1.04904e-02 | 96 -0.16643 -1.22223e-02
 97  0.47119  2.12005e-02 | 98 -0.26185 -5.13580e-02 | 99  0.07547  8.29543e-02
100 -0.22560 -1.13931e-01 |101  0.06772  1.65044e-02 |102 -0.18231 -1.75162e-02
103 -0.08968  1.18203e-02 |104 -0.00194 -2.28095e-04 |105  0.01635 -1.44873e-02
106 -0.05301 -2.05979e-02 |107 -0.05340  1.88362e-03 |108 -0.01350  7.90730e-03
109 -0.04834 -4.23727e-03 |110  0.01701  1.38066e-01 |111 -0.02011  1.09516e-01
112 -0.00528  3.92755e-02 |113 -0.05244  9.43765e-03 |114 -0.00821  3.08986e-02
115 -0.02130  2.95773e-02 |116 -0.05193  1.94268e-02 |117 -0.02425 -1.76864e-02
118 -0.03369  3.38120e-03 |119 -0.00052  2.26544e-02 |120 -0.02023  2.46543e-03
121 -0.01317  7.74821e-03 |122 -0.05104 -6.76578e-03 |123 -0.04320  7.66342e-03
124 -0.00937  2.48287e-02 |125  0.00568  1.72589e-01 |126 -0.02218  1.39023e-01
127 -0.01232  3.23080e-02 |128  0.04236  1.28099e-01 |129 -0.01613 -2.13382e-02
130 -0.01561 -6.73235e-04 |131 -0.03758  2.52217e-02 |132 -0.00745  1.71391e-02
133 -0.01432  8.40620e-03 |134  0.03555  7.10164e-02 |135  0.00047 -1.25378e-01
136 -0.00369 -1.41572e-01 |137 -0.01414  1.79746e-02 |138 -0.01603 -2.33285e-02
139 -0.00420 -5.43277e-02 |140 -0.03279 -1.77691e-02 |141 -0.03663 -8.02834e-03
142 -0.01831  4.18033e-06 |143  0.02399 -1.70875e-02 |144 -0.16459 -2.60153e-03
145 -0.00969  1.48009e-02 |146  0.00682 -9.50843e-03 |147  0.00272 -2.40052e-03
148 -0.01665  2.16286e-02 |149 -0.01661 -3.76145e-02 |
Function minimizer not making progress ... is minimum attained?
Minimprove criterion = 0.0000e+00

 - final statistics:
149 variables; iteration 186; function evaluation 245
Function value 2.6888e+03; maximum gradient component mag -1.8821e-01
Exit code = 1;  converg criter 1.0000e-04
Var    Value     Gradient |Var    Value     Gradient |Var    Value     Gradient
  1 -0.19134 -1.88214e-01 |  2 -0.05274  4.44705e-02 |  3 -0.37818  1.49308e-01
  4 -0.04982 -2.16517e-03 |  5 -0.43661 -3.48161e-03 |  6 -0.04298 -2.22518e-02
  7  0.09875  5.48984e-02 |  8  0.18245 -1.25167e-03 |  9 -0.06056 -5.47609e-03
 10  0.02381 -2.01068e-03 | 11 -0.04243  1.09663e-01 | 12  0.00930  8.76872e-03
 13  0.01966  6.16266e-03 | 14  0.11731  1.14487e-02 | 15  0.03773  1.10815e-02
 16 -0.01440  8.19936e-03 | 17  0.04787  1.10564e-02 | 18 -0.00791  1.25815e-02
 19  0.14389  5.02852e-02 | 20 -0.05729  1.02707e-02 | 21 -0.08087  1.04350e-02
 22 -0.12073  2.82928e-03 | 23  0.08952  5.24657e-03 | 24 -0.00897  8.32963e-04
 25 -0.16960  4.23495e-03 | 26 -0.25356  4.25226e-03 | 27 -0.26601  2.71022e-03
 28  0.23491  2.75440e-02 | 29 -0.09651  2.20749e-03 | 30  0.04194 -5.65877e-03
 31  0.04080  1.33059e-03 | 32  0.03346 -2.21249e-03 | 33  0.05544  1.19461e-03
 34 -0.04988 -1.93838e-03 | 35 -0.02686 -1.29353e-03 | 36 -0.14591 -1.27757e-03
 37  0.04614 -1.06400e-02 | 38 -0.08730 -3.41907e-03 | 39 -0.04241  8.63712e-04
 40 -0.14122  2.77048e-03 | 41 -0.16360  2.66072e-04 | 42 -0.16646 -1.42305e-03
 43  0.42684  1.86506e-02 | 44 -0.22130 -1.77142e-03 | 45 -0.00284 -1.92269e-03
 46 -0.16231 -1.86606e-03 | 47  0.08495  1.96346e-03 | 48 -0.17841 -6.49141e-04
 49 -0.30528  2.89240e-03 | 50 -0.38347  3.11383e-04 | 51 -0.11867  2.84784e-03
 52 -0.26113 -3.44650e-03 | 53  0.13409 -3.57907e-03 | 54  0.14569  9.64992e-04
 55 -0.00124  2.35506e-04 | 56  0.17602 -8.38254e-03 | 57  0.23172 -1.14153e-03
 58 -0.12959 -1.04460e-03 | 59  0.07427 -1.79091e-03 | 60  0.07998 -1.35479e-03
 61 -0.10293 -6.03478e-04 | 62 -0.23671  2.42150e-03 | 63 -0.17635 -2.36579e-03
 64 -0.01756 -1.29930e-03 | 65  0.02569 -7.12520e-03 | 66 -0.14083 -5.32721e-03
 67  0.01158 -1.24007e-03 | 68  0.13157  2.61958e-04 | 69 -0.25391 -3.84496e-03
 70 -0.10089 -1.03862e-03 | 71  0.24166 -1.52072e-05 | 72 -0.16160  4.84961e-02
 73  0.43945  1.72253e-03 | 74 -0.24410  2.64340e-03 | 75 -0.65822  2.05210e-03
 76 -0.29079  4.04672e-03 | 77  0.27811  7.55667e-03 | 78 -0.16484 -2.05187e-02
 79 -0.48575 -1.85283e-03 | 80  0.21740 -2.64134e-03 | 81 -0.16623  5.69072e-03
 82  0.35347  2.19677e-02 | 83 -0.17935 -3.42333e-02 | 84  0.38014  9.33169e-04
 85  0.31364  1.06388e-02 | 86 -0.08790 -1.63912e-02 | 87 -0.12842  2.08020e-03
 88 -0.15177  1.07797e-01 | 89 -0.33610 -3.12051e-02 | 90 -0.12427  1.46400e-02
 91 -0.05338  1.02263e-02 | 92 -0.00137 -1.24058e-03 | 93  0.00900 -1.80445e-03
 94 -0.13026  1.95147e-03 | 95  0.42811  1.04904e-02 | 96 -0.16643 -1.22223e-02
 97  0.47119  2.12005e-02 | 98 -0.26185 -5.13580e-02 | 99  0.07547  8.29543e-02
100 -0.22560 -1.13931e-01 |101  0.06772  1.65044e-02 |102 -0.18231 -1.75162e-02
103 -0.08968  1.18203e-02 |104 -0.00194 -2.28095e-04 |105  0.01635 -1.44873e-02
106 -0.05301 -2.05979e-02 |107 -0.05340  1.88362e-03 |108 -0.01350  7.90730e-03
109 -0.04834 -4.23727e-03 |110  0.01701  1.38066e-01 |111 -0.02011  1.09516e-01
112 -0.00528  3.92755e-02 |113 -0.05244  9.43765e-03 |114 -0.00821  3.08986e-02
115 -0.02130  2.95773e-02 |116 -0.05193  1.94268e-02 |117 -0.02425 -1.76864e-02
118 -0.03369  3.38120e-03 |119 -0.00052  2.26544e-02 |120 -0.02023  2.46543e-03
121 -0.01317  7.74821e-03 |122 -0.05104 -6.76578e-03 |123 -0.04320  7.66342e-03
124 -0.00937  2.48287e-02 |125  0.00568  1.72589e-01 |126 -0.02218  1.39023e-01
127 -0.01232  3.23080e-02 |128  0.04236  1.28099e-01 |129 -0.01613 -2.13382e-02
130 -0.01561 -6.73235e-04 |131 -0.03758  2.52217e-02 |132 -0.00745  1.71391e-02
133 -0.01432  8.40620e-03 |134  0.03555  7.10164e-02 |135  0.00047 -1.25378e-01
136 -0.00369 -1.41572e-01 |137 -0.01414  1.79746e-02 |138 -0.01603 -2.33285e-02
139 -0.00420 -5.43277e-02 |140 -0.03279 -1.77691e-02 |141 -0.03663 -8.02834e-03
142 -0.01831  4.18033e-06 |143  0.02399 -1.70875e-02 |144 -0.16459 -2.60153e-03
145 -0.00969  1.48009e-02 |146  0.00682 -9.50843e-03 |147  0.00272 -2.40052e-03
148 -0.01665  2.16286e-02 |149 -0.01661 -3.76145e-02 |

Initial statistics: 161 variables; iteration 0; function evaluation 0; phase 5
Function value 2.6888417e+03; maximum gradient component mag -1.8768e-01
Var    Value     Gradient |Var    Value     Gradient |Var    Value     Gradient
  1 -0.19134 -1.87682e-01 |  2 -0.05274  4.44338e-02 |  3 -0.37818  1.49606e-01
  4 -0.04982 -2.04178e-03 |  5 -0.43661 -3.44515e-03 |  6 -0.04298 -2.21153e-02
  7  0.09875  5.47833e-02 |  8  0.18245 -1.16518e-03 |  9 -0.06056 -5.40595e-03
 10  0.02381 -2.00704e-03 | 11 -0.04243  1.09443e-01 | 12  0.00930  8.73362e-03
 13  0.01966  6.13771e-03 | 14  0.11731  1.14288e-02 | 15  0.03773  1.10439e-02
 16 -0.01440  8.17186e-03 | 17  0.04787  1.10405e-02 | 18 -0.00791  1.25444e-02
 19  0.14389  5.02187e-02 | 20 -0.05729  1.02415e-02 | 21 -0.08087  1.03919e-02
 22 -0.12073  2.80793e-03 | 23  0.08952  5.22527e-03 | 24 -0.00897  8.35408e-04
 25 -0.16960  4.22448e-03 | 26 -0.25356  4.23609e-03 | 27 -0.26601  2.69809e-03
 28  0.23491  2.75127e-02 | 29 -0.09651  2.21035e-03 | 30  0.04194 -5.63945e-03
 31  0.04080  1.32862e-03 | 32  0.03346 -2.19230e-03 | 33  0.05544  1.20541e-03
 34 -0.04988 -1.92363e-03 | 35 -0.02686 -1.26133e-03 | 36 -0.14591 -1.27198e-03
 37  0.04614 -1.06003e-02 | 38 -0.08730 -3.40363e-03 | 39 -0.04241  8.67233e-04
 40 -0.14122  2.75212e-03 | 41 -0.16360  2.72535e-04 | 42 -0.16646 -1.42260e-03
 43  0.42684  1.86331e-02 | 44 -0.22130 -1.75355e-03 | 45 -0.00284 -1.91472e-03
 46 -0.16231 -1.85068e-03 | 47  0.08495  1.96500e-03 | 48 -0.17841 -6.56322e-04
 49 -0.30528  2.88213e-03 | 50 -0.38347  3.16228e-04 | 51 -0.11867  2.84404e-03
 52 -0.26113 -3.41759e-03 | 53  0.13409 -3.60868e-03 | 54  0.14569  9.52029e-04
 55 -0.00124  2.42483e-04 | 56  0.17602 -8.33474e-03 | 57  0.23172 -1.13459e-03
 58 -0.12959 -1.04455e-03 | 59  0.07427 -1.81145e-03 | 60  0.07998 -1.38349e-03
 61 -0.10293 -6.05510e-04 | 62 -0.23671  2.40393e-03 | 63 -0.17635 -2.35650e-03
 64 -0.01756 -1.30674e-03 | 65  0.02569 -7.06437e-03 | 66 -0.14083 -5.31396e-03
 67  0.01158 -1.23316e-03 | 68  0.13157  2.59782e-04 | 69  0.00000  0.00000e+00
 70  0.00000  0.00000e+00 | 71  0.00000  0.00000e+00 | 72  0.00000  0.00000e+00
 73  0.00000  0.00000e+00 | 74  0.00000  0.00000e+00 | 75  0.00000  0.00000e+00
 76  0.00000  0.00000e+00 | 77  0.00000  0.00000e+00 | 78  0.00000  0.00000e+00
 79  0.00000  0.00000e+00 | 80  0.00000  0.00000e+00 | 81 -0.25391 -3.82593e-03
 82 -0.10089 -1.03090e-03 | 83  0.24166 -4.14028e-05 | 84 -0.16160  4.84298e-02
 85  0.43945  1.72244e-03 | 86 -0.24410  2.69144e-03 | 87 -0.65822  2.03090e-03
 88 -0.29079  4.04960e-03 | 89  0.27811  7.49691e-03 | 90 -0.16484 -2.04253e-02
 91 -0.48575 -1.85118e-03 | 92  0.21740 -2.57488e-03 | 93 -0.16623  5.55472e-03
 94  0.35347  2.18852e-02 | 95 -0.17935 -3.41629e-02 | 96  0.38014  9.33174e-04
 97  0.31364  1.06499e-02 | 98 -0.08790 -1.63753e-02 | 99 -0.12842  2.08788e-03
100 -0.15177  1.07674e-01 |101 -0.33610 -3.12051e-02 |102 -0.12427  1.46229e-02
103 -0.05338  1.03194e-02 |104 -0.00137 -1.20441e-03 |105  0.00900 -1.80191e-03
106 -0.13026  1.95314e-03 |107  0.42811  1.04261e-02 |108 -0.16643 -1.21400e-02
109  0.47119  2.11706e-02 |110 -0.26185 -5.13233e-02 |111  0.07547  8.26094e-02
112 -0.22560 -1.13504e-01 |113  0.06772  1.63957e-02 |114 -0.18231 -1.74340e-02
115 -0.08968  1.17669e-02 |116 -0.00194 -1.79029e-04 |117  0.01635 -1.43178e-02
118 -0.05301 -2.04769e-02 |119 -0.05340  1.93949e-03 |120 -0.01350  7.89558e-03
121 -0.04834 -4.21237e-03 |122  0.01701  1.38188e-01 |123 -0.02011  1.09508e-01
124 -0.00528  3.92940e-02 |125 -0.05244  9.42111e-03 |126 -0.00821  3.08350e-02
127 -0.02130  2.95043e-02 |128 -0.05193  1.93363e-02 |129 -0.02425 -1.77029e-02
130 -0.03369  3.37148e-03 |131 -0.00052  2.26370e-02 |132 -0.02023  2.47088e-03
133 -0.01317  7.80941e-03 |134 -0.05104 -6.72803e-03 |135 -0.04320  7.69836e-03
136 -0.00937  2.47553e-02 |137  0.00568  1.71812e-01 |138 -0.02218  1.38530e-01
139 -0.01232  3.22295e-02 |140  0.04236  1.27795e-01 |141 -0.01613 -2.12960e-02
142 -0.01561 -5.74330e-04 |143 -0.03758  2.51258e-02 |144 -0.00745  1.71479e-02
145 -0.01432  8.39985e-03 |146  0.03555  7.08714e-02 |147  0.00047 -1.24401e-01
148 -0.00369 -1.40848e-01 |149 -0.01414  1.80646e-02 |150 -0.01603 -2.30806e-02
151 -0.00420 -5.40151e-02 |152 -0.03279 -1.76400e-02 |153 -0.03663 -7.92078e-03
154 -0.01831  8.33480e-05 |155  0.02399 -1.69042e-02 |156 -0.16459 -2.61043e-03
157 -0.00969  1.48048e-02 |158  0.00682 -9.48108e-03 |159  0.00272 -2.44530e-03
160 -0.01665  2.15726e-02 |161 -0.01661 -3.74126e-02 |
  ic > imax  in fminim is answer attained ?
Var    Value     Gradient |Var    Value     Gradient |Var    Value     Gradient
  1 -0.19134  1.26679e-01 |  2 -0.05274 -8.17927e-02 |  3 -0.37818 -6.37539e-01
  4 -0.04982 -6.96196e-02 |  5 -0.43661 -1.79347e-02 |  6 -0.04298  8.18789e-03
  7  0.09875 -1.21985e-01 |  8  0.18245 -6.88370e-02 |  9 -0.06056 -2.64602e-02
 10  0.02381 -7.76223e-03 | 11 -0.04243 -1.70843e-01 | 12  0.00930 -4.73417e-03
 13  0.01966 -9.27086e-03 | 14  0.11731 -1.83216e-02 | 15  0.03773 -8.32184e-03
 16 -0.01440 -6.48128e-03 | 17  0.04787 -1.16287e-02 | 18 -0.00791 -4.29274e-03
 19  0.14389  7.16595e-03 | 20 -0.05729 -2.35863e-03 | 21 -0.08087  8.68606e-04
 22 -0.12073 -6.54807e-03 | 23  0.08952 -2.93258e-02 | 24 -0.00897 -1.55160e-02
 25 -0.16960 -2.51177e-03 | 26 -0.25356 -7.18914e-04 | 27 -0.26601 -1.13295e-03
 28  0.23491 -6.63175e-02 | 29 -0.09651 -4.37338e-03 | 30  0.04194 -2.15541e-02
 31  0.04080 -9.18667e-03 | 32  0.03346 -1.18312e-02 | 33  0.05544 -4.25909e-03
 34 -0.04988 -3.05463e-03 | 35 -0.02686 -1.85614e-03 | 36 -0.14591 -1.30036e-03
 37  0.04614 -8.77568e-03 | 38 -0.08730 -1.68486e-03 | 39 -0.04241  3.29884e-03
 40 -0.14122  4.10147e-03 | 41 -0.16360  8.17377e-04 | 42 -0.16646 -2.70617e-03
 43  0.42684 -5.24543e-03 | 44 -0.22130 -2.04813e-03 | 45 -0.00284 -7.04928e-03
 46 -0.16231 -1.76441e-03 | 47  0.08495 -2.49402e-03 | 48 -0.17841 -1.91700e-04
 49 -0.30528  2.87540e-03 | 50 -0.38347  7.66781e-04 | 51 -0.11867  4.34712e-03
 52 -0.26113  4.40668e-04 | 53  0.13409 -1.46975e-03 | 54  0.14569  8.18773e-03
 55 -0.00124  1.47556e-03 | 56  0.17602 -4.43586e-03 | 57  0.23172  4.44534e-03
 58 -0.12959  2.42226e-04 | 59  0.07427  6.56499e-04 | 60  0.07998  7.78300e-04
 61 -0.10293  8.77704e-05 | 62 -0.23671  2.82851e-03 | 63 -0.17635 -2.13621e-03
 64 -0.01756 -1.92449e-04 | 65  0.02569 -4.71658e-03 | 66 -0.14083 -5.04087e-03
 67  0.01158 -1.16849e-03 | 68  0.13157  3.22364e-04 | 69  0.00000  0.00000e+00
 70  0.00000  0.00000e+00 | 71  0.00000  0.00000e+00 | 72  0.00000  0.00000e+00
 73  0.00000  0.00000e+00 | 74  0.00000  0.00000e+00 | 75  0.00000  0.00000e+00
 76  0.00000  0.00000e+00 | 77  0.00000  0.00000e+00 | 78  0.00000  0.00000e+00
 79  0.00000  0.00000e+00 | 80  0.00000  0.00000e+00 | 81 -0.25391 -2.45269e-03
 82 -0.10089 -8.99136e-04 | 83  0.24166 -2.13052e-02 | 84 -0.16160  8.34934e-02
 85  0.43945  1.71586e-03 | 86 -0.24410  1.35135e-03 | 87 -0.65822  2.17624e-03
 88 -0.29079  2.79050e-03 | 89  0.27811 -1.39014e-02 | 90 -0.16484  3.98161e-03
 91 -0.48575 -5.04986e-03 | 92  0.21740 -3.25361e-03 | 93 -0.16623  6.51146e-03
 94  0.35347 -8.93350e-04 | 95 -0.17935  1.27904e-02 | 96  0.38014  9.31434e-04
 97  0.31364 -6.03342e-03 | 98 -0.08790  2.88361e-02 | 99 -0.12842  1.69583e-03
100 -0.15177  8.99951e-02 |101 -0.33610 -2.36455e-02 |102 -0.12427  1.27372e-02
103 -0.05338 -1.19581e-02 |104 -0.00137 -3.99030e-03 |105  0.00900 -1.07788e-03
106 -0.13026  1.27140e-03 |107  0.42811  8.29897e-03 |108 -0.16643 -9.51800e-03
109  0.47119  1.52351e-02 |110 -0.26185 -2.69851e-02 |111  0.07547  1.60633e-02
112 -0.22560 -2.83010e-02 |113  0.06772  8.91116e-03 |114 -0.18231 -1.15986e-02
115 -0.08968  9.33766e-03 |116 -0.00194 -4.48101e-02 |117  0.01635 -1.05935e-01
118 -0.05301 -4.40846e-02 |119 -0.05340 -1.93093e-02 |120 -0.01350 -4.82459e-02
121 -0.04834 -2.64349e-02 |122  0.01700 -3.80986e-01 |123 -0.02011 -1.01947e-01
124 -0.00528 -2.05202e-01 |125 -0.05244 -7.29735e-02 |126 -0.00821 -1.35880e-01
127 -0.02130 -7.64702e-02 |128 -0.05194 -1.94350e-02 |129 -0.02425 -7.45995e-02
130 -0.03369 -3.22580e-02 |131 -0.00052 -5.48011e-02 |132 -0.02023 -4.24585e-02
133 -0.01317 -3.56066e-02 |134 -0.05104 -1.91432e-02 |135 -0.04320 -5.25808e-03
136 -0.00937  1.00935e-02 |137  0.00568 -1.03671e-01 |138 -0.02218  3.17406e-02
139 -0.01232 -9.03214e-02 |140  0.04235 -1.70431e-01 |141 -0.01613 -1.12821e-01
142 -0.01561 -5.89060e-02 |143 -0.03758 -3.36330e-03 |144 -0.00745 -1.76260e-02
145 -0.01432 -3.68797e-02 |146  0.03555 -9.70783e-02 |147  0.00047 -3.95688e-02
148 -0.00369 -2.27795e-02 |149 -0.01414  1.56080e-02 |150 -0.01603 -2.82190e-02
151 -0.00420 -3.89182e-02 |152 -0.03279 -3.16263e-02 |153 -0.03663 -3.63538e-02
154 -0.01831 -3.05472e-02 |155  0.02399 -3.58331e-02 |156 -0.16459 -2.89297e-03
157 -0.00969  4.79393e-03 |158  0.00682 -3.06627e-02 |159  0.00272 -3.28323e-02
160 -0.01665  3.46180e-03 |161 -0.01661 -4.10764e-02 |
Function minimizer not making progress ... is minimum attained?
Minimprove criterion = 0.0000e+00

 - final statistics:
161 variables; iteration 2; function evaluation 32
Function value 2.6888e+03; maximum gradient component mag -6.3754e-01
Exit code = 1;  converg criter 1.0000e-04
Var    Value     Gradient |Var    Value     Gradient |Var    Value     Gradient
  1 -0.19134  1.26679e-01 |  2 -0.05274 -8.17927e-02 |  3 -0.37818 -6.37539e-01
  4 -0.04982 -6.96196e-02 |  5 -0.43661 -1.79347e-02 |  6 -0.04298  8.18789e-03
  7  0.09875 -1.21985e-01 |  8  0.18245 -6.88370e-02 |  9 -0.06056 -2.64602e-02
 10  0.02381 -7.76223e-03 | 11 -0.04243 -1.70843e-01 | 12  0.00930 -4.73417e-03
 13  0.01966 -9.27086e-03 | 14  0.11731 -1.83216e-02 | 15  0.03773 -8.32184e-03
 16 -0.01440 -6.48128e-03 | 17  0.04787 -1.16287e-02 | 18 -0.00791 -4.29274e-03
 19  0.14389  7.16595e-03 | 20 -0.05729 -2.35863e-03 | 21 -0.08087  8.68606e-04
 22 -0.12073 -6.54807e-03 | 23  0.08952 -2.93258e-02 | 24 -0.00897 -1.55160e-02
 25 -0.16960 -2.51177e-03 | 26 -0.25356 -7.18914e-04 | 27 -0.26601 -1.13295e-03
 28  0.23491 -6.63175e-02 | 29 -0.09651 -4.37338e-03 | 30  0.04194 -2.15541e-02
 31  0.04080 -9.18667e-03 | 32  0.03346 -1.18312e-02 | 33  0.05544 -4.25909e-03
 34 -0.04988 -3.05463e-03 | 35 -0.02686 -1.85614e-03 | 36 -0.14591 -1.30036e-03
 37  0.04614 -8.77568e-03 | 38 -0.08730 -1.68486e-03 | 39 -0.04241  3.29884e-03
 40 -0.14122  4.10147e-03 | 41 -0.16360  8.17377e-04 | 42 -0.16646 -2.70617e-03
 43  0.42684 -5.24543e-03 | 44 -0.22130 -2.04813e-03 | 45 -0.00284 -7.04928e-03
 46 -0.16231 -1.76441e-03 | 47  0.08495 -2.49402e-03 | 48 -0.17841 -1.91700e-04
 49 -0.30528  2.87540e-03 | 50 -0.38347  7.66781e-04 | 51 -0.11867  4.34712e-03
 52 -0.26113  4.40668e-04 | 53  0.13409 -1.46975e-03 | 54  0.14569  8.18773e-03
 55 -0.00124  1.47556e-03 | 56  0.17602 -4.43586e-03 | 57  0.23172  4.44534e-03
 58 -0.12959  2.42226e-04 | 59  0.07427  6.56499e-04 | 60  0.07998  7.78300e-04
 61 -0.10293  8.77704e-05 | 62 -0.23671  2.82851e-03 | 63 -0.17635 -2.13621e-03
 64 -0.01756 -1.92449e-04 | 65  0.02569 -4.71658e-03 | 66 -0.14083 -5.04087e-03
 67  0.01158 -1.16849e-03 | 68  0.13157  3.22364e-04 | 69  0.00000  0.00000e+00
 70  0.00000  0.00000e+00 | 71  0.00000  0.00000e+00 | 72  0.00000  0.00000e+00
 73  0.00000  0.00000e+00 | 74  0.00000  0.00000e+00 | 75  0.00000  0.00000e+00
 76  0.00000  0.00000e+00 | 77  0.00000  0.00000e+00 | 78  0.00000  0.00000e+00
 79  0.00000  0.00000e+00 | 80  0.00000  0.00000e+00 | 81 -0.25391 -2.45269e-03
 82 -0.10089 -8.99136e-04 | 83  0.24166 -2.13052e-02 | 84 -0.16160  8.34934e-02
 85  0.43945  1.71586e-03 | 86 -0.24410  1.35135e-03 | 87 -0.65822  2.17624e-03
 88 -0.29079  2.79050e-03 | 89  0.27811 -1.39014e-02 | 90 -0.16484  3.98161e-03
 91 -0.48575 -5.04986e-03 | 92  0.21740 -3.25361e-03 | 93 -0.16623  6.51146e-03
 94  0.35347 -8.93350e-04 | 95 -0.17935  1.27904e-02 | 96  0.38014  9.31434e-04
 97  0.31364 -6.03342e-03 | 98 -0.08790  2.88361e-02 | 99 -0.12842  1.69583e-03
100 -0.15177  8.99951e-02 |101 -0.33610 -2.36455e-02 |102 -0.12427  1.27372e-02
103 -0.05338 -1.19581e-02 |104 -0.00137 -3.99030e-03 |105  0.00900 -1.07788e-03
106 -0.13026  1.27140e-03 |107  0.42811  8.29897e-03 |108 -0.16643 -9.51800e-03
109  0.47119  1.52351e-02 |110 -0.26185 -2.69851e-02 |111  0.07547  1.60633e-02
112 -0.22560 -2.83010e-02 |113  0.06772  8.91116e-03 |114 -0.18231 -1.15986e-02
115 -0.08968  9.33766e-03 |116 -0.00194 -4.48101e-02 |117  0.01635 -1.05935e-01
118 -0.05301 -4.40846e-02 |119 -0.05340 -1.93093e-02 |120 -0.01350 -4.82459e-02
121 -0.04834 -2.64349e-02 |122  0.01700 -3.80986e-01 |123 -0.02011 -1.01947e-01
124 -0.00528 -2.05202e-01 |125 -0.05244 -7.29735e-02 |126 -0.00821 -1.35880e-01
127 -0.02130 -7.64702e-02 |128 -0.05194 -1.94350e-02 |129 -0.02425 -7.45995e-02
130 -0.03369 -3.22580e-02 |131 -0.00052 -5.48011e-02 |132 -0.02023 -4.24585e-02
133 -0.01317 -3.56066e-02 |134 -0.05104 -1.91432e-02 |135 -0.04320 -5.25808e-03
136 -0.00937  1.00935e-02 |137  0.00568 -1.03671e-01 |138 -0.02218  3.17406e-02
139 -0.01232 -9.03214e-02 |140  0.04235 -1.70431e-01 |141 -0.01613 -1.12821e-01
142 -0.01561 -5.89060e-02 |143 -0.03758 -3.36330e-03 |144 -0.00745 -1.76260e-02
145 -0.01432 -3.68797e-02 |146  0.03555 -9.70783e-02 |147  0.00047 -3.95688e-02
148 -0.00369 -2.27795e-02 |149 -0.01414  1.56080e-02 |150 -0.01603 -2.82190e-02
151 -0.00420 -3.89182e-02 |152 -0.03279 -3.16263e-02 |153 -0.03663 -3.63538e-02
154 -0.01831 -3.05472e-02 |155  0.02399 -3.58331e-02 |156 -0.16459 -2.89297e-03
157 -0.00969  4.79393e-03 |158  0.00682 -3.06627e-02 |159  0.00272 -3.28323e-02
160 -0.01665  3.46180e-03 |161 -0.01661 -4.10764e-02 |
size of file gradfil1.tmp = 0
size of file gradfil2.tmp = 0
size of file varssave.tmp = 0
size of file cmpdiff.tmp = 200000008
