
Initial statistics: 1 variables; iteration 0; function evaluation 0; phase 1
Function value 1.4134747e+03; maximum gradient component mag 1.0832e+01
Var    Value     Gradient |Var    Value     Gradient |Var    Value     Gradient
  1  0.12819  1.08315e+01 |

 - final statistics:
1 variables; iteration 1; function evaluation 4
Function value 1.4126e+03; maximum gradient component mag 1.1390e-02
Exit code = 1;  converg criter 1.0000e+01
Var    Value     Gradient |Var    Value     Gradient |Var    Value     Gradient
  1  0.00782  1.13905e-02 |

Initial statistics: 8 variables; iteration 0; function evaluation 0; phase 2
Function value 1.4125595e+03; maximum gradient component mag -4.9383e+02
Var    Value     Gradient |Var    Value     Gradient |Var    Value     Gradient
  1 -0.25350 -1.48218e+02 |  2 -0.26198 -4.66048e+02 |  3 -0.05228  1.20429e+01
  4  0.14905 -9.68143e+01 |  5  0.00000 -4.93827e+02 |  6  0.25754 -2.61345e+01
  7 -0.06236 -9.28230e+01 |  8  0.00782  1.13905e-02 |

 - final statistics:
8 variables; iteration 16; function evaluation 22
Function value 1.3490e+03; maximum gradient component mag 5.2334e+00
Exit code = 1;  converg criter 1.0000e+01
Var    Value     Gradient |Var    Value     Gradient |Var    Value     Gradient
  1 -0.15927  1.09958e+00 |  2 -0.23885  5.23339e+00 |  3 -0.24133  1.54320e+00
  4  0.38467  2.14371e+00 |  5  0.17078  4.14889e+00 |  6  0.35987  1.18210e+00
  7 -0.34193  2.51844e+00 |  8  0.99403 -3.68782e-02 |

Initial statistics: 31 variables; iteration 0; function evaluation 0; phase 3
Function value 1.3489687e+03; maximum gradient component mag -6.2538e+02
Var    Value     Gradient |Var    Value     Gradient |Var    Value     Gradient
  1 -0.15927  1.09958e+00 |  2 -0.23885  5.23339e+00 |  3 -0.24133  1.54320e+00
  4  0.38467  2.14371e+00 |  5  0.10094  1.20156e+02 |  6  0.31415  1.34821e+02
  7  0.00000 -3.93285e+02 |  8  0.17078  4.14889e+00 |  9  0.35987  1.18210e+00
 10 -0.34193  2.51844e+00 | 11  0.00000  1.21523e+02 | 12  0.00000  8.17363e+01
 13  0.99403 -3.68782e-02 | 14 -0.32395 -2.97673e+02 | 15 -0.05795  9.79109e+01
 16 -0.32395 -6.25378e+02 | 17 -0.05795  2.15952e+02 | 18 -0.32395 -2.27648e+02
 19 -0.05795  7.31871e+01 | 20  0.00000  5.38646e+02 | 21 -0.40967  2.08527e+00
 22 -0.31415 -3.92766e+02 | 23 -0.00064  8.50089e+01 | 24 -0.32395  4.55856e+02
 25 -0.31415 -5.74447e+02 | 26 -0.00064  1.32869e-03 | 27  0.62714  8.96404e-03
 28 -0.11760  5.51859e+02 | 29 -0.31415 -5.03403e+02 | 30 -0.00064  1.18875e-03
 31  0.62714  8.05032e-03 |

Intermediate statistics: 31 variables; iteration 20; function evaluation 32; phase 3
Function value 8.7932445e+02; maximum gradient component mag -3.1815e+02
Var    Value     Gradient |Var    Value     Gradient |Var    Value     Gradient
  1 -0.01248  1.39576e+02 |  2 -0.21353 -7.04722e+01 |  3 -0.12225 -1.34295e+02
  4  0.09297 -8.15565e+01 |  5  0.06772 -6.76891e+01 |  6 -0.53219 -1.20234e+01
  7  0.12668  3.66522e+01 |  8  0.12897 -4.97525e+01 |  9  0.28820 -4.36973e+01
 10 -0.12517 -3.77162e+01 | 11 -0.05845 -5.30482e+01 | 12  0.18270 -1.74231e+01
 13  0.99033 -1.23458e-02 | 14 -0.01029 -2.28938e+01 | 15  0.18544 -5.75013e+00
 16 -0.17095 -3.18154e+02 | 17  0.04171  1.48356e+02 | 18  0.22611 -5.49406e+00
 19  0.28050  8.60672e+00 | 20  0.11703  1.07840e+02 | 21 -0.44209  1.00285e+00
 22 -0.09551 -5.76052e+01 | 23 -0.38418  1.31726e+01 | 24  0.49294 -2.29800e+00
 25  0.39904  9.52744e+00 | 26 -0.00064 -3.17042e-06 | 27  0.62674  4.72959e-03
 28 -0.08392  1.88242e+00 | 29  0.14071 -2.01766e-01 | 30 -0.00066  2.38827e-04
 31  0.62668  5.34797e-03 |
31 variables; iteration 40; function evaluation 73; phase 3
Function value 8.3496652e+02; maximum gradient component mag 1.1974e+02
Var    Value     Gradient |Var    Value     Gradient |Var    Value     Gradient
  1 -0.06710  8.68012e+01 |  2 -0.02749  1.07547e+02 |  3  0.00138 -2.50239e+01
  4 -0.11326  2.69708e+01 |  5  0.25617  2.71921e+01 |  6 -0.74681  1.19757e+01
  7  0.03882 -4.64768e+01 |  8  0.03882  1.19742e+02 |  9  0.16901  6.30972e+01
 10  0.08155  7.89048e+01 | 11 -0.13778  3.40235e+01 | 12  0.58023  6.29377e+00
 13  0.01855 -3.08726e+01 | 14  0.22135 -1.76975e+01 | 15  0.32143 -1.34285e+01
 16  0.06198 -7.24114e+01 | 17  0.24692  2.88605e+01 | 18  0.25885 -5.43363e+01
 19  0.23759  4.28661e+01 | 20 -0.01798 -1.66191e+01 | 21 -1.72842  1.37533e+00
 22 -0.14702  9.09819e+00 | 23 -0.18247  3.90514e+00 | 24  0.02554 -4.49538e+00
 25  0.09158  1.11675e+01 | 26 -0.00208  3.52735e-04 | 27  0.54601  4.65654e-03
 28 -0.15029  4.42669e+00 | 29  0.02259 -3.49299e+00 | 30 -0.00231 -3.64527e-04
 31  0.54615  2.56575e-03 |
Maximum number of function evaluations exceeded

 - final statistics:
31 variables; iteration 58; function evaluation 100
Function value 8.1677e+02; maximum gradient component mag -1.4714e+01
Exit code = 3;  converg criter 1.0000e+00
Var    Value     Gradient |Var    Value     Gradient |Var    Value     Gradient
  1 -0.15123 -1.06837e+01 |  2 -0.08152 -6.69204e+00 |  3  0.00420  2.41970e+00
  4 -0.08010  1.37194e+00 |  5  0.18728 -3.98017e+00 |  6 -0.74533 -6.66314e-01
  7  0.09889 -1.07943e+01 |  8  0.02788 -2.24007e-01 |  9  0.19391  8.26392e+00
 10  0.05037  6.28043e+00 | 11 -0.11082 -4.12049e+00 | 12  0.44830 -2.29579e-01
 13 -0.06373  6.59572e+00 | 14  0.45136 -1.79712e+00 | 15  0.45669 -7.09472e-01
 16  0.14996 -9.18953e+00 | 17  0.33594  8.74850e+00 | 18  0.42116 -4.40327e+00
 19  0.32366  1.04558e+01 | 20  0.01190 -1.47137e+01 | 21 -1.37313  2.09855e-02
 22 -0.11989  9.94850e+00 | 23 -0.23882 -2.20085e+00 | 24  0.02875  4.43523e+00
 25  0.09126 -3.14217e+00 | 26 -0.15079  3.56676e+00 | 27 -0.05045  4.99197e+00
 28 -0.54420 -7.71705e+00 | 29 -0.51254  3.89725e+00 | 30  0.00128  1.92879e-05
 31  0.53993  3.85842e-04 |

Initial statistics: 31 variables; iteration 0; function evaluation 0; phase 4
Function value 8.1677060e+02; maximum gradient component mag -1.4714e+01
Var    Value     Gradient |Var    Value     Gradient |Var    Value     Gradient
  1 -0.15123 -1.06837e+01 |  2 -0.08152 -6.69204e+00 |  3  0.00420  2.41970e+00
  4 -0.08010  1.37194e+00 |  5  0.18728 -3.98017e+00 |  6 -0.74533 -6.66314e-01
  7  0.09889 -1.07943e+01 |  8  0.02788 -2.24007e-01 |  9  0.19391  8.26392e+00
 10  0.05037  6.28043e+00 | 11 -0.11082 -4.12049e+00 | 12  0.44830 -2.29579e-01
 13 -0.06373  6.59572e+00 | 14  0.45136 -1.79712e+00 | 15  0.45669 -7.09472e-01
 16  0.14996 -9.18953e+00 | 17  0.33594  8.74850e+00 | 18  0.42116 -4.40327e+00
 19  0.32366  1.04558e+01 | 20  0.01190 -1.47137e+01 | 21 -0.62687 -2.09855e-02
 22 -0.11989  9.94850e+00 | 23 -0.23882 -2.20085e+00 | 24  0.02875  4.43523e+00
 25  0.09126 -3.14217e+00 | 26 -0.15079  3.56676e+00 | 27 -0.05045  4.99197e+00
 28 -0.54420 -7.71705e+00 | 29 -0.51254  3.89725e+00 | 30  0.00128  1.92879e-05
 31  0.53993  3.85842e-04 |

Intermediate statistics: 31 variables; iteration 20; function evaluation 21; phase 4
Function value 8.1626786e+02; maximum gradient component mag 2.2838e+01
Var    Value     Gradient |Var    Value     Gradient |Var    Value     Gradient
  1 -0.14078  6.60116e+00 |  2 -0.07843 -3.77541e+00 |  3  0.00829 -2.15291e+00
  4 -0.09305 -2.79919e+00 |  5  0.19850 -7.51180e-01 |  6 -0.75155 -3.52574e+00
  7  0.09665 -3.24044e+00 |  8  0.03289  5.26318e+00 |  9  0.19594  3.92559e+00
 10  0.04867  7.99873e+00 | 11 -0.11179 -6.52192e+00 | 12  0.43404 -2.81929e+00
 13 -0.05577 -6.95406e+00 | 14  0.49859 -5.42978e+00 | 15  0.47556  1.07841e+01
 16  0.16962 -1.69829e+01 | 17  0.35062  2.28383e+01 | 18  0.43944  2.13749e+00
 19  0.32426 -2.61517e+00 | 20  0.02267 -8.29770e+00 | 21 -0.62581 -1.36753e-02
 22 -0.11534  7.68714e+00 | 23 -0.25473 -1.53262e+00 | 24  0.07813  4.54827e+00
 25  0.10051 -5.56716e+00 | 26 -0.26663  1.86411e+00 | 27 -0.05826  2.99264e+00
 28 -0.55716 -2.78431e+00 | 29 -0.61615  1.08688e+00 | 30  0.00128  6.77129e-05
 31  0.53989  2.19328e-04 |
31 variables; iteration 40; function evaluation 47; phase 4
Function value 8.1596016e+02; maximum gradient component mag 3.3726e+00
Var    Value     Gradient |Var    Value     Gradient |Var    Value     Gradient
  1 -0.13402 -5.75730e-01 |  2 -0.06898 -4.45182e-02 |  3  0.00900  2.87073e-01
  4 -0.09759  1.80425e-01 |  5  0.19273  2.72858e-02 |  6 -0.74641  1.58142e-02
  7  0.09164 -2.78064e-01 |  8  0.02507 -6.59279e-03 |  9  0.19305  1.07563e+00
 10  0.05348  3.58856e-01 | 11 -0.10925  6.59855e-02 | 12  0.43913 -1.53428e-02
 13 -0.05068  4.60131e-01 | 14  0.56419  1.95019e-01 | 15  0.49274 -4.39603e-01
 16  0.17529 -9.81373e-02 | 17  0.34836  1.60857e-01 | 18  0.44185 -4.60763e-01
 19  0.32272  6.18945e-01 | 20  0.02069  3.37262e+00 | 21 -0.31750  1.13606e-01
 22 -0.12234 -5.76104e-01 | 23 -0.25521  1.37856e+00 | 24  0.12170 -1.61583e-01
 25  0.11883 -1.27763e-02 | 26 -0.43002 -1.02784e-01 | 27 -0.05715 -3.10663e-02
 28 -0.57582  6.39487e-02 | 29 -0.77895 -1.86384e-02 | 30 -0.00252  1.53213e-04
 31  0.53745 -9.60077e-06 |
31 variables; iteration 60; function evaluation 71; phase 4
Function value 8.1591755e+02; maximum gradient component mag -1.2543e-01
Var    Value     Gradient |Var    Value     Gradient |Var    Value     Gradient
  1 -0.13517  5.49506e-02 |  2 -0.06892 -2.52186e-03 |  3  0.00853 -1.84951e-02
  4 -0.09682 -1.69394e-02 |  5  0.19260 -4.52388e-03 |  6 -0.74708 -3.68942e-03
  7  0.09181  7.73919e-03 |  8  0.02438 -3.69125e-03 |  9  0.19287 -4.52225e-02
 10  0.05411 -1.43759e-02 | 11 -0.10938 -1.04641e-02 | 12  0.44061 -2.10100e-03
 13 -0.05160 -3.75136e-02 | 14  0.56045 -3.66246e-02 | 15  0.49187  5.15664e-02
 16  0.17474  2.35334e-03 | 17  0.34815 -9.92384e-03 | 18  0.44436  3.87614e-02
 19  0.32396 -4.39083e-02 | 20 -0.01746 -1.25432e-01 | 21 -0.17643 -4.68400e-02
 22 -0.14829  1.85248e-02 | 23 -0.27201 -4.91545e-02 | 24  0.11817 -2.27782e-02
 25  0.11816  1.00826e-02 | 26 -0.41151 -9.30942e-03 | 27 -0.05866 -7.64958e-03
 28 -0.57497  4.80227e-04 | 29 -0.76819 -2.17351e-03 | 30 -0.02762  2.07866e-04
 31  0.53616  2.75233e-05 |
31 variables; iteration 80; function evaluation 91; phase 4
Function value 8.1591749e+02; maximum gradient component mag -1.4608e-02
Var    Value     Gradient |Var    Value     Gradient |Var    Value     Gradient
  1 -0.13513  1.39189e-02 |  2 -0.06891 -2.55571e-04 |  3  0.00853 -5.02136e-03
  4 -0.09684 -3.44911e-03 |  5  0.19259 -1.60395e-03 |  6 -0.74704 -7.63899e-04
  7  0.09179  1.59083e-03 |  8  0.02438 -3.18166e-04 |  9  0.19288 -4.62849e-03
 10  0.05410 -1.58995e-03 | 11 -0.10937 -3.21533e-04 | 12  0.44052 -2.02947e-05
 13 -0.05157 -1.46079e-02 | 14  0.56151 -6.91337e-04 | 15  0.49220  1.90776e-03
 16  0.17481  2.30456e-03 | 17  0.34819 -2.39678e-03 | 18  0.44413 -3.61067e-03
 19  0.32384  5.59053e-03 | 20 -0.01685 -1.84208e-03 | 21 -0.17737 -1.32806e-04
 22 -0.14785  2.68664e-04 | 23 -0.27165 -7.68439e-04 | 24  0.11796  2.43383e-04
 25  0.11806  6.84850e-04 | 26 -0.41026  1.20439e-04 | 27 -0.05874  3.01213e-04
 28 -0.57468  2.35502e-03 | 29 -0.76565 -1.36761e-04 | 30 -0.15753 -6.97291e-06
 31  0.51963  9.13885e-05 |

 - final statistics:
31 variables; iteration 84; function evaluation 95
Function value 8.1592e+02; maximum gradient component mag 2.7519e-05
Exit code = 1;  converg criter 1.0000e-04
Var    Value     Gradient |Var    Value     Gradient |Var    Value     Gradient
  1 -0.13513 -2.64080e-05 |  2 -0.06891  1.42038e-06 |  3  0.00853  9.43279e-06
  4 -0.09684  7.11515e-06 |  5  0.19259  3.10195e-06 |  6 -0.74704  1.79256e-06
  7  0.09179 -1.84627e-06 |  8  0.02439  9.94630e-08 |  9  0.19288  5.70621e-06
 10  0.05410  1.21705e-06 | 11 -0.10937  1.69896e-06 | 12  0.44052  7.56693e-07
 13 -0.05157  2.75194e-05 | 14  0.56152  4.67950e-06 | 15  0.49220 -9.84293e-06
 16  0.17482 -1.15148e-06 | 17  0.34819  4.85162e-07 | 18  0.44416  3.64481e-06
 19  0.32385 -5.40432e-06 | 20 -0.01683 -4.48616e-06 | 21 -0.17740 -1.46168e-06
 22 -0.14784  5.32366e-07 | 23 -0.27164 -2.06059e-06 | 24  0.11796 -1.47898e-07
 25  0.11806  6.31691e-08 | 26 -0.41026  1.37706e-07 | 27 -0.05874 -2.09499e-07
 28 -0.57470 -1.37060e-06 | 29 -0.76579  1.86088e-07 | 30 -0.15972  5.70491e-08
 31  0.51767 -5.74788e-07 |
size of file gradfil1.tmp = 0
size of file gradfil2.tmp = 0
size of file varssave.tmp = 0
size of file cmpdiff.tmp = 0
