
Initial statistics: 1 variables; iteration 0; function evaluation 0; phase 1
Function value 1.4267903e+03; maximum gradient component mag 1.1463e+01
Var    Value     Gradient |Var    Value     Gradient |Var    Value     Gradient
  1  0.12819  1.14635e+01 |

 - final statistics:
1 variables; iteration 1; function evaluation 4
Function value 1.4258e+03; maximum gradient component mag 7.4874e-01
Exit code = 1;  converg criter 1.0000e+01
Var    Value     Gradient |Var    Value     Gradient |Var    Value     Gradient
  1  0.00599  7.48736e-01 |

Initial statistics: 8 variables; iteration 0; function evaluation 0; phase 2
Function value 1.4257689e+03; maximum gradient component mag -5.0577e+02
Var    Value     Gradient |Var    Value     Gradient |Var    Value     Gradient
  1 -0.25350 -1.51781e+02 |  2 -0.26198 -4.76539e+02 |  3 -0.05228  1.00651e+01
  4  0.14905 -9.83589e+01 |  5  0.00000 -5.05770e+02 |  6  0.25754 -3.20177e+01
  7 -0.06236 -9.80175e+01 |  8  0.00599  7.48736e-01 |

 - final statistics:
8 variables; iteration 16; function evaluation 22
Function value 1.3614e+03; maximum gradient component mag 6.2244e+00
Exit code = 1;  converg criter 1.0000e+01
Var    Value     Gradient |Var    Value     Gradient |Var    Value     Gradient
  1 -0.15753  1.21327e+00 |  2 -0.22860  6.22443e+00 |  3 -0.23380  1.33050e+00
  4  0.36294  1.97185e+00 |  5  0.16454  4.87501e+00 |  6  0.35889  1.36660e+00
  7 -0.33548  2.91176e+00 |  8  0.99012 -6.12039e-02 |

Initial statistics: 31 variables; iteration 0; function evaluation 0; phase 3
Function value 1.3613612e+03; maximum gradient component mag -6.2945e+02
Var    Value     Gradient |Var    Value     Gradient |Var    Value     Gradient
  1 -0.15753  1.21327e+00 |  2 -0.22860  6.22443e+00 |  3 -0.23380  1.33050e+00
  4  0.36294  1.97185e+00 |  5  0.10094  1.21843e+02 |  6  0.31415  1.35916e+02
  7  0.00000 -3.95071e+02 |  8  0.16454  4.87501e+00 |  9  0.35889  1.36660e+00
 10 -0.33548  2.91176e+00 | 11  0.00000  1.24606e+02 | 12  0.00000  8.38301e+01
 13  0.99012 -6.12039e-02 | 14 -0.32395 -2.99743e+02 | 15 -0.05795  9.86327e+01
 16 -0.32395 -6.29451e+02 | 17 -0.05795  2.17431e+02 | 18 -0.32395 -2.26664e+02
 19 -0.05795  7.29086e+01 | 20  0.00000  5.37482e+02 | 21 -0.40967  2.07756e+00
 22 -0.31415 -3.92222e+02 | 23 -0.00064  8.46858e+01 | 24 -0.32395  4.57176e+02
 25 -0.31415 -5.76528e+02 | 26 -0.00064  1.32459e-03 | 27  0.62714  8.96437e-03
 28 -0.11760  5.53663e+02 | 29 -0.31415 -5.05261e+02 | 30 -0.00064  1.18902e-03
 31  0.62714  8.05515e-03 |

Intermediate statistics: 31 variables; iteration 20; function evaluation 30; phase 3
Function value 8.9335641e+02; maximum gradient component mag -3.2193e+02
Var    Value     Gradient |Var    Value     Gradient |Var    Value     Gradient
  1 -0.03787  1.40559e+02 |  2 -0.18099 -7.26085e+01 |  3 -0.13243 -1.70225e+02
  4  0.07165 -1.05172e+02 |  5  0.06970 -8.86261e+01 |  6 -0.53441 -2.55965e+01
  7  0.15251  6.17935e+01 |  8  0.10913 -6.13937e+01 |  9  0.29648 -6.66574e+01
 10 -0.11948 -5.34239e+01 | 11 -0.06644 -8.38753e+01 | 12  0.16124 -2.45678e+01
 13  0.98322 -1.08323e-02 | 14 -0.05510 -1.19759e+01 | 15  0.12886 -2.21306e+01
 16 -0.17722 -3.21931e+02 | 17  0.04026  1.52269e+02 | 18  0.22639 -3.61716e+00
 19  0.28709  8.51606e+00 | 20  0.13345  8.45209e+01 | 21 -0.43852  9.75720e-01
 22 -0.06815 -2.20986e+01 | 23 -0.45002  7.44674e+00 | 24  0.52859 -1.64684e+00
 25  0.39801  8.48854e+00 | 26 -0.00064 -3.17044e-06 | 27  0.62671  4.72915e-03
 28 -0.08136  1.56572e+00 | 29  0.17165  1.94751e-01 | 30 -0.00067  2.68656e-04
 31  0.62665  5.41603e-03 |
31 variables; iteration 40; function evaluation 64; phase 3
Function value 8.5289202e+02; maximum gradient component mag 1.0711e+02
Var    Value     Gradient |Var    Value     Gradient |Var    Value     Gradient
  1  0.03785  1.07105e+02 |  2 -0.07285  5.25851e+01 |  3 -0.00161 -5.51093e+01
  4 -0.08739  3.83477e+00 |  5  0.22376 -7.78500e+00 |  6 -0.83667 -1.53520e+01
  7  0.00869 -4.42049e+01 |  8  0.05585  6.19902e+01 |  9  0.17875 -1.01566e+01
 10  0.05131  3.36644e+01 | 11 -0.13181 -1.33907e+01 | 12  0.70129 -4.98313e+00
 13  0.18059 -1.62732e+01 | 14  0.19520 -5.51884e+01 | 15  0.32760  4.52594e+01
 16  0.02989 -9.67557e+01 | 17  0.21243  3.36639e+01 | 18  0.23931 -6.42463e+01
 19  0.24260  5.77223e+01 | 20  0.02938 -1.05564e+01 | 21 -1.75404 -7.97074e-01
 22 -0.11372  1.97101e+01 | 23 -0.25931  2.52103e+00 | 24 -0.00162 -3.88702e+00
 25  0.04701  3.57311e-01 | 26 -0.00133  1.13887e-04 | 27  0.54544  4.01163e-03
 28 -0.47980 -1.57144e+01 | 29 -0.33464  1.27275e+01 | 30 -0.00051 -7.89253e-04
 31  0.54971 -9.62176e-04 |
31 variables; iteration 60; function evaluation 87; phase 3
Function value 8.2700487e+02; maximum gradient component mag 2.2258e+01
Var    Value     Gradient |Var    Value     Gradient |Var    Value     Gradient
  1 -0.14682 -1.52875e+01 |  2 -0.06471 -5.84958e-01 |  3  0.00766  7.89538e+00
  4 -0.09340  4.91454e+00 |  5  0.18328  2.79348e+00 |  6 -1.29036 -1.15125e+01
  7  0.10102 -4.76717e+00 |  8  0.00988 -5.23582e+00 |  9  0.19005  1.22612e+01
 10  0.06388  3.38414e+00 | 11 -0.11240  3.46963e+00 | 12  1.57059 -6.05475e+00
 13 -0.05877  2.22581e+01 | 14  0.42675 -8.69394e+00 | 15  0.44839  1.10083e+01
 16  0.15717 -3.96877e+00 | 17  0.34031  5.79858e+00 | 18  0.43347  4.00234e+00
 19  0.32507 -4.22890e+00 | 20  0.01620 -1.16412e+01 | 21 -0.87183 -1.66417e-02
 22 -0.12013  6.47009e+00 | 23 -0.24561 -2.27426e+00 | 24  0.09008 -6.65634e+00
 25  0.11617  3.08481e+00 | 26 -0.33337 -1.76498e+00 | 27 -0.08110 -3.35746e+00
 28 -0.54534 -2.66395e+00 | 29 -0.55127  1.82309e+00 | 30  0.02076  2.34544e-05
 31  0.55529  1.19238e-03 |
Maximum number of function evaluations exceeded

 - final statistics:
31 variables; iteration 73; function evaluation 100
Function value 8.2641e+02; maximum gradient component mag 5.3955e+00
Exit code = 3;  converg criter 1.0000e+00
Var    Value     Gradient |Var    Value     Gradient |Var    Value     Gradient
  1 -0.13841  5.39554e+00 |  2 -0.07188 -1.92611e+00 |  3  0.00746 -2.67643e+00
  4 -0.09362 -1.93941e+00 |  5  0.19480  8.74817e-01 |  6 -1.25258  1.96024e+00
  7  0.09817  8.89389e-01 |  8  0.02727 -1.80174e+00 |  9  0.19772  2.52356e+00
 10  0.04573 -5.31297e-03 | 11 -0.10523  2.43937e+00 | 12  1.58398  1.34716e+00
 13 -0.05373 -4.87664e+00 | 14  0.51481 -8.79536e-01 | 15  0.47803  2.82951e-01
 16  0.16770 -3.16405e-01 | 17  0.34501  1.18587e-01 | 18  0.42398 -6.63868e-01
 19  0.31646  4.24936e-01 | 20  0.02193 -5.56792e-01 | 21 -0.73581 -8.20782e-03
 22 -0.12161  5.05585e-01 | 23 -0.25119  9.55197e-02 | 24  0.11050 -1.48428e+00
 25  0.11938  1.93730e+00 | 26 -0.39343 -1.81246e-01 | 27 -0.05918 -2.21013e-01
 28 -0.56198 -5.15636e-01 | 29 -0.67123  2.75038e-01 | 30  0.02176  2.51855e-05
 31  0.52597 -7.06056e-04 |

Initial statistics: 31 variables; iteration 0; function evaluation 0; phase 4
Function value 8.2641231e+02; maximum gradient component mag 5.3955e+00
Var    Value     Gradient |Var    Value     Gradient |Var    Value     Gradient
  1 -0.13841  5.39554e+00 |  2 -0.07188 -1.92611e+00 |  3  0.00746 -2.67643e+00
  4 -0.09362 -1.93941e+00 |  5  0.19480  8.74817e-01 |  6 -0.74742 -1.96024e+00
  7  0.09817  8.89389e-01 |  8  0.02727 -1.80174e+00 |  9  0.19772  2.52356e+00
 10  0.04573 -5.31297e-03 | 11 -0.10523  2.43937e+00 | 12  0.41602 -1.34716e+00
 13 -0.05373 -4.87664e+00 | 14  0.51481 -8.79536e-01 | 15  0.47803  2.82951e-01
 16  0.16770 -3.16405e-01 | 17  0.34501  1.18587e-01 | 18  0.42398 -6.63868e-01
 19  0.31646  4.24936e-01 | 20  0.02193 -5.56792e-01 | 21 -0.73581 -8.20782e-03
 22 -0.12161  5.05585e-01 | 23 -0.25119  9.55197e-02 | 24  0.11050 -1.48428e+00
 25  0.11938  1.93730e+00 | 26 -0.39343 -1.81246e-01 | 27 -0.05918 -2.21013e-01
 28 -0.56198 -5.15636e-01 | 29 -0.67123  2.75038e-01 | 30  0.02176  2.51855e-05
 31  0.52597 -7.06056e-04 |

Intermediate statistics: 31 variables; iteration 20; function evaluation 23; phase 4
Function value 8.2637278e+02; maximum gradient component mag 3.2260e+00
Var    Value     Gradient |Var    Value     Gradient |Var    Value     Gradient
  1 -0.13486  3.22601e+00 |  2 -0.06872 -4.16506e-01 |  3  0.00842 -2.07071e+00
  4 -0.09793 -1.37490e+00 |  5  0.19375  6.04385e-01 |  6 -0.74885 -1.57405e-01
  7  0.09471  1.01052e+00 |  8  0.02465 -6.94304e-02 |  9  0.19520  2.08915e+00
 10  0.05142  1.38567e+00 | 11 -0.10771  1.48758e+00 | 12  0.43322 -3.14988e-02
 13 -0.05086 -1.05295e+00 | 14  0.55436  1.09003e-01 | 15  0.49039 -5.03872e-01
 16  0.17245 -2.88723e+00 | 17  0.34749  3.10546e+00 | 18  0.44186 -8.56786e-02
 19  0.32340  1.19589e-01 | 20  0.02296 -1.51099e+00 | 21 -0.73491 -8.68623e-03
 22 -0.12100  5.90208e-01 | 23 -0.25307 -4.21849e-01 | 24  0.11264 -2.05378e+00
 25  0.11990  2.82861e+00 | 26 -0.39674 -2.35639e-01 | 27 -0.05934 -4.88335e-01
 28 -0.56437 -3.35237e-01 | 29 -0.68905  1.60951e-01 | 30  0.02176  3.58389e-05
 31  0.52606 -7.86047e-04 |
31 variables; iteration 40; function evaluation 57; phase 4
Function value 8.2635201e+02; maximum gradient component mag 3.8266e+00
Var    Value     Gradient |Var    Value     Gradient |Var    Value     Gradient
  1 -0.13348 -5.57878e-01 |  2 -0.06901 -1.56066e-02 |  3  0.00954  2.73977e-01
  4 -0.09818  1.85739e-01 |  5  0.19265  8.38126e-02 |  6 -0.74777 -6.17044e-03
  7  0.09259 -1.90784e-01 |  8  0.02620 -2.30265e-02 |  9  0.19440  1.14112e+00
 10  0.05102  3.39516e-01 | 11 -0.10830  1.88077e-01 | 12  0.43525 -7.65918e-03
 13 -0.05012  4.12324e-01 | 14  0.56185  1.37798e-03 | 15  0.49236 -2.07332e-03
 16  0.17473 -1.56744e-01 | 17  0.34817  1.43500e-01 | 18  0.44472 -1.28515e-02
 19  0.32408  1.31686e-02 | 20  0.02294  3.82659e+00 | 21 -0.35558  7.90562e-02
 22 -0.12126 -7.54287e-01 | 23 -0.25442  1.51325e+00 | 24  0.11792 -1.45685e-01
 25  0.11754  1.45526e-01 | 26 -0.41031 -3.23984e-02 | 27 -0.05865 -6.25979e-02
 28 -0.57706  1.22640e-01 | 29 -0.79531 -3.52355e-02 | 30  0.01777  9.18451e-05
 31  0.55541  9.49068e-04 |
31 variables; iteration 60; function evaluation 79; phase 4
Function value 8.2630687e+02; maximum gradient component mag 5.3207e-03
Var    Value     Gradient |Var    Value     Gradient |Var    Value     Gradient
  1 -0.13441  5.32070e-03 |  2 -0.06890 -6.42813e-04 |  3  0.00921 -2.52970e-03
  4 -0.09763 -1.64752e-03 |  5  0.19246 -2.78407e-04 |  6 -0.74772 -2.41249e-04
  7  0.09248  1.05163e-03 |  8  0.02538 -4.63228e-04 |  9  0.19407 -7.62366e-04
 10  0.05197  2.18219e-04 | 11 -0.10850  2.49788e-04 | 12  0.43601 -6.34061e-05
 13 -0.05088 -4.86969e-03 | 14  0.56084 -1.79441e-04 | 15  0.49221  1.16807e-03
 16  0.17449 -9.98930e-04 | 17  0.34813  1.04262e-03 | 18  0.44379 -2.34386e-04
 19  0.32380  2.13066e-04 | 20 -0.01621 -3.71498e-03 | 21 -0.17863 -1.30942e-03
 22 -0.14766  9.21333e-04 | 23 -0.27138 -1.29792e-03 | 24  0.11761 -1.86552e-04
 25  0.11770  1.20043e-03 | 26 -0.40856 -3.92676e-04 | 27 -0.05873  2.14124e-07
 28 -0.57432  2.39637e-03 | 29 -0.76477 -3.52926e-04 | 30 -0.01710  1.75092e-04
 31  0.53777  4.70180e-05 |

 - final statistics:
31 variables; iteration 74; function evaluation 96
Function value 8.2631e+02; maximum gradient component mag 3.0986e-05
Exit code = 1;  converg criter 1.0000e-04
Var    Value     Gradient |Var    Value     Gradient |Var    Value     Gradient
  1 -0.13441 -2.77316e-05 |  2 -0.06890  2.20443e-07 |  3  0.00921  8.45729e-06
  4 -0.09763  7.23285e-06 |  5  0.19246  4.06985e-06 |  6 -0.74772  1.72776e-06
  7  0.09249 -1.83429e-06 |  8  0.02538 -2.99575e-06 |  9  0.19407  1.32664e-05
 10  0.05197  6.76069e-06 | 11 -0.10850  3.71903e-06 | 12  0.43601  1.88728e-06
 13 -0.05088  3.09855e-05 | 14  0.56082  7.21815e-06 | 15  0.49221 -1.37855e-05
 16  0.17449 -4.37520e-06 | 17  0.34813  4.91372e-06 | 18  0.44379  1.80147e-06
 19  0.32380 -2.85505e-06 | 20 -0.01619 -1.22475e-05 | 21 -0.17865 -5.43855e-06
 22 -0.14764 -4.11199e-06 | 23 -0.27137 -5.56306e-06 | 24  0.11758  2.57691e-06
 25  0.11769  4.01427e-06 | 26 -0.40844 -8.39298e-07 | 27 -0.05874  1.45490e-06
 28 -0.57432  1.53044e-05 | 29 -0.76472 -2.00296e-06 | 30 -0.15802 -2.75352e-07
 31  0.51897  1.32611e-06 |
Estimating row 1 out of 31 for hessian
Estimating row 2 out of 31 for hessian
Estimating row 3 out of 31 for hessian
Estimating row 4 out of 31 for hessian
Estimating row 5 out of 31 for hessian
Estimating row 6 out of 31 for hessian
Estimating row 7 out of 31 for hessian
Estimating row 8 out of 31 for hessian
Estimating row 9 out of 31 for hessian
Estimating row 10 out of 31 for hessian
Estimating row 11 out of 31 for hessian
Estimating row 12 out of 31 for hessian
Estimating row 13 out of 31 for hessian
Estimating row 14 out of 31 for hessian
Estimating row 15 out of 31 for hessian
Estimating row 16 out of 31 for hessian
Estimating row 17 out of 31 for hessian
Estimating row 18 out of 31 for hessian
Estimating row 19 out of 31 for hessian
Estimating row 20 out of 31 for hessian
Estimating row 21 out of 31 for hessian
Estimating row 22 out of 31 for hessian
Estimating row 23 out of 31 for hessian
Estimating row 24 out of 31 for hessian
Estimating row 25 out of 31 for hessian
Estimating row 26 out of 31 for hessian
Estimating row 27 out of 31 for hessian
Estimating row 28 out of 31 for hessian
Estimating row 29 out of 31 for hessian
Estimating row 30 out of 31 for hessian
Estimating row 31 out of 31 for hessian
size of file gradfil1.tmp = 0
size of file gradfil2.tmp = 0
size of file varssave.tmp = 0
size of file cmpdiff.tmp = 600000024
