
Initial statistics: 2 variables; iteration 0; function evaluation 0; phase 1
Function value 1.5086899e+03; maximum gradient component mag 2.3626e+01
Var    Value     Gradient |Var    Value     Gradient |Var    Value     Gradient
  1  0.12819  2.36261e+01 |  2 -0.33333  7.62089e-01 |

 - final statistics:
2 variables; iteration 3; function evaluation 17
Function value 1.5041e+03; maximum gradient component mag 4.5632e+00
Exit code = 1;  converg criter 1.0000e+01
Var    Value     Gradient |Var    Value     Gradient |Var    Value     Gradient
  1 -0.07361  2.42255e+00 |  2 -0.35069  4.56323e+00 |

Initial statistics: 9 variables; iteration 0; function evaluation 0; phase 2
Function value 1.5041127e+03; maximum gradient component mag -4.8800e+02
Var    Value     Gradient |Var    Value     Gradient |Var    Value     Gradient
  1 -0.25350 -8.24871e+01 |  2 -0.26198 -4.73230e+02 |  3 -0.05228 -3.56613e+01
  4  0.14905 -1.17862e+02 |  5  0.00000 -4.88000e+02 |  6  0.25754 -8.41568e+01
  7 -0.06236 -1.13935e+02 |  8 -0.07361  2.42255e+00 |  9 -0.35069  4.56323e+00

 - final statistics:
9 variables; iteration 17; function evaluation 25
Function value 1.4481e+03; maximum gradient component mag -5.7189e+00
Exit code = 1;  converg criter 1.0000e+01
Var    Value     Gradient |Var    Value     Gradient |Var    Value     Gradient
  1 -0.14880  1.82282e-01 |  2 -0.19801  3.30239e+00 |  3 -0.20306 -1.27921e+00
  4  0.31232 -1.81695e-01 |  5  0.12318  2.78232e+00 |  6  0.34930 -5.71891e+00
  7 -0.29222 -4.26105e-02 |  8  0.79465 -1.01590e+00 |  9 -0.32290  1.14313e-02

Initial statistics: 32 variables; iteration 0; function evaluation 0; phase 3
Function value 1.4480516e+03; maximum gradient component mag -6.5028e+02
Var    Value     Gradient |Var    Value     Gradient |Var    Value     Gradient
  1 -0.14880  1.82282e-01 |  2 -0.19801  3.30239e+00 |  3 -0.20306 -1.27921e+00
  4  0.31232 -1.81695e-01 |  5  0.10094  1.42205e+02 |  6  0.31415  1.42739e+02
  7  0.00000 -4.14771e+02 |  8  0.12318  2.78232e+00 |  9  0.34930 -5.71891e+00
 10 -0.29222 -4.26105e-02 | 11  0.00000  1.53125e+02 | 12  0.00000  8.97752e+01
 13  0.79465 -1.01590e+00 | 14 -0.32290  1.14313e-02 | 15 -0.32395 -3.18563e+02
 16 -0.21635  1.35356e+02 | 17 -0.32395 -6.50278e+02 | 18 -0.21635  2.89764e+02
 19 -0.32395 -2.26746e+02 | 20 -0.21635  9.41268e+01 | 21  0.00000  5.40360e+02
 22 -0.40967  2.07776e+00 | 23 -0.21635 -3.33703e+02 | 24  0.16024  6.55220e+01
 25 -0.32395  4.57083e+02 | 26 -0.21635 -4.87531e+02 | 27  0.16024  1.81665e-03
 28  0.62714  8.93401e-03 | 29 -0.11760  5.71690e+02 | 30 -0.21635 -4.41242e+02
 31  0.16024  1.75090e-03 | 32  0.62714  8.14100e-03 |

Intermediate statistics: 32 variables; iteration 20; function evaluation 32; phase 3
Function value 9.6769148e+02; maximum gradient component mag -3.7096e+02
Var    Value     Gradient |Var    Value     Gradient |Var    Value     Gradient
  1  0.00535  1.46743e+02 |  2 -0.19868  7.24422e+00 |  3 -0.08527 -5.86294e+01
  4  0.08202 -4.01463e+01 |  5  0.01176 -1.69544e+01 |  6 -0.47080  2.13250e+01
  7  0.11844  1.09073e+01 |  8  0.10591  9.73623e+01 |  9  0.27723  5.85108e+01
 10 -0.10578  3.99848e+01 | 11  0.04870  2.29404e+01 | 12 -0.44953 -7.96952e+00
 13  0.77096 -6.87611e-02 | 14 -0.32408  1.89499e-01 | 15  0.04637 -8.60874e+01
 16  0.02430  9.42544e+01 | 17 -0.18246 -3.70960e+02 | 18 -0.14937  2.18777e+02
 19  0.15033 -1.31814e+01 | 20 -0.03210 -1.92357e+01 | 21 -0.03031  1.69054e+00
 22 -0.39782  5.61585e-01 | 23 -0.03066  1.18343e+01 | 24  0.01879  2.25333e+01
 25  0.88224  1.06369e+00 | 26  0.50613 -1.19933e+01 | 27  0.16018  8.07633e-04
 28  0.62678  4.73024e-03 | 29 -0.28720 -7.13594e+00 | 30  0.42737  1.45022e+00
 31  0.16020  5.79702e-04 | 32  0.62684  4.57960e-03 |
32 variables; iteration 40; function evaluation 68; phase 3
Function value 8.9430110e+02; maximum gradient component mag -3.9398e+02
Var    Value     Gradient |Var    Value     Gradient |Var    Value     Gradient
  1 -0.18796  3.74965e+02 |  2 -0.10242 -3.78354e+01 |  3  0.00517 -1.41623e+02
  4 -0.02607 -9.47985e+01 |  5  0.18004 -4.19624e+01 |  6 -0.91434 -1.88444e+01
  7  0.16602  6.67179e+01 |  8  0.02523 -6.48831e+01 |  9  0.23094 -2.20926e+02
 10 -0.02725 -1.25034e+02 | 11 -0.06268 -4.61715e+01 | 12  0.23624 -1.87550e+01
 13 -0.09838 -3.93976e+02 | 14 -0.45245  1.08495e+01 | 15  0.26298 -5.37203e+01
 16  0.09544  7.99278e+01 | 17  0.08997  8.73817e+00 | 18  0.04356 -3.99560e+00
 19  0.28482 -2.72422e+01 | 20  0.01406  2.65907e+01 | 21  0.05088 -2.75396e+01
 22 -0.24807 -7.34610e+00 | 23  0.04812  6.92501e+00 | 24 -0.35215 -1.59588e+01
 25  1.46045 -7.70630e-01 | 26  1.02575 -1.64748e-01 | 27  0.14598  7.33329e-04
 28  0.54660  3.63876e-03 | 29 -0.20091 -2.12548e+00 | 30  0.58098  4.99190e-01
 31  0.14464  3.97893e-04 | 32  0.54431  1.94990e-03 |
32 variables; iteration 60; function evaluation 90; phase 3
Function value 8.8081439e+02; maximum gradient component mag -1.3411e+02
Var    Value     Gradient |Var    Value     Gradient |Var    Value     Gradient
  1 -0.17541  1.07677e+02 |  2 -0.07232 -2.29991e+01 |  3 -0.00788 -5.12029e+01
  4 -0.06617 -3.87038e+01 |  5  0.16187 -1.17448e+01 |  6 -0.72504 -1.12085e+01
  7  0.12113  1.69978e+01 |  8 -0.03707 -3.08844e+01 |  9  0.19616 -5.55044e+01
 10  0.08439 -2.89427e+01 | 11 -0.14352 -1.82647e+01 | 12  0.46228 -5.59289e+00
 13 -0.08764 -1.34115e+02 | 14 -0.49223 -3.07933e+00 | 15  0.63129 -6.08425e+00
 16  0.17404  3.82821e+01 | 17  0.20683  4.26470e+01 | 18  0.09099 -5.61425e+01
 19  0.50440 -1.23372e+01 | 20  0.08161  5.13704e+01 | 21 -0.06174  5.00427e+00
 22 -0.13716  1.59307e+01 | 23 -0.04598  2.80555e+00 | 24 -0.14558  6.38610e+00
 25  2.15074  1.06511e+01 | 26  1.75615 -8.87235e+00 | 27  0.04453 -1.18626e-01
 28  0.08150  4.11758e+00 | 29 -0.27071 -2.88211e+00 | 30  0.41953  9.93319e-01
 31  0.12451  1.05896e-04 | 32  0.51768 -6.43279e-04 |
Maximum number of function evaluations exceeded

 - final statistics:
32 variables; iteration 70; function evaluation 100
Function value 8.7795e+02; maximum gradient component mag 2.2651e+01
Exit code = 3;  converg criter 1.0000e+00
Var    Value     Gradient |Var    Value     Gradient |Var    Value     Gradient
  1 -0.15409 -1.36477e+01 |  2 -0.06532  9.66237e+00 |  3  0.02001  3.81651e+00
  4 -0.09439  6.86293e+00 |  5  0.14678  7.10328e-01 |  6 -0.72347  9.63609e-01
  7  0.11224 -4.50118e+00 |  8 -0.03463  1.46878e+01 |  9  0.18514  1.16489e+01
 10  0.09659  8.72270e+00 | 11 -0.12970  3.35306e+00 | 12  0.46878  5.96162e-01
 13 -0.06970  2.26511e+01 | 14 -0.47279  1.47050e+00 | 15  0.61429  7.05137e-01
 16  0.16613 -3.70993e+00 | 17  0.17358 -2.48509e+00 | 18  0.07562  7.27805e+00
 19  0.48601  4.45634e+00 | 20  0.06753 -1.25130e+01 | 21 -0.02820  1.29574e+00
 22 -0.15176 -1.48584e+00 | 23 -0.02471 -2.54898e+00 | 24 -0.21104 -2.35026e+00
 25  1.87566 -5.96764e+00 | 26  1.66345  4.60278e+00 | 27 -0.32999  7.75784e-01
 28 -0.06552  1.61538e+00 | 29 -0.18603  3.12181e-02 | 30  0.35372  8.22940e-01
 31  0.12580  1.91911e-04 | 32  0.52830  8.95515e-04 |

Initial statistics: 32 variables; iteration 0; function evaluation 0; phase 4
Function value 8.7794944e+02; maximum gradient component mag 2.2651e+01
Var    Value     Gradient |Var    Value     Gradient |Var    Value     Gradient
  1 -0.15409 -1.36477e+01 |  2 -0.06532  9.66237e+00 |  3  0.02001  3.81651e+00
  4 -0.09439  6.86293e+00 |  5  0.14678  7.10328e-01 |  6 -0.72347  9.63609e-01
  7  0.11224 -4.50118e+00 |  8 -0.03463  1.46878e+01 |  9  0.18514  1.16489e+01
 10  0.09659  8.72270e+00 | 11 -0.12970  3.35306e+00 | 12  0.46878  5.96162e-01
 13 -0.06970  2.26511e+01 | 14 -0.47279  1.47050e+00 | 15  0.61429  7.05137e-01
 16  0.16613 -3.70993e+00 | 17  0.17358 -2.48509e+00 | 18  0.07562  7.27805e+00
 19  0.48601  4.45634e+00 | 20  0.06753 -1.25130e+01 | 21 -0.02820  1.29574e+00
 22 -0.15176 -1.48584e+00 | 23 -0.02471 -2.54898e+00 | 24 -0.21104 -2.35026e+00
 25  0.12434  5.96764e+00 | 26  0.33655 -4.60278e+00 | 27 -0.32999  7.75784e-01
 28 -0.06552  1.61538e+00 | 29 -0.18603  3.12181e-02 | 30  0.35372  8.22940e-01
 31  0.12580  1.91911e-04 | 32  0.52830  8.95515e-04 |

Intermediate statistics: 32 variables; iteration 20; function evaluation 22; phase 4
Function value 8.7757193e+02; maximum gradient component mag -5.3902e+01
Var    Value     Gradient |Var    Value     Gradient |Var    Value     Gradient
  1 -0.17571  5.16642e+01 |  2 -0.07029 -3.13434e-01 |  3  0.01654 -2.39099e+01
  4 -0.08562 -1.70940e+01 |  5  0.14730 -8.81822e+00 |  6 -0.73075 -3.00788e+00
  7  0.12798  2.65806e+00 |  8 -0.03159  1.12726e+01 |  9  0.18812 -1.01779e+01
 10  0.08996 -8.97166e-01 | 11 -0.13193 -1.06314e+00 | 12  0.48506 -4.13231e-01
 13 -0.08610 -5.39016e+01 | 14 -0.48294  4.14139e-02 | 15  0.53192 -2.83269e+00
 16  0.15788  1.33817e+01 | 17  0.14492 -4.26846e+00 | 18  0.06595  9.57746e+00
 19  0.40567 -5.44877e+00 | 20  0.05175  1.37142e+01 | 21 -0.02859  3.15237e+00
 22 -0.16585  6.20415e-01 | 23 -0.02385 -2.47962e+00 | 24 -0.17245  3.90762e-01
 25  0.11157  2.51686e-01 | 26  0.35040 -5.10359e-01 | 27 -0.32131 -9.67027e-02
 28 -0.07285 -2.87343e-01 | 29 -0.23905 -8.28106e-02 | 30  0.25347  1.37383e+00
 31  0.12577  2.59744e-04 | 32  0.52817  8.31423e-04 |
32 variables; iteration 40; function evaluation 48; phase 4
Function value 8.7532326e+02; maximum gradient component mag 1.2201e+00
Var    Value     Gradient |Var    Value     Gradient |Var    Value     Gradient
  1 -0.18534 -1.02167e+00 |  2 -0.06852  3.19444e-01 |  3  0.01562  4.25389e-01
  4 -0.08027  3.81711e-01 |  5  0.15080  2.31690e-01 |  6 -0.72637  1.17005e-01
  7  0.13590  1.28962e-02 |  8 -0.03382  2.01267e-01 |  9  0.18844  4.08156e-01
 10  0.08908  2.58770e-03 | 11 -0.13306  1.76703e-01 | 12  0.47724  5.90537e-02
 13 -0.09375  1.22013e+00 | 14 -0.48500 -4.07714e-02 | 15  0.49091 -1.29744e-01
 16  0.15009 -8.12865e-01 | 17  0.13373  1.61590e-01 | 18  0.06093 -5.86389e-01
 19  0.39260  1.52440e-01 | 20  0.04777 -6.41411e-01 | 21 -0.03192  5.62807e-01
 22 -0.16163  4.60554e-01 | 23 -0.02286 -8.13069e-03 | 24 -0.17563  1.86561e-01
 25  0.10144 -1.35733e-01 | 26  0.35207 -5.50193e-02 | 27 -0.28616 -3.69430e-02
 28 -0.07605 -4.64304e-02 | 29 -0.57083 -4.26064e-01 | 30 -0.64126  1.49738e-01
 31  0.11404  9.90298e-04 | 32  0.51677  1.56407e-04 |
32 variables; iteration 60; function evaluation 68; phase 4
Function value 8.7531661e+02; maximum gradient component mag -1.0531e-01
Var    Value     Gradient |Var    Value     Gradient |Var    Value     Gradient
  1 -0.18437 -1.48731e-02 |  2 -0.06826  3.20079e-03 |  3  0.01548  1.34808e-02
  4 -0.08070  7.86508e-03 |  5  0.15052  3.86798e-03 |  6 -0.72681  4.68273e-04
  7  0.13470  1.14162e-03 |  8 -0.03407  3.12165e-03 |  9  0.18836  1.26434e-02
 10  0.08956  1.60472e-03 | 11 -0.13298  2.53426e-03 | 12  0.47755 -3.92621e-04
 13 -0.09306  1.30595e-02 | 14 -0.48474  9.56295e-04 | 15  0.50616 -1.68330e-02
 16  0.15324  7.94003e-02 | 17  0.13607  5.29281e-03 | 18  0.06197 -1.56966e-02
 19  0.39711  2.81005e-02 | 20  0.04903 -1.05308e-01 | 21 -0.03313  6.36613e-02
 22 -0.16053  7.24689e-02 | 23 -0.02410 -8.06819e-03 | 24 -0.17592  2.17911e-02
 25  0.10280 -2.00311e-02 | 26  0.35270  8.47388e-03 | 27 -0.28947 -4.53951e-03
 28 -0.07551 -7.35990e-03 | 29 -0.58027  1.03913e-03 | 30 -0.73012 -5.95435e-04
 31 -0.15210  1.13872e-04 | 32  0.47337  8.35198e-05 |

 - final statistics:
32 variables; iteration 79; function evaluation 110
Function value 8.7531e+02; maximum gradient component mag 6.3446e-05
Exit code = 1;  converg criter 1.0000e-04
Var    Value     Gradient |Var    Value     Gradient |Var    Value     Gradient
  1 -0.18480 -4.65555e-05 |  2 -0.06824 -7.80873e-06 |  3  0.01530  2.65274e-05
  4 -0.08046  1.34189e-05 |  5  0.15059  2.21901e-06 |  6 -0.72690  3.17888e-06
  7  0.13488  1.72641e-07 |  8 -0.03408 -1.80510e-05 |  9  0.18838  1.92784e-05
 10  0.08953  2.10949e-06 | 11 -0.13289 -3.87271e-06 | 12  0.47762  2.60173e-06
 13 -0.09340  4.15238e-05 | 14 -0.48484  1.40672e-06 | 15  0.50544  6.97679e-06
 16  0.15315 -4.73085e-05 | 17  0.13579  5.21976e-06 | 18  0.06189 -1.55295e-05
 19  0.39675  1.68888e-05 | 20  0.04899  7.89461e-06 | 21 -0.03307  6.34459e-05
 22 -0.16074  4.72731e-05 | 23 -0.02399 -6.29431e-06 | 24 -0.17578  2.47071e-05
 25  0.10267 -1.11005e-05 | 26  0.35284 -3.56522e-07 | 27 -0.28916 -2.77866e-06
 28 -0.07557 -8.00911e-06 | 29 -0.57345  2.49809e-07 | 30 -0.68776  3.20953e-07
 31 -0.73967  2.80178e-07 | 32  0.15787 -5.81676e-07 |
size of file gradfil1.tmp = 0
size of file gradfil2.tmp = 0
size of file varssave.tmp = 0
size of file cmpdiff.tmp = 0
