
Initial statistics: 4 variables; iteration 0; function evaluation 0; phase 1
Function value 3.7256231e+03; maximum gradient component mag 1.3484e+02
Var    Value     Gradient |Var    Value     Gradient |Var    Value     Gradient
  1  0.20737  1.34844e+02 |  2 -0.59033 -8.52628e+00 |  3 -0.12819  4.43503e+00
  4 -0.21635 -5.63214e+01 |

 - final statistics:
4 variables; iteration 6; function evaluation 19
Function value 3.6726e+03; maximum gradient component mag -8.6466e+00
Exit code = 1;  converg criter 1.0000e+01
Var    Value     Gradient |Var    Value     Gradient |Var    Value     Gradient
  1 -0.05285 -8.64663e+00 |  2 -0.28348 -1.80305e-01 |  3 -0.29103 -3.49106e+00
  4  0.03705 -4.38426e+00 |

Initial statistics: 14 variables; iteration 0; function evaluation 0; phase 2
Function value 3.6726499e+03; maximum gradient component mag 1.0015e+03
Var    Value     Gradient |Var    Value     Gradient |Var    Value     Gradient
  1 -0.26966 -1.51366e+02 |  2  0.00000 -1.53033e+02 |  3 -0.26198 -4.46942e+02
  4 -0.03352 -1.11229e+02 |  5  0.18446  2.05934e+02 |  6 -0.04247 -1.48105e+02
  7  0.33333  1.00146e+03 |  8 -0.53989  2.51297e+01 |  9  0.00000 -1.36244e+02
 10 -0.21635 -1.92730e+01 | 11 -0.05285 -8.64663e+00 | 12 -0.28348 -1.80305e-01
 13 -0.29103 -3.49106e+00 | 14  0.03705 -4.38426e+00 |

 - final statistics:
14 variables; iteration 17; function evaluation 27
Function value 3.3328e+03; maximum gradient component mag -8.2332e+00
Exit code = 1;  converg criter 1.0000e+01
Var    Value     Gradient |Var    Value     Gradient |Var    Value     Gradient
  1 -0.24435 -8.23316e+00 |  2  0.08025  1.76099e+00 |  3 -0.08331  1.13590e+00
  4 -0.04742  1.60280e+00 |  5 -0.43864  6.01058e-01 |  6  0.06443 -7.57374e-01
  7  0.13863 -5.14664e+00 |  8 -0.26246 -2.32782e+00 |  9  0.28395  1.02665e-01
 10 -0.25697  6.84205e-01 | 11  0.03844  4.08369e+00 | 12 -0.27463 -3.10070e-01
 13 -0.23219  4.84141e-02 | 14  0.08754 -9.25803e-01 |

Initial statistics: 43 variables; iteration 0; function evaluation 0; phase 3
Function value 3.3327721e+03; maximum gradient component mag 1.3790e+03
Var    Value     Gradient |Var    Value     Gradient |Var    Value     Gradient
  1 -0.24435 -8.23316e+00 |  2  0.08025  1.76099e+00 |  3 -0.08331  1.13590e+00
  4 -0.04742  1.60280e+00 |  5 -0.43864  6.01058e-01 |  6  0.06443 -7.57374e-01
  7  0.13863 -5.14664e+00 |  8 -0.26246 -2.32782e+00 |  9  0.28395  1.02665e-01
 10 -0.25697  6.84205e-01 | 11  0.03844  4.08369e+00 | 12 -0.27463 -3.10070e-01
 13 -0.23219  4.84141e-02 | 14  0.08754 -9.25803e-01 | 15 -0.12294 -4.11828e+02
 16 -0.31415  1.49286e+02 | 17 -0.12294  6.06067e+01 | 18 -0.51552 -3.39503e+01
 19 -0.40967 -3.56428e+02 | 20 -0.33333  1.32109e+02 | 21 -0.11760 -4.74062e+01
 22 -0.31415  1.62245e+01 | 23  0.14414  1.22799e+03 | 24 -1.00000 -8.66316e-08
 25 -0.32395 -2.44133e+02 | 26 -0.40967  1.02301e+02 | 27  0.02302  1.37900e+03
 28 -0.31415 -9.76057e+02 | 29  0.53959  2.69578e+01 | 30  0.00000  5.93855e+02
 31 -0.21635 -3.52399e+02 | 32  0.16024  8.45423e+01 | 33 -0.11760  7.25328e+00
 34 -0.10723 -2.16835e+02 | 35 -0.10723 -9.65278e+01 | 36 -0.40319 -1.57490e+02
 37 -0.10723  7.97054e+01 | 38 -0.10723 -2.69629e+02 | 39 -0.12294 -6.88075e+01
 40 -0.31415  2.31860e+01 | 41  0.02302  2.08069e+02 | 42 -0.31415 -1.44710e+02
 43  0.53959  7.49053e+00 |

Intermediate statistics: 43 variables; iteration 20; function evaluation 32; phase 3
Function value 2.9079569e+03; maximum gradient component mag 3.2820e+02
Var    Value     Gradient |Var    Value     Gradient |Var    Value     Gradient
  1 -0.12536  3.28195e+02 |  2  0.10178  1.05420e+02 |  3 -0.13388  7.73043e+01
  4 -0.03245  8.91551e+01 |  5 -0.43024  4.85452e+01 |  6 -0.02211  6.58488e+01
  7  0.05284  1.37743e+02 |  8  0.03099  2.87222e+01 |  9 -0.02251  6.45651e+01
 10  0.10033  2.94134e+01 | 11  0.12333 -8.99599e+01 | 12 -0.26198 -1.53854e-01
 13 -0.23002  7.52170e-02 | 14  0.11115  4.54973e-01 | 15  0.05828 -1.02046e+02
 16 -0.20986  4.10698e+01 | 17 -0.06192 -7.54991e+00 | 18 -0.25352 -4.21867e+00
 19  0.03137 -2.37831e+01 | 20  0.00956  2.05390e+01 | 21  0.13450 -1.56028e+01
 22 -0.14968  1.56004e+01 | 23  0.04964  1.57772e+02 | 24 -0.96186 -6.66323e+00
 25  0.04645 -1.36677e+02 | 26 -0.15406  1.13851e+02 | 27 -0.22509  7.58304e+01
 28 -0.59457 -4.06581e+01 | 29  0.29685 -3.25418e+01 | 30  0.16323  7.94363e+01
 31  0.11752 -3.11116e+01 | 32 -0.63712 -2.91782e-01 | 33  0.22089 -1.00485e+01
 34  0.06943  6.13660e+01 | 35  0.22240  3.31416e-01 | 36 -0.57874 -4.92475e+01
 37 -0.31007  4.73157e+01 | 38  0.14593 -1.44495e+01 | 39  0.34584  2.01836e+01
 40 -0.25101 -3.08034e+01 | 41  0.20411  3.51029e+01 | 42 -0.10437 -3.93915e+01
 43  0.43130  1.45962e+00 |
43 variables; iteration 40; function evaluation 53; phase 3
Function value 2.8788571e+03; maximum gradient component mag 2.3576e+02
Var    Value     Gradient |Var    Value     Gradient |Var    Value     Gradient
  1 -0.15623  2.35759e+02 |  2  0.10779  3.00658e+01 |  3 -0.16060 -5.15008e+00
  4 -0.02516  4.67999e+01 |  5 -0.44601  2.43623e+01 |  6 -0.01159  2.68376e+01
  7  0.05242  7.77707e+01 |  8  0.04160  4.11986e+00 |  9 -0.04599  3.89553e+01
 10  0.12056  1.91932e+01 | 11  0.07344 -1.01644e+02 | 12 -0.25775  8.75774e-02
 13 -0.23477  1.07195e+00 | 14  0.07629 -1.56640e+00 | 15  0.09247 -1.29135e+02
 16 -0.16631  1.07118e+02 | 17  0.76123 -5.19682e-01 | 18  1.38044 -3.84731e+00
 19 -0.03595 -1.92191e+00 | 20 -0.08310 -1.82049e+01 | 21  0.09021 -1.68889e+01
 22 -0.19594  9.54831e+00 | 23  0.05923 -2.18558e+02 | 24 -0.51148  1.93823e+00
 25  0.06083 -3.58007e+01 | 26 -0.19524 -8.56517e-01 | 27 -0.26296 -1.29969e+01
 28 -0.62673 -1.25799e+01 | 29  0.36144 -1.13429e+01 | 30  0.06409 -8.61250e+00
 31  0.11062  2.36510e+01 | 32 -0.24278 -1.44759e+00 | 33  0.15283  1.15763e+01
 34  0.02294 -1.99758e+01 | 35 -0.18200  6.76249e+00 | 36 -0.43106  2.42173e+01
 37 -0.30379 -8.65754e+00 | 38  0.15742 -1.05159e+00 | 39  0.35878  1.73886e+01
 40 -0.23391 -2.71839e+01 | 41  0.22745  2.66083e+01 | 42 -0.08259 -2.34049e+01
 43  0.36781  1.93595e+00 |
43 variables; iteration 60; function evaluation 77; phase 3
Function value 2.8333449e+03; maximum gradient component mag -7.4840e+01
Var    Value     Gradient |Var    Value     Gradient |Var    Value     Gradient
  1 -0.15836 -7.48398e+01 |  2  0.06061  2.77318e+01 |  3 -0.13732  1.75178e+01
  4 -0.04436  1.06666e+01 |  5 -0.42703  5.11457e+00 |  6 -0.07138  3.12255e+00
  7  0.06138  2.96698e+01 |  8  0.05280  5.47051e+00 |  9 -0.05806  1.01955e+01
 10  0.06299  3.90189e+00 | 11  0.04102  5.53201e+01 | 12 -0.27980 -1.71918e-01
 13 -0.25931  2.98255e-01 | 14  0.09546 -1.75594e-01 | 15  0.27029  3.27734e+01
 16 -0.07889 -3.10995e+01 | 17  1.87251  2.49408e+00 | 18  2.03449 -7.04994e-01
 19  0.23090  1.53492e+01 | 20  0.16032 -7.86344e+00 | 21  0.17914 -1.35056e+00
 22 -0.13789  1.92323e+00 | 23  0.28218 -2.24700e+01 | 24 -0.11613 -1.41654e+01
 25  0.31254 -3.86561e+00 | 26 -0.03863  1.52954e+01 | 27 -0.20525  2.62469e+01
 28 -0.44114 -1.99483e+01 | 29  0.38203  4.69849e+00 | 30  0.02032  8.50247e+00
 31  0.03264 -2.66464e+00 | 32 -0.14691  1.67371e+00 | 33  0.17516 -5.11181e+00
 34  0.03552 -5.22717e-01 | 35 -0.23486 -2.60520e+00 | 36 -0.51170 -1.62346e+00
 37 -0.37130  2.03648e+00 | 38  1.22954 -4.31000e-03 | 39  0.46814  8.41227e-01
 40 -0.15280  2.36764e+00 | 41  0.16747 -2.22780e+00 | 42 -0.10517  4.79754e+00
 43  0.60881 -3.99795e-01 |
43 variables; iteration 80; function evaluation 97; phase 3
Function value 2.8302919e+03; maximum gradient component mag 2.7807e+00
Var    Value     Gradient |Var    Value     Gradient |Var    Value     Gradient
  1 -0.14671  2.78067e+00 |  2  0.05249 -4.61857e-01 |  3 -0.13560 -1.78709e-01
  4 -0.04417 -8.09279e-01 |  5 -0.42383 -6.00173e-02 |  6 -0.08212 -2.15931e-01
  7  0.06052  5.23605e-01 |  8  0.05498  3.35669e-01 |  9 -0.06548 -2.63837e-01
 10  0.06675 -1.49054e-01 | 11  0.05134 -2.09743e+00 | 12 -0.27036 -8.96139e-03
 13 -0.25979  3.15243e-02 | 14  0.09997  6.66539e-02 | 15  0.22898  1.75166e-01
 16 -0.09993 -1.86318e-01 | 17  1.80411 -5.26784e-02 | 18  1.99036 -1.19209e-01
 19  0.19641  6.42631e-02 | 20  0.13134  1.92803e-01 | 21  0.18272  3.41986e-01
 22 -0.13982 -2.95547e-01 | 23  0.34627 -2.59119e+00 | 24 -0.04355  1.74488e-01
 25  0.29731  5.08927e-01 | 26 -0.05587 -2.38222e-01 | 27 -0.17548  4.06789e-01
 28 -0.35175  4.63995e-01 | 29  0.35563  4.49350e-01 | 30  0.01510 -7.19984e-01
 31  0.03039  7.47328e-01 | 32 -0.13906 -1.45945e-02 | 33  0.19279  2.05383e-01
 34  0.03852 -6.86146e-02 | 35 -0.23591  2.24281e-01 | 36 -0.51242  4.53051e-01
 37 -0.38402 -5.17537e-01 | 38  1.59698  2.25390e-01 | 39  0.43530 -1.09313e+00
 40 -0.17266  9.51041e-01 | 41  0.16235 -3.87481e-01 | 42 -0.11244  4.60247e-01
 43  0.95041  1.22827e-02 |
Maximum number of function evaluations exceeded

 - final statistics:
43 variables; iteration 84; function evaluation 100
Function value 2.8303e+03; maximum gradient component mag -1.4524e+00
Exit code = 3;  converg criter 1.0000e+00
Var    Value     Gradient |Var    Value     Gradient |Var    Value     Gradient
  1 -0.14759 -7.12787e-01 |  2  0.05296  3.83273e-01 |  3 -0.13567  2.39492e-01
  4 -0.04399 -1.16040e-01 |  5 -0.42427  9.06021e-02 |  6 -0.08082  1.66328e-01
  7  0.06058  4.73801e-01 |  8  0.05457  1.98776e-01 |  9 -0.06528  7.12974e-02
 10  0.06713  8.35464e-02 | 11  0.05064  8.02824e-01 | 12 -0.27028 -5.12299e-03
 13 -0.26039 -1.90462e-02 | 14  0.09865 -9.01762e-03 | 15  0.22802 -2.50543e-02
 16 -0.10029 -3.67428e-02 | 17  1.81264 -3.00750e-02 | 18  1.99844  6.43588e-02
 19  0.19616  7.14124e-01 | 20  0.13135 -3.53841e-01 | 21  0.18092 -6.66761e-03
 22 -0.14066  1.22108e-02 | 23  0.34766 -1.45242e+00 | 24 -0.04201 -1.99026e-01
 25  0.29463  1.61117e-01 | 26 -0.05678  6.41374e-02 | 27 -0.17645 -9.92573e-01
 28 -0.35353  5.66054e-01 | 29  0.35338 -9.20037e-02 | 30  0.01425 -1.17736e-01
 31  0.02829 -1.81287e-01 | 32 -0.13807 -4.42913e-02 | 33  0.19230 -1.77899e-01
 34  0.03851  1.13851e-01 | 35 -0.23773 -2.72104e-02 | 36 -0.51123  1.28933e-01
 37 -0.38057 -2.08888e-02 | 38  1.60516  2.41006e-01 | 39  0.43771 -2.88818e-01
 40 -0.17181 -2.51215e-02 | 41  0.16084 -4.85056e-01 | 42 -0.11322  6.20102e-01
 43  0.94798  9.19186e-03 |

Initial statistics: 133 variables; iteration 0; function evaluation 0; phase 4
Function value 2.8302854e+03; maximum gradient component mag -7.9040e+02
Var    Value     Gradient |Var    Value     Gradient |Var    Value     Gradient
  1 -0.14759 -7.12787e-01 |  2  0.05296  3.83273e-01 |  3 -0.13567  2.39492e-01
  4 -0.04399 -1.16040e-01 |  5 -0.42427  9.06021e-02 |  6 -0.08082  1.66328e-01
  7  0.06058  4.73801e-01 |  8  0.05457  1.98776e-01 |  9 -0.06528  7.12974e-02
 10  0.06713  8.35464e-02 | 11  0.05064  8.02824e-01 | 12  0.00000 -5.66764e-01
 13  0.00000 -6.44063e-01 | 14  0.00000 -7.31431e-01 | 15  0.00000 -8.30126e-01
 16  0.00000 -9.41630e-01 | 17  0.00000 -1.06796e+00 | 18  0.00000 -1.21122e+00
 19  0.00000 -1.37298e+00 | 20  0.00000 -1.55465e+00 | 21  0.00000 -1.75888e+00
 22  0.00000 -1.98316e+00 | 23  0.00000 -2.23022e+00 | 24  0.00000 -2.50347e+00
 25  0.00000 -2.80307e+00 | 26  0.00000 -3.12529e+00 | 27  0.00000 -3.45978e+00
 28  0.00000 -3.80574e+00 | 29  0.00000 -4.15818e+00 | 30  0.00000 -4.50533e+00
 31  0.00000 -4.84461e+00 | 32  0.00000 -5.19276e+00 | 33  0.00000 -5.60669e+00
 34  0.00000 -6.16675e+00 | 35  0.00000 -6.93968e+00 | 36  0.00000 -7.80038e+00
 37  0.00000 -8.31745e+00 | 38  0.00000 -7.65702e+00 | 39  0.00000 -5.07194e+00
 40  0.00000 -9.08279e-01 | 41  0.00000  2.85726e+00 | 42  0.00000  3.76985e+00
 43  0.00000  2.52656e-01 | 44  0.00000 -6.33565e+00 | 45  0.00000 -1.22753e+01
 46  0.00000 -1.81918e+01 | 47  0.00000 -2.20644e+01 | 48  0.00000 -1.33983e+01
 49  0.00000 -8.43318e+00 | 50  0.00000 -2.80465e+01 | 51  0.00000 -5.73997e+01
 52  0.00000 -7.79145e+01 | 53  0.00000  1.97136e+01 | 54  0.00000  1.16110e+02
 55  0.00000  1.04154e+02 | 56  0.00000  7.38350e+00 | 57  0.00000  1.30533e+02
 58  0.00000  2.59589e+02 | 59  0.00000  2.73243e+02 | 60  0.00000 -5.63505e+01
 61  0.00000 -4.96358e+02 | 62  0.00000 -3.96894e+01 | 63  0.00000  2.85778e+01
 64  0.00000  2.36293e+01 | 65  0.00000 -4.31746e+01 | 66  0.00000 -5.14661e+01
 67  0.00000  3.59181e+00 | 68  0.00000  1.00228e+00 | 69  0.00000  5.29086e+01
 70  0.00000  5.22265e+00 | 71  0.00000  1.12345e+02 | 72  0.00000  1.42422e+02
 73  0.00000  2.05636e+02 | 74  0.00000  1.60499e+02 | 75  0.00000 -2.62439e+02
 76  0.00000 -7.90398e+02 | 77  0.00000 -1.34787e+02 | 78  0.00000  4.98551e+01
 79  0.00000  1.27859e+02 | 80  0.00000 -5.96839e+01 | 81  0.00000  2.05618e+02
 82  0.00000  3.12851e+02 | 83  0.00000  3.41505e+02 | 84  0.00000  2.20977e+02
 85  0.00000  1.61659e+02 | 86  0.00000 -2.03315e+02 | 87  0.00000 -3.60870e+02
 88  0.00000 -4.47460e+01 | 89  0.00000 -1.83796e+02 | 90  0.00000 -4.84377e+02
 91  0.00000  1.23761e+01 | 92  0.00000  2.83253e+01 | 93  0.00000  1.12069e+01
 94  0.00000  1.05507e+02 | 95  0.00000  2.01386e+02 | 96  0.00000  1.20154e+02
 97  0.00000  3.01380e+01 | 98  0.00000 -7.52671e+01 | 99  0.00000  3.98137e+01
100  0.00000 -7.59124e+00 |101  0.00000 -1.04220e+01 |102 -0.27028 -5.12299e-03
103 -0.26039 -1.90462e-02 |104  0.09865 -9.01762e-03 |105  0.22802 -2.50543e-02
106 -0.10029 -3.67428e-02 |107  0.18736  3.00750e-02 |108  0.00156 -6.43588e-02
109  0.19616  7.14124e-01 |110  0.13135 -3.53841e-01 |111  0.18092 -6.66761e-03
112 -0.14066  1.22108e-02 |113  0.34766 -1.45242e+00 |114 -0.04201 -1.99026e-01
115  0.29463  1.61117e-01 |116 -0.05678  6.41374e-02 |117 -0.17645 -9.92573e-01
118 -0.35353  5.66054e-01 |119  0.35338 -9.20037e-02 |120  0.01425 -1.17736e-01
121  0.02829 -1.81287e-01 |122 -0.13807 -4.42913e-02 |123  0.19230 -1.77899e-01
124  0.03851  1.13851e-01 |125 -0.23773 -2.72104e-02 |126 -0.51123  1.28933e-01
127 -0.38057 -2.08888e-02 |128  0.39484 -2.41006e-01 |129  0.43771 -2.88818e-01
130 -0.17181 -2.51215e-02 |131  0.16084 -4.85056e-01 |132 -0.11322  6.20102e-01
133  0.94798  9.19186e-03 |

Intermediate statistics: 133 variables; iteration 20; function evaluation 29; phase 4
Function value 2.4042961e+03; maximum gradient component mag 5.6421e+02
Var    Value     Gradient |Var    Value     Gradient |Var    Value     Gradient
  1 -0.33903  1.12877e+01 |  2  0.04514  6.42494e+01 |  3 -0.10239  8.22386e+01
  4  0.06575  5.98239e+01 |  5 -0.45628  1.49808e+01 |  6  0.12035 -1.79367e+01
  7  0.06655  4.25007e+02 |  8  0.15366  1.28180e+02 |  9  0.08507  3.86722e+01
 10  0.01752  1.86414e+01 | 11 -0.18251 -7.20287e+00 | 12 -0.00203  5.16970e-01
 13 -0.00215  5.71784e-01 | 14 -0.00228  6.31883e-01 | 15 -0.00241  6.97397e-01
 16 -0.00254  7.69483e-01 | 17 -0.00268  8.49592e-01 | 18 -0.00283  9.39580e-01
 19 -0.00300  1.03936e+00 | 20 -0.00317  1.14763e+00 | 21 -0.00331  1.26288e+00
 22 -0.00349  1.38445e+00 | 23 -0.00367  1.50983e+00 | 24 -0.00389  1.64341e+00
 25 -0.00414  1.78173e+00 | 26 -0.00448  1.91783e+00 | 27 -0.00504  2.03958e+00
 28 -0.00578  2.13403e+00 | 29 -0.00673  2.18576e+00 | 30 -0.00803  2.18316e+00
 31 -0.00956  2.11529e+00 | 32 -0.01097  1.99316e+00 | 33 -0.01141  1.84441e+00
 34 -0.00989  1.69727e+00 | 35 -0.00573  1.54428e+00 | 36 -0.00017  1.29508e+00
 37  0.00261  9.06535e-01 | 38 -0.00408  4.79045e-01 | 39 -0.02374 -5.18086e-02
 40 -0.04872 -1.00995e+00 | 41 -0.06701 -2.02832e+00 | 42 -0.06664 -2.26760e+00
 43 -0.04041 -1.64307e+00 | 44  0.00138 -1.78082e+00 | 45  0.02239 -2.16573e+00
 46  0.03270 -2.48571e+00 | 47  0.05079 -5.70401e+00 | 48  0.01389 -3.07533e+00
 49 -0.01826 -1.25871e+00 | 50  0.02732  2.83105e+00 | 51  0.02339  9.86079e+00
 52  0.10160 -1.81334e-01 | 53 -0.04598 -3.67006e+00 | 54 -0.05486  5.92387e-01
 55 -0.03791  1.44273e+01 | 56  0.07254  3.03742e+01 | 57 -0.02258  2.37593e+01
 58 -0.07647  2.62232e+01 | 59 -0.13231  1.60771e+01 | 60 -0.17992 -5.46663e+00
 61  0.18055  2.43131e+00 | 62 -0.17778 -1.02644e+01 | 63  0.01331 -2.00379e+01
 64 -0.00828 -1.09946e+01 | 65  0.02135 -3.56756e+00 | 66  0.01989  1.84566e+01
 67 -0.03405  2.10825e+01 | 68 -0.00232  1.49304e+01 | 69 -0.13317 -1.40730e+00
 70  0.00027 -2.41915e+01 | 71 -0.13776 -1.93557e+01 | 72 -0.05134 -1.84835e+01
 73 -0.14575 -2.22383e+01 | 74 -0.15602 -3.30570e+01 | 75 -0.25838 -2.12650e+01
 76  0.37067  5.64208e+02 | 77 -0.37982 -2.55365e+01 | 78  0.08628 -2.18117e+00
 79 -0.09897 -3.06120e+01 | 80  0.10667 -2.80570e+01 | 81 -0.11575 -2.34492e+01
 82 -0.28027 -2.30218e+01 | 83 -0.31545 -1.68237e+01 | 84 -0.08670  1.57118e+00
 85 -0.30619 -2.41828e+01 | 86  0.07200 -3.77578e+01 | 87  0.09123 -1.62748e+02
 88 -0.08168 -4.59119e+01 | 89  0.05082 -1.91797e+01 | 90  0.11439 -2.69997e+02
 91 -0.10655 -1.49451e+01 | 92  0.01306  3.27038e+01 | 93  0.05359  7.78618e+01
 94 -0.03526  2.43236e+01 | 95 -0.17916  1.08046e+00 | 96 -0.06475  1.45505e+01
 97 -0.01949  1.77951e+01 | 98  0.05043  1.35616e+01 | 99 -0.08166 -7.49656e+00
100  0.02062  2.78810e-01 |101  0.11101  4.39877e+00 |102 -0.28904  1.80551e-01
103 -0.38300 -1.07813e+01 |104 -0.07616  2.69022e+00 |105  0.18879 -1.30518e+02
106 -0.06582  2.26035e+02 |107  0.11272  2.31460e+00 |108  0.05779 -1.29374e+00
109  0.05288 -3.69124e+01 |110  0.05789  3.16474e+01 |111  0.16526  1.92493e+00
112 -0.11429  7.48374e-02 |113  0.34366  3.21051e+01 |114 -0.03287 -3.05745e+01
115  0.12868 -1.53763e+00 |116 -0.09837 -1.80749e+00 |117 -0.21154  5.43271e+01
118 -0.46759 -2.21244e+01 |119  0.22864  5.53634e+00 |120 -0.00328  1.42813e+01
121  0.00534 -6.15211e+00 |122 -0.13847  2.51182e+00 |123  0.00658  3.60349e+01
124 -0.00737 -7.76167e+01 |125 -0.14572  1.50426e+00 |126 -0.57176  3.17568e+00
127 -0.39692  8.41996e-01 |128  0.39758  7.07079e-01 |129  0.43012 -4.94634e+00
130 -0.15716  1.00875e+01 |131  0.07498 -2.34064e+01 |132 -0.15360  3.43735e+01
133  0.94654  5.36798e-02 |
133 variables; iteration 40; function evaluation 49; phase 4
Function value 2.3513825e+03; maximum gradient component mag 1.9311e+02
Var    Value     Gradient |Var    Value     Gradient |Var    Value     Gradient
  1 -0.37060  1.12914e+02 |  2  0.02268 -9.97844e+00 |  3 -0.05458  1.35144e+01
  4  0.02943 -2.18926e+00 |  5 -0.42817  1.34587e+01 |  6  0.17153 -4.22966e+00
  7  0.08272  1.02297e+02 |  8  0.00454  2.85953e+01 |  9  0.10999 -3.67199e+01
 10 -0.02350  1.27483e+01 | 11 -0.19434 -1.12528e+02 | 12 -0.00182 -2.81814e+00
 13 -0.00222 -3.08725e+00 | 14 -0.00272 -3.38046e+00 | 15 -0.00333 -3.70013e+00
 16 -0.00410 -4.04841e+00 | 17 -0.00507 -4.43031e+00 | 18 -0.00626 -4.85104e+00
 19 -0.00775 -5.31195e+00 | 20 -0.00965 -5.81043e+00 | 21 -0.01206 -6.34072e+00
 22 -0.01514 -6.89267e+00 | 23 -0.01899 -7.46916e+00 | 24 -0.02380 -8.08113e+00
 25 -0.02969 -8.72812e+00 | 26 -0.03668 -9.40080e+00 | 27 -0.04462 -1.00790e+01
 28 -0.05289 -1.07500e+01 | 29 -0.06055 -1.13865e+01 | 30 -0.06662 -1.19619e+01
 31 -0.06962 -1.24409e+01 | 32 -0.06824 -1.28153e+01 | 33 -0.06144 -1.31402e+01
 34 -0.04907 -1.35777e+01 | 35 -0.03279 -1.43978e+01 | 36 -0.01796 -1.55646e+01
 37 -0.01094 -1.62399e+01 | 38 -0.00944 -1.55444e+01 | 39 -0.02299 -1.28893e+01
 40 -0.04524 -1.01606e+01 | 41 -0.05561 -8.55834e+00 | 42 -0.05049 -8.13377e+00
 43 -0.02879 -9.66589e+00 | 44  0.00690 -1.37829e+01 | 45  0.01272 -1.46817e+01
 46  0.03214 -1.45803e+01 | 47  0.06123 -1.70285e+01 | 48  0.02842 -8.43093e+00
 49  0.01153 -7.67413e+00 | 50 -0.00740 -1.62433e+01 | 51  0.03841 -1.52880e+01
 52  0.09160 -4.09330e+01 | 53 -0.02542 -9.51304e+00 | 54 -0.03818 -3.27134e+00
 55 -0.07017 -4.20265e+00 | 56  0.07734 -9.35828e+00 | 57 -0.03819 -1.20865e+01
 58 -0.11722 -1.34998e+01 | 59 -0.15870 -6.42256e+00 | 60 -0.17795 -1.13010e+01
 61  0.18772  9.22376e+00 | 62 -0.13236 -7.18237e-01 | 63  0.02887  5.92170e+00
 64  0.01474  1.15235e+01 | 65  0.03755  1.52549e+01 | 66  0.04225  2.06708e+01
 67 -0.02932  1.46521e+01 | 68  0.02794  4.10843e+01 | 69 -0.08177  1.66010e+01
 70  0.01499 -4.83614e-01 | 71 -0.09440  1.73826e+00 | 72 -0.05912  2.38198e-01
 73 -0.12861 -1.27715e+00 | 74 -0.10720 -3.49428e+00 | 75 -0.23112 -1.82883e+01
 76  0.29639  1.93107e+02 | 77 -0.15852 -3.59408e+00 | 78  0.02406 -1.54024e+01
 79 -0.04163  8.00491e+00 | 80  0.08763  2.21224e+00 | 81 -0.09051  5.68850e+00
 82 -0.19439  1.14203e+01 | 83 -0.21495  1.59021e+01 | 84 -0.08207  2.56953e+01
 85 -0.13470  1.60881e+00 | 86  0.05537 -3.41515e+01 | 87  0.11687 -3.84104e+01
 88 -0.04630 -1.71873e+01 | 89 -0.00121 -4.14185e+01 | 90  0.15567 -4.88457e+01
 91 -0.10364 -5.20369e+00 | 92 -0.01116 -1.53482e+01 | 93  0.03376  1.40122e+00
 94 -0.05360 -3.98252e+00 | 95 -0.16617  4.13928e+00 | 96 -0.08821 -7.76334e+00
 97 -0.04220 -8.95927e+00 | 98  0.03125 -4.39587e-01 | 99 -0.07279  4.38033e+00
100  0.01352  4.09293e+00 |101  0.04205 -5.02240e+00 |102 -0.52666 -5.66071e+00
103 -0.40834 -1.69969e+01 |104  0.05667  9.39181e+00 |105  0.18063 -4.36613e+01
106 -0.08785  8.02277e+01 |107 -0.14894 -5.81864e+00 |108 -0.28175 -3.44660e+00
109 -0.03440 -3.77504e+01 |110 -0.02282  2.85031e+01 |111  0.07092  1.03141e+01
112 -0.22307 -1.22497e+01 |113  0.35307  1.13132e+01 |114 -0.01026 -6.98987e+00
115  0.16228 -9.78951e-02 |116 -0.05298  1.63557e+01 |117 -0.24137  2.58080e+01
118 -0.54892 -1.57724e+01 |119  0.24829  7.65277e+00 |120  0.00077  7.43308e+01
121 -0.01318 -2.99404e+01 |122 -0.11903  2.06366e+01 |123 -0.13984 -2.21187e+01
124 -0.03034  6.42489e+00 |125 -0.05342 -7.76456e+00 |126 -0.82783 -5.77282e+00
127 -0.96214  1.70222e-01 |128  0.14623 -5.41968e+00 |129  0.48585 -1.95789e+00
130 -0.13262  8.18336e+00 |131  0.06070 -2.10611e-02 |132 -0.18479  2.42627e+00
133  0.88834  5.64164e-02 |
133 variables; iteration 60; function evaluation 69; phase 4
Function value 2.3415226e+03; maximum gradient component mag -1.3830e+02
Var    Value     Gradient |Var    Value     Gradient |Var    Value     Gradient
  1 -0.36573 -1.38301e+02 |  2  0.04020  1.49896e+01 |  3 -0.07035  9.98600e+00
  4  0.00828 -2.10779e+01 |  5 -0.42461  2.64506e+00 |  6  0.16637 -2.56960e+01
  7  0.08141  6.82720e+01 |  8 -0.01647  1.46660e+01 |  9  0.13973 -3.30678e+01
 10 -0.06618  3.63049e-01 | 11 -0.15968  1.08032e+02 | 12 -0.00038 -2.80762e-02
 13 -0.00080 -6.39433e-02 | 14 -0.00133 -1.08705e-01 | 15 -0.00199 -1.65346e-01
 16 -0.00284 -2.37993e-01 | 17 -0.00393 -3.29957e-01 | 18 -0.00532 -4.44442e-01
 19 -0.00706 -5.87905e-01 | 20 -0.00932 -7.74658e-01 | 21 -0.01221 -1.01971e+00
 22 -0.01600 -1.34051e+00 | 23 -0.02074 -1.74763e+00 | 24 -0.02676 -2.26648e+00
 25 -0.03418 -2.91147e+00 | 26 -0.04307 -3.68858e+00 | 27 -0.05328 -4.57708e+00
 28 -0.06406 -5.51997e+00 | 29 -0.07425 -6.41732e+00 | 30 -0.08263 -7.15334e+00
 31 -0.08736 -7.57798e+00 | 32 -0.08706 -7.58148e+00 | 33 -0.08068 -7.10181e+00
 34 -0.06775 -6.13773e+00 | 35 -0.04926 -4.82848e+00 | 36 -0.03158 -3.62443e+00
 37 -0.02374 -2.77141e+00 | 38 -0.01860 -9.18928e-01 | 39 -0.02916  9.27486e-01
 40 -0.05047  1.54977e+00 | 41 -0.05962  2.76201e+00 | 42 -0.05231  4.65916e+00
 43 -0.02581  7.00605e+00 | 44  0.01900  9.34971e+00 | 45 -0.00702  2.34043e+00
 46 -0.00231  4.70760e-01 | 47  0.05317  5.59504e-01 | 48 -0.00661  7.47055e-03
 49 -0.00039  2.40095e+00 | 50 -0.00770 -5.69810e+00 | 51  0.00247  3.38297e+00
 52  0.09538  2.13688e+01 | 53 -0.02805  9.21546e+00 | 54 -0.06292 -1.95689e+00
 55 -0.08907 -6.72998e+00 | 56  0.06592  5.90845e+00 | 57 -0.04269  6.83104e+00
 58 -0.09619  1.04296e+01 | 59 -0.15432  7.35349e+00 | 60 -0.14228  2.80538e+00
 61  0.17844  8.77709e+01 | 62 -0.14161  5.22240e-01 | 63  0.01659  5.71407e+00
 64  0.00527  1.60518e+01 | 65  0.03855  3.63952e+01 | 66  0.04174  3.02649e+01
 67 -0.02991  3.27140e+00 | 68 -0.00174 -1.45705e+01 | 69 -0.08164  9.20092e+00
 70  0.02402  1.83834e+01 | 71 -0.07894  1.58516e+01 | 72 -0.05702  1.30167e+01
 73 -0.09507  1.85940e+01 | 74 -0.09823  6.58363e+00 | 75 -0.19278 -1.50803e+01
 76  0.28527  7.58949e+01 | 77 -0.18729 -8.91550e+00 | 78  0.01697 -1.70090e+01
 79 -0.04152  1.21445e+01 | 80  0.09604  5.28201e+01 | 81 -0.08267  1.11038e+01
 82 -0.17834  1.82428e+01 | 83 -0.20991  1.77076e+01 | 84 -0.10471 -5.02331e+00
 85 -0.09290  1.68609e+01 | 86  0.06427 -1.35417e+01 | 87  0.12922 -1.12206e+00
 88 -0.03808 -1.45049e+01 | 89  0.00473 -4.06246e+01 | 90  0.16489 -3.37542e+01
 91 -0.08831 -6.29598e-01 | 92  0.00024 -8.28819e+00 | 93  0.03966  3.04132e-01
 94 -0.04877 -5.41512e+00 | 95 -0.16199  4.02100e+00 | 96 -0.07784 -3.64883e+00
 97 -0.03150 -5.92130e+00 | 98  0.03445 -2.07930e+01 | 99 -0.06342  3.26641e+00
100 -0.00380 -5.94847e+00 |101  0.07294  6.26359e-01 |102 -0.25510  1.43460e+00
103 -0.30281 -4.81423e+00 |104 -0.03239  6.01671e+00 |105  0.16927 -1.69390e+01
106 -0.10197  3.18516e+01 |107  0.13169  1.72314e+00 |108  0.10529 -2.93811e-02
109 -0.01428 -1.30907e+01 |110 -0.00753  1.11486e+01 |111  0.15934  8.84205e+00
112 -0.12531 -8.16855e+00 |113  0.34585  1.59265e+01 |114 -0.01867 -1.30391e+01
115  0.09081 -7.62812e-01 |116 -0.11390  5.59719e-02 |117 -0.18777  3.32450e+01
118 -0.38369 -5.29339e+00 |119  0.23330  1.99036e+01 |120 -0.00431  3.83432e+01
121 -0.00834 -1.67059e+01 |122 -0.13716  8.19558e+00 |123 -0.01498 -6.96188e+00
124  0.01708  1.00005e+01 |125 -0.13694 -6.09165e+00 |126 -0.74097  4.16724e-01
127 -1.28786 -8.13206e-02 |128  0.20224  1.08578e+00 |129  0.37639 -6.54232e-01
130 -0.20457 -7.59229e+00 |131  0.04906  5.02031e+00 |132 -0.20028 -4.54192e+00
133  0.85034  1.60574e-01 |
133 variables; iteration 80; function evaluation 90; phase 4
Function value 2.3335417e+03; maximum gradient component mag 1.6915e+02
Var    Value     Gradient |Var    Value     Gradient |Var    Value     Gradient
  1 -0.34192 -1.29859e+02 |  2  0.03290  1.22426e+00 |  3 -0.06141  8.64330e+00
  4  0.00667  6.76913e+00 |  5 -0.42423  2.15033e+00 |  6  0.16179 -9.98850e+00
  7  0.08423 -8.61729e+00 |  8 -0.06474 -2.53787e+00 |  9  0.17581 -1.12820e+00
 10 -0.07981  2.11481e+00 | 11 -0.17645  1.69152e+02 | 12 -0.00581 -1.26283e+00
 13 -0.00619 -1.36580e+00 | 14 -0.00658 -1.47517e+00 | 15 -0.00699 -1.59125e+00
 16 -0.00743 -1.71531e+00 | 17 -0.00790 -1.84943e+00 | 18 -0.00845 -1.99662e+00
 19 -0.00910 -2.15877e+00 | 20 -0.00992 -2.33962e+00 | 21 -0.01098 -2.54243e+00
 22 -0.01247 -2.77225e+00 | 23 -0.01450 -3.03650e+00 | 24 -0.01742 -3.35716e+00
 25 -0.02144 -3.74304e+00 | 26 -0.02665 -4.19167e+00 | 27 -0.03284 -4.67375e+00
 28 -0.03936 -5.14318e+00 | 29 -0.04533 -5.53138e+00 | 30 -0.04992 -5.76230e+00
 31 -0.05203 -5.74296e+00 | 32 -0.05097 -5.41027e+00 | 33 -0.04621 -4.73450e+00
 34 -0.03695 -3.67561e+00 | 35 -0.02199 -2.15978e+00 | 36 -0.00379 -2.96779e-01
 37  0.00548  1.25633e+00 | 38  0.00628  3.13771e+00 | 39 -0.01031  4.24643e+00
 40 -0.02553  5.48833e+00 | 41 -0.03490  6.49427e+00 | 42 -0.03300  7.13708e+00
 43 -0.01511  7.39403e+00 | 44  0.02101  7.64475e+00 | 45 -0.00028  2.14032e+00
 46 -0.00366  9.41011e-01 | 47  0.08390  7.50069e+00 | 48 -0.00808  3.02871e+00
 49  0.00688  9.78523e+00 | 50  0.02508  9.64947e+00 | 51  0.00458  1.28333e+01
 52  0.11256  4.04986e+01 | 53 -0.03678  8.83588e+00 | 54 -0.04925  6.73355e+00
 55 -0.05393  1.02387e+01 | 56  0.07562  3.79658e+01 | 57 -0.02898  1.91152e+01
 58 -0.08713  1.70952e+01 | 59 -0.13308  1.46741e+01 | 60 -0.16509 -2.62961e+00
 61  0.18939  1.57133e+02 | 62 -0.13277  4.91443e+00 | 63  0.02452  1.95656e+01
 64  0.00995  2.01744e+01 | 65  0.03835  3.01674e+01 | 66  0.04035  2.74922e+01
 67 -0.02558  1.60257e+01 | 68  0.02023  2.24149e+01 | 69 -0.09534  5.77580e+00
 70  0.01201 -1.50137e+01 | 71 -0.09443  7.78181e-01 | 72 -0.05750  2.90639e+00
 73 -0.11743  5.30962e+00 | 74 -0.10239  2.49968e+00 | 75 -0.17478 -1.29693e+01
 76  0.28510  1.25320e+02 | 77 -0.16888 -4.71924e+00 | 78  0.02694  1.62020e+00
 79 -0.04586  7.42849e+00 | 80  0.08745  1.30555e+01 | 81 -0.08760 -1.78276e+00
 82 -0.19008  1.00009e+01 | 83 -0.22262  1.26770e+01 | 84 -0.08862  7.67480e+00
 85 -0.10904  3.12377e+00 | 86  0.06152 -5.05680e+01 | 87  0.12952 -4.95547e+01
 88 -0.02679 -1.01330e+01 | 89  0.03788  7.47370e-01 | 90  0.16916 -2.56213e+01
 91 -0.08618 -6.90717e+00 | 92  0.01054 -2.89893e+00 | 93  0.04530 -4.52673e-01
 94 -0.03745 -2.58965e+00 | 95 -0.15210  6.82020e+00 | 96 -0.06108  1.18001e+01
 97 -0.02117  2.63238e+00 | 98  0.05481  3.99107e+00 | 99 -0.05594 -3.06136e-01
100  0.04741  5.75030e+00 |101  0.08937 -1.85648e+00 |102 -0.27165  1.14864e+00
103 -0.30603 -5.46706e+00 |104 -0.14361 -2.99972e+00 |105  0.14557 -6.84969e-01
106 -0.11955  8.85986e+00 |107  0.05153  2.78670e-01 |108  0.01477  8.38146e-02
109 -0.03491 -1.01373e+01 |110 -0.03249  9.65892e+00 |111  0.07562 -6.66554e+00
112 -0.18137  3.07839e+00 |113  0.32633 -1.31214e+01 |114 -0.02247  9.50721e+00
115  0.10800 -2.98610e+00 |116 -0.09760  1.04187e+01 |117 -0.19349  1.28358e+01
118 -0.39970 -3.44150e+00 |119  0.23139  1.08016e+01 |120 -0.01927 -1.71726e+01
121 -0.01005  5.43884e+00 |122 -0.12985 -4.60944e+00 |123 -0.03651  4.39244e+00
124 -0.00751 -7.46127e+00 |125 -0.10737  6.39678e+00 |126 -0.63116  2.55923e-01
127 -1.46519  1.81747e+00 |128  0.15166 -1.36924e+00 |129  0.42385 -5.73449e+00
130 -0.16191  8.07345e+00 |131  0.06220 -1.24628e+01 |132 -0.18053  1.46497e+01
133  0.66127  1.47631e-01 |
133 variables; iteration 100; function evaluation 112; phase 4
Function value 2.3276503e+03; maximum gradient component mag 6.5780e+01
Var    Value     Gradient |Var    Value     Gradient |Var    Value     Gradient
  1 -0.29845 -8.23359e+00 |  2  0.02915 -1.13762e+01 |  3 -0.05855 -6.47715e+00
  4  0.00756  1.23240e+01 |  5 -0.41571  2.22620e+00 |  6  0.11180 -1.04664e+01
  7  0.09568 -2.95918e+01 |  8 -0.11380 -8.81199e+00 |  9  0.19626  3.58287e+00
 10 -0.13278 -5.45734e+00 | 11 -0.17547  4.10211e+00 | 12 -0.00619 -1.77118e+00
 13 -0.00656 -1.92706e+00 | 14 -0.00697 -2.09615e+00 | 15 -0.00743 -2.27889e+00
 16 -0.00798 -2.47756e+00 | 17 -0.00862 -2.69511e+00 | 18 -0.00933 -2.93369e+00
 19 -0.01006 -3.18829e+00 | 20 -0.01068 -3.44739e+00 | 21 -0.01109 -3.69913e+00
 22 -0.01122 -3.93386e+00 | 23 -0.01088 -4.14010e+00 | 24 -0.00997 -4.31990e+00
 25 -0.00845 -4.47056e+00 | 26 -0.00630 -4.58434e+00 | 27 -0.00352 -4.64263e+00
 28  0.00001 -4.62913e+00 | 29  0.00411 -4.53485e+00 | 30  0.00815 -4.36502e+00
 31  0.01141 -4.13461e+00 | 32  0.01281 -3.90861e+00 | 33  0.01003 -3.88506e+00
 34  0.00169 -4.28035e+00 | 35 -0.00568 -4.88545e+00 | 36  0.00649 -4.80084e+00
 37  0.03424 -4.30110e+00 | 38  0.01873 -4.14049e+00 | 39  0.00816 -2.70231e+00
 40 -0.01845 -2.02069e+00 | 41 -0.03154 -1.41795e+00 | 42 -0.03368 -1.61721e+00
 43 -0.02582 -3.10560e+00 | 44  0.02558 -3.54152e+00 | 45  0.04129 -3.70166e+00
 46  0.01241 -3.33134e+00 | 47  0.10988 -2.56382e+00 | 48  0.00142 -2.10293e+00
 49  0.00784  8.16125e-01 | 50  0.05634 -4.51034e-01 | 51 -0.01572 -8.53047e-01
 52  0.13342  1.85183e+01 | 53 -0.04808  6.24795e-01 | 54 -0.02330  5.60890e+00
 55 -0.05681  1.39523e+00 | 56  0.08465  8.29954e+00 | 57 -0.02427  5.53018e+00
 58 -0.08618  6.19418e+00 | 59 -0.13913  5.80213e+00 | 60 -0.14009 -9.98559e-01
 61  0.19388  6.57798e+01 | 62 -0.13520 -3.60016e-01 | 63  0.03265  4.21279e+00
 64  0.00332 -2.35831e+00 | 65  0.04381  9.41488e+00 | 66  0.03709  1.56633e+00
 67 -0.01373  6.83476e+00 | 68  0.01459 -5.54491e+00 | 69 -0.10204 -1.60731e+00
 70  0.01775 -1.41267e+01 | 71 -0.09050  2.27615e+00 | 72 -0.06163 -2.20840e+00
 73 -0.14196 -2.49569e+00 | 74 -0.10595  4.46103e+00 | 75 -0.11341 -2.75456e+00
 76  0.26625  4.77219e+01 | 77 -0.18479 -7.06784e+00 | 78  0.00966 -7.75248e+00
 79 -0.06622 -4.57018e-01 | 80  0.07375 -7.53998e+00 | 81 -0.08108  9.24189e+00
 82 -0.18560  1.31601e+01 | 83 -0.23859  5.76573e+00 | 84 -0.09612 -3.00065e+00
 85 -0.11861 -1.75772e+00 | 86  0.06927 -2.14134e+01 | 87  0.13107 -2.88986e+01
 88 -0.02084 -3.21465e+00 | 89  0.03412  9.30340e-01 | 90  0.17068 -2.14992e-01
 91 -0.10161 -1.34115e+01 | 92  0.00655 -1.56972e+00 | 93  0.03676 -7.85856e+00
 94 -0.03979 -7.78721e-01 | 95 -0.17933 -2.04637e+00 | 96 -0.09156 -1.05736e+01
 97 -0.02770  4.88450e+00 | 98  0.04682  7.55346e+00 | 99 -0.06352  4.81697e-01
100  0.01236 -2.80701e+00 |101  0.06604 -3.76233e+00 |102 -0.28889  8.04426e-01
103 -0.27406  7.35031e-01 |104 -0.08738  2.00170e+00 |105  0.13534  1.02154e+00
106 -0.12595  5.92758e+00 |107  0.05413  1.34808e-01 |108  0.00864  4.67731e-02
109 -0.06596 -4.54013e+00 |110 -0.07182  3.83713e+00 |111  0.06780  1.90735e+00
112 -0.21601 -6.11262e+00 |113  0.32559 -6.04320e+00 |114 -0.02255  3.85661e+00
115  0.06406 -4.58983e+00 |116 -0.13738  3.47724e+00 |117 -0.18111 -1.86354e+01
118 -0.36123  1.25029e+01 |119  0.21841 -4.12517e+00 |120  0.00057 -3.26628e+00
121  0.00945  6.29019e+00 |122 -0.15954 -9.22044e-01 |123  0.00352  2.75391e+00
124  0.00792  7.76332e-01 |125 -0.12508  6.37440e-01 |126 -0.57355 -1.04808e+00
127 -1.56116  2.60342e-01 |128  0.11887 -3.25803e+00 |129  0.46139 -3.39487e+00
130 -0.14286  9.21164e+00 |131  0.05926 -7.54091e+00 |132 -0.18656  9.61140e+00
133  0.88959  6.50276e-02 |
133 variables; iteration 120; function evaluation 136; phase 4
Function value 2.3250139e+03; maximum gradient component mag -4.9786e+01
Var    Value     Gradient |Var    Value     Gradient |Var    Value     Gradient
  1 -0.28595  3.88462e+01 |  2  0.03458 -6.57756e+00 |  3 -0.06605 -4.32833e+00
  4  0.00557  3.44370e+00 |  5 -0.42472 -2.55454e+00 |  6  0.10447  6.09768e+00
  7  0.08589 -8.63780e+00 |  8 -0.07286 -5.05345e-02 |  9  0.18546  3.35766e+00
 10 -0.08365  1.10794e+00 | 11 -0.17971 -4.97859e+01 | 12  0.00501 -4.47148e-01
 13  0.00101 -8.58565e-01 | 14 -0.00302 -1.27433e+00 | 15 -0.00644 -1.64327e+00
 16 -0.00855 -1.91078e+00 | 17 -0.00877 -2.03880e+00 | 18 -0.00702 -2.02734e+00
 19 -0.00380 -1.92411e+00 | 20 -0.00010 -1.80592e+00 | 21  0.00332 -1.72704e+00
 22  0.00609 -1.70464e+00 | 23  0.00816 -1.73951e+00 | 24  0.00943 -1.83636e+00
 25  0.01058 -1.94457e+00 | 26  0.01321 -1.95855e+00 | 27  0.01784 -1.83975e+00
 28  0.02275 -1.68458e+00 | 29  0.02840 -1.45391e+00 | 30  0.03649 -1.05310e+00
 31  0.03785 -9.28076e-01 | 32  0.02539 -1.49475e+00 | 33  0.02664 -1.46183e+00
 34  0.02589 -1.77376e+00 | 35  0.04235 -1.71854e+00 | 36  0.00700 -4.02689e+00
 37 -0.01010 -5.31940e+00 | 38  0.03273 -3.44521e+00 | 39  0.03265 -1.55557e+00
 40 -0.01136 -1.82853e+00 | 41 -0.01660 -5.73027e-01 | 42 -0.03123 -2.04608e+00
 43 -0.05000 -5.42073e+00 | 44  0.01985 -3.65009e+00 | 45  0.07977 -2.67453e+00
 46 -0.00228 -4.10373e+00 | 47  0.11623 -5.63047e+00 | 48 -0.00140 -4.48336e+00
 49  0.00291 -2.52670e+00 | 50  0.06876 -5.08822e+00 | 51 -0.01246 -5.50438e+00
 52  0.13268 -1.07850e+01 | 53 -0.03662 -3.58252e+00 | 54 -0.02494 -6.89562e-02
 55 -0.04525 -7.56899e-02 | 56  0.08732 -6.56364e+00 | 57 -0.02006 -1.42100e+00
 58 -0.08470  2.96139e-01 | 59 -0.14454  4.53119e-01 | 60 -0.12519 -1.36860e+00
 61  0.19531 -7.23791e+00 | 62 -0.12436 -1.43845e+00 | 63  0.03606 -3.06876e+00
 64  0.01214 -4.67014e+00 | 65  0.04290 -4.30427e+00 | 66  0.04532 -5.89898e+00
 67 -0.01499  7.32965e-01 | 68  0.02546 -3.14424e+00 | 69 -0.09395  1.51526e+00
 70  0.03167 -6.75577e-01 | 71 -0.09038  1.09106e+00 | 72 -0.05020  3.54032e-01
 73 -0.12843 -9.15770e-01 | 74 -0.10738  6.77314e-02 | 75 -0.10884 -4.61020e+00
 76  0.27003 -7.05970e-01 | 77 -0.14877 -1.17377e+00 | 78  0.01909 -1.76716e-01
 79 -0.06193 -3.77904e-02 | 80  0.08219  7.41828e-02 | 81 -0.08270  7.93632e-01
 82 -0.19848  2.52451e+00 | 83 -0.24364  8.77300e-01 | 84 -0.08583  1.05473e-02
 85 -0.10727  2.59319e-02 | 86  0.08459 -1.07209e+00 | 87  0.14674  1.06923e+00
 88 -0.01019 -9.27385e-01 | 89  0.04546  5.01847e-01 | 90  0.18248 -1.12493e+00
 91 -0.07344 -1.58552e+00 | 92  0.01810 -2.46863e-01 | 93  0.04994 -1.82568e+00
 94 -0.03079 -7.17871e-01 | 95 -0.16512  1.33571e-01 | 96 -0.07097 -1.76889e+00
 97 -0.02011  8.57217e-01 | 98  0.05474  5.16043e-01 | 99 -0.05168  1.58888e+00
100  0.03242 -1.50601e-02 |101  0.09068 -5.53404e-01 |102 -0.29096  7.23326e-01
103 -0.27527  1.54602e+00 |104 -0.10823  9.38779e-01 |105  0.11876 -6.31917e+00
106 -0.14137  5.52034e+00 |107  0.06268 -2.91796e-01 |108  0.01545  3.95332e-01
109 -0.04450  1.21384e+01 |110 -0.05516 -7.61194e+00 |111  0.10648  7.84059e-01
112 -0.17102 -3.40214e+00 |113  0.33191 -3.54075e-02 |114 -0.01801  1.85080e+00
115  0.05441 -2.40313e+00 |116 -0.15154 -1.41599e+00 |117 -0.18980 -2.17034e+00
118 -0.39399 -3.32097e-01 |119  0.22752 -1.68036e+00 |120  0.01444  1.96988e+00
121  0.01654  6.43434e-01 |122 -0.19021 -3.74414e+00 |123 -0.00817 -9.04445e-01
124  0.00084  1.07091e+00 |125 -0.11336 -6.86122e-02 |126 -0.58687  6.94696e-01
127 -1.53469  1.38887e+00 |128  0.14697 -5.65885e-01 |129  0.44533 -5.53500e-01
130 -0.15404  2.17935e+00 |131  0.05734 -4.50510e-01 |132 -0.19643 -1.02144e+00
133  1.43431  1.56038e-01 |
133 variables; iteration 140; function evaluation 162; phase 4
Function value 2.3241499e+03; maximum gradient component mag -7.8681e+01
Var    Value     Gradient |Var    Value     Gradient |Var    Value     Gradient
  1 -0.26799  7.65237e+01 |  2  0.02939 -6.62731e+00 |  3 -0.06364 -4.25732e+00
  4  0.00049 -3.27709e+00 |  5 -0.41785 -1.17824e+00 |  6  0.07916  8.00834e+00
  7  0.08659 -9.16180e+00 |  8 -0.07304 -1.22564e+00 |  9  0.18506 -1.57386e+00
 10 -0.09477 -3.91783e-01 | 11 -0.15487 -7.86814e+01 | 12  0.00123 -6.91824e-01
 13 -0.00147 -9.95246e-01 | 14  0.00116 -8.76248e-01 | 15  0.00810 -4.32939e-01
 16  0.00673 -6.54358e-01 | 17 -0.00234 -1.47305e+00 | 18 -0.00176 -1.55723e+00
 19  0.00644 -1.09412e+00 | 20  0.00167 -1.60378e+00 | 21  0.01525 -8.30118e-01
 22  0.01277 -1.19481e+00 | 23  0.00761 -1.73435e+00 | 24  0.02353 -9.43346e-01
 25  0.02106 -1.32858e+00 | 26  0.02457 -1.36490e+00 | 27  0.01911 -1.87950e+00
 28  0.02037 -1.99092e+00 | 29  0.03206 -1.55088e+00 | 30  0.02334 -2.06607e+00
 31  0.02921 -1.81550e+00 | 32  0.02167 -2.19202e+00 | 33  0.01492 -2.60619e+00
 34  0.01873 -2.66512e+00 | 35  0.02450 -2.98014e+00 | 36  0.03166 -3.62547e+00
 37  0.06778 -4.20819e+00 | 38  0.02075 -4.85169e+00 | 39 -0.01305 -5.17139e+00
 40 -0.01597 -3.60969e+00 | 41 -0.03809 -3.91441e+00 | 42 -0.03041 -3.33206e+00
 43 -0.01855 -4.44946e+00 | 44 -0.01233 -6.60452e+00 | 45  0.09139 -6.82782e+00
 46 -0.01926 -6.62489e+00 | 47  0.10933 -1.10260e+01 | 48  0.01297 -6.30127e+00
 49 -0.02540 -6.14770e+00 | 50  0.07354 -7.66640e+00 | 51 -0.01905 -7.17476e+00
 52  0.12699 -1.80972e+01 | 53 -0.03364 -4.81334e+00 | 54 -0.03313 -3.83940e+00
 55 -0.05256 -3.45758e+00 | 56  0.08382 -1.10909e+01 | 57 -0.02511 -4.08348e+00
 58 -0.09071 -2.36788e+00 | 59 -0.15166 -1.36776e+00 | 60 -0.12348 -1.47673e+00
 61  0.18898 -3.11779e+01 | 62 -0.12339 -1.59829e+00 | 63  0.03026 -5.61382e+00
 64  0.01036 -4.14299e+00 | 65  0.03783 -5.82608e+00 | 66  0.04543 -5.68284e+00
 67 -0.02585 -3.24817e+00 | 68  0.02622 -3.66266e+00 | 69 -0.10536 -1.24084e+00
 70  0.03138 -1.81751e+00 | 71 -0.09386 -3.83077e-01 | 72 -0.05124 -1.24688e-01
 73 -0.12461  4.34499e-01 | 74 -0.11061  1.65922e-01 | 75 -0.09217 -9.62273e-01
 76  0.26812 -9.87964e+00 | 77 -0.14581 -6.50087e-01 | 78  0.01729 -9.03439e-01
 79 -0.06271 -6.85170e-02 | 80  0.08068 -8.33685e-01 | 81 -0.08473  1.72118e-01
 82 -0.20437  2.82388e-01 | 83 -0.24586  5.15871e-01 | 84 -0.08625  7.77481e-01
 85 -0.10659  3.47206e-01 | 86  0.08423  1.46358e+00 | 87  0.14620  2.79578e+00
 88 -0.01001  4.41966e-01 | 89  0.04406  4.85964e-01 | 90  0.18221  1.82445e+00
 91 -0.07136  2.35088e-01 | 92  0.01776  6.46318e-01 | 93  0.05002  1.00568e+00
 94 -0.03015  6.25017e-01 | 95 -0.16465  5.10013e-01 | 96 -0.06850  6.08349e-01
 97 -0.02092  2.11120e-01 | 98  0.05394  2.25543e-01 | 99 -0.05529  5.95456e-02
100  0.03325  3.44753e-01 |101  0.09346 -5.89304e-02 |102 -0.32425 -4.39389e-02
103 -0.29224  7.84160e-02 |104 -0.11861  1.39630e-02 |105  0.13419 -6.59893e-01
106 -0.13265 -1.46531e-01 |107  0.07116 -3.28395e-02 |108  0.00676 -2.90235e-03
109 -0.03344 -7.28513e-02 |110 -0.04184  2.39808e-01 |111  0.15364 -1.25776e-03
112 -0.12623  8.81766e-02 |113  0.33099 -9.15176e-01 |114 -0.02335  7.56954e-01
115  0.09476 -1.17268e+00 |116 -0.12180  6.93738e-01 |117 -0.18762 -7.07368e-01
118 -0.38912  9.24194e-02 |119  0.23202 -7.88461e-01 |120 -0.00724 -5.08435e-01
121 -0.00645  4.20987e-02 |122 -0.14000 -2.56516e-01 |123 -0.00054 -7.50858e-01
124  0.00133  4.46358e-01 |125 -0.11240 -2.91139e-01 |126 -0.57514 -7.60335e-02
127 -1.56347  6.17183e-02 |128  0.16395 -7.61396e-02 |129  0.43698 -1.06122e-01
130 -0.16145 -4.39690e-02 |131  0.06129 -4.63638e-01 |132 -0.19246  1.44549e-01
133  1.38888  6.57499e-02 |
133 variables; iteration 160; function evaluation 191; phase 4
Function value 2.3238543e+03; maximum gradient component mag -4.4029e+01
Var    Value     Gradient |Var    Value     Gradient |Var    Value     Gradient
  1 -0.26231  3.69608e+01 |  2  0.02864 -3.53801e+00 |  3 -0.06407 -2.83154e+00
  4 -0.00028 -2.88313e+00 |  5 -0.41716 -9.25657e-01 |  6  0.07287  4.96316e+00
  7  0.08595 -6.94374e+00 |  8 -0.07056 -8.69850e-01 |  9  0.18459 -1.26665e+00
 10 -0.09431 -4.28903e-01 | 11 -0.14683 -4.40291e+01 | 12  0.00189 -4.21296e-01
 13  0.00737 -3.22036e-02 | 14  0.00581 -2.32065e-01 | 15  0.00833 -1.05893e-01
 16  0.00817 -2.05410e-01 | 17  0.00547 -5.14447e-01 | 18  0.01389  3.81910e-02
 19  0.01369 -1.01827e-01 | 20  0.01591 -7.16181e-02 | 21  0.01249 -4.73764e-01
 22  0.01458 -4.73849e-01 | 23  0.02782  2.84147e-01 | 24  0.01908 -4.94234e-01
 25  0.01864 -7.03142e-01 | 26  0.02392 -5.38057e-01 | 27  0.02483 -6.42081e-01
 28  0.01948 -1.10177e+00 | 29  0.02482 -8.61897e-01 | 30  0.02138 -1.09779e+00
 31  0.02222 -1.01680e+00 | 32  0.02147 -9.97614e-01 | 33  0.01729 -1.23689e+00
 34  0.01877 -1.27715e+00 | 35  0.02282 -1.43495e+00 | 36  0.03427 -1.49120e+00
 37  0.04016 -1.76966e+00 | 38  0.03913 -1.46675e+00 | 39  0.00940 -1.42886e+00
 40 -0.01792 -1.40674e+00 | 41 -0.03450 -1.45962e+00 | 42 -0.03278 -1.27049e+00
 43 -0.01219 -1.46314e+00 | 44  0.03828 -1.97437e+00 | 45  0.04076 -2.66910e+00
 46 -0.00128 -3.54981e+00 | 47  0.12097 -2.71536e+00 | 48 -0.00950 -3.99448e+00
 49 -0.01307 -3.29615e+00 | 50  0.06843 -4.07080e+00 | 51 -0.01861 -5.33271e+00
 52  0.12649 -8.91445e+00 | 53 -0.03709 -3.15080e+00 | 54 -0.03308 -2.20021e+00
 55 -0.05625 -2.96652e+00 | 56  0.08279 -7.25810e+00 | 57 -0.02695 -3.18189e+00
 58 -0.09309 -2.38219e+00 | 59 -0.15355 -1.25594e+00 | 60 -0.12330 -7.21601e-01
 61  0.18713 -2.29904e+01 | 62 -0.12261 -7.76024e-01 | 63  0.02820 -4.44214e+00
 64  0.00895 -3.19941e+00 | 65  0.03656 -4.75758e+00 | 66  0.04432 -4.77198e+00
 67 -0.02774 -3.39043e+00 | 68  0.02483 -3.98658e+00 | 69 -0.10608 -1.32020e+00
 70  0.03031 -2.53017e+00 | 71 -0.09441 -6.59285e-01 | 72 -0.05194 -6.95888e-01
 73 -0.12544  7.46842e-02 | 74 -0.11168 -6.00167e-02 | 75 -0.08872 -8.16491e-03
 76  0.26771 -6.71697e+00 | 77 -0.14347 -5.23102e-02 | 78  0.01675 -6.32146e-01
 79 -0.06320  1.51538e-02 | 80  0.08031 -4.79958e-01 | 81 -0.08552 -1.24946e-01
 82 -0.20570 -1.64098e-01 | 83 -0.24745  6.13195e-02 | 84 -0.08698  1.91794e-01
 85 -0.10750 -2.26178e-01 | 86  0.08379  9.60460e-01 | 87  0.14563  1.75771e+00
 88 -0.01031  5.38410e-01 | 89  0.04374  6.35505e-01 | 90  0.18150  8.65100e-01
 91 -0.07170  3.17518e-01 | 92  0.01704  2.90839e-01 | 93  0.04921  4.86395e-01
 94 -0.03102  2.00624e-01 | 95 -0.16621  7.57342e-02 | 96 -0.06919  3.73346e-01
 97 -0.02159  9.55336e-02 | 98  0.05328  2.87834e-01 | 99 -0.05625 -7.31107e-02
100  0.03165 -3.88889e-02 |101  0.09398  2.08436e-01 |102 -0.32616 -1.03321e-01
103 -0.29376 -4.46295e-02 |104 -0.11934 -8.69630e-02 |105  0.13771  1.98609e+00
106 -0.13065 -2.43161e+00 |107  0.07335  7.60153e-03 |108  0.00754 -9.92074e-03
109 -0.02916 -7.04302e-01 |110 -0.03726  6.98495e-01 |111  0.15639 -1.27361e-01
112 -0.12448  3.04764e-01 |113  0.33023  2.55005e-01 |114 -0.02471 -3.84740e-01
115  0.10069  2.10088e-01 |116 -0.11832 -1.83779e-01 |117 -0.18705  7.01210e-02
118 -0.38799  6.48625e-02 |119  0.23340 -2.51191e-01 |120 -0.00868  7.35938e-02
121 -0.00820 -1.14204e-01 |122 -0.13551  3.90039e-01 |123  0.00353 -3.22212e-01
124  0.00244  5.11547e-01 |125 -0.11320 -1.10927e-01 |126 -0.57144  1.48048e-01
127 -1.56875 -6.20032e-03 |128  0.16782  8.72626e-02 |129  0.43734  2.51599e-01
130 -0.16130 -5.00864e-01 |131  0.05884  5.40240e-01 |132 -0.19389 -1.88255e-01
133  1.28280 -1.23929e-01 |
133 variables; iteration 180; function evaluation 211; phase 4
Function value 2.3235660e+03; maximum gradient component mag -4.8052e-02
Var    Value     Gradient |Var    Value     Gradient |Var    Value     Gradient
  1 -0.25011 -2.37308e-02 |  2  0.02789 -8.34847e-04 |  3 -0.06411 -1.70061e-03
  4 -0.00007  1.70062e-03 |  5 -0.41657  1.16084e-03 |  6  0.06217 -3.20744e-03
  7  0.08636 -2.21222e-02 |  8 -0.07355 -5.33868e-03 |  9  0.18529  2.60410e-04
 10 -0.09529 -1.67872e-03 | 11 -0.13110 -1.01035e-02 | 12  0.00564  1.74729e-03
 13  0.00626 -1.07511e-03 | 14  0.00699 -7.61624e-04 | 15  0.00779 -1.02065e-03
 16  0.00869 -3.69929e-04 | 17  0.00972  8.98920e-04 | 18  0.01084 -1.10716e-03
 19  0.01214 -1.20467e-03 | 20  0.01362 -1.02308e-03 | 21  0.01529  1.09378e-03
 22  0.01705 -8.94988e-05 | 23  0.01890 -4.65401e-03 | 24  0.02101 -2.03232e-03
 25  0.02324  5.11058e-04 | 26  0.02541  3.28651e-04 | 27  0.02728  5.09340e-04
 28  0.02867  1.85405e-03 | 29  0.02926  6.31289e-04 | 30  0.02876  1.03535e-03
 31  0.02712  5.47138e-05 | 32  0.02483  4.02438e-04 | 33  0.02314  2.42100e-03
 34  0.02358  2.22117e-04 | 35  0.02804  5.65299e-04 | 36  0.03688 -3.43726e-04
 37  0.04451 -1.68780e-03 | 38  0.03610  1.12072e-03 | 39  0.01057  2.56450e-03
 40 -0.01482  3.78757e-04 | 41 -0.03040  5.36592e-03 | 42 -0.03124  3.15434e-03
 43 -0.01208  2.40771e-03 | 44  0.02963  9.79713e-04 | 45  0.04378 -4.87840e-03
 46  0.03497 -2.76757e-04 | 47  0.09202  3.55943e-03 | 48  0.02003  5.20153e-03
 49 -0.00469  9.74644e-03 | 50  0.05388  7.87030e-03 | 51  0.00652  2.36607e-02
 52  0.11995 -3.44748e-03 | 53 -0.02997  1.02932e-02 | 54 -0.03821  8.45084e-03
 55 -0.05411  7.81091e-03 | 56  0.08035 -6.83097e-04 | 57 -0.02829  3.94099e-03
 58 -0.09370  4.03175e-03 | 59 -0.15431  1.56227e-04 | 60 -0.12681 -2.56067e-03
 61  0.18561 -4.80518e-02 | 62 -0.12569  8.46789e-04 | 63  0.02681 -1.10740e-02
 64  0.00724 -1.51429e-02 | 65  0.03580 -1.93356e-02 | 66  0.04299 -2.00301e-02
 67 -0.02619 -3.76383e-03 | 68  0.02440 -3.07251e-03 | 69 -0.10419 -6.54305e-03
 70  0.03089 -9.50849e-03 | 71 -0.09345 -5.29490e-03 | 72 -0.05017 -3.88934e-03
 73 -0.12500 -4.87223e-03 | 74 -0.11069 -3.09584e-04 | 75 -0.08910 -2.36138e-04
 76  0.26765 -2.65451e-02 | 77 -0.14427 -1.66195e-03 | 78  0.01608  2.08325e-03
 79 -0.06424 -3.51335e-03 | 80  0.08027 -3.59060e-03 | 81 -0.08481 -1.02394e-03
 82 -0.20438  6.14166e-04 | 83 -0.24652 -7.55364e-04 | 84 -0.08581 -1.84582e-03
 85 -0.10586  5.39857e-03 | 86  0.08492  1.65345e-02 | 87  0.14686  1.10789e-02
 88 -0.00932 -2.73380e-03 | 89  0.04443 -7.53358e-03 | 90  0.18238 -4.12580e-03
 91 -0.07152 -1.22255e-03 | 92  0.01732  1.15795e-03 | 93  0.04939 -1.65722e-03
 94 -0.03090 -1.66177e-03 | 95 -0.16622 -2.63545e-03 | 96 -0.06949  3.16942e-04
 97 -0.02167  1.69732e-03 | 98  0.05316 -4.85519e-03 | 99 -0.05596  8.21307e-04
100  0.03190 -1.38803e-03 |101  0.09317  5.04531e-04 |102 -0.31907  7.89543e-04
103 -0.29185  9.85342e-04 |104 -0.11636  5.00954e-04 |105  0.13450  9.01985e-03
106 -0.13274 -1.24732e-02 |107  0.07317 -7.01880e-04 |108  0.00516  5.90035e-04
109 -0.02823 -2.76065e-03 |110 -0.03725  2.32154e-03 |111  0.15726  2.06188e-03
112 -0.12531 -2.02284e-03 |113  0.32912  9.45267e-03 |114 -0.02521 -7.03001e-03
115  0.10059  1.14146e-02 |116 -0.11945 -1.58828e-02 |117 -0.18684 -1.27001e-02
118 -0.38804  3.54421e-03 |119  0.23510 -4.36643e-03 |120 -0.00637  3.67969e-04
121 -0.00641  2.70508e-04 |122 -0.13978  2.88913e-04 |123  0.00706 -2.72957e-03
124  0.00264  1.44399e-03 |125 -0.11185 -4.98702e-03 |126 -0.57184 -6.62867e-04
127 -1.56742 -5.43942e-04 |128  0.17400  6.09120e-03 |129  0.43562 -5.78032e-03
130 -0.16159  9.30335e-03 |131  0.06242  9.12767e-03 |132 -0.19178 -2.32865e-03
133  1.39160 -2.53688e-03 |
  ic > imax  in fminim is answer attained ?
Var    Value     Gradient |Var    Value     Gradient |Var    Value     Gradient
  1 -0.25010  4.79491e-06 |  2  0.02789  1.96350e-04 |  3 -0.06412  8.84691e-05
  4 -0.00007  8.40413e-06 |  5 -0.41657  6.01914e-05 |  6  0.06217 -1.37076e-05
  7  0.08636  6.66385e-04 |  8 -0.07356  1.26402e-04 |  9  0.18529 -5.35302e-06
 10 -0.09529  4.33663e-05 | 11 -0.13110  2.64673e-05 | 12  0.00562 -4.63974e-06
 13  0.00627  8.79068e-06 | 14  0.00700 -8.73913e-07 | 15  0.00780  2.73666e-06
 16  0.00870  1.91505e-06 | 17  0.00971 -4.39448e-06 | 18  0.01086  9.78283e-06
 19  0.01216  1.88015e-06 | 20  0.01363  7.29573e-06 | 21  0.01528 -9.86301e-07
 22  0.01705  4.04345e-07 | 23  0.01897  2.18453e-05 | 24  0.02104  5.91803e-06
 25  0.02324  5.93926e-06 | 26  0.02542  5.96501e-06 | 27  0.02729  4.79883e-06
 28  0.02866 -2.88641e-06 | 29  0.02926 -2.89004e-06 | 30  0.02876 -4.71416e-06
 31  0.02714 -7.32339e-06 | 32  0.02484 -6.87989e-06 | 33  0.02312 -3.74115e-06
 34  0.02359 -5.91115e-06 | 35  0.02805  1.23035e-05 | 36  0.03690  2.68097e-05
 37  0.04457  6.65768e-06 | 38  0.03611  3.44121e-06 | 39  0.01056 -3.60457e-06
 40 -0.01481  1.15956e-05 | 41 -0.03043  5.68708e-06 | 42 -0.03125  1.14226e-05
 43 -0.01209  2.17189e-05 | 44  0.02962  3.67613e-05 | 45  0.04385  4.37516e-05
 46  0.03496  1.04859e-05 | 47  0.09201 -8.98933e-06 | 48  0.02003 -4.66262e-05
 49 -0.00474 -7.15868e-05 | 50  0.05394 -8.96824e-05 | 51  0.00638 -3.51924e-05
 52  0.11999 -6.38395e-05 | 53 -0.03002  5.28473e-05 | 54 -0.03820  3.47725e-05
 55 -0.05412  4.88739e-05 | 56  0.08035  1.50298e-04 | 57 -0.02829  1.46709e-05
 58 -0.09370 -1.25613e-05 | 59 -0.15431 -1.50127e-05 | 60 -0.12681  2.94224e-07
 61  0.18561 -1.80189e-04 | 62 -0.12570 -7.52880e-06 | 63  0.02682 -6.29430e-06
 64  0.00725  7.48204e-05 | 65  0.03581  3.50582e-05 | 66  0.04300  4.53330e-05
 67 -0.02619  2.58319e-06 | 68  0.02440  1.30985e-05 | 69 -0.10417 -2.72637e-06
 70  0.03090 -5.89912e-07 | 71 -0.09343 -3.66771e-05 | 72 -0.05016 -9.02075e-06
 73 -0.12498 -4.54046e-05 | 74 -0.11069  1.72541e-05 | 75 -0.08910 -2.19255e-05
 76  0.26765 -1.93030e-04 | 77 -0.14426 -5.45907e-06 | 78  0.01608  5.72600e-06
 79 -0.06424  1.92673e-05 | 80  0.08027 -5.83423e-05 | 81 -0.08480 -1.09583e-05
 82 -0.20438 -1.30484e-05 | 83 -0.24652  3.14524e-05 | 84 -0.08580  6.03460e-05
 85 -0.10586  8.94703e-06 | 86  0.08492  3.37918e-05 | 87  0.14687 -7.66148e-05
 88 -0.00931  3.08195e-06 | 89  0.04444  3.92407e-05 | 90  0.18239  5.77253e-05
 91 -0.07151  1.56963e-05 | 92  0.01732 -1.36813e-05 | 93  0.04940  5.18937e-05
 94 -0.03089 -1.59429e-05 | 95 -0.16620 -1.20668e-05 | 96 -0.06949 -1.20807e-05
 97 -0.02166 -2.37760e-05 | 98  0.05317 -2.63790e-06 | 99 -0.05596  1.65462e-05
100  0.03191  3.11359e-06 |101  0.09317  2.74832e-06 |102 -0.31910 -3.77223e-06
103 -0.29186 -9.88925e-06 |104 -0.11637 -1.64133e-05 |105  0.13449 -7.68329e-05
106 -0.13275  8.23593e-05 |107  0.07315 -1.62861e-05 |108  0.00514  4.22975e-06
109 -0.02825  1.76564e-04 |110 -0.03727 -2.10815e-04 |111  0.15726 -2.81388e-05
112 -0.12531  1.95597e-05 |113  0.32911 -3.61950e-05 |114 -0.02521  3.27842e-05
115  0.10059  2.54128e-05 |116 -0.11945 -5.47973e-05 |117 -0.18683  1.38337e-04
118 -0.38804 -5.66667e-05 |119  0.23509 -1.05444e-05 |120 -0.00637 -8.00290e-06
121 -0.00641  5.43796e-06 |122 -0.13979  5.59482e-06 |123  0.00704  7.02390e-06
124  0.00263 -5.97058e-05 |125 -0.11183  3.11837e-06 |126 -0.57180  2.35901e-06
127 -1.56745 -6.89457e-06 |128  0.17390  4.54840e-05 |129  0.43562  3.80568e-05
130 -0.16159 -3.99653e-05 |131  0.06243 -2.30123e-05 |132 -0.19177 -8.13373e-06
133  1.39242  1.19287e-07 |
Function minimizer not making progress ... is minimum attained?
Minimprove criterion = 0.0000e+00

 - final statistics:
133 variables; iteration 190; function evaluation 250
Function value 2.3236e+03; maximum gradient component mag 6.6639e-04
Exit code = 1;  converg criter 1.0000e-04
Var    Value     Gradient |Var    Value     Gradient |Var    Value     Gradient
  1 -0.25010  4.79491e-06 |  2  0.02789  1.96350e-04 |  3 -0.06412  8.84691e-05
  4 -0.00007  8.40413e-06 |  5 -0.41657  6.01914e-05 |  6  0.06217 -1.37076e-05
  7  0.08636  6.66385e-04 |  8 -0.07356  1.26402e-04 |  9  0.18529 -5.35302e-06
 10 -0.09529  4.33663e-05 | 11 -0.13110  2.64673e-05 | 12  0.00562 -4.63974e-06
 13  0.00627  8.79068e-06 | 14  0.00700 -8.73913e-07 | 15  0.00780  2.73666e-06
 16  0.00870  1.91505e-06 | 17  0.00971 -4.39448e-06 | 18  0.01086  9.78283e-06
 19  0.01216  1.88015e-06 | 20  0.01363  7.29573e-06 | 21  0.01528 -9.86301e-07
 22  0.01705  4.04345e-07 | 23  0.01897  2.18453e-05 | 24  0.02104  5.91803e-06
 25  0.02324  5.93926e-06 | 26  0.02542  5.96501e-06 | 27  0.02729  4.79883e-06
 28  0.02866 -2.88641e-06 | 29  0.02926 -2.89004e-06 | 30  0.02876 -4.71416e-06
 31  0.02714 -7.32339e-06 | 32  0.02484 -6.87989e-06 | 33  0.02312 -3.74115e-06
 34  0.02359 -5.91115e-06 | 35  0.02805  1.23035e-05 | 36  0.03690  2.68097e-05
 37  0.04457  6.65768e-06 | 38  0.03611  3.44121e-06 | 39  0.01056 -3.60457e-06
 40 -0.01481  1.15956e-05 | 41 -0.03043  5.68708e-06 | 42 -0.03125  1.14226e-05
 43 -0.01209  2.17189e-05 | 44  0.02962  3.67613e-05 | 45  0.04385  4.37516e-05
 46  0.03496  1.04859e-05 | 47  0.09201 -8.98933e-06 | 48  0.02003 -4.66262e-05
 49 -0.00474 -7.15868e-05 | 50  0.05394 -8.96824e-05 | 51  0.00638 -3.51924e-05
 52  0.11999 -6.38395e-05 | 53 -0.03002  5.28473e-05 | 54 -0.03820  3.47725e-05
 55 -0.05412  4.88739e-05 | 56  0.08035  1.50298e-04 | 57 -0.02829  1.46709e-05
 58 -0.09370 -1.25613e-05 | 59 -0.15431 -1.50127e-05 | 60 -0.12681  2.94224e-07
 61  0.18561 -1.80189e-04 | 62 -0.12570 -7.52880e-06 | 63  0.02682 -6.29430e-06
 64  0.00725  7.48204e-05 | 65  0.03581  3.50582e-05 | 66  0.04300  4.53330e-05
 67 -0.02619  2.58319e-06 | 68  0.02440  1.30985e-05 | 69 -0.10417 -2.72637e-06
 70  0.03090 -5.89912e-07 | 71 -0.09343 -3.66771e-05 | 72 -0.05016 -9.02075e-06
 73 -0.12498 -4.54046e-05 | 74 -0.11069  1.72541e-05 | 75 -0.08910 -2.19255e-05
 76  0.26765 -1.93030e-04 | 77 -0.14426 -5.45907e-06 | 78  0.01608  5.72600e-06
 79 -0.06424  1.92673e-05 | 80  0.08027 -5.83423e-05 | 81 -0.08480 -1.09583e-05
 82 -0.20438 -1.30484e-05 | 83 -0.24652  3.14524e-05 | 84 -0.08580  6.03460e-05
 85 -0.10586  8.94703e-06 | 86  0.08492  3.37918e-05 | 87  0.14687 -7.66148e-05
 88 -0.00931  3.08195e-06 | 89  0.04444  3.92407e-05 | 90  0.18239  5.77253e-05
 91 -0.07151  1.56963e-05 | 92  0.01732 -1.36813e-05 | 93  0.04940  5.18937e-05
 94 -0.03089 -1.59429e-05 | 95 -0.16620 -1.20668e-05 | 96 -0.06949 -1.20807e-05
 97 -0.02166 -2.37760e-05 | 98  0.05317 -2.63790e-06 | 99 -0.05596  1.65462e-05
100  0.03191  3.11359e-06 |101  0.09317  2.74832e-06 |102 -0.31910 -3.77223e-06
103 -0.29186 -9.88925e-06 |104 -0.11637 -1.64133e-05 |105  0.13449 -7.68329e-05
106 -0.13275  8.23593e-05 |107  0.07315 -1.62861e-05 |108  0.00514  4.22975e-06
109 -0.02825  1.76564e-04 |110 -0.03727 -2.10815e-04 |111  0.15726 -2.81388e-05
112 -0.12531  1.95597e-05 |113  0.32911 -3.61950e-05 |114 -0.02521  3.27842e-05
115  0.10059  2.54128e-05 |116 -0.11945 -5.47973e-05 |117 -0.18683  1.38337e-04
118 -0.38804 -5.66667e-05 |119  0.23509 -1.05444e-05 |120 -0.00637 -8.00290e-06
121 -0.00641  5.43796e-06 |122 -0.13979  5.59482e-06 |123  0.00704  7.02390e-06
124  0.00263 -5.97058e-05 |125 -0.11183  3.11837e-06 |126 -0.57180  2.35901e-06
127 -1.56745 -6.89457e-06 |128  0.17390  4.54840e-05 |129  0.43562  3.80568e-05
130 -0.16159 -3.99653e-05 |131  0.06243 -2.30123e-05 |132 -0.19177 -8.13373e-06
133  1.39242  1.19287e-07 |

Initial statistics: 145 variables; iteration 0; function evaluation 0; phase 5
Function value 2.3235660e+03; maximum gradient component mag 6.5648e-04
Var    Value     Gradient |Var    Value     Gradient |Var    Value     Gradient
  1 -0.25010  8.04102e-06 |  2  0.02789  1.93072e-04 |  3 -0.06412  8.69433e-05
  4 -0.00007  8.87376e-06 |  5 -0.41657  5.96645e-05 |  6  0.06217 -1.34318e-05
  7  0.08636  6.56482e-04 |  8 -0.07356  1.24310e-04 |  9  0.18529 -4.72207e-06
 10 -0.09529  4.29190e-05 | 11 -0.13110  2.44168e-05 | 12  0.00562 -4.64281e-06
 13  0.00627  8.46279e-06 | 14  0.00700 -9.39973e-07 | 15  0.00780  2.57720e-06
 16  0.00870  1.76758e-06 | 17  0.00971 -4.37923e-06 | 18  0.01086  9.44141e-06
 19  0.01216  1.74036e-06 | 20  0.01363  6.97730e-06 | 21  0.01528 -1.14341e-06
 22  0.01705  2.02106e-07 | 23  0.01897  2.11387e-05 | 24  0.02104  5.63167e-06
 25  0.02324  5.60686e-06 | 26  0.02542  5.63739e-06 | 27  0.02729  4.49149e-06
 28  0.02866 -3.01774e-06 | 29  0.02926 -3.03606e-06 | 30  0.02876 -4.86126e-06
 31  0.02714 -7.35434e-06 | 32  0.02484 -6.93138e-06 | 33  0.02312 -3.79688e-06
 34  0.02359 -5.95327e-06 | 35  0.02805  1.15649e-05 | 36  0.03690  2.58111e-05
 37  0.04457  6.28377e-06 | 38  0.03611  3.16510e-06 | 39  0.01056 -3.64426e-06
 40 -0.01481  1.09467e-05 | 41 -0.03043  5.32109e-06 | 42 -0.03125  1.07472e-05
 43 -0.01209  2.10020e-05 | 44  0.02962  3.53974e-05 | 45  0.04385  4.25609e-05
 46  0.03496  9.92942e-06 | 47  0.09201 -9.46593e-06 | 48  0.02003 -4.57305e-05
 49 -0.00474 -6.97181e-05 | 50  0.05394 -8.72369e-05 | 51  0.00638 -3.47025e-05
 52  0.11999 -6.25117e-05 | 53 -0.03002  5.18043e-05 | 54 -0.03820  3.39982e-05
 55 -0.05412  4.81657e-05 | 56  0.08035  1.47639e-04 | 57 -0.02829  1.44429e-05
 58 -0.09370 -1.21674e-05 | 59 -0.15431 -1.45385e-05 | 60 -0.12681 -8.76106e-08
 61  0.18561 -1.75021e-04 | 62 -0.12570 -7.27171e-06 | 63  0.02682 -5.52781e-06
 64  0.00725  7.39005e-05 | 65  0.03581  3.47426e-05 | 66  0.04300  4.43546e-05
 67 -0.02619  2.32142e-06 | 68  0.02440  1.26651e-05 | 69 -0.10417 -2.64273e-06
 70  0.03090 -5.46372e-07 | 71 -0.09343 -3.57744e-05 | 72 -0.05016 -8.57221e-06
 73 -0.12498 -4.41467e-05 | 74 -0.11069  1.68832e-05 | 75 -0.08910 -2.15329e-05
 76  0.26765 -1.87219e-04 | 77 -0.14426 -5.27070e-06 | 78  0.01608  5.92570e-06
 79 -0.06424  1.89220e-05 | 80  0.08027 -5.78560e-05 | 81 -0.08480 -1.07442e-05
 82 -0.20438 -1.27108e-05 | 83 -0.24652  3.09961e-05 | 84 -0.08580  5.92729e-05
 85 -0.10586  8.84595e-06 | 86  0.08492  3.30794e-05 | 87  0.14687 -7.53154e-05
 88 -0.00931  2.99771e-06 | 89  0.04444  3.80943e-05 | 90  0.18239  5.59527e-05
 91 -0.07151  1.53901e-05 | 92  0.01732 -1.33982e-05 | 93  0.04940  5.10720e-05
 94 -0.03089 -1.55507e-05 | 95 -0.16620 -1.15729e-05 | 96 -0.06949 -1.18976e-05
 97 -0.02166 -2.34829e-05 | 98  0.05317 -2.50886e-06 | 99 -0.05596  1.62997e-05
100  0.03191  3.04356e-06 |101  0.09317  2.73143e-06 |102  0.00000  0.00000e+00
103  0.00000  0.00000e+00 |104  0.00000  0.00000e+00 |105  0.00000  0.00000e+00
106  0.00000  0.00000e+00 |107  0.00000  0.00000e+00 |108  0.00000  0.00000e+00
109  0.00000  0.00000e+00 |110  0.00000  0.00000e+00 |111  0.00000  0.00000e+00
112  0.00000  0.00000e+00 |113  0.00000  0.00000e+00 |114 -0.31910 -3.73936e-06
115 -0.29186 -9.75076e-06 |116 -0.11637 -1.59181e-05 |117  0.13449 -7.47267e-05
118 -0.13275  7.95963e-05 |119  0.07315 -1.59973e-05 |120  0.00514  4.22701e-06
121 -0.02825  1.73679e-04 |122 -0.03727 -2.07417e-04 |123  0.15726 -2.73850e-05
124 -0.12531  1.90017e-05 |125  0.32911 -3.60132e-05 |126 -0.02521  3.25496e-05
127  0.10059  2.54291e-05 |128 -0.11945 -5.41727e-05 |129 -0.18683  1.35159e-04
130 -0.38804 -5.54429e-05 |131  0.23509 -1.00956e-05 |132 -0.00637 -8.06718e-06
133 -0.00641  5.15751e-06 |134 -0.13979  5.37363e-06 |135  0.00704  7.27876e-06
136  0.00263 -5.89511e-05 |137 -0.11183  3.20054e-06 |138 -0.57180  2.56873e-06
139 -0.43255  6.64523e-06 |140  0.17390  4.48169e-05 |141  0.43562  3.70362e-05
142 -0.16159 -3.90246e-05 |143  0.06243 -2.27759e-05 |144 -0.19177 -7.90022e-06
145  0.60758 -1.50477e-07 |
  ic > imax  in fminim is answer attained ?
Var    Value     Gradient |Var    Value     Gradient |Var    Value     Gradient
  1 -0.25010  8.04102e-06 |  2  0.02789  1.93072e-04 |  3 -0.06412  8.69433e-05
  4 -0.00007  8.87376e-06 |  5 -0.41657  5.96645e-05 |  6  0.06217 -1.34318e-05
  7  0.08636  6.56482e-04 |  8 -0.07356  1.24310e-04 |  9  0.18529 -4.72207e-06
 10 -0.09529  4.29190e-05 | 11 -0.13110  2.44168e-05 | 12  0.00562 -4.64281e-06
 13  0.00627  8.46279e-06 | 14  0.00700 -9.39973e-07 | 15  0.00780  2.57720e-06
 16  0.00870  1.76758e-06 | 17  0.00971 -4.37923e-06 | 18  0.01086  9.44141e-06
 19  0.01216  1.74036e-06 | 20  0.01363  6.97730e-06 | 21  0.01528 -1.14341e-06
 22  0.01705  2.02106e-07 | 23  0.01897  2.11387e-05 | 24  0.02104  5.63167e-06
 25  0.02324  5.60686e-06 | 26  0.02542  5.63739e-06 | 27  0.02729  4.49149e-06
 28  0.02866 -3.01774e-06 | 29  0.02926 -3.03606e-06 | 30  0.02876 -4.86126e-06
 31  0.02714 -7.35434e-06 | 32  0.02484 -6.93138e-06 | 33  0.02312 -3.79688e-06
 34  0.02359 -5.95327e-06 | 35  0.02805  1.15649e-05 | 36  0.03690  2.58111e-05
 37  0.04457  6.28377e-06 | 38  0.03611  3.16510e-06 | 39  0.01056 -3.64426e-06
 40 -0.01481  1.09467e-05 | 41 -0.03043  5.32109e-06 | 42 -0.03125  1.07472e-05
 43 -0.01209  2.10020e-05 | 44  0.02962  3.53974e-05 | 45  0.04385  4.25609e-05
 46  0.03496  9.92942e-06 | 47  0.09201 -9.46593e-06 | 48  0.02003 -4.57305e-05
 49 -0.00474 -6.97181e-05 | 50  0.05394 -8.72369e-05 | 51  0.00638 -3.47025e-05
 52  0.11999 -6.25117e-05 | 53 -0.03002  5.18043e-05 | 54 -0.03820  3.39982e-05
 55 -0.05412  4.81657e-05 | 56  0.08035  1.47639e-04 | 57 -0.02829  1.44429e-05
 58 -0.09370 -1.21674e-05 | 59 -0.15431 -1.45385e-05 | 60 -0.12681 -8.76106e-08
 61  0.18561 -1.75021e-04 | 62 -0.12570 -7.27171e-06 | 63  0.02682 -5.52781e-06
 64  0.00725  7.39005e-05 | 65  0.03581  3.47426e-05 | 66  0.04300  4.43546e-05
 67 -0.02619  2.32142e-06 | 68  0.02440  1.26651e-05 | 69 -0.10417 -2.64273e-06
 70  0.03090 -5.46372e-07 | 71 -0.09343 -3.57744e-05 | 72 -0.05016 -8.57221e-06
 73 -0.12498 -4.41467e-05 | 74 -0.11069  1.68832e-05 | 75 -0.08910 -2.15329e-05
 76  0.26765 -1.87219e-04 | 77 -0.14426 -5.27070e-06 | 78  0.01608  5.92570e-06
 79 -0.06424  1.89220e-05 | 80  0.08027 -5.78560e-05 | 81 -0.08480 -1.07442e-05
 82 -0.20438 -1.27108e-05 | 83 -0.24652  3.09961e-05 | 84 -0.08580  5.92729e-05
 85 -0.10586  8.84595e-06 | 86  0.08492  3.30794e-05 | 87  0.14687 -7.53154e-05
 88 -0.00931  2.99771e-06 | 89  0.04444  3.80943e-05 | 90  0.18239  5.59527e-05
 91 -0.07151  1.53901e-05 | 92  0.01732 -1.33982e-05 | 93  0.04940  5.10720e-05
 94 -0.03089 -1.55507e-05 | 95 -0.16620 -1.15729e-05 | 96 -0.06949 -1.18976e-05
 97 -0.02166 -2.34829e-05 | 98  0.05317 -2.50886e-06 | 99 -0.05596  1.62997e-05
100  0.03191  3.04356e-06 |101  0.09317  2.73143e-06 |102  0.00000  0.00000e+00
103  0.00000  0.00000e+00 |104  0.00000  0.00000e+00 |105  0.00000  0.00000e+00
106  0.00000  0.00000e+00 |107  0.00000  0.00000e+00 |108  0.00000  0.00000e+00
109  0.00000  0.00000e+00 |110  0.00000  0.00000e+00 |111  0.00000  0.00000e+00
112  0.00000  0.00000e+00 |113  0.00000  0.00000e+00 |114 -0.31910 -3.73936e-06
115 -0.29186 -9.75076e-06 |116 -0.11637 -1.59181e-05 |117  0.13449 -7.47267e-05
118 -0.13275  7.95963e-05 |119  0.07315 -1.59973e-05 |120  0.00514  4.22701e-06
121 -0.02825  1.73679e-04 |122 -0.03727 -2.07417e-04 |123  0.15726 -2.73850e-05
124 -0.12531  1.90017e-05 |125  0.32911 -3.60132e-05 |126 -0.02521  3.25496e-05
127  0.10059  2.54291e-05 |128 -0.11945 -5.41727e-05 |129 -0.18683  1.35159e-04
130 -0.38804 -5.54429e-05 |131  0.23509 -1.00956e-05 |132 -0.00637 -8.06718e-06
133 -0.00641  5.15751e-06 |134 -0.13979  5.37363e-06 |135  0.00704  7.27876e-06
136  0.00263 -5.89511e-05 |137 -0.11183  3.20054e-06 |138 -0.57180  2.56873e-06
139 -0.43255  6.64523e-06 |140  0.17390  4.48169e-05 |141  0.43562  3.70362e-05
142 -0.16159 -3.90246e-05 |143  0.06243 -2.27759e-05 |144 -0.19177 -7.90022e-06
145  0.60758 -1.50477e-07 |
Function minimizer not making progress ... is minimum attained?
Minimprove criterion = 0.0000e+00

 - final statistics:
145 variables; iteration 1; function evaluation 30
Function value 2.3236e+03; maximum gradient component mag 6.5648e-04
Exit code = 1;  converg criter 1.0000e-04
Var    Value     Gradient |Var    Value     Gradient |Var    Value     Gradient
  1 -0.25010  8.04102e-06 |  2  0.02789  1.93072e-04 |  3 -0.06412  8.69433e-05
  4 -0.00007  8.87376e-06 |  5 -0.41657  5.96645e-05 |  6  0.06217 -1.34318e-05
  7  0.08636  6.56482e-04 |  8 -0.07356  1.24310e-04 |  9  0.18529 -4.72207e-06
 10 -0.09529  4.29190e-05 | 11 -0.13110  2.44168e-05 | 12  0.00562 -4.64281e-06
 13  0.00627  8.46279e-06 | 14  0.00700 -9.39973e-07 | 15  0.00780  2.57720e-06
 16  0.00870  1.76758e-06 | 17  0.00971 -4.37923e-06 | 18  0.01086  9.44141e-06
 19  0.01216  1.74036e-06 | 20  0.01363  6.97730e-06 | 21  0.01528 -1.14341e-06
 22  0.01705  2.02106e-07 | 23  0.01897  2.11387e-05 | 24  0.02104  5.63167e-06
 25  0.02324  5.60686e-06 | 26  0.02542  5.63739e-06 | 27  0.02729  4.49149e-06
 28  0.02866 -3.01774e-06 | 29  0.02926 -3.03606e-06 | 30  0.02876 -4.86126e-06
 31  0.02714 -7.35434e-06 | 32  0.02484 -6.93138e-06 | 33  0.02312 -3.79688e-06
 34  0.02359 -5.95327e-06 | 35  0.02805  1.15649e-05 | 36  0.03690  2.58111e-05
 37  0.04457  6.28377e-06 | 38  0.03611  3.16510e-06 | 39  0.01056 -3.64426e-06
 40 -0.01481  1.09467e-05 | 41 -0.03043  5.32109e-06 | 42 -0.03125  1.07472e-05
 43 -0.01209  2.10020e-05 | 44  0.02962  3.53974e-05 | 45  0.04385  4.25609e-05
 46  0.03496  9.92942e-06 | 47  0.09201 -9.46593e-06 | 48  0.02003 -4.57305e-05
 49 -0.00474 -6.97181e-05 | 50  0.05394 -8.72369e-05 | 51  0.00638 -3.47025e-05
 52  0.11999 -6.25117e-05 | 53 -0.03002  5.18043e-05 | 54 -0.03820  3.39982e-05
 55 -0.05412  4.81657e-05 | 56  0.08035  1.47639e-04 | 57 -0.02829  1.44429e-05
 58 -0.09370 -1.21674e-05 | 59 -0.15431 -1.45385e-05 | 60 -0.12681 -8.76106e-08
 61  0.18561 -1.75021e-04 | 62 -0.12570 -7.27171e-06 | 63  0.02682 -5.52781e-06
 64  0.00725  7.39005e-05 | 65  0.03581  3.47426e-05 | 66  0.04300  4.43546e-05
 67 -0.02619  2.32142e-06 | 68  0.02440  1.26651e-05 | 69 -0.10417 -2.64273e-06
 70  0.03090 -5.46372e-07 | 71 -0.09343 -3.57744e-05 | 72 -0.05016 -8.57221e-06
 73 -0.12498 -4.41467e-05 | 74 -0.11069  1.68832e-05 | 75 -0.08910 -2.15329e-05
 76  0.26765 -1.87219e-04 | 77 -0.14426 -5.27070e-06 | 78  0.01608  5.92570e-06
 79 -0.06424  1.89220e-05 | 80  0.08027 -5.78560e-05 | 81 -0.08480 -1.07442e-05
 82 -0.20438 -1.27108e-05 | 83 -0.24652  3.09961e-05 | 84 -0.08580  5.92729e-05
 85 -0.10586  8.84595e-06 | 86  0.08492  3.30794e-05 | 87  0.14687 -7.53154e-05
 88 -0.00931  2.99771e-06 | 89  0.04444  3.80943e-05 | 90  0.18239  5.59527e-05
 91 -0.07151  1.53901e-05 | 92  0.01732 -1.33982e-05 | 93  0.04940  5.10720e-05
 94 -0.03089 -1.55507e-05 | 95 -0.16620 -1.15729e-05 | 96 -0.06949 -1.18976e-05
 97 -0.02166 -2.34829e-05 | 98  0.05317 -2.50886e-06 | 99 -0.05596  1.62997e-05
100  0.03191  3.04356e-06 |101  0.09317  2.73143e-06 |102  0.00000  0.00000e+00
103  0.00000  0.00000e+00 |104  0.00000  0.00000e+00 |105  0.00000  0.00000e+00
106  0.00000  0.00000e+00 |107  0.00000  0.00000e+00 |108  0.00000  0.00000e+00
109  0.00000  0.00000e+00 |110  0.00000  0.00000e+00 |111  0.00000  0.00000e+00
112  0.00000  0.00000e+00 |113  0.00000  0.00000e+00 |114 -0.31910 -3.73936e-06
115 -0.29186 -9.75076e-06 |116 -0.11637 -1.59181e-05 |117  0.13449 -7.47267e-05
118 -0.13275  7.95963e-05 |119  0.07315 -1.59973e-05 |120  0.00514  4.22701e-06
121 -0.02825  1.73679e-04 |122 -0.03727 -2.07417e-04 |123  0.15726 -2.73850e-05
124 -0.12531  1.90017e-05 |125  0.32911 -3.60132e-05 |126 -0.02521  3.25496e-05
127  0.10059  2.54291e-05 |128 -0.11945 -5.41727e-05 |129 -0.18683  1.35159e-04
130 -0.38804 -5.54429e-05 |131  0.23509 -1.00956e-05 |132 -0.00637 -8.06718e-06
133 -0.00641  5.15751e-06 |134 -0.13979  5.37363e-06 |135  0.00704  7.27876e-06
136  0.00263 -5.89511e-05 |137 -0.11183  3.20054e-06 |138 -0.57180  2.56873e-06
139 -0.43255  6.64523e-06 |140  0.17390  4.48169e-05 |141  0.43562  3.70362e-05
142 -0.16159 -3.90246e-05 |143  0.06243 -2.27759e-05 |144 -0.19177 -7.90022e-06
145  0.60758 -1.50477e-07 |
size of file gradfil1.tmp = 0
size of file gradfil2.tmp = 0
size of file varssave.tmp = 0
size of file cmpdiff.tmp = 200000008
