
Initial statistics: 4 variables; iteration 0; function evaluation 0; phase 1
Function value 3.9104720e+03; maximum gradient component mag 1.5227e+02
Var    Value     Gradient |Var    Value     Gradient |Var    Value     Gradient
  1  0.20737  1.52273e+02 |  2  0.00000 -7.49825e+00 |  3 -0.12819  4.48830e+00
  4 -0.21635 -5.62902e+01 |

 - final statistics:
4 variables; iteration 5; function evaluation 20
Function value 3.8433e+03; maximum gradient component mag 8.8034e+00
Exit code = 1;  converg criter 1.0000e+01
Var    Value     Gradient |Var    Value     Gradient |Var    Value     Gradient
  1 -0.06362  8.80337e+00 |  2  0.56432  1.32948e+00 |  3 -0.28221 -1.35359e+00
  4  0.02352 -5.25991e+00 |

Initial statistics: 14 variables; iteration 0; function evaluation 0; phase 2
Function value 3.8432725e+03; maximum gradient component mag 1.2965e+03
Var    Value     Gradient |Var    Value     Gradient |Var    Value     Gradient
  1 -0.26966 -2.48088e+02 |  2  0.00000 -9.06071e+01 |  3 -0.26198 -3.90403e+02
  4 -0.03352 -8.98247e+01 |  5  0.18446  2.16329e+02 |  6 -0.04247 -1.04462e+02
  7  0.33333  1.29652e+03 |  8 -0.53989  7.67073e+01 |  9  0.00000 -1.43336e+02
 10 -0.21635 -3.10639e+01 | 11 -0.06362  8.80337e+00 | 12  0.56432  1.32948e+00
 13 -0.28221 -1.35359e+00 | 14  0.02352 -5.25991e+00 |

Intermediate statistics: 14 variables; iteration 20; function evaluation 26; phase 2
Function value 3.4761313e+03; maximum gradient component mag 3.3737e+01
Var    Value     Gradient |Var    Value     Gradient |Var    Value     Gradient
  1 -0.17223  3.09222e+01 |  2  0.09021  9.43922e+00 |  3 -0.11801  7.26330e+00
  4 -0.04401  5.53590e-02 |  5 -0.44048 -5.60688e-01 |  6  0.00551  5.54906e+00
  7  0.13615  3.37367e+01 |  8 -0.27400  8.04080e+00 |  9  0.27355  3.80930e-02
 10 -0.26068 -4.50573e+00 | 11  0.19716 -1.34501e+01 | 12  0.60960  1.26464e-02
 13 -0.20616  9.57272e-02 | 14  0.10889  2.04237e-01 |

 - final statistics:
14 variables; iteration 23; function evaluation 29
Function value 3.4756e+03; maximum gradient component mag 9.0600e+00
Exit code = 1;  converg criter 1.0000e+01
Var    Value     Gradient |Var    Value     Gradient |Var    Value     Gradient
  1 -0.15158  9.06001e+00 |  2  0.08881 -1.74631e+00 |  3 -0.11841 -2.54424e+00
  4 -0.04417 -7.95537e+00 |  5 -0.44331 -3.55544e+00 |  6 -0.00746 -2.97250e-01
  7  0.13587  8.27573e+00 |  8 -0.27661  1.52960e+00 |  9  0.27177 -4.43561e+00
 10 -0.24981 -3.00808e+00 | 11  0.31601 -3.60803e+00 | 12  0.75140  9.15024e-02
 13 -0.18699  2.41276e-01 | 14  0.10257 -2.35616e-01 |

Initial statistics: 42 variables; iteration 0; function evaluation 0; phase 3
Function value 3.4755572e+03; maximum gradient component mag 1.5387e+03
Var    Value     Gradient |Var    Value     Gradient |Var    Value     Gradient
  1 -0.15158  9.06001e+00 |  2  0.08881 -1.74631e+00 |  3 -0.11841 -2.54424e+00
  4 -0.04417 -7.95537e+00 |  5 -0.44331 -3.55544e+00 |  6 -0.00746 -2.97250e-01
  7  0.13587  8.27573e+00 |  8 -0.27661  1.52960e+00 |  9  0.27177 -4.43561e+00
 10 -0.24981 -3.00808e+00 | 11  0.31601 -3.60803e+00 | 12  0.75140  9.15024e-02
 13 -0.18699  2.41276e-01 | 14  0.10257 -2.35616e-01 | 15 -0.12294 -3.64953e+02
 16 -0.31415  1.33152e+02 | 17 -0.12294  6.31130e+01 | 18 -0.51552 -3.64110e+01
 19 -0.40967 -3.09553e+02 | 20 -0.33333  1.15576e+02 | 21 -0.11760 -5.67391e+01
 22 -0.31415  1.96476e+01 | 23  0.14414  1.21828e+03 | 24 -1.00000 -8.66316e-08
 25 -0.32395 -2.13893e+02 | 26 -0.40967  8.47014e+01 | 27  0.02302  1.53868e+03
 28 -0.31415 -1.12131e+03 | 29  0.53959  4.13233e-03 | 30  0.62714  1.07037e-02
 31  0.00000  5.76199e+02 | 32 -0.21635 -3.51352e+02 | 33  0.16024  7.44957e+01
 34 -0.11760  9.54713e+01 | 35 -0.10723 -2.12614e+02 | 36 -0.10723  4.10054e-04
 37 -0.71990 -5.21221e-01 | 38  0.62714  7.77192e-03 | 39 -0.12294 -6.16268e+01
 40 -0.31415  2.09150e+01 | 41  0.02302  6.78880e+01 | 42 -0.31415 -5.36556e+01

Intermediate statistics: 42 variables; iteration 20; function evaluation 28; phase 3
Function value 3.0898274e+03; maximum gradient component mag 6.6518e+02
Var    Value     Gradient |Var    Value     Gradient |Var    Value     Gradient
  1  0.01487  6.65183e+02 |  2  0.07832  2.52332e+02 |  3 -0.12819  2.52038e+02
  4  0.01142  2.64871e+02 |  5 -0.42163  8.77997e+01 |  6 -0.10899  1.22449e+02
  7  0.05671  4.62880e+02 |  8  0.03960  1.25105e+02 |  9 -0.07776  1.09881e+02
 10  0.06601  3.71101e+01 | 11  0.36830 -1.27298e+02 | 12  0.74648  2.50943e-02
 13 -0.19811  4.02686e-01 | 14  0.10865  1.56617e-01 | 15  0.02554 -1.78635e+02
 16 -0.24680  6.43622e+01 | 17  0.00546 -7.14510e+00 | 18 -0.21044 -3.94887e+00
 19  0.03475 -2.24016e+01 | 20 -0.02089  2.82012e+00 | 21  0.23144 -2.94710e+01
 22 -0.06492  5.34326e+01 | 23  0.03870 -7.88454e+00 | 24 -0.96910 -3.50155e+00
 25  0.15453 -1.30471e+02 | 26 -0.15569  1.01670e+02 | 27 -0.28638 -4.09365e+01
 28 -0.67352 -4.22582e+00 | 29  0.53939  3.70415e-03 | 30  0.62666  6.21576e-03
 31  0.25481  1.06281e+02 | 32  0.16001 -5.13777e+01 | 33 -0.55975  5.20988e+00
 34 -0.29496 -1.01795e+01 | 35  0.59261 -2.99497e-02 | 36 -0.10713 -3.69624e-03
 37 -0.71642 -6.09977e-02 | 38  0.62699 -2.07576e-03 | 39  0.43499 -1.68985e+01
 40 -0.14710  3.22476e+01 | 41  0.00054  4.45862e-01 | 42 -0.24604 -5.98368e+00
42 variables; iteration 40; function evaluation 57; phase 3
Function value 3.0180572e+03; maximum gradient component mag -1.5514e+02
Var    Value     Gradient |Var    Value     Gradient |Var    Value     Gradient
  1 -0.06828 -6.31278e+01 |  2  0.04357 -3.72301e+01 |  3 -0.12233 -2.42148e+01
  4 -0.04604  1.40164e+00 |  5 -0.40284  1.15249e+01 |  6 -0.12280 -3.55493e+01
  7  0.04729 -7.91970e+01 |  8  0.07319 -1.33295e+01 |  9 -0.09083 -1.13121e+01
 10  0.06857 -1.37290e+01 | 11  0.31311  2.26474e+01 | 12  0.61860 -4.79766e-02
 13 -0.18091  1.88431e+00 | 14  0.17214  3.07266e+00 | 15  0.13449  1.68976e+01
 16 -0.15143 -1.69670e+01 | 17  0.38044  6.05553e-01 | 18  0.22114  2.99437e+00
 19  0.01121 -2.78269e+01 | 20 -0.03365  5.45648e+00 | 21  0.10131 -6.31438e-01
 22 -0.23385 -1.00039e+01 | 23  0.05061 -1.55137e+02 | 24 -0.61138 -1.23011e+01
 25  0.25617 -2.69721e+01 | 26 -0.10785  2.33240e+01 | 27 -0.27589  6.62336e+00
 28 -0.62428 -1.00794e+01 | 29  0.52620  3.84385e-03 | 30  0.59886  8.13597e-03
 31  0.05941  3.80731e+00 | 32  0.05099 -9.29709e+00 | 33 -0.25086 -6.81729e+00
 34  0.42343 -7.74921e-01 | 35  0.61374  9.74563e-02 | 36 -0.10075 -5.00491e-04
 37 -0.10742 -1.32827e+00 | 38  0.62019  4.62986e-03 | 39  0.42678  4.85940e+00
 40 -0.17600 -9.00379e+00 | 41  0.16186  1.60099e+01 | 42 -0.13740 -2.61056e+01
42 variables; iteration 60; function evaluation 81; phase 3
Function value 2.9739963e+03; maximum gradient component mag 1.9450e+01
Var    Value     Gradient |Var    Value     Gradient |Var    Value     Gradient
  1 -0.11370  1.94503e+01 |  2  0.03278 -6.03361e-01 |  3 -0.12575 -1.31515e+00
  4 -0.05232  5.67954e-01 |  5 -0.42074 -2.82082e+00 |  6 -0.11673 -3.30466e+00
  7  0.06666  1.23490e+01 |  8  0.04225  4.48015e+00 |  9 -0.07356  2.03091e+00
 10  0.05225  7.62132e-01 | 11  0.11209 -1.35205e+01 | 12  0.39655  8.19871e-02
 13 -0.25784  9.18238e-02 | 14  0.10026  5.27751e-02 | 15  0.22698  5.00755e+00
 16 -0.09712  9.96672e-01 | 17  1.26482 -3.46011e-01 | 18  0.22393  3.42464e-01
 19  0.20990  2.49263e+00 | 20  0.14119 -1.26082e+00 | 21  0.19239  1.88906e-01
 22 -0.13900 -9.56691e-01 | 23  0.32563 -1.05455e+01 | 24 -0.05783  1.91205e+00
 25  0.36926 -6.24606e+00 | 26 -0.06249  5.56479e+00 | 27 -0.16964  7.01033e-01
 28 -0.34075  2.18580e+00 | 29  0.40177 -3.89686e-01 | 30 -0.33907 -2.08035e-02
 31  0.01024  6.23552e+00 | 32  0.01954 -3.19982e+00 | 33 -0.11810  2.64687e+00
 34  0.43936 -3.99060e-01 | 35  0.47678  1.88856e-01 | 36 -0.01789 -8.76914e-05
 37 -0.09913  5.27034e-01 | 38  0.51343  3.28427e-03 | 39  0.44926 -7.11595e-01
 40 -0.16812  1.32218e-01 | 41  0.28403 -1.03437e+00 | 42 -0.02515  2.03834e+00
Maximum number of function evaluations exceeded

 - final statistics:
42 variables; iteration 78; function evaluation 100
Function value 2.9733e+03; maximum gradient component mag -8.2752e+00
Exit code = 3;  converg criter 1.0000e+00
Var    Value     Gradient |Var    Value     Gradient |Var    Value     Gradient
  1 -0.10837  3.27740e+00 |  2  0.01856  1.19525e+00 |  3 -0.11169  1.02338e+00
  4 -0.05724  4.98342e-01 |  5 -0.41250  4.57900e-01 |  6 -0.12072  8.69146e-01
  7  0.07036 -5.20455e-01 |  8  0.02920 -1.08413e+00 |  9 -0.06876 -4.74097e-01
 10  0.04283  8.55767e-02 | 11  0.11807 -6.49529e-01 | 12  0.39255  2.74717e-02
 13 -0.25661  6.50446e-02 | 14  0.10034  4.19812e-02 | 15  0.22513  7.47403e+00
 16 -0.09958 -6.42481e+00 | 17  1.77006 -7.00222e-01 | 18  0.02720 -2.55214e-01
 19  0.19853 -4.52805e+00 | 20  0.13117  1.78110e+00 | 21  0.20140 -3.53668e-01
 22 -0.13198  2.76842e-01 | 23  0.36087  6.44851e+00 | 24 -0.02688 -2.79719e+00
 25  0.53941  1.20517e+00 | 26 -0.00208  1.23236e+00 | 27 -0.17295 -8.27515e+00
 28 -0.34699  4.42381e+00 | 29  0.24604 -4.71851e-01 | 30 -0.04091 -3.34446e+00
 31  0.01869  3.08514e+00 | 32  0.02884 -1.45727e+00 | 33 -0.14037  4.07141e-01
 34  1.31339  9.58260e-02 | 35  0.86724  2.31336e-02 | 36  0.00732  3.61049e-05
 37 -0.10349  3.71380e-01 | 38  0.07467  3.69561e-04 | 39  0.49061  7.50034e-01
 40 -0.15091 -2.92804e-01 | 41  0.26857 -5.28347e-01 | 42 -0.03613  3.42037e-01

Initial statistics: 132 variables; iteration 0; function evaluation 0; phase 4
Function value 2.9732972e+03; maximum gradient component mag -8.3536e+02
Var    Value     Gradient |Var    Value     Gradient |Var    Value     Gradient
  1 -0.10837  3.27740e+00 |  2  0.01856  1.19525e+00 |  3 -0.11169  1.02338e+00
  4 -0.05724  4.98342e-01 |  5 -0.41250  4.57900e-01 |  6 -0.12072  8.69146e-01
  7  0.07036 -5.20455e-01 |  8  0.02920 -1.08413e+00 |  9 -0.06876 -4.74097e-01
 10  0.04283  8.55767e-02 | 11  0.11807 -6.49529e-01 | 12  0.00000 -6.37383e-01
 13  0.00000 -7.23375e-01 | 14  0.00000 -8.20594e-01 | 15  0.00000 -9.30442e-01
 16  0.00000 -1.05457e+00 | 17  0.00000 -1.19539e+00 | 18  0.00000 -1.35601e+00
 19  0.00000 -1.53931e+00 | 20  0.00000 -1.74836e+00 | 21  0.00000 -1.98747e+00
 22  0.00000 -2.25418e+00 | 23  0.00000 -2.55119e+00 | 24  0.00000 -2.88050e+00
 25  0.00000 -3.23800e+00 | 26  0.00000 -3.61233e+00 | 27  0.00000 -3.97823e+00
 28  0.00000 -4.31531e+00 | 29  0.00000 -4.59394e+00 | 30  0.00000 -4.77230e+00
 31  0.00000 -4.83851e+00 | 32  0.00000 -4.86253e+00 | 33  0.00000 -5.03483e+00
 34  0.00000 -5.58556e+00 | 35  0.00000 -6.55421e+00 | 36  0.00000 -7.55441e+00
 37  0.00000 -7.93666e+00 | 38  0.00000 -6.87727e+00 | 39  0.00000 -3.70224e+00
 40  0.00000  1.25695e+00 | 41  0.00000  6.01454e+00 | 42  0.00000  6.09415e+00
 43  0.00000  3.18528e+00 | 44  0.00000 -2.59036e+00 | 45  0.00000 -6.51881e+00
 46  0.00000 -1.12193e+01 | 47  0.00000 -1.93340e+01 | 48  0.00000 -2.22260e+01
 49  0.00000 -3.57371e+01 | 50  0.00000 -7.14215e+01 | 51  0.00000 -9.58266e+01
 52  0.00000 -1.14446e+02 | 53  0.00000 -5.36047e+00 | 54  0.00000  1.14800e+02
 55  0.00000  9.51716e+01 | 56  0.00000 -3.92592e+01 | 57  0.00000  1.07410e+02
 58  0.00000  2.80134e+02 | 59  0.00000  3.47589e+02 | 60  0.00000 -1.02611e+01
 61  0.00000 -5.83324e+02 | 62  0.00000 -4.72531e+01 | 63  0.00000  1.93487e+01
 64  0.00000  2.91702e+01 | 65  0.00000 -1.66039e+01 | 66  0.00000 -2.23362e+01
 67  0.00000  3.51121e+01 | 68  0.00000  3.25788e+01 | 69  0.00000  8.82538e+01
 70  0.00000  3.32491e+01 | 71  0.00000  1.51451e+02 | 72  0.00000  1.57141e+02
 73  0.00000  2.11838e+02 | 74  0.00000  1.67002e+02 | 75  0.00000 -2.75158e+02
 76  0.00000 -8.35362e+02 | 77  0.00000 -1.57927e+02 | 78  0.00000  3.41781e+01
 79  0.00000  1.16926e+02 | 80  0.00000 -5.92512e+01 | 81  0.00000  2.10430e+02
 82  0.00000  3.22245e+02 | 83  0.00000  3.50109e+02 | 84  0.00000  2.28751e+02
 85  0.00000  1.68752e+02 | 86  0.00000 -2.01861e+02 | 87  0.00000 -3.62758e+02
 88  0.00000 -4.98319e+01 | 89  0.00000 -1.87654e+02 | 90  0.00000 -4.88491e+02
 91  0.00000  7.40295e+00 | 92  0.00000  2.13288e+01 | 93  0.00000  7.24977e+00
 94  0.00000  9.72196e+01 | 95  0.00000  1.98686e+02 | 96  0.00000  1.12481e+02
 97  0.00000  2.65020e+01 | 98  0.00000 -7.85717e+01 | 99  0.00000  3.98800e+01
100  0.00000 -8.66064e+00 |101  0.00000 -1.24279e+01 |102  0.39255  2.74717e-02
103 -0.25661  6.50446e-02 |104  0.10034  4.19812e-02 |105  0.22513  7.47403e+00
106 -0.09958 -6.42481e+00 |107  0.22994  7.00222e-01 |108  0.02720 -2.55214e-01
109  0.19853 -4.52805e+00 |110  0.13117  1.78110e+00 |111  0.20140 -3.53668e-01
112 -0.13198  2.76842e-01 |113  0.36087  6.44851e+00 |114 -0.02688 -2.79719e+00
115  0.53941  1.20517e+00 |116 -0.00208  1.23236e+00 |117 -0.17295 -8.27515e+00
118 -0.34699  4.42381e+00 |119  0.24604 -4.71851e-01 |120 -0.04091 -3.34446e+00
121  0.01869  3.08514e+00 |122  0.02884 -1.45727e+00 |123 -0.14037  4.07141e-01
124  0.68661 -9.58260e-02 |125  0.86724  2.31336e-02 |126  0.00732  3.61049e-05
127 -0.10349  3.71380e-01 |128  0.07467  3.69561e-04 |129  0.49061  7.50034e-01
130 -0.15091 -2.92804e-01 |131  0.26857 -5.28347e-01 |132 -0.03613  3.42037e-01

Intermediate statistics: 132 variables; iteration 20; function evaluation 29; phase 4
Function value 2.4879918e+03; maximum gradient component mag 2.9163e+02
Var    Value     Gradient |Var    Value     Gradient |Var    Value     Gradient
  1 -0.10524 -4.22222e+01 |  2 -0.00901  7.25306e+01 |  3 -0.05358  9.62547e+01
  4  0.02028  8.34103e+01 |  5 -0.40451  4.34226e+01 |  6 -0.07362  1.16022e+01
  7  0.09234  2.22043e+02 |  8 -0.02119  7.71019e+01 |  9  0.12578  2.29656e+01
 10 -0.05971  2.45935e+01 | 11 -0.03537  6.45121e+01 | 12  0.01537  8.37655e-01
 13  0.01724  9.33106e-01 | 14  0.01934  1.03872e+00 | 15  0.02167  1.15532e+00
 16  0.02428  1.28451e+00 | 17  0.02722  1.42874e+00 | 18  0.03060  1.59114e+00
 19  0.03451  1.77298e+00 | 20  0.03909  1.97409e+00 | 21  0.04446  2.19090e+00
 22  0.05070  2.41582e+00 | 23  0.05794  2.63880e+00 | 24  0.06653  2.85410e+00
 25  0.07652  3.04106e+00 | 26  0.08760  3.17536e+00 | 27  0.09867  3.24883e+00
 28  0.10793  3.30873e+00 | 29  0.11272  3.46110e+00 | 30  0.11076  3.78824e+00
 31  0.10208  4.17150e+00 | 32  0.09065  4.41734e+00 | 33  0.08236  4.53674e+00
 34  0.08270  4.71613e+00 | 35  0.09532  4.99004e+00 | 36  0.11784  4.86265e+00
 37  0.13659  3.74822e+00 | 38  0.12140  2.52435e+00 | 39  0.05914  8.37146e-01
 40 -0.01545 -2.98566e+00 | 41 -0.06960 -6.67908e+00 | 42 -0.02261 -5.46006e+00
 43  0.01298 -3.48445e+00 | 44  0.10786 -3.99551e-02 | 45  0.11184  2.88665e+00
 46  0.07220  2.03701e+00 | 47  0.15994 -6.95600e+00 | 48  0.00002 -1.09305e+01
 49 -0.11544 -1.55349e+01 | 50  0.17390 -1.53725e+01 | 51 -0.19752 -1.84591e+01
 52  0.21542  5.77298e+01 | 53 -0.32278 -2.68884e+01 | 54  0.01743 -3.14422e+01
 55 -0.04113 -1.91437e+01 | 56  0.13626 -2.12125e+01 | 57  0.01733 -2.29822e-01
 58 -0.03869  9.44169e+00 | 59 -0.12654  5.18165e-01 | 60 -0.32703 -2.58745e+01
 61  0.24492  2.24309e+02 | 62 -0.15723 -7.88559e+00 | 63  0.08311  2.82822e+01
 64  0.03870  6.69668e+00 | 65  0.06746  1.46388e+01 | 66  0.06925  3.32066e+01
 67  0.01301  3.13276e+01 | 68  0.07037  4.97259e+01 | 69 -0.07371  5.92026e+00
 70  0.07670  5.40161e+00 | 71 -0.12676 -1.85323e+01 | 72 -0.00361 -1.68400e+01
 73 -0.13055 -1.94980e+01 | 74 -0.11117 -2.53222e+01 | 75 -0.13173 -1.40306e+01
 76  0.32105  2.91627e+02 | 77 -0.25376 -1.92925e+01 | 78  0.05947  2.96338e+01
 79 -0.03728  2.94113e+00 | 80  0.11007 -2.88336e+01 | 81 -0.07490 -2.17300e+01
 82 -0.22281 -2.16835e+01 | 83 -0.25225 -1.55042e+01 | 84 -0.03853  6.57532e+00
 85 -0.09980 -1.04118e+01 | 86  0.11744 -5.34107e+01 | 87  0.14227 -2.02496e+02
 88  0.01118 -2.58947e+01 | 89  0.10009  2.35099e+01 | 90  0.18764 -1.19558e+02
 91 -0.04568 -2.59705e+00 | 92  0.05131  1.30019e+01 | 93  0.07350  5.43278e+00
 94  0.00892  1.16638e+01 | 95 -0.14231  1.44826e+00 | 96 -0.01291  3.33202e+01
 97  0.01641  3.13707e+01 | 98  0.07211  4.53640e+00 | 99 -0.05557 -8.47498e+00
100  0.05302  8.48736e-01 |101  0.13397  2.90356e+00 |102  0.34047  1.61117e+00
103 -0.25497  6.18062e-01 |104 -0.05325  3.88373e+00 |105  0.15780 -5.09593e+01
106 -0.08804  1.00527e+02 |107  0.16332  2.82228e+00 |108  0.07593 -7.65896e-01
109  0.08659 -3.54889e+01 |110  0.09998  4.64359e+01 |111  0.21648 -1.41996e-02
112 -0.10548 -8.90011e-01 |113  0.32118 -2.13998e+01 |114 -0.01425  2.25245e+01
115  0.41945 -1.46834e+00 |116  0.02410  2.62833e+01 |117 -0.17427  1.28477e+02
118 -0.42140 -5.39558e+01 |119  0.07474  1.64367e+01 |120 -0.06100  1.26141e+01
121  0.00344 -6.06084e-01 |122 -0.00185 -1.16896e-01 |123 -0.14318 -3.76941e-01
124  0.67194  1.02341e+00 |125  0.86732 -2.04832e-02 |126  0.00732  3.63028e-05
127 -0.08791 -8.07656e+00 |128  0.07466  3.98583e-04 |129  0.48853 -7.59060e-01
130 -0.14302  3.81691e+00 |131  0.20577  4.51904e+00 |132 -0.05649  2.13241e+00
132 variables; iteration 40; function evaluation 50; phase 4
Function value 2.4677229e+03; maximum gradient component mag 2.9094e+02
Var    Value     Gradient |Var    Value     Gradient |Var    Value     Gradient
  1 -0.10427 -1.93482e+01 |  2 -0.02092  3.49790e+01 |  3 -0.04489  4.86223e+01
  4 -0.00657  3.62915e+01 |  5 -0.39231  2.20238e+01 |  6 -0.05608  2.85114e+01
  7  0.11558  1.79928e+02 |  8 -0.12253  4.63421e+01 |  9  0.17319  7.43166e+00
 10 -0.16210  7.73485e+00 | 11 -0.04379  8.74025e+01 | 12  0.01071  3.71463e-01
 13  0.01219  4.22278e-01 | 14  0.01386  4.79704e-01 | 15  0.01573  5.44352e-01
 16  0.01782  6.17085e-01 | 17  0.02014  6.99098e-01 | 18  0.02274  7.91875e-01
 19  0.02565  8.95766e-01 | 20  0.02889  1.01089e+00 | 21  0.03256  1.13721e+00
 22  0.03675  1.27234e+00 | 23  0.04167  1.41238e+00 | 24  0.04778  1.55710e+00
 25  0.05567  1.71677e+00 | 26  0.06725  1.96469e+00 | 27  0.08845  2.46855e+00
 28  0.12889  2.93447e+00 | 29  0.15989  2.27513e+00 | 30  0.12035  2.27496e+00
 31  0.07741  1.30415e+00 | 32  0.05709  5.38651e-01 | 33  0.04560 -7.00127e-02
 34  0.03939 -7.09752e-01 | 35  0.03624 -1.52832e+00 | 36  0.02956 -2.66539e+00
 37  0.17063 -7.29111e+00 | 38  0.10347 -3.93471e+00 | 39  0.00857 -4.51126e+00
 40 -0.00495 -4.27792e+00 | 41 -0.02826 -4.79308e+00 | 42 -0.01284 -1.68328e+01
 43 -0.00439 -1.73928e+01 | 44  0.14628 -2.02379e+01 | 45  0.00496 -1.68754e+01
 46  0.03979 -1.11276e+01 | 47  0.19930 -5.83182e-01 | 48  0.00148 -1.59963e+01
 49 -0.11736 -2.49181e+01 | 50  0.17495 -3.00551e+01 | 51 -0.07359 -2.07181e+01
 52  0.19806 -1.46523e+01 | 53 -0.25054 -3.23180e+01 | 54  0.07792  3.29615e+01
 55 -0.04654 -7.31218e+00 | 56  0.13740  6.12514e+00 | 57  0.00810 -2.50835e+00
 58 -0.01916  2.39630e+01 | 59 -0.10949  6.24684e+00 | 60 -0.25970 -2.92161e+01
 61  0.23415  1.79417e+02 | 62 -0.16488 -1.93874e+01 | 63  0.06397  5.68785e+00
 64  0.03029 -1.11573e+00 | 65  0.03971 -8.75443e+00 | 66  0.04728  1.66815e+01
 67 -0.00272  2.02864e+01 | 68  0.03407  1.56810e+01 | 69 -0.08287 -5.09605e+00
 70  0.04866 -1.24041e+01 | 71 -0.10886 -1.88514e+01 | 72 -0.00693 -8.96388e+00
 73 -0.14538 -2.82399e+01 | 74 -0.12590 -3.52902e+01 | 75 -0.14762 -2.59140e+01
 76  0.31553  2.90941e+02 | 77 -0.21795 -2.49822e+01 | 78  0.04821  6.60833e+00
 79 -0.06330 -2.76404e+01 | 80  0.09121 -8.37197e+01 | 81 -0.04359 -2.56219e+00
 82 -0.21206 -2.70054e+01 | 83 -0.23761 -1.65414e+01 | 84 -0.04539  5.21987e+00
 85 -0.09085 -1.56052e+01 | 86  0.10484 -5.90000e+01 | 87  0.14095 -1.93279e+02
 88  0.00295 -3.78173e+01 | 89  0.09831  3.04221e+01 | 90  0.18472 -1.02286e+02
 91 -0.03326 -9.38002e-01 | 92  0.05019  1.52896e+01 | 93  0.06895 -3.66013e+00
 94 -0.01361 -1.82183e+01 | 95 -0.14685 -1.02685e+01 | 96 -0.03157  1.12544e+01
 97 -0.00968 -2.66305e+00 | 98  0.06298 -3.09895e+00 | 99 -0.04941 -1.43808e+01
100  0.06255 -7.93252e+00 |101  0.14240 -8.42314e+00 |102 -0.53660 -2.70581e+00
103 -0.30391 -2.92990e+00 |104 -0.16885 -7.19789e+00 |105  0.14218 -4.05060e+01
106 -0.09924  7.89188e+01 |107 -0.01149  1.74318e+00 |108 -0.17294 -6.27208e+00
109  0.05211 -3.42351e+01 |110  0.06975  3.93784e+01 |111  0.44851 -1.86781e+00
112  0.00834  8.24412e+00 |113  0.32449 -2.16513e+01 |114 -0.00582  2.20449e+01
115  0.30955 -9.72373e-01 |116 -0.02362  1.71738e+01 |117 -0.12825  4.61378e+01
118 -0.32983 -3.00541e+01 |119 -0.16640 -3.20171e+00 |120 -0.05235  1.72809e+00
121  0.00357  2.42918e+01 |122 -0.01573 -1.13699e+01 |123 -0.13759  6.21060e+00
124  0.30818  3.08342e+00 |125  0.86930 -2.20449e-04 |126  0.00728  2.78191e-02
127 -0.09910 -7.65598e+00 |128  0.07422  2.47967e-01 |129  0.47200  8.07180e+00
130 -0.17068 -1.81711e+01 |131 -0.23903 -2.30593e+00 |132 -0.82151 -2.51598e-01
132 variables; iteration 60; function evaluation 71; phase 4
Function value 2.4426316e+03; maximum gradient component mag 1.3237e+02
Var    Value     Gradient |Var    Value     Gradient |Var    Value     Gradient
  1 -0.13052  4.18458e+01 |  2 -0.02175 -3.60545e+01 |  3 -0.06249 -1.85024e+01
  4 -0.00777 -8.11815e+00 |  5 -0.38748  8.87568e+00 |  6 -0.06567 -1.30043e+01
  7  0.10747  3.05562e+01 |  8 -0.11391  3.74326e+00 |  9  0.16086 -2.50815e+01
 10 -0.15575 -2.90742e+00 | 11 -0.05521  6.34162e+00 | 12 -0.00068 -6.70729e-01
 13 -0.00064 -7.48037e-01 | 14 -0.00056 -8.32652e-01 | 15 -0.00047 -9.24432e-01
 16 -0.00036 -1.02389e+00 | 17 -0.00028 -1.13302e+00 | 18 -0.00030 -1.25616e+00
 19 -0.00054 -1.39787e+00 | 20 -0.00113 -1.56349e+00 | 21 -0.00220 -1.75867e+00
 22 -0.00382 -1.99029e+00 | 23 -0.00601 -2.27349e+00 | 24 -0.00893 -2.63865e+00
 25 -0.01257 -3.07810e+00 | 26 -0.01548 -3.46066e+00 | 27 -0.01371 -3.48391e+00
 28 -0.02054 -4.01737e+00 | 29  0.24420 -3.38275e+00 | 30 -0.01364 -3.34951e+00
 31 -0.00833 -2.66152e+00 | 32 -0.00477 -1.97353e+00 | 33 -0.00035 -1.19266e+00
 34  0.00438 -4.74711e-01 | 35  0.01105  2.37347e-01 | 36  0.00918  1.59131e-01
 37  0.20556  1.41087e+01 | 38  0.05040  4.25882e+00 | 39  0.01444  1.96028e+00
 40  0.00696  2.40039e+00 | 41 -0.00064  2.41653e+00 | 42  0.00211 -9.21563e+00
 43  0.01210 -1.15019e+01 | 44  0.08599 -1.41841e+01 | 45  0.03117 -1.54733e+01
 46  0.03420 -1.30051e+01 | 47  0.10870 -7.44777e+00 | 48  0.07492 -9.08724e-02
 49 -0.01076 -7.19320e+00 | 50  0.13990  1.19412e+01 | 51 -0.02534 -9.35080e+00
 52  0.16106  6.26988e+00 | 53 -0.05413 -1.29477e+01 | 54  0.01330  8.32681e+00
 55 -0.01959  9.16328e-02 | 56  0.09776 -2.31304e+01 | 57  0.01162  1.68417e+00
 58 -0.08219 -1.36750e+00 | 59 -0.12123  1.17566e+01 | 60 -0.16745 -9.25609e+00
 61  0.19863  2.91909e+01 | 62 -0.08922 -3.59079e+00 | 63  0.02451 -3.33656e+01
 64  0.01063 -2.14341e+01 | 65  0.01852 -3.37427e+01 | 66  0.01461 -3.97458e+01
 67 -0.04813 -2.73396e+01 | 68 -0.00279 -4.12127e+01 | 69 -0.10223 -1.37890e+01
 70  0.02291 -1.75104e+01 | 71 -0.08900 -1.28397e+00 | 72 -0.04252 -1.71791e+00
 73 -0.07616  1.15424e+01 | 74 -0.08897 -3.82062e+00 | 75 -0.17652 -2.49573e+01
 76  0.29487  1.32373e+02 | 77 -0.15849 -1.55299e+01 | 78  0.01160 -3.59670e+01
 79 -0.04104 -9.76387e+00 | 80  0.08710 -6.81818e+01 | 81 -0.05428 -3.26673e+00
 82 -0.14071  1.50755e+01 | 83 -0.17887  1.39053e+01 | 84 -0.06951 -8.92383e+00
 85 -0.09825 -9.68278e+00 | 86  0.09284 -1.87841e+01 | 87  0.14223 -9.17673e+01
 88 -0.00289 -1.99809e+01 | 89  0.05278 -1.47744e+01 | 90  0.18327 -4.90069e+01
 91 -0.07086 -1.80529e+01 | 92  0.02615 -1.18400e+01 | 93  0.05659 -1.18860e+01
 94 -0.01780 -8.07847e+00 | 95 -0.13358  1.29653e-01 | 96 -0.05322 -7.99698e+00
 97 -0.03077 -2.93789e+01 | 98  0.07423  3.20584e+01 | 99 -0.04469 -8.35013e+00
100  0.05395 -7.77432e+00 |101  0.14374 -6.04914e+00 |102 -1.05642  2.20223e-01
103 -0.31112 -2.93682e+00 |104 -0.13688 -3.51772e+00 |105  0.17261  5.47121e+00
106 -0.10370  8.87367e-01 |107  0.08909 -1.08517e+00 |108 -0.02338 -1.85593e-01
109  0.08436 -2.03357e+01 |110  0.07851  2.00390e+01 |111  0.61366  1.07464e+00
112  0.03354 -4.26075e+00 |113  0.34837 -1.81843e+01 |114  0.00326  2.31416e+01
115  0.26170 -1.72147e+01 |116 -0.05541  3.33961e+01 |117 -0.16324 -2.57355e+01
118 -0.35175  1.25501e+01 |119  0.01743  7.15292e+00 |120 -0.05323 -2.00509e+01
121 -0.00221 -6.78982e+00 |122 -0.00691  3.59575e+00 |123 -0.14057 -1.81516e+00
124  0.15938  4.22733e+00 |125  0.86945  1.27653e-02 |126 -0.16219  1.82752e+00
127 -0.11044 -6.97455e+00 |128 -0.19766  6.96482e-02 |129  0.43756  2.97871e+00
130 -0.18370 -1.01586e+01 |131 -0.16022  7.22292e+00 |132 -0.48978 -3.78085e+00
132 variables; iteration 80; function evaluation 91; phase 4
Function value 2.4346775e+03; maximum gradient component mag 4.3465e+01
Var    Value     Gradient |Var    Value     Gradient |Var    Value     Gradient
  1 -0.15376  7.49348e+00 |  2  0.00064  5.33357e+00 |  3 -0.06438  1.55854e+01
  4 -0.00843  2.77188e+01 |  5 -0.40566  2.85354e+00 |  6 -0.04400 -8.43786e+00
  7  0.10254  8.17722e+00 |  8 -0.11802  7.41505e+00 |  9  0.18705  1.24000e+01
 10 -0.13724  2.20976e+00 | 11 -0.07455  4.34647e+01 | 12  0.00283 -3.80215e-01
 13  0.00317 -4.32160e-01 | 14  0.00354 -4.90107e-01 | 15  0.00394 -5.54425e-01
 16  0.00435 -6.25967e-01 | 17  0.00475 -7.06503e-01 | 18  0.00508 -7.98675e-01
 19  0.00528 -9.04960e-01 | 20  0.00524 -1.02840e+00 | 21  0.00489 -1.17327e+00
 22  0.00414 -1.34507e+00 | 23  0.00309 -1.55064e+00 | 24  0.00191 -1.79514e+00
 25  0.00092 -2.05285e+00 | 26  0.00053 -2.27270e+00 | 27 -0.00056 -2.50786e+00
 28 -0.00916 -3.17970e+00 | 29  0.24167 -2.92137e+00 | 30 -0.01153 -3.29736e+00
 31 -0.00745 -2.86371e+00 | 32 -0.00747 -2.65704e+00 | 33 -0.00453 -2.28210e+00
 34  0.00111 -1.86752e+00 | 35  0.00911 -1.52024e+00 | 36  0.01767 -1.26642e+00
 37  0.16158  2.87548e+00 | 38  0.06670  1.75739e+00 | 39  0.01696 -5.62685e-02
 40  0.00278  4.13050e-01 | 41 -0.00568  9.75993e-01 | 42 -0.02417 -9.08582e+00
 43 -0.01638 -1.00027e+01 | 44  0.11960 -6.86151e+00 | 45  0.02147 -1.06918e+01
 46  0.03492 -9.59235e+00 | 47  0.11476 -1.04201e+01 | 48  0.04057 -8.23433e+00
 49  0.00610 -8.06182e+00 | 50  0.13102 -6.69803e+00 | 51 -0.02350 -9.31344e+00
 52  0.15814  9.25910e+00 | 53 -0.01490 -1.94873e+00 | 54  0.00346  7.27767e+00
 55 -0.02485 -3.93163e-01 | 56  0.10191 -1.71485e+01 | 57  0.00472  5.94445e-01
 58 -0.07002  5.72105e+00 | 59 -0.12592  1.23569e+01 | 60 -0.15628 -3.10463e+00
 61  0.20058  3.62661e+01 | 62 -0.10052 -2.79930e+00 | 63  0.03486 -1.84620e+01
 64  0.00193 -1.42437e+01 | 65  0.03301  1.07135e+00 | 66  0.01930 -7.93520e+00
 67 -0.03537 -1.72089e+00 | 68  0.01185  2.79815e+00 | 69 -0.08143  4.87739e+00
 70  0.02466 -3.13905e+00 | 71 -0.08189  5.19721e+00 | 72 -0.04106 -1.85980e+00
 73 -0.10324 -1.06084e+00 | 74 -0.08691 -3.17748e+00 | 75 -0.15613 -2.04542e+01
 76  0.28805  3.44415e+01 | 77 -0.17509 -1.56535e+01 | 78  0.02414 -1.81213e+01
 79 -0.05047 -9.22005e+00 | 80  0.10050 -1.54660e+01 | 81 -0.05319  2.53734e-01
 82 -0.15157  8.96776e+00 | 83 -0.18514  1.05640e+01 | 84 -0.05799  2.59269e+00
 85 -0.09225 -6.74293e+00 | 86  0.09134 -2.81266e+01 | 87  0.16697  5.02965e+00
 88  0.00118 -1.43086e+01 | 89  0.04384 -2.89119e+01 | 90  0.19803 -2.99953e+00
 91 -0.07277 -1.77817e+01 | 92  0.02967 -1.15535e+01 | 93  0.06601 -2.20610e+00
 94 -0.00862 -9.10987e-01 | 95 -0.12828  3.71223e+00 | 96 -0.05192 -6.56967e+00
 97 -0.01978 -1.08095e+01 | 98  0.05299 -1.14016e+01 | 99 -0.05745 -9.53998e+00
100  0.03567 -7.41746e+00 |101  0.08713 -1.29202e+01 |102 -0.72262 -1.36919e+00
103 -0.34281 -6.05670e+00 |104 -0.09502 -3.54963e-01 |105  0.13748 -6.08023e+00
106 -0.12275  1.22062e+01 |107  0.08898 -9.63969e-01 |108  0.00225  3.98671e-01
109  0.04583 -9.57492e+00 |110  0.04462  1.01333e+01 |111  0.57856  5.13377e-01
112  0.03675 -4.33341e-01 |113  0.33508 -3.09194e+00 |114 -0.01153  5.64981e+00
115  0.25138 -2.72966e+00 |116 -0.05533  1.11249e+01 |117 -0.14597 -1.68941e+01
118 -0.33072  8.75375e+00 |119 -0.08328  1.17038e+00 |120 -0.05263 -1.68381e+01
121 -0.00291 -2.69808e+00 |122  0.00028  5.65908e+00 |123 -0.13448  1.39942e+00
124  0.05711 -2.69951e-01 |125  0.85957  1.34200e-02 |126 -0.21191  1.69658e+00
127 -0.10234 -6.47656e+00 |128  0.01636  6.37793e+00 |129  0.44452 -2.08686e+00
130 -0.16725  1.15025e+00 |131 -0.15779 -6.29525e+00 |132 -0.42154  1.72420e+00
132 variables; iteration 100; function evaluation 112; phase 4
Function value 2.4301695e+03; maximum gradient component mag 2.8127e+01
Var    Value     Gradient |Var    Value     Gradient |Var    Value     Gradient
  1 -0.19748  2.13567e+01 |  2  0.00825  4.39166e+00 |  3 -0.06470  9.23078e+00
  4 -0.01241  1.64927e+01 |  5 -0.40194  7.73432e+00 |  6 -0.01010 -6.51405e+00
  7  0.10621 -5.73823e+00 |  8 -0.13722  3.10629e+00 |  9  0.20026  1.06239e+01
 10 -0.15682 -3.73108e-01 | 11 -0.11752  2.62336e+00 | 12  0.00703  7.15913e-02
 13  0.00792  8.39474e-02 | 14  0.00889  9.63510e-02 | 15  0.00993  1.07269e-01
 16  0.01103  1.15003e-01 | 17  0.01218  1.18572e-01 | 18  0.01340  1.16980e-01
 19  0.01466  1.07529e-01 | 20  0.01592  8.65507e-02 | 21  0.01718  5.45217e-02
 22  0.01852  1.88564e-02 | 23  0.02018 -7.53056e-03 | 24  0.02238 -1.82662e-02
 25  0.02456 -5.03512e-02 | 26  0.02539 -1.72488e-01 | 27  0.02619 -2.63928e-01
 28  0.03315  8.36915e-02 | 29  0.17114  4.50377e+00 | 30  0.02889 -1.07782e-01
 31  0.01862 -6.11585e-01 | 32  0.01344 -7.87384e-01 | 33  0.00694 -1.17587e+00
 34  0.00257 -1.65173e+00 | 35  0.00496 -1.93740e+00 | 36  0.00650 -2.43212e+00
 37  0.14700  3.24066e-01 | 38 -0.00302 -3.20907e+00 | 39  0.00834 -1.33623e+00
 40 -0.00161  2.02649e-02 | 41 -0.00369  1.88515e+00 | 42 -0.00839  1.67378e+00
 43  0.02360  3.05455e+00 | 44  0.07921  2.80305e+00 | 45  0.05830  3.52953e-01
 46  0.04150 -9.77096e-01 | 47  0.09266 -3.98828e+00 | 48  0.04359 -1.05537e+00
 49  0.01405  7.59493e-01 | 50  0.12441  5.69439e-01 | 51  0.00051 -1.01330e+00
 52  0.14267 -3.37145e+00 | 53  0.01754  8.12238e+00 | 54 -0.02148  4.95746e+00
 55 -0.01969  8.14134e+00 | 56  0.10343 -1.42428e+00 | 57 -0.00353  3.47300e+00
 58 -0.07117  1.04017e+01 | 59 -0.13264  1.53813e+01 | 60 -0.18317 -3.58530e+00
 61  0.20028  1.71846e+01 | 62 -0.12237 -2.54247e+00 | 63  0.03276 -1.53575e+01
 64  0.01941  4.04682e+00 | 65  0.02039 -9.44894e+00 | 66  0.02890 -4.64642e-01
 67 -0.03145  4.00415e+00 | 68  0.00999 -1.75679e+00 | 69 -0.08785  6.99592e+00
 70  0.02691  8.14794e-01 | 71 -0.10442  1.88865e+00 | 72 -0.04342  4.19774e+00
 73 -0.10535  6.47785e+00 | 74 -0.10463 -5.87328e-01 | 75 -0.12588 -8.76868e+00
 76  0.28404  2.81267e+01 | 77 -0.17836 -8.34474e+00 | 78  0.02282 -9.92935e+00
 79 -0.05521 -4.22035e+00 | 80  0.10242  4.18358e+00 | 81 -0.05340  8.68166e+00
 82 -0.16517  9.63034e+00 | 83 -0.20776  9.54743e+00 | 84 -0.06919  2.38483e+00
 85 -0.08850  4.06642e+00 | 86  0.09397 -5.14162e+00 | 87  0.15927 -1.49372e+01
 88 -0.00425 -1.14067e+01 | 89  0.04668 -1.47988e+01 | 90  0.19601  9.73011e+00
 91 -0.05158  6.06386e+00 | 92  0.03558  9.53188e+00 | 93  0.07001  1.33293e+01
 94 -0.01337 -1.00881e+00 | 95 -0.14859  1.57705e+00 | 96 -0.05139 -1.94414e+00
 97 -0.01680 -4.13609e+00 | 98  0.06021 -1.10236e+00 | 99 -0.03815  5.16698e+00
100  0.04444  2.64258e-01 |101  0.12022  1.55208e+00 |102 -0.58985  4.65277e-01
103 -0.29253 -1.52187e-01 |104 -0.12242 -5.35438e-01 |105  0.13285  3.44415e+00
106 -0.12634  1.09098e-01 |107  0.15064  5.76515e-01 |108  0.09512  8.56645e-01
109 -0.00559 -1.31562e+01 |110 -0.00113  1.11588e+01 |111  0.56649  2.01160e+00
112  0.03419 -6.85431e+00 |113  0.32862 -7.15922e+00 |114 -0.01323  7.98350e+00
115  0.21425 -5.75115e+00 |116 -0.07036  1.02281e+01 |117 -0.14782  5.20809e+00
118 -0.34330 -6.16693e+00 |119 -0.07618  1.38272e+00 |120 -0.05583 -1.22167e+00
121 -0.00672 -1.93450e+00 |122 -0.01236 -1.64034e+00 |123 -0.14279 -2.15861e+00
124  0.09036  1.74487e+00 |125  0.83269  1.19907e-02 |126 -0.17951  4.33053e-01
127 -0.08363  5.50558e+00 |128 -0.09865 -3.93400e-01 |129  0.47557 -3.43177e+00
130 -0.14376  8.48695e+00 |131 -0.16081 -6.01448e+00 |132 -0.42648  1.59814e+00
132 variables; iteration 120; function evaluation 137; phase 4
Function value 2.4268829e+03; maximum gradient component mag -1.8758e+01
Var    Value     Gradient |Var    Value     Gradient |Var    Value     Gradient
  1 -0.23389 -1.87578e+01 |  2  0.01908 -3.13037e+00 |  3 -0.07284 -2.06919e+00
  4 -0.00820 -2.17009e-01 |  5 -0.41469 -6.70310e-01 |  6  0.02679 -4.18616e+00
  7  0.10590 -4.45200e+00 |  8 -0.13493 -4.35694e-01 |  9  0.19092 -1.27419e+00
 10 -0.14364 -4.62019e-01 | 11 -0.15227  1.34978e+01 | 12  0.00997  3.24888e-01
 13  0.01140  3.85788e-01 | 14  0.01235  3.99601e-01 | 15  0.01291  3.74497e-01
 16  0.01340  3.35912e-01 | 17  0.01430  3.21861e-01 | 18  0.01606  3.64338e-01
 19  0.01878  4.64800e-01 | 20  0.02165  5.58134e-01 | 21  0.02271  4.96232e-01
 22  0.02015  1.61131e-01 | 23  0.01649 -2.54760e-01 | 24  0.01737 -3.41397e-01
 25  0.02284 -1.08889e-01 | 26  0.02934  1.98150e-01 | 27  0.03758  6.57036e-01
 28  0.05404  1.68794e+00 | 29  0.07470  3.05343e+00 | 30  0.04440  1.61129e+00
 31  0.03421  1.39050e+00 | 32  0.02516  1.21931e+00 | 33  0.01941  1.12822e+00
 34  0.00893  3.02080e-01 | 35  0.02716  1.45314e+00 | 36  0.05900  3.12263e+00
 37  0.07520  3.62169e+00 | 38  0.06282  3.34947e+00 | 39  0.00202  1.80899e-01
 40 -0.00134  1.96140e+00 | 41 -0.01782  1.88944e+00 | 42 -0.00780  1.85289e+00
 43  0.01045  1.63172e+00 | 44  0.06088  2.24686e+00 | 45  0.04806  1.36109e+00
 46  0.05667  3.70448e+00 | 47  0.09575  4.32475e+00 | 48  0.03964  2.66118e+00
 49  0.02066  2.57980e+00 | 50  0.11204  2.42447e+00 | 51  0.02543  1.94487e+00
 52  0.13960 -6.56150e+00 | 53  0.00627  3.23890e-01 | 54 -0.01805 -1.24065e+00
 55 -0.03254  6.75104e-01 | 56  0.10677  5.52478e+00 | 57 -0.00141  3.78586e+00
 58 -0.07635  2.52091e+00 | 59 -0.15357  3.00701e+00 | 60 -0.17164 -3.72661e+00
 61  0.20069 -9.08660e+00 | 62 -0.11704 -1.70296e+00 | 63  0.04809  3.94313e+00
 64  0.01001 -1.61760e-01 | 65  0.03200  1.51456e+00 | 66  0.03040  8.63951e-01
 67 -0.03784 -8.99412e-01 | 68  0.01932  1.11615e+00 | 69 -0.10455  3.32350e-02
 70  0.02903 -4.40097e-01 | 71 -0.10537  4.40859e-01 | 72 -0.04671  2.94296e-01
 73 -0.11744  1.47026e+00 | 74 -0.10256  1.09582e+00 | 75 -0.09603 -4.33731e+00
 76  0.27831 -1.78455e+01 | 77 -0.15860 -6.17181e+00 | 78  0.02936  1.22689e+00
 79 -0.04669  2.48044e+00 | 80  0.10150  2.17783e+00 | 81 -0.05958  1.63111e+00
 82 -0.17803  1.84527e+00 | 83 -0.22146  3.09370e+00 | 84 -0.06850  2.82353e+00
 85 -0.09435  8.67969e-01 | 86  0.09338 -4.12504e-01 | 87  0.15762 -2.84736e+00
 88  0.00260 -3.71833e-01 | 89  0.05529 -2.61205e-01 | 90  0.19229 -3.00939e+00
 91 -0.06096 -2.72634e+00 | 92  0.03250  2.88013e-01 | 93  0.06612  1.53719e+00
 94 -0.00861  9.48162e-01 | 95 -0.14975  1.97874e-01 | 96 -0.04678  8.98676e-01
 97 -0.01064  8.19468e-01 | 98  0.06530  1.68332e+00 | 99 -0.04333 -8.51415e-01
100  0.05087  8.72586e-01 |101  0.12360  8.51834e-02 |102 -0.66655  6.70693e-02
103 -0.28989 -5.97929e-01 |104 -0.12540 -5.81033e-01 |105  0.11124  7.98995e-01
106 -0.14114 -1.36093e+00 |107  0.08180  9.11231e-01 |108  0.02016 -3.63699e-01
109 -0.03472  1.28913e+00 |110 -0.03597 -1.46155e+00 |111  0.29886 -4.07501e-01
112 -0.03472  5.51342e+00 |113  0.31925  3.53192e-01 |114 -0.02375 -1.14328e+00
115  0.18448  7.01590e-01 |116 -0.08846 -7.45097e-01 |117 -0.14107 -2.63224e-01
118 -0.32670  1.36509e+00 |119 -0.08656  2.98977e-01 |120 -0.05935 -1.07073e+00
121 -0.00677 -6.89286e-01 |122 -0.00942  3.62717e-02 |123 -0.14097 -5.37708e-01
124  0.04009 -2.90880e+00 |125  0.77176  8.09703e-03 |126 -0.14388 -3.21559e+00
127 -0.08996  4.40581e-01 |128 -0.15221 -9.93133e-01 |129  0.48848  1.03806e+00
130 -0.14163 -5.39789e-02 |131 -0.14002 -3.77897e-01 |132 -0.39959 -4.36993e-01
132 variables; iteration 140; function evaluation 162; phase 4
Function value 2.4262517e+03; maximum gradient component mag -5.5608e+00
Var    Value     Gradient |Var    Value     Gradient |Var    Value     Gradient
  1 -0.24158 -5.56077e+00 |  2  0.02169  6.02029e-01 |  3 -0.07244  6.53345e-01
  4 -0.00934 -2.89297e-01 |  5 -0.41483  1.87682e-02 |  6  0.03667 -5.06277e-01
  7  0.10650  1.38520e+00 |  8 -0.13834  8.63164e-01 |  9  0.19411 -4.38464e-03
 10 -0.14572 -2.12667e-01 | 11 -0.15708  4.98474e+00 | 12  0.01106  2.83279e-01
 13  0.00875  2.38881e-02 | 14  0.00838 -8.04035e-02 | 15  0.00650 -3.12146e-01
 16  0.00006 -9.11757e-01 | 17  0.01139 -1.06278e-01 | 18  0.01701  2.16710e-01
 19  0.01585 -8.74842e-04 | 20  0.02178  2.93695e-01 | 21  0.01732 -1.94036e-01
 22  0.01331 -6.45295e-01 | 23  0.02969  3.09464e-01 | 24  0.03412  3.95570e-01
 25  0.03582  2.97372e-01 | 26  0.03382 -4.29613e-03 | 27  0.04701  6.32874e-01
 28  0.03781  7.94663e-02 | 29  0.03001 -3.00002e-01 | 30  0.03614  3.00786e-01
 31  0.04095  9.80332e-01 | 32  0.02225  1.18724e-01 | 33  0.02600  6.15930e-01
 34  0.02862  6.48209e-01 | 35  0.02826 -2.42390e-02 | 36  0.04411 -5.77763e-02
 37  0.04181 -8.50900e-01 | 38  0.04799 -2.41852e-01 | 39  0.02406  1.94789e-01
 40  0.00494  1.26037e+00 | 41 -0.02888 -2.81433e-01 | 42 -0.01273  9.40668e-02
 43  0.00618 -2.12846e-02 | 44  0.05569  3.08988e-01 | 45  0.06485  8.42347e-01
 46  0.04188  5.36846e-01 | 47  0.09481  9.41270e-01 | 48  0.04046  7.53664e-01
 49  0.02012  9.59230e-01 | 50  0.11097 -4.94910e-01 | 51  0.01674  1.27247e+00
 52  0.14484  2.23016e+00 | 53 -0.00202  1.25363e+00 | 54 -0.01397  9.46791e-01
 55 -0.03190  1.33660e+00 | 56  0.10546  4.75614e-01 | 57 -0.00368  1.47097e-01
 58 -0.07677  5.96642e-01 | 59 -0.16141  1.84267e-01 | 60 -0.15975 -7.30122e-01
 61  0.20072 -1.93983e+00 | 62 -0.10934 -3.66466e-01 | 63  0.04541 -2.00376e-01
 64  0.01166 -2.44571e-01 | 65  0.03101 -1.40839e-02 | 66  0.02917 -1.10723e+00
 67 -0.03658 -7.09188e-01 | 68  0.01891  1.18025e-01 | 69 -0.10715 -1.12000e+00
 70  0.02904 -4.16595e-01 | 71 -0.10556  2.60137e-01 | 72 -0.04659 -2.41527e-01
 73 -0.12063 -2.31347e-01 | 74 -0.10490  2.46472e-01 | 75 -0.08197 -1.01013e+00
 76  0.27970 -2.52131e+00 | 77 -0.12887 -4.40321e-01 | 78  0.02881  1.44198e-01
 79 -0.04810  1.64187e-01 | 80  0.10212 -2.23883e-01 | 81 -0.06068 -5.39279e-01
 82 -0.18143 -2.03730e-01 | 83 -0.23141 -8.15545e-01 | 84 -0.07131 -3.08092e-01
 85 -0.09408  5.83893e-02 | 86  0.09295 -1.04135e+00 | 87  0.15809  7.33973e-01
 88  0.00276  1.91677e-02 | 89  0.05526  1.48449e-01 | 90  0.19238 -3.22989e-01
 91 -0.05852 -8.93090e-01 | 92  0.03233 -1.92409e-01 | 93  0.06546 -3.93104e-01
 94 -0.00908  2.04781e-01 | 95 -0.14888  3.49512e-01 | 96 -0.04735  3.73569e-01
 97 -0.01140 -1.66680e-01 | 98  0.06416 -6.98403e-01 | 99 -0.04211 -2.82107e-01
100  0.04896 -7.62478e-02 |101  0.12161 -4.93145e-01 |102 -0.70843 -6.75689e-02
103 -0.27914  2.83814e-01 |104 -0.12409 -3.53031e-02 |105  0.10604  6.10345e-02
106 -0.14455 -6.47394e-01 |107  0.05332 -1.34600e-01 |108 -0.00447 -1.22007e-01
109 -0.04387  2.29065e-02 |110 -0.04481 -1.29845e-01 |111  0.21217 -9.39726e-01
112 -0.08468  3.29729e+00 |113  0.32020  1.06434e+00 |114 -0.02148 -1.14223e+00
115  0.17301  6.97885e-01 |116 -0.09497 -1.88211e+00 |117 -0.14232 -8.31842e-02
118 -0.32872  9.49290e-01 |119 -0.08107  2.99513e-01 |120 -0.06131  9.52478e-02
121 -0.00769  4.10383e-01 |122 -0.00959  2.91755e-01 |123 -0.13857  3.25823e-01
124  0.03129  9.14587e-01 |125  0.71039  3.94447e-03 |126 -0.12871  9.55828e-01
127 -0.08935 -3.70751e-01 |128 -0.15660 -7.20926e-02 |129  0.45472  2.59434e-01
130 -0.15825 -8.13302e-01 |131 -0.12164 -6.23849e-01 |132 -0.36120  1.06410e-01
132 variables; iteration 160; function evaluation 188; phase 4
Function value 2.4261153e+03; maximum gradient component mag -1.8227e+00
Var    Value     Gradient |Var    Value     Gradient |Var    Value     Gradient
  1 -0.24383 -1.82274e+00 |  2  0.02159  7.81193e-02 |  3 -0.07255  4.57820e-02
  4 -0.00902 -5.92226e-02 |  5 -0.41538 -1.21250e-02 |  6  0.03865 -2.41540e-02
  7  0.10647 -8.07010e-02 |  8 -0.13863  8.94119e-02 |  9  0.19374  2.09395e-03
 10 -0.14489 -3.54813e-02 | 11 -0.15953  1.17455e+00 | 12  0.00775 -2.95563e-03
 13  0.00896  2.66398e-02 | 14  0.01016  4.76502e-02 | 15  0.01053 -5.90907e-03
 16  0.01082 -7.36771e-02 | 17  0.01191 -8.74193e-02 | 18  0.01553  7.73614e-02
 19  0.01789  1.23403e-01 | 20  0.01910  6.28497e-02 | 21  0.02078  1.72157e-02
 22  0.02313  4.78932e-03 | 23  0.02622  2.53394e-02 | 24  0.02972  5.14096e-02
 25  0.03325  6.57226e-02 | 26  0.03533  9.26119e-04 | 27  0.03923  9.11012e-02
 28  0.03899  2.87707e-02 | 29  0.04059  1.89548e-01 | 30  0.03405  2.92944e-02
 31  0.02906  6.70130e-02 | 32  0.02305  5.16062e-02 | 33  0.02105  1.64495e-01
 34  0.02104  7.46591e-02 | 35  0.02823  2.62708e-02 | 36  0.04212  3.68113e-03
 37  0.06128  2.38620e-01 | 38  0.04896  5.20079e-02 | 39  0.02098  8.96706e-02
 40 -0.00687  1.15195e-01 | 41 -0.02561 -9.10103e-05 | 42 -0.01356  3.32234e-02
 43  0.00696  2.75211e-03 | 44  0.05814  1.31125e-01 | 45  0.06020  1.20255e-01
 46  0.04031  6.42866e-02 | 47  0.09697  2.60568e-01 | 48  0.03860  1.39622e-01
 49  0.01209  8.64062e-02 | 50  0.11591  2.54693e-02 | 51  0.00665  5.36242e-02
 52  0.14594  2.16419e-01 | 53 -0.00532  1.38785e-01 | 54 -0.01288  1.34718e-01
 55 -0.03459  6.87849e-02 | 56  0.10594  4.15556e-02 | 57 -0.00355 -5.92014e-02
 58 -0.07764 -7.99233e-02 | 59 -0.16211 -5.47744e-02 | 60 -0.15780 -5.43312e-02
 61  0.20102 -9.51224e-02 | 62 -0.10872 -2.46549e-02 | 63  0.04561  3.53492e-02
 64  0.01219  1.20420e-02 | 65  0.03110  7.53525e-02 | 66  0.03010  4.47953e-02
 67 -0.03543 -5.15815e-02 | 68  0.01864 -3.15987e-02 | 69 -0.10414 -1.37645e-01
 70  0.02939 -1.65764e-02 | 71 -0.10619 -6.27996e-04 | 72 -0.04611 -6.08724e-03
 73 -0.12008 -3.32469e-02 | 74 -0.10589 -3.06342e-02 | 75 -0.07877 -1.21948e-01
 76  0.28036 -2.09779e-01 | 77 -0.12731  4.84019e-04 | 78  0.02923  2.41644e-02
 79 -0.04795  3.22638e-03 | 80  0.10274 -4.98734e-03 | 81 -0.05991 -3.06772e-02
 82 -0.18106 -3.38056e-02 | 83 -0.22966 -1.16968e-01 | 84 -0.07086 -5.22651e-02
 85 -0.09457 -3.27889e-02 | 86  0.09339 -1.56799e-01 | 87  0.15797 -1.56293e-01
 88  0.00272 -1.00547e-02 | 89  0.05518 -4.52698e-02 | 90  0.19259 -1.35529e-02
 91 -0.05743 -3.64811e-02 | 92  0.03256 -1.30806e-01 | 93  0.06597 -7.30401e-02
 94 -0.00892  2.21667e-02 | 95 -0.14970  1.20456e-02 | 96 -0.04732 -2.12254e-02
 97 -0.01098 -8.13319e-02 | 98  0.06478 -6.47879e-02 | 99 -0.04158 -5.53331e-03
100  0.04892 -5.09289e-02 |101  0.12278 -5.65287e-02 |102 -0.70044 -9.05365e-03
103 -0.28067  4.87583e-02 |104 -0.12399 -7.83837e-04 |105  0.10841 -1.14547e-01
106 -0.14253  1.09652e-01 |107  0.06037 -6.52956e-03 |108  0.00578 -4.79782e-03
109 -0.04090  1.13166e-01 |110 -0.04124 -3.92648e-02 |111  0.17636  2.02851e-01
112 -0.11506 -5.50436e-01 |113  0.32127  1.63492e-01 |114 -0.02026 -1.35854e-01
115  0.17637  1.05477e-01 |116 -0.09142 -1.49076e-01 |117 -0.14300  9.62683e-03
118 -0.33036  1.03838e-01 |119 -0.08075  3.80256e-02 |120 -0.06157  5.92516e-03
121 -0.00806  2.20346e-02 |122 -0.01027  1.80671e-02 |123 -0.13887 -9.99623e-03
124  0.03976  7.67344e-02 |125  0.61156  1.67742e-04 |126 -0.17950  1.57929e-01
127 -0.08880  4.30401e-02 |128 -0.07146  7.95435e-02 |129  0.45729  3.96214e-02
130 -0.15642 -1.44523e-01 |131 -0.10674 -9.06827e-02 |132 -0.33699  6.02241e-02
132 variables; iteration 180; function evaluation 208; phase 4
Function value 2.4261132e+03; maximum gradient component mag -2.1741e-03
Var    Value     Gradient |Var    Value     Gradient |Var    Value     Gradient
  1 -0.24355 -2.17414e-03 |  2  0.02147  1.06135e-04 |  3 -0.07248  5.66032e-05
  4 -0.00903  1.75138e-04 |  5 -0.41536  9.45855e-05 |  6  0.03829 -3.84754e-04
  7  0.10657  5.22850e-05 |  8 -0.13910 -3.12638e-05 |  9  0.19387  3.55370e-05
 10 -0.14506 -4.25088e-05 | 11 -0.15923  1.94131e-03 | 12  0.00791  6.05535e-06
 13  0.00878  1.99169e-05 | 14  0.00974 -5.95223e-06 | 15  0.01079 -1.95348e-05
 16  0.01196 -6.03785e-05 | 17  0.01327 -2.74227e-05 | 18  0.01479  1.31017e-04
 19  0.01656  6.99268e-06 | 20  0.01860  8.65504e-05 | 21  0.02095  4.04025e-05
 22  0.02354 -5.22257e-05 | 23  0.02641 -2.30704e-05 | 24  0.02959  5.18053e-05
 25  0.03298  4.77605e-05 | 26  0.03626 -2.84839e-07 | 27  0.03871  6.15575e-05
 28  0.03968  3.81487e-05 | 29  0.03850 -9.24547e-05 | 30  0.03477  6.40339e-05
 31  0.02914  3.31806e-05 | 32  0.02332  8.96147e-05 | 33  0.01976  2.02026e-04
 34  0.02103  9.14637e-05 | 35  0.02910  4.17845e-05 | 36  0.04394  9.95425e-05
 37  0.05834  1.33707e-04 | 38  0.05031  1.23007e-04 | 39  0.02100  1.19679e-04
 40 -0.00735  2.24228e-04 | 41 -0.02508  9.20755e-05 | 42 -0.01357  7.04802e-05
 43  0.00745  1.46610e-05 | 44  0.05776  6.83455e-05 | 45  0.06019  1.56578e-04
 46  0.04095  1.87367e-04 | 47  0.09665  4.25619e-04 | 48  0.03859  2.91122e-04
 49  0.01172  3.09243e-04 | 50  0.11623  6.01445e-04 | 51  0.00611  4.15282e-04
 52  0.14604  2.73047e-04 | 53 -0.00565  2.68387e-04 | 54 -0.01291  4.35028e-04
 55 -0.03468  2.19297e-04 | 56  0.10593  2.46435e-04 | 57 -0.00356  2.18182e-04
 58 -0.07760  1.48575e-04 | 59 -0.16209 -9.37671e-05 | 60 -0.15776 -1.17696e-04
 61  0.20100 -3.51221e-04 | 62 -0.10877 -9.81183e-05 | 63  0.04556 -2.05332e-04
 64  0.01218 -3.43792e-05 | 65  0.03104  4.11475e-05 | 66  0.03006 -1.59562e-04
 67 -0.03537 -1.55463e-04 | 68  0.01856 -1.52766e-04 | 69 -0.10384 -1.35984e-04
 70  0.02933 -4.38134e-05 | 71 -0.10626  2.51139e-05 | 72 -0.04613  9.95173e-05
 73 -0.12008 -3.63658e-05 | 74 -0.10596 -2.84698e-05 | 75 -0.07846 -2.20138e-04
 76  0.28038 -7.19650e-04 | 77 -0.12746 -1.03127e-04 | 78  0.02921 -3.22948e-05
 79 -0.04799 -6.41982e-05 | 80  0.10274 -1.48218e-04 | 81 -0.05989 -5.60067e-05
 82 -0.18105 -8.23752e-05 | 83 -0.22942 -8.08377e-05 | 84 -0.07082  1.78070e-05
 85 -0.09459 -6.50972e-05 | 86  0.09343  9.95536e-05 | 87  0.15801 -1.07304e-04
 88  0.00271 -2.45379e-05 | 89  0.05520  2.44876e-04 | 90  0.19260  3.45784e-05
 91 -0.05742 -1.34545e-04 | 92  0.03260 -5.42544e-05 | 93  0.06600 -3.83732e-05
 94 -0.00895 -3.30756e-05 | 95 -0.14981 -5.50021e-05 | 96 -0.04733 -1.16620e-04
 97 -0.01096 -1.63836e-04 | 98  0.06479  2.67661e-04 | 99 -0.04161 -7.77271e-05
100  0.04902 -3.44786e-05 |101  0.12293 -8.77333e-05 |102 -0.69916  4.13017e-05
103 -0.28107 -1.14436e-05 |104 -0.12394 -3.49068e-05 |105  0.10854  2.91260e-04
106 -0.14247 -5.59509e-04 |107  0.06093 -1.06974e-05 |108  0.00633 -2.04245e-06
109 -0.04139  1.60349e-04 |110 -0.04185 -2.53301e-04 |111  0.18057 -3.40099e-05
112 -0.11115 -3.19372e-05 |113  0.32131  2.64329e-05 |114 -0.02019 -4.72669e-05
115  0.17660 -3.16527e-05 |116 -0.09124 -3.28881e-05 |117 -0.14304  3.88380e-05
118 -0.33053  5.15363e-05 |119 -0.08092  6.89108e-05 |120 -0.06152 -2.82776e-05
121 -0.00819  4.85068e-05 |122 -0.01044  4.94591e-05 |123 -0.13863  4.18919e-05
124  0.04145  2.42687e-04 |125  0.60866  7.51786e-06 |126 -0.18387  2.63272e-04
127 -0.08893 -8.05150e-05 |128 -0.06895  2.52120e-04 |129  0.45819 -4.71799e-05
130 -0.15590 -1.00486e-04 |131 -0.10661 -1.67275e-05 |132 -0.33718  1.05832e-04
  ic > imax  in fminim is answer attained ?
Var    Value     Gradient |Var    Value     Gradient |Var    Value     Gradient
  1 -0.24355  3.18757e-04 |  2  0.02147  2.10743e-05 |  3 -0.07248  2.90273e-05
  4 -0.00903  1.96056e-05 |  5 -0.41536 -7.29608e-06 |  6  0.03829  5.32166e-05
  7  0.10657  3.91344e-05 |  8 -0.13910  9.53600e-06 |  9  0.19387  5.58393e-06
 10 -0.14506  1.52250e-05 | 11 -0.15923 -1.91929e-04 | 12  0.00791 -2.11385e-06
 13  0.00878 -3.50232e-06 | 14  0.00974 -1.21674e-06 | 15  0.01079 -3.66778e-07
 16  0.01196  3.19975e-06 | 17  0.01327 -2.56811e-07 | 18  0.01479 -1.55651e-05
 19  0.01656 -4.11972e-06 | 20  0.01860 -1.25860e-05 | 21  0.02095 -9.31479e-06
 22  0.02354 -8.76825e-07 | 23  0.02641 -4.21330e-06 | 24  0.02959 -1.09748e-05
 25  0.03298 -1.01205e-05 | 26  0.03626 -5.93040e-06 | 27  0.03871 -1.23527e-05
 28  0.03968 -9.54081e-06 | 29  0.03850 -4.22871e-05 | 30  0.03476 -1.13127e-05
 31  0.02914 -9.24019e-06 | 32  0.02332 -1.51064e-05 | 33  0.01976 -2.77666e-05
 34  0.02103 -1.92087e-05 | 35  0.02910 -1.57033e-05 | 36  0.04394 -2.04397e-05
 37  0.05834 -6.56756e-05 | 38  0.05031 -3.29591e-05 | 39  0.02100 -1.95876e-05
 40 -0.00735 -2.31472e-05 | 41 -0.02508 -6.37541e-06 | 42 -0.01357 -5.03650e-06
 43  0.00745 -3.13820e-07 | 44  0.05776 -1.50465e-05 | 45  0.06019 -2.05653e-05
 46  0.04095 -1.62597e-05 | 47  0.09665 -4.42115e-05 | 48  0.03859 -3.55700e-05
 49  0.01172 -3.35005e-05 | 50  0.11623 -1.17944e-04 | 51  0.00611 -3.65521e-05
 52  0.14604 -1.50475e-04 | 53 -0.00565 -2.25019e-05 | 54 -0.01291 -5.07341e-05
 55 -0.03468 -1.62617e-05 | 56  0.10593  6.21664e-06 | 57 -0.00356 -3.71419e-06
 58 -0.07760  3.48937e-05 | 59 -0.16209  5.93714e-05 | 60 -0.15776 -2.88183e-05
 61  0.20100  9.48951e-05 | 62 -0.10877 -1.97486e-05 | 63  0.04556  6.78023e-05
 64  0.01218  3.34194e-05 | 65  0.03104  4.54388e-06 | 66  0.03006  3.81776e-05
 67 -0.03537  2.99542e-05 | 68  0.01856  2.82043e-05 | 69 -0.10384  1.24659e-05
 70  0.02933  1.60698e-05 | 71 -0.10626  1.68221e-05 | 72 -0.04614  1.93780e-05
 73 -0.12008  2.66390e-05 | 74 -0.10596  2.46458e-06 | 75 -0.07846 -5.25290e-05
 76  0.28038  7.59448e-05 | 77 -0.12746 -4.35954e-05 | 78  0.02921  1.95690e-05
 79 -0.04799  2.38962e-05 | 80  0.10274  3.51555e-05 | 81 -0.05989  4.91141e-05
 82 -0.18105  3.95190e-05 | 83 -0.22942  5.83460e-05 | 84 -0.07082  3.30568e-05
 85 -0.09459  2.20494e-05 | 86  0.09343 -4.41092e-05 | 87  0.15801 -2.38904e-05
 88  0.00271 -1.73515e-05 | 89  0.05520 -8.90346e-05 | 90  0.19260 -2.06586e-05
 91 -0.05742 -7.55582e-06 | 92  0.03260  6.40903e-07 | 93  0.06600  4.98263e-06
 94 -0.00895  1.46398e-05 | 95 -0.14981  8.09541e-06 | 96 -0.04733  1.49281e-05
 97 -0.01096  2.50407e-05 | 98  0.06479 -7.02583e-05 | 99 -0.04161  1.28349e-05
100  0.04902 -8.10135e-06 |101  0.12293  1.09969e-05 |102 -0.69917 -8.75327e-06
103 -0.28107  1.76713e-06 |104 -0.12394  2.75312e-06 |105  0.10854 -4.03084e-05
106 -0.14247  7.13396e-05 |107  0.06093  3.27995e-06 |108  0.00633 -1.32752e-06
109 -0.04138 -5.78197e-05 |110 -0.04184  5.70907e-05 |111  0.18057  2.38375e-05
112 -0.11114 -6.67878e-05 |113  0.32131 -2.11641e-05 |114 -0.02019  1.81033e-05
115  0.17660 -1.99686e-06 |116 -0.09124  1.96504e-05 |117 -0.14304  2.10861e-05
118 -0.33053 -2.92016e-05 |119 -0.08092 -1.36602e-05 |120 -0.06152 -1.68160e-06
121 -0.00819  3.02830e-07 |122 -0.01044  3.09314e-06 |123 -0.13863  1.45421e-06
124  0.04145 -2.15424e-05 |125  0.60855  2.18913e-06 |126 -0.18388 -2.57356e-05
127 -0.08893  5.65367e-06 |128 -0.06895 -2.05893e-05 |129  0.45820  2.37961e-07
130 -0.15590  2.29486e-05 |131 -0.10661  8.54839e-05 |132 -0.33719 -2.86956e-05
Function minimizer not making progress ... is minimum attained?
Minimprove criterion = 0.0000e+00

 - final statistics:
132 variables; iteration 185; function evaluation 242
Function value 2.4261e+03; maximum gradient component mag 3.1876e-04
Exit code = 1;  converg criter 1.0000e-04
Var    Value     Gradient |Var    Value     Gradient |Var    Value     Gradient
  1 -0.24355  3.18757e-04 |  2  0.02147  2.10743e-05 |  3 -0.07248  2.90273e-05
  4 -0.00903  1.96056e-05 |  5 -0.41536 -7.29608e-06 |  6  0.03829  5.32166e-05
  7  0.10657  3.91344e-05 |  8 -0.13910  9.53600e-06 |  9  0.19387  5.58393e-06
 10 -0.14506  1.52250e-05 | 11 -0.15923 -1.91929e-04 | 12  0.00791 -2.11385e-06
 13  0.00878 -3.50232e-06 | 14  0.00974 -1.21674e-06 | 15  0.01079 -3.66778e-07
 16  0.01196  3.19975e-06 | 17  0.01327 -2.56811e-07 | 18  0.01479 -1.55651e-05
 19  0.01656 -4.11972e-06 | 20  0.01860 -1.25860e-05 | 21  0.02095 -9.31479e-06
 22  0.02354 -8.76825e-07 | 23  0.02641 -4.21330e-06 | 24  0.02959 -1.09748e-05
 25  0.03298 -1.01205e-05 | 26  0.03626 -5.93040e-06 | 27  0.03871 -1.23527e-05
 28  0.03968 -9.54081e-06 | 29  0.03850 -4.22871e-05 | 30  0.03476 -1.13127e-05
 31  0.02914 -9.24019e-06 | 32  0.02332 -1.51064e-05 | 33  0.01976 -2.77666e-05
 34  0.02103 -1.92087e-05 | 35  0.02910 -1.57033e-05 | 36  0.04394 -2.04397e-05
 37  0.05834 -6.56756e-05 | 38  0.05031 -3.29591e-05 | 39  0.02100 -1.95876e-05
 40 -0.00735 -2.31472e-05 | 41 -0.02508 -6.37541e-06 | 42 -0.01357 -5.03650e-06
 43  0.00745 -3.13820e-07 | 44  0.05776 -1.50465e-05 | 45  0.06019 -2.05653e-05
 46  0.04095 -1.62597e-05 | 47  0.09665 -4.42115e-05 | 48  0.03859 -3.55700e-05
 49  0.01172 -3.35005e-05 | 50  0.11623 -1.17944e-04 | 51  0.00611 -3.65521e-05
 52  0.14604 -1.50475e-04 | 53 -0.00565 -2.25019e-05 | 54 -0.01291 -5.07341e-05
 55 -0.03468 -1.62617e-05 | 56  0.10593  6.21664e-06 | 57 -0.00356 -3.71419e-06
 58 -0.07760  3.48937e-05 | 59 -0.16209  5.93714e-05 | 60 -0.15776 -2.88183e-05
 61  0.20100  9.48951e-05 | 62 -0.10877 -1.97486e-05 | 63  0.04556  6.78023e-05
 64  0.01218  3.34194e-05 | 65  0.03104  4.54388e-06 | 66  0.03006  3.81776e-05
 67 -0.03537  2.99542e-05 | 68  0.01856  2.82043e-05 | 69 -0.10384  1.24659e-05
 70  0.02933  1.60698e-05 | 71 -0.10626  1.68221e-05 | 72 -0.04614  1.93780e-05
 73 -0.12008  2.66390e-05 | 74 -0.10596  2.46458e-06 | 75 -0.07846 -5.25290e-05
 76  0.28038  7.59448e-05 | 77 -0.12746 -4.35954e-05 | 78  0.02921  1.95690e-05
 79 -0.04799  2.38962e-05 | 80  0.10274  3.51555e-05 | 81 -0.05989  4.91141e-05
 82 -0.18105  3.95190e-05 | 83 -0.22942  5.83460e-05 | 84 -0.07082  3.30568e-05
 85 -0.09459  2.20494e-05 | 86  0.09343 -4.41092e-05 | 87  0.15801 -2.38904e-05
 88  0.00271 -1.73515e-05 | 89  0.05520 -8.90346e-05 | 90  0.19260 -2.06586e-05
 91 -0.05742 -7.55582e-06 | 92  0.03260  6.40903e-07 | 93  0.06600  4.98263e-06
 94 -0.00895  1.46398e-05 | 95 -0.14981  8.09541e-06 | 96 -0.04733  1.49281e-05
 97 -0.01096  2.50407e-05 | 98  0.06479 -7.02583e-05 | 99 -0.04161  1.28349e-05
100  0.04902 -8.10135e-06 |101  0.12293  1.09969e-05 |102 -0.69917 -8.75327e-06
103 -0.28107  1.76713e-06 |104 -0.12394  2.75312e-06 |105  0.10854 -4.03084e-05
106 -0.14247  7.13396e-05 |107  0.06093  3.27995e-06 |108  0.00633 -1.32752e-06
109 -0.04138 -5.78197e-05 |110 -0.04184  5.70907e-05 |111  0.18057  2.38375e-05
112 -0.11114 -6.67878e-05 |113  0.32131 -2.11641e-05 |114 -0.02019  1.81033e-05
115  0.17660 -1.99686e-06 |116 -0.09124  1.96504e-05 |117 -0.14304  2.10861e-05
118 -0.33053 -2.92016e-05 |119 -0.08092 -1.36602e-05 |120 -0.06152 -1.68160e-06
121 -0.00819  3.02830e-07 |122 -0.01044  3.09314e-06 |123 -0.13863  1.45421e-06
124  0.04145 -2.15424e-05 |125  0.60855  2.18913e-06 |126 -0.18388 -2.57356e-05
127 -0.08893  5.65367e-06 |128 -0.06895 -2.05893e-05 |129  0.45820  2.37961e-07
130 -0.15590  2.29486e-05 |131 -0.10661  8.54839e-05 |132 -0.33719 -2.86956e-05

Initial statistics: 144 variables; iteration 0; function evaluation 0; phase 5
Function value 2.4261132e+03; maximum gradient component mag 3.1702e-04
Var    Value     Gradient |Var    Value     Gradient |Var    Value     Gradient
  1 -0.24355  3.17022e-04 |  2  0.02147  2.07870e-05 |  3 -0.07248  2.86362e-05
  4 -0.00903  1.93080e-05 |  5 -0.41536 -7.31178e-06 |  6  0.03829  5.30320e-05
  7  0.10657  3.85832e-05 |  8 -0.13910  9.38562e-06 |  9  0.19387  5.42657e-06
 10 -0.14506  1.51669e-05 | 11 -0.15923 -1.90913e-04 | 12  0.00791 -2.09543e-06
 13  0.00878 -3.47726e-06 | 14  0.00974 -1.22943e-06 | 15  0.01079 -3.59873e-07
 16  0.01196  3.18905e-06 | 17  0.01327 -2.29495e-07 | 18  0.01479 -1.54440e-05
 19  0.01656 -4.13520e-06 | 20  0.01860 -1.24867e-05 | 21  0.02095 -9.24714e-06
 22  0.02354 -8.93170e-07 | 23  0.02641 -4.20584e-06 | 24  0.02959 -1.09062e-05
 25  0.03298 -1.00609e-05 | 26  0.03626 -5.88702e-06 | 27  0.03871 -1.22705e-05
 28  0.03968 -9.45983e-06 | 29  0.03850 -4.20557e-05 | 30  0.03476 -1.12136e-05
 31  0.02914 -9.18700e-06 | 32  0.02332 -1.50004e-05 | 33  0.01976 -2.75970e-05
 34  0.02103 -1.91154e-05 | 35  0.02910 -1.56586e-05 | 36  0.04394 -2.03385e-05
 37  0.05834 -6.54407e-05 | 38  0.05031 -3.28411e-05 | 39  0.02100 -1.95521e-05
 40 -0.00735 -2.30517e-05 | 41 -0.02508 -6.36699e-06 | 42 -0.01357 -4.30878e-06
 43  0.00745  4.38394e-07 | 44  0.05776 -1.40907e-05 | 45  0.06019 -1.96977e-05
 46  0.04095 -1.53749e-05 | 47  0.09665 -4.31692e-05 | 48  0.03859 -3.47248e-05
 49  0.01172 -3.26715e-05 | 50  0.11623 -1.17286e-04 | 51  0.00611 -3.57948e-05
 52  0.14604 -1.48704e-04 | 53 -0.00565 -2.17865e-05 | 54 -0.01291 -4.95465e-05
 55 -0.03468 -1.55297e-05 | 56  0.10593  6.98323e-06 | 57 -0.00356 -3.04875e-06
 58 -0.07760  3.53847e-05 | 59 -0.16209  5.97939e-05 | 60 -0.15776 -2.81390e-05
 61  0.20100  9.54240e-05 | 62 -0.10877 -1.90865e-05 | 63  0.04556  6.83534e-05
 64  0.01218  3.39584e-05 | 65  0.03104  5.23447e-06 | 66  0.03006  3.87832e-05
 67 -0.03537  3.05428e-05 | 68  0.01856  2.87277e-05 | 69 -0.10384  1.30631e-05
 70  0.02933  1.67176e-05 | 71 -0.10626  1.74487e-05 | 72 -0.04614  2.00990e-05
 73 -0.12008  2.72643e-05 | 74 -0.10596  3.12330e-06 | 75 -0.07846 -5.17821e-05
 76  0.28038  7.58089e-05 | 77 -0.12746 -4.28989e-05 | 78  0.02921  2.01603e-05
 79 -0.04799  2.44649e-05 | 80  0.10274  3.58526e-05 | 81 -0.05989  4.97183e-05
 82 -0.18105  4.01163e-05 | 83 -0.22942  5.88668e-05 | 84 -0.07082  3.36902e-05
 85 -0.09459  2.26467e-05 | 86  0.09343 -4.32619e-05 | 87  0.15801 -2.30970e-05
 88  0.00271 -1.66030e-05 | 89  0.05520 -8.80688e-05 | 90  0.19260 -1.99482e-05
 91 -0.05742 -6.83219e-06 | 92  0.03260  1.34428e-06 | 93  0.06600  5.67608e-06
 94 -0.00895  1.53599e-05 | 95 -0.14981  8.76955e-06 | 96 -0.04733  1.55717e-05
 97 -0.01096  2.55733e-05 | 98  0.06479 -6.93491e-05 | 99 -0.04161  1.35342e-05
100  0.04902 -7.42525e-06 |101  0.12293  1.16707e-05 |102  0.00000  0.00000e+00
103  0.00000  0.00000e+00 |104  0.00000  0.00000e+00 |105  0.00000  0.00000e+00
106  0.00000  0.00000e+00 |107  0.00000  0.00000e+00 |108  0.00000  0.00000e+00
109  0.00000  0.00000e+00 |110  0.00000  0.00000e+00 |111  0.00000  0.00000e+00
112  0.00000  0.00000e+00 |113  0.00000  0.00000e+00 |114 -0.69917 -8.75368e-06
115 -0.28107  1.80503e-06 |116 -0.12394  2.79158e-06 |117  0.10854 -3.99805e-05
118 -0.14247  7.07078e-05 |119  0.06093  3.31296e-06 |120  0.00633 -1.33587e-06
121 -0.04138 -5.76264e-05 |122 -0.04184  5.69980e-05 |123  0.18057  2.37560e-05
124 -0.11114 -6.66295e-05 |125  0.32131 -2.10737e-05 |126 -0.02019  1.80183e-05
127  0.17660 -2.00435e-06 |128 -0.09124  1.96891e-05 |129 -0.14304  2.09723e-05
130 -0.33053 -2.90841e-05 |131 -0.08092 -1.36057e-05 |132 -0.06152 -1.66421e-06
133 -0.00819  2.60461e-07 |134 -0.01044  3.06285e-06 |135 -0.13863  1.40462e-06
136  0.04145 -2.15730e-05 |137  0.60855  2.18624e-06 |138 -0.18388 -2.57680e-05
139 -0.08893  5.70389e-06 |140 -0.06895 -2.05988e-05 |141  0.45820  3.30359e-07
142 -0.15590  2.27536e-05 |143 -0.10661  8.51216e-05 |144 -0.33719 -2.85620e-05
  ic > imax  in fminim is answer attained ?
Var    Value     Gradient |Var    Value     Gradient |Var    Value     Gradient
  1 -0.24355  3.17022e-04 |  2  0.02147  2.07870e-05 |  3 -0.07248  2.86362e-05
  4 -0.00903  1.93080e-05 |  5 -0.41536 -7.31178e-06 |  6  0.03829  5.30320e-05
  7  0.10657  3.85832e-05 |  8 -0.13910  9.38562e-06 |  9  0.19387  5.42657e-06
 10 -0.14506  1.51669e-05 | 11 -0.15923 -1.90913e-04 | 12  0.00791 -2.09543e-06
 13  0.00878 -3.47726e-06 | 14  0.00974 -1.22943e-06 | 15  0.01079 -3.59873e-07
 16  0.01196  3.18905e-06 | 17  0.01327 -2.29495e-07 | 18  0.01479 -1.54440e-05
 19  0.01656 -4.13520e-06 | 20  0.01860 -1.24867e-05 | 21  0.02095 -9.24714e-06
 22  0.02354 -8.93170e-07 | 23  0.02641 -4.20584e-06 | 24  0.02959 -1.09062e-05
 25  0.03298 -1.00609e-05 | 26  0.03626 -5.88702e-06 | 27  0.03871 -1.22705e-05
 28  0.03968 -9.45983e-06 | 29  0.03850 -4.20557e-05 | 30  0.03476 -1.12136e-05
 31  0.02914 -9.18700e-06 | 32  0.02332 -1.50004e-05 | 33  0.01976 -2.75970e-05
 34  0.02103 -1.91154e-05 | 35  0.02910 -1.56586e-05 | 36  0.04394 -2.03385e-05
 37  0.05834 -6.54407e-05 | 38  0.05031 -3.28411e-05 | 39  0.02100 -1.95521e-05
 40 -0.00735 -2.30517e-05 | 41 -0.02508 -6.36699e-06 | 42 -0.01357 -4.30878e-06
 43  0.00745  4.38394e-07 | 44  0.05776 -1.40907e-05 | 45  0.06019 -1.96977e-05
 46  0.04095 -1.53749e-05 | 47  0.09665 -4.31692e-05 | 48  0.03859 -3.47248e-05
 49  0.01172 -3.26715e-05 | 50  0.11623 -1.17286e-04 | 51  0.00611 -3.57948e-05
 52  0.14604 -1.48704e-04 | 53 -0.00565 -2.17865e-05 | 54 -0.01291 -4.95465e-05
 55 -0.03468 -1.55297e-05 | 56  0.10593  6.98323e-06 | 57 -0.00356 -3.04875e-06
 58 -0.07760  3.53847e-05 | 59 -0.16209  5.97939e-05 | 60 -0.15776 -2.81390e-05
 61  0.20100  9.54240e-05 | 62 -0.10877 -1.90865e-05 | 63  0.04556  6.83534e-05
 64  0.01218  3.39584e-05 | 65  0.03104  5.23447e-06 | 66  0.03006  3.87832e-05
 67 -0.03537  3.05428e-05 | 68  0.01856  2.87277e-05 | 69 -0.10384  1.30631e-05
 70  0.02933  1.67176e-05 | 71 -0.10626  1.74487e-05 | 72 -0.04614  2.00990e-05
 73 -0.12008  2.72643e-05 | 74 -0.10596  3.12330e-06 | 75 -0.07846 -5.17821e-05
 76  0.28038  7.58089e-05 | 77 -0.12746 -4.28989e-05 | 78  0.02921  2.01603e-05
 79 -0.04799  2.44649e-05 | 80  0.10274  3.58526e-05 | 81 -0.05989  4.97183e-05
 82 -0.18105  4.01163e-05 | 83 -0.22942  5.88668e-05 | 84 -0.07082  3.36902e-05
 85 -0.09459  2.26467e-05 | 86  0.09343 -4.32619e-05 | 87  0.15801 -2.30970e-05
 88  0.00271 -1.66030e-05 | 89  0.05520 -8.80688e-05 | 90  0.19260 -1.99482e-05
 91 -0.05742 -6.83219e-06 | 92  0.03260  1.34428e-06 | 93  0.06600  5.67608e-06
 94 -0.00895  1.53599e-05 | 95 -0.14981  8.76955e-06 | 96 -0.04733  1.55717e-05
 97 -0.01096  2.55733e-05 | 98  0.06479 -6.93491e-05 | 99 -0.04161  1.35342e-05
100  0.04902 -7.42525e-06 |101  0.12293  1.16707e-05 |102  0.00000  0.00000e+00
103  0.00000  0.00000e+00 |104  0.00000  0.00000e+00 |105  0.00000  0.00000e+00
106  0.00000  0.00000e+00 |107  0.00000  0.00000e+00 |108  0.00000  0.00000e+00
109  0.00000  0.00000e+00 |110  0.00000  0.00000e+00 |111  0.00000  0.00000e+00
112  0.00000  0.00000e+00 |113  0.00000  0.00000e+00 |114 -0.69917 -8.75368e-06
115 -0.28107  1.80503e-06 |116 -0.12394  2.79158e-06 |117  0.10854 -3.99805e-05
118 -0.14247  7.07078e-05 |119  0.06093  3.31296e-06 |120  0.00633 -1.33587e-06
121 -0.04138 -5.76264e-05 |122 -0.04184  5.69980e-05 |123  0.18057  2.37560e-05
124 -0.11114 -6.66295e-05 |125  0.32131 -2.10737e-05 |126 -0.02019  1.80183e-05
127  0.17660 -2.00435e-06 |128 -0.09124  1.96891e-05 |129 -0.14304  2.09723e-05
130 -0.33053 -2.90841e-05 |131 -0.08092 -1.36057e-05 |132 -0.06152 -1.66421e-06
133 -0.00819  2.60461e-07 |134 -0.01044  3.06285e-06 |135 -0.13863  1.40462e-06
136  0.04145 -2.15730e-05 |137  0.60855  2.18624e-06 |138 -0.18388 -2.57680e-05
139 -0.08893  5.70389e-06 |140 -0.06895 -2.05988e-05 |141  0.45820  3.30359e-07
142 -0.15590  2.27536e-05 |143 -0.10661  8.51216e-05 |144 -0.33719 -2.85620e-05
Function minimizer not making progress ... is minimum attained?
Minimprove criterion = 0.0000e+00

 - final statistics:
144 variables; iteration 1; function evaluation 30
Function value 2.4261e+03; maximum gradient component mag 3.1702e-04
Exit code = 1;  converg criter 1.0000e-04
Var    Value     Gradient |Var    Value     Gradient |Var    Value     Gradient
  1 -0.24355  3.17022e-04 |  2  0.02147  2.07870e-05 |  3 -0.07248  2.86362e-05
  4 -0.00903  1.93080e-05 |  5 -0.41536 -7.31178e-06 |  6  0.03829  5.30320e-05
  7  0.10657  3.85832e-05 |  8 -0.13910  9.38562e-06 |  9  0.19387  5.42657e-06
 10 -0.14506  1.51669e-05 | 11 -0.15923 -1.90913e-04 | 12  0.00791 -2.09543e-06
 13  0.00878 -3.47726e-06 | 14  0.00974 -1.22943e-06 | 15  0.01079 -3.59873e-07
 16  0.01196  3.18905e-06 | 17  0.01327 -2.29495e-07 | 18  0.01479 -1.54440e-05
 19  0.01656 -4.13520e-06 | 20  0.01860 -1.24867e-05 | 21  0.02095 -9.24714e-06
 22  0.02354 -8.93170e-07 | 23  0.02641 -4.20584e-06 | 24  0.02959 -1.09062e-05
 25  0.03298 -1.00609e-05 | 26  0.03626 -5.88702e-06 | 27  0.03871 -1.22705e-05
 28  0.03968 -9.45983e-06 | 29  0.03850 -4.20557e-05 | 30  0.03476 -1.12136e-05
 31  0.02914 -9.18700e-06 | 32  0.02332 -1.50004e-05 | 33  0.01976 -2.75970e-05
 34  0.02103 -1.91154e-05 | 35  0.02910 -1.56586e-05 | 36  0.04394 -2.03385e-05
 37  0.05834 -6.54407e-05 | 38  0.05031 -3.28411e-05 | 39  0.02100 -1.95521e-05
 40 -0.00735 -2.30517e-05 | 41 -0.02508 -6.36699e-06 | 42 -0.01357 -4.30878e-06
 43  0.00745  4.38394e-07 | 44  0.05776 -1.40907e-05 | 45  0.06019 -1.96977e-05
 46  0.04095 -1.53749e-05 | 47  0.09665 -4.31692e-05 | 48  0.03859 -3.47248e-05
 49  0.01172 -3.26715e-05 | 50  0.11623 -1.17286e-04 | 51  0.00611 -3.57948e-05
 52  0.14604 -1.48704e-04 | 53 -0.00565 -2.17865e-05 | 54 -0.01291 -4.95465e-05
 55 -0.03468 -1.55297e-05 | 56  0.10593  6.98323e-06 | 57 -0.00356 -3.04875e-06
 58 -0.07760  3.53847e-05 | 59 -0.16209  5.97939e-05 | 60 -0.15776 -2.81390e-05
 61  0.20100  9.54240e-05 | 62 -0.10877 -1.90865e-05 | 63  0.04556  6.83534e-05
 64  0.01218  3.39584e-05 | 65  0.03104  5.23447e-06 | 66  0.03006  3.87832e-05
 67 -0.03537  3.05428e-05 | 68  0.01856  2.87277e-05 | 69 -0.10384  1.30631e-05
 70  0.02933  1.67176e-05 | 71 -0.10626  1.74487e-05 | 72 -0.04614  2.00990e-05
 73 -0.12008  2.72643e-05 | 74 -0.10596  3.12330e-06 | 75 -0.07846 -5.17821e-05
 76  0.28038  7.58089e-05 | 77 -0.12746 -4.28989e-05 | 78  0.02921  2.01603e-05
 79 -0.04799  2.44649e-05 | 80  0.10274  3.58526e-05 | 81 -0.05989  4.97183e-05
 82 -0.18105  4.01163e-05 | 83 -0.22942  5.88668e-05 | 84 -0.07082  3.36902e-05
 85 -0.09459  2.26467e-05 | 86  0.09343 -4.32619e-05 | 87  0.15801 -2.30970e-05
 88  0.00271 -1.66030e-05 | 89  0.05520 -8.80688e-05 | 90  0.19260 -1.99482e-05
 91 -0.05742 -6.83219e-06 | 92  0.03260  1.34428e-06 | 93  0.06600  5.67608e-06
 94 -0.00895  1.53599e-05 | 95 -0.14981  8.76955e-06 | 96 -0.04733  1.55717e-05
 97 -0.01096  2.55733e-05 | 98  0.06479 -6.93491e-05 | 99 -0.04161  1.35342e-05
100  0.04902 -7.42525e-06 |101  0.12293  1.16707e-05 |102  0.00000  0.00000e+00
103  0.00000  0.00000e+00 |104  0.00000  0.00000e+00 |105  0.00000  0.00000e+00
106  0.00000  0.00000e+00 |107  0.00000  0.00000e+00 |108  0.00000  0.00000e+00
109  0.00000  0.00000e+00 |110  0.00000  0.00000e+00 |111  0.00000  0.00000e+00
112  0.00000  0.00000e+00 |113  0.00000  0.00000e+00 |114 -0.69917 -8.75368e-06
115 -0.28107  1.80503e-06 |116 -0.12394  2.79158e-06 |117  0.10854 -3.99805e-05
118 -0.14247  7.07078e-05 |119  0.06093  3.31296e-06 |120  0.00633 -1.33587e-06
121 -0.04138 -5.76264e-05 |122 -0.04184  5.69980e-05 |123  0.18057  2.37560e-05
124 -0.11114 -6.66295e-05 |125  0.32131 -2.10737e-05 |126 -0.02019  1.80183e-05
127  0.17660 -2.00435e-06 |128 -0.09124  1.96891e-05 |129 -0.14304  2.09723e-05
130 -0.33053 -2.90841e-05 |131 -0.08092 -1.36057e-05 |132 -0.06152 -1.66421e-06
133 -0.00819  2.60461e-07 |134 -0.01044  3.06285e-06 |135 -0.13863  1.40462e-06
136  0.04145 -2.15730e-05 |137  0.60855  2.18624e-06 |138 -0.18388 -2.57680e-05
139 -0.08893  5.70389e-06 |140 -0.06895 -2.05988e-05 |141  0.45820  3.30359e-07
142 -0.15590  2.27536e-05 |143 -0.10661  8.51216e-05 |144 -0.33719 -2.85620e-05
size of file gradfil1.tmp = 0
size of file gradfil2.tmp = 0
size of file varssave.tmp = 0
size of file cmpdiff.tmp = 200000008
