
Initial statistics: 4 variables; iteration 0; function evaluation 0; phase 1
Function value 3.7886001e+03; maximum gradient component mag 1.1465e+02
Var    Value     Gradient |Var    Value     Gradient |Var    Value     Gradient
  1  0.20737  1.14651e+02 |  2 -0.59033 -8.50362e+00 |  3 -0.12819  4.37464e+00
  4 -0.21635 -5.63509e+01 |

 - final statistics:
4 variables; iteration 7; function evaluation 18
Function value 3.7474e+03; maximum gradient component mag -3.3327e+00
Exit code = 1;  converg criter 1.0000e+01
Var    Value     Gradient |Var    Value     Gradient |Var    Value     Gradient
  1 -0.03826 -3.33273e+00 |  2 -0.29345 -4.90137e-01 |  3 -0.24432 -2.98432e-01
  4  0.09574 -3.51805e-01 |

Initial statistics: 14 variables; iteration 0; function evaluation 0; phase 2
Function value 3.7474413e+03; maximum gradient component mag 9.8043e+02
Var    Value     Gradient |Var    Value     Gradient |Var    Value     Gradient
  1 -0.26966 -2.31094e+02 |  2  0.00000 -1.91016e+02 |  3 -0.26198 -4.65000e+02
  4 -0.03352 -1.24659e+02 |  5  0.18446  2.03176e+02 |  6 -0.04247 -1.70394e+02
  7  0.33333  9.80434e+02 |  8 -0.53989  2.67170e+01 |  9  0.00000 -1.43703e+02
 10 -0.21635 -2.62373e+01 | 11 -0.03826 -3.33273e+00 | 12 -0.29345 -4.90137e-01
 13 -0.24432 -2.98432e-01 | 14  0.09574 -3.51805e-01 |

Intermediate statistics: 14 variables; iteration 20; function evaluation 28; phase 2
Function value 3.3980333e+03; maximum gradient component mag -1.5751e+01
Var    Value     Gradient |Var    Value     Gradient |Var    Value     Gradient
  1 -0.20542  1.21594e+01 |  2  0.09265 -5.40658e+00 |  3 -0.09502 -2.17931e+00
  4 -0.04193  3.57703e+00 |  5 -0.44558 -3.04853e-02 |  6  0.05919  1.20780e+00
  7  0.13770 -1.57506e+01 |  8 -0.27808 -1.57006e+00 |  9  0.28829  2.37730e+00
 10 -0.24520  2.12988e+00 | 11  0.19284 -5.53979e+00 | 12 -0.25863 -2.17013e-01
 13 -0.19311  8.51237e-02 | 14  0.10091 -3.19468e-01 |

 - final statistics:
14 variables; iteration 23; function evaluation 31
Function value 3.3979e+03; maximum gradient component mag -4.9878e+00
Exit code = 1;  converg criter 1.0000e+01
Var    Value     Gradient |Var    Value     Gradient |Var    Value     Gradient
  1 -0.19616  5.54844e-01 |  2  0.09241 -4.68745e-01 |  3 -0.09427 -3.19603e-01
  4 -0.04308  6.02626e-01 |  5 -0.44355 -3.04891e-01 |  6  0.05276  1.58196e-01
  7  0.13923 -4.98777e+00 |  8 -0.28348 -1.15783e+00 |  9  0.28988  3.55243e-01
 10 -0.25702  5.73449e-01 | 11  0.24940 -1.78467e-01 | 12 -0.24050  1.04665e-01
 13 -0.18782 -1.09294e-02 | 14  0.10936  1.40986e-01 |

Initial statistics: 42 variables; iteration 0; function evaluation 0; phase 3
Function value 3.3979171e+03; maximum gradient component mag 1.5289e+03
Var    Value     Gradient |Var    Value     Gradient |Var    Value     Gradient
  1 -0.19616  5.54844e-01 |  2  0.09241 -4.68745e-01 |  3 -0.09427 -3.19603e-01
  4 -0.04308  6.02626e-01 |  5 -0.44355 -3.04891e-01 |  6  0.05276  1.58196e-01
  7  0.13923 -4.98777e+00 |  8 -0.28348 -1.15783e+00 |  9  0.28988  3.55243e-01
 10 -0.25702  5.73449e-01 | 11  0.24940 -1.78467e-01 | 12 -0.24050  1.04665e-01
 13 -0.18782 -1.09294e-02 | 14  0.10936  1.40986e-01 | 15 -0.11760 -9.30119e+02
 16 -0.33425  2.37510e+02 | 17 -0.10723 -6.14763e+02 | 18 -0.11760  1.79591e+01
 19 -0.33425 -1.59728e+01 | 20 -0.11760 -8.13381e+02 | 21 -0.33425  3.78635e+02
 22 -0.11760 -1.50235e+02 | 23 -0.33425  3.06754e+01 | 24 -0.10723 -1.49787e+02
 25  0.14414  1.28574e+03 | 26 -1.00000 -8.66316e-08 | 27 -0.32395 -2.37924e+02
 28 -0.40967  1.00837e+02 | 29  0.02302  1.52891e+03 | 30 -0.31415 -1.08437e+03
 31  0.53959  1.48338e+01 | 32 -0.62714  2.32644e-03 | 33  0.00000  5.99037e+02
 34 -0.21635 -3.58515e+02 | 35  0.16024  8.42781e+01 | 36 -0.11760 -1.08790e+01
 37 -0.10723 -1.93656e+02 | 38 -0.10723 -1.02187e+02 | 39 -0.12294 -6.47225e+01
 40 -0.31415  2.16005e+01 | 41  0.02302  2.42549e+02 | 42 -0.31415 -1.69142e+02

Intermediate statistics: 42 variables; iteration 20; function evaluation 29; phase 3
Function value 2.9686451e+03; maximum gradient component mag 5.9344e+02
Var    Value     Gradient |Var    Value     Gradient |Var    Value     Gradient
  1 -0.16500  2.94680e+02 |  2  0.06866  1.40029e+02 |  3 -0.10763  1.26786e+02
  4 -0.03801  9.75779e+01 |  5 -0.43061  3.54212e+01 |  6 -0.00072  7.42558e+01
  7  0.09371  5.93442e+02 |  8 -0.01929  1.50860e+02 |  9  0.19333  6.67266e+01
 10 -0.04562  3.54262e+01 | 11  0.05999 -7.42176e+01 | 12 -0.24449  2.19308e-01
 13 -0.21991  9.80991e-01 | 14  0.10486  9.93031e-02 | 15  0.38584  1.08627e+02
 16 -0.10266 -2.23047e+02 | 17 -0.63846 -1.28970e+00 | 18 -0.03232  8.81905e+00
 19 -0.26096 -2.21159e+01 | 20  0.02777  2.28664e+01 | 21 -0.27080 -7.66037e+01
 22  0.29834 -2.74004e+00 | 23 -0.10982  1.80217e+01 | 24  0.12878 -2.74825e-01
 25  0.03006  9.94917e+00 | 26 -0.98841 -1.32837e+00 | 27  0.01646 -1.55121e+02
 28 -0.13557  1.35300e+02 | 29 -0.37395 -2.87628e+02 | 30 -0.74524  2.05141e+01
 31  0.50051 -9.19049e+00 | 32 -0.62707 -6.27500e-03 | 33  0.12106  1.66270e+02
 34  0.06029 -8.00582e+01 | 35 -0.27823  1.99585e+01 | 36  0.31847 -1.53346e+00
 37  0.09670  3.87203e+01 | 38  0.11274  1.82324e-01 | 39  0.38746 -8.93760e+00
 40 -0.18319  8.79206e+00 | 41  0.24948  2.74976e+01 | 42 -0.05305 -1.15312e+01
42 variables; iteration 40; function evaluation 55; phase 3
Function value 2.9119206e+03; maximum gradient component mag 2.9017e+02
Var    Value     Gradient |Var    Value     Gradient |Var    Value     Gradient
  1 -0.11913  2.90173e+02 |  2  0.08172 -2.94373e+01 |  3 -0.14360  8.11937e+00
  4 -0.01735  6.77649e+01 |  5 -0.42037  1.72889e+01 |  6 -0.05370  2.06801e+01
  7  0.04651 -5.98417e+01 |  8  0.04874  1.41250e+01 |  9  0.07284  3.08896e+01
 10  0.02679 -4.50965e+00 | 11  0.12486 -1.01664e+02 | 12 -0.26772 -3.41149e-01
 13 -0.24145 -2.43273e+00 | 14  0.10026 -2.38681e-01 | 15  0.25183 -8.65018e+01
 16 -0.14280  8.43987e+01 | 17 -0.39411 -4.11641e+01 | 18  0.32061 -1.99855e+01
 19 -0.03131  7.21063e+01 | 20  0.06589 -2.28298e+02 | 21 -0.22799  2.16189e+02
 22  0.18681 -1.18598e+01 | 23 -0.16816  2.33076e+01 | 24  0.49015 -2.69968e-02
 25  0.05990 -1.69803e+02 | 26 -0.55379 -1.14706e+01 | 27  0.05108 -6.27219e+01
 28 -0.20191  1.95393e+01 | 29 -0.25021  1.53120e+01 | 30 -0.59799 -1.95209e+01
 31  0.42659 -1.66752e+00 | 32 -0.62127 -4.83504e-03 | 33 -0.03267 -3.39466e+00
 34 -0.07196 -3.83644e+01 | 35 -0.10049 -1.57455e+01 | 36  0.29603  2.87758e+01
 37  0.04156 -7.20719e+01 | 38 -0.43068 -5.78856e-01 | 39  0.37016  2.09081e+01
 40 -0.23336 -3.39685e+01 | 41  0.15621  6.85242e+00 | 42 -0.11963 -1.40106e+00
42 variables; iteration 60; function evaluation 80; phase 3
Function value 2.8536283e+03; maximum gradient component mag -3.7067e+01
Var    Value     Gradient |Var    Value     Gradient |Var    Value     Gradient
  1 -0.16150 -3.70666e+01 |  2  0.06051  7.90375e+00 |  3 -0.13733  1.25969e+01
  4 -0.03939  1.12802e+00 |  5 -0.42897 -1.18239e+00 |  6 -0.07022  1.47462e+00
  7  0.05713  1.71510e+01 |  8  0.07480  1.56786e+01 |  9 -0.07913 -3.47883e+00
 10  0.07538 -5.91560e-01 | 11  0.03840  3.13740e+01 | 12 -0.24238  4.27592e-01
 13 -0.24762 -4.31307e-01 | 14  0.09386 -4.46905e-01 | 15  0.20994 -2.88632e+01
 16 -0.17121  3.15138e+01 | 17 -0.08250 -1.06636e-01 | 18  0.87982 -4.72701e-01
 19 -0.00827  1.59128e+01 | 20  0.19437  2.75490e+01 | 21 -0.16208 -1.21137e+01
 22  0.20358  4.82065e+00 | 23 -0.18039 -4.27926e+00 | 24  0.49727 -1.94021e-02
 25  0.30565  5.85881e+00 | 26 -0.09042 -2.27423e+01 | 27  0.25880 -2.18476e+00
 28 -0.07109 -2.41427e-01 | 29 -0.26466  8.52417e+00 | 30 -0.61475 -1.44433e+01
 31  0.44995 -9.03790e-02 | 32 -0.46428 -2.11613e-03 | 33  0.00237 -2.18547e+00
 34  0.02083  3.62189e-01 | 35 -0.11656  4.64163e-01 | 36  0.17715 -1.07131e+00
 37  0.04073  3.67145e+00 | 38 -0.22673  2.79680e-01 | 39  0.43768  1.01463e-01
 40 -0.16835  1.73762e-01 | 41  0.12698 -2.53253e+00 | 42 -0.13210  3.26346e+00
Maximum number of function evaluations exceeded

 - final statistics:
42 variables; iteration 80; function evaluation 100
Function value 2.8493e+03; maximum gradient component mag -4.0366e+00
Exit code = 3;  converg criter 1.0000e+00
Var    Value     Gradient |Var    Value     Gradient |Var    Value     Gradient
  1 -0.16059  9.77323e-01 |  2  0.05873 -2.01976e+00 |  3 -0.13704 -1.62815e+00
  4 -0.04323 -8.31411e-01 |  5 -0.42684 -5.73709e-01 |  6 -0.06764 -1.13879e+00
  7  0.06038 -4.03664e+00 |  8  0.05421 -8.77664e-01 |  9 -0.06723 -5.53316e-02
 10  0.06924 -9.23791e-02 | 11  0.03535 -3.22959e+00 | 12 -0.26450  1.30711e-02
 13 -0.24389  1.79955e-01 | 14  0.10153  2.57913e-02 | 15  0.23470 -1.65129e+00
 16 -0.16219  1.36632e+00 | 17 -0.10723  6.37725e-01 | 18  1.05788 -5.33796e-02
 19 -0.01437 -6.11962e-01 | 20  0.17047 -2.39204e+00 | 21 -0.17463  2.28913e+00
 22  0.16409 -6.47718e-01 | 23 -0.20269 -6.99714e-01 | 24  0.23229 -3.42441e-01
 25  0.34530 -1.64870e+00 | 26 -0.04130  1.12981e+00 | 27  0.26785 -2.26948e+00
 28 -0.06674  1.70424e+00 | 29 -0.17940  1.33899e+00 | 30 -0.35978 -1.39702e+00
 31  0.35856 -4.99153e-01 | 32 -0.67142 -5.71555e-03 | 33  0.01379  3.22505e+00
 34  0.02788 -1.78579e+00 | 35 -0.13884  4.62626e-01 | 36  0.18081 -5.36382e-01
 37  0.03895 -5.48465e-01 | 38 -0.23667 -4.93912e-01 | 39  0.43282 -1.20181e+00
 40 -0.17097  1.34260e+00 | 41  0.13545  1.13159e+00 | 42 -0.12895 -7.71845e-01

Initial statistics: 132 variables; iteration 0; function evaluation 0; phase 4
Function value 2.8493355e+03; maximum gradient component mag -7.8592e+02
Var    Value     Gradient |Var    Value     Gradient |Var    Value     Gradient
  1 -0.16059  9.77323e-01 |  2  0.05873 -2.01976e+00 |  3 -0.13704 -1.62815e+00
  4 -0.04323 -8.31411e-01 |  5 -0.42684 -5.73709e-01 |  6 -0.06764 -1.13879e+00
  7  0.06038 -4.03664e+00 |  8  0.05421 -8.77664e-01 |  9 -0.06723 -5.53316e-02
 10  0.06924 -9.23791e-02 | 11  0.03535 -3.22959e+00 | 12  0.00000 -5.42317e-01
 13  0.00000 -6.19047e-01 | 14  0.00000 -7.06044e-01 | 15  0.00000 -8.04599e-01
 16  0.00000 -9.16422e-01 | 17  0.00000 -1.04377e+00 | 18  0.00000 -1.18882e+00
 19  0.00000 -1.35300e+00 | 20  0.00000 -1.53705e+00 | 21  0.00000 -1.74389e+00
 22  0.00000 -1.97259e+00 | 23  0.00000 -2.22611e+00 | 24  0.00000 -2.50898e+00
 25  0.00000 -2.82313e+00 | 26  0.00000 -3.16750e+00 | 27  0.00000 -3.53717e+00
 28  0.00000 -3.93812e+00 | 29  0.00000 -4.37428e+00 | 30  0.00000 -4.84308e+00
 31  0.00000 -5.34773e+00 | 32  0.00000 -5.90194e+00 | 33  0.00000 -6.54373e+00
 34  0.00000 -7.31151e+00 | 35  0.00000 -8.22117e+00 | 36  0.00000 -9.13722e+00
 37  0.00000 -9.69067e+00 | 38  0.00000 -9.14052e+00 | 39  0.00000 -6.58078e+00
 40  0.00000 -2.12144e+00 | 41  0.00000  2.02718e+00 | 42  0.00000  3.14051e+00
 43  0.00000 -6.58565e-01 | 44  0.00000 -8.06065e+00 | 45  0.00000 -1.50955e+01
 46  0.00000 -2.21628e+01 | 47  0.00000 -2.63975e+01 | 48  0.00000 -1.61058e+01
 49  0.00000 -8.69268e+00 | 50  0.00000 -2.79158e+01 | 51  0.00000 -6.00690e+01
 52  0.00000 -8.35350e+01 | 53  0.00000  1.62149e+01 | 54  0.00000  1.13879e+02
 55  0.00000  9.95620e+01 | 56  0.00000 -2.03930e+00 | 57  0.00000  1.22768e+02
 58  0.00000  2.56953e+02 | 59  0.00000  2.76000e+02 | 60  0.00000 -6.07075e+01
 61  0.00000 -5.15112e+02 | 62  0.00000 -4.25255e+01 | 63  0.00000  3.02575e+01
 64  0.00000  3.11390e+01 | 65  0.00000 -2.56816e+01 | 66  0.00000 -3.20218e+01
 67  0.00000  2.39933e+01 | 68  0.00000  2.15409e+01 | 69  0.00000  6.51366e+01
 70  0.00000  7.72407e+00 | 71  0.00000  1.14292e+02 | 72  0.00000  1.38583e+02
 73  0.00000  2.06600e+02 | 74  0.00000  1.71347e+02 | 75  0.00000 -2.55513e+02
 76  0.00000 -7.85918e+02 | 77  0.00000 -1.18432e+02 | 78  0.00000  6.23666e+01
 79  0.00000  1.36702e+02 | 80  0.00000 -5.20885e+01 | 81  0.00000  2.07919e+02
 82  0.00000  3.11428e+02 | 83  0.00000  3.37200e+02 | 84  0.00000  2.15342e+02
 85  0.00000  1.55377e+02 | 86  0.00000 -2.10252e+02 | 87  0.00000 -3.66084e+02
 88  0.00000 -4.69040e+01 | 89  0.00000 -1.86361e+02 | 90  0.00000 -4.87401e+02
 91  0.00000  1.00236e+01 | 92  0.00000  2.27832e+01 | 93  0.00000  5.99224e+00
 94  0.00000  1.01499e+02 | 95  0.00000  1.98433e+02 | 96  0.00000  1.18965e+02
 97  0.00000  2.79154e+01 | 98  0.00000 -7.63771e+01 | 99  0.00000  4.07319e+01
100  0.00000 -7.50357e+00 |101  0.00000 -1.03270e+01 |102 -0.26450  1.30711e-02
103 -0.24389  1.79955e-01 |104  0.10153  2.57913e-02 |105  0.23470 -1.65129e+00
106 -0.16219  1.36632e+00 |107 -0.10723  6.37725e-01 |108  0.94212  5.33796e-02
109 -0.01437 -6.11962e-01 |110  0.17047 -2.39204e+00 |111 -0.17463  2.28913e+00
112  0.16409 -6.47718e-01 |113 -0.20269 -6.99714e-01 |114  0.23229 -3.42441e-01
115  0.34530 -1.64870e+00 |116 -0.04130  1.12981e+00 |117  0.26785 -2.26948e+00
118 -0.06674  1.70424e+00 |119 -0.17940  1.33899e+00 |120 -0.35978 -1.39702e+00
121  0.35856 -4.99153e-01 |122 -0.67142 -5.71555e-03 |123  0.01379  3.22505e+00
124  0.02788 -1.78579e+00 |125 -0.13884  4.62626e-01 |126  0.18081 -5.36382e-01
127  0.03895 -5.48465e-01 |128 -0.23667 -4.93912e-01 |129  0.43282 -1.20181e+00
130 -0.17097  1.34260e+00 |131  0.13545  1.13159e+00 |132 -0.12895 -7.71845e-01

Intermediate statistics: 132 variables; iteration 20; function evaluation 27; phase 4
Function value 2.3813536e+03; maximum gradient component mag 4.6167e+02
Var    Value     Gradient |Var    Value     Gradient |Var    Value     Gradient
  1 -0.14071 -6.42230e+01 |  2  0.02661 -6.15062e+01 |  3 -0.10577 -2.23762e+01
  4  0.07475  5.52574e+01 |  5 -0.43170 -4.16611e+00 |  6 -0.04640 -3.88012e+01
  7  0.06259 -1.40658e+02 |  8  0.00531 -1.31397e+01 |  9  0.11951  2.48119e+01
 10 -0.03386 -1.05224e+01 | 11 -0.06148  4.50496e+01 | 12  0.00602  1.66300e-01
 13  0.00690  1.89671e-01 | 14  0.00791  2.16265e-01 | 15  0.00906  2.46519e-01
 16  0.01038  2.81081e-01 | 17  0.01191  3.20898e-01 | 18  0.01370  3.67040e-01
 19  0.01580  4.20252e-01 | 20  0.01823  4.80830e-01 | 21  0.02105  5.49438e-01
 22  0.02427  6.26271e-01 | 23  0.02800  7.12178e-01 | 24  0.03239  8.08524e-01
 25  0.03757  9.14931e-01 | 26  0.04361  1.02923e+00 | 27  0.05048  1.14799e+00
 28  0.05818  1.27103e+00 | 29  0.06651  1.40253e+00 | 30  0.07489  1.56401e+00
 31  0.08233  1.80350e+00 | 32  0.08772  2.18621e+00 | 33  0.09082  2.73342e+00
 34  0.09305  3.38150e+00 | 35  0.09795  4.00084e+00 | 36  0.10642  4.43436e+00
 37  0.11186  4.57346e+00 | 38  0.09916  4.39185e+00 | 39  0.05702  3.31378e+00
 40  0.00529  8.23647e-01 | 41 -0.02883 -1.32579e+00 | 42 -0.03621 -1.95590e+00
 43 -0.00843 -4.67461e-01 | 44  0.05316  2.70123e+00 | 45  0.08285  6.67546e+00
 46  0.08647  1.05460e+01 | 47  0.12664  1.29166e+01 | 48  0.03400  4.18149e+00
 49 -0.00714  7.47963e-01 | 50  0.08829  8.72460e+00 | 51  0.00475  7.40295e+00
 52  0.16068  4.78035e+01 | 53 -0.05282 -7.14119e-01 | 54 -0.02550 -3.04390e+00
 55 -0.04006 -8.68129e-01 | 56  0.09926  1.88840e+00 | 57 -0.01172  3.39802e+00
 58 -0.07045  4.65396e+00 | 59 -0.13894 -3.44831e+00 | 60 -0.23617 -2.04159e+01
 61  0.19816 -1.29882e+02 | 62 -0.19677 -1.44182e+01 | 63  0.04878  4.04191e+00
 64  0.03056  2.19829e+01 | 65  0.06004  4.69840e+01 | 66  0.06275  5.54832e+01
 67  0.00419  3.47965e+01 | 68  0.04137  3.55456e+01 | 69 -0.06579  1.62083e+01
 70  0.06023  3.02932e+01 | 71 -0.07667  3.20902e+00 | 72 -0.01530 -2.94980e+00
 73 -0.11546 -1.50443e+01 | 74 -0.13438 -2.86932e+01 | 75 -0.24527 -2.07640e+01
 76  0.33345  4.61667e+02 | 77 -0.37477 -2.50066e+01 | 78  0.03618 -1.75471e+01
 79 -0.10154 -2.67263e+01 | 80  0.10360 -4.99438e+01 | 81 -0.08344 -2.79684e+01
 82 -0.23479 -2.39413e+01 | 83 -0.29477 -2.15437e+01 | 84 -0.04011 -1.49707e+01
 85 -0.24486 -2.25028e+01 | 86  0.12241 -2.57714e+01 | 87  0.17335 -5.12190e+01
 88 -0.00219 -2.52689e+01 | 89  0.07260 -6.72899e+00 | 90  0.21052 -3.32453e+00
 91 -0.08424 -2.00485e+01 | 92  0.03835 -1.15062e+00 | 93  0.07043 -3.57090e+00
 94 -0.01084 -4.41266e+00 | 95 -0.21249 -1.71175e+01 | 96 -0.05585 -7.02944e+00
 97 -0.00576  2.79682e-01 | 98  0.06618 -8.95653e+00 | 99 -0.05681 -7.88076e+00
100  0.04217  7.20238e-01 |101  0.12100  4.29754e+00 |102 -0.26999  2.42797e-01
103 -0.22514 -9.76936e-02 |104 -0.05829  3.41634e+00 |105  0.19074 -1.63067e+02
106 -0.13580  3.37251e+02 |107 -0.10709 -4.27593e+00 |108  0.94015  2.03607e-01
109 -0.00204 -6.46527e+00 |110  0.09398  3.12910e+01 |111 -0.21659 -4.21474e+01
112  0.19394  1.50314e+00 |113 -0.17228 -2.36511e+00 |114  0.24082 -2.66488e-01
115  0.32372  2.00237e+01 |116 -0.04321 -1.61012e+01 |117  0.13392 -5.12361e+00
118 -0.11109  7.71116e+00 |119 -0.18446  3.78011e+01 |120 -0.39634 -1.34587e+01
121  0.25500  6.33396e+00 |122 -0.67129 -6.58647e-03 |123  0.00423  5.50161e+00
124 -0.00190 -3.49064e+00 |125 -0.14633  1.00932e-02 |126  0.13004  1.35123e+01
127  0.02893 -2.97258e+01 |128 -0.18988 -1.53692e+00 |129  0.43445  2.00952e+00
130 -0.16529 -2.96280e+00 |131  0.08267  2.21878e+00 |132 -0.17785  7.74071e-01
132 variables; iteration 40; function evaluation 47; phase 4
Function value 2.3590046e+03; maximum gradient component mag 2.2468e+02
Var    Value     Gradient |Var    Value     Gradient |Var    Value     Gradient
  1 -0.14947 -1.02036e+02 |  2 -0.00110 -2.36186e+01 |  3 -0.05709 -5.66476e+00
  4  0.00989  1.61760e+01 |  5 -0.40467 -3.72200e+00 |  6 -0.01923  1.32578e+01
  7  0.08493 -6.45772e+01 |  8 -0.06445 -1.11817e+01 |  9  0.16836  5.22667e-01
 10 -0.10678 -7.89655e+00 | 11 -0.02473  1.06625e+02 | 12  0.00369 -1.22715e-02
 13  0.00429 -9.14812e-03 | 14  0.00499 -4.41341e-03 | 15  0.00581  2.44166e-03
 16  0.00676  1.18842e-02 | 17  0.00788  2.41720e-02 | 18  0.00920  3.91934e-02
 19  0.01075  5.69811e-02 | 20  0.01253  7.71948e-02 | 21  0.01458  9.86642e-02
 22  0.01686  1.17823e-01 | 23  0.01934  1.29377e-01 | 24  0.02196  1.24099e-01
 25  0.02458  9.32602e-02 | 26  0.02710  3.40846e-02 | 27  0.02953 -3.47656e-02
 28  0.03268 -4.63327e-02 | 29  0.03862  1.45042e-01 | 30  0.04988  7.12438e-01
 31  0.06267  1.51318e+00 | 32  0.06390  2.01615e+00 | 33  0.06027  2.53991e+00
 34  0.06733  3.95219e+00 | 35  0.08055  5.92538e+00 | 36  0.09455  7.95066e+00
 37  0.10478  9.81933e+00 | 38  0.08357  9.20783e+00 | 39  0.04409  7.19765e+00
 40 -0.01126  2.85687e+00 | 41 -0.04291  4.58865e-01 | 42 -0.04205  1.07776e+00
 43 -0.00435  5.23692e+00 | 44  0.05455  1.15259e+01 | 45  0.06663  1.41779e+01
 46  0.04033  1.19930e+01 | 47  0.10491  2.45373e+01 | 48  0.04981  1.71940e+01
 49 -0.00879  6.48917e+00 | 50  0.05086  1.13624e+01 | 51  0.03024  1.47854e+01
 52  0.12653  2.19389e+01 | 53 -0.07103 -4.34530e+00 | 54 -0.02711  1.88288e+00
 55 -0.06629  3.11664e-01 | 56  0.08272  2.73399e+01 | 57 -0.02177  1.86943e+01
 58 -0.08076  1.18773e+01 | 59 -0.17753 -6.90791e+00 | 60 -0.21715 -1.74630e+01
 61  0.18529  7.38718e+00 | 62 -0.19547 -1.23458e+01 | 63  0.01732 -1.77917e+01
 64  0.00670  1.56293e+00 | 65  0.03803  1.87769e+01 | 66  0.03782  1.82844e+01
 67 -0.01759  1.63347e+01 | 68  0.02455  1.62415e+01 | 69 -0.10151  2.83021e+00
 70  0.03668  7.14291e+00 | 71 -0.08804  4.23475e+00 | 72 -0.02431  1.11729e+01
 73 -0.11870 -3.88401e+00 | 74 -0.10727 -1.12901e+01 | 75 -0.19088 -1.60249e+01
 76  0.29731  2.24681e+02 | 77 -0.29247 -1.98356e+01 | 78  0.02791  1.54196e+00
 79 -0.07105 -8.16656e+00 | 80  0.07925 -3.97271e+01 | 81 -0.09934 -2.21125e+01
 82 -0.21310 -8.44539e+00 | 83 -0.22001  3.48689e+00 | 84 -0.05214  1.22909e+01
 85 -0.14348 -1.72602e+01 | 86  0.09365 -3.02439e+01 | 87  0.15702 -4.19678e+01
 88 -0.01183 -2.10247e+01 | 89  0.05333 -6.91742e+00 | 90  0.19421  1.08290e+01
 91 -0.07155 -3.37523e+00 | 92  0.02148 -2.42508e-01 | 93  0.06084  1.34032e+01
 94 -0.04721 -1.52489e+01 | 95 -0.17217 -3.22868e+00 | 96 -0.06638  3.74506e+00
 97 -0.01353  1.62635e+01 | 98  0.04451 -1.02880e+01 | 99 -0.06576 -1.82111e+00
100  0.02757  3.22914e+00 |101  0.06085 -5.76305e+00 |102 -0.38459 -1.97958e+00
103 -0.27549 -3.40292e+00 |104 -0.06255  1.83705e+00 |105  0.19259 -5.28764e+01
106 -0.15224  1.27967e+02 |107 -0.05577  2.18155e-01 |108  0.87711  2.90924e-01
109 -0.00304 -4.71946e+00 |110  0.08768  3.65632e+01 |111 -0.21900 -4.90063e+01
112  0.43559  7.45874e+00 |113 -0.08855 -2.40439e+01 |114  0.42676  5.88221e-04
115  0.32947  9.38123e+00 |116 -0.02870 -5.83581e+00 |117  0.10667  8.22112e+00
118 -0.13504 -1.51835e+01 |119 -0.18410  1.73255e+01 |120 -0.38325 -2.67189e+00
121  0.26777  1.31949e+01 |122 -0.66628 -5.41018e-03 |123 -0.00505 -2.80654e+01
124 -0.00087  9.35478e+00 |125 -0.15236 -9.42804e+00 |126 -0.24981 -1.63264e+01
127 -0.08452  1.44274e+01 |128  0.30939  1.06827e+00 |129  0.47245 -6.44477e-01
130 -0.14130  4.23416e+00 |131  0.09856  5.33298e+00 |132 -0.15847  4.76533e+00
132 variables; iteration 60; function evaluation 71; phase 4
Function value 2.3457903e+03; maximum gradient component mag -1.3826e+02
Var    Value     Gradient |Var    Value     Gradient |Var    Value     Gradient
  1 -0.19928 -1.38261e+02 |  2  0.02523  3.75415e+01 |  3 -0.06431  2.62105e+01
  4  0.00783  2.37084e+01 |  5 -0.41316  9.88113e+00 |  6  0.00553 -1.73800e+01
  7  0.08733  2.86089e+01 |  8 -0.07410  1.06741e+00 |  9  0.17488  2.92340e+00
 10 -0.09422  5.40644e+00 | 11 -0.08149  1.26895e+02 | 12  0.00598  2.89247e-01
 13  0.00672  3.21997e-01 | 14  0.00754  3.57347e-01 | 15  0.00844  3.94955e-01
 16  0.00942  4.34803e-01 | 17  0.01051  4.77421e-01 | 18  0.01173  5.23828e-01
 19  0.01310  5.73516e-01 | 20  0.01457  6.24102e-01 | 21  0.01613  6.71427e-01
 22  0.01773  7.14175e-01 | 23  0.01938  7.53176e-01 | 24  0.02127  8.01419e-01
 25  0.02362  8.77078e-01 | 26  0.02677  1.01010e+00 | 27  0.03117  1.24074e+00
 28  0.03744  1.61357e+00 | 29  0.04561  2.13045e+00 | 30  0.05341  2.65531e+00
 31  0.05658  2.92662e+00 | 32  0.05310  2.81437e+00 | 33  0.04203  2.16479e+00
 34  0.03019  1.36950e+00 | 35  0.02763  1.16486e+00 | 36  0.03772  1.89694e+00
 37  0.05276  3.35332e+00 | 38  0.04304  3.92205e+00 | 39  0.02393  4.88652e+00
 40  0.01489  7.57942e+00 | 41  0.00057  8.58075e+00 | 42 -0.00519  8.59081e+00
 43  0.00195  7.92268e+00 | 44  0.02342  7.87773e+00 | 45  0.04737  1.06330e+01
 46  0.05661  1.29974e+01 | 47  0.08516  1.71811e+01 | 48  0.03629  1.53660e+01
 49  0.01598  1.69552e+01 | 50  0.04232  2.05322e+01 | 51  0.04090  2.29388e+01
 52  0.10981  2.72570e+01 | 53 -0.00514  1.49650e+01 | 54 -0.04734  7.45805e+00
 55 -0.04334  9.24276e+00 | 56  0.07632  1.04119e+01 | 57 -0.02606  9.95404e+00
 58 -0.08590  1.49687e+01 | 59 -0.11966  2.10747e+01 | 60 -0.15067  2.11780e-01
 61  0.18704  7.80312e+01 | 62 -0.14252 -9.78276e-01 | 63  0.01916 -1.98307e+00
 64  0.00792  3.44024e+00 | 65  0.03142 -3.13078e-02 | 66  0.03437 -9.16979e+00
 67 -0.04357 -9.56730e+00 | 68  0.01774 -6.83109e+00 | 69 -0.10371 -2.42904e-01
 70  0.02383 -9.45662e+00 | 71 -0.09557 -8.50373e-01 | 72 -0.05424 -2.87700e+00
 73 -0.11377  3.26065e+00 | 74 -0.09254  3.22606e+00 | 75 -0.19946 -1.66848e+01
 76  0.26797  6.12714e+00 | 77 -0.21119 -1.13441e+01 | 78  0.01180 -4.98070e+00
 79 -0.06202  5.54486e+00 | 80  0.07196 -8.55503e+00 | 81 -0.06872  1.96017e+01
 82 -0.17454  1.42634e+01 | 83 -0.21979  8.13503e+00 | 84 -0.08018  3.18534e-01
 85 -0.08525  9.48578e+00 | 86  0.08432 -1.83191e+01 | 87  0.15286 -7.27801e+00
 88 -0.00681 -4.90390e+00 | 89  0.04772 -1.71501e+00 | 90  0.18815  8.49327e+00
 91 -0.08321 -9.85526e+00 | 92  0.01919 -1.49103e+00 | 93  0.05087  2.74078e-01
 94 -0.02716  3.64628e+00 | 95 -0.15020  6.05885e+00 | 96 -0.07216 -1.12773e+00
 97 -0.02265  1.03445e+00 | 98  0.04653 -5.89469e+00 | 99 -0.06234 -4.84439e-01
100  0.02095 -2.20390e+00 |101  0.09293  5.43417e-01 |102 -0.21251  1.84196e+00
103 -0.24146  1.71132e+00 |104 -0.08964  9.67229e-01 |105  0.15440  1.20860e+00
106 -0.18002 -1.49601e+00 |107 -0.01883  4.18560e-01 |108  0.77571  2.06777e-01
109 -0.00192  5.19864e-01 |110  0.08276  1.92578e+01 |111 -0.21718 -1.79438e+01
112  0.42053  5.16326e+00 |113 -0.08256 -1.27939e+01 |114  0.56039  2.92629e-03
115  0.33766  6.18338e+00 |116 -0.01328  3.26411e-01 |117  0.16980  5.92911e+00
118 -0.06883  4.27135e+00 |119 -0.18668 -3.94165e+00 |120 -0.38678  8.97608e-01
121  0.24468 -3.35135e+00 |122 -0.66059 -8.30895e-03 |123 -0.02686 -1.02477e+01
124 -0.02679  1.40997e+00 |125 -0.10169 -2.06786e-01 |126 -0.02365 -6.60217e+00
127 -0.00685  6.64038e+00 |128 -0.05644  2.45310e+00 |129  0.40298 -7.44024e-01
130 -0.18427 -3.96247e+00 |131  0.04237 -7.98922e+00 |132 -0.20557  5.44547e+00
132 variables; iteration 80; function evaluation 91; phase 4
Function value 2.3434185e+03; maximum gradient component mag 6.8344e+01
Var    Value     Gradient |Var    Value     Gradient |Var    Value     Gradient
  1 -0.19304 -5.44270e+01 |  2  0.02326  1.59659e+01 |  3 -0.06506  1.46967e+01
  4 -0.00036  8.03416e+00 |  5 -0.41046  2.38084e+00 |  6  0.01180 -1.94101e+00
  7  0.08649  1.59303e+01 |  8 -0.07290  4.42259e+00 |  9  0.18346  1.81135e+00
 10 -0.10377 -6.24397e-01 | 11 -0.07900  6.83440e+01 | 12  0.00532  2.28810e-01
 13  0.00605  2.60062e-01 | 14  0.00687  2.95335e-01 | 15  0.00780  3.35015e-01
 16  0.00885  3.79762e-01 | 17  0.01005  4.30542e-01 | 18  0.01142  4.88463e-01
 19  0.01300  5.53781e-01 | 20  0.01476  6.25758e-01 | 21  0.01672  7.02862e-01
 22  0.01884  7.83544e-01 | 23  0.02112  8.66791e-01 | 24  0.02365  9.56499e-01
 25  0.02648  1.05816e+00 | 26  0.02974  1.18402e+00 | 27  0.03360  1.35604e+00
 28  0.03851  1.60836e+00 | 29  0.04464  1.96031e+00 | 30  0.05073  2.34937e+00
 31  0.05403  2.61748e+00 | 32  0.05372  2.72261e+00 | 33  0.05017  2.63227e+00
 34  0.04775  2.56195e+00 | 35  0.05119  2.75232e+00 | 36  0.05995  3.14093e+00
 37  0.06525  3.42892e+00 | 38  0.05251  3.26190e+00 | 39  0.02705  3.19745e+00
 40 -0.00311  2.76009e+00 | 41 -0.01933  2.90955e+00 | 42 -0.02095  3.23074e+00
 43  0.00009  4.23649e+00 | 44  0.03402  4.84859e+00 | 45  0.04981  5.50492e+00
 46  0.06170  6.69681e+00 | 47  0.08317  5.95087e+00 | 48  0.03598  6.31067e+00
 49  0.01238  7.22081e+00 | 50  0.04463  7.88804e+00 | 51  0.03705  9.28356e+00
 52  0.11088  4.00701e+00 | 53 -0.01351  7.77800e+00 | 54 -0.03522  1.11179e+01
 55 -0.03566  1.27302e+01 | 56  0.07380  7.82710e+00 | 57 -0.01635  1.63425e+01
 58 -0.08256  1.60380e+01 | 59 -0.13530  1.19985e+01 | 60 -0.14519 -1.68698e+00
 61  0.18404  1.80439e+01 | 62 -0.13517 -7.71985e-01 | 63  0.02448  8.08317e-01
 64  0.00495  9.91461e-01 | 65  0.03306  4.06896e+00 | 66  0.04072  4.79230e+00
 67 -0.03512 -2.50896e-01 | 68  0.02547  6.95547e+00 | 69 -0.11160 -6.57090e-01
 70  0.02973  8.05291e-01 | 71 -0.09027  4.04983e+00 | 72 -0.04582  5.25877e+00
 73 -0.11297  4.42504e+00 | 74 -0.10032  5.82688e-01 | 75 -0.17935 -1.51859e+01
 76  0.26407 -1.23390e+01 | 77 -0.21088 -1.11006e+01 | 78  0.01313  1.70838e+00
 79 -0.06552  5.21098e+00 | 80  0.07236  1.79209e+00 | 81 -0.08197  6.58778e+00
 82 -0.18118  1.17619e+01 | 83 -0.21999  8.99481e+00 | 84 -0.08121  5.86192e-01
 85 -0.09356  4.96052e+00 | 86  0.08623 -4.01478e+00 | 87  0.14993 -6.05887e+00
 88 -0.00786 -4.58053e+00 | 89  0.03845 -1.52476e+01 | 90  0.18324 -1.11285e+01
 91 -0.07097 -4.01111e-03 | 92  0.01745  1.31525e+00 | 93  0.04548 -4.36692e+00
 94 -0.03699 -3.16235e+00 | 95 -0.15803  4.20716e+00 | 96 -0.07209  2.47723e+00
 97 -0.02727 -1.53221e+00 | 98  0.04865  6.28496e-01 | 99 -0.06606 -3.47475e+00
100  0.03299  6.88214e-01 |101  0.09429 -2.66262e-01 |102 -0.30356  1.37127e-01
103 -0.25441  1.19831e+00 |104 -0.10789 -6.68344e-01 |105  0.15993  1.29568e+01
106 -0.18087 -2.02389e+01 |107 -0.01203  5.03105e-01 |108  0.70174  3.70373e-01
109 -0.00932 -1.32362e+00 |110  0.07417 -1.49871e+01 |111 -0.22264  1.69654e+01
112  0.32767 -1.10678e+00 |113 -0.09568  1.01261e+01 |114  0.58556  4.38199e-04
115  0.33199  2.81006e+00 |116 -0.02190  2.46866e-01 |117  0.11667  2.29526e+00
118 -0.11512 -3.01241e+00 |119 -0.18400 -1.96519e+00 |120 -0.38497 -5.25074e-01
121  0.24271 -5.09954e+00 |122 -0.64991 -8.79998e-03 |123 -0.01154  3.21449e+00
124 -0.01804 -4.23132e+00 |125 -0.12560  1.03848e+00 |126  0.02157  6.51986e+00
127 -0.00244 -1.50298e+01 |128 -0.09374  3.09679e+00 |129  0.41688 -3.05672e+00
130 -0.17123  1.99463e+00 |131  0.05678  2.36568e+00 |132 -0.19655 -1.71406e+00
132 variables; iteration 100; function evaluation 114; phase 4
Function value 2.3419860e+03; maximum gradient component mag -7.3476e+01
Var    Value     Gradient |Var    Value     Gradient |Var    Value     Gradient
  1 -0.20176 -7.34757e+01 |  2  0.02176 -5.82659e-01 |  3 -0.06678  1.25058e-01
  4 -0.00159  6.73557e-01 |  5 -0.41339 -3.88898e-01 |  6  0.01255 -1.27336e+01
  7  0.08465  1.63096e+00 |  8 -0.07032 -1.16638e+00 |  9  0.18421  1.75816e+00
 10 -0.08952  1.17759e+00 | 11 -0.07744  7.16371e+01 | 12  0.00670  2.97060e-01
 13  0.00750  3.26999e-01 | 14  0.00837  3.58500e-01 | 15  0.00931  3.91178e-01
 16  0.01035  4.25003e-01 | 17  0.01150  4.60632e-01 | 18  0.01280  4.99518e-01
 19  0.01429  5.43043e-01 | 20  0.01600  5.93202e-01 | 21  0.01799  6.53911e-01
 22  0.02034  7.30532e-01 | 23  0.02312  8.26848e-01 | 24  0.02632  9.37262e-01
 25  0.02960  1.03600e+00 | 26  0.03247  1.09186e+00 | 27  0.03487  1.11393e+00
 28  0.03735  1.14830e+00 | 29  0.03954  1.18248e+00 | 30  0.03890  1.07580e+00
 31  0.03547  8.49249e-01 | 32  0.03828  1.10829e+00 | 33  0.04004  1.33256e+00
 34  0.04134  1.49069e+00 | 35  0.04321  1.56829e+00 | 36  0.04469  1.54699e+00
 37  0.04426  1.67183e+00 | 38  0.04882  3.06548e+00 | 39  0.02419  3.52599e+00
 40  0.00237  4.41739e+00 | 41 -0.01491  4.73883e+00 | 42 -0.01063  6.17578e+00
 43  0.00187  6.14172e+00 | 44  0.01735  4.80564e+00 | 45  0.05950  8.56392e+00
 46  0.04168  6.24177e+00 | 47  0.08309  8.02348e+00 | 48  0.04214  7.99289e+00
 49 -0.01145  3.20364e+00 | 50  0.04406  5.37617e+00 | 51  0.02569  6.58268e+00
 52  0.10930  6.54394e+00 | 53 -0.01969  8.00164e+00 | 54 -0.03278  1.09962e+01
 55 -0.05753  5.16505e+00 | 56  0.07567  1.05181e+01 | 57 -0.02817  9.97309e+00
 58 -0.08717  1.23644e+01 | 59 -0.13843  1.07008e+01 | 60 -0.15169 -3.87990e+00
 61  0.17945 -4.61671e-01 | 62 -0.13033  1.14218e+00 | 63  0.02518  9.75483e+00
 64  0.00438  5.84629e+00 | 65  0.03040  3.98625e+00 | 66  0.03451  4.09803e+00
 67 -0.02184  6.70723e+00 | 68  0.01402  1.02899e+00 | 69 -0.09602  3.57369e+00
 70  0.02733  2.49492e+00 | 71 -0.09165  3.53672e+00 | 72 -0.04897  3.89666e+00
 73 -0.10841  6.72582e+00 | 74 -0.10066  2.87692e+00 | 75 -0.14642 -1.09251e+01
 76  0.26498 -7.52362e+00 | 77 -0.18303 -6.73593e+00 | 78  0.01702  6.45296e+00
 79 -0.06552  4.64862e+00 | 80  0.07446  3.80452e+00 | 81 -0.08617  1.03603e+00
 82 -0.19708  2.66205e+00 | 83 -0.22098  7.70107e+00 | 84 -0.07205  7.61440e+00
 85 -0.10217  1.13203e-02 | 86  0.08916 -7.58734e-01 | 87  0.15123 -5.70923e+00
 88 -0.00782 -5.93949e+00 | 89  0.04515 -8.52113e+00 | 90  0.18518 -1.02611e+01
 91 -0.06901 -1.18411e-01 | 92  0.02031  1.81652e+00 | 93  0.05126  2.69708e+00
 94 -0.02961  1.30355e+00 | 95 -0.16344  8.95178e-01 | 96 -0.06733  1.44312e+00
 97 -0.02082 -6.87429e-01 | 98  0.05516  1.18500e+00 | 99 -0.05482  1.11636e-01
100  0.03107 -6.85223e-01 |101  0.09122 -7.28454e-01 |102 -0.25146  1.12071e+00
103 -0.25322  6.66070e-01 |104 -0.10358 -2.52599e-01 |105  0.15315  4.46192e+00
106 -0.18409 -1.02190e+01 |107  0.02149  2.34839e-01 |108  0.57747 -2.69314e-01
109 -0.01958  4.16854e+00 |110  0.07411 -5.25182e+00 |111 -0.22351  4.72696e+00
112  0.30474  1.88828e-01 |113 -0.10723  6.19323e+00 |114  0.62200  9.39454e-04
115  0.32150  1.63545e+00 |116 -0.03498 -3.25820e+00 |117  0.10992 -4.33859e-01
118 -0.12010 -1.36877e+00 |119 -0.18009  1.39575e+00 |120 -0.37375  1.66727e+00
121  0.24676  4.99249e-01 |122 -0.62507 -8.08951e-03 |123  0.00360  3.70627e+00
124  0.00138 -6.42511e-01 |125 -0.15300  5.31960e-03 |126  0.03276  1.13234e+00
127  0.00578 -3.34360e+00 |128 -0.11470 -4.76846e-01 |129  0.44803 -1.63112e-01
130 -0.15406  1.49559e+00 |131  0.04059  7.55912e-02 |132 -0.21201 -2.86262e+00
132 variables; iteration 120; function evaluation 142; phase 4
Function value 2.3403832e+03; maximum gradient component mag 2.5224e+01
Var    Value     Gradient |Var    Value     Gradient |Var    Value     Gradient
  1 -0.21992 -1.36550e+01 |  2  0.02379 -1.69758e+00 |  3 -0.06779 -1.06648e+00
  4 -0.00142  1.74425e-01 |  5 -0.41356  1.22000e+00 |  6  0.02765 -6.27593e+00
  7  0.08485  8.34171e+00 |  8 -0.06916 -1.12018e-01 |  9  0.18278  9.29002e-01
 10 -0.08943  1.71967e+00 | 11 -0.09394  2.52240e+01 | 12  0.01888  1.26395e+00
 13  0.01911  1.23286e+00 | 14  0.01904  1.16967e+00 | 15  0.01866  1.07476e+00
 16  0.01805  9.54104e-01 | 17  0.01737  8.19752e-01 | 18  0.01686  6.89248e-01
 19  0.01678  5.84167e-01 | 20  0.01750  5.30912e-01 | 21  0.01947  5.62396e-01
 22  0.02325  7.16192e-01 | 23  0.02862  9.64657e-01 | 24  0.03213  1.04698e+00
 25  0.02796  5.66310e-01 | 26  0.02108 -1.00784e-01 | 27  0.02526  9.21434e-03
 28  0.03120  2.17631e-01 | 29  0.03076  6.85441e-03 | 30  0.03762  2.58527e-01
 31  0.02977 -3.57473e-01 | 32  0.03955  8.02938e-02 | 33  0.02922 -6.81790e-01
 34  0.02327 -1.28606e+00 | 35  0.03064 -1.31655e+00 | 36  0.04460 -1.27341e+00
 37  0.04253 -1.72780e+00 | 38  0.03243 -1.63392e+00 | 39  0.00006 -1.67307e+00
 40 -0.00251  1.01932e+00 | 41 -0.02533  9.91232e-01 | 42 -0.02069  2.18440e+00
 43 -0.02206  1.17739e-01 | 44  0.04958  2.55551e+00 | 45  0.04034 -5.33255e-01
 46  0.00363 -3.36475e+00 | 47  0.09982 -3.90108e+00 | 48  0.01302 -1.05997e+00
 49  0.00304  1.63378e+00 | 50  0.04471  1.34071e+00 | 51  0.01273  1.89230e+00
 52  0.11365  3.50740e+00 | 53 -0.02599  4.57324e+00 | 54 -0.03819  6.09591e+00
 55 -0.05672  4.06404e+00 | 56  0.07651  9.42445e+00 | 57 -0.03201  4.18372e+00
 58 -0.09414  4.99274e+00 | 59 -0.15089  5.07736e+00 | 60 -0.12992  1.57062e+00
 61  0.17828 -1.73038e+00 | 62 -0.12021  3.40321e+00 | 63  0.02230  5.85128e+00
 64  0.00322  3.43303e+00 | 65  0.02909  1.71706e+00 | 66  0.03250 -6.05037e-01
 67 -0.03125  4.28027e-01 | 68  0.01204 -2.97321e+00 | 69 -0.10824  3.64882e-01
 70  0.02482  8.14570e-01 | 71 -0.10531 -1.50520e+00 | 72 -0.05152  1.00155e+00
 73 -0.12471  5.42527e-01 | 74 -0.11392  1.77384e-02 | 75 -0.09006  3.28266e-02
 76  0.26433  2.23874e+00 | 77 -0.15920 -2.57165e+00 | 78  0.01265 -1.00017e+00
 79 -0.07094  1.50764e-01 | 80  0.07320  3.71144e+00 | 81 -0.09226 -2.49432e+00
 82 -0.21065 -2.59787e+00 | 83 -0.24388 -2.38045e-01 | 84 -0.07765  4.18803e+00
 85 -0.10495 -8.37162e-01 | 86  0.08754  3.14918e+00 | 87  0.14955  3.10570e+00
 88 -0.00511  1.04717e+00 | 89  0.04881  1.79942e+00 | 90  0.18378 -3.16928e+00
 91 -0.07232 -1.51995e+00 | 92  0.01784 -1.41109e+00 | 93  0.05048  1.92773e+00
 94 -0.02981  1.52426e+00 | 95 -0.16648 -1.18500e-01 | 96 -0.06885 -2.87800e-02
 97 -0.02011  1.03772e-01 | 98  0.05512  5.51673e-01 | 99 -0.05107  1.80711e+00
100  0.03882  1.88235e+00 |101  0.09909  1.12994e+00 |102 -0.30102  2.92553e-01
103 -0.27912 -1.78152e+00 |104 -0.10110  9.63601e-01 |105  0.16999  1.41259e+01
106 -0.17607 -2.41127e+01 |107 -0.04708 -3.06101e-02 |108  0.52561 -9.50513e-01
109 -0.02427  7.64506e+00 |110  0.06970 -3.49524e+00 |111 -0.22720 -1.57745e+00
112  0.21625 -5.67193e-01 |113 -0.14649  4.42671e+00 |114  0.66553 -1.03759e-03
115  0.32549 -2.75775e+00 |116 -0.02989  1.20051e+00 |117  0.10561 -2.70338e+00
118 -0.12100  8.98018e-01 |119 -0.18225  3.00253e+00 |120 -0.37940  3.23280e-01
121  0.24436  1.31779e+00 |122 -0.54127 -1.43621e-02 |123  0.00013  9.37785e-01
124 -0.00109  7.04825e-02 |125 -0.14881 -4.47765e-01 |126  0.02583 -3.74075e+00
127  0.00769  6.10954e+00 |128 -0.11910 -2.65017e+00 |129  0.46067  8.39947e-01
130 -0.14949  3.89380e-01 |131  0.04978 -7.26494e-01 |132 -0.20247 -4.12506e-01
132 variables; iteration 140; function evaluation 167; phase 4
Function value 2.3395729e+03; maximum gradient component mag -1.3747e+01
Var    Value     Gradient |Var    Value     Gradient |Var    Value     Gradient
  1 -0.23518 -1.37475e+01 |  2  0.02716  4.08623e+00 |  3 -0.06811  2.51708e+00
  4 -0.00009  1.41146e+00 |  5 -0.41506  3.71760e-01 |  6  0.04413  4.80772e-02
  7  0.08425  3.98907e+00 |  8 -0.06415  7.68298e-01 |  9  0.18081  5.39875e-01
 10 -0.09138  1.09652e-01 | 11 -0.12348  1.13087e+01 | 12  0.01166  6.07900e-01
 13 -0.00622 -9.57383e-01 | 14  0.01304  6.15357e-01 | 15  0.00698  4.76458e-02
 16  0.00316 -3.34384e-01 | 17  0.00557 -2.06648e-01 | 18  0.01007  7.83827e-02
 19  0.00453 -4.61448e-01 | 20  0.00339 -6.49528e-01 | 21  0.01790  3.80541e-01
 22  0.02265  6.16034e-01 | 23  0.00315 -9.95044e-01 | 24  0.02071  1.92095e-01
 25  0.00952 -7.71635e-01 | 26  0.02858  4.40415e-01 | 27  0.03047  4.17480e-01
 28  0.02105 -3.49147e-01 | 29  0.04646  1.17228e+00 | 30  0.04222  8.38426e-01
 31  0.03796  5.64012e-01 | 32  0.03066  1.49136e-01 | 33  0.03432  4.40729e-01
 34  0.02377 -2.57111e-01 | 35  0.04023  6.25633e-01 | 36  0.04595  6.29511e-01
 37  0.05632  9.94938e-01 | 38  0.04706  1.08262e+00 | 39  0.01431  6.52772e-01
 40 -0.01389  4.81111e-01 | 41 -0.02766  8.10511e-01 | 42 -0.03542  1.01406e-01
 43 -0.01358  5.60653e-01 | 44  0.02947  8.65635e-01 | 45  0.04662  1.12853e+00
 46  0.03684  1.22678e+00 | 47  0.10211  2.62359e+00 | 48  0.02110  1.37091e+00
 49  0.00001  1.45099e+00 | 50  0.05196  1.66613e+00 | 51  0.01456  1.99547e+00
 52  0.12091  2.17853e+00 | 53 -0.02701  9.00522e-01 | 54 -0.03934 -4.71195e-02
 55 -0.05171  5.73786e-01 | 56  0.08067 -1.08767e-02 | 57 -0.02571  3.45732e-01
 58 -0.09435 -6.56662e-01 | 59 -0.15802 -4.92599e-01 | 60 -0.12314  1.70257e+00
 61  0.18560  7.40927e+00 | 62 -0.12334  1.19415e+00 | 63  0.02589 -2.22826e-01
 64  0.00638 -2.69908e-01 | 65  0.03275  3.57786e-01 | 66  0.03692  6.15170e-01
 67 -0.03163  3.13180e-01 | 68  0.01768  1.14876e+00 | 69 -0.10991  3.41021e-02
 70  0.02526  4.91930e-01 | 71 -0.09993  3.90570e-01 | 72 -0.05366 -1.68917e-01
 73 -0.12779 -7.16326e-01 | 74 -0.11545 -5.21959e-01 | 75 -0.08552  1.36847e+00
 76  0.26405  4.32991e+00 | 77 -0.14143  1.28257e+00 | 78  0.01287 -1.40100e-01
 79 -0.07152 -7.29245e-01 | 80  0.07153 -1.99170e+00 | 81 -0.09072 -5.31953e-01
 82 -0.20739 -6.72539e-01 | 83 -0.24922 -1.40127e+00 | 84 -0.08531 -2.68804e+00
 85 -0.10327 -7.18367e-01 | 86  0.08583 -5.96422e-01 | 87  0.14843  1.25241e-01
 88 -0.00662  2.25200e-01 | 89  0.04703  5.30136e-01 | 90  0.18391  2.43169e+00
 91 -0.06933  8.07821e-01 | 92  0.01891  3.30011e-01 | 93  0.04943 -1.21603e+00
 94 -0.03162 -1.17232e+00 | 95 -0.16673 -5.12459e-01 | 96 -0.06994 -8.36402e-01
 97 -0.02114 -7.88290e-01 | 98  0.05317 -1.11788e+00 | 99 -0.05771 -6.93303e-01
100  0.03134 -2.98774e-01 |101  0.09284 -2.92071e-01 |102 -0.32219 -8.02779e-02
103 -0.26915 -9.57193e-03 |104 -0.11697 -2.45777e-01 |105  0.16481 -1.43105e+00
106 -0.17574  1.92173e+00 |107 -0.02119 -8.35038e-02 |108  0.54821  8.86141e-02
109 -0.02341  1.31263e+00 |110  0.07280  1.28533e+00 |111 -0.22395 -1.14771e+00
112  0.17109 -8.35587e-01 |113 -0.17278  1.84060e+00 |114  0.68806 -1.73926e-03
115  0.33052  6.30728e-01 |116 -0.02519 -1.21905e-01 |117  0.11250  3.73383e-01
118 -0.11324 -1.95420e-01 |119 -0.18680  9.57457e+00 |120 -0.38849 -1.61014e+00
121  0.23661  1.23592e+01 |122 -0.18275  1.83628e-01 |123 -0.00437 -1.43825e-04
124 -0.00448  1.21674e-01 |125 -0.14168 -1.95151e-01 |126  0.01394  1.07914e+00
127  0.00366 -1.15082e+00 |128 -0.10951  9.29367e-01 |129  0.43649 -3.01070e-01
130 -0.16173  7.56505e-02 |131  0.05164 -1.63617e-01 |132 -0.19945  2.34132e-01
132 variables; iteration 160; function evaluation 192; phase 4
Function value 2.3387057e+03; maximum gradient component mag -9.0735e+00
Var    Value     Gradient |Var    Value     Gradient |Var    Value     Gradient
  1 -0.24677  3.22199e+00 |  2  0.02401 -5.36479e-01 |  3 -0.06410 -6.08510e-01
  4 -0.00107  4.12466e-01 |  5 -0.41453 -2.01655e-01 |  6  0.05377  1.58624e+00
  7  0.08850  1.05990e+00 |  8 -0.07566 -4.38838e-02 |  9  0.18493  5.02962e-01
 10 -0.10202  1.92263e-01 | 11 -0.13535 -9.07350e+00 | 12  0.00659  1.52705e-01
 13  0.00048 -4.13242e-01 | 14  0.00676  6.07695e-02 | 15  0.01432  6.26700e-01
 16  0.00519 -1.96364e-01 | 17  0.00373 -3.89639e-01 | 18  0.01267  2.52837e-01
 19  0.01063 -7.59986e-03 | 20  0.01926  5.65290e-01 | 21 -0.00065 -1.10768e+00
 22  0.01229 -2.14605e-01 | 23  0.00760 -6.95934e-01 | 24  0.03606  1.23892e+00
 25  0.02323  1.68662e-01 | 26  0.02454  1.02505e-01 | 27  0.03124  4.01528e-01
 28  0.02712 -1.47685e-02 | 29  0.03333  2.59434e-01 | 30  0.03562  3.06990e-01
 31  0.03361  1.31144e-01 | 32  0.02759 -2.59988e-01 | 33  0.02791 -2.70120e-01
 34  0.02695 -4.51918e-01 | 35  0.03385 -3.43371e-01 | 36  0.04291 -3.36762e-01
 37  0.05241 -2.45205e-01 | 38  0.04244 -2.60332e-01 | 39  0.00586 -8.45163e-01
 40 -0.01582 -3.39543e-01 | 41 -0.03227 -2.17498e-01 | 42 -0.03349 -1.04991e-01
 43 -0.01854 -4.57897e-01 | 44  0.03785  5.42707e-01 | 45  0.04480 -1.21144e-01
 46  0.01938 -9.58250e-01 | 47  0.11215  4.75556e-01 | 48  0.01208 -9.80038e-01
 49 -0.00479 -1.06725e+00 | 50  0.05771 -2.25982e+00 | 51 -0.00009 -2.41910e+00
 52  0.12475 -3.21911e+00 | 53 -0.03431 -1.37776e+00 | 54 -0.03579 -7.75896e-01
 55 -0.05354 -5.86209e-01 | 56  0.08194 -1.80940e+00 | 57 -0.02723 -8.40525e-01
 58 -0.09067  3.84305e-01 | 59 -0.15336  2.36681e-01 | 60 -0.13328 -2.04538e+00
 61  0.18660 -7.09773e+00 | 62 -0.13120 -1.30226e+00 | 63  0.02823 -4.57518e-01
 64  0.00746 -2.71788e-01 | 65  0.03327 -6.29197e-01 | 66  0.03726 -7.24676e-01
 67 -0.03117 -4.61612e-01 | 68  0.01721 -5.08228e-01 | 69 -0.10944 -2.35546e-02
 70  0.02521  2.95377e-01 | 71 -0.10091  6.70484e-02 | 72 -0.05371  5.64602e-01
 73 -0.12463  7.57152e-01 | 74 -0.11195  3.62856e-01 | 75 -0.09834 -1.92658e+00
 76  0.26527 -1.69941e-01 | 77 -0.15177 -1.19502e+00 | 78  0.01394 -2.13710e-01
 79 -0.06983  1.89970e-01 | 80  0.07170 -2.03474e-01 | 81 -0.09078 -9.18159e-02
 82 -0.20562  5.38109e-01 | 83 -0.24277  1.20163e+00 | 84 -0.08334  1.07882e+00
 85 -0.10395 -3.88103e-02 | 86  0.08547 -8.92354e-01 | 87  0.14815 -8.38000e-01
 88 -0.00678 -1.08714e-01 | 89  0.04701 -2.52350e-01 | 90  0.18410 -6.00112e-01
 91 -0.07075 -6.16251e-01 | 92  0.01933  2.59521e-01 | 93  0.05082  8.61928e-01
 94 -0.02941  5.23088e-01 | 95 -0.16367  5.12447e-01 | 96 -0.06926 -1.00349e-01
 97 -0.02237 -8.40219e-01 | 98  0.05144 -1.75252e+00 | 99 -0.05627  3.33141e-01
100  0.03292  1.80880e-01 |101  0.09519  2.96331e-01 |102 -0.32136 -3.57570e-02
103 -0.26910  1.02553e-01 |104 -0.11612 -2.24502e-01 |105  0.16597  9.88403e-01
106 -0.17468 -5.18707e-01 |107 -0.00838  1.60380e-01 |108  0.34671 -6.69437e-01
109 -0.06423 -2.46077e+00 |110  0.06841  2.94008e+00 |111 -0.22685 -4.73965e+00
112  0.13751  1.20570e-01 |113 -0.19826 -2.55716e+00 |114  0.75754  2.09524e-03
115  0.33050 -1.08486e-01 |116 -0.02492 -3.55428e-02 |117  0.10609 -7.78243e-01
118 -0.11532  2.65243e-01 |119 -0.17640  6.59174e+00 |120 -0.37450 -9.26495e-01
121  0.11631  7.92001e+00 |122 -0.08390  5.47843e+00 |123 -0.00605  1.46220e-01
124 -0.00506  1.80502e-01 |125 -0.14054 -1.11361e-01 |126  0.01103  1.81303e-01
127  0.00542  2.18428e+00 |128 -0.11201  5.70558e-01 |129  0.44439  3.94962e-01
130 -0.15803 -4.65477e-01 |131  0.04953  1.12670e+00 |132 -0.20107 -8.49111e-01
132 variables; iteration 180; function evaluation 212; phase 4
Function value 2.3376827e+03; maximum gradient component mag 4.6207e-02
Var    Value     Gradient |Var    Value     Gradient |Var    Value     Gradient
  1 -0.23112  2.45805e-02 |  2  0.01705 -1.62665e-03 |  3 -0.06179 -9.12990e-04
  4 -0.00421  1.51257e-03 |  5 -0.40969  4.58840e-04 |  6  0.02889  1.66289e-04
  7  0.09070 -2.06009e-03 |  8 -0.07354  2.64552e-04 |  9  0.18292  1.83298e-03
 10 -0.11627  4.08249e-04 | 11 -0.12022 -1.93320e-02 | 12  0.00483 -1.72613e-04
 13  0.00547  1.76872e-03 | 14  0.00615  1.40751e-03 | 15  0.00691  5.38287e-04
 16  0.00777  1.06243e-04 | 17  0.00876  1.45767e-03 | 18  0.00988  1.65549e-03
 19  0.01116  1.69948e-03 | 20  0.01259  4.26412e-04 | 21  0.01420  1.09654e-04
 22  0.01597 -1.99961e-04 | 23  0.01792 -6.22788e-04 | 24  0.02013  9.83345e-04
 25  0.02258  2.16910e-03 | 26  0.02516 -1.06242e-04 | 27  0.02781  9.45446e-04
 28  0.03039  2.28269e-04 | 29  0.03273 -7.86360e-04 | 30  0.03449 -1.05073e-03
 31  0.03535 -9.78770e-04 | 32  0.03528 -1.99115e-04 | 33  0.03504 -7.76164e-04
 34  0.03603 -1.07422e-03 | 35  0.04017 -1.80405e-03 | 36  0.04818 -2.15671e-03
 37  0.05450 -7.38688e-04 | 38  0.04442 -2.29989e-03 | 39  0.01594 -2.47170e-03
 40 -0.01244  1.20538e-04 | 41 -0.02992 -2.37877e-04 | 42 -0.03188 -1.29462e-03
 43 -0.01308 -2.58833e-03 | 44  0.03020 -1.24283e-03 | 45  0.04710 -3.01130e-03
 46  0.03684 -6.41294e-03 | 47  0.09979 -5.32343e-03 | 48  0.02055 -6.01205e-03
 49 -0.00378 -3.41066e-03 | 50  0.05429 -4.56845e-03 | 51  0.00845 -2.08289e-03
 52  0.12183 -1.31480e-03 | 53 -0.03125 -4.63852e-04 | 54 -0.03766 -7.91333e-06
 55 -0.05392 -3.48141e-03 | 56  0.08079  7.90806e-04 | 57 -0.02714  2.57308e-04
 58 -0.09306  1.88706e-03 | 59 -0.15643  3.44899e-03 | 60 -0.12759 -4.80328e-03
 61  0.18465 -1.16582e-02 | 62 -0.12784 -4.38778e-03 | 63  0.02598  3.47992e-03
 64  0.00592  1.94840e-03 | 65  0.03230 -2.98011e-03 | 66  0.03624 -4.36674e-03
 67 -0.03194 -1.19338e-03 | 68  0.01653 -2.50597e-03 | 69 -0.10940 -3.28271e-05
 70  0.02524  2.55079e-03 | 71 -0.10042 -4.42374e-04 | 72 -0.05337  1.79592e-03
 73 -0.12586  1.50222e-03 | 74 -0.11330  1.84956e-03 | 75 -0.08982 -1.49169e-03
 76  0.26569 -1.15070e-02 | 77 -0.14552 -6.37266e-03 | 78  0.01379  1.24806e-03
 79 -0.07021  1.98378e-03 | 80  0.07228  1.14720e-03 | 81 -0.09059  2.52380e-03
 82 -0.20656  3.08686e-03 | 83 -0.24607  3.90504e-03 | 84 -0.08490  9.01552e-03
 85 -0.10263  1.96346e-03 | 86  0.08675 -2.00565e-03 | 87  0.14919 -4.23734e-03
 88 -0.00618 -2.28909e-03 | 89  0.04781 -2.67752e-03 | 90  0.18495  6.07144e-04
 91 -0.06962 -1.28100e-03 | 92  0.01966  1.06740e-03 | 93  0.05105  5.93279e-03
 94 -0.02774  1.20657e-03 | 95 -0.16348  1.98505e-03 | 96 -0.06798 -1.43618e-03
 97 -0.02310 -5.49794e-03 | 98  0.05000  2.64776e-05 | 99 -0.05770  1.79363e-03
100  0.03160  1.20907e-03 |101  0.09333 -2.19609e-05 |102 -0.31747 -2.64629e-04
103 -0.26860 -5.67236e-04 |104 -0.11395  8.19214e-04 |105  0.17617  3.04482e-02
106 -0.17026 -3.91860e-02 |107 -0.01869  9.47192e-04 |108  0.47327 -5.05078e-03
109 -0.03711  3.32596e-02 |110  0.08264 -3.26289e-02 |111 -0.21648  4.62074e-02
112  0.17656  4.54302e-03 |113 -0.17271 -1.57398e-02 |114  0.70922 -6.87883e-05
115  0.33568 -6.36629e-03 |116 -0.02351  3.06515e-03 |117  0.13086 -8.22736e-03
118 -0.10038  9.32189e-03 |119 -0.14589  5.15370e-03 |120 -0.33323 -3.79809e-03
121 -0.08105 -1.25706e-04 |122 -0.05915  5.12129e-03 |123 -0.00838  6.67533e-04
124 -0.00739  2.72772e-04 |125 -0.13511 -6.64106e-04 |126  0.01354 -2.53166e-03
127  0.00497  5.46993e-03 |128 -0.10688 -2.52212e-03 |129  0.44609  4.23603e-03
130 -0.15853 -3.04239e-03 |131  0.05010 -3.72682e-04 |132 -0.20060  1.95170e-05
  ic > imax  in fminim is answer attained ?
Var    Value     Gradient |Var    Value     Gradient |Var    Value     Gradient
  1 -0.23112  5.89609e-04 |  2  0.01705 -1.06639e-04 |  3 -0.06179 -9.77770e-05
  4 -0.00421 -9.71001e-05 |  5 -0.40969 -6.72370e-05 |  6  0.02890  8.85671e-05
  7  0.09070 -2.43191e-04 |  8 -0.07355 -5.65913e-05 |  9  0.18293 -4.23372e-05
 10 -0.11627 -2.67902e-05 | 11 -0.12023 -8.43343e-04 | 12  0.00484 -8.88780e-07
 13  0.00545 -2.71456e-05 | 14  0.00614 -1.40168e-05 | 15  0.00690 -4.71648e-06
 16  0.00776 -1.56872e-06 | 17  0.00874 -1.49837e-05 | 18  0.00986 -2.16821e-05
 19  0.01114 -1.48028e-05 | 20  0.01258 -7.71463e-06 | 21  0.01420  6.24117e-06
 22  0.01597  4.08591e-08 | 23  0.01793 -1.77857e-07 | 24  0.02012 -9.00186e-06
 25  0.02254 -2.98862e-05 | 26  0.02516 -4.26906e-06 | 27  0.02780 -1.33527e-05
 28  0.03038 -6.09741e-06 | 29  0.03275  2.55733e-06 | 30  0.03451  2.40701e-06
 31  0.03536 -1.95669e-06 | 32  0.03528 -1.05482e-05 | 33  0.03504 -9.95135e-06
 34  0.03603 -1.16668e-05 | 35  0.04018 -1.58645e-05 | 36  0.04820 -1.55262e-05
 37  0.05448 -3.34297e-05 | 38  0.04444 -2.47129e-05 | 39  0.01595 -2.93879e-05
 40 -0.01246 -4.52750e-05 | 41 -0.02993 -6.84981e-05 | 42 -0.03187 -3.17572e-05
 43 -0.01307 -5.47908e-05 | 44  0.03019 -2.81327e-05 | 45  0.04710 -2.28389e-05
 46  0.03690 -9.23728e-05 | 47  0.09976  2.56859e-05 | 48  0.02058 -5.69717e-05
 49 -0.00378 -7.74387e-05 | 50  0.05429 -4.73534e-05 | 51  0.00846 -8.26391e-05
 52  0.12184 -8.33588e-05 | 53 -0.03125 -1.21345e-04 | 54 -0.03766 -1.07874e-04
 55 -0.05391 -1.31706e-04 | 56  0.08079 -9.17983e-05 | 57 -0.02713 -1.08293e-04
 58 -0.09306 -8.67155e-05 | 59 -0.15644 -5.13120e-05 | 60 -0.12757 -1.24005e-04
 61  0.18465 -2.98599e-04 | 62 -0.12782 -1.24473e-04 | 63  0.02598 -8.16460e-05
 64  0.00592 -4.88880e-05 | 65  0.03230 -3.16280e-05 | 66  0.03624  1.15830e-06
 67 -0.03194  7.56465e-07 | 68  0.01654 -1.59742e-06 | 69 -0.10940  8.21724e-06
 70  0.02524 -1.31158e-05 | 71 -0.10042  7.43714e-06 | 72 -0.05337  1.14101e-05
 73 -0.12586  3.61104e-05 | 74 -0.11331  1.17670e-05 | 75 -0.08981 -4.01394e-05
 76  0.26569 -1.60327e-04 | 77 -0.14549 -1.73048e-05 | 78  0.01379  3.98409e-05
 79 -0.07021  2.83299e-05 | 80  0.07228  1.35640e-05 | 81 -0.09059  4.55261e-05
 82 -0.20657  3.78781e-05 | 83 -0.24608  2.86126e-05 | 84 -0.08491  8.35291e-06
 85 -0.10263  2.99188e-05 | 86  0.08675 -4.12515e-05 | 87  0.14920 -5.86598e-05
 88 -0.00618 -3.37360e-05 | 89  0.04781 -5.32455e-05 | 90  0.18495 -8.00852e-05
 91 -0.06962  4.19593e-05 | 92  0.01966  2.87704e-05 | 93  0.05105  1.58605e-05
 94 -0.02774  3.90101e-06 | 95 -0.16348  2.02489e-05 | 96 -0.06798  2.43905e-05
 97 -0.02310  1.40573e-05 | 98  0.05000  2.71869e-06 | 99 -0.05770  1.01847e-05
100  0.03160 -3.29883e-06 |101  0.09333  2.16045e-07 |102 -0.31746  9.71328e-06
103 -0.26859  2.68834e-05 |104 -0.11396 -1.64810e-06 |105  0.17613 -2.07084e-04
106 -0.17028  3.08092e-04 |107 -0.01862 -7.15613e-06 |108  0.47298  1.99507e-06
109 -0.03718 -1.69757e-05 |110  0.08263  2.73397e-04 |111 -0.21650 -2.55916e-04
112  0.17666 -8.18298e-05 |113 -0.17264  2.92770e-04 |114  0.71001 -7.06260e-06
115  0.33568  4.08626e-05 |116 -0.02350 -1.16157e-05 |117  0.13085  1.06729e-05
118 -0.10038  4.95682e-05 |119 -0.14589 -3.07927e-05 |120 -0.33323  2.57950e-05
121 -0.08104 -2.61878e-05 |122 -0.05915 -7.19933e-05 |123 -0.00839  8.93248e-06
124 -0.00739 -1.19604e-05 |125 -0.13510 -3.63265e-07 |126  0.01352  7.28010e-05
127  0.00496 -1.54286e-04 |128 -0.10686  3.88124e-05 |129  0.44604  1.84757e-06
130 -0.15855 -2.83686e-06 |131  0.05010 -3.83971e-05 |132 -0.20060  2.54990e-05
Function minimizer not making progress ... is minimum attained?
Minimprove criterion = 0.0000e+00

 - final statistics:
132 variables; iteration 192; function evaluation 253
Function value 2.3377e+03; maximum gradient component mag -8.4334e-04
Exit code = 1;  converg criter 1.0000e-04
Var    Value     Gradient |Var    Value     Gradient |Var    Value     Gradient
  1 -0.23112  5.89609e-04 |  2  0.01705 -1.06639e-04 |  3 -0.06179 -9.77770e-05
  4 -0.00421 -9.71001e-05 |  5 -0.40969 -6.72370e-05 |  6  0.02890  8.85671e-05
  7  0.09070 -2.43191e-04 |  8 -0.07355 -5.65913e-05 |  9  0.18293 -4.23372e-05
 10 -0.11627 -2.67902e-05 | 11 -0.12023 -8.43343e-04 | 12  0.00484 -8.88780e-07
 13  0.00545 -2.71456e-05 | 14  0.00614 -1.40168e-05 | 15  0.00690 -4.71648e-06
 16  0.00776 -1.56872e-06 | 17  0.00874 -1.49837e-05 | 18  0.00986 -2.16821e-05
 19  0.01114 -1.48028e-05 | 20  0.01258 -7.71463e-06 | 21  0.01420  6.24117e-06
 22  0.01597  4.08591e-08 | 23  0.01793 -1.77857e-07 | 24  0.02012 -9.00186e-06
 25  0.02254 -2.98862e-05 | 26  0.02516 -4.26906e-06 | 27  0.02780 -1.33527e-05
 28  0.03038 -6.09741e-06 | 29  0.03275  2.55733e-06 | 30  0.03451  2.40701e-06
 31  0.03536 -1.95669e-06 | 32  0.03528 -1.05482e-05 | 33  0.03504 -9.95135e-06
 34  0.03603 -1.16668e-05 | 35  0.04018 -1.58645e-05 | 36  0.04820 -1.55262e-05
 37  0.05448 -3.34297e-05 | 38  0.04444 -2.47129e-05 | 39  0.01595 -2.93879e-05
 40 -0.01246 -4.52750e-05 | 41 -0.02993 -6.84981e-05 | 42 -0.03187 -3.17572e-05
 43 -0.01307 -5.47908e-05 | 44  0.03019 -2.81327e-05 | 45  0.04710 -2.28389e-05
 46  0.03690 -9.23728e-05 | 47  0.09976  2.56859e-05 | 48  0.02058 -5.69717e-05
 49 -0.00378 -7.74387e-05 | 50  0.05429 -4.73534e-05 | 51  0.00846 -8.26391e-05
 52  0.12184 -8.33588e-05 | 53 -0.03125 -1.21345e-04 | 54 -0.03766 -1.07874e-04
 55 -0.05391 -1.31706e-04 | 56  0.08079 -9.17983e-05 | 57 -0.02713 -1.08293e-04
 58 -0.09306 -8.67155e-05 | 59 -0.15644 -5.13120e-05 | 60 -0.12757 -1.24005e-04
 61  0.18465 -2.98599e-04 | 62 -0.12782 -1.24473e-04 | 63  0.02598 -8.16460e-05
 64  0.00592 -4.88880e-05 | 65  0.03230 -3.16280e-05 | 66  0.03624  1.15830e-06
 67 -0.03194  7.56465e-07 | 68  0.01654 -1.59742e-06 | 69 -0.10940  8.21724e-06
 70  0.02524 -1.31158e-05 | 71 -0.10042  7.43714e-06 | 72 -0.05337  1.14101e-05
 73 -0.12586  3.61104e-05 | 74 -0.11331  1.17670e-05 | 75 -0.08981 -4.01394e-05
 76  0.26569 -1.60327e-04 | 77 -0.14549 -1.73048e-05 | 78  0.01379  3.98409e-05
 79 -0.07021  2.83299e-05 | 80  0.07228  1.35640e-05 | 81 -0.09059  4.55261e-05
 82 -0.20657  3.78781e-05 | 83 -0.24608  2.86126e-05 | 84 -0.08491  8.35291e-06
 85 -0.10263  2.99188e-05 | 86  0.08675 -4.12515e-05 | 87  0.14920 -5.86598e-05
 88 -0.00618 -3.37360e-05 | 89  0.04781 -5.32455e-05 | 90  0.18495 -8.00852e-05
 91 -0.06962  4.19593e-05 | 92  0.01966  2.87704e-05 | 93  0.05105  1.58605e-05
 94 -0.02774  3.90101e-06 | 95 -0.16348  2.02489e-05 | 96 -0.06798  2.43905e-05
 97 -0.02310  1.40573e-05 | 98  0.05000  2.71869e-06 | 99 -0.05770  1.01847e-05
100  0.03160 -3.29883e-06 |101  0.09333  2.16045e-07 |102 -0.31746  9.71328e-06
103 -0.26859  2.68834e-05 |104 -0.11396 -1.64810e-06 |105  0.17613 -2.07084e-04
106 -0.17028  3.08092e-04 |107 -0.01862 -7.15613e-06 |108  0.47298  1.99507e-06
109 -0.03718 -1.69757e-05 |110  0.08263  2.73397e-04 |111 -0.21650 -2.55916e-04
112  0.17666 -8.18298e-05 |113 -0.17264  2.92770e-04 |114  0.71001 -7.06260e-06
115  0.33568  4.08626e-05 |116 -0.02350 -1.16157e-05 |117  0.13085  1.06729e-05
118 -0.10038  4.95682e-05 |119 -0.14589 -3.07927e-05 |120 -0.33323  2.57950e-05
121 -0.08104 -2.61878e-05 |122 -0.05915 -7.19933e-05 |123 -0.00839  8.93248e-06
124 -0.00739 -1.19604e-05 |125 -0.13510 -3.63265e-07 |126  0.01352  7.28010e-05
127  0.00496 -1.54286e-04 |128 -0.10686  3.88124e-05 |129  0.44604  1.84757e-06
130 -0.15855 -2.83686e-06 |131  0.05010 -3.83971e-05 |132 -0.20060  2.54990e-05

Initial statistics: 144 variables; iteration 0; function evaluation 0; phase 5
Function value 2.3376827e+03; maximum gradient component mag -8.4334e-04
Var    Value     Gradient |Var    Value     Gradient |Var    Value     Gradient
  1 -0.23112  5.89609e-04 |  2  0.01705 -1.06639e-04 |  3 -0.06179 -9.77770e-05
  4 -0.00421 -9.71001e-05 |  5 -0.40969 -6.72370e-05 |  6  0.02890  8.85671e-05
  7  0.09070 -2.43191e-04 |  8 -0.07355 -5.65913e-05 |  9  0.18293 -4.23372e-05
 10 -0.11627 -2.67902e-05 | 11 -0.12023 -8.43343e-04 | 12  0.00484 -8.88780e-07
 13  0.00545 -2.71456e-05 | 14  0.00614 -1.40168e-05 | 15  0.00690 -4.71648e-06
 16  0.00776 -1.56872e-06 | 17  0.00874 -1.49837e-05 | 18  0.00986 -2.16821e-05
 19  0.01114 -1.48028e-05 | 20  0.01258 -7.71463e-06 | 21  0.01420  6.24117e-06
 22  0.01597  4.08591e-08 | 23  0.01793 -1.77857e-07 | 24  0.02012 -9.00186e-06
 25  0.02254 -2.98862e-05 | 26  0.02516 -4.26906e-06 | 27  0.02780 -1.33527e-05
 28  0.03038 -6.09741e-06 | 29  0.03275  2.55733e-06 | 30  0.03451  2.40701e-06
 31  0.03536 -1.95669e-06 | 32  0.03528 -1.05482e-05 | 33  0.03504 -9.95135e-06
 34  0.03603 -1.16668e-05 | 35  0.04018 -1.58645e-05 | 36  0.04820 -1.55262e-05
 37  0.05448 -3.34297e-05 | 38  0.04444 -2.47129e-05 | 39  0.01595 -2.93879e-05
 40 -0.01246 -4.52750e-05 | 41 -0.02993 -6.84981e-05 | 42 -0.03187 -3.17572e-05
 43 -0.01307 -5.47908e-05 | 44  0.03019 -2.81327e-05 | 45  0.04710 -2.28389e-05
 46  0.03690 -9.23728e-05 | 47  0.09976  2.56859e-05 | 48  0.02058 -5.69717e-05
 49 -0.00378 -7.74387e-05 | 50  0.05429 -4.73534e-05 | 51  0.00846 -8.26391e-05
 52  0.12184 -8.33588e-05 | 53 -0.03125 -1.21345e-04 | 54 -0.03766 -1.07874e-04
 55 -0.05391 -1.31706e-04 | 56  0.08079 -9.17983e-05 | 57 -0.02713 -1.08293e-04
 58 -0.09306 -8.67155e-05 | 59 -0.15644 -5.13120e-05 | 60 -0.12757 -1.24005e-04
 61  0.18465 -2.98599e-04 | 62 -0.12782 -1.24473e-04 | 63  0.02598 -8.16460e-05
 64  0.00592 -4.88880e-05 | 65  0.03230 -3.16280e-05 | 66  0.03624  1.15830e-06
 67 -0.03194  7.56465e-07 | 68  0.01654 -1.59742e-06 | 69 -0.10940  8.21724e-06
 70  0.02524 -1.31158e-05 | 71 -0.10042  7.43714e-06 | 72 -0.05337  1.14101e-05
 73 -0.12586  3.61104e-05 | 74 -0.11331  1.17670e-05 | 75 -0.08981 -4.01394e-05
 76  0.26569 -1.60327e-04 | 77 -0.14549 -1.73048e-05 | 78  0.01379  3.98409e-05
 79 -0.07021  2.83299e-05 | 80  0.07228  1.35640e-05 | 81 -0.09059  4.55261e-05
 82 -0.20657  3.78781e-05 | 83 -0.24608  2.86126e-05 | 84 -0.08491  8.35291e-06
 85 -0.10263  2.99188e-05 | 86  0.08675 -4.12515e-05 | 87  0.14920 -5.86598e-05
 88 -0.00618 -3.37360e-05 | 89  0.04781 -5.32455e-05 | 90  0.18495 -8.00852e-05
 91 -0.06962  4.19593e-05 | 92  0.01966  2.87704e-05 | 93  0.05105  1.58605e-05
 94 -0.02774  3.90101e-06 | 95 -0.16348  2.02489e-05 | 96 -0.06798  2.43905e-05
 97 -0.02310  1.40573e-05 | 98  0.05000  2.71869e-06 | 99 -0.05770  1.01847e-05
100  0.03160 -3.29883e-06 |101  0.09333  2.16045e-07 |102  0.00000  0.00000e+00
103  0.00000  0.00000e+00 |104  0.00000  0.00000e+00 |105  0.00000  0.00000e+00
106  0.00000  0.00000e+00 |107  0.00000  0.00000e+00 |108  0.00000  0.00000e+00
109  0.00000  0.00000e+00 |110  0.00000  0.00000e+00 |111  0.00000  0.00000e+00
112  0.00000  0.00000e+00 |113  0.00000  0.00000e+00 |114 -0.31746  9.71328e-06
115 -0.26859  2.68834e-05 |116 -0.11396 -1.64810e-06 |117  0.17613 -2.07084e-04
118 -0.17028  3.08092e-04 |119 -0.01862 -7.15613e-06 |120  0.47298  1.99507e-06
121 -0.03718 -1.69757e-05 |122  0.08263  2.73397e-04 |123 -0.21650 -2.55916e-04
124  0.17666 -8.18298e-05 |125 -0.17264  2.92770e-04 |126  0.71001 -7.06260e-06
127  0.33568  4.08626e-05 |128 -0.02350 -1.16157e-05 |129  0.13085  1.06729e-05
130 -0.10038  4.95682e-05 |131 -0.14589 -3.07927e-05 |132 -0.33323  2.57950e-05
133 -0.08104 -2.61878e-05 |134 -0.05915 -7.19933e-05 |135 -0.00839  8.93248e-06
136 -0.00739 -1.19604e-05 |137 -0.13510 -3.63265e-07 |138  0.01352  7.28010e-05
139  0.00496 -1.54286e-04 |140 -0.10686  3.88124e-05 |141  0.44604  1.84757e-06
142 -0.15855 -2.83686e-06 |143  0.05010 -3.83971e-05 |144 -0.20060  2.54990e-05
  ic > imax  in fminim is answer attained ?
Var    Value     Gradient |Var    Value     Gradient |Var    Value     Gradient
  1 -0.23112  5.89609e-04 |  2  0.01705 -1.06639e-04 |  3 -0.06179 -9.77770e-05
  4 -0.00421 -9.71001e-05 |  5 -0.40969 -6.72370e-05 |  6  0.02890  8.85671e-05
  7  0.09070 -2.43191e-04 |  8 -0.07355 -5.65913e-05 |  9  0.18293 -4.23372e-05
 10 -0.11627 -2.67902e-05 | 11 -0.12023 -8.43343e-04 | 12  0.00484 -8.88780e-07
 13  0.00545 -2.71456e-05 | 14  0.00614 -1.40168e-05 | 15  0.00690 -4.71648e-06
 16  0.00776 -1.56872e-06 | 17  0.00874 -1.49837e-05 | 18  0.00986 -2.16821e-05
 19  0.01114 -1.48028e-05 | 20  0.01258 -7.71463e-06 | 21  0.01420  6.24117e-06
 22  0.01597  4.08591e-08 | 23  0.01793 -1.77857e-07 | 24  0.02012 -9.00186e-06
 25  0.02254 -2.98862e-05 | 26  0.02516 -4.26906e-06 | 27  0.02780 -1.33527e-05
 28  0.03038 -6.09741e-06 | 29  0.03275  2.55733e-06 | 30  0.03451  2.40701e-06
 31  0.03536 -1.95669e-06 | 32  0.03528 -1.05482e-05 | 33  0.03504 -9.95135e-06
 34  0.03603 -1.16668e-05 | 35  0.04018 -1.58645e-05 | 36  0.04820 -1.55262e-05
 37  0.05448 -3.34297e-05 | 38  0.04444 -2.47129e-05 | 39  0.01595 -2.93879e-05
 40 -0.01246 -4.52750e-05 | 41 -0.02993 -6.84981e-05 | 42 -0.03187 -3.17572e-05
 43 -0.01307 -5.47908e-05 | 44  0.03019 -2.81327e-05 | 45  0.04710 -2.28389e-05
 46  0.03690 -9.23728e-05 | 47  0.09976  2.56859e-05 | 48  0.02058 -5.69717e-05
 49 -0.00378 -7.74387e-05 | 50  0.05429 -4.73534e-05 | 51  0.00846 -8.26391e-05
 52  0.12184 -8.33588e-05 | 53 -0.03125 -1.21345e-04 | 54 -0.03766 -1.07874e-04
 55 -0.05391 -1.31706e-04 | 56  0.08079 -9.17983e-05 | 57 -0.02713 -1.08293e-04
 58 -0.09306 -8.67155e-05 | 59 -0.15644 -5.13120e-05 | 60 -0.12757 -1.24005e-04
 61  0.18465 -2.98599e-04 | 62 -0.12782 -1.24473e-04 | 63  0.02598 -8.16460e-05
 64  0.00592 -4.88880e-05 | 65  0.03230 -3.16280e-05 | 66  0.03624  1.15830e-06
 67 -0.03194  7.56465e-07 | 68  0.01654 -1.59742e-06 | 69 -0.10940  8.21724e-06
 70  0.02524 -1.31158e-05 | 71 -0.10042  7.43714e-06 | 72 -0.05337  1.14101e-05
 73 -0.12586  3.61104e-05 | 74 -0.11331  1.17670e-05 | 75 -0.08981 -4.01394e-05
 76  0.26569 -1.60327e-04 | 77 -0.14549 -1.73048e-05 | 78  0.01379  3.98409e-05
 79 -0.07021  2.83299e-05 | 80  0.07228  1.35640e-05 | 81 -0.09059  4.55261e-05
 82 -0.20657  3.78781e-05 | 83 -0.24608  2.86126e-05 | 84 -0.08491  8.35291e-06
 85 -0.10263  2.99188e-05 | 86  0.08675 -4.12515e-05 | 87  0.14920 -5.86598e-05
 88 -0.00618 -3.37360e-05 | 89  0.04781 -5.32455e-05 | 90  0.18495 -8.00852e-05
 91 -0.06962  4.19593e-05 | 92  0.01966  2.87704e-05 | 93  0.05105  1.58605e-05
 94 -0.02774  3.90101e-06 | 95 -0.16348  2.02489e-05 | 96 -0.06798  2.43905e-05
 97 -0.02310  1.40573e-05 | 98  0.05000  2.71869e-06 | 99 -0.05770  1.01847e-05
100  0.03160 -3.29883e-06 |101  0.09333  2.16045e-07 |102  0.00000  0.00000e+00
103  0.00000  0.00000e+00 |104  0.00000  0.00000e+00 |105  0.00000  0.00000e+00
106  0.00000  0.00000e+00 |107  0.00000  0.00000e+00 |108  0.00000  0.00000e+00
109  0.00000  0.00000e+00 |110  0.00000  0.00000e+00 |111  0.00000  0.00000e+00
112  0.00000  0.00000e+00 |113  0.00000  0.00000e+00 |114 -0.31746  9.71328e-06
115 -0.26859  2.68834e-05 |116 -0.11396 -1.64810e-06 |117  0.17613 -2.07084e-04
118 -0.17028  3.08092e-04 |119 -0.01862 -7.15613e-06 |120  0.47298  1.99507e-06
121 -0.03718 -1.69757e-05 |122  0.08263  2.73397e-04 |123 -0.21650 -2.55916e-04
124  0.17666 -8.18298e-05 |125 -0.17264  2.92770e-04 |126  0.71001 -7.06260e-06
127  0.33568  4.08626e-05 |128 -0.02350 -1.16157e-05 |129  0.13085  1.06729e-05
130 -0.10038  4.95682e-05 |131 -0.14589 -3.07927e-05 |132 -0.33323  2.57950e-05
133 -0.08104 -2.61878e-05 |134 -0.05915 -7.19933e-05 |135 -0.00839  8.93248e-06
136 -0.00739 -1.19604e-05 |137 -0.13510 -3.63265e-07 |138  0.01352  7.28010e-05
139  0.00496 -1.54286e-04 |140 -0.10686  3.88124e-05 |141  0.44604  1.84757e-06
142 -0.15855 -2.83686e-06 |143  0.05010 -3.83971e-05 |144 -0.20060  2.54990e-05
Function minimizer not making progress ... is minimum attained?
Minimprove criterion = 0.0000e+00

 - final statistics:
144 variables; iteration 1; function evaluation 30
Function value 2.3377e+03; maximum gradient component mag -8.4334e-04
Exit code = 1;  converg criter 1.0000e-04
Var    Value     Gradient |Var    Value     Gradient |Var    Value     Gradient
  1 -0.23112  5.89609e-04 |  2  0.01705 -1.06639e-04 |  3 -0.06179 -9.77770e-05
  4 -0.00421 -9.71001e-05 |  5 -0.40969 -6.72370e-05 |  6  0.02890  8.85671e-05
  7  0.09070 -2.43191e-04 |  8 -0.07355 -5.65913e-05 |  9  0.18293 -4.23372e-05
 10 -0.11627 -2.67902e-05 | 11 -0.12023 -8.43343e-04 | 12  0.00484 -8.88780e-07
 13  0.00545 -2.71456e-05 | 14  0.00614 -1.40168e-05 | 15  0.00690 -4.71648e-06
 16  0.00776 -1.56872e-06 | 17  0.00874 -1.49837e-05 | 18  0.00986 -2.16821e-05
 19  0.01114 -1.48028e-05 | 20  0.01258 -7.71463e-06 | 21  0.01420  6.24117e-06
 22  0.01597  4.08591e-08 | 23  0.01793 -1.77857e-07 | 24  0.02012 -9.00186e-06
 25  0.02254 -2.98862e-05 | 26  0.02516 -4.26906e-06 | 27  0.02780 -1.33527e-05
 28  0.03038 -6.09741e-06 | 29  0.03275  2.55733e-06 | 30  0.03451  2.40701e-06
 31  0.03536 -1.95669e-06 | 32  0.03528 -1.05482e-05 | 33  0.03504 -9.95135e-06
 34  0.03603 -1.16668e-05 | 35  0.04018 -1.58645e-05 | 36  0.04820 -1.55262e-05
 37  0.05448 -3.34297e-05 | 38  0.04444 -2.47129e-05 | 39  0.01595 -2.93879e-05
 40 -0.01246 -4.52750e-05 | 41 -0.02993 -6.84981e-05 | 42 -0.03187 -3.17572e-05
 43 -0.01307 -5.47908e-05 | 44  0.03019 -2.81327e-05 | 45  0.04710 -2.28389e-05
 46  0.03690 -9.23728e-05 | 47  0.09976  2.56859e-05 | 48  0.02058 -5.69717e-05
 49 -0.00378 -7.74387e-05 | 50  0.05429 -4.73534e-05 | 51  0.00846 -8.26391e-05
 52  0.12184 -8.33588e-05 | 53 -0.03125 -1.21345e-04 | 54 -0.03766 -1.07874e-04
 55 -0.05391 -1.31706e-04 | 56  0.08079 -9.17983e-05 | 57 -0.02713 -1.08293e-04
 58 -0.09306 -8.67155e-05 | 59 -0.15644 -5.13120e-05 | 60 -0.12757 -1.24005e-04
 61  0.18465 -2.98599e-04 | 62 -0.12782 -1.24473e-04 | 63  0.02598 -8.16460e-05
 64  0.00592 -4.88880e-05 | 65  0.03230 -3.16280e-05 | 66  0.03624  1.15830e-06
 67 -0.03194  7.56465e-07 | 68  0.01654 -1.59742e-06 | 69 -0.10940  8.21724e-06
 70  0.02524 -1.31158e-05 | 71 -0.10042  7.43714e-06 | 72 -0.05337  1.14101e-05
 73 -0.12586  3.61104e-05 | 74 -0.11331  1.17670e-05 | 75 -0.08981 -4.01394e-05
 76  0.26569 -1.60327e-04 | 77 -0.14549 -1.73048e-05 | 78  0.01379  3.98409e-05
 79 -0.07021  2.83299e-05 | 80  0.07228  1.35640e-05 | 81 -0.09059  4.55261e-05
 82 -0.20657  3.78781e-05 | 83 -0.24608  2.86126e-05 | 84 -0.08491  8.35291e-06
 85 -0.10263  2.99188e-05 | 86  0.08675 -4.12515e-05 | 87  0.14920 -5.86598e-05
 88 -0.00618 -3.37360e-05 | 89  0.04781 -5.32455e-05 | 90  0.18495 -8.00852e-05
 91 -0.06962  4.19593e-05 | 92  0.01966  2.87704e-05 | 93  0.05105  1.58605e-05
 94 -0.02774  3.90101e-06 | 95 -0.16348  2.02489e-05 | 96 -0.06798  2.43905e-05
 97 -0.02310  1.40573e-05 | 98  0.05000  2.71869e-06 | 99 -0.05770  1.01847e-05
100  0.03160 -3.29883e-06 |101  0.09333  2.16045e-07 |102  0.00000  0.00000e+00
103  0.00000  0.00000e+00 |104  0.00000  0.00000e+00 |105  0.00000  0.00000e+00
106  0.00000  0.00000e+00 |107  0.00000  0.00000e+00 |108  0.00000  0.00000e+00
109  0.00000  0.00000e+00 |110  0.00000  0.00000e+00 |111  0.00000  0.00000e+00
112  0.00000  0.00000e+00 |113  0.00000  0.00000e+00 |114 -0.31746  9.71328e-06
115 -0.26859  2.68834e-05 |116 -0.11396 -1.64810e-06 |117  0.17613 -2.07084e-04
118 -0.17028  3.08092e-04 |119 -0.01862 -7.15613e-06 |120  0.47298  1.99507e-06
121 -0.03718 -1.69757e-05 |122  0.08263  2.73397e-04 |123 -0.21650 -2.55916e-04
124  0.17666 -8.18298e-05 |125 -0.17264  2.92770e-04 |126  0.71001 -7.06260e-06
127  0.33568  4.08626e-05 |128 -0.02350 -1.16157e-05 |129  0.13085  1.06729e-05
130 -0.10038  4.95682e-05 |131 -0.14589 -3.07927e-05 |132 -0.33323  2.57950e-05
133 -0.08104 -2.61878e-05 |134 -0.05915 -7.19933e-05 |135 -0.00839  8.93248e-06
136 -0.00739 -1.19604e-05 |137 -0.13510 -3.63265e-07 |138  0.01352  7.28010e-05
139  0.00496 -1.54286e-04 |140 -0.10686  3.88124e-05 |141  0.44604  1.84757e-06
142 -0.15855 -2.83686e-06 |143  0.05010 -3.83971e-05 |144 -0.20060  2.54990e-05
size of file gradfil1.tmp = 0
size of file gradfil2.tmp = 0
size of file varssave.tmp = 0
size of file cmpdiff.tmp = 200000008
