
Initial statistics: 3 variables; iteration 0; function evaluation 0; phase 1
Function value 2.8801904e+03; maximum gradient component mag -5.1333e+01

 - final statistics:
3 variables; iteration 5; function evaluation 10
Function value 2.8755e+03; maximum gradient component mag -4.9085e+00
Exit code = 1;  converg criter 1.0000e+01

Initial statistics: 13 variables; iteration 0; function evaluation 0; phase 2
Function value 2.8755379e+03; maximum gradient component mag -9.1745e+02

 - final statistics:
13 variables; iteration 20; function evaluation 27
Function value 2.8023e+03; maximum gradient component mag -6.0041e+00
Exit code = 1;  converg criter 1.0000e+01

Initial statistics: 45 variables; iteration 0; function evaluation 0; phase 3
Function value 2.8023391e+03; maximum gradient component mag 1.3367e+03

Intermediate statistics: 45 variables; iteration 20; function evaluation 29; phase 3
Function value 2.3646494e+03; maximum gradient component mag 8.5858e+02
45 variables; iteration 40; function evaluation 55; phase 3
Function value 2.3278686e+03; maximum gradient component mag 1.2813e+02
45 variables; iteration 60; function evaluation 77; phase 3
Function value 2.3092325e+03; maximum gradient component mag -1.4415e+01
Maximum number of function evaluations exceeded

 - final statistics:
45 variables; iteration 74; function evaluation 100
Function value 2.3053e+03; maximum gradient component mag 3.2024e+01
Exit code = 3;  converg criter 1.0000e+00

Initial statistics: 127 variables; iteration 0; function evaluation 0; phase 4
Function value 2.3052670e+03; maximum gradient component mag -5.8690e+02

Intermediate statistics: 127 variables; iteration 20; function evaluation 28; phase 4
Function value 1.8741617e+03; maximum gradient component mag -2.4427e+02
127 variables; iteration 40; function evaluation 48; phase 4
Function value 1.8614674e+03; maximum gradient component mag 1.3137e+02
127 variables; iteration 60; function evaluation 68; phase 4
Function value 1.8539189e+03; maximum gradient component mag -6.0864e+01
127 variables; iteration 80; function evaluation 91; phase 4
Function value 1.8516787e+03; maximum gradient component mag -3.5593e+01
127 variables; iteration 100; function evaluation 113; phase 4
Function value 1.8505091e+03; maximum gradient component mag -1.7134e+01
127 variables; iteration 120; function evaluation 137; phase 4
Function value 1.8501201e+03; maximum gradient component mag 6.7803e+00
127 variables; iteration 140; function evaluation 160; phase 4
Function value 1.8500753e+03; maximum gradient component mag 6.1070e-01
  ic > imax  in fminim is answer attained ?
Function minimizer not making progress ... is minimum attained?
Minimprove criterion = 0.0000e+00

 - final statistics:
127 variables; iteration 159; function evaluation 211
Function value 1.8501e+03; maximum gradient component mag 5.4889e-04
Exit code = 1;  converg criter 1.0000e-04

Initial statistics: 144 variables; iteration 0; function evaluation 0; phase 5
Function value 1.8500750e+03; maximum gradient component mag 5.4226e-04
  ic > imax  in fminim is answer attained ?
Function minimizer not making progress ... is minimum attained?
Minimprove criterion = 0.0000e+00

 - final statistics:
144 variables; iteration 1; function evaluation 30
Function value 1.8501e+03; maximum gradient component mag 5.4226e-04
Exit code = 1;  converg criter 1.0000e-04
size of file gradfil1.tmp = 0
size of file gradfil2.tmp = 0
size of file varssave.tmp = 0
size of file cmpdiff.tmp = 200000008
