
Initial statistics: 2 variables; iteration 0; function evaluation 0; phase 1
Function value 3.7070133e+03; maximum gradient component mag 4.8861e+01
Var    Value     Gradient |Var    Value     Gradient |Var    Value     Gradient
  1  0.40967  4.88612e+01 |  2 -0.26198 -1.01813e+01 |

 - final statistics:
2 variables; iteration 3; function evaluation 12
Function value 3.6872e+03; maximum gradient component mag 7.3408e+00
Exit code = 1;  converg criter 1.0000e+01
Var    Value     Gradient |Var    Value     Gradient |Var    Value     Gradient
  1  0.09748  7.34078e+00 |  2 -0.17348  1.54734e+00 |

Initial statistics: 11 variables; iteration 0; function evaluation 0; phase 2
Function value 3.6871924e+03; maximum gradient component mag -9.0206e+02
Var    Value     Gradient |Var    Value     Gradient |Var    Value     Gradient
  1 -0.22556 -4.44074e+02 |  2  0.00000 -3.96349e+02 |  3 -0.12819 -3.73963e+02
  4  0.03352  9.07461e+01 |  5 -0.28197  1.30466e+02 |  6  0.00000 -1.75758e+02
  7  0.11199 -9.02061e+02 |  8 -0.16086 -2.36509e+02 |  9  0.00000 -3.49222e+01
 10  0.09748  7.34078e+00 | 11 -0.17348  1.54734e+00 |

Intermediate statistics: 11 variables; iteration 20; function evaluation 31; phase 2
Function value 3.6162121e+03; maximum gradient component mag 1.4480e+01
Var    Value     Gradient |Var    Value     Gradient |Var    Value     Gradient
  1 -0.11841  1.44803e+01 |  2  0.05701  1.98487e+00 |  3 -0.08113  2.42907e+00
  4 -0.03172  4.06226e+00 |  5 -0.45509 -3.38944e-01 |  6 -0.00819  2.30515e+00
  7  0.13119 -5.99775e+00 |  8 -0.22317 -1.24762e-01 |  9  0.20546  4.27916e+00
 10  0.72281 -3.90476e+00 | 11 -0.16487 -1.34414e-02 |

 - final statistics:
11 variables; iteration 25; function evaluation 36
Function value 3.6158e+03; maximum gradient component mag -5.2326e+00
Exit code = 1;  converg criter 1.0000e+01
Var    Value     Gradient |Var    Value     Gradient |Var    Value     Gradient
  1 -0.11642  3.70951e+00 |  2  0.05580  3.58214e-01 |  3 -0.08036  3.87593e-01
  4 -0.03186  5.01277e-02 |  5 -0.45414 -2.59728e-01 |  6 -0.00956  6.56544e-01
  7  0.13166 -5.23258e+00 |  8 -0.22361 -1.50100e+00 |  9  0.20171 -4.46621e-02
 10  0.98770 -1.28113e-01 | 11 -0.16396 -1.28239e-02 |

Initial statistics: 37 variables; iteration 0; function evaluation 0; phase 3
Function value 3.6157509e+03; maximum gradient component mag 1.4776e+03
Var    Value     Gradient |Var    Value     Gradient |Var    Value     Gradient
  1 -0.11642  3.70951e+00 |  2  0.05580  3.58214e-01 |  3 -0.08036  3.87593e-01
  4 -0.03186  5.01277e-02 |  5 -0.45414 -2.59728e-01 |  6 -0.00956  6.56544e-01
  7  0.13166 -5.23258e+00 |  8 -0.22361 -1.50100e+00 |  9  0.20171 -4.46621e-02
 10  0.98770 -1.28113e-01 | 11 -0.16396 -1.28239e-02 | 12 -0.11760 -3.83774e+02
 13 -0.33425  1.74271e+02 | 14 -0.10028  8.46948e+02 | 15  0.25350  4.24334e+02
 16 -0.21710 -7.35652e+02 | 17 -0.11760 -6.15114e+01 | 18 -0.33425  2.64465e+01
 19 -0.11760 -3.52208e+02 | 20 -0.33425  1.52245e+02 | 21 -0.11760 -1.10623e+02
 22 -0.33425 -8.43355e+00 | 23  0.02302  1.47759e+03 | 24 -0.31415 -1.06539e+03
 25  0.53959  1.13682e+01 | 26 -0.62714  5.39252e-04 | 27  0.00000  5.70639e+02
 28 -0.21635 -3.51840e+02 | 29  0.16024  7.10220e+01 | 30 -0.12294 -5.60589e+01
 31 -0.16953  3.44582e+01 | 32 -0.10028 -1.14017e+02 | 33 -0.34608  9.66783e+01
 34 -0.03900  2.63376e+02 | 35 -0.33425 -1.35972e+02 | 36  0.02302 -5.32807e+01
 37 -0.16953  5.86414e+01 |

Intermediate statistics: 37 variables; iteration 20; function evaluation 30; phase 3
Function value 3.1841584e+03; maximum gradient component mag 3.9159e+02
Var    Value     Gradient |Var    Value     Gradient |Var    Value     Gradient
  1 -0.00341  1.57666e+02 |  2 -0.04336 -9.80755e+01 |  3 -0.03947 -6.36770e+01
  4 -0.07175 -4.97682e+01 |  5 -0.31293  1.53907e+00 |  6 -0.14996 -3.14273e+01
  7  0.10919 -9.68258e+01 |  8 -0.07814  1.19683e+01 |  9 -0.01559 -3.07658e+01
 10  0.98327  6.83302e-02 | 11 -0.16393  1.03926e-02 | 12  0.15326 -3.25853e+01
 13 -0.18620  5.29071e+01 | 14 -0.25385  3.83770e+00 | 15  0.35580  2.26611e+01
 16 -0.13816 -1.41113e+01 | 17  0.18649 -1.37169e+01 | 18 -0.19135  1.59416e+01
 19  0.40869 -4.23345e+01 | 20 -0.12560  2.14476e+02 | 21  0.30192 -1.25349e+02
 22 -0.07214  3.91587e+02 | 23 -0.29984 -1.15673e+02 | 24 -0.65136  7.63059e+00
 25  0.47113 -1.31362e+01 | 26 -0.62707 -8.09662e-03 | 27  0.06246  1.64181e+01
 28  0.07166  7.36924e+00 | 29 -0.21840  1.88155e+00 | 30  0.53688 -2.56975e+00
 31 -0.11808  1.39494e+01 | 32  0.44872 -4.73451e+01 | 33 -0.21127  2.38688e+02
 34  0.00602 -1.41721e+02 | 35 -0.27551  1.01673e+02 | 36  0.02888 -3.11881e+01
 37 -0.21563  1.65951e+01 |
37 variables; iteration 40; function evaluation 56; phase 3
Function value 3.1606988e+03; maximum gradient component mag 1.8308e+02
Var    Value     Gradient |Var    Value     Gradient |Var    Value     Gradient
  1 -0.02772  1.83080e+02 |  2 -0.02512  8.03342e-01 |  3 -0.03238  2.32151e+01
  4 -0.06597  1.22716e+00 |  5 -0.33988  9.27974e+00 |  6 -0.12648  1.45935e-01
  7  0.11628  3.29679e+01 |  8 -0.12627  9.44818e+00 |  9  0.01840  6.73728e+00
 10  0.39753 -4.34039e+00 | 11 -0.13701  2.80007e+00 | 12  0.11773 -7.29219e+01
 13 -0.20681  6.99598e+01 | 14 -0.25281  7.76279e+00 | 15  0.28826 -5.92477e+00
 16 -0.16139 -6.14399e+00 | 17  0.22505 -5.18949e+00 | 18 -0.17029  8.92453e+00
 19  0.34252 -2.66853e+01 | 20 -0.16163  9.03593e+01 | 21  0.29851 -3.99157e+01
 22 -0.09289  8.26483e+01 | 23 -0.23960  6.08533e+00 | 24 -0.56163 -2.26869e+01
 25  0.38604 -1.36201e+01 | 26 -0.61848 -8.15168e-03 | 27 -0.00173  8.76254e+00
 28 -0.00769 -7.47043e+00 | 29 -0.10396  3.48280e+00 | 30  0.43803 -3.06560e+00
 31 -0.16783  3.74831e+00 | 32  0.31858 -4.17393e+01 | 33 -0.27951  8.83901e+01
 34 -0.00441 -1.30501e+02 | 35 -0.28868  7.87271e+01 | 36  0.06665 -2.40483e+01
 37 -0.17812  2.22928e+01 |
37 variables; iteration 60; function evaluation 78; phase 3
Function value 3.1384681e+03; maximum gradient component mag 4.0105e+00
Var    Value     Gradient |Var    Value     Gradient |Var    Value     Gradient
  1 -0.16103 -5.93778e-01 |  2 -0.00417 -2.37137e-01 |  3 -0.06968 -8.40615e-01
  4 -0.05706 -4.95332e-01 |  5 -0.35731  4.99908e-02 |  6 -0.06466 -1.15834e+00
  7  0.10685 -7.22384e-01 |  8 -0.07466  3.62181e-01 |  9 -0.00563 -2.69434e-01
 10  0.03185 -1.94371e+00 | 11 -0.19846  1.07116e-01 | 12  0.22393 -2.82926e+00
 13 -0.16277  3.35522e+00 | 14 -0.26235  4.83090e-01 | 15  0.28792  8.93651e-01
 16 -0.15208 -1.33225e+00 | 17  0.18448 -7.51851e-01 | 18 -0.18468  1.10925e+00
 19  0.35461  3.46630e-01 | 20 -0.17490  4.36648e-02 | 21  0.35914 -1.88252e+00
 22 -0.07910  4.01053e+00 | 23 -0.18510  3.20821e+00 | 24 -0.37090 -2.79380e+00
 25  0.32392 -9.99004e-01 | 26 -0.44912 -1.51620e-02 | 27 -0.00833  1.85752e+00
 28  0.00893 -3.58232e-01 | 29 -0.11542  3.87560e-01 | 30  0.45385  8.96457e-01
 31 -0.16312 -7.62093e-01 | 32  0.45371 -2.36899e+00 | 33 -0.26449  2.66995e+00
 34  0.08861  1.34650e+00 | 35 -0.21286  3.46646e-01 | 36  0.06364 -8.95015e-01
 37 -0.18395  8.76447e-02 |
Maximum number of function evaluations exceeded

 - final statistics:
37 variables; iteration 79; function evaluation 100
Function value 3.1363e+03; maximum gradient component mag -1.7848e+01
Exit code = 3;  converg criter 1.0000e+00
Var    Value     Gradient |Var    Value     Gradient |Var    Value     Gradient
  1 -0.15663  6.98899e+00 |  2 -0.01301 -2.93694e+00 |  3 -0.06619 -4.76013e+00
  4 -0.05860 -2.07166e+00 |  5 -0.35612 -2.38914e-01 |  6 -0.08127 -2.07033e+00
  7  0.10855  8.33955e-01 |  8 -0.07228  1.08481e+00 |  9 -0.00866 -4.69351e-01
 10  0.03265 -1.13488e+01 | 11 -0.19388  4.80699e-01 | 12  0.22487 -9.36017e+00
 13 -0.16378  6.46104e+00 | 14 -0.25660  1.11668e+01 | 15  0.29654  5.12597e+00
 16 -0.15098 -9.94953e+00 | 17  0.24180  5.88641e-01 | 18 -0.15238  4.34449e+00
 19  0.33477 -1.78483e+01 | 20 -0.18441  1.39596e+01 | 21  0.40523  3.25080e+00
 22 -0.06956  6.79480e-01 | 23 -0.16262 -3.64493e-01 | 24 -0.35283 -5.56706e+00
 25 -0.07812  6.09182e+00 | 26 -0.02357 -6.21299e+00 | 27  0.00549  1.23771e+01
 28  0.01955 -4.29569e+00 | 29 -0.13939  7.99737e-01 | 30  0.43902 -1.59243e+00
 31 -0.17210  1.12686e+00 | 32  0.77205 -2.58613e-01 | 33 -0.22247  5.38143e+00
 34  0.11345  1.44916e+01 | 35 -0.19682 -3.87192e+00 | 36  0.05635 -1.70810e+00
 37 -0.19137 -1.05436e+00 |

Initial statistics: 94 variables; iteration 0; function evaluation 0; phase 4
Function value 3.1362710e+03; maximum gradient component mag -5.7497e+02
Var    Value     Gradient |Var    Value     Gradient |Var    Value     Gradient
  1 -0.15663  6.98899e+00 |  2 -0.01301 -2.93694e+00 |  3 -0.06619 -4.76013e+00
  4 -0.05860 -2.07166e+00 |  5 -0.35612 -2.38914e-01 |  6 -0.08127 -2.07033e+00
  7  0.10855  8.33955e-01 |  8 -0.07228  1.08481e+00 |  9 -0.00866 -4.69351e-01
 10  0.03265 -1.13488e+01 | 11  0.00000 -2.38233e+01 | 12  0.00000 -3.08431e+01
 13  0.00000 -3.56308e+01 | 14  0.00000 -2.99870e+01 | 15  0.00000 -2.41985e+01
 16  0.00000 -3.53832e+01 | 17  0.00000 -5.48918e+01 | 18  0.00000 -6.72716e+01
 19  0.00000  6.65694e+00 | 20  0.00000  8.42951e+01 | 21  0.00000  6.05364e+01
 22  0.00000 -2.92988e+01 | 23  0.00000  8.59990e+01 | 24  0.00000  1.85803e+02
 25  0.00000  1.89301e+02 | 26  0.00000 -3.90006e+01 | 27  0.00000 -3.44751e+02
 28  0.00000 -1.93235e+01 | 29  0.00000  2.99883e+01 | 30  0.00000  2.39734e+01
 31  0.00000 -1.58001e+01 | 32  0.00000 -1.36332e+01 | 33  0.00000  3.97850e+01
 34  0.00000  4.96576e+01 | 35  0.00000  8.01995e+01 | 36  0.00000  2.87106e+01
 37  0.00000  1.02267e+02 | 38  0.00000  1.02289e+02 | 39  0.00000  1.48428e+02
 40  0.00000  1.33408e+02 | 41  0.00000 -1.69530e+02 | 42  0.00000 -5.74971e+02
 43  0.00000 -7.89360e+01 | 44  0.00000  5.75974e+01 | 45  0.00000  1.02117e+02
 46  0.00000 -3.64053e+01 | 47  0.00000  1.38603e+02 | 48  0.00000  2.07735e+02
 49  0.00000  2.14194e+02 | 50  0.00000  1.17992e+02 | 51  0.00000  8.99145e+01
 52  0.00000 -1.17773e+02 | 53  0.00000 -1.97137e+02 | 54  0.00000 -3.84263e+01
 55  0.00000 -1.47381e+02 | 56  0.00000 -2.38859e+02 | 57  0.00000 -4.90366e+01
 58  0.00000 -8.80512e+01 | 59  0.00000  1.83074e+01 | 60  0.00000  4.60713e+01
 61  0.00000  9.74834e+01 | 62  0.00000  7.64746e+01 | 63  0.00000  2.13221e+01
 64  0.00000 -3.40176e+01 | 65  0.00000  2.89522e+01 | 66  0.00000 -1.14079e+01
 67  0.00000 -2.22916e+01 | 68 -0.19388  4.80699e-01 | 69  0.22487 -9.36017e+00
 70 -0.16378  6.46104e+00 | 71 -0.25660  1.11668e+01 | 72  0.29654  5.12597e+00
 73 -0.15098 -9.94953e+00 | 74  0.24180  5.88641e-01 | 75 -0.15238  4.34449e+00
 76  0.33477 -1.78483e+01 | 77 -0.18441  1.39596e+01 | 78  0.40523  3.25080e+00
 79 -0.06956  6.79480e-01 | 80 -0.16262 -3.64493e-01 | 81 -0.35283 -5.56706e+00
 82 -0.07812  6.09182e+00 | 83 -0.02357 -6.21299e+00 | 84  0.00549  1.23771e+01
 85  0.01955 -4.29569e+00 | 86 -0.13939  7.99737e-01 | 87  0.43902 -1.59243e+00
 88 -0.17210  1.12686e+00 | 89  0.77205 -2.58613e-01 | 90 -0.22247  5.38143e+00
 91  0.11345  1.44916e+01 | 92 -0.19682 -3.87192e+00 | 93  0.05635 -1.70810e+00
 94 -0.19137 -1.05436e+00 |

Intermediate statistics: 94 variables; iteration 20; function evaluation 26; phase 4
Function value 2.6797685e+03; maximum gradient component mag 4.3233e+02
Var    Value     Gradient |Var    Value     Gradient |Var    Value     Gradient
  1 -0.23431 -5.59360e+00 |  2 -0.02482 -8.86672e+01 |  3 -0.01478 -4.02292e+01
  4  0.01861  1.31704e+01 |  5 -0.39481 -3.48224e+00 |  6  0.00637 -4.07826e+01
  7  0.10355 -4.18317e+02 |  8 -0.14324 -8.16605e+01 |  9  0.14507 -2.58977e+01
 10 -0.12687  5.86658e+00 | 11  0.13675 -1.98947e+00 | 12  0.13734  2.89349e-02
 13  0.14584 -3.03577e-01 | 14  0.07312 -2.19583e+00 | 15  0.02726 -4.02349e+00
 16  0.07517 -5.10566e+00 | 17  0.05683 -1.90264e+00 | 18  0.19129  1.47629e+00
 19 -0.04301 -6.71202e+00 | 20 -0.06601 -6.16542e+00 | 21 -0.02244 -4.05585e+00
 22  0.12820 -6.23319e+00 | 23 -0.01921 -4.97623e-01 | 24 -0.12033  7.44151e+00
 25 -0.16747  6.04636e+00 | 26 -0.22892 -1.08478e+01 | 27  0.28301 -7.17777e+00
 28 -0.20520 -8.37917e+00 | 29  0.02917 -1.33276e+01 | 30  0.00284 -1.58539e+01
 31  0.05290 -1.53137e+01 | 32  0.04477 -1.89863e+01 | 33 -0.05746 -1.77999e+01
 34  0.00617 -1.51427e+01 | 35 -0.19374 -1.06294e+01 | 36  0.02759 -1.45320e+01
 37 -0.17856 -1.00560e+01 | 38 -0.06917 -8.80699e+00 | 39 -0.17014 -7.74049e+00
 40 -0.20622 -1.06725e+01 | 41 -0.45484 -2.27854e+01 | 42  0.42219  7.70884e+01
 43 -0.26414 -2.35514e+01 | 44 -0.00469 -1.62187e+01 | 45 -0.08769 -6.95569e+00
 46  0.12282 -1.23967e+01 | 47 -0.09719 -5.43451e+00 | 48 -0.27544 -4.25948e+00
 49 -0.34623 -2.36797e+00 | 50 -0.07734 -3.29925e+00 | 51 -0.09837 -1.04156e+00
 52  0.16587 -3.25187e+00 | 53  0.22678 -1.89646e+01 | 54  0.04001 -1.12192e+01
 55  0.18502 -1.90608e+01 | 56  0.29647 -2.09315e+01 | 57  0.03230 -6.19884e+00
 58  0.16738 -1.75085e+00 | 59  0.05343 -1.92237e+00 | 60  0.02177  3.05589e-01
 61 -0.14412 -2.13323e+00 | 62 -0.08239 -5.26312e-01 | 63  0.03973  2.09391e+00
 64  0.12323  1.51385e+00 | 65 -0.03602 -2.52146e+00 | 66  0.12002 -3.51760e+00
 67  0.23883 -6.60898e+00 | 68 -0.11730 -9.80022e-01 | 69  0.09030 -1.10882e+01
 70 -0.22290 -1.21837e+01 | 71 -0.26062  3.26827e+00 | 72  0.27302 -1.63344e+02
 73 -0.10525  4.32328e+02 | 74  0.23817  3.30144e+00 | 75 -0.14617 -3.14780e+00
 76  0.33050  3.45976e+01 | 77 -0.17598 -7.04307e+01 | 78  0.26516 -1.60814e+01
 79 -0.07975  7.71076e+01 | 80 -0.14826 -9.06726e+01 | 81 -0.31847  3.70907e+01
 82 -0.11654 -1.44255e+01 | 83 -0.07211 -9.12575e+01 | 84 -0.01064  5.64785e+00
 85 -0.01479 -5.24802e+00 | 86 -0.13331 -1.87142e-01 | 87  0.46372  4.00183e+00
 88 -0.15880 -8.98654e+00 | 89  0.74006 -1.80960e+01 | 90 -0.12642  2.92879e+02
 91  0.00968  8.27661e+00 | 92 -0.26328  3.03951e+01 | 93  0.05158 -2.15524e-01
 94 -0.19601  1.58088e+00 |
94 variables; iteration 40; function evaluation 48; phase 4
Function value 2.6515051e+03; maximum gradient component mag 1.1928e+02
Var    Value     Gradient |Var    Value     Gradient |Var    Value     Gradient
  1 -0.21231  7.50712e+01 |  2 -0.05002 -5.75047e+01 |  3 -0.01465 -4.06507e+01
  4 -0.01502 -2.64640e+01 |  5 -0.37413  9.80539e+00 |  6 -0.00119  2.64638e+01
  7  0.11623 -7.72347e+01 |  8 -0.12765 -2.10924e+01 |  9  0.15413 -1.34436e+01
 10 -0.10059 -5.06015e+01 | 11  0.16977 -7.19479e+00 | 12  0.06412 -9.51127e+00
 13  0.17711 -5.99601e+00 | 14  0.05357 -9.22455e+00 | 15 -0.02325 -1.24827e+01
 16  0.11439 -1.33869e+01 | 17 -0.02679 -1.71043e+01 | 18  0.17956 -2.28880e+01
 19 -0.03797 -1.01220e+01 | 20 -0.05916 -5.36051e+00 | 21 -0.03117 -5.40656e+00
 22  0.11818 -9.90756e+00 | 23 -0.02889 -5.68964e+00 | 24 -0.12029  2.56311e+00
 25 -0.21066 -6.64967e+00 | 26 -0.22620 -1.82689e+01 | 27  0.25966 -7.09839e+01
 28 -0.22027 -1.28935e+01 | 29  0.03440  2.90382e-01 | 30  0.00320 -7.87766e+00
 31  0.03388 -2.38107e+01 | 32  0.02750 -2.84270e+01 | 33 -0.05429 -1.80784e+01
 34 -0.01139 -1.66516e+01 | 35 -0.16148 -9.32487e+00 | 36  0.01245 -1.76921e+01
 37 -0.15658 -6.39862e+00 | 38 -0.05373  2.76021e+00 | 39 -0.15640 -4.21757e+00
 40 -0.18039 -7.64802e+00 | 41 -0.49850 -2.44335e+01 | 42  0.41879  4.88797e+01
 43 -0.10332 -5.35855e+00 | 44 -0.00160 -1.32048e+01 | 45 -0.08388 -9.23582e+00
 46  0.14453  2.13683e+01 | 47 -0.09393 -6.07779e+00 | 48 -0.28520 -9.82865e+00
 49 -0.31958 -2.61192e+00 | 50 -0.07129 -5.98169e+00 | 51 -0.08642 -4.86367e+00
 52  0.16938 -4.34005e+00 | 53  0.21049 -4.89520e+01 | 54  0.04718 -1.37325e+01
 55  0.16845 -3.44276e+01 | 56  0.30859 -1.07284e+01 | 57  0.02603 -1.23954e+01
 58  0.17373 -6.35704e+00 | 59  0.06020 -4.10595e+00 | 60  0.00937 -8.85212e+00
 61 -0.13048 -3.67284e+00 | 62 -0.06594 -1.27990e+00 | 63  0.04597 -5.26269e-01
 64  0.11743 -9.30192e+00 | 65 -0.04555 -8.33882e+00 | 66  0.07470 -1.54911e+01
 67  0.25923 -7.12693e+00 | 68 -0.12944 -1.73395e+00 | 69  0.18258  4.34399e+01
 70 -0.17654 -7.88414e+01 | 71 -0.27879 -2.45037e+01 | 72  0.30459 -1.95800e+01
 73 -0.14157  6.88337e+01 | 74  0.16630  1.39240e+00 | 75 -0.19383 -6.77219e+00
 76  0.36627  3.11761e+01 | 77 -0.16592 -6.42923e+01 | 78  0.27796 -3.39505e+01
 79 -0.07702  1.19284e+02 | 80 -0.14013 -1.94179e+01 | 81 -0.31859  7.54477e+00
 82 -0.13195 -3.65935e+00 | 83 -0.05396 -1.87740e+00 | 84 -0.01149  6.40130e+00
 85 -0.01244 -1.80435e+00 | 86 -0.12568  2.67114e+00 | 87  1.09826  1.98315e+00
 88 -0.03750  4.72892e+01 | 89  0.77218 -5.12534e+00 | 90 -0.19551  8.67401e+01
 91 -0.00635 -6.71878e+01 | 92 -0.28173  6.06936e+01 | 93  0.04622  1.41295e+01
 94 -0.21071 -1.45831e+01 |
94 variables; iteration 60; function evaluation 72; phase 4
Function value 2.6431703e+03; maximum gradient component mag 4.8382e+01
Var    Value     Gradient |Var    Value     Gradient |Var    Value     Gradient
  1 -0.21700  2.32359e+01 |  2 -0.02795 -4.87410e+00 |  3 -0.03121 -2.35439e+00
  4 -0.00383 -7.22366e-01 |  5 -0.39165  6.44037e+00 |  6 -0.00618  7.06049e+00
  7  0.11325  1.24841e+01 |  8 -0.10295  8.18495e+00 |  9  0.14980 -3.59581e-01
 10 -0.11416 -9.31563e+00 | 11  0.15680 -3.15362e+00 | 12  0.08887 -3.29468e+00
 13  0.16893 -1.33360e+00 | 14  0.06601 -2.68605e+00 | 15  0.01322 -5.15960e+00
 16  0.08519 -8.61940e+00 | 17  0.02170 -7.25185e+00 | 18  0.18722 -5.65984e+00
 19 -0.03816 -2.85861e+00 | 20 -0.05966  6.33256e-02 | 21 -0.02702  1.56163e+00
 22  0.12386  1.41121e+00 | 23 -0.02329  2.39323e+00 | 24 -0.12507  8.63831e+00
 25 -0.16990  7.34708e+00 | 26 -0.24337 -1.12120e+01 | 27  0.27176 -3.01519e+01
 28 -0.22323 -7.54954e+00 | 29  0.02489 -4.81314e+00 | 30  0.00859 -9.77977e-01
 31  0.04368 -4.13121e+00 | 32  0.04093 -4.00897e+00 | 33 -0.04491 -2.36009e+00
 34 -0.00108  1.01637e+00 | 35 -0.15405  1.38478e+00 | 36  0.03060  7.39899e+00
 37 -0.15493  3.95106e-01 | 38 -0.06780  1.94688e+00 | 39 -0.14979  3.85950e+00
 40 -0.19300 -8.42466e-01 | 41 -0.36042 -2.11265e+01 | 42  0.39131 -8.23341e+00
 43 -0.19131 -1.33973e+01 | 44 -0.00386 -4.11453e+00 | 45 -0.09585 -3.61150e+00
 46  0.11307 -5.32933e+00 | 47 -0.09443  4.91300e+00 | 48 -0.26372  2.67699e+00
 49 -0.33395  2.20371e+00 | 50 -0.08038  2.57497e+00 | 51 -0.08702  4.54252e+00
 52  0.15161 -4.99069e+00 | 53  0.21867 -1.00609e+01 | 54  0.02915 -7.79822e+00
 55  0.18829 -5.35955e+00 | 56  0.29230 -4.65006e+00 | 57  0.02456 -3.36188e+00
 58  0.15807 -6.84289e+00 | 59  0.04383 -2.47656e+00 | 60  0.01182 -4.69179e-01
 61 -0.13233  3.13271e+00 | 62 -0.06906  4.51058e+00 | 63  0.02178 -3.87472e+00
 64  0.11771 -2.73530e+00 | 65 -0.03614 -1.82692e-01 | 66  0.11029 -2.19049e+00
 67  0.20460 -7.18510e+00 | 68 -0.13431 -4.03946e-01 | 69  0.18308  1.62737e+01
 70 -0.17028 -2.76180e+01 | 71 -0.26032  1.12214e+00 | 72  0.28386  9.93032e+00
 73 -0.15635 -2.35584e+01 | 74  0.21923 -2.24902e-01 | 75 -0.15767 -3.95640e-01
 76  0.33571  8.49186e+00 | 77 -0.17541 -2.70795e+01 | 78  0.28454 -1.04615e+01
 79 -0.07983  4.83823e+01 | 80 -0.14538  1.08492e+01 | 81 -0.33736 -7.60765e+00
 82 -0.10037  1.89133e+00 | 83 -0.05359  1.05814e+01 | 84 -0.01258  5.31559e-01
 85 -0.01530 -2.37805e+00 | 86 -0.13288 -1.15218e+00 | 87  0.83824  1.75395e-01
 88 -0.06514  4.54906e+00 | 89  0.56605 -3.25421e+00 | 90 -0.22557  2.69004e+01
 91 -0.00505 -4.57642e+01 | 92 -0.28020  4.79837e+01 | 93  0.05683  5.01382e+00
 94 -0.19353 -2.90476e+00 |
94 variables; iteration 80; function evaluation 96; phase 4
Function value 2.6402840e+03; maximum gradient component mag -2.1101e+01
Var    Value     Gradient |Var    Value     Gradient |Var    Value     Gradient
  1 -0.22613  2.08802e+01 |  2 -0.02194 -7.26093e+00 |  3 -0.03554 -3.40497e+00
  4  0.00468  3.18432e+00 |  5 -0.40649 -4.38163e+00 |  6  0.00051 -3.25558e+00
  7  0.11607  1.04170e+01 |  8 -0.11916  2.03426e+00 |  9  0.15018  2.46377e+00
 10 -0.12618 -1.31617e+01 | 11  0.14892 -2.51108e+00 | 12  0.10284 -1.96932e+00
 13  0.15416 -3.48570e+00 | 14  0.04843 -1.38079e+00 | 15  0.03575  1.04219e+00
 16  0.07767  1.49630e+00 | 17  0.06513  4.56485e+00 | 18  0.17860 -2.98182e-01
 19 -0.03875  4.44225e-01 | 20 -0.05238  3.73000e+00 | 21 -0.03666  1.44707e+00
 22  0.12296 -2.22852e+00 | 23 -0.01852  6.28650e+00 | 24 -0.13195  1.00351e+01
 25 -0.17454  9.47632e+00 | 26 -0.26083 -7.47483e+00 | 27  0.28088  7.59035e+00
 28 -0.24205 -3.20413e+00 | 29  0.03542  8.83229e+00 | 30  0.00774  7.10779e+00
 31  0.05032  5.13044e+00 | 32  0.03283 -2.69435e+00 | 33 -0.04159  1.56572e+00
 34 -0.00663  4.29939e-01 | 35 -0.15827  3.37796e+00 | 36  0.02153  2.14991e+00
 37 -0.15149  5.75774e+00 | 38 -0.06855  7.56415e+00 | 39 -0.16192  6.46812e+00
 40 -0.21022  3.76766e+00 | 41 -0.22124 -1.19628e+01 | 42  0.38151 -1.88057e+01
 43 -0.19457 -8.86560e+00 | 44 -0.00200  5.89570e+00 | 45 -0.08314  9.73646e+00
 46  0.10895  1.24466e+00 | 47 -0.10171  7.04875e+00 | 48 -0.26065  8.59188e+00
 49 -0.31245  1.06782e+01 | 50 -0.08023  6.60677e+00 | 51 -0.11784  1.98566e+00
 52  0.14531 -5.12398e+00 | 53  0.21754 -2.02953e-01 | 54  0.03554  2.17886e+00
 55  0.18777  3.18635e+00 | 56  0.28428 -2.91033e+00 | 57  0.00756 -3.14078e+00
 58  0.15997  4.34304e+00 | 59  0.04064  1.99660e+00 | 60 -0.00268  3.14415e-01
 61 -0.14249  5.33410e+00 | 62 -0.11048  9.11160e-01 | 63  0.02729  3.39355e+00
 64  0.11295  1.13519e+00 | 65 -0.05110  1.40014e+00 | 66  0.10991  2.06882e+00
 67  0.27203  4.46376e+00 | 68 -0.12913  9.47054e-01 | 69  0.17153 -5.00857e+00
 70 -0.17074  9.02674e+00 | 71 -0.25960  3.76434e+00 | 72  0.27936 -3.50286e+00
 73 -0.15446  5.86042e+00 | 74  0.20627 -2.56359e+00 | 75 -0.15911  3.58343e+00
 76  0.34821 -5.15849e+00 | 77 -0.16574  1.62776e+01 | 78  0.24244  3.87631e+00
 79 -0.09783 -2.11011e+01 | 80 -0.14007  3.04689e+00 | 81 -0.32777 -3.56275e+00
 82 -0.11849 -1.04097e+00 | 83 -0.05705 -1.47173e-01 | 84 -0.00971  2.10638e+00
 85 -0.00420  3.59458e+00 | 86 -0.13180  2.32911e+00 | 87  0.71368 -9.03070e-01
 88 -0.07673  1.12829e+01 | 89  0.57104 -3.92743e-02 | 90 -0.22674  6.62574e+00
 91 -0.00841 -7.81090e+00 | 92 -0.28619  1.67916e+01 | 93  0.05506 -3.32191e+00
 94 -0.19292  4.60980e+00 |
94 variables; iteration 100; function evaluation 121; phase 4
Function value 2.6379430e+03; maximum gradient component mag 4.0752e+01
Var    Value     Gradient |Var    Value     Gradient |Var    Value     Gradient
  1 -0.23675  4.07524e+01 |  2 -0.02088 -2.54247e+00 |  3 -0.02871  5.87365e+00
  4  0.00169 -1.21446e+00 |  5 -0.40636 -6.49161e+00 |  6  0.01419  4.07518e+00
  7  0.11619 -1.39686e+01 |  8 -0.12470 -1.54071e+00 |  9  0.15062 -2.02279e+00
 10 -0.14602 -4.06586e+01 | 11  0.16561  7.81160e-01 | 12  0.12570  1.18450e+00
 13  0.13456  3.15361e-02 | 14  0.08452  2.19043e+00 | 15  0.04621  2.48634e+00
 16  0.08930 -2.03555e+00 | 17  0.02132 -2.36174e+00 | 18  0.19267 -3.49501e+00
 19 -0.02146  2.54200e+00 | 20 -0.05545  2.48061e+00 | 21 -0.03637 -4.41605e-01
 22  0.13064 -2.32504e+00 | 23 -0.01282  3.33974e+00 | 24 -0.15162  2.34153e+00
 25 -0.19907  4.27498e+00 | 26 -0.17153  1.13889e+00 | 27  0.28450  2.94473e+00
 28 -0.21959 -1.85894e+00 | 29  0.03372 -1.20416e+00 | 30 -0.00026 -2.75895e+00
 31  0.05309  3.52169e+00 | 32  0.04077  3.51398e+00 | 33 -0.03704  5.78951e+00
 34 -0.00406  2.87534e+00 | 35 -0.16668  2.44928e+00 | 36  0.01763 -1.76172e+00
 37 -0.15607  4.54825e+00 | 38 -0.07684  3.23933e+00 | 39 -0.17901  2.71149e+00
 40 -0.22651  4.45445e+00 | 41 -0.11608  2.84941e+00 | 42  0.38020  4.81501e+00
 43 -0.14423  9.05112e-02 | 44 -0.01608 -1.41330e-01 | 45 -0.09731  4.13617e+00
 46  0.10624 -8.31261e-01 | 47 -0.11511  2.47689e+00 | 48 -0.29436  2.48670e+00
 49 -0.35146  5.45838e+00 | 50 -0.08804  3.85646e+00 | 51 -0.13266 -1.11066e+00
 52  0.14867  2.91307e+00 | 53  0.21806  5.94474e+00 | 54  0.03309  2.77922e+00
 55  0.18141  1.47114e+00 | 56  0.28484  1.29028e+00 | 57  0.01786  2.21803e+00
 58  0.14983 -1.90577e+00 | 59  0.03052 -5.57796e-01 | 60  0.00479  3.55514e+00
 61 -0.17187  1.86960e+00 | 62 -0.10989  1.91661e+00 | 63  0.02359  4.01254e+00
 64  0.10806  1.47948e+00 | 65 -0.06032  1.27655e+00 | 66  0.08597 -2.22775e-01
 67  0.23397  1.94354e+00 | 68 -0.12111  1.86058e+00 | 69  0.16708 -1.10009e+01
 70 -0.17177  2.07565e+01 | 71 -0.26514 -4.15338e+00 | 72  0.28385  2.56301e+00
 73 -0.15214  1.63677e+00 | 74  0.11800  7.00467e-01 | 75 -0.22629 -9.25813e+00
 76  0.34473 -7.64168e+00 | 77 -0.16605  2.07735e+01 | 78  0.23123  4.87346e+00
 79 -0.10089 -2.46462e+01 | 80 -0.13018 -2.03871e+00 | 81 -0.30762  4.35015e+00
 82 -0.14502 -2.50323e+00 | 83 -0.05987 -2.43919e+00 | 84 -0.01889 -2.66535e+00
 85 -0.01626  1.56346e+00 | 86 -0.12274  2.67159e-01 | 87  0.56790 -6.44553e-01
 88 -0.11237  5.36903e+00 | 89  0.55221 -7.57392e-01 | 90 -0.22823  1.10242e+01
 91 -0.01966  1.26029e+00 | 92 -0.30113 -1.46539e+00 | 93  0.05808 -1.58358e+00
 94 -0.18833  4.65359e+00 |
94 variables; iteration 120; function evaluation 142; phase 4
Function value 2.6364593e+03; maximum gradient component mag 1.3885e-01
Var    Value     Gradient |Var    Value     Gradient |Var    Value     Gradient
  1 -0.22379  6.10776e-02 |  2 -0.01434 -2.38118e-02 |  3 -0.03977 -1.16232e-02
  4  0.00144 -2.75152e-02 |  5 -0.40332 -1.48224e-02 |  6  0.00266  1.24353e-02
  7  0.11480 -9.25337e-02 |  8 -0.11921 -2.29561e-02 |  9  0.15073 -1.36418e-02
 10 -0.11664 -6.44553e-02 | 11  0.14662  3.70662e-03 | 12  0.10688 -1.14111e-03
 13  0.15013  2.89681e-03 | 14  0.06093  3.13488e-03 | 15  0.02054 -6.51516e-03
 16  0.08592 -5.00853e-04 | 17  0.03613 -1.03828e-02 | 18  0.17987  7.06180e-03
 19 -0.03307 -7.29116e-03 | 20 -0.06948 -8.09368e-03 | 21 -0.03809 -6.54317e-03
 22  0.12185  9.21831e-05 | 23 -0.02496 -1.24104e-02 | 24 -0.15630 -9.75895e-03
 25 -0.22073 -9.45700e-03 | 26 -0.16566  7.83752e-03 | 27  0.27235  3.59415e-03
 28 -0.18587 -3.08350e-03 | 29  0.02252 -5.44759e-03 | 30  0.00285 -6.65063e-03
 31  0.04290  1.85464e-03 | 32  0.03790  6.68707e-03 | 33 -0.04858  8.87210e-04
 34 -0.00573  2.58954e-03 | 35 -0.17149 -5.07043e-03 | 36  0.02316 -7.62873e-03
 37 -0.16453  3.22473e-04 | 38 -0.07300 -3.18332e-03 | 39 -0.17521 -1.47985e-04
 40 -0.23338  1.39331e-05 | 41 -0.11050 -1.52290e-04 | 42  0.38516  6.25698e-03
 43 -0.12787  2.85996e-03 | 44 -0.00798 -4.30780e-03 | 45 -0.09766 -3.52621e-03
 46  0.11254  5.44513e-03 | 47 -0.11071 -1.91572e-03 | 48 -0.29025 -3.45556e-03
 49 -0.37237 -1.58967e-03 | 50 -0.08988 -1.03914e-03 | 51 -0.11329  1.12271e-04
 52  0.15135  6.78149e-03 | 53  0.22036 -6.97824e-04 | 54  0.03684  2.14505e-03
 55  0.18692 -7.90942e-03 | 56  0.29023 -1.94603e-03 | 57  0.02265  9.28463e-03
 58  0.15862 -5.89314e-04 | 59  0.04182  2.51225e-03 | 60  0.00425  1.01424e-02
 61 -0.16344  9.47526e-04 | 62 -0.10102  2.32944e-03 | 63  0.02392  5.93218e-04
 64  0.11338  5.02298e-05 | 65 -0.05013 -6.38824e-03 | 66  0.10622  2.41463e-04
 67  0.24365  1.16523e-03 | 68 -0.13686 -5.21505e-05 | 69  0.16372 -8.01453e-03
 70 -0.17595  1.50304e-02 | 71 -0.26177 -6.86018e-03 | 72  0.27803  5.31268e-03
 73 -0.15565 -1.20147e-02 | 74  0.22152 -8.70598e-03 | 75 -0.15411  1.26194e-02
 76  0.33765 -7.08039e-04 | 77 -0.17046 -4.55442e-03 | 78  0.24768  7.49882e-03
 79 -0.09376 -2.76287e-02 | 80 -0.14024 -4.31014e-03 | 81 -0.32570  4.74280e-03
 82 -0.11055  1.15267e-03 | 83 -0.05878 -1.08883e-02 | 84 -0.01403 -8.58222e-03
 85 -0.01439 -7.24020e-04 | 86 -0.13036 -7.21759e-03 | 87  0.48112 -1.73233e-02
 88 -0.14644  8.12425e-02 | 89  0.38878  1.51917e-02 | 90 -0.26591 -1.05009e-01
 91 -0.01875 -7.50029e-02 | 92 -0.30009  1.38851e-01 | 93  0.04629  1.87891e-03
 94 -0.20293 -2.47635e-04 |
  ic > imax  in fminim is answer attained ?
Var    Value     Gradient |Var    Value     Gradient |Var    Value     Gradient
  1 -0.22376  3.66920e-04 |  2 -0.01433  7.92408e-06 |  3 -0.03979 -3.67271e-05
  4  0.00145 -2.64633e-05 |  5 -0.40332  8.50458e-05 |  6  0.00264  1.61026e-04
  7  0.11481  5.33480e-04 |  8 -0.11923  8.52047e-05 |  9  0.15074 -3.63005e-06
 10 -0.11658 -2.28150e-04 | 11  0.14652  2.88582e-05 | 12  0.10696  9.97247e-06
 13  0.15009  2.95000e-05 | 14  0.06086 -1.43279e-05 | 15  0.02064 -1.73163e-05
 16  0.08583 -2.00826e-05 | 17  0.03625 -6.56751e-06 | 18  0.17981  3.66281e-05
 19 -0.03302 -2.40452e-05 | 20 -0.06948 -1.60134e-05 | 21 -0.03809 -2.04107e-06
 22  0.12183  2.33148e-05 | 23 -0.02496 -7.05960e-06 | 24 -0.15630 -2.55948e-05
 25 -0.22069 -3.84958e-05 | 26 -0.16574 -2.87752e-05 | 27  0.27234 -7.25618e-05
 28 -0.18586 -1.94026e-05 | 29  0.02250 -4.38675e-05 | 30  0.00285 -1.65051e-05
 31  0.04289 -3.54938e-05 | 32  0.03789 -4.79271e-05 | 33 -0.04857 -3.86562e-05
 34 -0.00574 -3.46030e-05 | 35 -0.17146  5.48828e-06 | 36  0.02317  5.70255e-05
 37 -0.16453 -6.67723e-06 | 38 -0.07299  2.18274e-05 | 39 -0.17520 -1.10548e-05
 40 -0.23337  6.07181e-06 | 41 -0.11049  2.51443e-05 | 42  0.38516  6.32636e-05
 43 -0.12788  9.89705e-06 | 44 -0.00797 -6.88306e-06 | 45 -0.09765 -9.50968e-06
 46  0.11254  3.94272e-06 | 47 -0.11070  7.10260e-06 | 48 -0.29023 -2.09117e-05
 49 -0.37235 -4.72359e-05 | 50 -0.08987 -1.48180e-05 | 51 -0.11329  4.57797e-07
 52  0.15134  1.59123e-05 | 53  0.22036 -1.63412e-05 | 54  0.03684  5.41104e-06
 55  0.18693  3.49911e-05 | 56  0.29024  9.90313e-05 | 57  0.02263 -1.38019e-06
 58  0.15862  2.30220e-05 | 59  0.04183  1.95050e-05 | 60  0.00423 -9.37735e-06
 61 -0.16344 -1.19044e-05 | 62 -0.10103 -4.56072e-06 | 63  0.02392 -6.35330e-06
 64  0.11338  1.39766e-06 | 65 -0.05010  2.03138e-05 | 66  0.10622  1.06527e-05
 67  0.24364 -1.62691e-05 | 68 -0.13685 -4.71526e-06 | 69  0.16370  3.51811e-05
 70 -0.17596 -1.18498e-04 | 71 -0.26177  1.14571e-05 | 72  0.27803 -7.24176e-05
 73 -0.15564  1.62467e-04 | 74  0.22160 -2.10964e-05 | 75 -0.15408  3.41608e-05
 76  0.33764  2.62865e-05 | 77 -0.17046 -6.99855e-05 | 78  0.24767  7.30586e-05
 79 -0.09376 -4.52083e-04 | 80 -0.14024  3.30872e-05 | 81 -0.32570 -2.60329e-05
 82 -0.11056  1.99849e-05 | 83 -0.05878  6.92772e-05 | 84 -0.01403  3.24852e-05
 85 -0.01440  2.39029e-05 | 86 -0.13034  2.27348e-05 | 87  0.48050  1.65498e-05
 88 -0.14677 -8.28117e-05 | 89  0.38911 -1.95114e-05 | 90 -0.26579  7.19286e-05
 91 -0.01882 -1.66986e-04 | 92 -0.30021  2.63655e-04 | 93  0.04628  2.58952e-05
 94 -0.20293 -4.22553e-06 |
Function minimizer not making progress ... is minimum attained?
Minimprove criterion = 0.0000e+00

 - final statistics:
94 variables; iteration 132; function evaluation 184
Function value 2.6365e+03; maximum gradient component mag 5.3348e-04
Exit code = 1;  converg criter 1.0000e-04
Var    Value     Gradient |Var    Value     Gradient |Var    Value     Gradient
  1 -0.22376  3.66920e-04 |  2 -0.01433  7.92408e-06 |  3 -0.03979 -3.67271e-05
  4  0.00145 -2.64633e-05 |  5 -0.40332  8.50458e-05 |  6  0.00264  1.61026e-04
  7  0.11481  5.33480e-04 |  8 -0.11923  8.52047e-05 |  9  0.15074 -3.63005e-06
 10 -0.11658 -2.28150e-04 | 11  0.14652  2.88582e-05 | 12  0.10696  9.97247e-06
 13  0.15009  2.95000e-05 | 14  0.06086 -1.43279e-05 | 15  0.02064 -1.73163e-05
 16  0.08583 -2.00826e-05 | 17  0.03625 -6.56751e-06 | 18  0.17981  3.66281e-05
 19 -0.03302 -2.40452e-05 | 20 -0.06948 -1.60134e-05 | 21 -0.03809 -2.04107e-06
 22  0.12183  2.33148e-05 | 23 -0.02496 -7.05960e-06 | 24 -0.15630 -2.55948e-05
 25 -0.22069 -3.84958e-05 | 26 -0.16574 -2.87752e-05 | 27  0.27234 -7.25618e-05
 28 -0.18586 -1.94026e-05 | 29  0.02250 -4.38675e-05 | 30  0.00285 -1.65051e-05
 31  0.04289 -3.54938e-05 | 32  0.03789 -4.79271e-05 | 33 -0.04857 -3.86562e-05
 34 -0.00574 -3.46030e-05 | 35 -0.17146  5.48828e-06 | 36  0.02317  5.70255e-05
 37 -0.16453 -6.67723e-06 | 38 -0.07299  2.18274e-05 | 39 -0.17520 -1.10548e-05
 40 -0.23337  6.07181e-06 | 41 -0.11049  2.51443e-05 | 42  0.38516  6.32636e-05
 43 -0.12788  9.89705e-06 | 44 -0.00797 -6.88306e-06 | 45 -0.09765 -9.50968e-06
 46  0.11254  3.94272e-06 | 47 -0.11070  7.10260e-06 | 48 -0.29023 -2.09117e-05
 49 -0.37235 -4.72359e-05 | 50 -0.08987 -1.48180e-05 | 51 -0.11329  4.57797e-07
 52  0.15134  1.59123e-05 | 53  0.22036 -1.63412e-05 | 54  0.03684  5.41104e-06
 55  0.18693  3.49911e-05 | 56  0.29024  9.90313e-05 | 57  0.02263 -1.38019e-06
 58  0.15862  2.30220e-05 | 59  0.04183  1.95050e-05 | 60  0.00423 -9.37735e-06
 61 -0.16344 -1.19044e-05 | 62 -0.10103 -4.56072e-06 | 63  0.02392 -6.35330e-06
 64  0.11338  1.39766e-06 | 65 -0.05010  2.03138e-05 | 66  0.10622  1.06527e-05
 67  0.24364 -1.62691e-05 | 68 -0.13685 -4.71526e-06 | 69  0.16370  3.51811e-05
 70 -0.17596 -1.18498e-04 | 71 -0.26177  1.14571e-05 | 72  0.27803 -7.24176e-05
 73 -0.15564  1.62467e-04 | 74  0.22160 -2.10964e-05 | 75 -0.15408  3.41608e-05
 76  0.33764  2.62865e-05 | 77 -0.17046 -6.99855e-05 | 78  0.24767  7.30586e-05
 79 -0.09376 -4.52083e-04 | 80 -0.14024  3.30872e-05 | 81 -0.32570 -2.60329e-05
 82 -0.11056  1.99849e-05 | 83 -0.05878  6.92772e-05 | 84 -0.01403  3.24852e-05
 85 -0.01440  2.39029e-05 | 86 -0.13034  2.27348e-05 | 87  0.48050  1.65498e-05
 88 -0.14677 -8.28117e-05 | 89  0.38911 -1.95114e-05 | 90 -0.26579  7.19286e-05
 91 -0.01882 -1.66986e-04 | 92 -0.30021  2.63655e-04 | 93  0.04628  2.58952e-05
 94 -0.20293 -4.22553e-06 |

Initial statistics: 106 variables; iteration 0; function evaluation 0; phase 5
Function value 2.6364593e+03; maximum gradient component mag 5.3227e-04
Var    Value     Gradient |Var    Value     Gradient |Var    Value     Gradient
  1 -0.22376  3.66062e-04 |  2 -0.01433  7.86895e-06 |  3 -0.03979 -3.66714e-05
  4  0.00145 -2.64085e-05 |  5 -0.40332  8.48441e-05 |  6  0.00264  1.60661e-04
  7  0.11481  5.32268e-04 |  8 -0.11923  8.50175e-05 |  9  0.15074 -3.61627e-06
 10 -0.11658 -2.27602e-04 | 11  0.14652  3.09843e-05 | 12  0.10696  1.21748e-05
 13  0.15009  3.16266e-05 | 14  0.06086 -1.20414e-05 | 15  0.02064 -1.50133e-05
 16  0.08583 -1.78026e-05 | 17  0.03625 -4.29331e-06 | 18  0.17981  3.86952e-05
 19 -0.03302 -2.17342e-05 | 20 -0.06948 -1.37283e-05 | 21 -0.03809  2.16051e-07
 22  0.12183  2.54691e-05 | 23 -0.02496 -4.78272e-06 | 24 -0.15630 -2.33328e-05
 25 -0.22069 -3.62680e-05 | 26 -0.16574 -2.65182e-05 | 27  0.27234 -7.03105e-05
 28 -0.18586 -1.71896e-05 | 29  0.02250 -4.14911e-05 | 30  0.00285 -1.42026e-05
 31  0.04289 -3.31588e-05 | 32  0.03789 -4.55685e-05 | 33 -0.04857 -3.63160e-05
 34 -0.00574 -3.22742e-05 | 35 -0.17146  7.65574e-06 | 36  0.02317  5.91578e-05
 37 -0.16453 -4.47545e-06 | 38 -0.07299  2.40219e-05 | 39 -0.17520 -8.85408e-06
 40 -0.23337  8.16768e-06 | 41 -0.11049  2.73122e-05 | 42  0.38516  6.49697e-05
 43 -0.12788  1.20874e-05 | 44 -0.00797 -4.60077e-06 | 45 -0.09765 -7.25078e-06
 46  0.11254  6.14390e-06 | 47 -0.11070  9.30910e-06 | 48 -0.29023 -1.88317e-05
 49 -0.37235 -4.52347e-05 | 50 -0.08987 -1.25453e-05 | 51 -0.11329  2.67439e-06
 52  0.15134  1.80722e-05 | 53  0.22036 -1.41809e-05 | 54  0.03684  7.64745e-06
 55  0.18693  3.70806e-05 | 56  0.29024  1.00835e-04 | 57  0.02263  8.77312e-07
 58  0.15862  2.51697e-05 | 59  0.04183  2.17086e-05 | 60  0.00423 -7.10097e-06
 61 -0.16344 -9.68983e-06 | 62 -0.10103 -2.31934e-06 | 63  0.02392 -4.08395e-06
 64  0.11338  3.61854e-06 | 65 -0.05010  2.25229e-05 | 66  0.10622  1.28541e-05
 67  0.24364 -1.41342e-05 | 68  0.00000  0.00000e+00 | 69  0.00000  0.00000e+00
 70  0.00000  0.00000e+00 | 71  0.00000  0.00000e+00 | 72  0.00000  0.00000e+00
 73  0.00000  0.00000e+00 | 74  0.00000  0.00000e+00 | 75  0.00000  0.00000e+00
 76  0.00000  0.00000e+00 | 77  0.00000  0.00000e+00 | 78  0.00000  0.00000e+00
 79  0.00000  0.00000e+00 | 80 -0.13685 -4.70210e-06 | 81  0.16370  3.51408e-05
 82 -0.17596 -1.18280e-04 | 83 -0.26177  1.14197e-05 | 84  0.27803 -7.22600e-05
 85 -0.15564  1.62119e-04 | 86  0.22160 -2.10495e-05 | 87 -0.15408  3.40736e-05
 88  0.33764  2.62208e-05 | 89 -0.17046 -6.98101e-05 | 90  0.24767  7.28705e-05
 91 -0.09376 -4.50966e-04 | 92 -0.14024  3.30110e-05 | 93 -0.32570 -2.59771e-05
 94 -0.11056  1.99341e-05 | 95 -0.05878  6.91194e-05 | 96 -0.01403  3.24032e-05
 97 -0.01440  2.38471e-05 | 98 -0.13034  2.26826e-05 | 99  0.48050  1.65134e-05
100 -0.14677 -8.26163e-05 |101  0.38911 -1.94577e-05 |102 -0.26579  7.17329e-05
103 -0.01882 -1.66597e-04 |104 -0.30021  2.62988e-04 |105  0.04628  2.58314e-05
106 -0.20293 -4.21342e-06 |
  ic > imax  in fminim is answer attained ?
Var    Value     Gradient |Var    Value     Gradient |Var    Value     Gradient
  1 -0.22376  3.66062e-04 |  2 -0.01433  7.86895e-06 |  3 -0.03979 -3.66714e-05
  4  0.00145 -2.64085e-05 |  5 -0.40332  8.48441e-05 |  6  0.00264  1.60661e-04
  7  0.11481  5.32268e-04 |  8 -0.11923  8.50175e-05 |  9  0.15074 -3.61627e-06
 10 -0.11658 -2.27602e-04 | 11  0.14652  3.09843e-05 | 12  0.10696  1.21748e-05
 13  0.15009  3.16266e-05 | 14  0.06086 -1.20414e-05 | 15  0.02064 -1.50133e-05
 16  0.08583 -1.78026e-05 | 17  0.03625 -4.29331e-06 | 18  0.17981  3.86952e-05
 19 -0.03302 -2.17342e-05 | 20 -0.06948 -1.37283e-05 | 21 -0.03809  2.16051e-07
 22  0.12183  2.54691e-05 | 23 -0.02496 -4.78272e-06 | 24 -0.15630 -2.33328e-05
 25 -0.22069 -3.62680e-05 | 26 -0.16574 -2.65182e-05 | 27  0.27234 -7.03105e-05
 28 -0.18586 -1.71896e-05 | 29  0.02250 -4.14911e-05 | 30  0.00285 -1.42026e-05
 31  0.04289 -3.31588e-05 | 32  0.03789 -4.55685e-05 | 33 -0.04857 -3.63160e-05
 34 -0.00574 -3.22742e-05 | 35 -0.17146  7.65574e-06 | 36  0.02317  5.91578e-05
 37 -0.16453 -4.47545e-06 | 38 -0.07299  2.40219e-05 | 39 -0.17520 -8.85408e-06
 40 -0.23337  8.16768e-06 | 41 -0.11049  2.73122e-05 | 42  0.38516  6.49697e-05
 43 -0.12788  1.20874e-05 | 44 -0.00797 -4.60077e-06 | 45 -0.09765 -7.25078e-06
 46  0.11254  6.14390e-06 | 47 -0.11070  9.30910e-06 | 48 -0.29023 -1.88317e-05
 49 -0.37235 -4.52347e-05 | 50 -0.08987 -1.25453e-05 | 51 -0.11329  2.67439e-06
 52  0.15134  1.80722e-05 | 53  0.22036 -1.41809e-05 | 54  0.03684  7.64745e-06
 55  0.18693  3.70806e-05 | 56  0.29024  1.00835e-04 | 57  0.02263  8.77312e-07
 58  0.15862  2.51697e-05 | 59  0.04183  2.17086e-05 | 60  0.00423 -7.10097e-06
 61 -0.16344 -9.68983e-06 | 62 -0.10103 -2.31934e-06 | 63  0.02392 -4.08395e-06
 64  0.11338  3.61854e-06 | 65 -0.05010  2.25229e-05 | 66  0.10622  1.28541e-05
 67  0.24364 -1.41342e-05 | 68  0.00000  0.00000e+00 | 69  0.00000  0.00000e+00
 70  0.00000  0.00000e+00 | 71  0.00000  0.00000e+00 | 72  0.00000  0.00000e+00
 73  0.00000  0.00000e+00 | 74  0.00000  0.00000e+00 | 75  0.00000  0.00000e+00
 76  0.00000  0.00000e+00 | 77  0.00000  0.00000e+00 | 78  0.00000  0.00000e+00
 79  0.00000  0.00000e+00 | 80 -0.13685 -4.70210e-06 | 81  0.16370  3.51408e-05
 82 -0.17596 -1.18280e-04 | 83 -0.26177  1.14197e-05 | 84  0.27803 -7.22600e-05
 85 -0.15564  1.62119e-04 | 86  0.22160 -2.10495e-05 | 87 -0.15408  3.40736e-05
 88  0.33764  2.62208e-05 | 89 -0.17046 -6.98101e-05 | 90  0.24767  7.28705e-05
 91 -0.09376 -4.50966e-04 | 92 -0.14024  3.30110e-05 | 93 -0.32570 -2.59771e-05
 94 -0.11056  1.99341e-05 | 95 -0.05878  6.91194e-05 | 96 -0.01403  3.24032e-05
 97 -0.01440  2.38471e-05 | 98 -0.13034  2.26826e-05 | 99  0.48050  1.65134e-05
100 -0.14677 -8.26163e-05 |101  0.38911 -1.94577e-05 |102 -0.26579  7.17329e-05
103 -0.01882 -1.66597e-04 |104 -0.30021  2.62988e-04 |105  0.04628  2.58314e-05
106 -0.20293 -4.21342e-06 |
Function minimizer not making progress ... is minimum attained?
Minimprove criterion = 0.0000e+00

 - final statistics:
106 variables; iteration 1; function evaluation 30
Function value 2.6365e+03; maximum gradient component mag 5.3227e-04
Exit code = 1;  converg criter 1.0000e-04
Var    Value     Gradient |Var    Value     Gradient |Var    Value     Gradient
  1 -0.22376  3.66062e-04 |  2 -0.01433  7.86895e-06 |  3 -0.03979 -3.66714e-05
  4  0.00145 -2.64085e-05 |  5 -0.40332  8.48441e-05 |  6  0.00264  1.60661e-04
  7  0.11481  5.32268e-04 |  8 -0.11923  8.50175e-05 |  9  0.15074 -3.61627e-06
 10 -0.11658 -2.27602e-04 | 11  0.14652  3.09843e-05 | 12  0.10696  1.21748e-05
 13  0.15009  3.16266e-05 | 14  0.06086 -1.20414e-05 | 15  0.02064 -1.50133e-05
 16  0.08583 -1.78026e-05 | 17  0.03625 -4.29331e-06 | 18  0.17981  3.86952e-05
 19 -0.03302 -2.17342e-05 | 20 -0.06948 -1.37283e-05 | 21 -0.03809  2.16051e-07
 22  0.12183  2.54691e-05 | 23 -0.02496 -4.78272e-06 | 24 -0.15630 -2.33328e-05
 25 -0.22069 -3.62680e-05 | 26 -0.16574 -2.65182e-05 | 27  0.27234 -7.03105e-05
 28 -0.18586 -1.71896e-05 | 29  0.02250 -4.14911e-05 | 30  0.00285 -1.42026e-05
 31  0.04289 -3.31588e-05 | 32  0.03789 -4.55685e-05 | 33 -0.04857 -3.63160e-05
 34 -0.00574 -3.22742e-05 | 35 -0.17146  7.65574e-06 | 36  0.02317  5.91578e-05
 37 -0.16453 -4.47545e-06 | 38 -0.07299  2.40219e-05 | 39 -0.17520 -8.85408e-06
 40 -0.23337  8.16768e-06 | 41 -0.11049  2.73122e-05 | 42  0.38516  6.49697e-05
 43 -0.12788  1.20874e-05 | 44 -0.00797 -4.60077e-06 | 45 -0.09765 -7.25078e-06
 46  0.11254  6.14390e-06 | 47 -0.11070  9.30910e-06 | 48 -0.29023 -1.88317e-05
 49 -0.37235 -4.52347e-05 | 50 -0.08987 -1.25453e-05 | 51 -0.11329  2.67439e-06
 52  0.15134  1.80722e-05 | 53  0.22036 -1.41809e-05 | 54  0.03684  7.64745e-06
 55  0.18693  3.70806e-05 | 56  0.29024  1.00835e-04 | 57  0.02263  8.77312e-07
 58  0.15862  2.51697e-05 | 59  0.04183  2.17086e-05 | 60  0.00423 -7.10097e-06
 61 -0.16344 -9.68983e-06 | 62 -0.10103 -2.31934e-06 | 63  0.02392 -4.08395e-06
 64  0.11338  3.61854e-06 | 65 -0.05010  2.25229e-05 | 66  0.10622  1.28541e-05
 67  0.24364 -1.41342e-05 | 68  0.00000  0.00000e+00 | 69  0.00000  0.00000e+00
 70  0.00000  0.00000e+00 | 71  0.00000  0.00000e+00 | 72  0.00000  0.00000e+00
 73  0.00000  0.00000e+00 | 74  0.00000  0.00000e+00 | 75  0.00000  0.00000e+00
 76  0.00000  0.00000e+00 | 77  0.00000  0.00000e+00 | 78  0.00000  0.00000e+00
 79  0.00000  0.00000e+00 | 80 -0.13685 -4.70210e-06 | 81  0.16370  3.51408e-05
 82 -0.17596 -1.18280e-04 | 83 -0.26177  1.14197e-05 | 84  0.27803 -7.22600e-05
 85 -0.15564  1.62119e-04 | 86  0.22160 -2.10495e-05 | 87 -0.15408  3.40736e-05
 88  0.33764  2.62208e-05 | 89 -0.17046 -6.98101e-05 | 90  0.24767  7.28705e-05
 91 -0.09376 -4.50966e-04 | 92 -0.14024  3.30110e-05 | 93 -0.32570 -2.59771e-05
 94 -0.11056  1.99341e-05 | 95 -0.05878  6.91194e-05 | 96 -0.01403  3.24032e-05
 97 -0.01440  2.38471e-05 | 98 -0.13034  2.26826e-05 | 99  0.48050  1.65134e-05
100 -0.14677 -8.26163e-05 |101  0.38911 -1.94577e-05 |102 -0.26579  7.17329e-05
103 -0.01882 -1.66597e-04 |104 -0.30021  2.62988e-04 |105  0.04628  2.58314e-05
106 -0.20293 -4.21342e-06 |
size of file gradfil1.tmp = 0
size of file gradfil2.tmp = 0
size of file varssave.tmp = 0
size of file cmpdiff.tmp = 200000008
