
Initial statistics: 4 variables; iteration 0; function evaluation 0; phase 1
Function value 3.7671861e+03; maximum gradient component mag 1.5851e+02
Var    Value     Gradient |Var    Value     Gradient |Var    Value     Gradient
  1  0.20737  1.58514e+02 |  2 -0.59033 -8.52538e+00 |  3 -0.12819  4.43198e+00
  4 -0.21635 -5.63217e+01 |

 - final statistics:
4 variables; iteration 7; function evaluation 23
Function value 3.6992e+03; maximum gradient component mag -9.3581e-01
Exit code = 1;  converg criter 1.0000e+01
Var    Value     Gradient |Var    Value     Gradient |Var    Value     Gradient
  1 -0.06368  1.88425e-01 |  2 -0.28611 -1.47755e-01 |  3 -0.26539 -1.74471e-03
  4  0.08189 -9.35814e-01 |

Initial statistics: 14 variables; iteration 0; function evaluation 0; phase 2
Function value 3.6992006e+03; maximum gradient component mag 1.0770e+03
Var    Value     Gradient |Var    Value     Gradient |Var    Value     Gradient
  1 -0.26966 -2.16396e+02 |  2  0.00000 -1.16540e+02 |  3 -0.26198 -4.20119e+02
  4 -0.03352 -1.05297e+02 |  5  0.18446  2.06954e+02 |  6 -0.04247 -1.43583e+02
  7  0.33333  1.07703e+03 |  8 -0.53989  3.77128e+01 |  9  0.00000 -1.35407e+02
 10 -0.21635 -2.05384e+01 | 11 -0.06368  1.88425e-01 | 12 -0.28611 -1.47755e-01
 13 -0.26539 -1.74471e-03 | 14  0.08189 -9.35814e-01 |

 - final statistics:
14 variables; iteration 19; function evaluation 27
Function value 3.3564e+03; maximum gradient component mag 2.6974e+00
Exit code = 1;  converg criter 1.0000e+01
Var    Value     Gradient |Var    Value     Gradient |Var    Value     Gradient
  1 -0.20859 -1.00260e+00 |  2  0.07739  1.06625e+00 |  3 -0.09181  4.74337e-01
  4 -0.04650  2.31265e+00 |  5 -0.43756  9.38958e-01 |  6  0.03530 -4.72758e-01
  7  0.13718  2.69743e+00 |  8 -0.26476 -2.70503e-01 |  9  0.28195  1.01557e+00
 10 -0.25129  1.20992e+00 | 11  0.09162  1.80805e+00 | 12 -0.25624 -4.75285e-02
 13 -0.22101  9.89141e-02 | 14  0.10492  5.43343e-02 |

Initial statistics: 40 variables; iteration 0; function evaluation 0; phase 3
Function value 3.3564336e+03; maximum gradient component mag 1.5050e+03
Var    Value     Gradient |Var    Value     Gradient |Var    Value     Gradient
  1 -0.20859 -1.00260e+00 |  2  0.07739  1.06625e+00 |  3 -0.09181  4.74337e-01
  4 -0.04650  2.31265e+00 |  5 -0.43756  9.38958e-01 |  6  0.03530 -4.72758e-01
  7  0.13718  2.69743e+00 |  8 -0.26476 -2.70503e-01 |  9  0.28195  1.01557e+00
 10 -0.25129  1.20992e+00 | 11  0.09162  1.80805e+00 | 12 -0.25624 -4.75285e-02
 13 -0.22101  9.89141e-02 | 14  0.10492  5.43343e-02 | 15 -0.12294 -4.19787e+02
 16 -0.31415  1.52394e+02 | 17 -0.12294  5.84866e+01 | 18 -0.51552 -3.40743e+01
 19 -0.40967 -3.63591e+02 | 20 -0.33333  1.34889e+02 | 21 -0.11760 -5.05086e+01
 22 -0.31415  1.73620e+01 | 23  0.14414  1.20309e+03 | 24 -1.00000 -8.66316e-08
 25 -0.32395 -2.53947e+02 | 26 -0.40967  1.06435e+02 | 27  0.02302  1.50499e+03
 28 -0.31415 -1.09025e+03 | 29  0.53959  4.15981e-03 | 30  0.62714  1.10012e-02
 31  0.00000  5.97899e+02 | 32 -0.21635 -3.58915e+02 | 33  0.16024  8.16803e+01
 34 -0.11760 -1.09507e+01 | 35 -0.10723 -1.95947e+02 | 36 -0.10723 -1.05378e+02
 37 -0.12294 -6.94014e+01 | 38 -0.31415  2.34611e+01 | 39  0.02302  2.27519e+02
 40 -0.31415 -1.62734e+02 |

Intermediate statistics: 40 variables; iteration 20; function evaluation 33; phase 3
Function value 2.9510626e+03; maximum gradient component mag 6.0087e+02
Var    Value     Gradient |Var    Value     Gradient |Var    Value     Gradient
  1 -0.10792  6.00871e+02 |  2  0.07650  5.68611e+01 |  3 -0.11550  7.67098e+01
  4 -0.02767  6.06467e+01 |  5 -0.42187  3.00884e+01 |  6 -0.04954  6.60991e+01
  7  0.05633  2.11111e+01 |  8  0.00573  2.92436e+01 |  9  0.13529  9.94612e+00
 10 -0.00427  6.65619e+00 | 11  0.11622 -2.95326e+02 | 12 -0.25666 -1.11786e-02
 13 -0.23747 -1.12658e-01 | 14  0.10255  1.15048e-02 | 15  0.04171 -2.67575e+02
 16 -0.19647  1.78723e+02 | 17 -0.13085 -2.00797e+01 | 18 -0.29894 -5.38511e-01
 19  0.08882 -1.16696e+02 | 20  0.10685  1.28231e+02 | 21  0.07795 -1.90664e+01
 22 -0.21638  7.75213e+00 | 23  0.05367  1.62770e+02 | 24 -0.98601 -2.71720e+00
 25  0.08507 -1.53354e+02 | 26 -0.11318  1.51573e+02 | 27 -0.24755  8.37971e+01
 28 -0.61028 -2.90217e+01 | 29  0.53947  3.97831e-03 | 30  0.62685  8.27897e-03
 31  0.08841  6.48818e+01 | 32  0.06418 -2.15842e+01 | 33 -0.27897  5.83982e+00
 34  0.32596  6.82083e+00 | 35  0.06057 -1.30586e+01 | 36  0.43404  1.01343e-02
 37  0.48918 -1.16339e+00 | 38 -0.13681  8.60536e+00 | 39  0.10467 -1.14872e+01
 40 -0.15265  1.35710e+01 |
40 variables; iteration 40; function evaluation 62; phase 3
Function value 2.9047387e+03; maximum gradient component mag -2.5354e+02
Var    Value     Gradient |Var    Value     Gradient |Var    Value     Gradient
  1 -0.16972  1.52377e+01 |  2  0.04784  2.91881e+01 |  3 -0.10032  4.87108e+01
  4 -0.03334  6.64036e+01 |  5 -0.43350  1.37685e+01 |  6 -0.03076 -3.58104e+00
  7  0.05910  2.10126e+02 |  8  0.04418  4.62176e+01 |  9 -0.05708  4.41899e+01
 10  0.10877  1.96170e+01 | 11  0.05648 -3.96672e+00 | 12 -0.25884  9.97818e-02
 13 -0.21029  3.61545e+00 | 14  0.08924 -7.01376e-01 | 15  0.10591  1.75157e+01
 16 -0.18240 -5.28139e+01 | 17  0.44181 -2.31182e+00 | 18  1.52752 -5.58324e+00
 19 -0.01005  1.65676e+01 | 20 -0.05913 -3.34341e+01 | 21  0.21170 -8.30292e+00
 22 -0.08771  1.81435e+01 | 23  0.07122 -2.53544e+02 | 24 -0.45051  1.46648e+01
 25  0.07869  4.35419e+00 | 26 -0.19885 -4.56750e+01 | 27 -0.27410  1.69021e+01
 28 -0.61547 -1.11586e+01 | 29  0.53048  4.07711e-03 | 30  0.60654  9.76408e-03
 31  0.00274  4.85712e+00 | 32  0.05193  1.73678e+01 | 33 -0.06208  1.66263e+01
 34  0.02771 -4.56977e+01 | 35  0.01991  5.52067e+01 | 36 -0.11034 -1.82236e+01
 37  0.39246  7.17152e+00 | 38 -0.20001 -1.54830e+01 | 39  0.16988 -1.15181e-01
 40 -0.09587  1.31880e+01 |
40 variables; iteration 60; function evaluation 85; phase 3
Function value 2.8564631e+03; maximum gradient component mag -2.5758e+01
Var    Value     Gradient |Var    Value     Gradient |Var    Value     Gradient
  1 -0.16254 -1.49506e+01 |  2  0.05357 -1.72474e+00 |  3 -0.13029  2.45049e+00
  4 -0.04288  3.43124e+00 |  5 -0.42656 -9.52324e-01 |  6 -0.06341 -2.79156e+00
  7  0.06101  1.27268e+01 |  8  0.05156  4.04955e+00 |  9 -0.06809  1.68181e+00
 10  0.06736 -8.91888e-01 | 11  0.03933 -2.35421e+00 | 12 -0.22448  8.99448e-01
 13 -0.25539  6.61520e-01 | 14  0.10528  3.84745e-01 | 15  0.20229 -1.10576e-01
 16 -0.11369 -8.86637e+00 | 17  1.94358  3.89988e+00 | 18  2.12511  2.14513e+00
 19  0.16267  4.50374e+00 | 20  0.10849 -6.61425e+00 | 21  0.17220 -2.31068e+00
 22 -0.14115  2.82870e+00 | 23  0.28215 -2.57580e+01 | 24 -0.10907 -7.58003e+00
 25  0.24991 -1.20822e+00 | 26 -0.07623 -4.01219e+00 | 27 -0.17654  3.94441e+00
 28 -0.35495 -1.44879e+00 | 29  0.36423  2.89779e-01 | 30 -1.27455  6.86628e-03
 31  0.01406  1.05848e+01 | 32  0.02899 -1.66413e+00 | 33 -0.12490  4.79893e+00
 34  0.18873  2.99801e+00 | 35  0.03741 -8.54297e+00 | 36 -0.24509  1.46951e-02
 37  0.56820  3.57912e+00 | 38 -0.11622 -2.83845e+00 | 39  0.10410  1.11604e+00
 40 -0.15294 -3.64081e+00 |
Maximum number of function evaluations exceeded

 - final statistics:
40 variables; iteration 74; function evaluation 100
Function value 2.8545e+03; maximum gradient component mag 6.0404e+00
Exit code = 3;  converg criter 1.0000e+00
Var    Value     Gradient |Var    Value     Gradient |Var    Value     Gradient
  1 -0.14708 -1.65470e+00 |  2  0.04781  1.54040e+00 |  3 -0.13045  1.51466e+00
  4 -0.04567  2.59274e+00 |  5 -0.42223  3.20333e-01 |  6 -0.08110  9.28914e-01
  7  0.06209  6.04039e+00 |  8  0.05097  1.26608e+00 |  9 -0.06563  1.51009e+00
 10  0.06391  3.12727e-01 | 11  0.05280 -9.21740e-02 | 12 -0.26426  1.04333e-01
 13 -0.25777  1.23303e-01 | 14  0.09842 -3.65284e-02 | 15  0.21999 -4.22835e+00
 16 -0.10417  2.49453e+00 | 17  1.79317 -2.69853e-01 | 18  1.97927 -1.52432e-01
 19  0.19662  1.62902e+00 | 20  0.13198 -1.42324e+00 | 21  0.17836  2.46161e-01
 22 -0.14342 -6.39106e-01 | 23  0.35336  1.08475e+00 | 24 -0.03594 -3.63189e-01
 25  0.30318  2.45422e+00 | 26 -0.05244 -2.13862e+00 | 27 -0.17668  5.76970e+00
 28 -0.35716 -2.78454e+00 | 29  0.35878  8.06831e-01 | 30 -1.84539 -5.72037e-02
 31  0.01390  1.88275e-01 | 32  0.02795 -3.38218e-01 | 33 -0.13733  3.12269e-02
 34  0.19394  7.25307e-01 | 35  0.03910 -3.81226e-01 | 36 -0.23757  2.83630e-01
 37  0.46257  9.58774e-01 | 38 -0.15926  8.98776e-02 | 39  0.15058  7.37481e-01
 40 -0.11961 -3.99945e-01 |

Initial statistics: 130 variables; iteration 0; function evaluation 0; phase 4
Function value 2.8545362e+03; maximum gradient component mag -7.9809e+02
Var    Value     Gradient |Var    Value     Gradient |Var    Value     Gradient
  1 -0.14708 -1.65470e+00 |  2  0.04781  1.54040e+00 |  3 -0.13045  1.51466e+00
  4 -0.04567  2.59274e+00 |  5 -0.42223  3.20333e-01 |  6 -0.08110  9.28914e-01
  7  0.06209  6.04039e+00 |  8  0.05097  1.26608e+00 |  9 -0.06563  1.51009e+00
 10  0.06391  3.12727e-01 | 11  0.05280 -9.21740e-02 | 12  0.00000 -5.68281e-01
 13  0.00000 -6.45928e-01 | 14  0.00000 -7.33711e-01 | 15  0.00000 -8.32899e-01
 16  0.00000 -9.44989e-01 | 17  0.00000 -1.07202e+00 | 18  0.00000 -1.21607e+00
 19  0.00000 -1.37878e+00 | 20  0.00000 -1.56150e+00 | 21  0.00000 -1.76705e+00
 22  0.00000 -1.99280e+00 | 23  0.00000 -2.24145e+00 | 24  0.00000 -2.51632e+00
 25  0.00000 -2.81741e+00 | 26  0.00000 -3.14084e+00 | 27  0.00000 -3.47591e+00
 28  0.00000 -3.82176e+00 | 29  0.00000 -4.17353e+00 | 30  0.00000 -4.51936e+00
 31  0.00000 -4.85741e+00 | 32  0.00000 -5.20629e+00 | 33  0.00000 -5.62730e+00
 34  0.00000 -6.20481e+00 | 35  0.00000 -7.00682e+00 | 36  0.00000 -7.89798e+00
 37  0.00000 -8.42414e+00 | 38  0.00000 -7.71844e+00 | 39  0.00000 -5.00627e+00
 40  0.00000 -6.50515e-01 | 41  0.00000  3.29432e+00 | 42  0.00000  4.24929e+00
 43  0.00000  5.31824e-01 | 44  0.00000 -6.49558e+00 | 45  0.00000 -1.29871e+01
 46  0.00000 -1.95152e+01 | 47  0.00000 -2.35993e+01 | 48  0.00000 -1.38348e+01
 49  0.00000 -7.47452e+00 | 50  0.00000 -2.74523e+01 | 51  0.00000 -5.95356e+01
 52  0.00000 -8.25644e+01 | 53  0.00000  1.84905e+01 | 54  0.00000  1.17673e+02
 55  0.00000  1.04472e+02 | 56  0.00000  3.19103e+00 | 57  0.00000  1.29054e+02
 58  0.00000  2.63375e+02 | 59  0.00000  2.82667e+02 | 60  0.00000 -5.64312e+01
 61  0.00000 -5.14706e+02 | 62  0.00000 -4.16848e+01 | 63  0.00000  2.72887e+01
 64  0.00000  2.35503e+01 | 65  0.00000 -3.81303e+01 | 66  0.00000 -4.81498e+01
 67  0.00000  6.71218e+00 | 68  0.00000  6.62363e+00 | 69  0.00000  5.62491e+01
 70  0.00000  6.15892e+00 | 71  0.00000  1.18915e+02 | 72  0.00000  1.43878e+02
 73  0.00000  2.06818e+02 | 74  0.00000  1.65897e+02 | 75  0.00000 -2.64151e+02
 76  0.00000 -7.98094e+02 | 77  0.00000 -1.32293e+02 | 78  0.00000  5.03799e+01
 79  0.00000  1.28331e+02 | 80  0.00000 -5.52316e+01 | 81  0.00000  2.08404e+02
 82  0.00000  3.15425e+02 | 83  0.00000  3.42995e+02 | 84  0.00000  2.21688e+02
 85  0.00000  1.61609e+02 | 86  0.00000 -2.04606e+02 | 87  0.00000 -3.62570e+02
 88  0.00000 -4.54813e+01 | 89  0.00000 -1.84959e+02 | 90  0.00000 -4.86139e+02
 91  0.00000  1.12420e+01 | 92  0.00000  2.51862e+01 | 93  0.00000  9.06156e+00
 94  0.00000  1.03717e+02 | 95  0.00000  2.00283e+02 | 96  0.00000  1.20468e+02
 97  0.00000  2.91017e+01 | 98  0.00000 -7.55535e+01 | 99  0.00000  4.06289e+01
100  0.00000 -7.50027e+00 |101  0.00000 -1.03053e+01 |102 -0.26426  1.04333e-01
103 -0.25777  1.23303e-01 |104  0.09842 -3.65284e-02 |105  0.21999 -4.22835e+00
106 -0.10417  2.49453e+00 |107  0.20683  2.69853e-01 |108  0.02073  1.52432e-01
109  0.19662  1.62902e+00 |110  0.13198 -1.42324e+00 |111  0.17836  2.46161e-01
112 -0.14342 -6.39106e-01 |113  0.35336  1.08475e+00 |114 -0.03594 -3.63189e-01
115  0.30318  2.45422e+00 |116 -0.05244 -2.13862e+00 |117 -0.17668  5.76970e+00
118 -0.35716 -2.78454e+00 |119  0.35878  8.06831e-01 |120 -0.15461  5.72037e-02
121  0.01390  1.88275e-01 |122  0.02795 -3.38218e-01 |123 -0.13733  3.12269e-02
124  0.19394  7.25307e-01 |125  0.03910 -3.81226e-01 |126 -0.23757  2.83630e-01
127  0.46257  9.58774e-01 |128 -0.15926  8.98776e-02 |129  0.15058  7.37481e-01
130 -0.11961 -3.99945e-01 |

Intermediate statistics: 130 variables; iteration 20; function evaluation 29; phase 4
Function value 2.4207018e+03; maximum gradient component mag 5.4394e+02
Var    Value     Gradient |Var    Value     Gradient |Var    Value     Gradient
  1 -0.33951  1.33321e+02 |  2  0.03324  1.40890e+01 |  3 -0.10468  4.00946e+01
  4  0.06745  2.06112e+01 |  5 -0.45926 -1.10134e+01 |  6  0.10039 -1.45507e+01
  7  0.07865  4.10724e+02 |  8  0.12268  1.15509e+02 |  9  0.07407  2.42483e+00
 10 -0.00863  9.19787e+00 | 11 -0.21888 -2.54795e+02 | 12  0.00105 -4.10807e-01
 13  0.00122 -4.43753e-01 | 14  0.00140 -4.78512e-01 | 15  0.00161 -5.15203e-01
 16  0.00184 -5.53921e-01 | 17  0.00210 -5.95154e-01 | 18  0.00238 -6.39233e-01
 19  0.00269 -6.85881e-01 | 20  0.00302 -7.34769e-01 | 21  0.00340 -7.85423e-01
 22  0.00375 -8.36295e-01 | 23  0.00408 -8.88766e-01 | 24  0.00436 -9.44349e-01
 25  0.00453 -1.00443e+00 | 26  0.00451 -1.07006e+00 | 27  0.00411 -1.14127e+00
 28  0.00335 -1.22243e+00 | 29  0.00220 -1.31544e+00 | 30  0.00056 -1.42263e+00
 31 -0.00135 -1.54225e+00 | 32 -0.00299 -1.66580e+00 | 33 -0.00322 -1.78548e+00
 34 -0.00075 -1.90572e+00 | 35  0.00546 -2.06584e+00 | 36  0.01438 -2.32876e+00
 37  0.02085 -2.61630e+00 | 38  0.01568 -2.54506e+00 | 39 -0.00491 -2.11528e+00
 40 -0.03014 -1.96478e+00 | 41 -0.04771 -2.12386e+00 | 42 -0.04727 -1.91023e+00
 43 -0.02022 -9.48521e-01 | 44  0.03009 -3.51649e-01 | 45  0.05280 -9.75085e-01
 46  0.05174 -3.60112e+00 | 47  0.07979 -1.38116e+01 | 48  0.00940 -1.26079e+01
 49 -0.03432 -1.15476e+01 | 50  0.05716 -1.16539e+01 | 51  0.01468  8.63713e-01
 52  0.13291 -2.94103e+00 | 53 -0.05611 -1.03720e+01 | 54 -0.04803 -1.72904e+01
 55 -0.04371 -1.52727e+01 | 56  0.07839 -5.34813e+01 | 57 -0.01041 -1.40708e+01
 58 -0.09566 -1.00171e+01 | 59 -0.14714 -9.39611e+00 | 60 -0.25270 -2.27860e+01
 61  0.18593 -2.35540e+02 | 62 -0.26186 -2.24013e+01 | 63  0.02741 -4.75405e+01
 64  0.00064 -2.38371e+01 | 65  0.03129 -2.12505e+01 | 66  0.02563 -9.44922e+00
 67 -0.03111 -5.41297e-01 | 68  0.00093 -1.23679e+01 | 69 -0.13061 -5.96660e+00
 70  0.01252 -2.51534e+01 | 71 -0.13636 -2.04779e+01 | 72 -0.05091 -2.72305e+01
 73 -0.14616 -2.54631e+01 | 74 -0.16554 -3.45455e+01 | 75 -0.19051 -1.72753e+01
 76  0.37633  5.43944e+02 | 77 -0.34814 -2.42551e+01 | 78  0.07776 -2.28921e+01
 79 -0.07728 -2.61353e+01 | 80  0.11684 -1.65030e+01 | 81 -0.10520 -2.14599e+01
 82 -0.25607 -1.92499e+01 | 83 -0.29200 -1.43657e+01 | 84 -0.07124  5.28628e+00
 85 -0.24965 -1.99785e+01 | 86  0.08218 -3.09549e+01 | 87  0.11002 -1.26704e+02
 88 -0.06352 -3.72485e+01 | 89  0.08146  1.77379e+01 | 90  0.12338 -2.64248e+02
 91 -0.10660 -2.14703e+01 | 92  0.02697  2.83198e+01 | 93  0.06211  5.95242e+01
 94 -0.02394  1.90736e+01 | 95 -0.17764 -2.85999e+00 | 96 -0.05614  9.25352e+00
 97 -0.00787  1.54719e+01 | 98  0.06458  1.70144e+01 | 99 -0.08458 -1.39274e+01
100  0.02015 -1.84470e+00 |101  0.09930  1.92495e+00 |102 -0.28291  1.42337e-01
103 -0.33046 -3.45957e+00 |104 -0.07199  2.25332e+00 |105  0.19063 -9.93898e+01
106 -0.07664  1.62692e+02 |107  0.13343  2.86736e+00 |108  0.07042 -1.92458e+00
109  0.06504  3.49121e+00 |110  0.05831 -3.74378e+00 |111  0.16756  3.23882e+00
112 -0.11731 -2.37863e+00 |113  0.33650  7.06014e+00 |114 -0.02962 -7.36259e+00
115  0.13564  8.92604e+00 |116 -0.09726 -1.52635e+01 |117 -0.20416  1.95127e+02
118 -0.51244 -6.14145e+01 |119  0.17172  2.85335e+01 |120 -0.11891  1.21553e+01
121 -0.00457  2.41785e+01 |122  0.00113 -9.55885e+00 |123 -0.13465  5.23041e+00
124  0.01624  2.05923e+01 |125  0.00670 -4.93179e+01 |126 -0.15627 -5.55342e+00
127  0.44146 -2.40450e+00 |128 -0.15422  6.09469e+00 |129  0.06900 -1.19277e+01
130 -0.16203  2.55555e+01 |
130 variables; iteration 40; function evaluation 50; phase 4
Function value 2.3722606e+03; maximum gradient component mag 2.0126e+02
Var    Value     Gradient |Var    Value     Gradient |Var    Value     Gradient
  1 -0.34358 -1.69579e+02 |  2  0.01176  3.01653e+01 |  3 -0.04406  2.96574e+01
  4  0.02825 -4.42082e+00 |  5 -0.42318  2.17449e+01 |  6  0.12424 -4.27033e+01
  7  0.10203  1.80398e+02 |  8 -0.05784  2.55904e+01 |  9  0.11835 -3.68466e+01
 10 -0.06562  1.80855e+01 | 11 -0.20568  1.10754e+02 | 12  0.00266  3.57985e-01
 13  0.00283  3.85030e-01 | 14  0.00299  4.12928e-01 | 15  0.00315  4.41084e-01
 16  0.00329  4.70034e-01 | 17  0.00342  5.00358e-01 | 18  0.00352  5.33011e-01
 19  0.00359  5.66896e-01 | 20  0.00359  5.98941e-01 | 21  0.00353  6.26323e-01
 22  0.00334  6.49398e-01 | 23  0.00300  6.64121e-01 | 24  0.00246  6.70259e-01
 25  0.00166  6.63161e-01 | 26  0.00051  6.36298e-01 | 27 -0.00111  5.83431e-01
 28 -0.00316  4.95538e-01 | 29 -0.00558  3.67238e-01 | 30 -0.00839  1.91709e-01
 31 -0.01142 -4.24938e-02 | 32 -0.01440 -3.57220e-01 | 33 -0.01688 -8.00820e-01
 34 -0.01862 -1.44407e+00 | 35 -0.01976 -2.34933e+00 | 36 -0.02059 -3.39256e+00
 37 -0.02055 -4.08932e+00 | 38 -0.02427 -4.04731e+00 | 39 -0.03996 -3.49086e+00
 40 -0.05586 -2.34418e+00 | 41 -0.06344 -6.87527e-01 | 42 -0.05793  1.50403e+00
 43 -0.02701  5.99119e+00 | 44  0.05851  2.01675e+01 | 45  0.04953  1.69136e+01
 46  0.02084  1.00693e+01 | 47  0.07941  1.54112e+01 | 48  0.01679  9.20074e+00
 49 -0.00165  1.20023e+01 | 50  0.05727  2.77788e+01 | 51  0.01160  1.92794e+01
 52  0.12149  4.39105e+01 | 53 -0.02548  8.73701e+00 | 54 -0.04430  7.55468e-01
 55 -0.05931 -1.76978e+00 | 56  0.08248 -1.66055e+01 | 57 -0.05599 -1.43310e+01
 58 -0.07428  6.83690e+00 | 59 -0.13835  5.87900e+00 | 60 -0.19842 -1.17199e+01
 61  0.19675  9.82975e+01 | 62 -0.16435 -6.16727e+00 | 63  0.02315 -4.30346e+00
 64  0.02035  1.58559e+01 | 65  0.03620  1.64219e+01 | 66  0.04139  2.17193e+01
 67 -0.02798  7.34302e+00 | 68  0.00937 -3.66472e-01 | 69 -0.08917  7.12895e+00
 70  0.01594 -7.09213e+00 | 71 -0.09565 -9.04400e-01 | 72 -0.06794 -5.31564e+00
 73 -0.08741  1.28625e+01 | 74 -0.10847 -3.89587e+00 | 75 -0.20234 -1.59586e+01
 76  0.29997  2.01259e+02 | 77 -0.18606 -9.00089e+00 | 78  0.00712 -3.59109e+01
 79 -0.05319  1.01428e+00 | 80  0.10020  4.84507e+01 | 81 -0.08442  8.99244e+00
 82 -0.21187 -9.41085e-01 | 83 -0.22303  8.78993e+00 | 84 -0.07909  4.70967e+00
 85 -0.18165 -1.85747e+01 | 86  0.07023 -3.77701e+01 | 87  0.12776 -5.06587e+01
 88 -0.03885 -2.03289e+01 | 89  0.05146  1.11501e+01 | 90  0.15991 -8.05831e+01
 91 -0.11447 -1.98808e+01 | 92  0.01492  1.32456e+01 | 93  0.05546  4.14829e+01
 94 -0.03959  6.05713e+00 | 95 -0.16002  4.86823e+00 | 96 -0.07743 -9.89441e-02
 97 -0.03555  1.66196e+00 | 98  0.01093 -3.85626e+01 | 99 -0.10580 -1.10961e+01
100  0.01174  3.72335e+00 |101  0.07860  6.32444e-01 |102 -0.50140 -4.90349e+00
103 -0.31534 -3.88409e+00 |104 -0.00337  7.02968e+00 |105  0.15514 -8.00544e+01
106 -0.09000  1.22855e+02 |107 -0.18091  5.86550e+00 |108 -0.42309 -8.25850e+00
109 -0.00201 -8.88746e-01 |110  0.01018  5.14746e+00 |111  0.09298 -1.57020e+00
112 -0.17388 -1.59169e+00 |113  0.34533 -1.21277e+01 |114 -0.00019  1.60044e+01
115  0.18922  2.11254e+01 |116 -0.03950 -1.23082e+01 |117 -0.19829  1.24599e+02
118 -0.47035 -4.64932e+01 |119  0.14872  8.61024e+00 |120 -0.13815 -1.34013e+01
121 -0.01506  1.05897e+01 |122 -0.00964 -7.90096e+00 |123 -0.13979 -6.60361e-01
124 -0.38072 -1.12818e+01 |125 -0.14740  3.24523e+00 |126  0.08708  4.84795e+00
127  0.46413  1.32433e+00 |128 -0.15031 -9.76458e-01 |129  0.07326 -2.40176e+00
130 -0.16778  1.15115e+01 |
130 variables; iteration 60; function evaluation 72; phase 4
Function value 2.3569909e+03; maximum gradient component mag 1.3745e+02
Var    Value     Gradient |Var    Value     Gradient |Var    Value     Gradient
  1 -0.32742 -1.13018e+02 |  2  0.02756  2.91966e+01 |  3 -0.05757  1.05494e+01
  4 -0.00247 -3.04115e+01 |  5 -0.42224  4.22393e+00 |  6  0.13076 -1.05035e+01
  7  0.09819  1.37452e+02 |  8 -0.07896  1.08418e+01 |  9  0.15980 -3.07180e+01
 10 -0.09097  1.00809e+01 | 11 -0.14860  1.17597e+02 | 12 -0.00174 -7.20322e-01
 13 -0.00202 -8.00528e-01 | 14 -0.00236 -8.89370e-01 | 15 -0.00275 -9.87579e-01
 16 -0.00321 -1.09679e+00 | 17 -0.00377 -1.21908e+00 | 18 -0.00445 -1.35676e+00
 19 -0.00527 -1.51111e+00 | 20 -0.00626 -1.68339e+00 | 21 -0.00743 -1.87513e+00
 22 -0.00892 -2.08751e+00 | 23 -0.01072 -2.32247e+00 | 24 -0.01300 -2.58995e+00
 25 -0.01584 -2.89281e+00 | 26 -0.01929 -3.22888e+00 | 27 -0.02335 -3.58437e+00
 28 -0.02771 -3.94171e+00 | 29 -0.03196 -4.26854e+00 | 30 -0.03574 -4.52795e+00
 31 -0.03842 -4.67742e+00 | 32 -0.03969 -4.70292e+00 | 33 -0.03941 -4.64006e+00
 34 -0.03773 -4.56115e+00 | 35 -0.03426 -4.48915e+00 | 36 -0.02283 -3.91387e+00
 37  0.00823 -1.76388e+00 | 38  0.01510 -8.03104e-02 | 39 -0.02851 -1.38380e+00
 40 -0.05932 -2.13856e+00 | 41 -0.06980 -1.55638e+00 | 42 -0.06388 -4.09742e-01
 43 -0.04195  6.30745e-01 | 44  0.01772  3.73961e+00 | 45  0.03659  2.48243e+00
 46 -0.03583 -5.12219e+00 | 47  0.07973 -7.27141e+00 | 48 -0.03035 -6.49109e+00
 49 -0.00689 -5.79072e-01 | 50  0.01900  2.96583e+00 | 51  0.00065  1.24327e+01
 52  0.10848  5.31470e+01 | 53 -0.03487  1.61589e+01 | 54 -0.04657  1.24053e+01
 55 -0.05862  3.50279e+00 | 56  0.05590 -2.14116e+01 | 57 -0.03330  4.78913e+00
 58 -0.08913  1.59559e+01 | 59 -0.14301  1.26805e+01 | 60 -0.16808 -3.40890e+00
 61  0.18147  1.31821e+02 | 62 -0.14068  4.09199e+00 | 63  0.02557  3.00310e+01
 64  0.00507  2.05194e+01 | 65  0.03164  1.72510e+01 | 66  0.02832  7.81712e+00
 67 -0.02674  6.17945e+00 | 68  0.00325 -3.14769e+00 | 69 -0.09000  7.21676e+00
 70  0.01437  6.23956e-01 | 71 -0.08982  1.10353e+01 | 72 -0.04522  2.24551e+01
 73 -0.11068  1.18309e+01 | 74 -0.10791  1.67090e+00 | 75 -0.15469 -1.10929e+01
 76  0.27830  6.54139e+01 | 77 -0.21951 -1.30058e+01 | 78  0.01282 -1.28977e+01
 79 -0.03803  2.09153e+01 | 80  0.09345  6.44251e+01 | 81 -0.08682  7.76130e+00
 82 -0.18412  1.44186e+01 | 83 -0.22447  1.04411e+01 | 84 -0.09429  3.66342e+00
 85 -0.08444  2.12446e+01 | 86  0.06470 -2.02375e+01 | 87  0.13237 -9.36659e+00
 88 -0.03137 -1.22273e+01 | 89  0.00896 -3.66615e+01 | 90  0.16978 -2.07119e+01
 91 -0.09849 -1.06180e+01 | 92 -0.00179 -1.69558e+01 | 93  0.04292  4.20757e+00
 94 -0.04579 -3.45977e+00 | 95 -0.15946  4.34275e+00 | 96 -0.08467 -7.90995e+00
 97 -0.04013 -1.35512e+01 | 98  0.03287 -9.40188e+00 | 99 -0.08084 -3.15303e+00
100  0.00950 -3.32861e+00 |101  0.08408  1.36931e+00 |102 -0.19628  2.36588e+00
103 -0.31072 -5.37355e+00 |104 -0.08281  2.10969e+00 |105  0.16248 -2.99039e+01
106 -0.09931  5.34683e+01 |107  0.18551  4.43452e+00 |108  0.11404 -2.38401e+00
109 -0.02150 -5.88981e+00 |110 -0.01722  5.39194e+00 |111  0.13239 -3.60976e-01
112 -0.13368  1.56667e-01 |113  0.34903  3.72550e-01 |114 -0.00554  2.95665e+00
115  0.11664  1.65679e+01 |116 -0.10127 -1.62127e+01 |117 -0.24125  5.37693e+01
118 -0.57901 -2.48622e+01 |119  0.21602  1.69247e+01 |120 -0.13248  8.99668e+00
121 -0.01366  4.76460e+00 |122 -0.00123  1.23275e+00 |123 -0.13290  2.06825e+00
124 -0.01065  4.14875e+00 |125  0.00991  8.95707e-01 |126 -0.12457  2.43929e+00
127  0.45606 -2.85112e+00 |128 -0.14769  7.28483e+00 |129  0.04939 -1.12113e+01
130 -0.19135  1.34252e+01 |
130 variables; iteration 80; function evaluation 92; phase 4
Function value 2.3480052e+03; maximum gradient component mag 1.4227e+02
Var    Value     Gradient |Var    Value     Gradient |Var    Value     Gradient
  1 -0.30369 -1.09588e+02 |  2  0.01315  2.11174e+01 |  3 -0.04008  2.19694e+01
  4 -0.00570  2.16691e+01 |  5 -0.39298  2.76328e+01 |  6  0.11221 -1.50654e+01
  7  0.09614  1.87378e+01 |  8 -0.09936  6.42437e+00 |  9  0.19657  5.14910e+00
 10 -0.13311  1.78974e+00 | 11 -0.17241  1.11113e+02 | 12  0.00139 -2.90806e-01
 13  0.00179 -2.98595e-01 | 14  0.00225 -3.04934e-01 | 15  0.00278 -3.09944e-01
 16  0.00338 -3.13731e-01 | 17  0.00404 -3.17057e-01 | 18  0.00479 -3.20748e-01
 19  0.00560 -3.25629e-01 | 20  0.00645 -3.33634e-01 | 21  0.00732 -3.46587e-01
 22  0.00811 -3.66254e-01 | 23  0.00878 -3.96581e-01 | 24  0.00921 -4.44054e-01
 25  0.00931 -5.12039e-01 | 26  0.00895 -6.01205e-01 | 27  0.00802 -7.05388e-01
 28  0.00663 -8.13522e-01 | 29  0.00498 -9.07091e-01 | 30  0.00320 -9.68151e-01
 31  0.00165 -9.78540e-01 | 32  0.00075 -9.37766e-01 | 33  0.00123 -8.72944e-01
 34  0.00432 -8.07250e-01 | 35  0.01289 -6.81004e-01 | 36  0.02511 -7.18459e-01
 37  0.02552 -1.42179e+00 | 38 -0.00230 -2.87536e+00 | 39 -0.02663 -3.27403e+00
 40 -0.04008 -2.44500e+00 | 41 -0.04656 -1.45643e+00 | 42 -0.04301 -1.01914e+00
 43 -0.02735 -1.77037e+00 | 44  0.02394 -2.30668e+00 | 45  0.03571 -3.59813e+00
 46 -0.02220 -5.37839e+00 | 47  0.09769 -3.94931e-01 | 48  0.00971  3.19434e+00
 49  0.03076  1.16806e+01 | 50  0.01999  3.73562e+00 | 51  0.02583  9.00007e+00
 52  0.11642  1.63450e+01 | 53 -0.02994  5.88572e+00 | 54 -0.02925  1.22379e+01
 55 -0.04750  1.21472e+01 | 56  0.08444  3.72010e+01 | 57 -0.02324  1.92635e+01
 58 -0.07318  2.33554e+01 | 59 -0.12980  1.69341e+01 | 60 -0.14027  4.03865e+00
 61  0.19476  1.42274e+02 | 62 -0.11762  6.30802e+00 | 63  0.02281  4.51750e-01
 64  0.00993  4.12965e+00 | 65  0.03971  1.49262e+01 | 66  0.04224  1.62225e+01
 67 -0.02346  7.50492e+00 | 68  0.01617  2.43993e+00 | 69 -0.09454  4.29503e+00
 70  0.02278 -3.47876e+00 | 71 -0.09287  1.36189e+00 | 72 -0.06595 -4.50503e+00
 73 -0.10756  8.81305e+00 | 74 -0.08626  1.07605e+01 | 75 -0.18068 -1.37633e+01
 76  0.27194  3.85439e+01 | 77 -0.16482 -3.04097e+00 | 78  0.03060  2.13688e+01
 79 -0.05896  2.55930e+00 | 80  0.07235 -2.68374e+01 | 81 -0.07589  1.18613e+01
 82 -0.18941  9.43302e+00 | 83 -0.22310  1.03916e+01 | 84 -0.08954 -1.02887e+00
 85 -0.11534 -5.83035e+00 | 86  0.07041 -3.64675e+01 | 87  0.13744 -3.56434e+01
 88 -0.01757 -8.36582e+00 | 89  0.03173 -1.61189e+01 | 90  0.17750 -1.15544e+01
 91 -0.07549 -3.38789e-01 | 92  0.02399  1.81436e+01 | 93  0.05106  9.98565e+00
 94 -0.03562 -1.58136e+00 | 95 -0.15096  6.85576e+00 | 96 -0.06732  6.15469e+00
 97 -0.03170 -6.74970e+00 | 98  0.04347 -7.01157e+00 | 99 -0.05659  2.79270e+00
100  0.03412  1.94796e+00 |101  0.09798  1.42809e+00 |102 -0.42398 -2.45858e+00
103 -0.29287 -1.43339e+00 |104 -0.11326  7.93261e-01 |105  0.13820 -1.94315e+01
106 -0.11813  3.33479e+01 |107  0.06877  1.03423e+00 |108  0.01461 -5.06364e-01
109 -0.04230 -6.30613e-01 |110 -0.04504  3.98035e-01 |111  0.05926 -8.21948e+00
112 -0.20417  2.18918e+00 |113  0.34670  1.55846e+01 |114 -0.01141 -1.24080e+01
115  0.10473 -1.15358e+01 |116 -0.09410  1.78210e+01 |117 -0.17151  1.87587e+01
118 -0.36605 -3.23586e+00 |119  0.11198  2.69435e+00 |120 -0.10624 -1.29981e+01
121 -0.01356  8.52179e+00 |122 -0.01425 -4.59766e+00 |123 -0.13003  2.39964e+00
124 -0.02850 -3.50326e+00 |125 -0.00315  5.64687e-01 |126 -0.10784 -2.63299e+00
127  0.49958  1.18086e+00 |128 -0.13280  1.93605e+00 |129  0.05486 -5.15710e+00
130 -0.19065  6.64730e+00 |
130 variables; iteration 100; function evaluation 115; phase 4
Function value 2.3432723e+03; maximum gradient component mag -8.6344e+01
Var    Value     Gradient |Var    Value     Gradient |Var    Value     Gradient
  1 -0.26435  8.02262e+01 |  2  0.02500 -5.74097e+00 |  3 -0.06422 -6.76129e+00
  4 -0.00098  3.59136e+00 |  5 -0.41342  4.03415e+00 |  6  0.06766  7.28176e+00
  7  0.08926 -2.80301e+01 |  8 -0.08270 -6.91244e+00 |  9  0.18930  2.78229e+00
 10 -0.10309  1.73743e+00 | 11 -0.14450 -8.63438e+01 | 12 -0.00099 -9.24993e-01
 13 -0.00085 -1.00430e+00 | 14 -0.00065 -1.08807e+00 | 15 -0.00040 -1.17654e+00
 16 -0.00009 -1.27033e+00 | 17  0.00029 -1.37011e+00 | 18  0.00081 -1.47557e+00
 19  0.00151 -1.58321e+00 | 20  0.00248 -1.68683e+00 | 21  0.00381 -1.78100e+00
 22  0.00552 -1.85990e+00 | 23  0.00768 -1.92331e+00 | 24  0.01030 -1.97640e+00
 25  0.01329 -2.02687e+00 | 26  0.01636 -2.08429e+00 | 27  0.01919 -2.14675e+00
 28  0.02163 -2.20869e+00 | 29  0.02354 -2.25802e+00 | 30  0.02491 -2.27740e+00
 31  0.02533 -2.28551e+00 | 32  0.02426 -2.34179e+00 | 33  0.02145 -2.55972e+00
 34  0.01968 -2.93831e+00 | 35  0.02621 -3.31986e+00 | 36  0.03056 -4.14434e+00
 37  0.03576 -4.88338e+00 | 38  0.01867 -5.13112e+00 | 39 -0.00044 -4.41457e+00
 40 -0.00712 -2.50195e+00 | 41 -0.02470 -2.20629e+00 | 42 -0.02175 -2.28497e+00
 43  0.00455 -3.79141e+00 | 44 -0.01454 -8.55530e+00 | 45  0.04926 -1.03438e+01
 46  0.01217 -8.48307e+00 | 47  0.11112 -1.65275e+01 | 48 -0.02110 -7.91003e+00
 49  0.03261 -5.52025e+00 | 50  0.01213 -1.22159e+01 | 51  0.03786 -6.11566e+00
 52  0.11492 -1.93997e+01 | 53 -0.02681 -5.31851e+00 | 54 -0.03971 -3.92019e+00
 55 -0.04847 -2.88847e-01 | 56  0.08314 -4.59438e+00 | 57 -0.02867 -4.27085e+00
 58 -0.09307 -9.59449e-01 | 59 -0.13684  5.08141e+00 | 60 -0.14951 -5.86819e+00
 61  0.18716 -2.85482e+01 | 62 -0.14332 -5.30305e+00 | 63  0.02610 -1.08886e+01
 64  0.00967 -4.52820e+00 | 65  0.03520 -6.82485e+00 | 66  0.03877 -9.45730e+00
 67 -0.02663 -3.65594e+00 | 68  0.02021 -5.52849e+00 | 69 -0.10930 -1.98269e+00
 70  0.02753 -4.73970e+00 | 71 -0.09683  8.34422e-02 | 72 -0.05323 -3.93470e-01
 73 -0.12017  1.47798e+00 | 74 -0.10556 -3.88410e-01 | 75 -0.13695 -9.77175e+00
 76  0.27131  5.76377e+00 | 77 -0.17970 -6.99301e+00 | 78  0.01449 -7.95098e+00
 79 -0.06444 -2.84780e+00 | 80  0.07717 -1.41444e+01 | 81 -0.08679 -1.62029e+00
 82 -0.19291  6.23696e+00 | 83 -0.22564  8.19949e+00 | 84 -0.08119  7.14278e+00
 85 -0.10262  4.02267e+00 | 86  0.08144 -2.68912e+00 | 87  0.14275 -1.19017e+01
 88 -0.01329 -4.08430e+00 | 89  0.04494  1.74194e+00 | 90  0.18076 -9.68945e-01
 91 -0.07083  8.14578e-01 | 92  0.01824  4.61684e-01 | 93  0.04922 -5.25202e-01
 94 -0.02487  5.43331e+00 | 95 -0.15833  3.28622e+00 | 96 -0.06541  5.18572e+00
 97 -0.02011  4.71556e+00 | 98  0.05123 -3.33590e-01 | 99 -0.05692 -2.94221e-03
100  0.03272  2.49367e-01 |101  0.08431 -2.05711e+00 |102 -0.30921  2.88753e-01
103 -0.29002  1.06181e-01 |104 -0.10684  5.34726e-01 |105  0.14557  2.23511e+00
106 -0.12452 -1.52071e+00 |107  0.04418 -2.37682e+00 |108 -0.01183  8.85129e-01
109 -0.01358 -1.06379e-01 |110 -0.01889  1.54378e+00 |111  0.15816  2.53049e+00
112 -0.13016 -3.20294e+00 |113  0.33924  6.37407e-01 |114 -0.01676  8.43329e-01
115  0.10077 -5.50281e+00 |116 -0.11640  4.31969e+00 |117 -0.18030  1.94159e+01
118 -0.39676 -1.27514e+01 |119  0.09786  2.74510e+00 |120 -0.08602 -9.00473e+00
121 -0.00549 -2.36887e-01 |122 -0.00290  1.30155e+00 |123 -0.14087  2.74602e-01
124  0.00679 -3.14059e+00 |125  0.00188 -2.51224e+00 |126 -0.12443 -5.29723e+00
127  0.43499  1.66302e+00 |128 -0.16718 -3.99600e+00 |129  0.03060 -6.45380e+00
130 -0.21831  1.28583e+00 |
130 variables; iteration 120; function evaluation 140; phase 4
Function value 2.3418362e+03; maximum gradient component mag -7.5549e+01
Var    Value     Gradient |Var    Value     Gradient |Var    Value     Gradient
  1 -0.25029  6.97922e+01 |  2  0.01393 -9.46002e+00 |  3 -0.05586 -3.66266e+00
  4 -0.00603 -3.28218e+00 |  5 -0.40992 -3.28679e+00 |  6  0.05216  9.92043e+00
  7  0.09206 -9.75312e+00 |  8 -0.08130 -5.07111e-01 |  9  0.18731 -2.82397e+00
 10 -0.11636 -2.28224e+00 | 11 -0.13769 -7.55492e+01 | 12  0.00285 -4.39088e-01
 13  0.00281 -5.18654e-01 | 14  0.00295 -5.89994e-01 | 15  0.00352 -6.34298e-01
 16  0.00464 -6.45026e-01 | 17  0.00614 -6.38234e-01 | 18  0.00772 -6.42445e-01
 19  0.00929 -6.65616e-01 | 20  0.01148 -6.61247e-01 | 21  0.01515 -5.72443e-01
 22  0.01962 -4.52002e-01 | 23  0.02185 -5.07173e-01 | 24  0.02007 -8.39464e-01
 25  0.01643 -1.29028e+00 | 26  0.01934 -1.32890e+00 | 27  0.03234 -7.98606e-01
 28  0.03229 -9.96227e-01 | 29  0.02500 -1.52522e+00 | 30  0.02241 -1.74174e+00
 31  0.02229 -1.76697e+00 | 32  0.02503 -1.60754e+00 | 33  0.03056 -1.36415e+00
 34  0.03720 -1.28496e+00 | 35  0.00619 -3.30942e+00 | 36  0.00796 -3.85299e+00
 37  0.08096 -2.86984e+00 | 38  0.00345 -4.40389e+00 | 39  0.02006 -2.18288e+00
 40 -0.01532 -2.23385e+00 | 41 -0.02372 -1.36693e+00 | 42 -0.02268 -1.41461e+00
 43 -0.00330 -2.40736e+00 | 44 -0.02436 -6.57721e+00 | 45  0.07699 -5.23895e+00
 46  0.01682 -4.57684e+00 | 47  0.10726 -8.28363e+00 | 48 -0.00548 -5.49299e+00
 49  0.03029 -4.16009e+00 | 50  0.01998 -1.17502e+01 | 51  0.03941 -6.51141e+00
 52  0.11304 -1.96052e+01 | 53 -0.01487 -2.11199e+00 | 54 -0.03549 -2.47285e+00
 55 -0.05654 -4.47863e+00 | 56  0.08216 -1.46852e+01 | 57 -0.02487 -3.41220e+00
 58 -0.08868 -5.42279e-01 | 59 -0.15721 -1.47807e+00 | 60 -0.12831 -2.24759e+00
 61  0.18563 -4.38140e+01 | 62 -0.13170 -2.87036e+00 | 63  0.03063 -3.54269e+00
 64  0.00628 -5.14652e+00 | 65  0.03575 -5.66230e+00 | 66  0.04192 -4.39100e+00
 67 -0.02742 -2.09508e+00 | 68  0.02370 -1.09464e+00 | 69 -0.10896 -1.01293e+00
 70  0.03096  1.13534e+00 | 71 -0.09538  1.37549e+00 | 72 -0.04911  2.27869e+00
 73 -0.12281  1.02154e+00 | 74 -0.10539  1.21163e+00 | 75 -0.10533 -4.39550e+00
 76  0.26946 -1.83549e+01 | 77 -0.15936 -3.44938e+00 | 78  0.01945  1.02262e+00
 79 -0.05865  3.22844e+00 | 80  0.08245  7.31604e+00 | 81 -0.08313  2.45832e+00
 82 -0.19886  2.47327e+00 | 83 -0.24014  1.57272e+00 | 84 -0.08430  4.27064e-01
 85 -0.10285  4.23442e-01 | 86  0.08436  1.16108e+00 | 87  0.14764  7.69831e+00
 88 -0.00818  7.90741e-01 | 89  0.04331 -3.51930e+00 | 90  0.18300 -7.01859e-01
 91 -0.07281 -1.13785e+00 | 92  0.01880 -2.73700e-01 | 93  0.05128  5.23392e-01
 94 -0.03001 -1.39259e+00 | 95 -0.16509 -4.13585e-01 | 96 -0.06994 -1.32183e+00
 97 -0.02367 -8.36796e-01 | 98  0.04960  1.30039e-01 | 99 -0.06337 -2.05069e+00
100  0.02683 -8.69402e-01 |101  0.09785  1.62191e+00 |102 -0.31138  1.97412e-01
103 -0.28462  8.84062e-01 |104 -0.10439  1.03064e+00 |105  0.14791  8.49758e-02
106 -0.12443 -1.64816e+00 |107  0.11451  8.65238e-01 |108  0.04011 -2.53698e-01
109 -0.01482 -3.54852e+00 |110 -0.02221  1.60908e+00 |111  0.17328 -1.45801e+00
112 -0.11015  2.40176e+00 |113  0.33749 -8.67375e-01 |114 -0.02102  6.39946e-01
115  0.11689 -8.95737e-01 |116 -0.10800  2.25379e-01 |117 -0.16054 -3.93162e+00
118 -0.34658  5.37534e+00 |119  0.00587  5.95829e+00 |120 -0.06247  1.34385e+01
121  0.00318  5.56886e-01 |122  0.00581  9.07667e-01 |123 -0.16172 -1.96577e+00
124  0.00868  6.06760e-01 |125  0.00530  2.25746e+00 |126 -0.10891  1.16977e+00
127  0.47901  1.08727e+00 |128 -0.14294  2.68207e-01 |129  0.05581  4.40066e+00
130 -0.19577 -2.46337e+00 |
130 variables; iteration 140; function evaluation 166; phase 4
Function value 2.3410681e+03; maximum gradient component mag 6.8192e+01
Var    Value     Gradient |Var    Value     Gradient |Var    Value     Gradient
  1 -0.24466  6.81920e+01 |  2  0.01485 -6.09041e+00 |  3 -0.05917 -3.33945e+00
  4 -0.00658 -3.71370e+00 |  5 -0.40967 -1.31264e+00 |  6  0.04055  7.69069e+00
  7  0.09138 -5.40031e+00 |  8 -0.07486 -9.29981e-01 |  9  0.18379 -2.08065e+00
 10 -0.11553 -2.82227e-02 | 11 -0.12618 -6.71788e+01 | 12  0.00838 -2.95222e-02
 13  0.00213 -6.22072e-01 | 14  0.00845 -2.05857e-01 | 15  0.00839 -3.14360e-01
 16  0.00453 -7.29603e-01 | 17  0.01367 -1.52501e-01 | 18  0.01810  2.89199e-02
 19  0.00817 -8.67682e-01 | 20 -0.00235 -1.80644e+00 | 21  0.00960 -1.12448e+00
 22 -0.00182 -2.11557e+00 | 23  0.02673 -4.29020e-01 | 24  0.01700 -1.28484e+00
 25  0.04090 -1.78516e-01 | 26  0.02615 -1.26003e+00 | 27  0.00701 -2.57518e+00
 28  0.01883 -2.10303e+00 | 29  0.02089 -2.15533e+00 | 30  0.02699 -1.95579e+00
 31  0.02560 -2.05521e+00 | 32  0.02471 -2.08364e+00 | 33  0.01462 -2.61525e+00
 34  0.02586 -2.24894e+00 | 35  0.02514 -2.77359e+00 | 36  0.01985 -3.70918e+00
 37  0.07756 -3.56252e+00 | 38  0.01020 -4.57235e+00 | 39  0.00774 -3.39607e+00
 40 -0.01186 -2.47999e+00 | 41 -0.03505 -2.87879e+00 | 42 -0.03263 -2.75214e+00
 43 -0.00982 -3.28819e+00 | 44  0.00030 -6.09010e+00 | 45  0.07477 -6.99456e+00
 46 -0.00578 -6.61548e+00 | 47  0.10062 -1.01780e+01 | 48  0.01630 -4.36662e+00
 49  0.00312 -3.22438e+00 | 50  0.04144 -8.06119e+00 | 51  0.01815 -4.76843e+00
 52  0.11586 -1.55596e+01 | 53 -0.02581 -2.63439e+00 | 54 -0.03810 -2.64930e+00
 55 -0.05820 -3.33119e+00 | 56  0.08096 -8.96643e+00 | 57 -0.02949 -4.47826e+00
 58 -0.09296 -2.39177e+00 | 59 -0.16381 -2.53664e+00 | 60 -0.12136  7.57757e-01
 61  0.18287 -2.63990e+01 | 62 -0.11939  7.05739e-01 | 63  0.02441 -5.27201e+00
 64  0.00566 -4.10429e+00 | 65  0.03315 -4.95629e+00 | 66  0.03903 -4.33260e+00
 67 -0.02957 -2.32485e+00 | 68  0.01931 -3.18113e+00 | 69 -0.10852 -1.01399e+00
 70  0.02779 -2.58723e+00 | 71 -0.09931 -8.37711e-01 | 72 -0.05181 -5.99172e-01
 73 -0.12521 -3.14163e-01 | 74 -0.11223 -2.59643e-02 | 75 -0.08006  1.78886e+00
 76  0.26960 -5.08924e+00 | 77 -0.13616  1.45228e+00 | 78  0.01820  4.12631e-01
 79 -0.06245  6.28023e-02 | 80  0.08048  3.48589e-01 | 81 -0.08655 -2.24599e-01
 82 -0.20780 -1.09933e+00 | 83 -0.25166 -1.59174e+00 | 84 -0.08789 -1.10885e+00
 85 -0.10571 -7.11288e-01 | 86  0.08374  1.78697e+00 | 87  0.14587  3.26769e+00
 88 -0.00922  1.05726e+00 | 89  0.04482  7.37728e-01 | 90  0.18224  1.45113e+00
 91 -0.07044  6.08196e-01 | 92  0.01898  7.64992e-01 | 93  0.05030  2.69201e-01
 94 -0.02834 -7.58045e-02 | 95 -0.16524 -4.76802e-01 | 96 -0.06942 -4.75546e-01
 97 -0.02440 -3.69071e-01 | 98  0.04874  2.60901e-01 | 99 -0.05881  2.74155e-01
100  0.03041 -3.67405e-02 |101  0.09363  2.36568e-01 |102 -0.32245 -5.16210e-02
103 -0.29228 -2.41497e-02 |104 -0.12244 -3.02534e-01 |105  0.15570 -1.45871e+00
106 -0.11904  1.20817e+00 |107  0.09899  6.64512e-02 |108  0.02317 -2.56492e-02
109  0.01142 -5.92169e-01 |110  0.00540  1.26804e+00 |111  0.16943 -3.44729e-01
112 -0.11870  1.91381e-01 |113  0.33884 -1.15293e+00 |114 -0.02178  4.81162e-01
115  0.13079 -7.56514e-01 |116 -0.09948  5.97295e-01 |117 -0.14942 -5.29283e+00
118 -0.33693  1.81023e+00 |119 -0.07065  9.13842e-02 |120 -0.05988  3.00813e+00
121 -0.01203 -1.13351e+00 |122 -0.01085 -6.25716e-04 |123 -0.12946  6.80645e-02
124  0.00528  2.51167e-01 |125  0.00283 -2.78588e-02 |126 -0.10417  7.89870e-01
127  0.44292 -1.56527e+00 |128 -0.16013  2.12184e+00 |129  0.04951 -7.12860e-01
130 -0.20079  4.73260e-01 |
130 variables; iteration 160; function evaluation 189; phase 4
Function value 2.3406795e+03; maximum gradient component mag -2.3519e+01
Var    Value     Gradient |Var    Value     Gradient |Var    Value     Gradient
  1 -0.23452  2.28314e+01 |  2  0.01452 -2.38088e+00 |  3 -0.06056 -1.23252e+00
  4 -0.00583 -8.68942e-01 |  5 -0.40914 -7.81951e-01 |  6  0.03064  3.12052e+00
  7  0.09071 -3.61374e+00 |  8 -0.07258 -2.37261e-01 |  9  0.18303 -4.36012e-01
 10 -0.11602 -2.57582e-01 | 11 -0.11606 -2.35185e+01 | 12  0.00670  3.17710e-02
 13  0.00834  1.04216e-01 | 14  0.00650 -1.18197e-01 | 15  0.00768 -9.84367e-02
 16  0.01060  5.07640e-02 | 17  0.01092 -2.03467e-02 | 18  0.01181 -5.98988e-02
 19  0.01660  1.86056e-01 | 20  0.01114 -3.67864e-01 | 21  0.00742 -7.92637e-01
 22  0.01997 -2.83988e-02 | 23  0.01799 -3.43735e-01 | 24  0.02593  1.37370e-02
 25  0.02588 -1.91925e-01 | 26  0.02528 -4.27747e-01 | 27  0.02540 -5.92940e-01
 28  0.02611 -6.89102e-01 | 29  0.03283 -3.84798e-01 | 30  0.03026 -5.51520e-01
 31  0.02694 -6.84233e-01 | 32  0.02666 -5.79595e-01 | 33  0.02161 -7.99167e-01
 34  0.02507 -6.35716e-01 | 35  0.03002 -6.70054e-01 | 36  0.04017 -7.34414e-01
 37  0.04999 -8.05700e-01 | 38  0.04173 -7.62916e-01 | 39  0.01083 -8.56222e-01
 40 -0.01479 -6.97913e-01 | 41 -0.03402 -9.81137e-01 | 42 -0.03491 -9.85709e-01
 43 -0.01426 -9.68757e-01 | 44  0.04430 -6.54969e-01 | 45  0.03648 -2.01369e+00
 46  0.01651 -2.33223e+00 | 47  0.10686 -2.06107e+00 | 48  0.00920 -1.91679e+00
 49 -0.01516 -2.20377e+00 | 50  0.05861 -2.07804e+00 | 51 -0.00427 -3.02589e+00
 52  0.12061 -5.57305e+00 | 53 -0.03405 -1.21306e+00 | 54 -0.03811 -8.12325e-01
 55 -0.05678 -1.33733e+00 | 56  0.07959 -3.77545e+00 | 57 -0.02872 -1.44426e+00
 58 -0.09379 -4.15809e-01 | 59 -0.15881 -3.88819e-01 | 60 -0.12960 -5.03593e-01
 61  0.18258 -1.26350e+01 | 62 -0.12818 -4.56928e-01 | 63  0.02462 -2.24532e+00
 64  0.00502 -1.83955e+00 | 65  0.03306 -2.28502e+00 | 66  0.03889 -2.01428e+00
 67 -0.02926 -1.10907e+00 | 68  0.01972 -1.36073e+00 | 69 -0.10687 -2.65495e-01
 70  0.02898 -7.27116e-01 | 71 -0.09724  3.48299e-02 | 72 -0.05011  2.08802e-01
 73 -0.12261  3.52079e-01 | 74 -0.11004  1.67781e-01 | 75 -0.08721 -1.63621e-01
 76  0.26980 -4.17805e+00 | 77 -0.14432 -2.81739e-01 | 78  0.01785  2.65665e-01
 79 -0.06278  1.79846e-01 | 80  0.08084  6.40580e-01 | 81 -0.08502  4.17538e-01
 82 -0.20368  2.46208e-01 | 83 -0.24517  1.35592e-01 | 84 -0.08498  4.64113e-01
 85 -0.10348  1.51029e-01 | 86  0.08497  4.57201e-01 | 87  0.14715  9.24830e-01
 88 -0.00850  2.04234e-02 | 89  0.04557 -3.43289e-01 | 90  0.18334  1.50350e-01
 91 -0.07065 -2.02927e-01 | 92  0.01961  4.43210e-01 | 93  0.05109  2.41356e-01
 94 -0.02729  2.52128e-01 | 95 -0.16264  2.53766e-01 | 96 -0.06820  2.84304e-02
 97 -0.02366 -8.02014e-02 | 98  0.04928 -1.47418e-02 | 99 -0.05812  2.21182e-01
100  0.03088  4.75992e-02 |101  0.09233 -7.65107e-02 |102 -0.31932 -2.78645e-02
103 -0.29196  4.15127e-02 |104 -0.11820 -2.44603e-01 |105  0.15712 -6.59708e-01
106 -0.11842  8.14937e-01 |107  0.10103  4.03195e-03 |108  0.02370  5.43702e-02
109  0.01663  2.88472e-01 |110  0.00948  2.03367e-01 |111  0.17618 -1.98416e-01
112 -0.11486  2.09258e-01 |113  0.33893 -8.63196e-02 |114 -0.02183  4.62351e-02
115  0.13552  1.86560e-02 |116 -0.09756  1.51173e-01 |117 -0.14531 -2.73430e+00
118 -0.33215  7.13238e-01 |119 -0.08786 -8.31206e-01 |120 -0.05864  2.56378e-01
121 -0.01003 -5.26557e-01 |122 -0.00919 -8.58691e-02 |123 -0.13205  2.66980e-02
124  0.01162  1.54487e-01 |125  0.00436  1.30415e-01 |126 -0.10567  4.36018e-01
127  0.44544 -3.12227e-01 |128 -0.15969  3.60296e-01 |129  0.05081  7.45323e-02
130 -0.19993  8.83184e-03 |
130 variables; iteration 180; function evaluation 209; phase 4
Function value 2.3406017e+03; maximum gradient component mag -1.5952e-02
Var    Value     Gradient |Var    Value     Gradient |Var    Value     Gradient
  1 -0.23047 -2.72188e-03 |  2  0.01458 -4.87425e-03 |  3 -0.06028 -3.38014e-03
  4 -0.00610 -1.40563e-03 |  5 -0.40884 -1.20400e-03 |  6  0.02805 -6.49282e-05
  7  0.09123 -1.59524e-02 |  8 -0.07587 -3.22227e-03 |  9  0.18437 -6.04786e-04
 10 -0.11686 -9.77233e-04 | 11 -0.11022 -8.39568e-03 | 12  0.00556  6.17008e-05
 13  0.00623 -5.04989e-05 | 14  0.00698  1.26810e-04 | 15  0.00782  1.08871e-04
 16  0.00875  1.39121e-04 | 17  0.00981  1.29545e-04 | 18  0.01102  1.30021e-04
 19  0.01240 -2.10188e-05 | 20  0.01397  2.24177e-04 | 21  0.01575  5.46084e-04
 22  0.01767  1.08812e-04 | 23  0.01980  3.32958e-04 | 24  0.02213  1.65279e-04
 25  0.02466  3.12462e-04 | 26  0.02723  4.97160e-04 | 27  0.02955  4.27935e-04
 28  0.03138  5.47068e-04 | 29  0.03239  2.96723e-04 | 30  0.03213  4.17055e-04
 31  0.03053  3.61297e-04 | 32  0.02805  3.14580e-04 | 33  0.02605  5.11852e-04
 34  0.02630  4.19081e-04 | 35  0.03082  1.50156e-04 | 36  0.04025  6.70089e-04
 37  0.04873  1.06410e-03 | 38  0.03953  1.78863e-04 | 39  0.01226  6.62848e-04
 40 -0.01426  5.30592e-04 | 41 -0.03052  4.57658e-04 | 42 -0.03161  5.11310e-04
 43 -0.01232  3.53334e-04 | 44  0.03039 -6.82241e-05 | 45  0.04448  1.68407e-03
 46  0.03454  9.38502e-04 | 47  0.09353  4.40267e-04 | 48  0.01804  5.32785e-04
 49 -0.00672  7.72869e-04 | 50  0.05082  1.89117e-03 | 51  0.00620 -6.02003e-05
 52  0.11861 -4.34264e-03 | 53 -0.03301 -5.03275e-07 | 54 -0.04003 -1.26920e-04
 55 -0.05588 -6.06497e-04 | 56  0.07870 -5.78474e-03 | 57 -0.02900 -6.39075e-04
 58 -0.09530  7.54625e-05 | 59 -0.15926  1.35084e-04 | 60 -0.13054 -2.71830e-04
 61  0.18221 -1.44552e-02 | 62 -0.12927 -4.35911e-04 | 63  0.02411 -2.84599e-03
 64  0.00475 -3.06902e-03 | 65  0.03281 -3.66749e-03 | 66  0.03863 -3.02865e-03
 67 -0.02905 -6.72741e-04 | 68  0.01978 -2.72560e-04 | 69 -0.10687 -2.43750e-04
 70  0.02929  9.36257e-05 | 71 -0.09733  4.25616e-05 | 72 -0.04973  4.26132e-04
 73 -0.12308  4.42681e-04 | 74 -0.11013  3.68639e-04 | 75 -0.08677 -6.95111e-04
 76  0.26973 -5.13586e-03 | 77 -0.14354 -1.11388e-03 | 78  0.01712 -4.00891e-04
 79 -0.06335  2.42718e-04 | 80  0.08063  1.17566e-03 | 81 -0.08516  2.67744e-04
 82 -0.20384  8.90757e-05 | 83 -0.24508  1.19247e-04 | 84 -0.08481  9.04112e-05
 85 -0.10307  5.17115e-05 | 86  0.08539  4.50429e-05 | 87  0.14760  1.05144e-03
 88 -0.00788 -8.00607e-05 | 89  0.04618 -4.22991e-04 | 90  0.18363 -2.60632e-03
 91 -0.07024  1.01337e-04 | 92  0.01948  5.91989e-04 | 93  0.05115  2.51497e-04
 94 -0.02748  3.74843e-04 | 95 -0.16345  2.93046e-04 | 96 -0.06834  7.37924e-05
 97 -0.02374 -7.68786e-04 | 98  0.04926 -1.88250e-04 | 99 -0.05845 -2.11703e-04
100  0.03077  4.59818e-04 |101  0.09251 -5.06233e-05 |102 -0.31704 -1.47068e-05
103 -0.29167 -2.32827e-05 |104 -0.11530 -3.68913e-05 |105  0.15410 -3.00924e-03
106 -0.12034  5.59379e-03 |107  0.09674  9.86740e-05 |108  0.01858 -9.53711e-05
109  0.01104  3.15604e-03 |110  0.00347 -1.26225e-03 |111  0.17766  7.77182e-04
112 -0.11424 -7.20136e-04 |113  0.33757  3.03192e-03 |114 -0.02234 -2.11998e-03
115  0.13273  4.51008e-04 |116 -0.09955 -2.72997e-04 |117 -0.14566 -2.29454e-03
118 -0.33304  1.00648e-03 |119 -0.08173 -2.13807e-04 |120 -0.05899 -6.13928e-04
121 -0.00814 -9.88881e-05 |122 -0.00747  9.62836e-06 |123 -0.13536 -1.46033e-04
124  0.01351  5.03491e-04 |125  0.00458 -1.39712e-03 |126 -0.10675 -1.66994e-04
127  0.44615  3.28368e-06 |128 -0.15931 -4.59556e-04 |129  0.05055  2.46938e-04
130 -0.20035  1.23869e-04 |
  ic > imax  in fminim is answer attained ?
Var    Value     Gradient |Var    Value     Gradient |Var    Value     Gradient
  1 -0.23046  2.32637e-05 |  2  0.01458  6.41299e-05 |  3 -0.06028  2.50330e-05
  4 -0.00610 -1.72263e-04 |  5 -0.40884  2.73725e-05 |  6  0.02805 -8.22516e-05
  7  0.09123  4.74370e-04 |  8 -0.07587  5.28347e-05 |  9  0.18437 -1.00255e-04
 10 -0.11686  3.29800e-05 | 11 -0.11021 -3.30481e-04 | 12  0.00556  1.10482e-05
 13  0.00623  9.62454e-06 | 14  0.00698  1.38054e-05 | 15  0.00782  1.85099e-05
 16  0.00875  1.53123e-05 | 17  0.00981  2.21409e-05 | 18  0.01102  2.61716e-05
 19  0.01240  9.96283e-06 | 20  0.01397  1.17803e-05 | 21  0.01574  1.97038e-05
 22  0.01767  9.13868e-06 | 23  0.01980  2.75976e-05 | 24  0.02213  2.39177e-05
 25  0.02466  3.42051e-05 | 26  0.02723  3.67527e-05 | 27  0.02955  2.48545e-05
 28  0.03138  3.02948e-05 | 29  0.03239  3.33644e-05 | 30  0.03214  3.80559e-05
 31  0.03053  4.00853e-05 | 32  0.02805  2.95221e-05 | 33  0.02604  3.42913e-05
 34  0.02630  2.10512e-05 | 35  0.03083  2.55224e-05 | 36  0.04025  3.96314e-06
 37  0.04872 -3.15005e-05 | 38  0.03954  9.32595e-06 | 39  0.01226 -2.24018e-05
 40 -0.01426  5.53817e-05 | 41 -0.03052  1.84445e-05 | 42 -0.03161  2.69756e-06
 43 -0.01232 -1.38348e-05 | 44  0.03040  9.32910e-05 | 45  0.04446  1.12083e-04
 46  0.03454  5.90285e-05 | 47  0.09353  2.21522e-05 | 48  0.01803 -3.35376e-05
 49 -0.00672 -4.27381e-05 | 50  0.05082 -9.58812e-05 | 51  0.00620 -9.89781e-05
 52  0.11861 -9.40553e-05 | 53 -0.03302 -1.49881e-05 | 54 -0.04003 -1.62183e-06
 55 -0.05588  3.01128e-05 | 56  0.07870  5.81954e-06 | 57 -0.02900 -2.68820e-05
 58 -0.09530 -2.92880e-05 | 59 -0.15926 -1.95794e-05 | 60 -0.13054 -1.52651e-05
 61  0.18221 -4.10935e-04 | 62 -0.12927 -3.67726e-05 | 63  0.02411 -8.40890e-05
 64  0.00475 -3.69837e-05 | 65  0.03281 -1.49250e-04 | 66  0.03863 -2.22219e-04
 67 -0.02905 -1.81557e-04 | 68  0.01978 -2.25999e-04 | 69 -0.10687 -1.03017e-04
 70  0.02929 -1.87224e-04 | 71 -0.09733 -6.26934e-05 | 72 -0.04973  1.05175e-05
 73 -0.12308  3.14981e-05 | 74 -0.11013  8.45533e-06 | 75 -0.08677 -6.58950e-05
 76  0.26973 -3.77426e-04 | 77 -0.14353 -3.25754e-05 | 78  0.01712 -4.27015e-05
 79 -0.06335  1.73080e-05 | 80  0.08063 -1.80754e-04 | 81 -0.08516  4.18280e-05
 82 -0.20384  1.90857e-05 | 83 -0.24508 -6.08794e-06 | 84 -0.08481 -6.02008e-05
 85 -0.10307 -1.52768e-05 | 86  0.08539  1.00323e-06 | 87  0.14760  4.74269e-05
 88 -0.00788  8.42296e-06 | 89  0.04618  1.27169e-04 | 90  0.18363  1.41178e-04
 91 -0.07024 -1.16517e-05 | 92  0.01948 -5.99983e-05 | 93  0.05115  2.77135e-05
 94 -0.02748  4.01818e-05 | 95 -0.16345  8.24707e-07 | 96 -0.06834  5.69182e-06
 97 -0.02374  3.83365e-07 | 98  0.04926  1.22018e-04 | 99 -0.05845 -3.53398e-05
100  0.03077  5.52034e-05 |101  0.09251  1.00348e-05 |102 -0.31704 -1.95171e-05
103 -0.29166  3.00275e-05 |104 -0.11530 -1.19812e-05 |105  0.15409  2.11388e-04
106 -0.12035 -4.69436e-04 |107  0.09673 -9.36538e-06 |108  0.01858 -3.37873e-06
109  0.01102 -1.33939e-04 |110  0.00344  3.61849e-05 |111  0.17765 -9.64024e-05
112 -0.11425  5.41322e-05 |113  0.33757 -3.12087e-05 |114 -0.02234  2.04710e-05
115  0.13273 -4.70449e-07 |116 -0.09955 -4.72065e-05 |117 -0.14566 -1.13091e-03
118 -0.33304  2.62186e-04 |119 -0.08173 -1.56447e-04 |120 -0.05899 -9.14345e-05
121 -0.00814 -1.46750e-05 |122 -0.00747 -9.28484e-06 |123 -0.13536 -7.40250e-06
124  0.01351  1.66209e-05 |125  0.00458 -1.32895e-06 |126 -0.10674  3.80294e-05
127  0.44615  2.53180e-05 |128 -0.15931  9.12359e-06 |129  0.05055  3.62502e-05
130 -0.20035 -1.70731e-05 |
Function minimizer not making progress ... is minimum attained?
Minimprove criterion = 0.0000e+00

 - final statistics:
130 variables; iteration 184; function evaluation 242
Function value 2.3406e+03; maximum gradient component mag -1.1309e-03
Exit code = 1;  converg criter 1.0000e-04
Var    Value     Gradient |Var    Value     Gradient |Var    Value     Gradient
  1 -0.23046  2.32637e-05 |  2  0.01458  6.41299e-05 |  3 -0.06028  2.50330e-05
  4 -0.00610 -1.72263e-04 |  5 -0.40884  2.73725e-05 |  6  0.02805 -8.22516e-05
  7  0.09123  4.74370e-04 |  8 -0.07587  5.28347e-05 |  9  0.18437 -1.00255e-04
 10 -0.11686  3.29800e-05 | 11 -0.11021 -3.30481e-04 | 12  0.00556  1.10482e-05
 13  0.00623  9.62454e-06 | 14  0.00698  1.38054e-05 | 15  0.00782  1.85099e-05
 16  0.00875  1.53123e-05 | 17  0.00981  2.21409e-05 | 18  0.01102  2.61716e-05
 19  0.01240  9.96283e-06 | 20  0.01397  1.17803e-05 | 21  0.01574  1.97038e-05
 22  0.01767  9.13868e-06 | 23  0.01980  2.75976e-05 | 24  0.02213  2.39177e-05
 25  0.02466  3.42051e-05 | 26  0.02723  3.67527e-05 | 27  0.02955  2.48545e-05
 28  0.03138  3.02948e-05 | 29  0.03239  3.33644e-05 | 30  0.03214  3.80559e-05
 31  0.03053  4.00853e-05 | 32  0.02805  2.95221e-05 | 33  0.02604  3.42913e-05
 34  0.02630  2.10512e-05 | 35  0.03083  2.55224e-05 | 36  0.04025  3.96314e-06
 37  0.04872 -3.15005e-05 | 38  0.03954  9.32595e-06 | 39  0.01226 -2.24018e-05
 40 -0.01426  5.53817e-05 | 41 -0.03052  1.84445e-05 | 42 -0.03161  2.69756e-06
 43 -0.01232 -1.38348e-05 | 44  0.03040  9.32910e-05 | 45  0.04446  1.12083e-04
 46  0.03454  5.90285e-05 | 47  0.09353  2.21522e-05 | 48  0.01803 -3.35376e-05
 49 -0.00672 -4.27381e-05 | 50  0.05082 -9.58812e-05 | 51  0.00620 -9.89781e-05
 52  0.11861 -9.40553e-05 | 53 -0.03302 -1.49881e-05 | 54 -0.04003 -1.62183e-06
 55 -0.05588  3.01128e-05 | 56  0.07870  5.81954e-06 | 57 -0.02900 -2.68820e-05
 58 -0.09530 -2.92880e-05 | 59 -0.15926 -1.95794e-05 | 60 -0.13054 -1.52651e-05
 61  0.18221 -4.10935e-04 | 62 -0.12927 -3.67726e-05 | 63  0.02411 -8.40890e-05
 64  0.00475 -3.69837e-05 | 65  0.03281 -1.49250e-04 | 66  0.03863 -2.22219e-04
 67 -0.02905 -1.81557e-04 | 68  0.01978 -2.25999e-04 | 69 -0.10687 -1.03017e-04
 70  0.02929 -1.87224e-04 | 71 -0.09733 -6.26934e-05 | 72 -0.04973  1.05175e-05
 73 -0.12308  3.14981e-05 | 74 -0.11013  8.45533e-06 | 75 -0.08677 -6.58950e-05
 76  0.26973 -3.77426e-04 | 77 -0.14353 -3.25754e-05 | 78  0.01712 -4.27015e-05
 79 -0.06335  1.73080e-05 | 80  0.08063 -1.80754e-04 | 81 -0.08516  4.18280e-05
 82 -0.20384  1.90857e-05 | 83 -0.24508 -6.08794e-06 | 84 -0.08481 -6.02008e-05
 85 -0.10307 -1.52768e-05 | 86  0.08539  1.00323e-06 | 87  0.14760  4.74269e-05
 88 -0.00788  8.42296e-06 | 89  0.04618  1.27169e-04 | 90  0.18363  1.41178e-04
 91 -0.07024 -1.16517e-05 | 92  0.01948 -5.99983e-05 | 93  0.05115  2.77135e-05
 94 -0.02748  4.01818e-05 | 95 -0.16345  8.24707e-07 | 96 -0.06834  5.69182e-06
 97 -0.02374  3.83365e-07 | 98  0.04926  1.22018e-04 | 99 -0.05845 -3.53398e-05
100  0.03077  5.52034e-05 |101  0.09251  1.00348e-05 |102 -0.31704 -1.95171e-05
103 -0.29166  3.00275e-05 |104 -0.11530 -1.19812e-05 |105  0.15409  2.11388e-04
106 -0.12035 -4.69436e-04 |107  0.09673 -9.36538e-06 |108  0.01858 -3.37873e-06
109  0.01102 -1.33939e-04 |110  0.00344  3.61849e-05 |111  0.17765 -9.64024e-05
112 -0.11425  5.41322e-05 |113  0.33757 -3.12087e-05 |114 -0.02234  2.04710e-05
115  0.13273 -4.70449e-07 |116 -0.09955 -4.72065e-05 |117 -0.14566 -1.13091e-03
118 -0.33304  2.62186e-04 |119 -0.08173 -1.56447e-04 |120 -0.05899 -9.14345e-05
121 -0.00814 -1.46750e-05 |122 -0.00747 -9.28484e-06 |123 -0.13536 -7.40250e-06
124  0.01351  1.66209e-05 |125  0.00458 -1.32895e-06 |126 -0.10674  3.80294e-05
127  0.44615  2.53180e-05 |128 -0.15931  9.12359e-06 |129  0.05055  3.62502e-05
130 -0.20035 -1.70731e-05 |

Initial statistics: 142 variables; iteration 0; function evaluation 0; phase 5
Function value 2.3406017e+03; maximum gradient component mag -1.1309e-03
Var    Value     Gradient |Var    Value     Gradient |Var    Value     Gradient
  1 -0.23046  2.32637e-05 |  2  0.01458  6.41299e-05 |  3 -0.06028  2.50330e-05
  4 -0.00610 -1.72263e-04 |  5 -0.40884  2.73725e-05 |  6  0.02805 -8.22515e-05
  7  0.09123  4.74370e-04 |  8 -0.07587  5.28347e-05 |  9  0.18437 -1.00255e-04
 10 -0.11686  3.29800e-05 | 11 -0.11021 -3.30481e-04 | 12  0.00556  1.10482e-05
 13  0.00623  9.62453e-06 | 14  0.00698  1.38054e-05 | 15  0.00782  1.85099e-05
 16  0.00875  1.53123e-05 | 17  0.00981  2.21408e-05 | 18  0.01102  2.61716e-05
 19  0.01240  9.96283e-06 | 20  0.01397  1.17802e-05 | 21  0.01574  1.97038e-05
 22  0.01767  9.13867e-06 | 23  0.01980  2.75976e-05 | 24  0.02213  2.39176e-05
 25  0.02466  3.42051e-05 | 26  0.02723  3.67526e-05 | 27  0.02955  2.48544e-05
 28  0.03138  3.02948e-05 | 29  0.03239  3.33644e-05 | 30  0.03214  3.80558e-05
 31  0.03053  4.00853e-05 | 32  0.02805  2.95221e-05 | 33  0.02604  3.42913e-05
 34  0.02630  2.10512e-05 | 35  0.03083  2.55224e-05 | 36  0.04025  3.96314e-06
 37  0.04872 -3.15005e-05 | 38  0.03954  9.32594e-06 | 39  0.01226 -2.24018e-05
 40 -0.01426  5.53817e-05 | 41 -0.03052  1.84445e-05 | 42 -0.03161  2.69756e-06
 43 -0.01232 -1.38348e-05 | 44  0.03040  9.32910e-05 | 45  0.04446  1.12083e-04
 46  0.03454  5.90285e-05 | 47  0.09353  2.21522e-05 | 48  0.01803 -3.35376e-05
 49 -0.00672 -4.27380e-05 | 50  0.05082 -9.58811e-05 | 51  0.00620 -9.89780e-05
 52  0.11861 -9.40552e-05 | 53 -0.03302 -1.49881e-05 | 54 -0.04003 -1.62182e-06
 55 -0.05588  3.01128e-05 | 56  0.07870  5.81956e-06 | 57 -0.02900 -2.68820e-05
 58 -0.09530 -2.92880e-05 | 59 -0.15926 -1.95794e-05 | 60 -0.13054 -1.52651e-05
 61  0.18221 -4.10935e-04 | 62 -0.12927 -3.67726e-05 | 63  0.02411 -8.40890e-05
 64  0.00475 -3.69837e-05 | 65  0.03281 -1.49250e-04 | 66  0.03863 -2.22219e-04
 67 -0.02905 -1.81557e-04 | 68  0.01978 -2.25999e-04 | 69 -0.10687 -1.03017e-04
 70  0.02929 -1.87224e-04 | 71 -0.09733 -6.26933e-05 | 72 -0.04973  1.05174e-05
 73 -0.12308  3.14981e-05 | 74 -0.11013  8.45533e-06 | 75 -0.08677 -6.58949e-05
 76  0.26973 -3.77426e-04 | 77 -0.14353 -3.25754e-05 | 78  0.01712 -4.27015e-05
 79 -0.06335  1.73080e-05 | 80  0.08063 -1.80754e-04 | 81 -0.08516  4.18280e-05
 82 -0.20384  1.90857e-05 | 83 -0.24508 -6.08793e-06 | 84 -0.08481 -6.02007e-05
 85 -0.10307 -1.52768e-05 | 86  0.08539  1.00323e-06 | 87  0.14760  4.74269e-05
 88 -0.00788  8.42295e-06 | 89  0.04618  1.27169e-04 | 90  0.18363  1.41178e-04
 91 -0.07024 -1.16517e-05 | 92  0.01948 -5.99983e-05 | 93  0.05115  2.77135e-05
 94 -0.02748  4.01817e-05 | 95 -0.16345  8.24718e-07 | 96 -0.06834  5.69182e-06
 97 -0.02374  3.83372e-07 | 98  0.04926  1.22018e-04 | 99 -0.05845 -3.53397e-05
100  0.03077  5.52034e-05 |101  0.09251  1.00348e-05 |102  0.00000  0.00000e+00
103  0.00000  0.00000e+00 |104  0.00000  0.00000e+00 |105  0.00000  0.00000e+00
106  0.00000  0.00000e+00 |107  0.00000  0.00000e+00 |108  0.00000  0.00000e+00
109  0.00000  0.00000e+00 |110  0.00000  0.00000e+00 |111  0.00000  0.00000e+00
112  0.00000  0.00000e+00 |113  0.00000  0.00000e+00 |114 -0.31704 -1.95171e-05
115 -0.29166  3.00275e-05 |116 -0.11530 -1.19812e-05 |117  0.15409  2.11388e-04
118 -0.12035 -4.69436e-04 |119  0.09673 -9.36538e-06 |120  0.01858 -3.37873e-06
121  0.01102 -1.33939e-04 |122  0.00344  3.61849e-05 |123  0.17765 -9.64023e-05
124 -0.11425  5.41322e-05 |125  0.33757 -3.12087e-05 |126 -0.02234  2.04710e-05
127  0.13273 -4.70440e-07 |128 -0.09955 -4.72065e-05 |129 -0.14566 -1.13091e-03
130 -0.33304  2.62186e-04 |131 -0.08173 -1.56447e-04 |132 -0.05899 -9.14345e-05
133 -0.00814 -1.46750e-05 |134 -0.00747 -9.28483e-06 |135 -0.13536 -7.40249e-06
136  0.01351  1.66209e-05 |137  0.00458 -1.32894e-06 |138 -0.10674  3.80293e-05
139  0.44615  2.53180e-05 |140 -0.15931  9.12358e-06 |141  0.05055  3.62502e-05
142 -0.20035 -1.70731e-05 |
  ic > imax  in fminim is answer attained ?
Var    Value     Gradient |Var    Value     Gradient |Var    Value     Gradient
  1 -0.23046  2.32637e-05 |  2  0.01458  6.41299e-05 |  3 -0.06028  2.50330e-05
  4 -0.00610 -1.72263e-04 |  5 -0.40884  2.73725e-05 |  6  0.02805 -8.22515e-05
  7  0.09123  4.74370e-04 |  8 -0.07587  5.28347e-05 |  9  0.18437 -1.00255e-04
 10 -0.11686  3.29800e-05 | 11 -0.11021 -3.30481e-04 | 12  0.00556  1.10482e-05
 13  0.00623  9.62453e-06 | 14  0.00698  1.38054e-05 | 15  0.00782  1.85099e-05
 16  0.00875  1.53123e-05 | 17  0.00981  2.21408e-05 | 18  0.01102  2.61716e-05
 19  0.01240  9.96283e-06 | 20  0.01397  1.17802e-05 | 21  0.01574  1.97038e-05
 22  0.01767  9.13867e-06 | 23  0.01980  2.75976e-05 | 24  0.02213  2.39176e-05
 25  0.02466  3.42051e-05 | 26  0.02723  3.67526e-05 | 27  0.02955  2.48544e-05
 28  0.03138  3.02948e-05 | 29  0.03239  3.33644e-05 | 30  0.03214  3.80558e-05
 31  0.03053  4.00853e-05 | 32  0.02805  2.95221e-05 | 33  0.02604  3.42913e-05
 34  0.02630  2.10512e-05 | 35  0.03083  2.55224e-05 | 36  0.04025  3.96314e-06
 37  0.04872 -3.15005e-05 | 38  0.03954  9.32594e-06 | 39  0.01226 -2.24018e-05
 40 -0.01426  5.53817e-05 | 41 -0.03052  1.84445e-05 | 42 -0.03161  2.69756e-06
 43 -0.01232 -1.38348e-05 | 44  0.03040  9.32910e-05 | 45  0.04446  1.12083e-04
 46  0.03454  5.90285e-05 | 47  0.09353  2.21522e-05 | 48  0.01803 -3.35376e-05
 49 -0.00672 -4.27380e-05 | 50  0.05082 -9.58811e-05 | 51  0.00620 -9.89780e-05
 52  0.11861 -9.40552e-05 | 53 -0.03302 -1.49881e-05 | 54 -0.04003 -1.62182e-06
 55 -0.05588  3.01128e-05 | 56  0.07870  5.81956e-06 | 57 -0.02900 -2.68820e-05
 58 -0.09530 -2.92880e-05 | 59 -0.15926 -1.95794e-05 | 60 -0.13054 -1.52651e-05
 61  0.18221 -4.10935e-04 | 62 -0.12927 -3.67726e-05 | 63  0.02411 -8.40890e-05
 64  0.00475 -3.69837e-05 | 65  0.03281 -1.49250e-04 | 66  0.03863 -2.22219e-04
 67 -0.02905 -1.81557e-04 | 68  0.01978 -2.25999e-04 | 69 -0.10687 -1.03017e-04
 70  0.02929 -1.87224e-04 | 71 -0.09733 -6.26933e-05 | 72 -0.04973  1.05174e-05
 73 -0.12308  3.14981e-05 | 74 -0.11013  8.45533e-06 | 75 -0.08677 -6.58949e-05
 76  0.26973 -3.77426e-04 | 77 -0.14353 -3.25754e-05 | 78  0.01712 -4.27015e-05
 79 -0.06335  1.73080e-05 | 80  0.08063 -1.80754e-04 | 81 -0.08516  4.18280e-05
 82 -0.20384  1.90857e-05 | 83 -0.24508 -6.08793e-06 | 84 -0.08481 -6.02007e-05
 85 -0.10307 -1.52768e-05 | 86  0.08539  1.00323e-06 | 87  0.14760  4.74269e-05
 88 -0.00788  8.42295e-06 | 89  0.04618  1.27169e-04 | 90  0.18363  1.41178e-04
 91 -0.07024 -1.16517e-05 | 92  0.01948 -5.99983e-05 | 93  0.05115  2.77135e-05
 94 -0.02748  4.01817e-05 | 95 -0.16345  8.24718e-07 | 96 -0.06834  5.69182e-06
 97 -0.02374  3.83372e-07 | 98  0.04926  1.22018e-04 | 99 -0.05845 -3.53397e-05
100  0.03077  5.52034e-05 |101  0.09251  1.00348e-05 |102  0.00000  0.00000e+00
103  0.00000  0.00000e+00 |104  0.00000  0.00000e+00 |105  0.00000  0.00000e+00
106  0.00000  0.00000e+00 |107  0.00000  0.00000e+00 |108  0.00000  0.00000e+00
109  0.00000  0.00000e+00 |110  0.00000  0.00000e+00 |111  0.00000  0.00000e+00
112  0.00000  0.00000e+00 |113  0.00000  0.00000e+00 |114 -0.31704 -1.95171e-05
115 -0.29166  3.00275e-05 |116 -0.11530 -1.19812e-05 |117  0.15409  2.11388e-04
118 -0.12035 -4.69436e-04 |119  0.09673 -9.36538e-06 |120  0.01858 -3.37873e-06
121  0.01102 -1.33939e-04 |122  0.00344  3.61849e-05 |123  0.17765 -9.64023e-05
124 -0.11425  5.41322e-05 |125  0.33757 -3.12087e-05 |126 -0.02234  2.04710e-05
127  0.13273 -4.70440e-07 |128 -0.09955 -4.72065e-05 |129 -0.14566 -1.13091e-03
130 -0.33304  2.62186e-04 |131 -0.08173 -1.56447e-04 |132 -0.05899 -9.14345e-05
133 -0.00814 -1.46750e-05 |134 -0.00747 -9.28483e-06 |135 -0.13536 -7.40249e-06
136  0.01351  1.66209e-05 |137  0.00458 -1.32894e-06 |138 -0.10674  3.80293e-05
139  0.44615  2.53180e-05 |140 -0.15931  9.12358e-06 |141  0.05055  3.62502e-05
142 -0.20035 -1.70731e-05 |
Function minimizer not making progress ... is minimum attained?
Minimprove criterion = 0.0000e+00

 - final statistics:
142 variables; iteration 1; function evaluation 30
Function value 2.3406e+03; maximum gradient component mag -1.1309e-03
Exit code = 1;  converg criter 1.0000e-04
Var    Value     Gradient |Var    Value     Gradient |Var    Value     Gradient
  1 -0.23046  2.32637e-05 |  2  0.01458  6.41299e-05 |  3 -0.06028  2.50330e-05
  4 -0.00610 -1.72263e-04 |  5 -0.40884  2.73725e-05 |  6  0.02805 -8.22515e-05
  7  0.09123  4.74370e-04 |  8 -0.07587  5.28347e-05 |  9  0.18437 -1.00255e-04
 10 -0.11686  3.29800e-05 | 11 -0.11021 -3.30481e-04 | 12  0.00556  1.10482e-05
 13  0.00623  9.62453e-06 | 14  0.00698  1.38054e-05 | 15  0.00782  1.85099e-05
 16  0.00875  1.53123e-05 | 17  0.00981  2.21408e-05 | 18  0.01102  2.61716e-05
 19  0.01240  9.96283e-06 | 20  0.01397  1.17802e-05 | 21  0.01574  1.97038e-05
 22  0.01767  9.13867e-06 | 23  0.01980  2.75976e-05 | 24  0.02213  2.39176e-05
 25  0.02466  3.42051e-05 | 26  0.02723  3.67526e-05 | 27  0.02955  2.48544e-05
 28  0.03138  3.02948e-05 | 29  0.03239  3.33644e-05 | 30  0.03214  3.80558e-05
 31  0.03053  4.00853e-05 | 32  0.02805  2.95221e-05 | 33  0.02604  3.42913e-05
 34  0.02630  2.10512e-05 | 35  0.03083  2.55224e-05 | 36  0.04025  3.96314e-06
 37  0.04872 -3.15005e-05 | 38  0.03954  9.32594e-06 | 39  0.01226 -2.24018e-05
 40 -0.01426  5.53817e-05 | 41 -0.03052  1.84445e-05 | 42 -0.03161  2.69756e-06
 43 -0.01232 -1.38348e-05 | 44  0.03040  9.32910e-05 | 45  0.04446  1.12083e-04
 46  0.03454  5.90285e-05 | 47  0.09353  2.21522e-05 | 48  0.01803 -3.35376e-05
 49 -0.00672 -4.27380e-05 | 50  0.05082 -9.58811e-05 | 51  0.00620 -9.89780e-05
 52  0.11861 -9.40552e-05 | 53 -0.03302 -1.49881e-05 | 54 -0.04003 -1.62182e-06
 55 -0.05588  3.01128e-05 | 56  0.07870  5.81956e-06 | 57 -0.02900 -2.68820e-05
 58 -0.09530 -2.92880e-05 | 59 -0.15926 -1.95794e-05 | 60 -0.13054 -1.52651e-05
 61  0.18221 -4.10935e-04 | 62 -0.12927 -3.67726e-05 | 63  0.02411 -8.40890e-05
 64  0.00475 -3.69837e-05 | 65  0.03281 -1.49250e-04 | 66  0.03863 -2.22219e-04
 67 -0.02905 -1.81557e-04 | 68  0.01978 -2.25999e-04 | 69 -0.10687 -1.03017e-04
 70  0.02929 -1.87224e-04 | 71 -0.09733 -6.26933e-05 | 72 -0.04973  1.05174e-05
 73 -0.12308  3.14981e-05 | 74 -0.11013  8.45533e-06 | 75 -0.08677 -6.58949e-05
 76  0.26973 -3.77426e-04 | 77 -0.14353 -3.25754e-05 | 78  0.01712 -4.27015e-05
 79 -0.06335  1.73080e-05 | 80  0.08063 -1.80754e-04 | 81 -0.08516  4.18280e-05
 82 -0.20384  1.90857e-05 | 83 -0.24508 -6.08793e-06 | 84 -0.08481 -6.02007e-05
 85 -0.10307 -1.52768e-05 | 86  0.08539  1.00323e-06 | 87  0.14760  4.74269e-05
 88 -0.00788  8.42295e-06 | 89  0.04618  1.27169e-04 | 90  0.18363  1.41178e-04
 91 -0.07024 -1.16517e-05 | 92  0.01948 -5.99983e-05 | 93  0.05115  2.77135e-05
 94 -0.02748  4.01817e-05 | 95 -0.16345  8.24718e-07 | 96 -0.06834  5.69182e-06
 97 -0.02374  3.83372e-07 | 98  0.04926  1.22018e-04 | 99 -0.05845 -3.53397e-05
100  0.03077  5.52034e-05 |101  0.09251  1.00348e-05 |102  0.00000  0.00000e+00
103  0.00000  0.00000e+00 |104  0.00000  0.00000e+00 |105  0.00000  0.00000e+00
106  0.00000  0.00000e+00 |107  0.00000  0.00000e+00 |108  0.00000  0.00000e+00
109  0.00000  0.00000e+00 |110  0.00000  0.00000e+00 |111  0.00000  0.00000e+00
112  0.00000  0.00000e+00 |113  0.00000  0.00000e+00 |114 -0.31704 -1.95171e-05
115 -0.29166  3.00275e-05 |116 -0.11530 -1.19812e-05 |117  0.15409  2.11388e-04
118 -0.12035 -4.69436e-04 |119  0.09673 -9.36538e-06 |120  0.01858 -3.37873e-06
121  0.01102 -1.33939e-04 |122  0.00344  3.61849e-05 |123  0.17765 -9.64023e-05
124 -0.11425  5.41322e-05 |125  0.33757 -3.12087e-05 |126 -0.02234  2.04710e-05
127  0.13273 -4.70440e-07 |128 -0.09955 -4.72065e-05 |129 -0.14566 -1.13091e-03
130 -0.33304  2.62186e-04 |131 -0.08173 -1.56447e-04 |132 -0.05899 -9.14345e-05
133 -0.00814 -1.46750e-05 |134 -0.00747 -9.28483e-06 |135 -0.13536 -7.40249e-06
136  0.01351  1.66209e-05 |137  0.00458 -1.32894e-06 |138 -0.10674  3.80293e-05
139  0.44615  2.53180e-05 |140 -0.15931  9.12358e-06 |141  0.05055  3.62502e-05
142 -0.20035 -1.70731e-05 |
size of file gradfil1.tmp = 0
size of file gradfil2.tmp = 0
size of file varssave.tmp = 0
size of file cmpdiff.tmp = 200000008
