
Initial statistics: 3 variables; iteration 0; function evaluation 0; phase 1
Function value 3.7891597e+03; maximum gradient component mag -6.2045e+01
Var    Value     Gradient |Var    Value     Gradient |Var    Value     Gradient
  1  0.12819 -6.20448e+01 |  2 -0.26198 -2.55705e+01 |  3 -0.12819 -2.96277e+01

 - final statistics:
3 variables; iteration 6; function evaluation 11
Function value 3.7796e+03; maximum gradient component mag -9.3011e+00
Exit code = 1;  converg criter 1.0000e+01
Var    Value     Gradient |Var    Value     Gradient |Var    Value     Gradient
  1  0.28408 -9.30114e+00 |  2 -0.03594  4.22172e-01 |  3  0.10339 -2.46653e-01

Initial statistics: 13 variables; iteration 0; function evaluation 0; phase 2
Function value 3.7796162e+03; maximum gradient component mag -9.3912e+02
Var    Value     Gradient |Var    Value     Gradient |Var    Value     Gradient
  1 -0.22556 -3.88875e+02 |  2  0.00000 -5.40286e+02 |  3 -0.12819 -4.15330e+02
  4  0.03352  4.35151e+01 |  5 -0.28197  1.00182e+02 |  6  0.00000 -2.73351e+02
  7  0.11199 -9.39120e+02 |  8 -0.16086 -2.12922e+02 |  9  0.00000 -6.13756e+01
 10 -0.21635 -4.72410e+01 | 11  0.28408 -9.30114e+00 | 12 -0.03594  4.22172e-01
 13  0.10339 -2.46653e-01 |

 - final statistics:
13 variables; iteration 18; function evaluation 26
Function value 3.6973e+03; maximum gradient component mag -9.9993e+00
Exit code = 1;  converg criter 1.0000e+01
Var    Value     Gradient |Var    Value     Gradient |Var    Value     Gradient
  1 -0.19820  3.84029e+00 |  2  0.12612 -3.91960e+00 |  3 -0.12365 -5.51885e-01
  4 -0.01639 -1.30898e+00 |  5 -0.46747  3.21608e+00 |  6  0.08382  2.53455e+00
  7  0.12223 -9.99933e+00 |  8 -0.21001 -4.26013e-01 |  9  0.21327 -3.61253e+00
 10 -0.20372  1.59473e+00 | 11  0.86036 -1.64989e+00 | 12 -0.06713 -2.22057e+00
 13  0.09619 -6.99172e-01 |

Initial statistics: 45 variables; iteration 0; function evaluation 0; phase 3
Function value 3.6972749e+03; maximum gradient component mag 1.6191e+03
Var    Value     Gradient |Var    Value     Gradient |Var    Value     Gradient
  1 -0.19820  3.84029e+00 |  2  0.12612 -3.91960e+00 |  3 -0.12365 -5.51885e-01
  4 -0.01639 -1.30898e+00 |  5 -0.46747  3.21608e+00 |  6  0.08382  2.53455e+00
  7  0.12223 -9.99933e+00 |  8 -0.21001 -4.26013e-01 |  9  0.21327 -3.61253e+00
 10 -0.20372  1.59473e+00 | 11  0.86036 -1.64989e+00 | 12 -0.06713 -2.22057e+00
 13  0.09619 -6.99172e-01 | 14 -0.11760 -8.29353e+02 | 15 -0.33425  2.11510e+02
 16 -0.10723 -5.42468e+02 | 17 -0.10028  1.58148e+02 | 18 -0.45481 -9.71373e+01
 19 -0.01633  1.04215e+00 | 20  0.25350  6.40392e+02 | 21 -0.21710 -7.91622e+02
 22 -0.49439  9.54928e+01 | 23 -0.11760 -5.20118e+01 | 24 -0.33425  2.21450e+01
 25 -0.11760 -9.00439e+02 | 26 -0.33425  1.76400e+02 | 27 -0.10723 -8.52852e+02
 28 -0.11760 -6.71568e+02 | 29 -0.33425  4.45346e+01 | 30 -0.10723 -7.95448e+02
 31  0.02302  1.61905e+03 | 32 -0.31415 -1.14526e+03 | 33  0.53959  1.70472e+01
 34 -0.62714  3.55072e-03 | 35  0.00000  5.97719e+02 | 36 -0.21635 -3.57510e+02
 37  0.16024  8.59773e+01 | 38 -0.12294 -5.25405e+01 | 39 -0.16953  3.16399e+01
 40 -0.10028 -9.74196e+01 | 41 -0.34608  8.17569e+01 | 42 -0.03900  4.55934e+02
 43 -0.33425 -2.20143e+02 | 44  0.02302 -4.65222e+01 | 45 -0.16953  5.49033e+01

Intermediate statistics: 45 variables; iteration 20; function evaluation 30; phase 3
Function value 3.1666881e+03; maximum gradient component mag 4.4072e+02
Var    Value     Gradient |Var    Value     Gradient |Var    Value     Gradient
  1 -0.02017  1.18802e+02 |  2 -0.05035 -1.41331e+02 |  3 -0.04098 -8.53733e+01
  4 -0.06349 -5.13905e+01 |  5 -0.34997  7.28833e+00 |  6 -0.17947 -6.22410e+01
  7  0.09152 -5.75511e+01 |  8 -0.02498  1.39645e+01 |  9 -0.05378 -1.91627e+01
 10  0.00977 -1.37920e+01 | 11  0.84228 -1.46194e-01 | 12 -0.03635  7.02332e-02
 13  0.10662 -8.02029e-02 | 14  0.29942  4.11233e+01 | 15 -0.12120  1.35329e+01
 16 -0.40315 -5.87592e+00 | 17 -0.22581 -1.96140e+01 | 18 -0.49812  1.11392e+01
 19 -0.02488  2.64256e-01 | 20  0.46129  3.46064e+01 | 21 -0.10645 -2.70535e+01
 22 -0.51001 -8.04726e-01 | 23  0.14243 -8.97564e+00 | 24 -0.23118 -5.92007e-01
 25  0.54279 -6.79043e+01 | 26 -0.07383  4.40721e+02 | 27 -0.56652 -5.44692e-01
 28  0.21137 -1.92726e+02 | 29 -0.09388  4.02912e+02 | 30  0.11282 -1.43215e+00
 31 -0.28676 -2.59513e+01 | 32 -0.72170 -8.12846e+00 | 33  0.44854 -1.33934e+01
 34 -0.62709 -8.08053e-03 | 35 -0.03562 -1.29827e+01 | 36  0.02413  2.65629e+01
 37  0.04009  1.94498e+01 | 38  0.46517 -3.31664e+00 | 39 -0.16070  4.41956e+00
 40  0.43705 -3.09791e+01 | 41 -0.23570  1.39940e+02 | 42  0.01768 -1.33381e+02
 43 -0.26788  9.81492e+01 | 44  0.08910  3.92582e+01 | 45 -0.20178 -5.82828e+01
45 variables; iteration 40; function evaluation 52; phase 3
Function value 3.1398528e+03; maximum gradient component mag 2.2148e+02
Var    Value     Gradient |Var    Value     Gradient |Var    Value     Gradient
  1 -0.01004  7.73681e+01 |  2 -0.03282  5.24071e+00 |  3 -0.04712  1.92241e+01
  4 -0.06201  1.36623e+01 |  5 -0.36312  3.60562e+01 |  6 -0.19970 -5.17382e+01
  7  0.09150  2.21478e+02 |  8 -0.02462  6.12278e+01 |  9 -0.03387  3.07202e+01
 10  0.02982  1.87259e+01 | 11  0.43988  1.94795e+00 | 12 -0.02892  5.34174e-01
 13  0.11014  1.29140e-01 | 14  0.28828  4.24499e+01 | 15 -0.12894  1.22499e+01
 16 -0.29172  1.87883e+00 | 17 -0.25951 -2.59554e+01 | 18 -0.62810  5.55061e+00
 19 -0.13070  8.28397e-01 | 20  0.49238  4.19661e+01 | 21 -0.10494 -9.79012e+01
 22 -1.04617  2.78183e-01 | 23  0.18661 -7.65111e+00 | 24 -0.20048  4.43188e+00
 25  0.45877 -2.19915e+01 | 26 -0.12357  1.38120e+02 | 27 -0.42020 -1.95784e+00
 28  0.27217 -7.82960e+01 | 29 -0.10541  9.34818e+01 | 30 -0.18227 -7.22729e+00
 31 -0.24898  7.20002e+01 | 32 -0.63040 -2.96945e+01 | 33  0.49489 -3.55451e+00
 34 -0.62325 -5.95876e-03 | 35  0.03047 -2.85157e+01 | 36  0.04671  1.05402e+01
 37 -0.19775 -1.08525e+01 | 38  0.47757 -3.74576e+00 | 39 -0.15880  6.33002e+00
 40  0.35474 -2.02605e+01 | 41 -0.28077  4.37136e+01 | 42  0.03163 -1.20732e+02
 43 -0.25812  8.88760e+01 | 44  0.20311  7.09264e+00 | 45 -0.10482 -1.20887e+01
45 variables; iteration 60; function evaluation 77; phase 3
Function value 3.1079058e+03; maximum gradient component mag -2.5173e+01
Var    Value     Gradient |Var    Value     Gradient |Var    Value     Gradient
  1 -0.22438 -2.51728e+01 |  2  0.05219  4.03372e+00 |  3 -0.11881  2.55394e+00
  4 -0.03133  1.44919e+00 |  5 -0.44106  4.69040e+00 |  6 -0.02769 -6.09865e+00
  7  0.07294  1.37303e+01 |  8  0.02201  3.80397e+00 |  9 -0.07950  5.15497e-01
 10  0.08576  9.86893e-01 | 11 -0.10235  2.47911e+01 | 12 -0.06634  7.82696e-01
 13  0.11195  4.58539e-01 | 14  0.21743 -6.00023e+00 | 15 -0.16254  9.74337e+00
 16 -0.19523 -2.69821e+00 | 17 -0.27875 -7.38009e+00 | 18 -0.99399 -2.52084e-01
 19 -0.28520 -9.91820e-01 | 20  0.24873 -7.58930e+00 | 21 -0.16250  9.01400e+00
 22  0.05648  6.61593e-02 | 23  0.14405  2.44661e+00 | 24 -0.20884 -4.45181e+00
 25  0.35056 -6.26901e-01 | 26 -0.17221  1.10306e+01 | 27 -0.25297 -1.92997e+00
 28  0.39796 -3.41307e+00 | 29 -0.06399  1.02227e+01 | 30 -0.61012 -5.58821e+00
 31 -0.18812  2.16022e+01 | 32 -0.38201 -1.11346e+01 | 33  0.30228 -8.00940e-01
 34 -0.46781 -1.10034e-02 | 35 -0.00895  5.69472e+00 | 36  0.01553 -1.69122e+00
 37 -0.10658  2.73130e+00 | 38  0.46724  1.47492e+00 | 39 -0.15969 -1.94713e+00
 40  0.42436 -3.08311e+00 | 41 -0.26846  4.34224e+00 | 42  0.07977  1.37443e+01
 43 -0.21918 -2.15348e+00 | 44  0.13903  1.70787e+00 | 45 -0.13042 -2.24287e+00
Maximum number of function evaluations exceeded

 - final statistics:
45 variables; iteration 80; function evaluation 100
Function value 3.1046e+03; maximum gradient component mag 7.1347e+00
Exit code = 3;  converg criter 1.0000e+00
Var    Value     Gradient |Var    Value     Gradient |Var    Value     Gradient
  1 -0.27004 -6.91284e+00 |  2  0.06341  5.46157e-01 |  3 -0.12343  6.30025e-01
  4 -0.02895  3.44699e-01 |  5 -0.45080  2.57483e-01 |  6  0.02443  1.52329e+00
  7  0.07280 -6.65670e+00 |  8  0.01869 -6.32532e-01 |  9 -0.07805  1.60400e-01
 10  0.09354 -2.55332e-02 | 11 -0.15390  4.47572e+00 | 12 -0.10378  2.10009e-01
 13  0.10294  6.39105e-02 | 14  0.21211  5.23940e+00 | 15 -0.16498 -1.77171e+00
 16 -0.13919  1.53391e+00 | 17 -0.25574 -1.44232e+00 | 18 -1.29145  1.19241e-01
 19 -0.30339 -1.69919e+00 | 20  0.24106  2.27717e+00 | 21 -0.16306 -6.40198e+00
 22  0.44897  2.91159e-03 | 23  0.12965  6.14851e-01 | 24 -0.21011 -1.69267e+00
 25  0.32864 -5.53987e+00 | 26 -0.18140  4.69435e+00 | 27 -0.27046 -2.72147e+00
 28  0.28718 -1.74915e+00 | 29 -0.09317  5.11886e-01 | 30 -0.25538 -1.23889e+00
 31 -0.18936  3.38068e-01 | 32 -0.37234 -2.95049e-01 | 33  0.22607  1.52020e+00
 34 -0.10155  1.76276e+00 | 35 -0.00991  3.74267e+00 | 36  0.01806 -1.05903e+00
 37 -0.11380  1.40106e+00 | 38  0.44879  8.51016e-01 | 39 -0.16305 -6.01667e-01
 40  0.49901  2.28295e-01 | 41 -0.25145 -1.96819e+00 | 42  0.06154  7.13467e+00
 43 -0.23179 -6.13452e+00 | 44  0.09868 -1.08145e+00 | 45 -0.15549  1.16879e-01

Initial statistics: 45 variables; iteration 0; function evaluation 0; phase 4
Function value 3.1046250e+03; maximum gradient component mag 7.1347e+00
Var    Value     Gradient |Var    Value     Gradient |Var    Value     Gradient
  1 -0.27004 -6.91284e+00 |  2  0.06341  5.46157e-01 |  3 -0.12343  6.30025e-01
  4 -0.02895  3.44699e-01 |  5 -0.45080  2.57483e-01 |  6  0.02443  1.52329e+00
  7  0.07280 -6.65670e+00 |  8  0.01869 -6.32532e-01 |  9 -0.07805  1.60400e-01
 10  0.09354 -2.55332e-02 | 11 -0.15390  4.47572e+00 | 12 -0.10378  2.10009e-01
 13  0.10294  6.39105e-02 | 14  0.21211  5.23940e+00 | 15 -0.16498 -1.77171e+00
 16 -0.13919  1.53391e+00 | 17 -0.25574 -1.44232e+00 | 18 -0.70855 -1.19241e-01
 19 -0.30339 -1.69919e+00 | 20  0.24106  2.27717e+00 | 21 -0.16306 -6.40198e+00
 22  0.44897  2.91159e-03 | 23  0.12965  6.14851e-01 | 24 -0.21011 -1.69267e+00
 25  0.32864 -5.53987e+00 | 26 -0.18140  4.69435e+00 | 27 -0.27046 -2.72147e+00
 28  0.28718 -1.74915e+00 | 29 -0.09317  5.11886e-01 | 30 -0.25538 -1.23889e+00
 31 -0.18936  3.38068e-01 | 32 -0.37234 -2.95049e-01 | 33  0.22607  1.52020e+00
 34 -0.10155  1.76276e+00 | 35 -0.00991  3.74267e+00 | 36  0.01806 -1.05903e+00
 37 -0.11380  1.40106e+00 | 38  0.44879  8.51016e-01 | 39 -0.16305 -6.01667e-01
 40  0.49901  2.28295e-01 | 41 -0.25145 -1.96819e+00 | 42  0.06154  7.13467e+00
 43 -0.23179 -6.13452e+00 | 44  0.09868 -1.08145e+00 | 45 -0.15549  1.16879e-01

Intermediate statistics: 45 variables; iteration 20; function evaluation 23; phase 4
Function value 3.1044396e+03; maximum gradient component mag 1.4736e+01
Var    Value     Gradient |Var    Value     Gradient |Var    Value     Gradient
  1 -0.26558  1.47356e+01 |  2  0.06050 -1.28496e+00 |  3 -0.12195 -1.01655e+00
  4 -0.02916  1.77619e-01 |  5 -0.45079 -1.38517e-01 |  6  0.02062  4.07253e+00
  7  0.07398  1.89637e+00 |  8  0.01674  1.91746e+00 |  9 -0.07742  3.68294e-01
 10  0.09208 -3.01553e-01 | 11 -0.14939 -1.06204e+01 | 12 -0.10099  1.89918e-01
 13  0.10203  3.68192e-04 | 14  0.20945 -1.29747e+00 | 15 -0.16634  2.15470e+00
 16 -0.15611 -7.70326e-02 | 17 -0.25465 -1.12897e+00 | 18 -0.69962 -3.63482e-02
 19 -0.30061 -2.20715e-01 | 20  0.24402  1.91133e-02 | 21 -0.16135 -1.54040e-01
 22  0.44885  2.89563e-03 | 23  0.13881  5.99934e-01 | 24 -0.20268 -4.97605e-01
 25  0.33245 -1.16316e+00 | 26 -0.17990  1.43408e-01 | 27 -0.19925 -8.97524e-01
 28  0.28912 -1.70012e+00 | 29 -0.09225  4.99704e+00 | 30 -0.23358  2.38202e-03
 31 -0.18784  2.24135e+00 | 32 -0.37141 -1.26674e+00 | 33  0.21916  3.22695e-01
 34 -0.09802  1.86569e-01 | 35 -0.00927  4.00181e+00 | 36  0.01786 -1.30923e+00
 37 -0.11487  1.33681e+00 | 38  0.44283  5.22805e-01 | 39 -0.16726 -1.00649e+00
 40  0.50640 -8.84311e-01 | 41 -0.24946  3.43480e+00 | 42  0.06072 -4.75029e+00
 43 -0.23196  6.24561e+00 | 44  0.11049 -4.96304e-01 | 45 -0.14642  8.03811e-01
45 variables; iteration 40; function evaluation 46; phase 4
Function value 3.1043735e+03; maximum gradient component mag -1.7330e+00
Var    Value     Gradient |Var    Value     Gradient |Var    Value     Gradient
  1 -0.26476  6.62899e-02 |  2  0.05601 -6.79660e-01 |  3 -0.11735 -2.00979e-01
  4 -0.03085 -5.20660e-01 |  5 -0.44999 -2.55059e-01 |  6  0.01668 -3.30077e-01
  7  0.07521 -7.76011e-01 |  8  0.01241 -1.51353e-01 |  9 -0.07575  4.21243e-02
 10  0.09056 -2.71891e-01 | 11 -0.14908 -8.84120e-01 | 12 -0.10358 -8.15520e-02
 13  0.10250  2.54779e-02 | 14  0.21089  5.78395e-01 | 15 -0.16590 -4.99510e-01
 16 -0.15044  1.47466e-01 | 17 -0.24978  3.30357e-01 | 18 -0.67300 -2.72582e-02
 19 -0.30169  2.42118e-02 | 20  0.24533 -6.34461e-02 | 21 -0.16096  4.79586e-02
 22  0.44419  2.86023e-03 | 23  0.13794 -1.47572e-01 | 24 -0.20282  2.19932e-01
 25  0.33693 -1.20437e+00 | 26 -0.17798  1.62818e+00 | 27 -0.12672 -3.33279e-01
 28  0.29120  6.63216e-02 | 29 -0.09208 -8.00645e-01 | 30 -0.22902  1.79936e-02
 31 -0.18713 -1.41571e-01 | 32 -0.36893  1.63472e-01 | 33  0.20216  6.17598e-01
 34 -0.08560  8.60334e-01 | 35 -0.01096 -9.51810e-01 | 36  0.01718 -2.47806e-01
 37 -0.11668 -7.11389e-01 | 38  0.44739  2.50797e-02 | 39 -0.16479  3.57159e-02
 40  0.54898 -2.43055e-01 | 41 -0.24257  9.97628e-01 | 42  0.06187  1.64238e+00
 43 -0.23153 -1.73300e+00 | 44  0.10702  9.19422e-02 | 45 -0.14974 -5.72217e-01
45 variables; iteration 60; function evaluation 84; phase 4
Function value 3.1034722e+03; maximum gradient component mag 1.0966e+02
Var    Value     Gradient |Var    Value     Gradient |Var    Value     Gradient
  1 -0.26373  1.09664e+02 |  2  0.05320 -2.96910e+01 |  3 -0.11746 -1.09711e+01
  4 -0.02929 -7.43719e+00 |  5 -0.45344 -7.05946e+00 |  6  0.01529  1.56990e+01
  7  0.07906  1.53719e+00 |  8  0.00587 -6.33585e-01 |  9 -0.07763 -7.06750e-01
 10  0.08795  3.60468e+00 | 11 -0.14968 -7.64649e+01 | 12 -0.09683  5.68009e-01
 13  0.13018  1.49124e+00 | 14  0.21920 -6.31833e+00 | 15 -0.16151  1.14621e+01
 16 -0.17592 -1.40114e+00 | 17 -0.26070 -7.79015e+00 | 18 -0.72801  4.48163e-01
 19 -0.30640 -5.77603e+00 | 20  0.24473 -2.02072e-01 | 21 -0.16212  3.06443e+01
 22 -0.40208  2.14015e+01 | 23  0.11671  4.49622e+00 | 24 -0.22880 -8.96253e+00
 25  0.34799 -3.30080e+01 | 26 -0.17506  8.62526e+00 | 27  2.48703  1.49856e+01
 28  0.29811 -4.33691e+00 | 29 -0.08878  1.71987e+01 | 30 -0.21909  1.93727e-01
 31 -0.16681 -1.36707e+00 | 32 -0.35215 -2.18236e+00 | 33 -0.02955  3.39914e+00
 34 -0.04588 -3.39468e+01 | 35  0.00051  1.19307e+01 | 36  0.01083 -1.30624e+01
 37 -0.14758 -3.30475e+00 | 38  0.50527  9.05626e-01 | 39 -0.13854  1.73135e+00
 40  0.74027  1.10670e+00 | 41 -0.22227 -1.10169e+01 | 42  0.06997 -1.37519e+01
 43 -0.22348  2.54044e+01 | 44  0.10141 -4.33973e+00 | 45 -0.15205  4.30559e+00
45 variables; iteration 80; function evaluation 105; phase 4
Function value 3.0984569e+03; maximum gradient component mag -8.6487e+00
Var    Value     Gradient |Var    Value     Gradient |Var    Value     Gradient
  1 -0.27638 -8.64874e+00 |  2  0.09892  2.91742e+00 |  3 -0.15324  1.14803e+00
  4 -0.01870  8.94553e-01 |  5 -0.45701  6.42025e-01 |  6  0.02482 -4.58837e-01
  7  0.06972  3.94314e-02 |  8  0.02962  6.47982e-03 |  9 -0.08587  1.64731e-01
 10  0.08733  5.23618e-02 | 11 -0.15832  6.56402e+00 | 12 -0.10842  4.26358e-03
 13  0.10171 -8.46202e-03 | 14  0.20576 -7.80191e-01 | 15 -0.16728 -8.09632e-04
 16 -0.19050 -3.19176e-01 | 17 -0.24968  2.39742e-01 | 18 -0.67040  3.75447e-02
 19 -0.30369  3.03026e-01 | 20  0.25456  1.66827e+00 | 21 -0.16325 -2.70631e+00
 22 -0.50468  5.71502e-01 | 23  0.13562 -9.29397e-02 | 24 -0.20256  3.20191e-01
 25  0.31481 -7.85438e-02 | 26 -0.18597 -6.73954e-01 | 27  2.24853  4.79539e-01
 28  0.27686  2.80207e-01 | 29 -0.09569 -7.91990e-01 | 30 -0.26788  1.10319e-01
 31 -0.14959  9.93385e-01 | 32 -0.32198  5.09393e-01 | 33 -0.11550  1.42300e+00
 34 -0.03756  1.52551e+00 | 35 -0.01551 -5.91547e-01 | 36  0.01542  8.57477e-01
 37 -0.10783  3.45714e-01 | 38  0.41571 -3.79431e-01 | 39 -0.17641  2.02545e-01
 40  0.39762  3.97112e-01 | 41 -0.27401 -5.54607e+00 | 42  0.04988  5.60405e-01
 43 -0.23960 -1.38546e+00 | 44  0.09269  2.89295e-01 | 45 -0.15864 -2.70955e-01

 - final statistics:
45 variables; iteration 98; function evaluation 127
Function value 3.0984e+03; maximum gradient component mag -7.1758e-05
Exit code = 1;  converg criter 1.0000e-04
Var    Value     Gradient |Var    Value     Gradient |Var    Value     Gradient
  1 -0.27462  5.35558e-05 |  2  0.09338 -2.19531e-05 |  3 -0.14925 -9.43814e-06
  4 -0.02021 -3.10753e-06 |  5 -0.45640 -1.69538e-05 |  6  0.02161  1.13068e-06
  7  0.07067  2.21958e-06 |  8  0.02769  3.25876e-06 |  9 -0.08495 -7.39808e-07
 10  0.08639 -1.30498e-05 | 11 -0.15751 -2.87443e-05 | 12 -0.10796  1.35654e-06
 13  0.10185  2.66312e-06 | 14  0.20782 -1.07502e-06 | 15 -0.16653  9.69086e-07
 16 -0.18504 -9.12131e-07 | 17 -0.25091 -9.62880e-06 | 18 -0.67745  1.53140e-06
 19 -0.30330 -3.29578e-06 | 20  0.25564 -7.17585e-05 | 21 -0.16267  4.99186e-05
 22 -0.50499 -8.05662e-06 | 23  0.13560  3.02253e-06 | 24 -0.20334 -5.80398e-06
 25  0.31874  3.56449e-06 | 26 -0.18445  7.14306e-06 | 27  2.21557  1.07393e-06
 28  0.27960  4.87715e-07 | 29 -0.09501  1.60320e-05 | 30 -0.26576  9.30496e-06
 31 -0.14698  6.42330e-05 | 32 -0.31928 -2.70567e-05 | 33 -0.13446  3.91920e-06
 34 -0.03705  6.80399e-05 | 35 -0.01475  1.19274e-05 | 36  0.01481 -4.54984e-06
 37 -0.10996  3.52147e-06 | 38  0.42212 -1.14441e-06 | 39 -0.17387  1.32619e-06
 40  0.43286 -5.95646e-06 | 41 -0.26418  1.07443e-05 | 42  0.05330 -2.18994e-05
 43 -0.23691  3.50100e-05 | 44  0.09473 -6.98510e-06 | 45 -0.15715  9.15362e-06
Estimating row 1 out of 45 for hessian
Estimating row 2 out of 45 for hessian
Estimating row 3 out of 45 for hessian
Estimating row 4 out of 45 for hessian
Estimating row 5 out of 45 for hessian
Estimating row 6 out of 45 for hessian
Estimating row 7 out of 45 for hessian
Estimating row 8 out of 45 for hessian
Estimating row 9 out of 45 for hessian
Estimating row 10 out of 45 for hessian
Estimating row 11 out of 45 for hessian
Estimating row 12 out of 45 for hessian
Estimating row 13 out of 45 for hessian
Estimating row 14 out of 45 for hessian
Estimating row 15 out of 45 for hessian
Estimating row 16 out of 45 for hessian
Estimating row 17 out of 45 for hessian
Estimating row 18 out of 45 for hessian
Estimating row 19 out of 45 for hessian
Estimating row 20 out of 45 for hessian
Estimating row 21 out of 45 for hessian
Estimating row 22 out of 45 for hessian
Estimating row 23 out of 45 for hessian
Estimating row 24 out of 45 for hessian
Estimating row 25 out of 45 for hessian
Estimating row 26 out of 45 for hessian
Estimating row 27 out of 45 for hessian
Estimating row 28 out of 45 for hessian
Estimating row 29 out of 45 for hessian
Estimating row 30 out of 45 for hessian
Estimating row 31 out of 45 for hessian
Estimating row 32 out of 45 for hessian
Estimating row 33 out of 45 for hessian
Estimating row 34 out of 45 for hessian
Estimating row 35 out of 45 for hessian
Estimating row 36 out of 45 for hessian
Estimating row 37 out of 45 for hessian
Estimating row 38 out of 45 for hessian
Estimating row 39 out of 45 for hessian
Estimating row 40 out of 45 for hessian
Estimating row 41 out of 45 for hessian
Estimating row 42 out of 45 for hessian
Estimating row 43 out of 45 for hessian
Estimating row 44 out of 45 for hessian
Estimating row 45 out of 45 for hessian
size of file gradfil1.tmp = 0
size of file gradfil2.tmp = 0
size of file varssave.tmp = 0
size of file cmpdiff.tmp = 800000032
