
Initial statistics: 3 variables; iteration 0; function evaluation 0; phase 1
Function value 3.6084825e+03; maximum gradient component mag 1.0061e+02
Var    Value     Gradient |Var    Value     Gradient |Var    Value     Gradient
  1  0.12819  1.00611e+02 |  2 -0.26198 -6.59387e+00 |  3 -0.12819 -2.85576e+01

 - final statistics:
3 variables; iteration 4; function evaluation 10
Function value 3.6014e+03; maximum gradient component mag 4.5909e+00
Exit code = 1;  converg criter 1.0000e+01
Var    Value     Gradient |Var    Value     Gradient |Var    Value     Gradient
  1  0.06068  4.59089e+00 |  2 -0.18059  3.39070e+00 |  3  0.09009 -4.90793e-01

Initial statistics: 13 variables; iteration 0; function evaluation 0; phase 2
Function value 3.6013957e+03; maximum gradient component mag -9.5011e+02
Var    Value     Gradient |Var    Value     Gradient |Var    Value     Gradient
  1 -0.22556 -3.51284e+02 |  2  0.00000 -3.97728e+02 |  3 -0.12819 -3.63055e+02
  4  0.03352  7.66177e+01 |  5 -0.28197  1.13382e+02 |  6  0.00000 -1.75555e+02
  7  0.11199 -9.50109e+02 |  8 -0.16086 -2.32703e+02 |  9  0.00000 -5.30399e+01
 10 -0.21635 -3.99905e+01 | 11  0.06068  4.59089e+00 | 12 -0.18059  3.39070e+00
 13  0.09009 -4.90793e-01 |

Intermediate statistics: 13 variables; iteration 20; function evaluation 30; phase 2
Function value 3.5363602e+03; maximum gradient component mag 5.7215e+01
Var    Value     Gradient |Var    Value     Gradient |Var    Value     Gradient
  1 -0.12062  2.31473e+01 |  2  0.04186  1.24008e+01 |  3 -0.06322  1.85269e+01
  4 -0.03713  1.10829e+01 |  5 -0.43728  4.08761e+00 |  6  0.00170  1.12297e+01
  7  0.12255  5.72148e+01 |  8 -0.15930  1.31454e+01 |  9  0.00139  8.75283e+00
 10 -0.00947  4.94552e+00 | 11  0.56621 -6.80639e+00 | 12 -0.16047  1.09341e+00
 13  0.15987  2.80071e+00 |

 - final statistics:
13 variables; iteration 23; function evaluation 33
Function value 3.5352e+03; maximum gradient component mag -8.3518e+00
Exit code = 1;  converg criter 1.0000e+01
Var    Value     Gradient |Var    Value     Gradient |Var    Value     Gradient
  1 -0.11142  6.72638e+00 |  2  0.04954 -2.28652e+00 |  3 -0.07467 -2.96631e+00
  4 -0.03672 -1.74942e+00 |  5 -0.43860 -1.83567e-01 |  6 -0.00674 -1.71156e+00
  7  0.11878 -8.35184e+00 |  8 -0.15025 -1.51368e+00 |  9 -0.00526 -1.43769e+00
 10 -0.00914 -5.91120e-01 | 11  0.90098 -8.61285e-01 | 12 -0.17143 -1.91362e-01
 13  0.09196 -5.93290e-01 |

Initial statistics: 40 variables; iteration 0; function evaluation 0; phase 3
Function value 3.5351964e+03; maximum gradient component mag 1.5306e+03
Var    Value     Gradient |Var    Value     Gradient |Var    Value     Gradient
  1 -0.11142  6.72638e+00 |  2  0.04954 -2.28652e+00 |  3 -0.07467 -2.96631e+00
  4 -0.03672 -1.74942e+00 |  5 -0.43860 -1.83567e-01 |  6 -0.00674 -1.71156e+00
  7  0.11878 -8.35184e+00 |  8 -0.15025 -1.51368e+00 |  9 -0.00526 -1.43769e+00
 10 -0.00914 -5.91120e-01 | 11  0.90098 -8.61285e-01 | 12 -0.17143 -1.91362e-01
 13  0.09196 -5.93290e-01 | 14 -0.11760 -3.90559e+02 | 15 -0.33425  1.75724e+02
 16 -0.10028  1.58934e+02 | 17 -0.45481 -1.00058e+02 | 18  0.25350  4.33050e+02
 19 -0.21710 -7.41440e+02 | 20 -0.11760 -6.16873e+01 | 21 -0.33425  2.63382e+01
 22 -0.11760 -3.55337e+02 | 23 -0.33425  1.52545e+02 | 24 -0.11760 -1.18758e+02
 25 -0.33425 -5.92572e+00 | 26  0.02302  1.53065e+03 | 27 -0.31415 -1.10917e+03
 28  0.53959  1.12741e+01 | 29 -0.62714  5.15088e-04 | 30  0.00000  5.60774e+02
 31 -0.21635 -3.49425e+02 | 32  0.16024  6.76280e+01 | 33 -0.12294 -5.55588e+01
 34 -0.16953  3.38382e+01 | 35 -0.10028 -1.16372e+02 | 36 -0.34608  9.79440e+01
 37 -0.03900  2.12757e+02 | 38 -0.33425 -1.19771e+02 | 39  0.02302 -5.78485e+01
 40 -0.16953  6.12803e+01 |

Intermediate statistics: 40 variables; iteration 20; function evaluation 31; phase 3
Function value 3.1642473e+03; maximum gradient component mag -3.3377e+02
Var    Value     Gradient |Var    Value     Gradient |Var    Value     Gradient
  1  0.03730  1.79695e+02 |  2  0.01832 -1.35090e+02 |  3 -0.11527 -1.09007e+02
  4 -0.03864 -5.57427e+01 |  5 -0.42831 -1.80281e+01 |  6 -0.16198  4.15873e+01
  7  0.05997 -3.33773e+02 |  8  0.02358 -8.39607e+01 |  9 -0.08261 -2.69890e+01
 10  0.12296 -4.07782e+00 | 11  0.87180  5.80143e-01 | 12 -0.17063  2.49644e-01
 13  0.10250  4.34426e-02 | 14  0.06153 -6.76637e+01 | 15 -0.26613 -3.17940e+00
 16 -0.63520 -2.25620e+01 | 17 -0.38082  1.93697e+01 | 18  0.35288  3.97696e+01
 19 -0.14451 -5.45820e+01 | 20  0.21278  8.68356e+00 | 21 -0.19918 -1.72509e+01
 22  0.27697 -6.27692e+01 | 23 -0.19072  9.55952e+01 | 24  0.26745 -2.37324e+01
 25 -0.11482 -5.14991e+00 | 26 -0.20734  6.58071e+01 | 27 -0.50711 -4.63148e+01
 28  0.45777 -6.67932e+00 | 29 -0.62706 -6.52581e-03 | 30  0.05571 -5.34043e+01
 31  0.04436  5.65479e+00 | 32 -0.29089 -2.00863e+01 | 33  0.40655 -3.14486e-02
 34 -0.19561 -8.86334e+00 | 35  0.27488 -8.43363e+01 | 36 -0.27545  1.75196e+02
 37  0.04564 -9.76089e+01 | 38 -0.24636  1.16393e+02 | 39  0.14150  3.13692e+01
 40 -0.16006 -5.20838e+01 |
40 variables; iteration 40; function evaluation 58; phase 3
Function value 3.1384527e+03; maximum gradient component mag 3.2132e+02
Var    Value     Gradient |Var    Value     Gradient |Var    Value     Gradient
  1 -0.00228  3.21318e+02 |  2  0.02904 -2.24414e+00 |  3 -0.12072  9.04037e+00
  4 -0.00810  9.96193e+00 |  5 -0.41422  1.02478e+01 |  6 -0.13109  6.66347e+01
  7  0.07351  4.00886e+01 |  8  0.02767  1.61867e+01 |  9 -0.13852 -4.46944e+01
 10  0.05589 -1.50912e+01 | 11  0.32495 -3.94981e+01 | 12 -0.08090  8.17044e+00
 13  0.06207 -2.53794e+00 | 14  0.12766 -1.00553e+02 | 15 -0.20686  1.06870e+02
 16 -0.21633 -4.30890e+01 | 17 -0.37690  3.84108e+01 | 18  0.29027  4.56799e+01
 19 -0.17233 -1.15049e+02 | 20  0.14718 -4.04091e+00 | 21 -0.23211 -5.05387e+00
 22  0.28991 -2.26678e+01 | 23 -0.19760  1.16885e+01 | 24  0.27279 -8.50850e+01
 25 -0.10375  1.66968e+02 | 26 -0.21284  1.99992e+01 | 27 -0.48380 -2.88744e+01
 28  0.48764 -3.16396e+00 | 29 -0.62181 -5.68644e-03 | 30  0.20392  2.46794e+01
 31  0.22240  1.79363e+01 | 32 -0.72167 -3.23656e-01 | 33  0.45869 -2.25694e+01
 34 -0.12719  5.05821e+01 | 35  0.27686 -3.00566e+01 | 36 -0.31638  1.45421e+01
 37  0.03055 -9.84212e+01 | 38 -0.26533  5.25310e+01 | 39  0.19390 -9.90735e+00
 40 -0.09995  1.81620e+01 |
40 variables; iteration 60; function evaluation 80; phase 3
Function value 3.1003375e+03; maximum gradient component mag 2.2403e+01
Var    Value     Gradient |Var    Value     Gradient |Var    Value     Gradient
  1 -0.15887  1.25726e+01 |  2  0.01661 -1.05674e+00 |  3 -0.09670 -2.36277e-01
  4 -0.03910 -1.21973e+00 |  5 -0.42652  1.20089e+00 |  6 -0.07315  9.99044e-01
  7  0.08002  2.85425e+00 |  8  0.00588  4.35105e-01 |  9 -0.07479 -7.54474e-01
 10  0.06185  9.35921e-01 | 11  0.03125 -6.24163e+00 | 12 -0.24422  3.20101e-02
 13  0.08910 -3.72409e-01 | 14  0.22844 -7.49116e-02 | 15 -0.16341 -2.87278e-01
 16 -0.24899  7.30228e-01 | 17 -0.64715  3.70564e-01 | 18  0.29232 -1.15327e+00
 19 -0.15327  3.97344e+00 | 20  0.19643  1.53891e+00 | 21 -0.18260 -1.03195e+00
 22  0.34458 -1.28235e+00 | 23 -0.17897 -1.10005e+00 | 24  0.36946  9.38070e-01
 25 -0.07842 -7.85402e-01 | 26 -0.18145 -5.48385e+00 | 27 -0.35666  3.51161e+00
 28  0.36924  1.38924e+00 | 29 -0.39069 -4.33027e-03 | 30  0.00295  9.76462e+00
 31  0.02227 -1.03242e-01 | 32 -0.10585  6.10453e+00 | 33  0.51294  1.91930e+00
 34 -0.13680 -1.12402e+00 | 35  0.51335 -4.91860e+00 | 36 -0.24992  2.24035e+01
 37  0.08206  7.57107e+00 | 38 -0.21964 -6.33921e+00 | 39  0.10120 -2.57220e+00
 40 -0.15145  2.91972e+00 |
Maximum number of function evaluations exceeded

 - final statistics:
40 variables; iteration 76; function evaluation 100
Function value 3.1000e+03; maximum gradient component mag 4.5775e+00
Exit code = 3;  converg criter 1.0000e+00
Var    Value     Gradient |Var    Value     Gradient |Var    Value     Gradient
  1 -0.16500 -2.78603e+00 |  2  0.01841  1.55454e+00 |  3 -0.09730  6.68410e-01
  4 -0.03888  3.46587e-01 |  5 -0.42725  5.14396e-01 |  6 -0.06763  6.12260e-01
  7  0.08094  2.99105e+00 |  8  0.00280  4.78518e-01 |  9 -0.07276  9.11297e-02
 10  0.06011  4.49147e-01 | 11  0.02437  9.96988e-01 | 12 -0.24641  2.22031e-02
 13  0.09399 -6.10804e-02 | 14  0.22959  1.87041e+00 | 15 -0.16268 -2.67675e+00
 16 -0.25727 -1.79252e-01 | 17 -0.69067  1.58622e-01 | 18  0.29047  8.19341e-01
 19 -0.15383 -1.02292e+00 | 20  0.18458  8.50806e-02 | 21 -0.18801  2.39159e-01
 22  0.35258  2.76967e+00 | 23 -0.17535 -2.14424e+00 | 24  0.36009 -6.23889e-01
 25 -0.08004  1.34165e+00 | 26 -0.18010  4.57747e+00 | 27 -0.36087 -1.61684e+00
 28  0.29363  2.40279e+00 | 29 -0.09306  8.62952e-01 | 30  0.00844  2.07746e+00
 31  0.02622 -1.67032e-01 | 32 -0.13397  4.35209e-01 | 33  0.44253 -6.63419e-01
 34 -0.16674  5.45784e-02 | 35  0.52931 -2.90716e-01 | 36 -0.24950 -9.98825e-01
 37  0.07665 -1.06435e+00 | 38 -0.22286  5.76111e-01 | 39  0.09783 -6.20919e-01
 40 -0.15429  9.17894e-01 |

Initial statistics: 97 variables; iteration 0; function evaluation 0; phase 4
Function value 3.1000169e+03; maximum gradient component mag -5.7036e+02
Var    Value     Gradient |Var    Value     Gradient |Var    Value     Gradient
  1 -0.16500 -2.78603e+00 |  2  0.01841  1.55454e+00 |  3 -0.09730  6.68410e-01
  4 -0.03888  3.46587e-01 |  5 -0.42725  5.14396e-01 |  6 -0.06763  6.12260e-01
  7  0.08094  2.99105e+00 |  8  0.00280  4.78518e-01 |  9 -0.07276  9.11297e-02
 10  0.06011  4.49147e-01 | 11  0.02437  9.96988e-01 | 12  0.00000 -1.15721e+01
 13  0.00000 -1.75522e+01 | 14  0.00000 -2.10635e+01 | 15  0.00000 -1.37870e+01
 16  0.00000 -6.69195e+00 | 17  0.00000 -1.71358e+01 | 18  0.00000 -3.72692e+01
 19  0.00000 -5.17717e+01 | 20  0.00000  1.97941e+01 | 21  0.00000  9.20043e+01
 22  0.00000  6.21749e+01 | 23  0.00000 -3.01826e+01 | 24  0.00000  8.61015e+01
 25  0.00000  1.85682e+02 | 26  0.00000  1.87329e+02 | 27  0.00000 -4.45288e+01
 28  0.00000 -3.49848e+02 | 29  0.00000 -2.45486e+01 | 30  0.00000  2.22945e+01
 31  0.00000  1.48629e+01 | 32  0.00000 -2.61654e+01 | 33  0.00000 -2.44570e+01
 34  0.00000  2.63806e+01 | 35  0.00000  3.16487e+01 | 36  0.00000  5.73701e+01
 37  0.00000  5.43927e+00 | 38  0.00000  8.28926e+01 | 39  0.00000  9.19026e+01
 40  0.00000  1.45997e+02 | 41  0.00000  1.35011e+02 | 42  0.00000 -1.66599e+02
 43  0.00000 -5.70359e+02 | 44  0.00000 -8.26498e+01 | 45  0.00000  4.45530e+01
 46  0.00000  9.28173e+01 | 47  0.00000 -4.86377e+01 | 48  0.00000  1.30109e+02
 49  0.00000  1.94270e+02 | 50  0.00000  1.98085e+02 | 51  0.00000  1.05247e+02
 52  0.00000  8.38957e+01 | 53  0.00000 -1.15690e+02 | 54  0.00000 -1.85537e+02
 55  0.00000 -3.19688e+01 | 56  0.00000 -1.34765e+02 | 57  0.00000 -1.90711e+02
 58  0.00000 -3.02443e+01 | 59  0.00000 -6.82160e+01 | 60  0.00000  3.18796e+01
 61  0.00000  6.21864e+01 | 62  0.00000  1.05227e+02 | 63  0.00000  7.62460e+01
 64  0.00000  2.25359e+01 | 65  0.00000 -2.93674e+01 | 66  0.00000  2.84400e+01
 67  0.00000 -9.22866e-02 | 68  0.00000 -7.40334e+00 | 69 -0.24641  2.22031e-02
 70  0.09399 -6.10804e-02 | 71  0.22959  1.87041e+00 | 72 -0.16268 -2.67675e+00
 73 -0.25727 -1.79252e-01 | 74 -0.69067  1.58622e-01 | 75  0.29047  8.19341e-01
 76 -0.15383 -1.02292e+00 | 77  0.18458  8.50806e-02 | 78 -0.18801  2.39159e-01
 79  0.35258  2.76967e+00 | 80 -0.17535 -2.14424e+00 | 81  0.36009 -6.23889e-01
 82 -0.08004  1.34165e+00 | 83 -0.18010  4.57747e+00 | 84 -0.36087 -1.61684e+00
 85  0.29363  2.40279e+00 | 86 -0.09306  8.62952e-01 | 87  0.00844  2.07746e+00
 88  0.02622 -1.67032e-01 | 89 -0.13397  4.35209e-01 | 90  0.44253 -6.63419e-01
 91 -0.16674  5.45784e-02 | 92  0.52931 -2.90716e-01 | 93 -0.24950 -9.98825e-01
 94  0.07665 -1.06435e+00 | 95 -0.22286  5.76111e-01 | 96  0.09783 -6.20919e-01
 97 -0.15429  9.17894e-01 |

Intermediate statistics: 97 variables; iteration 20; function evaluation 29; phase 4
Function value 2.6503840e+03; maximum gradient component mag -2.2153e+02
Var    Value     Gradient |Var    Value     Gradient |Var    Value     Gradient
  1 -0.25125 -2.21525e+02 |  2  0.00140  1.55183e+02 |  3 -0.01238  1.39186e+02
  4  0.03992  1.08735e+02 |  5 -0.38430  8.19587e+01 |  6  0.04344 -2.65241e+01
  7  0.09700  1.32421e+02 |  8 -0.06095  4.48440e+01 |  9  0.09896  1.71041e+01
 10 -0.07094  2.73068e+01 | 11 -0.10533  1.61742e+02 | 12  0.04984  1.24730e+01
 13  0.07589  1.45487e+01 | 14  0.10977  1.56658e+01 | 15  0.04165  1.02878e+01
 16 -0.00530  6.10416e+00 | 17  0.05069  2.56153e+00 | 18 -0.01908 -3.15925e-01
 19  0.15822 -1.39800e+00 | 20 -0.09970 -1.71525e+00 | 21 -0.08003  7.49788e+00
 22 -0.04659  1.50322e+01 | 23  0.10203  2.69240e+01 | 24 -0.04517  1.98129e+01
 25 -0.12813  2.97921e+01 | 26 -0.16912  2.63650e+01 | 27 -0.23079  2.12670e+00
 28  0.25089 -1.93829e+01 | 29 -0.27480 -4.27314e+00 | 30  0.02556  1.79894e+01
 31  0.00066  1.64673e+01 | 32  0.03076  1.12369e+01 | 33  0.02213  8.03081e+00
 34 -0.05920  6.62145e+00 | 35 -0.01556  1.15618e+01 | 36 -0.18442  7.17732e+00
 37  0.01539  2.04125e+01 | 38 -0.19023  1.75645e+00 | 39 -0.09039 -6.80991e-01
 40 -0.19284 -3.16416e+00 | 41 -0.22967 -3.92668e+00 | 42 -0.36891 -1.55137e+01
 43  0.43192  1.46810e+02 | 44 -0.23187 -1.14945e+01 | 45  0.02060  7.00399e+00
 46 -0.11706 -3.39359e-01 | 47  0.07115 -4.83329e+01 | 48 -0.15178  7.86237e-01
 49 -0.30424  5.97776e+00 | 50 -0.33168  7.79914e+00 | 51 -0.10340  1.08029e+01
 52 -0.15195  6.19000e+00 | 53  0.09863 -1.66670e+01 | 54  0.13215 -6.46495e+01
 55 -0.01912 -7.59108e+00 | 56  0.12182 -3.28955e+01 | 57  0.18057 -6.18226e+01
 58 -0.06921 -5.72139e+00 | 59  0.11548  1.30409e+01 | 60 -0.02503  5.47317e+00
 61 -0.07225  5.49144e+00 | 62 -0.22435  6.20407e+00 | 63 -0.13311  9.10071e+00
 64 -0.05069  2.61636e-01 | 65  0.03608 -5.87906e+00 | 66 -0.11522  1.36389e+00
 67  0.00818  1.28024e+00 | 68  0.11131  1.29589e-01 | 69 -0.21680  2.88323e+00
 70 -0.06598  2.40002e+00 | 71  0.10505  1.88595e+01 | 72 -0.21521 -4.00424e+01
 73 -0.25992  3.91608e+00 | 74 -0.69304 -3.23889e-01 | 75  0.27066 -1.33269e+01
 76 -0.14893  5.23798e+01 | 77  0.19264  6.71924e+00 | 78 -0.17004 -8.83886e+00
 79  0.34739  1.71011e+01 | 80 -0.16141 -1.10436e+01 | 81  0.18221  1.24905e+01
 82 -0.11872 -4.61089e+01 | 83 -0.17710  1.15600e+02 | 84 -0.40861 -4.35355e+01
 85  0.12655  1.80079e+01 | 86 -0.09250  1.05916e+01 | 87 -0.00349  2.60314e+01
 88 -0.00799 -1.36559e+01 | 89 -0.13959  4.76900e+00 | 90  0.45503  5.50192e+00
 91 -0.15415 -7.63582e+00 | 92  0.49313 -2.80418e+01 | 93 -0.19857  1.68387e+02
 94 -0.03542  3.83224e+00 | 95 -0.32235 -2.20654e+01 | 96  0.05634  4.96461e+01
 97 -0.21034 -4.41336e+01 |
97 variables; iteration 40; function evaluation 51; phase 4
Function value 2.6315911e+03; maximum gradient component mag 1.2949e+02
Var    Value     Gradient |Var    Value     Gradient |Var    Value     Gradient
  1 -0.21104 -1.10901e+02 |  2 -0.03561  3.97308e+01 |  3 -0.01226  5.20617e+01
  4 -0.00481  4.16885e+01 |  5 -0.39719 -1.79065e+00 |  6 -0.01343 -2.93999e+01
  7  0.11770  1.29486e+02 |  8 -0.11023  4.06837e+01 |  9  0.16674  3.36404e+01
 10 -0.18014  1.46438e+00 | 11 -0.04574  8.40401e+01 | 12  0.01620 -1.65234e-01
 13  0.04089 -1.10959e+00 | 14  0.10342 -3.39652e+00 | 15  0.00847 -1.95287e+00
 16 -0.05278 -1.62405e+00 | 17  0.06286  1.79173e+00 | 18 -0.07292 -1.21180e+00
 19  0.15535  1.62081e+01 | 20 -0.10355  2.17723e+00 | 21 -0.10351  5.11698e+00
 22 -0.06915  8.05430e+00 | 23  0.08606  1.37471e+01 | 24 -0.06824  7.58056e+00
 25 -0.15385  1.73116e+01 | 26 -0.20335  1.45489e+01 | 27 -0.26921 -4.33269e+00
 28  0.23938 -5.32711e+00 | 29 -0.27071 -3.29654e+00 | 30  0.00902  1.02459e+01
 31 -0.01952  1.18284e+01 | 32  0.03662  2.88701e+01 | 33  0.03218  2.65962e+01
 34 -0.07010  7.19066e+00 | 35 -0.01889  7.98905e+00 | 36 -0.18432  4.11681e+00
 37  0.01445  8.10284e+00 | 38 -0.17591  2.21737e+00 | 39 -0.09076 -7.84077e-01
 40 -0.17673  2.64546e+00 | 41 -0.20702  2.51563e+00 | 42 -0.36205 -1.55966e+01
 43  0.40476  6.19703e+01 | 44 -0.20175 -7.76273e+00 | 45  0.01409  1.12918e+01
 46 -0.10921  4.67126e+00 | 47  0.07797 -2.08194e+01 | 48 -0.15682 -3.32721e-01
 49 -0.29796  8.08604e+00 | 50 -0.34312  7.06807e+00 | 51 -0.12273  6.64515e-01
 52 -0.16182 -2.15909e+00 | 53  0.08655 -2.57685e+01 | 54  0.14758 -3.58747e+01
 55 -0.01614 -3.70107e+00 | 56  0.13903 -1.90764e+00 | 57  0.21706 -5.75474e+00
 58 -0.05955 -1.08489e+00 | 59  0.08579 -6.39866e+00 | 60 -0.01045  7.52865e+00
 61 -0.07913  5.15070e-01 | 62 -0.21617  5.55914e+00 | 63 -0.15089  3.20950e+00
 64 -0.05119  1.98601e+00 | 65  0.01546 -1.32739e+01 | 66 -0.12753  1.06582e+00
 67 -0.01869 -2.00729e+00 | 68  0.10342 -6.60610e-01 | 69 -0.28903 -5.44379e+00
 70 -0.11583 -1.11431e+00 | 71  0.15483  3.64751e+01 | 72 -0.19064 -7.48201e+01
 73 -0.27553 -6.34951e+00 | 74 -0.80019  4.09389e-01 | 75  0.29382 -8.77839e+00
 76 -0.14653  3.18539e+01 | 77  0.59498 -1.74120e+00 | 78 -0.03562  1.58531e+01
 79  0.33945 -2.60465e+00 | 80 -0.17119  1.07878e+00 | 81  0.22377  2.67979e+01
 82 -0.11050 -9.90381e+01 | 83 -0.13329  4.98724e+01 | 84 -0.32370 -2.23782e+01
 85 -0.13769  2.45895e+00 | 86 -0.05554  2.89957e+01 | 87 -0.00975  1.33891e+01
 88 -0.00002  2.63871e+00 | 89 -0.12042  8.06279e+00 | 90  0.98187 -7.71899e-02
 91 -0.04268  2.78675e+01 | 92  0.50750 -1.39252e+00 | 93 -0.23689  1.14929e+01
 94 -0.01952  9.91810e+01 | 95 -0.30927 -7.83881e+01 | 96  0.04466  5.61388e+00
 97 -0.20498 -4.48654e+00 |
97 variables; iteration 60; function evaluation 72; phase 4
Function value 2.6263719e+03; maximum gradient component mag -5.2145e+01
Var    Value     Gradient |Var    Value     Gradient |Var    Value     Gradient
  1 -0.19803 -1.14554e+01 |  2 -0.02216  1.64924e+01 |  3 -0.03594  1.19721e+00
  4 -0.00315 -1.75408e+00 |  5 -0.39525  6.53068e+00 |  6 -0.01346  6.92579e-01
  7  0.11820  4.05607e+01 |  8 -0.12850  1.55091e+00 |  9  0.15448 -2.46284e+00
 10 -0.17911  2.55213e+00 | 11 -0.03523  1.48723e+01 | 12  0.03237 -5.17633e-01
 13  0.04575 -5.77867e-01 | 14  0.12064 -2.07806e-01 | 15  0.01550  9.39149e-01
 16 -0.02251  1.35292e+00 | 17  0.05374  1.22351e+00 | 18 -0.02992 -1.43652e+00
 19  0.14253 -8.36728e-01 | 20 -0.08098  1.78038e+00 | 21 -0.09578  6.20820e+00
 22 -0.06419  7.83722e+00 | 23  0.08637  4.15548e+00 | 24 -0.06429  2.23298e+00
 25 -0.16561  8.97130e+00 | 26 -0.21923  7.12434e+00 | 27 -0.28094 -7.13997e+00
 28  0.24562 -1.10809e+00 | 29 -0.28494 -5.26977e+00 | 30 -0.00619 -6.27280e+00
 31 -0.00747  5.08285e+00 | 32  0.02763  2.82244e+00 | 33  0.00741 -8.90187e+00
 34 -0.07095 -1.77045e+00 | 35 -0.01533  4.66251e+00 | 36 -0.19069  1.48236e+00
 37  0.00755 -1.33321e+00 | 38 -0.17358  3.81308e+00 | 39 -0.07446  1.03700e+01
 40 -0.17361  6.65614e+00 | 41 -0.21255  3.02138e+00 | 42 -0.30709 -1.53820e+01
 43  0.38689 -1.69648e+01 | 44 -0.20065 -8.88507e+00 | 45  0.00617  6.07580e+00
 46 -0.10416  8.56754e+00 | 47  0.08873  3.39511e+00 | 48 -0.15197  3.08135e+00
 49 -0.30387  6.28841e+00 | 50 -0.34105  7.45009e+00 | 51 -0.11920  1.99732e+00
 52 -0.14926  2.95102e+00 | 53  0.09382 -1.13366e+01 | 54  0.16306 -7.44268e+00
 55 -0.01529 -3.22735e+00 | 56  0.13857  9.96157e-01 | 57  0.22638  5.82436e+00
 58 -0.06330 -2.47078e+00 | 59  0.08418 -6.87823e+00 | 60  0.00022  1.16156e+01
 61 -0.07444  2.17039e+00 | 62 -0.22546  3.36727e+00 | 63 -0.15828  3.32412e-02
 64 -0.05783 -1.89078e+00 | 65  0.02549 -4.51719e+00 | 66 -0.13149  2.52667e-01
 67 -0.00946 -4.61298e-01 | 68  0.10643 -4.51828e-01 | 69 -0.25295 -1.06666e+00
 70 -0.11163 -4.10872e-01 | 71  0.16420  1.38676e+01 | 72 -0.17984 -2.91787e+01
 73 -0.25107 -1.30295e+01 | 74 -0.60783  3.95521e+00 | 75  0.28934 -2.74708e+00
 76 -0.15192  7.06819e+00 | 77  0.56591 -1.18038e+00 | 78 -0.04586  1.01790e+01
 79  0.34340 -7.03907e+00 | 80 -0.16711  1.94072e+01 | 81  0.25527  1.66489e+01
 82 -0.09612 -5.21450e+01 | 83 -0.14012 -2.66645e+00 | 84 -0.32325  1.25513e+00
 85 -0.11400  1.92146e-01 | 86 -0.05352  4.69117e+00 | 87 -0.01154  2.78508e+00
 88 -0.01226 -1.35097e+00 | 89 -0.13316  4.98801e-01 | 90  0.67747  1.61678e+00
 91 -0.08701 -1.77215e+00 | 92  0.42866  2.68984e+00 | 93 -0.25721 -6.57837e+00
 94 -0.02179  3.23407e+01 | 95 -0.30811 -3.01107e+01 | 96  0.04989  2.03271e+00
 97 -0.19907 -6.65909e-01 |
97 variables; iteration 80; function evaluation 97; phase 4
Function value 2.6242343e+03; maximum gradient component mag -3.4151e+01
Var    Value     Gradient |Var    Value     Gradient |Var    Value     Gradient
  1 -0.20333 -4.51675e+00 |  2 -0.02771 -1.51056e+01 |  3 -0.03164 -1.11928e+01
  4 -0.00149 -2.45257e+00 |  5 -0.39759 -3.27891e+00 |  6 -0.00980  1.30649e+00
  7  0.11589 -3.41513e+01 |  8 -0.12617 -9.44112e+00 |  9  0.15465 -1.67042e+00
 10 -0.17369 -9.50631e-02 | 11 -0.04496  3.42672e+00 | 12  0.06606  1.93674e+00
 13  0.02600  2.07418e-01 | 14  0.13426  2.11135e+00 | 15  0.01832  1.51064e+00
 16 -0.02422  7.65085e-01 | 17  0.04502  4.34069e-01 | 18 -0.00443  1.15836e+00
 19  0.14347  3.49394e+00 | 20 -0.06924  2.30783e+00 | 21 -0.10058  1.99541e+00
 22 -0.07636  8.16244e-02 | 23  0.09060  4.68187e-01 | 24 -0.05389  4.21735e+00
 25 -0.17828  5.03793e+00 | 26 -0.21905  5.80496e+00 | 27 -0.27271 -6.90689e+00
 28  0.24805 -2.84979e+00 | 29 -0.27902 -4.45507e+00 | 30  0.00865 -1.21267e+00
 31 -0.02190 -5.63335e+00 | 32  0.02058 -7.19451e+00 | 33  0.02024 -1.87430e+00
 34 -0.06850  2.40295e-01 | 35 -0.02470 -7.17740e-01 | 36 -0.19115  8.27147e-01
 37  0.00788 -4.95435e-01 | 38 -0.17736  1.99335e+00 | 39 -0.09441 -9.52719e-02
 40 -0.17718  4.77831e+00 | 41 -0.21848  3.42844e+00 | 42 -0.24824 -1.28813e+01
 43  0.38554 -1.91913e+01 | 44 -0.19986 -9.36112e+00 | 45 -0.00450 -3.21408e+00
 46 -0.11604  2.97054e+00 | 47  0.09104  6.21147e+00 | 48 -0.14635  5.79723e+00
 49 -0.30228  6.54630e+00 | 50 -0.34709  6.23408e+00 | 51 -0.11574  3.27123e+00
 52 -0.15321  2.63220e+00 | 53  0.10509  5.33428e+00 | 54  0.16884  4.36100e+00
 55 -0.00870 -2.80526e-01 | 56  0.13295 -5.40118e+00 | 57  0.22014 -5.43035e+00
 58 -0.05610 -1.13939e+00 | 59  0.09781  2.61646e-01 | 60 -0.03311 -2.84306e+00
 61 -0.07105  1.07358e+00 | 62 -0.24988  8.40587e-05 | 63 -0.15089  1.18081e+00
 64 -0.05730 -3.00290e-01 | 65  0.03311  1.94526e+00 | 66 -0.13576 -7.05400e-01
 67 -0.00473  4.51140e-01 | 68  0.10252 -7.83601e-01 | 69 -0.23367  1.15932e+00
 70 -0.10836 -3.68507e-01 | 71  0.17358 -9.01935e-01 | 72 -0.17081  4.51908e+00
 73 -0.24784  3.24557e+00 | 74 -0.64320 -1.61084e-02 | 75  0.28494  1.96104e+00
 76 -0.15507 -7.21275e+00 | 77  0.43368  1.25548e+00 | 78 -0.07850 -2.61454e+00
 79  0.33873  5.48421e-01 | 80 -0.17041 -1.16872e+00 | 81  0.25441 -2.43662e+00
 82 -0.09172  6.50971e+00 | 83 -0.13940 -1.13599e+01 | 84 -0.32093  4.61894e+00
 85 -0.12169 -1.61612e+00 | 86 -0.05332 -2.66367e+00 | 87 -0.01280 -2.88723e+00
 88 -0.01121 -1.46339e-01 | 89 -0.13513 -1.83224e+00 | 90  0.59967 -1.80419e+00
 91 -0.09650  1.19564e+01 | 92  0.38068 -2.22824e+00 | 93 -0.26809  5.01572e+00
 94 -0.02354  3.01012e+00 | 95 -0.30786 -9.74974e+00 | 96  0.04110 -1.76166e+00
 97 -0.20623  1.32801e+00 |
Maximum number of function evaluations exceeded

 - final statistics:
97 variables; iteration 83; function evaluation 100
Function value 2.6238e+03; maximum gradient component mag -4.0235e+01
Exit code = 3;  converg criter 1.0000e+00
Var    Value     Gradient |Var    Value     Gradient |Var    Value     Gradient
  1 -0.20411 -1.16178e+01 |  2 -0.02726 -1.64354e+01 |  3 -0.03289 -1.19572e+01
  4 -0.00176 -7.64489e-01 |  5 -0.39599 -2.99748e+00 |  6 -0.00813  1.80667e+00
  7  0.11506 -4.02355e+01 |  8 -0.12146 -7.35167e+00 |  9  0.15487 -3.94056e-01
 10 -0.17852 -2.29236e+00 | 11 -0.04558  9.12188e+00 | 12  0.07286  3.56255e+00
 13  0.00883  6.42023e-01 | 14  0.14315  4.91061e+00 | 15  0.00864  2.29630e+00
 16 -0.01075  2.25428e+00 | 17  0.03601  4.12804e-01 | 18  0.00384  1.64958e+00
 19  0.14130  1.86577e+00 | 20 -0.07036  1.15724e+00 | 21 -0.10546  2.44786e-01
 22 -0.07704 -1.23899e+00 | 23  0.08962 -1.71607e+00 | 24 -0.05461  3.66667e+00
 25 -0.17643  5.11812e+00 | 26 -0.22606  4.61919e+00 | 27 -0.26614 -6.55443e+00
 28  0.24753 -2.96849e+00 | 29 -0.27214 -3.85879e+00 | 30  0.00951  4.80331e-01
 31 -0.02129 -4.45477e+00 | 32  0.02028 -5.63320e+00 | 33  0.02259  1.07112e+00
 34 -0.07009  5.27619e-01 | 35 -0.02535 -1.20521e+00 | 36 -0.19674  7.18103e-03
 37  0.00798 -1.04519e+00 | 38 -0.18228  7.61568e-01 | 39 -0.09729 -1.70434e+00
 40 -0.17905  4.28563e+00 | 41 -0.22032  3.68989e+00 | 42 -0.22988 -1.16051e+01
 43  0.38513 -1.53329e+01 | 44 -0.19792 -9.08018e+00 | 45 -0.00740 -4.57309e+00
 46 -0.11532  3.24436e+00 | 47  0.08834  2.76467e+00 | 48 -0.15375  2.78552e+00
 49 -0.30755  5.73814e+00 | 50 -0.35593  4.97418e+00 | 51 -0.11720  3.05376e+00
 52 -0.15785  1.56435e+00 | 53  0.10377  4.96076e+00 | 54  0.16641  2.47369e+00
 55 -0.01049 -5.55191e-01 | 56  0.13218 -5.31316e+00 | 57  0.21775 -6.29734e+00
 58 -0.05973 -1.81003e+00 | 59  0.09898  2.18417e+00 | 60 -0.04178 -5.07262e+00
 61 -0.06707  2.67865e+00 | 62 -0.24599  7.77692e-01 | 63 -0.14987  1.93008e+00
 64 -0.05925 -3.21059e-01 | 65  0.03310  2.67322e+00 | 66 -0.13067  4.61012e-01
 67 -0.00343  6.42598e-01 | 68  0.10645 -4.23605e-01 | 69 -0.22938  1.79493e+00
 70 -0.10909 -2.48252e-01 | 71  0.17715 -3.10902e+00 | 72 -0.16837  1.02604e+01
 73 -0.24774  6.17026e+00 | 74 -0.65151 -6.47146e-01 | 75  0.28932  3.49894e+00
 76 -0.15306 -5.56687e+00 | 77  0.33799 -1.36618e+00 | 78 -0.09990  7.21817e+00
 79  0.33366  1.02741e-01 | 80 -0.17294 -4.46105e+00 | 81  0.25732 -5.01028e+00
 82 -0.09013  1.61367e+01 | 83 -0.13882 -1.03253e+01 | 84 -0.32022  4.69155e+00
 85 -0.12188 -1.36187e+00 | 86 -0.05385 -4.05744e+00 | 87 -0.00980 -2.65562e+00
 88 -0.00712  7.68656e-01 | 89 -0.13960 -1.76784e+00 | 90  0.62002  9.63190e-01
 91 -0.09725  1.66157e+00 | 92  0.37773 -2.00091e+00 | 93 -0.26907  3.81671e+00
 94 -0.02243  3.96496e+00 | 95 -0.30642 -9.91771e+00 | 96  0.04186 -4.36639e-01
 97 -0.20577  3.77386e-01 |

Initial statistics: 98 variables; iteration 0; function evaluation 0; phase 5
Function value 2.6237873e+03; maximum gradient component mag -4.0235e+01
Var    Value     Gradient |Var    Value     Gradient |Var    Value     Gradient
  1 -0.20411 -1.16178e+01 |  2 -0.02726 -1.64354e+01 |  3 -0.03289 -1.19572e+01
  4 -0.00176 -7.64489e-01 |  5 -0.39599 -2.99748e+00 |  6 -0.00813  1.80667e+00
  7  0.11506 -4.02355e+01 |  8 -0.12146 -7.35167e+00 |  9  0.15487 -3.94056e-01
 10 -0.17852 -2.29236e+00 | 11 -0.04558  9.12188e+00 | 12  0.19448  2.99775e-01
 13  0.07286  3.56255e+00 | 14  0.00883  6.42023e-01 | 15  0.14315  4.91061e+00
 16  0.00864  2.29630e+00 | 17 -0.01075  2.25428e+00 | 18  0.03601  4.12804e-01
 19  0.00384  1.64958e+00 | 20  0.14130  1.86577e+00 | 21 -0.07036  1.15724e+00
 22 -0.10546  2.44786e-01 | 23 -0.07704 -1.23899e+00 | 24  0.08962 -1.71607e+00
 25 -0.05461  3.66667e+00 | 26 -0.17643  5.11812e+00 | 27 -0.22606  4.61919e+00
 28 -0.26614 -6.55443e+00 | 29  0.24753 -2.96849e+00 | 30 -0.27214 -3.85879e+00
 31  0.00951  4.80331e-01 | 32 -0.02129 -4.45477e+00 | 33  0.02028 -5.63320e+00
 34  0.02259  1.07112e+00 | 35 -0.07009  5.27619e-01 | 36 -0.02535 -1.20521e+00
 37 -0.19674  7.18103e-03 | 38  0.00798 -1.04519e+00 | 39 -0.18228  7.61568e-01
 40 -0.09729 -1.70434e+00 | 41 -0.17905  4.28563e+00 | 42 -0.22032  3.68989e+00
 43 -0.22988 -1.16051e+01 | 44  0.38513 -1.53329e+01 | 45 -0.19792 -9.08018e+00
 46 -0.00740 -4.57309e+00 | 47 -0.11532  3.24436e+00 | 48  0.08834  2.76467e+00
 49 -0.15375  2.78552e+00 | 50 -0.30755  5.73814e+00 | 51 -0.35593  4.97418e+00
 52 -0.11720  3.05376e+00 | 53 -0.15785  1.56435e+00 | 54  0.10377  4.96076e+00
 55  0.16641  2.47369e+00 | 56 -0.01049 -5.55191e-01 | 57  0.13218 -5.31316e+00
 58  0.21775 -6.29734e+00 | 59 -0.05973 -1.81003e+00 | 60  0.09898  2.18417e+00
 61 -0.04178 -5.07262e+00 | 62 -0.06707  2.67865e+00 | 63 -0.24599  7.77692e-01
 64 -0.14987  1.93008e+00 | 65 -0.05925 -3.21059e-01 | 66  0.03310  2.67322e+00
 67 -0.13067  4.61012e-01 | 68 -0.00343  6.42598e-01 | 69  0.10645 -4.23605e-01
 70 -0.22938  1.79493e+00 | 71 -0.10909 -2.48252e-01 | 72  0.17715 -3.10902e+00
 73 -0.16837  1.02604e+01 | 74 -0.24774  6.17026e+00 | 75 -0.65151 -6.47146e-01
 76  0.28932  3.49894e+00 | 77 -0.15306 -5.56687e+00 | 78  0.33799 -1.36618e+00
 79 -0.09990  7.21817e+00 | 80  0.33366  1.02741e-01 | 81 -0.17294 -4.46105e+00
 82  0.25732 -5.01028e+00 | 83 -0.09013  1.61367e+01 | 84 -0.13882 -1.03253e+01
 85 -0.32022  4.69155e+00 | 86 -0.12188 -1.36187e+00 | 87 -0.05385 -4.05744e+00
 88 -0.00980 -2.65562e+00 | 89 -0.00712  7.68656e-01 | 90 -0.13960 -1.76784e+00
 91  0.62002  9.63190e-01 | 92 -0.09725  1.66157e+00 | 93  0.37773 -2.00091e+00
 94 -0.26907  3.81671e+00 | 95 -0.02243  3.96496e+00 | 96 -0.30642 -9.91771e+00
 97  0.04186 -4.36639e-01 | 98 -0.20577  3.77386e-01 |

Intermediate statistics: 98 variables; iteration 20; function evaluation 22; phase 5
Function value 2.6212282e+03; maximum gradient component mag 2.7873e+01
Var    Value     Gradient |Var    Value     Gradient |Var    Value     Gradient
  1 -0.20631 -1.74257e+01 |  2 -0.02720  1.27430e+00 |  3 -0.03392  1.13910e+00
  4 -0.00272  5.06579e+00 |  5 -0.39546  8.14674e-01 |  6 -0.00115  1.19676e+01
  7  0.11560  2.78730e+01 |  8 -0.11317  8.06525e+00 |  9  0.15155  4.17274e+00
 10 -0.17207  1.39148e+00 | 11 -0.03765  2.05553e+01 | 12  0.01668 -6.63385e-01
 13  0.03781  2.42661e+00 | 14  0.02951  1.72735e+00 | 15  0.13509  4.85936e+00
 16  0.00539  2.11121e+00 | 17 -0.02638  1.51868e+00 | 18  0.04430  1.21884e+00
 19 -0.01294  5.40876e-02 | 20  0.13844 -2.48498e+00 | 21 -0.07932 -7.16412e-01
 22 -0.10813 -4.52530e-01 | 23 -0.07716 -2.73500e-02 | 24  0.09048  4.97081e+00
 25 -0.05418  5.22075e+00 | 26 -0.17621  4.63550e+00 | 27 -0.25323  1.80459e+00
 28 -0.19070  2.23241e+00 | 29  0.25103  1.73073e+01 | 30 -0.21502  1.30256e+00
 31  0.01126 -1.40250e+00 | 32 -0.01072 -6.56578e+00 | 33  0.02846 -9.10897e+00
 34  0.03129 -1.98865e+00 | 35 -0.06172 -8.36235e-01 | 36 -0.01202 -2.27936e+00
 37 -0.19471 -2.09462e+00 | 38  0.01834 -9.30466e+00 | 39 -0.17747 -1.85086e+00
 40 -0.07794 -1.17352e+00 | 41 -0.17072  2.35614e+00 | 42 -0.24847 -9.86828e-01
 43 -0.09092  2.42734e+00 | 44  0.41338 -1.69564e+01 | 45 -0.12600 -2.01577e+00
 46  0.01877 -3.40278e+00 | 47 -0.09903  1.93443e+00 | 48  0.10190  4.33487e+00
 49 -0.15235  1.35339e+00 | 50 -0.32292  2.36008e+00 | 51 -0.39070  2.02097e-01
 52 -0.12302  1.50382e+00 | 53 -0.16079  8.05276e-01 | 54  0.09979  3.21382e+00
 55  0.16389  2.10394e+00 | 56 -0.01209 -6.71764e-01 | 57  0.13032 -7.20856e+00
 58  0.21574 -8.28809e+00 | 59 -0.05960 -1.40965e+00 | 60  0.09799  3.90801e+00
 61 -0.03934 -1.90376e+00 | 62 -0.07265  3.33414e+00 | 63 -0.25120  9.43899e-01
 64 -0.15924  1.71447e+00 | 65 -0.06685 -5.09476e-01 | 66  0.02463  2.06293e+00
 67 -0.13710  4.67253e-01 | 68 -0.00858  4.54381e-01 | 69  0.11089  1.53732e-01
 70 -0.26235  1.38262e-01 | 71 -0.12222 -8.39724e-01 | 72  0.18079  9.53847e+00
 73 -0.16799 -1.06620e+01 | 74 -0.25260  4.36247e+00 | 75 -0.67128 -4.11298e-01
 76  0.28802 -6.40389e+00 | 77 -0.15199  1.58283e+01 | 78  0.30191 -1.92701e+00
 79 -0.11262  7.73598e+00 | 80  0.33688 -1.93863e+00 | 81 -0.17106  1.69828e+00
 82  0.26205  9.85171e-01 | 83 -0.08970  2.73997e-01 | 84 -0.14123 -9.97006e+00
 85 -0.32394  3.38910e+00 | 86 -0.11631 -1.02853e+00 | 87 -0.05217  8.13095e+00
 88 -0.01327  3.42614e+00 | 89 -0.01393 -2.21555e+00 | 90 -0.12840  9.45363e-01
 91  0.56571  2.89175e-01 | 92 -0.11058  3.65574e+00 | 93  0.40348  5.71615e+00
 94 -0.26529 -1.85167e+01 | 95 -0.01796 -4.27113e+00 | 96 -0.29947  6.75584e-01
 97  0.04191 -1.74128e+00 | 98 -0.20485  1.93187e+00 |
98 variables; iteration 40; function evaluation 45; phase 5
Function value 2.6205751e+03; maximum gradient component mag 5.4191e+01
Var    Value     Gradient |Var    Value     Gradient |Var    Value     Gradient
  1 -0.19662  5.41910e+01 |  2 -0.02324 -4.41693e+00 |  3 -0.03827 -1.93220e+00
  4 -0.00019  5.41574e+00 |  5 -0.39553  1.76023e+00 |  6 -0.00903  1.42300e+01
  7  0.11515  1.61019e+01 |  8 -0.11452  5.31714e+00 |  9  0.15068  3.27571e+00
 10 -0.17333  1.28636e+00 | 11 -0.01974 -3.95671e+01 | 12 -0.08987 -7.34273e+00
 13  0.02095 -6.13863e-01 | 14  0.07082  3.79113e-01 | 15  0.11480 -5.60686e-01
 16  0.01647 -2.61660e-01 | 17 -0.03490 -1.08503e+00 | 18  0.04462 -1.99493e+00
 19 -0.01249 -2.16323e+00 | 20  0.13681 -9.67084e+00 | 21 -0.08449 -3.47297e+00
 22 -0.11142 -3.33937e+00 | 23 -0.08015 -4.06617e+00 | 24  0.08640 -7.51879e+00
 25 -0.05506  8.72465e-01 | 26 -0.18089  1.88947e+00 | 27 -0.25734  5.82433e-02
 28 -0.18871  5.70164e-01 | 29  0.25071 -1.35088e+01 | 30 -0.21015  7.31394e-02
 31  0.01511 -6.16478e+00 | 32 -0.00186 -8.44399e+00 | 33  0.03630 -1.07788e+01
 34  0.04012 -3.59716e+00 | 35 -0.05054 -7.62045e-01 | 36  0.00029 -9.63394e-01
 37 -0.17687 -5.34558e-01 | 38  0.03586 -4.07108e+00 | 39 -0.15920 -1.63949e-01
 40 -0.06016  1.05816e-01 | 41 -0.15936  1.80466e+00 | 42 -0.22192  5.15783e-01
 43 -0.08047  1.45670e+00 | 44  0.43574 -2.59896e+01 | 45 -0.10368 -1.04797e+00
 46  0.04110 -8.40027e-01 | 47 -0.08413  2.38253e+00 | 48  0.11584  7.88760e+00
 49 -0.14152  2.45511e+00 | 50 -0.31158  3.33989e+00 | 51 -0.38291  6.56374e-01
 52 -0.11834  1.92447e+00 | 53 -0.15923  1.00787e+00 | 54  0.10616  7.07137e+00
 55  0.16648 -7.77533e-01 | 56 -0.00592  2.72613e-01 | 57  0.13608 -5.03924e+00
 58  0.22334 -3.30425e+00 | 59 -0.05432 -6.23370e-01 | 60  0.09871  3.55089e+00
 61 -0.03037  9.49666e-01 | 62 -0.07902  1.94999e+00 | 63 -0.25546  5.75746e-01
 64 -0.16430  1.16623e+00 | 65 -0.07091 -6.20390e-01 | 66  0.02119  2.22496e+00
 67 -0.14066  2.15803e-01 | 68 -0.01179  1.91083e-01 | 69  0.11033  1.61449e-01
 70 -0.26368  2.92268e-01 | 71 -0.12094 -8.82500e-01 | 72  0.17446  2.44702e+00
 73 -0.17156 -2.60146e+00 | 74 -0.26788 -2.20694e+00 | 75 -0.75219  1.58499e-01
 76  0.28945 -7.73580e+00 | 77 -0.15167  1.85387e+01 | 78  0.27169 -3.71347e+00
 79 -0.12344  1.03408e+01 | 80  0.33776 -1.91974e+00 | 81 -0.17078  3.63784e+00
 82  0.25727 -1.94990e+00 | 83 -0.09162  4.56233e+00 | 84 -0.14024 -8.96179e+00
 85 -0.32385  3.18262e+00 | 86 -0.11589 -9.22515e-01 | 87 -0.05355 -4.45978e+00
 88 -0.01311  3.28472e+00 | 89 -0.01443 -2.20379e+00 | 90 -0.12832  9.33495e-01
 91  0.44485 -2.62969e+00 | 92 -0.15937  2.79240e+00 | 93  0.38504  1.99080e+00
 94 -0.26923 -7.51107e+00 | 95 -0.01847 -1.74699e+00 | 96 -0.30079 -1.75894e+00
 97  0.04166 -2.61772e+00 | 98 -0.20505  2.65809e+00 |
98 variables; iteration 60; function evaluation 65; phase 5
Function value 2.6199846e+03; maximum gradient component mag 4.5847e+01
Var    Value     Gradient |Var    Value     Gradient |Var    Value     Gradient
  1 -0.20131  4.58465e+01 |  2 -0.02326 -6.94659e+00 |  3 -0.03583 -4.84976e+00
  4 -0.00364 -6.51892e-01 |  5 -0.39598 -8.25141e-01 |  6 -0.01129  3.92944e+00
  7  0.11406 -8.48957e+00 |  8 -0.11558 -1.90130e+00 |  9  0.15253  7.91277e-01
 10 -0.17023  3.08166e-01 | 11 -0.02436 -4.37610e+01 | 12 -0.13243 -4.87552e+00
 13  0.00144 -2.42875e+00 | 14  0.08067 -1.77809e+00 | 15  0.09868 -3.38826e+00
 16  0.02705 -9.64720e-01 | 17 -0.03046 -1.08818e+00 | 18  0.04308 -2.22655e+00
 19 -0.01175 -1.98188e+00 | 20  0.13857 -6.22287e+00 | 21 -0.07413 -1.02709e+00
 22 -0.10818 -1.10428e+00 | 23 -0.07479 -1.78480e+00 | 24  0.08978 -7.07063e+00
 25 -0.05919 -4.06293e+00 | 26 -0.18731 -1.43251e+00 | 27 -0.25257 -7.04118e-01
 28 -0.19108 -9.35750e-01 | 29  0.25414 -2.18902e+01 | 30 -0.21495 -9.40956e-01
 31  0.02170 -3.82834e+00 | 32  0.00946 -1.42593e+00 | 33  0.04968 -8.34373e-01
 34  0.04344 -1.45787e+00 | 35 -0.04665 -8.88101e-01 | 36  0.00667 -8.87927e-01
 37 -0.17585 -7.25523e-01 | 38  0.04442 -1.59466e+00 | 39 -0.15258  3.50724e-01
 40 -0.05108  8.34048e-01 | 41 -0.15452  9.24095e-01 | 42 -0.21263  1.10594e-01
 43 -0.08140 -1.08250e-01 | 44  0.45566 -1.10513e+01 | 45 -0.09460 -7.38473e-01
 46  0.05567  6.82783e-01 | 47 -0.07997  1.92350e-01 | 48  0.12040  7.37633e-01
 49 -0.14272 -2.83655e-01 | 50 -0.32385  3.84014e-01 | 51 -0.38582 -1.30576e-01
 52 -0.11969 -2.42414e-01 | 53 -0.15664  8.02898e-02 | 54  0.10544  1.46466e+00
 55  0.17125  1.33703e+00 | 56 -0.00472 -4.21051e-01 | 57  0.14662  1.16713e+00
 58  0.23050  1.63613e+00 | 59 -0.04959 -5.14053e-02 | 60  0.10145  1.81647e+00
 61 -0.02344  1.69888e+00 | 62 -0.08190 -1.01037e-01 | 63 -0.25532  1.18767e-01
 64 -0.16479  3.16356e-01 | 65 -0.06555  3.62118e-01 | 66  0.02081  6.83907e-01
 67 -0.14047 -2.50239e-02 | 68 -0.01312 -1.85301e-01 | 69  0.10783 -5.69453e-02
 70 -0.26515  3.07313e-01 | 71 -0.11406  1.31094e-01 | 72  0.17100 -4.92330e+00
 73 -0.17298  5.92415e+00 | 74 -0.26440 -2.31003e+00 | 75 -0.72661  2.62214e-01
 76  0.28719 -1.22816e+00 | 77 -0.15426  1.24079e+00 | 78  0.24283  1.66871e-01
 79 -0.14496 -7.73829e-02 | 80  0.34162  4.93864e-02 | 81 -0.16988  7.48348e-01
 82  0.25671 -1.85730e+00 | 83 -0.09195  2.57086e+00 | 84 -0.13933 -2.05934e+00
 85 -0.32389  4.35721e-01 | 86 -0.11906 -4.63271e-01 | 87 -0.05502 -4.52100e+00
 88 -0.01397 -3.74060e+00 | 89 -0.01134  1.50662e+00 | 90 -0.12987 -8.48410e-01
 91  0.47830 -4.17429e-01 | 92 -0.14471  1.62049e+00 | 93  0.37550 -2.14742e+00
 94 -0.27052  2.94888e+00 | 95 -0.01420  3.63181e-01 | 96 -0.29510  1.15722e+00
 97  0.04169  8.41649e-02 | 98 -0.20699 -3.94294e-01 |
98 variables; iteration 80; function evaluation 88; phase 5
Function value 2.6197957e+03; maximum gradient component mag 3.6596e+01
Var    Value     Gradient |Var    Value     Gradient |Var    Value     Gradient
  1 -0.19701  3.65961e+01 |  2 -0.02448 -2.28784e+00 |  3 -0.03424 -2.64969e-01
  4 -0.00382 -4.87952e-01 |  5 -0.39359  1.95726e-01 |  6 -0.01348  3.96103e+00
  7  0.11426 -1.53484e+00 |  8 -0.11517  3.98762e-01 |  9  0.15097 -8.73401e-01
 10 -0.17339 -3.62627e-01 | 11 -0.01211 -3.06434e+01 | 12 -0.19493 -3.21311e+00
 13 -0.00299 -1.99484e+00 | 14  0.08021 -1.37048e+00 | 15  0.09142 -3.66279e+00
 16  0.02660 -1.64597e+00 | 17 -0.04442 -2.16902e+00 | 18  0.04417 -2.44771e+00
 19 -0.01925 -1.68935e+00 | 20  0.14051 -4.09114e+00 | 21 -0.08807 -1.81402e+00
 22 -0.10580 -9.46652e-01 | 23 -0.07692 -1.29256e+00 | 24  0.08951 -2.87944e+00
 25 -0.05641 -1.23355e+00 | 26 -0.18821 -1.06909e+00 | 27 -0.25722 -1.19067e+00
 28 -0.19077 -6.15020e-01 | 29  0.25711 -1.15942e+01 | 30 -0.21802 -8.56797e-01
 31  0.02785 -1.46849e+00 | 32  0.01326 -1.73996e+00 | 33  0.05258 -3.38825e+00
 34  0.04773 -3.01431e+00 | 35 -0.04045 -1.05261e+00 | 36  0.01104 -1.41095e+00
 37 -0.16470  1.88145e-01 | 38  0.05353  5.38135e-01 | 39 -0.14710  4.38565e-02
 40 -0.04188  1.72853e-01 | 41 -0.14826 -1.30451e-01 | 42 -0.20443 -3.58881e-01
 43 -0.07242 -1.83783e-01 | 44  0.47614 -2.25199e+00 | 45 -0.08187 -4.26740e-01
 46  0.06653 -1.02184e+00 | 47 -0.07122 -6.51482e-01 | 48  0.12926  1.01915e+00
 49 -0.13568  4.94935e-01 | 50 -0.31959  4.55268e-01 | 51 -0.38618 -5.40476e-01
 52 -0.11627  2.61163e-01 | 53 -0.15503 -1.32013e-01 | 54  0.10625 -8.29390e-01
 55  0.17407  1.65598e+00 | 56 -0.00036  5.41332e-01 | 57  0.15068  1.78029e+00
 58  0.23406  1.57958e+00 | 59 -0.04467  5.35303e-01 | 60  0.10136 -4.68912e-01
 61 -0.02801 -4.91844e-01 | 62 -0.07696  8.59942e-01 | 63 -0.26067 -5.03622e-01
 64 -0.16836 -1.41672e-01 | 65 -0.06660  4.96997e-01 | 66  0.01737 -2.83395e-01
 67 -0.14306 -2.39920e-01 | 68 -0.01169  1.42168e-01 | 69  0.11307  3.76559e-01
 70 -0.26921  1.32972e-01 | 71 -0.11717 -1.43707e-01 | 72  0.17422 -1.99608e+00
 73 -0.17139  3.23330e+00 | 74 -0.26110 -9.61882e-02 | 75 -0.71314  1.72953e-02
 76  0.28747 -1.80607e+00 | 77 -0.15431  2.66934e+00 | 78  0.23933  3.25955e-01
 79 -0.14728 -6.56769e-01 | 80  0.33615 -2.77313e+00 | 81 -0.17193  2.76751e+00
 82  0.25895 -1.68722e+00 | 83 -0.09121  3.69765e+00 | 84 -0.13959 -8.97299e-01
 85 -0.32383  6.92703e-01 | 86 -0.11598  3.27057e-01 | 87 -0.05458 -2.14299e+00
 88 -0.01265 -3.61390e-01 | 89 -0.01123  3.82564e-01 | 90 -0.13038  1.05836e-01
 91  0.46586 -5.23252e-02 | 92 -0.15130  3.01113e-03 | 93  0.38728 -9.49222e-01
 94 -0.26717  2.10353e+00 | 95 -0.01495 -2.14390e+00 | 96 -0.29613  1.28914e+00
 97  0.04219 -1.45319e-01 | 98 -0.20645  9.99298e-02 |
98 variables; iteration 100; function evaluation 117; phase 5
Function value 2.6196511e+03; maximum gradient component mag 6.7163e+00
Var    Value     Gradient |Var    Value     Gradient |Var    Value     Gradient
  1 -0.19831  6.71633e+00 |  2 -0.02405  4.22763e-01 |  3 -0.03474  4.62378e-01
  4 -0.00401 -2.83407e-02 |  5 -0.39388  2.75183e-01 |  6 -0.01214  1.15360e+00
  7  0.11433  9.74666e-01 |  8 -0.11534  6.72625e-01 |  9  0.15150 -3.48245e-01
 10 -0.17375 -4.08799e-01 | 11 -0.00904 -3.68525e+00 | 12 -0.25278  6.12269e-01
 13  0.00156 -9.74339e-01 | 14  0.03827 -5.09438e-01 | 15  0.12228 -1.68169e-01
 16  0.00537  7.83418e-02 | 17 -0.03091 -1.23624e-01 | 18  0.03678 -7.83027e-01
 19 -0.01197 -7.10495e-02 | 20  0.13848 -9.06333e-01 | 21 -0.08236 -4.79005e-01
 22 -0.10485  2.62534e-03 | 23 -0.07645 -4.44793e-01 | 24  0.09154  1.64258e-01
 25 -0.05543 -9.96194e-02 | 26 -0.18193  3.21069e-01 | 27 -0.25101 -2.24594e-01
 28 -0.18663  2.92375e-01 | 29  0.26349  1.15908e+00 | 30 -0.20894  1.19823e-01
 31  0.03470  9.06898e-02 | 32  0.02154 -2.15162e-01 | 33  0.06199 -2.79905e-01
 34  0.05743  3.07875e-01 | 35 -0.03160  4.07808e-01 | 36  0.02004 -2.78400e-01
 37 -0.15587  4.87695e-01 | 38  0.06349  2.37033e-01 | 39 -0.14126 -6.11661e-01
 40 -0.03100  1.84478e-01 | 41 -0.13964 -3.08846e-01 | 42 -0.18994  3.08335e-01
 43 -0.06264 -8.49289e-03 | 44  0.49485  1.05585e+00 | 45 -0.06830  2.00751e-01
 46  0.08073 -3.70227e-02 | 47 -0.05820  5.05379e-02 | 48  0.13856 -3.14507e-01
 49 -0.12886  2.95516e-01 | 50 -0.31533  1.64108e-01 | 51 -0.37737 -6.38510e-02
 52 -0.11343 -5.09710e-01 | 53 -0.15108 -1.57071e-01 | 54  0.11078 -5.22475e-02
 55  0.17738 -2.33352e-01 | 56  0.00318 -1.96711e-01 | 57  0.15402 -3.43734e-01
 58  0.23852 -2.73334e-01 | 59 -0.04175  9.36637e-02 | 60  0.10602 -1.58808e-01
 61 -0.02350 -8.10493e-02 | 62 -0.07669  2.96506e-01 | 63 -0.25545 -1.01260e-01
 64 -0.16762 -3.15047e-01 | 65 -0.06591  1.96815e-01 | 66  0.01883 -2.19315e-01
 67 -0.13828  4.71328e-01 | 68 -0.01106  1.10320e-02 | 69  0.11040  4.36801e-02
 70 -0.27401 -1.58616e-01 | 71 -0.11479 -1.61279e-02 | 72  0.17496  2.18299e-01
 73 -0.17115 -1.03611e-01 | 74 -0.25904  8.25460e-01 | 75 -0.70184 -4.62377e-02
 76  0.28738 -5.41706e-01 | 77 -0.15428  5.03567e-01 | 78  0.23456 -2.59408e-01
 79 -0.14850  3.89094e-01 | 80  0.34091 -4.36137e-01 | 81 -0.17007  1.36378e+00
 82  0.26067 -3.17652e-01 | 83 -0.09079  8.90979e-01 | 84 -0.13904  3.27080e-02
 85 -0.32354 -2.73370e-01 | 86 -0.12014 -1.42593e-01 | 87 -0.05437  4.53617e-01
 88 -0.00756  8.35305e-01 | 89 -0.00593  3.05861e-01 | 90 -0.14075 -5.13029e-01
 91  0.46548  6.99659e-03 | 92 -0.15141 -4.94163e-02 | 93  0.39698  8.50278e-02
 94 -0.26456  1.62247e-01 | 95 -0.01509 -2.15378e+00 | 96 -0.29628  1.06061e+00
 97  0.04404 -1.36029e-01 | 98 -0.20415  7.19627e-01 |
  ic > imax  in fminim is answer attained ?
Var    Value     Gradient |Var    Value     Gradient |Var    Value     Gradient
  1 -0.19801  1.62991e-03 |  2 -0.02418 -8.93515e-05 |  3 -0.03458 -3.57731e-09
  4 -0.00403 -1.13876e-04 |  5 -0.39434 -7.58893e-05 |  6 -0.01272  2.16785e-04
  7  0.11433 -9.05127e-05 |  8 -0.11559 -1.69802e-05 |  9  0.15158  1.68493e-05
 10 -0.17246  5.67180e-06 | 11 -0.00743 -1.13272e-03 | 12 -0.26945  8.39749e-05
 13  0.01167 -7.33927e-05 | 14  0.03873 -1.61776e-04 | 15  0.11931 -2.45035e-04
 16  0.00442 -1.06037e-04 | 17 -0.03232 -1.47402e-04 | 18  0.04056 -1.50126e-04
 19 -0.01624 -1.85650e-04 | 20  0.13896 -2.13023e-04 | 21 -0.07972 -3.49670e-06
 22 -0.10712 -7.37815e-05 | 23 -0.07407 -8.53644e-06 | 24  0.09143 -1.11650e-04
 25 -0.05420 -3.65151e-05 | 26 -0.18336 -4.47965e-05 | 27 -0.24777  2.97281e-05
 28 -0.18779 -6.80306e-06 | 29  0.26470 -2.51451e-06 | 30 -0.20870 -2.05928e-05
 31  0.03642 -1.83477e-05 | 32  0.02384  4.64895e-05 | 33  0.06452  1.29277e-04
 34  0.05944  7.84221e-05 | 35 -0.03061  2.65732e-06 | 36  0.02398  7.03760e-05
 37 -0.15738 -1.75425e-05 | 38  0.06643  5.36424e-05 | 39 -0.13532  5.44424e-05
 40 -0.02899 -4.69444e-05 | 41 -0.13505  4.24245e-05 | 42 -0.18932 -1.26721e-05
 43 -0.05936  4.63114e-05 | 44  0.49927  4.60356e-04 | 45 -0.06668  3.33102e-06
 46  0.08422  1.03384e-05 | 47 -0.05553  2.28877e-06 | 48  0.14152 -1.37961e-05
 49 -0.12751 -8.29183e-05 | 50 -0.31456 -4.82200e-05 | 51 -0.37526  4.27256e-05
 52 -0.11107  2.13642e-05 | 53 -0.14961  1.38575e-05 | 54  0.11220  1.09586e-04
 55  0.17907 -1.11396e-04 | 56  0.00501 -2.24452e-05 | 57  0.15595 -1.07727e-04
 58  0.24046 -1.60890e-04 | 59 -0.04074 -3.86442e-05 | 60  0.10755 -1.17779e-05
 61 -0.02224  6.37746e-05 | 62 -0.07729 -4.52050e-05 | 63 -0.25469 -8.12160e-06
 64 -0.16595  3.86719e-05 | 65 -0.06659 -3.46605e-05 | 66  0.01920  6.00071e-05
 67 -0.14042 -1.88418e-05 | 68 -0.01126 -1.87524e-05 | 69  0.11003 -4.03038e-05
 70 -0.27277 -4.40746e-05 | 71 -0.11376  1.19019e-04 | 72  0.17414 -6.26566e-05
 73 -0.17150  1.36539e-04 | 74 -0.26152 -2.79408e-06 | 75 -0.71555 -3.77947e-05
 76  0.28825  5.93907e-05 | 77 -0.15393  6.25875e-05 | 78  0.23735 -4.88098e-06
 79 -0.14750  8.08342e-05 | 80  0.34015 -1.35641e-04 | 81 -0.17041  2.63772e-04
 82  0.26049 -8.76915e-05 | 83 -0.09084  1.68845e-04 | 84 -0.13906  6.26506e-05
 85 -0.32330 -2.26852e-05 | 86 -0.11935 -2.44137e-05 | 87 -0.05443  5.74862e-05
 88 -0.01253 -6.90679e-05 | 89 -0.01133 -3.86483e-05 | 90 -0.13108  2.43113e-06
 91  0.46546 -7.61443e-06 | 92 -0.15124  2.27764e-05 | 93  0.39333  3.15909e-05
 94 -0.26555  2.25062e-05 | 95 -0.01480 -3.14808e-04 | 96 -0.29596  2.29034e-04
 97  0.04173 -4.35322e-05 | 98 -0.20673  3.98686e-05 |
Function minimizer not making progress ... is minimum attained?
Minimprove criterion = 0.0000e+00

 - final statistics:
98 variables; iteration 117; function evaluation 166
Function value 2.6196e+03; maximum gradient component mag 1.6299e-03
Exit code = 1;  converg criter 1.0000e-04
Var    Value     Gradient |Var    Value     Gradient |Var    Value     Gradient
  1 -0.19801  1.62991e-03 |  2 -0.02418 -8.93515e-05 |  3 -0.03458 -3.57731e-09
  4 -0.00403 -1.13876e-04 |  5 -0.39434 -7.58893e-05 |  6 -0.01272  2.16785e-04
  7  0.11433 -9.05127e-05 |  8 -0.11559 -1.69802e-05 |  9  0.15158  1.68493e-05
 10 -0.17246  5.67180e-06 | 11 -0.00743 -1.13272e-03 | 12 -0.26945  8.39749e-05
 13  0.01167 -7.33927e-05 | 14  0.03873 -1.61776e-04 | 15  0.11931 -2.45035e-04
 16  0.00442 -1.06037e-04 | 17 -0.03232 -1.47402e-04 | 18  0.04056 -1.50126e-04
 19 -0.01624 -1.85650e-04 | 20  0.13896 -2.13023e-04 | 21 -0.07972 -3.49670e-06
 22 -0.10712 -7.37815e-05 | 23 -0.07407 -8.53644e-06 | 24  0.09143 -1.11650e-04
 25 -0.05420 -3.65151e-05 | 26 -0.18336 -4.47965e-05 | 27 -0.24777  2.97281e-05
 28 -0.18779 -6.80306e-06 | 29  0.26470 -2.51451e-06 | 30 -0.20870 -2.05928e-05
 31  0.03642 -1.83477e-05 | 32  0.02384  4.64895e-05 | 33  0.06452  1.29277e-04
 34  0.05944  7.84221e-05 | 35 -0.03061  2.65732e-06 | 36  0.02398  7.03760e-05
 37 -0.15738 -1.75425e-05 | 38  0.06643  5.36424e-05 | 39 -0.13532  5.44424e-05
 40 -0.02899 -4.69444e-05 | 41 -0.13505  4.24245e-05 | 42 -0.18932 -1.26721e-05
 43 -0.05936  4.63114e-05 | 44  0.49927  4.60356e-04 | 45 -0.06668  3.33102e-06
 46  0.08422  1.03384e-05 | 47 -0.05553  2.28877e-06 | 48  0.14152 -1.37961e-05
 49 -0.12751 -8.29183e-05 | 50 -0.31456 -4.82200e-05 | 51 -0.37526  4.27256e-05
 52 -0.11107  2.13642e-05 | 53 -0.14961  1.38575e-05 | 54  0.11220  1.09586e-04
 55  0.17907 -1.11396e-04 | 56  0.00501 -2.24452e-05 | 57  0.15595 -1.07727e-04
 58  0.24046 -1.60890e-04 | 59 -0.04074 -3.86442e-05 | 60  0.10755 -1.17779e-05
 61 -0.02224  6.37746e-05 | 62 -0.07729 -4.52050e-05 | 63 -0.25469 -8.12160e-06
 64 -0.16595  3.86719e-05 | 65 -0.06659 -3.46605e-05 | 66  0.01920  6.00071e-05
 67 -0.14042 -1.88418e-05 | 68 -0.01126 -1.87524e-05 | 69  0.11003 -4.03038e-05
 70 -0.27277 -4.40746e-05 | 71 -0.11376  1.19019e-04 | 72  0.17414 -6.26566e-05
 73 -0.17150  1.36539e-04 | 74 -0.26152 -2.79408e-06 | 75 -0.71555 -3.77947e-05
 76  0.28825  5.93907e-05 | 77 -0.15393  6.25875e-05 | 78  0.23735 -4.88098e-06
 79 -0.14750  8.08342e-05 | 80  0.34015 -1.35641e-04 | 81 -0.17041  2.63772e-04
 82  0.26049 -8.76915e-05 | 83 -0.09084  1.68845e-04 | 84 -0.13906  6.26506e-05
 85 -0.32330 -2.26852e-05 | 86 -0.11935 -2.44137e-05 | 87 -0.05443  5.74862e-05
 88 -0.01253 -6.90679e-05 | 89 -0.01133 -3.86483e-05 | 90 -0.13108  2.43113e-06
 91  0.46546 -7.61443e-06 | 92 -0.15124  2.27764e-05 | 93  0.39333  3.15909e-05
 94 -0.26555  2.25062e-05 | 95 -0.01480 -3.14808e-04 | 96 -0.29596  2.29034e-04
 97  0.04173 -4.35322e-05 | 98 -0.20673  3.98686e-05 |

Initial statistics: 110 variables; iteration 0; function evaluation 0; phase 6
Function value 2.6196242e+03; maximum gradient component mag 1.6299e-03
Var    Value     Gradient |Var    Value     Gradient |Var    Value     Gradient
  1 -0.19801  1.62991e-03 |  2 -0.02418 -8.93516e-05 |  3 -0.03458 -3.58059e-09
  4 -0.00403 -1.13876e-04 |  5 -0.39434 -7.58893e-05 |  6 -0.01272  2.16785e-04
  7  0.11433 -9.05127e-05 |  8 -0.11559 -1.69802e-05 |  9  0.15158  1.68493e-05
 10 -0.17246  5.67180e-06 | 11 -0.00743 -1.13272e-03 | 12 -0.26945  8.39749e-05
 13  0.01167 -7.33927e-05 | 14  0.03873 -1.61776e-04 | 15  0.11931 -2.45035e-04
 16  0.00442 -1.06037e-04 | 17 -0.03232 -1.47402e-04 | 18  0.04056 -1.50126e-04
 19 -0.01624 -1.85650e-04 | 20  0.13896 -2.13023e-04 | 21 -0.07972 -3.49670e-06
 22 -0.10712 -7.37815e-05 | 23 -0.07407 -8.53644e-06 | 24  0.09143 -1.11650e-04
 25 -0.05420 -3.65151e-05 | 26 -0.18336 -4.47965e-05 | 27 -0.24777  2.97281e-05
 28 -0.18779 -6.80306e-06 | 29  0.26470 -2.51451e-06 | 30 -0.20870 -2.05928e-05
 31  0.03642 -1.83477e-05 | 32  0.02384  4.64895e-05 | 33  0.06452  1.29277e-04
 34  0.05944  7.84221e-05 | 35 -0.03061  2.65732e-06 | 36  0.02398  7.03760e-05
 37 -0.15738 -1.75425e-05 | 38  0.06643  5.36424e-05 | 39 -0.13532  5.44424e-05
 40 -0.02899 -4.69444e-05 | 41 -0.13505  4.24245e-05 | 42 -0.18932 -1.26721e-05
 43 -0.05936  4.63114e-05 | 44  0.49927  4.60356e-04 | 45 -0.06668  3.33102e-06
 46  0.08422  1.03384e-05 | 47 -0.05553  2.28877e-06 | 48  0.14152 -1.37961e-05
 49 -0.12751 -8.29183e-05 | 50 -0.31456 -4.82200e-05 | 51 -0.37526  4.27256e-05
 52 -0.11107  2.13642e-05 | 53 -0.14961  1.38575e-05 | 54  0.11220  1.09586e-04
 55  0.17907 -1.11396e-04 | 56  0.00501 -2.24452e-05 | 57  0.15595 -1.07727e-04
 58  0.24046 -1.60890e-04 | 59 -0.04074 -3.86442e-05 | 60  0.10755 -1.17779e-05
 61 -0.02224  6.37746e-05 | 62 -0.07729 -4.52050e-05 | 63 -0.25469 -8.12160e-06
 64 -0.16595  3.86719e-05 | 65 -0.06659 -3.46605e-05 | 66  0.01920  6.00071e-05
 67 -0.14042 -1.88418e-05 | 68 -0.01126 -1.87524e-05 | 69  0.11003 -4.03038e-05
 70  0.00000  0.00000e+00 | 71  0.00000  0.00000e+00 | 72  0.00000  0.00000e+00
 73  0.00000  0.00000e+00 | 74  0.00000  0.00000e+00 | 75  0.00000  0.00000e+00
 76  0.00000  0.00000e+00 | 77  0.00000  0.00000e+00 | 78  0.00000  0.00000e+00
 79  0.00000  0.00000e+00 | 80  0.00000  0.00000e+00 | 81  0.00000  0.00000e+00
 82 -0.27277 -4.40746e-05 | 83 -0.11376  1.19019e-04 | 84  0.17414 -6.26566e-05
 85 -0.17150  1.36539e-04 | 86 -0.26152 -2.79408e-06 | 87 -0.71555 -3.77947e-05
 88  0.28825  5.93907e-05 | 89 -0.15393  6.25875e-05 | 90  0.23735 -4.88098e-06
 91 -0.14750  8.08342e-05 | 92  0.34015 -1.35641e-04 | 93 -0.17041  2.63772e-04
 94  0.26049 -8.76915e-05 | 95 -0.09084  1.68845e-04 | 96 -0.13906  6.26506e-05
 97 -0.32330 -2.26852e-05 | 98 -0.11935 -2.44137e-05 | 99 -0.05443  5.74862e-05
100 -0.01253 -6.90679e-05 |101 -0.01133 -3.86483e-05 |102 -0.13108  2.43113e-06
103  0.46546 -7.61443e-06 |104 -0.15124  2.27764e-05 |105  0.39333  3.15909e-05
106 -0.26555  2.25062e-05 |107 -0.01480 -3.14808e-04 |108 -0.29596  2.29034e-04
109  0.04173 -4.35322e-05 |110 -0.20673  3.98686e-05 |
  ic > imax  in fminim is answer attained ?
Var    Value     Gradient |Var    Value     Gradient |Var    Value     Gradient
  1 -0.19801  1.62991e-03 |  2 -0.02418 -8.93516e-05 |  3 -0.03458 -3.58059e-09
  4 -0.00403 -1.13876e-04 |  5 -0.39434 -7.58893e-05 |  6 -0.01272  2.16785e-04
  7  0.11433 -9.05127e-05 |  8 -0.11559 -1.69802e-05 |  9  0.15158  1.68493e-05
 10 -0.17246  5.67180e-06 | 11 -0.00743 -1.13272e-03 | 12 -0.26945  8.39749e-05
 13  0.01167 -7.33927e-05 | 14  0.03873 -1.61776e-04 | 15  0.11931 -2.45035e-04
 16  0.00442 -1.06037e-04 | 17 -0.03232 -1.47402e-04 | 18  0.04056 -1.50126e-04
 19 -0.01624 -1.85650e-04 | 20  0.13896 -2.13023e-04 | 21 -0.07972 -3.49670e-06
 22 -0.10712 -7.37815e-05 | 23 -0.07407 -8.53644e-06 | 24  0.09143 -1.11650e-04
 25 -0.05420 -3.65151e-05 | 26 -0.18336 -4.47965e-05 | 27 -0.24777  2.97281e-05
 28 -0.18779 -6.80306e-06 | 29  0.26470 -2.51451e-06 | 30 -0.20870 -2.05928e-05
 31  0.03642 -1.83477e-05 | 32  0.02384  4.64895e-05 | 33  0.06452  1.29277e-04
 34  0.05944  7.84221e-05 | 35 -0.03061  2.65732e-06 | 36  0.02398  7.03760e-05
 37 -0.15738 -1.75425e-05 | 38  0.06643  5.36424e-05 | 39 -0.13532  5.44424e-05
 40 -0.02899 -4.69444e-05 | 41 -0.13505  4.24245e-05 | 42 -0.18932 -1.26721e-05
 43 -0.05936  4.63114e-05 | 44  0.49927  4.60356e-04 | 45 -0.06668  3.33102e-06
 46  0.08422  1.03384e-05 | 47 -0.05553  2.28877e-06 | 48  0.14152 -1.37961e-05
 49 -0.12751 -8.29183e-05 | 50 -0.31456 -4.82200e-05 | 51 -0.37526  4.27256e-05
 52 -0.11107  2.13642e-05 | 53 -0.14961  1.38575e-05 | 54  0.11220  1.09586e-04
 55  0.17907 -1.11396e-04 | 56  0.00501 -2.24452e-05 | 57  0.15595 -1.07727e-04
 58  0.24046 -1.60890e-04 | 59 -0.04074 -3.86442e-05 | 60  0.10755 -1.17779e-05
 61 -0.02224  6.37746e-05 | 62 -0.07729 -4.52050e-05 | 63 -0.25469 -8.12160e-06
 64 -0.16595  3.86719e-05 | 65 -0.06659 -3.46605e-05 | 66  0.01920  6.00071e-05
 67 -0.14042 -1.88418e-05 | 68 -0.01126 -1.87524e-05 | 69  0.11003 -4.03038e-05
 70  0.00000  0.00000e+00 | 71  0.00000  0.00000e+00 | 72  0.00000  0.00000e+00
 73  0.00000  0.00000e+00 | 74  0.00000  0.00000e+00 | 75  0.00000  0.00000e+00
 76  0.00000  0.00000e+00 | 77  0.00000  0.00000e+00 | 78  0.00000  0.00000e+00
 79  0.00000  0.00000e+00 | 80  0.00000  0.00000e+00 | 81  0.00000  0.00000e+00
 82 -0.27277 -4.40746e-05 | 83 -0.11376  1.19019e-04 | 84  0.17414 -6.26566e-05
 85 -0.17150  1.36539e-04 | 86 -0.26152 -2.79408e-06 | 87 -0.71555 -3.77947e-05
 88  0.28825  5.93907e-05 | 89 -0.15393  6.25875e-05 | 90  0.23735 -4.88098e-06
 91 -0.14750  8.08342e-05 | 92  0.34015 -1.35641e-04 | 93 -0.17041  2.63772e-04
 94  0.26049 -8.76915e-05 | 95 -0.09084  1.68845e-04 | 96 -0.13906  6.26506e-05
 97 -0.32330 -2.26852e-05 | 98 -0.11935 -2.44137e-05 | 99 -0.05443  5.74862e-05
100 -0.01253 -6.90679e-05 |101 -0.01133 -3.86483e-05 |102 -0.13108  2.43113e-06
103  0.46546 -7.61443e-06 |104 -0.15124  2.27764e-05 |105  0.39333  3.15909e-05
106 -0.26555  2.25062e-05 |107 -0.01480 -3.14808e-04 |108 -0.29596  2.29034e-04
109  0.04173 -4.35322e-05 |110 -0.20673  3.98686e-05 |
Function minimizer not making progress ... is minimum attained?
Minimprove criterion = 0.0000e+00

 - final statistics:
110 variables; iteration 1; function evaluation 30
Function value 2.6196e+03; maximum gradient component mag 1.6299e-03
Exit code = 1;  converg criter 1.0000e-04
Var    Value     Gradient |Var    Value     Gradient |Var    Value     Gradient
  1 -0.19801  1.62991e-03 |  2 -0.02418 -8.93516e-05 |  3 -0.03458 -3.58059e-09
  4 -0.00403 -1.13876e-04 |  5 -0.39434 -7.58893e-05 |  6 -0.01272  2.16785e-04
  7  0.11433 -9.05127e-05 |  8 -0.11559 -1.69802e-05 |  9  0.15158  1.68493e-05
 10 -0.17246  5.67180e-06 | 11 -0.00743 -1.13272e-03 | 12 -0.26945  8.39749e-05
 13  0.01167 -7.33927e-05 | 14  0.03873 -1.61776e-04 | 15  0.11931 -2.45035e-04
 16  0.00442 -1.06037e-04 | 17 -0.03232 -1.47402e-04 | 18  0.04056 -1.50126e-04
 19 -0.01624 -1.85650e-04 | 20  0.13896 -2.13023e-04 | 21 -0.07972 -3.49670e-06
 22 -0.10712 -7.37815e-05 | 23 -0.07407 -8.53644e-06 | 24  0.09143 -1.11650e-04
 25 -0.05420 -3.65151e-05 | 26 -0.18336 -4.47965e-05 | 27 -0.24777  2.97281e-05
 28 -0.18779 -6.80306e-06 | 29  0.26470 -2.51451e-06 | 30 -0.20870 -2.05928e-05
 31  0.03642 -1.83477e-05 | 32  0.02384  4.64895e-05 | 33  0.06452  1.29277e-04
 34  0.05944  7.84221e-05 | 35 -0.03061  2.65732e-06 | 36  0.02398  7.03760e-05
 37 -0.15738 -1.75425e-05 | 38  0.06643  5.36424e-05 | 39 -0.13532  5.44424e-05
 40 -0.02899 -4.69444e-05 | 41 -0.13505  4.24245e-05 | 42 -0.18932 -1.26721e-05
 43 -0.05936  4.63114e-05 | 44  0.49927  4.60356e-04 | 45 -0.06668  3.33102e-06
 46  0.08422  1.03384e-05 | 47 -0.05553  2.28877e-06 | 48  0.14152 -1.37961e-05
 49 -0.12751 -8.29183e-05 | 50 -0.31456 -4.82200e-05 | 51 -0.37526  4.27256e-05
 52 -0.11107  2.13642e-05 | 53 -0.14961  1.38575e-05 | 54  0.11220  1.09586e-04
 55  0.17907 -1.11396e-04 | 56  0.00501 -2.24452e-05 | 57  0.15595 -1.07727e-04
 58  0.24046 -1.60890e-04 | 59 -0.04074 -3.86442e-05 | 60  0.10755 -1.17779e-05
 61 -0.02224  6.37746e-05 | 62 -0.07729 -4.52050e-05 | 63 -0.25469 -8.12160e-06
 64 -0.16595  3.86719e-05 | 65 -0.06659 -3.46605e-05 | 66  0.01920  6.00071e-05
 67 -0.14042 -1.88418e-05 | 68 -0.01126 -1.87524e-05 | 69  0.11003 -4.03038e-05
 70  0.00000  0.00000e+00 | 71  0.00000  0.00000e+00 | 72  0.00000  0.00000e+00
 73  0.00000  0.00000e+00 | 74  0.00000  0.00000e+00 | 75  0.00000  0.00000e+00
 76  0.00000  0.00000e+00 | 77  0.00000  0.00000e+00 | 78  0.00000  0.00000e+00
 79  0.00000  0.00000e+00 | 80  0.00000  0.00000e+00 | 81  0.00000  0.00000e+00
 82 -0.27277 -4.40746e-05 | 83 -0.11376  1.19019e-04 | 84  0.17414 -6.26566e-05
 85 -0.17150  1.36539e-04 | 86 -0.26152 -2.79408e-06 | 87 -0.71555 -3.77947e-05
 88  0.28825  5.93907e-05 | 89 -0.15393  6.25875e-05 | 90  0.23735 -4.88098e-06
 91 -0.14750  8.08342e-05 | 92  0.34015 -1.35641e-04 | 93 -0.17041  2.63772e-04
 94  0.26049 -8.76915e-05 | 95 -0.09084  1.68845e-04 | 96 -0.13906  6.26506e-05
 97 -0.32330 -2.26852e-05 | 98 -0.11935 -2.44137e-05 | 99 -0.05443  5.74862e-05
100 -0.01253 -6.90679e-05 |101 -0.01133 -3.86483e-05 |102 -0.13108  2.43113e-06
103  0.46546 -7.61443e-06 |104 -0.15124  2.27764e-05 |105  0.39333  3.15909e-05
106 -0.26555  2.25062e-05 |107 -0.01480 -3.14808e-04 |108 -0.29596  2.29034e-04
109  0.04173 -4.35322e-05 |110 -0.20673  3.98686e-05 |
size of file gradfil1.tmp = 0
size of file gradfil2.tmp = 0
size of file varssave.tmp = 0
size of file cmpdiff.tmp = 200000008
