
Initial statistics: 2 variables; iteration 0; function evaluation 0; phase 1
Function value 2.6518574e+03; maximum gradient component mag 6.1767e+01
Var    Value     Gradient |Var    Value     Gradient |Var    Value     Gradient
  1  0.22764  6.17665e+01 |  2 -0.40967 -1.68859e+01 |

 - final statistics:
2 variables; iteration 4; function evaluation 7
Function value 2.6474e+03; maximum gradient component mag -5.3141e+00
Exit code = 1;  converg criter 1.0000e+01
Var    Value     Gradient |Var    Value     Gradient |Var    Value     Gradient
  1  0.12313 -5.31407e+00 |  2 -0.38447 -1.22234e+00 |

Initial statistics: 12 variables; iteration 0; function evaluation 0; phase 2
Function value 2.6474147e+03; maximum gradient component mag -3.2679e+03
Var    Value     Gradient |Var    Value     Gradient |Var    Value     Gradient
  1 -0.25350 -2.23958e+02 |  2 -0.36315 -1.16507e+03 |  3  0.09126 -8.63157e+02
  4 -0.04247 -1.16608e+03 |  5 -0.61004 -1.15597e+03 |  6 -0.61004  3.38153e+02
  7  0.12819 -3.26791e+03 |  8 -0.06377 -2.30116e+03 |  9  0.00000 -1.04486e+03
 10  0.00000 -3.51576e+02 | 11  0.12313 -5.31407e+00 | 12 -0.38447 -1.22234e+00

Intermediate statistics: 12 variables; iteration 20; function evaluation 33; phase 2
Function value 2.1116270e+03; maximum gradient component mag 1.3977e+02
Var    Value     Gradient |Var    Value     Gradient |Var    Value     Gradient
  1 -0.21674  1.96816e-01 |  2  0.00475  6.54844e+01 |  3 -0.05632 -5.05096e+01
  4 -0.02100  3.43202e+01 |  5 -0.58907  1.08782e+02 |  6 -1.15538 -1.33853e+01
  7  0.27800  1.39767e+02 |  8 -0.10103  1.10213e+02 |  9  0.01327  5.24370e+01
 10  0.24443  2.30251e+01 | 11  0.99648 -2.18987e-02 | 12 -0.31134  4.23640e+00

 - final statistics:
12 variables; iteration 26; function evaluation 39
Function value 2.1088e+03; maximum gradient component mag -4.7017e+00
Exit code = 1;  converg criter 1.0000e+01
Var    Value     Gradient |Var    Value     Gradient |Var    Value     Gradient
  1 -0.21383 -1.18875e-01 |  2 -0.01243 -1.98994e+00 |  3 -0.03641 -3.67076e+00
  4 -0.03161 -2.80343e+00 |  5 -0.59532  1.61463e-01 |  6 -1.17085 -4.70170e+00
  7  0.27099  1.46504e+00 |  8 -0.10384 -2.77831e+00 |  9  0.02783 -3.27530e+00
 10  0.15122  6.90117e-01 | 11  0.92208 -5.34857e-01 | 12 -0.32914 -1.90637e-01

Initial statistics: 36 variables; iteration 0; function evaluation 0; phase 3
Function value 2.1087656e+03; maximum gradient component mag -8.2086e+02
Var    Value     Gradient |Var    Value     Gradient |Var    Value     Gradient
  1 -0.21383 -1.18875e-01 |  2 -0.01243 -1.98994e+00 |  3 -0.03641 -3.67076e+00
  4 -0.03161 -2.80343e+00 |  5 -0.59532  1.61463e-01 |  6 -0.82915  4.70170e+00
  7  0.16086 -9.35537e+01 |  8  0.27099  1.46504e+00 |  9 -0.10384 -2.77831e+00
 10  0.02783 -3.27530e+00 | 11  0.15122  6.90117e-01 | 12  0.92208 -5.34857e-01
 13 -0.32914 -1.90637e-01 | 14 -0.11760 -3.44307e+02 | 15 -0.21635  1.06658e+02
 16 -0.11760 -8.20860e+02 | 17 -0.21635  2.61928e+02 | 18 -0.11760 -3.84657e+01
 19 -0.21635  1.13012e+01 | 20 -0.11760 -2.97379e+02 | 21 -0.21635  8.78821e+01
 22 -0.11760  6.66025e+00 | 23 -0.21635 -1.42510e+01 | 24  0.16024  3.28075e-04
 25  0.62714  5.26657e-03 | 26 -0.11760  1.82957e+02 | 27 -0.21635 -9.98458e+01
 28  0.53959  3.64946e-03 | 29  0.62714  5.77378e-03 | 30  0.00000  5.58932e+02
 31 -0.21635 -3.38567e+02 | 32  0.16024  7.56896e+01 | 33 -0.11760  6.77582e+02
 34 -0.21635 -5.02131e+02 | 35  0.16024  2.16472e-03 | 36  0.62714  1.02816e-02

Intermediate statistics: 36 variables; iteration 20; function evaluation 29; phase 3
Function value 1.8454972e+03; maximum gradient component mag -3.8344e+02
Var    Value     Gradient |Var    Value     Gradient |Var    Value     Gradient
  1 -0.07433  1.73529e+02 |  2 -0.00454 -7.36265e+01 |  3 -0.04594 -2.93358e+02
  4 -0.09982 -2.09606e+02 |  5 -0.58620 -2.76322e+02 |  6 -0.84438 -1.30412e+02
  7  0.11742  4.31294e+01 |  8  0.22734 -1.65708e+02 |  9 -0.01510 -4.09752e+01
 10 -0.03142 -4.70639e+01 | 11  0.24780 -1.45185e+01 | 12  0.90030 -1.19343e+00
 13 -0.33104  2.15891e-01 | 14  0.17331 -8.78158e+01 | 15  0.02943  9.81216e+01
 16 -0.01131 -3.83436e+02 | 17 -0.16426  1.42781e+02 | 18  0.17069  4.26336e+00
 19 -0.03150 -5.33633e+00 | 20  0.21983 -1.56659e+02 | 21 -0.01068  1.28452e+02
 22  0.01265 -3.81364e+01 | 23 -0.03559  1.79293e+01 | 24  0.16023  5.28504e-04
 25  0.62698  4.32984e-03 | 26 -0.11654  2.81163e-01 | 27 -0.09485 -4.43074e+00
 28  0.53946  3.54613e-03 | 29  0.62697  4.67413e-03 | 30  0.09157 -1.92900e+00
 31  0.05498 -6.69832e+00 | 32 -0.40927 -1.14779e+01 | 33  0.01281 -2.07636e+01
 34  0.23743  1.86559e+01 | 35  0.16023  8.73028e-04 | 36  0.62695  5.06789e-03
36 variables; iteration 40; function evaluation 62; phase 3
Function value 1.8016636e+03; maximum gradient component mag 2.2058e+02
Var    Value     Gradient |Var    Value     Gradient |Var    Value     Gradient
  1 -0.19492  2.20582e+02 |  2  0.01072  9.93303e-01 |  3 -0.04915 -2.42065e+01
  4 -0.11280 -1.04761e+01 |  5 -0.58486 -2.74283e+01 |  6 -0.83005 -9.59048e+00
  7  0.08874 -8.34670e+00 |  8  0.21725  3.49042e+01 |  9  0.02847  3.10696e+01
 10 -0.05438  5.97257e+00 | 11  0.22056 -1.02219e+00 | 12  0.07857 -1.27984e+02
 13 -0.42170  4.66957e+00 | 14  0.31358 -2.14481e+01 | 15  0.06943  3.63793e+00
 16  0.23634  6.91414e+00 | 17  0.06700  1.75190e+01 | 18  0.21063  2.37268e+00
 19  0.01735 -1.77268e+00 | 20  0.39267 -6.35253e+00 | 21  0.02965  8.97201e+00
 22  0.26018 -1.04096e+00 | 23  0.13412  4.48741e-01 | 24  0.13877  7.08267e-04
 25  0.50822  3.11373e-03 | 26 -0.06870 -3.55201e+00 | 27 -0.01666  1.62215e+00
 28  0.45774  2.57734e-03 | 29  0.52164  1.91842e-03 | 30  0.00651  1.56955e+01
 31 -0.00545 -1.50969e+01 | 32 -0.13786  8.19778e-02 | 33  0.20239  1.01886e+01
 34  0.34956 -8.92414e+00 | 35  0.13627  1.41308e-03 | 36  0.49908  5.70688e-03
Maximum number of function evaluations exceeded

 - final statistics:
36 variables; iteration 60; function evaluation 100
Function value 1.7935e+03; maximum gradient component mag -1.0210e+00
Exit code = 3;  converg criter 1.0000e+00
Var    Value     Gradient |Var    Value     Gradient |Var    Value     Gradient
  1 -0.28169  3.04011e-01 |  2  0.00468 -1.87568e-01 |  3 -0.04425 -1.02101e+00
  4 -0.09762 -6.29517e-01 |  5 -0.58520 -7.54850e-01 |  6 -0.83069 -2.32620e-01
  7  0.17558 -5.60423e-01 |  8  0.22012 -3.74415e-01 |  9  0.01451 -1.04930e-01
 10 -0.05006 -1.96476e-01 | 11  0.21881 -4.84729e-02 | 12 -0.01799 -5.72776e-01
 13 -0.47834  4.11808e-02 | 14  0.34913 -4.85667e-01 | 15  0.10135  3.48070e-01
 16  0.16745  5.30201e-01 | 17  0.02673  3.12966e-01 | 18  0.15360 -3.76851e-01
 19 -0.01226  2.33587e-01 | 20  0.36312 -8.77096e-01 | 21  0.02589  3.18423e-01
 22  0.19901 -7.41051e-01 | 23  0.11382  2.33004e-01 | 24  0.00338  9.19045e-03
 25  0.05150  2.98096e-02 | 26 -0.09861  4.74916e-01 | 27 -0.04042 -1.88274e-01
 28  0.35827  1.68931e-03 | 29  0.46853  4.41155e-04 | 30  0.00000 -1.22541e-01
 31  0.00964 -3.93336e-03 | 32 -0.13149 -9.38972e-02 | 33  0.09780 -2.63956e-01
 34  0.30094  2.00530e-01 | 35  0.02444 -1.22288e-01 | 36 -0.13340 -2.61996e-01

Initial statistics: 36 variables; iteration 0; function evaluation 0; phase 4
Function value 1.7934883e+03; maximum gradient component mag 1.1183e+01
Var    Value     Gradient |Var    Value     Gradient |Var    Value     Gradient
  1 -0.28169  1.11832e+01 |  2  0.00468 -3.38154e-01 |  3 -0.04425 -3.45394e+00
  4 -0.09762 -1.17112e+00 |  5 -0.58520 -2.09566e+00 |  6 -0.83069 -1.18538e+00
  7  0.17558  4.80123e-01 |  8  0.22012 -4.14188e+00 |  9  0.01451 -1.88818e+00
 10 -0.05006 -9.49216e-01 | 11  0.21881 -3.04189e-01 | 12 -0.01799 -9.39906e+00
 13 -0.47834 -2.53609e-01 | 14  0.34913 -2.49991e-02 | 15  0.10135  5.11365e-01
 16  0.16745  1.52690e+00 | 17  0.02673 -3.28266e+00 | 18  0.15360  1.47554e-01
 19 -0.01226 -7.83685e-02 | 20  0.36312  4.95484e-01 | 21  0.02589 -1.29166e-01
 22  0.19901 -4.24300e-01 | 23  0.11382  4.00220e-01 | 24  0.00338  7.15785e-01
 25  0.05150  1.45570e+00 | 26 -0.09861 -1.66731e+00 | 27 -0.04042  1.15755e+00
 28  0.35827  1.38456e-03 | 29  0.46853 -2.38288e-04 | 30  0.00000  2.51839e-01
 31  0.00964  7.20545e-02 | 32 -0.13149  4.02516e-01 | 33  0.09780  3.34030e+00
 34  0.30094 -2.25888e+00 | 35  0.02444  1.02343e+00 | 36 -0.13340  4.12349e-01

Intermediate statistics: 36 variables; iteration 20; function evaluation 25; phase 4
Function value 1.7933778e+03; maximum gradient component mag -7.5959e+00
Var    Value     Gradient |Var    Value     Gradient |Var    Value     Gradient
  1 -0.28412  1.15710e+00 |  2  0.00381 -1.42170e+00 |  3 -0.04278 -3.87291e+00
  4 -0.09801 -1.80788e+00 |  5 -0.58530 -7.59586e+00 |  6 -0.83059 -3.29545e+00
  7  0.17778 -1.17942e+00 |  8  0.21967 -3.36288e+00 |  9  0.01516 -1.47038e+00
 10 -0.05013 -1.42623e+00 | 11  0.21820 -5.48227e-01 | 12 -0.02023 -2.10460e+00
 13 -0.47743  1.36394e-01 | 14  0.34045  1.02292e+00 | 15  0.09718 -2.70709e+00
 16  0.16674  7.40336e-01 | 17  0.02704 -5.41797e-01 | 18  0.15094 -2.36048e-01
 19 -0.01353  1.93259e-01 | 20  0.35722 -8.49484e-01 | 21  0.02331  6.22631e-01
 22  0.20923 -1.49114e+00 | 23  0.11968  2.01222e+00 | 24 -0.04817  7.28305e-01
 25 -0.01477 -8.58005e-01 | 26 -0.09845 -2.19075e+00 | 27 -0.03849  1.72752e+00
 28  0.35817  1.40228e-03 | 29  0.46854 -1.09844e-04 | 30  0.00189  1.85140e+00
 31  0.01054 -9.10640e-01 | 32 -0.13598  2.64535e-01 | 33  0.10048  9.24817e-01
 34  0.31117 -5.40328e-01 | 35  0.01593  3.80373e-01 | 36 -0.13675  8.77055e-02
36 variables; iteration 40; function evaluation 51; phase 4
Function value 1.7931773e+03; maximum gradient component mag -6.7001e-02
Var    Value     Gradient |Var    Value     Gradient |Var    Value     Gradient
  1 -0.28377 -6.70014e-02 |  2  0.00442  8.48586e-03 |  3 -0.04192  3.32701e-02
  4 -0.09948  1.10583e-02 |  5 -0.58493  2.86057e-02 |  6 -0.83063  4.97015e-03
  7  0.17729  3.92264e-04 |  8  0.21929  1.14988e-04 |  9  0.01613 -6.21970e-03
 10 -0.05086  1.00685e-02 | 11  0.21874  1.73736e-03 | 12 -0.01988  4.61357e-02
 13 -0.47772 -1.07084e-03 | 14  0.34227  1.66344e-02 | 15  0.09849 -1.67952e-02
 16  0.16652 -1.00390e-02 | 17  0.02679  7.58813e-03 | 18  0.15154  4.50612e-03
 19 -0.01367 -8.63488e-03 | 20  0.35820 -1.57221e-03 | 21  0.02373  3.98154e-03
 22  0.24318  1.12596e-02 | 23  0.13751  8.89083e-03 | 24 -0.38445  4.68927e-03
 25  0.01164  3.96238e-03 | 26 -0.09743 -1.29239e-02 | 27 -0.04072  2.16626e-03
 28  0.35037  1.33817e-03 | 29  0.46873 -5.69258e-05 | 30  0.00072 -8.91409e-03
 31  0.01043  5.20937e-03 | 32 -0.13414 -7.42511e-04 | 33  0.11692  2.82687e-02
 34  0.32714 -8.13464e-03 | 35 -0.03056  2.20513e-02 | 36 -0.11141 -2.53164e-03
  ic > imax  in fminim is answer attained ?
Var    Value     Gradient |Var    Value     Gradient |Var    Value     Gradient
  1 -0.28372  1.69812e-02 |  2  0.00441 -1.78768e-03 |  3 -0.04192 -8.17020e-03
  4 -0.09950 -3.39436e-03 |  5 -0.58492 -1.20086e-02 |  6 -0.83064 -2.73313e-03
  7  0.17720  1.71202e-03 |  8  0.21927 -6.60374e-03 |  9  0.01618 -2.29580e-03
 10 -0.05091 -4.52847e-03 | 11  0.21883 -3.36212e-03 | 12 -0.01983 -1.66580e-02
 13 -0.47770 -1.94974e-03 | 14  0.34226 -9.97312e-03 | 15  0.09847  9.54740e-03
 16  0.16656  2.25001e-03 | 17  0.02681 -4.14668e-03 | 18  0.15160 -2.17229e-04
 19 -0.01361 -2.23562e-03 | 20  0.35823  4.70690e-03 | 21  0.02374 -2.51889e-03
 22  0.24334 -1.26431e-02 | 23  0.13758  7.86900e-03 | 24 -0.38627 -1.72636e-03
 25  0.01168 -4.35405e-03 | 26 -0.09722  1.43624e-03 | 27 -0.04047 -3.61996e-04
 28  0.34165  1.24812e-03 | 29  0.46916 -1.02533e-04 | 30  0.00073  3.27164e-03
 31  0.01044 -7.72746e-04 | 32 -0.13415  3.65528e-05 | 33  0.12040  2.55379e-02
 34  0.33013 -6.93621e-03 | 35 -0.04017  1.05126e-02 | 36 -0.10766  9.82869e-03
Function minimizer not making progress ... is minimum attained?
Minimprove criterion = 0.0000e+00

 - final statistics:
36 variables; iteration 44; function evaluation 84
Function value 1.7932e+03; maximum gradient component mag 2.5538e-02
Exit code = 1;  converg criter 1.0000e-04
Var    Value     Gradient |Var    Value     Gradient |Var    Value     Gradient
  1 -0.28372  1.69812e-02 |  2  0.00441 -1.78768e-03 |  3 -0.04192 -8.17020e-03
  4 -0.09950 -3.39436e-03 |  5 -0.58492 -1.20086e-02 |  6 -0.83064 -2.73313e-03
  7  0.17720  1.71202e-03 |  8  0.21927 -6.60374e-03 |  9  0.01618 -2.29580e-03
 10 -0.05091 -4.52847e-03 | 11  0.21883 -3.36212e-03 | 12 -0.01983 -1.66580e-02
 13 -0.47770 -1.94974e-03 | 14  0.34226 -9.97312e-03 | 15  0.09847  9.54740e-03
 16  0.16656  2.25001e-03 | 17  0.02681 -4.14668e-03 | 18  0.15160 -2.17229e-04
 19 -0.01361 -2.23562e-03 | 20  0.35823  4.70690e-03 | 21  0.02374 -2.51889e-03
 22  0.24334 -1.26431e-02 | 23  0.13758  7.86900e-03 | 24 -0.38627 -1.72636e-03
 25  0.01168 -4.35405e-03 | 26 -0.09722  1.43624e-03 | 27 -0.04047 -3.61996e-04
 28  0.34165  1.24812e-03 | 29  0.46916 -1.02533e-04 | 30  0.00073  3.27164e-03
 31  0.01044 -7.72746e-04 | 32 -0.13415  3.65528e-05 | 33  0.12040  2.55379e-02
 34  0.33013 -6.93621e-03 | 35 -0.04017  1.05126e-02 | 36 -0.10766  9.82869e-03
size of file gradfil1.tmp = 0
size of file gradfil2.tmp = 0
size of file varssave.tmp = 0
size of file cmpdiff.tmp = 0
