
Initial statistics: 3 variables; iteration 0; function evaluation 0; phase 1
Function value 4.1991728e+03; maximum gradient component mag -5.6198e+01
Var    Value     Gradient |Var    Value     Gradient |Var    Value     Gradient
  1  0.12819  5.41150e+01 |  2 -0.12819  4.75809e+00 |  3 -0.21635 -5.61984e+01

 - final statistics:
3 variables; iteration 7; function evaluation 12
Function value 4.1903e+03; maximum gradient component mag 6.3147e+00
Exit code = 1;  converg criter 1.0000e+01
Var    Value     Gradient |Var    Value     Gradient |Var    Value     Gradient
  1  0.06110  6.31466e+00 |  2 -0.19952  1.85594e-02 |  3  0.07562 -1.88438e+00

Initial statistics: 13 variables; iteration 0; function evaluation 0; phase 2
Function value 4.1902573e+03; maximum gradient component mag 1.1690e+03
Var    Value     Gradient |Var    Value     Gradient |Var    Value     Gradient
  1 -0.26966 -3.37112e+02 |  2  0.00000 -2.75460e+02 |  3 -0.26198 -4.79432e+02
  4 -0.03352 -7.45752e+01 |  5  0.18446  2.58195e+02 |  6 -0.04247 -2.06392e+02
  7  0.33333  1.16902e+03 |  8 -0.53989  1.05710e+02 |  9  0.00000 -1.35371e+02
 10 -0.21635 -4.27513e+01 | 11  0.06110  6.31466e+00 | 12 -0.19952  1.85594e-02
 13  0.07562 -1.88438e+00 |

Intermediate statistics: 13 variables; iteration 20; function evaluation 30; phase 2
Function value 3.7907379e+03; maximum gradient component mag 3.5874e+01
Var    Value     Gradient |Var    Value     Gradient |Var    Value     Gradient
  1 -0.21294  2.12151e+01 |  2  0.07868  5.01939e+00 |  3 -0.08224  4.81342e+00
  4 -0.03660  5.18490e+00 |  5 -0.46584  2.59897e+00 |  6  0.10820  4.35737e+00
  7  0.15181  3.58738e+01 |  8 -0.35909  1.04390e+01 |  9  0.25853  3.32675e+00
 10 -0.24513  2.64535e-01 | 11  0.74222 -2.85127e+00 | 12 -0.16653 -4.17618e-01
 13  0.10010 -4.66980e-01 |

 - final statistics:
13 variables; iteration 23; function evaluation 33
Function value 3.7904e+03; maximum gradient component mag 7.9913e+00
Exit code = 1;  converg criter 1.0000e+01
Var    Value     Gradient |Var    Value     Gradient |Var    Value     Gradient
  1 -0.21256  1.91096e+00 |  2  0.07843  2.16894e+00 |  3 -0.08057  1.72106e+00
  4 -0.03777 -1.45132e+00 |  5 -0.46595 -5.46985e-01 |  6  0.10710  4.67228e-01
  7  0.15250  7.99129e+00 |  8 -0.36950  1.73079e+00 |  9  0.26191 -1.00428e+00
 10 -0.25407 -1.60867e+00 | 11  0.99058 -7.80062e-02 | 12 -0.16052  2.46484e-02
 13  0.10839  1.32823e-02 |

Initial statistics: 47 variables; iteration 0; function evaluation 0; phase 3
Function value 3.7903823e+03; maximum gradient component mag 1.5269e+03
Var    Value     Gradient |Var    Value     Gradient |Var    Value     Gradient
  1 -0.21256  1.91096e+00 |  2  0.07843  2.16894e+00 |  3 -0.08057  1.72106e+00
  4 -0.03777 -1.45132e+00 |  5 -0.46595 -5.46985e-01 |  6  0.10710  4.67228e-01
  7  0.15250  7.99129e+00 |  8 -0.36950  1.73079e+00 |  9  0.26191 -1.00428e+00
 10 -0.25407 -1.60867e+00 | 11  0.99058 -7.80062e-02 | 12 -0.16052  2.46484e-02
 13  0.10839  1.32823e-02 | 14 -0.10028 -2.94220e+02 | 15 -0.45481  1.37289e+02
 16  0.20089  1.20208e+00 | 17 -0.10028 -8.63910e+01 | 18 -0.45481  4.07625e+01
 19 -0.11760 -3.63918e+02 | 20 -0.33425  1.51341e+02 | 21 -0.11760 -2.03788e+02
 22 -0.33425  3.80492e+01 | 23 -0.10723 -1.95907e+02 | 24 -0.11760 -2.05195e+02
 25 -0.33425  7.91179e+01 | 26  0.02302  1.52686e+03 | 27 -0.31415 -1.07445e+03
 28  0.53959  1.69732e+01 | 29 -0.62714  3.42088e-03 | 30  0.00000  5.31143e+02
 31 -0.21635 -3.14214e+02 | 32  0.16024  8.01542e+01 | 33 -0.11760  1.02177e+00
 34 -0.10723 -1.95946e+02 | 35 -0.10723 -8.58397e+01 | 36 -0.10028 -5.74837e+01
 37 -0.45481  2.42458e+01 | 38 -0.11760 -5.74315e+02 | 39 -0.33425  2.89963e+02
 40 -0.11760 -6.59952e+02 | 41 -0.33425  1.31424e+02 | 42 -0.10723 -6.26022e+02
 43 -0.11760 -1.78431e+02 | 44 -0.33425 -4.31092e+01 | 45 -0.10723 -2.06576e+02
 46  0.02302  2.59461e+02 | 47 -0.31415 -1.74711e+02 |

Intermediate statistics: 47 variables; iteration 20; function evaluation 28; phase 3
Function value 3.2710395e+03; maximum gradient component mag 3.2417e+02
Var    Value     Gradient |Var    Value     Gradient |Var    Value     Gradient
  1 -0.01478  1.60926e+02 |  2  0.03905  1.00909e+02 |  3 -0.11579  9.06871e+01
  4 -0.02801  1.05551e+02 |  5 -0.40757  6.70280e+01 |  6 -0.14059  1.95539e+01
  7  0.07780  3.05310e+02 |  8  0.00449  1.05484e+02 |  9 -0.07774  4.59752e+01
 10  0.05752  2.80043e+01 | 11  0.98965 -4.59176e-02 | 12 -0.16690 -5.45225e-02
 13  0.10799  2.06243e-03 | 14  0.22261 -1.78034e+01 | 15 -0.27425  1.54049e+02
 16  0.18679  1.58754e-01 | 17  0.44173 -2.97476e+01 | 18 -0.22438  1.50383e+02
 19  0.32151 -9.75154e+01 | 20 -0.12089  3.24170e+02 | 21  0.41850 -6.51183e+00
 22 -0.12153  4.63945e+01 | 23 -0.11413  4.15440e-02 | 24  0.33263 -1.27213e+02
 25 -0.13738  2.51062e+02 | 26 -0.34894 -2.52371e+02 | 27 -0.71297  2.30569e+01
 28  0.56465 -8.96354e+00 | 29 -0.62704 -7.58425e-03 | 30  0.09711  9.00573e+01
 31  0.05799 -3.79238e+01 | 32 -0.16917  1.78455e+01 | 33  0.19447 -1.51505e+01
 34  0.04352  6.13117e+01 | 35 -0.04227  1.31399e+00 | 36  0.44273  5.31266e+00
 37 -0.34785 -1.20239e+01 | 38  0.01150 -7.82949e+01 | 39 -0.27210  6.64090e+01
 40  0.32202 -5.84368e+01 | 41 -0.15105  1.60797e+02 | 42 -0.33155 -6.10259e+00
 43  0.11773 -2.75474e+01 | 44 -0.14396  3.99770e+01 | 45 -0.20967 -1.52601e+01
 46  0.14423  1.14347e+00 | 47 -0.12844  2.56814e+00 |
47 variables; iteration 40; function evaluation 52; phase 3
Function value 3.2458737e+03; maximum gradient component mag 1.6900e+02
Var    Value     Gradient |Var    Value     Gradient |Var    Value     Gradient
  1  0.01475  7.98316e+01 |  2  0.01646  5.52480e+01 |  3 -0.11040  4.01815e+01
  4 -0.03351  4.53991e+01 |  5 -0.41877  2.89210e+01 |  6 -0.16774  1.67419e+01
  7  0.08042  1.68998e+02 |  8 -0.01288  4.09718e+01 |  9 -0.08947  7.22512e+00
 10  0.06780  1.51431e+01 | 11  0.98795 -1.44005e-03 | 12 -0.18119 -1.32500e+00
 13  0.10690 -5.91530e-02 | 14  0.21131  2.03298e+01 | 15 -0.29223  4.65899e+01
 16 -0.09075  3.19876e+00 | 17  0.45598 -1.33843e+01 | 18 -0.24354  7.16163e+01
 19  0.31663 -4.41454e+01 | 20 -0.14047  1.49642e+02 | 21  0.40945  4.10078e+00
 22 -0.14070  1.68074e+01 | 23 -0.50706 -4.18626e-02 | 24  0.37172 -4.01815e+01
 25 -0.15021  5.10591e+01 | 26 -0.31358 -1.17726e+02 | 27 -0.67659  1.08660e+01
 28  0.85368 -6.56486e-01 | 29 -0.62435 -5.83972e-03 | 30  0.10569  5.11389e+01
 31  0.06245 -2.97773e+01 | 32 -0.34217 -1.52960e-01 | 33  0.27059 -7.27874e+00
 34  0.04246  3.10236e+01 | 35 -0.26826 -5.81681e-01 | 36  0.44889  2.90004e+00
 37 -0.34960 -1.01654e+01 | 38  0.02127 -1.32854e+01 | 39 -0.27309 -9.55532e+00
 40  0.32881 -4.16629e+01 | 41 -0.15814  1.23920e+02 | 42 -0.25480 -2.70868e+00
 43  0.05172 -1.12915e+01 | 44 -0.18408  2.62705e+00 | 45 -0.02226  8.77188e+00
 46  0.19467 -3.49542e+00 | 47 -0.09809  1.19063e+01 |
47 variables; iteration 60; function evaluation 78; phase 3
Function value 3.2264289e+03; maximum gradient component mag -1.5174e+01
Var    Value     Gradient |Var    Value     Gradient |Var    Value     Gradient
  1 -0.01475 -1.51743e+01 |  2  0.03288 -9.63894e-01 |  3 -0.13226 -7.47794e-02
  4 -0.03672  6.30429e-01 |  5 -0.42913  6.44039e-01 |  6 -0.16435  3.01392e+00
  7  0.06718 -1.11177e+01 |  8  0.01529 -2.00588e+00 |  9 -0.08594  9.13298e-02
 10  0.07653  1.23787e+00 | 11  0.46811  1.37846e+00 | 12 -0.16505  7.79562e-01
 13  0.10383 -2.11499e-01 | 14  0.16971  2.28233e+00 | 15 -0.32302 -5.48173e+00
 16 -0.30530  1.25495e+00 | 17  0.36090  1.39484e+00 | 18 -0.28398 -6.88192e+00
 19  0.27717 -1.14304e+00 | 20 -0.16497 -9.45913e-01 | 21  0.33607 -2.99534e+00
 22 -0.17735  6.19741e+00 | 23 -0.67445 -1.04512e+00 | 24  0.46352  3.34642e+00
 25 -0.12495 -2.38113e+00 | 26 -0.17233  6.95640e+00 | 27 -0.35769 -5.51475e+00
 28  0.56821  6.91230e-01 | 29 -0.47287 -3.88824e-04 | 30  0.02698  3.16458e+00
 31  0.02666 -1.42622e+00 | 32 -0.14435  9.43490e-01 | 33  0.27010  1.90793e+00
 34  0.03842 -3.67061e+00 | 35 -0.28299 -7.18799e-02 | 36  0.48672  6.32794e-01
 37 -0.33056  1.29112e+00 | 38  0.04642 -1.84089e+00 | 39 -0.24961 -1.50463e+00
 40  0.28385 -5.20449e-01 | 41 -0.19787 -7.81658e+00 | 42 -0.23615 -3.20500e+00
 43  0.11647  8.25513e+00 | 44 -0.15207 -1.17200e+01 | 45 -0.16816  8.12931e-01
 46  0.18916  2.34102e+00 | 47 -0.10554 -1.00460e+00 |

 - final statistics:
47 variables; iteration 77; function evaluation 95
Function value 3.2260e+03; maximum gradient component mag 9.1617e-01
Exit code = 1;  converg criter 1.0000e+00
Var    Value     Gradient |Var    Value     Gradient |Var    Value     Gradient
  1 -0.00448  9.16172e-01 |  2  0.03009 -3.51208e-02 |  3 -0.13079  1.36857e-01
  4 -0.03772 -1.03050e-02 |  5 -0.42795 -4.66288e-02 |  6 -0.17176  3.44705e-02
  7  0.06871 -2.44887e-01 |  8  0.01163 -1.69073e-01 |  9 -0.08461  2.80061e-02
 10  0.07108  1.60029e-02 | 11  0.51555  2.48331e-03 | 12 -0.17234 -6.43249e-03
 13  0.10755 -3.01598e-03 | 14  0.17445 -8.17307e-01 | 15 -0.32042  8.08575e-01
 16 -0.31473 -7.96912e-02 | 17  0.37189 -1.69916e-01 | 18 -0.27975  6.23917e-02
 19  0.28302 -1.13108e-01 | 20 -0.16341 -7.54918e-02 | 21  0.31047  3.67443e-02
 22 -0.19147 -3.00849e-01 | 23 -0.48121  3.98354e-02 | 24  0.44789  2.25070e-01
 25 -0.13018 -1.18231e-01 | 26 -0.16576  3.89038e-01 | 27 -0.34236 -4.11881e-02
 28  0.50205  1.30329e-01 | 29 -0.17764  2.71274e-02 | 30  0.02819  3.31394e-01
 31  0.02844  1.06707e-02 | 32 -0.14887  6.77498e-02 | 33  0.26422  2.10496e-01
 34  0.03660 -1.30992e-02 | 35 -0.25645  1.40719e-01 | 36  0.46675  3.89467e-02
 37 -0.33871  1.08872e-01 | 38  0.05155 -1.38741e-01 | 39 -0.24544  1.91397e-01
 40  0.28611 -1.33360e-01 | 41 -0.19535 -1.25010e-01 | 42 -0.14440 -1.56358e-01
 43  0.11618 -4.56942e-01 | 44 -0.15169  5.22272e-01 | 45 -0.16599 -1.19994e-01
 46  0.17912  3.14963e-02 | 47 -0.11231 -7.33600e-02 |

Initial statistics: 137 variables; iteration 0; function evaluation 0; phase 4
Function value 3.2259872e+03; maximum gradient component mag -8.3570e+02
Var    Value     Gradient |Var    Value     Gradient |Var    Value     Gradient
  1 -0.00448  9.16172e-01 |  2  0.03009 -3.51208e-02 |  3 -0.13079  1.36857e-01
  4 -0.03772 -1.03050e-02 |  5 -0.42795 -4.66288e-02 |  6 -0.17176  3.44705e-02
  7  0.06871 -2.44887e-01 |  8  0.01163 -1.69073e-01 |  9 -0.08461  2.80061e-02
 10  0.07108  1.60029e-02 | 11  0.51555  2.48331e-03 | 12  0.00000 -3.79691e-01
 13  0.00000 -4.49444e-01 | 14  0.00000 -5.31837e-01 | 15  0.00000 -6.29050e-01
 16  0.00000 -7.43717e-01 | 17  0.00000 -8.79191e-01 | 18  0.00000 -1.03941e+00
 19  0.00000 -1.22863e+00 | 20  0.00000 -1.45106e+00 | 21  0.00000 -1.71523e+00
 22  0.00000 -2.02505e+00 | 23  0.00000 -2.38895e+00 | 24  0.00000 -2.81461e+00
 25  0.00000 -3.30993e+00 | 26  0.00000 -3.88207e+00 | 27  0.00000 -4.53223e+00
 28  0.00000 -5.27352e+00 | 29  0.00000 -6.11886e+00 | 30  0.00000 -7.06370e+00
 31  0.00000 -8.11722e+00 | 32  0.00000 -9.30496e+00 | 33  0.00000 -1.06977e+01
 34  0.00000 -1.24004e+01 | 35  0.00000 -1.45030e+01 | 36  0.00000 -1.68223e+01
 37  0.00000 -1.86859e+01 | 38  0.00000 -1.87972e+01 | 39  0.00000 -1.52749e+01
 40  0.00000 -8.84161e+00 | 41  0.00000 -2.30340e+00 | 42  0.00000 -2.53517e-02
 43  0.00000 -5.19028e+00 | 44  0.00000 -1.58244e+01 | 45  0.00000 -2.51667e+01
 46  0.00000 -3.44990e+01 | 47  0.00000 -4.21149e+01 | 48  0.00000 -3.16006e+01
 49  0.00000 -2.70803e+01 | 50  0.00000 -5.73538e+01 | 51  0.00000 -9.49096e+01
 52  0.00000 -1.26597e+02 | 53  0.00000  2.20388e+01 | 54  0.00000  1.69573e+02
 55  0.00000  1.42049e+02 | 56  0.00000 -2.19413e+01 | 57  0.00000  1.72610e+02
 58  0.00000  3.85907e+02 | 59  0.00000  4.40328e+02 | 60  0.00000 -5.03915e+01
 61  0.00000 -7.43277e+02 | 62  0.00000 -2.77591e+01 | 63  0.00000  5.27444e+01
 64  0.00000  3.98438e+01 | 65  0.00000 -4.04705e+01 | 66  0.00000 -4.31435e+01
 67  0.00000  4.32985e+01 | 68  0.00000  4.22162e+01 | 69  0.00000  1.06993e+02
 70  0.00000  1.14640e+01 | 71  0.00000  1.52556e+02 | 72  0.00000  1.54972e+02
 73  0.00000  2.26341e+02 | 74  0.00000  1.85587e+02 | 75  0.00000 -2.67407e+02
 76  0.00000 -8.35697e+02 | 77  0.00000 -1.18356e+02 | 78  0.00000  7.50454e+01
 79  0.00000  1.41927e+02 | 80  0.00000 -5.95597e+01 | 81  0.00000  1.84581e+02
 82  0.00000  2.79692e+02 | 83  0.00000  2.85609e+02 | 84  0.00000  1.58839e+02
 85  0.00000  1.26927e+02 | 86  0.00000 -1.62556e+02 | 87  0.00000 -2.49304e+02
 88  0.00000 -4.19290e+01 | 89  0.00000 -1.79746e+02 | 90  0.00000 -2.76184e+02
 91  0.00000 -4.43668e+01 | 92  0.00000 -8.53272e+01 | 93  0.00000  4.86091e+01
 94  0.00000  9.31836e+01 | 95  0.00000  1.39843e+02 | 96  0.00000  8.18241e+01
 97  0.00000 -8.76926e+00 | 98  0.00000 -6.40128e+01 | 99  0.00000  2.90200e+01
100  0.00000 -7.49526e+00 |101  0.00000 -1.05197e+01 |102 -0.17234 -6.43249e-03
103  0.10755 -3.01598e-03 |104  0.17445 -8.17307e-01 |105 -0.32042  8.08575e-01
106 -0.31473 -7.96912e-02 |107  0.37189 -1.69916e-01 |108 -0.27975  6.23917e-02
109  0.28302 -1.13108e-01 |110 -0.16341 -7.54918e-02 |111  0.31047  3.67443e-02
112 -0.19147 -3.00849e-01 |113 -0.48121  3.98354e-02 |114  0.44789  2.25070e-01
115 -0.13018 -1.18231e-01 |116 -0.16576  3.89038e-01 |117 -0.34236 -4.11881e-02
118  0.50205  1.30329e-01 |119 -0.17764  2.71274e-02 |120  0.02819  3.31394e-01
121  0.02844  1.06707e-02 |122 -0.14887  6.77498e-02 |123  0.26422  2.10496e-01
124  0.03660 -1.30992e-02 |125 -0.25645  1.40719e-01 |126  0.46675  3.89467e-02
127 -0.33871  1.08872e-01 |128  0.05155 -1.38741e-01 |129 -0.24544  1.91397e-01
130  0.28611 -1.33360e-01 |131 -0.19535 -1.25010e-01 |132 -0.14440 -1.56358e-01
133  0.11618 -4.56942e-01 |134 -0.15169  5.22272e-01 |135 -0.16599 -1.19994e-01
136  0.17912  3.14963e-02 |137 -0.11231 -7.33600e-02 |

Intermediate statistics: 137 variables; iteration 20; function evaluation 28; phase 4
Function value 2.7279114e+03; maximum gradient component mag 4.2474e+02
Var    Value     Gradient |Var    Value     Gradient |Var    Value     Gradient
  1  0.00996  3.42034e+01 |  2  0.00647 -8.50607e+01 |  3 -0.11339 -5.79991e+01
  4  0.02073 -2.34603e+01 |  5 -0.42044 -2.28522e+01 |  6 -0.15651 -7.44079e+01
  7  0.07330 -6.34912e+01 |  8  0.00587  6.76683e+00 |  9 -0.09288 -1.32307e+01
 10  0.05322 -1.82303e+01 | 11  0.40878 -3.69507e+00 | 12  0.00233  7.83643e-02
 13  0.00276  9.28165e-02 | 14  0.00328  1.09933e-01 | 15  0.00389  1.30228e-01
 16  0.00462  1.54376e-01 | 17  0.00549  1.83211e-01 | 18  0.00653  2.17615e-01
 19  0.00777  2.58438e-01 | 20  0.00924  3.06731e-01 | 21  0.01104  3.64058e-01
 22  0.01320  4.32106e-01 | 23  0.01582  5.12870e-01 | 24  0.01897  6.08571e-01
 25  0.02278  7.21149e-01 | 26  0.02735  8.52274e-01 | 27  0.03275  1.00333e+00
 28  0.03906  1.17732e+00 | 29  0.04635  1.37810e+00 | 30  0.05426  1.61749e+00
 31  0.06224  1.92186e+00 | 32  0.06957  2.33489e+00 | 33  0.07612  2.89273e+00
 34  0.08335  3.58583e+00 | 35  0.09554  4.30678e+00 | 36  0.11543  4.73202e+00
 37  0.13584  4.39482e+00 | 38  0.13011  4.03631e+00 | 39  0.07262  3.53813e+00
 40  0.00808  7.88635e-01 | 41 -0.03381 -1.93208e+00 | 42 -0.04533 -3.28052e+00
 43 -0.01876 -3.19001e+00 | 44  0.05174 -3.39641e+00 | 45  0.07083 -5.03757e-01
 46  0.05076  3.47376e+00 | 47  0.12174  3.78018e+00 | 48 -0.00979 -3.66832e+00
 49 -0.05216 -6.29341e+00 | 50  0.09619 -2.01148e+00 | 51 -0.10282 -8.77133e+00
 52  0.12933  2.06965e+01 | 53 -0.13160 -1.05633e+01 | 54 -0.03976 -5.83735e+00
 55 -0.09016 -1.11144e+01 | 56  0.05461 -3.92303e+01 | 57 -0.05909 -1.60412e+00
 58 -0.11508  1.63540e+01 | 59 -0.16288  1.58577e+01 | 60 -0.35605 -2.90602e+01
 61  0.15525 -6.25999e+01 | 62 -0.29849 -2.03029e+01 | 63  0.00442 -1.28469e+01
 64 -0.01937  5.84846e+00 | 65  0.01172  1.69490e+01 | 66  0.01215  1.98352e+01
 67 -0.05145  1.55739e+01 | 68 -0.00457  1.61220e+01 | 69 -0.12454  7.13619e+00
 70  0.01069  9.52046e+00 | 71 -0.12515  4.28126e+00 | 72 -0.05149  3.77191e+00
 73 -0.14718 -6.82479e+00 | 74 -0.14297 -1.09783e+01 | 75 -0.05354  8.81136e+00
 76  0.28137  1.99719e+02 | 77 -0.16667 -5.45205e+00 | 78  0.00536 -1.31438e+01
 79 -0.05036 -1.37321e+01 | 80  0.07609 -2.40929e+00 | 81 -0.10780 -1.29048e+01
 82 -0.21933 -7.57960e+00 | 83 -0.24274 -6.85974e+00 | 84 -0.06664 -1.29627e+01
 85 -0.06711 -9.97493e+00 | 86  0.09026  4.33302e+00 | 87  0.11436 -2.65427e+01
 88 -0.00544 -1.72569e+01 | 89  0.09853 -1.91221e+01 | 90  0.16650 -1.92370e+01
 91 -0.03859 -1.43806e+01 | 92  0.07705 -1.95600e+01 | 93 -0.02022 -1.00244e+01
 94 -0.04515 -3.53824e+00 | 95 -0.13036  3.71160e+00 | 96 -0.05901  6.09061e+00
 97  0.02240  2.96232e+00 | 98  0.06190 -1.36806e+00 | 99 -0.04122  1.61384e+00
100  0.05220  2.04303e+00 |101  0.09476  1.97605e+00 |102 -0.20620  3.00974e+00
103 -0.03489  5.52806e+00 |104  0.14744 -1.97191e+02 |105 -0.30119  3.02149e+02
106 -0.28969 -1.92499e+01 |107  0.32604 -8.77572e+00 |108 -0.28002  2.42008e+01
109  0.28979 -1.46850e+01 |110 -0.16095  4.09631e+01 |111  0.31132 -1.06581e+00
112 -0.18353  1.89510e+00 |113 -0.47944 -1.83017e-02 |114  0.40040 -3.56891e+01
115 -0.11168  1.30518e+02 |116 -0.16996  3.82256e+01 |117 -0.37158 -1.66079e+01
118  0.41922  6.62985e+00 |119 -0.20020  1.09879e+00 |120  0.02474  1.23699e+00
121  0.00415 -5.68153e-01 |122 -0.15611 -3.67494e-01 |123  0.22922  1.27868e+01
124  0.02142 -5.70674e+01 |125 -0.24866 -1.83717e+00 |126  0.45443  1.38699e+00
127 -0.33650 -2.24940e+00 |128  0.01217 -4.04336e+02 |129 -0.23331  4.24741e+02
130  0.25626 -1.27369e+01 |131 -0.20550  1.72620e+01 |132 -0.16930  1.07129e+00
133  0.11722  8.02299e+01 |134 -0.15851 -1.18572e+02 |135 -0.19283  9.89609e+00
136  0.12185  3.70505e+00 |137 -0.15187 -1.01917e+00 |
137 variables; iteration 40; function evaluation 48; phase 4
Function value 2.7154932e+03; maximum gradient component mag 2.9410e+02
Var    Value     Gradient |Var    Value     Gradient |Var    Value     Gradient
  1 -0.03341  9.20463e+01 |  2  0.01663 -3.67662e+01 |  3 -0.10792 -2.22495e+01
  4  0.02535 -7.65374e+00 |  5 -0.43071 -1.69197e+01 |  6 -0.12048 -1.63447e+01
  7  0.07817 -5.09324e+01 |  8 -0.01814 -3.91814e+00 |  9 -0.09346 -1.26744e+01
 10  0.05388 -8.30446e+00 | 11  0.21998 -1.52468e+01 | 12  0.00289  4.26337e-02
 13  0.00339  4.91235e-02 | 14  0.00397  5.66804e-02 | 15  0.00466  6.55150e-02
 16  0.00547  7.59483e-02 | 17  0.00642  8.84578e-02 | 18  0.00756  1.03701e-01
 19  0.00892  1.22400e-01 | 20  0.01055  1.45261e-01 | 21  0.01252  1.73508e-01
 22  0.01486  2.08009e-01 | 23  0.01769  2.50616e-01 | 24  0.02114  3.04219e-01
 25  0.02538  3.72405e-01 | 26  0.03062  4.59621e-01 | 27  0.03709  5.69991e-01
 28  0.04528  7.14895e-01 | 29  0.05579  9.02350e-01 | 30  0.06811  1.10107e+00
 31  0.07901  1.23444e+00 | 32  0.08145  1.24471e+00 | 33  0.07344  1.15778e+00
 34  0.06308  1.07357e+00 | 35  0.05628  1.01033e+00 | 36  0.05640  1.05719e+00
 37  0.17418  3.13078e+00 | 38  0.16394  3.74665e+00 | 39  0.01978 -5.96091e-03
 40 -0.00875 -6.27449e-01 | 41 -0.03728 -1.91492e+00 | 42 -0.04462 -2.18149e+00
 43 -0.03330 -2.00069e+00 | 44  0.12948  8.01961e+00 | 45  0.03242  1.62127e+00
 46  0.05880  3.99495e+00 | 47  0.13333 -2.09139e+00 | 48  0.00061 -6.08607e+00
 49 -0.04146 -9.04093e+00 | 50  0.10063 -2.50178e+01 | 51 -0.10388 -1.30846e+01
 52  0.13877 -1.03065e+01 | 53 -0.10798 -9.33599e+00 | 54 -0.02654  4.38838e+00
 55 -0.06227  4.22705e+00 | 56  0.07023 -6.34844e+00 | 57 -0.04650  3.33145e+00
 58 -0.09879  1.97577e+01 | 59 -0.15647  1.67972e+01 | 60 -0.26650 -2.32858e+01
 61  0.16681 -6.40513e+01 | 62 -0.29264 -2.07163e+01 | 63  0.00903 -2.98587e+01
 64 -0.00876  1.83119e+00 | 65  0.02143  1.89435e+01 | 66  0.02494  2.45475e+01
 67 -0.04617  1.00640e+01 | 68  0.00086  2.68867e+00 | 69 -0.11895  6.31861e+00
 70  0.02375  2.67677e+01 | 71 -0.11107  9.03914e+00 | 72 -0.04889 -1.05384e+00
 73 -0.14813 -8.21228e+00 | 74 -0.11697 -5.94232e+00 | 75 -0.07042 -5.95805e-01
 76  0.28219  7.94123e+01 | 77 -0.18767 -1.06745e+01 | 78  0.01148 -1.60701e+01
 79 -0.03698 -8.62685e+00 | 80  0.08340  4.57751e+00 | 81 -0.08504 -3.29382e-01
 82 -0.20658 -4.97771e+00 | 83 -0.23892 -5.41956e+00 | 84 -0.05277 -1.61649e+00
 85 -0.06023 -6.07973e+00 | 86  0.09896  1.07127e+01 | 87  0.13578  1.64607e+01
 88  0.01007 -9.47329e+00 | 89  0.10887 -1.61222e+01 | 90  0.17706 -2.33269e+01
 91 -0.02311 -1.25074e+01 | 92  0.09938  6.14397e+00 | 93  0.01258  9.41030e+00
 94 -0.01407  1.04033e+01 | 95 -0.10565  6.78938e+00 | 96 -0.06711 -2.17301e+00
 97  0.04076  5.57868e+00 | 98  0.08108  1.25596e+01 | 99 -0.02662  4.73199e+00
100  0.08016  9.01481e+00 |101  0.09480 -9.19271e-01 |102 -0.24655 -2.78528e-01
103 -0.12236 -3.40130e-01 |104  0.15956 -1.30002e+02 |105 -0.30066  2.22855e+02
106 -0.29613 -9.48971e+00 |107  0.30571 -1.43522e+01 |108 -0.28489  2.93137e+01
109  0.26578 -2.22798e+01 |110 -0.16827  3.29812e+01 |111  0.30189 -1.69130e+01
112 -0.17966  2.09663e+01 |113 -0.47208 -1.11036e+00 |114  0.42104 -1.71702e+01
115 -0.10578  8.31889e+01 |116 -0.18695  7.19752e+00 |117 -0.40231 -9.93426e+00
118  0.25548  8.47964e+00 |119 -0.05310  1.32475e+01 |120  0.00428 -5.30856e+00
121 -0.01310  7.86879e-03 |122 -0.12124 -1.71205e-01 |123 -0.04942 -2.31012e+01
124 -0.03070  2.31305e+01 |125  0.29638  1.71784e-01 |126  0.41903 -4.65619e+00
127 -0.34500  6.39972e+00 |128  0.01453 -2.72965e+02 |129 -0.24155  2.94104e+02
130  0.26900 -1.64903e+01 |131 -0.19746  2.23354e+01 |132 -0.26218 -4.25693e+00
133  0.11644  2.90198e+01 |134 -0.15086 -3.69266e+01 |135 -0.20115  1.49605e+00
136  0.06492  1.15363e+00 |137 -0.19512 -3.50391e+00 |
137 variables; iteration 60; function evaluation 69; phase 4
Function value 2.7030147e+03; maximum gradient component mag 4.8423e+01
Var    Value     Gradient |Var    Value     Gradient |Var    Value     Gradient
  1 -0.02741  4.84228e+01 |  2  0.00289  2.23948e+01 |  3 -0.08423  3.04617e+01
  4  0.01186  1.20221e+01 |  5 -0.41400  6.21094e+00 |  6 -0.11448  3.54880e+01
  7  0.07211 -4.16761e+00 |  8 -0.00853  4.92800e+00 |  9 -0.09129 -1.60007e+00
 10  0.06888  4.39405e+00 | 11  0.23840  1.93916e+00 | 12  0.00289  7.17789e-02
 13  0.00339  8.33302e-02 | 14  0.00398  9.67524e-02 | 15  0.00467  1.12320e-01
 16  0.00548  1.30427e-01 | 17  0.00644  1.51690e-01 | 18  0.00758  1.77088e-01
 19  0.00894  2.07733e-01 | 20  0.01057  2.44618e-01 | 21  0.01253  2.88501e-01
 22  0.01488  3.40932e-01 | 23  0.01771  4.04212e-01 | 24  0.02118  4.82424e-01
 25  0.02546  5.79885e-01 | 26  0.03075  7.00247e-01 | 27  0.03719  8.42691e-01
 28  0.04488  1.00095e+00 | 29  0.05354  1.15045e+00 | 30  0.06157  1.24685e+00
 31  0.06660  1.28164e+00 | 32  0.06683  1.31694e+00 | 33  0.06097  1.33223e+00
 34  0.05073  1.24123e+00 | 35  0.04188  1.08220e+00 | 36  0.03783  9.50469e-01
 37  0.22630  5.38129e+00 | 38  0.06975  3.00007e+00 | 39  0.01917  7.32955e-01
 40 -0.00281  6.76259e-01 | 41 -0.02260  3.78499e-01 | 42 -0.02717  3.61247e-01
 43 -0.01320  1.76890e-01 | 44  0.10572  4.24799e+00 | 45  0.03850 -6.01773e-01
 46  0.02286 -1.85713e+00 | 47  0.12986 -1.10098e+01 | 48 -0.02806 -8.43348e+00
 49 -0.02407 -7.11435e+00 | 50  0.09078 -1.15791e+01 | 51 -0.05737 -8.90464e+00
 52  0.12221 -1.54251e+01 | 53 -0.06312 -4.27950e+00 | 54 -0.04430 -1.52038e+00
 55 -0.07115 -1.87191e+00 | 56  0.06400 -1.34784e+01 | 57 -0.04688  4.71539e+00
 58 -0.10422  1.76940e+01 | 59 -0.16471  1.55895e+01 | 60 -0.22470 -1.70057e+01
 61  0.16578 -1.25520e+01 | 62 -0.20921 -8.86031e+00 | 63  0.01921  1.40893e+01
 64 -0.00901  4.17012e+00 | 65  0.01333 -5.71379e+00 | 66  0.03293  3.07305e+01
 67 -0.03395  2.14805e+01 | 68  0.00450  3.42187e+00 | 69 -0.13003 -1.53742e+00
 70  0.02145  5.07479e-01 | 71 -0.10963  5.61646e+00 | 72 -0.04853  2.68397e+00
 73 -0.11183  8.27110e+00 | 74 -0.10309  1.45809e+00 | 75 -0.12613 -1.27694e+01
 76  0.27033  2.99709e-02 | 77 -0.18158 -9.15547e+00 | 78  0.01415 -6.25753e-01
 79 -0.02395  9.64924e+00 | 80  0.07120 -1.63529e+01 | 81 -0.09093 -1.46513e+00
 82 -0.19611  1.52524e+00 | 83 -0.20614  5.25466e+00 | 84 -0.03879  2.19553e+01
 85 -0.04536  7.91761e+00 | 86  0.08861 -8.47201e+00 | 87  0.13066  1.34149e+01
 88  0.00570 -7.73340e+00 | 89  0.10859 -9.77506e-02 | 90  0.17944  1.63355e+01
 91 -0.01958 -4.13903e+00 | 92  0.08616 -6.90496e+00 | 93  0.00012  2.40434e+00
 94 -0.02730  2.84323e+00 | 95 -0.12308  2.65149e+00 | 96 -0.06160 -2.33598e+00
 97  0.02240 -1.07398e+01 | 98  0.06851 -1.80685e-01 | 99 -0.04824 -1.36028e+00
100  0.04570  9.44103e-01 |101  0.09452  2.37399e+00 |102 -0.22048  1.68279e+00
103 -0.06405  3.20057e+00 |104  0.15530 -1.78275e+01 |105 -0.32172  2.46747e+01
106 -0.28463 -4.44816e+00 |107  0.33536 -1.21185e+00 |108 -0.28055  5.31031e+00
109  0.27669  1.63898e+00 |110 -0.16493 -5.32837e+00 |111  0.31756 -7.83332e-01
112 -0.18044  1.47783e+00 |113 -0.47964  4.25004e-02 |114  0.37881 -7.82390e+00
115 -0.12148  2.43769e+01 |116 -0.16693  1.00761e+01 |117 -0.35580 -2.48787e+00
118  0.24852  7.75481e+00 |119 -0.05491  1.15879e+01 |120  0.02025  8.83843e+00
121  0.00252 -1.47620e+00 |122 -0.13543  4.14889e+00 |123  0.10063 -7.36774e+00
124  0.01062  1.64784e+01 |125  0.09665  1.07673e+00 |126  0.45382 -3.88860e-01
127 -0.33441  1.91824e+00 |128  0.01358 -4.25277e+01 |129 -0.27007  4.12850e+01
130  0.27134 -7.53981e+00 |131 -0.19605  1.65821e+01 |132 -0.06139  1.16232e+00
133  0.10826 -6.63315e+00 |134 -0.15128  3.23020e+01 |135 -0.17208  4.94836e+00
136  0.11009 -8.78870e+00 |137 -0.15378  1.38498e+01 |
137 variables; iteration 80; function evaluation 91; phase 4
Function value 2.6993795e+03; maximum gradient component mag 3.9196e+01
Var    Value     Gradient |Var    Value     Gradient |Var    Value     Gradient
  1 -0.05032  3.91957e+01 |  2  0.00559  1.14964e+01 |  3 -0.09738  1.49861e+01
  4  0.02261  2.37353e+01 |  5 -0.41438  7.61375e+00 |  6 -0.11563  4.27481e+00
  7  0.07277  1.97422e+01 |  8 -0.00145  6.16311e+00 |  9 -0.09823  5.09837e-01
 10  0.06129  4.03858e-01 | 11  0.16877 -5.47812e-01 | 12  0.00333  4.14927e-02
 13  0.00389  4.68486e-02 | 14  0.00454  5.25818e-02 | 15  0.00529  5.84811e-02
 16  0.00616  6.41635e-02 | 17  0.00716  6.90071e-02 | 18  0.00832  7.18299e-02
 19  0.00964  7.03001e-02 | 20  0.01112  6.02972e-02 | 21  0.01273  3.56048e-02
 22  0.01436 -1.35833e-02 | 23  0.01589 -1.00696e-01 | 24  0.01713 -2.41407e-01
 25  0.01791 -4.46889e-01 | 26  0.01831 -7.05815e-01 | 27  0.01927 -9.46431e-01
 28  0.02375 -9.91387e-01 | 29  0.03769 -5.57742e-01 | 30  0.06276  2.25589e-01
 31  0.07311  3.20963e-01 | 32  0.06516  4.52840e-02 | 33  0.04975 -3.30471e-01
 34  0.03256 -8.41924e-01 | 35  0.03102 -7.25666e-01 | 36  0.03547 -5.65868e-01
 37  0.21477 -2.28776e+00 | 38  0.03337 -1.18072e+00 | 39  0.01279 -1.46314e+00
 40 -0.02303 -2.51286e+00 | 41 -0.02706 -1.36782e+00 | 42 -0.01952 -3.23525e-01
 43 -0.01001 -1.53956e+00 | 44  0.05204 -1.73222e+00 | 45  0.08845  8.00099e-02
 46 -0.01714 -2.72688e+00 | 47  0.13308  3.04624e+00 | 48 -0.01684 -2.84208e+00
 49 -0.01172 -2.46607e+00 | 50  0.07954 -8.86270e+00 | 51 -0.03676 -6.05435e+00
 52  0.12021  1.91013e-01 | 53 -0.04931  1.57694e+00 | 54 -0.05506  1.86462e-02
 55 -0.06320  5.24101e+00 | 56  0.06565 -1.93799e+00 | 57 -0.05715 -4.41992e+00
 58 -0.10994  1.12437e+01 | 59 -0.16513  1.76690e+01 | 60 -0.19758 -9.86412e+00
 61  0.16112 -1.81213e+01 | 62 -0.19580 -6.55965e+00 | 63  0.01056  3.27724e-02
 64 -0.01832  1.11844e+00 | 65  0.02067  1.24207e+01 | 66  0.01375 -3.15934e+00
 67 -0.05729 -3.13089e+00 | 68 -0.00182  3.12156e-01 | 69 -0.12072  6.42254e+00
 70  0.01381  6.41934e+00 | 71 -0.12549  6.44851e-01 | 72 -0.05621  1.13236e+00
 73 -0.12001  8.02730e+00 | 74 -0.10403  3.59633e+00 | 75 -0.14161 -1.47684e+01
 76  0.26300 -3.29982e+01 | 77 -0.17461 -7.77360e+00 | 78  0.01230  1.47121e+00
 79 -0.03239  7.18615e+00 | 80  0.07236  8.12886e+00 | 81 -0.08816  5.57004e+00
 82 -0.18390  8.91846e+00 | 83 -0.20395  8.78080e+00 | 84 -0.06166 -5.20346e-01
 85 -0.05720  8.14240e-01 | 86  0.08513 -5.36428e+00 | 87  0.11977 -5.06736e+00
 88  0.01207  2.75722e+00 | 89  0.10720  3.14449e+00 | 90  0.16996  1.20418e+00
 91 -0.01345  3.60001e-01 | 92  0.09199  7.04906e+00 | 93  0.00008  3.90428e+00
 94 -0.02761  2.89623e+00 | 95 -0.13201  4.76181e-01 | 96 -0.04261  8.35358e+00
 97  0.03853  5.92043e+00 | 98  0.07325  4.73813e-01 | 99 -0.04894 -3.48693e+00
100  0.05380  2.24174e+00 |101  0.08758 -2.80760e-01 |102 -0.25737 -8.90810e-01
103 -0.09251  1.23365e+00 |104  0.16586  8.73562e+00 |105 -0.31878 -1.06535e+01
106 -0.28054  1.60039e-01 |107  0.33113 -1.72781e+00 |108 -0.28409  3.46247e+00
109  0.27957 -5.08622e+00 |110 -0.16369  9.38856e+00 |111  0.32464 -1.90811e+00
112 -0.17688  6.30195e+00 |113 -0.48768  2.23783e-01 |114  0.38066  2.82864e+00
115 -0.12703 -1.01744e+01 |116 -0.16846 -3.86182e+00 |117 -0.35792  1.04940e+00
118  0.19925  6.48043e-01 |119 -0.05463 -5.07664e+00 |120  0.00579 -7.05175e+00
121 -0.01020  9.00157e-01 |122 -0.12314 -3.58795e-01 |123  0.13918 -3.61667e+00
124  0.01749  7.10396e+00 |125 -0.12390  4.80924e-02 |126  0.47404 -1.43836e+00
127 -0.32663  6.99536e+00 |128  0.01892  8.51432e+00 |129 -0.26821 -7.47394e+00
130  0.26473 -2.23882e+00 |131 -0.20542 -5.52953e+00 |132 -0.16980  4.19946e-01
133  0.10571 -2.18136e+01 |134 -0.15250  2.54133e+01 |135 -0.17488 -3.49963e+00
136  0.10780 -7.19770e-01 |137 -0.15928  2.07190e+00 |
137 variables; iteration 100; function evaluation 113; phase 4
Function value 2.6971708e+03; maximum gradient component mag -1.6936e+01
Var    Value     Gradient |Var    Value     Gradient |Var    Value     Gradient
  1 -0.07544  1.31152e+01 |  2 -0.00098  1.49747e+00 |  3 -0.08419 -2.53951e-01
  4  0.00436  3.26919e+00 |  5 -0.40823  2.84151e+00 |  6 -0.10287 -1.69975e+00
  7  0.07849  2.28113e+00 |  8 -0.02598 -3.97967e+00 |  9 -0.06678  8.25011e+00
 10  0.04480  1.73791e+00 | 11  0.10566 -1.75933e+00 | 12  0.00284 -2.45754e-02
 13  0.00334 -2.61051e-02 | 14  0.00393 -2.63708e-02 | 15  0.00465 -2.43862e-02
 16  0.00552 -1.87882e-02 | 17  0.00659 -7.80484e-03 | 18  0.00792  1.07701e-02
 19  0.00958  3.91029e-02 | 20  0.01161  7.78986e-02 | 21  0.01404  1.24562e-01
 22  0.01678  1.68994e-01 | 23  0.01968  1.94038e-01 | 24  0.02258  1.80126e-01
 25  0.02558  1.30036e-01 | 26  0.02995  1.20262e-01 | 27  0.03957  3.70902e-01
 28  0.06070  1.09304e+00 | 29  0.06047  6.41441e-01 | 30  0.03906 -6.95575e-01
 31  0.02824 -1.42621e+00 | 32  0.04404 -6.77330e-01 | 33  0.05251 -1.08555e-01
 34  0.05839  4.96849e-01 | 35  0.02378 -1.09784e+00 | 36  0.00866 -2.07310e+00
 37  0.22032 -2.15871e+00 | 38 -0.01067 -3.48025e+00 | 39  0.01557 -7.97919e-01
 40  0.00479  4.88215e-01 | 41 -0.01954  8.63814e-02 | 42 -0.03269 -8.79375e-01
 43  0.00546  1.10089e+00 | 44  0.05836  9.12343e-01 | 45  0.08354  2.01057e+00
 46  0.04598  1.07808e+00 | 47  0.10439 -2.13468e+00 | 48  0.02867 -5.21239e-01
 49 -0.01698 -1.28605e+00 | 50  0.08536  1.46015e-01 | 51 -0.01832 -2.31724e+00
 52  0.12377 -7.83840e+00 | 53 -0.06402 -3.36112e+00 | 54 -0.03080  6.04845e+00
 55 -0.07192  2.75225e+00 | 56  0.07378  1.41159e+01 | 57 -0.04518  5.14744e+00
 58 -0.10574  1.04840e+01 | 59 -0.17820  8.68813e+00 | 60 -0.18330 -8.77425e+00
 61  0.16531 -1.69356e+01 | 62 -0.18333 -5.40934e+00 | 63  0.00915 -9.71480e+00
 64 -0.01433  3.11332e-02 | 65  0.01866  6.00525e+00 | 66  0.01398 -5.80443e+00
 67 -0.05795 -4.44469e+00 | 68 -0.00312 -3.93999e+00 | 69 -0.12662  3.91110e+00
 70  0.01262  9.97408e+00 | 71 -0.11915  6.11012e+00 | 72 -0.05637  3.66624e+00
 73 -0.13401  2.31276e+00 | 74 -0.10754  1.69255e+00 | 75 -0.12974 -1.27606e+01
 76  0.26584  4.34444e-01 | 77 -0.16645 -6.31700e+00 | 78  0.00854 -4.93488e+00
 79 -0.03865 -1.38138e+00 | 80  0.07136  3.54964e+00 | 81 -0.08617  7.66901e+00
 82 -0.18765  7.44143e+00 | 83 -0.21204  6.38738e+00 | 84 -0.06898 -6.41622e+00
 85 -0.05158  3.60556e+00 | 86  0.08695  1.32586e+00 | 87  0.12207  8.97008e-01
 88  0.00736 -3.26625e+00 | 89  0.10908  3.14734e+00 | 90  0.16985 -4.01878e+00
 91 -0.01741 -3.31555e+00 | 92  0.09053  2.89613e+00 | 93 -0.00125  2.28004e+00
 94 -0.02040  6.29023e+00 | 95 -0.10975  6.15580e+00 | 96 -0.05919 -4.33410e-01
 97  0.03323 -2.45154e+00 | 98  0.07088 -7.34492e-01 | 99 -0.04944 -2.99176e+00
100  0.04547 -7.33928e-01 |101  0.10526  3.39420e+00 |102 -0.23175  2.12597e+00
103 -0.10756  7.14495e-01 |104  0.15127 -1.11418e+01 |105 -0.32347  1.26519e+01
106 -0.24521  1.89511e-01 |107  0.33538 -2.76410e+00 |108 -0.28144  6.59971e+00
109  0.27478 -5.86000e+00 |110 -0.16429  6.62888e+00 |111  0.31454 -5.02563e+00
112 -0.18315  2.83618e+00 |113 -0.48102 -4.21358e-01 |114  0.37793 -4.49567e-01
115 -0.12426 -1.84532e+00 |116 -0.15631  1.65824e+00 |117 -0.33911  3.43345e+00
118  0.01812  8.60575e+00 |119 -0.01833  1.61073e+01 |120  0.03243 -3.36600e+00
121  0.01905  2.29588e+00 |122 -0.19052 -3.32181e+00 |123  0.14109  3.22114e+00
124  0.02096  1.06625e-01 |125 -0.11144  2.29805e+00 |126  0.43324 -3.17227e+00
127 -0.34435  3.01127e+00 |128  0.01531  2.65111e+00 |129 -0.26910 -9.89584e-02
130  0.27558 -3.65225e+00 |131 -0.19773  2.51875e+00 |132 -0.18708 -2.50640e-01
133  0.10487 -1.00416e+01 |134 -0.15283  2.53867e+00 |135 -0.17661 -5.02726e+00
136  0.09567 -1.91049e+00 |137 -0.16672  2.98192e+00 |
137 variables; iteration 120; function evaluation 134; phase 4
Function value 2.6952527e+03; maximum gradient component mag 1.8250e+01
Var    Value     Gradient |Var    Value     Gradient |Var    Value     Gradient
  1 -0.09967  1.75474e+01 |  2 -0.00138  4.82744e+00 |  3 -0.08228  2.70705e+00
  4  0.00471  1.19654e+00 |  5 -0.41172  2.04844e-01 |  6 -0.08995  5.23089e+00
  7  0.08072  1.03073e+01 |  8 -0.02758 -1.57863e+00 |  9 -0.07194  5.27528e+00
 10  0.04485  3.23189e+00 | 11  0.05753 -1.05618e+01 | 12 -0.00378 -6.52230e-01
 13 -0.00440 -7.55068e-01 | 14 -0.00508 -8.68311e-01 | 15 -0.00574 -9.87165e-01
 16 -0.00629 -1.10230e+00 | 17 -0.00652 -1.19950e+00 | 18 -0.00616 -1.25833e+00
 19 -0.00485 -1.25310e+00 | 20 -0.00224 -1.15962e+00 | 21  0.00200 -9.60350e-01
 22  0.00835 -6.28282e-01 | 23  0.01827 -7.99075e-02 | 24  0.03086  5.74705e-01
 25  0.03262  4.17695e-01 | 26  0.01823 -8.07054e-01 | 27  0.00758 -1.76759e+00
 28  0.04839  3.43619e-01 | 29  0.02668 -1.13479e+00 | 30  0.05601  4.79644e-02
 31  0.06773  3.23758e-01 | 32  0.06140  1.21458e-01 | 33  0.03685 -7.69273e-01
 34  0.03695 -5.10789e-01 | 35  0.04729  1.31255e-01 | 36  0.00854 -2.20349e+00
 37  0.20197 -1.56759e+00 | 38  0.01591 -2.00466e+00 | 39  0.01516 -8.48383e-01
 40  0.01706  1.79439e+00 | 41 -0.05408 -3.23519e+00 | 42 -0.05545 -2.96834e+00
 43  0.03935  4.89384e+00 | 44  0.05957  7.47371e-01 | 45  0.06819 -2.35628e-01
 46  0.04096 -1.10704e+00 | 47  0.10588 -4.93886e+00 | 48  0.03233 -1.13832e+00
 49 -0.02027 -2.31270e+00 | 50  0.08269 -1.96058e+00 | 51 -0.00819 -1.39778e+00
 52  0.12203 -5.16655e+00 | 53 -0.04472 -3.17051e-02 | 54 -0.03903  2.17682e+00
 55 -0.06508  2.00191e+00 | 56  0.07310  5.62065e+00 | 57 -0.03941  5.00736e+00
 58 -0.10979  5.76086e+00 | 59 -0.18315  5.61165e+00 | 60 -0.16923 -5.24882e+00
 61  0.16634 -1.29811e+01 | 62 -0.17645 -3.72680e+00 | 63  0.01135 -3.29189e+00
 64 -0.01282  1.48066e+00 | 65  0.01480 -8.56563e-01 | 66  0.01447 -2.40696e+00
 67 -0.05765 -2.60813e-01 | 68 -0.00359  6.01373e-01 | 69 -0.13868  3.27189e-01
 70  0.00873  4.26327e+00 | 71 -0.12994  1.72670e+00 | 72 -0.06043  3.40396e+00
 73 -0.13968  1.69824e+00 | 74 -0.11757  1.04322e+00 | 75 -0.10097 -6.34812e+00
 76  0.26219  5.36912e+00 | 77 -0.16125 -4.96934e+00 | 78  0.00779 -1.85179e+00
 79 -0.04169 -1.08955e+00 | 80  0.06653 -3.30675e-01 | 81 -0.09720  2.10070e+00
 82 -0.20516  1.42129e+00 | 83 -0.23040  6.25608e-01 | 84 -0.06936 -1.86684e+00
 85 -0.05866  2.04019e+00 | 86  0.08261  1.84252e+00 | 87  0.11698  2.20909e-01
 88  0.00413 -2.61549e+00 | 89  0.10229 -4.99905e-01 | 90  0.16691 -1.39883e-01
 91 -0.01881 -1.42292e+00 | 92  0.08544 -6.47659e-01 | 93 -0.00553  4.81739e-01
 94 -0.02627  2.59120e+00 | 95 -0.12357  1.68612e+00 | 96 -0.06534 -3.43306e+00
 97  0.02731 -3.12607e+00 | 98  0.06395 -6.41229e-01 | 99 -0.05142 -2.02992e+00
100  0.04115 -7.91631e-01 |101  0.11002  5.40349e+00 |102 -0.25018  9.62802e-01
103 -0.08798  3.02350e+00 |104  0.16884 -1.06748e+00 |105 -0.31457  2.79045e+00
106 -0.27970 -1.38058e+00 |107  0.33333 -2.78630e+00 |108 -0.28275  4.66182e+00
109  0.27842 -2.17885e+00 |110 -0.16140  6.54025e+00 |111  0.32967 -2.75733e+00
112 -0.17728  2.47033e+00 |113 -0.53935 -3.99147e-01 |114  0.38479  6.36292e-01
115 -0.11926  2.33983e+00 |116 -0.14290 -4.73451e+00 |117 -0.32477  2.51380e+00
118 -0.12504  2.72764e+00 |119 -0.02047  1.82501e+01 |120  0.02929 -1.76556e+00
121  0.01738  7.91315e-01 |122 -0.18822 -3.47797e+00 |123  0.12977  9.23167e-01
124  0.02130  1.66006e+00 |125 -0.14230  2.23696e-01 |126  0.42684 -1.29534e+00
127 -0.35027 -3.33722e+00 |128  0.01389 -9.91236e+00 |129 -0.26894  9.06512e+00
130  0.28257 -3.10390e+00 |131 -0.19379  5.40942e+00 |132 -0.17354 -4.58939e-03
133  0.10819 -3.06995e+00 |134 -0.15022  1.58761e-01 |135 -0.17445 -2.02430e+00
136  0.08356 -1.05671e+00 |137 -0.17692  3.93006e-01 |
137 variables; iteration 140; function evaluation 158; phase 4
Function value 2.6941594e+03; maximum gradient component mag -3.7145e+00
Var    Value     Gradient |Var    Value     Gradient |Var    Value     Gradient
  1 -0.10224 -1.60560e+00 |  2 -0.00249  4.15731e-04 |  3 -0.08459  8.52940e-02
  4  0.00619  9.57206e-01 |  5 -0.41076 -7.48801e-02 |  6 -0.09131  1.59073e+00
  7  0.07885  2.32685e+00 |  8 -0.01683  1.01016e+00 |  9 -0.08167  5.94361e-01
 10  0.04644  5.73081e-01 | 11  0.06454  3.34872e-01 | 12  0.00549  1.91416e-01
 13  0.00713  2.87077e-01 | 14  0.00913  4.03681e-01 | 15  0.01132  5.26302e-01
 16  0.01338  6.26587e-01 | 17  0.01485  6.63266e-01 | 18  0.01512  5.85030e-01
 19  0.01360  3.47468e-01 | 20  0.01035 -4.00126e-02 | 21  0.00676 -4.65672e-01
 22  0.00667 -6.26876e-01 | 23  0.01622 -8.16366e-02 | 24  0.02902  6.23216e-01
 25  0.01938 -2.99376e-01 | 26  0.01069 -1.14721e+00 | 27  0.03821  3.59137e-01
 28  0.02626 -6.60026e-01 | 29  0.05020  3.67742e-01 | 30  0.04176 -3.19469e-01
 31  0.05244  3.56414e-02 | 32  0.04805 -1.72570e-01 | 33  0.03471 -7.13578e-01
 34  0.05177  3.11191e-01 | 35  0.03999 -2.90660e-01 | 36  0.04452 -3.45299e-01
 37  0.16813  5.95492e-02 | 38  0.05392 -1.18594e-01 | 39  0.02943  3.81594e-01
 40 -0.01489 -6.81136e-01 | 41 -0.02753  7.53555e-02 | 42 -0.03346 -1.59294e-01
 43  0.01414  2.60133e+00 | 44  0.05168  2.53109e-01 | 45  0.06543  1.44713e-01
 46  0.02959 -3.44095e-01 | 47  0.11119 -1.47950e+00 | 48  0.00721 -1.24862e+00
 49 -0.00898 -3.07338e-01 | 50  0.07440 -3.93234e-01 | 51 -0.00982  5.48780e-02
 52  0.11804  2.17549e+00 | 53 -0.04835  7.07869e-01 | 54 -0.04619  3.97070e-01
 55 -0.06909  5.55250e-01 | 56  0.06832 -2.54507e-01 | 57 -0.04468  9.70851e-01
 58 -0.11598  1.84286e+00 | 59 -0.19556  1.88866e+00 | 60 -0.16155 -1.89046e+00
 61  0.16275 -2.54718e+00 | 62 -0.17287 -1.85870e+00 | 63  0.00908 -1.15638e-01
 64 -0.01730  1.05476e-01 | 65  0.01216 -3.85149e-01 | 66  0.01206 -2.03817e-01
 67 -0.06024  2.36245e-01 | 68 -0.00661  4.15022e-01 | 69 -0.14128 -2.13802e-01
 70  0.00509 -5.72087e-02 | 71 -0.13395 -6.19876e-02 | 72 -0.06465  3.26351e-01
 73 -0.14334  5.96859e-01 | 74 -0.12395  3.19131e-01 | 75 -0.08472 -1.82496e+00
 76  0.25929 -2.37119e+00 | 77 -0.14657 -1.81610e+00 | 78  0.00725  8.34318e-01
 79 -0.04161  6.57327e-01 | 80  0.06439 -1.05530e-01 | 81 -0.10154  3.06750e-01
 82 -0.21009  4.83335e-01 | 83 -0.23462  1.97604e-01 | 84 -0.06999  8.24061e-01
 85 -0.06317  4.97476e-01 | 86  0.07927 -1.35806e+00 | 87  0.11441 -4.06170e-01
 88  0.00425 -2.61480e-01 | 89  0.10013 -8.32688e-01 | 90  0.16481 -5.72297e-01
 91 -0.01897 -4.91672e-01 | 92  0.08427 -3.01401e-01 | 93 -0.00852 -2.99123e-01
 94 -0.03124  1.96811e-01 | 95 -0.12969  5.21711e-01 | 96 -0.06058 -1.94024e-01
 97  0.02727  5.34554e-01 | 98  0.06301  1.25903e-01 | 99 -0.04648 -4.30874e-04
100  0.04268 -3.34705e-02 |101  0.08759  6.27168e-01 |102 -0.26987 -7.49318e-01
103 -0.10506  1.13944e+00 |104  0.16236  6.01965e-01 |105 -0.31853 -7.21525e-01
106 -0.25323  6.28583e-01 |107  0.34152 -1.28653e-01 |108 -0.28125 -4.12207e-01
109  0.27684  8.65184e-03 |110 -0.16284  2.43151e-01 |111  0.33445  1.47299e-01
112 -0.17647 -1.47623e-01 |113 -0.54886 -2.36377e-01 |114  0.37691 -4.82316e-01
115 -0.12228  1.53760e+00 |116 -0.13391 -8.12349e-01 |117 -0.31624  1.90525e-01
118 -0.17381  1.69387e-01 |119 -0.02577 -6.93691e-01 |120  0.01373 -4.49663e-01
121  0.00237 -1.53813e-01 |122 -0.14608 -4.42129e-01 |123  0.11863  2.15898e-01
124  0.01869  5.91713e-01 |125 -0.12978  2.84370e-01 |126  0.42782 -1.07365e+00
127 -0.35018 -3.71454e+00 |128  0.01771 -9.66403e-01 |129 -0.26627  7.72595e-01
130  0.28365  4.03231e-01 |131 -0.19451 -5.46450e-01 |132 -0.16430  1.95788e-01
133  0.11114  7.28166e-01 |134 -0.14907 -1.23566e+00 |135 -0.17399 -4.03749e-02
136  0.08920  1.14430e-01 |137 -0.17279 -4.16775e-01 |
137 variables; iteration 160; function evaluation 186; phase 4
Function value 2.6939749e+03; maximum gradient component mag -3.5554e-01
Var    Value     Gradient |Var    Value     Gradient |Var    Value     Gradient
  1 -0.09887 -3.55543e-01 |  2 -0.00404 -2.26192e-02 |  3 -0.08302 -1.10657e-02
  4  0.00470  6.60008e-02 |  5 -0.40934  2.98291e-03 |  6 -0.09429 -5.45289e-02
  7  0.07906 -1.39332e-01 |  8 -0.01814 -3.93737e-02 |  9 -0.08091  9.42213e-03
 10  0.04469 -1.63226e-02 | 11  0.06856  4.58731e-02 | 12  0.00325  2.76966e-03
 13  0.00331 -3.65688e-02 | 14  0.00451  1.45801e-02 | 15  0.00510  6.95401e-03
 16  0.00544 -3.11491e-02 | 17  0.00683  8.16894e-03 | 18  0.00773 -7.66908e-03
 19  0.00893 -1.39478e-02 | 20  0.01012 -3.74450e-02 | 21  0.01206 -2.17444e-02
 22  0.01403 -2.63011e-02 | 23  0.01721  3.48279e-02 | 24  0.01928 -1.79802e-02
 25  0.02312  2.04734e-02 | 26  0.02688  1.36605e-02 | 27  0.03130  1.65927e-02
 28  0.03614  1.26625e-02 | 29  0.04123  2.23283e-03 | 30  0.04651  2.09422e-02
 31  0.04995  2.47437e-02 | 32  0.05018  1.55080e-02 | 33  0.04778  9.21629e-03
 34  0.04516  5.14695e-03 | 35  0.04586 -2.38265e-02 | 36  0.05456  9.56706e-03
 37  0.16052 -6.83683e-02 | 38  0.06314  1.15892e-02 | 39  0.02739  3.26344e-02
 40 -0.00545  1.05846e-02 | 41 -0.02596  5.55655e-03 | 42 -0.02935 -8.49425e-03
 43 -0.00747  2.86144e-03 | 44  0.05926  1.48847e-02 | 45  0.06587  2.23920e-04
 46  0.03094  1.86347e-02 | 47  0.11084  3.50126e-02 | 48  0.01298  2.07960e-02
 49 -0.01074  1.82967e-02 | 50  0.07501  8.53905e-02 | 51 -0.00882  3.39090e-02
 52  0.11797  7.57487e-02 | 53 -0.04912  4.10997e-03 | 54 -0.04534  5.09205e-02
 55 -0.07010  2.44097e-02 | 56  0.06878 -4.84813e-02 | 57 -0.04495  3.76799e-02
 58 -0.11709  1.12745e-01 | 59 -0.20013  1.35699e-01 | 60 -0.15598 -9.14402e-02
 61  0.16276 -1.22933e-01 | 62 -0.16584 -7.95796e-02 | 63  0.00886  1.76496e-02
 64 -0.01700  9.19652e-03 | 65  0.01261 -1.32713e-02 | 66  0.01253 -3.04851e-02
 67 -0.06009 -6.49136e-03 | 68 -0.00636 -5.04554e-03 | 69 -0.14011  1.87031e-04
 70  0.00558 -2.75396e-02 | 71 -0.13314  2.38272e-02 | 72 -0.06397  3.05002e-02
 73 -0.14367  5.92532e-02 | 74 -0.12465  2.20990e-02 | 75 -0.07856 -1.04084e-01
 76  0.26005 -8.30079e-03 | 77 -0.13830 -9.21778e-02 | 78  0.00687  1.69796e-02
 79 -0.04133  4.12428e-02 | 80  0.06514 -2.86005e-02 | 81 -0.10099  3.28040e-02
 82 -0.21065  4.55550e-02 | 83 -0.23513  5.33275e-02 | 84 -0.07016  2.28920e-02
 85 -0.06270  1.73150e-02 | 86  0.08051 -2.98797e-02 | 87  0.11529 -6.46093e-02
 88  0.00508 -2.31247e-02 | 89  0.10114 -4.14132e-02 | 90  0.16585 -4.88790e-02
 91 -0.01728 -1.24322e-02 | 92  0.08517 -2.79408e-02 | 93 -0.00728  2.37488e-02
 94 -0.03055  8.92004e-03 | 95 -0.13066  1.14848e-02 | 96 -0.05911  1.79910e-02
 97  0.02762 -2.07968e-02 | 98  0.06377 -2.37997e-02 | 99 -0.04585 -1.52536e-02
100  0.04377 -2.74537e-03 |101  0.08610  9.20943e-03 |102 -0.26266 -5.16230e-04
103 -0.11690 -5.91287e-03 |104  0.16460  1.12939e-01 |105 -0.31748 -1.39621e-01
106 -0.26031  9.34044e-03 |107  0.34480  1.31347e-02 |108 -0.28019 -5.01492e-02
109  0.27774  5.42155e-02 |110 -0.16280 -4.99427e-02 |111  0.33057  2.34577e-02
112 -0.17813 -2.62062e-02 |113 -0.51490  1.83412e-03 |114  0.37859  1.24540e-02
115 -0.12226 -4.65185e-02 |116 -0.13257  6.53480e-02 |117 -0.31463 -2.87806e-02
118 -0.18071  5.54077e-03 |119 -0.02522  8.68000e-02 |120  0.01336  1.83661e-02
121  0.00208 -6.05468e-03 |122 -0.14346 -7.99145e-03 |123  0.12047  1.39835e-02
124  0.01863 -2.64479e-02 |125 -0.13143  8.68195e-04 |126  0.46607  9.69305e-02
127 -0.33358 -6.15889e-02 |128  0.01851  1.62399e-01 |129 -0.26572 -1.52495e-01
130  0.28448  5.98176e-02 |131 -0.19426 -4.73091e-02 |132 -0.17176  5.41624e-04
133  0.11122  8.72859e-02 |134 -0.14910 -7.39318e-02 |135 -0.17315  2.36280e-02
136  0.09217 -4.28673e-03 |137 -0.17039 -1.11575e-02 |
  ic > imax  in fminim is answer attained ?
Var    Value     Gradient |Var    Value     Gradient |Var    Value     Gradient
  1 -0.09841 -4.66898e-03 |  2 -0.00394 -4.88196e-04 |  3 -0.08314 -6.86279e-04
  4  0.00469 -2.46987e-04 |  5 -0.40935  3.05750e-05 |  6 -0.09451 -3.40809e-04
  7  0.07904 -9.17722e-04 |  8 -0.01807 -5.11151e-04 |  9 -0.08095  3.05917e-04
 10  0.04473  1.76969e-04 | 11  0.06927  1.57058e-03 | 12  0.00322  3.35260e-05
 13  0.00374 -1.27302e-04 | 14  0.00434  9.76999e-06 | 15  0.00503  1.66496e-04
 16  0.00582 -2.18728e-04 | 17  0.00675  1.49532e-04 | 18  0.00783 -9.63636e-05
 19  0.00911  1.82409e-05 | 20  0.01060 -1.13299e-04 | 21  0.01237 -7.58804e-05
 22  0.01441 -1.04133e-04 | 23  0.01679  1.68648e-04 | 24  0.01959 -2.71314e-05
 25  0.02291  9.27565e-05 | 26  0.02679  1.29850e-05 | 27  0.03119  3.35285e-05
 28  0.03612  2.94552e-05 | 29  0.04144  1.70222e-05 | 30  0.04639 -1.04848e-05
 31  0.04970 -8.94485e-06 | 32  0.05001 -2.82384e-05 | 33  0.04750  3.66055e-07
 34  0.04464  6.09930e-05 | 35  0.04548 -3.05946e-05 | 36  0.05276  5.44813e-05
 37  0.16406  2.71719e-04 | 38  0.06053 -1.06999e-04 | 39  0.02629  9.12602e-05
 40 -0.00566 -1.39349e-05 | 41 -0.02595 -9.15756e-05 | 42 -0.02917 -2.27791e-04
 43 -0.00738  6.22496e-05 | 44  0.05918 -1.51146e-04 | 45  0.06614 -1.25443e-05
 46  0.03081 -2.76269e-04 | 47  0.11087 -1.45413e-04 | 48  0.01298 -7.98877e-05
 49 -0.01065  3.12472e-04 | 50  0.07499  2.80728e-03 | 51 -0.00880  5.07597e-04
 52  0.11797  3.35715e-03 | 53 -0.04905  2.69712e-04 | 54 -0.04540 -1.71311e-05
 55 -0.07013 -2.97732e-04 | 56  0.06879 -6.58883e-04 | 57 -0.04496 -5.25504e-04
 58 -0.11718 -5.18750e-04 | 59 -0.20050 -5.06162e-04 | 60 -0.15570  4.26995e-04
 61  0.16275  1.92300e-03 | 62 -0.16554  2.34034e-04 | 63  0.00883 -4.08346e-04
 64 -0.01699 -4.09759e-04 | 65  0.01262  2.90828e-05 | 66  0.01257  2.79007e-04
 67 -0.06006  5.67933e-05 | 68 -0.00631 -5.60855e-04 | 69 -0.14008 -1.84657e-04
 70  0.00565 -1.13465e-04 | 71 -0.13313 -9.73749e-05 | 72 -0.06389 -2.24029e-04
 73 -0.14373 -1.62014e-04 | 74 -0.12467 -1.68084e-04 | 75 -0.07817  1.08731e-03
 76  0.26010  2.91124e-03 | 77 -0.13786  3.54325e-04 | 78  0.00688 -4.43421e-05
 79 -0.04133 -1.23281e-04 | 80  0.06520 -8.25379e-04 | 81 -0.10098 -4.72477e-04
 82 -0.21070 -3.58119e-04 | 83 -0.23523 -1.19207e-04 | 84 -0.07012 -1.41991e-04
 85 -0.06265 -1.73644e-04 | 86  0.08057 -2.04579e-04 | 87  0.11536  3.59813e-04
 88  0.00515 -2.21624e-04 | 89  0.10120 -1.16063e-04 | 90  0.16591 -2.75433e-04
 91 -0.01723 -2.77255e-05 | 92  0.08522  7.62499e-05 | 93 -0.00729 -1.11967e-04
 94 -0.03053 -4.07084e-05 | 95 -0.13067 -1.80887e-04 | 96 -0.05913 -1.66625e-04
 97  0.02765 -4.50725e-04 | 98  0.06380 -2.59935e-04 | 99 -0.04579 -3.21291e-04
100  0.04379 -1.95118e-04 |101  0.08606  3.38178e-04 |102 -0.26242 -1.80516e-05
103 -0.11684  2.21511e-04 |104  0.16452  1.00270e-03 |105 -0.31752 -1.37097e-03
106 -0.26032  1.28946e-04 |107  0.34476  3.34968e-04 |108 -0.28020 -7.63646e-04
109  0.27772  6.58351e-04 |110 -0.16283 -8.75056e-04 |111  0.33051  4.27246e-04
112 -0.17814 -6.36810e-04 |113 -0.51492 -5.80528e-06 |114  0.37865 -7.95572e-05
115 -0.12226 -2.91983e-04 |116 -0.13255  6.93372e-04 |117 -0.31461 -1.50787e-04
118 -0.18083  5.98260e-04 |119 -0.02519  1.87810e-03 |120  0.01332  2.15886e-04
121  0.00201 -1.50045e-04 |122 -0.14333 -9.76079e-05 |123  0.12072  1.82713e-04
124  0.01865 -5.35402e-04 |125 -0.13143  1.15403e-04 |126  0.46436 -2.04768e-05
127 -0.33417  2.38314e-04 |128  0.01850  1.31974e-03 |129 -0.26573 -1.11893e-03
130  0.28434  4.68556e-04 |131 -0.19433 -5.79797e-04 |132 -0.17198 -2.56467e-04
133  0.11121  1.49075e-03 |134 -0.14913 -1.63269e-03 |135 -0.17321  4.94330e-04
136  0.09226 -7.48902e-04 |137 -0.17033  6.62452e-04 |
Function minimizer not making progress ... is minimum attained?
Minimprove criterion = 0.0000e+00

 - final statistics:
137 variables; iteration 170; function evaluation 225
Function value 2.6940e+03; maximum gradient component mag -4.6690e-03
Exit code = 1;  converg criter 1.0000e-04
Var    Value     Gradient |Var    Value     Gradient |Var    Value     Gradient
  1 -0.09841 -4.66898e-03 |  2 -0.00394 -4.88196e-04 |  3 -0.08314 -6.86279e-04
  4  0.00469 -2.46987e-04 |  5 -0.40935  3.05750e-05 |  6 -0.09451 -3.40809e-04
  7  0.07904 -9.17722e-04 |  8 -0.01807 -5.11151e-04 |  9 -0.08095  3.05917e-04
 10  0.04473  1.76969e-04 | 11  0.06927  1.57058e-03 | 12  0.00322  3.35260e-05
 13  0.00374 -1.27302e-04 | 14  0.00434  9.76999e-06 | 15  0.00503  1.66496e-04
 16  0.00582 -2.18728e-04 | 17  0.00675  1.49532e-04 | 18  0.00783 -9.63636e-05
 19  0.00911  1.82409e-05 | 20  0.01060 -1.13299e-04 | 21  0.01237 -7.58804e-05
 22  0.01441 -1.04133e-04 | 23  0.01679  1.68648e-04 | 24  0.01959 -2.71314e-05
 25  0.02291  9.27565e-05 | 26  0.02679  1.29850e-05 | 27  0.03119  3.35285e-05
 28  0.03612  2.94552e-05 | 29  0.04144  1.70222e-05 | 30  0.04639 -1.04848e-05
 31  0.04970 -8.94485e-06 | 32  0.05001 -2.82384e-05 | 33  0.04750  3.66055e-07
 34  0.04464  6.09930e-05 | 35  0.04548 -3.05946e-05 | 36  0.05276  5.44813e-05
 37  0.16406  2.71719e-04 | 38  0.06053 -1.06999e-04 | 39  0.02629  9.12602e-05
 40 -0.00566 -1.39349e-05 | 41 -0.02595 -9.15756e-05 | 42 -0.02917 -2.27791e-04
 43 -0.00738  6.22496e-05 | 44  0.05918 -1.51146e-04 | 45  0.06614 -1.25443e-05
 46  0.03081 -2.76269e-04 | 47  0.11087 -1.45413e-04 | 48  0.01298 -7.98877e-05
 49 -0.01065  3.12472e-04 | 50  0.07499  2.80728e-03 | 51 -0.00880  5.07597e-04
 52  0.11797  3.35715e-03 | 53 -0.04905  2.69712e-04 | 54 -0.04540 -1.71311e-05
 55 -0.07013 -2.97732e-04 | 56  0.06879 -6.58883e-04 | 57 -0.04496 -5.25504e-04
 58 -0.11718 -5.18750e-04 | 59 -0.20050 -5.06162e-04 | 60 -0.15570  4.26995e-04
 61  0.16275  1.92300e-03 | 62 -0.16554  2.34034e-04 | 63  0.00883 -4.08346e-04
 64 -0.01699 -4.09759e-04 | 65  0.01262  2.90828e-05 | 66  0.01257  2.79007e-04
 67 -0.06006  5.67933e-05 | 68 -0.00631 -5.60855e-04 | 69 -0.14008 -1.84657e-04
 70  0.00565 -1.13465e-04 | 71 -0.13313 -9.73749e-05 | 72 -0.06389 -2.24029e-04
 73 -0.14373 -1.62014e-04 | 74 -0.12467 -1.68084e-04 | 75 -0.07817  1.08731e-03
 76  0.26010  2.91124e-03 | 77 -0.13786  3.54325e-04 | 78  0.00688 -4.43421e-05
 79 -0.04133 -1.23281e-04 | 80  0.06520 -8.25379e-04 | 81 -0.10098 -4.72477e-04
 82 -0.21070 -3.58119e-04 | 83 -0.23523 -1.19207e-04 | 84 -0.07012 -1.41991e-04
 85 -0.06265 -1.73644e-04 | 86  0.08057 -2.04579e-04 | 87  0.11536  3.59813e-04
 88  0.00515 -2.21624e-04 | 89  0.10120 -1.16063e-04 | 90  0.16591 -2.75433e-04
 91 -0.01723 -2.77255e-05 | 92  0.08522  7.62499e-05 | 93 -0.00729 -1.11967e-04
 94 -0.03053 -4.07084e-05 | 95 -0.13067 -1.80887e-04 | 96 -0.05913 -1.66625e-04
 97  0.02765 -4.50725e-04 | 98  0.06380 -2.59935e-04 | 99 -0.04579 -3.21291e-04
100  0.04379 -1.95118e-04 |101  0.08606  3.38178e-04 |102 -0.26242 -1.80516e-05
103 -0.11684  2.21511e-04 |104  0.16452  1.00270e-03 |105 -0.31752 -1.37097e-03
106 -0.26032  1.28946e-04 |107  0.34476  3.34968e-04 |108 -0.28020 -7.63646e-04
109  0.27772  6.58351e-04 |110 -0.16283 -8.75056e-04 |111  0.33051  4.27246e-04
112 -0.17814 -6.36810e-04 |113 -0.51492 -5.80528e-06 |114  0.37865 -7.95572e-05
115 -0.12226 -2.91983e-04 |116 -0.13255  6.93372e-04 |117 -0.31461 -1.50787e-04
118 -0.18083  5.98260e-04 |119 -0.02519  1.87810e-03 |120  0.01332  2.15886e-04
121  0.00201 -1.50045e-04 |122 -0.14333 -9.76079e-05 |123  0.12072  1.82713e-04
124  0.01865 -5.35402e-04 |125 -0.13143  1.15403e-04 |126  0.46436 -2.04768e-05
127 -0.33417  2.38314e-04 |128  0.01850  1.31974e-03 |129 -0.26573 -1.11893e-03
130  0.28434  4.68556e-04 |131 -0.19433 -5.79797e-04 |132 -0.17198 -2.56467e-04
133  0.11121  1.49075e-03 |134 -0.14913 -1.63269e-03 |135 -0.17321  4.94330e-04
136  0.09226 -7.48902e-04 |137 -0.17033  6.62452e-04 |

Initial statistics: 149 variables; iteration 0; function evaluation 0; phase 5
Function value 2.6939744e+03; maximum gradient component mag -4.6690e-03
Var    Value     Gradient |Var    Value     Gradient |Var    Value     Gradient
  1 -0.09841 -4.66897e-03 |  2 -0.00394 -4.88195e-04 |  3 -0.08314 -6.86278e-04
  4  0.00469 -2.46987e-04 |  5 -0.40935  3.05755e-05 |  6 -0.09451 -3.40807e-04
  7  0.07904 -9.17722e-04 |  8 -0.01807 -5.11151e-04 |  9 -0.08095  3.05915e-04
 10  0.04473  1.76969e-04 | 11  0.06927  1.57058e-03 | 12  0.00322  3.35260e-05
 13  0.00374 -1.27301e-04 | 14  0.00434  9.76986e-06 | 15  0.00503  1.66496e-04
 16  0.00582 -2.18727e-04 | 17  0.00675  1.49532e-04 | 18  0.00783 -9.63633e-05
 19  0.00911  1.82411e-05 | 20  0.01060 -1.13298e-04 | 21  0.01237 -7.58798e-05
 22  0.01441 -1.04133e-04 | 23  0.01679  1.68647e-04 | 24  0.01959 -2.71311e-05
 25  0.02291  9.27559e-05 | 26  0.02679  1.29848e-05 | 27  0.03119  3.35282e-05
 28  0.03612  2.94549e-05 | 29  0.04144  1.70224e-05 | 30  0.04639 -1.04848e-05
 31  0.04970 -8.94502e-06 | 32  0.05001 -2.82381e-05 | 33  0.04750  3.66355e-07
 34  0.04464  6.09931e-05 | 35  0.04548 -3.05939e-05 | 36  0.05276  5.44815e-05
 37  0.16406  2.71720e-04 | 38  0.06053 -1.06998e-04 | 39  0.02629  9.12602e-05
 40 -0.00566 -1.39344e-05 | 41 -0.02595 -9.15748e-05 | 42 -0.02917 -2.27789e-04
 43 -0.00738  6.22511e-05 | 44  0.05918 -1.51142e-04 | 45  0.06614 -1.25406e-05
 46  0.03081 -2.76265e-04 | 47  0.11087 -1.45410e-04 | 48  0.01298 -7.98870e-05
 49 -0.01065  3.12471e-04 | 50  0.07499  2.80727e-03 | 51 -0.00880  5.07594e-04
 52  0.11797  3.35713e-03 | 53 -0.04905  2.69710e-04 | 54 -0.04540 -1.71317e-05
 55 -0.07013 -2.97730e-04 | 56  0.06879 -6.58878e-04 | 57 -0.04496 -5.25503e-04
 58 -0.11718 -5.18749e-04 | 59 -0.20050 -5.06161e-04 | 60 -0.15570  4.26996e-04
 61  0.16275  1.92299e-03 | 62 -0.16554  2.34034e-04 | 63  0.00883 -4.08345e-04
 64 -0.01699 -4.09758e-04 | 65  0.01262  2.90824e-05 | 66  0.01257  2.79006e-04
 67 -0.06006  5.67923e-05 | 68 -0.00631 -5.60855e-04 | 69 -0.14008 -1.84657e-04
 70  0.00565 -1.13465e-04 | 71 -0.13313 -9.73752e-05 | 72 -0.06389 -2.24030e-04
 73 -0.14373 -1.62014e-04 | 74 -0.12467 -1.68085e-04 | 75 -0.07817  1.08730e-03
 76  0.26010  2.91123e-03 | 77 -0.13786  3.54325e-04 | 78  0.00688 -4.43430e-05
 79 -0.04133 -1.23281e-04 | 80  0.06520 -8.25376e-04 | 81 -0.10098 -4.72475e-04
 82 -0.21070 -3.58118e-04 | 83 -0.23523 -1.19207e-04 | 84 -0.07012 -1.41991e-04
 85 -0.06265 -1.73644e-04 | 86  0.08057 -2.04577e-04 | 87  0.11536  3.59814e-04
 88  0.00515 -2.21623e-04 | 89  0.10120 -1.16061e-04 | 90  0.16591 -2.75430e-04
 91 -0.01723 -2.77255e-05 | 92  0.08522  7.62502e-05 | 93 -0.00729 -1.11967e-04
 94 -0.03053 -4.07083e-05 | 95 -0.13067 -1.80887e-04 | 96 -0.05913 -1.66625e-04
 97  0.02765 -4.50724e-04 | 98  0.06380 -2.59934e-04 | 99 -0.04579 -3.21290e-04
100  0.04379 -1.95116e-04 |101  0.08606  3.38176e-04 |102  0.00000  0.00000e+00
103  0.00000  0.00000e+00 |104  0.00000  0.00000e+00 |105  0.00000  0.00000e+00
106  0.00000  0.00000e+00 |107  0.00000  0.00000e+00 |108  0.00000  0.00000e+00
109  0.00000  0.00000e+00 |110  0.00000  0.00000e+00 |111  0.00000  0.00000e+00
112  0.00000  0.00000e+00 |113  0.00000  0.00000e+00 |114 -0.26242 -1.80514e-05
115 -0.11684  2.21511e-04 |116  0.16452  1.00270e-03 |117 -0.31752 -1.37097e-03
118 -0.26032  1.28947e-04 |119  0.34476  3.34967e-04 |120 -0.28020 -7.63643e-04
121  0.27772  6.58349e-04 |122 -0.16283 -8.75054e-04 |123  0.33051  4.27244e-04
124 -0.17814 -6.36807e-04 |125 -0.51492 -5.80527e-06 |126  0.37865 -7.95562e-05
127 -0.12226 -2.91983e-04 |128 -0.13255  6.93370e-04 |129 -0.31461 -1.50787e-04
130 -0.18083  5.98259e-04 |131 -0.02519  1.87809e-03 |132  0.01332  2.15885e-04
133  0.00201 -1.50044e-04 |134 -0.14333 -9.76072e-05 |135  0.12072  1.82711e-04
136  0.01865 -5.35399e-04 |137 -0.13143  1.15402e-04 |138  0.46436 -2.04745e-05
139 -0.33417  2.38309e-04 |140  0.01850  1.31974e-03 |141 -0.26573 -1.11892e-03
142  0.28434  4.68553e-04 |143 -0.19433 -5.79794e-04 |144 -0.17198 -2.56466e-04
145  0.11121  1.49074e-03 |146 -0.14913 -1.63268e-03 |147 -0.17321  4.94329e-04
148  0.09226 -7.48898e-04 |149 -0.17033  6.62448e-04 |
  ic > imax  in fminim is answer attained ?
Var    Value     Gradient |Var    Value     Gradient |Var    Value     Gradient
  1 -0.09841 -4.16913e-03 |  2 -0.00394 -4.51755e-04 |  3 -0.08314 -6.41054e-04
  4  0.00469 -2.29393e-04 |  5 -0.40935  4.25965e-05 |  6 -0.09451 -2.84067e-04
  7  0.07904 -7.87297e-04 |  8 -0.01807 -4.64276e-04 |  9 -0.08095  3.14207e-04
 10  0.04473  1.85803e-04 | 11  0.06927  1.31563e-03 | 12  0.00322  3.34036e-05
 13  0.00374 -1.27399e-04 | 14  0.00434  9.61258e-06 | 15  0.00503  1.66270e-04
 16  0.00582 -2.18879e-04 | 17  0.00675  1.49247e-04 | 18  0.00783 -9.66255e-05
 19  0.00911  1.78991e-05 | 20  0.01060 -1.13666e-04 | 21  0.01237 -7.63257e-05
 22  0.01441 -1.04652e-04 | 23  0.01679  1.67968e-04 | 24  0.01959 -2.78783e-05
 25  0.02291  9.18417e-05 | 26  0.02679  1.19139e-05 | 27  0.03119  3.22350e-05
 28  0.03612  2.78875e-05 | 29  0.04144  1.51080e-05 | 30  0.04639 -1.28281e-05
 31  0.04970 -1.17989e-05 | 32  0.05001 -3.16339e-05 | 33  0.04750 -3.61226e-06
 34  0.04464  5.63382e-05 | 35  0.04548 -3.62476e-05 | 36  0.05276  4.71211e-05
 37  0.16406  2.47538e-04 | 38  0.06053 -1.18459e-04 | 39  0.02629  8.15268e-05
 40 -0.00566 -2.22012e-05 | 41 -0.02595 -9.92923e-05 | 42 -0.02917 -2.36132e-04
 43 -0.00738  5.07233e-05 | 44  0.05918 -1.74879e-04 | 45  0.06614 -4.05143e-05
 46  0.03081 -2.98466e-04 | 47  0.11087 -1.97892e-04 | 48  0.01298 -1.05158e-04
 49 -0.01065  2.86819e-04 | 50  0.07499  2.73478e-03 | 51 -0.00880  4.68744e-04
 52  0.11797  3.21768e-03 | 53 -0.04905  2.42967e-04 | 54 -0.04540 -3.46534e-05
 55 -0.07013 -3.03024e-04 | 56  0.06879 -6.61504e-04 | 57 -0.04496 -5.26900e-04
 58 -0.11718 -5.20189e-04 | 59 -0.20050 -5.07631e-04 | 60 -0.15570  4.20744e-04
 61  0.16275  1.74378e-03 | 62 -0.16554  2.28303e-04 | 63  0.00883 -4.15359e-04
 64 -0.01699 -4.05394e-04 | 65  0.01262  3.78587e-05 | 66  0.01257  2.86889e-04
 67 -0.06006  6.29990e-05 | 68 -0.00631 -5.45386e-04 | 69 -0.14008 -1.79645e-04
 70  0.00565 -9.05199e-05 | 71 -0.13313 -9.09882e-05 | 72 -0.06389 -2.12349e-04
 73 -0.14373 -1.57673e-04 | 74 -0.12467 -1.64741e-04 | 75 -0.07817  1.08520e-03
 76  0.26010  2.79524e-03 | 77 -0.13786  3.52539e-04 | 78  0.00688 -4.38496e-05
 79 -0.04133 -1.18693e-04 | 80  0.06520 -7.96693e-04 | 81 -0.10098 -4.66585e-04
 82 -0.21070 -3.56019e-04 | 83 -0.23523 -1.18182e-04 | 84 -0.07012 -1.35722e-04
 85 -0.06265 -1.69604e-04 | 86  0.08057 -1.92448e-04 | 87  0.11536  3.67827e-04
 88  0.00515 -2.16408e-04 | 89  0.10120 -1.05658e-04 | 90  0.16591 -2.56104e-04
 91 -0.01723 -2.39000e-05 | 92  0.08522  8.73776e-05 | 93 -0.00729 -1.05958e-04
 94 -0.03053 -3.60679e-05 | 95 -0.13067 -1.78471e-04 | 96 -0.05913 -1.61305e-04
 97  0.02765 -4.39990e-04 | 98  0.06380 -2.49488e-04 | 99 -0.04579 -3.19103e-04
100  0.04379 -1.93884e-04 |101  0.08606  3.38385e-04 |102  0.00000  0.00000e+00
103  0.00000  0.00000e+00 |104  0.00000  0.00000e+00 |105  0.00000  0.00000e+00
106  0.00000  0.00000e+00 |107  0.00000  0.00000e+00 |108  0.00000  0.00000e+00
109  0.00000  0.00000e+00 |110  0.00000  0.00000e+00 |111  0.00000  0.00000e+00
112  0.00000  0.00000e+00 |113  0.00000  0.00000e+00 |114 -0.26242 -1.71402e-05
115 -0.11684  2.21493e-04 |116  0.16452  9.12411e-04 |117 -0.31752 -1.24938e-03
118 -0.26032  1.19518e-04 |119  0.34476  3.20642e-04 |120 -0.28020 -7.29041e-04
121  0.27772  6.09954e-04 |122 -0.16283 -7.83173e-04 |123  0.33051  4.11633e-04
124 -0.17814 -6.15522e-04 |125 -0.51492 -6.47871e-06 |126  0.37865 -8.96794e-05
127 -0.12226 -2.65018e-04 |128 -0.13255  6.51829e-04 |129 -0.31461 -1.33788e-04
130 -0.18083  5.94903e-04 |131 -0.02519  1.82624e-03 |132  0.01332  2.08928e-04
133  0.00201 -1.46039e-04 |134 -0.14333 -9.85421e-05 |135  0.12072  1.71284e-04
136  0.01865 -5.09580e-04 |137 -0.13143  1.12965e-04 |138  0.46436 -2.29838e-05
139 -0.33417  2.43127e-04 |140  0.01850  1.17438e-03 |141 -0.26573 -9.91911e-04
142  0.28434  4.30748e-04 |143 -0.19433 -5.28051e-04 |144 -0.17198 -2.58185e-04
145  0.11121  1.37899e-03 |146 -0.14913 -1.49029e-03 |147 -0.17321  4.72136e-04
148  0.09226 -7.44920e-04 |149 -0.17033  6.56757e-04 |
Function minimizer not making progress ... is minimum attained?
Minimprove criterion = 0.0000e+00

 - final statistics:
149 variables; iteration 2; function evaluation 38
Function value 2.6940e+03; maximum gradient component mag -4.1691e-03
Exit code = 1;  converg criter 1.0000e-04
Var    Value     Gradient |Var    Value     Gradient |Var    Value     Gradient
  1 -0.09841 -4.16913e-03 |  2 -0.00394 -4.51755e-04 |  3 -0.08314 -6.41054e-04
  4  0.00469 -2.29393e-04 |  5 -0.40935  4.25965e-05 |  6 -0.09451 -2.84067e-04
  7  0.07904 -7.87297e-04 |  8 -0.01807 -4.64276e-04 |  9 -0.08095  3.14207e-04
 10  0.04473  1.85803e-04 | 11  0.06927  1.31563e-03 | 12  0.00322  3.34036e-05
 13  0.00374 -1.27399e-04 | 14  0.00434  9.61258e-06 | 15  0.00503  1.66270e-04
 16  0.00582 -2.18879e-04 | 17  0.00675  1.49247e-04 | 18  0.00783 -9.66255e-05
 19  0.00911  1.78991e-05 | 20  0.01060 -1.13666e-04 | 21  0.01237 -7.63257e-05
 22  0.01441 -1.04652e-04 | 23  0.01679  1.67968e-04 | 24  0.01959 -2.78783e-05
 25  0.02291  9.18417e-05 | 26  0.02679  1.19139e-05 | 27  0.03119  3.22350e-05
 28  0.03612  2.78875e-05 | 29  0.04144  1.51080e-05 | 30  0.04639 -1.28281e-05
 31  0.04970 -1.17989e-05 | 32  0.05001 -3.16339e-05 | 33  0.04750 -3.61226e-06
 34  0.04464  5.63382e-05 | 35  0.04548 -3.62476e-05 | 36  0.05276  4.71211e-05
 37  0.16406  2.47538e-04 | 38  0.06053 -1.18459e-04 | 39  0.02629  8.15268e-05
 40 -0.00566 -2.22012e-05 | 41 -0.02595 -9.92923e-05 | 42 -0.02917 -2.36132e-04
 43 -0.00738  5.07233e-05 | 44  0.05918 -1.74879e-04 | 45  0.06614 -4.05143e-05
 46  0.03081 -2.98466e-04 | 47  0.11087 -1.97892e-04 | 48  0.01298 -1.05158e-04
 49 -0.01065  2.86819e-04 | 50  0.07499  2.73478e-03 | 51 -0.00880  4.68744e-04
 52  0.11797  3.21768e-03 | 53 -0.04905  2.42967e-04 | 54 -0.04540 -3.46534e-05
 55 -0.07013 -3.03024e-04 | 56  0.06879 -6.61504e-04 | 57 -0.04496 -5.26900e-04
 58 -0.11718 -5.20189e-04 | 59 -0.20050 -5.07631e-04 | 60 -0.15570  4.20744e-04
 61  0.16275  1.74378e-03 | 62 -0.16554  2.28303e-04 | 63  0.00883 -4.15359e-04
 64 -0.01699 -4.05394e-04 | 65  0.01262  3.78587e-05 | 66  0.01257  2.86889e-04
 67 -0.06006  6.29990e-05 | 68 -0.00631 -5.45386e-04 | 69 -0.14008 -1.79645e-04
 70  0.00565 -9.05199e-05 | 71 -0.13313 -9.09882e-05 | 72 -0.06389 -2.12349e-04
 73 -0.14373 -1.57673e-04 | 74 -0.12467 -1.64741e-04 | 75 -0.07817  1.08520e-03
 76  0.26010  2.79524e-03 | 77 -0.13786  3.52539e-04 | 78  0.00688 -4.38496e-05
 79 -0.04133 -1.18693e-04 | 80  0.06520 -7.96693e-04 | 81 -0.10098 -4.66585e-04
 82 -0.21070 -3.56019e-04 | 83 -0.23523 -1.18182e-04 | 84 -0.07012 -1.35722e-04
 85 -0.06265 -1.69604e-04 | 86  0.08057 -1.92448e-04 | 87  0.11536  3.67827e-04
 88  0.00515 -2.16408e-04 | 89  0.10120 -1.05658e-04 | 90  0.16591 -2.56104e-04
 91 -0.01723 -2.39000e-05 | 92  0.08522  8.73776e-05 | 93 -0.00729 -1.05958e-04
 94 -0.03053 -3.60679e-05 | 95 -0.13067 -1.78471e-04 | 96 -0.05913 -1.61305e-04
 97  0.02765 -4.39990e-04 | 98  0.06380 -2.49488e-04 | 99 -0.04579 -3.19103e-04
100  0.04379 -1.93884e-04 |101  0.08606  3.38385e-04 |102  0.00000  0.00000e+00
103  0.00000  0.00000e+00 |104  0.00000  0.00000e+00 |105  0.00000  0.00000e+00
106  0.00000  0.00000e+00 |107  0.00000  0.00000e+00 |108  0.00000  0.00000e+00
109  0.00000  0.00000e+00 |110  0.00000  0.00000e+00 |111  0.00000  0.00000e+00
112  0.00000  0.00000e+00 |113  0.00000  0.00000e+00 |114 -0.26242 -1.71402e-05
115 -0.11684  2.21493e-04 |116  0.16452  9.12411e-04 |117 -0.31752 -1.24938e-03
118 -0.26032  1.19518e-04 |119  0.34476  3.20642e-04 |120 -0.28020 -7.29041e-04
121  0.27772  6.09954e-04 |122 -0.16283 -7.83173e-04 |123  0.33051  4.11633e-04
124 -0.17814 -6.15522e-04 |125 -0.51492 -6.47871e-06 |126  0.37865 -8.96794e-05
127 -0.12226 -2.65018e-04 |128 -0.13255  6.51829e-04 |129 -0.31461 -1.33788e-04
130 -0.18083  5.94903e-04 |131 -0.02519  1.82624e-03 |132  0.01332  2.08928e-04
133  0.00201 -1.46039e-04 |134 -0.14333 -9.85421e-05 |135  0.12072  1.71284e-04
136  0.01865 -5.09580e-04 |137 -0.13143  1.12965e-04 |138  0.46436 -2.29838e-05
139 -0.33417  2.43127e-04 |140  0.01850  1.17438e-03 |141 -0.26573 -9.91911e-04
142  0.28434  4.30748e-04 |143 -0.19433 -5.28051e-04 |144 -0.17198 -2.58185e-04
145  0.11121  1.37899e-03 |146 -0.14913 -1.49029e-03 |147 -0.17321  4.72136e-04
148  0.09226 -7.44920e-04 |149 -0.17033  6.56757e-04 |
size of file gradfil1.tmp = 0
size of file gradfil2.tmp = 0
size of file varssave.tmp = 0
size of file cmpdiff.tmp = 200000008
