
Initial statistics: 4 variables; iteration 0; function evaluation 0; phase 1
Function value 3.7459230e+03; maximum gradient component mag 1.5281e+02
Var    Value     Gradient |Var    Value     Gradient |Var    Value     Gradient
  1  0.20737  1.52809e+02 |  2 -0.59033 -8.52940e+00 |  3 -0.12819  4.33804e+00
  4 -0.21635 -5.63628e+01 |

 - final statistics:
4 variables; iteration 7; function evaluation 23
Function value 3.6832e+03; maximum gradient component mag -3.2132e+00
Exit code = 1;  converg criter 1.0000e+01
Var    Value     Gradient |Var    Value     Gradient |Var    Value     Gradient
  1 -0.06016  3.03280e+00 |  2 -0.27251  4.56522e-03 |  3 -0.25353 -3.52513e-01
  4  0.05302 -3.21322e+00 |

Initial statistics: 14 variables; iteration 0; function evaluation 0; phase 2
Function value 3.6832100e+03; maximum gradient component mag 1.0409e+03
Var    Value     Gradient |Var    Value     Gradient |Var    Value     Gradient
  1 -0.26966 -2.15413e+02 |  2  0.00000 -1.39339e+02 |  3 -0.26198 -4.33116e+02
  4 -0.03352 -1.12501e+02 |  5  0.18446  2.03832e+02 |  6 -0.04247 -1.59978e+02
  7  0.33333  1.04087e+03 |  8 -0.53989  3.29247e+01 |  9  0.00000 -1.36962e+02
 10 -0.21635 -2.20296e+01 | 11 -0.06016  3.03280e+00 | 12 -0.27251  4.56522e-03
 13 -0.25353 -3.52513e-01 | 14  0.05302 -3.21322e+00 |

 - final statistics:
14 variables; iteration 19; function evaluation 30
Function value 3.3405e+03; maximum gradient component mag -8.8599e+00
Exit code = 1;  converg criter 1.0000e+01
Var    Value     Gradient |Var    Value     Gradient |Var    Value     Gradient
  1 -0.21953 -8.85992e+00 |  2  0.08295  1.09581e-01 |  3 -0.09263  3.56410e-01
  4 -0.04584  8.11523e-01 |  5 -0.43904 -3.28906e-01 |  6  0.05162 -8.53428e-01
  7  0.13631 -3.94684e+00 |  8 -0.26301 -4.87184e-01 |  9  0.28389  1.01677e+00
 10 -0.25384  1.61742e-01 | 11  0.07807  5.13775e+00 | 12 -0.25255  9.53740e-03
 13 -0.21739 -3.01201e-01 | 14  0.10670  1.11737e-01 |

Initial statistics: 40 variables; iteration 0; function evaluation 0; phase 3
Function value 3.3404859e+03; maximum gradient component mag 1.5345e+03
Var    Value     Gradient |Var    Value     Gradient |Var    Value     Gradient
  1 -0.21953 -8.85992e+00 |  2  0.08295  1.09581e-01 |  3 -0.09263  3.56410e-01
  4 -0.04584  8.11523e-01 |  5 -0.43904 -3.28906e-01 |  6  0.05162 -8.53428e-01
  7  0.13631 -3.94684e+00 |  8 -0.26301 -4.87184e-01 |  9  0.28389  1.01677e+00
 10 -0.25384  1.61742e-01 | 11  0.07807  5.13775e+00 | 12 -0.25255  9.53740e-03
 13 -0.21739 -3.01201e-01 | 14  0.10670  1.11737e-01 | 15 -0.12294 -4.21379e+02
 16 -0.31415  1.53067e+02 | 17 -0.12294  5.90436e+01 | 18 -0.51552 -3.37365e+01
 19 -0.40967 -3.65102e+02 | 20 -0.33333  1.35546e+02 | 21 -0.11760 -4.90858e+01
 22 -0.31415  1.68593e+01 | 23  0.14414  1.21417e+03 | 24 -1.00000 -8.66316e-08
 25 -0.32395 -2.53064e+02 | 26 -0.40967  1.06188e+02 | 27  0.02302  1.53454e+03
 28 -0.31415 -1.08882e+03 | 29  0.53959  1.43751e+01 | 30 -0.62714  2.05892e-03
 31  0.00000  6.00576e+02 | 32 -0.21635 -3.58863e+02 | 33  0.16024  8.38623e+01
 34 -0.11760 -4.94704e+00 | 35 -0.10723 -2.02259e+02 | 36 -0.10723 -1.01550e+02
 37 -0.12294 -6.95044e+01 | 38 -0.31415  2.34823e+01 | 39  0.02302  2.33915e+02
 40 -0.31415 -1.66080e+02 |

Intermediate statistics: 40 variables; iteration 20; function evaluation 33; phase 3
Function value 2.9354357e+03; maximum gradient component mag 6.3852e+02
Var    Value     Gradient |Var    Value     Gradient |Var    Value     Gradient
  1 -0.15067  6.38518e+02 |  2  0.09175  7.43829e+01 |  3 -0.12094  7.91737e+01
  4 -0.02782  4.45598e+01 |  5 -0.44390  8.08553e+00 |  6  0.01026  1.09803e+02
  7  0.06999  8.89907e+01 |  8 -0.03077  3.26814e+01 |  9  0.16037  1.01659e+01
 10 -0.03968  5.66771e+00 | 11  0.06027 -3.38521e+02 | 12 -0.25549  4.62169e-02
 13 -0.23329 -3.85473e-02 | 14  0.10269 -7.83484e-04 | 15  0.06095 -1.76235e+02
 16 -0.18965  1.18117e+02 | 17 -0.13061 -1.70969e+01 | 18 -0.28649 -3.93879e-01
 19  0.06744 -1.08547e+01 | 20  0.05324  1.63388e+01 | 21  0.08495 -1.44083e+01
 22 -0.19974  7.00889e+00 | 23  0.05459  1.87760e+02 | 24 -0.97525 -4.89280e+00
 25  0.02350 -1.75950e+02 | 26 -0.13770  1.55975e+02 | 27 -0.22470  9.61221e+01
 28 -0.57775 -4.35661e+01 | 29  0.34365 -3.50044e+00 | 30 -0.62708 -5.63426e-03
 31  0.08709  2.80061e+01 | 32  0.06453 -1.76337e+01 | 33 -0.37545 -7.96271e+00
 34  0.29617  1.13836e+00 | 35  0.07555  2.37108e+01 | 36  0.41812  2.19327e-02
 37  0.41537  2.24170e+01 | 38 -0.20250 -3.60291e+01 | 39  0.18813  1.65684e+01
 40 -0.09435 -2.18104e+00 |
40 variables; iteration 40; function evaluation 59; phase 3
Function value 2.9004411e+03; maximum gradient component mag -2.3161e+02
Var    Value     Gradient |Var    Value     Gradient |Var    Value     Gradient
  1 -0.18480  1.24102e+02 |  2  0.06017 -1.29165e+01 |  3 -0.10530  9.21663e+00
  4 -0.03935  2.26809e+01 |  5 -0.42734  1.64178e+01 |  6 -0.00077  1.89658e+01
  7  0.05980  1.13027e+01 |  8  0.00965  1.18710e+01 |  9  0.14577  1.27774e+01
 10  0.01512  1.24917e+01 | 11  0.03899 -5.61879e+01 | 12 -0.15974  1.72244e+00
 13 -0.07709  1.14959e+01 | 14  0.12670  1.28485e+00 | 15  0.10939 -9.75178e+01
 16 -0.14940  9.41446e+01 | 17  0.35638 -5.02290e-02 | 18  0.27959  3.02610e+00
 19  0.02126  1.27500e+01 | 20 -0.00109 -1.29092e+01 | 21  0.12490  7.09748e+00
 22 -0.18682 -9.77202e+00 | 23  0.05304 -2.31611e+02 | 24 -0.50826  6.71795e+00
 25  0.06856 -2.16367e+01 | 26 -0.18148 -1.02379e+01 | 27 -0.26536 -4.15824e+01
 28 -0.60883 -7.92161e+00 | 29  0.36058 -9.80969e+00 | 30 -0.61948 -6.57698e-03
 31  0.00967 -4.42812e+00 | 32  0.03775  1.11753e+01 | 33 -0.12826  4.51034e+00
 34  0.21670  1.35199e+01 | 35  0.06536  2.61775e+01 | 36 -0.21729  8.42564e+00
 37  0.43114  6.71553e+00 | 38 -0.16902 -9.70731e+00 | 39  0.01398  1.00498e+01
 40 -0.24633 -2.01964e+01 |
40 variables; iteration 60; function evaluation 85; phase 3
Function value 2.8481700e+03; maximum gradient component mag -2.1496e+01
Var    Value     Gradient |Var    Value     Gradient |Var    Value     Gradient
  1 -0.16180  8.00019e+00 |  2  0.05413  1.88134e-01 |  3 -0.13027  3.96404e-01
  4 -0.04541 -4.53976e+00 |  5 -0.42473  1.56369e+00 |  6 -0.06528  1.10657e+00
  7  0.06003 -1.19596e+01 |  8  0.05353 -3.18558e+00 |  9 -0.06935 -4.99673e+00
 10  0.07227 -2.75235e-01 | 11  0.03240 -7.48634e+00 | 12 -0.26088  6.56748e-02
 13 -0.24488 -2.26018e-01 | 14  0.10244  5.67427e-02 | 15  0.22161 -1.30080e+00
 16 -0.10362  8.92406e-01 | 17  1.76123 -6.60945e-01 | 18  0.05834  5.93987e-01
 19  0.17005 -2.77917e+00 | 20  0.11288  4.92189e-02 | 21  0.15370 -4.48366e+00
 22 -0.15490  3.29003e+00 | 23  0.33820 -4.09264e+00 | 24 -0.04957 -4.11607e-01
 25  0.25518 -9.44054e+00 | 26 -0.07185  9.82223e+00 | 27 -0.17989 -2.14962e+01
 28 -0.34379  1.27948e+01 | 29  0.37510  1.49228e+00 | 30 -0.33137  1.45094e-02
 31  0.01513  2.22777e+00 | 32  0.02702 -3.29130e+00 | 33 -0.14630 -1.01578e+00
 34  0.18127  3.00695e+00 | 35  0.04041  5.07792e-01 | 36 -0.22176  2.01728e+00
 37  0.52204  4.51003e+00 | 38 -0.13476 -5.06326e+00 | 39  0.14153  5.96031e-01
 40 -0.12446  2.22044e-01 |
Maximum number of function evaluations exceeded

 - final statistics:
40 variables; iteration 76; function evaluation 100
Function value 2.8477e+03; maximum gradient component mag 2.7951e+00
Exit code = 3;  converg criter 1.0000e+00
Var    Value     Gradient |Var    Value     Gradient |Var    Value     Gradient
  1 -0.15799  1.46327e-01 |  2  0.05467  2.47920e-01 |  3 -0.13391  1.09647e-01
  4 -0.04449  6.33118e-03 |  5 -0.42582 -2.41089e-01 |  6 -0.07064 -4.53588e-02
  7  0.06114  5.70564e-01 |  8  0.05328  6.35720e-02 |  9 -0.06607  1.58152e-02
 10  0.06812 -9.83306e-03 | 11  0.03586 -5.82049e-02 | 12 -0.26568 -4.46714e-02
 13 -0.24127  4.70170e-02 | 14  0.10058 -5.83899e-02 | 15  0.22766 -1.54189e-02
 16 -0.10075 -4.98894e-02 | 17  1.81678 -3.55561e-02 | 18  0.00486  7.61804e-02
 19  0.19001  4.98028e-01 | 20  0.12790 -6.27408e-01 | 21  0.17699 -1.00335e-01
 22 -0.14035  4.54792e-01 | 23  0.35364  4.00965e-01 | 24 -0.03610  4.20879e-01
 25  0.27941 -9.65932e-01 | 26 -0.06247  7.18112e-01 | 27 -0.17859  2.79511e+00
 28 -0.35712 -8.56183e-01 | 29  0.35243  1.43802e+00 | 30 -0.16990  2.12659e-01
 31  0.01219  1.17668e+00 | 32  0.02785 -5.91619e-01 | 33 -0.13597  2.59791e-01
 34  0.18100 -3.04251e-01 | 35  0.03928  1.72054e-01 | 36 -0.23290 -1.64659e-01
 37  0.43882 -1.62604e-01 | 38 -0.17016  2.19806e-01 | 39  0.13141 -4.76149e-01
 40 -0.13184  4.01087e-01 |

Initial statistics: 130 variables; iteration 0; function evaluation 0; phase 4
Function value 2.8476691e+03; maximum gradient component mag -7.8235e+02
Var    Value     Gradient |Var    Value     Gradient |Var    Value     Gradient
  1 -0.15799  1.46327e-01 |  2  0.05467  2.47920e-01 |  3 -0.13391  1.09647e-01
  4 -0.04449  6.33118e-03 |  5 -0.42582 -2.41089e-01 |  6 -0.07064 -4.53588e-02
  7  0.06114  5.70564e-01 |  8  0.05328  6.35720e-02 |  9 -0.06607  1.58152e-02
 10  0.06812 -9.83306e-03 | 11  0.03586 -5.82049e-02 | 12  0.00000 -5.51173e-01
 13  0.00000 -6.30484e-01 | 14  0.00000 -7.20593e-01 | 15  0.00000 -8.22886e-01
 16  0.00000 -9.39228e-01 | 17  0.00000 -1.07204e+00 | 18  0.00000 -1.22368e+00
 19  0.00000 -1.39570e+00 | 20  0.00000 -1.58895e+00 | 21  0.00000 -1.80651e+00
 22  0.00000 -2.04798e+00 | 23  0.00000 -2.31667e+00 | 24  0.00000 -2.61789e+00
 25  0.00000 -2.95438e+00 | 26  0.00000 -3.32609e+00 | 27  0.00000 -3.72953e+00
 28  0.00000 -4.17231e+00 | 29  0.00000 -4.66038e+00 | 30  0.00000 -5.19376e+00
 31  0.00000 -5.77665e+00 | 32  0.00000 -6.42168e+00 | 33  0.00000 -7.16139e+00
 34  0.00000 -8.02284e+00 | 35  0.00000 -9.00701e+00 | 36  0.00000 -9.97551e+00
 37  0.00000 -1.05839e+01 | 38  0.00000 -1.01446e+01 | 39  0.00000 -7.74701e+00
 40  0.00000 -3.37420e+00 | 41  0.00000  7.53786e-01 | 42  0.00000  1.91368e+00
 43  0.00000 -1.78997e+00 | 44  0.00000 -9.10827e+00 | 45  0.00000 -1.60830e+01
 46  0.00000 -2.30238e+01 | 47  0.00000 -2.69442e+01 | 48  0.00000 -1.61744e+01
 49  0.00000 -8.10139e+00 | 50  0.00000 -2.66090e+01 | 51  0.00000 -5.83790e+01
 52  0.00000 -8.14119e+01 | 53  0.00000  1.75729e+01 | 54  0.00000  1.14383e+02
 55  0.00000  1.00529e+02 | 56  0.00000  5.41850e-01 | 57  0.00000  1.23760e+02
 58  0.00000  2.55855e+02 | 59  0.00000  2.73109e+02 | 60  0.00000 -6.10612e+01
 61  0.00000 -5.08577e+02 | 62  0.00000 -4.09095e+01 | 63  0.00000  3.21357e+01
 64  0.00000  3.31744e+01 | 65  0.00000 -2.41727e+01 | 66  0.00000 -3.08342e+01
 67  0.00000  2.57438e+01 | 68  0.00000  2.42599e+01 | 69  0.00000  6.68782e+01
 70  0.00000  8.53667e+00 | 71  0.00000  1.13296e+02 | 72  0.00000  1.37559e+02
 73  0.00000  2.06579e+02 | 74  0.00000  1.72544e+02 | 75  0.00000 -2.53431e+02
 76  0.00000 -7.82350e+02 | 77  0.00000 -1.14867e+02 | 78  0.00000  6.53391e+01
 79  0.00000  1.38914e+02 | 80  0.00000 -5.07270e+01 | 81  0.00000  2.08395e+02
 82  0.00000  3.10976e+02 | 83  0.00000  3.36324e+02 | 84  0.00000  2.14304e+02
 85  0.00000  1.54082e+02 | 86  0.00000 -2.11409e+02 | 87  0.00000 -3.67159e+02
 88  0.00000 -4.79562e+01 | 89  0.00000 -1.87864e+02 | 90  0.00000 -4.88453e+02
 91  0.00000  9.23584e+00 | 92  0.00000  2.17899e+01 | 93  0.00000  5.37969e+00
 94  0.00000  1.00930e+02 | 95  0.00000  1.98082e+02 | 96  0.00000  1.18578e+02
 97  0.00000  2.75078e+01 | 98  0.00000 -7.64335e+01 | 99  0.00000  4.08807e+01
100  0.00000 -7.41868e+00 |101  0.00000 -1.02879e+01 |102 -0.26568 -4.46714e-02
103 -0.24127  4.70170e-02 |104  0.10058 -5.83899e-02 |105  0.22766 -1.54189e-02
106 -0.10075 -4.98894e-02 |107  0.18322  3.55561e-02 |108  0.00486  7.61804e-02
109  0.19001  4.98028e-01 |110  0.12790 -6.27408e-01 |111  0.17699 -1.00335e-01
112 -0.14035  4.54792e-01 |113  0.35364  4.00965e-01 |114 -0.03610  4.20879e-01
115  0.27941 -9.65932e-01 |116 -0.06247  7.18112e-01 |117 -0.17859  2.79511e+00
118 -0.35712 -8.56183e-01 |119  0.35243  1.43802e+00 |120 -0.16990  2.12659e-01
121  0.01219  1.17668e+00 |122  0.02785 -5.91619e-01 |123 -0.13597  2.59791e-01
124  0.18100 -3.04251e-01 |125  0.03928  1.72054e-01 |126 -0.23290 -1.64659e-01
127  0.43882 -1.62604e-01 |128 -0.17016  2.19806e-01 |129  0.13141 -4.76149e-01
130 -0.13184  4.01087e-01 |

Intermediate statistics: 130 variables; iteration 20; function evaluation 30; phase 4
Function value 2.3608625e+03; maximum gradient component mag -3.1890e+02
Var    Value     Gradient |Var    Value     Gradient |Var    Value     Gradient
  1 -0.15541 -6.66101e+01 |  2  0.01563 -6.01055e+01 |  3 -0.06737 -1.83509e+01
  4  0.01218 -1.29269e+01 |  5 -0.41908 -3.83027e+01 |  6 -0.03122 -2.85917e+01
  7  0.07169 -3.18900e+02 |  8 -0.07096 -6.45714e+01 |  9  0.16454 -3.83079e+01
 10 -0.10813 -3.60752e+01 | 11 -0.06225  6.58405e+01 | 12  0.00574  2.40688e-01
 13  0.00656  2.74189e-01 | 14  0.00750  3.12225e-01 | 15  0.00857  3.55421e-01
 16  0.00980  4.04616e-01 | 17  0.01121  4.60744e-01 | 18  0.01284  5.24628e-01
 19  0.01473  5.96775e-01 | 20  0.01688  6.77760e-01 | 21  0.01935  7.68533e-01
 22  0.02214  8.69169e-01 | 23  0.02531  9.80210e-01 | 24  0.02896  1.10336e+00
 25  0.03315  1.23824e+00 | 26  0.03789  1.38329e+00 | 27  0.04311  1.53550e+00
 28  0.04878  1.69450e+00 | 29  0.05477  1.85951e+00 | 30  0.06070  2.03507e+00
 31  0.06597  2.23117e+00 | 32  0.07002  2.46382e+00 | 33  0.07292  2.73669e+00
 34  0.07567  3.03036e+00 | 35  0.08064  3.29436e+00 | 36  0.08843  3.40525e+00
 37  0.09356  3.28929e+00 | 38  0.08313  2.93833e+00 | 39  0.04550  2.03437e+00
 40 -0.00181  9.23364e-02 | 41 -0.03353 -1.64579e+00 | 42 -0.04043 -2.16114e+00
 43 -0.01467 -9.76959e-01 | 44  0.04362  1.34225e+00 | 45  0.07002  3.55996e+00
 46  0.07042  4.92723e+00 | 47  0.11114  2.46637e+00 | 48  0.01882 -2.05463e+00
 49 -0.01372 -4.23398e+00 | 50  0.07613 -7.49967e+00 | 51 -0.03071 -5.61105e+00
 52  0.14016  1.34525e+01 | 53 -0.04126  3.57090e+00 | 54 -0.02056  1.13413e+01
 55 -0.03660  7.12010e+00 | 56  0.07684 -2.92723e+00 | 57 -0.00785  2.22762e+01
 58 -0.06063  3.10851e+01 | 59 -0.12158  1.79051e+01 | 60 -0.13467 -1.02332e+00
 61  0.18635 -2.04324e+01 | 62 -0.13040  1.33954e+00 | 63  0.04567  3.97970e+01
 64  0.01338  2.24158e+01 | 65  0.04520  2.96865e+01 | 66  0.04972  3.04145e+01
 67 -0.00950  2.37739e+01 | 68  0.03499  3.65940e+01 | 69 -0.08193  1.41153e+01
 70  0.04631  3.19369e+01 | 71 -0.08198  8.02127e+00 | 72 -0.02639  9.03159e+00
 73 -0.12645 -5.59549e+00 | 74 -0.09656 -9.50926e+00 | 75 -0.27293 -2.17989e+01
 76  0.29678  3.05344e+02 | 77 -0.30593 -2.05084e+01 | 78  0.02685  8.02180e+00
 79 -0.07722 -1.00237e+01 | 80  0.07075 -5.76232e+01 | 81 -0.08907 -1.22435e+01
 82 -0.21435 -8.34614e+00 | 83 -0.24600 -3.34240e+00 | 84 -0.07173  6.73083e-02
 85 -0.10354 -3.27021e+00 | 86  0.08477 -5.01874e+01 | 87  0.13289 -1.23780e+02
 88  0.01434  9.01906e+00 | 89  0.06639  8.21954e+00 | 90  0.16701 -1.34851e+02
 91 -0.06681 -3.39798e+00 | 92  0.02170  1.74999e+00 | 93  0.05071  3.80724e+00
 94 -0.01684  1.29287e+01 | 95 -0.17481 -1.97108e+00 | 96 -0.04859  1.91386e+01
 97 -0.01162  1.04833e+01 | 98  0.05903  8.60833e-01 | 99 -0.06553 -7.88210e+00
100  0.03487 -1.23085e+00 |101  0.10834  2.50156e+00 |102 -0.27809  2.84355e-01
103 -0.24544  1.24220e-01 |104 -0.08298  1.26333e+00 |105  0.16494 -3.50781e+00
106 -0.11938  8.89525e+00 |107  0.13087  2.31554e-01 |108  0.03886  7.37420e-01
109  0.05889 -2.87545e+01 |110  0.04880  3.21829e+01 |111  0.19417  2.16556e+00
112 -0.11489 -2.11385e+00 |113  0.32951 -2.61805e+00 |114 -0.03586  1.33432e+00
115  0.15177 -8.77205e+00 |116 -0.10323  1.15477e+01 |117 -0.18133  5.93363e+01
118 -0.40626 -2.71200e+01 |119  0.22510  2.75796e+00 |120 -0.16084 -3.52672e+00
121  0.00598  1.33910e+01 |122 -0.00759 -8.56089e+00 |123 -0.14158  2.36943e+00
124  0.10115  1.51729e+01 |125  0.01548 -3.69063e+01 |126 -0.17287 -2.26930e+00
127  0.44121  4.76709e-01 |128 -0.16266 -1.13396e+00 |129  0.08404 -5.89644e+00
130 -0.17038  1.10509e+01 |
130 variables; iteration 40; function evaluation 50; phase 4
Function value 2.3499664e+03; maximum gradient component mag 1.9270e+02
Var    Value     Gradient |Var    Value     Gradient |Var    Value     Gradient
  1 -0.19544 -1.54339e+02 |  2 -0.01674 -3.82004e+01 |  3 -0.02842  1.28872e+00
  4 -0.00216  6.15393e+00 |  5 -0.39613 -2.21984e+01 |  6  0.01388 -1.43725e+00
  7  0.10232 -1.59350e+02 |  8 -0.13904 -3.30657e+01 |  9  0.19129 -1.98341e+01
 10 -0.20359 -2.63178e+01 | 11 -0.08228  1.36495e+02 | 12  0.00452  1.57314e-01
 13  0.00515  1.79485e-01 | 14  0.00586  2.04785e-01 | 15  0.00667  2.33682e-01
 16  0.00760  2.66854e-01 | 17  0.00866  3.05053e-01 | 18  0.00988  3.48962e-01
 19  0.01128  3.99014e-01 | 20  0.01288  4.55629e-01 | 21  0.01469  5.19066e-01
 22  0.01670  5.89329e-01 | 23  0.01894  6.66775e-01 | 24  0.02146  7.54060e-01
 25  0.02429  8.53037e-01 | 26  0.02741  9.66849e-01 | 27  0.03076  1.10127e+00
 28  0.03437  1.27048e+00 | 29  0.03828  1.49548e+00 | 30  0.04227  1.80363e+00
 31  0.04586  2.21169e+00 | 32  0.04870  2.74623e+00 | 33  0.05191  3.49895e+00
 34  0.05703  4.56051e+00 | 35  0.06420  5.86045e+00 | 36  0.07121  7.15381e+00
 37  0.07126  8.05545e+00 | 38  0.06146  8.52603e+00 | 39  0.04093  8.75203e+00
 40  0.00114  6.31106e+00 | 41 -0.01888  5.57795e+00 | 42 -0.01789  6.33380e+00
 43  0.00389  8.01540e+00 | 44  0.02555  8.11845e+00 | 45  0.03989  9.93163e+00
 46  0.07127  1.63206e+01 | 47  0.08420  1.67922e+01 | 48  0.03980  1.26636e+01
 49  0.00225  7.23202e+00 | 50  0.04783  4.09604e+00 | 51  0.00374 -3.21040e-01
 52  0.11241  6.53893e+00 | 53 -0.00910  1.43059e+01 | 54 -0.03860  1.53333e+01
 55 -0.03288  1.68668e+01 | 56  0.07122  1.88262e+00 | 57 -0.02741  7.26580e+00
 58 -0.08102  1.76051e+01 | 59 -0.11482  2.20056e+01 | 60 -0.16794 -6.06537e+00
 61  0.18466  5.03720e+01 | 62 -0.14926 -1.47281e-01 | 63  0.03685  4.25847e+01
 64  0.01518  2.42577e+01 | 65  0.02204 -5.81851e+00 | 66  0.03477 -6.43521e-01
 67 -0.01931  1.35242e+01 | 68  0.02653  2.96305e+01 | 69 -0.09600  1.16762e+01
 70  0.04225  4.00175e+01 | 71 -0.09186  5.82503e+00 | 72 -0.04873  1.03607e+00
 73 -0.10857  4.28033e+00 | 74 -0.08648  3.40096e+00 | 75 -0.24313 -1.94371e+01
 76  0.28261  1.92704e+02 | 77 -0.24088 -1.41409e+01 | 78  0.01733  5.14632e+00
 79 -0.06843 -1.50305e+00 | 80  0.06050 -5.73141e+01 | 81 -0.08297  9.28639e-01
 82 -0.20436 -6.47227e-01 | 83 -0.23135  5.05367e+00 | 84 -0.07749  5.90789e+00
 85 -0.09507  3.19145e+00 | 86  0.07555 -5.03279e+01 | 87  0.13848 -7.26856e+01
 88  0.01547  1.97202e+01 | 89  0.05019 -3.57640e+00 | 90  0.17453 -7.63731e+01
 91 -0.08174 -1.02324e+01 | 92  0.02143  4.89271e+00 | 93  0.04549 -1.04223e+01
 94 -0.03784 -9.58752e+00 | 95 -0.15484  3.66534e+00 | 96 -0.07358 -5.19334e-01
 97 -0.01786  8.36930e+00 | 98  0.05759  1.03378e+01 | 99 -0.03802  7.93419e+00
100  0.03462 -8.49293e-02 |101  0.07558 -4.38850e+00 |102 -0.40852 -2.44407e+00
103 -0.27936 -3.13010e+00 |104 -0.12088 -2.61590e+00 |105  0.15364  7.10661e+00
106 -0.12227 -7.18335e+00 |107  0.05479  9.98963e-02 |108 -0.05289 -1.44479e+00
109  0.05268 -3.26165e+00 |110  0.04954  9.97914e+00 |111  0.27776 -1.84329e+00
112 -0.04187  8.36190e+00 |113  0.34595  7.35252e+00 |114 -0.01586 -4.02685e+00
115  0.14946  5.81961e+00 |116 -0.09534 -2.99944e+00 |117 -0.13375  8.31331e+01
118 -0.32927 -2.89091e+01 |119 -0.04302  1.19345e+01 |120 -0.06171  1.15092e+01
121 -0.01024  3.28872e+00 |122 -0.01699 -2.32146e+00 |123 -0.12797  1.55274e+00
124  0.01233  3.45137e+00 |125  0.00275 -3.78550e+00 |126 -0.08735  2.75560e+00
127  0.46545  2.80744e+00 |128 -0.15183 -4.27732e+00 |129  0.03563 -1.28417e+01
130 -0.20767  1.04255e+01 |
130 variables; iteration 60; function evaluation 72; phase 4
Function value 2.3428966e+03; maximum gradient component mag -2.0106e+02
Var    Value     Gradient |Var    Value     Gradient |Var    Value     Gradient
  1 -0.22151 -2.01061e+02 |  2  0.01287 -7.29246e+00 |  3 -0.05938 -4.22267e+00
  4  0.00249  3.57394e+00 |  5 -0.41146 -5.41327e+00 |  6  0.02008 -2.32250e+01
  7  0.08594 -6.55301e+01 |  8 -0.07170 -1.56723e+01 |  9  0.17579 -8.87848e+00
 10 -0.10435 -4.54930e+00 | 11 -0.10620  1.59446e+02 | 12  0.00411  2.07577e-01
 13  0.00471  2.40748e-01 | 14  0.00540  2.78856e-01 | 15  0.00618  3.22510e-01
 16  0.00707  3.72636e-01 | 17  0.00809  4.30598e-01 | 18  0.00927  4.98151e-01
 19  0.01063  5.76536e-01 | 20  0.01217  6.66487e-01 | 21  0.01393  7.68592e-01
 22  0.01588  8.84047e-01 | 23  0.01807  1.01472e+00 | 24  0.02055  1.16562e+00
 25  0.02332  1.33979e+00 | 26  0.02634  1.53955e+00 | 27  0.02949  1.76582e+00
 28  0.03270  2.01874e+00 | 29  0.03581  2.29809e+00 | 30  0.03846  2.60375e+00
 31  0.04026  2.92294e+00 | 32  0.04083  3.23143e+00 | 33  0.04019  3.48661e+00
 34  0.03879  3.65676e+00 | 35  0.03862  3.85853e+00 | 36  0.04171  4.35215e+00
 37  0.04542  5.26919e+00 | 38  0.04067  6.25698e+00 | 39  0.01688  6.26009e+00
 40  0.00393  8.07700e+00 | 41 -0.00895  9.06821e+00 | 42 -0.01095  9.85141e+00
 43  0.00117  1.04480e+01 | 44  0.03460  1.28442e+01 | 45  0.04801  1.33387e+01
 46  0.03478  1.04369e+01 | 47  0.08314  1.66308e+01 | 48  0.03570  1.45841e+01
 49  0.01550  1.41389e+01 | 50  0.03629  1.15582e+01 | 51  0.02492  1.28121e+01
 52  0.11225  3.07875e+01 | 53 -0.00533  2.20369e+01 | 54 -0.03668  1.96602e+01
 55 -0.03824  2.02454e+01 | 56  0.07994  3.11503e+01 | 57 -0.03061  8.99952e+00
 58 -0.08911  1.07233e+01 | 59 -0.12505  1.63364e+01 | 60 -0.14453 -1.05445e-02
 61  0.18633  7.31202e+01 | 62 -0.12272  4.72397e+00 | 63  0.02376  8.54763e+00
 64  0.00967  5.54387e+00 | 65  0.02610 -1.42934e+00 | 66  0.04438  1.58966e+01
 67 -0.02539  8.30744e+00 | 68  0.01795  4.64423e+00 | 69 -0.10086  5.42265e-01
 70  0.02157 -1.33290e+01 | 71 -0.09251  6.06866e-02 | 72 -0.05618 -3.25991e-01
 73 -0.10680  8.92026e+00 | 74 -0.08662  8.48357e+00 | 75 -0.23934 -1.99091e+01
 76  0.26229 -2.38538e+01 | 77 -0.20389 -1.01502e+01 | 78  0.00968 -2.27355e+00
 79 -0.06122  8.01818e+00 | 80  0.06709 -1.68306e+01 | 81 -0.08563  2.39142e+00
 82 -0.18162  1.16962e+01 | 83 -0.20829  1.46028e+01 | 84 -0.07423  9.27079e+00
 85 -0.09105  7.89255e+00 | 86  0.08579 -8.96618e+00 | 87  0.15305  6.19287e+00
 88 -0.00568 -1.54871e+00 | 89  0.05006 -1.14290e+00 | 90  0.18515 -1.23182e+01
 91 -0.07186 -3.41643e+00 | 92  0.02060 -2.05222e+00 | 93  0.04841 -1.01328e+01
 94 -0.02882 -2.03459e+00 | 95 -0.13985  9.23016e+00 | 96 -0.06528  3.03401e+00
 97 -0.01972  6.17531e-01 | 98  0.05035 -9.03859e+00 | 99 -0.04746  3.56885e+00
100  0.04325  2.86987e+00 |101  0.09467 -9.32887e-01 |102 -0.20436  1.94586e+00
103 -0.24222  1.00018e+00 |104 -0.12365 -2.33310e+00 |105  0.14972  1.07540e+01
106 -0.12349 -9.54987e+00 |107  0.13706  8.18533e-01 |108  0.07018  3.41571e-01
109  0.01712 -5.68994e+00 |110  0.01377  6.95760e+00 |111  0.18785 -5.32478e+00
112 -0.09366  8.50231e+00 |113  0.33189  1.13735e+01 |114 -0.02875 -1.00650e+01
115  0.14342  7.04184e+00 |116 -0.09355 -4.84456e+00 |117 -0.15418  1.33856e+01
118 -0.33928  7.24861e-01 |119 -0.00183  8.29435e+00 |120 -0.05538  2.09978e+01
121 -0.00929  2.27141e+00 |122 -0.01002 -1.66264e+00 |123 -0.12907  9.89599e-01
124  0.00476 -1.10621e+00 |125  0.00014 -3.65691e-01 |126 -0.09221  1.51496e+00
127  0.44153  2.06859e+00 |128 -0.16227 -3.34880e+00 |129  0.05322  6.26771e+00
130 -0.20028 -6.03446e+00 |
130 variables; iteration 80; function evaluation 96; phase 4
Function value 2.3405267e+03; maximum gradient component mag -7.3891e+01
Var    Value     Gradient |Var    Value     Gradient |Var    Value     Gradient
  1 -0.21691 -7.38911e+01 |  2  0.00791  4.88241e+00 |  3 -0.05020  6.22133e+00
  4 -0.00443  8.89413e+00 |  5 -0.40304  4.94064e+00 |  6  0.02410 -1.66947e+00
  7  0.09368  4.53069e+00 |  8 -0.09007 -1.45187e+00 |  9  0.18892  1.42616e+00
 10 -0.12438  5.59793e-01 | 11 -0.09963  7.16404e+01 | 12  0.00406  3.04316e-02
 13  0.00459  3.38604e-02 | 14  0.00518  3.77543e-02 | 15  0.00585  4.22103e-02
 16  0.00660  4.74023e-02 | 17  0.00745  5.33727e-02 | 18  0.00844  6.01177e-02
 19  0.00955  6.76127e-02 | 20  0.01081  7.61178e-02 | 21  0.01222  8.49374e-02
 22  0.01377  9.51166e-02 | 23  0.01549  1.06947e-01 | 24  0.01745  1.24305e-01
 25  0.01972  1.52239e-01 | 26  0.02237  1.99237e-01 | 27  0.02541  2.75386e-01
 28  0.02886  3.86722e-01 | 29  0.03251  5.31240e-01 | 30  0.03569  6.94123e-01
 31  0.03753  8.50447e-01 | 32  0.03783  1.00904e+00 | 33  0.03865  1.28257e+00
 34  0.04254  1.79527e+00 | 35  0.04860  2.40129e+00 | 36  0.05208  2.77450e+00
 37  0.04725  2.80643e+00 | 38  0.04611  3.88252e+00 | 39  0.02529  4.45915e+00
 40 -0.00357  4.24311e+00 | 41 -0.00859  6.16355e+00 | 42 -0.01487  5.83628e+00
 43 -0.00194  5.66743e+00 | 44  0.02910  5.86256e+00 | 45  0.03569  5.14452e+00
 46  0.05282  6.91058e+00 | 47  0.08305  8.15725e+00 | 48  0.03397  8.34812e+00
 49  0.00692  8.70761e+00 | 50  0.04617  1.09316e+01 | 51  0.02832  7.98269e+00
 52  0.10713  3.63362e-01 | 53 -0.01512  5.87096e+00 | 54 -0.04172  6.98112e+00
 55 -0.04299  9.00125e+00 | 56  0.07427  8.91002e+00 | 57 -0.02471  1.19643e+01
 58 -0.08113  1.63958e+01 | 59 -0.13224  1.28527e+01 | 60 -0.15569 -4.70819e+00
 61  0.18356  1.90904e+01 | 62 -0.14320 -2.25900e+00 | 63  0.02436  3.02373e+00
 64  0.00409  2.19080e+00 | 65  0.03032 -3.34788e-01 | 66  0.03308 -5.30997e+00
 67 -0.03226 -2.80196e+00 | 68  0.01470 -3.76776e+00 | 69 -0.10514  9.76400e-01
 70  0.02618  2.27533e+00 | 71 -0.09642  1.78708e+00 | 72 -0.05366  2.21655e+00
 73 -0.11046  7.13306e+00 | 74 -0.09296  5.34631e+00 | 75 -0.20451 -1.71940e+01
 76  0.26536 -1.23937e+01 | 77 -0.20395 -1.02179e+01 | 78  0.01397  2.32431e+00
 79 -0.06569  5.66095e+00 | 80  0.07213  6.46797e+00 | 81 -0.08768  2.19651e+00
 82 -0.18502  1.04981e+01 | 83 -0.21736  1.07199e+01 | 84 -0.08158  1.99375e+00
 85 -0.09523  3.85559e+00 | 86  0.08578 -7.33310e+00 | 87  0.15134 -2.11958e+00
 88 -0.00912 -6.44713e+00 | 89  0.04043 -1.24473e+01 | 90  0.18764  9.27079e+00
 91 -0.07487 -3.30446e+00 | 92  0.01999  2.13666e+00 | 93  0.05070  1.44954e+00
 94 -0.02908  5.36527e-01 | 95 -0.15382  4.18850e+00 | 96 -0.07076 -3.36824e-01
 97 -0.02454 -1.41822e-02 | 98  0.04611 -5.24801e+00 | 99 -0.05641  1.66156e+00
100  0.02704 -1.25834e+00 |101  0.09313  3.12499e-01 |102 -0.30689  1.61477e-01
103 -0.27293 -1.82954e+00 |104 -0.10604 -2.83036e-01 |105  0.14018  3.57047e+00
106 -0.12969 -4.99343e+00 |107  0.07013  5.11988e-01 |108 -0.02674 -1.10143e+00
109 -0.00505 -3.90892e+00 |110 -0.01164  2.96881e+00 |111  0.19083  6.20575e-01
112 -0.10502 -8.77035e-02 |113  0.33507  5.15417e+00 |114 -0.02214 -3.52228e+00
115  0.12664  2.17112e+00 |116 -0.10315 -1.95492e+00 |117 -0.14621  6.08953e-01
118 -0.33211  1.23205e+00 |119 -0.06929  1.22787e+00 |120 -0.05760  2.33299e+00
121  0.00013  2.62781e+00 |122  0.00049 -1.16699e-01 |123 -0.15111 -3.99975e-01
124  0.02260 -1.04439e+00 |125  0.00740  2.46504e+00 |126 -0.11113 -1.04111e+00
127  0.44160  9.58091e-01 |128 -0.16121 -1.62142e+00 |129  0.04829  4.12285e-01
130 -0.20205 -6.78540e-01 |
130 variables; iteration 100; function evaluation 119; phase 4
Function value 2.3388085e+03; maximum gradient component mag 4.2376e+01
Var    Value     Gradient |Var    Value     Gradient |Var    Value     Gradient
  1 -0.21685  1.27997e+01 |  2  0.01847  9.69247e+00 |  3 -0.06383  5.11631e+00
  4 -0.00257  6.12608e+00 |  5 -0.40768  6.29421e+00 |  6  0.01830 -1.33055e+00
  7  0.08999  4.23755e+01 |  8 -0.06529  1.03983e+01 |  9  0.18285  5.16872e+00
 10 -0.11228  2.85470e+00 | 11 -0.10415 -1.38379e+00 | 12  0.00515  1.06682e-01
 13  0.00586  1.23198e-01 | 14  0.00667  1.42344e-01 | 15  0.00758  1.64551e-01
 16  0.00862  1.90345e-01 | 17  0.00982  2.20664e-01 | 18  0.01123  2.56533e-01
 19  0.01285  2.98347e-01 | 20  0.01469  3.45208e-01 | 21  0.01676  3.96345e-01
 22  0.01900  4.46771e-01 | 23  0.02135  4.90739e-01 | 24  0.02372  5.17602e-01
 25  0.02597  5.16684e-01 | 26  0.02803  4.87457e-01 | 27  0.03016  4.56711e-01
 28  0.03299  4.67752e-01 | 29  0.03674  5.34165e-01 | 30  0.03998  5.79811e-01
 31  0.04027  4.75983e-01 | 32  0.03783  2.44621e-01 | 33  0.03750  1.33285e-01
 34  0.04112  1.69656e-01 | 35  0.04717  1.40275e-01 | 36  0.05419 -7.19835e-02
 37  0.06259 -1.90000e-01 | 38  0.04412 -6.61911e-01 | 39  0.01309 -9.43581e-01
 40  0.00187  5.70410e-01 | 41 -0.04606 -2.42554e+00 | 42 -0.03322 -8.11662e-01
 43 -0.01676 -8.50363e-01 | 44  0.01913 -8.22039e-01 | 45  0.06374  1.07505e+00
 46  0.05231  6.46859e-01 | 47  0.08422 -1.66193e+00 | 48  0.02801  9.94226e-02
 49  0.00142  1.66506e+00 | 50  0.04918  3.17889e+00 | 51  0.02180  3.02838e+00
 52  0.11571 -2.66867e+00 | 53 -0.02577  6.28062e-01 | 54 -0.03911  1.76927e+00
 55 -0.04925  2.39220e+00 | 56  0.07643  2.32587e-01 | 57 -0.02354  5.81672e+00
 58 -0.08962  5.78140e+00 | 59 -0.14501  4.11955e+00 | 60 -0.15143 -6.24328e+00
 61  0.18275 -1.78685e+01 | 62 -0.14000 -3.10971e+00 | 63  0.02401 -1.01166e+00
 64  0.00626  3.42803e+00 | 65  0.03228  2.40511e+00 | 66  0.03382 -5.47555e+00
 67 -0.03588 -4.65886e+00 | 68  0.01716 -2.82154e+00 | 69 -0.11055 -4.20794e-01
 70  0.02656  2.29810e+00 | 71 -0.09827  1.28805e+00 | 72 -0.05029  2.85427e+00
 73 -0.12288  1.22931e+00 | 74 -0.10752 -3.64303e-01 | 75 -0.13616 -9.57758e+00
 76  0.26615 -7.64228e+00 | 77 -0.18529 -7.42887e+00 | 78  0.01550  2.97706e+00
 79 -0.07059  1.81442e+00 | 80  0.07273  8.15369e+00 | 81 -0.08427  6.89029e+00
 82 -0.20031  2.52582e+00 | 83 -0.23179  4.65982e+00 | 84 -0.07702  7.84730e+00
 85 -0.10093  2.04970e+00 | 86  0.08882  2.29327e+00 | 87  0.14881 -9.41079e+00
 88 -0.00541 -1.81049e+00 | 89  0.04298 -1.04464e+01 | 90  0.18475 -9.20983e+00
 91 -0.07300 -2.30725e+00 | 92  0.01915  1.57222e+00 | 93  0.05114  6.42990e+00
 94 -0.02567  5.50290e+00 | 95 -0.16384  9.83607e-01 | 96 -0.06811  1.76339e+00
 97 -0.02799 -3.80738e+00 | 98  0.04973  3.93048e+00 | 99 -0.06264 -2.01543e+00
100  0.02816 -4.81860e-01 |101  0.08646 -1.11450e+00 |102 -0.32546 -2.14099e-01
103 -0.23951  2.37002e+00 |104 -0.10796 -4.13711e-01 |105  0.14941  5.80781e+00
106 -0.12557 -9.63509e+00 |107  0.09462  5.46028e-01 |108  0.00494 -5.69897e-01
109 -0.00273  7.18755e+00 |110 -0.01629 -8.09035e+00 |111  0.19518  3.03676e+00
112 -0.10754 -3.39492e+00 |113  0.33525 -1.39661e+00 |114 -0.02273  1.90280e+00
115  0.10561 -5.10823e+00 |116 -0.12110 -8.00186e-02 |117 -0.14280 -3.08466e-01
118 -0.33065 -1.24389e+00 |119 -0.09860 -1.93017e+00 |120 -0.05838 -9.25689e+00
121 -0.00567 -1.61530e+00 |122 -0.00650 -1.30772e+00 |123 -0.14416 -2.17201e+00
124  0.02733  1.32279e+00 |125  0.00946  1.03333e+00 |126 -0.11018  9.97950e-01
127  0.39827 -6.26926e+00 |128 -0.18384  2.99791e+00 |129  0.03501 -2.90866e+00
130 -0.21661 -1.58256e+00 |
130 variables; iteration 120; function evaluation 144; phase 4
Function value 2.3378196e+03; maximum gradient component mag 1.7458e+01
Var    Value     Gradient |Var    Value     Gradient |Var    Value     Gradient
  1 -0.22458  2.75989e-01 |  2  0.01482  4.54263e+00 |  3 -0.05984  1.88747e+00
  4 -0.00715 -1.12646e-01 |  5 -0.40693  2.14822e+00 |  6  0.02167 -1.64975e+00
  7  0.08941  1.74578e+01 |  8 -0.06374  4.85258e+00 |  9  0.18379  2.11082e+00
 10 -0.11407  9.68757e-01 | 11 -0.11341  1.98202e+00 | 12  0.00749  2.71841e-01
 13  0.00760  2.32440e-01 | 14  0.00745  1.66294e-01 | 15  0.00714  8.08954e-02
 16  0.00691 -3.15128e-03 | 17  0.00724 -4.90325e-02 | 18  0.00878 -7.20907e-03
 19  0.01204  1.60716e-01 | 20  0.01687  4.35173e-01 | 21  0.02215  7.19520e-01
 22  0.02517  8.08218e-01 | 23  0.02355  5.35673e-01 | 24  0.01739 -7.58483e-02
 25  0.01271 -5.78246e-01 | 26  0.01665 -4.61250e-01 | 27  0.02530 -3.61659e-02
 28  0.03351  3.25359e-01 | 29  0.03596  3.13479e-01 | 30  0.02732 -3.44088e-01
 31  0.02818 -3.55453e-01 | 32  0.03662  1.50396e-01 | 33  0.04172  4.75696e-01
 34  0.02818 -3.50062e-01 | 35  0.04512  4.84019e-01 | 36  0.05532  6.34465e-01
 37  0.08927  1.53439e+00 | 38  0.03245 -6.78950e-01 | 39  0.01103 -7.66451e-01
 40 -0.03486 -2.68708e+00 | 41 -0.03506 -1.20624e+00 | 42 -0.04617 -2.16995e+00
 43 -0.00367  3.27818e-01 | 44  0.02220 -8.88925e-01 | 45  0.05027  2.73510e-01
 46  0.03893  6.69477e-01 | 47  0.10520  1.19840e+00 | 48 -0.00250 -1.19786e+00
 49  0.01524  3.17593e+00 | 50  0.04708  1.45255e+00 | 51  0.01085  1.41693e+00
 52  0.12175  4.41825e+00 | 53 -0.03331  7.30475e-01 | 54 -0.03594  1.13428e+00
 55 -0.05719 -5.10184e-01 | 56  0.07952  9.54043e-01 | 57 -0.02637  1.71981e+00
 58 -0.09350  4.04696e-01 | 59 -0.15756 -6.27241e-01 | 60 -0.12965 -1.38799e+00
 61  0.18335 -6.79482e+00 | 62 -0.13260 -1.19176e+00 | 63  0.02550  8.14814e-01
 64  0.00449  1.43586e+00 | 65  0.03239  2.24424e+00 | 66  0.03450 -7.44750e-01
 67 -0.03108  1.07871e-01 | 68  0.01550 -5.37109e-01 | 69 -0.11032 -2.76305e-01
 70  0.02443 -7.28120e-02 | 71 -0.10080  6.95147e-02 | 72 -0.05306  1.27057e+00
 73 -0.12623  1.12399e-01 | 74 -0.11763 -1.94102e+00 | 75 -0.09954 -2.52276e+00
 76  0.26384 -2.90264e+00 | 77 -0.15049 -8.25619e-01 | 78  0.01178  1.59004e-01
 79 -0.07345 -3.20955e-01 | 80  0.06975  1.04516e+00 | 81 -0.09068  2.19770e+00
 82 -0.20934 -5.82192e-01 | 83 -0.24799 -4.00766e-01 | 84 -0.08434  2.29319e+00
 85 -0.10226  7.36823e-01 | 86  0.08630  1.42464e+00 | 87  0.14782 -3.18293e+00
 88 -0.00708 -3.76846e-01 | 89  0.04698 -9.11965e-01 | 90  0.18319 -5.23047e+00
 91 -0.07186 -8.35735e-01 | 92  0.01783 -7.47654e-01 | 93  0.04927  1.08237e+00
 94 -0.02849  1.49374e+00 | 95 -0.16475  2.42037e-01 | 96 -0.06934  3.27433e-01
 97 -0.02644 -1.82318e+00 | 98  0.04846  2.84462e+00 | 99 -0.06527 -2.58625e+00
100  0.02745 -6.26747e-01 |101  0.09176  1.36843e-02 |102 -0.31617 -3.57470e-03
103 -0.25166  1.22744e+00 |104 -0.11553 -3.86937e-01 |105  0.15475 -3.49196e-01
106 -0.12089 -1.18515e+00 |107  0.10089 -9.84357e-01 |108  0.03683  9.35872e-01
109  0.01785  5.31350e+00 |110  0.00781 -4.73271e+00 |111  0.18577  1.74252e+00
112 -0.11210 -2.01573e+00 |113  0.33662 -5.46683e-01 |114 -0.02428  2.40259e-02
115  0.13987  5.00438e-01 |116 -0.09548 -6.43564e-02 |117 -0.14575 -4.03098e+00
118 -0.33389 -2.95470e-01 |119 -0.09416 -1.80302e+00 |120 -0.05795 -2.57388e+00
121 -0.01215 -2.26195e+00 |122 -0.01345 -1.84788e+00 |123 -0.13150 -1.53558e+00
124  0.00851  2.27419e-03 |125  0.00323 -5.66908e-01 |126 -0.09695  1.02487e+00
127  0.42319 -1.42450e+00 |128 -0.17268 -7.64449e-01 |129  0.04290 -2.17173e+00
130 -0.20783 -1.88666e-01 |
130 variables; iteration 140; function evaluation 169; phase 4
Function value 2.3375048e+03; maximum gradient component mag 7.5670e+00
Var    Value     Gradient |Var    Value     Gradient |Var    Value     Gradient
  1 -0.23116  7.56696e+00 |  2  0.01414 -9.04913e-01 |  3 -0.05821 -4.76109e-01
  4 -0.00580 -1.82944e-01 |  5 -0.40867 -2.96971e-01 |  6  0.02985  7.58824e-01
  7  0.08995 -1.87653e+00 |  8 -0.07110 -2.51049e-01 |  9  0.18420 -1.42823e-01
 10 -0.11407 -1.40078e-01 | 11 -0.12343 -6.28390e+00 | 12  0.00416 -5.44347e-02
 13  0.00386 -1.31181e-01 | 14  0.00564 -3.94242e-02 | 15  0.00733  3.69472e-02
 16  0.00758 -1.36415e-02 | 17  0.00798 -6.15168e-02 | 18  0.00960 -2.11373e-02
 19  0.01232  9.15624e-02 | 20  0.01466  1.58379e-01 | 21  0.01430  1.61555e-03
 22  0.01767  1.17954e-01 | 23  0.01847  2.58440e-02 | 24  0.01745 -2.10776e-01
 25  0.02325  2.24359e-02 | 26  0.01917 -4.43862e-01 | 27  0.02639 -1.43908e-01
 28  0.02749 -2.56089e-01 | 29  0.03327 -7.32927e-02 | 30  0.03462 -1.39233e-01
 31  0.03776 -6.10659e-02 | 32  0.03570 -2.30687e-01 | 33  0.04016 -2.48252e-02
 34  0.03762 -2.65014e-01 | 35  0.04341 -2.16948e-01 | 36  0.05124 -2.71168e-01
 37  0.05579 -3.78498e-01 | 38  0.04363 -4.90348e-01 | 39  0.01971 -1.85220e-01
 40 -0.01342 -4.99310e-01 | 41 -0.02837 -2.02748e-01 | 42 -0.03208 -3.84786e-01
 43 -0.01404 -4.83156e-01 | 44  0.02939 -5.87665e-01 | 45  0.05013 -5.32075e-01
 46  0.03319 -8.16544e-01 | 47  0.10320 -1.06890e+00 | 48  0.02009 -6.97873e-01
 49 -0.00494 -7.70930e-01 | 50  0.05576 -8.23934e-01 | 51  0.00701 -7.30810e-01
 52  0.12312 -1.02809e+00 | 53 -0.03202 -5.25380e-01 | 54 -0.03685 -4.07471e-01
 55 -0.05372 -4.34047e-01 | 56  0.08123 -7.43072e-01 | 57 -0.02700 -4.39417e-01
 58 -0.09217 -2.74620e-01 | 59 -0.15476 -2.06780e-01 | 60 -0.12550 -3.37389e-01
 61  0.18562 -1.52839e+00 | 62 -0.12785 -3.06668e-01 | 63  0.02665 -2.63554e-01
 64  0.00596 -1.96490e-01 | 65  0.03251 -5.43109e-02 | 66  0.03703  1.14029e-01
 67 -0.03072  1.57323e-01 | 68  0.01686  1.27240e-01 | 69 -0.10882  1.15784e-01
 70  0.02518  1.26686e-01 | 71 -0.09972  8.77947e-02 | 72 -0.05376  1.12731e-01
 73 -0.12608  1.16943e-01 | 74 -0.11382 -3.68480e-03 | 75 -0.09074 -1.28128e-01
 76  0.26514  1.16552e-02 | 77 -0.14512  1.82279e-01 | 78  0.01283 -5.07970e-02
 79 -0.07170  1.20540e-02 | 80  0.07079 -5.27514e-02 | 81 -0.09128  6.73349e-02
 82 -0.20660  1.17772e-01 | 83 -0.24545  1.04468e-01 | 84 -0.08457  3.44339e-02
 85 -0.10159  6.50295e-02 | 86  0.08726 -9.53771e-02 | 87  0.14995  3.84323e-02
 88 -0.00535 -5.11774e-05 | 89  0.04881  1.28503e-01 | 90  0.18551  6.90594e-02
 91 -0.06943 -6.90099e-03 | 92  0.02005  3.23488e-02 | 93  0.05113 -5.38939e-02
 94 -0.02762  3.46962e-02 | 95 -0.16314  1.01757e-01 | 96 -0.06764  7.57617e-02
 97 -0.02260  1.20555e-01 | 98  0.05025 -3.12788e-02 | 99 -0.05751  6.26636e-02
100  0.03187  6.37517e-02 |101  0.09332  6.07448e-03 |102 -0.31680  1.31920e-02
103 -0.26171  6.96048e-02 |104 -0.11300  5.65820e-02 |105  0.15519 -8.31962e-01
106 -0.11989  1.06828e+00 |107  0.09723 -6.22192e-02 |108  0.01984  6.29424e-02
109  0.01088 -3.42729e-01 |110  0.00315  4.54124e-01 |111  0.17603 -3.75828e-02
112 -0.11506  5.27967e-02 |113  0.33778 -4.23070e-01 |114 -0.02249  3.50337e-01
115  0.13274 -2.76417e-01 |116 -0.09969  3.10486e-01 |117 -0.14585 -4.14725e-01
118 -0.33297  1.50886e-01 |119 -0.08205 -1.80241e-01 |120 -0.05883  2.30703e-01
121 -0.00816 -2.35009e-02 |122 -0.00709 -4.45334e-02 |123 -0.13528 -1.89000e-02
124  0.01443 -2.79183e-02 |125  0.00535  5.71146e-02 |126 -0.10755 -1.16419e-01
127  0.44564 -1.86218e-02 |128 -0.15938  1.81356e-02 |129  0.05109 -1.28658e-01
130 -0.19971  1.89757e-01 |
130 variables; iteration 160; function evaluation 194; phase 4
Function value 2.3374975e+03; maximum gradient component mag 4.3570e-03
Var    Value     Gradient |Var    Value     Gradient |Var    Value     Gradient
  1 -0.23082  4.35704e-03 |  2  0.01406 -2.20752e-04 |  3 -0.05792  1.07567e-05
  4 -0.00606  2.35434e-04 |  5 -0.40850  6.48968e-05 |  6  0.02981  8.78131e-04
  7  0.09017  3.29835e-04 |  8 -0.07201  3.55741e-05 |  9  0.18470 -3.52228e-05
 10 -0.11435  6.87899e-05 | 11 -0.12196 -3.57676e-03 | 12  0.00461 -7.55070e-05
 13  0.00520  1.28440e-04 | 14  0.00586 -2.21520e-04 | 15  0.00660  2.90630e-05
 16  0.00743 -2.25257e-04 | 17  0.00837  1.54995e-04 | 18  0.00946  1.44803e-05
 19  0.01069 -7.80339e-05 | 20  0.01208 -7.92203e-05 | 21  0.01365 -3.04830e-05
 22  0.01536 -9.85955e-05 | 23  0.01726  1.22213e-04 | 24  0.01939  2.22498e-04
 25  0.02175 -2.47430e-04 | 26  0.02433 -3.09714e-04 | 27  0.02699 -1.44987e-04
 28  0.02969 -8.31702e-05 | 29  0.03230  2.95398e-05 | 30  0.03450 -9.28406e-05
 31  0.03599 -1.31860e-04 | 32  0.03665 -1.46865e-04 | 33  0.03708 -1.48120e-04
 34  0.03847 -2.34983e-04 | 35  0.04264 -1.76911e-04 | 36  0.05025 -2.16082e-04
 37  0.05565 -3.25166e-04 | 38  0.04540 -2.95790e-04 | 39  0.01717  1.57127e-04
 40 -0.01151 -4.56076e-04 | 41 -0.02925 -1.04814e-04 | 42 -0.03147 -2.45829e-04
 43 -0.01304 -2.05496e-04 | 44  0.02968 -3.64390e-04 | 45  0.04709 -3.21610e-04
 46  0.03751 -4.45990e-04 | 47  0.10072 -9.23542e-04 | 48  0.02101 -3.64145e-04
 49 -0.00309 -6.48612e-04 | 50  0.05394 -5.24216e-04 | 51  0.00901 -4.04313e-04
 52  0.12199 -6.18106e-04 | 53 -0.03092 -3.24044e-04 | 54 -0.03759 -3.56861e-04
 55 -0.05351 -3.47651e-04 | 56  0.08066 -2.11055e-04 | 57 -0.02718 -3.31786e-04
 58 -0.09256 -2.25605e-04 | 59 -0.15496 -2.12246e-04 | 60 -0.12510 -2.04670e-04
 61  0.18513  1.87360e-04 | 62 -0.12713 -2.00457e-04 | 63  0.02615 -2.33974e-05
 64  0.00569 -7.25082e-05 | 65  0.03213  4.88944e-05 | 66  0.03669  1.68423e-04
 67 -0.03118  1.08721e-04 | 68  0.01662  1.51847e-04 | 69 -0.10934  4.70975e-05
 70  0.02495  2.12164e-04 | 71 -0.10006 -2.45388e-05 | 72 -0.05398 -4.12462e-05
 73 -0.12654  6.98171e-05 | 74 -0.11402 -5.21588e-05 | 75 -0.09040 -3.64621e-05
 76  0.26488  6.50829e-04 | 77 -0.14611  1.26541e-04 | 78  0.01264  1.21817e-04
 79 -0.07192  9.58038e-05 | 80  0.07055 -2.55304e-04 | 81 -0.09157 -5.90450e-05
 82 -0.20710  6.64767e-05 | 83 -0.24601  2.10940e-05 | 84 -0.08486 -9.80198e-06
 85 -0.10188  6.06318e-05 | 86  0.08702 -4.76450e-05 | 87  0.14970 -2.84569e-04
 88 -0.00555  9.68058e-05 | 89  0.04848  1.66581e-04 | 90  0.18524  3.65755e-04
 91 -0.06965  1.41094e-04 | 92  0.01974  6.66082e-05 | 93  0.05083 -5.44784e-05
 94 -0.02797 -1.63834e-04 | 95 -0.16372  1.50764e-05 | 96 -0.06809 -6.10632e-05
 97 -0.02306  1.77687e-04 | 98  0.04988 -1.12828e-04 | 99 -0.05795  1.26626e-04
100  0.03149  9.01352e-05 |101  0.09315  8.79425e-05 |102 -0.31733  2.56180e-05
103 -0.26237 -7.30800e-05 |104 -0.11358  1.49773e-04 |105  0.15451 -2.85327e-04
106 -0.12039  4.52933e-04 |107  0.09642  3.86112e-05 |108  0.01833  1.96219e-04
109  0.00871 -1.27750e-04 |110  0.00077  2.23211e-04 |111  0.17600  1.40741e-04
112 -0.11513 -8.43376e-05 |113  0.33749 -2.71651e-04 |114 -0.02261  1.68171e-04
115  0.13213 -7.45239e-05 |116 -0.10005  1.14672e-04 |117 -0.14615  6.01662e-04
118 -0.33350 -1.41783e-04 |119 -0.07997  1.23306e-04 |120 -0.05904  1.39570e-04
121 -0.00807  1.24454e-04 |122 -0.00697 -4.57870e-05 |123 -0.13546 -1.00794e-04
124  0.01361  1.25861e-04 |125  0.00504  7.37900e-05 |126 -0.10658 -9.24434e-05
127  0.44530 -1.37205e-05 |128 -0.15943  1.21512e-04 |129  0.05058  5.49399e-05
130 -0.20022  9.40347e-05 |
  ic > imax  in fminim is answer attained ?
Var    Value     Gradient |Var    Value     Gradient |Var    Value     Gradient
  1 -0.23082  1.10939e-04 |  2  0.01406  1.57352e-05 |  3 -0.05792  1.95814e-05
  4 -0.00606  1.53980e-05 |  5 -0.40850  1.28844e-05 |  6  0.02980  2.28596e-05
  7  0.09017  1.13063e-04 |  8 -0.07201  2.14816e-05 |  9  0.18470  1.14591e-05
 10 -0.11435  9.87650e-06 | 11 -0.12195 -8.28570e-05 | 12  0.00461 -5.48162e-07
 13  0.00520 -2.15188e-06 | 14  0.00586  8.55000e-08 | 15  0.00660  1.78945e-06
 16  0.00743 -4.07123e-07 | 17  0.00837 -7.94198e-07 | 18  0.00946 -4.18072e-07
 19  0.01069  1.77264e-07 | 20  0.01208  1.18791e-06 | 21  0.01365  5.95298e-07
 22  0.01536  2.52179e-06 | 23  0.01726 -1.74552e-06 | 24  0.01938 -3.41011e-06
 25  0.02175  1.36999e-06 | 26  0.02433 -6.19637e-07 | 27  0.02699 -4.45272e-07
 28  0.02969 -1.52605e-06 | 29  0.03230 -2.23828e-06 | 30  0.03450 -9.43195e-07
 31  0.03599  1.03060e-07 | 32  0.03665 -6.44808e-07 | 33  0.03708  2.06858e-07
 34  0.03847 -8.61655e-07 | 35  0.04264 -1.19187e-06 | 36  0.05025 -2.49568e-06
 37  0.05566 -3.49837e-06 | 38  0.04540 -5.22237e-06 | 39  0.01716 -4.56275e-06
 40 -0.01151 -4.35599e-06 | 41 -0.02925 -2.58648e-06 | 42 -0.03147 -3.28069e-06
 43 -0.01304 -2.61687e-06 | 44  0.02969 -9.73270e-06 | 45  0.04709 -1.11662e-05
 46  0.03751 -1.16995e-05 | 47  0.10073 -1.98141e-05 | 48  0.02101 -8.48516e-06
 49 -0.00309 -3.46818e-06 | 50  0.05394 -4.74593e-06 | 51  0.00901 -9.60803e-06
 52  0.12199 -2.90885e-05 | 53 -0.03092 -2.51076e-06 | 54 -0.03759 -1.89060e-06
 55 -0.05351 -5.72391e-08 | 56  0.08066 -1.24513e-05 | 57 -0.02718 -3.44737e-06
 58 -0.09256 -2.07018e-06 | 59 -0.15496 -6.27652e-07 | 60 -0.12510 -2.72732e-06
 61  0.18513 -3.99210e-05 | 62 -0.12712 -1.33836e-06 | 63  0.02615 -4.74430e-06
 64  0.00569  9.53911e-07 | 65  0.03213 -4.94098e-07 | 66  0.03669 -6.84984e-06
 67 -0.03118 -3.39201e-06 | 68  0.01662 -3.56165e-06 | 69 -0.10934 -2.48408e-06
 70  0.02495  6.36110e-06 | 71 -0.10006 -2.73471e-06 | 72 -0.05398 -4.68239e-06
 73 -0.12654 -7.56734e-07 | 74 -0.11402  1.06047e-06 | 75 -0.09040  1.08740e-05
 76  0.26488  3.06549e-06 | 77 -0.14611  6.49649e-06 | 78  0.01264  3.09642e-06
 79 -0.07192  1.22463e-06 | 80  0.07055 -2.07807e-06 | 81 -0.09157 -3.03110e-06
 82 -0.20710 -3.11743e-06 | 83 -0.24601 -6.50292e-06 | 84 -0.08486 -2.52172e-06
 85 -0.10188  1.01306e-06 | 86  0.08702  5.08788e-06 | 87  0.14970 -2.77843e-07
 88 -0.00555  7.26979e-06 | 89  0.04848 -3.93165e-06 | 90  0.18524  1.61546e-05
 91 -0.06965  3.29406e-06 | 92  0.01974  6.13705e-06 | 93  0.05083  5.11624e-06
 94 -0.02797 -5.38333e-06 | 95 -0.16372 -2.85875e-06 | 96 -0.06809 -6.63700e-06
 97 -0.02306 -1.46419e-07 | 98  0.04988 -1.05073e-05 | 99 -0.05795  3.07003e-06
100  0.03149  2.12793e-06 |101  0.09315 -1.72498e-07 |102 -0.31733 -2.90799e-07
103 -0.26237 -2.87572e-06 |104 -0.11359 -3.93806e-06 |105  0.15451  3.13903e-06
106 -0.12039 -1.56378e-05 |107  0.09641 -1.54052e-06 |108  0.01832  4.70300e-06
109  0.00871  1.52592e-05 |110  0.00077 -2.22851e-05 |111  0.17600  4.81624e-06
112 -0.11513 -1.16571e-06 |113  0.33749 -7.92557e-06 |114 -0.02261  2.78237e-06
115  0.13213  1.84249e-06 |116 -0.10005 -2.41843e-06 |117 -0.14615  1.87306e-05
118 -0.33350 -9.81700e-06 |119 -0.07997  6.40703e-06 |120 -0.05904  1.64694e-05
121 -0.00807  1.33767e-07 |122 -0.00697 -1.71466e-06 |123 -0.13545 -3.26631e-06
124  0.01361  2.99498e-06 |125  0.00504  3.66160e-07 |126 -0.10657  5.59407e-06
127  0.44530 -1.60508e-06 |128 -0.15943  9.52634e-08 |129  0.05058 -6.80040e-06
130 -0.20022  3.79172e-06 |
Function minimizer not making progress ... is minimum attained?
Minimprove criterion = 0.0000e+00

 - final statistics:
130 variables; iteration 165; function evaluation 231
Function value 2.3375e+03; maximum gradient component mag 1.1306e-04
Exit code = 1;  converg criter 1.0000e-04
Var    Value     Gradient |Var    Value     Gradient |Var    Value     Gradient
  1 -0.23082  1.10939e-04 |  2  0.01406  1.57352e-05 |  3 -0.05792  1.95814e-05
  4 -0.00606  1.53980e-05 |  5 -0.40850  1.28844e-05 |  6  0.02980  2.28596e-05
  7  0.09017  1.13063e-04 |  8 -0.07201  2.14816e-05 |  9  0.18470  1.14591e-05
 10 -0.11435  9.87650e-06 | 11 -0.12195 -8.28570e-05 | 12  0.00461 -5.48162e-07
 13  0.00520 -2.15188e-06 | 14  0.00586  8.55000e-08 | 15  0.00660  1.78945e-06
 16  0.00743 -4.07123e-07 | 17  0.00837 -7.94198e-07 | 18  0.00946 -4.18072e-07
 19  0.01069  1.77264e-07 | 20  0.01208  1.18791e-06 | 21  0.01365  5.95298e-07
 22  0.01536  2.52179e-06 | 23  0.01726 -1.74552e-06 | 24  0.01938 -3.41011e-06
 25  0.02175  1.36999e-06 | 26  0.02433 -6.19637e-07 | 27  0.02699 -4.45272e-07
 28  0.02969 -1.52605e-06 | 29  0.03230 -2.23828e-06 | 30  0.03450 -9.43195e-07
 31  0.03599  1.03060e-07 | 32  0.03665 -6.44808e-07 | 33  0.03708  2.06858e-07
 34  0.03847 -8.61655e-07 | 35  0.04264 -1.19187e-06 | 36  0.05025 -2.49568e-06
 37  0.05566 -3.49837e-06 | 38  0.04540 -5.22237e-06 | 39  0.01716 -4.56275e-06
 40 -0.01151 -4.35599e-06 | 41 -0.02925 -2.58648e-06 | 42 -0.03147 -3.28069e-06
 43 -0.01304 -2.61687e-06 | 44  0.02969 -9.73270e-06 | 45  0.04709 -1.11662e-05
 46  0.03751 -1.16995e-05 | 47  0.10073 -1.98141e-05 | 48  0.02101 -8.48516e-06
 49 -0.00309 -3.46818e-06 | 50  0.05394 -4.74593e-06 | 51  0.00901 -9.60803e-06
 52  0.12199 -2.90885e-05 | 53 -0.03092 -2.51076e-06 | 54 -0.03759 -1.89060e-06
 55 -0.05351 -5.72391e-08 | 56  0.08066 -1.24513e-05 | 57 -0.02718 -3.44737e-06
 58 -0.09256 -2.07018e-06 | 59 -0.15496 -6.27652e-07 | 60 -0.12510 -2.72732e-06
 61  0.18513 -3.99210e-05 | 62 -0.12712 -1.33836e-06 | 63  0.02615 -4.74430e-06
 64  0.00569  9.53911e-07 | 65  0.03213 -4.94098e-07 | 66  0.03669 -6.84984e-06
 67 -0.03118 -3.39201e-06 | 68  0.01662 -3.56165e-06 | 69 -0.10934 -2.48408e-06
 70  0.02495  6.36110e-06 | 71 -0.10006 -2.73471e-06 | 72 -0.05398 -4.68239e-06
 73 -0.12654 -7.56734e-07 | 74 -0.11402  1.06047e-06 | 75 -0.09040  1.08740e-05
 76  0.26488  3.06549e-06 | 77 -0.14611  6.49649e-06 | 78  0.01264  3.09642e-06
 79 -0.07192  1.22463e-06 | 80  0.07055 -2.07807e-06 | 81 -0.09157 -3.03110e-06
 82 -0.20710 -3.11743e-06 | 83 -0.24601 -6.50292e-06 | 84 -0.08486 -2.52172e-06
 85 -0.10188  1.01306e-06 | 86  0.08702  5.08788e-06 | 87  0.14970 -2.77843e-07
 88 -0.00555  7.26979e-06 | 89  0.04848 -3.93165e-06 | 90  0.18524  1.61546e-05
 91 -0.06965  3.29406e-06 | 92  0.01974  6.13705e-06 | 93  0.05083  5.11624e-06
 94 -0.02797 -5.38333e-06 | 95 -0.16372 -2.85875e-06 | 96 -0.06809 -6.63700e-06
 97 -0.02306 -1.46419e-07 | 98  0.04988 -1.05073e-05 | 99 -0.05795  3.07003e-06
100  0.03149  2.12793e-06 |101  0.09315 -1.72498e-07 |102 -0.31733 -2.90799e-07
103 -0.26237 -2.87572e-06 |104 -0.11359 -3.93806e-06 |105  0.15451  3.13903e-06
106 -0.12039 -1.56378e-05 |107  0.09641 -1.54052e-06 |108  0.01832  4.70300e-06
109  0.00871  1.52592e-05 |110  0.00077 -2.22851e-05 |111  0.17600  4.81624e-06
112 -0.11513 -1.16571e-06 |113  0.33749 -7.92557e-06 |114 -0.02261  2.78237e-06
115  0.13213  1.84249e-06 |116 -0.10005 -2.41843e-06 |117 -0.14615  1.87306e-05
118 -0.33350 -9.81700e-06 |119 -0.07997  6.40703e-06 |120 -0.05904  1.64694e-05
121 -0.00807  1.33767e-07 |122 -0.00697 -1.71466e-06 |123 -0.13545 -3.26631e-06
124  0.01361  2.99498e-06 |125  0.00504  3.66160e-07 |126 -0.10657  5.59407e-06
127  0.44530 -1.60508e-06 |128 -0.15943  9.52634e-08 |129  0.05058 -6.80040e-06
130 -0.20022  3.79172e-06 |

Initial statistics: 142 variables; iteration 0; function evaluation 0; phase 5
Function value 2.3374975e+03; maximum gradient component mag 1.1305e-04
Var    Value     Gradient |Var    Value     Gradient |Var    Value     Gradient
  1 -0.23082  1.10929e-04 |  2  0.01406  1.57343e-05 |  3 -0.05792  1.95789e-05
  4 -0.00606  1.53969e-05 |  5 -0.40850  1.28842e-05 |  6  0.02980  2.28557e-05
  7  0.09017  1.13049e-04 |  8 -0.07201  2.14789e-05 |  9  0.18470  1.14586e-05
 10 -0.11435  9.87648e-06 | 11 -0.12195 -8.28479e-05 | 12  0.00461 -5.48174e-07
 13  0.00520 -2.15162e-06 | 14  0.00586  8.53915e-08 | 15  0.00660  1.78913e-06
 16  0.00743 -4.07130e-07 | 17  0.00837 -7.94054e-07 | 18  0.00946 -4.18015e-07
 19  0.01069  1.77246e-07 | 20  0.01208  1.18773e-06 | 21  0.01365  5.95251e-07
 22  0.01536  2.52138e-06 | 23  0.01726 -1.74530e-06 | 24  0.01938 -3.40962e-06
 25  0.02175  1.36970e-06 | 26  0.02433 -6.19591e-07 | 27  0.02699 -4.45276e-07
 28  0.02969 -1.52594e-06 | 29  0.03230 -2.23815e-06 | 30  0.03450 -9.43296e-07
 31  0.03599  1.02761e-07 | 32  0.03665 -6.44946e-07 | 33  0.03708  2.06574e-07
 34  0.03847 -8.61822e-07 | 35  0.04264 -1.19210e-06 | 36  0.05025 -2.49574e-06
 37  0.05566 -3.49823e-06 | 38  0.04540 -5.22210e-06 | 39  0.01716 -4.56222e-06
 40 -0.01151 -4.35563e-06 | 41 -0.02925 -2.58630e-06 | 42 -0.03147 -3.28077e-06
 43 -0.01304 -2.61706e-06 | 44  0.02969 -9.73177e-06 | 45  0.04709 -1.11654e-05
 46  0.03751 -1.16987e-05 | 47  0.10073 -1.98130e-05 | 48  0.02101 -8.48528e-06
 49 -0.00309 -3.46865e-06 | 50  0.05394 -4.74671e-06 | 51  0.00901 -9.60790e-06
 52  0.12199 -2.90863e-05 | 53 -0.03092 -2.51073e-06 | 54 -0.03759 -1.89038e-06
 55 -0.05351 -5.70909e-08 | 56  0.08066 -1.24485e-05 | 57 -0.02718 -3.44639e-06
 58 -0.09256 -2.06955e-06 | 59 -0.15496 -6.27314e-07 | 60 -0.12510 -2.72488e-06
 61  0.18513 -3.99115e-05 | 62 -0.12712 -1.33722e-06 | 63  0.02615 -4.74364e-06
 64  0.00569  9.53410e-07 | 65  0.03213 -4.94244e-07 | 66  0.03669 -6.84857e-06
 67 -0.03118 -3.39125e-06 | 68  0.01662 -3.56084e-06 | 69 -0.10934 -2.48331e-06
 70  0.02495  6.36000e-06 | 71 -0.10006 -2.73429e-06 | 72 -0.05398 -4.68169e-06
 73 -0.12654 -7.56966e-07 | 74 -0.11402  1.05974e-06 | 75 -0.09040  1.08706e-05
 76  0.26488  3.06520e-06 | 77 -0.14611  6.49404e-06 | 78  0.01264  3.09609e-06
 79 -0.07192  1.22421e-06 | 80  0.07055 -2.07860e-06 | 81 -0.09157 -3.03065e-06
 82 -0.20710 -3.11703e-06 | 83 -0.24601 -6.50209e-06 | 84 -0.08486 -2.52130e-06
 85 -0.10188  1.01287e-06 | 86  0.08702  5.08796e-06 | 87  0.14970 -2.76546e-07
 88 -0.00555  7.26873e-06 | 89  0.04848 -3.92942e-06 | 90  0.18524  1.61525e-05
 91 -0.06965  3.29362e-06 | 92  0.01974  6.13538e-06 | 93  0.05083  5.11479e-06
 94 -0.02797 -5.38239e-06 | 95 -0.16372 -2.85810e-06 | 96 -0.06809 -6.63564e-06
 97 -0.02306 -1.46335e-07 | 98  0.04988 -1.05048e-05 | 99 -0.05795  3.06922e-06
100  0.03149  2.12736e-06 |101  0.09315 -1.72678e-07 |102  0.00000  0.00000e+00
103  0.00000  0.00000e+00 |104  0.00000  0.00000e+00 |105  0.00000  0.00000e+00
106  0.00000  0.00000e+00 |107  0.00000  0.00000e+00 |108  0.00000  0.00000e+00
109  0.00000  0.00000e+00 |110  0.00000  0.00000e+00 |111  0.00000  0.00000e+00
112  0.00000  0.00000e+00 |113  0.00000  0.00000e+00 |114 -0.31733 -2.90774e-07
115 -0.26237 -2.87504e-06 |116 -0.11359 -3.93714e-06 |117  0.15451  3.13819e-06
118 -0.12039 -1.56349e-05 |119  0.09641 -1.54039e-06 |120  0.01832  4.70213e-06
121  0.00871  1.52554e-05 |122  0.00077 -2.22806e-05 |123  0.17600  4.81523e-06
124 -0.11513 -1.16525e-06 |125  0.33749 -7.92559e-06 |126 -0.02261  2.78306e-06
127  0.13213  1.84151e-06 |128 -0.10005 -2.41769e-06 |129 -0.14615  1.87302e-05
130 -0.33350 -9.81527e-06 |131 -0.07997  6.40683e-06 |132 -0.05904  1.64646e-05
133 -0.00807  1.33615e-07 |134 -0.00697 -1.71458e-06 |135 -0.13545 -3.26573e-06
136  0.01361  2.99451e-06 |137  0.00504  3.66116e-07 |138 -0.10657  5.59240e-06
139  0.44530 -1.60441e-06 |140 -0.15943  9.48159e-08 |141  0.05058 -6.79925e-06
142 -0.20022  3.79064e-06 |
  ic > imax  in fminim is answer attained ?
Var    Value     Gradient |Var    Value     Gradient |Var    Value     Gradient
  1 -0.23082  1.10929e-04 |  2  0.01406  1.57343e-05 |  3 -0.05792  1.95789e-05
  4 -0.00606  1.53969e-05 |  5 -0.40850  1.28842e-05 |  6  0.02980  2.28557e-05
  7  0.09017  1.13049e-04 |  8 -0.07201  2.14789e-05 |  9  0.18470  1.14586e-05
 10 -0.11435  9.87648e-06 | 11 -0.12195 -8.28479e-05 | 12  0.00461 -5.48174e-07
 13  0.00520 -2.15162e-06 | 14  0.00586  8.53915e-08 | 15  0.00660  1.78913e-06
 16  0.00743 -4.07130e-07 | 17  0.00837 -7.94054e-07 | 18  0.00946 -4.18015e-07
 19  0.01069  1.77246e-07 | 20  0.01208  1.18773e-06 | 21  0.01365  5.95251e-07
 22  0.01536  2.52138e-06 | 23  0.01726 -1.74530e-06 | 24  0.01938 -3.40962e-06
 25  0.02175  1.36970e-06 | 26  0.02433 -6.19591e-07 | 27  0.02699 -4.45276e-07
 28  0.02969 -1.52594e-06 | 29  0.03230 -2.23815e-06 | 30  0.03450 -9.43296e-07
 31  0.03599  1.02761e-07 | 32  0.03665 -6.44946e-07 | 33  0.03708  2.06574e-07
 34  0.03847 -8.61822e-07 | 35  0.04264 -1.19210e-06 | 36  0.05025 -2.49574e-06
 37  0.05566 -3.49823e-06 | 38  0.04540 -5.22210e-06 | 39  0.01716 -4.56222e-06
 40 -0.01151 -4.35563e-06 | 41 -0.02925 -2.58630e-06 | 42 -0.03147 -3.28077e-06
 43 -0.01304 -2.61706e-06 | 44  0.02969 -9.73177e-06 | 45  0.04709 -1.11654e-05
 46  0.03751 -1.16987e-05 | 47  0.10073 -1.98130e-05 | 48  0.02101 -8.48528e-06
 49 -0.00309 -3.46865e-06 | 50  0.05394 -4.74671e-06 | 51  0.00901 -9.60790e-06
 52  0.12199 -2.90863e-05 | 53 -0.03092 -2.51073e-06 | 54 -0.03759 -1.89038e-06
 55 -0.05351 -5.70909e-08 | 56  0.08066 -1.24485e-05 | 57 -0.02718 -3.44639e-06
 58 -0.09256 -2.06955e-06 | 59 -0.15496 -6.27314e-07 | 60 -0.12510 -2.72488e-06
 61  0.18513 -3.99115e-05 | 62 -0.12712 -1.33722e-06 | 63  0.02615 -4.74364e-06
 64  0.00569  9.53410e-07 | 65  0.03213 -4.94244e-07 | 66  0.03669 -6.84857e-06
 67 -0.03118 -3.39125e-06 | 68  0.01662 -3.56084e-06 | 69 -0.10934 -2.48331e-06
 70  0.02495  6.36000e-06 | 71 -0.10006 -2.73429e-06 | 72 -0.05398 -4.68169e-06
 73 -0.12654 -7.56966e-07 | 74 -0.11402  1.05974e-06 | 75 -0.09040  1.08706e-05
 76  0.26488  3.06520e-06 | 77 -0.14611  6.49404e-06 | 78  0.01264  3.09609e-06
 79 -0.07192  1.22421e-06 | 80  0.07055 -2.07860e-06 | 81 -0.09157 -3.03065e-06
 82 -0.20710 -3.11703e-06 | 83 -0.24601 -6.50209e-06 | 84 -0.08486 -2.52130e-06
 85 -0.10188  1.01287e-06 | 86  0.08702  5.08796e-06 | 87  0.14970 -2.76546e-07
 88 -0.00555  7.26873e-06 | 89  0.04848 -3.92942e-06 | 90  0.18524  1.61525e-05
 91 -0.06965  3.29362e-06 | 92  0.01974  6.13538e-06 | 93  0.05083  5.11479e-06
 94 -0.02797 -5.38239e-06 | 95 -0.16372 -2.85810e-06 | 96 -0.06809 -6.63564e-06
 97 -0.02306 -1.46335e-07 | 98  0.04988 -1.05048e-05 | 99 -0.05795  3.06922e-06
100  0.03149  2.12736e-06 |101  0.09315 -1.72678e-07 |102  0.00000  0.00000e+00
103  0.00000  0.00000e+00 |104  0.00000  0.00000e+00 |105  0.00000  0.00000e+00
106  0.00000  0.00000e+00 |107  0.00000  0.00000e+00 |108  0.00000  0.00000e+00
109  0.00000  0.00000e+00 |110  0.00000  0.00000e+00 |111  0.00000  0.00000e+00
112  0.00000  0.00000e+00 |113  0.00000  0.00000e+00 |114 -0.31733 -2.90774e-07
115 -0.26237 -2.87504e-06 |116 -0.11359 -3.93714e-06 |117  0.15451  3.13819e-06
118 -0.12039 -1.56349e-05 |119  0.09641 -1.54039e-06 |120  0.01832  4.70213e-06
121  0.00871  1.52554e-05 |122  0.00077 -2.22806e-05 |123  0.17600  4.81523e-06
124 -0.11513 -1.16525e-06 |125  0.33749 -7.92559e-06 |126 -0.02261  2.78306e-06
127  0.13213  1.84151e-06 |128 -0.10005 -2.41769e-06 |129 -0.14615  1.87302e-05
130 -0.33350 -9.81527e-06 |131 -0.07997  6.40683e-06 |132 -0.05904  1.64646e-05
133 -0.00807  1.33615e-07 |134 -0.00697 -1.71458e-06 |135 -0.13545 -3.26573e-06
136  0.01361  2.99451e-06 |137  0.00504  3.66116e-07 |138 -0.10657  5.59240e-06
139  0.44530 -1.60441e-06 |140 -0.15943  9.48159e-08 |141  0.05058 -6.79925e-06
142 -0.20022  3.79064e-06 |
Function minimizer not making progress ... is minimum attained?
Minimprove criterion = 0.0000e+00

 - final statistics:
142 variables; iteration 1; function evaluation 30
Function value 2.3375e+03; maximum gradient component mag 1.1305e-04
Exit code = 1;  converg criter 1.0000e-04
Var    Value     Gradient |Var    Value     Gradient |Var    Value     Gradient
  1 -0.23082  1.10929e-04 |  2  0.01406  1.57343e-05 |  3 -0.05792  1.95789e-05
  4 -0.00606  1.53969e-05 |  5 -0.40850  1.28842e-05 |  6  0.02980  2.28557e-05
  7  0.09017  1.13049e-04 |  8 -0.07201  2.14789e-05 |  9  0.18470  1.14586e-05
 10 -0.11435  9.87648e-06 | 11 -0.12195 -8.28479e-05 | 12  0.00461 -5.48174e-07
 13  0.00520 -2.15162e-06 | 14  0.00586  8.53915e-08 | 15  0.00660  1.78913e-06
 16  0.00743 -4.07130e-07 | 17  0.00837 -7.94054e-07 | 18  0.00946 -4.18015e-07
 19  0.01069  1.77246e-07 | 20  0.01208  1.18773e-06 | 21  0.01365  5.95251e-07
 22  0.01536  2.52138e-06 | 23  0.01726 -1.74530e-06 | 24  0.01938 -3.40962e-06
 25  0.02175  1.36970e-06 | 26  0.02433 -6.19591e-07 | 27  0.02699 -4.45276e-07
 28  0.02969 -1.52594e-06 | 29  0.03230 -2.23815e-06 | 30  0.03450 -9.43296e-07
 31  0.03599  1.02761e-07 | 32  0.03665 -6.44946e-07 | 33  0.03708  2.06574e-07
 34  0.03847 -8.61822e-07 | 35  0.04264 -1.19210e-06 | 36  0.05025 -2.49574e-06
 37  0.05566 -3.49823e-06 | 38  0.04540 -5.22210e-06 | 39  0.01716 -4.56222e-06
 40 -0.01151 -4.35563e-06 | 41 -0.02925 -2.58630e-06 | 42 -0.03147 -3.28077e-06
 43 -0.01304 -2.61706e-06 | 44  0.02969 -9.73177e-06 | 45  0.04709 -1.11654e-05
 46  0.03751 -1.16987e-05 | 47  0.10073 -1.98130e-05 | 48  0.02101 -8.48528e-06
 49 -0.00309 -3.46865e-06 | 50  0.05394 -4.74671e-06 | 51  0.00901 -9.60790e-06
 52  0.12199 -2.90863e-05 | 53 -0.03092 -2.51073e-06 | 54 -0.03759 -1.89038e-06
 55 -0.05351 -5.70909e-08 | 56  0.08066 -1.24485e-05 | 57 -0.02718 -3.44639e-06
 58 -0.09256 -2.06955e-06 | 59 -0.15496 -6.27314e-07 | 60 -0.12510 -2.72488e-06
 61  0.18513 -3.99115e-05 | 62 -0.12712 -1.33722e-06 | 63  0.02615 -4.74364e-06
 64  0.00569  9.53410e-07 | 65  0.03213 -4.94244e-07 | 66  0.03669 -6.84857e-06
 67 -0.03118 -3.39125e-06 | 68  0.01662 -3.56084e-06 | 69 -0.10934 -2.48331e-06
 70  0.02495  6.36000e-06 | 71 -0.10006 -2.73429e-06 | 72 -0.05398 -4.68169e-06
 73 -0.12654 -7.56966e-07 | 74 -0.11402  1.05974e-06 | 75 -0.09040  1.08706e-05
 76  0.26488  3.06520e-06 | 77 -0.14611  6.49404e-06 | 78  0.01264  3.09609e-06
 79 -0.07192  1.22421e-06 | 80  0.07055 -2.07860e-06 | 81 -0.09157 -3.03065e-06
 82 -0.20710 -3.11703e-06 | 83 -0.24601 -6.50209e-06 | 84 -0.08486 -2.52130e-06
 85 -0.10188  1.01287e-06 | 86  0.08702  5.08796e-06 | 87  0.14970 -2.76546e-07
 88 -0.00555  7.26873e-06 | 89  0.04848 -3.92942e-06 | 90  0.18524  1.61525e-05
 91 -0.06965  3.29362e-06 | 92  0.01974  6.13538e-06 | 93  0.05083  5.11479e-06
 94 -0.02797 -5.38239e-06 | 95 -0.16372 -2.85810e-06 | 96 -0.06809 -6.63564e-06
 97 -0.02306 -1.46335e-07 | 98  0.04988 -1.05048e-05 | 99 -0.05795  3.06922e-06
100  0.03149  2.12736e-06 |101  0.09315 -1.72678e-07 |102  0.00000  0.00000e+00
103  0.00000  0.00000e+00 |104  0.00000  0.00000e+00 |105  0.00000  0.00000e+00
106  0.00000  0.00000e+00 |107  0.00000  0.00000e+00 |108  0.00000  0.00000e+00
109  0.00000  0.00000e+00 |110  0.00000  0.00000e+00 |111  0.00000  0.00000e+00
112  0.00000  0.00000e+00 |113  0.00000  0.00000e+00 |114 -0.31733 -2.90774e-07
115 -0.26237 -2.87504e-06 |116 -0.11359 -3.93714e-06 |117  0.15451  3.13819e-06
118 -0.12039 -1.56349e-05 |119  0.09641 -1.54039e-06 |120  0.01832  4.70213e-06
121  0.00871  1.52554e-05 |122  0.00077 -2.22806e-05 |123  0.17600  4.81523e-06
124 -0.11513 -1.16525e-06 |125  0.33749 -7.92559e-06 |126 -0.02261  2.78306e-06
127  0.13213  1.84151e-06 |128 -0.10005 -2.41769e-06 |129 -0.14615  1.87302e-05
130 -0.33350 -9.81527e-06 |131 -0.07997  6.40683e-06 |132 -0.05904  1.64646e-05
133 -0.00807  1.33615e-07 |134 -0.00697 -1.71458e-06 |135 -0.13545 -3.26573e-06
136  0.01361  2.99451e-06 |137  0.00504  3.66116e-07 |138 -0.10657  5.59240e-06
139  0.44530 -1.60441e-06 |140 -0.15943  9.48159e-08 |141  0.05058 -6.79925e-06
142 -0.20022  3.79064e-06 |
size of file gradfil1.tmp = 0
size of file gradfil2.tmp = 0
size of file varssave.tmp = 0
size of file cmpdiff.tmp = 200000008
