
Initial statistics: 1 variables; iteration 0; function evaluation 0; phase 1
Function value 1.3792987e+04; maximum gradient component mag 1.3568e+03
Var    Value     Gradient |Var    Value     Gradient |Var    Value     Gradient
  1 -0.09833  1.35678e+03 |

 - final statistics:
1 variables; iteration 3; function evaluation 5
Function value 1.3787e+04; maximum gradient component mag 1.5644e+00
Exit code = 1;  converg criter 1.0000e+01
Var    Value     Gradient |Var    Value     Gradient |Var    Value     Gradient
  1 -0.10739  1.56441e+00 |

Initial statistics: 13 variables; iteration 0; function evaluation 0; phase 2
Function value 1.3786844e+04; maximum gradient component mag -8.7725e+03
Var    Value     Gradient |Var    Value     Gradient |Var    Value     Gradient
  1 -0.10739  1.56441e+00 |  2 -0.10660 -1.39506e+03 |  3 -0.10660  1.37964e+03
  4 -0.11760 -8.77249e+03 |  5 -0.05795  2.02507e+03 |  6  1.00000  4.33591e-08
  7  0.62714  1.78899e-02 |  8 -0.11760 -3.75965e+03 |  9 -0.05795  3.11496e+02
 10 -0.11760 -3.84300e+03 | 11 -0.05795  8.39965e+02 | 12 -0.07088 -8.64061e-02
 13  0.62714 -2.34034e-01 |

Intermediate statistics: 13 variables; iteration 20; function evaluation 51; phase 2
Function value 1.1103633e+04; maximum gradient component mag -1.7364e+04
Var    Value     Gradient |Var    Value     Gradient |Var    Value     Gradient
  1 -0.39700 -1.73642e+04 |  2  0.24801  6.74905e+02 |  3  0.19565 -5.05146e+02
  4  0.02779 -4.69009e+03 |  5 -0.00102  7.80762e+02 |  6  0.58926  1.35112e-04
  7  4.44956 -2.54478e-01 |  8 -0.00569 -2.66986e+03 |  9  0.13449  9.19560e+02
 10  0.40140  3.26531e+02 | 11  0.29894  1.46203e+02 | 12 -0.48490  4.40486e+00
 13 -1.43174  1.20499e-01 |
13 variables; iteration 40; function evaluation 77; phase 2
Function value 1.0851459e+04; maximum gradient component mag 6.0436e+01
Var    Value     Gradient |Var    Value     Gradient |Var    Value     Gradient
  1 -0.39921  6.04365e+01 |  2  0.26365 -9.20804e+00 |  3  0.24181  6.53557e-01
  4  0.20156  9.98886e+00 |  5  0.24753 -4.37878e+00 |  6 -8.05416 -1.49434e-02
  7  4.39347  6.79934e-01 |  8  0.03821  1.58715e+00 |  9  0.19354 -3.55374e+00
 10  0.36519  3.22937e+00 | 11  0.24845  1.19979e+00 | 12 -0.98823  6.22934e-01
 13 -1.91203 -1.20587e+00 |
Maximum number of function evaluations exceeded

 - final statistics:
13 variables; iteration 51; function evaluation 100
Function value 1.0807e+04; maximum gradient component mag -2.6068e+03
Exit code = 3;  converg criter 1.0000e+01
Var    Value     Gradient |Var    Value     Gradient |Var    Value     Gradient
  1 -0.39895 -2.60679e+03 |  2  0.27341 -1.20567e+02 |  3  0.25024 -1.14670e+01
  4  0.24962 -1.58016e+02 |  5  0.29694  3.35788e+01 |  6 -8.05844 -2.23062e+01
  7  3.50912 -4.05354e-02 |  8  0.04079  1.20780e+02 |  9  0.19753 -2.82249e+01
 10  0.36026 -3.09204e+01 | 11  0.24470  6.94121e+00 | 12 -1.23072 -1.72033e+01
 13 -1.90738  7.54616e+00 |

Initial statistics: 15 variables; iteration 0; function evaluation 0; phase 3
Function value 1.0806603e+04; maximum gradient component mag -8.0491e+03
Var    Value     Gradient |Var    Value     Gradient |Var    Value     Gradient
  1 -0.32712 -9.80633e+02 |  2  0.00000 -8.04909e+03 |  3 -0.39895 -2.60679e+03
  4  0.27341 -1.20567e+02 |  5  0.25024 -1.14670e+01 |  6  0.24962 -1.58016e+02
  7  0.29694  3.35788e+01 |  8 -0.05844 -2.23062e+01 |  9 -0.49088 -4.05354e-02
 10  0.04079  1.20780e+02 | 11  0.19753 -2.82249e+01 | 12  0.36026 -3.09204e+01
 13  0.24470  6.94121e+00 | 14 -0.76928  1.72033e+01 | 15 -0.09262 -7.54616e+00

Intermediate statistics: 15 variables; iteration 20; function evaluation 33; phase 3
Function value 1.0123389e+04; maximum gradient component mag -9.3740e+02
Var    Value     Gradient |Var    Value     Gradient |Var    Value     Gradient
  1 -0.17136  2.16034e+02 |  2  0.10325  1.91917e+02 |  3 -0.36142 -9.37396e+02
  4  0.28939 -9.06817e+01 |  5  0.27402 -7.43868e+01 |  6  0.30727 -9.83650e+01
  7  0.31457  1.02900e+02 |  8 -0.07576  6.80000e+00 |  9 -0.38604  1.91451e-02
 10  0.15358 -3.48012e+02 | 11  0.30274  2.30240e+02 | 12  0.38537  3.53071e+01
 13  0.24165  4.86140e+00 | 14 -0.96550  2.25995e+00 | 15 -0.06431  5.63825e+00
15 variables; iteration 40; function evaluation 60; phase 3
Function value 1.0051922e+04; maximum gradient component mag -6.2886e+02
Var    Value     Gradient |Var    Value     Gradient |Var    Value     Gradient
  1  0.09577  1.14704e+02 |  2  0.05192  7.53434e+01 |  3 -0.32477 -6.28860e+02
  4  0.34069  3.45257e+01 |  5  0.34423  5.63384e+00 |  6  0.48529 -2.26440e+01
  7  0.36953  4.00179e+01 |  8 -0.59822  7.07017e+00 |  9 -0.10187  6.38533e+00
 10  0.33736 -3.26226e+01 | 11  0.40262  2.61364e+01 | 12  0.51800 -3.97149e+01
 13  0.27371  3.37097e+01 | 14 -1.00277  2.46096e-01 | 15 -0.08623 -1.26347e+01
15 variables; iteration 60; function evaluation 82; phase 3
Function value 1.0050533e+04; maximum gradient component mag 1.5003e+02
Var    Value     Gradient |Var    Value     Gradient |Var    Value     Gradient
  1  0.09685 -3.79872e+01 |  2  0.05141 -3.23731e+01 |  3 -0.32469  1.50033e+02
  4  0.34167 -1.93297e+01 |  5  0.34571  1.79859e-01 |  6  0.49245 -2.80400e+01
  7  0.37259  1.00381e+01 |  8 -1.16979 -3.64471e-01 |  9 -0.11100 -7.39558e-01
 10  0.34004  5.29020e+01 | 11  0.40382 -5.75534e+01 | 12  0.51336  8.48741e+00
 13  0.27035 -9.74355e+00 | 14 -0.53956 -4.50213e-02 | 15 -0.10017  4.28153e+00
Maximum number of function evaluations exceeded

 - final statistics:
15 variables; iteration 79; function evaluation 100
Function value 1.0050e+04; maximum gradient component mag 9.6952e+00
Exit code = 3;  converg criter 1.0000e+00
Var    Value     Gradient |Var    Value     Gradient |Var    Value     Gradient
  1  0.09964 -2.34873e+00 |  2  0.05119 -1.17939e+00 |  3 -0.32433  9.69515e+00
  4  0.34309 -5.73227e-01 |  5  0.34726 -1.23943e-01 |  6  0.49863  8.25768e-01
  7  0.37500 -7.10711e-01 |  8 -0.98064 -4.25357e-03 |  9 -0.11147  2.40483e-02
 10  0.34048  7.92552e-01 | 11  0.40374 -1.24304e+00 | 12  0.51393  8.93057e-01
 13  0.27024 -7.19726e-01 | 14 -0.47523  2.24516e-02 | 15 -0.42006  9.67539e-03

Initial statistics: 15 variables; iteration 0; function evaluation 0; phase 4
Function value 1.0050134e+04; maximum gradient component mag 9.6952e+00
Var    Value     Gradient |Var    Value     Gradient |Var    Value     Gradient
  1  0.09964 -2.34873e+00 |  2  0.05119 -1.17939e+00 |  3 -0.32433  9.69515e+00
  4  0.34309 -5.73227e-01 |  5  0.34726 -1.23943e-01 |  6  0.49863  8.25768e-01
  7  0.37500 -7.10711e-01 |  8 -0.98064 -4.25357e-03 |  9 -0.11147  2.40483e-02
 10  0.34048  7.92552e-01 | 11  0.40374 -1.24304e+00 | 12  0.51393  8.93057e-01
 13  0.27024 -7.19726e-01 | 14 -0.47523  2.24516e-02 | 15 -0.42006  9.67539e-03

Intermediate statistics: 15 variables; iteration 20; function evaluation 28; phase 4
Function value 1.0050133e+04; maximum gradient component mag 1.2217e-02
Var    Value     Gradient |Var    Value     Gradient |Var    Value     Gradient
  1  0.09974  2.78583e-03 |  2  0.05118 -3.86736e-03 |  3 -0.32432  2.79773e-03
  4  0.34310 -9.70762e-04 |  5  0.34727  4.09714e-04 |  6  0.49860 -1.15693e-03
  7  0.37498 -2.70457e-03 |  8 -0.98010  6.06698e-05 |  9 -0.11149 -3.97903e-04
 10  0.34052 -8.63360e-03 | 11  0.40376  1.22172e-02 | 12  0.51379  8.05675e-04
 13  0.27016 -4.69747e-03 | 14 -0.47479 -1.19076e-04 | 15 -0.49768  8.86735e-07
Warning: the following parameters had issues
  selparm[4] is within 0.1% of lower bound: 1.00000e-02 < 1.24377e-02 < 1.00000e+01


 - final statistics:
15 variables; iteration 23; function evaluation 31
Function value 1.0050e+04; maximum gradient component mag -5.4525e-05
Exit code = 1;  converg criter 1.0000e-04
Var    Value     Gradient |Var    Value     Gradient |Var    Value     Gradient
  1  0.09974 -1.05623e-05 |  2  0.05118  1.83463e-05 |  3 -0.32432 -2.41822e-05
  4  0.34310  4.25336e-06 |  5  0.34727 -1.86116e-06 |  6  0.49860  5.05540e-06
  7  0.37498  1.21862e-05 |  8 -0.98011 -3.49613e-07 |  9 -0.11149  1.79887e-06
 10  0.34052  3.85122e-05 | 11  0.40376 -5.45252e-05 | 12  0.51379 -4.30765e-06
 13  0.27016  2.12741e-05 | 14 -0.47479  4.41922e-07 | 15 -0.49770 -1.05171e-07
size of file gradfil1.tmp = 0
size of file gradfil2.tmp = 0
size of file varssave.tmp = 0
size of file cmpdiff.tmp = 0
