
Initial statistics: 2 variables; iteration 0; function evaluation 0; phase 1
Function value 1.4148189e+03; maximum gradient component mag 1.6490e+01
Var    Value     Gradient |Var    Value     Gradient |Var    Value     Gradient
  1  0.12819  1.23146e+01 |  2 -0.81933  1.64899e+01 |

 - final statistics:
2 variables; iteration 2; function evaluation 6
Function value 1.4131e+03; maximum gradient component mag -1.8740e+00
Exit code = 1;  converg criter 1.0000e+01
Var    Value     Gradient |Var    Value     Gradient |Var    Value     Gradient
  1 -0.00568  3.08868e-01 |  2 -0.90158 -1.87405e+00 |

Initial statistics: 9 variables; iteration 0; function evaluation 0; phase 2
Function value 1.4130595e+03; maximum gradient component mag -5.0557e+02
Var    Value     Gradient |Var    Value     Gradient |Var    Value     Gradient
  1 -0.25350 -1.41234e+02 |  2 -0.26198 -4.76341e+02 |  3 -0.05228  6.47974e+00
  4  0.14905 -9.94231e+01 |  5  0.00000 -5.05572e+02 |  6  0.25754 -3.47731e+01
  7 -0.06236 -9.82398e+01 |  8 -0.00568  3.08868e-01 |  9 -0.90158 -1.87405e+00

 - final statistics:
9 variables; iteration 17; function evaluation 23
Function value 1.3491e+03; maximum gradient component mag 6.9569e+00
Exit code = 1;  converg criter 1.0000e+01
Var    Value     Gradient |Var    Value     Gradient |Var    Value     Gradient
  1 -0.15742  2.70752e+00 |  2 -0.22320  6.95688e+00 |  3 -0.23359  6.35719e-01
  4  0.35942  2.26009e+00 |  5  0.16046  4.12651e+00 |  6  0.35726 -1.50588e-02
  7 -0.33148  2.94725e+00 |  8  0.95430 -2.77472e-01 |  9 -0.87555  7.63975e-01

Initial statistics: 32 variables; iteration 0; function evaluation 0; phase 3
Function value 1.3491362e+03; maximum gradient component mag -6.3060e+02
Var    Value     Gradient |Var    Value     Gradient |Var    Value     Gradient
  1 -0.15742  2.70752e+00 |  2 -0.22320  6.95688e+00 |  3 -0.23359  6.35719e-01
  4  0.35942  2.26009e+00 |  5  0.10094  1.20880e+02 |  6  0.31415  1.35717e+02
  7  0.00000 -3.94954e+02 |  8  0.16046  4.12651e+00 |  9  0.35726 -1.50588e-02
 10 -0.33148  2.94725e+00 | 11  0.00000  1.23628e+02 | 12  0.00000  8.32517e+01
 13  0.95430 -2.77472e-01 | 14 -0.87555  7.63975e-01 | 15 -0.32395 -3.00281e+02
 16 -0.05795  9.87833e+01 | 17 -0.32395 -6.30599e+02 | 18 -0.05795  2.17751e+02
 19 -0.32395 -2.26967e+02 | 20 -0.05795  7.29931e+01 | 21  0.00000  5.37185e+02
 22 -0.40967  2.07334e+00 | 23 -0.31415 -3.92174e+02 | 24 -0.00064  8.44885e+01
 25 -0.32395  4.56963e+02 | 26 -0.31415 -5.76433e+02 | 27 -0.00064  1.31795e-03
 28  0.62714  8.94553e-03 | 29 -0.11760  5.53529e+02 | 30 -0.31415 -5.05214e+02
 31 -0.00064  1.18591e-03 | 32  0.62714  8.04628e-03 |

Intermediate statistics: 32 variables; iteration 20; function evaluation 32; phase 3
Function value 8.7834094e+02; maximum gradient component mag -3.3525e+02
Var    Value     Gradient |Var    Value     Gradient |Var    Value     Gradient
  1 -0.01266  1.43423e+02 |  2 -0.21837 -7.58245e+01 |  3 -0.11769 -1.46043e+02
  4  0.08453 -9.55054e+01 |  5  0.07252 -6.77572e+01 |  6 -0.53692 -1.41998e+01
  7  0.12923  3.71673e+01 |  8  0.13626 -4.23859e+01 |  9  0.28928 -6.15302e+01
 10 -0.12913 -4.44617e+01 | 11 -0.05485 -5.44015e+01 | 12  0.15521 -2.07276e+01
 13  0.92375 -1.09715e-01 | 14 -0.87918  1.05005e-01 | 15 -0.01244 -3.58740e+01
 16  0.18761  4.55945e+00 | 17 -0.17277 -3.35251e+02 | 18  0.04236  1.57571e+02
 19  0.22536 -1.04606e+01 | 20  0.28358  1.47247e+01 | 21  0.11867  1.03547e+02
 22 -0.44299  9.49701e-01 | 23 -0.09434 -5.50575e+01 | 24 -0.40278  1.06806e+01
 25  0.45510 -2.58479e+00 | 26  0.35740  1.19195e+01 | 27 -0.00064 -3.16628e-06
 28  0.62674  4.72959e-03 | 29 -0.08217  1.49492e+00 | 30  0.14797  9.31994e-02
 31 -0.00066  2.35525e-04 | 32  0.62668  5.34086e-03 |
32 variables; iteration 40; function evaluation 65; phase 3
Function value 8.2198792e+02; maximum gradient component mag -4.7391e+01
Var    Value     Gradient |Var    Value     Gradient |Var    Value     Gradient
  1 -0.13653  4.06362e+01 |  2 -0.09866  3.49636e+00 |  3  0.01375 -1.99431e+01
  4 -0.07375 -1.44544e+01 |  5  0.20798 -3.11363e+00 |  6 -0.85662 -6.26297e+00
  7  0.09810 -4.24254e+00 |  8  0.06205  1.14652e+01 |  9  0.19570 -4.73906e+01
 10  0.02002 -1.60686e+01 | 11 -0.10666  7.63018e+00 | 12  0.60084 -1.42307e+00
 13 -0.04817 -4.67739e+01 | 14 -1.13769 -1.55788e-01 | 15  0.29156 -2.35761e+01
 16  0.38453  1.51613e+01 | 17  0.09950 -2.63876e+01 | 18  0.29784  1.95168e+01
 19  0.35142  2.02564e-01 | 20  0.28955 -2.37560e+00 | 21  0.02839 -1.93175e+00
 22 -1.36398 -1.74358e-03 | 23 -0.10774  1.26129e+01 | 24 -0.25011  3.65871e+00
 25 -0.10891 -7.25235e+00 | 26  0.06058  1.21137e+01 | 27 -0.00856  1.14688e-03
 28  0.50568  7.61501e-03 | 29  0.97226  9.42735e-02 | 30  1.14294  8.98744e-02
 31 -0.00199 -9.81514e-06 | 32  0.52537  3.40252e-03 |
32 variables; iteration 60; function evaluation 88; phase 3
Function value 8.1777729e+02; maximum gradient component mag 6.1220e+00
Var    Value     Gradient |Var    Value     Gradient |Var    Value     Gradient
  1 -0.08500  6.12196e+00 |  2 -0.06439 -3.11311e+00 |  3  0.01853 -4.07569e+00
  4 -0.11835 -2.82965e+00 |  5  0.19234 -1.12232e+00 |  6 -0.73038 -1.97676e-01
  7  0.06676  8.08488e-01 |  8  0.01546 -3.73035e+00 |  9  0.18783 -4.79810e+00
 10  0.06683 -2.29899e+00 | 11 -0.10883 -8.07265e-01 | 12  0.41828 -2.92158e-01
 13 -0.00873 -3.70387e+00 | 14 -1.13989 -2.28425e-01 | 15  0.52192 -2.18195e+00
 16  0.46925  1.31896e+00 | 17  0.19215  1.72219e-01 | 18  0.35142 -2.34504e-01
 19  0.48263  8.69083e-01 | 20  0.33382 -5.23844e-01 | 21  0.02890 -1.31294e+00
 22 -1.15248  1.32051e-02 | 23 -0.11936  1.30895e+00 | 24 -0.25556 -1.14804e-01
 25  0.14973 -7.75047e-01 | 26  0.11607  4.29602e-01 | 27 -0.52713 -1.29247e-01
 28 -0.04788 -4.79431e-01 | 29  0.69440  8.15690e-02 | 30  1.00923 -1.78277e-01
 31 -0.00170 -8.41213e-06 | 32  0.31354  1.68583e-03 |

 - final statistics:
32 variables; iteration 67; function evaluation 95
Function value 8.1770e+02; maximum gradient component mag 8.3912e-01
Exit code = 1;  converg criter 1.0000e+00
Var    Value     Gradient |Var    Value     Gradient |Var    Value     Gradient
  1 -0.08746 -1.11192e-01 |  2 -0.06471  6.94417e-03 |  3  0.01718 -2.83529e-02
  4 -0.11663  5.78830e-02 |  5  0.19365 -3.94688e-02 |  6 -0.74222 -1.46744e-01
  7  0.06743  8.39116e-01 |  8  0.01863 -2.97593e-01 |  9  0.18943 -6.85534e-01
 10  0.06326 -4.42326e-01 | 11 -0.10899 -2.62650e-01 | 12  0.43184 -3.10477e-02
 13 -0.01122  2.54143e-01 | 14 -1.14068 -3.31592e-02 | 15  0.60556  2.02451e-01
 16  0.49723 -2.17111e-01 | 17  0.19328 -5.76876e-01 | 18  0.35258  3.19664e-01
 19  0.48363  4.34686e-01 | 20  0.33367 -3.86324e-01 | 21  0.02882 -7.31965e-02
 22 -1.16289  1.23457e-02 | 23 -0.12042 -2.23907e-01 | 24 -0.25635 -1.31763e-01
 25  0.17079 -8.22476e-02 | 26  0.12272 -1.60732e-01 | 27 -0.71873 -4.26649e-03
 28 -0.04570  5.50043e-02 | 29  0.50683  7.55300e-02 | 30  0.81796 -2.32349e-02
 31 -0.00128 -1.56503e-05 | 32  0.15755  6.60971e-04 |

Initial statistics: 32 variables; iteration 0; function evaluation 0; phase 4
Function value 8.1769692e+02; maximum gradient component mag 8.3912e-01
Var    Value     Gradient |Var    Value     Gradient |Var    Value     Gradient
  1 -0.08746 -1.11192e-01 |  2 -0.06471  6.94417e-03 |  3  0.01718 -2.83529e-02
  4 -0.11663  5.78830e-02 |  5  0.19365 -3.94688e-02 |  6 -0.74222 -1.46744e-01
  7  0.06743  8.39116e-01 |  8  0.01863 -2.97593e-01 |  9  0.18943 -6.85534e-01
 10  0.06326 -4.42326e-01 | 11 -0.10899 -2.62650e-01 | 12  0.43184 -3.10477e-02
 13 -0.01122  2.54143e-01 | 14 -0.85932  3.31592e-02 | 15  0.60556  2.02451e-01
 16  0.49723 -2.17111e-01 | 17  0.19328 -5.76876e-01 | 18  0.35258  3.19664e-01
 19  0.48363  4.34686e-01 | 20  0.33367 -3.86324e-01 | 21  0.02882 -7.31965e-02
 22 -0.83711 -1.23457e-02 | 23 -0.12042 -2.23907e-01 | 24 -0.25635 -1.31763e-01
 25  0.17079 -8.22476e-02 | 26  0.12272 -1.60732e-01 | 27 -0.71873 -4.26649e-03
 28 -0.04570  5.50043e-02 | 29  0.50683  7.55300e-02 | 30  0.81796 -2.32349e-02
 31 -0.00128 -1.56503e-05 | 32  0.15755  6.60971e-04 |

Intermediate statistics: 32 variables; iteration 20; function evaluation 22; phase 4
Function value 8.1769336e+02; maximum gradient component mag 1.2642e+00
Var    Value     Gradient |Var    Value     Gradient |Var    Value     Gradient
  1 -0.08769 -1.17175e+00 |  2 -0.06476  2.95312e-02 |  3  0.01727 -3.58465e-02
  4 -0.11666  5.71310e-02 |  5  0.19333 -7.43537e-02 |  6 -0.73902 -4.96628e-02
  7  0.06717 -3.12598e-01 |  8  0.01890 -1.19820e-01 |  9  0.18945  4.95596e-01
 10  0.06309 -1.62354e-01 | 11 -0.10890 -2.42487e-01 | 12  0.42730 -4.07482e-02
 13 -0.01125  1.26420e+00 | 14 -0.85959  6.27706e-02 | 15  0.59175 -1.35875e-01
 16  0.49346  4.07540e-01 | 17  0.19280  3.59669e-01 | 18  0.35226 -6.60528e-01
 19  0.47399  1.09403e-01 | 20  0.32988 -1.81000e-01 | 21  0.02857 -2.27466e-01
 22 -0.83487 -1.22122e-02 | 23 -0.12054 -2.06892e-01 | 24 -0.25611 -1.82058e-01
 25  0.17109  1.11604e-01 | 26  0.12277 -3.41854e-01 | 27 -0.71956  4.11574e-03
 28 -0.04586  8.04659e-02 | 29  0.49351  7.31456e-02 | 30  0.82201 -2.06107e-02
 31 -0.00128 -2.05687e-05 | 32  0.15743  6.07166e-04 |
32 variables; iteration 40; function evaluation 56; phase 4
Function value 8.1767241e+02; maximum gradient component mag -2.9695e+00
Var    Value     Gradient |Var    Value     Gradient |Var    Value     Gradient
  1 -0.08920  2.91187e+00 |  2 -0.06511 -1.79486e-01 |  3  0.01782 -6.74609e-01
  4 -0.11642 -6.16109e-01 |  5  0.19372 -7.72107e-02 |  6 -0.73946 -4.69324e-02
  7  0.06781  3.59249e-01 |  8  0.01848  1.38019e-01 |  9  0.18875 -7.18480e-01
 10  0.06423  2.22442e-02 | 11 -0.10909  7.84641e-02 | 12  0.42974 -1.96004e-02
 13 -0.01249 -2.96951e+00 | 14 -0.85877  2.17195e-01 | 15  0.57900 -2.51825e-01
 16  0.48990  3.58218e-01 | 17  0.19146 -1.79522e-01 | 18  0.35185  3.73529e-01
 19  0.46809 -2.31086e-01 | 20  0.32800  3.99037e-01 | 21  0.02115  1.95912e+00
 22 -0.27218  1.23656e-01 | 23 -0.12448 -2.00056e-02 | 24 -0.26305  5.49272e-01
 25  0.17536 -2.75721e-01 | 26  0.12517  2.47378e-01 | 27 -0.81217 -1.02687e-02
 28 -0.04700 -7.32086e-02 | 29  0.38904  2.49161e-03 | 30  0.83737 -3.48150e-03
 31  0.02224  5.62530e-05 | 32  0.25676  9.02466e-04 |
32 variables; iteration 60; function evaluation 78; phase 4
Function value 8.1765472e+02; maximum gradient component mag -1.8770e-02
Var    Value     Gradient |Var    Value     Gradient |Var    Value     Gradient
  1 -0.09055 -1.87703e-02 |  2 -0.06499  9.73060e-04 |  3  0.01685  3.75834e-03
  4 -0.11527  3.58862e-03 |  5  0.19314 -2.26853e-04 |  6 -0.73999 -4.39957e-04
  7  0.06810 -2.97703e-03 |  8  0.01788 -1.18489e-03 |  9  0.18909  8.04877e-03
 10  0.06412 -2.10309e-04 | 11 -0.10897 -7.35906e-04 | 12  0.42970 -1.65835e-04
 13 -0.01350  1.70868e-02 | 14 -0.85953 -1.61529e-03 | 15  0.58637 -1.32338e-06
 16  0.49254  1.99231e-03 | 17  0.19102  1.64622e-03 | 18  0.35177 -3.32078e-03
 19  0.46942  1.56971e-03 | 20  0.32867 -2.84247e-03 | 21 -0.00335  6.99043e-03
 22 -0.19389  1.31634e-03 | 23 -0.14104 -4.79141e-03 | 24 -0.26994  4.48144e-03
 25  0.17339  9.27135e-03 | 26  0.12492 -3.36092e-03 | 27 -0.76319  4.20880e-04
 28 -0.04684  2.17548e-03 | 29  0.37592 -9.17134e-05 | 30  0.85347  2.51028e-04
 31  0.02866  5.64130e-06 | 32  0.22229  4.20523e-05 |
  ic > imax  in fminim is answer attained ?
Var    Value     Gradient |Var    Value     Gradient |Var    Value     Gradient
  1 -0.09055  5.95450e-04 |  2 -0.06499 -3.49372e-05 |  3  0.01686 -1.38185e-04
  4 -0.11527 -1.24235e-04 |  5  0.19314 -7.85737e-06 |  6 -0.73998 -2.96813e-06
  7  0.06810  9.62668e-05 |  8  0.01788  2.99446e-05 |  9  0.18908 -2.18194e-04
 10  0.06412 -6.60898e-06 | 11 -0.10897  1.48825e-05 | 12  0.42971 -7.76442e-07
 13 -0.01350 -5.86548e-04 | 14 -0.85952  4.79232e-05 | 15  0.58633 -3.03153e-05
 16  0.49252  1.82664e-05 | 17  0.19103 -4.02287e-05 | 18  0.35177  8.48918e-05
 19  0.46941 -4.81425e-05 | 20  0.32866  8.50524e-05 | 21 -0.00338  5.26653e-05
 22 -0.19380  5.34100e-05 | 23 -0.14106  1.10149e-04 | 24 -0.26999 -2.48681e-05
 25  0.17340 -4.20662e-05 | 26  0.12493  5.48539e-05 | 27 -0.76361  1.62112e-07
 28 -0.04684 -1.03920e-05 | 29  0.37595  1.34488e-06 | 30  0.85230 -3.36304e-06
 31  0.02847  6.04972e-07 | 32  0.22063  2.60396e-07 |
Function minimizer not making progress ... is minimum attained?
Minimprove criterion = 0.0000e+00

 - final statistics:
32 variables; iteration 66; function evaluation 113
Function value 8.1765e+02; maximum gradient component mag 5.9545e-04
Exit code = 1;  converg criter 1.0000e-04
Var    Value     Gradient |Var    Value     Gradient |Var    Value     Gradient
  1 -0.09055  5.95450e-04 |  2 -0.06499 -3.49372e-05 |  3  0.01686 -1.38185e-04
  4 -0.11527 -1.24235e-04 |  5  0.19314 -7.85737e-06 |  6 -0.73998 -2.96813e-06
  7  0.06810  9.62668e-05 |  8  0.01788  2.99446e-05 |  9  0.18908 -2.18194e-04
 10  0.06412 -6.60898e-06 | 11 -0.10897  1.48825e-05 | 12  0.42971 -7.76442e-07
 13 -0.01350 -5.86548e-04 | 14 -0.85952  4.79232e-05 | 15  0.58633 -3.03153e-05
 16  0.49252  1.82664e-05 | 17  0.19103 -4.02287e-05 | 18  0.35177  8.48918e-05
 19  0.46941 -4.81425e-05 | 20  0.32866  8.50524e-05 | 21 -0.00338  5.26653e-05
 22 -0.19380  5.34100e-05 | 23 -0.14106  1.10149e-04 | 24 -0.26999 -2.48681e-05
 25  0.17340 -4.20662e-05 | 26  0.12493  5.48539e-05 | 27 -0.76361  1.62112e-07
 28 -0.04684 -1.03920e-05 | 29  0.37595  1.34488e-06 | 30  0.85230 -3.36304e-06
 31  0.02847  6.04972e-07 | 32  0.22063  2.60396e-07 |
size of file gradfil1.tmp = 0
size of file gradfil2.tmp = 0
size of file varssave.tmp = 0
size of file cmpdiff.tmp = 0
