
Initial statistics: 3 variables; iteration 0; function evaluation 0; phase 1
Function value 4.1543523e+03; maximum gradient component mag -5.5461e+01
Var    Value     Gradient |Var    Value     Gradient |Var    Value     Gradient
  1  0.12819 -3.28399e+01 |  2  0.00000  1.18057e+01 |  3 -0.21635 -5.54605e+01

 - final statistics:
3 variables; iteration 6; function evaluation 9
Function value 4.1462e+03; maximum gradient component mag -6.0281e+00
Exit code = 1;  converg criter 1.0000e+01
Var    Value     Gradient |Var    Value     Gradient |Var    Value     Gradient
  1  0.17825 -6.02815e+00 |  2 -0.17973  2.71715e-01 |  3  0.02751 -5.60832e+00

Initial statistics: 13 variables; iteration 0; function evaluation 0; phase 2
Function value 4.1461734e+03; maximum gradient component mag 7.2146e+02
Var    Value     Gradient |Var    Value     Gradient |Var    Value     Gradient
  1 -0.26966 -3.08984e+02 |  2  0.00000 -3.55018e+02 |  3 -0.26198 -5.88569e+02
  4 -0.03352 -1.13305e+02 |  5  0.18446  2.40312e+02 |  6 -0.04247 -2.68940e+02
  7  0.33333  7.21459e+02 |  8 -0.53989 -4.16121e+00 |  9  0.00000 -1.25663e+02
 10 -0.21635 -9.19423e+00 | 11  0.17825 -6.02815e+00 | 12 -0.17973  2.71715e-01
 13  0.02751 -5.60832e+00 |

Intermediate statistics: 13 variables; iteration 20; function evaluation 30; phase 2
Function value 3.7740541e+03; maximum gradient component mag 1.4038e+01
Var    Value     Gradient |Var    Value     Gradient |Var    Value     Gradient
  1 -0.24923  1.40378e+01 |  2  0.08559  5.17296e+00 |  3 -0.05467  3.14093e+00
  4 -0.03423 -9.17851e-01 |  5 -0.46475 -2.74803e+00 |  6  0.14698  8.42832e-02
  7  0.14955 -9.31384e+00 |  8 -0.29909 -1.10644e+00 |  9  0.26397 -9.80725e-01
 10 -0.29469 -2.94459e+00 | 11  0.84606 -1.75344e+00 | 12 -0.15094  9.03824e-01
 13  0.11217  4.07110e-01 |

 - final statistics:
13 variables; iteration 22; function evaluation 32
Function value 3.7739e+03; maximum gradient component mag 3.7734e+00
Exit code = 1;  converg criter 1.0000e+01
Var    Value     Gradient |Var    Value     Gradient |Var    Value     Gradient
  1 -0.25014  3.77342e+00 |  2  0.08311  1.10873e-01 |  3 -0.05367  4.62552e-01
  4 -0.03465 -1.58586e-01 |  5 -0.46487 -7.15082e-01 |  6  0.14828  9.76955e-01
  7  0.14989  3.67552e-01 |  8 -0.29667  6.94319e-01 |  9  0.26244  8.43745e-01
 10 -0.27713 -6.85399e-01 | 11  0.99372 -6.34785e-02 | 12 -0.16255 -1.32035e-01
 13  0.10671  1.01250e-01 |

Initial statistics: 45 variables; iteration 0; function evaluation 0; phase 3
Function value 3.7738750e+03; maximum gradient component mag 1.6696e+03
Var    Value     Gradient |Var    Value     Gradient |Var    Value     Gradient
  1 -0.25014  3.77342e+00 |  2  0.08311  1.10873e-01 |  3 -0.05367  4.62552e-01
  4 -0.03465 -1.58586e-01 |  5 -0.46487 -7.15082e-01 |  6  0.14828  9.76955e-01
  7  0.14989  3.67552e-01 |  8 -0.29667  6.94319e-01 |  9  0.26244  8.43745e-01
 10 -0.27713 -6.85399e-01 | 11  0.99372 -6.34785e-02 | 12 -0.16255 -1.32035e-01
 13  0.10671  1.01250e-01 | 14 -0.11760 -7.44725e+02 | 15 -0.33425  1.91175e+02
 16 -0.10723 -4.81138e+02 | 17 -0.10028  1.65296e+02 | 18 -0.45481 -1.00275e+02
 19 -0.01633  1.23560e+00 | 20 -0.11760 -2.98358e+02 | 21 -0.33425  1.22119e+02
 22  0.33315 -1.66370e-02 | 23 -0.11760 -4.51948e+01 | 24 -0.33425  1.92063e+01
 25 -0.11760 -8.32685e+02 | 26 -0.33425  1.59932e+02 | 27 -0.10723 -8.04469e+02
 28 -0.11760 -5.63828e+02 | 29 -0.33425  1.85490e+01 | 30 -0.10723 -7.18370e+02
 31  0.02302  1.66964e+03 | 32 -0.31415 -1.16334e+03 | 33  0.53959  2.06354e+01
 34 -0.62714  5.31661e-03 | 35  0.00000  6.21943e+02 | 36 -0.21635 -3.62091e+02
 37  0.16024  9.89725e+01 | 38 -0.12294 -4.31677e+01 | 39 -0.16953  2.56919e+01
 40 -0.10028 -8.27654e+01 | 41 -0.34608  6.97895e+01 | 42 -0.11760 -7.14312e+02
 43 -0.21710  6.09896e+02 | 44  0.02302 -2.72452e+00 | 45 -0.16953  2.20984e+01

Intermediate statistics: 45 variables; iteration 20; function evaluation 29; phase 3
Function value 3.1620401e+03; maximum gradient component mag -6.2739e+02
Var    Value     Gradient |Var    Value     Gradient |Var    Value     Gradient
  1  0.00640  2.94228e+02 |  2  0.00252 -1.03302e+02 |  3 -0.08154 -6.49641e+01
  4 -0.04693  4.40317e-01 |  5 -0.39286  2.58725e+01 |  6 -0.17665 -7.21702e+01
  7  0.07661 -8.88314e+01 |  8  0.00253  2.16074e+01 |  9 -0.05738  6.43266e+00
 10  0.07660  5.70649e+00 | 11  0.99216 -7.22933e-02 | 12 -0.16829  9.77443e-02
 13  0.10473  4.88877e-03 | 14  0.18623 -1.59393e+02 | 15 -0.16851  1.41253e+02
 16 -0.28115 -5.16994e+01 | 17 -0.21009  1.02533e+01 | 18 -0.53283  1.84942e-01
 19 -0.02818  3.13962e-01 | 20  0.19422 -2.71794e+02 | 21 -0.17537  3.58185e+02
 22  0.33314  1.69627e-03 | 23  0.22403  8.26628e+00 | 24 -0.19034 -1.66399e+01
 25  0.51726  3.47232e+01 | 26 -0.11565 -6.55493e+01 | 27 -0.48178 -7.86623e-01
 28  0.33780 -1.10464e+02 | 29 -0.06028  4.22060e+02 | 30  0.46845 -2.01281e-04
 31 -0.33150 -1.33030e+02 | 32 -1.01918 -2.50284e-01 | 33  0.55650 -8.72568e+00
 34 -0.62706 -7.64321e-03 | 35  0.08789  1.76828e+01 | 36  0.07430 -5.76872e+00
 37 -0.31899 -4.62558e+00 | 38  0.46381  1.41120e+01 | 39 -0.17564 -2.78650e+01
 40  0.41434 -3.29708e+01 | 41 -0.23919  1.40888e+02 | 42 -0.01891 -6.27391e+02
 43 -0.26847  4.85715e+02 | 44  0.03967 -3.16933e+01 | 45 -0.21205  1.27129e+01
45 variables; iteration 40; function evaluation 52; phase 3
Function value 3.1233858e+03; maximum gradient component mag -1.9750e+02
Var    Value     Gradient |Var    Value     Gradient |Var    Value     Gradient
  1  0.01203  1.08456e+02 |  2  0.00530 -6.65473e+01 |  3 -0.09238 -5.22749e+01
  4 -0.04860 -4.55847e+01 |  5 -0.37904  2.53307e+01 |  6 -0.18862 -4.86252e+01
  7  0.07243 -3.95855e+00 |  8  0.02416  9.78375e+00 |  9 -0.09639 -3.17899e+01
 10  0.07847  3.34976e+00 | 11  0.93756  5.60959e-01 | 12 -0.17225 -2.43408e-01
 13  0.10335 -7.48969e-02 | 14  0.17548 -9.17933e+00 | 15 -0.18719 -8.94107e+00
 16 -0.19163 -5.76697e+00 | 17 -0.27592 -4.09475e+01 | 18 -0.75856  3.37865e+00
 19 -0.27196 -1.50363e+01 | 20  0.30089 -8.40178e+00 | 21 -0.16020  1.80896e+01
 22  0.33195  2.08843e-03 | 23  0.60058 -4.58154e+00 | 24 -0.05832  4.03103e+01
 25  0.33641  5.51413e+01 | 26 -0.17797 -7.28274e+01 | 27 -0.34974 -3.46152e+00
 28  0.29639 -6.21255e+01 | 29 -0.09272  1.54413e+02 | 30  0.13854  1.15335e-02
 31 -0.30724 -3.12938e+01 | 32 -0.85343 -2.72549e+00 | 33  0.60400 -4.39659e+00
 34 -0.62382 -6.63969e-03 | 35  0.03527  1.70643e+01 | 36  0.04833  6.41842e+00
 37 -0.10884  1.12199e+01 | 38  0.60065 -2.24494e+00 | 39 -0.09916  1.60792e+01
 40  0.33306 -3.28236e+01 | 41 -0.27605  8.15021e+01 | 42 -0.00274 -1.97504e+02
 43 -0.29160  1.01428e+02 | 44  0.08335  8.93900e+00 | 45 -0.19180 -2.51819e+01
45 variables; iteration 60; function evaluation 77; phase 3
Function value 3.0867306e+03; maximum gradient component mag 3.6175e+01
Var    Value     Gradient |Var    Value     Gradient |Var    Value     Gradient
  1 -0.19445  3.51531e+01 |  2  0.05450  9.26440e-01 |  3 -0.12381 -1.54302e+00
  4 -0.03054  8.84326e-01 |  5 -0.43452  1.03375e+00 |  6 -0.04157  5.77502e+00
  7  0.07118  1.89018e+00 |  8  0.02488  2.17537e+00 |  9 -0.07897 -2.45188e-01
 10  0.08029 -3.46915e-01 | 11 -0.00291 -3.03456e+01 | 12 -0.24474  6.19637e-01
 13  0.08223 -8.98446e-01 | 14  0.22569 -1.41258e+01 | 15 -0.16314  7.65631e+00
 16 -0.22922 -6.53320e+00 | 17 -0.26206 -2.16425e+00 | 18 -0.76676 -3.68972e-01
 19 -0.28264 -1.80161e+00 | 20  0.27099 -1.98133e+00 | 21 -0.15833  2.67151e+00
 22  0.27457  2.76028e-03 | 23  0.14848 -8.43943e+00 | 24 -0.19887  9.71818e+00
 25  0.31819 -1.19824e+00 | 26 -0.18752 -4.11063e+00 | 27 -0.28008 -2.47895e+00
 28  0.32334 -8.41279e+00 | 29 -0.08725  8.38172e+00 | 30 -0.34504 -7.24690e+00
 31 -0.23902  3.61749e+01 | 32 -0.54451 -2.53227e+01 | 33  0.37975  2.29359e-01
 34 -0.52426 -3.95363e-03 | 35  0.00032  9.00430e-02 | 36  0.01965 -6.16058e-01
 37 -0.12247  2.64278e-01 | 38  0.41059 -6.85471e-01 | 39 -0.17933 -1.10903e+00
 40  0.38953 -3.54089e+00 | 41 -0.27748  4.35021e+00 | 42  0.05755 -1.71301e+01
 43 -0.23475  1.91167e+01 | 44  0.08218  2.70983e-01 | 45 -0.16635 -1.12011e+00
Maximum number of function evaluations exceeded

 - final statistics:
45 variables; iteration 73; function evaluation 100
Function value 3.0818e+03; maximum gradient component mag 1.4132e+01
Exit code = 3;  converg criter 1.0000e+00
Var    Value     Gradient |Var    Value     Gradient |Var    Value     Gradient
  1 -0.18863  1.12781e+01 |  2  0.04294  9.05767e-01 |  3 -0.11400  5.99359e-01
  4 -0.03526  2.99336e-01 |  5 -0.43208  1.01597e+00 |  6 -0.04675  1.31422e+00
  7  0.07228  9.23339e+00 |  8  0.01820  2.23572e+00 |  9 -0.07575  8.83789e-01
 10  0.08158 -3.39612e-01 | 11  0.00345 -6.66773e+00 | 12 -0.24833  1.03730e-01
 13  0.09626 -2.49863e-01 | 14  0.22893 -2.33889e-02 | 15 -0.16236 -2.19093e+00
 16 -0.20410 -1.88292e+00 | 17 -0.24016 -3.31259e+00 | 18 -0.62993  2.85322e-01
 19 -0.29085 -3.31767e+00 | 20  0.27467 -4.55118e+00 | 21 -0.15726  5.33898e+00
 22 -0.47957  1.27083e-01 | 23  0.19163 -1.06683e+00 | 24 -0.17851  2.76543e+00
 25  0.31762 -6.24417e+00 | 26 -0.18978 -8.30589e+00 | 27 -0.26874 -4.14121e+00
 28  0.31475  1.18133e+00 | 29 -0.09019  1.10717e+00 | 30 -0.23889 -2.78290e+00
 31 -0.17688  1.41317e+01 | 32 -0.34516 -4.44854e+00 | 33  0.28710  1.71524e+00
 34 -0.07629  3.94517e-03 | 35  0.00932  4.89694e+00 | 36  0.02532 -2.81982e+00
 37 -0.13599  6.59399e-01 | 38  0.42079 -1.23451e+00 | 39 -0.16795  4.76408e+00
 40  0.46027 -1.07789e+00 | 41 -0.25935  4.63459e+00 | 42  0.05641 -8.98914e+00
 43 -0.23748  8.76406e+00 | 44  0.10790  1.33558e+00 | 45 -0.14658 -6.49374e-01

Initial statistics: 102 variables; iteration 0; function evaluation 0; phase 4
Function value 3.0817958e+03; maximum gradient component mag -7.1103e+02
Var    Value     Gradient |Var    Value     Gradient |Var    Value     Gradient
  1 -0.18863  3.32308e+01 |  2  0.04294 -2.50358e+01 |  3 -0.11400 -6.06801e+00
  4 -0.03526 -1.00913e+01 |  5 -0.43208 -7.64602e+00 |  6 -0.04675  2.12583e+00
  7  0.07228 -6.58043e+00 |  8  0.01820 -1.60100e+00 |  9 -0.07575 -5.00304e-01
 10  0.08158 -3.29321e-01 | 11  0.00345 -2.79324e+01 | 12  0.00000 -2.07327e+01
 13  0.00000 -2.87201e+01 | 14  0.00000 -3.42594e+01 | 15  0.00000 -2.63444e+01
 16  0.00000 -1.83448e+01 | 17  0.00000 -3.14581e+01 | 18  0.00000 -5.58811e+01
 19  0.00000 -7.45374e+01 | 20  0.00000  1.31516e+01 | 21  0.00000  1.01701e+02
 22  0.00000  9.44922e+01 | 23  0.00000  1.20182e+01 | 24  0.00000  1.20527e+02
 25  0.00000  2.32747e+02 | 26  0.00000  2.37274e+02 | 27  0.00000 -5.89284e+01
 28  0.00000 -4.48712e+02 | 29  0.00000 -3.19148e+01 | 30  0.00000  2.80611e+01
 31  0.00000  2.50999e+01 | 32  0.00000 -2.22734e+01 | 33  0.00000 -2.42922e+01
 34  0.00000  3.14517e+01 | 35  0.00000  3.18943e+01 | 36  0.00000  6.47571e+01
 37  0.00000  1.05047e+01 | 38  0.00000  1.04406e+02 | 39  0.00000  1.26166e+02
 40  0.00000  1.86430e+02 | 41  0.00000  1.49421e+02 | 42  0.00000 -2.36107e+02
 43  0.00000 -7.11033e+02 | 44  0.00000 -1.06019e+02 | 45  0.00000  5.71645e+01
 46  0.00000  1.18725e+02 | 47  0.00000 -6.40849e+01 | 48  0.00000  1.64124e+02
 49  0.00000  2.45541e+02 | 50  0.00000  2.49653e+02 | 51  0.00000  1.32130e+02
 52  0.00000  1.05097e+02 | 53  0.00000 -1.47929e+02 | 54  0.00000 -2.34480e+02
 55  0.00000 -3.79006e+01 | 56  0.00000 -1.66048e+02 | 57  0.00000 -2.37730e+02
 58  0.00000 -3.57013e+01 | 59  0.00000 -8.41193e+01 | 60  0.00000  4.12917e+01
 61  0.00000  7.95426e+01 | 62  0.00000  1.32543e+02 | 63  0.00000  9.48539e+01
 64  0.00000  2.65258e+01 | 65  0.00000 -3.94741e+01 | 66  0.00000  3.50939e+01
 67  0.00000 -9.11000e-01 | 68  0.00000 -9.91474e+00 | 69 -0.24833  4.51082e-02
 70  0.09626 -5.26046e-02 | 71  0.22893 -6.87817e-01 | 72 -0.16236 -3.16685e+00
 73 -0.20410 -2.73702e+00 | 74 -0.24016 -9.32411e-01 | 75 -0.62993  5.80137e-01
 76 -0.29085 -2.62311e+00 | 77  0.27467 -2.06093e+01 | 78 -0.15726  4.63974e+01
 79 -0.47957  2.62945e+00 | 80  0.19163  4.47742e-01 | 81 -0.17851  2.48348e+00
 82  0.31762  4.17910e+00 | 83 -0.18978 -2.18684e+01 | 84 -0.26874 -2.48166e+00
 85  0.31475 -4.13258e+00 | 86 -0.09019  5.01375e+00 | 87 -0.23889 -1.41196e+00
 88 -0.17688  1.42163e+00 | 89 -0.34516  5.07232e+00 | 90  0.28710  8.23309e+00
 91 -0.07629  1.10717e+01 | 92  0.00932  6.35314e+00 | 93  0.02532 -2.98034e+00
 94 -0.13599  1.07926e+00 | 95  0.42079 -5.38513e+00 | 96 -0.16795  7.76962e+00
 97  0.46027 -1.40724e+00 | 98 -0.25935  6.71261e+00 | 99  0.05641 -7.16469e+00
100 -0.23748  2.22777e+00 |101  0.10790  3.03522e+00 |102 -0.14658 -1.64423e+00

Intermediate statistics: 102 variables; iteration 20; function evaluation 31; phase 4
Function value 2.6388613e+03; maximum gradient component mag 3.7610e+02
Var    Value     Gradient |Var    Value     Gradient |Var    Value     Gradient
  1 -0.13755 -4.47487e+01 |  2  0.10633  5.23822e+01 |  3 -0.14597  2.93962e+01
  4  0.11308  1.70262e+01 |  5 -0.45196  2.19402e+01 |  6 -0.02730 -2.64007e+01
  7  0.08270  1.29592e+02 |  8 -0.01970  2.67603e+01 |  9  0.05246 -8.70479e+00
 10 -0.07621  6.66766e+00 | 11  0.16495  5.09069e+01 | 12  0.05956  6.93702e+00
 13  0.05667  6.74298e+00 | 14  0.07134  5.73435e+00 | 15  0.02734  6.69814e+00
 16 -0.00961  7.59489e+00 | 17  0.02792  1.07809e+01 | 18  0.01187  1.35545e+01
 19  0.10306  1.84758e+01 | 20 -0.04985  5.63426e+00 | 21 -0.09873 -1.85200e+00
 22 -0.10210 -2.62015e+00 | 23  0.05159 -1.57532e+01 | 24 -0.07226 -4.89687e+00
 25 -0.14563 -4.69571e+00 | 26 -0.26723 -1.37183e+01 | 27 -0.32495 -1.69841e+01
 28  0.20845  1.18490e+02 | 29 -0.32046 -1.31043e+01 | 30 -0.00233 -1.59712e+01
 31 -0.01987 -2.26023e+01 | 32  0.01161 -2.90398e+01 | 33  0.03733 -1.95456e+01
 34 -0.07478 -8.34484e+00 | 35  0.05044  2.21060e+01 | 36 -0.23714 -1.09911e+01
 37  0.06008 -6.88113e+00 | 38 -0.18369 -1.74189e+01 | 39 -0.03693 -2.19134e+01
 40 -0.15361 -1.53087e+01 | 41 -0.15462 -2.34726e+01 | 42 -0.29583 -1.75982e+01
 43  0.36609  1.10255e+02 | 44 -0.38198 -1.64708e+01 | 45  0.05199  1.66348e+01
 46 -0.10317 -6.58405e+00 | 47  0.12913  3.75368e+01 | 48 -0.10593 -1.36372e+01
 49 -0.30187 -2.11669e+01 | 50 -0.38955 -2.03211e+01 | 51 -0.04973 -1.46867e+01
 52 -0.21285 -1.21445e+01 | 53  0.13176 -7.63780e+00 | 54  0.18682  2.87113e+01
 55  0.01266 -6.79354e+00 | 56  0.15807  2.42966e+01 | 57  0.22405  4.77820e+01
 58 -0.02720 -5.91076e-01 | 59  0.10409  7.53412e+00 | 60 -0.00584 -7.00393e+00
 61 -0.05336 -6.47600e+00 | 62 -0.25328 -1.19548e+01 | 63 -0.12313 -6.54715e+00
 64 -0.02007 -1.36576e-01 | 65  0.06129  1.44160e+01 | 66 -0.09682 -4.34091e+00
 67  0.01375  8.60193e-01 | 68  0.11556  2.10898e+00 | 69 -0.02348  3.60419e+00
 70 -0.04356  5.21529e+00 | 71  0.10171  4.03847e+01 | 72 -0.22839 -1.08321e+02
 73 -0.14359 -1.60659e+01 | 74 -0.24184  3.00376e+00 | 75 -0.64086 -5.42373e-02
 76 -0.30080  1.97676e+00 | 77  0.24674 -2.53013e+02 | 78 -0.13581  3.76101e+02
 79 -0.50177 -3.89702e+01 | 80  0.19078  6.51974e+00 | 81 -0.17745 -1.06150e+01
 82  0.23728  2.73259e+01 | 83 -0.23294 -1.44760e+02 | 84 -0.30875 -1.49166e+01
 85  0.18651 -6.03133e+00 | 86 -0.12464 -6.28522e+01 | 87 -0.20736 -1.17420e+01
 88 -0.18136  2.45117e+01 | 89 -0.39790 -1.21819e+01 | 90  0.13435  5.72455e+00
 91 -0.09189 -2.86244e+00 | 92 -0.00453  1.01337e+01 | 93 -0.01048 -2.12090e+00
 94 -0.14015  2.44110e+00 | 95  0.40500  6.56874e+00 | 96 -0.16866 -6.45155e+00
 97  0.34928  2.91516e+00 | 98 -0.26274  1.06506e+01 | 99 -0.03043  9.29219e+01
100 -0.31598 -4.71512e+01 |101  0.04460  9.80355e-01 |102 -0.20464  1.21750e+00
102 variables; iteration 40; function evaluation 51; phase 4
Function value 2.6198207e+03; maximum gradient component mag 1.3958e+02
Var    Value     Gradient |Var    Value     Gradient |Var    Value     Gradient
  1 -0.12295 -1.00359e+02 |  2  0.09456  4.95134e+01 |  3 -0.14718  1.15348e+01
  4  0.07147  2.60736e+00 |  5 -0.43118  2.01926e+01 |  6 -0.04077 -1.59552e+01
  7  0.08891  1.39582e+02 |  8 -0.03206  2.94636e+01 |  9  0.09457  8.63081e-01
 10 -0.12824  3.34642e+00 | 11  0.19451  7.69555e+01 | 12 -0.00450  5.50358e-01
 13  0.01858  2.58409e+00 | 14  0.06280  7.58932e+00 | 15  0.01974  1.24129e+01
 16 -0.02378  1.17049e+01 | 17  0.00473  1.17870e+01 | 18 -0.00891  1.01694e+01
 19  0.07153  1.01860e+01 | 20 -0.05599  1.11453e+01 | 21 -0.10469  6.13561e+00
 22 -0.12600  3.81052e-01 | 23  0.02753  1.05596e+00 | 24 -0.07259  1.23869e+01
 25 -0.18033 -1.04030e-01 | 26 -0.24610 -3.65606e+00 | 27 -0.24710 -7.77819e+00
 28  0.17331  5.96233e+01 | 29 -0.25951 -6.17057e+00 | 30 -0.01419  8.56248e+00
 31 -0.03661 -4.16499e+00 | 32 -0.01034 -1.42380e+01 | 33  0.01261 -7.69317e+00
 34 -0.08661 -7.59752e+00 | 35 -0.00436 -4.89437e+00 | 36 -0.20759 -8.77825e+00
 37  0.02145 -1.19769e+00 | 38 -0.14826 -5.93010e+00 | 39 -0.08237 -1.40745e+01
 40 -0.13831 -6.34944e+00 | 41 -0.25343 -2.02911e+01 | 42 -0.10156 -1.53890e+00
 43  0.31690  6.27325e+01 | 44 -0.65753 -1.70912e+01 | 45 -0.00864 -1.57618e+01
 46 -0.12854 -7.42259e+00 | 47  0.09273  5.28736e+01 | 48 -0.13809 -1.02336e+01
 49 -0.28358 -8.20787e+00 | 50 -0.31744 -4.54710e+00 | 51 -0.10153 -7.25094e+00
 52 -0.12528  6.17996e+00 | 53  0.07454 -2.71553e+01 | 54  0.13756  9.29122e+00
 55 -0.01691 -3.10936e+00 | 56  0.10768  1.05982e+01 | 57  0.18330  4.55587e+01
 58 -0.07351 -7.29676e+00 | 59  0.05356 -9.61537e+00 | 60 -0.03564 -5.11784e+00
 61 -0.09750 -9.71249e+00 | 62 -0.26401 -9.08231e+00 | 63 -0.14873 -3.70909e+00
 64 -0.07297 -4.66906e+00 | 65 -0.00892 -1.46406e+01 | 66 -0.13186 -1.52727e+00
 67 -0.05063 -5.58131e+00 | 68  0.05431 -2.45165e+00 | 69 -0.24455 -6.41722e+00
 70 -0.03180  3.78293e+00 | 71  0.10157  5.45808e+01 | 72 -0.22518 -9.23080e+01
 73 -0.06698  3.27678e+00 | 74 -0.26279  6.00892e-01 | 75 -0.79642 -7.39338e-01
 76 -0.29730 -1.92695e+00 | 77  0.25633 -1.04463e+02 | 78 -0.15912  1.34281e+02
 79 -0.50202 -1.54852e+01 | 80  0.29120  4.90517e+00 | 81 -0.12624 -6.71052e+00
 82  0.25863  2.69222e+01 | 83 -0.21498 -9.51433e+01 | 84 -0.31408 -5.76258e+00
 85  0.21221  1.89425e+01 | 86 -0.11468 -7.49183e+01 | 87 -0.21604 -3.24675e+00
 88 -0.14848  3.04874e+01 | 89 -0.33717 -4.75408e+00 | 90 -0.01223  1.15590e+01
 91 -0.06068  3.81390e+00 | 92 -0.00302  8.34985e+00 | 93 -0.00502 -1.87309e-01
 94 -0.14291  2.12696e+00 | 95  0.33807  1.25242e+00 | 96 -0.22171 -5.64903e+00
 97  0.31105 -2.14246e+00 | 98 -0.28098  6.21810e+00 | 99 -0.02491  1.29235e+02
100 -0.31296 -7.46959e+01 |101  0.03564 -2.43921e+00 |102 -0.21273  1.75055e+00
102 variables; iteration 60; function evaluation 74; phase 4
Function value 2.6049904e+03; maximum gradient component mag -1.7735e+02
Var    Value     Gradient |Var    Value     Gradient |Var    Value     Gradient
  1 -0.16430 -1.77350e+02 |  2  0.07735  4.43757e+01 |  3 -0.12152  2.53578e+01
  4  0.07425  8.98371e+00 |  5 -0.43931  1.44297e+01 |  6 -0.01668  6.37495e+00
  7  0.09516  7.53054e+01 |  8 -0.06906  3.85520e+00 |  9  0.09526 -1.99407e+00
 10 -0.11572  1.12603e+01 | 11  0.09662  1.25086e+02 | 12  0.03680  7.24156e+00
 13  0.04218  4.18154e+00 | 14  0.03009 -1.19053e+00 | 15  0.02110  2.70818e+00
 16 -0.01547  5.51878e+00 | 17  0.00311  6.24637e+00 | 18  0.01130  1.39057e+01
 19  0.08417  2.14331e+01 | 20 -0.04305  1.79221e+01 | 21 -0.08851  1.59223e+01
 22 -0.08739  1.62834e+01 | 23  0.04172  1.82036e+01 | 24 -0.07108  1.68436e+01
 25 -0.13642  1.99413e+01 | 26 -0.20017  1.26184e+01 | 27 -0.19308  3.26419e+00
 28  0.17814  2.97991e+01 | 29 -0.17486  5.00339e+00 | 30 -0.01606 -1.23179e+00
 31 -0.02641 -2.53753e+00 | 32  0.01041  7.21524e+00 | 33  0.02927  1.71153e+01
 34 -0.06428  2.06368e+00 | 35 -0.00553 -3.63524e+00 | 36 -0.14816 -2.37637e+00
 37  0.01787 -1.19590e+01 | 38 -0.12724 -1.58640e+00 | 39 -0.06244 -7.99801e-01
 40 -0.12826  5.55152e+00 | 41 -0.10786  4.35324e+00 | 42 -0.26168 -1.44962e+01
 43  0.31859  1.09071e+01 | 44 -0.23962 -6.45076e+00 | 45 -0.00463 -1.23027e+01
 46 -0.10197 -7.18832e-01 | 47  0.08093 -1.11652e+01 | 48 -0.10804  1.14514e+00
 49 -0.21861  1.03611e+01 | 50 -0.28435  1.92659e+00 | 51 -0.07635  2.21970e+00
 52 -0.14485  7.28757e-01 | 53  0.09688 -6.00829e+00 | 54  0.14872  6.06283e+00
 55 -0.00283 -2.52025e+00 | 56  0.11111 -3.71031e+00 | 57  0.19246  2.47596e+01
 58 -0.03493  1.98916e+00 | 59  0.07286 -4.38975e+00 | 60 -0.01178  1.87307e+00
 61 -0.05611  1.57521e+00 | 62 -0.19818 -8.35184e-01 | 63 -0.13513 -3.94622e+00
 64 -0.05756 -1.06477e+01 | 65  0.02022 -8.48278e+00 | 66 -0.10820 -1.44363e+00
 67  0.00737  2.03324e+00 | 68  0.10637  1.14419e+00 | 69 -0.20458 -2.86102e+00
 70 -0.10697 -1.93794e-01 | 71  0.16140  6.88752e+01 | 72 -0.18421 -9.23763e+01
 73 -0.16037  6.80282e+00 | 74 -0.26332 -2.58586e+01 | 75 -0.65928  4.49902e+00
 76 -0.29719 -2.16112e+00 | 77  0.26052  6.47441e+01 | 78 -0.17632 -1.23476e+02
 79 -0.49994  5.08134e+00 | 80  0.16245 -7.82824e+00 | 81 -0.17409  9.83463e+00
 82  0.27196  5.89375e+00 | 83 -0.19896 -3.19393e+01 | 84 -0.32106 -4.41246e+00
 85  0.22169  3.15751e+01 | 86 -0.10815 -7.17275e+01 | 87 -0.21371  1.54807e+00
 88 -0.15364 -1.28633e+01 | 89 -0.34220  5.28429e+00 | 90 -0.05211  2.62313e+00
 91 -0.05929  3.83298e+00 | 92 -0.01188  3.70789e+00 | 93 -0.01348 -1.56522e+00
 94 -0.13161  8.05301e-01 | 95  0.41791  1.22263e+00 | 96 -0.15653  2.21894e+00
 97  0.30382 -1.09705e-01 | 98 -0.28562 -4.44590e+00 | 99 -0.03911  4.53146e+01
100 -0.32746 -3.28753e+01 |101  0.03042  1.05245e+01 |102 -0.22405 -1.15170e+01
102 variables; iteration 80; function evaluation 100; phase 4
Function value 2.5992630e+03; maximum gradient component mag -1.4265e+02
Var    Value     Gradient |Var    Value     Gradient |Var    Value     Gradient
  1 -0.19161 -1.42654e+02 |  2  0.06175  1.31983e+01 |  3 -0.10789  1.00981e+01
  4  0.05571  1.32427e+01 |  5 -0.42984  2.74876e+00 |  6 -0.01037 -2.11482e+01
  7  0.09923  5.80476e+00 |  8 -0.08417  1.84765e+00 |  9  0.12609  7.76988e+00
 10 -0.16509 -7.70232e-01 | 11  0.02104  1.03270e+02 | 12  0.04371  1.19628e+01
 13  0.04696  1.18552e+01 | 14  0.07396  1.29472e+01 | 15  0.00547  8.97133e+00
 16  0.01105  1.42556e+01 | 17  0.00472  8.10812e+00 | 18  0.02088  9.48829e+00
 19  0.07542 -1.01513e+00 | 20 -0.03308  1.25214e+01 | 21 -0.07822  1.44056e+01
 22 -0.09082  1.01985e+01 | 23  0.04396  3.21988e+00 | 24 -0.06913  1.00977e+01
 25 -0.14421  1.28029e+01 | 26 -0.19452  1.29811e+01 | 27 -0.16581  7.63413e+00
 28  0.17313 -2.02067e+01 | 29 -0.16601  5.98268e+00 | 30 -0.00957  8.83912e+00
 31 -0.02835  1.20084e+00 | 32  0.00650 -3.86130e+00 | 33 -0.00120 -1.62090e+01
 34 -0.07301 -4.63337e+00 | 35 -0.00798  2.79298e+00 | 36 -0.16065  5.86929e-01
 37  0.01941  1.56934e+01 | 38 -0.13213  6.55330e+00 | 39 -0.05343  1.77273e+01
 40 -0.13827  8.30215e+00 | 41 -0.13184  1.45987e+00 | 42 -0.21303 -1.16905e+01
 43  0.30700 -1.62946e+01 | 44 -0.23946 -5.75144e+00 | 45  0.00584  6.47095e+00
 46 -0.11148 -1.89975e+00 | 47  0.07568  4.37679e+00 | 48 -0.11858  7.54685e-01
 49 -0.23255  8.81070e+00 | 50 -0.26899  8.73049e+00 | 51 -0.08566  5.88054e+00
 52 -0.13829  3.46029e+00 | 53  0.07960 -1.44125e+01 | 54  0.13040 -1.07409e+01
 55 -0.01341 -3.79916e+00 | 56  0.10476 -5.35245e+00 | 57  0.16528 -1.85977e+01
 58 -0.05065 -3.08833e+00 | 59  0.06798 -2.04957e+00 | 60 -0.02631 -2.75122e+00
 61 -0.06520  7.65486e-01 | 62 -0.20590 -4.19680e-01 | 63 -0.13072  1.04853e+00
 64 -0.05119  1.20330e+00 | 65  0.02645  3.80767e+00 | 66 -0.10684 -2.14700e-01
 67 -0.00752 -4.41046e-01 | 68  0.07029 -3.29887e+00 | 69 -0.18896  3.51335e+00
 70 -0.09693 -8.65659e-01 | 71  0.17025  4.02464e+00 | 72 -0.17220 -8.96718e+00
 73 -0.16696 -1.08165e+00 | 74 -0.24439  4.69769e+00 | 75 -0.66630 -9.16427e-01
 76 -0.30993 -2.61574e+00 | 77  0.27036 -1.21327e+00 | 78 -0.16034  6.90093e+00
 79 -0.50656  6.16526e-02 | 80  0.16804  3.39675e-01 | 81 -0.18339 -2.74012e+00
 82  0.27883  5.24798e-01 | 83 -0.19629 -2.38762e+01 | 84 -0.31904 -4.64543e+00
 85  0.22421  1.04813e+01 | 86 -0.10439 -2.74526e+01 | 87 -0.20135  1.01777e+00
 88 -0.13811 -2.58177e+00 | 89 -0.32057  1.84730e+00 | 90 -0.11203 -1.11047e+00
 91 -0.05761 -1.21202e+00 | 92 -0.01138  1.36049e+00 | 93 -0.00968  3.87826e-01
 94 -0.13378  3.71765e-01 | 95  0.37422 -3.62847e+00 | 96 -0.18793  1.69560e+00
 97  0.29174  1.10923e+00 | 98 -0.29695 -1.63339e+01 | 99 -0.05574 -1.31179e+01
100 -0.35186 -2.35872e+01 |101  0.02873  3.69702e-01 |102 -0.21621 -1.01066e+00
Maximum number of function evaluations exceeded

 - final statistics:
102 variables; iteration 81; function evaluation 100
Function value 2.5993e+03; maximum gradient component mag -1.4265e+02
Exit code = 3;  converg criter 1.0000e+00
Var    Value     Gradient |Var    Value     Gradient |Var    Value     Gradient
  1 -0.19161 -1.42654e+02 |  2  0.06175  1.31983e+01 |  3 -0.10789  1.00981e+01
  4  0.05571  1.32427e+01 |  5 -0.42984  2.74876e+00 |  6 -0.01037 -2.11482e+01
  7  0.09923  5.80476e+00 |  8 -0.08417  1.84765e+00 |  9  0.12609  7.76988e+00
 10 -0.16509 -7.70232e-01 | 11  0.02104  1.03270e+02 | 12  0.04371  1.19628e+01
 13  0.04696  1.18552e+01 | 14  0.07396  1.29472e+01 | 15  0.00547  8.97133e+00
 16  0.01105  1.42556e+01 | 17  0.00472  8.10812e+00 | 18  0.02088  9.48829e+00
 19  0.07542 -1.01513e+00 | 20 -0.03308  1.25214e+01 | 21 -0.07822  1.44056e+01
 22 -0.09082  1.01985e+01 | 23  0.04396  3.21988e+00 | 24 -0.06913  1.00977e+01
 25 -0.14421  1.28029e+01 | 26 -0.19452  1.29811e+01 | 27 -0.16581  7.63413e+00
 28  0.17313 -2.02067e+01 | 29 -0.16601  5.98268e+00 | 30 -0.00957  8.83912e+00
 31 -0.02835  1.20084e+00 | 32  0.00650 -3.86130e+00 | 33 -0.00120 -1.62090e+01
 34 -0.07301 -4.63337e+00 | 35 -0.00798  2.79298e+00 | 36 -0.16065  5.86929e-01
 37  0.01941  1.56934e+01 | 38 -0.13213  6.55330e+00 | 39 -0.05343  1.77273e+01
 40 -0.13827  8.30215e+00 | 41 -0.13184  1.45987e+00 | 42 -0.21303 -1.16905e+01
 43  0.30700 -1.62946e+01 | 44 -0.23946 -5.75144e+00 | 45  0.00584  6.47095e+00
 46 -0.11148 -1.89975e+00 | 47  0.07568  4.37679e+00 | 48 -0.11858  7.54685e-01
 49 -0.23255  8.81070e+00 | 50 -0.26899  8.73049e+00 | 51 -0.08566  5.88054e+00
 52 -0.13829  3.46029e+00 | 53  0.07960 -1.44125e+01 | 54  0.13040 -1.07409e+01
 55 -0.01341 -3.79916e+00 | 56  0.10476 -5.35245e+00 | 57  0.16528 -1.85977e+01
 58 -0.05065 -3.08833e+00 | 59  0.06798 -2.04957e+00 | 60 -0.02631 -2.75122e+00
 61 -0.06520  7.65486e-01 | 62 -0.20590 -4.19680e-01 | 63 -0.13072  1.04853e+00
 64 -0.05119  1.20330e+00 | 65  0.02645  3.80767e+00 | 66 -0.10684 -2.14700e-01
 67 -0.00752 -4.41046e-01 | 68  0.07029 -3.29887e+00 | 69 -0.18896  3.51335e+00
 70 -0.09693 -8.65659e-01 | 71  0.17025  4.02464e+00 | 72 -0.17220 -8.96718e+00
 73 -0.16696 -1.08165e+00 | 74 -0.24439  4.69769e+00 | 75 -0.66630 -9.16427e-01
 76 -0.30993 -2.61574e+00 | 77  0.27036 -1.21327e+00 | 78 -0.16034  6.90093e+00
 79 -0.50656  6.16526e-02 | 80  0.16804  3.39675e-01 | 81 -0.18339 -2.74012e+00
 82  0.27883  5.24798e-01 | 83 -0.19629 -2.38762e+01 | 84 -0.31904 -4.64543e+00
 85  0.22421  1.04813e+01 | 86 -0.10439 -2.74526e+01 | 87 -0.20135  1.01777e+00
 88 -0.13811 -2.58177e+00 | 89 -0.32057  1.84730e+00 | 90 -0.11203 -1.11047e+00
 91 -0.05761 -1.21202e+00 | 92 -0.01138  1.36049e+00 | 93 -0.00968  3.87826e-01
 94 -0.13378  3.71765e-01 | 95  0.37422 -3.62847e+00 | 96 -0.18793  1.69560e+00
 97  0.29174  1.10923e+00 | 98 -0.29695 -1.63339e+01 | 99 -0.05574 -1.31179e+01
100 -0.35186 -2.35872e+01 |101  0.02873  3.69702e-01 |102 -0.21621 -1.01066e+00

Initial statistics: 132 variables; iteration 0; function evaluation 0; phase 5
Function value 2.5992630e+03; maximum gradient component mag -1.4265e+02
Var    Value     Gradient |Var    Value     Gradient |Var    Value     Gradient
  1 -0.19161 -1.42654e+02 |  2  0.06175  1.31983e+01 |  3 -0.10789  1.00981e+01
  4  0.05571  1.32427e+01 |  5 -0.42984  2.74876e+00 |  6 -0.01037 -2.11482e+01
  7  0.09923  5.80476e+00 |  8 -0.08417  1.84765e+00 |  9  0.12609  7.76988e+00
 10 -0.16509 -7.70232e-01 | 11  0.02104  1.03270e+02 | 12  0.00000 -6.49398e-01
 13  0.00000 -7.34958e-01 | 14  0.00000 -8.31126e-01 | 15  0.00000 -9.40619e-01
 16  0.00000 -1.06559e+00 | 17  0.00000 -1.20539e+00 | 18  0.00000 -1.36079e+00
 19  0.00000 -1.52960e+00 | 20  0.00000 -1.71254e+00 | 21  0.00000 -1.91079e+00
 22  0.00000 -2.12372e+00 | 23  0.00000 -2.34549e+00 | 24  0.00000 -2.56414e+00
 25  0.00000 -2.77471e+00 | 26  0.00000 -2.96564e+00 | 27  0.00000 -3.11744e+00
 28  0.00000 -3.21573e+00 | 29  0.00000 -3.25411e+00 | 30  0.00000 -3.25276e+00
 31  0.00000 -3.25868e+00 | 32  0.00000 -3.32319e+00 | 33  0.00000 -3.35812e+00
 34  0.00000 -3.01130e+00 | 35  0.00000 -1.73484e+00 | 36  0.00000  1.14452e+00
 37  0.00000  5.40706e+00 | 38  0.00000  9.64591e+00 | 39  0.00000  1.16711e+01
 40  0.00000  1.03822e+01 | 41  0.00000  7.55398e+00 | 42  0.04371  1.19628e+01
 43  0.04696  1.18552e+01 | 44  0.07396  1.29472e+01 | 45  0.00547  8.97133e+00
 46  0.01105  1.42556e+01 | 47  0.00472  8.10812e+00 | 48  0.02088  9.48829e+00
 49  0.07542 -1.01513e+00 | 50 -0.03308  1.25214e+01 | 51 -0.07822  1.44056e+01
 52 -0.09082  1.01985e+01 | 53  0.04396  3.21988e+00 | 54 -0.06913  1.00977e+01
 55 -0.14421  1.28029e+01 | 56 -0.19452  1.29811e+01 | 57 -0.16581  7.63413e+00
 58  0.17313 -2.02067e+01 | 59 -0.16601  5.98268e+00 | 60 -0.00957  8.83912e+00
 61 -0.02835  1.20084e+00 | 62  0.00650 -3.86130e+00 | 63 -0.00120 -1.62090e+01
 64 -0.07301 -4.63337e+00 | 65 -0.00798  2.79298e+00 | 66 -0.16065  5.86929e-01
 67  0.01941  1.56934e+01 | 68 -0.13213  6.55330e+00 | 69 -0.05343  1.77273e+01
 70 -0.13827  8.30215e+00 | 71 -0.13184  1.45987e+00 | 72 -0.21303 -1.16905e+01
 73  0.30700 -1.62946e+01 | 74 -0.23946 -5.75144e+00 | 75  0.00584  6.47095e+00
 76 -0.11148 -1.89975e+00 | 77  0.07568  4.37679e+00 | 78 -0.11858  7.54685e-01
 79 -0.23255  8.81070e+00 | 80 -0.26899  8.73049e+00 | 81 -0.08566  5.88054e+00
 82 -0.13829  3.46029e+00 | 83  0.07960 -1.44125e+01 | 84  0.13040 -1.07409e+01
 85 -0.01341 -3.79916e+00 | 86  0.10476 -5.35245e+00 | 87  0.16528 -1.85977e+01
 88 -0.05065 -3.08833e+00 | 89  0.06798 -2.04957e+00 | 90 -0.02631 -2.75122e+00
 91 -0.06520  7.65486e-01 | 92 -0.20590 -4.19680e-01 | 93 -0.13072  1.04853e+00
 94 -0.05119  1.20330e+00 | 95  0.02645  3.80767e+00 | 96 -0.10684 -2.14700e-01
 97 -0.00752 -4.41046e-01 | 98  0.07029 -3.29887e+00 | 99 -0.18896  3.51335e+00
100 -0.09693 -8.65659e-01 |101  0.17025  4.02464e+00 |102 -0.17220 -8.96718e+00
103 -0.16696 -1.08165e+00 |104 -0.24439  4.69769e+00 |105 -0.66630 -9.16427e-01
106 -0.30993 -2.61574e+00 |107  0.27036 -1.21327e+00 |108 -0.16034  6.90093e+00
109 -0.50656  6.16526e-02 |110  0.16804  3.39675e-01 |111 -0.18339 -2.74012e+00
112  0.27883  5.24798e-01 |113 -0.19629 -2.38762e+01 |114 -0.31904 -4.64543e+00
115  0.22421  1.04813e+01 |116 -0.10439 -2.74526e+01 |117 -0.20135  1.01777e+00
118 -0.13811 -2.58177e+00 |119 -0.32057  1.84730e+00 |120 -0.11203 -1.11047e+00
121 -0.05761 -1.21202e+00 |122 -0.01138  1.36049e+00 |123 -0.00968  3.87826e-01
124 -0.13378  3.71765e-01 |125  0.37422 -3.62847e+00 |126 -0.18793  1.69560e+00
127  0.29174  1.10923e+00 |128 -0.29695 -1.63339e+01 |129 -0.05574 -1.31179e+01
130 -0.35186 -2.35872e+01 |131  0.02873  3.69702e-01 |132 -0.21621 -1.01066e+00

Intermediate statistics: 132 variables; iteration 20; function evaluation 21; phase 5
Function value 2.5923034e+03; maximum gradient component mag -6.4800e+01
Var    Value     Gradient |Var    Value     Gradient |Var    Value     Gradient
  1 -0.21751 -4.52805e+01 |  2  0.02898 -1.14430e+01 |  3 -0.08042 -4.01368e+00
  4  0.03728  1.85512e+01 |  5 -0.41173  9.20748e+00 |  6 -0.00031 -1.20886e+01
  7  0.09866 -4.33557e+01 |  8 -0.08100 -4.13739e+00 |  9  0.13957  1.17052e+01
 10 -0.14831  2.85073e+00 | 11 -0.08832  1.20395e+01 | 12  0.00774  5.13662e-02
 13  0.00873  5.87046e-02 | 14  0.00985  6.69374e-02 | 15  0.01114  7.60162e-02
 16  0.01261  8.57530e-02 | 17  0.01427  9.60098e-02 | 18  0.01612  1.06613e-01
 19  0.01814  1.17824e-01 | 20  0.02035  1.29570e-01 | 21  0.02278  1.42029e-01
 22  0.02544  1.55540e-01 | 23  0.02827  1.71561e-01 | 24  0.03110  1.93610e-01
 25  0.03391  2.25414e-01 | 26  0.03657  2.73735e-01 | 27  0.03884  3.50059e-01
 28  0.04059  4.65682e-01 | 29  0.04189  6.29748e-01 | 30  0.04333  8.39023e-01
 31  0.04599  1.07752e+00 | 32  0.05110  1.31258e+00 | 33  0.05799  1.51182e+00
 34  0.06137  1.71139e+00 | 35  0.05240  2.00125e+00 | 36  0.02468  2.24976e+00
 37 -0.00824  2.21985e+00 | 38 -0.02911  2.29190e+00 | 39 -0.02937  2.69021e+00
 40 -0.00566  3.29931e+00 | 41  0.03481  3.66592e+00 | 42  0.06987  5.03846e+00
 43  0.06498  4.24223e+00 | 44  0.11036  2.84727e+00 | 45  0.02526  1.16443e+00
 46  0.00545  2.43944e+00 | 47  0.06072  3.03449e+00 | 48  0.00267  1.60020e+00
 49  0.13311  1.73899e+00 | 50 -0.04298  1.51161e+00 | 51 -0.05416  2.57739e+00
 52 -0.07565  1.57301e+00 | 53  0.08146  3.34021e+00 | 54 -0.04356  6.38539e+00
 55 -0.11961  6.39171e+00 | 56 -0.18369  4.72394e+00 | 57 -0.15076  9.65143e-01
 58  0.20196 -6.48004e+01 | 59 -0.17226 -1.56676e+00 | 60  0.01671  1.28432e+00
 61 -0.00298  3.35507e-01 | 62  0.02380 -4.28240e+00 | 63  0.02459 -6.52502e+00
 64 -0.05639 -3.76060e-01 | 65  0.00563  5.52551e+00 | 66 -0.14499  2.48296e+00
 67  0.02959  1.78283e+01 | 68 -0.12862  4.10810e+00 | 69 -0.05804  7.82293e+00
 70 -0.14798  2.49730e+00 | 71 -0.14049  1.13101e-01 | 72 -0.09942  1.20525e+00
 73  0.31802 -3.32717e+01 | 74 -0.18053  3.50418e-01 | 75  0.01587  2.69454e+00
 76 -0.08827  1.89110e+00 | 77  0.09144  1.83634e+01 | 78 -0.10969  1.00833e+00
 79 -0.24176  2.30382e+00 | 80 -0.28795  1.20712e+00 | 81 -0.08138  2.48880e+00
 82 -0.12127  2.94540e+00 | 83  0.09485 -4.64648e+00 | 84  0.14322 -8.96168e+00
 85  0.00123 -1.71056e+00 | 86  0.11746 -5.31855e+00 | 87  0.18249 -1.30478e+01
 88 -0.03324 -1.16065e+00 | 89  0.08398 -2.67724e+00 | 90 -0.00755 -2.58933e-02
 91 -0.05025  4.96841e-01 | 92 -0.18961 -5.71641e-02 | 93 -0.11502  1.01010e+00
 94 -0.03263  2.66825e+00 | 95  0.04158  5.43076e+00 | 96 -0.09634 -1.85092e-01
 97  0.00582 -2.86136e-01 | 98  0.10171 -3.06871e-01 | 99 -0.28443 -8.83953e-01
100 -0.11148 -6.17611e-01 |101  0.18142 -2.66200e+01 |102 -0.16089  5.64926e+01
103 -0.11770  3.98481e-01 |104 -0.24603  4.54570e+00 |105 -0.66846 -7.07211e-01
106 -0.30415  7.35417e-02 |107  0.27425  3.20791e+01 |108 -0.16448 -5.29073e+01
109 -0.49406  3.91942e+00 |110  0.18948  3.14838e-02 |111 -0.16870 -6.11035e-01
112  0.29089 -4.13902e+01 |113 -0.18381  5.60991e+01 |114 -0.28695 -3.46187e+00
115  0.23947  4.28202e+00 |116 -0.09667 -7.64998e-01 |117 -0.18211  1.44943e+00
118 -0.14507 -2.94578e+01 |119 -0.32516  1.21010e+01 |120 -0.10331 -3.90549e+00
121 -0.06205 -2.85962e+01 |122 -0.01758 -1.23966e+01 |123 -0.01031  4.01246e+00
124 -0.13041 -3.97716e+00 |125  0.42315  3.13889e-01 |126 -0.16369 -4.01735e-02
127  0.36791  1.84441e+00 |128 -0.26830  6.93081e-01 |129 -0.03704 -5.06406e+01
130 -0.32011  1.99297e+01 |131  0.03766 -1.21396e+01 |132 -0.20039  1.30147e+01
132 variables; iteration 40; function evaluation 41; phase 5
Function value 2.5908296e+03; maximum gradient component mag 3.8028e+01
Var    Value     Gradient |Var    Value     Gradient |Var    Value     Gradient
  1 -0.20028  1.67937e+00 |  2  0.02162 -1.06740e+01 |  3 -0.07627 -8.26000e+00
  4  0.02351  1.06264e+00 |  5 -0.41085  1.65527e-01 |  6 -0.00725  8.16687e-02
  7  0.09994 -2.24930e+01 |  8 -0.08344 -3.41952e-01 |  9  0.14784  5.95852e+00
 10 -0.15229  3.97853e-03 | 11 -0.07097 -3.65977e+00 | 12  0.00707 -6.34129e-02
 13  0.00797 -7.31428e-02 | 14  0.00897 -8.46822e-02 | 15  0.01013 -9.84740e-02
 16  0.01147 -1.14808e-01 | 17  0.01298 -1.33629e-01 | 18  0.01468 -1.55110e-01
 19  0.01658 -1.78038e-01 | 20  0.01871 -2.01439e-01 | 21  0.02120 -2.22268e-01
 22  0.02420 -2.35893e-01 | 23  0.02781 -2.35932e-01 | 24  0.03201 -2.16597e-01
 25  0.03678 -1.77241e-01 | 26  0.04177 -1.23705e-01 | 27  0.04599 -7.36373e-02
 28  0.04820 -5.00525e-02 | 29  0.04778 -6.15832e-02 | 30  0.04607 -8.69660e-02
 31  0.04560 -9.73042e-02 | 32  0.04976 -5.88316e-02 | 33  0.06269  1.17310e-01
 34  0.07634  3.30175e-01 | 35  0.05812  2.01747e-01 | 36  0.02291  2.41467e-01
 37 -0.01555  1.68165e-02 | 38 -0.03818 -1.44761e-02 | 39 -0.03617  4.99612e-01
 40 -0.00948  1.11025e+00 | 41  0.04220  1.67129e+00 | 42  0.07090  2.47181e+00
 43  0.04881  1.82004e+00 | 44  0.12475  2.58359e+00 | 45  0.02214  8.72842e-01
 46 -0.00099  9.96476e-01 | 47  0.06236  4.80471e-03 | 48 -0.00293 -1.46751e+00
 49  0.13247 -6.10164e+00 | 50 -0.04965 -1.11261e+00 | 51 -0.05685  1.07140e+00
 52 -0.07234  1.36404e+00 | 53  0.07744 -4.12695e+00 | 54 -0.04727  9.40108e-01
 55 -0.12700  9.69241e-01 | 56 -0.19366  7.55692e-01 | 57 -0.15790 -9.37892e-01
 58  0.20544 -2.58901e+01 | 59 -0.16855  2.79173e-01 | 60  0.01626  1.84884e+00
 61 -0.00706 -9.23944e-01 | 62  0.02625  4.55407e-01 | 63  0.02598 -2.63562e+00
 64 -0.05701 -7.76394e-01 | 65  0.00159  3.96515e-01 | 66 -0.14542  7.21791e-01
 67  0.02392  7.09797e+00 | 68 -0.13218  1.47758e+00 | 69 -0.05970  4.29388e+00
 70 -0.16105 -8.18732e-01 | 71 -0.12778  2.22827e+00 | 72 -0.12548 -2.81595e+00
 73  0.32165 -1.12041e+01 | 74 -0.19280 -1.46040e+00 | 75  0.01132 -2.82481e+00
 76 -0.08758  5.08197e-01 | 77  0.08662  5.21272e+00 | 78 -0.11340 -1.22927e+00
 79 -0.24223  2.58958e+00 | 80 -0.30074 -1.64094e+00 | 81 -0.08296  9.93387e-01
 82 -0.12408  7.06935e-03 | 83  0.09732  2.53084e+00 | 84  0.14573 -1.27957e+00
 85 -0.00085 -3.56856e+00 | 86  0.11909 -2.31249e+00 | 87  0.18491 -5.74390e+00
 88 -0.03488 -1.23329e+00 | 89  0.08514 -4.75356e-01 | 90 -0.00894  2.80288e-01
 91 -0.04880  1.73665e+00 | 92 -0.18669  5.51823e-01 | 93 -0.12065 -8.82960e-01
 94 -0.03477  1.03772e+00 | 95  0.03706  1.78438e+00 | 96 -0.09857 -5.74244e-01
 97  0.00925  8.00038e-01 | 98  0.10242 -4.04509e-02 | 99 -0.29341 -1.90527e+00
100 -0.11128 -1.13658e-01 |101  0.15460 -2.38499e+01 |102 -0.17735  3.80275e+01
103  0.01832  6.40588e-01 |104 -0.25828 -2.37105e+00 |105 -0.72417  5.14303e-03
106 -0.29469  1.12456e+00 |107  0.27593  5.94757e+00 |108 -0.16228 -1.70401e+01
109 -0.49807 -9.53334e-01 |110  0.25932  7.41862e-01 |111 -0.13287  1.60399e+00
112  0.30176 -1.45128e+01 |113 -0.18363  1.81708e+01 |114 -0.26979 -1.37540e+00
115  0.23852  8.04272e-01 |116 -0.09818  1.04460e+00 |117 -0.15319  1.23826e+00
118 -0.14411 -1.01570e+01 |119 -0.33049  1.64747e+00 |120 -0.10745 -2.03961e+00
121 -0.05717 -7.10896e+00 |122 -0.01214  1.09701e+00 |123 -0.00883  8.22062e-01
124 -0.12865  1.09524e+00 |125  0.43203  2.81884e+00 |126 -0.16532 -4.78374e+00
127  0.37147  1.07810e+00 |128 -0.26827  1.62699e+00 |129 -0.02858 -2.69175e+01
130 -0.31136  1.22956e+01 |131  0.03954 -3.05936e+00 |132 -0.20676  2.75707e+00
132 variables; iteration 60; function evaluation 62; phase 5
Function value 2.5901671e+03; maximum gradient component mag -1.3941e+01
Var    Value     Gradient |Var    Value     Gradient |Var    Value     Gradient
  1 -0.20459 -6.81167e+00 |  2  0.02650  4.87572e-01 |  3 -0.07962 -1.16055e-01
  4  0.02861 -2.50615e+00 |  5 -0.41318 -3.47575e-01 |  6 -0.00183  4.28233e+00
  7  0.10012 -7.57004e-01 |  8 -0.08225  8.50713e-01 |  9  0.13766 -2.89394e-01
 10 -0.15322 -3.25579e-01 | 11 -0.08930  6.10900e+00 | 12  0.00832  6.37900e-03
 13  0.00940  7.34857e-03 | 14  0.01063  8.44958e-03 | 15  0.01205  9.69756e-03
 16  0.01370  1.10872e-02 | 17  0.01558  1.26060e-02 | 18  0.01772  1.42595e-02
 19  0.02009  1.61416e-02 | 20  0.02274  1.85803e-02 | 21  0.02576  2.24166e-02
 22  0.02922  2.90672e-02 | 23  0.03314  4.03203e-02 | 24  0.03735  5.72850e-02
 25  0.04176  7.98255e-02 | 26  0.04603  1.05386e-01 | 27  0.04944  1.30207e-01
 28  0.05136  1.53426e-01 | 29  0.05148  1.77365e-01 | 30  0.05079  2.08095e-01
 31  0.05138  2.55844e-01 | 32  0.05648  3.38268e-01 | 33  0.06794  4.65715e-01
 34  0.07760  5.76147e-01 | 35  0.06562  6.44613e-01 | 36  0.02810  5.85915e-01
 37 -0.00665  5.70807e-01 | 38 -0.02846  5.73920e-01 | 39 -0.03213  5.14936e-01
 40 -0.00891  6.49490e-01 | 41  0.04639  1.00369e+00 | 42  0.07082  1.31931e+00
 43  0.05152  1.07634e+00 | 44  0.13218  1.37883e+00 | 45  0.02656  2.68423e-01
 46 -0.00250 -1.61933e-02 | 47  0.06830 -2.87099e-01 | 48  0.00346 -1.98318e-01
 49  0.14027 -4.34983e-01 | 50 -0.04245  1.11033e-01 | 51 -0.05355  2.61102e-01
 52 -0.07305  2.82447e-01 | 53  0.08603 -3.32355e-01 | 54 -0.04471  5.02217e-01
 55 -0.12141  5.27502e-01 | 56 -0.19119  2.49254e-01 | 57 -0.15432 -3.26493e-03
 58  0.21429  4.35238e+00 | 59 -0.16875  3.86362e-01 | 60  0.01972  1.24471e+00
 61  0.00073  1.85526e-01 | 62  0.03114  7.01056e-01 | 63  0.03419 -5.40598e-01
 64 -0.05184 -6.29549e-01 | 65  0.00561 -1.60926e+00 | 66 -0.14141 -4.33612e-01
 67  0.02526 -1.40332e+00 | 68 -0.12711 -4.38681e-02 | 69 -0.05977  7.73618e-01
 70 -0.14941  5.17867e-03 | 71 -0.13101  6.26110e-01 | 72 -0.10581 -2.13154e-01
 73  0.32854  9.34503e-02 | 74 -0.18040  2.60798e-02 | 75  0.01936  4.08115e-01
 76 -0.08418  9.49538e-02 | 77  0.09074  1.53399e-02 | 78 -0.10618  4.54304e-01
 79 -0.24207  7.70565e-01 | 80 -0.28990 -4.95311e-01 | 81 -0.07736  6.00236e-02
 82 -0.12084 -3.06566e-01 | 83  0.10265  4.04022e-01 | 84  0.15214  1.23049e+00
 85  0.00611 -1.49190e+00 | 86  0.12581  9.03529e-01 | 87  0.19222  6.14420e-01
 88 -0.02870 -4.52937e-02 | 89  0.09003 -1.07326e+00 | 90 -0.00405 -2.80898e-01
 91 -0.04717 -2.46943e-01 | 92 -0.18489 -6.67691e-02 | 93 -0.11264 -3.48835e-01
 94 -0.03093 -2.79460e-01 | 95  0.04069 -2.95319e-01 | 96 -0.09251 -1.00654e-01
 97  0.01036  2.05821e-01 | 98  0.10555  1.40619e-01 | 99 -0.27014  4.11426e-01
100 -0.10605  2.27448e-01 |101  0.18438  6.49824e+00 |102 -0.16703 -8.07154e+00
103 -0.12260 -1.70229e-01 |104 -0.24876 -1.59077e+00 |105 -0.66723  3.72371e-01
106 -0.30137  7.07116e-02 |107  0.27443 -3.91710e+00 |108 -0.16077  6.24920e+00
109 -0.49597 -5.59982e-01 |110  0.19612  4.69896e-01 |111 -0.16663 -1.34962e+00
112  0.30717  7.39989e-01 |113 -0.18276 -3.93863e-01 |114 -0.25987  2.36135e-02
115  0.24304  1.04687e+00 |116 -0.09637  2.45166e+00 |117 -0.17904  3.28961e-01
118 -0.14151  2.27013e+00 |119 -0.32753 -1.64565e+00 |120 -0.10816 -2.72570e-01
121 -0.05763  2.91302e-01 |122 -0.01355  1.22789e-01 |123 -0.01107  1.32428e-01
124 -0.12963  1.15059e-01 |125  0.42878  5.83788e-01 |126 -0.16368 -9.13713e-01
127  0.34853  3.19638e-01 |128 -0.27652 -1.76414e+00 |129 -0.02562 -1.39410e+01
130 -0.30813  6.94932e+00 |131  0.04243  1.64494e+00 |132 -0.20680 -1.27070e+00
132 variables; iteration 80; function evaluation 82; phase 5
Function value 2.5901123e+03; maximum gradient component mag -4.9700e+00
Var    Value     Gradient |Var    Value     Gradient |Var    Value     Gradient
  1 -0.20251  1.42946e+00 |  2  0.02491  4.18523e-01 |  3 -0.07845  2.74462e-01
  4  0.02980  1.93511e-01 |  5 -0.41351  4.55920e-01 |  6 -0.00569  4.31937e-01
  7  0.10011  2.63416e-01 |  8 -0.08325 -1.79269e-02 |  9  0.13645 -1.61280e-02
 10 -0.14943  3.90521e-01 | 11 -0.08596 -7.84359e-01 | 12  0.00828 -3.92571e-03
 13  0.00938 -3.35481e-03 | 14  0.01064 -2.09802e-03 | 15  0.01211  2.48340e-04
 16  0.01385  4.07843e-03 | 17  0.01585  9.59745e-03 | 18  0.01816  1.68826e-02
 19  0.02074  2.54203e-02 | 20  0.02361  3.40779e-02 | 21  0.02682  4.01828e-02
 22  0.03032  3.96072e-02 | 23  0.03399  2.88349e-02 | 24  0.03766  9.72178e-03
 25  0.04144 -8.79396e-03 | 26  0.04535 -1.45722e-02 | 27  0.04894 -5.01656e-03
 28  0.05129  6.65949e-03 | 29  0.05179  1.01843e-02 | 30  0.05146  1.26414e-02
 31  0.05215  1.08217e-02 | 32  0.05609 -2.22032e-02 | 33  0.06709 -1.71216e-02
 34  0.07908  2.01046e-02 | 35  0.06254 -8.42563e-02 | 36  0.02643 -3.67667e-02
 37 -0.00702  9.53355e-02 | 38 -0.03074 -1.45212e-02 | 39 -0.03358 -4.22991e-02
 40 -0.00952  1.18471e-02 | 41  0.04546 -4.88080e-02 | 42  0.06870 -1.58475e-02
 43  0.05197  2.10967e-02 | 44  0.12965 -3.37865e-01 | 45  0.02767 -1.71791e-01
 46 -0.00159 -1.37183e-01 | 47  0.06624 -5.90460e-01 | 48  0.00396 -1.05526e-01
 49  0.13998 -6.96848e-02 | 50 -0.04361 -1.07094e-01 | 51 -0.05463 -3.10281e-01
 52 -0.07574 -3.30982e-01 | 53  0.08603  9.91849e-02 | 54 -0.04612  2.15351e-01
 55 -0.12222  2.96051e-01 | 56 -0.19172  2.23445e-01 | 57 -0.15409  1.03082e-01
 58  0.21341  3.49844e-01 | 59 -0.17046 -5.17584e-02 | 60  0.01832  4.46259e-02
 61  0.00083  1.78974e-01 | 62  0.02954  1.04763e-01 | 63  0.03362 -1.76619e-01
 64 -0.05200  5.87551e-02 | 65  0.00590  1.61411e-01 | 66 -0.14159  6.08791e-02
 67  0.02535  1.15749e-01 | 68 -0.12741 -1.37646e-02 | 69 -0.06157 -1.27633e-01
 70 -0.14900 -9.09370e-02 | 71 -0.13361 -3.01692e-02 | 72 -0.10503 -1.27720e-01
 73  0.32790 -2.63062e-01 | 74 -0.17856  3.26346e-01 | 75  0.01813 -3.87898e-01
 76 -0.08456  1.34660e-01 | 77  0.09027 -1.17235e-01 | 78 -0.10682  2.69417e-01
 79 -0.24428  1.79068e-01 | 80 -0.28834  4.06645e-03 | 81 -0.07827 -2.79849e-01
 82 -0.12120 -1.43224e-01 | 83  0.10203  6.94208e-05 | 84  0.15124  7.23243e-03
 85  0.00759 -4.53178e-02 | 86  0.12433 -5.21020e-01 | 87  0.19185 -1.28065e-02
 88 -0.02885 -4.76826e-02 | 89  0.09070  2.86486e-01 | 90 -0.00447 -1.91331e-01
 91 -0.04740 -1.23169e-01 | 92 -0.18595 -1.91404e-01 | 93 -0.11205 -2.14171e-02
 94 -0.03009  2.77489e-01 | 95  0.04135  1.48020e-01 | 96 -0.09140  2.18486e-01
 97  0.00940 -3.96373e-02 | 98  0.10487  5.09095e-02 | 99 -0.27486 -4.94230e-02
100 -0.10797  2.51573e-02 |101  0.17589  1.19344e+00 |102 -0.17097 -1.83402e+00
103 -0.09262  2.12820e-01 |104 -0.24976  4.04776e-01 |105 -0.67973 -1.02300e-01
106 -0.30071  9.01177e-02 |107  0.27531 -2.67443e-01 |108 -0.16107  5.30757e-01
109 -0.49575 -7.98558e-02 |110  0.20913  2.87516e-01 |111 -0.15889 -1.79000e-01
112  0.30764 -1.68768e-01 |113 -0.18274  3.29183e-01 |114 -0.25886 -9.53782e-02
115  0.24170  1.08399e-01 |116 -0.09745 -6.82715e-02 |117 -0.17641  2.98814e-02
118 -0.14129  3.06700e-01 |119 -0.32592  8.20830e-02 |120 -0.10754  1.88382e-02
121 -0.05698  1.14537e-01 |122 -0.01327 -2.19267e-02 |123 -0.01113  3.82325e-02
124 -0.12987  9.29729e-04 |125  0.42980 -1.59954e-01 |126 -0.16255  3.63828e-01
127  0.35232  4.24374e-02 |128 -0.27529 -3.42054e-01 |129 -0.02339 -4.96997e+00
130 -0.30597  1.91404e+00 |131  0.04240 -7.50203e-02 |132 -0.20637  1.24611e-01
132 variables; iteration 100; function evaluation 104; phase 5
Function value 2.5901061e+03; maximum gradient component mag -1.1888e+00
Var    Value     Gradient |Var    Value     Gradient |Var    Value     Gradient
  1 -0.20230 -5.69042e-01 |  2  0.02471  4.39031e-03 |  3 -0.07844  6.41917e-02
  4  0.02970  9.74588e-02 |  5 -0.41344  2.43885e-03 |  6 -0.00613 -2.07027e-01
  7  0.09995 -8.20859e-02 |  8 -0.08254 -2.16517e-02 |  9  0.13634  1.58553e-02
 10 -0.14972  3.35045e-02 | 11 -0.08544  3.37960e-01 | 12  0.00840  2.81146e-03
 13  0.00947  1.81168e-03 | 14  0.01068  4.68931e-04 | 15  0.01209 -1.05497e-03
 16  0.01374 -2.30849e-03 | 17  0.01564 -2.52528e-03 | 18  0.01784 -8.21559e-04
 19  0.02033  3.30224e-03 | 20  0.02314  9.13177e-03 | 21  0.02630  1.35814e-02
 22  0.02974  1.11633e-02 | 23  0.03335 -1.00897e-03 | 24  0.03712 -1.45122e-02
 25  0.04133 -1.36995e-02 | 26  0.04579  3.37698e-03 | 27  0.04944  1.60891e-02
 28  0.05142  1.63478e-02 | 29  0.05168  1.50054e-02 | 30  0.05106  1.30499e-02
 31  0.05155  1.29086e-02 | 32  0.05681  3.82349e-02 | 33  0.06606  5.55465e-03
 34  0.07874  8.57823e-02 | 35  0.06497  6.75146e-02 | 36  0.02645  2.63044e-02
 37 -0.00915  1.77988e-04 | 38 -0.03027  5.50053e-02 | 39 -0.03321  1.37102e-02
 40 -0.01033 -2.12359e-02 | 41  0.04506 -4.76521e-02 | 42  0.06943  4.11270e-02
 43  0.04789 -2.86310e-02 | 44  0.13161  4.86186e-02 | 45  0.02657  1.25158e-02
 46 -0.00362 -8.62995e-03 | 47  0.06762  1.27000e-01 | 48  0.00357  1.21466e-01
 49  0.13952  3.05877e-02 | 50 -0.04320  6.72903e-02 | 51 -0.05462 -7.32817e-04
 52 -0.07518 -4.08401e-02 | 53  0.08576  4.95490e-02 | 54 -0.04616  5.05143e-02
 55 -0.12275  2.91071e-02 | 56 -0.19221  5.10060e-02 | 57 -0.15447 -2.34827e-02
 58  0.21320  8.67999e-03 | 59 -0.16993  5.08110e-02 | 60  0.01817 -5.43927e-03
 61  0.00058 -1.01011e-02 | 62  0.02931 -2.99482e-02 | 63  0.03372  1.20360e-02
 64 -0.05232  4.15294e-03 | 65  0.00577  2.94421e-02 | 66 -0.14178 -7.01440e-03
 67  0.02526 -8.98335e-03 | 68 -0.12712  7.33154e-02 | 69 -0.06141 -4.64149e-03
 70 -0.14872 -1.33263e-02 | 71 -0.13374 -2.90478e-02 | 72 -0.10418  1.82340e-02
 73  0.32809  3.43659e-02 | 74 -0.18078 -8.14724e-03 | 75  0.01873  3.27354e-02
 76 -0.08476 -3.57276e-03 | 77  0.09043 -7.74874e-03 | 78 -0.10721 -6.39844e-02
 79 -0.24483 -1.82743e-02 | 80 -0.28801  5.02528e-02 | 81 -0.07787  1.54727e-02
 82 -0.12081 -8.89266e-03 | 83  0.10212 -4.26034e-02 | 84  0.15132 -4.30510e-02
 85  0.00767 -2.10617e-03 | 86  0.12482  2.84516e-02 | 87  0.19183 -1.42726e-02
 88 -0.02882 -2.96792e-02 | 89  0.09049 -1.54323e-02 | 90 -0.00413  3.81218e-02
 91 -0.04732 -3.29318e-02 | 92 -0.18482  4.61002e-02 | 93 -0.11187  1.84444e-02
 94 -0.03052 -5.30630e-02 | 95  0.04113 -3.31623e-02 | 96 -0.09220 -1.23561e-02
 97  0.00958  3.33615e-02 | 98  0.10459  1.47705e-02 | 99 -0.27412  1.10094e-03
100 -0.10783  1.27199e-03 |101  0.17705  8.93493e-03 |102 -0.17028 -4.30618e-02
103 -0.09772  1.49690e-02 |104 -0.24919  7.84234e-03 |105 -0.67513  4.56776e-03
106 -0.30091  1.01765e-02 |107  0.27522  6.03624e-02 |108 -0.16120 -2.90543e-02
109 -0.49521  5.02496e-02 |110  0.20436 -3.48215e-02 |111 -0.16133  2.31884e-02
112  0.30771  1.57359e-01 |113 -0.18279 -2.14430e-01 |114 -0.25762 -3.89876e-02
115  0.24182  4.53698e-02 |116 -0.09744 -2.14733e-01 |117 -0.17672 -1.21572e-02
118 -0.14171 -3.65323e-02 |119 -0.32662  3.29638e-03 |120 -0.10703 -9.94316e-03
121 -0.05698  1.53566e-02 |122 -0.01340 -1.64394e-02 |123 -0.01120  1.37677e-02
124 -0.12956  1.06704e-02 |125  0.42933 -8.10905e-03 |126 -0.16317  8.94404e-03
127  0.35360  4.35764e-02 |128 -0.27484 -8.54461e-03 |129 -0.02181 -1.18877e+00
130 -0.30409  5.93688e-01 |131  0.04234  1.70660e-02 |132 -0.20655 -3.27138e-02
132 variables; iteration 120; function evaluation 131; phase 5
Function value 2.5901056e+03; maximum gradient component mag 9.8084e-02
Var    Value     Gradient |Var    Value     Gradient |Var    Value     Gradient
  1 -0.20226  9.80836e-02 |  2  0.02467 -6.16810e-03 |  3 -0.07847 -2.59094e-03
  4  0.02961 -2.14135e-03 |  5 -0.41338 -1.20684e-04 |  6 -0.00611  1.16234e-02
  7  0.09989 -2.93014e-03 |  8 -0.08233  5.40036e-04 |  9  0.13633 -9.44297e-04
 10 -0.14967 -8.70492e-04 | 11 -0.08537 -5.93276e-02 | 12  0.00832 -2.30356e-03
 13  0.00943 -1.62678e-03 | 14  0.01068 -7.31079e-04 | 15  0.01213  9.85959e-05
 16  0.01381  3.56369e-04 | 17  0.01571 -3.62732e-04 | 18  0.01786 -1.74549e-03
 19  0.02026 -2.37897e-03 | 20  0.02299 -8.14043e-04 | 21  0.02612  2.02116e-03
 22  0.02961  2.21451e-03 | 23  0.03345 -1.20298e-04 | 24  0.03756  4.92893e-04
 25  0.04179  2.27135e-04 | 26  0.04578 -3.15812e-03 | 27  0.04915 -2.50223e-03
 28  0.05121 -1.32645e-03 | 29  0.05159 -1.18379e-03 | 30  0.05113 -1.15494e-03
 31  0.05177 -1.69956e-03 | 32  0.05649 -3.05163e-03 | 33  0.06722 -1.98235e-03
 34  0.07729 -3.31058e-03 | 35  0.06442 -3.90040e-03 | 36  0.02673 -5.38662e-04
 37 -0.00885 -6.10288e-03 | 38 -0.03084 -4.42197e-03 | 39 -0.03331 -2.73544e-03
 40 -0.01003 -3.66566e-03 | 41  0.04617 -4.86442e-03 | 42  0.06811 -6.76450e-03
 43  0.04906 -6.55491e-03 | 44  0.13119 -9.64526e-03 | 45  0.02661 -7.16259e-03
 46 -0.00319 -4.05660e-03 | 47  0.06748 -8.03166e-03 | 48  0.00292 -8.19106e-03
 49  0.13974 -1.26234e-02 | 50 -0.04377 -5.78879e-03 | 51 -0.05457 -2.53947e-03
 52 -0.07502 -9.59399e-04 | 53  0.08571 -7.43902e-03 | 54 -0.04620 -1.41052e-03
 55 -0.12273 -5.84887e-04 | 56 -0.19243 -1.17889e-03 | 57 -0.15430 -1.40828e-03
 58  0.21319 -1.54534e-02 | 59 -0.17024 -2.34534e-03 | 60  0.01820 -2.00528e-03
 61  0.00056 -1.14914e-03 | 62  0.02933 -8.84878e-05 | 63  0.03368 -5.68313e-04
 64 -0.05232 -3.66255e-05 | 65  0.00571  5.17463e-04 | 66 -0.14175  1.11144e-03
 67  0.02528  4.66614e-03 | 68 -0.12736 -3.02852e-04 | 69 -0.06136  1.95028e-03
 70 -0.14871  7.75202e-04 | 71 -0.13366  1.37817e-03 | 72 -0.10430 -2.37576e-07
 73  0.32809 -3.29335e-03 | 74 -0.18072 -6.11800e-04 | 75  0.01870 -6.93279e-04
 76 -0.08474 -3.73956e-04 | 77  0.09041  1.39122e-03 | 78 -0.10715  5.50679e-04
 79 -0.24480 -8.13024e-04 | 80 -0.28824  6.56627e-04 | 81 -0.07792  1.87757e-03
 82 -0.12075  5.95191e-04 | 83  0.10211  8.53968e-04 | 84  0.15132  1.47353e-03
 85  0.00766  9.87752e-04 | 86  0.12479  5.99795e-04 | 87  0.19183  2.25661e-04
 88 -0.02876  9.33656e-04 | 89  0.09051  1.49362e-03 | 90 -0.00421  9.67705e-04
 91 -0.04723  2.51420e-03 | 92 -0.18503 -7.00377e-04 | 93 -0.11191 -3.78686e-04
 94 -0.03043  8.65205e-04 | 95  0.04116  1.86872e-03 | 96 -0.09218 -1.60280e-04
 97  0.00942 -8.21230e-04 | 98  0.10445 -6.70443e-04 | 99 -0.27415  1.24696e-04
100 -0.10785  3.59014e-03 |101  0.17729 -1.18268e-02 |102 -0.17017  1.65764e-02
103 -0.09821 -1.85746e-03 |104 -0.24928  8.61731e-04 |105 -0.67567 -3.27052e-04
106 -0.30089 -1.30838e-03 |107  0.27527 -8.04480e-03 |108 -0.16119  7.01891e-03
109 -0.49538 -8.04978e-04 |110  0.20490 -3.86377e-05 |111 -0.16107  8.04522e-04
112  0.30767 -1.59181e-02 |113 -0.18281  1.28089e-02 |114 -0.25645 -3.65014e-04
115  0.24192 -7.58240e-03 |116 -0.09740  1.19306e-02 |117 -0.17654 -1.14867e-03
118 -0.14170 -2.57498e-03 |119 -0.32660  1.35854e-03 |120 -0.10701  5.56900e-04
121 -0.05696 -3.91984e-03 |122 -0.01332 -7.63093e-04 |123 -0.01115  2.35346e-05
124 -0.12969 -2.29950e-03 |125  0.42947 -8.11539e-04 |126 -0.16313  1.30256e-03
127  0.35330 -2.32980e-03 |128 -0.27496  4.53746e-03 |129 -0.02144 -3.15894e-02
130 -0.30371  1.50990e-02 |131  0.04246 -3.80754e-03 |132 -0.20642  2.38141e-03
  ic > imax  in fminim is answer attained ?
Var    Value     Gradient |Var    Value     Gradient |Var    Value     Gradient
  1 -0.20227  5.41409e-03 |  2  0.02467 -1.73237e-04 |  3 -0.07847 -9.79067e-06
  4  0.02960 -5.51227e-05 |  5 -0.41337  4.54866e-05 |  6 -0.00611  7.62238e-04
  7  0.09989  8.23271e-05 |  8 -0.08232  1.18921e-04 |  9  0.13633 -3.82336e-05
 10 -0.14966  2.31649e-05 | 11 -0.08538 -3.31816e-03 | 12  0.00836 -7.57580e-06
 13  0.00945  3.29009e-05 | 14  0.01069 -2.68977e-05 | 15  0.01213 -8.25633e-05
 16  0.01380 -5.97425e-05 | 17  0.01571 -2.56349e-05 | 18  0.01788  2.71124e-05
 19  0.02030  1.44681e-04 | 20  0.02300  6.27572e-05 | 21  0.02606 -1.65500e-04
 22  0.02955 -1.62828e-04 | 23  0.03344 -1.41544e-05 | 24  0.03753 -7.21100e-05
 25  0.04176 -6.04610e-05 | 26  0.04584  6.34082e-05 | 27  0.04919  4.54187e-05
 28  0.05121 -4.45098e-05 | 29  0.05158 -4.51725e-05 | 30  0.05112 -6.27668e-05
 31  0.05176 -7.39099e-05 | 32  0.05652 -6.11604e-05 | 33  0.06719 -1.16451e-04
 34  0.07729 -1.11145e-04 | 35  0.06443 -1.03308e-04 | 36  0.02667 -2.10191e-04
 37 -0.00879 -2.22367e-05 | 38 -0.03082 -9.88193e-05 | 39 -0.03331 -3.03675e-04
 40 -0.01002 -2.10327e-04 | 41  0.04615 -1.70585e-04 | 42  0.06812 -3.29510e-04
 43  0.04909 -4.10725e-04 | 44  0.13116 -5.78088e-04 | 45  0.02665 -2.55153e-04
 46 -0.00320 -4.67857e-04 | 47  0.06747 -4.54200e-04 | 48  0.00295 -4.54650e-04
 49  0.13973 -7.23427e-04 | 50 -0.04375 -2.67236e-04 | 51 -0.05457 -1.88738e-04
 52 -0.07503 -1.70393e-04 | 53  0.08571 -3.29744e-04 | 54 -0.04620 -1.28940e-04
 55 -0.12273 -8.29294e-05 | 56 -0.19242 -4.81361e-05 | 57 -0.15429 -6.13495e-05
 58  0.21319 -9.22040e-04 | 59 -0.17023 -5.06279e-05 | 60  0.01820 -1.17381e-04
 61  0.00056 -2.45275e-05 | 62  0.02933 -4.41210e-05 | 63  0.03368 -8.48272e-05
 64 -0.05232 -3.24518e-05 | 65  0.00571  1.17617e-05 | 66 -0.14176  8.63201e-06
 67  0.02528  2.21943e-04 | 68 -0.12736  6.03901e-05 | 69 -0.06137  2.67016e-05
 70 -0.14872 -2.55321e-06 | 71 -0.13366 -1.58921e-05 | 72 -0.10430 -2.18709e-05
 73  0.32809 -3.41458e-04 | 74 -0.18071  1.83477e-05 | 75  0.01870 -9.18750e-05
 76 -0.08474  2.57808e-05 | 77  0.09041  9.58983e-05 | 78 -0.10715  9.12183e-05
 79 -0.24480  4.85770e-05 | 80 -0.28825 -4.71724e-05 | 81 -0.07792  2.28091e-05
 82 -0.12075 -8.19117e-06 | 83  0.10211  3.69355e-05 | 84  0.15132  6.01775e-05
 85  0.00766  1.50527e-05 | 86  0.12479 -3.12365e-05 | 87  0.19183  3.32094e-06
 88 -0.02876  1.18465e-05 | 89  0.09051  8.65846e-05 | 90 -0.00421  3.08337e-05
 91 -0.04723 -7.10365e-06 | 92 -0.18503  3.08713e-05 | 93 -0.11191  4.42722e-05
 94 -0.03043  5.99987e-05 | 95  0.04116  9.99381e-05 | 96 -0.09218  2.44549e-05
 97  0.00943  2.70799e-05 | 98  0.10446 -1.05673e-05 | 99 -0.27415  2.08632e-05
100 -0.10789 -1.30342e-04 |101  0.17729 -6.11018e-04 |102 -0.17017  6.73629e-04
103 -0.09817 -1.06775e-04 |104 -0.24928 -5.09326e-05 |105 -0.67566  8.98128e-06
106 -0.30089  3.51910e-05 |107  0.27528 -4.04370e-04 |108 -0.16118  3.68538e-04
109 -0.49538 -1.24145e-04 |110  0.20489 -1.27836e-06 |111 -0.16108  8.77838e-06
112  0.30768 -1.05358e-03 |113 -0.18280  9.85775e-04 |114 -0.25645 -1.47698e-04
115  0.24192 -4.72878e-04 |116 -0.09740  7.75136e-04 |117 -0.17653 -6.72380e-05
118 -0.14170 -1.40774e-04 |119 -0.32660 -1.20026e-05 |120 -0.10702 -1.41674e-05
121 -0.05696 -2.57309e-04 |122 -0.01333 -5.51248e-05 |123 -0.01115  8.96277e-05
124 -0.12967 -2.54954e-05 |125  0.42947 -9.48337e-05 |126 -0.16313  8.15848e-05
127  0.35331 -1.60847e-04 |128 -0.27496  2.66046e-04 |129 -0.02143 -2.70895e-04
130 -0.30370  2.71452e-05 |131  0.04246 -2.31187e-04 |132 -0.20641  1.88560e-04
Function minimizer not making progress ... is minimum attained?
Minimprove criterion = 0.0000e+00

 - final statistics:
132 variables; iteration 138; function evaluation 183
Function value 2.5901e+03; maximum gradient component mag 5.4141e-03
Exit code = 1;  converg criter 1.0000e-04
Var    Value     Gradient |Var    Value     Gradient |Var    Value     Gradient
  1 -0.20227  5.41409e-03 |  2  0.02467 -1.73237e-04 |  3 -0.07847 -9.79067e-06
  4  0.02960 -5.51227e-05 |  5 -0.41337  4.54866e-05 |  6 -0.00611  7.62238e-04
  7  0.09989  8.23271e-05 |  8 -0.08232  1.18921e-04 |  9  0.13633 -3.82336e-05
 10 -0.14966  2.31649e-05 | 11 -0.08538 -3.31816e-03 | 12  0.00836 -7.57580e-06
 13  0.00945  3.29009e-05 | 14  0.01069 -2.68977e-05 | 15  0.01213 -8.25633e-05
 16  0.01380 -5.97425e-05 | 17  0.01571 -2.56349e-05 | 18  0.01788  2.71124e-05
 19  0.02030  1.44681e-04 | 20  0.02300  6.27572e-05 | 21  0.02606 -1.65500e-04
 22  0.02955 -1.62828e-04 | 23  0.03344 -1.41544e-05 | 24  0.03753 -7.21100e-05
 25  0.04176 -6.04610e-05 | 26  0.04584  6.34082e-05 | 27  0.04919  4.54187e-05
 28  0.05121 -4.45098e-05 | 29  0.05158 -4.51725e-05 | 30  0.05112 -6.27668e-05
 31  0.05176 -7.39099e-05 | 32  0.05652 -6.11604e-05 | 33  0.06719 -1.16451e-04
 34  0.07729 -1.11145e-04 | 35  0.06443 -1.03308e-04 | 36  0.02667 -2.10191e-04
 37 -0.00879 -2.22367e-05 | 38 -0.03082 -9.88193e-05 | 39 -0.03331 -3.03675e-04
 40 -0.01002 -2.10327e-04 | 41  0.04615 -1.70585e-04 | 42  0.06812 -3.29510e-04
 43  0.04909 -4.10725e-04 | 44  0.13116 -5.78088e-04 | 45  0.02665 -2.55153e-04
 46 -0.00320 -4.67857e-04 | 47  0.06747 -4.54200e-04 | 48  0.00295 -4.54650e-04
 49  0.13973 -7.23427e-04 | 50 -0.04375 -2.67236e-04 | 51 -0.05457 -1.88738e-04
 52 -0.07503 -1.70393e-04 | 53  0.08571 -3.29744e-04 | 54 -0.04620 -1.28940e-04
 55 -0.12273 -8.29294e-05 | 56 -0.19242 -4.81361e-05 | 57 -0.15429 -6.13495e-05
 58  0.21319 -9.22040e-04 | 59 -0.17023 -5.06279e-05 | 60  0.01820 -1.17381e-04
 61  0.00056 -2.45275e-05 | 62  0.02933 -4.41210e-05 | 63  0.03368 -8.48272e-05
 64 -0.05232 -3.24518e-05 | 65  0.00571  1.17617e-05 | 66 -0.14176  8.63201e-06
 67  0.02528  2.21943e-04 | 68 -0.12736  6.03901e-05 | 69 -0.06137  2.67016e-05
 70 -0.14872 -2.55321e-06 | 71 -0.13366 -1.58921e-05 | 72 -0.10430 -2.18709e-05
 73  0.32809 -3.41458e-04 | 74 -0.18071  1.83477e-05 | 75  0.01870 -9.18750e-05
 76 -0.08474  2.57808e-05 | 77  0.09041  9.58983e-05 | 78 -0.10715  9.12183e-05
 79 -0.24480  4.85770e-05 | 80 -0.28825 -4.71724e-05 | 81 -0.07792  2.28091e-05
 82 -0.12075 -8.19117e-06 | 83  0.10211  3.69355e-05 | 84  0.15132  6.01775e-05
 85  0.00766  1.50527e-05 | 86  0.12479 -3.12365e-05 | 87  0.19183  3.32094e-06
 88 -0.02876  1.18465e-05 | 89  0.09051  8.65846e-05 | 90 -0.00421  3.08337e-05
 91 -0.04723 -7.10365e-06 | 92 -0.18503  3.08713e-05 | 93 -0.11191  4.42722e-05
 94 -0.03043  5.99987e-05 | 95  0.04116  9.99381e-05 | 96 -0.09218  2.44549e-05
 97  0.00943  2.70799e-05 | 98  0.10446 -1.05673e-05 | 99 -0.27415  2.08632e-05
100 -0.10789 -1.30342e-04 |101  0.17729 -6.11018e-04 |102 -0.17017  6.73629e-04
103 -0.09817 -1.06775e-04 |104 -0.24928 -5.09326e-05 |105 -0.67566  8.98128e-06
106 -0.30089  3.51910e-05 |107  0.27528 -4.04370e-04 |108 -0.16118  3.68538e-04
109 -0.49538 -1.24145e-04 |110  0.20489 -1.27836e-06 |111 -0.16108  8.77838e-06
112  0.30768 -1.05358e-03 |113 -0.18280  9.85775e-04 |114 -0.25645 -1.47698e-04
115  0.24192 -4.72878e-04 |116 -0.09740  7.75136e-04 |117 -0.17653 -6.72380e-05
118 -0.14170 -1.40774e-04 |119 -0.32660 -1.20026e-05 |120 -0.10702 -1.41674e-05
121 -0.05696 -2.57309e-04 |122 -0.01333 -5.51248e-05 |123 -0.01115  8.96277e-05
124 -0.12967 -2.54954e-05 |125  0.42947 -9.48337e-05 |126 -0.16313  8.15848e-05
127  0.35331 -1.60847e-04 |128 -0.27496  2.66046e-04 |129 -0.02143 -2.70895e-04
130 -0.30370  2.71452e-05 |131  0.04246 -2.31187e-04 |132 -0.20641  1.88560e-04

Initial statistics: 144 variables; iteration 0; function evaluation 0; phase 6
Function value 2.5901056e+03; maximum gradient component mag 5.4141e-03
Var    Value     Gradient |Var    Value     Gradient |Var    Value     Gradient
  1 -0.20227  5.41409e-03 |  2  0.02467 -1.73237e-04 |  3 -0.07847 -9.79067e-06
  4  0.02960 -5.51227e-05 |  5 -0.41337  4.54866e-05 |  6 -0.00611  7.62238e-04
  7  0.09989  8.23271e-05 |  8 -0.08232  1.18921e-04 |  9  0.13633 -3.82336e-05
 10 -0.14966  2.31649e-05 | 11 -0.08538 -3.31816e-03 | 12  0.00836 -7.57580e-06
 13  0.00945  3.29009e-05 | 14  0.01069 -2.68977e-05 | 15  0.01213 -8.25633e-05
 16  0.01380 -5.97425e-05 | 17  0.01571 -2.56349e-05 | 18  0.01788  2.71124e-05
 19  0.02030  1.44681e-04 | 20  0.02300  6.27572e-05 | 21  0.02606 -1.65500e-04
 22  0.02955 -1.62828e-04 | 23  0.03344 -1.41544e-05 | 24  0.03753 -7.21100e-05
 25  0.04176 -6.04610e-05 | 26  0.04584  6.34082e-05 | 27  0.04919  4.54187e-05
 28  0.05121 -4.45098e-05 | 29  0.05158 -4.51725e-05 | 30  0.05112 -6.27668e-05
 31  0.05176 -7.39099e-05 | 32  0.05652 -6.11604e-05 | 33  0.06719 -1.16451e-04
 34  0.07729 -1.11145e-04 | 35  0.06443 -1.03308e-04 | 36  0.02667 -2.10191e-04
 37 -0.00879 -2.22367e-05 | 38 -0.03082 -9.88193e-05 | 39 -0.03331 -3.03675e-04
 40 -0.01002 -2.10327e-04 | 41  0.04615 -1.70585e-04 | 42  0.06812 -3.29510e-04
 43  0.04909 -4.10725e-04 | 44  0.13116 -5.78088e-04 | 45  0.02665 -2.55153e-04
 46 -0.00320 -4.67857e-04 | 47  0.06747 -4.54200e-04 | 48  0.00295 -4.54650e-04
 49  0.13973 -7.23427e-04 | 50 -0.04375 -2.67236e-04 | 51 -0.05457 -1.88738e-04
 52 -0.07503 -1.70393e-04 | 53  0.08571 -3.29744e-04 | 54 -0.04620 -1.28940e-04
 55 -0.12273 -8.29294e-05 | 56 -0.19242 -4.81361e-05 | 57 -0.15429 -6.13495e-05
 58  0.21319 -9.22040e-04 | 59 -0.17023 -5.06279e-05 | 60  0.01820 -1.17381e-04
 61  0.00056 -2.45275e-05 | 62  0.02933 -4.41210e-05 | 63  0.03368 -8.48272e-05
 64 -0.05232 -3.24518e-05 | 65  0.00571  1.17617e-05 | 66 -0.14176  8.63201e-06
 67  0.02528  2.21943e-04 | 68 -0.12736  6.03901e-05 | 69 -0.06137  2.67016e-05
 70 -0.14872 -2.55321e-06 | 71 -0.13366 -1.58921e-05 | 72 -0.10430 -2.18709e-05
 73  0.32809 -3.41458e-04 | 74 -0.18071  1.83477e-05 | 75  0.01870 -9.18750e-05
 76 -0.08474  2.57808e-05 | 77  0.09041  9.58983e-05 | 78 -0.10715  9.12183e-05
 79 -0.24480  4.85770e-05 | 80 -0.28825 -4.71724e-05 | 81 -0.07792  2.28091e-05
 82 -0.12075 -8.19117e-06 | 83  0.10211  3.69355e-05 | 84  0.15132  6.01775e-05
 85  0.00766  1.50527e-05 | 86  0.12479 -3.12365e-05 | 87  0.19183  3.32094e-06
 88 -0.02876  1.18465e-05 | 89  0.09051  8.65846e-05 | 90 -0.00421  3.08337e-05
 91 -0.04723 -7.10365e-06 | 92 -0.18503  3.08713e-05 | 93 -0.11191  4.42722e-05
 94 -0.03043  5.99987e-05 | 95  0.04116  9.99381e-05 | 96 -0.09218  2.44549e-05
 97  0.00943  2.70799e-05 | 98  0.10446 -1.05673e-05 | 99  0.00000  0.00000e+00
100  0.00000  0.00000e+00 |101  0.00000  0.00000e+00 |102  0.00000  0.00000e+00
103  0.00000  0.00000e+00 |104  0.00000  0.00000e+00 |105  0.00000  0.00000e+00
106  0.00000  0.00000e+00 |107  0.00000  0.00000e+00 |108  0.00000  0.00000e+00
109  0.00000  0.00000e+00 |110  0.00000  0.00000e+00 |111 -0.27415  2.08632e-05
112 -0.10789 -1.30342e-04 |113  0.17729 -6.11018e-04 |114 -0.17017  6.73629e-04
115 -0.09817 -1.06775e-04 |116 -0.24928 -5.09326e-05 |117 -0.67566  8.98128e-06
118 -0.30089  3.51910e-05 |119  0.27528 -4.04370e-04 |120 -0.16118  3.68538e-04
121 -0.49538 -1.24145e-04 |122  0.20489 -1.27836e-06 |123 -0.16108  8.77838e-06
124  0.30768 -1.05358e-03 |125 -0.18280  9.85775e-04 |126 -0.25645 -1.47698e-04
127  0.24192 -4.72878e-04 |128 -0.09740  7.75136e-04 |129 -0.17653 -6.72380e-05
130 -0.14170 -1.40774e-04 |131 -0.32660 -1.20026e-05 |132 -0.10702 -1.41674e-05
133 -0.05696 -2.57309e-04 |134 -0.01333 -5.51248e-05 |135 -0.01115  8.96277e-05
136 -0.12967 -2.54954e-05 |137  0.42947 -9.48337e-05 |138 -0.16313  8.15848e-05
139  0.35331 -1.60847e-04 |140 -0.27496  2.66046e-04 |141 -0.02143 -2.70895e-04
142 -0.30370  2.71452e-05 |143  0.04246 -2.31187e-04 |144 -0.20641  1.88560e-04
  ic > imax  in fminim is answer attained ?
Var    Value     Gradient |Var    Value     Gradient |Var    Value     Gradient
  1 -0.20227  7.51425e-05 |  2  0.02467 -4.59199e-05 |  3 -0.07847 -1.32890e-05
  4  0.02960 -1.70684e-05 |  5 -0.41337  2.30300e-05 |  6 -0.00611  1.33173e-04
  7  0.09989 -3.29225e-04 |  8 -0.08232 -1.41132e-05 |  9  0.13633 -3.89342e-05
 10 -0.14966  1.62581e-06 | 11 -0.08538  4.36413e-04 | 12  0.00836 -5.69362e-07
 13  0.00945  4.06383e-05 | 14  0.01069 -1.78180e-05 | 15  0.01213 -7.19926e-05
 16  0.01380 -4.78405e-05 | 17  0.01571 -1.22333e-05 | 18  0.01788  4.21515e-05
 19  0.02030  1.61322e-04 | 20  0.02300  8.21617e-05 | 21  0.02606 -1.42332e-04
 22  0.02955 -1.36354e-04 | 23  0.03344  1.56931e-05 | 24  0.03753 -3.73753e-05
 25  0.04176 -2.02852e-05 | 26  0.04584  1.09552e-04 | 27  0.04919  9.89544e-05
 28  0.05121  1.74447e-05 | 29  0.05158  2.56117e-05 | 30  0.05112  1.79106e-05
 31  0.05176  1.89061e-05 | 32  0.05652  4.90315e-05 | 33  0.06719  2.05713e-05
 34  0.07729  5.80820e-05 | 35  0.06443  7.15876e-05 | 36  0.02667 -6.26547e-05
 37 -0.00879  1.00742e-04 | 38 -0.03082  1.56513e-05 | 39 -0.03331 -1.79386e-04
 40 -0.01002 -4.91491e-05 | 41  0.04615  9.85662e-05 | 42  0.06812  1.33141e-05
 43  0.04909 -9.28587e-05 | 44  0.13116  5.39874e-05 | 45  0.02665  4.91977e-05
 46 -0.00320 -2.14059e-04 | 47  0.06747  3.14598e-06 | 48  0.00295 -1.62008e-04
 49  0.13973  1.39228e-04 | 50 -0.04375 -5.04627e-05 | 51 -0.05457  1.78272e-06
 52 -0.07503 -2.39730e-05 | 53  0.08571  1.46601e-04 | 54 -0.04620  4.95815e-05
 55 -0.12273  1.88028e-05 | 56 -0.19242  9.86926e-06 | 57 -0.15429  9.66565e-06
 58  0.21319  2.07886e-04 | 59 -0.17023  8.23825e-06 | 60  0.01820  9.72987e-05
 61  0.00056  1.08879e-04 | 62  0.02933  6.56817e-05 | 63  0.03368  7.32757e-06
 64 -0.05232  1.61395e-06 | 65  0.00571  3.62978e-05 | 66 -0.14176  3.60169e-06
 67  0.02528  1.53206e-04 | 68 -0.12736  3.98921e-05 | 69 -0.06137  4.94565e-07
 70 -0.14872 -1.21305e-05 | 71 -0.13366 -2.33043e-05 | 72 -0.10430 -1.63044e-05
 73  0.32809 -1.80623e-05 | 74 -0.18071  2.63868e-05 | 75  0.01870 -5.74455e-05
 76 -0.08474  2.21924e-05 | 77  0.09041  6.84319e-06 | 78 -0.10715  6.32756e-05
 79 -0.24480  3.83456e-05 | 80 -0.28825 -5.20464e-05 | 81 -0.07792 -1.00836e-05
 82 -0.12075 -2.24300e-05 | 83  0.10211 -2.47991e-05 | 84  0.15132 -1.46094e-05
 85  0.00766 -9.22750e-06 | 86  0.12479 -7.22189e-05 | 87  0.19183 -6.36749e-05
 88 -0.02876 -4.14996e-06 | 89  0.09051  3.13118e-05 | 90 -0.00421 -2.13539e-06
 91 -0.04723 -3.27179e-05 | 92 -0.18503  1.83072e-05 | 93 -0.11191  1.59741e-05
 94 -0.03043  7.97158e-06 | 95  0.04115  3.31483e-05 | 96 -0.09218  1.34803e-05
 97  0.00943  1.99180e-05 | 98  0.10446 -1.26246e-05 | 99  0.00000  0.00000e+00
100  0.00000  0.00000e+00 |101  0.00000  0.00000e+00 |102  0.00000  0.00000e+00
103  0.00000  0.00000e+00 |104  0.00000  0.00000e+00 |105  0.00000  0.00000e+00
106  0.00000  0.00000e+00 |107  0.00000  0.00000e+00 |108  0.00000  0.00000e+00
109  0.00000  0.00000e+00 |110  0.00000  0.00000e+00 |111 -0.27415  1.34226e-05
112 -0.10789 -1.30224e-04 |113  0.17729 -1.24961e-04 |114 -0.17017  2.61662e-05
115 -0.09817 -6.04626e-05 |116 -0.24928 -3.02798e-05 |117 -0.67566  6.51578e-06
118 -0.30089  4.88443e-05 |119  0.27528 -6.28301e-05 |120 -0.16118 -1.59077e-05
121 -0.49538 -6.58215e-05 |122  0.20489  9.77457e-06 |123 -0.16108 -5.48102e-06
124  0.30768 -3.18967e-04 |125 -0.18280 -1.14714e-04 |126 -0.25645 -1.11231e-04
127  0.24192 -5.64864e-05 |128 -0.09740 -2.07291e-05 |129 -0.17653 -2.32098e-05
130 -0.14170  6.67119e-06 |131 -0.32660 -6.05445e-05 |132 -0.10702  9.30922e-06
133 -0.05696 -3.11185e-05 |134 -0.01333  1.04133e-05 |135 -0.01115  6.06104e-05
136 -0.12967 -1.39456e-05 |137  0.42947 -4.57619e-05 |138 -0.16313  1.75090e-05
139  0.35331 -5.61517e-05 |140 -0.27496  1.35286e-05 |141 -0.02143 -4.30119e-04
142 -0.30370  2.18479e-04 |143  0.04246 -7.93319e-05 |144 -0.20641  7.05938e-05
Function minimizer not making progress ... is minimum attained?
Minimprove criterion = 0.0000e+00

 - final statistics:
144 variables; iteration 3; function evaluation 34
Function value 2.5901e+03; maximum gradient component mag 4.3641e-04
Exit code = 1;  converg criter 1.0000e-04
Var    Value     Gradient |Var    Value     Gradient |Var    Value     Gradient
  1 -0.20227  7.51425e-05 |  2  0.02467 -4.59199e-05 |  3 -0.07847 -1.32890e-05
  4  0.02960 -1.70684e-05 |  5 -0.41337  2.30300e-05 |  6 -0.00611  1.33173e-04
  7  0.09989 -3.29225e-04 |  8 -0.08232 -1.41132e-05 |  9  0.13633 -3.89342e-05
 10 -0.14966  1.62581e-06 | 11 -0.08538  4.36413e-04 | 12  0.00836 -5.69362e-07
 13  0.00945  4.06383e-05 | 14  0.01069 -1.78180e-05 | 15  0.01213 -7.19926e-05
 16  0.01380 -4.78405e-05 | 17  0.01571 -1.22333e-05 | 18  0.01788  4.21515e-05
 19  0.02030  1.61322e-04 | 20  0.02300  8.21617e-05 | 21  0.02606 -1.42332e-04
 22  0.02955 -1.36354e-04 | 23  0.03344  1.56931e-05 | 24  0.03753 -3.73753e-05
 25  0.04176 -2.02852e-05 | 26  0.04584  1.09552e-04 | 27  0.04919  9.89544e-05
 28  0.05121  1.74447e-05 | 29  0.05158  2.56117e-05 | 30  0.05112  1.79106e-05
 31  0.05176  1.89061e-05 | 32  0.05652  4.90315e-05 | 33  0.06719  2.05713e-05
 34  0.07729  5.80820e-05 | 35  0.06443  7.15876e-05 | 36  0.02667 -6.26547e-05
 37 -0.00879  1.00742e-04 | 38 -0.03082  1.56513e-05 | 39 -0.03331 -1.79386e-04
 40 -0.01002 -4.91491e-05 | 41  0.04615  9.85662e-05 | 42  0.06812  1.33141e-05
 43  0.04909 -9.28587e-05 | 44  0.13116  5.39874e-05 | 45  0.02665  4.91977e-05
 46 -0.00320 -2.14059e-04 | 47  0.06747  3.14598e-06 | 48  0.00295 -1.62008e-04
 49  0.13973  1.39228e-04 | 50 -0.04375 -5.04627e-05 | 51 -0.05457  1.78272e-06
 52 -0.07503 -2.39730e-05 | 53  0.08571  1.46601e-04 | 54 -0.04620  4.95815e-05
 55 -0.12273  1.88028e-05 | 56 -0.19242  9.86926e-06 | 57 -0.15429  9.66565e-06
 58  0.21319  2.07886e-04 | 59 -0.17023  8.23825e-06 | 60  0.01820  9.72987e-05
 61  0.00056  1.08879e-04 | 62  0.02933  6.56817e-05 | 63  0.03368  7.32757e-06
 64 -0.05232  1.61395e-06 | 65  0.00571  3.62978e-05 | 66 -0.14176  3.60169e-06
 67  0.02528  1.53206e-04 | 68 -0.12736  3.98921e-05 | 69 -0.06137  4.94565e-07
 70 -0.14872 -1.21305e-05 | 71 -0.13366 -2.33043e-05 | 72 -0.10430 -1.63044e-05
 73  0.32809 -1.80623e-05 | 74 -0.18071  2.63868e-05 | 75  0.01870 -5.74455e-05
 76 -0.08474  2.21924e-05 | 77  0.09041  6.84319e-06 | 78 -0.10715  6.32756e-05
 79 -0.24480  3.83456e-05 | 80 -0.28825 -5.20464e-05 | 81 -0.07792 -1.00836e-05
 82 -0.12075 -2.24300e-05 | 83  0.10211 -2.47991e-05 | 84  0.15132 -1.46094e-05
 85  0.00766 -9.22750e-06 | 86  0.12479 -7.22189e-05 | 87  0.19183 -6.36749e-05
 88 -0.02876 -4.14996e-06 | 89  0.09051  3.13118e-05 | 90 -0.00421 -2.13539e-06
 91 -0.04723 -3.27179e-05 | 92 -0.18503  1.83072e-05 | 93 -0.11191  1.59741e-05
 94 -0.03043  7.97158e-06 | 95  0.04115  3.31483e-05 | 96 -0.09218  1.34803e-05
 97  0.00943  1.99180e-05 | 98  0.10446 -1.26246e-05 | 99  0.00000  0.00000e+00
100  0.00000  0.00000e+00 |101  0.00000  0.00000e+00 |102  0.00000  0.00000e+00
103  0.00000  0.00000e+00 |104  0.00000  0.00000e+00 |105  0.00000  0.00000e+00
106  0.00000  0.00000e+00 |107  0.00000  0.00000e+00 |108  0.00000  0.00000e+00
109  0.00000  0.00000e+00 |110  0.00000  0.00000e+00 |111 -0.27415  1.34226e-05
112 -0.10789 -1.30224e-04 |113  0.17729 -1.24961e-04 |114 -0.17017  2.61662e-05
115 -0.09817 -6.04626e-05 |116 -0.24928 -3.02798e-05 |117 -0.67566  6.51578e-06
118 -0.30089  4.88443e-05 |119  0.27528 -6.28301e-05 |120 -0.16118 -1.59077e-05
121 -0.49538 -6.58215e-05 |122  0.20489  9.77457e-06 |123 -0.16108 -5.48102e-06
124  0.30768 -3.18967e-04 |125 -0.18280 -1.14714e-04 |126 -0.25645 -1.11231e-04
127  0.24192 -5.64864e-05 |128 -0.09740 -2.07291e-05 |129 -0.17653 -2.32098e-05
130 -0.14170  6.67119e-06 |131 -0.32660 -6.05445e-05 |132 -0.10702  9.30922e-06
133 -0.05696 -3.11185e-05 |134 -0.01333  1.04133e-05 |135 -0.01115  6.06104e-05
136 -0.12967 -1.39456e-05 |137  0.42947 -4.57619e-05 |138 -0.16313  1.75090e-05
139  0.35331 -5.61517e-05 |140 -0.27496  1.35286e-05 |141 -0.02143 -4.30119e-04
142 -0.30370  2.18479e-04 |143  0.04246 -7.93319e-05 |144 -0.20641  7.05938e-05
size of file gradfil1.tmp = 0
size of file gradfil2.tmp = 0
size of file varssave.tmp = 0
size of file cmpdiff.tmp = 200000008
