
Initial statistics: 2 variables; iteration 0; function evaluation 0; phase 1
Function value 3.7960023e+03; maximum gradient component mag -9.0875e+01
Var    Value     Gradient |Var    Value     Gradient |Var    Value     Gradient
  1  0.40967  8.08286e+01 |  2 -0.26198 -9.08748e+01 |

 - final statistics:
2 variables; iteration 5; function evaluation 16
Function value 3.7382e+03; maximum gradient component mag -8.6136e+00
Exit code = 1;  converg criter 1.0000e+01
Var    Value     Gradient |Var    Value     Gradient |Var    Value     Gradient
  1  0.02100 -8.61358e+00 |  2 -0.24275 -2.46134e+00 |

Initial statistics: 11 variables; iteration 0; function evaluation 0; phase 2
Function value 3.7381975e+03; maximum gradient component mag -8.0684e+02
Var    Value     Gradient |Var    Value     Gradient |Var    Value     Gradient
  1 -0.22556 -4.29887e+01 |  2  0.00000 -3.67220e+02 |  3 -0.12819 -3.37018e+02
  4  0.03352  9.10393e+01 |  5 -0.28197  1.27975e+02 |  6  0.00000 -1.57030e+02
  7  0.11199 -8.06836e+02 |  8 -0.16086 -2.10905e+02 |  9  0.00000 -3.58112e+01
 10  0.02100 -8.61358e+00 | 11 -0.24275 -2.46134e+00 |

 - final statistics:
11 variables; iteration 18; function evaluation 29
Function value 3.6875e+03; maximum gradient component mag 8.4098e+00
Exit code = 1;  converg criter 1.0000e+01
Var    Value     Gradient |Var    Value     Gradient |Var    Value     Gradient
  1 -0.26930  1.82127e+00 |  2  0.05785  9.64769e-01 |  3 -0.08044  2.69289e+00
  4 -0.02983  1.98439e+00 |  5 -0.45596  6.79031e-01 |  6  0.09435  1.44675e+00
  7  0.13077  8.40980e+00 |  8 -0.20634  3.39225e+00 |  9  0.20203 -7.57525e-01
 10 -0.03702 -9.09606e-01 | 11 -0.25451  7.24797e-01 |

Initial statistics: 37 variables; iteration 0; function evaluation 0; phase 3
Function value 3.6875280e+03; maximum gradient component mag 1.5343e+03
Var    Value     Gradient |Var    Value     Gradient |Var    Value     Gradient
  1 -0.26930  1.82127e+00 |  2  0.05785  9.64769e-01 |  3 -0.08044  2.69289e+00
  4 -0.02983  1.98439e+00 |  5 -0.45596  6.79031e-01 |  6  0.09435  1.44675e+00
  7  0.13077  8.40980e+00 |  8 -0.20634  3.39225e+00 |  9  0.20203 -7.57525e-01
 10 -0.03702 -9.09606e-01 | 11 -0.25451  7.24797e-01 | 12 -0.11760 -4.12662e+02
 13 -0.33425  1.84312e+02 | 14 -0.10028  8.45744e+02 | 15  0.25350  4.56647e+02
 16 -0.21710 -7.82046e+02 | 17 -0.11760 -4.89233e+01 | 18 -0.33425  2.06062e+01
 19 -0.11760 -3.69760e+02 | 20 -0.33425  1.58900e+02 | 21 -0.11760 -9.02864e+01
 22 -0.33425 -1.94707e+01 | 23  0.02302  1.53430e+03 | 24 -0.31415 -1.08645e+03
 25  0.53959  1.39948e+01 | 26 -0.62714  1.80281e-03 | 27  0.00000  6.06573e+02
 28 -0.21635 -3.60747e+02 | 29  0.16024  8.42947e+01 | 30 -0.12294 -5.45215e+01
 31 -0.16953  3.27952e+01 | 32 -0.10028 -1.14340e+02 | 33 -0.34608  9.49601e+01
 34 -0.03900  2.10585e+02 | 35 -0.33425 -1.24921e+02 | 36  0.02302 -3.51744e+01
 37 -0.16953  4.29666e+01 |

Intermediate statistics: 37 variables; iteration 20; function evaluation 29; phase 3
Function value 3.2341713e+03; maximum gradient component mag 1.4601e+03
Var    Value     Gradient |Var    Value     Gradient |Var    Value     Gradient
  1 -0.13246  1.46011e+03 |  2 -0.03744 -2.82224e+02 |  3 -0.07044 -1.78130e+02
  4 -0.05990 -7.93373e+01 |  5 -0.30988 -2.62848e+01 |  6 -0.11612  1.02972e+02
  7  0.09064 -6.51760e+02 |  8 -0.03874 -1.04944e+02 |  9 -0.03791 -6.90212e+01
 10  0.02370 -1.17133e+03 | 11 -0.23747  2.67430e+01 | 12  0.37552  2.23932e+01
 13 -0.12501 -2.37539e+01 | 14 -0.22305  1.16999e+02 | 15  0.27129 -6.66701e+01
 16 -0.16569  8.52704e+01 | 17  0.16349  2.07695e+01 | 18 -0.23412 -3.56551e+01
 19  0.49196 -6.45451e+01 | 20 -0.12801  3.18584e+02 | 21  0.32852 -9.85283e+01
 22 -0.08882  2.44887e+02 | 23 -0.37307 -3.17833e+02 | 24 -0.76176  2.13518e+01
 25  0.47289 -2.51200e+01 | 26 -0.62710 -1.07729e-02 | 27  0.02756 -3.11964e+00
 28  0.03261 -6.07567e+00 | 29 -0.19274 -8.36515e+00 | 30  0.48042  4.16098e+00
 31 -0.16724 -1.04017e+01 | 32  0.39845 -5.24330e+01 | 33 -0.27082  1.55207e+02
 34  0.03760 -9.76042e+01 | 35 -0.25989  3.93172e+01 | 36  0.02578 -3.76187e+01
 37 -0.22002  1.64108e+01 |
37 variables; iteration 40; function evaluation 53; phase 3
Function value 3.1781862e+03; maximum gradient component mag -1.0487e+02
Var    Value     Gradient |Var    Value     Gradient |Var    Value     Gradient
  1 -0.23804 -1.04867e+02 |  2 -0.01236  3.11084e+01 |  3 -0.05276  2.49629e+01
  4 -0.05526  1.47781e+01 |  5 -0.36177  2.07408e+00 |  6 -0.00362 -1.94390e+00
  7  0.11554  9.22495e+01 |  8 -0.09702  1.69460e+01 |  9  0.00001  3.05762e-01
 10 -0.05248  8.60518e+01 | 11 -0.26644  7.41494e+00 | 12  0.26763  2.04844e+01
 13 -0.14562 -2.53685e+01 | 14 -0.25694  1.26325e+01 | 15  0.28307  1.52882e+01
 16 -0.15587 -4.25095e+01 | 17  0.20370  9.49135e+00 | 18 -0.17713 -1.27209e+01
 19  0.37844  1.64220e+01 | 20 -0.16499 -1.70130e+01 | 21  0.32153  5.78452e+00
 22 -0.08689 -4.09170e+01 | 23 -0.26756  5.16771e+00 | 24 -0.61636 -1.26445e+01
 25  0.39377  3.08049e+00 | 26 -0.61143 -4.07554e-03 | 27 -0.02215 -1.19260e+00
 28 -0.00587 -2.76696e+00 | 29 -0.10366 -9.32763e-01 | 30  0.42542  4.90381e-01
 31 -0.16998 -8.27116e-01 | 32  0.34291 -1.14146e+01 | 33 -0.29535 -2.08834e-01
 34  0.02318 -3.27491e+01 | 35 -0.25999  9.64467e+00 | 36  0.03271 -3.92627e+00
 37 -0.19863  4.53869e+00 |
37 variables; iteration 60; function evaluation 76; phase 3
Function value 3.1725173e+03; maximum gradient component mag 1.3192e+01
Var    Value     Gradient |Var    Value     Gradient |Var    Value     Gradient
  1 -0.22842  4.01444e+00 |  2 -0.01116 -6.40800e-01 |  3 -0.06044 -6.28906e-01
  4 -0.06164 -8.35927e-01 |  5 -0.35656  4.36113e-02 |  6 -0.01304 -7.21805e-01
  7  0.10987 -2.25224e+00 |  8 -0.08392 -9.43071e-01 |  9  0.00202  2.41150e-02
 10 -0.04442 -4.59844e+00 | 11 -0.27264  3.68438e-01 | 12  0.24113 -9.36147e+00
 13 -0.15651  1.31918e+01 | 14 -0.26167  2.84058e+00 | 15  0.29024 -4.86705e+00
 16 -0.14982  6.77602e+00 | 17  0.14956  2.39402e-01 | 18 -0.20730 -4.19855e+00
 19  0.35309 -7.60507e-01 | 20 -0.17643 -1.13251e+00 | 21  0.35954 -1.15440e-01
 22 -0.07625 -9.90369e-02 | 23 -0.17573  5.31805e+00 | 24 -0.35258  8.55946e-01
 25  0.18300  4.43092e+00 | 26 -0.05824 -1.34581e+00 | 27 -0.01083  1.46578e+00
 28  0.00910 -5.81670e-01 | 29 -0.11617  1.63850e-01 | 30  0.42535 -3.13210e+00
 31 -0.16857  4.59754e+00 | 32  0.53411 -1.19171e+00 | 33 -0.24926  2.60023e+00
 34  0.06837 -7.27238e+00 | 35 -0.22273  4.97223e+00 | 36  0.03508 -1.82927e+00
 37 -0.20038  1.43108e+00 |

 - final statistics:
37 variables; iteration 78; function evaluation 94
Function value 3.1698e+03; maximum gradient component mag -8.4064e-01
Exit code = 1;  converg criter 1.0000e+00
Var    Value     Gradient |Var    Value     Gradient |Var    Value     Gradient
  1 -0.22535  6.51266e-01 |  2 -0.01919 -2.20217e-01 |  3 -0.05618 -1.60094e-01
  4 -0.06293 -1.02128e-01 |  5 -0.35488 -2.89003e-02 |  6 -0.02641 -1.00338e-01
  7  0.11107 -6.58929e-01 |  8 -0.08150 -7.54186e-02 |  9 -0.00135  1.35607e-02
 10 -0.04343 -8.40643e-01 | 11 -0.27284 -8.25631e-03 | 12  0.25901 -5.12532e-01
 13 -0.15097  6.87595e-01 | 14 -0.26356 -3.58047e-01 | 15  0.30048 -9.13416e-02
 16 -0.14757  1.82390e-01 | 17  0.18136  1.16464e-01 | 18 -0.18437 -3.17397e-01
 19  0.36336 -9.91372e-02 | 20 -0.17392  2.29137e-01 | 21  0.37392 -2.18327e-01
 22 -0.07372  3.65397e-01 | 23 -0.13683 -8.15365e-02 | 24 -0.30870  1.78981e-01
 25 -0.18362 -5.34554e-02 | 26 -0.02405  1.43222e-01 | 27 -0.01436  7.49892e-02
 28  0.00704 -3.10132e-02 | 29 -0.10995  2.17167e-02 | 30  0.44032  3.88809e-01
 31 -0.16592 -2.50789e-01 | 32  0.62441 -4.59581e-01 | 33 -0.23757  6.39284e-01
 34  0.08079 -1.95125e-01 | 35 -0.21402  1.64411e-01 | 36  0.03722 -8.40383e-02
 37 -0.19909  6.36014e-02 |

Initial statistics: 94 variables; iteration 0; function evaluation 0; phase 4
Function value 3.1698017e+03; maximum gradient component mag -5.8261e+02
Var    Value     Gradient |Var    Value     Gradient |Var    Value     Gradient
  1 -0.22535  6.51266e-01 |  2 -0.01919 -2.20217e-01 |  3 -0.05618 -1.60094e-01
  4 -0.06293 -1.02128e-01 |  5 -0.35488 -2.89003e-02 |  6 -0.02641 -1.00338e-01
  7  0.11107 -6.58929e-01 |  8 -0.08150 -7.54186e-02 |  9 -0.00135  1.35607e-02
 10 -0.04343 -8.40643e-01 | 11  0.00000 -1.89960e+01 | 12  0.00000 -2.72248e+01
 13  0.00000 -3.13625e+01 | 14  0.00000 -2.33104e+01 | 15  0.00000 -1.37691e+01
 16  0.00000 -2.00302e+01 | 17  0.00000 -3.56383e+01 | 18  0.00000 -4.55635e+01
 19  0.00000  2.86140e+01 | 20  0.00000  1.02625e+02 | 21  0.00000  7.43008e+01
 22  0.00000 -2.03495e+01 | 23  0.00000  8.82501e+01 | 24  0.00000  1.81136e+02
 25  0.00000  1.80678e+02 | 26  0.00000 -4.91802e+01 | 27  0.00000 -3.54089e+02
 28  0.00000 -3.14885e+01 | 29  0.00000  1.90510e+01 | 30  0.00000  1.62770e+01
 31  0.00000 -2.02706e+01 | 32  0.00000 -1.68595e+01 | 33  0.00000  3.59544e+01
 34  0.00000  4.27312e+01 | 35  0.00000  6.82036e+01 | 36  0.00000  1.52836e+01
 37  0.00000  9.28774e+01 | 38  0.00000  1.04399e+02 | 39  0.00000  1.57728e+02
 40  0.00000  1.41314e+02 | 41  0.00000 -1.70589e+02 | 42  0.00000 -5.82607e+02
 43  0.00000 -9.60417e+01 | 44  0.00000  3.60300e+01 | 45  0.00000  7.96906e+01
 46  0.00000 -5.66278e+01 | 47  0.00000  1.22507e+02 | 48  0.00000  1.98721e+02
 49  0.00000  2.14377e+02 | 50  0.00000  1.26159e+02 | 51  0.00000  1.03796e+02
 52  0.00000 -1.01979e+02 | 53  0.00000 -1.81793e+02 | 54  0.00000 -2.54691e+01
 55  0.00000 -1.37279e+02 | 56  0.00000 -2.32948e+02 | 57  0.00000 -4.80847e+01
 58  0.00000 -9.14480e+01 | 59  0.00000  1.34298e+01 | 60  0.00000  4.21385e+01
 61  0.00000  9.60662e+01 | 62  0.00000  7.62896e+01 | 63  0.00000  2.04374e+01
 64  0.00000 -3.62405e+01 | 65  0.00000  2.62867e+01 | 66  0.00000 -1.26694e+01
 67  0.00000 -2.34431e+01 | 68 -0.27284 -8.25631e-03 | 69  0.25901 -5.12532e-01
 70 -0.15097  6.87595e-01 | 71 -0.26356 -3.58047e-01 | 72  0.30048 -9.13416e-02
 73 -0.14757  1.82390e-01 | 74  0.18136  1.16464e-01 | 75 -0.18437 -3.17397e-01
 76  0.36336 -9.91372e-02 | 77 -0.17392  2.29137e-01 | 78  0.37392 -2.18327e-01
 79 -0.07372  3.65397e-01 | 80 -0.13683 -8.15365e-02 | 81 -0.30870  1.78981e-01
 82 -0.18362 -5.34554e-02 | 83 -0.02405  1.43222e-01 | 84 -0.01436  7.49892e-02
 85  0.00704 -3.10132e-02 | 86 -0.10995  2.17167e-02 | 87  0.44032  3.88809e-01
 88 -0.16592 -2.50789e-01 | 89  0.62441 -4.59581e-01 | 90 -0.23757  6.39284e-01
 91  0.08079 -1.95125e-01 | 92 -0.21402  1.64411e-01 | 93  0.03722 -8.40383e-02
 94 -0.19909  6.36014e-02 |

Intermediate statistics: 94 variables; iteration 20; function evaluation 32; phase 4
Function value 2.7182588e+03; maximum gradient component mag 6.7704e+02
Var    Value     Gradient |Var    Value     Gradient |Var    Value     Gradient
  1 -0.33576 -6.72859e+02 |  2 -0.00635  1.19936e+02 |  3 -0.02622  9.58092e+01
  4 -0.00798  7.37746e+01 |  5 -0.40218  3.53286e+01 |  6  0.07577 -9.16673e+01
  7  0.12046  1.10045e+02 |  8 -0.13604  2.41785e+01 |  9  0.17125  2.82367e+01
 10 -0.21426  6.77035e+02 | 11  0.05193  1.02422e+01 | 12  0.06765  9.98787e+00
 13  0.07395  1.04312e+01 | 14  0.05689  1.50899e+01 | 15  0.04246  2.13475e+01
 16  0.04926  2.30596e+01 | 17  0.05871  1.99584e+01 | 18  0.08724  1.29859e+01
 19  0.02431  3.31863e+01 | 20 -0.02386  4.28185e+01 | 21 -0.00087  4.39824e+01
 22  0.09017  3.36911e+01 | 23  0.00724  5.11430e+01 | 24 -0.06271  5.83057e+01
 25 -0.08010  6.25337e+01 | 26  0.01906  7.70833e+01 | 27  0.22262 -3.19760e+01
 28  0.02275  5.33660e+01 | 29  0.02940  2.27243e+01 | 30  0.02946  7.40820e+00
 31  0.05039 -5.34968e+00 | 32  0.04843 -1.39546e+00 | 33 -0.00568  9.41204e+00
 34  0.01003  1.28584e+01 | 35 -0.09085  5.88302e+00 | 36  0.02777  6.90765e+00
 37 -0.11224 -3.36894e-01 | 38 -0.06848 -1.90223e+00 | 39 -0.15450 -7.14855e+00
 40 -0.14626 -2.89204e+00 | 41 -0.43938 -3.56065e+01 | 42  0.37779 -8.80954e+01
 43 -0.17302 -3.06928e+01 | 44  0.02936 -3.30074e+00 | 45 -0.07233 -1.10937e+01
 46  0.08104 -4.25757e+01 | 47 -0.11069 -6.62623e+00 | 48 -0.27510 -8.07660e+00
 49 -0.33990 -7.82686e+00 | 50 -0.11830 -7.16088e+00 | 51 -0.14508 -1.31208e+01
 52  0.07258 -4.45523e+01 | 53  0.12991 -7.00348e+01 | 54 -0.02205 -2.87870e+01
 55  0.11239 -5.04890e+01 | 56  0.20234 -8.58582e+01 | 57 -0.03323 -3.37724e+01
 58  0.11106 -3.27264e+01 | 59  0.01534 -1.68678e+01 | 60 -0.01012 -1.14674e+01
 61 -0.15341 -1.13113e+01 | 62 -0.10123 -9.35188e+00 | 63  0.01362 -5.91981e+00
 64  0.09932 -1.01720e+01 | 65 -0.03205 -1.31627e+01 | 66  0.14466 -1.07353e+01
 67  0.27534 -1.58651e+01 | 68 -0.28861 -3.42001e+00 | 69  0.15592  6.39063e+01
 70 -0.19091 -1.17840e+02 | 71 -0.26453  1.75834e+00 | 72  0.28212 -4.23273e+01
 73 -0.13474  1.12373e+02 | 74  0.19752  4.31443e+00 | 75 -0.16623 -6.23544e+00
 76  0.34749  8.75900e+01 | 77 -0.18270 -1.98681e+02 | 78  0.27478 -3.33332e+01
 79 -0.07251  1.21338e+02 | 80 -0.13687 -4.96228e+01 | 81 -0.30299  2.26825e+01
 82 -0.14589 -9.32191e+00 | 83 -0.06104 -2.44973e+00 | 84 -0.01773  1.01253e+01
 85 -0.02169 -7.39136e+00 | 86 -0.12686  1.61923e+00 | 87  0.44813  7.74316e+00
 88 -0.16269 -1.19205e+01 | 89  0.61122 -3.27934e+00 | 90 -0.21626  3.30202e+01
 91 -0.04608 -2.12741e+02 | 92 -0.30898  1.31316e+02 | 93  0.03119 -7.97505e-01
 94 -0.20074  3.61576e+00 |
94 variables; iteration 40; function evaluation 53; phase 4
Function value 2.6926752e+03; maximum gradient component mag 6.5618e+02
Var    Value     Gradient |Var    Value     Gradient |Var    Value     Gradient
  1 -0.32677 -5.70388e+02 |  2 -0.01630  3.70360e+01 |  3 -0.05619  3.94226e+00
  4 -0.02235  3.22525e+00 |  5 -0.41379 -8.46804e-01 |  6  0.07944 -7.38685e+01
  7  0.12235  1.62995e+02 |  8 -0.13060  1.86127e+01 |  9  0.18660  3.57213e+01
 10 -0.21216  6.56182e+02 | 11  0.06318  9.61512e+00 | 12  0.08988  1.46119e+01
 13  0.09993  1.83805e+01 | 14  0.06244  1.63313e+01 | 15  0.02519  1.19055e+01
 16  0.03457  1.26633e+01 | 17  0.05571  1.99662e+01 | 18  0.12004  3.50042e+01
 19  0.00338  2.09899e+01 | 20 -0.06216  1.21365e+01 | 21 -0.03690  1.32355e+01
 22  0.10787  4.94807e+01 | 23 -0.00703  2.85681e+01 | 24 -0.10809  1.53414e+01
 25 -0.14077  1.49749e+01 | 26 -0.07090  1.94867e+01 | 27  0.27303  1.37436e+02
 28 -0.05950  1.77700e+01 | 29  0.02796  1.24120e+01 | 30  0.03396  1.84916e+01
 31  0.07501  4.35709e+01 | 32  0.07246  4.97744e+01 | 33 -0.01280  2.06599e+01
 34  0.00861  1.92699e+01 | 35 -0.11915 -2.13923e+00 | 36  0.03112  1.00245e+01
 37 -0.13723 -1.01696e+01 | 38 -0.08253 -1.28242e+01 | 39 -0.15644 -1.02082e+01
 40 -0.14469 -4.16985e+00 | 41 -0.41245 -3.70595e+01 | 42  0.41092  6.87539e+00
 43 -0.15631 -3.07437e+01 | 44  0.03147 -1.42763e+01 | 45 -0.06348 -1.33741e+01
 46  0.10467 -1.62665e+01 | 47 -0.12251 -1.80043e+01 | 48 -0.27394 -1.08049e+01
 49 -0.31311 -4.93944e+00 | 50 -0.09927 -1.00076e-01 | 51 -0.13401 -9.97295e+00
 52  0.07751 -4.36799e+01 | 53  0.13660 -6.62768e+01 | 54 -0.00843 -2.40447e+01
 55  0.13840 -2.24264e+01 | 56  0.23349 -3.31206e+01 | 57 -0.00940 -2.42330e+01
 58  0.14806 -3.90605e+00 | 59  0.01319 -2.41662e+01 | 60 -0.01676 -2.08827e+01
 61 -0.14519 -1.56716e+01 | 62 -0.09761 -1.73681e+01 | 63  0.00689 -2.18080e+01
 64  0.09111 -3.13904e+01 | 65 -0.03589 -1.85275e+01 | 66  0.10273 -2.38759e+01
 67  0.35678 -8.81763e+00 | 68 -0.28869 -2.33422e+00 | 69  0.23938  7.15766e+01
 70 -0.15498 -1.51146e+02 | 71 -0.27003 -1.08318e+01 | 72  0.28211  8.47064e+00
 73 -0.15392 -2.20380e+01 | 74  0.52551 -1.62635e+00 | 75 -0.04411  1.48080e+01
 76  0.38866  2.65187e+01 | 77 -0.16186 -5.85124e+01 | 78  0.28878  3.54988e+01
 79 -0.08902 -1.08693e+02 | 80 -0.12794  5.68466e+00 | 81 -0.30467 -3.15769e+00
 82 -0.16522 -4.79356e+00 | 83 -0.05718  2.61113e+01 | 84 -0.01324  2.08670e+01
 85 -0.01124 -2.91638e+00 | 86 -0.11698  9.62789e+00 | 87  1.04113  4.11441e-01
 88 -0.03827  3.01630e+01 | 89  0.51690 -2.12440e-01 | 90 -0.24064  4.78000e-01
 91 -0.02046 -4.78807e+00 | 92 -0.29657  8.09974e+00 | 93  0.03028  2.53698e+01
 94 -0.22348 -2.26603e+01 |
94 variables; iteration 60; function evaluation 75; phase 4
Function value 2.6838198e+03; maximum gradient component mag -3.4381e+02
Var    Value     Gradient |Var    Value     Gradient |Var    Value     Gradient
  1 -0.34321 -3.43808e+02 |  2 -0.02048  3.27692e+01 |  3 -0.03869  2.19208e+01
  4 -0.00993  1.40513e+01 |  5 -0.40696 -5.64640e-01 |  6  0.08907 -4.39318e+01
  7  0.11576  4.95830e+01 |  8 -0.11112  9.01879e+00 |  9  0.16319  1.36289e+01
 10 -0.22843  3.35466e+02 | 11  0.06054  9.07492e+00 | 12  0.08384  9.73108e+00
 13  0.09950  1.15649e+01 | 14  0.06177  1.22304e+01 | 15  0.02407  1.08439e+01
 16  0.03955  1.18075e+01 | 17  0.05989  1.57650e+01 | 18  0.12474  1.79375e+01
 19 -0.00700  1.42483e+01 | 20 -0.04772  1.77507e+01 | 21 -0.03412  1.29783e+01
 22  0.11087  1.94002e+01 | 23 -0.01471  1.28994e+01 | 24 -0.10255  1.67985e+01
 25 -0.15008  1.42697e+01 | 26 -0.09940  1.18038e+01 | 27  0.28501  8.37250e+01
 28 -0.09340  1.03713e+01 | 29  0.04309  1.17263e+01 | 30  0.03296  4.91490e+00
 31  0.06396  6.96870e-01 | 32  0.04983 -2.44324e+00 | 33 -0.02656 -7.34555e-01
 34  0.00170  2.13119e-01 | 35 -0.14241 -2.70856e+00 | 36  0.03066  7.19191e+00
 37 -0.14818 -2.84944e+00 | 38 -0.07315  1.46869e+00 | 39 -0.15626  3.66191e-01
 40 -0.15230  3.97609e+00 | 41 -0.35010 -2.68467e+01 | 42  0.43429  1.42926e+01
 43 -0.14962 -1.95086e+01 | 44  0.05083 -1.35040e+00 | 45 -0.04443  2.26874e+00
 46  0.11477 -3.51221e-01 | 47 -0.11239 -1.11156e+00 | 48 -0.29118 -3.91649e+00
 49 -0.33012  2.47705e+00 | 50 -0.11582  1.04631e+00 | 51 -0.13473 -6.59426e-01
 52  0.08610 -2.08395e+01 | 53  0.15681 -2.07556e+01 | 54 -0.01245 -1.25714e+01
 55  0.13658 -1.38962e+01 | 56  0.23793 -2.11305e+01 | 57  0.01090 -4.47683e+00
 58  0.13626 -6.57035e+00 | 59  0.02537 -6.66725e+00 | 60 -0.01400 -7.90815e+00
 61 -0.13868 -1.68149e+00 | 62 -0.09035 -2.40694e+00 | 63  0.02013 -4.60360e+00
 64  0.10764 -8.46937e+00 | 65 -0.05579 -1.11583e+01 | 66  0.13352 -5.05339e+00
 67  0.28608 -5.06578e+00 | 68 -0.29296 -4.04042e+00 | 69  0.23758  3.51552e+01
 70 -0.14710 -6.49802e+01 | 71 -0.26204  3.46904e+00 | 72  0.28998  1.80757e+01
 73 -0.15242 -3.18156e+01 | 74  0.25334 -4.43904e+00 | 75 -0.12135  1.44054e+01
 76  0.36175  6.78859e-01 | 77 -0.16527 -1.81370e-01 | 78  0.26431  2.26235e+01
 79 -0.09362 -7.42317e+01 | 80 -0.14739  7.34318e+00 | 81 -0.33709 -7.18264e+00
 82 -0.10364 -5.40760e-01 | 83 -0.06283  7.50461e+00 | 84 -0.01550  9.42468e+00
 85 -0.01139 -1.68039e+00 | 86 -0.12432  3.67230e+00 | 87  0.78202  6.58309e-01
 88 -0.06417  2.15176e+00 | 89  0.55266  5.47051e+00 | 90 -0.23763 -2.94524e+01
 91 -0.01253  2.55042e+01 | 92 -0.29023 -1.43055e+01 | 93  0.02854  1.02393e+01
 94 -0.21555 -8.74633e+00 |
94 variables; iteration 80; function evaluation 97; phase 4
Function value 2.6786267e+03; maximum gradient component mag 1.8045e+02
Var    Value     Gradient |Var    Value     Gradient |Var    Value     Gradient
  1 -0.34472 -1.79951e+02 |  2 -0.01163  8.74521e+00 |  3 -0.05004  4.12940e+00
  4  0.00343  4.66844e+00 |  5 -0.40800  1.93094e+00 |  6  0.10005 -2.33227e+01
  7  0.11249  5.34462e+00 |  8 -0.09590  7.27651e+00 |  9  0.14466 -2.75721e+00
 10 -0.23128  1.80452e+02 | 11  0.06178  8.09722e+00 | 12  0.09915  9.98347e+00
 13  0.11814  1.06947e+01 | 14  0.04888  6.81926e+00 | 15  0.01376  6.51624e+00
 16  0.05088  1.12295e+01 | 17  0.05853  1.42328e+01 | 18  0.13882  1.70906e+01
 19 -0.01727  9.59253e+00 | 20 -0.05205  1.28043e+01 | 21 -0.03589  1.01181e+01
 22  0.11994  1.92956e+01 | 23 -0.01349  9.06640e+00 | 24 -0.11253  9.73576e+00
 25 -0.17147  5.60128e+00 | 26 -0.14549 -1.16774e+00 | 27  0.29031  3.27655e+01
 28 -0.15193 -1.05223e+00 | 29  0.04997  1.22958e+01 | 30  0.04814  1.72717e+01
 31  0.06800  6.43824e+00 | 32  0.04621 -4.57132e+00 | 33 -0.02677 -6.74904e-01
 34  0.00215  7.10604e-01 | 35 -0.13211  1.08399e+00 | 36  0.02027 -8.22059e-01
 37 -0.12968  5.27632e+00 | 38 -0.07199  6.45977e+00 | 39 -0.15524  4.27759e+00
 40 -0.18814  1.86653e+00 | 41 -0.17449 -1.57978e+01 | 42  0.42918  4.46381e+00
 43 -0.13993 -1.40382e+01 | 44  0.05586  6.44703e+00 | 45 -0.06113 -9.02546e-01
 46  0.11488  2.04357e+00 | 47 -0.11451  1.63421e+00 | 48 -0.27359  4.20818e+00
 49 -0.35974  9.49808e-01 | 50 -0.12989 -5.37864e+00 | 51 -0.15751 -4.74177e+00
 52  0.09868 -1.00603e+00 | 53  0.16665  1.05821e+00 | 54 -0.00008 -1.02955e+00
 55  0.13574 -8.92466e+00 | 56  0.25046 -2.33192e+00 | 57 -0.00185 -5.73800e+00
 58  0.12845 -9.73026e+00 | 59  0.03112  8.67172e-02 | 60 -0.00460  6.32174e-02
 61 -0.15992 -1.41978e+00 | 62 -0.10207 -3.77015e-01 | 63  0.02425  2.31830e+00
 64  0.11524  1.61207e+00 | 65 -0.01174  3.99540e+00 | 66  0.10413 -6.23400e+00
 67  0.23472 -6.05217e+00 | 68 -0.28882 -2.70534e+00 | 69  0.20372  3.23485e+00
 70 -0.15671 -5.86993e+00 | 71 -0.26424  3.62111e-01 | 72  0.27648 -2.77685e+00
 73 -0.15388  8.07887e+00 | 74  0.24848  4.21248e-01 | 75 -0.13224  3.68320e+00
 76  0.35254 -1.33360e+01 | 77 -0.16434  3.43529e+01 | 78  0.24618 -6.37515e+00
 79 -0.09257  8.84137e+00 | 80 -0.14800  4.26571e+00 | 81 -0.33727 -4.26141e+00
 82 -0.08947  9.33482e-01 | 83 -0.06537 -1.51274e+00 | 84 -0.04817 -4.53622e+00
 85 -0.05464 -5.74280e+00 | 86 -0.07855  9.53550e-01 | 87  0.81251  1.27221e+00
 88 -0.06305 -4.43801e+00 | 89  0.46206  6.44869e-01 | 90 -0.24864  2.08215e+00
 91 -0.01438  4.16886e+01 | 92 -0.29414 -2.83374e+01 | 93  0.02093 -5.52017e+00
 94 -0.21492  4.61759e+00 |
94 variables; iteration 100; function evaluation 128; phase 4
Function value 2.6759153e+03; maximum gradient component mag -1.2865e+02
Var    Value     Gradient |Var    Value     Gradient |Var    Value     Gradient
  1 -0.34139  1.11583e+02 |  2 -0.01072 -1.15601e+01 |  3 -0.04798 -9.21265e+00
  4  0.00116 -5.00569e+00 |  5 -0.41014 -2.78486e+00 |  6  0.09781  1.52339e+01
  7  0.11534 -2.22066e+01 |  8 -0.10952 -2.51658e+00 |  9  0.15036 -4.39123e+00
 10 -0.22731 -1.28652e+02 | 11  0.05192 -3.27049e+00 | 12  0.09534 -4.96486e+00
 13  0.12359 -6.28475e+00 | 14  0.06206 -2.69504e+00 | 15  0.00546 -2.82737e+00
 16  0.05564 -4.20871e+00 | 17  0.03413 -3.88976e+00 | 18  0.15164 -1.08511e+01
 19 -0.02893 -2.63000e+00 | 20 -0.08223 -2.52706e+00 | 21 -0.03493 -1.42558e+00
 22  0.11802 -1.00639e+01 | 23 -0.01418 -2.67235e+00 | 24 -0.12843  1.21602e+00
 25 -0.18596  9.09079e-01 | 26 -0.15691 -4.33464e+00 | 27  0.29243 -2.94628e+01
 28 -0.17301 -3.66532e+00 | 29  0.05326 -4.22974e+00 | 30  0.02995 -5.54496e+00
 31  0.06645 -7.25395e+00 | 32  0.05854 -4.45935e+00 | 33 -0.03373 -2.92061e+00
 34  0.00750 -1.20563e+00 | 35 -0.15467 -5.11030e-01 | 36  0.02695 -4.86645e-01
 37 -0.15006  1.99385e+00 | 38 -0.07938  2.91225e+00 | 39 -0.16329  4.62230e+00
 40 -0.22458  2.19231e-01 | 41 -0.09562 -1.35880e+00 | 42  0.42524 -9.79795e+00
 43 -0.06860  2.50392e+00 | 44  0.04183  1.29785e+00 | 45 -0.05927  2.98302e+00
 46  0.11194  5.21679e-01 | 47 -0.11994  3.25646e+00 | 48 -0.29594  3.15656e+00
 49 -0.35963  5.25501e+00 | 50 -0.12470  4.45540e+00 | 51 -0.14223  5.84858e+00
 52  0.09622  3.59932e+00 | 53  0.16431  4.01171e+00 | 54 -0.00517  1.82857e+00
 55  0.14230  4.17959e+00 | 56  0.24796  6.05226e+00 | 57  0.00545  3.32524e+00
 58  0.13909  6.04978e+00 | 59  0.02758  3.52455e+00 | 60 -0.01411  1.48547e+00
 61 -0.15462  4.29699e+00 | 62 -0.09179  6.19614e+00 | 63  0.01281  2.15620e+00
 64  0.10819  2.22987e+00 | 65 -0.02939  4.39592e+00 | 66  0.13832  4.96734e+00
 67  0.29105  3.80635e+00 | 68 -0.28764  1.87889e-01 | 69  0.19477 -3.84831e+00
 70 -0.16090  3.84049e+00 | 71 -0.26432 -8.36391e-01 | 72  0.27910  9.27777e-01
 73 -0.15416  2.70585e-01 | 74  0.20711 -2.56970e-01 | 75 -0.15540  1.81224e+00
 76  0.35092 -1.14182e+00 | 77 -0.16852 -2.03530e-01 | 78  0.26317 -1.54519e+00
 79 -0.08746  6.16919e+00 | 80 -0.14338 -1.17239e+00 | 81 -0.32622  1.95191e+00
 82 -0.09757  6.97221e-01 | 83 -0.06538 -3.87097e+00 | 84 -0.01327 -3.36017e+00
 85 -0.00921  1.02000e+00 | 86 -0.14013 -2.45853e+00 | 87  0.71741  7.28222e-01
 88 -0.07269  2.78199e+00 | 89  0.42400  1.19969e+00 | 90 -0.25907 -2.83780e+00
 91 -0.02167 -3.59857e+00 | 92 -0.30162  2.22664e-01 | 93  0.02856  2.15328e+00
 94 -0.21222 -1.13748e+00 |
94 variables; iteration 120; function evaluation 152; phase 4
Function value 2.6750822e+03; maximum gradient component mag -4.3772e-02
Var    Value     Gradient |Var    Value     Gradient |Var    Value     Gradient
  1 -0.33914 -3.56852e-02 |  2 -0.00935  4.83511e-03 |  3 -0.04907  5.17479e-03
  4 -0.00029 -1.82957e-03 |  5 -0.40809 -1.82458e-04 |  6  0.09556 -5.36376e-03
  7  0.11524  2.40030e-02 |  8 -0.11134  4.94526e-03 |  9  0.15237 -1.65831e-04
 10 -0.22329  3.58260e-02 | 11  0.05614  1.23492e-03 | 12  0.09585  9.07095e-04
 13  0.12157  2.39497e-03 | 14  0.05087  1.26636e-03 | 15  0.01406  1.90028e-03
 16  0.05053  4.25707e-03 | 17  0.03632  1.26058e-04 | 18  0.14759  7.87103e-03
 19 -0.02826  8.79172e-04 | 20 -0.07475 -3.83875e-04 | 21 -0.04067  3.39198e-03
 22  0.11688  4.32671e-03 | 23 -0.01506 -6.63590e-05 | 24 -0.13364 -3.36886e-03
 25 -0.19043 -1.41987e-03 | 26 -0.12777  4.78747e-03 | 27  0.28734  1.32383e-02
 28 -0.13619  4.35340e-03 | 29  0.04602  4.35113e-03 | 30  0.03246  1.48827e-03
 31  0.06633 -1.40423e-03 | 32  0.05486 -2.11448e-03 | 33 -0.02957 -2.24314e-03
 34  0.00171 -1.37931e-03 | 35 -0.14326 -1.92467e-03 | 36  0.02383  3.12590e-04
 37 -0.14898 -2.14034e-03 | 38 -0.08021 -1.41042e-03 | 39 -0.17058 -5.69779e-03
 40 -0.21327 -2.93163e-03 | 41 -0.07860  1.92015e-03 | 42  0.42604  6.15825e-04
 43 -0.06727  1.72173e-05 | 44  0.04325  1.24620e-03 | 45 -0.06027 -1.83823e-03
 46  0.11243 -3.01351e-03 | 47 -0.12069 -2.76204e-03 | 48 -0.29717 -4.57833e-03
 49 -0.37609 -5.42042e-03 | 50 -0.12622 -3.09497e-03 | 51 -0.14961 -2.71872e-03
 52  0.09589  1.18805e-04 | 53  0.16349  4.94763e-03 | 54 -0.00264  1.24213e-03
 55  0.14118  2.24471e-03 | 56  0.24617  5.74458e-03 | 57  0.00562  1.31823e-03
 58  0.13546  2.63928e-03 | 59  0.02652  5.31477e-04 | 60 -0.00910  1.85643e-03
 61 -0.15918 -2.54040e-03 | 62 -0.10440 -1.06406e-03 | 63  0.01590  1.85511e-03
 64  0.10845  2.88419e-03 | 65 -0.03472 -3.25394e-05 | 66  0.12807 -2.35187e-03
 67  0.28120 -1.50808e-03 | 68 -0.28805  7.66630e-04 | 69  0.20234  2.09313e-02
 70 -0.15754 -4.37715e-02 | 71 -0.26399  1.40742e-03 | 72  0.27616 -4.03396e-03
 73 -0.15545  6.55081e-03 | 74  0.19000  3.07442e-04 | 75 -0.16642  2.74029e-03
 76  0.35337 -7.72761e-03 | 77 -0.16746  1.93091e-02 | 78  0.26029  1.01596e-03
 79 -0.08883 -1.64859e-03 | 80 -0.14337  9.12183e-04 | 81 -0.32749 -1.81709e-03
 82 -0.10145  3.64106e-04 | 83 -0.06486  5.33369e-04 | 84 -0.01769  2.36385e-03
 85 -0.01486 -6.67586e-04 | 86 -0.12793  2.16574e-03 | 87  0.45143 -2.48597e-03
 88 -0.15423  1.15578e-02 | 89  0.40696  1.60385e-03 | 90 -0.26307 -1.65086e-02
 91 -0.02042 -1.43336e-03 | 92 -0.29945 -1.69654e-03 | 93  0.02409 -1.98242e-03
 94 -0.21579  2.38188e-03 |
  ic > imax  in fminim is answer attained ?
Var    Value     Gradient |Var    Value     Gradient |Var    Value     Gradient
  1 -0.33914 -1.68622e-02 |  2 -0.00934  9.60861e-04 |  3 -0.04907  4.45021e-04
  4 -0.00028  3.63333e-04 |  5 -0.40809 -2.44635e-05 |  6  0.09556 -1.99742e-03
  7  0.11524  1.35527e-03 |  8 -0.11134  2.49413e-04 |  9  0.15237  3.67828e-04
 10 -0.22329  1.77601e-02 | 11  0.05613  4.40370e-04 | 12  0.09586  4.51275e-04
 13  0.12156  8.36248e-04 | 14  0.05087  4.74509e-04 | 15  0.01406  4.02891e-04
 16  0.05051  7.56413e-04 | 17  0.03635  8.68585e-04 | 18  0.14758  1.58031e-03
 19 -0.02825  3.74098e-04 | 20 -0.07474  1.38915e-04 | 21 -0.04068  1.54613e-04
 22  0.11688  1.08016e-03 | 23 -0.01506  2.74068e-04 | 24 -0.13363 -1.12788e-04
 25 -0.19042 -3.62582e-04 | 26 -0.12779 -1.37150e-04 | 27  0.28734  3.43149e-03
 28 -0.13622 -1.54956e-04 | 29  0.04602  3.58863e-04 | 30  0.03246  4.36559e-04
 31  0.06633  1.05634e-03 | 32  0.05486  1.00925e-03 | 33 -0.02957  2.28880e-04
 34  0.00171  1.60047e-04 | 35 -0.14325 -3.33524e-04 | 36  0.02383 -2.44560e-04
 37 -0.14898 -4.54370e-04 | 38 -0.08021 -4.88670e-04 | 39 -0.17057 -3.93785e-04
 40 -0.21326 -3.86419e-04 | 41 -0.07861 -4.09216e-04 | 42  0.42604  5.89146e-04
 43 -0.06728 -5.25360e-04 | 44  0.04325 -3.39532e-04 | 45 -0.06027 -4.51650e-04
 46  0.11243 -4.66776e-04 | 47 -0.12069 -5.16520e-04 | 48 -0.29715 -4.34268e-04
 49 -0.37606 -6.28295e-04 | 50 -0.12622 -6.61648e-04 | 51 -0.14961 -5.93823e-04
 52  0.09589 -7.89387e-04 | 53  0.16349 -8.85215e-04 | 54 -0.00264 -6.97362e-04
 55  0.14118 -5.36866e-04 | 56  0.24616 -4.97806e-04 | 57  0.00562 -8.11190e-04
 58  0.13546 -7.14056e-04 | 59  0.02652 -6.03940e-04 | 60 -0.00911 -8.36967e-04
 61 -0.15917 -6.44801e-04 | 62 -0.10440 -6.83678e-04 | 63  0.01589 -7.12554e-04
 64  0.10845 -7.24279e-04 | 65 -0.03472 -6.56803e-04 | 66  0.12808 -4.87245e-04
 67  0.28122 -3.60949e-04 | 68 -0.28805 -1.18045e-04 | 69  0.20234 -1.86846e-03
 70 -0.15753  3.66108e-03 | 71 -0.26400 -1.17864e-04 | 72  0.27616  4.49322e-04
 73 -0.15545 -1.06363e-03 | 74  0.18995  1.68039e-05 | 75 -0.16644 -1.94748e-04
 76  0.35337  9.83182e-04 | 77 -0.16746 -2.04089e-03 | 78  0.26028  5.64841e-04
 79 -0.08883 -2.31406e-03 | 80 -0.14337  4.67046e-05 | 81 -0.32748 -1.73310e-05
 82 -0.10146 -5.78983e-05 | 83 -0.06486  1.51608e-04 | 84 -0.01768 -2.91050e-05
 85 -0.01486 -3.42427e-05 | 86 -0.12795 -6.78618e-05 | 87  0.45136 -1.91211e-04
 88 -0.15427  7.86712e-04 | 89  0.40703  3.10828e-04 | 90 -0.26305 -1.58256e-03
 91 -0.02042  1.47809e-03 | 92 -0.29944 -4.82565e-04 | 93  0.02409  1.85482e-04
 94 -0.21579 -1.48806e-04 |
Function minimizer not making progress ... is minimum attained?
Minimprove criterion = 0.0000e+00

 - final statistics:
94 variables; iteration 126; function evaluation 187
Function value 2.6751e+03; maximum gradient component mag 1.7760e-02
Exit code = 1;  converg criter 1.0000e-04
Var    Value     Gradient |Var    Value     Gradient |Var    Value     Gradient
  1 -0.33914 -1.68622e-02 |  2 -0.00934  9.60861e-04 |  3 -0.04907  4.45021e-04
  4 -0.00028  3.63333e-04 |  5 -0.40809 -2.44635e-05 |  6  0.09556 -1.99742e-03
  7  0.11524  1.35527e-03 |  8 -0.11134  2.49413e-04 |  9  0.15237  3.67828e-04
 10 -0.22329  1.77601e-02 | 11  0.05613  4.40370e-04 | 12  0.09586  4.51275e-04
 13  0.12156  8.36248e-04 | 14  0.05087  4.74509e-04 | 15  0.01406  4.02891e-04
 16  0.05051  7.56413e-04 | 17  0.03635  8.68585e-04 | 18  0.14758  1.58031e-03
 19 -0.02825  3.74098e-04 | 20 -0.07474  1.38915e-04 | 21 -0.04068  1.54613e-04
 22  0.11688  1.08016e-03 | 23 -0.01506  2.74068e-04 | 24 -0.13363 -1.12788e-04
 25 -0.19042 -3.62582e-04 | 26 -0.12779 -1.37150e-04 | 27  0.28734  3.43149e-03
 28 -0.13622 -1.54956e-04 | 29  0.04602  3.58863e-04 | 30  0.03246  4.36559e-04
 31  0.06633  1.05634e-03 | 32  0.05486  1.00925e-03 | 33 -0.02957  2.28880e-04
 34  0.00171  1.60047e-04 | 35 -0.14325 -3.33524e-04 | 36  0.02383 -2.44560e-04
 37 -0.14898 -4.54370e-04 | 38 -0.08021 -4.88670e-04 | 39 -0.17057 -3.93785e-04
 40 -0.21326 -3.86419e-04 | 41 -0.07861 -4.09216e-04 | 42  0.42604  5.89146e-04
 43 -0.06728 -5.25360e-04 | 44  0.04325 -3.39532e-04 | 45 -0.06027 -4.51650e-04
 46  0.11243 -4.66776e-04 | 47 -0.12069 -5.16520e-04 | 48 -0.29715 -4.34268e-04
 49 -0.37606 -6.28295e-04 | 50 -0.12622 -6.61648e-04 | 51 -0.14961 -5.93823e-04
 52  0.09589 -7.89387e-04 | 53  0.16349 -8.85215e-04 | 54 -0.00264 -6.97362e-04
 55  0.14118 -5.36866e-04 | 56  0.24616 -4.97806e-04 | 57  0.00562 -8.11190e-04
 58  0.13546 -7.14056e-04 | 59  0.02652 -6.03940e-04 | 60 -0.00911 -8.36967e-04
 61 -0.15917 -6.44801e-04 | 62 -0.10440 -6.83678e-04 | 63  0.01589 -7.12554e-04
 64  0.10845 -7.24279e-04 | 65 -0.03472 -6.56803e-04 | 66  0.12808 -4.87245e-04
 67  0.28122 -3.60949e-04 | 68 -0.28805 -1.18045e-04 | 69  0.20234 -1.86846e-03
 70 -0.15753  3.66108e-03 | 71 -0.26400 -1.17864e-04 | 72  0.27616  4.49322e-04
 73 -0.15545 -1.06363e-03 | 74  0.18995  1.68039e-05 | 75 -0.16644 -1.94748e-04
 76  0.35337  9.83182e-04 | 77 -0.16746 -2.04089e-03 | 78  0.26028  5.64841e-04
 79 -0.08883 -2.31406e-03 | 80 -0.14337  4.67046e-05 | 81 -0.32748 -1.73310e-05
 82 -0.10146 -5.78983e-05 | 83 -0.06486  1.51608e-04 | 84 -0.01768 -2.91050e-05
 85 -0.01486 -3.42427e-05 | 86 -0.12795 -6.78618e-05 | 87  0.45136 -1.91211e-04
 88 -0.15427  7.86712e-04 | 89  0.40703  3.10828e-04 | 90 -0.26305 -1.58256e-03
 91 -0.02042  1.47809e-03 | 92 -0.29944 -4.82565e-04 | 93  0.02409  1.85482e-04
 94 -0.21579 -1.48806e-04 |

Initial statistics: 106 variables; iteration 0; function evaluation 0; phase 5
Function value 2.6750822e+03; maximum gradient component mag 1.7756e-02
Var    Value     Gradient |Var    Value     Gradient |Var    Value     Gradient
  1 -0.33914 -1.68582e-02 |  2 -0.00934  9.60641e-04 |  3 -0.04907  4.44940e-04
  4 -0.00028  3.63230e-04 |  5 -0.40809 -2.44353e-05 |  6  0.09556 -1.99696e-03
  7  0.11524  1.35518e-03 |  8 -0.11134  2.49397e-04 |  9  0.15237  3.67737e-04
 10 -0.22329  1.77560e-02 | 11  0.05613  5.01651e-04 | 12  0.09586  5.12129e-04
 13  0.12156  8.96574e-04 | 14  0.05087  5.35826e-04 | 15  0.01406  4.64388e-04
 16  0.05051  8.17683e-04 | 17  0.03635  9.29890e-04 | 18  0.14758  1.63992e-03
 19 -0.02825  4.35562e-04 | 20 -0.07474  2.00071e-04 | 21 -0.04068  2.16086e-04
 22  0.11688  1.14051e-03 | 23 -0.01506  3.35613e-04 | 24 -0.13363 -5.25010e-05
 25 -0.19042 -3.03630e-04 | 26 -0.12779 -7.67495e-05 | 27  0.28734  3.48620e-03
 28 -0.13622 -9.47289e-05 | 29  0.04602  4.20253e-04 | 30  0.03246  4.98005e-04
 31  0.06633  1.11739e-03 | 32  0.05486  1.07041e-03 | 33 -0.02957  2.90381e-04
 34  0.00171  2.21645e-04 | 35 -0.14325 -2.73383e-04 | 36  0.02383 -1.82903e-04
 37 -0.14898 -3.94327e-04 | 38 -0.08021 -4.27437e-04 | 39 -0.17057 -3.34282e-04
 40 -0.21326 -3.28130e-04 | 41 -0.07861 -3.47973e-04 | 42  0.42604  6.37332e-04
 43 -0.06728 -4.63980e-04 | 44  0.04325 -2.77955e-04 | 45 -0.06027 -3.90190e-04
 46  0.11243 -4.05999e-04 | 47 -0.12069 -4.55892e-04 | 48 -0.29715 -3.79154e-04
 49 -0.37606 -5.76994e-04 | 50 -0.12622 -6.01088e-04 | 51 -0.14961 -5.33775e-04
 52  0.09589 -7.28255e-04 | 53  0.16349 -8.25385e-04 | 54 -0.00264 -6.35573e-04
 55  0.14118 -4.76593e-04 | 56  0.24616 -4.40571e-04 | 57  0.00562 -7.49374e-04
 58  0.13546 -6.53641e-04 | 59  0.02652 -5.42234e-04 | 60 -0.00911 -7.75151e-04
 61 -0.15917 -5.84948e-04 | 62 -0.10440 -6.22745e-04 | 63  0.01589 -6.50778e-04
 64  0.10845 -6.63361e-04 | 65 -0.03472 -5.95122e-04 | 66  0.12808 -4.26754e-04
 67  0.28122 -3.05160e-04 | 68  0.00000  0.00000e+00 | 69  0.00000  0.00000e+00
 70  0.00000  0.00000e+00 | 71  0.00000  0.00000e+00 | 72  0.00000  0.00000e+00
 73  0.00000  0.00000e+00 | 74  0.00000  0.00000e+00 | 75  0.00000  0.00000e+00
 76  0.00000  0.00000e+00 | 77  0.00000  0.00000e+00 | 78  0.00000  0.00000e+00
 79  0.00000  0.00000e+00 | 80 -0.28805 -1.18013e-04 | 81  0.20234 -1.86792e-03
 82 -0.15753  3.66003e-03 | 83 -0.26400 -1.17842e-04 | 84  0.27616  4.49185e-04
 85 -0.15545 -1.06332e-03 | 86  0.18995  1.68441e-05 | 87 -0.16644 -1.94810e-04
 88  0.35337  9.82922e-04 | 89 -0.16746 -2.04033e-03 | 90  0.26028  5.64708e-04
 91 -0.08883 -2.31352e-03 | 92 -0.14337  4.66786e-05 | 93 -0.32748 -1.73250e-05
 94 -0.10146 -5.79001e-05 | 95 -0.06486  1.51575e-04 | 96 -0.01768 -2.90550e-05
 97 -0.01486 -3.42345e-05 | 98 -0.12795 -6.78224e-05 | 99  0.45136 -1.91179e-04
100 -0.15427  7.86549e-04 |101  0.40703  3.10668e-04 |102 -0.26305 -1.58182e-03
103 -0.02042  1.47777e-03 |104 -0.29944 -4.82585e-04 |105  0.02409  1.85441e-04
106 -0.21579 -1.48775e-04 |
  ic > imax  in fminim is answer attained ?
Var    Value     Gradient |Var    Value     Gradient |Var    Value     Gradient
  1 -0.33914 -1.57945e-02 |  2 -0.00934  8.52443e-04 |  3 -0.04907  3.75260e-04
  4 -0.00028  3.22040e-04 |  5 -0.40809 -3.80830e-05 |  6  0.09556 -1.86250e-03
  7  0.11524  1.19176e-03 |  8 -0.11134  2.20047e-04 |  9  0.15237  3.48030e-04
 10 -0.22329  1.66292e-02 | 11  0.05613  4.74594e-04 | 12  0.09586  4.66106e-04
 13  0.12156  8.33438e-04 | 14  0.05087  5.02769e-04 | 15  0.01406  4.41972e-04
 16  0.05051  7.78044e-04 | 17  0.03635  8.93794e-04 | 18  0.14758  1.53551e-03
 19 -0.02825  4.19887e-04 | 20 -0.07474  1.95895e-04 | 21 -0.04068  2.02739e-04
 22  0.11688  1.05002e-03 | 23 -0.01506  3.12620e-04 | 24 -0.13363 -4.69146e-05
 25 -0.19042 -2.90733e-04 | 26 -0.12779 -7.13921e-05 | 27  0.28734  3.22125e-03
 28 -0.13622 -8.64008e-05 | 29  0.04602  3.84638e-04 | 30  0.03246  4.72464e-04
 31  0.06633  1.08033e-03 | 32  0.05486  1.03947e-03 | 33 -0.02957  2.87391e-04
 34  0.00171  2.14791e-04 | 35 -0.14325 -2.55223e-04 | 36  0.02383 -1.81003e-04
 37 -0.14898 -3.70613e-04 | 38 -0.08021 -4.02891e-04 | 39 -0.17057 -3.05841e-04
 40 -0.21326 -2.99418e-04 | 41 -0.07861 -3.20493e-04 | 42  0.42604  5.98010e-04
 43 -0.06728 -4.36686e-04 | 44  0.04325 -2.54910e-04 | 45 -0.06027 -3.62232e-04
 46  0.11243 -3.80092e-04 | 47 -0.12069 -4.25027e-04 | 48 -0.29715 -3.50573e-04
 49 -0.37606 -5.50365e-04 | 50 -0.12622 -5.68475e-04 | 51 -0.14961 -5.01678e-04
 52  0.09589 -6.91903e-04 | 53  0.16349 -7.88307e-04 | 54 -0.00264 -6.01594e-04
 55  0.14118 -4.40804e-04 | 56  0.24616 -4.03454e-04 | 57  0.00562 -7.15757e-04
 58  0.13546 -6.18584e-04 | 59  0.02652 -5.08273e-04 | 60 -0.00911 -7.41537e-04
 61 -0.15917 -5.53354e-04 | 62 -0.10440 -5.90291e-04 | 63  0.01589 -6.17184e-04
 64  0.10845 -6.29959e-04 | 65 -0.03472 -5.62926e-04 | 66  0.12808 -3.95209e-04
 67  0.28122 -2.76231e-04 | 68  0.00000  0.00000e+00 | 69  0.00000  0.00000e+00
 70  0.00000  0.00000e+00 | 71  0.00000  0.00000e+00 | 72  0.00000  0.00000e+00
 73  0.00000  0.00000e+00 | 74  0.00000  0.00000e+00 | 75  0.00000  0.00000e+00
 76  0.00000  0.00000e+00 | 77  0.00000  0.00000e+00 | 78  0.00000  0.00000e+00
 79  0.00000  0.00000e+00 | 80 -0.28805 -1.14066e-04 | 81  0.20234 -1.88052e-03
 82 -0.15753  3.68045e-03 | 83 -0.26400 -1.18721e-04 | 84  0.27616  4.37862e-04
 85 -0.15545 -1.04324e-03 | 86  0.18995  1.57519e-05 | 87 -0.16644 -1.93375e-04
 88  0.35337  9.68342e-04 | 89 -0.16746 -2.01410e-03 | 90  0.26028  5.51446e-04
 91 -0.08883 -2.28186e-03 | 92 -0.14337  3.99439e-05 | 93 -0.32748 -1.48576e-05
 94 -0.10146 -5.88359e-05 | 95 -0.06486  1.38331e-04 | 96 -0.01768 -3.22802e-05
 97 -0.01486 -3.32254e-05 | 98 -0.12795 -6.86151e-05 | 99  0.45136 -1.95237e-04
100 -0.15427  7.91753e-04 |101  0.40703  3.06072e-04 |102 -0.26305 -1.56828e-03
103 -0.02042  1.39252e-03 |104 -0.29944 -4.27541e-04 |105  0.02409  1.76648e-04
106 -0.21579 -1.42908e-04 |
Function minimizer not making progress ... is minimum attained?
Minimprove criterion = 0.0000e+00

 - final statistics:
106 variables; iteration 2; function evaluation 36
Function value 2.6751e+03; maximum gradient component mag 1.6629e-02
Exit code = 1;  converg criter 1.0000e-04
Var    Value     Gradient |Var    Value     Gradient |Var    Value     Gradient
  1 -0.33914 -1.57945e-02 |  2 -0.00934  8.52443e-04 |  3 -0.04907  3.75260e-04
  4 -0.00028  3.22040e-04 |  5 -0.40809 -3.80830e-05 |  6  0.09556 -1.86250e-03
  7  0.11524  1.19176e-03 |  8 -0.11134  2.20047e-04 |  9  0.15237  3.48030e-04
 10 -0.22329  1.66292e-02 | 11  0.05613  4.74594e-04 | 12  0.09586  4.66106e-04
 13  0.12156  8.33438e-04 | 14  0.05087  5.02769e-04 | 15  0.01406  4.41972e-04
 16  0.05051  7.78044e-04 | 17  0.03635  8.93794e-04 | 18  0.14758  1.53551e-03
 19 -0.02825  4.19887e-04 | 20 -0.07474  1.95895e-04 | 21 -0.04068  2.02739e-04
 22  0.11688  1.05002e-03 | 23 -0.01506  3.12620e-04 | 24 -0.13363 -4.69146e-05
 25 -0.19042 -2.90733e-04 | 26 -0.12779 -7.13921e-05 | 27  0.28734  3.22125e-03
 28 -0.13622 -8.64008e-05 | 29  0.04602  3.84638e-04 | 30  0.03246  4.72464e-04
 31  0.06633  1.08033e-03 | 32  0.05486  1.03947e-03 | 33 -0.02957  2.87391e-04
 34  0.00171  2.14791e-04 | 35 -0.14325 -2.55223e-04 | 36  0.02383 -1.81003e-04
 37 -0.14898 -3.70613e-04 | 38 -0.08021 -4.02891e-04 | 39 -0.17057 -3.05841e-04
 40 -0.21326 -2.99418e-04 | 41 -0.07861 -3.20493e-04 | 42  0.42604  5.98010e-04
 43 -0.06728 -4.36686e-04 | 44  0.04325 -2.54910e-04 | 45 -0.06027 -3.62232e-04
 46  0.11243 -3.80092e-04 | 47 -0.12069 -4.25027e-04 | 48 -0.29715 -3.50573e-04
 49 -0.37606 -5.50365e-04 | 50 -0.12622 -5.68475e-04 | 51 -0.14961 -5.01678e-04
 52  0.09589 -6.91903e-04 | 53  0.16349 -7.88307e-04 | 54 -0.00264 -6.01594e-04
 55  0.14118 -4.40804e-04 | 56  0.24616 -4.03454e-04 | 57  0.00562 -7.15757e-04
 58  0.13546 -6.18584e-04 | 59  0.02652 -5.08273e-04 | 60 -0.00911 -7.41537e-04
 61 -0.15917 -5.53354e-04 | 62 -0.10440 -5.90291e-04 | 63  0.01589 -6.17184e-04
 64  0.10845 -6.29959e-04 | 65 -0.03472 -5.62926e-04 | 66  0.12808 -3.95209e-04
 67  0.28122 -2.76231e-04 | 68  0.00000  0.00000e+00 | 69  0.00000  0.00000e+00
 70  0.00000  0.00000e+00 | 71  0.00000  0.00000e+00 | 72  0.00000  0.00000e+00
 73  0.00000  0.00000e+00 | 74  0.00000  0.00000e+00 | 75  0.00000  0.00000e+00
 76  0.00000  0.00000e+00 | 77  0.00000  0.00000e+00 | 78  0.00000  0.00000e+00
 79  0.00000  0.00000e+00 | 80 -0.28805 -1.14066e-04 | 81  0.20234 -1.88052e-03
 82 -0.15753  3.68045e-03 | 83 -0.26400 -1.18721e-04 | 84  0.27616  4.37862e-04
 85 -0.15545 -1.04324e-03 | 86  0.18995  1.57519e-05 | 87 -0.16644 -1.93375e-04
 88  0.35337  9.68342e-04 | 89 -0.16746 -2.01410e-03 | 90  0.26028  5.51446e-04
 91 -0.08883 -2.28186e-03 | 92 -0.14337  3.99439e-05 | 93 -0.32748 -1.48576e-05
 94 -0.10146 -5.88359e-05 | 95 -0.06486  1.38331e-04 | 96 -0.01768 -3.22802e-05
 97 -0.01486 -3.32254e-05 | 98 -0.12795 -6.86151e-05 | 99  0.45136 -1.95237e-04
100 -0.15427  7.91753e-04 |101  0.40703  3.06072e-04 |102 -0.26305 -1.56828e-03
103 -0.02042  1.39252e-03 |104 -0.29944 -4.27541e-04 |105  0.02409  1.76648e-04
106 -0.21579 -1.42908e-04 |
size of file gradfil1.tmp = 0
size of file gradfil2.tmp = 0
size of file varssave.tmp = 0
size of file cmpdiff.tmp = 200000008
