
Initial statistics: 4 variables; iteration 0; function evaluation 0; phase 1
Function value 3.7470535e+03; maximum gradient component mag 1.5303e+02
Var    Value     Gradient |Var    Value     Gradient |Var    Value     Gradient
  1  0.20737  1.53025e+02 |  2 -0.59033 -8.52849e+00 |  3 -0.12819  4.35765e+00
  4 -0.21635 -5.63556e+01 |

 - final statistics:
4 variables; iteration 6; function evaluation 22
Function value 3.6843e+03; maximum gradient component mag -7.8159e+00
Exit code = 1;  converg criter 1.0000e+01
Var    Value     Gradient |Var    Value     Gradient |Var    Value     Gradient
  1 -0.06146 -7.78104e+00 |  2 -0.29188 -3.74708e-01 |  3 -0.26324 -1.01173e+00
  4  0.00217 -7.81586e+00 |

Initial statistics: 14 variables; iteration 0; function evaluation 0; phase 2
Function value 3.6842627e+03; maximum gradient component mag 1.0443e+03
Var    Value     Gradient |Var    Value     Gradient |Var    Value     Gradient
  1 -0.26966 -1.95084e+02 |  2  0.00000 -1.38488e+02 |  3 -0.26198 -4.31803e+02
  4 -0.03352 -1.12453e+02 |  5  0.18446  2.03616e+02 |  6 -0.04247 -1.55905e+02
  7  0.33333  1.04429e+03 |  8 -0.53989  3.37398e+01 |  9  0.00000 -1.37202e+02
 10 -0.21635 -2.24437e+01 | 11 -0.06146 -7.78104e+00 | 12 -0.29188 -3.74708e-01
 13 -0.26324 -1.01173e+00 | 14  0.00217 -7.81586e+00 |

 - final statistics:
14 variables; iteration 20; function evaluation 28
Function value 3.3412e+03; maximum gradient component mag -8.0118e+00
Exit code = 1;  converg criter 1.0000e+01
Var    Value     Gradient |Var    Value     Gradient |Var    Value     Gradient
  1 -0.22185 -8.01176e+00 |  2  0.08346  1.30238e+00 |  3 -0.09341  8.08811e-01
  4 -0.04555  1.62432e+00 |  5 -0.43857  8.62719e-01 |  6  0.05265 -1.12444e+00
  7  0.13638  1.78467e+00 |  8 -0.26225  5.03181e-01 |  9  0.28312  1.11033e+00
 10 -0.25389  3.42937e-01 | 11  0.07141  4.11618e+00 | 12 -0.26088 -1.35187e-01
 13 -0.21781 -7.43472e-03 | 14  0.10795  2.00808e-01 |

Initial statistics: 40 variables; iteration 0; function evaluation 0; phase 3
Function value 3.3412364e+03; maximum gradient component mag 1.5342e+03
Var    Value     Gradient |Var    Value     Gradient |Var    Value     Gradient
  1 -0.22185 -8.01176e+00 |  2  0.08346  1.30238e+00 |  3 -0.09341  8.08811e-01
  4 -0.04555  1.62432e+00 |  5 -0.43857  8.62719e-01 |  6  0.05265 -1.12444e+00
  7  0.13638  1.78467e+00 |  8 -0.26225  5.03181e-01 |  9  0.28312  1.11033e+00
 10 -0.25389  3.42937e-01 | 11  0.07141  4.11618e+00 | 12 -0.26088 -1.35187e-01
 13 -0.21781 -7.43472e-03 | 14  0.10795  2.00808e-01 | 15 -0.12294 -4.21106e+02
 16 -0.31415  1.52917e+02 | 17 -0.12294  5.90600e+01 | 18 -0.51552 -3.38113e+01
 19 -0.40967 -3.63945e+02 | 20 -0.33333  1.35061e+02 | 21 -0.11760 -4.89732e+01
 22 -0.31415  1.68156e+01 | 23  0.14414  1.21224e+03 | 24 -1.00000 -8.66316e-08
 25 -0.32395 -2.52113e+02 | 26 -0.40967  1.05750e+02 | 27  0.02302  1.53423e+03
 28 -0.31415 -1.08843e+03 | 29  0.53959  1.43869e+01 | 30 -0.62714  2.06586e-03
 31  0.00000  6.01566e+02 | 32 -0.21635 -3.59327e+02 | 33  0.16024  8.40650e+01
 34 -0.11760 -4.32072e+00 | 35 -0.10723 -2.02627e+02 | 36 -0.10723 -1.01114e+02
 37 -0.12294 -6.94104e+01 | 38 -0.31415  2.34474e+01 | 39  0.02302  2.33937e+02
 40 -0.31415 -1.66063e+02 |

Intermediate statistics: 40 variables; iteration 20; function evaluation 34; phase 3
Function value 2.9363733e+03; maximum gradient component mag 6.1320e+02
Var    Value     Gradient |Var    Value     Gradient |Var    Value     Gradient
  1 -0.15566  6.13204e+02 |  2  0.09367  9.74153e+01 |  3 -0.11527  9.97126e+01
  4 -0.02722  6.10933e+01 |  5 -0.43495  2.71406e+01 |  6  0.01506  1.07045e+02
  7  0.06949  1.00130e+02 |  8 -0.03334  3.66506e+01 |  9  0.16491  1.55880e+01
 10 -0.03647  1.24652e+01 | 11  0.05832 -3.18096e+02 | 12 -0.25964 -9.31520e-03
 13 -0.23696 -9.66591e-02 | 14  0.10214 -1.26495e-02 | 15  0.05938 -2.14053e+02
 16 -0.17818  1.64583e+02 | 17 -0.15135 -2.00950e+01 | 18 -0.28757  1.19268e+00
 19  0.06979 -2.46611e+01 | 20  0.06622  3.42628e+01 | 21  0.08766 -5.43289e+00
 22 -0.21106 -1.07153e+00 | 23  0.05458  2.02773e+02 | 24 -0.97841 -4.36217e+00
 25  0.01508 -1.56012e+02 | 26 -0.15772  1.28855e+02 | 27 -0.21631  1.25673e+02
 28 -0.56758 -5.28555e+01 | 29  0.31318 -1.08931e+01 | 30 -0.62709 -7.38238e-03
 31  0.09233  4.25247e+01 | 32  0.07198 -1.66158e+01 | 33 -0.36688 -3.95182e+00
 34  0.28011  9.59092e-01 | 35  0.07375  2.41958e+01 | 36  0.39760  3.57662e-02
 37  0.42667 -2.69110e-01 | 38 -0.16623  1.82576e+00 | 39  0.14052  2.97512e+01
 40 -0.13493 -2.46450e+01 |
40 variables; iteration 40; function evaluation 59; phase 3
Function value 2.9001094e+03; maximum gradient component mag -1.8533e+02
Var    Value     Gradient |Var    Value     Gradient |Var    Value     Gradient
  1 -0.18593  8.06505e+01 |  2  0.06294 -2.27078e+01 |  3 -0.11054 -9.59581e+00
  4 -0.04671  4.75975e+00 |  5 -0.41827  1.49801e+01 |  6 -0.00528 -8.00645e-01
  7  0.06307 -1.49782e-01 |  8 -0.00158  6.15921e+00 |  9  0.15739  1.06340e+01
 10 -0.02108  2.91853e+00 | 11  0.03815 -2.85787e+01 | 12 -0.27069 -1.88587e-01
 13 -0.21836  1.81748e+00 | 14  0.10065 -9.62422e-02 | 15  0.09743 -6.53062e+01
 16 -0.16840  4.16455e+01 | 17  0.33774 -1.40697e+00 | 18  0.32183  4.54618e+00
 19  0.01184  1.89065e+01 | 20 -0.01396 -2.09409e+01 | 21  0.18335  1.08292e+01
 22 -0.13578 -1.04208e+01 | 23  0.05050 -1.85334e+02 | 24 -0.56182 -6.24229e+00
 25  0.07777 -1.47750e+01 | 26 -0.17592 -1.64922e+01 | 27 -0.27043 -4.76437e+01
 28 -0.62001 -6.07717e+00 | 29  0.36770 -8.97162e+00 | 30 -0.62018 -6.35966e-03
 31 -0.01182 -2.46621e+01 | 32  0.01420  1.16358e+01 | 33 -0.10970 -2.67941e+00
 34  0.15098 -3.11995e+01 | 35  0.04601  3.62558e+01 | 36 -0.25685 -1.60127e+01
 37  0.41057  9.73038e+00 | 38 -0.18632 -1.61491e+01 | 39  0.05208  1.62813e+01
 40 -0.20352 -1.84696e+01 |
40 variables; iteration 60; function evaluation 85; phase 3
Function value 2.8494009e+03; maximum gradient component mag -1.7677e+01
Var    Value     Gradient |Var    Value     Gradient |Var    Value     Gradient
  1 -0.15952  4.89681e+00 |  2  0.05370  2.67500e-01 |  3 -0.13147 -3.63723e-01
  4 -0.04486 -2.68409e-01 |  5 -0.42624  1.07669e+00 |  6 -0.06767  1.12423e-01
  7  0.06015 -1.90225e+00 |  8  0.05392 -3.90612e-01 |  9 -0.06676 -4.13479e-01
 10  0.07298  4.80676e-01 | 11  0.03563 -5.32562e+00 | 12 -0.26641 -2.57082e-02
 13 -0.24493  8.26112e-02 | 14  0.09957 -8.67648e-02 | 15  0.21728 -7.12214e+00
 16 -0.10532  7.57694e+00 | 17  1.84537 -1.88907e-02 | 18 -0.02613 -7.34123e-01
 19  0.16595 -4.62037e+00 | 20  0.10929  4.63631e-01 | 21  0.17708  7.53015e-01
 22 -0.14108 -4.51903e-01 | 23  0.34634 -1.63968e+00 | 24 -0.04108  7.19692e-01
 25  0.26572 -3.31387e+00 | 26 -0.06856  2.20472e+00 | 27 -0.18070 -1.76769e+01
 28 -0.34959  9.40465e+00 | 29  0.37170  6.30926e-01 | 30 -0.33085 -3.00422e-03
 31  0.01552  2.02414e+00 | 32  0.02909 -1.84758e+00 | 33 -0.14422 -3.60781e-01
 34  0.18115  1.14926e-01 | 35  0.03950  1.06861e+00 | 36 -0.23128  2.31382e-01
 37  0.56447  4.22742e+00 | 38 -0.12038 -5.06227e+00 | 39  0.14389  3.55706e-02
 40 -0.12264  1.11700e+00 |
Maximum number of function evaluations exceeded

 - final statistics:
40 variables; iteration 75; function evaluation 100
Function value 2.8490e+03; maximum gradient component mag 5.4365e+00
Exit code = 3;  converg criter 1.0000e+00
Var    Value     Gradient |Var    Value     Gradient |Var    Value     Gradient
  1 -0.15453  5.43654e+00 |  2  0.05205 -6.42261e-01 |  3 -0.13235 -6.12479e-01
  4 -0.04509 -3.01492e-01 |  5 -0.42456 -3.50325e-01 |  6 -0.07376  8.37619e-01
  7  0.06177 -2.32170e+00 |  8  0.05135 -1.05354e+00 |  9 -0.06580 -5.27472e-01
 10  0.06608 -3.22236e-01 | 11  0.04020 -1.78944e+00 | 12 -0.26482 -1.17220e-02
 13 -0.24312  1.43725e-01 | 14  0.10233  6.43025e-02 | 15  0.22928 -4.72118e-01
 16 -0.09974  1.41218e+00 | 17  1.80308 -2.94994e-02 | 18  0.01740  3.62196e-01
 19  0.19297  3.72536e-01 | 20  0.12964 -4.76293e-01 | 21  0.17720  4.30447e-01
 22 -0.14197 -4.17284e-01 | 23  0.35462  1.41801e+00 | 24 -0.03595 -6.91367e-01
 25  0.28071 -1.60988e+00 | 26 -0.06249  1.14794e+00 | 27 -0.17795 -5.31564e-01
 28 -0.35618  2.23281e-01 | 29  0.31075  3.81501e-01 | 30 -0.10388 -1.09868e-01
 31  0.01228  7.61860e-01 | 32  0.02701 -8.60443e-01 | 33 -0.13655 -2.86592e-02
 34  0.18592  4.42147e-01 | 35  0.03975  1.09833e-01 | 36 -0.23510  1.28524e-01
 37  0.45555  1.66830e+00 | 38 -0.16326 -1.68574e+00 | 39  0.13664  5.56726e-01
 40 -0.12909 -9.39762e-01 |

Initial statistics: 130 variables; iteration 0; function evaluation 0; phase 4
Function value 2.8489582e+03; maximum gradient component mag -7.8505e+02
Var    Value     Gradient |Var    Value     Gradient |Var    Value     Gradient
  1 -0.15453  5.43654e+00 |  2  0.05205 -6.42261e-01 |  3 -0.13235 -6.12479e-01
  4 -0.04509 -3.01492e-01 |  5 -0.42456 -3.50325e-01 |  6 -0.07376  8.37619e-01
  7  0.06177 -2.32170e+00 |  8  0.05135 -1.05354e+00 |  9 -0.06580 -5.27472e-01
 10  0.06608 -3.22236e-01 | 11  0.04020 -1.78944e+00 | 12  0.00000 -5.66324e-01
 13  0.00000 -6.47313e-01 | 14  0.00000 -7.39284e-01 | 15  0.00000 -8.43638e-01
 16  0.00000 -9.62236e-01 | 17  0.00000 -1.09750e+00 | 18  0.00000 -1.25181e+00
 19  0.00000 -1.42675e+00 | 20  0.00000 -1.62327e+00 | 21  0.00000 -1.84445e+00
 22  0.00000 -2.08963e+00 | 23  0.00000 -2.36202e+00 | 24  0.00000 -2.66681e+00
 25  0.00000 -3.00636e+00 | 26  0.00000 -3.38006e+00 | 27  0.00000 -3.78333e+00
 28  0.00000 -4.22224e+00 | 29  0.00000 -4.70072e+00 | 30  0.00000 -5.21642e+00
 31  0.00000 -5.77142e+00 | 32  0.00000 -6.37799e+00 | 33  0.00000 -7.07207e+00
 34  0.00000 -7.89042e+00 | 35  0.00000 -8.84960e+00 | 36  0.00000 -9.81910e+00
 37  0.00000 -1.04390e+01 | 38  0.00000 -9.97756e+00 | 39  0.00000 -7.52660e+00
 40  0.00000 -3.15032e+00 | 41  0.00000  9.39725e-01 | 42  0.00000  2.04314e+00
 43  0.00000 -1.69402e+00 | 44  0.00000 -8.98065e+00 | 45  0.00000 -1.58706e+01
 46  0.00000 -2.27176e+01 | 47  0.00000 -2.66362e+01 | 48  0.00000 -1.60513e+01
 49  0.00000 -8.35115e+00 | 50  0.00000 -2.71829e+01 | 51  0.00000 -5.90063e+01
 52  0.00000 -8.19491e+01 | 53  0.00000  1.75126e+01 | 54  0.00000  1.14775e+02
 55  0.00000  1.01092e+02 | 56  0.00000  1.02272e+00 | 57  0.00000  1.24907e+02
 58  0.00000  2.57485e+02 | 59  0.00000  2.75058e+02 | 60  0.00000 -6.00695e+01
 61  0.00000 -5.09263e+02 | 62  0.00000 -4.07180e+01 | 63  0.00000  3.15698e+01
 64  0.00000  3.18220e+01 | 65  0.00000 -2.61034e+01 | 66  0.00000 -3.33112e+01
 67  0.00000  2.27893e+01 | 68  0.00000  2.10937e+01 | 69  0.00000  6.44395e+01
 70  0.00000  7.36726e+00 | 71  0.00000  1.13796e+02 | 72  0.00000  1.38588e+02
 73  0.00000  2.06854e+02 | 74  0.00000  1.71585e+02 | 75  0.00000 -2.55305e+02
 76  0.00000 -7.85048e+02 | 77  0.00000 -1.17896e+02 | 78  0.00000  6.26279e+01
 79  0.00000  1.36941e+02 | 80  0.00000 -5.16996e+01 | 81  0.00000  2.08085e+02
 82  0.00000  3.11479e+02 | 83  0.00000  3.37359e+02 | 84  0.00000  2.15616e+02
 85  0.00000  1.55597e+02 | 86  0.00000 -2.09967e+02 | 87  0.00000 -3.66045e+02
 88  0.00000 -4.73802e+01 | 89  0.00000 -1.87252e+02 | 90  0.00000 -4.88093e+02
 91  0.00000  9.54491e+00 | 92  0.00000  2.23692e+01 | 93  0.00000  6.08983e+00
 94  0.00000  1.01539e+02 | 95  0.00000  1.98605e+02 | 96  0.00000  1.19172e+02
 97  0.00000  2.81909e+01 | 98  0.00000 -7.57842e+01 | 99  0.00000  4.10708e+01
100  0.00000 -7.40644e+00 |101  0.00000 -1.02518e+01 |102 -0.26482 -1.17220e-02
103 -0.24312  1.43725e-01 |104  0.10233  6.43025e-02 |105  0.22928 -4.72118e-01
106 -0.09974  1.41218e+00 |107  0.19692  2.94994e-02 |108  0.01740  3.62196e-01
109  0.19297  3.72536e-01 |110  0.12964 -4.76293e-01 |111  0.17720  4.30447e-01
112 -0.14197 -4.17284e-01 |113  0.35462  1.41801e+00 |114 -0.03595 -6.91367e-01
115  0.28071 -1.60988e+00 |116 -0.06249  1.14794e+00 |117 -0.17795 -5.31564e-01
118 -0.35618  2.23281e-01 |119  0.31075  3.81501e-01 |120 -0.10388 -1.09868e-01
121  0.01228  7.61860e-01 |122  0.02701 -8.60443e-01 |123 -0.13655 -2.86592e-02
124  0.18592  4.42147e-01 |125  0.03975  1.09833e-01 |126 -0.23510  1.28524e-01
127  0.45555  1.66830e+00 |128 -0.16326 -1.68574e+00 |129  0.13664  5.56726e-01
130 -0.12909 -9.39762e-01 |

Intermediate statistics: 130 variables; iteration 20; function evaluation 28; phase 4
Function value 2.3706838e+03; maximum gradient component mag 3.4592e+02
Var    Value     Gradient |Var    Value     Gradient |Var    Value     Gradient
  1 -0.14352 -4.53051e+01 |  2  0.02356 -1.00152e+01 |  3 -0.09080 -4.34217e+00
  4  0.05072  5.70200e+00 |  5 -0.42423  3.65085e+00 |  6 -0.03695 -1.87016e+01
  7  0.07944 -1.45324e+01 |  8 -0.02941 -2.60950e+00 |  9  0.11571 -1.04189e+01
 10 -0.07046 -3.14376e+00 | 11 -0.07192  6.24806e+01 | 12  0.00547  3.17658e-02
 13  0.00627  3.59225e-02 | 14  0.00719  4.08213e-02 | 15  0.00824  4.67628e-02
 16  0.00945  5.40511e-02 | 17  0.01086  6.28334e-02 | 18  0.01251  7.29280e-02
 19  0.01445  8.43570e-02 | 20  0.01669  9.77609e-02 | 21  0.01932  1.14710e-01
 22  0.02236  1.35386e-01 | 23  0.02590  1.60383e-01 | 24  0.03011  1.88779e-01
 25  0.03513  2.19046e-01 | 26  0.04109  2.48506e-01 | 27  0.04798  2.73585e-01
 28  0.05585  2.93890e-01 | 29  0.06456  3.14346e-01 | 30  0.07345  3.58669e-01
 31  0.08136  4.93062e-01 | 32  0.08686  8.15430e-01 | 33  0.08966  1.37478e+00
 34  0.09166  2.10248e+00 | 35  0.09779  2.84512e+00 | 36  0.11033  3.41403e+00
 37  0.12125  3.60473e+00 | 38  0.10799  3.45478e+00 | 39  0.05499  2.11715e+00
 40 -0.00439 -8.28430e-01 | 41 -0.03950 -3.02429e+00 | 42 -0.04585 -3.52094e+00
 43 -0.01523 -1.70869e+00 | 44  0.05988  2.55170e+00 | 45  0.09149  7.25691e+00
 46  0.07824  9.71768e+00 | 47  0.14280  1.31075e+01 | 48  0.01123 -1.98056e-01
 49 -0.02142 -3.57412e+00 | 50  0.09876 -2.19557e+00 | 51 -0.00939 -3.99283e+00
 52  0.14926 -1.20888e+01 | 53 -0.04469 -7.31577e+00 | 54 -0.02504 -7.49228e+00
 55 -0.04329 -1.47130e+00 | 56  0.10111  1.80993e+01 | 57 -0.00403  1.13080e+01
 58 -0.07797  2.27242e+00 | 59 -0.14434 -4.43268e+00 | 60 -0.21570 -1.67231e+01
 61  0.21413  1.07495e+02 | 62 -0.17543 -8.29036e+00 | 63  0.04399  2.98357e+00
 64  0.02911  1.10251e+01 | 65  0.06006  2.61656e+01 | 66  0.06474  2.74850e+01
 67 -0.00316  1.34301e+01 | 68  0.04678  1.52841e+01 | 69 -0.08968  2.25204e+00
 70  0.05994  8.08913e+00 | 71 -0.08556 -3.36655e+00 | 72 -0.00889 -1.44101e+00
 73 -0.11927 -1.35476e+01 | 74 -0.11344 -2.52939e+01 | 75 -0.26685 -2.22249e+01
 76  0.32988  3.45924e+02 | 77 -0.40705 -2.64382e+01 | 78  0.03734 -1.60275e+01
 79 -0.07905 -1.69253e+01 | 80  0.11755  1.28261e+01 | 81 -0.07687 -1.90182e+01
 82 -0.22833 -2.16169e+01 | 83 -0.29792 -2.17284e+01 | 84 -0.03546 -1.43815e+01
 85 -0.24590 -2.07019e+01 | 86  0.13396  6.11864e+00 | 87  0.17934 -2.66265e+01
 88  0.01194 -1.36438e+01 | 89  0.07346 -7.82089e+00 | 90  0.21710  5.74255e+00
 91 -0.09276 -2.69349e+01 | 92  0.04196 -4.23773e+00 | 93  0.07191 -8.74881e+00
 94 -0.00657 -5.12049e+00 | 95 -0.21960 -1.93662e+01 | 96 -0.05269 -8.35625e+00
 97 -0.00788 -6.87392e+00 | 98  0.07271  8.44153e+00 | 99 -0.06066 -8.60066e+00
100  0.03967 -5.67780e-01 |101  0.11925  3.88683e+00 |102 -0.27254  3.45972e-01
103 -0.24861 -2.90363e+00 |104 -0.09203 -2.03789e-01 |105  0.16034 -3.30978e+01
106 -0.11075  5.89674e+01 |107  0.13671  7.37310e-01 |108  0.04883  5.63659e-01
109  0.04051 -4.16238e+01 |110  0.03725  4.09432e+01 |111  0.19720  2.27993e+00
112 -0.11096 -2.86527e+00 |113  0.32482  1.33513e+01 |114 -0.04212 -1.28364e+01
115  0.13541 -3.46849e+00 |116 -0.10863  4.93427e+00 |117 -0.18797  2.66890e+00
118 -0.39979 -3.20924e+00 |119  0.13701  7.42224e+00 |120 -0.08271 -2.82793e-01
121  0.00208  1.80736e+01 |122 -0.00756 -8.12565e+00 |123 -0.14085  3.46777e+00
124  0.11314  9.32672e+00 |125  0.02601 -2.34979e+01 |126 -0.17651 -3.26307e+00
127  0.43592  7.30429e-01 |128 -0.16330 -5.78453e-01 |129  0.07574  1.33110e+01
130 -0.18762 -1.09868e+01 |
130 variables; iteration 40; function evaluation 48; phase 4
Function value 2.3577273e+03; maximum gradient component mag 2.5857e+02
Var    Value     Gradient |Var    Value     Gradient |Var    Value     Gradient
  1 -0.16674 -5.65593e+01 |  2 -0.02570  2.00167e+01 |  3 -0.00362  3.59518e+01
  4 -0.02644  3.01324e+00 |  5 -0.37293  1.06253e+01 |  6 -0.01758 -3.17490e+00
  7  0.10087 -1.92713e+01 |  8 -0.11400 -2.97029e+00 |  9  0.20368 -4.74749e+00
 10 -0.16969 -6.68092e+00 | 11 -0.07737  8.23386e+01 | 12  0.00503  8.02794e-02
 13  0.00574  9.08054e-02 | 14  0.00655  1.02821e-01 | 15  0.00747  1.16537e-01
 16  0.00852  1.32316e-01 | 17  0.00973  1.50698e-01 | 18  0.01115  1.72359e-01
 19  0.01280  1.97673e-01 | 20  0.01470  2.26381e-01 | 21  0.01686  2.57648e-01
 22  0.01925  2.89943e-01 | 23  0.02190  3.22464e-01 | 24  0.02491  3.57433e-01
 25  0.02840  3.98919e-01 | 26  0.03252  4.58328e-01 | 27  0.03768  5.63557e-01
 28  0.04504  7.81451e-01 | 29  0.05689  1.22028e+00 | 30  0.07525  1.92617e+00
 31  0.09360  2.58057e+00 | 32  0.09151  2.65806e+00 | 33  0.07193  2.14620e+00
 34  0.06094  1.92942e+00 | 35  0.06314  2.30023e+00 | 36  0.07724  3.15313e+00
 37  0.11914  5.18055e+00 | 38  0.08306  4.19970e+00 | 39  0.04305  3.12795e+00
 40  0.00361  1.65591e+00 | 41 -0.02429  1.68326e-01 | 42 -0.02707  1.77589e-02
 43 -0.00170  1.15993e+00 | 44  0.04461  2.75704e+00 | 45  0.06762  5.34067e+00
 46  0.06355  7.60125e+00 | 47  0.11757  1.24519e+01 | 48  0.04037  6.50311e+00
 49  0.00707  3.01166e+00 | 50  0.05728  3.79213e+00 | 51  0.04240  6.33555e+00
 52  0.12774 -6.40260e+00 | 53 -0.03244 -5.97835e+00 | 54 -0.03949 -5.21121e+00
 55 -0.03475  3.93036e+00 | 56  0.08865  1.54732e+01 | 57 -0.01381  1.08482e+01
 58 -0.07920  6.71586e+00 | 59 -0.15283 -1.76435e+00 | 60 -0.18570 -1.20147e+01
 61  0.20328  1.23838e+02 | 62 -0.17773 -8.47819e+00 | 63  0.03014 -5.20765e+00
 64  0.01498  6.04900e+00 | 65  0.04894  2.22656e+01 | 66  0.04809  1.52375e+01
 67 -0.01756  8.27656e+00 | 68  0.03060  9.49975e+00 | 69 -0.08901  3.83965e+00
 70  0.03748 -5.46537e+00 | 71 -0.08785 -2.04772e+00 | 72 -0.02790 -1.37172e+00
 73 -0.11779 -9.28211e+00 | 74 -0.12487 -2.05735e+01 | 75 -0.18084 -1.63966e+01
 76  0.31040  2.58571e+02 | 77 -0.40887 -2.66222e+01 | 78  0.02914 -7.22183e+00
 79 -0.05734 -5.75679e+00 | 80  0.09329 -1.26558e+01 | 81 -0.09056 -1.79777e+01
 82 -0.22587 -1.36682e+01 | 83 -0.24943 -6.75996e+00 | 84 -0.07462 -7.80716e+00
 85 -0.07989 -2.41734e+00 | 86  0.10548 -1.16161e+01 | 87  0.16662 -3.99370e+01
 88  0.00089 -1.58712e+01 | 89  0.06333 -1.45135e-02 | 90  0.20791  3.24302e+01
 91 -0.08288 -1.61669e+01 | 92  0.02960 -7.39513e+00 | 93  0.06137 -8.73054e+00
 94 -0.02592 -1.01342e+01 | 95 -0.16775 -4.79911e+00 | 96 -0.07002 -8.52248e+00
 97 -0.01777 -1.13783e+00 | 98  0.05505  9.44408e+00 | 99 -0.07320 -7.29408e+00
100  0.04537  5.67757e+00 |101  0.10294  1.59038e+00 |102 -0.36666 -1.39190e+00
103 -0.26525 -2.29265e+00 |104 -0.10933 -6.48854e-01 |105  0.16378 -1.60803e+01
106 -0.10779  3.65268e+01 |107  0.00812 -6.68828e-01 |108 -0.12883 -3.45074e+00
109  0.03125 -1.69576e+01 |110  0.02809  1.80676e+01 |111  0.33915  1.94790e+00
112 -0.02537 -4.45113e-01 |113  0.34601  1.31401e+01 |114 -0.01784 -1.02669e+01
115  0.14173 -7.71569e+00 |116 -0.09067  1.28010e+01 |117 -0.15852  1.58801e+01
118 -0.34952 -1.40735e+00 |119 -0.00048  1.00812e+01 |120 -0.06282  9.46887e+00
121 -0.00836  1.38349e+01 |122 -0.01430 -5.66907e+00 |123 -0.12853  4.03101e+00
124 -0.18233 -1.05957e+01 |125 -0.05893  8.21148e+00 |126  0.13084  3.98484e+00
127  0.47356  4.05376e-01 |128 -0.14679  7.79634e-01 |129  0.05227 -4.63943e+00
130 -0.19701  5.91427e+00 |
130 variables; iteration 60; function evaluation 71; phase 4
Function value 2.3441389e+03; maximum gradient component mag -1.7448e+02
Var    Value     Gradient |Var    Value     Gradient |Var    Value     Gradient
  1 -0.20028 -1.74480e+02 |  2 -0.00383  1.06730e+01 |  3 -0.04093  2.36552e+01
  4  0.00121  3.58442e+01 |  5 -0.39791  1.12459e+01 |  6 -0.00103 -1.20379e+01
  7  0.08651 -2.66753e+01 |  8 -0.06751 -5.15339e+00 |  9  0.17667  7.32609e+00
 10 -0.10248  3.74708e+00 | 11 -0.07134  1.48920e+02 | 12  0.00434  1.59885e-01
 13  0.00493  1.82457e-01 | 14  0.00561  2.07870e-01 | 15  0.00636  2.36251e-01
 16  0.00721  2.67972e-01 | 17  0.00818  3.03799e-01 | 18  0.00929  3.44883e-01
 19  0.01055  3.91655e-01 | 20  0.01197  4.43369e-01 | 21  0.01354  4.97880e-01
 22  0.01521  5.54262e-01 | 23  0.01700  6.11388e-01 | 24  0.01894  6.72802e-01
 25  0.02107  7.42668e-01 | 26  0.02344  8.31699e-01 | 27  0.02624  9.65475e-01
 28  0.03008  1.19815e+00 | 29  0.03595  1.61610e+00 | 30  0.04410  2.27150e+00
 31  0.05087  2.94105e+00 | 32  0.04908  3.11950e+00 | 33  0.03996  2.79580e+00
 34  0.03389  2.69100e+00 | 35  0.03457  3.10221e+00 | 36  0.04281  4.22033e+00
 37  0.05919  6.58897e+00 | 38  0.04419  6.79660e+00 | 39  0.02390  7.45093e+00
 40  0.00899  9.12175e+00 | 41 -0.00361  1.01240e+01 | 42 -0.00476  1.08767e+01
 43  0.00573  1.07096e+01 | 44  0.02673  1.01627e+01 | 45  0.03336  9.12226e+00
 46  0.04562  1.00393e+01 | 47  0.06800  1.17659e+01 | 48  0.03435  1.44854e+01
 49  0.01157  1.67278e+01 | 50  0.03908  1.99102e+01 | 51  0.02935  1.84446e+01
 52  0.10279  2.43272e+01 | 53 -0.01053  1.86997e+01 | 54 -0.04211  1.77467e+01
 55 -0.03978  1.80091e+01 | 56  0.06923  1.16216e+01 | 57 -0.03288  1.02410e+01
 58 -0.07818  2.15715e+01 | 59 -0.13871  1.36939e+01 | 60 -0.15771 -2.53347e+00
 61  0.18043  5.38201e+01 | 62 -0.13888  9.06032e-01 | 63  0.02060  8.47749e+00
 64  0.00331  5.73665e+00 | 65  0.02876 -6.13037e-01 | 66  0.02917 -6.84092e+00
 67 -0.03153  8.59534e-01 | 68  0.01996  6.65944e+00 | 69 -0.10931  4.56158e-01
 70  0.02650 -1.56700e+00 | 71 -0.09112  3.02545e+00 | 72 -0.04859  4.14998e+00
 73 -0.10701  6.86488e+00 | 74 -0.09675  1.36534e+00 | 75 -0.20877 -1.77675e+01
 76  0.26705 -5.89992e+00 | 77 -0.18448 -7.06885e+00 | 78  0.01786  6.33443e+00
 79 -0.05932  7.81525e+00 | 80  0.07108 -1.61368e+01 | 81 -0.08208  3.80848e+00
 82 -0.18258  9.99085e+00 | 83 -0.20469  1.46952e+01 | 84 -0.07886  4.15320e+00
 85 -0.07636  1.60778e+01 | 86  0.08730 -1.10807e+01 | 87  0.15366 -8.98259e+00
 88 -0.01462 -1.52827e+01 | 89  0.03785 -1.93607e+01 | 90  0.19032  1.48262e+01
 91 -0.05612  1.07545e+01 | 92  0.02311  4.80226e+00 | 93  0.05157 -4.09455e+00
 94 -0.03342 -6.77678e+00 | 95 -0.14386  6.75686e+00 | 96 -0.06951 -3.26770e+00
 97 -0.03233 -1.67532e+01 | 98  0.06119  1.85226e+01 | 99 -0.04544  4.48540e+00
100  0.03535  2.07310e+00 |101  0.07047 -4.84241e+00 |102 -0.30657  3.15065e-02
103 -0.26585 -1.23366e+00 |104 -0.08387  1.69154e+00 |105  0.15377  9.47364e+00
106 -0.12149 -8.54172e+00 |107  0.10127  1.42743e+00 |108 -0.00332 -1.28124e+00
109  0.04429  1.94707e+01 |110  0.02922 -1.48672e+01 |111  0.22664 -3.85737e+00
112 -0.07247  8.54583e+00 |113  0.33578  1.17227e+01 |114 -0.02600 -9.69397e+00
115  0.15326  2.59391e+00 |116 -0.08753  1.34545e+00 |117 -0.12942  2.53182e+01
118 -0.30760 -2.94209e+00 |119 -0.11590  3.02590e+00 |120 -0.04806  2.26684e+01
121 -0.01448 -8.66964e+00 |122 -0.01138  2.97321e+00 |123 -0.12370 -1.64961e+00
124 -0.03670 -8.29729e+00 |125 -0.00972  8.69775e+00 |126 -0.03805  3.64487e+00
127  0.44634 -3.52639e+00 |128 -0.15284  7.43703e+00 |129  0.05278  3.96874e+00
130 -0.20083 -4.69596e+00 |
130 variables; iteration 80; function evaluation 93; phase 4
Function value 2.3410873e+03; maximum gradient component mag 8.5899e+01
Var    Value     Gradient |Var    Value     Gradient |Var    Value     Gradient
  1 -0.19723 -7.99191e+01 |  2  0.01697  9.19393e+00 |  3 -0.06198  4.70123e+00
  4 -0.00327  3.54552e+00 |  5 -0.40853  1.09581e+00 |  6  0.00676 -4.45592e+00
  7  0.09074 -2.23744e+00 |  8 -0.08051 -1.08955e+00 |  9  0.18528 -7.48259e-01
 10 -0.11858 -9.12649e-01 | 11 -0.07901  8.58994e+01 | 12  0.00477  1.44538e-01
 13  0.00543  1.65311e-01 | 14  0.00618  1.88873e-01 | 15  0.00703  2.15494e-01
 16  0.00798  2.45617e-01 | 17  0.00907  2.79815e-01 | 18  0.01032  3.18723e-01
 19  0.01175  3.62539e-01 | 20  0.01336  4.10981e-01 | 21  0.01515  4.63051e-01
 22  0.01711  5.18176e-01 | 23  0.01927  5.77173e-01 | 24  0.02172  6.46412e-01
 25  0.02464  7.37430e-01 | 26  0.02826  8.70527e-01 | 27  0.03278  1.06698e+00
 28  0.03825  1.33201e+00 | 29  0.04377  1.61206e+00 | 30  0.04757  1.82034e+00
 31  0.05118  2.08810e+00 | 32  0.05426  2.40691e+00 | 33  0.05061  2.32077e+00
 34  0.04494  2.03619e+00 | 35  0.04451  1.96676e+00 | 36  0.04883  2.10361e+00
 37  0.06207  3.03409e+00 | 38  0.04136  2.46963e+00 | 39  0.02216  3.06469e+00
 40  0.00108  3.85667e+00 | 41 -0.01657  4.09145e+00 | 42 -0.02029  4.37648e+00
 43  0.00008  5.77208e+00 | 44  0.03497  7.25375e+00 | 45  0.05383  8.42216e+00
 46  0.05716  8.28419e+00 | 47  0.07372  7.42110e+00 | 48  0.04433  9.49943e+00
 49  0.00362  7.49772e+00 | 50  0.04509  9.72860e+00 | 51  0.02983  9.65224e+00
 52  0.11055  9.50053e+00 | 53 -0.01634  9.11042e+00 | 54 -0.03566  1.14420e+01
 55 -0.04504  1.06606e+01 | 56  0.07612  1.51064e+01 | 57 -0.02606  1.20573e+01
 58 -0.08335  1.53681e+01 | 59 -0.13249  1.38127e+01 | 60 -0.14079 -5.66076e-01
 61  0.18212  1.46191e+01 | 62 -0.14228 -1.97875e+00 | 63  0.02557  6.16742e+00
 64  0.00549  4.82808e+00 | 65  0.03125  3.57575e+00 | 66  0.03886  4.03983e+00
 67 -0.02953  1.53345e+00 | 68  0.02022  3.37783e+00 | 69 -0.09979  2.48039e+00
 70  0.02904  1.95070e+00 | 71 -0.09133  3.28156e+00 | 72 -0.04541  5.57897e+00
 73 -0.11058  5.53143e+00 | 74 -0.09804  1.83829e+00 | 75 -0.17416 -1.44794e+01
 76  0.26771 -5.60938e-01 | 77 -0.20997 -1.11812e+01 | 78  0.01329 -1.11535e+00
 79 -0.06594  3.26389e+00 | 80  0.07429  6.72418e-01 | 81 -0.08297  3.85101e+00
 82 -0.18944  6.47082e+00 | 83 -0.21653  9.90706e+00 | 84 -0.07379  7.57591e+00
 85 -0.09711  2.50233e+00 | 86  0.08837 -7.23761e+00 | 87  0.15143 -1.03940e+01
 88 -0.00229 -5.26258e-01 | 89  0.04565 -7.86951e+00 | 90  0.18638 -8.14512e+00
 91 -0.07418 -4.30342e+00 | 92  0.01961 -9.40281e-01 | 93  0.05027 -9.18081e-01
 94 -0.02662  2.56764e+00 | 95 -0.14838  6.53758e+00 | 96 -0.06730  3.32147e+00
 97 -0.02163  4.57289e+00 | 98  0.04651 -4.97682e+00 | 99 -0.05769  6.62937e-01
100  0.02896 -1.10013e+00 |101  0.09885  1.19508e+00 |102 -0.30995 -3.76842e-02
103 -0.26301 -2.07073e-01 |104 -0.10633 -6.67672e-01 |105  0.13880  2.11782e+00
106 -0.13133 -3.00704e+00 |107  0.11401 -1.26440e+00 |108  0.06428  1.81144e+00
109 -0.00753 -8.04737e+00 |110 -0.01589  4.85464e+00 |111  0.20542  9.54673e-02
112 -0.09546  1.12164e+00 |113  0.32904  3.55190e+00 |114 -0.02776 -2.85833e+00
115  0.13160  2.65854e+00 |116 -0.10299 -2.35746e+00 |117 -0.14714 -8.23630e+00
118 -0.33447  2.28621e+00 |119 -0.08075 -8.23668e-01 |120 -0.05537 -1.98236e+00
121 -0.00473 -3.95116e-01 |122 -0.00435  9.36807e-01 |123 -0.13846  1.40692e-01
124  0.03057  2.37810e+00 |125  0.00636 -2.82686e+00 |126 -0.10526  1.23972e+00
127  0.42643 -5.95950e-02 |128 -0.16938 -1.53354e+00 |129  0.05198  1.42773e+00
130 -0.19999 -1.28218e+00 |
130 variables; iteration 100; function evaluation 115; phase 4
Function value 2.3400477e+03; maximum gradient component mag 5.4699e+01
Var    Value     Gradient |Var    Value     Gradient |Var    Value     Gradient
  1 -0.19847 -5.11498e+01 |  2  0.01420  5.43385e+00 |  3 -0.06265  2.48422e+00
  4 -0.00495  2.65097e+00 |  5 -0.40961 -1.42910e+00 |  6 -0.00013 -1.23613e+01
  7  0.08968  2.06983e+01 |  8 -0.06949  4.19503e+00 |  9  0.18374  2.02203e+00
 10 -0.11265  8.68106e-02 | 11 -0.08156  5.46987e+01 | 12  0.00443  3.87034e-02
 13  0.00505  4.63702e-02 | 14  0.00576  5.53940e-02 | 15  0.00656  6.60306e-02
 16  0.00748  7.85132e-02 | 17  0.00852  9.29173e-02 | 18  0.00972  1.09197e-01
 19  0.01110  1.27751e-01 | 20  0.01268  1.50138e-01 | 21  0.01453  1.79470e-01
 22  0.01672  2.21701e-01 | 23  0.01945  2.88739e-01 | 24  0.02309  4.00255e-01
 25  0.02815  5.86412e-01 | 26  0.03513  8.72787e-01 | 27  0.04347  1.21387e+00
 28  0.04933  1.37298e+00 | 29  0.04342  8.49051e-01 | 30  0.02217 -5.71775e-01
 31  0.00856 -1.48201e+00 | 32  0.02046 -6.10667e-01 | 33  0.04837  1.32447e+00
 34  0.05506  1.94101e+00 | 35  0.05059  1.77407e+00 | 36  0.04691  1.53596e+00
 37  0.06808  3.02533e+00 | 38  0.04693  2.59578e+00 | 39  0.02757  3.24987e+00
 40  0.00438  3.79384e+00 | 41 -0.01819  3.22668e+00 | 42 -0.02249  3.13198e+00
 43 -0.00722  3.30115e+00 | 44  0.02946  4.17465e+00 | 45  0.05021  5.17436e+00
 46  0.05653  5.69205e+00 | 47  0.07807  5.02820e+00 | 48  0.03586  6.06159e+00
 49  0.00584  5.53952e+00 | 50  0.04084  5.09605e+00 | 51  0.02864  6.59343e+00
 52  0.11029  6.21331e+00 | 53 -0.01467  8.07154e+00 | 54 -0.04127  7.26997e+00
 55 -0.04702  7.20555e+00 | 56  0.07478  8.86783e+00 | 57 -0.02393  1.03107e+01
 58 -0.09140  9.89936e+00 | 59 -0.13211  1.32935e+01 | 60 -0.13182  1.52259e+00
 61  0.18024  2.81911e+00 | 62 -0.13023  4.47478e-01 | 63  0.02344  4.98060e+00
 64  0.00477  5.15381e+00 | 65  0.03055  4.53249e+00 | 66  0.03708  2.75694e+00
 67 -0.03411 -1.75337e+00 | 68  0.01560 -3.04808e+00 | 69 -0.10436  7.53134e-01
 70  0.02683  2.43006e-01 | 71 -0.09811  5.72806e-01 | 72 -0.04952  3.37227e+00
 73 -0.11307  5.13146e+00 | 74 -0.10283  1.53620e+00 | 75 -0.15648 -1.23821e+01
 76  0.26517 -7.27311e+00 | 77 -0.18795 -7.76412e+00 | 78  0.01293  4.51091e-01
 79 -0.07049  1.17622e+00 | 80  0.07230  2.09135e+00 | 81 -0.08544  4.63261e+00
 82 -0.19673  4.21218e+00 | 83 -0.23517  3.42858e+00 | 84 -0.08028  4.10175e+00
 85 -0.10009  1.68655e+00 | 86  0.08647 -2.22242e+00 | 87  0.14938 -2.48427e+00
 88 -0.00367  1.55383e+00 | 89  0.04615 -4.44432e+00 | 90  0.18326 -1.33446e+01
 91 -0.07805 -5.75161e+00 | 92  0.01829  4.20131e-01 | 93  0.05115  5.86518e+00
 94 -0.02921  2.07101e+00 | 95 -0.16268  1.43419e+00 | 96 -0.06595  4.60564e+00
 97 -0.02544  1.28919e+00 | 98  0.04414 -5.52691e+00 | 99 -0.06320 -1.15445e+00
100  0.02951 -1.87988e-01 |101  0.09849  1.42733e+00 |102 -0.27834  6.68534e-01
103 -0.26220  5.79079e-02 |104 -0.10537 -1.41695e-01 |105  0.14399 -3.82594e-02
106 -0.12894 -4.04528e+00 |107  0.11665  7.41168e-02 |108  0.03551  3.25194e-01
109  0.01822  7.87033e-01 |110  0.00775 -1.50099e+00 |111  0.20798  4.41335e+00
112 -0.10418 -5.47144e+00 |113  0.32878 -1.20430e+00 |114 -0.03110 -9.68630e-01
115  0.13734  1.23247e+00 |116 -0.10115 -2.69023e+00 |117 -0.14866 -1.93436e+00
118 -0.33746  8.06022e-01 |119 -0.06929  1.25295e+00 |120 -0.05678 -7.15731e+00
121  0.01075  4.89930e+00 |122  0.01135  2.64321e-01 |123 -0.16901 -1.02862e+00
124  0.02152  1.06080e+00 |125  0.00410 -1.89199e+00 |126 -0.09476  1.43260e+00
127  0.45078  1.23182e+00 |128 -0.15758 -1.43627e+00 |129  0.04917  1.58250e+00
130 -0.20351 -2.51585e+00 |
130 variables; iteration 120; function evaluation 141; phase 4
Function value 2.3388305e+03; maximum gradient component mag 2.6819e+01
Var    Value     Gradient |Var    Value     Gradient |Var    Value     Gradient
  1 -0.21067 -2.05253e+01 |  2  0.01229  1.91218e+00 |  3 -0.05802  1.30637e+00
  4 -0.00739 -3.69861e-01 |  5 -0.40774 -5.81998e-01 |  6  0.00963 -8.38083e+00
  7  0.09081  7.00928e+00 |  8 -0.07556  3.11958e-01 |  9  0.18559 -8.23408e-01
 10 -0.11437  2.07592e-01 | 11 -0.09360  2.68192e+01 | 12  0.01110  6.19005e-01
 13  0.01253  6.95095e-01 | 14  0.01403  7.69223e-01 | 15  0.01549  8.33008e-01
 16  0.01680  8.75925e-01 | 17  0.01785  8.86744e-01 | 18  0.01853  8.55775e-01
 19  0.01879  7.78492e-01 | 20  0.01876  6.67888e-01 | 21  0.01896  5.63895e-01
 22  0.02022  5.31695e-01 | 23  0.02272  5.79492e-01 | 24  0.02448  5.52709e-01
 25  0.02427  3.66628e-01 | 26  0.02986  5.77531e-01 | 27  0.03974  1.04627e+00
 28  0.04111  9.33808e-01 | 29  0.04456  9.54206e-01 | 30  0.03273  7.72248e-02
 31  0.01578 -1.10286e+00 | 32  0.02499 -5.80846e-01 | 33  0.04521  5.38589e-01
 34  0.04720  4.89358e-01 | 35  0.02701 -9.14984e-01 | 36  0.04333 -4.14982e-01
 37  0.04376 -5.67410e-01 | 38  0.05656  7.11673e-01 | 39  0.01771  4.39859e-01
 40 -0.00945  7.69048e-01 | 41 -0.02889  7.46404e-01 | 42 -0.01867  2.54115e+00
 43 -0.00229  2.59413e+00 | 44  0.02709  2.07828e+00 | 45  0.04397  2.43053e+00
 46  0.05271  3.09902e+00 | 47  0.08807  2.08413e+00 | 48  0.01609  1.18514e+00
 49  0.01351  3.80619e+00 | 50  0.03937  1.53176e+00 | 51  0.02309  3.49253e+00
 52  0.11385  1.91521e+00 | 53 -0.02738  2.88707e+00 | 54 -0.03705  4.82051e+00
 55 -0.05431  3.12230e+00 | 56  0.07618  4.07786e+00 | 57 -0.02874  3.81288e+00
 58 -0.09404  4.03369e+00 | 59 -0.14891  4.70704e+00 | 60 -0.12761  1.38742e+00
 61  0.18067  6.19274e+00 | 62 -0.12083  2.78053e+00 | 63  0.02263  3.12844e+00
 64  0.00347  2.24441e+00 | 65  0.03114  2.62961e+00 | 66  0.03316  2.44264e-01
 67 -0.02598  2.86251e+00 | 68  0.01209 -3.09257e+00 | 69 -0.10692  1.53385e-01
 70  0.02514 -6.74087e-02 | 71 -0.10108 -4.26704e-01 | 72 -0.05284  5.26779e-01
 73 -0.12205  1.38182e+00 | 74 -0.11483 -6.11563e-01 | 75 -0.09736 -1.95528e+00
 76  0.26400 -1.95376e+00 | 77 -0.14670  5.06818e-02 | 78  0.01204  6.06077e-01
 79 -0.07335 -8.59816e-01 | 80  0.07167  2.45601e+00 | 81 -0.09058  9.55263e-01
 82 -0.21066 -1.59524e+00 | 83 -0.24593  1.70154e-01 | 84 -0.08603 -2.93968e-01
 85 -0.10046  1.29547e+00 | 86  0.08587  4.09405e-01 | 87  0.14836 -9.33148e-01
 88 -0.00722 -5.80331e-01 | 89  0.04819  1.84715e+00 | 90  0.18327 -1.88852e+00
 91 -0.07523 -2.86298e+00 | 92  0.01781  4.10546e-01 | 93  0.04954  2.63757e+00
 94 -0.02937  8.27967e-01 | 95 -0.17288 -2.37689e+00 | 96 -0.06958  5.61836e-01
 97 -0.02662 -3.79110e-01 | 98  0.04568 -5.64804e-01 | 99 -0.06302 -3.63314e-01
100  0.02047 -2.11116e+00 |101  0.07601 -2.82467e+00 |102 -0.19343  2.15863e+00
103 -0.26952 -3.18755e-01 |104 -0.11014 -4.78199e-01 |105  0.15213  1.03707e+00
106 -0.12272 -1.99776e+00 |107  0.07949 -4.36461e-01 |108 -0.00955 -2.53478e-01
109 -0.00058 -4.34593e+00 |110 -0.01106  1.11409e+00 |111  0.18048  6.40648e-01
112 -0.11610 -1.17388e+00 |113  0.33666  9.11295e-01 |114 -0.02373 -6.79497e-01
115  0.14838  1.53262e+00 |116 -0.09041  5.80118e-01 |117 -0.14499 -3.64256e+00
118 -0.33118  1.75859e+00 |119 -0.08643 -2.82158e-01 |120 -0.05723 -3.66841e+00
121  0.00262  1.37106e+00 |122  0.00306  1.45583e-01 |123 -0.15619 -1.37954e+00
124  0.02369  1.22823e+00 |125  0.00854  1.14310e+00 |126 -0.10108  1.72455e+00
127  0.43838 -5.08848e-01 |128 -0.16338  9.94085e-02 |129  0.05641  2.45086e+00
130 -0.19621 -1.52945e+00 |
130 variables; iteration 140; function evaluation 175; phase 4
Function value 2.3381618e+03; maximum gradient component mag 1.3707e+01
Var    Value     Gradient |Var    Value     Gradient |Var    Value     Gradient
  1 -0.22680 -1.35256e+01 |  2  0.01402  1.08844e+00 |  3 -0.05858  5.48773e-01
  4 -0.00652  1.47980e-01 |  5 -0.40833  1.20328e-01 |  6  0.02573 -1.81744e+00
  7  0.09005  3.44229e-01 |  8 -0.07193  6.47289e-02 |  9  0.18460  1.00700e-01
 10 -0.11447  1.55369e-02 | 11 -0.11445  1.37071e+01 | 12  0.00475  1.67814e-02
 13  0.00559  3.82620e-02 | 14  0.00516 -5.28351e-02 | 15  0.00622 -2.43449e-02
 16  0.00663 -5.79845e-02 | 17  0.00657 -1.37749e-01 | 18  0.00887 -3.54678e-02
 19  0.01151  7.94580e-02 | 20  0.01214  2.11351e-02 | 21  0.01435  7.37765e-02
 22  0.01654  1.11582e-01 | 23  0.01766  5.56467e-02 | 24  0.02231  2.42497e-01
 25  0.02364  1.69929e-01 | 26  0.02580  1.45964e-01 | 27  0.02773  1.08115e-01
 28  0.02951  6.83823e-02 | 29  0.03248  1.21383e-01 | 30  0.03442  1.49282e-01
 31  0.03703  2.75512e-01 | 32  0.03681  2.93534e-01 | 33  0.03603  2.95135e-01
 34  0.03755  3.74966e-01 | 35  0.04215  4.67359e-01 | 36  0.04934  5.15392e-01
 37  0.05476  5.84817e-01 | 38  0.04185  4.59613e-01 | 39  0.01810  7.12009e-01
 40 -0.01011  7.07850e-01 | 41 -0.02788  6.85419e-01 | 42 -0.02957  7.67762e-01
 43 -0.01182  7.83780e-01 | 44  0.03040  1.02167e+00 | 45  0.04563  9.53213e-01
 46  0.04049  9.71451e-01 | 47  0.09426  1.25632e+00 | 48  0.02515  1.47839e+00
 49 -0.00208  1.32926e+00 | 50  0.05023  1.68463e+00 | 51  0.01371  1.78876e+00
 52  0.11880  2.29328e+00 | 53 -0.02728  1.59710e+00 | 54 -0.04005  9.71027e-01
 55 -0.05267  1.18211e+00 | 56  0.07915  1.69928e+00 | 57 -0.02724  1.19680e+00
 58 -0.09383  5.80368e-01 | 59 -0.15673  3.29874e-01 | 60 -0.12284  1.45554e+00
 61  0.18361  4.77427e+00 | 62 -0.12387  1.25814e+00 | 63  0.02473  9.52477e-01
 64  0.00524  6.84988e-01 | 65  0.03168  6.10515e-01 | 66  0.03670  7.36124e-01
 67 -0.03160  1.86974e-01 | 68  0.01692  5.38523e-01 | 69 -0.10921  8.01502e-02
 70  0.02559  2.07357e-01 | 71 -0.09970 -2.53094e-02 | 72 -0.05307 -1.77101e-01
 73 -0.12704 -4.91405e-01 | 74 -0.11380 -2.01368e-01 | 75 -0.08785  4.86876e-01
 76  0.26566  1.92782e+00 | 77 -0.14356  5.00751e-01 | 78  0.01331 -1.01318e-01
 79 -0.07063 -2.60287e-01 | 80  0.07222 -3.11992e-01 | 81 -0.09099 -4.73209e-01
 82 -0.20759 -5.05996e-01 | 83 -0.24756 -6.52113e-01 | 84 -0.08514 -5.91862e-01
 85 -0.10232 -4.20119e-01 | 86  0.08700  1.59400e-01 | 87  0.14956  1.39941e-01
 88 -0.00565  1.64441e-01 | 89  0.04836  3.04979e-01 | 90  0.18527  9.04560e-01
 91 -0.06921  3.37264e-01 | 92  0.01972 -1.19834e-01 | 93  0.05087 -1.70239e-01
 94 -0.02818 -2.55987e-01 | 95 -0.16400 -1.18439e-01 | 96 -0.06849 -2.97151e-01
 97 -0.02334 -1.33837e-01 | 98  0.04973  1.15151e-01 | 99 -0.05805 -1.76372e-02
100  0.03208  2.09696e-01 |101  0.09395  1.92245e-01 |102 -0.32402 -1.62749e-01
103 -0.26791 -1.50512e-02 |104 -0.11320  1.21589e-01 |105  0.15396  2.22759e-01
106 -0.12083 -3.37775e-01 |107  0.10034  8.29747e-02 |108  0.02161  1.35512e-02
109  0.01224 -3.19832e-02 |110  0.00432  1.53626e-01 |111  0.17785 -1.88260e-01
112 -0.11391  2.52856e-01 |113  0.33710  4.03955e-01 |114 -0.02305 -3.50808e-01
115  0.13174  1.46037e-01 |116 -0.10103 -4.75488e-01 |117 -0.14564  1.11046e-01
118 -0.33297 -3.99801e-02 |119 -0.08245 -3.82677e-02 |120 -0.05850  2.55769e-01
121 -0.00920 -1.87854e-01 |122 -0.00849 -6.36401e-02 |123 -0.13281  1.60081e-01
124  0.01539 -3.02897e-01 |125  0.00507 -7.40586e-02 |126 -0.10729 -4.47854e-01
127  0.44542  1.14097e-01 |128 -0.15946 -1.43661e-01 |129  0.05035 -3.15363e-01
130 -0.20042  2.19596e-01 |
130 variables; iteration 160; function evaluation 205; phase 4
Function value 2.3381337e+03; maximum gradient component mag -5.0976e-04
Var    Value     Gradient |Var    Value     Gradient |Var    Value     Gradient
  1 -0.23090 -5.09759e-04 |  2  0.01418  4.63080e-05 |  3 -0.05835  3.29359e-05
  4 -0.00605  1.00308e-05 |  5 -0.40858 -2.33223e-05 |  6  0.02962 -7.02989e-07
  7  0.09034 -3.73857e-04 |  8 -0.07264 -7.99546e-05 |  9  0.18463  1.42716e-06
 10 -0.11474 -3.76033e-05 | 11 -0.12006  3.70659e-04 | 12  0.00482  9.22345e-07
 13  0.00544  5.48214e-06 | 14  0.00612  2.96793e-06 | 15  0.00689  2.24868e-06
 16  0.00774  1.15135e-06 | 17  0.00872 -7.73278e-07 | 18  0.00984  4.84112e-06
 19  0.01112 -2.30538e-06 | 20  0.01255  6.73788e-06 | 21  0.01417  9.64435e-06
 22  0.01594  7.52997e-06 | 23  0.01790  4.30464e-06 | 24  0.02008 -1.09847e-06
 25  0.02251  1.18002e-05 | 26  0.02513  5.67539e-06 | 27  0.02779  1.28213e-05
 28  0.03039  1.08459e-05 | 29  0.03279  1.10617e-05 | 30  0.03459  2.32321e-05
 31  0.03550  2.74036e-05 | 32  0.03547  1.99447e-05 | 33  0.03528  1.50772e-05
 34  0.03628  1.03931e-05 | 35  0.04038  1.75620e-05 | 36  0.04827  3.07928e-05
 37  0.05439  4.57869e-05 | 38  0.04434  3.88433e-05 | 39  0.01602  2.92718e-05
 40 -0.01229  2.69085e-05 | 41 -0.02972  3.09621e-05 | 42 -0.03167  2.39170e-05
 43 -0.01300  2.77755e-05 | 44  0.02983  2.06477e-05 | 45  0.04675  3.36482e-05
 46  0.03709  1.35975e-05 | 47  0.09945  5.71416e-05 | 48  0.02048 -2.84907e-05
 49 -0.00374  1.43988e-05 | 50  0.05334  1.88749e-05 | 51  0.00854  3.73833e-05
 52  0.12136  2.30516e-05 | 53 -0.03133  5.78055e-05 | 54 -0.03805  3.72649e-05
 55 -0.05396  3.80487e-05 | 56  0.08030  9.09568e-05 | 57 -0.02751  2.02928e-05
 58 -0.09306  1.36143e-05 | 59 -0.15573  5.71052e-06 | 60 -0.12605  5.83849e-06
 61  0.18458  8.63740e-06 | 62 -0.12755  1.72080e-05 | 63  0.02576  1.54021e-05
 64  0.00559  2.80284e-05 | 65  0.03227  1.60530e-05 | 66  0.03691  4.22791e-05
 67 -0.03100  1.07072e-05 | 68  0.01694 -5.22621e-06 | 69 -0.10909  7.16311e-06
 70  0.02547 -1.39300e-05 | 71 -0.09976  5.25485e-06 | 72 -0.05346 -1.07278e-06
 73 -0.12611  9.75866e-07 | 74 -0.11349 -7.01925e-06 | 75 -0.08986  5.47181e-06
 76  0.26561  1.85521e-04 | 77 -0.14570 -1.45345e-05 | 78  0.01357 -1.92353e-05
 79 -0.07029 -4.19950e-05 | 80  0.07208 -2.60217e-05 | 81 -0.09076 -4.74516e-05
 82 -0.20677 -3.55454e-06 | 83 -0.24601  4.47094e-06 | 84 -0.08499  1.28556e-04
 85 -0.10217  5.65050e-05 | 86  0.08662 -3.00635e-05 | 87  0.14922 -6.85622e-05
 88 -0.00603 -6.21598e-06 | 89  0.04806 -3.11845e-05 | 90  0.18500 -8.77871e-05
 91 -0.06971 -3.78389e-06 | 92  0.01973 -3.86149e-05 | 93  0.05090 -9.27105e-05
 94 -0.02793 -1.48856e-05 | 95 -0.16372  2.20174e-07 | 96 -0.06818  1.37432e-05
 97 -0.02321 -1.93059e-06 | 98  0.04971 -1.44676e-06 | 99 -0.05810 -9.40952e-07
100  0.03133 -1.07265e-05 |101  0.09301 -8.86187e-06 |102 -0.31734 -3.84993e-06
103 -0.26888  1.86607e-05 |104 -0.11388  2.18786e-05 |105  0.15447 -5.72726e-05
106 -0.12036  1.17999e-04 |107  0.09643  1.00088e-06 |108  0.01837  8.84456e-06
109  0.00903 -7.42260e-06 |110  0.00116  7.02535e-05 |111  0.17623  5.96704e-05
112 -0.11500 -1.97585e-04 |113  0.33749  4.14801e-05 |114 -0.02258 -3.01003e-05
115  0.13221  3.58989e-05 |116 -0.09996  1.35306e-05 |117 -0.14607  8.63779e-05
118 -0.33342 -5.56951e-06 |119 -0.08024  1.85370e-05 |120 -0.05904 -1.48737e-05
121 -0.00808  3.08253e-07 |122 -0.00705 -5.14850e-06 |123 -0.13544 -7.50336e-06
124  0.01355 -3.83680e-05 |125  0.00496 -3.49647e-05 |126 -0.10661 -7.78336e-05
127  0.44539  3.78660e-05 |128 -0.15942 -5.30482e-05 |129  0.05050  1.35739e-05
130 -0.20029  1.49418e-06 |
  ic > imax  in fminim is answer attained ?
Var    Value     Gradient |Var    Value     Gradient |Var    Value     Gradient
  1 -0.23090 -5.09759e-04 |  2  0.01418  4.63080e-05 |  3 -0.05835  3.29359e-05
  4 -0.00605  1.00308e-05 |  5 -0.40858 -2.33223e-05 |  6  0.02962 -7.02989e-07
  7  0.09034 -3.73857e-04 |  8 -0.07264 -7.99546e-05 |  9  0.18463  1.42716e-06
 10 -0.11474 -3.76033e-05 | 11 -0.12006  3.70659e-04 | 12  0.00482  9.22345e-07
 13  0.00544  5.48214e-06 | 14  0.00612  2.96793e-06 | 15  0.00689  2.24868e-06
 16  0.00774  1.15135e-06 | 17  0.00872 -7.73278e-07 | 18  0.00984  4.84112e-06
 19  0.01112 -2.30538e-06 | 20  0.01255  6.73788e-06 | 21  0.01417  9.64435e-06
 22  0.01594  7.52997e-06 | 23  0.01790  4.30464e-06 | 24  0.02008 -1.09847e-06
 25  0.02251  1.18002e-05 | 26  0.02513  5.67539e-06 | 27  0.02779  1.28213e-05
 28  0.03039  1.08459e-05 | 29  0.03279  1.10617e-05 | 30  0.03459  2.32321e-05
 31  0.03550  2.74036e-05 | 32  0.03547  1.99447e-05 | 33  0.03528  1.50772e-05
 34  0.03628  1.03931e-05 | 35  0.04038  1.75620e-05 | 36  0.04827  3.07928e-05
 37  0.05439  4.57869e-05 | 38  0.04434  3.88433e-05 | 39  0.01602  2.92718e-05
 40 -0.01229  2.69085e-05 | 41 -0.02972  3.09621e-05 | 42 -0.03167  2.39170e-05
 43 -0.01300  2.77755e-05 | 44  0.02983  2.06477e-05 | 45  0.04675  3.36482e-05
 46  0.03709  1.35975e-05 | 47  0.09945  5.71416e-05 | 48  0.02048 -2.84907e-05
 49 -0.00374  1.43988e-05 | 50  0.05334  1.88749e-05 | 51  0.00854  3.73833e-05
 52  0.12136  2.30516e-05 | 53 -0.03133  5.78055e-05 | 54 -0.03805  3.72649e-05
 55 -0.05396  3.80487e-05 | 56  0.08030  9.09568e-05 | 57 -0.02751  2.02928e-05
 58 -0.09306  1.36143e-05 | 59 -0.15573  5.71052e-06 | 60 -0.12605  5.83849e-06
 61  0.18458  8.63740e-06 | 62 -0.12755  1.72080e-05 | 63  0.02576  1.54021e-05
 64  0.00559  2.80284e-05 | 65  0.03227  1.60530e-05 | 66  0.03691  4.22791e-05
 67 -0.03100  1.07072e-05 | 68  0.01694 -5.22621e-06 | 69 -0.10909  7.16311e-06
 70  0.02547 -1.39300e-05 | 71 -0.09976  5.25485e-06 | 72 -0.05346 -1.07278e-06
 73 -0.12611  9.75866e-07 | 74 -0.11349 -7.01925e-06 | 75 -0.08986  5.47181e-06
 76  0.26561  1.85521e-04 | 77 -0.14570 -1.45345e-05 | 78  0.01357 -1.92353e-05
 79 -0.07029 -4.19950e-05 | 80  0.07208 -2.60217e-05 | 81 -0.09076 -4.74516e-05
 82 -0.20677 -3.55454e-06 | 83 -0.24601  4.47094e-06 | 84 -0.08499  1.28556e-04
 85 -0.10217  5.65050e-05 | 86  0.08662 -3.00635e-05 | 87  0.14922 -6.85622e-05
 88 -0.00603 -6.21598e-06 | 89  0.04806 -3.11845e-05 | 90  0.18500 -8.77871e-05
 91 -0.06971 -3.78389e-06 | 92  0.01973 -3.86149e-05 | 93  0.05090 -9.27105e-05
 94 -0.02793 -1.48856e-05 | 95 -0.16372  2.20174e-07 | 96 -0.06818  1.37432e-05
 97 -0.02321 -1.93059e-06 | 98  0.04971 -1.44676e-06 | 99 -0.05810 -9.40952e-07
100  0.03133 -1.07265e-05 |101  0.09301 -8.86187e-06 |102 -0.31734 -3.84993e-06
103 -0.26888  1.86607e-05 |104 -0.11388  2.18786e-05 |105  0.15447 -5.72726e-05
106 -0.12036  1.17999e-04 |107  0.09643  1.00088e-06 |108  0.01837  8.84456e-06
109  0.00903 -7.42260e-06 |110  0.00116  7.02535e-05 |111  0.17623  5.96704e-05
112 -0.11500 -1.97585e-04 |113  0.33749  4.14801e-05 |114 -0.02258 -3.01003e-05
115  0.13221  3.58989e-05 |116 -0.09996  1.35306e-05 |117 -0.14607  8.63779e-05
118 -0.33342 -5.56951e-06 |119 -0.08024  1.85370e-05 |120 -0.05904 -1.48737e-05
121 -0.00808  3.08253e-07 |122 -0.00705 -5.14850e-06 |123 -0.13544 -7.50336e-06
124  0.01355 -3.83680e-05 |125  0.00496 -3.49647e-05 |126 -0.10661 -7.78336e-05
127  0.44539  3.78660e-05 |128 -0.15942 -5.30482e-05 |129  0.05050  1.35739e-05
130 -0.20029  1.49418e-06 |
Function minimizer not making progress ... is minimum attained?
Minimprove criterion = 0.0000e+00

 - final statistics:
130 variables; iteration 161; function evaluation 235
Function value 2.3381e+03; maximum gradient component mag -5.0976e-04
Exit code = 1;  converg criter 1.0000e-04
Var    Value     Gradient |Var    Value     Gradient |Var    Value     Gradient
  1 -0.23090 -5.09759e-04 |  2  0.01418  4.63080e-05 |  3 -0.05835  3.29359e-05
  4 -0.00605  1.00308e-05 |  5 -0.40858 -2.33223e-05 |  6  0.02962 -7.02989e-07
  7  0.09034 -3.73857e-04 |  8 -0.07264 -7.99546e-05 |  9  0.18463  1.42716e-06
 10 -0.11474 -3.76033e-05 | 11 -0.12006  3.70659e-04 | 12  0.00482  9.22345e-07
 13  0.00544  5.48214e-06 | 14  0.00612  2.96793e-06 | 15  0.00689  2.24868e-06
 16  0.00774  1.15135e-06 | 17  0.00872 -7.73278e-07 | 18  0.00984  4.84112e-06
 19  0.01112 -2.30538e-06 | 20  0.01255  6.73788e-06 | 21  0.01417  9.64435e-06
 22  0.01594  7.52997e-06 | 23  0.01790  4.30464e-06 | 24  0.02008 -1.09847e-06
 25  0.02251  1.18002e-05 | 26  0.02513  5.67539e-06 | 27  0.02779  1.28213e-05
 28  0.03039  1.08459e-05 | 29  0.03279  1.10617e-05 | 30  0.03459  2.32321e-05
 31  0.03550  2.74036e-05 | 32  0.03547  1.99447e-05 | 33  0.03528  1.50772e-05
 34  0.03628  1.03931e-05 | 35  0.04038  1.75620e-05 | 36  0.04827  3.07928e-05
 37  0.05439  4.57869e-05 | 38  0.04434  3.88433e-05 | 39  0.01602  2.92718e-05
 40 -0.01229  2.69085e-05 | 41 -0.02972  3.09621e-05 | 42 -0.03167  2.39170e-05
 43 -0.01300  2.77755e-05 | 44  0.02983  2.06477e-05 | 45  0.04675  3.36482e-05
 46  0.03709  1.35975e-05 | 47  0.09945  5.71416e-05 | 48  0.02048 -2.84907e-05
 49 -0.00374  1.43988e-05 | 50  0.05334  1.88749e-05 | 51  0.00854  3.73833e-05
 52  0.12136  2.30516e-05 | 53 -0.03133  5.78055e-05 | 54 -0.03805  3.72649e-05
 55 -0.05396  3.80487e-05 | 56  0.08030  9.09568e-05 | 57 -0.02751  2.02928e-05
 58 -0.09306  1.36143e-05 | 59 -0.15573  5.71052e-06 | 60 -0.12605  5.83849e-06
 61  0.18458  8.63740e-06 | 62 -0.12755  1.72080e-05 | 63  0.02576  1.54021e-05
 64  0.00559  2.80284e-05 | 65  0.03227  1.60530e-05 | 66  0.03691  4.22791e-05
 67 -0.03100  1.07072e-05 | 68  0.01694 -5.22621e-06 | 69 -0.10909  7.16311e-06
 70  0.02547 -1.39300e-05 | 71 -0.09976  5.25485e-06 | 72 -0.05346 -1.07278e-06
 73 -0.12611  9.75866e-07 | 74 -0.11349 -7.01925e-06 | 75 -0.08986  5.47181e-06
 76  0.26561  1.85521e-04 | 77 -0.14570 -1.45345e-05 | 78  0.01357 -1.92353e-05
 79 -0.07029 -4.19950e-05 | 80  0.07208 -2.60217e-05 | 81 -0.09076 -4.74516e-05
 82 -0.20677 -3.55454e-06 | 83 -0.24601  4.47094e-06 | 84 -0.08499  1.28556e-04
 85 -0.10217  5.65050e-05 | 86  0.08662 -3.00635e-05 | 87  0.14922 -6.85622e-05
 88 -0.00603 -6.21598e-06 | 89  0.04806 -3.11845e-05 | 90  0.18500 -8.77871e-05
 91 -0.06971 -3.78389e-06 | 92  0.01973 -3.86149e-05 | 93  0.05090 -9.27105e-05
 94 -0.02793 -1.48856e-05 | 95 -0.16372  2.20174e-07 | 96 -0.06818  1.37432e-05
 97 -0.02321 -1.93059e-06 | 98  0.04971 -1.44676e-06 | 99 -0.05810 -9.40952e-07
100  0.03133 -1.07265e-05 |101  0.09301 -8.86187e-06 |102 -0.31734 -3.84993e-06
103 -0.26888  1.86607e-05 |104 -0.11388  2.18786e-05 |105  0.15447 -5.72726e-05
106 -0.12036  1.17999e-04 |107  0.09643  1.00088e-06 |108  0.01837  8.84456e-06
109  0.00903 -7.42260e-06 |110  0.00116  7.02535e-05 |111  0.17623  5.96704e-05
112 -0.11500 -1.97585e-04 |113  0.33749  4.14801e-05 |114 -0.02258 -3.01003e-05
115  0.13221  3.58989e-05 |116 -0.09996  1.35306e-05 |117 -0.14607  8.63779e-05
118 -0.33342 -5.56951e-06 |119 -0.08024  1.85370e-05 |120 -0.05904 -1.48737e-05
121 -0.00808  3.08253e-07 |122 -0.00705 -5.14850e-06 |123 -0.13544 -7.50336e-06
124  0.01355 -3.83680e-05 |125  0.00496 -3.49647e-05 |126 -0.10661 -7.78336e-05
127  0.44539  3.78660e-05 |128 -0.15942 -5.30482e-05 |129  0.05050  1.35739e-05
130 -0.20029  1.49418e-06 |

Initial statistics: 142 variables; iteration 0; function evaluation 0; phase 5
Function value 2.3381337e+03; maximum gradient component mag -5.0378e-04
Var    Value     Gradient |Var    Value     Gradient |Var    Value     Gradient
  1 -0.23090 -5.03775e-04 |  2  0.01418  4.56461e-05 |  3 -0.05835  3.25060e-05
  4 -0.00605  9.98983e-06 |  5 -0.40858 -2.30606e-05 |  6  0.02962 -5.32704e-07
  7  0.09034 -3.70268e-04 |  8 -0.07264 -7.91710e-05 |  9  0.18463  1.40691e-06
 10 -0.11474 -3.72035e-05 | 11 -0.12006  3.66721e-04 | 12  0.00482  8.99218e-07
 13  0.00544  5.43148e-06 | 14  0.00612  2.90950e-06 | 15  0.00689  2.17577e-06
 16  0.00774  1.09654e-06 | 17  0.00872 -7.90638e-07 | 18  0.00984  4.79979e-06
 19  0.01112 -2.31634e-06 | 20  0.01255  6.65404e-06 | 21  0.01417  9.55943e-06
 22  0.01594  7.38617e-06 | 23  0.01790  4.22404e-06 | 24  0.02008 -1.07893e-06
 25  0.02251  1.16754e-05 | 26  0.02513  5.57232e-06 | 27  0.02779  1.26039e-05
 28  0.03039  1.06948e-05 | 29  0.03279  1.08449e-05 | 30  0.03459  2.29271e-05
 31  0.03550  2.70241e-05 | 32  0.03547  1.96277e-05 | 33  0.03528  1.48193e-05
 34  0.03628  1.01678e-05 | 35  0.04038  1.72565e-05 | 36  0.04827  3.03327e-05
 37  0.05439  4.51877e-05 | 38  0.04434  3.82916e-05 | 39  0.01602  2.88687e-05
 40 -0.01229  2.65034e-05 | 41 -0.02972  3.05094e-05 | 42 -0.03167  2.35434e-05
 43 -0.01300  2.73321e-05 | 44  0.02983  2.03430e-05 | 45  0.04675  3.31683e-05
 46  0.03709  1.33860e-05 | 47  0.09945  5.63602e-05 | 48  0.02048 -2.81294e-05
 49 -0.00374  1.43557e-05 | 50  0.05334  1.87211e-05 | 51  0.00854  3.72103e-05
 52  0.12136  2.28869e-05 | 53 -0.03133  5.71343e-05 | 54 -0.03805  3.68157e-05
 55 -0.05396  3.76495e-05 | 56  0.08030  9.01515e-05 | 57 -0.02751  2.00979e-05
 58 -0.09306  1.34970e-05 | 59 -0.15573  5.70854e-06 | 60 -0.12605  5.80554e-06
 61  0.18458  9.40055e-06 | 62 -0.12755  1.70375e-05 | 63  0.02576  1.53235e-05
 64  0.00559  2.78419e-05 | 65  0.03227  1.60657e-05 | 66  0.03691  4.19573e-05
 67 -0.03100  1.06727e-05 | 68  0.01694 -4.99444e-06 | 69 -0.10909  7.11181e-06
 70  0.02547 -1.36580e-05 | 71 -0.09976  5.22423e-06 | 72 -0.05346 -1.07383e-06
 73 -0.12611  9.70495e-07 | 74 -0.11349 -6.98102e-06 | 75 -0.08986  5.31081e-06
 76  0.26561  1.84154e-04 | 77 -0.14570 -1.43784e-05 | 78  0.01357 -1.89308e-05
 79 -0.07029 -4.15609e-05 | 80  0.07208 -2.57776e-05 | 81 -0.09076 -4.69194e-05
 82 -0.20677 -3.49878e-06 | 83 -0.24601  4.43007e-06 | 84 -0.08499  1.27043e-04
 85 -0.10217  5.58764e-05 | 86  0.08662 -2.98004e-05 | 87  0.14922 -6.81177e-05
 88 -0.00603 -6.11104e-06 | 89  0.04806 -3.08440e-05 | 90  0.18500 -8.68628e-05
 91 -0.06971 -3.69426e-06 | 92  0.01973 -3.82126e-05 | 93  0.05090 -9.17098e-05
 94 -0.02793 -1.47182e-05 | 95 -0.16372  2.22450e-07 | 96 -0.06818  1.36096e-05
 97 -0.02321 -1.85563e-06 | 98  0.04971 -1.41297e-06 | 99 -0.05810 -9.33721e-07
100  0.03133 -1.05859e-05 |101  0.09301 -8.75402e-06 |102  0.00000  0.00000e+00
103  0.00000  0.00000e+00 |104  0.00000  0.00000e+00 |105  0.00000  0.00000e+00
106  0.00000  0.00000e+00 |107  0.00000  0.00000e+00 |108  0.00000  0.00000e+00
109  0.00000  0.00000e+00 |110  0.00000  0.00000e+00 |111  0.00000  0.00000e+00
112  0.00000  0.00000e+00 |113  0.00000  0.00000e+00 |114 -0.31734 -3.81544e-06
115 -0.26888  1.84152e-05 |116 -0.11388  2.16180e-05 |117  0.15447 -5.66528e-05
118 -0.12036  1.16809e-04 |119  0.09643  1.00145e-06 |120  0.01837  8.74107e-06
121  0.00903 -7.37761e-06 |122  0.00116  6.95730e-05 |123  0.17623  5.89720e-05
124 -0.11500 -1.95301e-04 |125  0.33749  4.09942e-05 |126 -0.02258 -2.97460e-05
127  0.13221  3.54070e-05 |128 -0.09996  1.34532e-05 |129 -0.14607  8.53913e-05
130 -0.33342 -5.50180e-06 |131 -0.08024  1.83252e-05 |132 -0.05904 -1.44021e-05
133 -0.00808  3.07359e-07 |134 -0.00705 -5.05502e-06 |135 -0.13544 -7.39112e-06
136  0.01355 -3.79396e-05 |137  0.00496 -3.45092e-05 |138 -0.10661 -7.69198e-05
139  0.44539  3.73260e-05 |140 -0.15942 -5.22667e-05 |141  0.05050  1.32602e-05
142 -0.20029  1.54140e-06 |
  ic > imax  in fminim is answer attained ?
Var    Value     Gradient |Var    Value     Gradient |Var    Value     Gradient
  1 -0.23090 -5.03775e-04 |  2  0.01418  4.56461e-05 |  3 -0.05835  3.25060e-05
  4 -0.00605  9.98983e-06 |  5 -0.40858 -2.30606e-05 |  6  0.02962 -5.32704e-07
  7  0.09034 -3.70268e-04 |  8 -0.07264 -7.91710e-05 |  9  0.18463  1.40691e-06
 10 -0.11474 -3.72035e-05 | 11 -0.12006  3.66721e-04 | 12  0.00482  8.99218e-07
 13  0.00544  5.43148e-06 | 14  0.00612  2.90950e-06 | 15  0.00689  2.17577e-06
 16  0.00774  1.09654e-06 | 17  0.00872 -7.90638e-07 | 18  0.00984  4.79979e-06
 19  0.01112 -2.31634e-06 | 20  0.01255  6.65404e-06 | 21  0.01417  9.55943e-06
 22  0.01594  7.38617e-06 | 23  0.01790  4.22404e-06 | 24  0.02008 -1.07893e-06
 25  0.02251  1.16754e-05 | 26  0.02513  5.57232e-06 | 27  0.02779  1.26039e-05
 28  0.03039  1.06948e-05 | 29  0.03279  1.08449e-05 | 30  0.03459  2.29271e-05
 31  0.03550  2.70241e-05 | 32  0.03547  1.96277e-05 | 33  0.03528  1.48193e-05
 34  0.03628  1.01678e-05 | 35  0.04038  1.72565e-05 | 36  0.04827  3.03327e-05
 37  0.05439  4.51877e-05 | 38  0.04434  3.82916e-05 | 39  0.01602  2.88687e-05
 40 -0.01229  2.65034e-05 | 41 -0.02972  3.05094e-05 | 42 -0.03167  2.35434e-05
 43 -0.01300  2.73321e-05 | 44  0.02983  2.03430e-05 | 45  0.04675  3.31683e-05
 46  0.03709  1.33860e-05 | 47  0.09945  5.63602e-05 | 48  0.02048 -2.81294e-05
 49 -0.00374  1.43557e-05 | 50  0.05334  1.87211e-05 | 51  0.00854  3.72103e-05
 52  0.12136  2.28869e-05 | 53 -0.03133  5.71343e-05 | 54 -0.03805  3.68157e-05
 55 -0.05396  3.76495e-05 | 56  0.08030  9.01515e-05 | 57 -0.02751  2.00979e-05
 58 -0.09306  1.34970e-05 | 59 -0.15573  5.70854e-06 | 60 -0.12605  5.80554e-06
 61  0.18458  9.40055e-06 | 62 -0.12755  1.70375e-05 | 63  0.02576  1.53235e-05
 64  0.00559  2.78419e-05 | 65  0.03227  1.60657e-05 | 66  0.03691  4.19573e-05
 67 -0.03100  1.06727e-05 | 68  0.01694 -4.99444e-06 | 69 -0.10909  7.11181e-06
 70  0.02547 -1.36580e-05 | 71 -0.09976  5.22423e-06 | 72 -0.05346 -1.07383e-06
 73 -0.12611  9.70495e-07 | 74 -0.11349 -6.98102e-06 | 75 -0.08986  5.31081e-06
 76  0.26561  1.84154e-04 | 77 -0.14570 -1.43784e-05 | 78  0.01357 -1.89308e-05
 79 -0.07029 -4.15609e-05 | 80  0.07208 -2.57776e-05 | 81 -0.09076 -4.69194e-05
 82 -0.20677 -3.49878e-06 | 83 -0.24601  4.43007e-06 | 84 -0.08499  1.27043e-04
 85 -0.10217  5.58764e-05 | 86  0.08662 -2.98004e-05 | 87  0.14922 -6.81177e-05
 88 -0.00603 -6.11104e-06 | 89  0.04806 -3.08440e-05 | 90  0.18500 -8.68628e-05
 91 -0.06971 -3.69426e-06 | 92  0.01973 -3.82126e-05 | 93  0.05090 -9.17098e-05
 94 -0.02793 -1.47182e-05 | 95 -0.16372  2.22450e-07 | 96 -0.06818  1.36096e-05
 97 -0.02321 -1.85563e-06 | 98  0.04971 -1.41297e-06 | 99 -0.05810 -9.33721e-07
100  0.03133 -1.05859e-05 |101  0.09301 -8.75402e-06 |102  0.00000  0.00000e+00
103  0.00000  0.00000e+00 |104  0.00000  0.00000e+00 |105  0.00000  0.00000e+00
106  0.00000  0.00000e+00 |107  0.00000  0.00000e+00 |108  0.00000  0.00000e+00
109  0.00000  0.00000e+00 |110  0.00000  0.00000e+00 |111  0.00000  0.00000e+00
112  0.00000  0.00000e+00 |113  0.00000  0.00000e+00 |114 -0.31734 -3.81544e-06
115 -0.26888  1.84152e-05 |116 -0.11388  2.16180e-05 |117  0.15447 -5.66528e-05
118 -0.12036  1.16809e-04 |119  0.09643  1.00145e-06 |120  0.01837  8.74107e-06
121  0.00903 -7.37761e-06 |122  0.00116  6.95730e-05 |123  0.17623  5.89720e-05
124 -0.11500 -1.95301e-04 |125  0.33749  4.09942e-05 |126 -0.02258 -2.97460e-05
127  0.13221  3.54070e-05 |128 -0.09996  1.34532e-05 |129 -0.14607  8.53913e-05
130 -0.33342 -5.50180e-06 |131 -0.08024  1.83252e-05 |132 -0.05904 -1.44021e-05
133 -0.00808  3.07359e-07 |134 -0.00705 -5.05502e-06 |135 -0.13544 -7.39112e-06
136  0.01355 -3.79396e-05 |137  0.00496 -3.45092e-05 |138 -0.10661 -7.69198e-05
139  0.44539  3.73260e-05 |140 -0.15942 -5.22667e-05 |141  0.05050  1.32602e-05
142 -0.20029  1.54140e-06 |
Function minimizer not making progress ... is minimum attained?
Minimprove criterion = 0.0000e+00

 - final statistics:
142 variables; iteration 1; function evaluation 30
Function value 2.3381e+03; maximum gradient component mag -5.0378e-04
Exit code = 1;  converg criter 1.0000e-04
Var    Value     Gradient |Var    Value     Gradient |Var    Value     Gradient
  1 -0.23090 -5.03775e-04 |  2  0.01418  4.56461e-05 |  3 -0.05835  3.25060e-05
  4 -0.00605  9.98983e-06 |  5 -0.40858 -2.30606e-05 |  6  0.02962 -5.32704e-07
  7  0.09034 -3.70268e-04 |  8 -0.07264 -7.91710e-05 |  9  0.18463  1.40691e-06
 10 -0.11474 -3.72035e-05 | 11 -0.12006  3.66721e-04 | 12  0.00482  8.99218e-07
 13  0.00544  5.43148e-06 | 14  0.00612  2.90950e-06 | 15  0.00689  2.17577e-06
 16  0.00774  1.09654e-06 | 17  0.00872 -7.90638e-07 | 18  0.00984  4.79979e-06
 19  0.01112 -2.31634e-06 | 20  0.01255  6.65404e-06 | 21  0.01417  9.55943e-06
 22  0.01594  7.38617e-06 | 23  0.01790  4.22404e-06 | 24  0.02008 -1.07893e-06
 25  0.02251  1.16754e-05 | 26  0.02513  5.57232e-06 | 27  0.02779  1.26039e-05
 28  0.03039  1.06948e-05 | 29  0.03279  1.08449e-05 | 30  0.03459  2.29271e-05
 31  0.03550  2.70241e-05 | 32  0.03547  1.96277e-05 | 33  0.03528  1.48193e-05
 34  0.03628  1.01678e-05 | 35  0.04038  1.72565e-05 | 36  0.04827  3.03327e-05
 37  0.05439  4.51877e-05 | 38  0.04434  3.82916e-05 | 39  0.01602  2.88687e-05
 40 -0.01229  2.65034e-05 | 41 -0.02972  3.05094e-05 | 42 -0.03167  2.35434e-05
 43 -0.01300  2.73321e-05 | 44  0.02983  2.03430e-05 | 45  0.04675  3.31683e-05
 46  0.03709  1.33860e-05 | 47  0.09945  5.63602e-05 | 48  0.02048 -2.81294e-05
 49 -0.00374  1.43557e-05 | 50  0.05334  1.87211e-05 | 51  0.00854  3.72103e-05
 52  0.12136  2.28869e-05 | 53 -0.03133  5.71343e-05 | 54 -0.03805  3.68157e-05
 55 -0.05396  3.76495e-05 | 56  0.08030  9.01515e-05 | 57 -0.02751  2.00979e-05
 58 -0.09306  1.34970e-05 | 59 -0.15573  5.70854e-06 | 60 -0.12605  5.80554e-06
 61  0.18458  9.40055e-06 | 62 -0.12755  1.70375e-05 | 63  0.02576  1.53235e-05
 64  0.00559  2.78419e-05 | 65  0.03227  1.60657e-05 | 66  0.03691  4.19573e-05
 67 -0.03100  1.06727e-05 | 68  0.01694 -4.99444e-06 | 69 -0.10909  7.11181e-06
 70  0.02547 -1.36580e-05 | 71 -0.09976  5.22423e-06 | 72 -0.05346 -1.07383e-06
 73 -0.12611  9.70495e-07 | 74 -0.11349 -6.98102e-06 | 75 -0.08986  5.31081e-06
 76  0.26561  1.84154e-04 | 77 -0.14570 -1.43784e-05 | 78  0.01357 -1.89308e-05
 79 -0.07029 -4.15609e-05 | 80  0.07208 -2.57776e-05 | 81 -0.09076 -4.69194e-05
 82 -0.20677 -3.49878e-06 | 83 -0.24601  4.43007e-06 | 84 -0.08499  1.27043e-04
 85 -0.10217  5.58764e-05 | 86  0.08662 -2.98004e-05 | 87  0.14922 -6.81177e-05
 88 -0.00603 -6.11104e-06 | 89  0.04806 -3.08440e-05 | 90  0.18500 -8.68628e-05
 91 -0.06971 -3.69426e-06 | 92  0.01973 -3.82126e-05 | 93  0.05090 -9.17098e-05
 94 -0.02793 -1.47182e-05 | 95 -0.16372  2.22450e-07 | 96 -0.06818  1.36096e-05
 97 -0.02321 -1.85563e-06 | 98  0.04971 -1.41297e-06 | 99 -0.05810 -9.33721e-07
100  0.03133 -1.05859e-05 |101  0.09301 -8.75402e-06 |102  0.00000  0.00000e+00
103  0.00000  0.00000e+00 |104  0.00000  0.00000e+00 |105  0.00000  0.00000e+00
106  0.00000  0.00000e+00 |107  0.00000  0.00000e+00 |108  0.00000  0.00000e+00
109  0.00000  0.00000e+00 |110  0.00000  0.00000e+00 |111  0.00000  0.00000e+00
112  0.00000  0.00000e+00 |113  0.00000  0.00000e+00 |114 -0.31734 -3.81544e-06
115 -0.26888  1.84152e-05 |116 -0.11388  2.16180e-05 |117  0.15447 -5.66528e-05
118 -0.12036  1.16809e-04 |119  0.09643  1.00145e-06 |120  0.01837  8.74107e-06
121  0.00903 -7.37761e-06 |122  0.00116  6.95730e-05 |123  0.17623  5.89720e-05
124 -0.11500 -1.95301e-04 |125  0.33749  4.09942e-05 |126 -0.02258 -2.97460e-05
127  0.13221  3.54070e-05 |128 -0.09996  1.34532e-05 |129 -0.14607  8.53913e-05
130 -0.33342 -5.50180e-06 |131 -0.08024  1.83252e-05 |132 -0.05904 -1.44021e-05
133 -0.00808  3.07359e-07 |134 -0.00705 -5.05502e-06 |135 -0.13544 -7.39112e-06
136  0.01355 -3.79396e-05 |137  0.00496 -3.45092e-05 |138 -0.10661 -7.69198e-05
139  0.44539  3.73260e-05 |140 -0.15942 -5.22667e-05 |141  0.05050  1.32602e-05
142 -0.20029  1.54140e-06 |
size of file gradfil1.tmp = 0
size of file gradfil2.tmp = 0
size of file varssave.tmp = 0
size of file cmpdiff.tmp = 200000008
