
Initial statistics: 3 variables; iteration 0; function evaluation 0; phase 1
Function value 2.9725289e+03; maximum gradient component mag -5.6483e+01

 - final statistics:
3 variables; iteration 5; function evaluation 10
Function value 2.9677e+03; maximum gradient component mag -5.6615e+00
Exit code = 1;  converg criter 1.0000e+01

Initial statistics: 13 variables; iteration 0; function evaluation 0; phase 2
Function value 2.9677369e+03; maximum gradient component mag -9.1658e+02

Intermediate statistics: 13 variables; iteration 20; function evaluation 27; phase 2
Function value 2.8936480e+03; maximum gradient component mag 2.0085e+01

 - final statistics:
13 variables; iteration 21; function evaluation 28
Function value 2.8936e+03; maximum gradient component mag 4.4336e+00
Exit code = 1;  converg criter 1.0000e+01

Initial statistics: 45 variables; iteration 0; function evaluation 0; phase 3
Function value 2.8936058e+03; maximum gradient component mag 1.3308e+03

Intermediate statistics: 45 variables; iteration 20; function evaluation 27; phase 3
Function value 2.4580396e+03; maximum gradient component mag 3.2853e+02
45 variables; iteration 40; function evaluation 54; phase 3
Function value 2.4257891e+03; maximum gradient component mag 1.4320e+02
45 variables; iteration 60; function evaluation 86; phase 3
Function value 2.4055000e+03; maximum gradient component mag 2.7969e+01
Maximum number of function evaluations exceeded

 - final statistics:
45 variables; iteration 71; function evaluation 100
Function value 2.4030e+03; maximum gradient component mag 4.7376e+01
Exit code = 3;  converg criter 1.0000e+00

Initial statistics: 98 variables; iteration 0; function evaluation 0; phase 4
Function value 2.4029532e+03; maximum gradient component mag -5.8750e+02

Intermediate statistics: 98 variables; iteration 20; function evaluation 29; phase 4
Function value 1.9846591e+03; maximum gradient component mag 2.8245e+02
98 variables; iteration 40; function evaluation 50; phase 4
Function value 1.9585044e+03; maximum gradient component mag 2.0169e+02
98 variables; iteration 60; function evaluation 71; phase 4
Function value 1.9479540e+03; maximum gradient component mag 6.5884e+01
98 variables; iteration 80; function evaluation 92; phase 4
Function value 1.9461727e+03; maximum gradient component mag -1.7511e+01
98 variables; iteration 100; function evaluation 115; phase 4
Function value 1.9453863e+03; maximum gradient component mag -1.1632e+01
98 variables; iteration 120; function evaluation 137; phase 4
Function value 1.9443096e+03; maximum gradient component mag 9.2436e-01
98 variables; iteration 140; function evaluation 179; phase 4
Function value 1.9430364e+03; maximum gradient component mag 2.8965e+01
98 variables; iteration 160; function evaluation 203; phase 4
Function value 1.9427819e+03; maximum gradient component mag -2.1952e-04
  ic > imax  in fminim is answer attained ?
Function minimizer not making progress ... is minimum attained?
Minimprove criterion = 0.0000e+00

 - final statistics:
98 variables; iteration 161; function evaluation 233
Function value 1.9428e+03; maximum gradient component mag -2.1952e-04
Exit code = 1;  converg criter 1.0000e-04

Initial statistics: 114 variables; iteration 0; function evaluation 0; phase 5
Function value 1.9427819e+03; maximum gradient component mag -2.1859e-04
  ic > imax  in fminim is answer attained ?
Function minimizer not making progress ... is minimum attained?
Minimprove criterion = 0.0000e+00

 - final statistics:
114 variables; iteration 1; function evaluation 30
Function value 1.9428e+03; maximum gradient component mag -2.1859e-04
Exit code = 1;  converg criter 1.0000e-04
size of file gradfil1.tmp = 0
size of file gradfil2.tmp = 0
size of file varssave.tmp = 0
size of file cmpdiff.tmp = 200000008
