
Initial statistics: 2 variables; iteration 0; function evaluation 0; phase 1
Function value 3.8308015e+03; maximum gradient component mag 5.8146e+01
Var    Value     Gradient |Var    Value     Gradient |Var    Value     Gradient
  1  0.40967  5.81456e+01 |  2 -0.26198 -9.11627e+00 |

 - final statistics:
2 variables; iteration 4; function evaluation 17
Function value 3.8000e+03; maximum gradient component mag -5.9328e+00
Exit code = 1;  converg criter 1.0000e+01
Var    Value     Gradient |Var    Value     Gradient |Var    Value     Gradient
  1  0.05554 -5.93277e+00 |  2 -0.23613 -1.18749e+00 |

Initial statistics: 10 variables; iteration 0; function evaluation 0; phase 2
Function value 3.7999593e+03; maximum gradient component mag -3.5852e+02
Var    Value     Gradient |Var    Value     Gradient |Var    Value     Gradient
  1 -0.22556 -2.89848e+02 |  2  0.00000 -1.46160e+02 |  3 -0.12819 -2.36813e+02
  4  0.03352  2.98803e+02 |  5  0.00000 -1.39688e+02 |  6  0.11199 -3.58524e+02
  7 -0.16086 -1.63550e+02 |  8  0.00000  5.35580e+01 |  9  0.05554 -5.93277e+00
 10 -0.23613 -1.18749e+00 |

 - final statistics:
10 variables; iteration 17; function evaluation 23
Function value 3.7184e+03; maximum gradient component mag -5.9098e+00
Exit code = 1;  converg criter 1.0000e+01
Var    Value     Gradient |Var    Value     Gradient |Var    Value     Gradient
  1 -0.12356  3.42544e+00 |  2 -0.10164 -2.14868e-01 |  3  0.08767 -4.13283e-01
  4 -0.18957  1.73222e+00 |  5 -0.00461  1.15178e+00 |  6  0.12295  4.30404e+00
  7 -0.17346  9.49418e-01 |  8  0.08172 -1.98427e-01 |  9  0.58558 -5.90985e+00
 10 -0.17697 -3.66254e-02 |

Initial statistics: 36 variables; iteration 0; function evaluation 0; phase 3
Function value 3.7184451e+03; maximum gradient component mag 1.4542e+03
Var    Value     Gradient |Var    Value     Gradient |Var    Value     Gradient
  1 -0.12356  3.42544e+00 |  2 -0.10164 -2.14868e-01 |  3  0.08767 -4.13283e-01
  4 -0.18957  1.73222e+00 |  5 -0.00461  1.15178e+00 |  6  0.12295  4.30404e+00
  7 -0.17346  9.49418e-01 |  8  0.08172 -1.98427e-01 |  9  0.58558 -5.90985e+00
 10 -0.17697 -3.66254e-02 | 11 -0.11760 -4.09013e+02 | 12 -0.33425  1.81436e+02
 13 -0.10028  8.38601e+02 | 14  0.25350  3.86659e+02 | 15 -0.21710 -7.01891e+02
 16 -0.11760 -6.47018e+01 | 17 -0.33425  2.72953e+01 | 18 -0.11760 -3.69395e+02
 19 -0.33425  1.57068e+02 | 20 -0.11760 -1.41012e+02 | 21 -0.33425  1.74498e-01
 22  0.02302  1.45419e+03 | 23 -0.31415 -1.05907e+03 | 24  0.53959  9.87132e+00
 25 -0.62714 -3.74893e-05 | 26  0.00000  5.58153e+02 | 27 -0.21635 -3.50087e+02
 28  0.16024  6.50691e+01 | 29 -0.12294 -5.68767e+01 | 30 -0.16953  3.42374e+01
 31 -0.10028 -1.16370e+02 | 32 -0.34608  9.65785e+01 | 33 -0.03900  1.25348e+02
 34 -0.33425 -8.01254e+01 | 35  0.02302 -5.72947e+01 | 36 -0.16953  5.80308e+01

Intermediate statistics: 36 variables; iteration 20; function evaluation 28; phase 3
Function value 3.3265485e+03; maximum gradient component mag -6.3106e+02
Var    Value     Gradient |Var    Value     Gradient |Var    Value     Gradient
  1  0.01564  4.73024e+02 |  2 -0.16769 -1.31585e+02 |  3  0.10341 -8.46170e+01
  4 -0.19037 -7.76490e+01 |  5 -0.13360  8.46388e+00 |  6  0.08432 -5.29300e+02
  7 -0.10349 -1.25827e+02 |  8  0.06730 -4.90525e+01 |  9  0.59746 -2.98636e+01
 10 -0.17701  2.18001e-01 | 11  0.03429 -2.85702e+02 | 12 -0.25174  2.22032e+02
 13 -0.72535 -3.97852e+01 | 14  0.32817  4.13119e+01 | 15 -0.15623 -9.41316e+01
 16  0.19143 -2.14892e+01 | 17 -0.18023  3.23989e+01 | 18  0.13581 -3.76421e+02
 19 -0.22587  3.52935e+02 | 20  0.14530 -1.50030e+02 | 21 -0.15164  1.49032e+02
 22 -0.21239  2.14210e+02 | 23 -0.61224 -6.95636e+01 | 24  0.47151 -4.23528e+00
 25 -0.62705 -6.21892e-03 | 26  0.04118 -1.20699e+02 | 27  0.05164  2.50517e+01
 28 -0.29708 -3.52490e+01 | 29  0.32423 -2.43141e+01 | 30 -0.24652  8.18531e+00
 31  0.26501 -6.39751e+01 | 32 -0.30010  9.32893e+01 | 33 -0.03059 -6.31061e+02
 34 -0.29544  4.06832e+02 | 35  0.09132 -3.15788e+01 | 36 -0.17106  2.07673e+01
36 variables; iteration 40; function evaluation 62; phase 3
Function value 3.2337588e+03; maximum gradient component mag 3.0207e+02
Var    Value     Gradient |Var    Value     Gradient |Var    Value     Gradient
  1 -0.06913  6.61687e+01 |  2 -0.25900 -1.52635e+01 |  3  0.15745 -1.39119e+00
  4 -0.18733  3.20988e+01 |  5 -0.14054 -2.38826e+01 |  6  0.11049  9.22099e+01
  7 -0.09079  2.30364e+01 |  8  0.07657  4.55559e+01 |  9  0.21348  1.37326e+01
 10 -0.17979  2.08382e+00 | 11  0.09376 -1.07549e+02 | 12 -0.23529  5.62453e+01
 13 -0.28098 -3.41506e+01 | 14  0.36150  1.68399e+01 | 15 -0.13949 -2.60303e+01
 16  0.15293  2.88672e+00 | 17 -0.23219 -1.55488e+01 | 18  0.30269  3.16242e+01
 19 -0.20811 -1.31542e+02 | 20  0.35627 -9.00586e+01 | 21 -0.07131  3.02070e+02
 22 -0.19346  3.72005e+01 | 23 -0.42593 -3.01148e+01 | 24  0.36597 -1.26147e+01
 25 -0.61190 -8.68026e-03 | 26  0.09831 -3.93281e+01 | 27  0.12545  1.72860e+01
 28 -0.44050 -1.37073e+01 | 29  0.36904  5.20889e+01 | 30 -0.28457 -7.00933e+01
 31  0.26515 -4.47154e+01 | 32 -0.32429  1.80818e+01 | 33  0.04900  4.51433e+01
 34 -0.25484 -7.24988e+01 | 35  0.08604  2.21819e+01 | 36 -0.19454 -3.93990e+01
36 variables; iteration 60; function evaluation 82; phase 3
Function value 3.2061065e+03; maximum gradient component mag -3.7644e+00
Var    Value     Gradient |Var    Value     Gradient |Var    Value     Gradient
  1 -0.13248 -1.60441e+00 |  2 -0.28372 -6.83292e-01 |  3  0.16137 -6.79119e-01
  4 -0.18152  3.98494e-01 |  5 -0.11495  1.26791e-01 |  6  0.10995 -2.62715e-01
  7 -0.06845  2.29706e-02 |  8  0.02845 -1.58350e-01 |  9  0.06762  1.40873e+00
 10 -0.23562 -1.34298e-02 | 11  0.28646  2.70712e+00 | 12 -0.14662 -2.78053e+00
 13 -0.25869  6.22798e-01 | 14  0.34653  1.79844e+00 | 15 -0.14295 -3.76442e+00
 16  0.28540  2.59696e-01 | 17 -0.14689 -5.80062e-02 | 18  0.38734 -1.40888e+00
 19 -0.17235  6.04847e-01 | 20  0.47328  4.39041e-01 | 21 -0.06567 -3.63860e-01
 22 -0.18710 -2.72226e-02 | 23 -0.36469 -3.79334e-01 | 24  0.45946  2.50845e-01
 25 -0.34447 -2.78040e-02 | 26  0.02100 -1.32272e+00 | 27  0.04011 -7.74213e-05
 28 -0.15280 -3.80498e-01 | 29  0.42904  2.16682e-01 | 30 -0.19022 -1.96662e-01
 31  0.56439 -1.13085e+00 | 32 -0.25249  2.21848e+00 | 33  0.11374 -3.04420e+00
 34 -0.20443  3.34400e+00 | 35  0.19435 -3.82330e-01 | 36 -0.09618  2.55885e-01
Maximum number of function evaluations exceeded

 - final statistics:
36 variables; iteration 71; function evaluation 100
Function value 3.2058e+03; maximum gradient component mag -1.2854e+01
Exit code = 3;  converg criter 1.0000e+00
Var    Value     Gradient |Var    Value     Gradient |Var    Value     Gradient
  1 -0.13594 -1.28536e+01 |  2 -0.28928  1.11327e+00 |  3  0.16605 -6.47005e-01
  4 -0.18264  2.15693e+00 |  5 -0.11240  2.93608e+00 |  6  0.11168  1.79763e+00
  7 -0.07181  5.03014e-02 |  8  0.03033  1.79669e+00 |  9  0.06337  7.80203e+00
 10 -0.23599  6.48741e-02 | 11  0.27989 -6.89553e-01 | 12 -0.14920 -1.95339e+00
 13 -0.26115 -3.55098e+00 | 14  0.34620 -9.50801e-01 | 15 -0.14258  2.19350e+00
 16  0.24816 -9.17498e-01 | 17 -0.16300  5.56411e-01 | 18  0.40845  6.16305e+00
 19 -0.16573 -5.03194e+00 | 20  0.47482 -1.01619e+00 | 21 -0.06499  6.22174e+00
 22 -0.18775 -1.18021e+01 | 23 -0.35967  6.60357e+00 | 24  0.20251  5.19832e+00
 25 -0.00415  9.02637e+00 | 26  0.01396 -9.26368e+00 | 27  0.03530  1.66135e+00
 28 -0.14592 -2.54437e+00 | 29  0.42204 -5.44517e-01 | 30 -0.19551 -1.10551e+00
 31  0.63361 -7.74404e-01 | 32 -0.24255  5.38409e+00 | 33  0.12310  4.62936e+00
 34 -0.19822  9.46883e-01 | 35  0.20238  1.06696e+00 | 36 -0.09119 -6.05986e-01

Initial statistics: 93 variables; iteration 0; function evaluation 0; phase 4
Function value 3.2058006e+03; maximum gradient component mag -5.9452e+02
Var    Value     Gradient |Var    Value     Gradient |Var    Value     Gradient
  1 -0.13594 -1.28536e+01 |  2 -0.28928  1.11327e+00 |  3  0.16605 -6.47005e-01
  4 -0.18264  2.15693e+00 |  5 -0.11240  2.93608e+00 |  6  0.11168  1.79763e+00
  7 -0.07181  5.03014e-02 |  8  0.03033  1.79669e+00 |  9  0.06337  7.80203e+00
 10  0.00000 -1.46832e+01 | 11  0.00000 -1.91689e+01 | 12  0.00000 -2.32286e+01
 13  0.00000 -1.92051e+01 | 14  0.00000 -1.50666e+01 | 15  0.00000 -2.61063e+01
 16  0.00000 -4.40864e+01 | 17  0.00000 -5.75479e+01 | 18  0.00000  1.32313e+01
 19  0.00000  8.65435e+01 | 20  0.00000  5.88393e+01 | 21  0.00000 -3.40073e+01
 22  0.00000  8.74709e+01 | 23  0.00000  1.91609e+02 | 24  0.00000  1.93824e+02
 25  0.00000 -3.53088e+01 | 26  0.00000 -3.50659e+02 | 27  0.00000 -2.01651e+01
 28  0.00000  2.98847e+01 | 29  0.00000  2.34445e+01 | 30  0.00000 -1.70222e+01
 31  0.00000 -1.57737e+01 | 32  0.00000  3.46166e+01 | 33  0.00000  4.00589e+01
 34  0.00000  6.75831e+01 | 35  0.00000  1.21529e+01 | 36  0.00000  8.89617e+01
 37  0.00000  9.84504e+01 | 38  0.00000  1.47963e+02 | 39  0.00000  1.32387e+02
 40  0.00000 -1.70171e+02 | 41  0.00000 -5.94518e+02 | 42  0.00000 -9.72048e+01
 43  0.00000  4.50758e+01 | 44  0.00000  8.67125e+01 | 45  0.00000 -4.31950e+01
 46  0.00000  1.32536e+02 | 47  0.00000  2.04645e+02 | 48  0.00000  2.12193e+02
 49  0.00000  1.23445e+02 | 50  0.00000  8.50864e+01 | 51  0.00000 -1.14778e+02
 52  0.00000 -1.89749e+02 | 53  0.00000 -3.27677e+01 | 54  0.00000 -1.38358e+02
 55  0.00000 -2.25999e+02 | 56  0.00000 -4.78078e+01 | 57  0.00000 -8.55032e+01
 58  0.00000  2.64705e+01 | 59  0.00000  5.25617e+01 | 60  0.00000  1.02731e+02
 61  0.00000  7.77181e+01 | 62  0.00000  1.46418e+01 | 63  0.00000 -3.55976e+01
 64  0.00000  2.88729e+01 | 65  0.00000 -1.07385e+01 | 66  0.00000 -2.12961e+01
 67 -0.23599  6.48741e-02 | 68  0.27989 -6.89553e-01 | 69 -0.14920 -1.95339e+00
 70 -0.26115 -3.55098e+00 | 71  0.34620 -9.50801e-01 | 72 -0.14258  2.19350e+00
 73  0.24816 -9.17498e-01 | 74 -0.16300  5.56411e-01 | 75  0.40845  6.16305e+00
 76 -0.16573 -5.03194e+00 | 77  0.47482 -1.01619e+00 | 78 -0.06499  6.22174e+00
 79 -0.18775 -1.18021e+01 | 80 -0.35967  6.60357e+00 | 81  0.20251  5.19832e+00
 82 -0.00415  9.02637e+00 | 83  0.01396 -9.26368e+00 | 84  0.03530  1.66135e+00
 85 -0.14592 -2.54437e+00 | 86  0.42204 -5.44517e-01 | 87 -0.19551 -1.10551e+00
 88  0.63361 -7.74404e-01 | 89 -0.24255  5.38409e+00 | 90  0.12310  4.62936e+00
 91 -0.19822  9.46883e-01 | 92  0.20238  1.06696e+00 | 93 -0.09119 -6.05986e-01

Intermediate statistics: 93 variables; iteration 20; function evaluation 27; phase 4
Function value 2.7625186e+03; maximum gradient component mag -3.2802e+02
Var    Value     Gradient |Var    Value     Gradient |Var    Value     Gradient
  1 -0.06402 -1.40241e+02 |  2 -0.30131  6.14466e+00 |  3  0.21250  1.32866e+01
  4 -0.14927  4.53134e+01 |  5 -0.14086 -2.97175e+01 |  6  0.11767  9.74615e+01
  7 -0.08675  3.79686e+01 |  8  0.04097  2.10804e+01 |  9  0.35795  4.80971e+01
 10  0.09592  4.47460e+01 | 11  0.08854  4.63037e+01 | 12  0.08573  4.59063e+01
 13  0.03992  4.35151e+01 | 14  0.00240  3.98771e+01 | 15  0.02008  3.59624e+01
 16  0.02013  3.61872e+01 | 17  0.11386  3.42213e+01 | 18 -0.05150  3.91946e+01
 19 -0.09808  4.12551e+01 | 20 -0.06537  3.89523e+01 | 21  0.08062  3.28429e+01
 22 -0.06667  3.79185e+01 | 23 -0.18164  4.08238e+01 | 24 -0.20503  4.32498e+01
 25 -0.19625  2.27847e+01 | 26  0.21195 -1.27693e+02 | 27 -0.22938  2.37868e+01
 28  0.03496  5.09194e+01 | 29  0.01698  5.03939e+01 | 30  0.05986  4.73695e+01
 31  0.06909  4.90240e+01 | 32 -0.01352  4.52847e+01 | 33  0.03953  5.32250e+01
 34 -0.11181  4.29056e+01 | 35  0.08629  6.48269e+01 | 36 -0.09247  4.31751e+01
 37 -0.00647  4.72307e+01 | 38 -0.09444  4.36850e+01 | 39 -0.12319  4.19516e+01
 40 -0.29151  9.10579e+00 | 41  0.40549 -1.17788e+02 | 42 -0.22841  1.68622e+01
 43  0.06096  6.05895e+01 | 44 -0.00268  4.89728e+01 | 45  0.12284  2.77443e+01
 46 -0.08648  4.27360e+01 | 47 -0.25083  3.85494e+01 | 48 -0.27805  3.84529e+01
 49 -0.05355  4.94034e+01 | 50 -0.01379  4.75373e+01 | 51  0.16027  4.18433e+01
 52  0.20072  7.68214e+00 | 53  0.03225  3.03634e+01 | 54  0.18621  1.49897e+01
 55  0.26130 -1.98970e+01 | 56  0.00305  2.32012e+01 | 57  0.19907  5.06721e+01
 58 -0.00685  3.90239e+01 | 59  0.00677  4.26486e+01 | 60 -0.15675  3.57905e+01
 61 -0.08691  3.67373e+01 | 62  0.05132  4.05433e+01 | 63  0.11728  4.14171e+01
 64 -0.07427  2.94771e+01 | 65  0.10685  3.33243e+01 | 66  0.22697  2.78924e+01
 67 -0.08345 -1.74437e-01 | 68  0.18488 -2.21029e+01 | 69 -0.17043  4.75160e+01
 70 -0.25273  5.06436e+00 | 71  0.33723  1.29301e+02 | 72 -0.16726 -3.28021e+02
 73  0.29440 -1.28298e+00 | 74 -0.14874 -3.91919e+00 | 75  0.33933  3.92129e+00
 76 -0.17251 -3.85352e-01 | 77  0.19757 -1.72280e+01 | 78 -0.13347 -5.70254e+01
 79 -0.19212 -3.04582e+01 | 80 -0.38066  1.04425e+01 | 81  0.08352  7.39150e+00
 82 -0.00851  1.27512e+01 | 83  0.02075  1.19476e+01 | 84  0.01106 -8.67631e+00
 85 -0.15324  1.82060e+00 | 86  0.42791  3.87458e+00 | 87 -0.18117 -4.54612e+00
 88  0.59576 -1.96216e+01 | 89 -0.20111  1.65269e+02 | 90  0.02731 -2.03638e+02
 91 -0.24465  2.21504e+02 | 92  0.16382 -6.40176e+00 | 93 -0.10641  2.02385e+01
93 variables; iteration 40; function evaluation 48; phase 4
Function value 2.7387955e+03; maximum gradient component mag -1.6843e+02
Var    Value     Gradient |Var    Value     Gradient |Var    Value     Gradient
  1 -0.06708 -1.68428e+02 |  2 -0.29448 -1.06423e+01 |  3  0.19583 -8.81055e+00
  4 -0.15113  2.22764e+01 |  5 -0.14452 -1.52961e+01 |  6  0.10806 -4.45481e+01
  7 -0.07110  3.38861e+00 |  8  0.04077  9.94843e+00 |  9  0.29948  6.73700e+01
 10  0.08534  6.95577e+00 | 11  0.03851  3.63939e+00 | 12  0.06546  3.27912e+00
 13  0.01847  4.46382e+00 | 14 -0.03207  4.70337e+00 | 15  0.04307  1.03417e+01
 16 -0.01949  6.85898e+00 | 17  0.13489  2.31716e+01 | 18 -0.08102  8.68917e+00
 19 -0.10059  1.22995e+01 | 20 -0.06003  1.12571e+01 | 21  0.07684  1.68670e+00
 22 -0.05703  1.38388e+01 | 23 -0.15440  2.08856e+01 | 24 -0.19595  1.83850e+01
 25 -0.19812 -9.76466e-01 | 26  0.24560 -3.39698e+01 | 27 -0.28417 -6.82453e+00
 28  0.01125 -8.53878e+00 | 29  0.01174  4.97089e+00 | 30  0.07513  2.18034e+01
 31  0.06983  1.08919e+01 | 32 -0.03190 -2.82951e+00 | 33  0.01110 -1.07576e+01
 34 -0.11544  6.44913e+00 | 35  0.09545  3.32670e+01 | 36 -0.08268  1.24439e+01
 37 -0.01552  4.69045e+00 | 38 -0.09509  8.95848e+00 | 39 -0.11954  1.10524e+01
 40 -0.26699 -1.61109e+01 | 41  0.44889 -2.51340e+01 | 42 -0.16482 -4.60960e+00
 43  0.05672  1.88524e+01 | 44 -0.00363  1.21166e+01 | 45  0.15643  3.02699e+01
 46 -0.09233  7.29472e+00 | 47 -0.23182  1.37856e+01 | 48 -0.25362  1.55071e+01
 49 -0.06391  8.60432e+00 | 50 -0.02830  3.76132e+00 | 51  0.12700 -3.71980e+01
 52  0.22365 -2.68279e+00 | 53  0.01786 -7.14448e+00 | 54  0.18352 -9.31729e+00
 55  0.30373 -2.49569e+00 | 56  0.02406 -1.22219e+00 | 57  0.15019 -2.28680e+01
 58 -0.00953  4.60419e-01 | 59  0.00007  3.35544e+00 | 60 -0.13773  8.84691e+00
 61 -0.08076  7.42600e+00 | 62  0.03848  5.66037e+00 | 63  0.08196 -7.01458e+00
 64 -0.06003  3.81811e+00 | 65  0.08129 -4.05221e-01 | 66  0.20183 -2.27038e+00
 67 -0.07876 -3.47628e+00 | 68  0.16611 -6.07136e+00 | 69 -0.18560  4.40048e+00
 70 -0.27073 -2.66638e+01 | 71  0.35376  4.25589e+01 | 72 -0.14731 -9.18768e+01
 73  0.54775  1.56870e+00 | 74 -0.08060 -8.40513e+00 | 75  0.35390  3.84097e+01
 76 -0.17547 -8.03583e+01 | 77  0.25455  2.07477e+01 | 78 -0.11723 -1.27686e+02
 79 -0.14975  1.03465e+01 | 80 -0.33382 -3.40141e+00 | 81 -0.13501  3.68309e+00
 82 -0.02460 -1.27412e+01 | 83  0.01671 -1.10118e+00 | 84  0.01457 -1.11389e+00
 85 -0.15507 -1.20543e+00 | 86  0.41964 -1.49115e+01 | 87 -0.16696  2.47406e+01
 88  0.58064  5.51293e-01 | 89 -0.23102  1.47942e+01 | 90  0.03591 -5.64399e+01
 91 -0.25454  5.30227e+01 | 92  0.12704  1.18913e+00 | 93 -0.14937 -4.79519e+00
93 variables; iteration 60; function evaluation 72; phase 4
Function value 2.7312763e+03; maximum gradient component mag -1.3668e+02
Var    Value     Gradient |Var    Value     Gradient |Var    Value     Gradient
  1 -0.05789 -1.36675e+02 |  2 -0.28746  2.12095e+01 |  3  0.19358  6.96143e+00
  4 -0.15272  1.96015e+01 |  5 -0.14486  3.74705e+00 |  6  0.11010  1.00194e+01
  7 -0.08009 -8.02646e-02 |  8  0.03068  5.77958e+00 |  9  0.27638  7.32321e+01
 10  0.06122 -8.98779e-01 | 11  0.07262  1.06125e+00 | 12  0.06589  8.23955e-01
 13  0.03549  3.37997e+00 | 14 -0.00191  3.19124e+00 | 15  0.02006  1.35320e+00
 16  0.01960  1.85717e+00 | 17  0.11620  1.11852e-01 | 18 -0.05805  2.27036e+00
 19 -0.11427  3.38155e+00 | 20 -0.05921  7.48951e+00 | 21  0.08261  1.11069e+01
 22 -0.05288  1.32559e+01 | 23 -0.15148  1.63568e+01 | 24 -0.20090  1.12432e+01
 25 -0.21903 -7.76036e+00 | 26  0.25531  1.79653e+01 | 27 -0.25668 -7.92022e+00
 28  0.01488 -6.95053e+00 | 29  0.00780 -6.79683e+00 | 30  0.05082 -1.06914e+01
 31  0.05569 -8.95273e+00 | 32 -0.02798 -4.90578e+00 | 33  0.01508 -8.97335e+00
 34 -0.12315 -2.49516e+00 | 35  0.05857 -1.38275e+01 | 36 -0.08941  2.24906e+00
 37 -0.00534  5.65193e+00 | 38 -0.07931  9.61395e+00 | 39 -0.14775  1.50765e+00
 40 -0.20841 -1.86258e+01 | 41  0.46067  1.10968e+01 | 42 -0.20127 -1.45089e+01
 43  0.02760 -9.38251e+00 | 44 -0.01530 -3.86518e+00 | 45  0.14252 -1.64772e+00
 46 -0.08678  3.68815e+00 | 47 -0.24721  5.47330e+00 | 48 -0.25250  1.08374e+01
 49 -0.07011 -7.90248e-01 | 50 -0.04039 -6.65296e+00 | 51  0.14993 -1.68007e+01
 52  0.21600 -1.34791e+01 | 53  0.03793 -2.85481e+00 | 54  0.19020 -5.07749e+00
 55  0.31013  6.01175e+00 | 56  0.01962 -6.16075e+00 | 57  0.17447 -1.11840e+01
 58 -0.02442 -7.64230e+00 | 59 -0.01457 -8.41975e+00 | 60 -0.16117 -2.05817e+00
 61 -0.09424 -3.22327e+00 | 62  0.03846 -1.00200e+00 | 63  0.08258 -1.02331e+01
 64 -0.06729 -2.75044e+00 | 65  0.09810 -2.19323e+00 | 66  0.21969 -5.44426e+00
 67 -0.05791 -1.90411e+00 | 68  0.17073  1.81863e+01 | 69 -0.18589 -3.37431e+01
 70 -0.25623 -6.70664e+00 | 71  0.35678  4.25958e+01 | 72 -0.14782 -9.19014e+01
 73  0.54828 -1.76724e+00 | 74 -0.07448  1.01961e+01 | 75  0.34370  3.71083e+01
 76 -0.18182 -9.02488e+01 | 77  0.28445  2.12683e+01 | 78 -0.10687 -1.13752e+02
 79 -0.14118 -8.12110e+00 | 80 -0.31666  6.45586e+00 | 81 -0.18950 -8.65153e-02
 82 -0.02083 -3.69612e+00 | 83  0.01769  1.47827e+00 | 84  0.01527 -3.52797e-01
 85 -0.15294  2.39860e-01 | 86  0.42362  1.17935e+00 | 87 -0.18686 -1.95709e+00
 88  0.41307 -6.67120e+00 | 89 -0.26484  2.60742e+01 | 90  0.04618  6.88312e+01
 91 -0.25415 -7.43249e+01 | 92  0.17422  3.83694e+00 | 93 -0.11838 -3.27950e+00
93 variables; iteration 80; function evaluation 96; phase 4
Function value 2.7249464e+03; maximum gradient component mag 1.3792e+02
Var    Value     Gradient |Var    Value     Gradient |Var    Value     Gradient
  1 -0.09240 -5.80393e+01 |  2 -0.26047  5.13737e+01 |  3  0.17060  2.47084e+01
  4 -0.15369  2.69772e+01 |  5 -0.11447 -2.87744e-01 |  6  0.10902  1.37924e+02
  7 -0.06587  3.58639e+01 |  8  0.03077  1.17446e+01 |  9  0.12852  8.05492e+01
 10  0.12155  5.82284e+00 | 11  0.06707  4.98630e+00 | 12  0.08242  6.89797e+00
 13  0.06714  1.20049e+01 | 14  0.02037  1.00970e+01 | 15  0.00908  2.63191e+00
 16  0.02559  3.86444e+00 | 17  0.13444  5.00975e-01 | 18 -0.09264  2.74054e+00
 19 -0.06387  1.99523e+01 | 20 -0.05308  1.58305e+01 | 21  0.07993  2.68348e+00
 22 -0.04791  1.57414e+01 | 23 -0.14806  2.10449e+01 | 24 -0.21873  1.31236e+01
 25 -0.17274  4.37328e+00 | 26  0.24754  1.72639e+01 | 27 -0.23353 -1.04552e-02
 28  0.01157  6.59678e+00 | 29 -0.00259  4.69374e+00 | 30  0.04436  1.93790e+00
 31  0.03792 -3.03748e+00 | 32 -0.04782  1.43835e+00 | 33  0.02075  7.75520e+00
 34 -0.19186 -1.81542e+00 | 35  0.05605 -1.90361e+00 | 36 -0.13668 -1.30007e+00
 37 -0.03390 -2.29539e+00 | 38 -0.12400  2.89263e+00 | 39 -0.18973  1.94731e+00
 40 -0.12274 -5.74445e+00 | 41  0.46136  3.54206e+01 | 42 -0.12899 -4.07802e-01
 43  0.00509 -1.51960e+01 | 44 -0.02246 -2.88333e+00 | 45  0.14032  1.01814e-01
 46 -0.12784 -6.74172e+00 | 47 -0.24314  1.19152e+01 | 48 -0.29247  8.42647e+00
 49 -0.05155  1.58481e+01 | 50 -0.02957  6.44864e+00 | 51  0.16570  1.27702e+01
 52  0.22716  1.14764e+01 | 53  0.00871 -8.99328e+00 | 54  0.19085 -1.68506e+00
 55  0.31203  1.15689e+01 | 56  0.01600 -1.27123e+00 | 57  0.18126  2.70557e+00
 58 -0.01005  4.15883e+00 | 59  0.01492  8.66546e+00 | 60 -0.15480  4.62295e+00
 61 -0.10642  2.51954e-01 | 62  0.03730  3.72154e+00 | 63  0.06302 -1.44291e+01
 64 -0.07142  3.21047e+00 | 65  0.07363  9.78285e-03 | 66  0.25467  3.26966e+00
 67 -0.08348 -1.61562e+00 | 68  0.15191  1.44637e+01 | 69 -0.20031 -4.88129e+01
 70 -0.24196  3.20199e+01 | 71  0.33787 -1.04639e-01 | 72 -0.14712  1.56871e+01
 73  0.54529 -9.63427e-01 | 74 -0.07267  6.32600e+00 | 75  0.31264  2.92186e+01
 76 -0.19916 -1.07859e+02 | 77  0.30041 -2.24479e+01 | 78 -0.09116  3.58608e+01
 79 -0.12866 -2.41223e+01 | 80 -0.29570  1.27988e+01 | 81 -0.29872 -5.59022e+00
 82 -0.02180  6.13516e+00 | 83  0.01450  1.80843e+00 | 84  0.01857  1.85403e-01
 85 -0.14917  6.64802e-01 | 86  0.43786  9.27417e+00 | 87 -0.18503 -1.21265e+01
 88  0.41052  3.09622e+01 | 89 -0.28550 -1.07337e+02 | 90  0.02318  7.85007e+01
 91 -0.27880 -1.07359e+02 | 92  0.12856 -9.43768e+00 | 93 -0.14097  9.71650e+00
93 variables; iteration 100; function evaluation 124; phase 4
Function value 2.7192369e+03; maximum gradient component mag 1.2080e+02
Var    Value     Gradient |Var    Value     Gradient |Var    Value     Gradient
  1 -0.13568 -6.41621e+00 |  2 -0.29534  3.61880e+01 |  3  0.20886  2.47835e+01
  4 -0.16156  1.43300e+01 |  5 -0.09432 -5.12075e+00 |  6  0.11569  1.02455e+02
  7 -0.09250  1.91273e+01 |  8  0.04497  1.54965e+01 |  9  0.03292  4.33763e+01
 10  0.14085  1.49163e+00 | 11 -0.00443 -1.26559e+00 | 12  0.12428  2.13365e+00
 13  0.07979  3.65183e+00 | 14 -0.10095 -3.62269e+00 | 15  0.09372  1.25788e+00
 16 -0.03370 -3.11405e+00 | 17  0.15406 -4.39563e+00 | 18 -0.08495  2.65363e+00
 19 -0.04991  1.84964e+01 | 20 -0.06329  7.89943e+00 | 21  0.09422 -4.11622e-01
 22 -0.04521  9.60589e+00 | 23 -0.15184  1.46822e+01 | 24 -0.21590  1.06186e+01
 25 -0.16615  3.54666e+00 | 26  0.25310  1.81327e+01 | 27 -0.18719  5.95954e+00
 28  0.01982  1.43879e+01 | 29 -0.00076  6.08538e+00 | 30  0.03752  7.52545e-01
 31  0.04750  6.96620e+00 | 32 -0.06202  2.33811e+00 | 33  0.02536  1.32436e+01
 34 -0.26891 -6.55788e+00 | 35  0.06329  1.42179e+01 | 36 -0.13847  2.05593e+00
 37 -0.03990 -2.94809e+00 | 38 -0.17225 -6.45825e+00 | 39 -0.24997 -4.30734e+00
 40 -0.04516  7.13767e+00 | 41  0.44816  1.65571e+01 | 42 -0.12914  3.34083e-01
 43  0.01658 -8.23857e+00 | 44 -0.01737  1.46279e+00 | 45  0.13585  2.44520e+00
 46 -0.11150  1.03270e+00 | 47 -0.26061  8.87385e+00 | 48 -0.32309  4.13455e+00
 49 -0.07106  8.61355e+00 | 50 -0.01992  1.09972e+01 | 51  0.16657  1.77220e+01
 52  0.22768  1.59835e+01 | 53  0.02753 -1.07695e+00 | 54  0.19239 -2.73105e-01
 55  0.30325  2.87225e+00 | 56  0.03815  6.19036e+00 | 57  0.19069  7.51177e+00
 58 -0.01315  2.66706e+00 | 59  0.00975  4.16732e+00 | 60 -0.17456  2.80896e-01
 61 -0.09909 -1.09007e+00 | 62  0.03525 -1.38202e+00 | 63  0.07867 -8.50968e+00
 64 -0.07834  1.10855e-01 | 65  0.14368  1.05907e+01 | 66  0.27766  4.79434e+00
 67 -0.11028 -1.73832e+00 | 68  0.19178  6.69479e+00 | 69 -0.17788 -3.17808e+01
 70 -0.24779  1.86923e+01 | 71  0.35013 -1.41284e+01 | 72 -0.13878  6.23594e+01
 73  0.49581  1.59289e+00 | 74 -0.08609 -8.93460e+00 | 75  0.34058  1.45848e-02
 76 -0.18447 -3.37542e+01 | 77  0.32881 -4.05265e+01 | 78 -0.07757  1.20795e+02
 79 -0.13757 -1.53378e+01 | 80 -0.32115 -4.51947e+00 | 81 -0.29948 -8.17877e+00
 82 -0.02557  7.93771e+00 | 83  0.03297  2.02787e+00 | 84  0.03373 -4.38738e+00
 85 -0.21026 -5.50436e+00 | 86  0.44205  6.47844e+00 | 87 -0.18454 -8.99417e+00
 88  0.37627  2.81423e+01 | 89 -0.29879 -1.04167e+02 | 90  0.03400  3.87013e+01
 91 -0.26507 -6.89568e+01 | 92  0.20264  5.18485e+00 | 93 -0.09586  1.29101e+00
93 variables; iteration 120; function evaluation 146; phase 4
Function value 2.7087397e+03; maximum gradient component mag 9.2055e-01
Var    Value     Gradient |Var    Value     Gradient |Var    Value     Gradient
  1 -0.19016  5.57849e-01 |  2 -0.32865  7.90683e-03 |  3  0.22482 -3.16223e-02
  4 -0.15712  2.47793e-02 |  5 -0.05852  2.62876e-02 |  6  0.11858  4.69562e-02
  7 -0.09216  4.68408e-02 |  8  0.03214  2.25194e-03 |  9 -0.05885 -4.24422e-01
 10  0.13897  2.10034e-02 | 11  0.09096 -1.79324e-02 | 12  0.11616 -3.64584e-02
 13  0.04510 -6.29085e-02 | 14  0.00858 -1.08371e-02 | 15  0.06316 -4.27062e-02
 16  0.02970 -3.50545e-02 | 17  0.16228 -4.88264e-02 | 18 -0.04545 -3.63690e-02
 19 -0.08853  1.99966e-02 | 20 -0.04468 -2.73086e-03 | 21  0.11437  8.05533e-02
 22 -0.03469  2.78255e-02 | 23 -0.16897 -1.35362e-02 | 24 -0.23254 -4.23429e-02
 25 -0.14559 -5.18358e-03 | 26  0.26158 -8.55850e-03 | 27 -0.19086  3.26969e-03
 28  0.01759 -2.98591e-03 | 29  0.00298 -2.52453e-03 | 30  0.04419 -2.85891e-02
 31  0.03608 -2.81150e-02 | 32 -0.05637  1.74999e-03 | 33 -0.00987  5.65119e-02
 34 -0.17210 -3.28034e-03 | 35  0.02855 -1.08964e-02 | 36 -0.14709 -4.62103e-03
 37 -0.05948  2.82914e-03 | 38 -0.15672  1.22297e-02 | 39 -0.21582  6.76273e-03
 40 -0.07921  7.36033e-02 | 41  0.43366  1.30695e-01 | 42 -0.12113  1.78535e-02
 43  0.02920  2.78640e-02 | 44 -0.02561  9.36091e-03 | 45  0.12019  1.89880e-02
 46 -0.12306 -4.92644e-03 | 47 -0.30819 -2.76868e-02 | 48 -0.34878 -1.10050e-04
 49 -0.09682  1.73042e-02 | 50 -0.05047  5.51515e-03 | 51  0.13927  1.36695e-02
 52  0.20223  3.00572e-02 | 53  0.02352  2.84853e-02 | 54  0.18250  3.12852e-02
 55  0.28630  3.66697e-02 | 56  0.01866  2.15541e-02 | 57  0.17724  1.08219e-02
 58 -0.01612 -1.06832e-02 | 59  0.00079  4.21137e-02 | 60 -0.16328  4.51483e-02
 61 -0.08609  3.20455e-02 | 62  0.04304  5.00757e-02 | 63  0.10029  5.24799e-02
 64 -0.06214  8.37385e-03 | 65  0.09953  4.57258e-02 | 66  0.25031  1.35056e-02
 67 -0.16113 -1.18476e-02 | 68  0.25931  1.36180e-01 | 69 -0.14664 -2.01572e-01
 70 -0.25667  8.70328e-02 | 71  0.33509  1.09453e-01 | 72 -0.14876 -2.95755e-01
 73  0.52806  4.27520e-03 | 74 -0.07447  4.83535e-03 | 75  0.38744 -3.46041e-02
 76 -0.16702  2.81093e-02 | 77  0.38477 -3.25972e-01 | 78 -0.07126  9.20550e-01
 79 -0.14687  3.42813e-02 | 80 -0.32594 -4.02891e-02 | 81 -0.16063 -4.74382e-03
 82 -0.03198 -4.15607e-02 | 83  0.01026  2.79101e-02 | 84  0.01728 -1.38626e-03
 85 -0.14869  1.36698e-02 | 86  0.44030  1.43438e-02 | 87 -0.18209  7.08267e-03
 88  0.52178  1.35909e-02 | 89 -0.25083  2.75869e-01 | 90  0.06772 -1.46351e-01
 91 -0.22975  2.28996e-01 | 92  0.14532 -8.08298e-04 | 93 -0.13053 -2.52187e-02
  ic > imax  in fminim is answer attained ?
Var    Value     Gradient |Var    Value     Gradient |Var    Value     Gradient
  1 -0.19016  1.23265e-03 |  2 -0.32866 -6.00001e-04 |  3  0.22486 -5.71686e-04
  4 -0.15712 -1.32868e-03 |  5 -0.05851  1.28268e-03 |  6  0.11858 -2.65033e-03
  7 -0.09219 -1.04096e-03 |  8  0.03214 -1.94168e-04 |  9 -0.05881  1.40701e-03
 10  0.13851  4.30040e-04 | 11  0.09128 -2.41211e-04 | 12  0.11599  1.72129e-04
 13  0.04561  1.69244e-04 | 14  0.00833 -1.73110e-04 | 15  0.06317  5.43080e-05
 16  0.02984 -1.05509e-04 | 17  0.16214  3.49610e-04 | 18 -0.04515 -4.08730e-04
 19 -0.08876  1.12092e-04 | 20 -0.04460  7.58488e-04 | 21  0.11429  5.77449e-04
 22 -0.03474  7.51706e-04 | 23 -0.16892  9.08628e-04 | 24 -0.23224  1.01531e-03
 25 -0.14557 -6.44293e-04 | 26  0.26157  1.28984e-03 | 27 -0.19076 -5.57959e-04
 28  0.01759  9.38775e-04 | 29  0.00298  4.37772e-04 | 30  0.04421 -4.19791e-05
 31  0.03609 -1.68718e-05 | 32 -0.05633  8.73125e-05 | 33 -0.00995  2.12172e-04
 34 -0.17192  4.00047e-04 | 35  0.02858 -3.49871e-04 | 36 -0.14698  3.49095e-04
 37 -0.05945  2.25414e-04 | 38 -0.15671  3.98007e-04 | 39 -0.21571  3.99351e-04
 40 -0.07951 -2.16799e-03 | 41  0.43358 -1.49456e-03 | 42 -0.12116 -1.06146e-03
 43  0.02913  7.63157e-05 | 44 -0.02562  4.67146e-05 | 45  0.12016 -2.14555e-04
 46 -0.12303 -7.56655e-05 | 47 -0.30795  6.79225e-04 | 48 -0.34867  5.55254e-04
 49 -0.09684  6.20678e-04 | 50 -0.05046  5.65079e-04 | 51  0.13925 -4.38071e-04
 52  0.20218 -8.98240e-04 | 53  0.02348 -4.30076e-04 | 54  0.18245  1.53757e-04
 55  0.28624 -1.87082e-04 | 56  0.01862 -3.37038e-05 | 57  0.17721  5.65445e-04
 58 -0.01601  5.73046e-04 | 59  0.00070  2.51611e-04 | 60 -0.16344  3.04809e-04
 61 -0.08611  2.48366e-04 | 62  0.04298  5.60786e-04 | 63  0.10022 -8.83469e-05
 64 -0.06213  2.33925e-04 | 65  0.09934  1.01891e-04 | 66  0.25034  6.35710e-05
 67 -0.16104  1.85733e-05 | 68  0.25906  4.36975e-03 | 69 -0.14672 -7.16424e-03
 70 -0.25672 -5.17350e-04 | 71  0.33507  8.63724e-04 | 72 -0.14874 -2.75171e-03
 73  0.52708 -1.00205e-03 | 74 -0.07465  2.74231e-03 | 75  0.38749 -1.20390e-03
 76 -0.16700  3.68223e-03 | 77  0.38538 -1.40009e-03 | 78 -0.07116  3.47196e-03
 79 -0.14685 -2.26458e-04 | 80 -0.32587  1.37395e-05 | 81 -0.16061 -1.34296e-04
 82 -0.03196  5.04661e-04 | 83  0.01026 -6.90784e-04 | 84  0.01728  7.34830e-05
 85 -0.14872 -1.52047e-04 | 86  0.44014 -1.38705e-04 | 87 -0.18218  3.60040e-05
 88  0.51731  7.37193e-04 | 89 -0.25170 -3.60906e-03 | 90  0.06765 -7.33724e-04
 91 -0.22982  1.38451e-03 | 92  0.14556 -1.94988e-04 | 93 -0.13036  7.13808e-04
Function minimizer not making progress ... is minimum attained?
Minimprove criterion = 0.0000e+00

 - final statistics:
93 variables; iteration 131; function evaluation 187
Function value 2.7087e+03; maximum gradient component mag -7.1642e-03
Exit code = 1;  converg criter 1.0000e-04
Var    Value     Gradient |Var    Value     Gradient |Var    Value     Gradient
  1 -0.19016  1.23265e-03 |  2 -0.32866 -6.00001e-04 |  3  0.22486 -5.71686e-04
  4 -0.15712 -1.32868e-03 |  5 -0.05851  1.28268e-03 |  6  0.11858 -2.65033e-03
  7 -0.09219 -1.04096e-03 |  8  0.03214 -1.94168e-04 |  9 -0.05881  1.40701e-03
 10  0.13851  4.30040e-04 | 11  0.09128 -2.41211e-04 | 12  0.11599  1.72129e-04
 13  0.04561  1.69244e-04 | 14  0.00833 -1.73110e-04 | 15  0.06317  5.43080e-05
 16  0.02984 -1.05509e-04 | 17  0.16214  3.49610e-04 | 18 -0.04515 -4.08730e-04
 19 -0.08876  1.12092e-04 | 20 -0.04460  7.58488e-04 | 21  0.11429  5.77449e-04
 22 -0.03474  7.51706e-04 | 23 -0.16892  9.08628e-04 | 24 -0.23224  1.01531e-03
 25 -0.14557 -6.44293e-04 | 26  0.26157  1.28984e-03 | 27 -0.19076 -5.57959e-04
 28  0.01759  9.38775e-04 | 29  0.00298  4.37772e-04 | 30  0.04421 -4.19791e-05
 31  0.03609 -1.68718e-05 | 32 -0.05633  8.73125e-05 | 33 -0.00995  2.12172e-04
 34 -0.17192  4.00047e-04 | 35  0.02858 -3.49871e-04 | 36 -0.14698  3.49095e-04
 37 -0.05945  2.25414e-04 | 38 -0.15671  3.98007e-04 | 39 -0.21571  3.99351e-04
 40 -0.07951 -2.16799e-03 | 41  0.43358 -1.49456e-03 | 42 -0.12116 -1.06146e-03
 43  0.02913  7.63157e-05 | 44 -0.02562  4.67146e-05 | 45  0.12016 -2.14555e-04
 46 -0.12303 -7.56655e-05 | 47 -0.30795  6.79225e-04 | 48 -0.34867  5.55254e-04
 49 -0.09684  6.20678e-04 | 50 -0.05046  5.65079e-04 | 51  0.13925 -4.38071e-04
 52  0.20218 -8.98240e-04 | 53  0.02348 -4.30076e-04 | 54  0.18245  1.53757e-04
 55  0.28624 -1.87082e-04 | 56  0.01862 -3.37038e-05 | 57  0.17721  5.65445e-04
 58 -0.01601  5.73046e-04 | 59  0.00070  2.51611e-04 | 60 -0.16344  3.04809e-04
 61 -0.08611  2.48366e-04 | 62  0.04298  5.60786e-04 | 63  0.10022 -8.83469e-05
 64 -0.06213  2.33925e-04 | 65  0.09934  1.01891e-04 | 66  0.25034  6.35710e-05
 67 -0.16104  1.85733e-05 | 68  0.25906  4.36975e-03 | 69 -0.14672 -7.16424e-03
 70 -0.25672 -5.17350e-04 | 71  0.33507  8.63724e-04 | 72 -0.14874 -2.75171e-03
 73  0.52708 -1.00205e-03 | 74 -0.07465  2.74231e-03 | 75  0.38749 -1.20390e-03
 76 -0.16700  3.68223e-03 | 77  0.38538 -1.40009e-03 | 78 -0.07116  3.47196e-03
 79 -0.14685 -2.26458e-04 | 80 -0.32587  1.37395e-05 | 81 -0.16061 -1.34296e-04
 82 -0.03196  5.04661e-04 | 83  0.01026 -6.90784e-04 | 84  0.01728  7.34830e-05
 85 -0.14872 -1.52047e-04 | 86  0.44014 -1.38705e-04 | 87 -0.18218  3.60040e-05
 88  0.51731  7.37193e-04 | 89 -0.25170 -3.60906e-03 | 90  0.06765 -7.33724e-04
 91 -0.22982  1.38451e-03 | 92  0.14556 -1.94988e-04 | 93 -0.13036  7.13808e-04

Initial statistics: 105 variables; iteration 0; function evaluation 0; phase 5
Function value 2.7087394e+03; maximum gradient component mag -7.1642e-03
Var    Value     Gradient |Var    Value     Gradient |Var    Value     Gradient
  1 -0.19016  1.23265e-03 |  2 -0.32866 -6.00001e-04 |  3  0.22486 -5.71686e-04
  4 -0.15712 -1.32868e-03 |  5 -0.05851  1.28268e-03 |  6  0.11858 -2.65033e-03
  7 -0.09219 -1.04096e-03 |  8  0.03214 -1.94168e-04 |  9 -0.05881  1.40701e-03
 10  0.13851  3.27668e-04 | 11  0.09128 -3.44978e-04 | 12  0.11599  6.90209e-05
 13  0.04561  6.46694e-05 | 14  0.00833 -2.77944e-04 | 15  0.06317 -5.00197e-05
 16  0.02984 -2.10237e-04 | 17  0.16214  2.48148e-04 | 18 -0.04515 -5.13309e-04
 19 -0.08876  8.26647e-06 | 20 -0.04460  6.53900e-04 | 21  0.11429  4.74290e-04
 22 -0.03474  6.47018e-04 | 23 -0.16892  8.07453e-04 | 24 -0.23224  9.17365e-04
 25 -0.14557 -7.46408e-04 | 26  0.26157  1.19372e-03 | 27 -0.19076 -6.58130e-04
 28  0.01759  8.33971e-04 | 29  0.00298  3.32929e-04 | 30  0.04421 -1.46570e-04
 31  0.03609 -1.21547e-04 | 32 -0.05633 -1.71207e-05 | 33 -0.00995  1.07342e-04
 34 -0.17192  2.99004e-04 | 35  0.02858 -4.54609e-04 | 36 -0.14698  2.47033e-04
 37 -0.05945  1.21028e-04 | 38 -0.15671  2.96324e-04 | 39 -0.21571  3.00469e-04
 40 -0.07951 -2.27202e-03 | 41  0.43358 -1.57602e-03 | 42 -0.12116 -1.16441e-03
 43  0.02913 -2.84175e-05 | 44 -0.02562 -5.80435e-05 | 45  0.12016 -3.17536e-04
 46 -0.12303 -1.78557e-04 | 47 -0.30795  5.86410e-04 | 48 -0.34867  4.65746e-04
 49 -0.09684  5.17045e-04 | 50 -0.05046  4.60565e-04 | 51  0.13925 -5.40416e-04
 52  0.20218 -9.97840e-04 | 53  0.02348 -5.34847e-04 | 54  0.18245  5.31899e-05
 55  0.28624 -2.81505e-04 | 56  0.01862 -1.38502e-04 | 57  0.17721  4.64637e-04
 58 -0.01601  4.68236e-04 | 59  0.00070  1.46768e-04 | 60 -0.16344  2.03402e-04
 61 -0.08611  1.44480e-04 | 62  0.04298  4.56182e-04 | 63  0.10022 -1.91893e-04
 64 -0.06213  1.29581e-04 | 65  0.09934 -1.67917e-06 | 66  0.25034 -3.32700e-05
 67  0.00000  0.00000e+00 | 68  0.00000  0.00000e+00 | 69  0.00000  0.00000e+00
 70  0.00000  0.00000e+00 | 71  0.00000  0.00000e+00 | 72  0.00000  0.00000e+00
 73  0.00000  0.00000e+00 | 74  0.00000  0.00000e+00 | 75  0.00000  0.00000e+00
 76  0.00000  0.00000e+00 | 77  0.00000  0.00000e+00 | 78  0.00000  0.00000e+00
 79 -0.16104  1.85735e-05 | 80  0.25906  4.36975e-03 | 81 -0.14672 -7.16423e-03
 82 -0.25672 -5.17351e-04 | 83  0.33507  8.63723e-04 | 84 -0.14874 -2.75170e-03
 85  0.52708 -1.00205e-03 | 86 -0.07465  2.74231e-03 | 87  0.38749 -1.20390e-03
 88 -0.16700  3.68223e-03 | 89  0.38538 -1.40009e-03 | 90 -0.07116  3.47196e-03
 91 -0.14685 -2.26457e-04 | 92 -0.32587  1.37392e-05 | 93 -0.16061 -1.34295e-04
 94 -0.03196  5.04660e-04 | 95  0.01026 -6.90784e-04 | 96  0.01728  7.34831e-05
 97 -0.14872 -1.52047e-04 | 98  0.44014 -1.38705e-04 | 99 -0.18218  3.60043e-05
100  0.51731  7.37193e-04 |101 -0.25170 -3.60906e-03 |102  0.06765 -7.33725e-04
103 -0.22982  1.38451e-03 |104  0.14556 -1.94988e-04 |105 -0.13036  7.13808e-04
  ic > imax  in fminim is answer attained ?
Var    Value     Gradient |Var    Value     Gradient |Var    Value     Gradient
  1 -0.19016  1.23265e-03 |  2 -0.32866 -6.00001e-04 |  3  0.22486 -5.71686e-04
  4 -0.15712 -1.32868e-03 |  5 -0.05851  1.28268e-03 |  6  0.11858 -2.65033e-03
  7 -0.09219 -1.04096e-03 |  8  0.03214 -1.94168e-04 |  9 -0.05881  1.40701e-03
 10  0.13851  3.27668e-04 | 11  0.09128 -3.44978e-04 | 12  0.11599  6.90209e-05
 13  0.04561  6.46694e-05 | 14  0.00833 -2.77944e-04 | 15  0.06317 -5.00197e-05
 16  0.02984 -2.10237e-04 | 17  0.16214  2.48148e-04 | 18 -0.04515 -5.13309e-04
 19 -0.08876  8.26647e-06 | 20 -0.04460  6.53900e-04 | 21  0.11429  4.74290e-04
 22 -0.03474  6.47018e-04 | 23 -0.16892  8.07453e-04 | 24 -0.23224  9.17365e-04
 25 -0.14557 -7.46408e-04 | 26  0.26157  1.19372e-03 | 27 -0.19076 -6.58130e-04
 28  0.01759  8.33971e-04 | 29  0.00298  3.32929e-04 | 30  0.04421 -1.46570e-04
 31  0.03609 -1.21547e-04 | 32 -0.05633 -1.71207e-05 | 33 -0.00995  1.07342e-04
 34 -0.17192  2.99004e-04 | 35  0.02858 -4.54609e-04 | 36 -0.14698  2.47033e-04
 37 -0.05945  1.21028e-04 | 38 -0.15671  2.96324e-04 | 39 -0.21571  3.00469e-04
 40 -0.07951 -2.27202e-03 | 41  0.43358 -1.57602e-03 | 42 -0.12116 -1.16441e-03
 43  0.02913 -2.84175e-05 | 44 -0.02562 -5.80435e-05 | 45  0.12016 -3.17536e-04
 46 -0.12303 -1.78557e-04 | 47 -0.30795  5.86410e-04 | 48 -0.34867  4.65746e-04
 49 -0.09684  5.17045e-04 | 50 -0.05046  4.60565e-04 | 51  0.13925 -5.40416e-04
 52  0.20218 -9.97840e-04 | 53  0.02348 -5.34847e-04 | 54  0.18245  5.31899e-05
 55  0.28624 -2.81505e-04 | 56  0.01862 -1.38502e-04 | 57  0.17721  4.64637e-04
 58 -0.01601  4.68236e-04 | 59  0.00070  1.46768e-04 | 60 -0.16344  2.03402e-04
 61 -0.08611  1.44480e-04 | 62  0.04298  4.56182e-04 | 63  0.10022 -1.91893e-04
 64 -0.06213  1.29581e-04 | 65  0.09934 -1.67917e-06 | 66  0.25034 -3.32700e-05
 67  0.00000  0.00000e+00 | 68  0.00000  0.00000e+00 | 69  0.00000  0.00000e+00
 70  0.00000  0.00000e+00 | 71  0.00000  0.00000e+00 | 72  0.00000  0.00000e+00
 73  0.00000  0.00000e+00 | 74  0.00000  0.00000e+00 | 75  0.00000  0.00000e+00
 76  0.00000  0.00000e+00 | 77  0.00000  0.00000e+00 | 78  0.00000  0.00000e+00
 79 -0.16104  1.85735e-05 | 80  0.25906  4.36975e-03 | 81 -0.14672 -7.16423e-03
 82 -0.25672 -5.17351e-04 | 83  0.33507  8.63723e-04 | 84 -0.14874 -2.75170e-03
 85  0.52708 -1.00205e-03 | 86 -0.07465  2.74231e-03 | 87  0.38749 -1.20390e-03
 88 -0.16700  3.68223e-03 | 89  0.38538 -1.40009e-03 | 90 -0.07116  3.47196e-03
 91 -0.14685 -2.26457e-04 | 92 -0.32587  1.37392e-05 | 93 -0.16061 -1.34295e-04
 94 -0.03196  5.04660e-04 | 95  0.01026 -6.90784e-04 | 96  0.01728  7.34831e-05
 97 -0.14872 -1.52047e-04 | 98  0.44014 -1.38705e-04 | 99 -0.18218  3.60043e-05
100  0.51731  7.37193e-04 |101 -0.25170 -3.60906e-03 |102  0.06765 -7.33725e-04
103 -0.22982  1.38451e-03 |104  0.14556 -1.94988e-04 |105 -0.13036  7.13808e-04
Function minimizer not making progress ... is minimum attained?
Minimprove criterion = 0.0000e+00

 - final statistics:
105 variables; iteration 1; function evaluation 30
Function value 2.7087e+03; maximum gradient component mag -7.1642e-03
Exit code = 1;  converg criter 1.0000e-04
Var    Value     Gradient |Var    Value     Gradient |Var    Value     Gradient
  1 -0.19016  1.23265e-03 |  2 -0.32866 -6.00001e-04 |  3  0.22486 -5.71686e-04
  4 -0.15712 -1.32868e-03 |  5 -0.05851  1.28268e-03 |  6  0.11858 -2.65033e-03
  7 -0.09219 -1.04096e-03 |  8  0.03214 -1.94168e-04 |  9 -0.05881  1.40701e-03
 10  0.13851  3.27668e-04 | 11  0.09128 -3.44978e-04 | 12  0.11599  6.90209e-05
 13  0.04561  6.46694e-05 | 14  0.00833 -2.77944e-04 | 15  0.06317 -5.00197e-05
 16  0.02984 -2.10237e-04 | 17  0.16214  2.48148e-04 | 18 -0.04515 -5.13309e-04
 19 -0.08876  8.26647e-06 | 20 -0.04460  6.53900e-04 | 21  0.11429  4.74290e-04
 22 -0.03474  6.47018e-04 | 23 -0.16892  8.07453e-04 | 24 -0.23224  9.17365e-04
 25 -0.14557 -7.46408e-04 | 26  0.26157  1.19372e-03 | 27 -0.19076 -6.58130e-04
 28  0.01759  8.33971e-04 | 29  0.00298  3.32929e-04 | 30  0.04421 -1.46570e-04
 31  0.03609 -1.21547e-04 | 32 -0.05633 -1.71207e-05 | 33 -0.00995  1.07342e-04
 34 -0.17192  2.99004e-04 | 35  0.02858 -4.54609e-04 | 36 -0.14698  2.47033e-04
 37 -0.05945  1.21028e-04 | 38 -0.15671  2.96324e-04 | 39 -0.21571  3.00469e-04
 40 -0.07951 -2.27202e-03 | 41  0.43358 -1.57602e-03 | 42 -0.12116 -1.16441e-03
 43  0.02913 -2.84175e-05 | 44 -0.02562 -5.80435e-05 | 45  0.12016 -3.17536e-04
 46 -0.12303 -1.78557e-04 | 47 -0.30795  5.86410e-04 | 48 -0.34867  4.65746e-04
 49 -0.09684  5.17045e-04 | 50 -0.05046  4.60565e-04 | 51  0.13925 -5.40416e-04
 52  0.20218 -9.97840e-04 | 53  0.02348 -5.34847e-04 | 54  0.18245  5.31899e-05
 55  0.28624 -2.81505e-04 | 56  0.01862 -1.38502e-04 | 57  0.17721  4.64637e-04
 58 -0.01601  4.68236e-04 | 59  0.00070  1.46768e-04 | 60 -0.16344  2.03402e-04
 61 -0.08611  1.44480e-04 | 62  0.04298  4.56182e-04 | 63  0.10022 -1.91893e-04
 64 -0.06213  1.29581e-04 | 65  0.09934 -1.67917e-06 | 66  0.25034 -3.32700e-05
 67  0.00000  0.00000e+00 | 68  0.00000  0.00000e+00 | 69  0.00000  0.00000e+00
 70  0.00000  0.00000e+00 | 71  0.00000  0.00000e+00 | 72  0.00000  0.00000e+00
 73  0.00000  0.00000e+00 | 74  0.00000  0.00000e+00 | 75  0.00000  0.00000e+00
 76  0.00000  0.00000e+00 | 77  0.00000  0.00000e+00 | 78  0.00000  0.00000e+00
 79 -0.16104  1.85735e-05 | 80  0.25906  4.36975e-03 | 81 -0.14672 -7.16423e-03
 82 -0.25672 -5.17351e-04 | 83  0.33507  8.63723e-04 | 84 -0.14874 -2.75170e-03
 85  0.52708 -1.00205e-03 | 86 -0.07465  2.74231e-03 | 87  0.38749 -1.20390e-03
 88 -0.16700  3.68223e-03 | 89  0.38538 -1.40009e-03 | 90 -0.07116  3.47196e-03
 91 -0.14685 -2.26457e-04 | 92 -0.32587  1.37392e-05 | 93 -0.16061 -1.34295e-04
 94 -0.03196  5.04660e-04 | 95  0.01026 -6.90784e-04 | 96  0.01728  7.34831e-05
 97 -0.14872 -1.52047e-04 | 98  0.44014 -1.38705e-04 | 99 -0.18218  3.60043e-05
100  0.51731  7.37193e-04 |101 -0.25170 -3.60906e-03 |102  0.06765 -7.33725e-04
103 -0.22982  1.38451e-03 |104  0.14556 -1.94988e-04 |105 -0.13036  7.13808e-04
size of file gradfil1.tmp = 0
size of file gradfil2.tmp = 0
size of file varssave.tmp = 0
size of file cmpdiff.tmp = 200000008
