
Initial statistics: 3 variables; iteration 0; function evaluation 0; phase 1
Function value 3.7917627e+03; maximum gradient component mag -1.1363e+02
Var    Value     Gradient |Var    Value     Gradient |Var    Value     Gradient
  1  0.12819 -1.13629e+02 |  2 -0.26198 -4.46330e+00 |  3 -0.12819 -2.93063e+01

 - final statistics:
3 variables; iteration 6; function evaluation 10
Function value 3.7842e+03; maximum gradient component mag -8.9094e+00
Exit code = 1;  converg criter 1.0000e+01
Var    Value     Gradient |Var    Value     Gradient |Var    Value     Gradient
  1  0.22804 -8.90941e+00 |  2 -0.20336  5.32483e-02 |  3  0.10579 -4.15502e-02

Initial statistics: 13 variables; iteration 0; function evaluation 0; phase 2
Function value 3.7841837e+03; maximum gradient component mag -9.3657e+02
Var    Value     Gradient |Var    Value     Gradient |Var    Value     Gradient
  1 -0.22556 -3.92507e+02 |  2  0.00000 -5.15416e+02 |  3 -0.12819 -4.04818e+02
  4  0.03352  4.47306e+01 |  5 -0.28197  9.85722e+01 |  6  0.00000 -2.65110e+02
  7  0.11199 -9.36569e+02 |  8 -0.16086 -2.12018e+02 |  9  0.00000 -6.04113e+01
 10 -0.21635 -4.75377e+01 | 11  0.22804 -8.90941e+00 | 12 -0.20336  5.32483e-02
 13  0.10579 -4.15502e-02 |

Intermediate statistics: 13 variables; iteration 20; function evaluation 27; phase 2
Function value 3.7064146e+03; maximum gradient component mag 2.1980e+01
Var    Value     Gradient |Var    Value     Gradient |Var    Value     Gradient
  1 -0.17690  1.04960e+01 |  2  0.11273  3.07862e+00 |  3 -0.11428  2.81758e+00
  4 -0.01940  1.09649e+01 |  5 -0.45937  5.29034e+00 |  6  0.07100  1.51103e+00
  7  0.10981  2.19805e+01 |  8 -0.13591  7.06477e+00 |  9 -0.00430  7.68561e+00
 10  0.01481  3.35694e+00 | 11  0.91533 -1.41134e+00 | 12 -0.17467  7.12994e-01
 13  0.11458  3.65537e-01 |

 - final statistics:
13 variables; iteration 21; function evaluation 28
Function value 3.7063e+03; maximum gradient component mag 9.2245e+00
Exit code = 1;  converg criter 1.0000e+01
Var    Value     Gradient |Var    Value     Gradient |Var    Value     Gradient
  1 -0.17750  3.80435e+00 |  2  0.11245  9.36496e-01 |  3 -0.11350  1.33947e+00
  4 -0.01999  7.07056e+00 |  5 -0.45955  2.83177e+00 |  6  0.07148  7.75040e-01
  7  0.10969  9.22451e+00 |  8 -0.13667  3.48860e+00 |  9 -0.00582  4.59168e+00
 10  0.01323  1.53715e+00 | 11  0.97940 -3.28100e-01 | 12 -0.17818  3.87655e-01
 13  0.11166  2.04331e-01 |

Initial statistics: 45 variables; iteration 0; function evaluation 0; phase 3
Function value 3.7063290e+03; maximum gradient component mag 1.5854e+03
Var    Value     Gradient |Var    Value     Gradient |Var    Value     Gradient
  1 -0.17750  3.80435e+00 |  2  0.11245  9.36496e-01 |  3 -0.11350  1.33947e+00
  4 -0.01999  7.07056e+00 |  5 -0.45955  2.83177e+00 |  6  0.07148  7.75040e-01
  7  0.10969  9.22451e+00 |  8 -0.13667  3.48860e+00 |  9 -0.00582  4.59168e+00
 10  0.01323  1.53715e+00 | 11  0.97940 -3.28100e-01 | 12 -0.17818  3.87655e-01
 13  0.11166  2.04331e-01 | 14 -0.11760 -8.68048e+02 | 15 -0.33425  2.19026e+02
 16 -0.10723 -5.64129e+02 | 17 -0.10028  1.54272e+02 | 18 -0.45481 -9.55677e+01
 19 -0.01633  9.44243e-01 | 20  0.25350  6.09069e+02 | 21 -0.21710 -7.70074e+02
 22 -0.49439  8.32165e+01 | 23 -0.11760 -5.56467e+01 | 24 -0.33425  2.35484e+01
 25 -0.11760 -9.19853e+02 | 26 -0.33425  1.79814e+02 | 27 -0.10723 -8.62336e+02
 28 -0.11760 -7.17513e+02 | 29 -0.33425  5.21266e+01 | 30 -0.10723 -8.24182e+02
 31  0.02302  1.58537e+03 | 32 -0.31415 -1.13094e+03 | 33  0.53959  1.53265e+01
 34 -0.62714  2.67473e-03 | 35  0.00000  5.85909e+02 | 36 -0.21635 -3.56133e+02
 37  0.16024  8.00651e+01 | 38 -0.12294 -5.17147e+01 | 39 -0.16953  3.09509e+01
 40 -0.10028 -9.92840e+01 | 41 -0.34608  8.27576e+01 | 42 -0.03900  3.95101e+02
 43 -0.33425 -1.97699e+02 | 44  0.02302 -3.11503e+01 | 45 -0.16953  4.27799e+01

Intermediate statistics: 45 variables; iteration 20; function evaluation 30; phase 3
Function value 3.1514610e+03; maximum gradient component mag -3.8168e+02
Var    Value     Gradient |Var    Value     Gradient |Var    Value     Gradient
  1  0.06231  2.05505e+02 |  2 -0.03450 -1.31251e+02 |  3 -0.06101 -5.66566e+01
  4 -0.05659 -6.63615e+01 |  5 -0.37931 -6.53206e+00 |  6 -0.21585  3.78593e+01
  7  0.04711 -3.81681e+02 |  8  0.05827 -6.94111e+01 |  9 -0.09826 -4.61294e+01
 10  0.13571 -8.50380e+00 | 11  0.97205  6.72806e-02 | 12 -0.18399 -2.24640e-01
 13  0.10813  1.87282e-02 | 14  0.23789 -5.65401e+00 | 15 -0.15823  3.84811e+01
 16 -0.26821 -8.69042e+00 | 17 -0.21343 -3.41317e+00 | 18 -0.52885  4.42339e+00
 19 -0.02170  7.33738e-02 | 20  0.32640  4.44545e+01 | 21 -0.16231 -7.88531e+01
 22 -0.46634  3.43082e+00 | 23  0.18141 -2.75114e+01 | 24 -0.19167  3.74923e+01
 25  0.56129 -1.63843e+01 | 26 -0.10375  1.65507e+02 | 27 -0.69131 -3.66133e-01
 28  0.37646 -8.81822e+01 | 29 -0.07093  3.53275e+02 | 30  0.44194 -1.78126e-03
 31 -0.28223  6.78178e+01 | 32 -0.96046 -2.88096e+00 | 33  0.54359 -9.33251e+00
 34 -0.62706 -7.94886e-03 | 35  0.05381  4.27108e+01 | 36  0.03226 -1.68226e+01
 37 -0.11341  1.40660e+01 | 38  0.47319  7.44113e+00 | 39 -0.17169 -1.74896e+01
 40  0.38112 -5.45466e+01 | 41 -0.24976  1.90787e+02 | 42  0.06247  1.70638e+02
 43 -0.25672 -2.06666e+02 | 44  0.08675 -9.51818e+00 | 45 -0.19635 -1.80157e+01
45 variables; iteration 40; function evaluation 53; phase 3
Function value 3.1268447e+03; maximum gradient component mag 1.5419e+02
Var    Value     Gradient |Var    Value     Gradient |Var    Value     Gradient
  1 -0.00775  1.50014e+02 |  2 -0.02915 -3.39719e+01 |  3 -0.04946  4.48404e+00
  4 -0.05601  1.12621e+01 |  5 -0.39199  5.18481e+00 |  6 -0.20667 -4.76027e+01
  7  0.07874 -3.04550e+01 |  8 -0.01560 -7.34677e+00 |  9 -0.04322  2.16306e+01
 10  0.07215  1.20892e+01 | 11  0.35658  4.82039e+00 | 12 -0.21028 -1.40283e+00
 13  0.10158 -3.00162e-01 | 14  0.28113  4.48482e+01 | 15 -0.14269 -4.10008e+01
 16 -0.27093 -8.21919e-01 | 17 -0.28971 -4.13960e+01 | 18 -0.83059  2.26184e+00
 19 -0.21725 -3.19174e+00 | 20  0.35487  3.91803e+01 | 21 -0.14664 -5.76821e+01
 22 -0.59070 -1.12617e+00 | 23  0.31554 -8.40046e+00 | 24 -0.13083  2.48548e+01
 25  0.45784  1.31493e+01 | 26 -0.14030 -1.46558e+01 | 27 -0.49172 -2.62215e+00
 28  0.33890 -5.88267e+01 | 29 -0.08675  1.54189e+02 | 30 -0.06303 -7.30632e-01
 31 -0.28573 -1.24859e+01 | 32 -0.75314 -8.77064e+00 | 33  0.47872 -1.15306e+01
 34 -0.62068 -8.10943e-03 | 35 -0.02019 -6.73764e+01 | 36  0.02024  2.72245e+01
 37 -0.09626 -1.56213e+01 | 38  0.58380 -5.43515e+00 | 39 -0.10728  2.47069e+01
 40  0.34114 -1.38780e+01 | 41 -0.29645  9.69142e+00 | 42  0.02896 -1.38227e+02
 43 -0.26769  6.38867e+01 | 44  0.16513 -1.59227e+01 | 45 -0.11182  2.23532e+01
45 variables; iteration 60; function evaluation 75; phase 3
Function value 3.0975797e+03; maximum gradient component mag -4.8238e+01
Var    Value     Gradient |Var    Value     Gradient |Var    Value     Gradient
  1 -0.16780 -2.10175e+01 |  2  0.06227  1.13412e+01 |  3 -0.13860  7.59220e+00
  4 -0.02786  3.23853e+00 |  5 -0.42475  3.86904e+00 |  6 -0.06994  5.38826e+00
  7  0.06608  2.18364e+01 |  8  0.04482  6.70804e+00 |  9 -0.08715  2.73032e-01
 10  0.06847 -1.18074e+00 | 11  0.05825  1.16749e+01 | 12 -0.24266  6.76245e-01
 13  0.09869 -1.20730e-01 | 14  0.23377  7.83266e+00 | 15 -0.16258 -2.10907e+01
 16 -0.21908 -2.73071e+00 | 17 -0.26302 -4.64696e-01 | 18 -0.78845 -6.20133e-01
 19 -0.27863 -2.82972e+00 | 20  0.28023  2.16345e+01 | 21 -0.16555 -4.82385e+01
 22 -0.51170 -1.08485e+00 | 23  0.16608 -2.03989e+00 | 24 -0.19855  1.69338e+00
 25  0.32669 -8.23195e+00 | 26 -0.18459  1.41896e+01 | 27 -0.30307 -3.24190e+00
 28  0.34549  7.20543e-01 | 29 -0.08546 -1.58053e+01 | 30 -0.38726 -7.31296e+00
 31 -0.23247  3.53717e+01 | 32 -0.50538 -2.27533e+01 | 33  0.72424  2.28005e+00
 34 -0.56681  9.55029e-04 | 35 -0.00467  5.12867e+00 | 36  0.01007 -3.35082e+00
 37 -0.10221  2.89241e+00 | 38  0.43448  1.94331e+00 | 39 -0.16255  5.53033e-01
 40  0.41913 -6.02252e-01 | 41 -0.27188 -1.03292e-01 | 42  0.08645  1.23993e+01
 43 -0.21614 -7.12867e-01 | 44  0.07118 -2.86653e+00 | 45 -0.17349  2.81750e+00
45 variables; iteration 80; function evaluation 98; phase 3
Function value 3.0935917e+03; maximum gradient component mag -6.1784e+00
Var    Value     Gradient |Var    Value     Gradient |Var    Value     Gradient
  1 -0.17433 -3.18711e+00 |  2  0.05936  1.38112e+00 |  3 -0.13171  7.93641e-01
  4 -0.02915  7.40268e-01 |  5 -0.43205  1.39089e-01 |  6 -0.06156 -1.21637e+00
  7  0.06904  2.19567e-01 |  8  0.02950 -9.92978e-02 |  9 -0.08222  3.39339e-01
 10  0.07770  2.79670e-01 | 11  0.05257  1.69423e+00 | 12 -0.25068 -5.28818e-02
 13  0.10015 -2.62055e-02 | 14  0.22396 -2.97051e+00 | 15 -0.16421  1.21362e+00
 16 -0.19307 -1.76497e+00 | 17 -0.24203  3.11068e-01 | 18 -0.64031  2.30478e-01
 19 -0.27976  1.01119e-01 | 20  0.27622  4.04307e-01 | 21 -0.16278 -6.17837e+00
 22 -0.50068 -3.89898e-01 | 23  0.17709 -6.07802e-01 | 24 -0.19006  1.61841e+00
 25  0.32406  2.31771e-01 | 26 -0.18566 -1.70998e+00 | 27 -0.28514 -2.28677e+00
 28  0.32225  1.35763e+00 | 29 -0.08945 -1.82050e+00 | 30 -0.23135 -3.41839e-01
 31 -0.17867  6.79368e-01 | 32 -0.35560  6.71264e-01 | 33  0.31226  6.72622e-01
 34 -0.13245 -1.99995e-01 | 35  0.00742  1.34059e+00 | 36  0.02474 -8.56867e-01
 37 -0.13294  9.03032e-04 | 38  0.39977 -3.01576e-01 | 39 -0.18280 -5.77628e-01
 40  0.42040 -1.84061e-01 | 41 -0.27035 -2.15485e-01 | 42  0.06889  9.48506e-01
 43 -0.22856  6.05561e-01 | 44  0.06688 -7.76354e-01 | 45 -0.17754  8.73589e-01
Maximum number of function evaluations exceeded

 - final statistics:
45 variables; iteration 82; function evaluation 100
Function value 3.0936e+03; maximum gradient component mag -5.1178e+00
Exit code = 3;  converg criter 1.0000e+00
Var    Value     Gradient |Var    Value     Gradient |Var    Value     Gradient
  1 -0.17414 -3.99932e+00 |  2  0.05838  9.86167e-01 |  3 -0.13095  2.58710e-01
  4 -0.02934  4.78434e-01 |  5 -0.43228 -1.24322e-01 |  6 -0.06165 -6.40823e-01
  7  0.06924 -1.44854e+00 |  8  0.02878 -8.97518e-01 |  9 -0.08207  2.04914e-01
 10  0.07790  2.55873e-01 | 11  0.05270  1.97664e+00 | 12 -0.25115 -1.04772e-01
 13  0.09987 -4.28509e-02 | 14  0.22405 -4.05753e+00 | 15 -0.16403  3.28471e+00
 16 -0.19240 -1.80476e+00 | 17 -0.24221 -3.13549e-01 | 18 -0.63921  3.71756e-01
 19 -0.27878  3.15848e-01 | 20  0.27607 -3.92034e-01 | 21 -0.16278 -5.11785e+00
 22 -0.49992 -3.95911e-01 | 23  0.17958 -6.25216e-01 | 24 -0.18824  1.98627e+00
 25  0.32353  5.36926e-01 | 26 -0.18604 -3.12851e+00 | 27 -0.27883 -2.07221e+00
 28  0.32204  2.44871e-01 | 29 -0.08934  9.35601e-01 | 30 -0.22054 -1.73703e-01
 31 -0.17931  1.28586e+00 | 32 -0.35656  6.66946e-01 | 33  0.29954  2.47769e+00
 34 -0.10425  1.62750e+00 | 35  0.00831  5.72264e-01 | 36  0.02643 -2.07341e-01
 37 -0.13493 -2.04549e-01 | 38  0.40386 -1.02602e-01 | 39 -0.18027 -4.74736e-01
 40  0.42019 -2.26921e-01 | 41 -0.27048 -2.74384e-01 | 42  0.06910  2.97808e+00
 43 -0.22856 -1.88109e+00 | 44  0.06739 -5.04871e-01 | 45 -0.17726  6.46344e-01

Initial statistics: 102 variables; iteration 0; function evaluation 0; phase 4
Function value 3.0935679e+03; maximum gradient component mag -7.1804e+02
Var    Value     Gradient |Var    Value     Gradient |Var    Value     Gradient
  1 -0.17414 -3.99932e+00 |  2  0.05838  9.86167e-01 |  3 -0.13095  2.58710e-01
  4 -0.02934  4.78434e-01 |  5 -0.43228 -1.24322e-01 |  6 -0.06165 -6.40823e-01
  7  0.06924 -1.44854e+00 |  8  0.02878 -8.97518e-01 |  9 -0.08207  2.04914e-01
 10  0.07790  2.55873e-01 | 11  0.05270  1.97664e+00 | 12  0.00000 -1.67540e+01
 13  0.00000 -2.95179e+01 | 14  0.00000 -4.11593e+01 | 15  0.00000 -3.92726e+01
 16  0.00000 -3.48549e+01 | 17  0.00000 -4.88113e+01 | 18  0.00000 -7.21507e+01
 19  0.00000 -8.88552e+01 | 20  0.00000  1.47402e+00 | 21  0.00000  9.71538e+01
 22  0.00000  9.84346e+01 | 23  0.00000  2.18597e+01 | 24  0.00000  1.32709e+02
 25  0.00000  2.44521e+02 | 26  0.00000  2.47865e+02 | 27  0.00000 -4.90979e+01
 28  0.00000 -4.37853e+02 | 29  0.00000 -2.34337e+01 | 30  0.00000  3.39308e+01
 31  0.00000  2.76493e+01 | 32  0.00000 -2.13386e+01 | 33  0.00000 -2.47315e+01
 34  0.00000  2.94964e+01 | 35  0.00000  2.91898e+01 | 36  0.00000  6.03079e+01
 37  0.00000  5.86037e+00 | 38  0.00000  9.96722e+01 | 39  0.00000  1.22108e+02
 40  0.00000  1.83369e+02 | 41  0.00000  1.47477e+02 | 42  0.00000 -2.39008e+02
 43  0.00000 -7.18036e+02 | 44  0.00000 -1.10440e+02 | 45  0.00000  5.47920e+01
 46  0.00000  1.17308e+02 | 47  0.00000 -6.81390e+01 | 48  0.00000  1.61386e+02
 49  0.00000  2.43648e+02 | 50  0.00000  2.48781e+02 | 51  0.00000  1.31248e+02
 52  0.00000  1.06037e+02 | 53  0.00000 -1.48609e+02 | 54  0.00000 -2.35631e+02
 55  0.00000 -3.63759e+01 | 56  0.00000 -1.65190e+02 | 57  0.00000 -2.37826e+02
 58  0.00000 -3.55469e+01 | 59  0.00000 -8.44775e+01 | 60  0.00000  4.17469e+01
 61  0.00000  7.99820e+01 | 62  0.00000  1.32887e+02 | 63  0.00000  9.51784e+01
 64  0.00000  2.75350e+01 | 65  0.00000 -3.93127e+01 | 66  0.00000  3.51469e+01
 67  0.00000 -9.27143e-01 | 68  0.00000 -1.14044e+01 | 69 -0.25115 -1.04772e-01
 70  0.09987 -4.28509e-02 | 71  0.22405 -4.05753e+00 | 72 -0.16403  3.28471e+00
 73 -0.19240 -1.80476e+00 | 74 -0.24221 -3.13549e-01 | 75 -0.63921  3.71756e-01
 76 -0.27878  3.15848e-01 | 77  0.27607 -3.92034e-01 | 78 -0.16278 -5.11785e+00
 79 -0.49992 -3.95911e-01 | 80  0.17958 -6.25216e-01 | 81 -0.18824  1.98627e+00
 82  0.32353  5.36926e-01 | 83 -0.18604 -3.12851e+00 | 84 -0.27883 -2.07221e+00
 85  0.32204  2.44871e-01 | 86 -0.08934  9.35601e-01 | 87 -0.22054 -1.73703e-01
 88 -0.17931  1.28586e+00 | 89 -0.35656  6.66946e-01 | 90  0.29954  2.47769e+00
 91 -0.10425  1.62750e+00 | 92  0.00831  5.72264e-01 | 93  0.02643 -2.07341e-01
 94 -0.13493 -2.04549e-01 | 95  0.40386 -1.02602e-01 | 96 -0.18027 -4.74736e-01
 97  0.42019 -2.26921e-01 | 98 -0.27048 -2.74384e-01 | 99  0.06910  2.97808e+00
100 -0.22856 -1.88109e+00 |101  0.06739 -5.04871e-01 |102 -0.17726  6.46344e-01

Intermediate statistics: 102 variables; iteration 20; function evaluation 30; phase 4
Function value 2.6198063e+03; maximum gradient component mag -3.4096e+02
Var    Value     Gradient |Var    Value     Gradient |Var    Value     Gradient
  1 -0.18749  3.35822e+01 |  2  0.07337 -6.20889e+01 |  3 -0.12841 -3.75662e+01
  4  0.09044 -6.11873e-01 |  5 -0.44579 -1.43806e+00 |  6 -0.00582 -3.73524e-01
  7  0.05623 -3.40965e+02 |  8 -0.00903 -7.44077e+01 |  9  0.07016 -2.77098e+01
 10 -0.00577 -8.79074e+00 | 11 -0.03755  3.49659e+01 | 12  0.11030  3.59064e+00
 13  0.13341  5.43798e+00 | 14  0.15705  1.57011e+00 | 15  0.06251 -6.90591e-01
 16  0.01306 -4.99544e+00 | 17  0.07043 -1.82213e+01 | 18  0.01110 -9.90699e+00
 19  0.15246 -2.16069e+01 | 20 -0.02695  2.19046e+00 | 21 -0.03712  9.22032e+00
 22 -0.04673  1.02542e+01 | 23  0.07996 -5.28701e-01 | 24 -0.02537  2.00373e+01
 25 -0.08387  3.10058e+01 | 26 -0.14225  2.39010e+01 | 27 -0.15794  1.04197e+01
 28  0.23849  1.80113e+02 | 29 -0.15064  1.12222e+01 | 30  0.03770  2.09376e+01
 31  0.00550 -2.73965e+00 | 32  0.04163 -4.25529e+00 | 33  0.05174  7.38878e+00
 34 -0.02828  1.20486e+01 | 35  0.03738  2.69483e+01 | 36 -0.11841  8.42669e+00
 37  0.05614  1.98839e+01 | 38 -0.10290  5.86106e+00 | 39 -0.02599  8.43558e+00
 40 -0.12700  2.23207e+00 | 41 -0.09608  9.22559e-01 | 42 -0.24054 -1.12067e+01
 43  0.36072  1.21154e+02 | 44 -0.26812 -7.49450e+00 | 45  0.04976  1.74978e+01
 46 -0.08341 -1.59110e-02 | 47  0.10478 -3.37792e+01 | 48 -0.08550  4.27661e-02
 49 -0.23638 -3.56114e+00 | 50 -0.26579  8.52553e-01 | 51 -0.03876  1.41112e+01
 52 -0.10498  1.10059e+01 | 53  0.11341 -2.99738e+01 | 54  0.15764 -4.78010e+01
 55  0.03735  8.49127e+00 | 56  0.14148 -1.22139e+01 | 57  0.19141 -4.59493e+01
 58 -0.00598  4.06326e+00 | 59  0.10673  1.24272e+00 | 60  0.02330  1.18442e+01
 61 -0.01763  1.44136e+01 | 62 -0.16706  5.36514e+00 | 63 -0.07213  1.46461e+01
 64  0.02694  2.94599e+01 | 65  0.08209  1.35201e+01 | 66 -0.05502  5.07576e+00
 67  0.04385  6.46724e+00 | 68  0.13659  4.03880e+00 | 69 -0.15025 -2.25194e+00
 70 -0.00210  6.76731e+00 | 71  0.16504 -3.08529e+00 | 72 -0.17691  8.12588e+00
 73 -0.15252 -2.54001e+00 | 74 -0.24474 -1.72502e+00 | 75 -0.64454  6.04729e-01
 76 -0.29739  1.71399e+00 | 77  0.25625 -8.35461e+01 | 78 -0.15505  1.49009e+02
 79 -0.49558 -7.15078e+00 | 80  0.18301  4.07078e+00 | 81 -0.17893 -4.60819e+00
 82  0.28649 -2.19201e+01 | 83 -0.18921  3.13693e+01 | 84 -0.26819 -2.20662e-01
 85  0.21957 -2.67946e+01 | 86 -0.11147  1.68591e+01 | 87 -0.21152 -6.81914e+00
 88 -0.19110 -2.73280e+01 | 89 -0.38994  6.65227e+00 | 90  0.20429 -4.20606e+00
 91 -0.12264 -6.29097e+00 | 92 -0.00112 -8.51827e+00 | 93 -0.00235  1.46807e+00
 94 -0.13951 -2.54093e+00 | 95  0.41706 -1.17767e+00 | 96 -0.16430  1.94747e+00
 97  0.36914 -4.13451e+00 | 98 -0.26365  2.65746e+01 | 99  0.00103 -5.79360e+01
100 -0.27840  6.28857e+01 |101  0.07372 -2.07166e+01 |102 -0.16958  2.64615e+01
102 variables; iteration 40; function evaluation 52; phase 4
Function value 2.6125252e+03; maximum gradient component mag -1.8272e+02
Var    Value     Gradient |Var    Value     Gradient |Var    Value     Gradient
  1 -0.18145 -4.86239e+01 |  2  0.03541 -2.21373e+01 |  3 -0.07710  3.07610e+00
  4  0.05504 -1.16141e-01 |  5 -0.42242 -8.01175e+00 |  6 -0.01148 -3.77201e+00
  7  0.09470 -1.82717e+02 |  8 -0.10154 -3.78508e+01 |  9  0.11563 -2.43820e+01
 10 -0.16089 -1.46993e+01 | 11 -0.01206  7.32367e+01 | 12  0.10712  6.43118e+00
 13  0.09927  7.40953e+00 | 14  0.19726  6.21523e+00 | 15 -0.02481 -5.84506e+00
 16 -0.08046 -8.78271e+00 | 17  0.12279 -5.91475e+00 | 18 -0.03698 -5.14821e+00
 19  0.15303  1.31895e+00 | 20 -0.01692  7.55536e+00 | 21 -0.04363  9.76065e+00
 22 -0.04808  9.55966e+00 | 23  0.07627  1.71498e+00 | 24 -0.02590  1.89016e+01
 25 -0.09672  2.25464e+01 | 26 -0.15374  1.66252e+01 | 27 -0.15544  6.21675e+00
 28  0.22885  1.15386e+02 | 29 -0.16030  4.52576e+00 | 30  0.03259  1.48751e+01
 31  0.00869  1.62022e+00 | 32  0.04356  6.60618e-01 | 33  0.04860 -4.66195e-01
 34 -0.03042  1.48513e+00 | 35  0.02912  3.47602e+00 | 36 -0.11892  1.77006e+00
 37  0.05815  1.33782e+01 | 38 -0.09063  6.52010e+00 | 39 -0.01866  1.02718e+01
 40 -0.11670  2.12591e+00 | 41 -0.08848  2.17606e-01 | 42 -0.21477 -1.28830e+01
 43  0.36380  8.35289e+01 | 44 -0.27343 -1.13365e+01 | 45  0.04739  9.33684e+00
 46 -0.06332  2.01832e+00 | 47  0.11284 -1.88823e+01 | 48 -0.07430  1.40856e+00
 49 -0.21727 -1.31765e+00 | 50 -0.26670 -1.95945e+00 | 51 -0.04230  5.65457e+00
 52 -0.08164  8.07862e+00 | 53  0.12522 -2.05620e+01 | 54  0.17153 -3.23595e+01
 55  0.05192  1.28304e+01 | 56  0.14950 -7.24254e+00 | 57  0.21322 -2.28407e+01
 58 -0.00264 -1.31750e+00 | 59  0.10466 -1.42515e+01 | 60  0.02366  1.37817e+00
 61 -0.01062  6.82273e+00 | 62 -0.15979  1.89205e+00 | 63 -0.07410  8.59469e+00
 64  0.01786  1.75342e+01 | 65  0.07833  5.18385e+00 | 66 -0.06434 -2.08250e+00
 67  0.05349  3.77353e+00 | 68  0.15556  2.06782e+00 | 69 -0.05979  3.47306e+00
 70 -0.09937  3.05383e-01 | 71  0.13658  4.18430e+00 | 72 -0.19031 -4.40840e+00
 73 -0.05325  2.07628e+00 | 74 -0.25385 -2.10521e+00 | 75 -0.70056 -1.22488e-03
 76 -0.30231 -6.25897e-01 | 77  0.26170 -5.54321e+01 | 78 -0.15712  8.92348e+01
 79 -0.49708 -6.85458e+00 | 80  0.27184  7.09906e-01 | 81 -0.12345  4.59449e+00
 82  0.28872 -2.97307e+00 | 83 -0.18883 -7.34847e-02 | 84 -0.25722  5.94547e-01
 85  0.21050 -9.49369e+00 | 86 -0.11039 -1.55105e-01 | 87 -0.15656 -2.88404e-01
 88 -0.15031  4.68165e+01 | 89 -0.34845 -1.93700e+01 | 90 -0.03876  9.45914e+00
 91 -0.05379  3.04543e+01 | 92 -0.01907 -9.79373e+00 | 93 -0.01891  2.15428e+00
 94 -0.11876 -1.83554e+00 | 95  0.46635  3.13273e+00 | 96 -0.14354 -2.24616e+00
 97  0.34031 -2.67628e+00 | 98 -0.27417  1.07305e+01 | 99 -0.01523 -5.45648e+01
100 -0.29096  5.77048e+01 |101  0.05152 -1.98794e+01 |102 -0.18712  2.38870e+01
102 variables; iteration 60; function evaluation 73; phase 4
Function value 2.6049887e+03; maximum gradient component mag -9.8295e+01
Var    Value     Gradient |Var    Value     Gradient |Var    Value     Gradient
  1 -0.22517 -9.82949e+01 |  2  0.06193  1.95529e+01 |  3 -0.11062  1.18785e+01
  4  0.05336 -1.27300e+01 |  5 -0.44145 -2.44549e+00 |  6  0.00923 -1.12537e+01
  7  0.08405  4.55892e-01 |  8 -0.02670  3.44052e+00 |  9  0.09687 -1.37318e+01
 10 -0.07709  4.71797e+00 | 11 -0.07736  8.22737e+01 | 12  0.08831 -1.98948e+00
 13  0.11334  3.24517e-01 | 14  0.13745  7.92036e-01 | 15  0.06674 -3.54604e-01
 16  0.02989  3.84403e-01 | 17  0.08215  7.19982e+00 | 18  0.05591  7.20046e+00
 19  0.14116  1.08305e+01 | 20 -0.00537  3.92049e+00 | 21 -0.04207  2.68484e+00
 22 -0.05142 -3.91137e-01 | 23  0.07764 -1.07002e+01 | 24 -0.03242  4.24333e+00
 25 -0.09955  1.10237e+01 | 26 -0.14607  1.01974e+01 | 27 -0.15615 -5.38579e+00
 28  0.21358 -1.71981e+00 | 29 -0.15096 -6.03223e+00 | 30  0.01771 -1.10954e+01
 31  0.00526 -9.07220e+00 | 32  0.03750 -6.48902e+00 | 33  0.03872 -6.41157e+00
 34 -0.03598 -2.19701e+00 | 35  0.02201  4.83839e+00 | 36 -0.11741 -5.25132e+00
 37  0.03016 -1.51402e+01 | 38 -0.09736 -2.68606e+00 | 39 -0.04006  2.27683e+00
 40 -0.11485  3.31126e-01 | 41 -0.09343 -1.88077e+00 | 42 -0.20849 -2.09469e+01
 43  0.33670 -4.41234e+01 | 44 -0.20732 -1.32354e+01 | 45  0.03812  9.27500e-01
 46 -0.06960 -3.34992e+00 | 47  0.10580 -3.98572e+00 | 48 -0.08124  1.50732e+00
 49 -0.20481 -3.82647e-02 | 50 -0.23063  1.95798e+00 | 51 -0.05309 -2.07155e+00
 52 -0.10131 -3.10373e+00 | 53  0.11674 -1.54555e+01 | 54  0.16785 -8.33370e+00
 55  0.02718 -4.76806e+00 | 56  0.14246 -8.53158e+00 | 57  0.20544 -1.10990e+01
 58 -0.01153 -7.02766e+00 | 59  0.09817 -2.05738e+01 | 60  0.01686 -5.49754e+00
 61 -0.02078 -3.16151e+00 | 62 -0.14601 -2.67933e+00 | 63 -0.07732 -1.59733e+00
 64  0.00437  9.94869e-02 | 65  0.06353 -1.31174e+01 | 66 -0.05847 -5.95401e+00
 67  0.03519 -7.20518e+00 | 68  0.13415 -7.74456e+00 | 69 -0.16680  1.87735e+00
 70 -0.03185  5.21922e+00 | 71  0.18615  2.23473e+01 | 72 -0.16874 -3.37977e+01
 73 -0.17103 -2.32377e-01 | 74 -0.25104  3.98089e+00 | 75 -0.69848 -8.52867e-01
 76 -0.30346 -7.76016e-01 | 77  0.26530  2.37727e+01 | 78 -0.16755 -4.37550e+01
 79 -0.49878  1.87553e+00 | 80  0.23301 -7.99094e-01 | 81 -0.13890  5.66323e+00
 82  0.29672 -2.15129e+00 | 83 -0.18535  9.50189e+00 | 84 -0.27890  4.85792e-01
 85  0.22184  3.97755e+00 | 86 -0.10673 -2.56153e+01 | 87 -0.18347  5.81096e-01
 88 -0.15339  3.04224e+01 | 89 -0.35167 -1.40925e+01 | 90 -0.04836  5.67900e+00
 91 -0.06060 -5.08767e+00 | 92 -0.00374  2.21752e+01 | 93 -0.00670 -7.95824e+00
 94 -0.13108  6.08924e+00 | 95  0.44103  1.36369e+00 | 96 -0.15351  5.73518e-01
 97  0.34494 -8.45258e-01 | 98 -0.27457  4.65761e+00 | 99 -0.01318 -4.31637e+01
100 -0.28820  4.54056e+01 |101  0.05858  9.20288e+00 |102 -0.19422 -6.96616e+00
102 variables; iteration 80; function evaluation 95; phase 4
Function value 2.6020528e+03; maximum gradient component mag 3.2467e+01
Var    Value     Gradient |Var    Value     Gradient |Var    Value     Gradient
  1 -0.23245 -2.41642e+01 |  2  0.03439  9.29169e+00 |  3 -0.08419  9.56762e+00
  4  0.04464  1.22491e+01 |  5 -0.41800  8.98549e+00 |  6  0.01193 -7.45736e+00
  7  0.09992  3.24666e+01 |  8 -0.07680  6.19995e+00 |  9  0.12640  4.87391e+00
 10 -0.14647  3.44747e+00 | 11 -0.09173  2.60365e+01 | 12  0.09948  1.10219e+00
 13  0.09814  1.49748e+00 | 14  0.14856  2.12198e+00 | 15  0.07370  1.96734e+00
 16  0.02252  1.29878e-01 | 17  0.07563  2.70326e-01 | 18  0.05366  2.51146e+00
 19  0.14059 -1.30937e+00 | 20 -0.00417  5.47729e+00 | 21 -0.03743  7.59826e+00
 22 -0.05490  5.65078e+00 | 23  0.08758  5.62125e+00 | 24 -0.03702  6.81025e+00
 25 -0.09920  1.21182e+01 | 26 -0.15896  8.43816e+00 | 27 -0.16323 -3.20587e+00
 28  0.21642 -1.76019e+01 | 29 -0.16555 -2.86721e+00 | 30  0.02717  4.63469e+00
 31  0.01231  4.04771e+00 | 32  0.03363 -2.62505e+00 | 33  0.04236 -9.17566e-01
 34 -0.03912 -6.13967e-01 | 35  0.01537  4.11305e-02 | 36 -0.12057  1.19432e+00
 37  0.04296  1.02242e+01 | 38 -0.10872  1.27349e+00 | 39 -0.04529  2.96390e+00
 40 -0.12319  2.70531e+00 | 41 -0.09756  2.71150e+00 | 42 -0.17975 -1.26379e+01
 43  0.34066 -1.63497e+01 | 44 -0.21035 -7.80662e+00 | 45  0.03169 -1.26725e+00
 46 -0.06548  2.47149e+00 | 47  0.10554  1.99192e+00 | 48 -0.08795  1.30134e-01
 49 -0.21008  4.22061e+00 | 50 -0.25118  3.27874e+00 | 51 -0.05391  5.72402e+00
 52 -0.10172  2.12866e+00 | 53  0.11837 -4.88262e+00 | 54  0.16921 -1.40973e+00
 55  0.02484 -1.35692e+00 | 56  0.14488  1.13937e+00 | 57  0.20809 -5.21519e+00
 58 -0.01040 -2.31155e+00 | 59  0.11096  5.80427e-01 | 60  0.01875  6.38744e-01
 61 -0.01889  2.23295e+00 | 62 -0.15281  7.19604e-01 | 63 -0.08268  1.61265e+00
 64 -0.00234  9.86844e-01 | 65  0.07163  9.36396e-01 | 66 -0.06059 -1.00403e+00
 67  0.05000  9.28168e-01 | 68  0.16759  1.18154e+00 | 69 -0.18717  3.28416e-01
 70 -0.12578 -1.43064e+00 | 71  0.16745 -3.49310e+00 | 72 -0.17428 -5.55082e-01
 73 -0.10552 -3.83911e-01 | 74 -0.24929 -3.36233e+00 | 75 -0.65928  8.56328e-01
 76 -0.30072  1.26466e+00 | 77  0.27767  5.07851e+00 | 78 -0.15764  1.33583e+00
 79 -0.51231 -1.12601e+00 | 80  0.21246  8.51044e-01 | 81 -0.15406  1.88811e-01
 82  0.30062  1.27983e+00 | 83 -0.18592 -7.21680e+00 | 84 -0.26327  1.41751e-01
 85  0.22888 -4.47321e+00 | 86 -0.10101 -2.30816e+00 | 87 -0.17959 -7.32499e-01
 88 -0.14204 -1.16387e+01 | 89 -0.32311  6.32654e+00 | 90 -0.10348 -1.36560e+00
 91 -0.06065 -1.11041e+01 | 92 -0.01538 -1.21852e+00 | 93 -0.01179  1.72306e-01
 94 -0.12866 -4.53609e-01 | 95  0.43351  8.89578e-01 | 96 -0.16185 -9.52566e-01
 97  0.33826  3.66245e-01 | 98 -0.28026 -4.84885e+00 | 99 -0.02055 -1.42392e+01
100 -0.29894  1.79730e+01 |101  0.04899  2.32799e-01 |102 -0.19703  2.27930e+00
102 variables; iteration 100; function evaluation 120; phase 4
Function value 2.6010169e+03; maximum gradient component mag 9.4804e+00
Var    Value     Gradient |Var    Value     Gradient |Var    Value     Gradient
  1 -0.24174  1.82470e+00 |  2  0.03762 -5.40913e+00 |  3 -0.09045 -2.75426e+00
  4  0.04738  1.93186e+00 |  5 -0.42263  1.00833e+00 |  6  0.02205  2.30039e-01
  7  0.09941 -7.16454e+00 |  8 -0.07809 -1.78297e+00 |  9  0.12481 -9.69523e-01
 10 -0.15335 -1.30783e+00 | 11 -0.10758  1.21313e+00 | 12  0.10259  2.97529e-01
 13  0.09786  3.13483e-01 | 14  0.15306 -3.99751e-01 | 15  0.05958  3.66430e-01
 16  0.04253  1.88370e+00 | 17  0.07662 -3.40449e-01 | 18  0.04360  1.04233e+00
 19  0.15088 -1.70623e+00 | 20 -0.01634  1.65045e+00 | 21 -0.03929  3.38836e+00
 22 -0.05591  3.65282e+00 | 23  0.09202  4.30620e+00 | 24 -0.03851  2.45190e+00
 25 -0.10704  5.15588e+00 | 26 -0.16158  4.90974e+00 | 27 -0.17983 -6.38480e+00
 28  0.22187 -4.00431e+00 | 29 -0.16650 -2.12288e+00 | 30  0.02862  3.28442e+00
 31  0.01318  4.32202e+00 | 32  0.04041  3.37101e+00 | 33  0.04180  1.60205e-01
 34 -0.03726 -7.76255e-02 | 35  0.01196 -2.11311e+00 | 36 -0.11490  2.14307e+00
 37  0.03639  2.42350e+00 | 38 -0.10857  1.49330e+00 | 39 -0.04888  2.07739e+00
 40 -0.12726  2.10712e+00 | 41 -0.10687  1.43702e+00 | 42 -0.14693 -8.64581e+00
 43  0.34278 -3.50397e+00 | 44 -0.17104 -1.71391e+00 | 45  0.03475  1.49362e+00
 46 -0.06883  1.24353e+00 | 47  0.10587  1.64207e+00 | 48 -0.08767  1.54862e+00
 49 -0.21702  2.43613e+00 | 50 -0.25983  1.75431e+00 | 51 -0.05929  1.18624e+00
 52 -0.10633  1.47650e+00 | 53  0.11973  6.37542e-01 | 54  0.16827 -3.73384e-01
 55  0.02425 -6.95225e-01 | 56  0.14124 -2.94347e-01 | 57  0.21095  4.93615e+00
 58 -0.01404 -2.12036e+00 | 59  0.11310  5.55367e+00 | 60  0.02034  2.37764e+00
 61 -0.02394  9.01012e-01 | 62 -0.14291  3.47710e+00 | 63 -0.08685  2.75713e-01
 64 -0.00663 -1.96249e+00 | 65  0.07102  1.21849e+00 | 66 -0.06195 -3.04567e-01
 67  0.04336  5.20986e-01 | 68  0.16532  2.12635e+00 | 69 -0.19329  4.55535e-01
 70 -0.11036  6.10118e-01 | 71  0.18384 -5.00883e-01 | 72 -0.16544  2.61806e+00
 73 -0.13502 -5.11936e-01 | 74 -0.25458  4.86018e-01 | 75 -0.70724 -2.87690e-01
 76 -0.30226  6.42711e-01 | 77  0.26855 -7.04759e+00 | 78 -0.16128  9.48036e+00
 79 -0.49810 -1.22013e+00 | 80  0.18053  2.79686e-01 | 81 -0.17265 -1.03947e+00
 82  0.30211  1.66383e-01 | 83 -0.18494 -3.15115e+00 | 84 -0.23511  1.25379e+00
 85  0.24732 -1.29628e+00 | 86 -0.09396  3.45396e+00 | 87 -0.22471 -3.14075e+00
 88 -0.14114 -3.88437e+00 | 89 -0.32438  1.84461e+00 | 90 -0.10887 -1.42711e+00
 91 -0.06082 -3.80785e+00 | 92 -0.01292 -4.41533e+00 | 93 -0.00574  2.85495e+00
 94 -0.13499 -1.47553e+00 | 95  0.42668 -1.34963e+00 | 96 -0.16338  1.92186e+00
 97  0.33699 -1.49634e+00 | 98 -0.27981 -2.40092e-01 | 99 -0.02666  3.12869e+00
100 -0.30962 -4.33251e+00 |101  0.04902  3.44644e+00 |102 -0.19978 -1.67358e+00
102 variables; iteration 120; function evaluation 141; phase 4
Function value 2.6001610e+03; maximum gradient component mag 8.6137e-01
Var    Value     Gradient |Var    Value     Gradient |Var    Value     Gradient
  1 -0.24202  8.61367e-01 |  2  0.03531 -6.60817e-02 |  3 -0.08606 -2.37146e-02
  4  0.03819 -1.51252e-02 |  5 -0.42126  1.07521e-02 |  6  0.02229  8.42025e-02
  7  0.09944 -1.77135e-01 |  8 -0.07892 -1.44078e-02 |  9  0.13134 -3.08150e-02
 10 -0.14891  1.56774e-03 | 11 -0.10736 -7.04174e-01 | 12  0.10157 -1.65299e-02
 13  0.09305 -2.27419e-02 | 14  0.15769 -2.84324e-02 | 15  0.06157 -3.35352e-02
 16  0.02702 -4.73923e-02 | 17  0.08548 -6.59319e-02 | 18  0.03211 -7.86361e-02
 19  0.15395 -1.21754e-01 | 20 -0.02066 -4.62762e-02 | 21 -0.04252 -4.03260e-02
 22 -0.06056 -3.47715e-02 | 23  0.09114 -6.70638e-02 | 24 -0.03785 -2.87838e-02
 25 -0.11465 -6.36519e-03 | 26 -0.17962  3.67466e-03 | 27 -0.14056  6.81234e-03
 28  0.21981 -1.18121e-01 | 29 -0.14930 -9.03694e-03 | 30  0.02569 -2.22636e-02
 31  0.01024 -1.00480e-02 | 32  0.03810  1.33931e-02 | 33  0.04163  2.67024e-02
 34 -0.03949  1.55883e-02 | 35  0.01375  2.58666e-02 | 36 -0.12300  1.26498e-02
 37  0.03444  3.52999e-02 | 38 -0.11116  2.22345e-02 | 39 -0.05111  3.59595e-02
 40 -0.13245  1.64072e-02 | 41 -0.11862  2.02262e-02 | 42 -0.08438  3.58888e-02
 43  0.34164 -7.86629e-02 | 44 -0.15467  1.69817e-02 | 45  0.03337  1.80321e-02
 46 -0.06848  1.82410e-02 | 47  0.10421  4.11238e-02 | 48 -0.09042  2.08546e-02
 49 -0.22388  9.27578e-03 | 50 -0.26569  2.03310e-02 | 51 -0.06188  3.11027e-02
 52 -0.10536  2.92565e-02 | 53  0.11788  3.76727e-02 | 54  0.16714  4.51689e-02
 55  0.02488  3.29635e-02 | 56  0.14110  1.26693e-02 | 57  0.20820  2.74279e-02
 58 -0.00817  3.03879e-02 | 59  0.10926  1.29310e-02 | 60  0.01749  3.09445e-02
 61 -0.02373  2.97241e-02 | 62 -0.15582  2.16468e-02 | 63 -0.08591  2.29960e-02
 64 -0.00348  4.90793e-02 | 65  0.07012  2.77130e-02 | 66 -0.05902  2.82526e-02
 67  0.04440  1.64284e-02 | 68  0.15520  1.70773e-02 | 69 -0.20234  1.30326e-02
 70 -0.11699  5.29914e-03 | 71  0.17701 -6.55944e-02 | 72 -0.16932  1.13708e-01
 73 -0.10949 -5.90308e-03 | 74 -0.25021 -4.13050e-02 | 75 -0.67796  1.56429e-02
 76 -0.30507 -5.22570e-03 | 77  0.26941 -2.66814e-02 | 78 -0.16183  4.37123e-02
 79 -0.49592 -2.61900e-03 | 80  0.18717 -2.63440e-03 | 81 -0.16762  9.87819e-03
 82  0.30694 -5.12922e-02 | 83 -0.18265  7.32879e-02 | 84 -0.26015  3.07839e-03
 85  0.23680 -8.71213e-02 | 86 -0.09780  1.38535e-01 | 87 -0.18514 -2.78808e-02
 88 -0.14335 -2.10185e-02 | 89 -0.32837  8.42508e-03 | 90 -0.09790 -8.06411e-03
 91 -0.06056 -3.69931e-02 | 92 -0.01538 -1.67678e-02 | 93 -0.01179  7.01153e-03
 94 -0.12846 -9.85924e-03 | 95  0.43235 -1.37849e-02 | 96 -0.16209  1.64028e-02
 97  0.35237 -6.25176e-03 | 98 -0.27453  2.47972e-02 | 99 -0.02474 -4.31965e-01
100 -0.30659  4.96481e-01 |101  0.04183 -1.15429e-02 |102 -0.20598  2.08694e-02
  ic > imax  in fminim is answer attained ?
Var    Value     Gradient |Var    Value     Gradient |Var    Value     Gradient
  1 -0.24202  5.09993e-03 |  2  0.03530  4.40108e-04 |  3 -0.08602  5.40610e-04
  4  0.03815  1.73920e-04 |  5 -0.42125  3.57586e-04 |  6  0.02232 -3.96279e-04
  7  0.09950  1.00152e-03 |  8 -0.07913  3.14745e-04 |  9  0.13146  5.50667e-05
 10 -0.14912  2.49128e-04 | 11 -0.10728 -4.67488e-03 | 12  0.10144 -1.47323e-04
 13  0.09331 -1.28688e-04 | 14  0.15737  8.22088e-05 | 15  0.06176 -2.78641e-04
 16  0.02722 -4.74787e-04 | 17  0.08527 -6.00259e-04 | 18  0.03244 -5.59104e-04
 19  0.15383 -2.20975e-03 | 20 -0.02051 -3.87569e-04 | 21 -0.04254 -5.87921e-04
 22 -0.06050 -2.21241e-04 | 23  0.09110 -4.26556e-04 | 24 -0.03784 -1.59254e-05
 25 -0.11467 -5.04204e-05 | 26 -0.17963  3.57188e-05 | 27 -0.14056  1.97350e-04
 28  0.21978 -8.00965e-04 | 29 -0.14920  1.27586e-04 | 30  0.02566 -5.42134e-04
 31  0.01023 -2.57549e-04 | 32  0.03807  9.51185e-05 | 33  0.04160  3.69157e-04
 34 -0.03948  2.00688e-05 | 35  0.01372  7.29138e-05 | 36 -0.12296 -8.66980e-05
 37  0.03441 -1.23561e-04 | 38 -0.11116 -6.09152e-05 | 39 -0.05114  2.44171e-04
 40 -0.13242 -1.51745e-04 | 41 -0.11861  9.06654e-05 | 42 -0.08447  5.91123e-04
 43  0.34163 -5.00815e-04 | 44 -0.15466  1.49106e-04 | 45  0.03335 -2.44851e-04
 46 -0.06847 -1.34503e-04 | 47  0.10419  4.81857e-04 | 48 -0.09042 -1.24066e-04
 49 -0.22386 -3.72498e-04 | 50 -0.26570 -1.77540e-04 | 51 -0.06190 -1.04895e-04
 52 -0.10537  9.63543e-06 | 53  0.11787  4.99303e-04 | 54  0.16713  8.52855e-04
 55  0.02486  2.98766e-04 | 56  0.14109  2.59285e-04 | 57  0.20819  1.35872e-04
 58 -0.00819  1.27564e-04 | 59  0.10926 -1.85531e-04 | 60  0.01748  9.74981e-05
 61 -0.02375  7.64726e-05 | 62 -0.15584 -8.32872e-05 | 63 -0.08592 -2.79558e-05
 64 -0.00354  2.35953e-04 | 65  0.07011  7.17979e-05 | 66 -0.05905  8.70164e-05
 67  0.04442 -1.42887e-04 | 68  0.15524 -4.95189e-06 | 69 -0.20247  1.29588e-04
 70 -0.11705  2.93799e-05 | 71  0.17692 -1.20068e-04 | 72 -0.16936 -2.61941e-04
 73 -0.10938 -3.01743e-05 | 74 -0.25034 -3.55322e-04 | 75 -0.67890 -2.40304e-04
 76 -0.30504 -3.80949e-05 | 77  0.26940 -2.43574e-04 | 78 -0.16183 -2.69426e-05
 79 -0.49592 -3.56053e-04 | 80  0.18710 -5.42890e-04 | 81 -0.16766  1.25379e-03
 82  0.30693 -3.77082e-04 | 83 -0.18265  5.76449e-04 | 84 -0.26031  8.16965e-05
 85  0.23673 -5.38968e-04 | 86 -0.09782  3.24855e-04 | 87 -0.18488 -6.71405e-05
 88 -0.14336  8.57647e-04 | 89 -0.32839 -2.54759e-04 | 90 -0.09782  2.95906e-04
 91 -0.06057 -2.31080e-04 | 92 -0.01540 -5.94146e-05 | 93 -0.01183 -5.42714e-07
 94 -0.12842 -1.45995e-04 | 95  0.43237  4.04861e-05 | 96 -0.16208 -1.08284e-04
 97  0.35231 -3.55515e-04 | 98 -0.27454  4.92838e-04 | 99 -0.02495 -3.17035e-03
100 -0.30691  2.84955e-03 |101  0.04177  1.55670e-04 |102 -0.20605  6.20405e-05
Function minimizer not making progress ... is minimum attained?
Minimprove criterion = 0.0000e+00

 - final statistics:
102 variables; iteration 128; function evaluation 178
Function value 2.6002e+03; maximum gradient component mag 5.0999e-03
Exit code = 1;  converg criter 1.0000e-04
Var    Value     Gradient |Var    Value     Gradient |Var    Value     Gradient
  1 -0.24202  5.09993e-03 |  2  0.03530  4.40108e-04 |  3 -0.08602  5.40610e-04
  4  0.03815  1.73920e-04 |  5 -0.42125  3.57586e-04 |  6  0.02232 -3.96279e-04
  7  0.09950  1.00152e-03 |  8 -0.07913  3.14745e-04 |  9  0.13146  5.50667e-05
 10 -0.14912  2.49128e-04 | 11 -0.10728 -4.67488e-03 | 12  0.10144 -1.47323e-04
 13  0.09331 -1.28688e-04 | 14  0.15737  8.22088e-05 | 15  0.06176 -2.78641e-04
 16  0.02722 -4.74787e-04 | 17  0.08527 -6.00259e-04 | 18  0.03244 -5.59104e-04
 19  0.15383 -2.20975e-03 | 20 -0.02051 -3.87569e-04 | 21 -0.04254 -5.87921e-04
 22 -0.06050 -2.21241e-04 | 23  0.09110 -4.26556e-04 | 24 -0.03784 -1.59254e-05
 25 -0.11467 -5.04204e-05 | 26 -0.17963  3.57188e-05 | 27 -0.14056  1.97350e-04
 28  0.21978 -8.00965e-04 | 29 -0.14920  1.27586e-04 | 30  0.02566 -5.42134e-04
 31  0.01023 -2.57549e-04 | 32  0.03807  9.51185e-05 | 33  0.04160  3.69157e-04
 34 -0.03948  2.00688e-05 | 35  0.01372  7.29138e-05 | 36 -0.12296 -8.66980e-05
 37  0.03441 -1.23561e-04 | 38 -0.11116 -6.09152e-05 | 39 -0.05114  2.44171e-04
 40 -0.13242 -1.51745e-04 | 41 -0.11861  9.06654e-05 | 42 -0.08447  5.91123e-04
 43  0.34163 -5.00815e-04 | 44 -0.15466  1.49106e-04 | 45  0.03335 -2.44851e-04
 46 -0.06847 -1.34503e-04 | 47  0.10419  4.81857e-04 | 48 -0.09042 -1.24066e-04
 49 -0.22386 -3.72498e-04 | 50 -0.26570 -1.77540e-04 | 51 -0.06190 -1.04895e-04
 52 -0.10537  9.63543e-06 | 53  0.11787  4.99303e-04 | 54  0.16713  8.52855e-04
 55  0.02486  2.98766e-04 | 56  0.14109  2.59285e-04 | 57  0.20819  1.35872e-04
 58 -0.00819  1.27564e-04 | 59  0.10926 -1.85531e-04 | 60  0.01748  9.74981e-05
 61 -0.02375  7.64726e-05 | 62 -0.15584 -8.32872e-05 | 63 -0.08592 -2.79558e-05
 64 -0.00354  2.35953e-04 | 65  0.07011  7.17979e-05 | 66 -0.05905  8.70164e-05
 67  0.04442 -1.42887e-04 | 68  0.15524 -4.95189e-06 | 69 -0.20247  1.29588e-04
 70 -0.11705  2.93799e-05 | 71  0.17692 -1.20068e-04 | 72 -0.16936 -2.61941e-04
 73 -0.10938 -3.01743e-05 | 74 -0.25034 -3.55322e-04 | 75 -0.67890 -2.40304e-04
 76 -0.30504 -3.80949e-05 | 77  0.26940 -2.43574e-04 | 78 -0.16183 -2.69426e-05
 79 -0.49592 -3.56053e-04 | 80  0.18710 -5.42890e-04 | 81 -0.16766  1.25379e-03
 82  0.30693 -3.77082e-04 | 83 -0.18265  5.76449e-04 | 84 -0.26031  8.16965e-05
 85  0.23673 -5.38968e-04 | 86 -0.09782  3.24855e-04 | 87 -0.18488 -6.71405e-05
 88 -0.14336  8.57647e-04 | 89 -0.32839 -2.54759e-04 | 90 -0.09782  2.95906e-04
 91 -0.06057 -2.31080e-04 | 92 -0.01540 -5.94146e-05 | 93 -0.01183 -5.42714e-07
 94 -0.12842 -1.45995e-04 | 95  0.43237  4.04861e-05 | 96 -0.16208 -1.08284e-04
 97  0.35231 -3.55515e-04 | 98 -0.27454  4.92838e-04 | 99 -0.02495 -3.17035e-03
100 -0.30691  2.84955e-03 |101  0.04177  1.55670e-04 |102 -0.20605  6.20405e-05

Initial statistics: 114 variables; iteration 0; function evaluation 0; phase 5
Function value 2.6001609e+03; maximum gradient component mag 5.0999e-03
Var    Value     Gradient |Var    Value     Gradient |Var    Value     Gradient
  1 -0.24202  5.09993e-03 |  2  0.03530  4.40108e-04 |  3 -0.08602  5.40610e-04
  4  0.03815  1.73920e-04 |  5 -0.42125  3.57586e-04 |  6  0.02232 -3.96279e-04
  7  0.09950  1.00152e-03 |  8 -0.07913  3.14745e-04 |  9  0.13146  5.50668e-05
 10 -0.14912  2.49128e-04 | 11 -0.10728 -4.67488e-03 | 12  0.10144 -5.90924e-05
 13  0.09331 -4.02838e-05 | 14  0.15737  1.68855e-04 | 15  0.06176 -1.89699e-04
 16  0.02722 -3.85506e-04 | 17  0.08527 -5.11697e-04 | 18  0.03244 -4.69857e-04
 19  0.15383 -2.12299e-03 | 20 -0.02051 -2.98253e-04 | 21 -0.04254 -4.98758e-04
 22 -0.06050 -1.32281e-04 | 23  0.09110 -3.38106e-04 | 24 -0.03784  7.32795e-05
 25 -0.11467  3.74966e-05 | 26 -0.17963  1.21548e-04 | 27 -0.14056  2.84543e-04
 28  0.21978 -7.16875e-04 | 29 -0.14920  2.14506e-04 | 30  0.02566 -4.52844e-04
 31  0.01023 -1.68198e-04 | 32  0.03807  1.84321e-04 | 33  0.04160  4.58329e-04
 34 -0.03948  1.09260e-04 | 35  0.01372  1.62256e-04 | 36 -0.12296  1.00294e-06
 37  0.03441 -3.43293e-05 | 38 -0.11116  2.70887e-05 | 39 -0.05114  3.33246e-04
 40 -0.13242 -6.43089e-05 | 41 -0.11861  1.78482e-04 | 42 -0.08447  6.79700e-04
 43  0.34163 -4.24014e-04 | 44 -0.15466  2.35844e-04 | 45  0.03335 -1.55611e-04
 46 -0.06847 -4.56565e-05 | 47  0.10419  5.70026e-04 | 48 -0.09042 -3.56032e-05
 49 -0.22386 -2.88604e-04 | 50 -0.26570 -9.58481e-05 | 51 -0.06190 -1.59545e-05
 52 -0.10537  9.77769e-05 | 53  0.11787  5.87139e-04 | 54  0.16713  9.39156e-04
 55  0.02486  3.88060e-04 | 56  0.14109  3.46462e-04 | 57  0.20819  2.20498e-04
 58 -0.00819  2.16919e-04 | 59  0.10926 -9.74812e-05 | 60  0.01748  1.86827e-04
 61 -0.02375  1.65773e-04 | 62 -0.15584  3.41148e-06 | 63 -0.08592  6.05943e-05
 64 -0.00354  3.25315e-04 | 65  0.07011  1.60619e-04 | 66 -0.05905  1.75995e-04
 67  0.04442 -5.37418e-05 | 68  0.15524  8.17672e-05 | 69  0.00000  0.00000e+00
 70  0.00000  0.00000e+00 | 71  0.00000  0.00000e+00 | 72  0.00000  0.00000e+00
 73  0.00000  0.00000e+00 | 74  0.00000  0.00000e+00 | 75  0.00000  0.00000e+00
 76  0.00000  0.00000e+00 | 77  0.00000  0.00000e+00 | 78  0.00000  0.00000e+00
 79  0.00000  0.00000e+00 | 80  0.00000  0.00000e+00 | 81 -0.20247  1.29588e-04
 82 -0.11705  2.93799e-05 | 83  0.17692 -1.20068e-04 | 84 -0.16936 -2.61941e-04
 85 -0.10938 -3.01743e-05 | 86 -0.25034 -3.55322e-04 | 87 -0.67890 -2.40304e-04
 88 -0.30504 -3.80949e-05 | 89  0.26940 -2.43574e-04 | 90 -0.16183 -2.69426e-05
 91 -0.49592 -3.56053e-04 | 92  0.18710 -5.42890e-04 | 93 -0.16766  1.25379e-03
 94  0.30693 -3.77082e-04 | 95 -0.18265  5.76449e-04 | 96 -0.26031  8.16965e-05
 97  0.23673 -5.38968e-04 | 98 -0.09782  3.24855e-04 | 99 -0.18488 -6.71405e-05
100 -0.14336  8.57647e-04 |101 -0.32839 -2.54759e-04 |102 -0.09782  2.95906e-04
103 -0.06057 -2.31080e-04 |104 -0.01540 -5.94146e-05 |105 -0.01183 -5.42714e-07
106 -0.12842 -1.45995e-04 |107  0.43237  4.04861e-05 |108 -0.16208 -1.08284e-04
109  0.35231 -3.55515e-04 |110 -0.27454  4.92838e-04 |111 -0.02495 -3.17035e-03
112 -0.30691  2.84955e-03 |113  0.04177  1.55670e-04 |114 -0.20605  6.20405e-05
  ic > imax  in fminim is answer attained ?
Var    Value     Gradient |Var    Value     Gradient |Var    Value     Gradient
  1 -0.24202  5.09993e-03 |  2  0.03530  4.40108e-04 |  3 -0.08602  5.40610e-04
  4  0.03815  1.73920e-04 |  5 -0.42125  3.57586e-04 |  6  0.02232 -3.96279e-04
  7  0.09950  1.00152e-03 |  8 -0.07913  3.14745e-04 |  9  0.13146  5.50668e-05
 10 -0.14912  2.49128e-04 | 11 -0.10728 -4.67488e-03 | 12  0.10144 -5.90924e-05
 13  0.09331 -4.02838e-05 | 14  0.15737  1.68855e-04 | 15  0.06176 -1.89699e-04
 16  0.02722 -3.85506e-04 | 17  0.08527 -5.11697e-04 | 18  0.03244 -4.69857e-04
 19  0.15383 -2.12299e-03 | 20 -0.02051 -2.98253e-04 | 21 -0.04254 -4.98758e-04
 22 -0.06050 -1.32281e-04 | 23  0.09110 -3.38106e-04 | 24 -0.03784  7.32795e-05
 25 -0.11467  3.74966e-05 | 26 -0.17963  1.21548e-04 | 27 -0.14056  2.84543e-04
 28  0.21978 -7.16875e-04 | 29 -0.14920  2.14506e-04 | 30  0.02566 -4.52844e-04
 31  0.01023 -1.68198e-04 | 32  0.03807  1.84321e-04 | 33  0.04160  4.58329e-04
 34 -0.03948  1.09260e-04 | 35  0.01372  1.62256e-04 | 36 -0.12296  1.00294e-06
 37  0.03441 -3.43293e-05 | 38 -0.11116  2.70887e-05 | 39 -0.05114  3.33246e-04
 40 -0.13242 -6.43089e-05 | 41 -0.11861  1.78482e-04 | 42 -0.08447  6.79700e-04
 43  0.34163 -4.24014e-04 | 44 -0.15466  2.35844e-04 | 45  0.03335 -1.55611e-04
 46 -0.06847 -4.56565e-05 | 47  0.10419  5.70026e-04 | 48 -0.09042 -3.56032e-05
 49 -0.22386 -2.88604e-04 | 50 -0.26570 -9.58481e-05 | 51 -0.06190 -1.59545e-05
 52 -0.10537  9.77769e-05 | 53  0.11787  5.87139e-04 | 54  0.16713  9.39156e-04
 55  0.02486  3.88060e-04 | 56  0.14109  3.46462e-04 | 57  0.20819  2.20498e-04
 58 -0.00819  2.16919e-04 | 59  0.10926 -9.74812e-05 | 60  0.01748  1.86827e-04
 61 -0.02375  1.65773e-04 | 62 -0.15584  3.41148e-06 | 63 -0.08592  6.05943e-05
 64 -0.00354  3.25315e-04 | 65  0.07011  1.60619e-04 | 66 -0.05905  1.75995e-04
 67  0.04442 -5.37418e-05 | 68  0.15524  8.17672e-05 | 69  0.00000  0.00000e+00
 70  0.00000  0.00000e+00 | 71  0.00000  0.00000e+00 | 72  0.00000  0.00000e+00
 73  0.00000  0.00000e+00 | 74  0.00000  0.00000e+00 | 75  0.00000  0.00000e+00
 76  0.00000  0.00000e+00 | 77  0.00000  0.00000e+00 | 78  0.00000  0.00000e+00
 79  0.00000  0.00000e+00 | 80  0.00000  0.00000e+00 | 81 -0.20247  1.29588e-04
 82 -0.11705  2.93799e-05 | 83  0.17692 -1.20068e-04 | 84 -0.16936 -2.61941e-04
 85 -0.10938 -3.01743e-05 | 86 -0.25034 -3.55322e-04 | 87 -0.67890 -2.40304e-04
 88 -0.30504 -3.80949e-05 | 89  0.26940 -2.43574e-04 | 90 -0.16183 -2.69426e-05
 91 -0.49592 -3.56053e-04 | 92  0.18710 -5.42890e-04 | 93 -0.16766  1.25379e-03
 94  0.30693 -3.77082e-04 | 95 -0.18265  5.76449e-04 | 96 -0.26031  8.16965e-05
 97  0.23673 -5.38968e-04 | 98 -0.09782  3.24855e-04 | 99 -0.18488 -6.71405e-05
100 -0.14336  8.57647e-04 |101 -0.32839 -2.54759e-04 |102 -0.09782  2.95906e-04
103 -0.06057 -2.31080e-04 |104 -0.01540 -5.94146e-05 |105 -0.01183 -5.42714e-07
106 -0.12842 -1.45995e-04 |107  0.43237  4.04861e-05 |108 -0.16208 -1.08284e-04
109  0.35231 -3.55515e-04 |110 -0.27454  4.92838e-04 |111 -0.02495 -3.17035e-03
112 -0.30691  2.84955e-03 |113  0.04177  1.55670e-04 |114 -0.20605  6.20405e-05
Function minimizer not making progress ... is minimum attained?
Minimprove criterion = 0.0000e+00

 - final statistics:
114 variables; iteration 1; function evaluation 30
Function value 2.6002e+03; maximum gradient component mag 5.0999e-03
Exit code = 1;  converg criter 1.0000e-04
Var    Value     Gradient |Var    Value     Gradient |Var    Value     Gradient
  1 -0.24202  5.09993e-03 |  2  0.03530  4.40108e-04 |  3 -0.08602  5.40610e-04
  4  0.03815  1.73920e-04 |  5 -0.42125  3.57586e-04 |  6  0.02232 -3.96279e-04
  7  0.09950  1.00152e-03 |  8 -0.07913  3.14745e-04 |  9  0.13146  5.50668e-05
 10 -0.14912  2.49128e-04 | 11 -0.10728 -4.67488e-03 | 12  0.10144 -5.90924e-05
 13  0.09331 -4.02838e-05 | 14  0.15737  1.68855e-04 | 15  0.06176 -1.89699e-04
 16  0.02722 -3.85506e-04 | 17  0.08527 -5.11697e-04 | 18  0.03244 -4.69857e-04
 19  0.15383 -2.12299e-03 | 20 -0.02051 -2.98253e-04 | 21 -0.04254 -4.98758e-04
 22 -0.06050 -1.32281e-04 | 23  0.09110 -3.38106e-04 | 24 -0.03784  7.32795e-05
 25 -0.11467  3.74966e-05 | 26 -0.17963  1.21548e-04 | 27 -0.14056  2.84543e-04
 28  0.21978 -7.16875e-04 | 29 -0.14920  2.14506e-04 | 30  0.02566 -4.52844e-04
 31  0.01023 -1.68198e-04 | 32  0.03807  1.84321e-04 | 33  0.04160  4.58329e-04
 34 -0.03948  1.09260e-04 | 35  0.01372  1.62256e-04 | 36 -0.12296  1.00294e-06
 37  0.03441 -3.43293e-05 | 38 -0.11116  2.70887e-05 | 39 -0.05114  3.33246e-04
 40 -0.13242 -6.43089e-05 | 41 -0.11861  1.78482e-04 | 42 -0.08447  6.79700e-04
 43  0.34163 -4.24014e-04 | 44 -0.15466  2.35844e-04 | 45  0.03335 -1.55611e-04
 46 -0.06847 -4.56565e-05 | 47  0.10419  5.70026e-04 | 48 -0.09042 -3.56032e-05
 49 -0.22386 -2.88604e-04 | 50 -0.26570 -9.58481e-05 | 51 -0.06190 -1.59545e-05
 52 -0.10537  9.77769e-05 | 53  0.11787  5.87139e-04 | 54  0.16713  9.39156e-04
 55  0.02486  3.88060e-04 | 56  0.14109  3.46462e-04 | 57  0.20819  2.20498e-04
 58 -0.00819  2.16919e-04 | 59  0.10926 -9.74812e-05 | 60  0.01748  1.86827e-04
 61 -0.02375  1.65773e-04 | 62 -0.15584  3.41148e-06 | 63 -0.08592  6.05943e-05
 64 -0.00354  3.25315e-04 | 65  0.07011  1.60619e-04 | 66 -0.05905  1.75995e-04
 67  0.04442 -5.37418e-05 | 68  0.15524  8.17672e-05 | 69  0.00000  0.00000e+00
 70  0.00000  0.00000e+00 | 71  0.00000  0.00000e+00 | 72  0.00000  0.00000e+00
 73  0.00000  0.00000e+00 | 74  0.00000  0.00000e+00 | 75  0.00000  0.00000e+00
 76  0.00000  0.00000e+00 | 77  0.00000  0.00000e+00 | 78  0.00000  0.00000e+00
 79  0.00000  0.00000e+00 | 80  0.00000  0.00000e+00 | 81 -0.20247  1.29588e-04
 82 -0.11705  2.93799e-05 | 83  0.17692 -1.20068e-04 | 84 -0.16936 -2.61941e-04
 85 -0.10938 -3.01743e-05 | 86 -0.25034 -3.55322e-04 | 87 -0.67890 -2.40304e-04
 88 -0.30504 -3.80949e-05 | 89  0.26940 -2.43574e-04 | 90 -0.16183 -2.69426e-05
 91 -0.49592 -3.56053e-04 | 92  0.18710 -5.42890e-04 | 93 -0.16766  1.25379e-03
 94  0.30693 -3.77082e-04 | 95 -0.18265  5.76449e-04 | 96 -0.26031  8.16965e-05
 97  0.23673 -5.38968e-04 | 98 -0.09782  3.24855e-04 | 99 -0.18488 -6.71405e-05
100 -0.14336  8.57647e-04 |101 -0.32839 -2.54759e-04 |102 -0.09782  2.95906e-04
103 -0.06057 -2.31080e-04 |104 -0.01540 -5.94146e-05 |105 -0.01183 -5.42714e-07
106 -0.12842 -1.45995e-04 |107  0.43237  4.04861e-05 |108 -0.16208 -1.08284e-04
109  0.35231 -3.55515e-04 |110 -0.27454  4.92838e-04 |111 -0.02495 -3.17035e-03
112 -0.30691  2.84955e-03 |113  0.04177  1.55670e-04 |114 -0.20605  6.20405e-05
size of file gradfil1.tmp = 0
size of file gradfil2.tmp = 0
size of file varssave.tmp = 0
size of file cmpdiff.tmp = 200000008
