
Initial statistics: 2 variables; iteration 0; function evaluation 0; phase 1
Function value 2.6686276e+03; maximum gradient component mag 5.4113e+01
Var    Value     Gradient |Var    Value     Gradient |Var    Value     Gradient
  1  0.12819  5.41130e+01 |  2 -0.40967 -2.11372e+01 |

 - final statistics:
2 variables; iteration 3; function evaluation 7
Function value 2.6636e+03; maximum gradient component mag 9.3990e+00
Exit code = 1;  converg criter 1.0000e+01
Var    Value     Gradient |Var    Value     Gradient |Var    Value     Gradient
  1  0.01158  2.16379e+00 |  2 -0.32603  9.39899e+00 |

Initial statistics: 7 variables; iteration 0; function evaluation 0; phase 2
Function value 2.6636153e+03; maximum gradient component mag -9.9061e+02
Var    Value     Gradient |Var    Value     Gradient |Var    Value     Gradient
  1 -0.25350 -1.84766e+02 |  2  0.00000 -6.67149e+02 |  3 -0.04247 -9.90610e+02
  4  0.25754 -7.69836e+02 |  5 -0.06377 -8.69603e+02 |  6  0.01158  2.16379e+00
  7 -0.32603  9.39899e+00 |

 - final statistics:
7 variables; iteration 16; function evaluation 23
Function value 2.5735e+03; maximum gradient component mag 9.7109e+00
Exit code = 1;  converg criter 1.0000e+01
Var    Value     Gradient |Var    Value     Gradient |Var    Value     Gradient
  1 -0.17829  9.71095e+00 |  2 -0.10090  4.03709e+00 |  3  0.18174  2.15436e+00
  4  0.23850  6.31572e+00 |  5 -0.01633  3.02075e+00 |  6  0.79439 -9.97522e-01
  7 -0.32404 -1.62937e-01 |

Initial statistics: 39 variables; iteration 0; function evaluation 0; phase 3
Function value 2.5734500e+03; maximum gradient component mag -8.3978e+02
Var    Value     Gradient |Var    Value     Gradient |Var    Value     Gradient
  1 -0.17829  9.71095e+00 |  2 -0.10090  4.03709e+00 |  3  0.18174  2.15436e+00
  4 -0.03352  1.46850e+02 |  5 -0.03352  3.87817e+02 |  6  0.12819 -1.48404e+02
  7  0.23850  6.31572e+00 |  8 -0.01633  3.02075e+00 |  9  0.00000 -9.77031e+01
 10  0.00000  1.46329e+02 | 11  0.79439 -9.97522e-01 | 12 -0.32404 -1.62937e-01
 13 -0.11760 -3.46354e+02 | 14 -0.21635  1.04553e+02 | 15 -0.11760 -1.70715e+01
 16 -0.21635  1.23104e+00 | 17  0.16024  3.05378e-04 | 18  0.62714  2.88863e-03
 19 -0.11760 -8.39780e+02 | 20 -0.21635  2.60705e+02 | 21 -0.11760 -4.00980e+01
 22 -0.21635  1.14955e+01 | 23 -0.11760 -3.01163e+02 | 24 -0.21635  8.71030e+01
 25 -0.11760  5.37036e+00 | 26 -0.21635 -1.57130e+01 | 27  0.16024  2.52260e-05
 28  0.62714  4.45447e-03 | 29 -0.11760  1.83720e+02 | 30 -0.21635 -1.01115e+02
 31  0.53959  3.63127e-03 | 32  0.62714  5.74225e-03 | 33  0.00000  5.50885e+02
 34 -0.21635 -3.38529e+02 | 35  0.16024  6.73341e+01 | 36 -0.11760  6.65717e+02
 37 -0.21635 -4.96927e+02 | 38  0.16024  1.86042e-03 | 39  0.62714  9.33238e-03

Intermediate statistics: 39 variables; iteration 20; function evaluation 28; phase 3
Function value 2.2043824e+03; maximum gradient component mag -5.6915e+02
Var    Value     Gradient |Var    Value     Gradient |Var    Value     Gradient
  1 -0.08544  3.16116e+02 |  2 -0.08133 -8.44362e+01 |  3  0.14813 -1.11495e+02
  4 -0.08200 -3.82674e+02 |  5 -0.59911 -1.56371e+02 |  6  0.14989  1.35853e+02
  7  0.24802 -3.59111e+01 |  8 -0.05043 -1.36937e+02 |  9  0.09519 -3.77565e+02
 10  0.01811 -4.45390e+01 | 11  0.78339 -3.58047e+00 | 12 -0.32393  1.09945e-01
 13  0.17533 -6.79468e+01 | 14  0.05881  9.71444e+01 | 15  0.13525 -4.62212e+00
 16  0.03731 -2.35959e+00 | 17  0.16023  7.06028e-04 | 18  0.62699  4.39010e-03
 19 -0.05376 -5.69149e+02 | 20 -0.18226  2.18419e+02 | 21  0.08698 -1.93930e+01
 22 -0.04613  1.18955e+01 | 23  0.15626 -1.96210e+02 | 24 -0.03789  1.22565e+02
 25 -0.06566 -6.29873e+01 | 26 -0.09548  3.00955e+01 | 27  0.16023  2.02533e-04
 28  0.62695  3.73370e-03 | 29 -0.18595 -1.98328e+01 | 30 -0.14485  8.68357e+00
 31  0.53944  3.55077e-03 | 32  0.62693  4.76615e-03 | 33  0.06025  4.83883e+01
 34  0.00668 -4.70155e+01 | 35 -0.30890 -7.57185e+00 | 36  0.07252  5.24082e+00
 37  0.28583 -2.60097e+00 | 38  0.16021  1.07195e-03 | 39  0.62689  5.48773e-03
39 variables; iteration 40; function evaluation 52; phase 3
Function value 2.1419726e+03; maximum gradient component mag 1.1595e+02
Var    Value     Gradient |Var    Value     Gradient |Var    Value     Gradient
  1 -0.19818  1.15946e+02 |  2 -0.08651  3.90724e+01 |  3  0.13799  3.88601e+01
  4  0.02024  3.65428e+01 |  5 -0.56732  7.62340e+00 |  6  0.13092  4.71832e+00
  7  0.22634  4.32097e+01 |  8 -0.00346  3.93656e+01 |  9  0.07970  2.18257e+01
 10  0.08347  5.86387e+00 | 11 -0.00803 -1.96212e+01 | 12 -0.36218  3.43160e+00
 13  0.18185 -3.05213e+01 | 14  0.02606  1.78158e+01 | 15  0.40660 -1.71679e+00
 16  0.19532  3.21165e+00 | 17  0.15109  7.50894e-04 | 18  0.57519  3.90975e-03
 19  0.03944 -8.23686e+01 | 20 -0.08790  3.24997e+01 | 21  0.14006 -1.48432e+01
 22  0.03009  1.40052e+01 | 23  0.31621 -1.28518e+01 | 24  0.02698  1.79515e+01
 25  0.01998 -1.49764e+01 | 26 -0.01080  6.42285e+00 | 27  0.15268  2.72385e-04
 28  0.57163  3.05148e-03 | 29 -0.13583 -3.70698e+00 | 30 -0.07938  2.38683e+00
 31  0.49910  3.10149e-03 | 32  0.57229  3.75797e-03 | 33 -0.02447 -1.37197e+01
 34 -0.01949 -3.15998e+00 | 35 -0.11372 -5.63454e+00 | 36  0.07874  7.54203e+00
 37  0.35376 -3.64314e+00 | 38  0.14625  1.58052e-03 | 39  0.55909  6.63398e-03
39 variables; iteration 60; function evaluation 91; phase 3
Function value 2.1248944e+03; maximum gradient component mag 2.1266e+01
Var    Value     Gradient |Var    Value     Gradient |Var    Value     Gradient
  1 -0.31254  2.12656e+01 |  2 -0.10129 -3.22937e+00 |  3  0.14608 -9.57425e-01
  4 -0.02199 -3.03775e+00 |  5 -0.53649 -1.24487e+00 |  6  0.18725  7.17465e-01
  7  0.22474  7.22558e+00 |  8  0.01363  1.61395e+00 |  9  0.08428 -1.88956e+00
 10  0.04769 -4.30007e-01 | 11 -0.17955 -1.48459e+01 | 12 -0.47326  1.84484e-02
 13  0.34121  1.25103e+00 | 14  0.11347 -7.91241e-01 | 15  0.69176 -2.36027e-01
 16  0.26416  8.20295e-01 | 17  0.10802  5.38123e-04 | 18  0.37075  2.05816e-03
 19  0.16214  2.60802e+00 | 20  0.03911 -1.14926e+00 | 21  0.13999  8.09200e-01
 22 -0.01332 -1.03456e+00 | 23  0.36116 -1.33066e+00 | 24  0.03492 -6.98747e-01
 25  0.15624 -7.91522e+00 | 26  0.10881  6.59431e+00 | 27  0.01040  1.54588e-01
 28  0.05008 -1.16024e-01 | 29 -0.15614 -1.51391e-01 | 30 -0.10243  8.86052e-02
 31  0.35186  1.38126e-03 | 32  0.48354  1.81945e-04 | 33 -0.01879  3.13571e+00
 34  0.00306 -1.79745e+00 | 35 -0.11802  6.34683e-01 | 36  0.06511 -1.39798e+00
 37  0.42805  1.30341e+00 | 38  0.03949 -4.59245e-02 | 39 -0.10214  1.81204e-01
Maximum number of function evaluations exceeded

 - final statistics:
39 variables; iteration 69; function evaluation 100
Function value 2.1247e+03; maximum gradient component mag -3.5531e+00
Exit code = 3;  converg criter 1.0000e+00
Var    Value     Gradient |Var    Value     Gradient |Var    Value     Gradient
  1 -0.31716 -1.00220e+00 |  2 -0.09749  1.57351e-01 |  3  0.14212 -8.31521e-02
  4 -0.01663  1.70014e+00 |  5 -0.54102  2.13529e-01 |  6  0.19407  2.44061e+00
  7  0.22268 -3.55312e+00 |  8  0.01565 -1.61155e+00 |  9  0.08209  1.46785e+00
 10  0.05530  2.94300e-01 | 11 -0.18334  9.22530e-01 | 12 -0.47521 -3.71514e-02
 13  0.32717  9.58838e-01 | 14  0.10723 -9.32152e-01 | 15  0.70329 -3.72792e-02
 16  0.26649 -3.31786e-02 | 17  0.09272  4.60582e-04 | 18  0.31231  1.65727e-03
 19  0.15136 -4.20434e-01 | 20  0.03040 -1.12003e+00 | 21  0.14322 -8.78608e-01
 22 -0.00148  9.86624e-01 | 23  0.36467  4.24042e-01 | 24  0.03896  8.26332e-01
 25  0.20460  1.11990e+00 | 26  0.13573 -9.32452e-01 | 27 -0.25789  1.61779e-01
 28  0.02897  5.98688e-01 | 29 -0.15783 -5.00505e-01 | 30 -0.10403  2.84377e-01
 31  0.31400  1.04583e-03 | 32  0.48794  2.22952e-04 | 33 -0.01956 -3.51568e+00
 34  0.00839  2.36584e+00 | 35 -0.11730 -3.56814e-01 | 36  0.04565 -1.10969e+00
 37  0.38222  9.11395e-01 | 38  0.07516 -8.98714e-02 | 39 -0.12439  7.08893e-02

Initial statistics: 39 variables; iteration 0; function evaluation 0; phase 4
Function value 2.1246723e+03; maximum gradient component mag -3.5531e+00
Var    Value     Gradient |Var    Value     Gradient |Var    Value     Gradient
  1 -0.31716 -1.00220e+00 |  2 -0.09749  1.57351e-01 |  3  0.14212 -8.31521e-02
  4 -0.01663  1.70014e+00 |  5 -0.54102  2.13529e-01 |  6  0.19407  2.44061e+00
  7  0.22268 -3.55312e+00 |  8  0.01565 -1.61155e+00 |  9  0.08209  1.46785e+00
 10  0.05530  2.94300e-01 | 11 -0.18334  9.22530e-01 | 12 -0.47521 -3.71514e-02
 13  0.32717  9.58838e-01 | 14  0.10723 -9.32152e-01 | 15  0.70329 -3.72792e-02
 16  0.26649 -3.31786e-02 | 17  0.09272  4.60582e-04 | 18  0.31231  1.65727e-03
 19  0.15136 -4.20434e-01 | 20  0.03040 -1.12003e+00 | 21  0.14322 -8.78608e-01
 22 -0.00148  9.86624e-01 | 23  0.36467  4.24042e-01 | 24  0.03896  8.26332e-01
 25  0.20460  1.11990e+00 | 26  0.13573 -9.32452e-01 | 27 -0.25789  1.61779e-01
 28  0.02897  5.98688e-01 | 29 -0.15783 -5.00505e-01 | 30 -0.10403  2.84377e-01
 31  0.31400  1.04583e-03 | 32  0.48794  2.22952e-04 | 33 -0.01956 -3.51568e+00
 34  0.00839  2.36584e+00 | 35 -0.11730 -3.56814e-01 | 36  0.04565 -1.10969e+00
 37  0.38222  9.11395e-01 | 38  0.07516 -8.98714e-02 | 39 -0.12439  7.08893e-02

Intermediate statistics: 39 variables; iteration 20; function evaluation 23; phase 4
Function value 2.1246479e+03; maximum gradient component mag -4.0677e+00
Var    Value     Gradient |Var    Value     Gradient |Var    Value     Gradient
  1 -0.31618 -4.06771e+00 |  2 -0.09758  1.36579e+00 |  3  0.14217  1.06548e+00
  4 -0.01718  4.30651e-01 |  5 -0.54070 -2.22684e-01 |  6  0.19177 -7.33716e-01
  7  0.22277  1.69937e+00 |  8  0.01602  1.25436e+00 |  9  0.08195  1.61143e-01
 10  0.05449  1.71040e-02 | 11 -0.18252  2.66234e+00 | 12 -0.47439  1.91284e-02
 13  0.32622 -3.29523e-01 | 14  0.10688  7.75540e-01 | 15  0.70714  2.70408e-03
 16  0.26644 -3.01866e-01 | 17  0.09268  4.60441e-04 | 18  0.31219  1.65833e-03
 19  0.15429 -1.01237e+00 | 20  0.03314  8.50397e-01 | 21  0.14122 -1.14519e-01
 22 -0.00722  6.88696e-02 | 23  0.36257 -1.22174e-01 | 24  0.03739  5.76429e-01
 25  0.20591  5.70341e-01 | 26  0.13646 -6.26990e-01 | 27 -0.26435  9.64172e-02
 28  0.02710  1.73049e-01 | 29 -0.15694 -1.04929e-01 | 30 -0.10318  8.14045e-02
 31  0.31392  1.04956e-03 | 32  0.48792  2.40179e-04 | 33 -0.01895 -1.31679e-01
 34  0.00612  3.11298e-01 | 35 -0.11806  1.12400e-01 | 36  0.04482  1.63430e-01
 37  0.36273 -4.82921e-02 | 38  0.07657 -1.10072e-01 | 39 -0.12776  1.47750e-02
39 variables; iteration 40; function evaluation 45; phase 4
Function value 2.1246420e+03; maximum gradient component mag -5.3154e-02
Var    Value     Gradient |Var    Value     Gradient |Var    Value     Gradient
  1 -0.31552 -5.31541e-02 |  2 -0.09801  1.90286e-02 |  3  0.14248  1.03162e-02
  4 -0.01795  5.47231e-03 |  5 -0.53968  2.28945e-04 |  6  0.19124 -1.00848e-02
  7  0.22295  2.15030e-02 |  8  0.01568  1.71531e-02 |  9  0.08237  2.62349e-03
 10  0.05326 -8.10779e-03 | 11 -0.18195  3.62293e-02 | 12 -0.47432 -1.23451e-03
 13  0.32703 -3.72858e-03 | 14  0.10697  1.04532e-02 | 15  0.77960  1.21151e-03
 16  0.27644 -8.84860e-07 | 17  0.08788  4.36430e-04 | 18  0.29486  1.56111e-03
 19  0.15534 -1.41186e-02 | 20  0.03382  1.15247e-02 | 21  0.14212 -2.09853e-03
 22 -0.00668  1.17628e-03 | 23  0.36257 -2.53888e-04 | 24  0.03704  8.34539e-03
 25  0.20802  6.75662e-03 | 26  0.13785 -9.83083e-03 | 27 -0.28565  2.56748e-04
 28  0.02807  1.43903e-03 | 29 -0.15683  6.54188e-04 | 30 -0.10338 -2.14077e-03
 31  0.30327  9.23348e-04 | 32  0.48633  3.74457e-05 | 33 -0.01892 -1.72364e-03
 34  0.00555  1.24253e-03 | 35 -0.11841 -2.31371e-04 | 36  0.03457 -5.27323e-03
 37  0.35057  1.36684e-04 | 38  0.10363 -3.21460e-03 | 39 -0.15663 -2.41086e-03
  ic > imax  in fminim is answer attained ?
Var    Value     Gradient |Var    Value     Gradient |Var    Value     Gradient
  1 -0.31552 -2.07587e-03 |  2 -0.09801  7.96946e-04 |  3  0.14248  4.58904e-04
  4 -0.01794  9.09733e-05 |  5 -0.53969  6.47641e-05 |  6  0.19124 -1.80108e-04
  7  0.22295  4.85962e-04 |  8  0.01568  4.29690e-04 |  9  0.08237  2.51808e-05
 10  0.05329 -1.20779e-04 | 11 -0.18194  1.25423e-03 | 12 -0.47431 -4.68453e-05
 13  0.32702 -1.17719e-04 | 14  0.10696  2.34458e-04 | 15  0.77729  2.67855e-05
 16  0.27617 -1.67816e-04 | 17  0.01904  9.20892e-05 | 18  0.06271 -3.14669e-05
 19  0.15534 -3.40456e-04 | 20  0.03382  3.18708e-04 | 21  0.14213  3.95444e-05
 22 -0.00668 -1.21988e-04 | 23  0.36255  1.58648e-05 | 24  0.03702  2.01206e-04
 25  0.20802  1.49379e-05 | 26  0.13785 -1.95637e-04 | 27 -0.28567  5.44947e-05
 28  0.02806  3.36968e-05 | 29 -0.15679  5.81608e-05 | 30 -0.10332 -1.03631e-04
 31  0.17183  2.54611e-05 | 32  0.51120  2.13220e-05 | 33 -0.01892 -4.16773e-05
 34  0.00555 -3.07082e-05 | 35 -0.11841 -4.99397e-05 | 36  0.03469  6.76509e-04
 37  0.35070 -8.30535e-05 | 38  0.10323  5.38355e-04 | 39 -0.15573  2.68496e-04
Function minimizer not making progress ... is minimum attained?
Minimprove criterion = 0.0000e+00

 - final statistics:
39 variables; iteration 60; function evaluation 104
Function value 2.1246e+03; maximum gradient component mag -2.0759e-03
Exit code = 1;  converg criter 1.0000e-04
Var    Value     Gradient |Var    Value     Gradient |Var    Value     Gradient
  1 -0.31552 -2.07587e-03 |  2 -0.09801  7.96946e-04 |  3  0.14248  4.58904e-04
  4 -0.01794  9.09733e-05 |  5 -0.53969  6.47641e-05 |  6  0.19124 -1.80108e-04
  7  0.22295  4.85962e-04 |  8  0.01568  4.29690e-04 |  9  0.08237  2.51808e-05
 10  0.05329 -1.20779e-04 | 11 -0.18194  1.25423e-03 | 12 -0.47431 -4.68453e-05
 13  0.32702 -1.17719e-04 | 14  0.10696  2.34458e-04 | 15  0.77729  2.67855e-05
 16  0.27617 -1.67816e-04 | 17  0.01904  9.20892e-05 | 18  0.06271 -3.14669e-05
 19  0.15534 -3.40456e-04 | 20  0.03382  3.18708e-04 | 21  0.14213  3.95444e-05
 22 -0.00668 -1.21988e-04 | 23  0.36255  1.58648e-05 | 24  0.03702  2.01206e-04
 25  0.20802  1.49379e-05 | 26  0.13785 -1.95637e-04 | 27 -0.28567  5.44947e-05
 28  0.02806  3.36968e-05 | 29 -0.15679  5.81608e-05 | 30 -0.10332 -1.03631e-04
 31  0.17183  2.54611e-05 | 32  0.51120  2.13220e-05 | 33 -0.01892 -4.16773e-05
 34  0.00555 -3.07082e-05 | 35 -0.11841 -4.99397e-05 | 36  0.03469  6.76509e-04
 37  0.35070 -8.30535e-05 | 38  0.10323  5.38355e-04 | 39 -0.15573  2.68496e-04
Estimating row 1 out of 39 for hessian
Estimating row 2 out of 39 for hessian
Estimating row 3 out of 39 for hessian
Estimating row 4 out of 39 for hessian
Estimating row 5 out of 39 for hessian
Estimating row 6 out of 39 for hessian
Estimating row 7 out of 39 for hessian
Estimating row 8 out of 39 for hessian
Estimating row 9 out of 39 for hessian
Estimating row 10 out of 39 for hessian
Estimating row 11 out of 39 for hessian
Estimating row 12 out of 39 for hessian
Estimating row 13 out of 39 for hessian
Estimating row 14 out of 39 for hessian
Estimating row 15 out of 39 for hessian
Estimating row 16 out of 39 for hessian
Estimating row 17 out of 39 for hessian
Estimating row 18 out of 39 for hessian
Estimating row 19 out of 39 for hessian
Estimating row 20 out of 39 for hessian
Estimating row 21 out of 39 for hessian
Estimating row 22 out of 39 for hessian
Estimating row 23 out of 39 for hessian
Estimating row 24 out of 39 for hessian
Estimating row 25 out of 39 for hessian
Estimating row 26 out of 39 for hessian
Estimating row 27 out of 39 for hessian
Estimating row 28 out of 39 for hessian
Estimating row 29 out of 39 for hessian
Estimating row 30 out of 39 for hessian
Estimating row 31 out of 39 for hessian
Estimating row 32 out of 39 for hessian
Estimating row 33 out of 39 for hessian
Estimating row 34 out of 39 for hessian
Estimating row 35 out of 39 for hessian
Estimating row 36 out of 39 for hessian
Estimating row 37 out of 39 for hessian
Estimating row 38 out of 39 for hessian
Estimating row 39 out of 39 for hessian
size of file gradfil1.tmp = 0
size of file gradfil2.tmp = 0
size of file varssave.tmp = 0
size of file cmpdiff.tmp = 800000032
