
Initial statistics: 1 variables; iteration 0; function evaluation 0; phase 1
Function value 1.0021015e+08; maximum gradient component mag -1.8237e+05
Var    Value     Gradient |Var    Value     Gradient |Var    Value     Gradient
  1  0.07600 -1.82374e+05 |

 - final statistics:
1 variables; iteration 5; function evaluation 27
Function value 3.0189e+03; maximum gradient component mag 5.9361e-01
Exit code = 1;  converg criter 1.0000e+01
Var    Value     Gradient |Var    Value     Gradient |Var    Value     Gradient
  1  0.13734  5.93606e-01 |

Initial statistics: 72 variables; iteration 0; function evaluation 0; phase 2
Function value 3.0189486e+03; maximum gradient component mag -2.2730e+03
Var    Value     Gradient |Var    Value     Gradient |Var    Value     Gradient
  1  0.13734  5.93606e-01 |  2  0.00000  9.03277e+01 |  3  0.00000  8.27274e+01
  4  0.00000  6.63044e+01 |  5  0.00000  5.12482e+01 |  6  0.00000  3.68954e+01
  7  0.00000  1.32359e+01 |  8  0.00000 -2.95887e+01 |  9  0.00000 -1.59804e+02
 10  0.00000 -3.39523e+02 | 11  0.00000 -3.74822e+02 | 12  0.00000 -3.20794e+02
 13  0.00000  1.44777e+02 | 14  0.00000  4.20979e+02 | 15  0.00000  2.46619e+02
 16  0.00000  2.35469e+01 | 17  0.00000  5.55204e+02 | 18  0.00000  1.03795e+03
 19  0.00000  9.04674e+02 | 20  0.00000 -7.84590e+02 | 21  0.00000 -2.27298e+03
 22  0.00000 -1.16093e+02 | 23  0.00000  3.17503e+01 | 24  0.00000 -2.81220e+01
 25  0.00000 -2.21196e+02 | 26  0.00000 -2.41932e+02 | 27  0.00000  4.17121e+01
 28  0.00000  2.91139e+01 | 29  0.00000  2.96119e+00 | 30  0.00000 -9.11518e+01
 31  0.00000  1.98300e+02 | 32  0.00000  2.91701e+02 | 33  0.00000  2.76442e+02
 34  0.00000  8.56671e+01 | 35  0.00000 -6.36141e+02 | 36  0.00000 -1.17599e+03
 37  0.00000 -8.87823e+01 | 38  0.00000  1.40134e+02 | 39  0.00000  2.65801e+02
 40  0.00000  2.11540e+02 | 41  0.00000  4.73275e+02 | 42  0.00000  5.49783e+02
 43  0.00000  5.16367e+02 | 44  0.00000  3.59603e+02 | 45  0.00000  1.99018e+02
 46  0.00000 -5.54000e+02 | 47  0.00000 -2.96989e+02 | 48  0.00000  2.24222e+02
 49  0.00000  1.59189e+02 | 50  0.00000 -1.45845e+01 | 51  0.00000  1.60086e+01
 52  0.14266  1.96405e+02 | 53  0.37049 -1.94281e+01 | 54 -0.43403 -4.19481e+00
 55  0.99550 -2.15613e+02 | 56  0.05267 -3.89179e+02 | 57  0.00345 -8.10397e-05
 58 -0.00009 -3.11861e-07 | 59  0.23427 -5.05837e+01 | 60 -0.16594 -9.70359e-03
 61  0.38128 -2.67202e+02 | 62  0.24719 -7.06654e+01 | 63 -0.63168  8.71562e-01
 64  0.01615 -2.16561e+03 | 65 -0.30380 -5.61466e+01 | 66 -0.16428 -3.70672e+01
 67  0.15020  1.47711e+02 | 68 -0.62369  6.71513e-01 | 69 -0.03908  1.35848e+02
 70 -0.08125  3.65805e+01 | 71 -0.52624  2.49365e+01 | 72 -0.03131  4.60876e+01

Intermediate statistics: 72 variables; iteration 20; function evaluation 26; phase 2
Function value 1.8102309e+03; maximum gradient component mag -3.0732e+03
Var    Value     Gradient |Var    Value     Gradient |Var    Value     Gradient
  1  0.09575  1.35750e+03 |  2  0.02989  1.00017e+01 |  3  0.04592  1.52645e+01
  4  0.06718  1.67223e+01 |  5  0.07422  1.72904e+01 |  6  0.07399  2.31804e+01
  7  0.07148  3.06438e+01 |  8  0.04992  3.23705e+01 |  9  0.04501  5.04429e+00
 10  0.13229 -5.74177e+01 | 11  0.03163 -2.46637e+01 | 12  0.13457  4.87817e+00
 13 -0.04306  4.71558e+01 | 14 -0.07892  3.22141e+01 | 15 -0.01424  3.18226e+01
 16  0.08729  8.61855e+00 | 17 -0.05006  3.54316e+01 | 18 -0.13007  1.21354e+01
 19 -0.29216 -3.03137e+01 | 20 -0.17554 -7.18409e+01 | 21  0.25894 -6.79194e+01
 22 -0.09767  3.06206e+00 | 23  0.06588  5.02080e+01 | 24  0.04994  4.13054e+01
 25  0.10334  3.76350e+01 | 26  0.11547  5.01887e+01 | 27  0.03035  4.48256e+01
 28  0.07719  8.34708e+01 | 29  0.02844  3.18467e+01 | 30  0.14548  4.04947e+01
 31 -0.03807 -3.50918e+01 | 32 -0.03709 -4.07148e+01 | 33 -0.07170 -5.60442e+01
 34 -0.22409 -5.95001e+01 | 35  0.18321 -4.15932e+00 | 36  0.34869 -1.71562e+02
 37 -0.15361 -3.60249e+01 | 38  0.00680 -2.76036e+01 | 39 -0.03507 -2.24256e+01
 40  0.09308  9.06085e+01 | 41 -0.29322 -7.75478e+01 | 42 -0.62153 -5.75771e+01
 43 -0.43501 -8.35145e+01 | 44 -0.02810 -5.40626e+01 | 45 -0.07929 -5.39692e+01
 46  0.19595 -2.38560e+01 | 47  0.14933 -2.73442e+01 | 48 -0.12146 -7.59191e+01
 49 -0.02963 -4.93794e+01 | 50  0.12205 -9.52581e+00 | 51  0.08804 -3.72464e+01
 52  0.11675 -4.89816e+02 | 53  0.34867 -7.29655e+00 | 54 -0.45109  4.28628e+00
 55  1.44534  1.83721e+02 | 56  0.04054  5.93666e+02 | 57  0.00349  1.08030e-04
 58 -0.00009 -1.26721e-06 | 59  0.22768  8.29876e+02 | 60 -0.16589  1.62126e-03
 61  0.34138 -3.07316e+03 | 62  0.23482  5.74694e+01 | 63 -0.73807 -3.61412e+00
 64  0.01606  6.30392e+02 | 65 -0.36616  2.11750e+00 | 66 -0.19606  2.30131e+00
 67  0.17609  2.84442e+02 | 68 -0.62695  4.07956e-01 | 69 -0.03191 -4.71284e+02
 70 -0.18227  1.00416e+01 | 71 -0.70774 -8.78054e+00 | 72 -0.05243  4.72157e+00
72 variables; iteration 40; function evaluation 47; phase 2
Function value 1.7685347e+03; maximum gradient component mag -1.6177e+03
Var    Value     Gradient |Var    Value     Gradient |Var    Value     Gradient
  1  0.10319  1.07876e+03 |  2  0.01768  7.63041e+01 |  3  0.03037  7.56134e+01
  4  0.04406  6.86382e+01 |  5  0.06369  6.79675e+01 |  6  0.06317  7.17384e+01
  7  0.05612  7.71771e+01 |  8  0.05786  9.26415e+01 |  9  0.01992  5.99528e+01
 10  0.13714 -1.44546e+01 | 11  0.01721  4.12518e+01 | 12  0.13662  5.56356e+01
 13 -0.05966  1.06855e+02 | 14 -0.10341  9.78253e+01 | 15  0.01227  1.73298e+02
 16  0.08191  8.36449e+01 | 17 -0.07052  8.38983e+01 | 18 -0.11541  9.93563e+01
 19 -0.31084  3.74212e+01 | 20 -0.16581  3.38796e+00 | 21  0.25670 -6.53510e+01
 22 -0.11245  6.94891e+01 | 23  0.05633  1.15874e+02 | 24  0.04591  1.25704e+02
 25  0.11624  1.48883e+02 | 26  0.10087  9.39218e+01 | 27  0.01761  1.09099e+02
 28  0.06670  1.58685e+02 | 29  0.03136  1.30414e+02 | 30  0.13808  1.29512e+02
 31 -0.07186  3.38700e+01 | 32 -0.05788  3.97971e+01 | 33 -0.03094  4.59742e+01
 34 -0.20233  2.06907e+01 | 35  0.16839  8.59857e+01 | 36  0.36610  3.66005e+01
 37 -0.17009  3.82121e+01 | 38 -0.01052  3.27717e+01 | 39 -0.02735  4.76814e+01
 40  0.04860  7.93542e+01 | 41 -0.14775  3.62954e+01 | 42 -0.96429 -1.51237e+00
 43 -0.22854  1.65737e+01 | 44 -0.05355  4.07334e+01 | 45 -0.07804  3.52502e+01
 46  0.16297 -5.27064e+01 | 47  0.09287 -5.58245e+01 | 48 -0.06109  5.67536e+01
 49 -0.02550  7.40701e+01 | 50  0.08857  7.91310e+01 | 51  0.40623  5.64779e+01
 52  0.11864 -4.29720e+02 | 53  0.36744  2.93084e+01 | 54 -0.44966 -1.80474e+01
 55  1.40391  1.20194e+02 | 56  0.04224  4.34621e+02 | 57  0.00412  9.97157e-05
 58 -0.00009 -1.32684e-06 | 59  0.20090  3.35765e+02 | 60 -0.16428 -1.75363e-02
 61  0.34755 -1.61774e+03 | 62  0.24830 -2.78089e+01 | 63 -1.59432 -1.49051e+01
 64  0.01252 -5.36044e+02 | 65 -0.88378 -4.04681e-03 | 66 -0.33434 -3.21235e-02
 67  0.16697 -2.39405e+02 | 68 -0.65095  4.44807e-02 | 69 -0.02287  6.96403e+02
 70 -0.14642 -4.73126e-01 | 71 -1.11818  6.02746e-01 | 72 -0.04751 -2.21320e+00
72 variables; iteration 60; function evaluation 72; phase 2
Function value 1.7075304e+03; maximum gradient component mag 1.9081e+03
Var    Value     Gradient |Var    Value     Gradient |Var    Value     Gradient
  1  0.08634  1.90807e+03 |  2  0.02070  8.68125e+00 |  3  0.03558  1.42663e+01
  4  0.07529  2.62180e+01 |  5  0.09049  3.09882e+01 |  6  0.07140  2.60731e+01
  7  0.08548  4.39678e+01 |  8  0.00991  2.03366e+01 |  9  0.06350  5.23529e+01
 10  0.13473  7.42802e+01 | 11  0.09996  9.57406e+01 | 12  0.11991  6.59347e+01
 13 -0.06363  2.79990e+01 | 14 -0.07122  3.52336e+01 | 15 -0.01349  5.65144e+01
 16  0.09751  1.07113e+02 | 17 -0.06099  4.54927e+01 | 18 -0.12512  4.88073e+01
 19 -0.18034  5.50370e+01 | 20 -0.09691  1.78509e+00 | 21  0.26205  1.53739e+02
 22 -0.08900  1.35826e+01 | 23  0.05423  1.40172e+01 | 24  0.04088  9.95617e+00
 25  0.08975 -1.71549e+01 | 26  0.09679 -1.73214e+01 | 27 -0.00131 -1.73058e+01
 28  0.03496 -2.80190e+01 | 29 -0.00783 -3.28675e+01 | 30  0.09715 -7.21195e+01
 31 -0.02956 -2.48736e+01 | 32 -0.09994 -4.87740e+01 | 33 -0.06675 -4.30099e+01
 34 -0.13487 -4.56279e+01 | 35  0.08456 -5.63706e+01 | 36  0.35996  2.81572e+00
 37 -0.19466 -3.93395e+01 | 38 -0.00860 -3.42042e+01 | 39 -0.03838 -4.28321e+01
 40  0.01333 -6.86424e+01 | 41 -0.13406 -3.11316e+01 | 42 -0.81710 -2.92117e+01
 43 -0.18542 -3.13307e+01 | 44 -0.06485 -3.89963e+01 | 45 -0.08645 -4.45135e+01
 46  0.16843 -4.56908e+01 | 47  0.11509 -5.25309e+01 | 48 -0.06711 -3.19327e+01
 49 -0.04216 -3.42531e+01 | 50  0.05759 -5.63397e+01 | 51  0.11337 -3.65112e+01
 52  0.13936  3.40393e+01 | 53  0.37239  8.57395e+00 | 54 -0.42400  1.87525e+00
 55  1.33834 -3.37264e+00 | 56  0.02544 -1.26760e+02 | 57  0.00621 -5.94438e-05
 58 -0.00009 -1.38790e-06 | 59  0.24356  1.49463e+02 | 60 -0.15658  5.55275e-03
 61  0.37595 -4.21873e+02 | 62  0.23872  1.83210e+01 | 63 -1.40400  6.16224e-02
 64  0.01476  7.25613e+00 | 65 -0.66878  1.14769e+00 | 66  0.00914  3.22392e+00
 67  0.16528  1.62125e+02 | 68 -0.84947  6.04000e-02 | 69 -0.02917 -2.33244e+02
 70 -0.14578  1.56449e+01 | 71 -0.96471 -5.22970e-01 | 72 -0.01055  2.86381e+01
72 variables; iteration 80; function evaluation 98; phase 2
Function value 1.6716976e+03; maximum gradient component mag 5.4740e+02
Var    Value     Gradient |Var    Value     Gradient |Var    Value     Gradient
  1  0.08217  5.47401e+02 |  2  0.06838  3.95517e+00 |  3  0.02068 -6.83287e+00
  4  0.03954 -1.07799e+01 |  5  0.08416 -7.77229e+00 |  6  0.13666  5.43019e+00
  7  0.04000 -3.79947e+00 |  8  0.02781  9.23224e+00 |  9  0.01660  7.79787e+00
 10  0.17630  2.13595e+01 | 11  0.01924  1.05174e+01 | 12  0.14689  1.52046e+01
 13 -0.07208  1.91578e+01 | 14 -0.09929 -7.22958e-01 | 15 -0.02732 -9.74507e+00
 16  0.09940 -1.53804e+01 | 17 -0.06691 -8.06575e+00 | 18 -0.16712 -2.98479e+01
 19 -0.36864 -2.54417e+01 | 20 -0.07149  2.67638e+01 | 21  0.25833  1.25335e+02
 22 -0.11514  7.00394e+00 | 23  0.05267  2.62080e+00 | 24  0.02638 -5.12377e+00
 25  0.09411  3.02719e+00 | 26  0.09116 -4.74503e+00 | 27 -0.00849 -6.87937e+00
 28  0.02912 -1.33980e+01 | 29 -0.01615 -7.07258e+00 | 30  0.10321 -1.18234e+01
 31 -0.06348 -1.54883e+01 | 32 -0.07552 -1.72706e+01 | 33 -0.09493 -2.08009e+01
 34 -0.10799 -7.87279e+00 | 35  0.10708 -6.69819e+00 | 36  0.34313 -3.00468e+01
 37 -0.15732 -1.40435e+01 | 38 -0.01840 -1.89690e+01 | 39 -0.05004 -2.38689e+01
 40  0.01790 -2.90895e+01 | 41 -0.22132 -3.56431e+01 | 42 -0.25591 -2.34101e+01
 43 -0.22325 -1.83360e+01 | 44 -0.06719 -1.22711e+01 | 45 -0.08294 -1.33654e+01
 46  0.16252 -2.53744e+01 | 47  0.11410 -2.62075e+01 | 48 -0.06934 -1.33377e+01
 49 -0.04031 -1.49711e+01 | 50  0.08532 -9.68798e+00 | 51  0.15944 -1.30382e+01
 52  0.14043  1.11244e+01 | 53  0.36725  5.53374e+00 | 54 -0.43892 -4.44502e+00
 55  1.27409  1.80110e+01 | 56  0.03932  3.08303e+01 | 57  0.00677  8.02803e-06
 58 -0.00006 -1.28778e-06 | 59  0.23502 -7.00929e+01 | 60 -0.14517 -1.07481e-03
 61  0.39070  2.98809e+02 | 62  0.24438 -7.96934e+00 | 63 -1.24985  1.63166e+00
 64  0.01565  3.00857e+01 | 65 -0.36533 -5.37988e-01 | 66 -0.14097  4.68851e-01
 67  0.13563 -5.12577e+01 | 68 -1.13917  1.83162e-02 | 69 -0.04383  5.55738e+01
 70 -0.01826 -1.70504e+00 | 71 -1.46587  6.18144e+00 | 72 -0.09266 -2.40036e+00

 - final statistics:
72 variables; iteration 98; function evaluation 127
Function value 1.6612e+03; maximum gradient component mag 4.5962e+00
Exit code = 1;  converg criter 1.0000e+01
Var    Value     Gradient |Var    Value     Gradient |Var    Value     Gradient
  1  0.07583  4.59619e+00 |  2  0.03349  2.79764e-02 |  3  0.02244  1.62877e-02
  4  0.10286  3.25830e-01 |  5  0.12773 -2.57048e-03 |  6  0.07983 -1.67322e-01
  7  0.12034  5.92095e-01 |  8 -0.03313  5.71107e-01 |  9 -0.04959  2.46229e-01
 10  0.20475  7.87072e-01 | 11 -0.09309 -9.54409e-01 | 12  0.17115 -9.70597e-01
 13 -0.16552 -1.38368e-01 | 14 -0.08787  3.07227e-01 | 15 -0.02452  2.50432e-02
 16  0.10694  8.61660e-01 | 17 -0.08389 -1.88950e-01 | 18 -0.14185 -4.48900e-01
 19 -0.29788  2.19631e-01 | 20 -0.10004  7.92677e-01 | 21  0.26257  1.85981e+00
 22 -0.13947  7.01864e-01 | 23  0.05820  1.50300e-01 | 24  0.02785  6.07295e-02
 25  0.09392  4.02598e-01 | 26  0.09444  4.55915e-01 | 27 -0.01006  4.03299e-01
 28  0.03386  2.61029e-01 | 29 -0.02164  1.46241e-01 | 30  0.10740  4.59824e-01
 31 -0.06099 -1.15699e-01 | 32 -0.07201  3.67641e-02 | 33 -0.07731 -2.56388e-01
 34 -0.12064  2.66744e-02 | 35  0.10586 -1.22526e-01 | 36  0.35593 -1.61655e-01
 37 -0.16150 -1.94902e-01 | 38 -0.00924 -1.37580e-01 | 39 -0.03615  1.21237e-01
 40  0.02355 -2.52023e-01 | 41 -0.17628 -1.92534e-01 | 42 -0.23669 -3.33868e-01
 43 -0.21182 -1.67341e-01 | 44 -0.06205 -7.13236e-02 | 45 -0.07763 -1.62402e-01
 46  0.17110 -4.74742e-01 | 47  0.12459 -1.57017e-01 | 48 -0.06448 -1.46007e-01
 49 -0.03152  7.70651e-02 | 50  0.09062 -2.09257e-01 | 51  0.13643 -1.51094e-01
 52  0.14263 -6.18855e-01 | 53  0.37099  4.10454e-01 | 54 -0.43351 -5.00897e-02
 55  0.99560 -1.54031e-01 | 56  0.05251 -4.38719e+00 | 57  0.00459  2.62071e-06
 58 -0.00002 -8.72172e-08 | 59  0.23412  6.07178e-01 | 60 -0.16615  1.07598e-05
 61  0.38119 -2.56910e+00 | 62  0.24733  2.42633e-01 | 63 -1.36811  1.00711e-02
 64  0.01615  1.99541e+00 | 65 -0.30327  8.66380e-02 | 66 -0.16516  3.41209e-02
 67  0.14782 -2.97993e+00 | 68 -1.30215 -2.54003e-04 | 69 -0.04010  1.30149e+00
 70 -0.04305 -5.06492e-01 | 71 -1.47604  5.91754e-02 | 72 -0.06382 -1.87095e+00

Initial statistics: 73 variables; iteration 0; function evaluation 0; phase 3
Function value 1.6611546e+03; maximum gradient component mag 4.5962e+00
Var    Value     Gradient |Var    Value     Gradient |Var    Value     Gradient
  1  0.07583  4.59619e+00 |  2  0.03349 -4.98991e-02 |  3  0.02243 -6.16472e-02
  4  0.10286  2.48862e-01 |  5  0.12772 -7.89896e-02 |  6  0.07983 -2.44693e-01
  7  0.12034  5.15502e-01 |  8 -0.03313  4.93229e-01 |  9 -0.04960  1.68482e-01
 10  0.20475  7.13088e-01 | 11 -0.09309 -1.03156e+00 | 12  0.17114 -1.04578e+00
 13 -0.16553 -2.13730e-01 | 14 -0.08787  2.29985e-01 | 15 -0.02452 -5.28823e-02
 16  0.10694  7.84775e-01 | 17 -0.08389 -2.66257e-01 | 18 -0.14186 -5.24955e-01
 19 -0.29788  1.50030e-01 | 20 -0.10004  7.15654e-01 | 21  0.26256  1.78837e+00
 22 -0.13947  6.25743e-01 | 23  0.05819  7.26427e-02 | 24  0.02785 -1.71792e-02
 25  0.09391  3.25462e-01 | 26  0.09444  3.78788e-01 | 27 -0.01006  3.25326e-01
 28  0.03386  1.83156e-01 | 29 -0.02164  6.83028e-02 | 30  0.10740  3.82948e-01
 31 -0.06099 -1.93325e-01 | 32 -0.07201 -4.07208e-02 | 33 -0.07732 -3.33797e-01
 34 -0.12064 -4.99129e-02 | 35  0.10586 -1.99433e-01 | 36  0.35593 -2.27765e-01
 37 -0.16150 -2.70389e-01 | 38 -0.00924 -2.15555e-01 | 39 -0.03616  4.33798e-02
 40  0.02355 -3.29953e-01 | 41 -0.17628 -2.67546e-01 | 42 -0.23669 -4.06523e-01
 43 -0.21183 -2.41047e-01 | 44 -0.06205 -1.48937e-01 | 45 -0.07764 -2.39806e-01
 46  0.17110 -5.49927e-01 | 47  0.12458 -2.33512e-01 | 48 -0.06448 -2.23590e-01
 49 -0.03153 -8.22694e-04 | 50  0.09061 -2.86452e-01 | 51  0.13642 -2.27293e-01
 52  0.14263 -6.18855e-01 | 53 -0.36649  4.84149e-01 | 54  0.37099  4.10454e-01
 55 -0.43351 -5.00897e-02 | 56  0.99560 -1.54031e-01 | 57  0.05251 -4.38719e+00
 58  0.00459  2.62071e-06 | 59 -0.00002 -8.72172e-08 | 60  0.23412  6.07178e-01
 61 -0.16615  1.07598e-05 | 62  0.38119 -2.56910e+00 | 63  0.24733  2.42633e-01
 64 -0.63189 -1.00711e-02 | 65  0.01615  1.99541e+00 | 66 -0.30327  8.66380e-02
 67 -0.16516  3.41209e-02 | 68  0.14782 -2.97993e+00 | 69 -0.69785  2.54003e-04
 70 -0.04010  1.30149e+00 | 71 -0.04305 -5.06492e-01 | 72 -0.52396 -5.91754e-02
 73 -0.06382 -1.87095e+00 |

Intermediate statistics: 73 variables; iteration 20; function evaluation 21; phase 3
Function value 1.6611309e+03; maximum gradient component mag 1.1665e+01
Var    Value     Gradient |Var    Value     Gradient |Var    Value     Gradient
  1  0.07611  1.16651e+01 |  2  0.03323  3.93905e-01 |  3  0.02245  3.41335e-01
  4  0.09691  6.00571e-01 |  5  0.12901  8.12897e-01 |  6  0.08534  7.63793e-01
  7  0.11827  9.52571e-01 |  8 -0.03736  1.70632e-01 |  9 -0.04934  2.30516e-01
 10  0.20397  1.27028e+00 | 11 -0.08366  7.95605e-01 | 12  0.17037  2.75006e+00
 13 -0.16362  6.03326e-01 | 14 -0.08813  1.12390e+00 | 15 -0.02439  1.44268e+00
 16  0.10678  3.37528e+00 | 17 -0.08404  5.29938e-01 | 18 -0.14160  6.24518e-02
 19 -0.29941 -4.01350e-02 | 20 -0.10139 -5.85775e-01 | 21  0.26225 -4.39286e+00
 22 -0.13996  7.82088e-01 | 23  0.05849  2.72113e+00 | 24  0.02786  1.20065e+00
 25  0.09369 -1.40120e-01 | 26  0.09377 -2.44136e+00 | 27 -0.01073 -8.85640e-01
 28  0.03361 -1.25947e-01 | 29 -0.02167  6.30606e-01 | 30  0.10759  2.29757e+00
 31 -0.06093  3.83562e-01 | 32 -0.07230  2.91077e-01 | 33 -0.07710  1.19422e-01
 34 -0.12106  1.35088e-01 | 35  0.10588  1.10864e-01 | 36  0.35585 -1.42381e-01
 37 -0.16048  2.21185e-01 | 38 -0.00924  1.84599e-01 | 39 -0.03641  3.29829e-01
 40  0.02365  7.21299e-01 | 41 -0.17626  2.05585e-01 | 42 -0.23648  5.93817e-02
 43 -0.21188  1.20393e-01 | 44 -0.06220  2.66010e-01 | 45 -0.07765  1.47481e-01
 46  0.17054 -2.61247e+00 | 47  0.12464  7.32662e-01 | 48 -0.06440  3.00569e-01
 49 -0.03172  2.28156e-01 | 50  0.09078  3.50467e-01 | 51  0.13792  1.96523e-01
 52  0.14261  3.26823e+00 | 53 -0.36679 -2.45454e+00 | 54  0.37054 -2.96367e-01
 55 -0.43376  2.58940e-01 | 56  0.99569  1.21371e+00 | 57  0.05252 -4.89129e+00
 58  0.00459  2.63007e-06 | 59 -0.00002 -8.77459e-08 | 60  0.23437  8.50681e-01
 61 -0.16615 -3.94961e-05 | 62  0.38127 -2.59053e+00 | 63  0.24708 -1.09163e-01
 64 -0.63177 -1.59988e-02 | 65  0.01615  1.39067e+00 | 66 -0.30322  5.32220e-02
 67 -0.16465  3.03424e-02 | 68  0.14835 -1.51075e+00 | 69 -0.69808  2.09525e-03
 70 -0.03993  9.90554e-01 | 71 -0.05865  2.75002e-01 | 72 -0.52349  3.47216e-01
 73 -0.04591 -5.19208e-01 |
73 variables; iteration 40; function evaluation 42; phase 3
Function value 1.6611219e+03; maximum gradient component mag 1.4349e+01
Var    Value     Gradient |Var    Value     Gradient |Var    Value     Gradient
  1  0.07603  1.43485e+01 |  2  0.03327  3.58507e-01 |  3  0.02204  2.77492e-01
  4  0.09952  6.88419e-01 |  5  0.12815  7.43301e-01 |  6  0.08279  6.08222e-01
  7  0.11968  1.19698e+00 |  8 -0.03651  3.06252e-01 |  9 -0.04880  2.76828e-01
 10  0.20396  9.36083e-01 | 11 -0.08616  3.28385e-01 | 12  0.17075  2.96173e+00
 13 -0.16424  3.69090e-01 | 14 -0.08888  7.81481e-01 | 15 -0.02371  1.72744e+00
 16  0.10665  3.15547e+00 | 17 -0.08371  8.22487e-01 | 18 -0.14121  6.14642e-01
 19 -0.29923  5.26553e-02 | 20 -0.10089  2.90706e-02 | 21  0.26234 -2.85526e+00
 22 -0.14152 -1.22390e-01 | 23  0.05860  2.23658e+00 | 24  0.02776  9.11048e-01
 25  0.09370 -3.05661e-01 | 26  0.09391 -2.33013e+00 | 27 -0.01101 -1.30860e+00
 28  0.03369 -2.70931e-01 | 29 -0.02154  4.16432e-01 | 30  0.10743  1.26927e+00
 31 -0.06074  2.47023e-01 | 32 -0.07256  1.06602e-01 | 33 -0.07638  3.36058e-01
 34 -0.12136 -1.71258e-02 | 35  0.10614  2.18528e-01 | 36  0.35591 -2.65907e-01
 37 -0.16091 -1.95462e-03 | 38 -0.00930 -4.02523e-02 | 39 -0.03615  4.07480e-01
 40  0.02365  5.45977e-01 | 41 -0.17642 -4.09764e-03 | 42 -0.23602  1.20891e-01
 43 -0.21190 -3.61097e-02 | 44 -0.06238 -2.92934e-01 | 45 -0.07757  4.60514e-03
 46  0.17066 -2.36575e+00 | 47  0.12474  7.09385e-01 | 48 -0.06441  1.30970e-01
 49 -0.03150  2.61314e-01 | 50  0.09116  6.60154e-01 | 51  0.13780  6.96392e-02
 52  0.14261  1.86171e+00 | 53 -0.36673 -1.84147e+00 | 54  0.37017 -3.57240e-01
 55 -0.43434  9.47648e-02 | 56  0.99566  1.23218e+00 | 57  0.05256 -3.55926e+00
 58  0.00459  3.04372e-06 | 59 -0.00002 -8.77446e-08 | 60  0.23453  5.89950e-01
 61 -0.16615 -1.49288e-04 | 62  0.38130 -1.90366e+00 | 63  0.24678 -6.74496e-01
 64 -0.63174 -9.43839e-03 | 65  0.01615  8.02701e-01 | 66 -0.30396 -5.00357e-02
 67 -0.16417 -8.29067e-03 | 68  0.14976  1.22497e+00 | 69 -0.69791  1.88403e-03
 70 -0.03928 -1.76933e+00 | 71 -0.07591  5.95130e-01 | 72 -0.52632 -1.81238e-01
 73 -0.03231  6.83801e-01 |
73 variables; iteration 60; function evaluation 65; phase 3
Function value 1.6611165e+03; maximum gradient component mag 1.9876e+00
Var    Value     Gradient |Var    Value     Gradient |Var    Value     Gradient
  1  0.07599  1.98760e+00 |  2  0.03374  5.69821e-03 |  3  0.02331  1.79125e-02
  4  0.09685  6.60979e-02 |  5  0.13009  1.28033e-01 |  6  0.08417  7.39898e-02
  7  0.11791  1.81586e-01 |  8 -0.03501  1.02310e-01 |  9 -0.04941 -1.65767e-02
 10  0.20423  2.08402e-01 | 11 -0.08650  3.52881e-02 | 12  0.17063  2.84930e-01
 13 -0.16418  6.18658e-02 | 14 -0.08875  6.76279e-02 | 15 -0.02417  9.97281e-02
 16  0.10667  2.14028e-01 | 17 -0.08368  1.38400e-01 | 18 -0.14163 -1.76878e-02
 19 -0.29866  4.75015e-02 | 20 -0.10104 -1.72919e-02 | 21  0.26245 -1.28713e-02
 22 -0.14120 -1.21222e-01 | 23  0.05826  9.56164e-02 | 24  0.02757  6.63695e-03
 25  0.09374 -1.80332e-02 | 26  0.09425 -1.74261e-01 | 27 -0.01047 -4.70782e-02
 28  0.03367 -5.50738e-02 | 29 -0.02192 -1.29465e-01 | 30  0.10723  2.49639e-02
 31 -0.06091 -6.14806e-02 | 32 -0.07268 -8.84705e-02 | 33 -0.07660  1.50486e-01
 34 -0.12121 -4.82359e-02 | 35  0.10589 -1.09288e-02 | 36  0.35593 -2.79326e-02
 37 -0.16143 -1.38234e-01 | 38 -0.00896  1.11280e-01 | 39 -0.03651 -7.13419e-02
 40  0.02357 -5.61860e-03 | 41 -0.17635 -8.19370e-02 | 42 -0.23616 -1.27439e-02
 43 -0.21184 -5.30991e-02 | 44 -0.06215 -4.10411e-02 | 45 -0.07771 -1.37061e-01
 46  0.17109 -1.25059e-01 | 47  0.12456 -3.24142e-02 | 48 -0.06415  1.64199e-01
 49 -0.03161  2.03814e-02 | 50  0.09070 -1.59790e-01 | 51  0.13715 -5.33521e-02
 52  0.14265  4.90606e-02 | 53 -0.36650 -7.45565e-02 | 54  0.37038 -4.93350e-02
 55 -0.43416 -1.73513e-02 | 56  0.99554  4.28133e-02 | 57  0.05268 -1.53199e-01
 58  0.00459  4.55304e-06 | 59 -0.00002 -8.67959e-08 | 60  0.23434  1.25326e-01
 61 -0.16613 -3.13444e-05 | 62  0.38130 -5.82428e-02 | 63  0.24709 -1.36225e-01
 64 -0.63175 -3.61396e-03 | 65  0.01615  4.56154e-02 | 66 -0.30187  5.26928e-02
 67 -0.16626 -2.11722e-02 | 68  0.15022  2.80227e-01 | 69 -0.69402 -2.90266e-03
 70 -0.03908 -3.03713e-01 | 71 -0.07959  5.09939e-02 | 72 -0.52607  6.47448e-02
 73 -0.03185  3.47295e-02 |

 - final statistics:
73 variables; iteration 63; function evaluation 68
Function value 1.6611e+03; maximum gradient component mag 7.7655e-01
Exit code = 1;  converg criter 1.0000e+00
Var    Value     Gradient |Var    Value     Gradient |Var    Value     Gradient
  1  0.07600  7.76554e-01 |  2  0.03370 -5.55511e-03 |  3  0.02365  2.52496e-02
  4  0.09719  1.85014e-02 |  5  0.12925  1.97846e-02 |  6  0.08491  3.51706e-02
  7  0.11788  7.99312e-02 |  8 -0.03565  1.59559e-02 |  9 -0.04929 -1.88694e-02
 10  0.20426  8.61193e-02 | 11 -0.08685 -1.16200e-02 | 12  0.17064  1.01153e-01
 13 -0.16406  6.81926e-02 | 14 -0.08892 -2.49311e-02 | 15 -0.02415  4.83235e-02
 16  0.10668  7.68533e-02 | 17 -0.08384  4.04833e-02 | 18 -0.14151 -4.09066e-05
 19 -0.29881  3.04674e-02 | 20 -0.10104 -1.03232e-02 | 21  0.26245  2.66573e-02
 22 -0.14105 -4.39982e-02 | 23  0.05824  2.18044e-02 | 24  0.02759 -3.08530e-03
 25  0.09373 -7.24897e-03 | 26  0.09428 -5.98618e-02 | 27 -0.01047 -1.29663e-02
 28  0.03367 -2.15814e-02 | 29 -0.02182 -5.97730e-02 | 30  0.10720 -1.29148e-02
 31 -0.06070  7.91271e-02 | 32 -0.07262 -7.72913e-02 | 33 -0.07694 -3.31388e-02
 34 -0.12113 -4.29992e-02 | 35  0.10596  3.19683e-02 | 36  0.35594 -1.55844e-02
 37 -0.16081 -1.04943e-02 | 38 -0.00913  1.20748e-02 | 39 -0.03642  5.23512e-03
 40  0.02351 -2.02005e-02 | 41 -0.17619  2.59198e-02 | 42 -0.23629 -4.72535e-02
 43 -0.21207 -1.53943e-01 | 44 -0.06215  5.70100e-03 | 45 -0.07771 -6.79294e-02
 46  0.17105 -2.90512e-02 | 47  0.12449 -1.98091e-02 | 48 -0.06427  1.48673e-01
 49 -0.03178 -1.48459e-02 | 50  0.09060 -6.16263e-02 | 51  0.13755  2.01051e-03
 52  0.14266 -9.90278e-03 | 53 -0.36649 -1.28426e-02 | 54  0.37040 -3.36476e-02
 55 -0.43415 -2.48523e-02 | 56  0.99553  2.68323e-02 | 57  0.05269 -2.81222e-02
 58  0.00458  4.58880e-06 | 59 -0.00002 -8.66090e-08 | 60  0.23428  4.56237e-02
 61 -0.16613 -1.40543e-05 | 62  0.38129 -2.82026e-03 | 63  0.24716 -4.97675e-02
 64 -0.63186 -6.39430e-03 | 65  0.01615  5.49280e-03 | 66 -0.30304 -1.53914e-02
 67 -0.16644 -5.84355e-02 | 68  0.15027  1.52446e-01 | 69 -0.69254 -3.15995e-03
 70 -0.03906 -1.54811e-01 | 71 -0.08005  2.23809e-02 | 72 -0.52625  1.75873e-02
 73 -0.03164  1.40849e-02 |

Initial statistics: 86 variables; iteration 0; function evaluation 0; phase 4
Function value 1.6611163e+03; maximum gradient component mag 7.7655e-01
Var    Value     Gradient |Var    Value     Gradient |Var    Value     Gradient
  1  0.24373  9.40373e-03 |  2  0.55867  9.26963e-04 |  3  0.46706 -1.54233e-02
  4  0.32026 -2.57551e-02 |  5  0.45550 -3.20401e-02 |  6  0.07600  7.76554e-01
  7  0.03370 -7.94201e-03 |  8  0.02365  2.28610e-02 |  9  0.09719  1.61390e-02
 10  0.12925  1.74435e-02 | 11  0.08491  3.28016e-02 | 12  0.11788  7.75818e-02
 13 -0.03565  1.35694e-02 | 14 -0.04929 -2.12525e-02 | 15  0.20426  8.38511e-02
 16 -0.08685 -1.39880e-02 | 17  0.17064  9.88481e-02 | 18 -0.16406  6.58813e-02
 19 -0.08892 -2.72980e-02 | 20 -0.02415  4.59350e-02 | 21  0.10668  7.44965e-02
 22 -0.08384  3.81137e-02 | 23 -0.14151 -2.37234e-03 | 24 -0.29881  2.83357e-02
 25 -0.10104 -1.26834e-02 | 26  0.26245  2.44673e-02 | 27 -0.14105 -4.63300e-02
 28  0.05824  1.94241e-02 | 29  0.02759 -5.47330e-03 | 30  0.09373 -9.61335e-03
 31  0.09428 -6.22259e-02 | 32 -0.01047 -1.53563e-02 | 33  0.03367 -2.39683e-02
 34 -0.02183 -6.21618e-02 | 35  0.10720 -1.52713e-02 | 36 -0.06070  7.67477e-02
 37 -0.07262 -7.96660e-02 | 38 -0.07694 -3.55116e-02 | 39 -0.12113 -4.53463e-02
 40  0.10596  2.96111e-02 | 41  0.35594 -1.76107e-02 | 42 -0.16081 -1.28087e-02
 43 -0.00913  9.68481e-03 | 44 -0.03642  2.84879e-03 | 45  0.02351 -2.25891e-02
 46 -0.17619  2.36205e-02 | 47 -0.23629 -4.94810e-02 | 48 -0.21207 -1.56202e-01
 49 -0.06215  3.32213e-03 | 50 -0.07771 -7.03019e-02 | 51  0.17105 -3.13557e-02
 52  0.12449 -2.21538e-02 | 53 -0.06427  1.46295e-01 | 54 -0.03178 -1.72331e-02
 55  0.09060 -6.39924e-02 | 56  0.13755 -3.24158e-04 | 57  0.14266 -9.90278e-03
 58 -0.36649 -1.28426e-02 | 59  0.37040 -3.36476e-02 | 60 -0.43415 -2.48523e-02
 61  0.99553  2.68323e-02 | 62 -0.75822 -1.40480e-03 | 63  0.05269 -2.81222e-02
 64  0.09088  4.26395e-05 | 65  0.00458  4.58880e-06 | 66 -0.00002 -8.66090e-08
 67  0.23428  4.56237e-02 | 68 -0.16613 -1.40543e-05 | 69  0.38129 -2.82026e-03
 70  0.24716 -4.97675e-02 | 71 -0.63186 -6.39430e-03 | 72  0.01615  5.49280e-03
 73 -0.30304 -1.53914e-02 | 74 -0.16644 -5.84355e-02 | 75  0.15027  1.52446e-01
 76 -0.69254 -3.15995e-03 | 77 -0.03906 -1.54811e-01 | 78 -0.08005  2.23809e-02
 79 -0.52625  1.75873e-02 | 80 -0.03164  1.40849e-02 | 81 -0.02166  5.74140e-02
 82  0.12809  3.26582e-05 | 83 -0.20557 -1.39103e-02 | 84  0.08976 -4.52171e-02
 85 -0.17221  2.11567e-02 | 86  0.15898 -5.38763e-01 |

Intermediate statistics: 86 variables; iteration 20; function evaluation 24; phase 4
Function value 1.6611105e+03; maximum gradient component mag 4.4470e+01
Var    Value     Gradient |Var    Value     Gradient |Var    Value     Gradient
  1  0.24376  1.68547e-01 |  2  0.55875  5.37960e-01 |  3  0.46720  6.08615e-02
  4  0.32026 -1.40098e-02 |  5  0.45569  6.36839e-01 |  6  0.07600  4.50501e+00
  7  0.03394  8.31259e-02 |  8  0.02292  5.13984e-02 |  9  0.09701  1.80930e-01
 10  0.12971  2.67029e-01 | 11  0.08494  2.07499e-01 | 12  0.11764  2.98542e-01
 13 -0.03564  8.24199e-02 | 14 -0.04861  1.15793e-01 | 15  0.20423  3.85869e-01
 16 -0.08666 -6.07697e-02 | 17  0.17057 -1.19676e+00 | 18 -0.16546 -2.59610e-01
 19 -0.08838 -4.62284e-04 | 20 -0.02432  1.61685e-01 | 21  0.10675  8.72656e-01
 22 -0.08403  1.22272e-01 | 23 -0.14131  9.58435e-02 | 24 -0.29934 -7.73074e-02
 25 -0.10096  1.90517e-01 | 26  0.26249  2.93668e+00 | 27 -0.14091  1.13016e-01
 28  0.05829  5.28163e-01 | 29  0.02757 -5.39318e-02 | 30  0.09354 -7.54661e-01
 31  0.09415 -7.57068e-01 | 32 -0.01048 -9.32431e-02 | 33  0.03362  5.27243e-02
 34 -0.02177  1.64244e-01 | 35  0.10728  6.42133e-01 | 36 -0.06087  1.14218e-01
 37 -0.07231  1.15059e-01 | 38 -0.07707 -1.97741e-02 | 39 -0.12090  4.34485e-02
 40  0.10590  1.82101e-01 | 41  0.35597  9.83751e-01 | 42 -0.16081 -1.01356e-02
 43 -0.00909 -1.11491e-02 | 44 -0.03638 -1.30022e-01 | 45  0.02359 -4.71258e-01
 46 -0.17623 -2.17996e-01 | 47 -0.23622 -2.08450e-01 | 48 -0.21174 -2.20356e-01
 49 -0.06217 -4.91925e-01 | 50 -0.07756 -1.43690e-01 | 51  0.17121  9.76899e-02
 52  0.12461 -3.17753e-01 | 53 -0.06430 -1.13895e-01 | 54 -0.03160 -1.36405e-01
 55  0.09083 -8.54521e-02 | 56  0.13721 -5.01725e-02 | 57  0.14258 -2.16762e+00
 58 -0.36652  8.33653e-01 | 59  0.37070  1.02164e-01 | 60 -0.43374  3.74920e-02
 61  0.99552  1.10526e-01 | 62 -0.75820 -4.93390e-03 | 63  0.05273  1.17536e+00
 64  0.09088  1.27586e-04 | 65  0.00458  5.16294e-06 | 66 -0.00002 -8.66673e-08
 67  0.23370  7.98629e-01 | 68 -0.16613 -3.07503e-04 | 69  0.38113 -1.46364e+00
 70  0.24605 -1.57137e-01 | 71 -0.63182 -8.11143e-02 | 72  0.01824  4.44697e+01
 73 -0.30284  2.79718e-02 | 74 -0.16450  7.35349e-03 | 75  0.15032  9.98620e-02
 76 -0.69240 -2.71847e-03 | 77 -0.03902  3.27680e-01 | 78 -0.08034  5.64268e-02
 79 -0.52639  8.91209e-05 | 80 -0.03151  5.62597e-02 | 81 -0.02155  3.93644e+00
 82  0.12809  7.32806e-04 | 83 -0.20551 -4.27744e-01 | 84  0.09054 -4.11193e-01
 85 -0.17220  3.10817e-01 | 86  0.17877 -4.49958e+00 |
86 variables; iteration 40; function evaluation 44; phase 4
Function value 1.6611075e+03; maximum gradient component mag 2.8801e+01
Var    Value     Gradient |Var    Value     Gradient |Var    Value     Gradient
  1  0.24333  2.55857e-02 |  2  0.55849 -2.82635e-01 |  3  0.46742  7.25318e-02
  4  0.32027  6.78691e-02 |  5  0.45585  4.55317e-01 |  6  0.07599  3.73141e+00
  7  0.03415  3.51629e-02 |  8  0.02336  2.40705e-02 |  9  0.09662  1.00302e-01
 10  0.13012  1.89168e-01 | 11  0.08460  1.00349e-01 | 12  0.11770  1.58044e-01
 13 -0.03557  7.15771e-03 | 14 -0.04881  1.58824e-02 | 15  0.20424  2.79913e-01
 16 -0.08680 -6.13514e-02 | 17  0.17061  3.88325e-02 | 18 -0.16369  9.42877e-02
 19 -0.08900  4.85779e-02 | 20 -0.02398  3.22766e-01 | 21  0.10669  2.74389e-01
 22 -0.08391 -4.71328e-02 | 23 -0.14140 -1.01420e-01 | 24 -0.29938 -1.82529e-01
 25 -0.10109 -1.89754e-01 | 26  0.26249  1.12488e+00 | 27 -0.14113 -6.68431e-02
 28  0.05822  7.76243e-02 | 29  0.02765  7.09659e-02 | 30  0.09361 -1.52409e-01
 31  0.09433  8.62488e-03 | 32 -0.01041 -5.30919e-02 | 33  0.03351 -4.60691e-01
 34 -0.02187 -1.65862e-01 | 35  0.10725  1.47466e-01 | 36 -0.06068  7.31891e-02
 37 -0.07261 -1.26345e-01 | 38 -0.07696 -8.56426e-02 | 39 -0.12067  5.38099e-02
 40  0.10574 -3.27688e-02 | 41  0.35612  9.78690e-01 | 42 -0.16077 -5.21375e-02
 43 -0.00897  7.24410e-03 | 44 -0.03644 -7.00373e-02 | 45  0.02367 -6.38932e-02
 46 -0.17639 -2.46865e-01 | 47 -0.23623 -1.88122e-01 | 48 -0.21187 -2.26889e-01
 49 -0.06220 -3.37225e-01 | 50 -0.07772 -1.96819e-01 | 51  0.17106 -4.81857e-03
 52  0.12441 -3.45676e-01 | 53 -0.06450 -8.37200e-02 | 54 -0.03193 -1.10832e-01
 55  0.09024 -1.55178e-01 | 56  0.13738 -7.13606e-02 | 57  0.14267 -3.31046e-01
 58 -0.36644  3.11482e-01 | 59  0.37089  1.46636e-01 | 60 -0.43352  9.34837e-02
 61  0.99553 -2.58261e-02 | 62 -0.75802  6.94850e-04 | 63  0.05269  2.39119e-01
 64  0.09087 -6.91985e-06 | 65  0.00458  4.76239e-06 | 66 -0.00002 -8.62420e-08
 67  0.23435  4.84113e-01 | 68 -0.16614 -2.75339e-04 | 69  0.38129 -4.13365e-01
 70  0.24496  2.41779e-01 | 71 -0.63110 -5.35188e-02 | 72  0.01855  2.88013e+01
 73 -0.30987 -1.17998e-01 | 74 -0.15788  8.23871e-02 | 75  0.15039  1.66286e-02
 76 -0.68961 -3.38137e-03 | 77 -0.03899  1.18432e-01 | 78 -0.08123 -8.96594e-03
 79 -0.52657 -6.42361e-02 | 80 -0.03105  5.46150e-03 | 81 -0.02190  2.54457e+00
 82  0.12812  6.51997e-04 | 83 -0.21091 -3.97017e-01 | 84  0.09304  5.87698e-02
 85 -0.17313  2.23934e-01 | 86  0.18291 -3.00111e+00 |
86 variables; iteration 60; function evaluation 65; phase 4
Function value 1.6611021e+03; maximum gradient component mag 1.3568e+01
Var    Value     Gradient |Var    Value     Gradient |Var    Value     Gradient
  1  0.24434  7.88391e-02 |  2  0.55878  1.12073e-02 |  3  0.46709  1.07849e-02
  4  0.32039  2.41435e-01 |  5  0.45542 -1.26681e-03 |  6  0.07596  3.30563e+00
  7  0.03329 -2.07979e-01 |  8  0.02326 -1.79366e-01 |  9  0.09667 -1.76081e-01
 10  0.12999 -1.33242e-01 | 11  0.08457 -1.31672e-01 | 12  0.11791 -5.38112e-02
 13 -0.03574 -1.38617e-01 | 14 -0.04870 -7.43490e-02 | 15  0.20423  7.44130e-01
 16 -0.08654  5.41386e-02 | 17  0.17084  2.09119e+00 | 18 -0.16450 -3.23176e-02
 19 -0.08880 -7.22738e-02 | 20 -0.02418 -1.62822e-01 | 21  0.10667 -3.80725e-01
 22 -0.08384 -2.06944e-01 | 23 -0.14155 -1.79168e-01 | 24 -0.29851 -4.66802e-02
 25 -0.10108 -2.22160e-01 | 26  0.26241 -1.71157e+00 | 27 -0.14098 -2.82453e-01
 28  0.05816 -6.21743e-01 | 29  0.02761  1.31082e-03 | 30  0.09392  1.09220e+00
 31  0.09452  1.33211e+00 | 32 -0.01044  2.02090e-01 | 33  0.03386  3.41394e-01
 34 -0.02182 -2.26148e-01 | 35  0.10713 -4.69097e-01 | 36 -0.06072 -8.87079e-02
 37 -0.07241 -8.24461e-02 | 38 -0.07673 -5.38857e-02 | 39 -0.12153 -3.17143e-01
 40  0.10607  2.63284e-02 | 41  0.35586  3.45864e-01 | 42 -0.16081 -1.50784e-01
 43 -0.00912 -1.07300e-01 | 44 -0.03649 -2.83722e-01 | 45  0.02349 -5.21687e-01
 46 -0.17655 -4.26282e-01 | 47 -0.23644 -3.49360e-01 | 48 -0.21215 -4.06064e-01
 49 -0.06206 -1.27126e-01 | 50 -0.07781 -3.87321e-01 | 51  0.17093 -1.11317e+00
 52  0.12456 -1.37850e-01 | 53 -0.06422 -3.90108e-02 | 54 -0.03163 -1.33427e-01
 55  0.09077 -1.87666e-01 | 56  0.13719 -1.96525e-01 | 57  0.14273  2.24330e+00
 58 -0.36652 -1.27043e+00 | 59  0.37029 -9.97987e-03 | 60 -0.43443 -1.30345e-01
 61  0.99555 -2.81233e-01 | 62 -0.75749  1.13701e-02 | 63  0.05264 -1.21509e+00
 64  0.09084 -2.60048e-04 | 65  0.00457  4.01017e-06 | 66 -0.00002 -8.52231e-08
 67  0.23519  1.57143e-01 | 68 -0.16615  3.17363e-06 | 69  0.38153  1.20964e+00
 70  0.24214  5.27945e-01 | 71 -0.63168 -2.90343e-02 | 72  0.01947  1.35684e+01
 73 -0.30212  7.84143e-02 | 74 -0.16606  5.91116e-03 | 75  0.15026 -3.29722e-01
 76 -0.68250 -4.74448e-03 | 77 -0.03908 -3.48566e-01 | 78 -0.08110 -1.28970e-01
 79 -0.52624 -5.37578e-03 | 80 -0.03119 -1.21392e-01 | 81 -0.02195  2.31801e+00
 82  0.12816 -3.58141e-05 | 83 -0.20900 -1.77235e-01 | 84  0.09652  6.02471e-01
 85 -0.17283  1.19250e-01 | 86  0.19385 -1.54413e+00 |
86 variables; iteration 80; function evaluation 87; phase 4
Function value 1.6610972e+03; maximum gradient component mag 2.9063e+01
Var    Value     Gradient |Var    Value     Gradient |Var    Value     Gradient
  1  0.24380  1.38499e-01 |  2  0.55883  2.87440e-01 |  3  0.46676 -1.13628e-01
  4  0.31994 -2.34897e-01 |  5  0.45564  2.92952e-01 |  6  0.07606  3.60006e+00
  7  0.03364  1.78447e-02 |  8  0.02316 -2.45580e-03 |  9  0.09656  1.77945e-02
 10  0.12968  1.52227e-02 | 11  0.08479 -3.81301e-02 | 12  0.11719 -3.72477e-02
 13 -0.03513  1.08080e-02 | 14 -0.04791  8.42866e-02 | 15  0.20385  3.31514e-01
 16 -0.08424  3.24367e-01 | 17  0.17046  4.51682e-01 | 18 -0.16459 -5.95994e-02
 19 -0.08861  6.82187e-03 | 20 -0.02439 -2.08891e-02 | 21  0.10667  2.27863e-01
 22 -0.08404 -1.37283e-01 | 23 -0.14155 -1.71386e-01 | 24 -0.29902 -7.64509e-02
 25 -0.10112 -8.12727e-02 | 26  0.26237  3.12082e-01 | 27 -0.14043  1.98608e-01
 28  0.05815 -8.98766e-02 | 29  0.02747 -5.22205e-02 | 30  0.09388  4.96494e-01
 31  0.09413  2.78755e-02 | 32 -0.01036  2.46989e-01 | 33  0.03365  2.32708e-01
 34 -0.02191 -3.96462e-02 | 35  0.10713 -3.16280e-02 | 36 -0.06104 -2.00108e-01
 37 -0.07291 -3.22323e-01 | 38 -0.07725 -2.22050e-01 | 39 -0.12134 -1.29939e-01
 40  0.10597  2.09972e-01 | 41  0.35572  4.03913e-01 | 42 -0.16121 -1.33816e-01
 43 -0.00935 -2.58801e-01 | 44 -0.03659 -4.20309e-01 | 45  0.02314 -1.15486e+00
 46 -0.17590  1.96307e-02 | 47 -0.23651 -2.00115e-01 | 48 -0.21152 -2.79930e-03
 49 -0.06236 -3.87931e-01 | 50 -0.07752  5.13112e-03 | 51  0.17101 -3.88182e-01
 52  0.12469  2.87523e-01 | 53 -0.06427 -4.28444e-02 | 54 -0.03153 -7.04350e-02
 55  0.09078 -2.04497e-01 | 56  0.13714 -9.99551e-02 | 57  0.14273  4.13708e-01
 58 -0.36639 -8.37246e-02 | 59  0.37058  3.29512e-03 | 60 -0.43388  4.18185e-02
 61  0.99559 -1.35281e-01 | 62 -0.75626  5.76538e-03 | 63  0.05267 -2.37028e-01
 64  0.09076 -1.23226e-04 | 65  0.00455  4.21251e-06 | 66 -0.00002 -8.33910e-08
 67  0.23528  6.99174e-01 | 68 -0.16616 -8.63779e-05 | 69  0.38152  9.08932e-02
 70  0.24116  1.21786e-01 | 71 -0.63437 -5.54474e-02 | 72  0.02077  2.90634e+01
 73 -0.30255  8.06272e-02 | 74 -0.16257  7.89227e-02 | 75  0.15024 -1.59294e-01
 76 -0.66796 -4.63611e-03 | 77 -0.03908 -1.97345e-01 | 78 -0.08287 -9.98720e-02
 79 -0.52595  1.40300e-01 | 80 -0.02976  3.20197e-02 | 81 -0.02180  3.12929e+00
 82  0.12827  2.07275e-04 | 83 -0.20592 -2.34012e-01 | 84  0.09674  6.22175e-02
 85 -0.17292  1.61352e-01 | 86  0.20956 -2.52620e+00 |
86 variables; iteration 100; function evaluation 111; phase 4
Function value 1.6610740e+03; maximum gradient component mag 2.4691e+01
Var    Value     Gradient |Var    Value     Gradient |Var    Value     Gradient
  1  0.24388  5.99871e-02 |  2  0.55872  4.88952e-02 |  3  0.46716  2.76289e-02
  4  0.32040  6.35379e-02 |  5  0.45569  1.20315e-01 |  6  0.07594  2.19036e+00
  7  0.03399  1.57166e-02 |  8  0.02302 -1.44285e-02 |  9  0.09727  4.72041e-02
 10  0.12958  5.84408e-02 | 11  0.08458  3.34432e-02 | 12  0.11811  1.03610e-01
 13 -0.03587 -1.91249e-02 | 14 -0.04903 -3.11993e-03 | 15  0.20431  2.25631e-01
 16 -0.08688 -2.72568e-02 | 17  0.17073  2.01373e-01 | 18 -0.16447 -2.47030e-02
 19 -0.08875 -3.07368e-02 | 20 -0.02415  2.12512e-02 | 21  0.10671  1.04109e-01
 22 -0.08382  1.22908e-02 | 23 -0.14145 -3.53573e-02 | 24 -0.29896 -3.99418e-02
 25 -0.10101 -1.80420e-02 | 26  0.26248  3.23884e-01 | 27 -0.14094 -3.39981e-02
 28  0.05826  2.13194e-02 | 29  0.02762  1.05311e-02 | 30  0.09374  3.93514e-02
 31  0.09433  5.83834e-02 | 32 -0.01046 -2.32890e-02 | 33  0.03369 -1.53771e-03
 34 -0.02176 -1.85171e-02 | 35  0.10721  2.63253e-02 | 36 -0.06083 -1.15023e-02
 37 -0.07244 -2.53380e-02 | 38 -0.07692 -2.29306e-02 | 39 -0.12101 -2.62160e-02
 40  0.10587  1.52036e-02 | 41  0.35596  3.14818e-01 | 42 -0.16087 -4.64585e-02
 43 -0.00913 -4.06664e-02 | 44 -0.03645 -7.18686e-02 | 45  0.02352 -1.62437e-01
 46 -0.17633 -1.16018e-01 | 47 -0.23623 -7.32400e-02 | 48 -0.21185 -9.69215e-02
 49 -0.06221 -1.44968e-01 | 50 -0.07768 -8.47704e-02 | 51  0.17103 -1.20429e-01
 52  0.12448 -1.42397e-01 | 53 -0.06450 -8.15551e-02 | 54 -0.03180 -7.89334e-02
 55  0.09058 -5.36793e-02 | 56  0.13751 -3.06556e-02 | 57  0.14271  5.51913e-02
 58 -0.36644 -3.41434e-02 | 59  0.37053 -3.58015e-03 | 60 -0.43403 -5.79731e-03
 61  0.99552 -1.98989e-02 | 62 -0.75794  4.26128e-04 | 63  0.05267 -3.37165e-02
 64  0.08912 -1.44456e-05 | 65  0.00386  1.54824e-06 | 66 -0.00001 -2.04561e-08
 67  0.23550  1.92068e-01 | 68 -0.16488 -4.35264e-05 | 69  0.38154 -9.09135e-02
 70  0.23454  1.00961e-01 | 71 -0.63110 -1.41709e-02 | 72  0.02624  2.46914e+01
 73 -0.30415 -5.49197e-03 | 74 -0.16457 -7.82830e-03 | 75  0.15033  1.44342e-01
 76 -0.61444  2.91016e-04 | 77 -0.03903 -1.41103e-01 | 78 -0.08252 -6.88713e-03
 79 -0.52628  6.65367e-03 | 80 -0.03058  1.38001e-02 | 81 -0.02186  1.34877e+00
 82  0.13013  9.74485e-05 | 83 -0.20619 -9.88602e-02 | 84  0.10487  8.94687e-02
 85 -0.17212  7.46451e-02 | 86  0.30733 -1.13234e+00 |
86 variables; iteration 120; function evaluation 135; phase 4
Function value 1.6610646e+03; maximum gradient component mag 2.5204e+01
Var    Value     Gradient |Var    Value     Gradient |Var    Value     Gradient
  1  0.24376 -6.67280e-03 |  2  0.55872 -2.94924e-03 |  3  0.46704 -1.53585e-04
  4  0.32033  3.58969e-02 |  5  0.45576  7.31429e-02 |  6  0.07593 -2.31832e-01
  7  0.03390 -5.26010e-03 |  8  0.02318 -1.41305e-02 |  9  0.09707 -1.36427e-02
 10  0.12972 -2.34876e-02 | 11  0.08471 -1.81064e-02 | 12  0.11798 -9.43479e-03
 13 -0.03572 -9.90375e-03 | 14 -0.04904 -4.03560e-03 | 15  0.20432 -3.82047e-02
 16 -0.08684 -9.62095e-03 | 17  0.17074 -3.20849e-02 | 18 -0.16448 -1.22059e-03
 19 -0.08871 -1.16756e-02 | 20 -0.02416 -8.76958e-03 | 21  0.10673 -4.30822e-02
 22 -0.08384  1.29795e-04 | 23 -0.14140 -7.58246e-03 | 24 -0.29896 -2.23018e-03
 25 -0.10099  1.00903e-04 | 26  0.26249  1.84794e-02 | 27 -0.14094  1.26190e-03
 28  0.05827  2.20417e-02 | 29  0.02764  2.04498e-02 | 30  0.09376  4.10450e-02
 31  0.09433  6.85068e-02 | 32 -0.01045  2.66957e-02 | 33  0.03370  4.10344e-02
 34 -0.02176  2.62123e-02 | 35  0.10722  6.13997e-02 | 36 -0.06085  2.26014e-02
 37 -0.07244  1.55563e-02 | 38 -0.07693  1.24863e-02 | 39 -0.12103  9.45256e-03
 40  0.10585  3.16604e-02 | 41  0.35595  1.91352e-01 | 42 -0.16085  1.57271e-03
 43 -0.00914  2.17452e-03 | 44 -0.03647 -1.56005e-02 | 45  0.02350 -6.48114e-02
 46 -0.17632 -3.51712e-02 | 47 -0.23627 -1.95306e-02 | 48 -0.21187 -2.90656e-02
 49 -0.06223 -5.47140e-02 | 50 -0.07769 -1.92648e-02 | 51  0.17102 -3.52887e-02
 52  0.12447 -5.07169e-02 | 53 -0.06451 -2.01737e-02 | 54 -0.03181 -1.82787e-02
 55  0.09057 -4.37131e-03 | 56  0.13737  4.43943e-03 | 57  0.14273  2.88053e-02
 58 -0.36641 -1.02008e-02 | 59  0.37056  6.68429e-03 | 60 -0.43399 -6.99283e-03
 61  0.99559  1.63146e-02 | 62 -0.75610 -5.30567e-04 | 63  0.05267 -7.77205e-04
 64  0.08673 -6.95307e-06 | 65  0.00187 -6.75713e-06 | 66  0.00003  1.40879e-07
 67  0.23594  9.77554e-02 | 68 -0.16237  1.13504e-05 | 69  0.38163 -4.50791e-02
 70  0.23028  4.49496e-02 | 71 -0.63197 -1.09112e-02 | 72  0.02950  2.52041e+01
 73 -0.30417 -1.97440e-03 | 74 -0.16444 -3.10231e-03 | 75  0.15015 -3.62534e-01
 76 -0.54470  3.79454e-03 | 77 -0.03910  3.77071e-01 | 78 -0.08455 -7.28649e-02
 79 -0.52616  7.70665e-03 | 80 -0.02999 -6.91021e-02 | 81 -0.02193  6.97051e-01
 82  0.13009  4.39895e-05 | 83 -0.20625 -5.44841e-02 | 84  0.11016  3.83274e-02
 85 -0.17230  4.33446e-02 | 86  0.42004 -5.53526e-01 |
86 variables; iteration 140; function evaluation 158; phase 4
Function value 1.6610610e+03; maximum gradient component mag 1.8102e+01
Var    Value     Gradient |Var    Value     Gradient |Var    Value     Gradient
  1  0.24373  2.44395e-02 |  2  0.55873  7.30949e-03 |  3  0.46707 -3.94803e-04
  4  0.32037  1.65067e-02 |  5  0.45577  3.16173e-02 |  6  0.07592  9.03970e-01
  7  0.03389  8.09197e-03 |  8  0.02323  2.91767e-03 |  9  0.09706  2.87589e-02
 10  0.12972  3.86724e-02 | 11  0.08478  2.51452e-02 | 12  0.11795  4.89311e-02
 13 -0.03567 -1.29707e-03 | 14 -0.04903 -6.11518e-04 | 15  0.20432  1.00101e-01
 16 -0.08681 -6.85652e-03 | 17  0.17075  9.01040e-02 | 18 -0.16450 -1.19733e-02
 19 -0.08869 -8.95225e-03 | 20 -0.02417  1.62977e-03 | 21  0.10674  3.24389e-02
 22 -0.08385 -7.69187e-03 | 23 -0.14139 -1.49561e-02 | 24 -0.29895 -1.55202e-02
 25 -0.10100 -1.63539e-02 | 26  0.26249  4.21409e-02 | 27 -0.14093 -1.66119e-02
 28  0.05827 -3.11961e-03 | 29  0.02763 -5.76099e-03 | 30  0.09376  9.27747e-03
 31  0.09433  1.74852e-02 | 32 -0.01045 -5.14518e-03 | 33  0.03369 -1.21852e-04
 34 -0.02177 -1.03477e-02 | 35  0.10721  2.26107e-03 | 36 -0.06085 -1.07299e-02
 37 -0.07245 -1.40267e-02 | 38 -0.07695 -1.59783e-02 | 39 -0.12105 -1.65695e-02
 40  0.10584 -3.08964e-03 | 41  0.35594  7.20549e-02 | 42 -0.16085 -1.73329e-02
 43 -0.00915 -1.55877e-02 | 44 -0.03648 -2.84336e-02 | 45  0.02349 -5.61820e-02
 46 -0.17633 -3.61497e-02 | 47 -0.23629 -2.86790e-02 | 48 -0.21188 -3.34886e-02
 49 -0.06225 -4.65700e-02 | 50 -0.07770 -3.20398e-02 | 51  0.17101 -4.24188e-02
 52  0.12446 -4.41104e-02 | 53 -0.06451 -2.34761e-02 | 54 -0.03182 -2.69201e-02
 55  0.09056 -2.50782e-02 | 56  0.13734 -1.68355e-02 | 57  0.14274  6.91008e-02
 58 -0.36640 -2.92532e-02 | 59  0.37058  5.12296e-03 | 60 -0.43398 -2.35314e-03
 61  0.99529 -2.13449e-01 | 62 -0.76332  5.88780e-03 | 63  0.05267 -8.54575e-02
 64  0.09596 -9.86619e-05 | 65  0.00369  7.84231e-07 | 66 -0.00002 -9.24440e-08
 67  0.23615  7.48358e-02 | 68 -0.17041 -7.60353e-05 | 69  0.38168 -3.18287e-02
 70  0.22833  5.93639e-02 | 71 -0.63193 -5.40091e-03 | 72  0.03092  1.81017e+01
 73 -0.30418  6.85945e-06 | 74 -0.16437 -4.27627e-04 | 75  0.15027 -6.69333e-02
 76 -0.62280 -4.08608e-04 | 77 -0.03905  5.09735e-02 | 78 -0.08188 -1.65987e-02
 79 -0.52627  1.39136e-03 | 80 -0.03084 -1.02474e-02 | 81 -0.02196  4.78850e-01
 82  0.12485 -8.35021e-05 | 83 -0.20628 -2.77053e-02 | 84  0.11265  5.09648e-02
 85 -0.17228  2.33734e-02 | 86  0.51397 -2.27493e-01 |
86 variables; iteration 160; function evaluation 181; phase 4
Function value 1.6610597e+03; maximum gradient component mag 1.6130e+01
Var    Value     Gradient |Var    Value     Gradient |Var    Value     Gradient
  1  0.24371  3.14796e-03 |  2  0.55873  5.53478e-03 |  3  0.46709  1.52905e-03
  4  0.32038  1.48703e-02 |  5  0.45577  1.49614e-02 |  6  0.07592  1.08407e-01
  7  0.03390 -9.93254e-04 |  8  0.02318 -1.01928e-02 |  9  0.09708 -2.25731e-03
 10  0.12971 -9.04930e-03 | 11  0.08474 -7.31703e-03 | 12  0.11799  4.94633e-03
 13 -0.03571 -7.63123e-03 | 14 -0.04903 -1.07157e-03 | 15  0.20433  7.34498e-03
 16 -0.08680 -3.40741e-03 | 17  0.17075  2.40205e-02 | 18 -0.16449 -2.39486e-03
 19 -0.08869 -7.45401e-03 | 20 -0.02416 -4.51980e-04 | 21  0.10674 -3.32702e-03
 22 -0.08383  1.76034e-03 | 23 -0.14139 -8.89492e-03 | 24 -0.29895 -5.41123e-03
 25 -0.10099 -3.07443e-03 | 26  0.26249  2.14124e-02 | 27 -0.14092 -2.19397e-03
 28  0.05827 -1.61730e-03 | 29  0.02763  3.35585e-03 | 30  0.09376  2.02180e-02
 31  0.09433  2.85080e-02 | 32 -0.01045  5.36529e-03 | 33  0.03369  1.02853e-02
 34 -0.02177  1.02220e-03 | 35  0.10721  6.93729e-03 | 36 -0.06085  3.51303e-03
 37 -0.07245 -1.42341e-03 | 38 -0.07694 -6.40194e-04 | 39 -0.12105 -1.60897e-03
 40  0.10584  8.20033e-03 | 41  0.35594  5.54550e-02 | 42 -0.16086 -6.40827e-03
 43 -0.00915 -4.23432e-03 | 44 -0.03648 -8.90347e-03 | 45  0.02349 -2.80179e-02
 46 -0.17633 -1.68897e-02 | 47 -0.23628 -7.05927e-03 | 48 -0.21188 -1.16665e-02
 49 -0.06225 -2.01288e-02 | 50 -0.07770 -1.07611e-02 | 51  0.17101 -2.24109e-02
 52  0.12446 -1.82293e-02 | 53 -0.06451 -1.01159e-02 | 54 -0.03182 -9.55399e-03
 55  0.09056 -6.16177e-03 | 56  0.13738  8.84356e-04 | 57  0.14274  4.36184e-02
 58 -0.36640 -2.03125e-02 | 59  0.37057  1.67151e-03 | 60 -0.43399 -4.32344e-03
 61  0.99562  7.03247e-02 | 62 -0.75528 -2.57105e-03 | 63  0.05267  1.63600e-02
 64  0.08856  5.93163e-05 | 65  0.00722  1.51136e-05 | 66 -0.00007 -3.36034e-07
 67  0.23625  4.26448e-02 | 68 -0.15702  2.80343e-05 | 69  0.38170 -9.54461e-03
 70  0.22739  3.06655e-02 | 71 -0.63186 -1.64976e-03 | 72  0.03161  1.61303e+01
 73 -0.30418 -1.10016e-03 | 74 -0.16438 -1.32273e-03 | 75  0.15029 -6.74508e-02
 76 -0.62344 -5.12415e-04 | 77 -0.03905  6.39061e-02 | 78 -0.08194 -2.11794e-02
 79 -0.52627  4.32697e-03 | 80 -0.03081 -1.44758e-02 | 81 -0.02197  3.07182e-01
 82  0.14178  2.59951e-04 | 83 -0.20628 -1.70555e-02 | 84  0.11385  3.27999e-02
 85 -0.17227  1.08403e-02 | 86  0.58903 -1.28600e-01 |
86 variables; iteration 180; function evaluation 206; phase 4
Function value 1.6610592e+03; maximum gradient component mag 6.3889e+00
Var    Value     Gradient |Var    Value     Gradient |Var    Value     Gradient
  1  0.24368 -1.41839e-03 |  2  0.55873  3.34274e-03 |  3  0.46707  1.29864e-03
  4  0.32036  1.71562e-03 |  5  0.45579  7.68424e-03 |  6  0.07592 -4.58535e-02
  7  0.03388 -2.12849e-03 |  8  0.02327 -2.14646e-03 |  9  0.09697 -4.00746e-03
 10  0.12978 -5.19782e-03 | 11  0.08482 -3.84012e-03 | 12  0.11791 -5.10268e-03
 13 -0.03563 -1.51813e-03 | 14 -0.04903 -1.26917e-03 | 15  0.20433 -8.88255e-03
 16 -0.08679 -6.50418e-04 | 17  0.17075 -5.64710e-03 | 18 -0.16449 -2.35116e-04
 19 -0.08868 -3.28261e-04 | 20 -0.02417  5.54006e-05 | 21  0.10674  8.23160e-04
 22 -0.08385  5.31356e-04 | 23 -0.14138  4.53349e-04 | 24 -0.29895  1.99066e-04
 25 -0.10099  1.32238e-03 | 26  0.26249  1.58551e-02 | 27 -0.14092  9.56115e-04
 28  0.05828  2.53275e-03 | 29  0.02763  2.24455e-03 | 30  0.09376  4.89209e-03
 31  0.09433  5.01132e-03 | 32 -0.01045  2.28431e-03 | 33  0.03369  3.02254e-03
 34 -0.02177  1.70748e-03 | 35  0.10721  4.17015e-03 | 36 -0.06086  1.14666e-03
 37 -0.07245  7.75938e-04 | 38 -0.07695  7.08003e-04 | 39 -0.12105  4.58610e-04
 40  0.10583  3.22837e-03 | 41  0.35594  1.72621e-02 | 42 -0.16085  3.61193e-04
 43 -0.00915 -9.69294e-05 | 44 -0.03648 -2.12985e-03 | 45  0.02349 -7.77615e-03
 46 -0.17632 -2.57270e-03 | 47 -0.23630 -2.27369e-03 | 48 -0.21189 -2.57684e-03
 49 -0.06225 -5.31173e-03 | 50 -0.07770 -1.52008e-03 | 51  0.17100 -3.26114e-03
 52  0.12446 -3.43145e-03 | 53 -0.06452 -1.53516e-03 | 54 -0.03182 -1.61475e-03
 55  0.09055 -7.73140e-04 | 56  0.13732  2.27201e-04 | 57  0.14275  1.16459e-03
 58 -0.36639  2.38614e-04 | 59  0.37058  3.15662e-04 | 60 -0.43397 -1.68642e-04
 61  0.99562  7.14250e-02 | 62 -0.75571 -2.65271e-03 | 63  0.05267  2.63293e-02
 64  0.07059 -8.72955e-05 | 65  0.00170 -7.50195e-06 | 66  0.00010  5.10941e-07
 67  0.23629  1.03877e-02 | 68 -0.16128  5.10534e-04 | 69  0.38171 -2.06269e-03
 70  0.22687  4.24085e-03 | 71 -0.63205 -1.17934e-03 | 72  0.03202  6.38892e+00
 73 -0.30417 -6.44670e-05 | 74 -0.16434 -1.22557e-05 | 75  0.15027 -2.56503e-03
 76 -0.62210 -2.49368e-05 | 77 -0.03905  3.41844e-03 | 78 -0.08167 -4.55993e-04
 79 -0.52627  2.01967e-04 | 80 -0.03093 -4.53338e-04 | 81 -0.02198  7.30881e-02
 82  0.10430 -1.23408e-03 | 83 -0.20638 -5.43615e-03 | 84  0.11449  4.29458e-03
 85 -0.17233  4.57973e-03 | 86  0.65917 -3.55297e-02 |
86 variables; iteration 200; function evaluation 227; phase 4
Function value 1.6610590e+03; maximum gradient component mag -5.3081e+00
Var    Value     Gradient |Var    Value     Gradient |Var    Value     Gradient
  1  0.24367  7.96761e-03 |  2  0.55873 -4.56988e-03 |  3  0.46706 -2.97965e-03
  4  0.32036 -9.21421e-04 |  5  0.45579 -6.43032e-03 |  6  0.07592  2.84797e-01
  7  0.03388  5.37524e-03 |  8  0.02326  4.04400e-03 |  9  0.09698  1.23049e-02
 10  0.12977  1.60476e-02 | 11  0.08482  1.09754e-02 | 12  0.11792  1.72165e-02
 13 -0.03564  2.01326e-03 | 14 -0.04903  2.54962e-03 | 15  0.20433  4.10726e-02
 16 -0.08679  2.14836e-03 | 17  0.17075  3.90432e-02 | 18 -0.16449 -1.68061e-03
 19 -0.08868 -3.17279e-04 | 20 -0.02417 -1.25086e-04 | 21  0.10674  4.93131e-03
 22 -0.08385 -3.22743e-03 | 23 -0.14138 -5.18344e-03 | 24 -0.29895 -4.33098e-03
 25 -0.10099 -6.47843e-03 | 26  0.26249 -2.58574e-02 | 27 -0.14092 -3.92753e-03
 28  0.05828 -8.36389e-03 | 29  0.02763 -5.54287e-03 | 30  0.09376 -8.83598e-04
 31  0.09433 -1.90310e-03 | 32 -0.01045 -3.08451e-03 | 33  0.03369 -3.56297e-03
 34 -0.02177 -5.92539e-03 | 35  0.10721 -9.13837e-03 | 36 -0.06086 -5.24621e-03
 37 -0.07245 -5.96789e-03 | 38 -0.07695 -5.73705e-03 | 39 -0.12105 -5.37417e-03
 40  0.10583 -4.88336e-03 | 41  0.35594 -1.46259e-02 | 42 -0.16085 -4.93555e-03
 43 -0.00915 -4.72401e-03 | 44 -0.03648 -4.16127e-03 | 45  0.02348 -4.10899e-03
 46 -0.17632 -2.29393e-03 | 47 -0.23630 -2.40817e-03 | 48 -0.21189 -1.98189e-03
 49 -0.06225 -1.25862e-03 | 50 -0.07770 -3.54419e-03 | 51  0.17100 -6.23716e-03
 52  0.12446  4.56341e-05 | 53 -0.06451 -2.16707e-03 | 54 -0.03182 -2.96944e-03
 55  0.09055 -4.82768e-03 | 56  0.13733 -3.52358e-03 | 57  0.14275  1.32430e-02
 58 -0.36639 -8.55481e-03 | 59  0.37058 -6.36111e-04 | 60 -0.43397 -3.62085e-04
 61  0.99546 -2.12721e-01 | 62 -0.75818  7.70199e-03 | 63  0.05267 -8.20596e-02
 64  0.12019  1.04719e-04 | 65 -0.00257 -2.57586e-05 | 66  0.00008  4.09187e-07
 67  0.23632 -1.99661e-03 | 68 -0.16413 -4.42379e-05 | 69  0.38171  4.53484e-03
 70  0.22664  8.79537e-03 | 71 -0.63202  9.88107e-04 | 72  0.03219 -5.30807e+00
 73 -0.30418  3.68355e-04 | 74 -0.16433  5.14470e-04 | 75  0.15027 -4.98808e-03
 76 -0.62240 -8.68555e-05 | 77 -0.03905 -2.25800e-03 | 78 -0.08170 -2.33496e-03
 79 -0.52627  6.08577e-04 | 80 -0.03092 -1.25163e-03 | 81 -0.02198 -8.53065e-03
 82  0.13371  1.08540e-04 | 83 -0.20629  3.19897e-03 | 84  0.11481  8.29784e-03
 85 -0.17230 -3.13180e-03 | 86  0.69843  1.84793e-02 |
86 variables; iteration 220; function evaluation 250; phase 4
Function value 1.6610590e+03; maximum gradient component mag -3.6141e-01
Var    Value     Gradient |Var    Value     Gradient |Var    Value     Gradient
  1  0.24367 -6.62793e-04 |  2  0.55873  1.08767e-05 |  3  0.46706  1.89684e-05
  4  0.32036 -1.30995e-04 |  5  0.45579 -3.48167e-04 |  6  0.07592 -2.41210e-02
  7  0.03388 -3.76415e-04 |  8  0.02327 -3.41904e-04 |  9  0.09697 -9.85614e-04
 10  0.12978 -1.34786e-03 | 11  0.08482 -9.13433e-04 | 12  0.11791 -1.40629e-03
 13 -0.03563 -1.47151e-04 | 14 -0.04903 -9.75028e-05 | 15  0.20433 -2.97882e-03
 16 -0.08679  5.27552e-05 | 17  0.17075 -2.29431e-03 | 18 -0.16449  1.82799e-04
 19 -0.08868  7.26496e-05 | 20 -0.02417 -6.36263e-05 | 21  0.10674 -7.18007e-04
 22 -0.08385  1.71827e-04 | 23 -0.14138  2.63981e-04 | 24 -0.29895  3.17995e-04
 25 -0.10099  3.42595e-04 | 26  0.26249 -5.27474e-04 | 27 -0.14092  3.71144e-04
 28  0.05828  1.47240e-04 | 29  0.02763  2.03341e-04 | 30  0.09376  1.47280e-04
 31  0.09433  1.07962e-04 | 32 -0.01045  3.14406e-04 | 33  0.03369  2.93035e-04
 34 -0.02177  3.24872e-04 | 35  0.10721  2.21597e-04 | 36 -0.06086  3.36972e-04
 37 -0.07245  3.25623e-04 | 38 -0.07695  3.43603e-04 | 39 -0.12105  3.66032e-04
 40  0.10583  2.61121e-04 | 41  0.35594 -5.54160e-04 | 42 -0.16085  3.52606e-04
 43 -0.00915  3.66977e-04 | 44 -0.03648  4.82776e-04 | 45  0.02349  7.14158e-04
 46 -0.17633  5.51306e-04 | 47 -0.23630  4.83981e-04 | 48 -0.21189  5.34118e-04
 49 -0.06225  6.67694e-04 | 50 -0.07770  5.15074e-04 | 51  0.17100  6.24187e-04
 52  0.12446  6.74985e-04 | 53 -0.06452  4.69132e-04 | 54 -0.03182  4.62035e-04
 55  0.09055  4.19342e-04 | 56  0.13732  3.90358e-04 | 57  0.14275 -5.02402e-04
 58 -0.36639  3.12610e-04 | 59  0.37059  2.36232e-05 | 60 -0.43397 -8.53521e-06
 61  0.99557  8.98677e-03 | 62 -0.75656 -3.86780e-04 | 63  0.05267  3.81101e-03
 64  0.08155 -5.55174e-05 | 65  0.00607  1.05033e-05 | 66 -0.00019 -9.19450e-07
 67  0.23633 -5.37737e-04 | 68 -0.15226  1.72043e-04 | 69  0.38171  6.28075e-04
 70  0.22652  1.70669e-04 | 71 -0.63206  4.46993e-05 | 72  0.03229 -3.61408e-01
 73 -0.30418 -1.04711e-05 | 74 -0.16434 -3.36302e-06 | 75  0.15027 -3.43338e-04
 76 -0.62183 -2.39570e-06 | 77 -0.03905  5.48453e-04 | 78 -0.08168 -4.02465e-05
 79 -0.52627  3.03272e-05 | 80 -0.03093 -7.66408e-05 | 81 -0.02198 -2.46834e-03
 82  0.13718  9.69858e-05 | 83 -0.20628  2.47804e-04 | 84  0.11496 -8.28029e-05
 85 -0.17230 -2.10098e-04 | 86  0.72599  1.38624e-03 |
  ic > imax  in fminim is answer attained ?
Var    Value     Gradient |Var    Value     Gradient |Var    Value     Gradient
  1  0.24367 -3.33032e-07 |  2  0.55873 -7.07580e-07 |  3  0.46706 -1.76012e-07
  4  0.32036 -5.47805e-07 |  5  0.45579 -2.77173e-06 |  6  0.07592 -1.41844e-05
  7  0.03388  2.12194e-07 |  8  0.02327  2.34057e-07 |  9  0.09697  1.17440e-07
 10  0.12978  2.18636e-08 | 11  0.08482  1.45170e-07 | 12  0.11791  1.22439e-07
 13 -0.03563  2.74069e-07 | 14 -0.04903  1.99261e-07 | 15  0.20433 -1.17345e-06
 16 -0.08679  3.96022e-08 | 17  0.17075 -1.61038e-06 | 18 -0.16449  2.73062e-07
 19 -0.08868  1.18338e-07 | 20 -0.02417 -3.67874e-08 | 21  0.10674 -9.88334e-07
 22 -0.08385  1.51469e-07 | 23 -0.14138  2.90354e-07 | 24 -0.29895  3.33488e-07
 25 -0.10099  1.44913e-07 | 26  0.26249 -3.84637e-06 | 27 -0.14092  7.58120e-08
 28  0.05828 -3.94169e-07 | 29  0.02763 -3.58522e-07 | 30  0.09376 -1.55218e-06
 31  0.09433 -1.49343e-06 | 32 -0.01045 -5.17435e-07 | 33  0.03369 -8.02741e-07
 34 -0.02177 -1.93269e-07 | 35  0.10721 -1.03349e-06 | 36 -0.06086  9.42140e-08
 37 -0.07245  2.62815e-07 | 38 -0.07695  2.84852e-07 | 39 -0.12105  3.34577e-07
 40  0.10583 -7.64552e-07 | 41  0.35594 -5.84698e-06 | 42 -0.16085  3.05477e-07
 43 -0.00915  5.04755e-07 | 44 -0.03648  1.35273e-06 | 45  0.02349  3.56259e-06
 46 -0.17633  1.32361e-06 | 47 -0.23630  1.30912e-06 | 48 -0.21189  1.36643e-06
 49 -0.06225  2.41916e-06 | 50 -0.07770  1.01041e-06 | 51  0.17100  1.86876e-06
 52  0.12446  1.56094e-06 | 53 -0.06452  9.25067e-07 | 54 -0.03182  1.02833e-06
 55  0.09055  7.78216e-07 | 56  0.13732  3.64206e-07 | 57  0.14275 -5.04364e-07
 58 -0.36639  2.81179e-07 | 59  0.37059 -3.62707e-08 | 60 -0.43397  1.83782e-08
 61  0.99557 -3.74194e-07 | 62 -0.75636  5.65769e-08 | 63  0.05267 -2.64620e-07
 64  0.08911  2.69800e-07 | 65  0.00355  2.08896e-07 | 66  0.00001  7.64134e-08
 67  0.23633 -3.89486e-06 | 68 -0.16372 -9.43914e-08 | 69  0.38171  6.85275e-07
 70  0.22653 -2.64661e-06 | 71 -0.63206  4.37244e-07 | 72  0.03228 -2.90501e-03
 73 -0.30418 -2.20480e-08 | 74 -0.16435 -3.94533e-08 | 75  0.15027  1.94455e-06
 76 -0.62180  1.08392e-08 | 77 -0.03905 -1.78692e-06 | 78 -0.08168  3.67053e-07
 79 -0.52627 -1.00802e-07 | 80 -0.03093  3.73930e-07 | 81 -0.02198 -2.73044e-05
 82  0.12983 -7.46561e-08 | 83 -0.20629  1.96338e-06 | 84  0.11494 -1.89757e-06
 85 -0.17231 -1.69911e-06 | 86  0.72294  1.05111e-05 |
Function minimizer not making progress ... is minimum attained?
Minimprove criterion = 0.0000e+00

 - final statistics:
86 variables; iteration 240; function evaluation 299
Function value 1.6611e+03; maximum gradient component mag -2.9050e-03
Exit code = 1;  converg criter 1.0000e-03
Var    Value     Gradient |Var    Value     Gradient |Var    Value     Gradient
  1  0.24367 -3.33032e-07 |  2  0.55873 -7.07580e-07 |  3  0.46706 -1.76012e-07
  4  0.32036 -5.47805e-07 |  5  0.45579 -2.77173e-06 |  6  0.07592 -1.41844e-05
  7  0.03388  2.12194e-07 |  8  0.02327  2.34057e-07 |  9  0.09697  1.17440e-07
 10  0.12978  2.18636e-08 | 11  0.08482  1.45170e-07 | 12  0.11791  1.22439e-07
 13 -0.03563  2.74069e-07 | 14 -0.04903  1.99261e-07 | 15  0.20433 -1.17345e-06
 16 -0.08679  3.96022e-08 | 17  0.17075 -1.61038e-06 | 18 -0.16449  2.73062e-07
 19 -0.08868  1.18338e-07 | 20 -0.02417 -3.67874e-08 | 21  0.10674 -9.88334e-07
 22 -0.08385  1.51469e-07 | 23 -0.14138  2.90354e-07 | 24 -0.29895  3.33488e-07
 25 -0.10099  1.44913e-07 | 26  0.26249 -3.84637e-06 | 27 -0.14092  7.58120e-08
 28  0.05828 -3.94169e-07 | 29  0.02763 -3.58522e-07 | 30  0.09376 -1.55218e-06
 31  0.09433 -1.49343e-06 | 32 -0.01045 -5.17435e-07 | 33  0.03369 -8.02741e-07
 34 -0.02177 -1.93269e-07 | 35  0.10721 -1.03349e-06 | 36 -0.06086  9.42140e-08
 37 -0.07245  2.62815e-07 | 38 -0.07695  2.84852e-07 | 39 -0.12105  3.34577e-07
 40  0.10583 -7.64552e-07 | 41  0.35594 -5.84698e-06 | 42 -0.16085  3.05477e-07
 43 -0.00915  5.04755e-07 | 44 -0.03648  1.35273e-06 | 45  0.02349  3.56259e-06
 46 -0.17633  1.32361e-06 | 47 -0.23630  1.30912e-06 | 48 -0.21189  1.36643e-06
 49 -0.06225  2.41916e-06 | 50 -0.07770  1.01041e-06 | 51  0.17100  1.86876e-06
 52  0.12446  1.56094e-06 | 53 -0.06452  9.25067e-07 | 54 -0.03182  1.02833e-06
 55  0.09055  7.78216e-07 | 56  0.13732  3.64206e-07 | 57  0.14275 -5.04364e-07
 58 -0.36639  2.81179e-07 | 59  0.37059 -3.62707e-08 | 60 -0.43397  1.83782e-08
 61  0.99557 -3.74194e-07 | 62 -0.75636  5.65769e-08 | 63  0.05267 -2.64620e-07
 64  0.08911  2.69800e-07 | 65  0.00355  2.08896e-07 | 66  0.00001  7.64134e-08
 67  0.23633 -3.89486e-06 | 68 -0.16372 -9.43914e-08 | 69  0.38171  6.85275e-07
 70  0.22653 -2.64661e-06 | 71 -0.63206  4.37244e-07 | 72  0.03228 -2.90501e-03
 73 -0.30418 -2.20480e-08 | 74 -0.16435 -3.94533e-08 | 75  0.15027  1.94455e-06
 76 -0.62180  1.08392e-08 | 77 -0.03905 -1.78692e-06 | 78 -0.08168  3.67053e-07
 79 -0.52627 -1.00802e-07 | 80 -0.03093  3.73930e-07 | 81 -0.02198 -2.73044e-05
 82  0.12983 -7.46561e-08 | 83 -0.20629  1.96338e-06 | 84  0.11494 -1.89757e-06
 85 -0.17231 -1.69911e-06 | 86  0.72294  1.05111e-05 |

Initial statistics: 100 variables; iteration 0; function evaluation 0; phase 5
Function value 1.6610590e+03; maximum gradient component mag -2.8924e-03
Var    Value     Gradient |Var    Value     Gradient |Var    Value     Gradient
  1  0.24367 -3.30519e-07 |  2  0.55873 -7.01126e-07 |  3  0.46706 -1.74478e-07
  4  0.32036 -5.41774e-07 |  5  0.45579 -2.76473e-06 |  6  0.07592 -1.40922e-05
  7  0.03388  1.79217e-07 |  8  0.02327  1.96967e-07 |  9  0.09697  8.44841e-08
 10  0.12978 -1.36373e-08 | 11  0.08482  1.10081e-07 | 12  0.11791  9.32572e-08
 13 -0.03563  2.38216e-07 | 14 -0.04903  1.66509e-07 | 15  0.20433 -1.19690e-06
 16 -0.08679  7.27482e-09 | 17  0.17075 -1.62148e-06 | 18 -0.16449  2.40350e-07
 19 -0.08868  8.39578e-08 | 20 -0.02417 -6.82833e-08 | 21  0.10674 -1.01618e-06
 22 -0.08385  1.20255e-07 | 23 -0.14138  2.54861e-07 | 24 -0.29895  3.01660e-07
 25 -0.10099  1.11705e-07 | 26  0.26249 -3.85644e-06 | 27 -0.14092  4.38830e-08
 28  0.05828 -4.28539e-07 | 29  0.02763 -3.89279e-07 | 30  0.09376 -1.56998e-06
 31  0.09433 -1.50984e-06 | 32 -0.01045 -5.46277e-07 | 33  0.03369 -8.29979e-07
 34 -0.02177 -2.26770e-07 | 35  0.10721 -1.06524e-06 | 36 -0.06086  6.21015e-08
 37 -0.07245  2.28349e-07 | 38 -0.07695  2.50769e-07 | 39 -0.12105  3.00552e-07
 40  0.10583 -7.92090e-07 | 41  0.35594 -5.84726e-06 | 42 -0.16085  2.70545e-07
 43 -0.00915  4.69796e-07 | 44 -0.03648  1.31434e-06 | 45  0.02349  3.51188e-06
 46 -0.17633  1.28430e-06 | 47 -0.23630  1.27446e-06 | 48 -0.21189  1.32986e-06
 49 -0.06225  2.37583e-06 | 50 -0.07770  9.72354e-07 | 51  0.17100  1.82525e-06
 52  0.12446  1.52106e-06 | 53 -0.06452  8.88029e-07 | 54 -0.03182  9.90263e-07
 55  0.09055  7.40967e-07 | 56  0.13732  3.32505e-07 | 57  0.00000  0.00000e+00
 58  0.00000  0.00000e+00 | 59  0.00000  0.00000e+00 | 60  0.00000  0.00000e+00
 61  0.00000  0.00000e+00 | 62  0.00000  0.00000e+00 | 63  0.00000  0.00000e+00
 64  0.00000  0.00000e+00 | 65  0.00000  0.00000e+00 | 66  0.00000  0.00000e+00
 67  0.00000  0.00000e+00 | 68  0.00000  0.00000e+00 | 69  0.00000  0.00000e+00
 70  0.00000  0.00000e+00 | 71  0.14275 -4.73251e-07 | 72 -0.36639  2.67801e-07
 73  0.37059 -3.54181e-08 | 74 -0.43397  1.64413e-08 | 75  0.99557 -2.87694e-07
 76 -0.75636  5.33576e-08 | 77  0.05267 -2.40934e-07 | 78  0.08911  2.69403e-07
 79  0.00355  2.09686e-07 | 80  0.00001  7.62224e-08 | 81  0.23633 -3.85530e-06
 82 -0.16372 -9.41107e-08 | 83  0.38171  6.82231e-07 | 84  0.22653 -2.60796e-06
 85 -0.63206  4.35985e-07 | 86  0.03228 -2.89239e-03 | 87 -0.30418 -2.23052e-08
 88 -0.16435 -3.95187e-08 | 89  0.15027  1.93643e-06 | 90 -0.62180  1.08967e-08
 91 -0.03905 -1.78469e-06 | 92 -0.08168  3.61476e-07 | 93 -0.52627 -9.89785e-08
 94 -0.03093  3.71782e-07 | 95 -0.02198 -2.70261e-05 | 96  0.12983 -7.45127e-08
 97 -0.20629  1.95286e-06 | 98  0.11494 -1.86004e-06 | 99 -0.17231 -1.69202e-06
100  0.72294  1.04669e-05 |
Warning: the following parameters had issues
  selparm[13] is within 0.1% of upper bound: 1.90000e+01 < 5.09996e+01 < 5.10000e+01


 - final statistics:
100 variables; iteration 1; function evaluation 2
Function value 1.6611e+03; maximum gradient component mag 9.1319e-04
Exit code = 1;  converg criter 1.0000e-03
Var    Value     Gradient |Var    Value     Gradient |Var    Value     Gradient
  1  0.24367  5.47586e-07 |  2  0.55873  3.03619e-07 |  3  0.46706  2.02062e-07
  4  0.32036  2.64954e-07 |  5  0.45579  7.56656e-07 |  6  0.07592  2.04656e-05
  7  0.03388  2.26104e-07 |  8  0.02327  2.05856e-07 |  9  0.09697  7.24432e-07
 10  0.12978  1.03844e-06 | 11  0.08482  6.81310e-07 | 12  0.11791  1.12554e-06
 13 -0.03563  4.37595e-08 | 14 -0.04903 -4.96434e-08 | 15  0.20433  2.08509e-06
 16 -0.08679 -2.91222e-07 | 17  0.17075  1.17170e-06 | 18 -0.16449 -2.26986e-07
 19 -0.08868 -1.33565e-07 | 20 -0.02417  1.45687e-07 | 21  0.10674  1.00486e-06
 22 -0.08385 -2.45238e-08 | 23 -0.14138 -1.19821e-07 | 24 -0.29895 -2.81827e-07
 25 -0.10099 -1.47216e-07 | 26  0.26249  2.74737e-06 | 27 -0.14092 -3.81220e-07
 28  0.05828  2.47119e-07 | 29  0.02763 -4.60728e-08 | 30  0.09376 -3.67103e-07
 31  0.09433 -2.53551e-07 | 32 -0.01045 -4.45256e-07 | 33  0.03369 -3.88735e-07
 34 -0.02177 -2.40115e-07 | 35  0.10721  7.39568e-08 | 36 -0.06086 -2.48872e-07
 37 -0.07245 -1.83549e-07 | 38 -0.07695 -2.27278e-07 | 39 -0.12105 -2.61292e-07
 40  0.10583 -2.09467e-07 | 41  0.35594  1.44803e-06 | 42 -0.16085 -3.03688e-07
 43 -0.00915 -3.01039e-07 | 44 -0.03648 -4.61760e-07 | 45  0.02349 -6.99477e-07
 46 -0.17633 -7.40572e-07 | 47 -0.23630 -5.69565e-07 | 48 -0.21189 -6.96869e-07
 49 -0.06225 -9.08127e-07 | 50 -0.07770 -6.04587e-07 | 51  0.17100 -5.02723e-07
 52  0.12446 -1.08543e-06 | 53 -0.06452 -6.19639e-07 | 54 -0.03182 -5.71940e-07
 55  0.09055 -3.93170e-07 | 56  0.13732 -4.22210e-07 | 57  0.00000  0.00000e+00
 58  0.00000  0.00000e+00 | 59  0.00000  0.00000e+00 | 60  0.00000  0.00000e+00
 61  0.00000  0.00000e+00 | 62  0.00000  0.00000e+00 | 63  0.00000  0.00000e+00
 64  0.00000  0.00000e+00 | 65  0.00000  0.00000e+00 | 66  0.00000  0.00000e+00
 67  0.00000  0.00000e+00 | 68  0.00000  0.00000e+00 | 69  0.00000  0.00000e+00
 70  0.00000  0.00000e+00 | 71  0.14275 -1.12893e-07 | 72 -0.36639  7.22181e-08
 73  0.37059 -6.77417e-09 | 74 -0.43397  3.87194e-08 | 75  0.99557 -6.64492e-07
 76 -0.75636  6.88652e-08 | 77  0.05267 -4.05887e-07 | 78  0.08911  2.69030e-07
 79  0.00355  2.09686e-07 | 80  0.00001  7.62224e-08 | 81  0.23633  9.14656e-07
 82 -0.16372 -9.49803e-08 | 83  0.38171 -1.25206e-06 | 84  0.22653 -1.74405e-07
 85 -0.63206 -1.03535e-07 | 86  0.03228  9.13187e-04 | 87 -0.30418 -2.04907e-08
 88 -0.16435 -3.92287e-08 | 89  0.15027  1.95237e-06 | 90 -0.62180  1.09279e-08
 91 -0.03905 -1.80633e-06 | 92 -0.08168  3.63058e-07 | 93 -0.52627 -9.93245e-08
 94 -0.03093  3.73520e-07 | 95 -0.02198  4.63752e-06 | 96  0.12983 -7.24680e-08
 97 -0.20629 -4.84212e-07 | 98  0.11494 -3.16149e-08 | 99 -0.17231  4.24566e-07
100  0.72294 -2.07303e-06 |
Estimating row 1 out of 100 for hessian
Estimating row 2 out of 100 for hessian
Estimating row 3 out of 100 for hessian
Estimating row 4 out of 100 for hessian
Estimating row 5 out of 100 for hessian
Estimating row 6 out of 100 for hessian
Estimating row 7 out of 100 for hessian
Estimating row 8 out of 100 for hessian
Estimating row 9 out of 100 for hessian
Estimating row 10 out of 100 for hessian
Estimating row 11 out of 100 for hessian
Estimating row 12 out of 100 for hessian
Estimating row 13 out of 100 for hessian
Estimating row 14 out of 100 for hessian
Estimating row 15 out of 100 for hessian
Estimating row 16 out of 100 for hessian
Estimating row 17 out of 100 for hessian
Estimating row 18 out of 100 for hessian
Estimating row 19 out of 100 for hessian
Estimating row 20 out of 100 for hessian
Estimating row 21 out of 100 for hessian
Estimating row 22 out of 100 for hessian
Estimating row 23 out of 100 for hessian
Estimating row 24 out of 100 for hessian
Estimating row 25 out of 100 for hessian
Estimating row 26 out of 100 for hessian
Estimating row 27 out of 100 for hessian
Estimating row 28 out of 100 for hessian
Estimating row 29 out of 100 for hessian
Estimating row 30 out of 100 for hessian
Estimating row 31 out of 100 for hessian
Estimating row 32 out of 100 for hessian
Estimating row 33 out of 100 for hessian
Estimating row 34 out of 100 for hessian
Estimating row 35 out of 100 for hessian
Estimating row 36 out of 100 for hessian
Estimating row 37 out of 100 for hessian
Estimating row 38 out of 100 for hessian
Estimating row 39 out of 100 for hessian
Estimating row 40 out of 100 for hessian
Estimating row 41 out of 100 for hessian
Estimating row 42 out of 100 for hessian
Estimating row 43 out of 100 for hessian
Estimating row 44 out of 100 for hessian
Estimating row 45 out of 100 for hessian
Estimating row 46 out of 100 for hessian
Estimating row 47 out of 100 for hessian
Estimating row 48 out of 100 for hessian
Estimating row 49 out of 100 for hessian
Estimating row 50 out of 100 for hessian
Estimating row 51 out of 100 for hessian
Estimating row 52 out of 100 for hessian
Estimating row 53 out of 100 for hessian
Estimating row 54 out of 100 for hessian
Estimating row 55 out of 100 for hessian
Estimating row 56 out of 100 for hessian
Estimating row 57 out of 100 for hessian
Estimating row 58 out of 100 for hessian
Estimating row 59 out of 100 for hessian
Estimating row 60 out of 100 for hessian
Estimating row 61 out of 100 for hessian
Estimating row 62 out of 100 for hessian
Estimating row 63 out of 100 for hessian
Estimating row 64 out of 100 for hessian
Estimating row 65 out of 100 for hessian
Estimating row 66 out of 100 for hessian
Estimating row 67 out of 100 for hessian
Estimating row 68 out of 100 for hessian
Estimating row 69 out of 100 for hessian
Estimating row 70 out of 100 for hessian
Estimating row 71 out of 100 for hessian
Estimating row 72 out of 100 for hessian
Estimating row 73 out of 100 for hessian
Estimating row 74 out of 100 for hessian
Estimating row 75 out of 100 for hessian
Estimating row 76 out of 100 for hessian
Estimating row 77 out of 100 for hessian
Estimating row 78 out of 100 for hessian
Estimating row 79 out of 100 for hessian
Estimating row 80 out of 100 for hessian
Estimating row 81 out of 100 for hessian
Estimating row 82 out of 100 for hessian
Estimating row 83 out of 100 for hessian
Estimating row 84 out of 100 for hessian
Estimating row 85 out of 100 for hessian
Estimating row 86 out of 100 for hessian
Estimating row 87 out of 100 for hessian
Estimating row 88 out of 100 for hessian
Estimating row 89 out of 100 for hessian
Estimating row 90 out of 100 for hessian
Estimating row 91 out of 100 for hessian
Estimating row 92 out of 100 for hessian
Estimating row 93 out of 100 for hessian
Estimating row 94 out of 100 for hessian
Estimating row 95 out of 100 for hessian
Estimating row 96 out of 100 for hessian
Estimating row 97 out of 100 for hessian
Estimating row 98 out of 100 for hessian
Estimating row 99 out of 100 for hessian
Estimating row 100 out of 100 for hessian
size of file gradfil1.tmp = 0
size of file gradfil2.tmp = 0
size of file varssave.tmp = 0
size of file cmpdiff.tmp = 0
