
Initial statistics: 3 variables; iteration 0; function evaluation 0; phase 1
Function value 3.1496689e+03; maximum gradient component mag -2.0617e+03
Var    Value     Gradient |Var    Value     Gradient |Var    Value     Gradient
  1 -0.06438 -2.06168e+03 |  2 -0.24381  3.77821e+00 |  3 -0.11374 -2.35528e+01

 - final statistics:
3 variables; iteration 7; function evaluation 12
Function value 3.1213e+03; maximum gradient component mag -2.9618e+00
Exit code = 1;  converg criter 1.0000e+01
Var    Value     Gradient |Var    Value     Gradient |Var    Value     Gradient
  1 -0.02647 -2.96176e+00 |  2 -0.25473  1.14484e-01 |  3  0.08855 -3.10001e-01

Initial statistics: 13 variables; iteration 0; function evaluation 0; phase 2
Function value 3.1212881e+03; maximum gradient component mag 1.8488e+02
Var    Value     Gradient |Var    Value     Gradient |Var    Value     Gradient
  1 -0.22265  9.92790e+01 |  2  0.03025  5.49585e+00 |  3 -0.08260  6.88519e+01
  4  0.03517  1.84877e+02 |  5 -0.41774  4.68904e+01 |  6  0.00899  2.94350e+01
  7  0.09996 -2.47146e+00 |  8 -0.08099  3.10064e+01 |  9  0.13355  6.15332e+01
 10 -0.15067  8.50078e+00 | 11 -0.02647 -2.96176e+00 | 12 -0.25473  1.14484e-01
 13  0.08855 -3.10001e-01 |

 - final statistics:
13 variables; iteration 16; function evaluation 26
Function value 3.1122e+03; maximum gradient component mag 3.0436e+00
Exit code = 1;  converg criter 1.0000e+01
Var    Value     Gradient |Var    Value     Gradient |Var    Value     Gradient
  1 -0.25035 -2.31139e+00 |  2  0.06415 -8.46132e-01 |  3 -0.11191 -7.47619e-01
  4 -0.03282  2.17335e+00 |  5 -0.43693 -7.79212e-01 |  6  0.01735 -8.16411e-01
  7  0.10387 -2.07679e+00 |  8 -0.09529  2.50239e-01 |  9  0.14681  3.04361e+00
 10 -0.14587 -4.93535e-01 | 11 -0.06124  5.94598e-01 | 12 -0.26933 -1.95224e-01
 13  0.09219  5.11242e-02 |

Initial statistics: 45 variables; iteration 0; function evaluation 0; phase 3
Function value 3.1122270e+03; maximum gradient component mag -1.1302e+02
Var    Value     Gradient |Var    Value     Gradient |Var    Value     Gradient
  1 -0.25035 -2.31139e+00 |  2  0.06415 -8.46132e-01 |  3 -0.11191 -7.47619e-01
  4 -0.03282  2.17335e+00 |  5 -0.43693 -7.79212e-01 |  6  0.01735 -8.16411e-01
  7  0.10387 -2.07679e+00 |  8 -0.09529  2.50239e-01 |  9  0.14681  3.04361e+00
 10 -0.14587 -4.93535e-01 | 11 -0.06124  5.94598e-01 | 12 -0.26933 -1.95224e-01
 13  0.09219  5.11242e-02 | 14  0.17762 -5.79389e+01 | 15 -0.16941  8.46948e+01
 16 -0.10463 -2.71945e-02 | 17 -0.24990 -1.95195e+00 | 18 -0.67754  1.12112e-01
 19 -0.30309 -1.44517e+00 | 20  0.27260  4.38662e+01 | 21 -0.16137 -7.22779e+01
 22 -0.49571  6.33524e+00 | 23  0.19602  1.64861e+00 | 24 -0.16422  1.97168e+00
 25  0.30716 -7.59555e+00 | 26 -0.18277  2.02670e+01 | 27 -0.25907  3.86173e-01
 28  0.23921 -7.39520e+01 | 29 -0.09757  1.04858e+02 | 30 -0.18132 -5.69676e+00
 31 -0.14249 -8.87768e+00 | 32 -0.32752 -1.04184e+00 | 33 -0.10243 -4.68776e+00
 34 -0.05887 -1.13021e+02 | 35 -0.01443  5.37060e+00 | 36 -0.01155 -1.07943e+01
 37 -0.12914 -2.64831e+00 | 38  0.43041  5.97297e+00 | 39 -0.16252 -6.09224e+00
 40  0.35254 -1.53716e+01 | 41 -0.27477  3.60708e+01 | 42 -0.02377 -3.87778e+01
 43 -0.30585  1.77578e+01 | 44  0.04086  2.85379e+01 | 45 -0.20709 -2.27096e+01

Intermediate statistics: 45 variables; iteration 20; function evaluation 27; phase 3
Function value 3.1052573e+03; maximum gradient component mag 2.1453e+02
Var    Value     Gradient |Var    Value     Gradient |Var    Value     Gradient
  1 -0.21337  2.14530e+02 |  2  0.02895 -5.92051e+01 |  3 -0.10763 -4.77466e+01
  4 -0.06420 -2.53771e+01 |  5 -0.40599 -2.20004e+01 |  6 -0.04120  5.29334e+00
  7  0.09328  2.28782e+01 |  8 -0.02938  2.29959e+01 |  9  0.02036  4.03598e+01
 10 -0.05108 -2.20605e+01 | 11 -0.03755 -1.70981e+02 | 12 -0.26603  2.11522e-01
 13  0.09082 -3.01818e-02 | 14  0.23563 -5.11586e+01 | 15 -0.15295  9.37106e+01
 16 -0.17031 -2.75032e+00 | 17 -0.25921 -1.69760e+01 | 18 -0.67017  2.83710e+00
 19 -0.27832 -2.47665e-01 | 20  0.28937 -3.41075e+00 | 21 -0.15845 -3.06930e+01
 22 -0.52945 -8.88185e+00 | 23  0.15670 -1.24416e+00 | 24 -0.20219 -1.43314e+00
 25  0.35833  5.43141e+00 | 26 -0.17296 -3.30931e+00 | 27 -0.23918 -1.42865e+00
 28  0.31816 -4.86263e+01 | 29 -0.08326  1.06453e+02 | 30 -0.24373 -4.01033e+00
 31 -0.14164 -4.89994e+01 | 32 -0.31057  1.74931e+01 | 33 -0.20073 -6.17820e+00
 34 -0.03088 -5.60061e+01 | 35 -0.00713 -1.43410e+01 | 36  0.02498  8.26143e+00
 37 -0.12437 -3.38962e+00 | 38  0.41234  3.25456e+01 | 39 -0.22057 -5.24762e+01
 40  0.51046  7.60455e+00 | 41 -0.25779 -4.14717e+01 | 42  0.03142 -1.25482e+02
 43 -0.24857  1.09519e+02 | 44  0.05622  5.63568e+01 | 45 -0.21592 -5.59846e+01
45 variables; iteration 40; function evaluation 50; phase 3
Function value 3.1020938e+03; maximum gradient component mag 1.2853e+02
Var    Value     Gradient |Var    Value     Gradient |Var    Value     Gradient
  1 -0.20290  1.28532e+02 |  2  0.03639 -2.79416e+01 |  3 -0.11625 -1.84599e+01
  4 -0.05194 -3.67354e+00 |  5 -0.42234 -2.12094e+01 |  6 -0.04952  1.16887e+01
  7  0.08225  1.94221e+01 |  8  0.00180  1.91088e+01 |  9 -0.01759  3.60334e+01
 10  0.00903 -1.64178e+01 | 11 -0.02809 -8.94305e+01 | 12 -0.25503  1.20243e+00
 13  0.09903  4.26761e-01 | 14  0.26211  2.43395e+01 | 15 -0.15429 -5.10419e+01
 16 -0.21730 -1.40077e+00 | 17 -0.25461 -1.42294e+01 | 18 -0.66068  2.46251e+00
 19 -0.28154 -1.85074e+00 | 20  0.28705 -1.91905e+01 | 21 -0.15831 -8.08695e-01
 22 -0.52590 -9.68971e+00 | 23  0.20830 -2.18411e+00 | 24 -0.16526  7.66159e+00
 25  0.36108  3.40004e+01 | 26 -0.17833 -7.37018e+01 | 27 -0.06653 -1.65393e-01
 28  0.35774 -1.45478e+01 | 29 -0.08024  1.75093e+01 | 30 -0.33649 -5.03617e+00
 31 -0.13430 -5.78241e+01 | 32 -0.29585  2.25049e+01 | 33 -0.28747 -7.95705e+00
 34 -0.02054 -3.40432e+01 | 35 -0.00965 -1.07348e+01 | 36  0.01349  2.60014e+00
 37 -0.11675 -3.47402e+00 | 38  0.32330  2.11355e+01 | 39 -0.28374 -3.30479e+01
 40  0.60307  5.74127e-01 | 41 -0.23935 -3.84067e+00 | 42  0.04298 -1.17097e+02
 43 -0.24247  9.64822e+01 | 44  0.14546  2.71447e+01 | 45 -0.12616 -2.70041e+01
45 variables; iteration 60; function evaluation 72; phase 3
Function value 3.0961905e+03; maximum gradient component mag -2.2810e+00
Var    Value     Gradient |Var    Value     Gradient |Var    Value     Gradient
  1 -0.21002 -2.28099e+00 |  2  0.03234  4.58086e-01 |  3 -0.10764 -1.23007e-01
  4 -0.03813  2.98652e-01 |  5 -0.43134  1.71967e-01 |  6 -0.04218 -4.87665e-01
  7  0.07865  7.61485e-01 |  8  0.00881  2.65844e-01 |  9 -0.07208  2.39936e-01
 10  0.06370  1.16943e-01 | 11 -0.03174  2.07490e+00 | 12 -0.26598  3.00188e-02
 13  0.09067 -6.08422e-02 | 14  0.24288  1.71450e+00 | 15 -0.15794 -1.75309e+00
 16 -0.11740  4.24794e-01 | 17 -0.25054  3.96275e-01 | 18 -0.68433 -2.02646e-01
 19 -0.28193 -2.80821e-04 | 20  0.28418 -2.66277e-01 | 21 -0.15773 -3.19420e-02
 22 -0.49626 -1.00031e-01 | 23  0.17176  2.48626e-01 | 24 -0.19229 -3.11098e-01
 25  0.34512 -6.67706e-03 | 26 -0.17835 -2.78968e-01 | 27  1.21710 -8.79185e-03
 28  0.36766 -5.40776e-01 | 29 -0.07698  3.79959e-01 | 30  0.30961 -6.20667e-03
 31 -0.14123 -6.97302e-01 | 32 -0.31375  3.19838e-01 | 33 -0.18325  8.00153e-02
 34 -0.01820 -3.69320e-01 | 35 -0.00097 -8.30079e-03 | 36  0.02146  5.02538e-02
 37 -0.12233  4.64468e-02 | 38  0.44230  1.20854e+00 | 39 -0.16370 -1.56043e+00
 40  0.81135  3.88363e-01 | 41 -0.21882 -1.20911e+00 | 42  0.07189 -1.27970e+00
 43 -0.22414  1.34183e+00 | 44  0.06885 -1.09699e+00 | 45 -0.17290  1.30047e+00
45 variables; iteration 80; function evaluation 93; phase 3
Function value 3.0961302e+03; maximum gradient component mag 3.6041e+00
Var    Value     Gradient |Var    Value     Gradient |Var    Value     Gradient
  1 -0.21023 -1.09734e+00 |  2  0.03424 -1.62401e-01 |  3 -0.10925 -3.07798e-01
  4 -0.03794  6.12589e-02 |  5 -0.43096 -4.15684e-01 |  6 -0.04186 -7.30854e-01
  7  0.07838  2.33351e+00 |  8  0.00960  6.26252e-01 |  9 -0.07152  1.01103e+00
 10  0.06177 -4.16963e-01 | 11 -0.03172  6.95285e-01 | 12 -0.26637 -2.04632e-02
 13  0.09015 -9.29758e-02 | 14  0.24265  5.52546e-01 | 15 -0.15810 -1.54492e+00
 16 -0.14600 -3.60144e-02 | 17 -0.24632 -4.02791e-01 | 18 -0.65764  1.69771e-01
 19 -0.28368 -1.19857e-01 | 20  0.28369 -4.19305e-01 | 21 -0.15797 -3.43833e-01
 22 -0.49684 -1.94896e-01 | 23  0.17082 -4.20346e-02 | 24 -0.19255  4.26125e-02
 25  0.34371  1.20539e+00 | 26 -0.17902 -2.53246e+00 | 27  2.00557  5.85154e-02
 28  0.36760 -4.80974e-01 | 29 -0.07685  1.00776e+00 | 30  0.48209  1.32071e-03
 31 -0.14088 -9.74872e-01 | 32 -0.31320  4.64769e-01 | 33 -0.18527 -5.31879e-02
 34 -0.01827 -3.38848e-01 | 35 -0.00124 -1.97338e-01 | 36  0.02134  1.65711e-01
 37 -0.12192  2.78183e-02 | 38  0.43683  6.27681e-01 | 39 -0.16581 -8.67146e-01
 40  0.64470  9.61733e-02 | 41 -0.23233  1.81490e+00 | 42  0.07257  3.60411e+00
 43 -0.22371 -2.83588e+00 | 44  0.06881  1.81941e-01 | 45 -0.17362 -3.54947e-02

 - final statistics:
45 variables; iteration 87; function evaluation 100
Function value 3.0961e+03; maximum gradient component mag 9.2065e-01
Exit code = 1;  converg criter 1.0000e+00
Var    Value     Gradient |Var    Value     Gradient |Var    Value     Gradient
  1 -0.21102  3.73280e-01 |  2  0.03561 -9.28797e-02 |  3 -0.10997 -3.43598e-02
  4 -0.03716 -1.92888e-03 |  5 -0.43184 -6.21660e-02 |  6 -0.04047 -5.18962e-02
  7  0.07803  6.12451e-02 |  8  0.01003  1.35760e-02 |  9 -0.07303 -3.14634e-03
 10  0.06421 -1.50861e-02 | 11 -0.03227 -4.08714e-01 | 12 -0.26625  2.31717e-03
 13  0.09117 -3.05204e-02 | 14  0.24143  1.09481e-01 | 15 -0.15838 -3.06066e-01
 16 -0.14656  5.51320e-04 | 17 -0.24831 -8.45811e-02 | 18 -0.66959  3.02546e-03
 19 -0.28306 -1.99382e-02 | 20  0.28337 -5.60328e-02 | 21 -0.15793  4.64400e-02
 22 -0.49662 -3.07239e-04 | 23  0.17027  2.04128e-02 | 24 -0.19279 -2.70337e-02
 25  0.34285 -9.18746e-02 | 26 -0.17883  1.02567e-01 | 27  1.52791 -2.60863e-03
 28  0.36650  2.76205e-02 | 29 -0.07700 -1.09446e-01 | 30  0.46509  9.99058e-04
 31 -0.14082  5.41159e-02 | 32 -0.31332  2.50617e-02 | 33 -0.18443  1.95813e-02
 34 -0.01834  1.48285e-01 | 35 -0.00088  1.95140e-02 | 36  0.02152  2.93518e-02
 37 -0.12262  3.30315e-02 | 38  0.43397 -7.77085e-03 | 39 -0.16629  7.26069e-02
 40  0.55089 -9.77965e-02 | 41 -0.24524  9.20646e-01 | 42  0.06982 -4.89838e-02
 43 -0.22562 -3.12812e-02 | 44  0.06767  3.18100e-01 | 45 -0.17474 -3.31667e-01

Initial statistics: 102 variables; iteration 0; function evaluation 0; phase 4
Function value 3.0961007e+03; maximum gradient component mag -5.7344e+02
Var    Value     Gradient |Var    Value     Gradient |Var    Value     Gradient
  1 -0.21102  3.73280e-01 |  2  0.03561 -9.28797e-02 |  3 -0.10997 -3.43598e-02
  4 -0.03716 -1.92888e-03 |  5 -0.43184 -6.21660e-02 |  6 -0.04047 -5.18962e-02
  7  0.07803  6.12451e-02 |  8  0.01003  1.35760e-02 |  9 -0.07303 -3.14634e-03
 10  0.06421 -1.50861e-02 | 11 -0.03227 -4.08714e-01 | 12  0.00000 -1.45533e+01
 13  0.00000 -2.18560e+01 | 14  0.00000 -2.74581e+01 | 15  0.00000 -2.25953e+01
 16  0.00000 -1.79821e+01 | 17  0.00000 -3.06010e+01 | 18  0.00000 -5.26077e+01
 19  0.00000 -6.97737e+01 | 20  0.00000 -2.90865e+00 | 21  0.00000  6.41791e+01
 22  0.00000  5.59405e+01 | 23  0.00000 -9.87697e+00 | 24  0.00000  7.82436e+01
 25  0.00000  1.69924e+02 | 26  0.00000  1.77543e+02 | 27  0.00000 -5.27677e+01
 28  0.00000 -3.54908e+02 | 29  0.00000 -1.63454e+01 | 30  0.00000  3.87081e+01
 31  0.00000  4.26122e+01 | 32  0.00000  9.33368e+00 | 33  0.00000  8.68221e+00
 34  0.00000  5.12721e+01 | 35  0.00000  4.74684e+01 | 36  0.00000  6.66595e+01
 37  0.00000  1.69657e+01 | 38  0.00000  8.80487e+01 | 39  0.00000  1.05253e+02
 40  0.00000  1.53363e+02 | 41  0.00000  1.21570e+02 | 42  0.00000 -1.92111e+02
 43  0.00000 -5.73441e+02 | 44  0.00000 -8.81351e+01 | 45  0.00000  4.43972e+01
 46  0.00000  9.46232e+01 | 47  0.00000 -5.16811e+01 | 48  0.00000  1.32366e+02
 49  0.00000  1.97748e+02 | 50  0.00000  2.02189e+02 | 51  0.00000  1.08735e+02
 52  0.00000  8.77813e+01 | 53  0.00000 -1.15980e+02 | 54  0.00000 -1.85106e+02
 55  0.00000 -2.77452e+01 | 56  0.00000 -1.32020e+02 | 57  0.00000 -1.89663e+02
 58  0.00000 -2.77636e+01 | 59  0.00000 -6.87164e+01 | 60  0.00000  3.06096e+01
 61  0.00000  5.81003e+01 | 62  0.00000  1.00606e+02 | 63  0.00000  7.32626e+01
 64  0.00000  2.38580e+01 | 65  0.00000 -2.79717e+01 | 66  0.00000  2.84895e+01
 67  0.00000 -4.20392e-01 | 68  0.00000 -7.66915e+00 | 69 -0.26625  2.31717e-03
 70  0.09117 -3.05204e-02 | 71  0.24143  1.09481e-01 | 72 -0.15838 -3.06066e-01
 73 -0.14656  5.51320e-04 | 74 -0.24831 -8.45811e-02 | 75 -0.66959  3.02546e-03
 76 -0.28306 -1.99382e-02 | 77  0.28337 -5.60328e-02 | 78 -0.15793  4.64400e-02
 79 -0.49662 -3.07239e-04 | 80  0.17027  2.04128e-02 | 81 -0.19279 -2.70337e-02
 82  0.34285 -9.18746e-02 | 83 -0.17883  1.02567e-01 | 84  0.47209  2.60863e-03
 85  0.36650  2.76205e-02 | 86 -0.07700 -1.09446e-01 | 87  0.46509  9.99058e-04
 88 -0.14082  5.41159e-02 | 89 -0.31332  2.50617e-02 | 90 -0.18443  1.95813e-02
 91 -0.01834  1.48285e-01 | 92 -0.00088  1.95140e-02 | 93  0.02152  2.93518e-02
 94 -0.12262  3.30315e-02 | 95  0.43397 -7.77085e-03 | 96 -0.16629  7.26069e-02
 97  0.55089 -9.77965e-02 | 98 -0.24524  9.20646e-01 | 99  0.06982 -4.89838e-02
100 -0.22562 -3.12812e-02 |101  0.06767  3.18100e-01 |102 -0.17474 -3.31667e-01

Intermediate statistics: 102 variables; iteration 20; function evaluation 33; phase 4
Function value 2.6289604e+03; maximum gradient component mag 2.1112e+02
Var    Value     Gradient |Var    Value     Gradient |Var    Value     Gradient
  1 -0.18171 -1.02036e+02 |  2  0.02418  1.72824e+02 |  3 -0.03531  1.42099e+02
  4  0.04565  9.00447e+01 |  5 -0.38295  9.28099e+01 |  6 -0.01731 -1.66511e+01
  7  0.09105  2.11121e+02 |  8 -0.04176  5.26662e+01 |  9  0.09616  1.13840e+01
 10 -0.05740  3.97978e+01 | 11 -0.00143  1.59398e+02 | 12  0.07526  6.93051e+00
 13  0.07742  5.72905e+00 | 14  0.08568  2.78536e+00 | 15  0.03863  3.23016e+00
 16  0.01181  4.83037e+00 | 17  0.04751  1.83733e+00 | 18  0.01362 -2.51831e+00
 19  0.11676 -1.64765e+01 | 20 -0.02834  6.35246e+00 | 21 -0.06485  1.81650e+01
 22 -0.06054  2.04570e+01 | 23  0.06590  9.42840e+00 | 24 -0.05387  2.24898e+01
 25 -0.13869  2.96283e+01 | 26 -0.19334  2.90014e+01 | 27 -0.10732  3.58864e+01
 28  0.21180 -3.32543e+01 | 29 -0.13495  1.96802e+01 | 30 -0.01535  2.39690e+01
 31 -0.02877  2.15222e+01 | 32  0.00065  2.07640e+01 | 33 -0.00009  1.83913e+01
 34 -0.09045  1.08747e+01 | 35 -0.03588  8.36383e+00 | 36 -0.19619  5.42350e+00
 37  0.00021  1.23553e+01 | 38 -0.19181 -1.08577e-01 | 39 -0.09744  7.04926e-02
 40 -0.21153 -2.65079e+00 | 41 -0.16560 -3.82708e+00 | 42 -0.41319 -1.23902e+01
 43  0.41494  4.06738e+01 | 44 -0.35111 -7.10073e+00 | 45  0.01818  7.47041e+00
 46 -0.10845  5.97168e+00 | 47  0.08384 -2.06715e+01 | 48 -0.15711 -7.46881e-02
 49 -0.33606 -1.36110e-01 | 50 -0.37653  7.34210e-01 | 51 -0.11463  4.46942e+00
 52 -0.15762  5.00009e+00 | 53  0.11597  6.59623e+00 | 54  0.15317 -2.87542e+01
 55 -0.01844 -2.44222e+00 | 56  0.13247 -9.81118e+00 | 57  0.20388 -2.18175e+01
 58 -0.07466 -4.22551e+00 | 59  0.11176  1.70024e+01 | 60 -0.03158  4.57574e+00
 61 -0.07967  3.82327e+00 | 62 -0.25193  2.40290e+00 | 63 -0.15160  5.47692e+00
 64 -0.05986  2.34924e+00 | 65  0.03074  3.28280e+00 | 66 -0.12489  2.55766e+00
 67 -0.00080  2.56103e+00 | 68  0.10180 -4.31392e-02 | 69 -0.19911  2.20134e+00
 70 -0.05310  3.97549e+00 | 71  0.17064 -1.86820e+01 | 72 -0.16450  4.91740e+01
 73 -0.13140  1.64104e+00 | 74 -0.24515  8.49619e+00 | 75 -0.67015 -1.27027e+00
 76 -0.29296  4.64532e+00 | 77  0.28497 -1.64074e+01 | 78 -0.14845  9.14077e+01
 79 -0.48952  7.58955e+00 | 80  0.19449  5.31991e+00 | 81 -0.17532 -9.18014e+00
 82  0.31225 -2.27993e+00 | 83 -0.17085  1.69590e+01 | 84  0.47187  1.87883e-02
 85  0.14746  5.83858e+00 | 86 -0.13289 -3.44268e+01 | 87  0.46451  4.96695e-02
 88 -0.14154 -3.28884e+01 | 89 -0.31814  1.26201e+01 | 90 -0.13725 -7.03930e+00
 91 -0.05199 -1.60637e+00 | 92 -0.00558  1.06834e+01 | 93 -0.00750 -6.16617e+00
 94 -0.13496  2.14736e+00 | 95  0.44168  5.13313e+00 | 96 -0.15918 -6.42181e+00
 97  0.50302 -1.26396e+01 | 98 -0.21358  8.71972e+01 | 99 -0.04069  3.76297e+01
100 -0.33318 -4.88631e+01 |101  0.06134  1.24504e+01 |102 -0.18960 -8.08246e+00
102 variables; iteration 40; function evaluation 53; phase 4
Function value 2.6146515e+03; maximum gradient component mag 2.2553e+02
Var    Value     Gradient |Var    Value     Gradient |Var    Value     Gradient
  1 -0.19713 -2.24322e+02 |  2 -0.01418  3.13240e+01 |  3 -0.03433  1.76954e+01
  4 -0.00143  2.99047e+00 |  5 -0.39782  1.71739e+01 |  6 -0.00974 -3.71442e+01
  7  0.11074  1.03925e+02 |  8 -0.11117  1.41500e+01 |  9  0.15980 -6.43324e-01
 10 -0.13218  1.56887e+01 | 11 -0.02441  2.25528e+02 | 12  0.06863  9.98637e+00
 13  0.07015  8.35404e+00 | 14  0.06780  6.18560e+00 | 15  0.04608  1.04547e+01
 16  0.02630  1.51765e+01 | 17  0.02763  1.42679e+01 | 18  0.04819  1.87619e+01
 19  0.11815  1.86033e+01 | 20 -0.01516  2.08271e+01 | 21 -0.07632  2.03237e+01
 22 -0.06780  2.29937e+01 | 23  0.07893  3.41182e+01 | 24 -0.05597  2.63921e+01
 25 -0.14750  2.25416e+01 | 26 -0.22185  1.64377e+01 | 27 -0.15420  1.47683e+01
 28  0.21558 -5.50952e+00 | 29 -0.15864  1.76394e+01 | 30 -0.00678  3.25532e+01
 31 -0.03581  1.74490e+01 | 32 -0.01255  3.99021e+00 | 33 -0.01472 -1.04697e+00
 34 -0.10007  2.54456e+00 | 35 -0.04790  4.21989e-01 | 36 -0.19487  4.94943e+00
 37 -0.00825  1.26225e+01 | 38 -0.18142  4.19516e+00 | 39 -0.11862  4.10683e-01
 40 -0.20295  3.29669e+00 | 41 -0.15016  6.17413e+00 | 42 -0.38083 -1.21021e+01
 43  0.39449 -1.70809e+01 | 44 -0.30794 -4.87726e+00 | 45  0.01691  1.11720e+01
 46 -0.11380  4.91353e+00 | 47  0.08316  1.11503e+00 | 48 -0.16073  2.20778e+00
 49 -0.32420  4.36030e+00 | 50 -0.37022  4.59617e+00 | 51 -0.12743  4.75949e+00
 52 -0.15731  2.56442e+00 | 53  0.07101 -3.41921e+01 | 54  0.14251 -2.98735e+01
 55 -0.02167 -1.96293e-01 | 56  0.13683  1.20371e+01 | 57  0.22082  1.78863e+01
 58 -0.05914  2.39062e+00 | 59  0.08631  2.86457e+00 | 60 -0.03981 -1.17146e-01
 61 -0.09053  3.96950e-01 | 62 -0.26675  2.77152e-01 | 63 -0.15341  4.76594e+00
 64 -0.06947  1.14534e+00 | 65  0.01931 -5.37102e-01 | 66 -0.15854 -2.72612e+00
 67 -0.04681 -4.60309e+00 | 68  0.10119 -3.13862e-01 | 69 -0.26602 -1.47013e+00
 70 -0.12802 -2.27390e+00 | 71  0.13021 -2.52912e+00 | 72 -0.19271 -1.59463e+00
 73  0.10451  3.94682e-01 | 74 -0.24269  1.11332e+01 | 75 -0.68877 -2.29356e+00
 76 -0.30977 -4.31210e+00 | 77  0.29125  1.44388e+01 | 78 -0.15600 -1.33091e+01
 79 -0.49098  2.38199e+00 | 80  0.53785 -4.80877e+00 | 81 -0.03581  3.16548e+01
 82  0.31374  1.08839e+01 | 83 -0.17707 -2.53344e+01 | 84  0.46141  1.06512e-02
 85  0.16501  1.13885e+01 | 86 -0.12644 -5.30839e+01 | 87  0.41853 -7.07000e-04
 88 -0.14094 -6.63592e+00 | 89 -0.32195  2.96470e+00 | 90 -0.11311 -1.04596e+00
 91 -0.05363  4.86040e+00 | 92 -0.00955  1.07629e+01 | 93 -0.01504 -4.62484e+00
 94 -0.13183  3.11318e+00 | 95  0.64089 -2.63753e+00 | 96 -0.07783  1.88443e+01
 97  0.43920 -8.33756e-01 | 98 -0.24549  1.43413e+01 | 99 -0.03646  9.24967e+00
100 -0.32207 -1.89085e+01 |101  0.04587  9.17685e+00 |102 -0.20597 -8.41051e+00
102 variables; iteration 60; function evaluation 76; phase 4
Function value 2.6079445e+03; maximum gradient component mag -2.1634e+02
Var    Value     Gradient |Var    Value     Gradient |Var    Value     Gradient
  1 -0.23392 -2.16342e+02 |  2 -0.00864 -4.22654e+00 |  3 -0.04624 -4.76140e+00
  4  0.00713 -6.29193e-01 |  5 -0.40362 -6.66548e+00 |  6  0.01864 -2.18100e+01
  7  0.11154 -6.86938e-01 |  8 -0.12033 -1.03029e+00 |  9  0.16896  2.38866e+00
 10 -0.19247 -4.08841e+00 | 11 -0.08107  1.76290e+02 | 12  0.05106  1.08214e+01
 13  0.07638  1.30483e+01 | 14  0.09839  1.50032e+01 | 15  0.06391  1.74737e+01
 16  0.01410  1.58369e+01 | 17  0.04553  1.76326e+01 | 18  0.04439  1.78173e+01
 19  0.13075  1.79877e+01 | 20 -0.01504  1.58011e+01 | 21 -0.07772  1.21801e+01
 22 -0.07707  1.09798e+01 | 23  0.08451  1.09434e+01 | 24 -0.05485  1.52179e+01
 25 -0.14510  1.62609e+01 | 26 -0.21270  1.41612e+01 | 27 -0.16698  9.76107e+00
 28  0.23420  4.03712e+00 | 29 -0.18126  8.01805e+00 | 30 -0.01799  2.04785e+00
 31 -0.03027  2.02961e+00 | 32  0.00152 -1.40588e+00 | 33 -0.00181 -7.78780e+00
 34 -0.10916 -4.62638e+00 | 35 -0.03016 -3.29369e+00 | 36 -0.22439 -2.30270e+00
 37 -0.00988 -1.78347e+00 | 38 -0.17999  3.66393e+00 | 39 -0.10983  6.29919e+00
 40 -0.19119  7.01081e+00 | 41 -0.16792  3.71876e+00 | 42 -0.34052 -1.14180e+01
 43  0.39677 -2.44813e+01 | 44 -0.29313 -4.36661e+00 | 45  0.01115  3.48976e-01
 46 -0.12837 -2.03037e+00 | 47  0.08742  7.16145e+00 | 48 -0.15751  3.85144e+00
 49 -0.32286  4.50282e+00 | 50 -0.37328  4.10272e+00 | 51 -0.13050  2.16891e+00
 52 -0.17406  5.14968e-01 | 53  0.08481 -7.11110e+00 | 54  0.15544  3.59576e+00
 55 -0.01875  7.61484e-01 | 56  0.10707 -1.18874e+01 | 57  0.21225  4.49915e+00
 58 -0.06780 -7.74850e-01 | 59  0.07547 -5.16570e+00 | 60 -0.04351 -2.99921e+00
 61 -0.08780  8.16851e-01 | 62 -0.25062  1.88699e+00 | 63 -0.17331 -3.98747e-01
 64 -0.07618 -2.96987e+00 | 65  0.02430 -2.18384e-01 | 66 -0.13934 -4.82207e-01
 67 -0.00068  2.02276e+00 | 68  0.09396 -1.28878e+00 | 69 -0.28241 -1.35483e+00
 70 -0.09189  1.99099e+00 | 71  0.16396  4.27551e+01 | 72 -0.18364 -7.97616e+01
 73 -0.07881 -1.19682e-01 | 74 -0.24483 -2.02375e+00 | 75 -0.64270  8.55299e-01
 76 -0.30082  1.08507e+00 | 77  0.28298  1.05872e+01 | 78 -0.15980 -2.28990e+01
 79 -0.48962  2.78479e-01 | 80  0.39312  1.26215e+00 | 81 -0.08363  3.10823e-01
 82  0.31896  1.89770e+01 | 83 -0.17712 -3.99311e+01 | 84  0.44491  1.09186e-02
 85  0.18398  1.12956e+01 | 86 -0.11750 -4.88109e+01 | 87  0.36588  4.35286e-02
 88 -0.13683  1.13483e+01 | 89 -0.31766  2.01006e-01 | 90 -0.10291  3.04812e+00
 91 -0.05754  3.43682e+00 | 92 -0.01550 -2.34846e+00 | 93 -0.01245  3.87876e-01
 94 -0.13213 -1.18812e+00 | 95  0.49474  2.12623e+00 | 96 -0.13520 -1.71963e+00
 97  0.35424  4.50078e+00 | 98 -0.27684 -1.49108e+01 | 99 -0.03756 -1.52927e+01
100 -0.32092 -1.10688e+00 |101  0.03855 -1.68012e+00 |102 -0.20472  2.24262e+00
102 variables; iteration 80; function evaluation 101; phase 4
Function value 2.6049907e+03; maximum gradient component mag -1.0480e+02
Var    Value     Gradient |Var    Value     Gradient |Var    Value     Gradient
  1 -0.25655 -1.04796e+02 |  2 -0.00644 -1.54899e+01 |  3 -0.04600 -4.52343e+00
  4  0.01814  5.58570e+00 |  5 -0.40684 -9.04412e+00 |  6  0.03522 -1.36681e+01
  7  0.10935 -4.35221e+01 |  8 -0.11452 -5.84506e+00 |  9  0.16084  2.34362e+00
 10 -0.19581 -8.69624e+00 | 11 -0.11979  7.97076e+01 | 12  0.06070  4.81096e+00
 13  0.08294  4.46920e+00 | 14  0.11025  2.10755e+00 | 15  0.04091  1.98559e+00
 16  0.00668  2.72562e+00 | 17  0.05293  2.74392e+00 | 18  0.03262  4.94533e+00
 19  0.15059  5.58071e+00 | 20 -0.02198  8.32177e+00 | 21 -0.07283  8.10841e+00
 22 -0.06291  1.03592e+01 | 23  0.09870  3.95035e+00 | 24 -0.06251  2.56310e+00
 25 -0.14246  6.87188e+00 | 26 -0.22278  5.58358e+00 | 27 -0.21482 -4.14232e-01
 28  0.25835  2.42935e+01 | 29 -0.21557  2.04016e+00 | 30 -0.00772 -1.70760e+00
 31 -0.01213  4.84537e+00 | 32  0.01105  2.94366e+00 | 33  0.01474  3.07982e+00
 34 -0.09028  2.63714e+00 | 35 -0.01533  4.97281e+00 | 36 -0.22798 -2.56977e+00
 37 -0.00168 -2.15410e+00 | 38 -0.17793  2.16981e+00 | 39 -0.11062  2.80658e+00
 40 -0.19806  3.99907e+00 | 41 -0.17529  2.27060e+00 | 42 -0.24233 -7.29974e+00
 43  0.41007  4.91040e+00 | 44 -0.30391 -5.31634e+00 | 45  0.00984 -5.95747e+00
 46 -0.10595  3.45888e+00 | 47  0.08990  1.36409e+00 | 48 -0.15291  3.84498e+00
 49 -0.32368  3.56673e+00 | 50 -0.36786  4.62654e+00 | 51 -0.13310 -1.45713e+00
 52 -0.18169 -1.03655e+00 | 53  0.09642  3.59761e+00 | 54  0.15199 -8.48344e+00
 55 -0.02588 -4.11615e+00 | 56  0.11872 -7.08677e+00 | 57  0.20812 -4.70557e+00
 58 -0.07428 -3.55902e+00 | 59  0.08372 -4.84862e-01 | 60 -0.01654  6.48516e+00
 61 -0.09860 -2.93549e+00 | 62 -0.26230 -4.75218e-01 | 63 -0.16642 -8.82324e-01
 64 -0.07370 -4.18711e+00 | 65  0.02355 -2.72302e+00 | 66 -0.13766 -2.38241e-01
 67 -0.00575  7.14905e-01 | 68  0.09438 -1.46658e+00 | 69 -0.26104  1.15946e+00
 70 -0.10366  8.57697e-01 | 71  0.15523  1.90033e+01 | 72 -0.18549 -4.35910e+01
 73 -0.03336 -4.09660e-01 | 74 -0.23516  1.87512e+00 | 75 -0.60392  9.94932e-01
 76 -0.31607 -3.39134e+00 | 77  0.27748 -2.34968e+00 | 78 -0.15995 -2.94163e+00
 79 -0.49085 -1.65953e+00 | 80  0.28230 -6.09840e-01 | 81 -0.11478  6.38012e+00
 82  0.32299  1.74435e+00 | 83 -0.17368 -5.41986e+00 | 84  0.41555  9.89132e-03
 85  0.20607  3.64681e+00 | 86 -0.10595 -2.22122e+01 | 87  0.21989  1.87329e-01
 88 -0.14163  2.15918e+00 | 89 -0.32706 -2.27114e+00 | 90 -0.11222 -1.18235e+00
 91 -0.06071  1.31713e+00 | 92 -0.01314  3.52227e+00 | 93 -0.00135  3.66059e+00
 94 -0.12753  3.24364e+00 | 95  0.47768  1.20769e+00 | 96 -0.14220 -4.01472e-01
 97  0.32123  5.35608e+00 | 98 -0.29286 -2.82650e+01 | 99 -0.03612  2.52230e+00
100 -0.32141 -1.46461e+01 |101  0.04557  9.91538e-01 |102 -0.19930  1.56142e+00
102 variables; iteration 100; function evaluation 126; phase 4
Function value 2.6029714e+03; maximum gradient component mag -2.9141e+01
Var    Value     Gradient |Var    Value     Gradient |Var    Value     Gradient
  1 -0.25424 -2.50995e+01 |  2  0.00446  6.55053e+00 |  3 -0.05456  3.43690e+00
  4  0.01761  2.38398e+00 |  5 -0.40775  8.86661e-01 |  6  0.03411  1.23748e+00
  7  0.10711  7.05665e+00 |  8 -0.10320 -6.52696e-01 |  9  0.15430  2.18267e+00
 10 -0.16697  5.88252e-01 | 11 -0.12003  1.83212e+01 | 12  0.05562  1.77640e+00
 13  0.09388  1.97564e+00 | 14  0.10504 -6.36654e-01 | 15  0.06102  8.10226e-01
 16 -0.00783 -5.56647e-02 | 17  0.05319 -5.56508e-01 | 18  0.03161  3.29604e+00
 19  0.16223  2.59093e+00 | 20 -0.04333  1.16242e+00 | 21 -0.07736 -3.77709e-01
 22 -0.09028  9.87787e-01 | 23  0.10891  3.91545e+00 | 24 -0.06672 -2.06169e-02
 25 -0.14906  2.20487e+00 | 26 -0.22824  2.30516e+00 | 27 -0.23123 -3.93739e+00
 28  0.25894  2.55404e+00 | 29 -0.24248 -1.31123e+00 | 30  0.00334  3.95506e-01
 31 -0.01635  2.40023e+00 | 32  0.01407  1.67981e+00 | 33  0.01653  1.51518e+00
 34 -0.09202  2.50068e-01 | 35 -0.02066  9.23340e-01 | 36 -0.20069  1.87272e-01
 37 -0.00235 -2.26073e+00 | 38 -0.18291  6.11940e-01 | 39 -0.10732  2.08029e+00
 40 -0.20695  1.66456e+00 | 41 -0.18540  5.48816e-01 | 42 -0.18764 -3.88635e+00
 43  0.41250  2.46729e+00 | 44 -0.27232 -3.33004e+00 | 45  0.02050 -2.71880e-01
 46 -0.10563  2.86897e+00 | 47  0.09036 -1.69936e+00 | 48 -0.15849  4.82023e-01
 49 -0.32357  3.47194e+00 | 50 -0.38388  2.19513e+00 | 51 -0.13010  2.09175e-01
 52 -0.17466  5.79898e-02 | 53  0.09356 -3.17224e+00 | 54  0.15710 -2.63994e+00
 55 -0.02081 -1.34608e+00 | 56  0.12882  1.68476e+00 | 57  0.21014 -1.20094e+00
 58 -0.06231 -6.02692e-01 | 59  0.08640 -1.51293e+00 | 60 -0.03080 -7.07654e-01
 61 -0.07796  8.88814e-01 | 62 -0.25040  4.47438e-01 | 63 -0.16900 -1.27195e+00
 64 -0.06025 -6.21752e-01 | 65  0.03179  7.97717e-01 | 66 -0.13636 -5.19376e-01
 67 -0.01301 -8.62921e-01 | 68  0.11168 -7.22560e-02 | 69 -0.27638 -5.49854e-01
 70 -0.11667  2.54530e-02 | 71  0.17174  3.35793e+00 | 72 -0.17190 -4.07324e+00
 73 -0.01053  7.37958e-01 | 74 -0.26970 -3.43370e+00 | 75 -0.81629 -6.97670e-02
 76 -0.29981 -9.24936e-01 | 77  0.28480 -2.73604e-01 | 78 -0.15730 -1.58566e+00
 79 -0.51073 -3.62583e+00 | 80  0.21066 -6.48694e-01 | 81 -0.15244  2.32118e+00
 82  0.32562 -2.24428e+00 | 83 -0.17193  5.40134e+00 | 84  0.36416  1.36143e-02
 85  0.24209  1.98244e+00 | 86 -0.09262 -2.94645e+00 | 87 -0.10235  4.10033e-01
 88 -0.14060 -1.57684e+00 | 89 -0.32232  1.88772e+00 | 90 -0.10854 -4.89433e-01
 91 -0.06024 -5.14286e-01 | 92 -0.00432  1.61462e+00 | 93  0.00032  5.80124e-02
 94 -0.15336 -1.80997e+00 | 95  0.46128  4.79852e-01 | 96 -0.14941  2.56382e-01
 97  0.34568  4.37960e+00 | 98 -0.28209 -1.85424e+01 | 99 -0.03163  2.82324e+01
100 -0.31758 -2.91409e+01 |101  0.04455  2.14933e+00 |102 -0.20204 -2.61971e-01
102 variables; iteration 120; function evaluation 151; phase 4
Function value 2.6019932e+03; maximum gradient component mag 9.6760e+00
Var    Value     Gradient |Var    Value     Gradient |Var    Value     Gradient
  1 -0.24853  9.67599e+00 |  2  0.01192 -1.85268e+00 |  3 -0.06386 -4.36974e-01
  4  0.02174 -4.35959e-01 |  5 -0.40928 -1.32191e+00 |  6  0.02731  6.52864e-01
  7  0.10232 -5.36962e+00 |  8 -0.08598 -4.86252e-01 |  9  0.14473 -3.40765e-01
 10 -0.15596 -3.01377e-01 | 11 -0.11215 -7.60566e+00 | 12  0.05723 -4.81041e-01
 13  0.04402 -8.18800e-01 | 14  0.15792 -1.18961e+00 | 15  0.02101 -8.91569e-01
 16 -0.01421 -9.05805e-01 | 17  0.07371 -1.41976e+00 | 18 -0.00317 -8.90011e-01
 19  0.16875 -1.90340e+00 | 20 -0.05741 -4.11685e-01 | 21 -0.06870 -5.91189e-03
 22 -0.09580 -1.92538e-01 | 23  0.10610 -9.16695e-02 | 24 -0.06255 -3.07943e-01
 25 -0.15606  1.01352e-01 | 26 -0.25092 -3.86854e-01 | 27 -0.19439  1.30181e-01
 28  0.25495  1.79551e-01 | 29 -0.23024 -8.06056e-02 | 30  0.00122 -2.40575e-01
 31 -0.02146 -2.01703e-02 | 32  0.01272  8.88059e-02 | 33  0.01334  1.52246e-03
 34 -0.09193  1.27119e-01 | 35 -0.02371  1.74865e-01 | 36 -0.20484  4.68772e-02
 37 -0.00145  1.10832e-01 | 38 -0.18755 -9.81906e-02 | 39 -0.11066  2.76991e-02
 40 -0.21470 -9.23129e-03 | 41 -0.19307 -9.79618e-02 | 42 -0.14815 -1.55780e-01
 43  0.41108  2.01753e-01 | 44 -0.23245 -1.74449e-01 | 45  0.02021 -2.47318e-01
 46 -0.11373  1.48707e-01 | 47  0.09153 -5.22029e-02 | 48 -0.16080 -1.34204e-01
 49 -0.34074  9.68196e-02 | 50 -0.39806  2.44525e-01 | 51 -0.13030 -1.23792e-01
 52 -0.17674 -5.28873e-02 | 53  0.09623  2.14627e-01 | 54  0.15830 -2.51416e-01
 55 -0.01916 -2.68066e-01 | 56  0.12693 -2.69600e-02 | 57  0.21083 -3.17970e-01
 58 -0.06112 -1.69464e-01 | 59  0.08831  1.34046e-01 | 60 -0.02928  2.75226e-01
 61 -0.08233 -8.48848e-02 | 62 -0.25620 -2.10604e-01 | 63 -0.16420 -3.79702e-01
 64 -0.05982 -1.82034e-01 | 65  0.03056  8.91144e-02 | 66 -0.13261  1.41689e-01
 67 -0.00679  3.22295e-02 | 68  0.11477  1.77900e-01 | 69 -0.27137 -9.80338e-02
 70 -0.11814  6.81768e-02 | 71  0.17949  4.38033e-01 | 72 -0.16854 -1.08564e+00
 73 -0.08310  5.44381e-02 | 74 -0.26812  2.14221e+00 | 75 -0.83079 -5.38899e-01
 76 -0.29806  5.90613e-03 | 77  0.27816 -1.09115e+00 | 78 -0.16056  1.15281e+00
 79 -0.49236 -2.99771e-01 | 80  0.20004  3.67448e-02 | 81 -0.16127  1.29389e-01
 82  0.31344 -3.51801e-01 | 83 -0.17906  1.42656e+00 | 84 -0.23235  9.94964e-02
 85  0.24335  2.64030e-01 | 86 -0.09260  1.09875e+00 | 87 -0.11888  2.91746e-01
 88 -0.14297 -7.43564e-01 | 89 -0.32743  1.47876e-01 | 90 -0.10516 -2.66235e-01
 91 -0.05930 -6.15789e-01 | 92 -0.01546  1.57597e-01 | 93 -0.01061  2.04150e-01
 94 -0.12789  2.42345e-01 | 95  0.44637  9.08754e-02 | 96 -0.15640  4.88668e-02
 97  0.36449  3.82563e-02 | 98 -0.27201 -5.88310e-02 | 99 -0.02370 -2.33730e+00
100 -0.30379  2.27372e+00 |101  0.03918 -1.50563e-01 |102 -0.20731  1.04643e-01
  ic > imax  in fminim is answer attained ?
Var    Value     Gradient |Var    Value     Gradient |Var    Value     Gradient
  1 -0.24928 -3.41036e-03 |  2  0.01380  7.46617e-04 |  3 -0.06520  3.94905e-04
  4  0.02241  7.04840e-04 |  5 -0.40874  6.57613e-04 |  6  0.02870 -2.00832e-04
  7  0.10273 -7.39373e-04 |  8 -0.08748 -2.37748e-04 |  9  0.14490  1.59041e-04
 10 -0.15861 -1.53227e-04 | 11 -0.11273  2.63831e-03 | 12  0.05412  5.29145e-04
 13  0.05416  2.92439e-04 | 14  0.15275  6.42526e-04 | 15  0.02626  1.99740e-04
 16 -0.01141  1.29685e-05 | 17  0.07348 -8.52246e-05 | 18 -0.00141 -2.33438e-04
 19  0.16885 -2.32783e-04 | 20 -0.05610  4.82850e-05 | 21 -0.07034  5.93265e-05
 22 -0.09432  1.88531e-04 | 23  0.10557  3.45463e-04 | 24 -0.06126  1.27377e-04
 25 -0.15794  1.95159e-04 | 26 -0.24783 -5.68173e-05 | 27 -0.19612  3.16584e-04
 28  0.25479  1.00766e-03 | 29 -0.22978  6.37102e-05 | 30  0.00128 -9.32342e-05
 31 -0.02156 -6.77600e-05 | 32  0.01248 -2.34353e-05 | 33  0.01348 -2.60958e-05
 34 -0.09222 -1.29038e-04 | 35 -0.02369 -7.83110e-05 | 36 -0.20483 -2.06258e-04
 37 -0.00140 -3.64225e-04 | 38 -0.18683 -7.69816e-05 | 39 -0.11050  8.08868e-05
 40 -0.21431  1.08699e-04 | 41 -0.19241  8.65854e-05 | 42 -0.14669  1.11487e-04
 43  0.41130  1.33726e-04 | 44 -0.23049  1.61336e-05 | 45  0.02067 -3.13803e-04
 46 -0.11408 -2.22801e-04 | 47  0.09191  2.60588e-04 | 48 -0.15996  1.51714e-04
 49 -0.34053 -3.56525e-05 | 50 -0.39949  3.42444e-05 | 51 -0.12955 -2.37384e-04
 52 -0.17634 -4.98078e-05 | 53  0.09646 -2.56572e-05 | 54  0.15879  3.01725e-05
 55 -0.01827  2.05014e-04 | 56  0.12745 -2.27511e-04 | 57  0.21180 -3.29592e-04
 58 -0.06002 -5.92689e-05 | 59  0.08849 -1.84426e-05 | 60 -0.02941  2.37669e-04
 61 -0.08155 -1.33424e-04 | 62 -0.25438  2.29942e-05 | 63 -0.16242  5.25870e-05
 64 -0.05929 -2.17569e-04 | 65  0.03112 -2.14236e-04 | 66 -0.13271  2.75525e-05
 67 -0.00659  1.65096e-04 | 68  0.11321 -5.35810e-05 | 69 -0.26999  3.25597e-05
 70 -0.11891  8.05967e-05 | 71  0.17978  1.96009e-03 | 72 -0.16809 -2.77655e-03
 73 -0.09056  3.01078e-04 | 74 -0.25052  1.73390e-03 | 75 -0.68003 -2.09934e-04
 76 -0.30386  1.66890e-04 | 77  0.27785 -8.14434e-04 | 78 -0.16064 -1.34973e-05
 79 -0.49225 -1.15123e-04 | 80  0.19678 -1.00574e-04 | 81 -0.16300  4.55560e-04
 82  0.31142  1.43589e-04 | 83 -0.17993 -4.36782e-04 | 84 -0.24133  2.58678e-05
 85  0.24171 -9.33199e-04 | 86 -0.09313  2.26125e-03 | 87 -0.12967 -7.06466e-05
 88 -0.14311  1.13657e-04 | 89 -0.32764  8.39077e-05 | 90 -0.10307 -4.27760e-05
 91 -0.05956  6.94706e-05 | 92 -0.01541 -1.12049e-04 | 93 -0.01102 -3.25156e-05
 94 -0.12881 -3.21548e-05 | 95  0.44193 -1.91661e-04 | 96 -0.15837 -1.36608e-04
 97  0.36210 -1.19861e-04 | 98 -0.27242  1.18569e-03 | 99 -0.02548  1.49093e-03
100 -0.30605 -1.87068e-03 |101  0.03892  2.38675e-04 |102 -0.20747 -6.32618e-05
Function minimizer not making progress ... is minimum attained?
Minimprove criterion = 0.0000e+00

 - final statistics:
102 variables; iteration 140; function evaluation 200
Function value 2.6019e+03; maximum gradient component mag -3.4104e-03
Exit code = 1;  converg criter 1.0000e-04
Var    Value     Gradient |Var    Value     Gradient |Var    Value     Gradient
  1 -0.24928 -3.41036e-03 |  2  0.01380  7.46617e-04 |  3 -0.06520  3.94905e-04
  4  0.02241  7.04840e-04 |  5 -0.40874  6.57613e-04 |  6  0.02870 -2.00832e-04
  7  0.10273 -7.39373e-04 |  8 -0.08748 -2.37748e-04 |  9  0.14490  1.59041e-04
 10 -0.15861 -1.53227e-04 | 11 -0.11273  2.63831e-03 | 12  0.05412  5.29145e-04
 13  0.05416  2.92439e-04 | 14  0.15275  6.42526e-04 | 15  0.02626  1.99740e-04
 16 -0.01141  1.29685e-05 | 17  0.07348 -8.52246e-05 | 18 -0.00141 -2.33438e-04
 19  0.16885 -2.32783e-04 | 20 -0.05610  4.82850e-05 | 21 -0.07034  5.93265e-05
 22 -0.09432  1.88531e-04 | 23  0.10557  3.45463e-04 | 24 -0.06126  1.27377e-04
 25 -0.15794  1.95159e-04 | 26 -0.24783 -5.68173e-05 | 27 -0.19612  3.16584e-04
 28  0.25479  1.00766e-03 | 29 -0.22978  6.37102e-05 | 30  0.00128 -9.32342e-05
 31 -0.02156 -6.77600e-05 | 32  0.01248 -2.34353e-05 | 33  0.01348 -2.60958e-05
 34 -0.09222 -1.29038e-04 | 35 -0.02369 -7.83110e-05 | 36 -0.20483 -2.06258e-04
 37 -0.00140 -3.64225e-04 | 38 -0.18683 -7.69816e-05 | 39 -0.11050  8.08868e-05
 40 -0.21431  1.08699e-04 | 41 -0.19241  8.65854e-05 | 42 -0.14669  1.11487e-04
 43  0.41130  1.33726e-04 | 44 -0.23049  1.61336e-05 | 45  0.02067 -3.13803e-04
 46 -0.11408 -2.22801e-04 | 47  0.09191  2.60588e-04 | 48 -0.15996  1.51714e-04
 49 -0.34053 -3.56525e-05 | 50 -0.39949  3.42444e-05 | 51 -0.12955 -2.37384e-04
 52 -0.17634 -4.98078e-05 | 53  0.09646 -2.56572e-05 | 54  0.15879  3.01725e-05
 55 -0.01827  2.05014e-04 | 56  0.12745 -2.27511e-04 | 57  0.21180 -3.29592e-04
 58 -0.06002 -5.92689e-05 | 59  0.08849 -1.84426e-05 | 60 -0.02941  2.37669e-04
 61 -0.08155 -1.33424e-04 | 62 -0.25438  2.29942e-05 | 63 -0.16242  5.25870e-05
 64 -0.05929 -2.17569e-04 | 65  0.03112 -2.14236e-04 | 66 -0.13271  2.75525e-05
 67 -0.00659  1.65096e-04 | 68  0.11321 -5.35810e-05 | 69 -0.26999  3.25597e-05
 70 -0.11891  8.05967e-05 | 71  0.17978  1.96009e-03 | 72 -0.16809 -2.77655e-03
 73 -0.09056  3.01078e-04 | 74 -0.25052  1.73390e-03 | 75 -0.68003 -2.09934e-04
 76 -0.30386  1.66890e-04 | 77  0.27785 -8.14434e-04 | 78 -0.16064 -1.34973e-05
 79 -0.49225 -1.15123e-04 | 80  0.19678 -1.00574e-04 | 81 -0.16300  4.55560e-04
 82  0.31142  1.43589e-04 | 83 -0.17993 -4.36782e-04 | 84 -0.24133  2.58678e-05
 85  0.24171 -9.33199e-04 | 86 -0.09313  2.26125e-03 | 87 -0.12967 -7.06466e-05
 88 -0.14311  1.13657e-04 | 89 -0.32764  8.39077e-05 | 90 -0.10307 -4.27760e-05
 91 -0.05956  6.94706e-05 | 92 -0.01541 -1.12049e-04 | 93 -0.01102 -3.25156e-05
 94 -0.12881 -3.21548e-05 | 95  0.44193 -1.91661e-04 | 96 -0.15837 -1.36608e-04
 97  0.36210 -1.19861e-04 | 98 -0.27242  1.18569e-03 | 99 -0.02548  1.49093e-03
100 -0.30605 -1.87068e-03 |101  0.03892  2.38675e-04 |102 -0.20747 -6.32618e-05

Initial statistics: 114 variables; iteration 0; function evaluation 0; phase 5
Function value 2.6019242e+03; maximum gradient component mag -3.3909e-03
Var    Value     Gradient |Var    Value     Gradient |Var    Value     Gradient
  1 -0.24928 -3.39086e-03 |  2  0.01380  7.37971e-04 |  3 -0.06520  3.90422e-04
  4  0.02241  6.99448e-04 |  5 -0.40874  6.50312e-04 |  6  0.02870 -2.00314e-04
  7  0.10273 -7.36782e-04 |  8 -0.08748 -2.36192e-04 |  9  0.14490  1.57672e-04
 10 -0.15861 -1.52913e-04 | 11 -0.11273  2.62406e-03 | 12  0.05412  5.25395e-04
 13  0.05416  2.89232e-04 | 14  0.15275  6.37799e-04 | 15  0.02626  1.98326e-04
 16 -0.01141  1.33719e-05 | 17  0.07348 -8.32934e-05 | 18 -0.00141 -2.31867e-04
 19  0.16885 -2.28741e-04 | 20 -0.05610  4.98257e-05 | 21 -0.07034  5.99868e-05
 22 -0.09432  1.88173e-04 | 23  0.10557  3.43433e-04 | 24 -0.06126  1.26778e-04
 25 -0.15794  1.93804e-04 | 26 -0.24783 -5.61907e-05 | 27 -0.19612  3.14900e-04
 28  0.25479  1.00325e-03 | 29 -0.22978  6.29597e-05 | 30  0.00128 -9.31464e-05
 31 -0.02156 -6.78161e-05 | 32  0.01248 -2.30493e-05 | 33  0.01348 -2.56278e-05
 34 -0.09222 -1.27836e-04 | 35 -0.02369 -7.74952e-05 | 36 -0.20483 -2.04534e-04
 37 -0.00140 -3.61058e-04 | 38 -0.18683 -7.63606e-05 | 39 -0.11050  8.02432e-05
 40 -0.21431  1.07962e-04 | 41 -0.19241  8.52770e-05 | 42 -0.14669  1.10324e-04
 43  0.41130  1.34205e-04 | 44 -0.23049  1.63701e-05 | 45  0.02067 -3.11932e-04
 46 -0.11408 -2.21700e-04 | 47  0.09191  2.57849e-04 | 48 -0.15996  1.50689e-04
 49 -0.34053 -3.53601e-05 | 50 -0.39949  3.44219e-05 | 51 -0.12955 -2.35781e-04
 52 -0.17634 -4.93866e-05 | 53  0.09646 -2.34594e-05 | 54  0.15879  2.93921e-05
 55 -0.01827  2.03845e-04 | 56  0.12745 -2.26852e-04 | 57  0.21180 -3.27367e-04
 58 -0.06002 -5.90409e-05 | 59  0.08849 -1.81875e-05 | 60 -0.02941  2.36282e-04
 61 -0.08155 -1.32679e-04 | 62 -0.25438  2.25287e-05 | 63 -0.16242  5.21326e-05
 64 -0.05929 -2.16151e-04 | 65  0.03112 -2.13069e-04 | 66 -0.13271  2.71055e-05
 67 -0.00659  1.64102e-04 | 68  0.11321 -5.35313e-05 | 69  0.00000  0.00000e+00
 70  0.00000  0.00000e+00 | 71  0.00000  0.00000e+00 | 72  0.00000  0.00000e+00
 73  0.00000  0.00000e+00 | 74  0.00000  0.00000e+00 | 75  0.00000  0.00000e+00
 76  0.00000  0.00000e+00 | 77  0.00000  0.00000e+00 | 78  0.00000  0.00000e+00
 79  0.00000  0.00000e+00 | 80  0.00000  0.00000e+00 | 81 -0.26999  3.20893e-05
 82 -0.11891  7.98678e-05 | 83  0.17978  1.94266e-03 | 84 -0.16809 -2.75240e-03
 85 -0.09056  2.98734e-04 | 86 -0.25052  1.72227e-03 | 87 -0.68003 -2.08432e-04
 88 -0.30386  1.65973e-04 | 89  0.27785 -8.04251e-04 | 90 -0.16064 -1.48852e-05
 91 -0.49225 -1.12810e-04 | 92  0.19678 -9.97821e-05 | 93 -0.16300  4.52365e-04
 94  0.31142  1.41023e-04 | 95 -0.17993 -4.31368e-04 | 96 -0.24133  2.55830e-05
 97  0.24171 -9.23636e-04 | 98 -0.09313  2.23955e-03 | 99 -0.12967 -7.02343e-05
100 -0.14311  1.12757e-04 |101 -0.32764  8.35100e-05 |102 -0.10307 -4.26306e-05
103 -0.05956  6.83951e-05 |104 -0.01541 -1.11421e-04 |105 -0.01102 -3.23036e-05
106 -0.12881 -3.18680e-05 |107  0.44193 -1.90088e-04 |108 -0.15837 -1.36638e-04
109  0.36210 -1.20547e-04 |110 -0.27242  1.18304e-03 |111 -0.02548  1.49426e-03
112 -0.30605 -1.86995e-03 |113  0.03892  2.36077e-04 |114 -0.20747 -6.26215e-05
  ic > imax  in fminim is answer attained ?
Var    Value     Gradient |Var    Value     Gradient |Var    Value     Gradient
  1 -0.24928  3.50152e-03 |  2  0.01380 -1.22487e-04 |  3 -0.06520 -1.64454e-04
  4  0.02241  2.19361e-04 |  5 -0.40874  3.77283e-04 |  6  0.02870  6.68554e-04
  7  0.10273 -1.69622e-03 |  8 -0.08748 -3.73415e-04 |  9  0.14490 -9.00343e-05
 10 -0.15861 -2.16463e-04 | 11 -0.11273 -3.40872e-03 | 12  0.05412  1.63782e-04
 13  0.05416 -9.10749e-05 | 14  0.15275 -7.57810e-05 | 15  0.02626 -1.41950e-04
 16 -0.01141 -2.48183e-04 | 17  0.07348 -5.06599e-04 | 18 -0.00141 -4.89535e-04
 19  0.16885 -9.49432e-04 | 20 -0.05610 -1.54497e-04 | 21 -0.07034 -1.55677e-04
 22 -0.09432 -1.42676e-05 | 23  0.10557 -3.70991e-04 | 24 -0.06126 -1.36701e-04
 25 -0.15794  4.32790e-05 | 26 -0.24783 -1.39471e-04 | 27 -0.19612  1.84987e-04
 28  0.25479 -7.80375e-04 | 29 -0.22978 -2.38037e-05 | 30  0.00128 -4.08405e-04
 31 -0.02156 -3.04277e-04 | 32  0.01248 -2.96609e-04 | 33  0.01348 -2.88480e-04
 34 -0.09222 -2.43232e-04 | 35 -0.02369 -2.25136e-04 | 36 -0.20483 -2.30642e-04
 37 -0.00140 -3.72957e-04 | 38 -0.18683 -7.41629e-05 | 39 -0.11050  8.74077e-05
 40 -0.21431  1.14846e-04 | 41 -0.19241  9.04724e-05 | 42 -0.14669  9.83898e-05
 43  0.41130 -2.08564e-04 | 44 -0.23049  7.27076e-06 | 45  0.02067 -3.19686e-04
 46 -0.11408 -2.17181e-04 | 47  0.09191  2.29828e-04 | 48 -0.15996  1.60182e-04
 49 -0.34053 -2.38250e-05 | 50 -0.39949  4.08150e-05 | 51 -0.12955 -1.82906e-04
 52 -0.17634 -3.04425e-05 | 53  0.09646  4.75897e-05 | 54  0.15879  8.38220e-05
 55 -0.01827  2.05538e-04 | 56  0.12745 -1.28504e-04 | 57  0.21180 -1.56974e-04
 58 -0.06002 -3.68210e-05 | 59  0.08849  1.81258e-05 | 60 -0.02941  2.39518e-04
 61 -0.08155 -1.11665e-04 | 62 -0.25438  2.65563e-05 | 63 -0.16242  5.89710e-05
 64 -0.05929 -1.86561e-04 | 65  0.03112 -1.61487e-04 | 66 -0.13271  2.76692e-05
 67 -0.00659  1.60121e-04 | 68  0.11321 -5.15000e-05 | 69  0.00000  0.00000e+00
 70  0.00000  0.00000e+00 | 71  0.00000  0.00000e+00 | 72  0.00000  0.00000e+00
 73  0.00000  0.00000e+00 | 74  0.00000  0.00000e+00 | 75  0.00000  0.00000e+00
 76  0.00000  0.00000e+00 | 77  0.00000  0.00000e+00 | 78  0.00000  0.00000e+00
 79  0.00000  0.00000e+00 | 80  0.00000  0.00000e+00 | 81 -0.26999  3.81769e-05
 82 -0.11891  8.12469e-05 | 83  0.17978  1.24340e-03 | 84 -0.16809 -1.78850e-03
 85 -0.09056  2.39529e-04 | 86 -0.25052  1.19080e-03 | 87 -0.68003 -1.26807e-04
 88 -0.30386  6.16514e-05 | 89  0.27785 -9.28118e-04 | 90 -0.16064  3.31564e-04
 91 -0.49225 -1.07752e-04 | 92  0.19678 -7.42117e-05 | 93 -0.16300  3.95582e-04
 94  0.31142 -1.56431e-04 | 95 -0.17993 -5.19274e-05 | 96 -0.24133 -9.65521e-07
 97  0.24171 -1.00778e-03 | 98 -0.09313  2.22090e-03 | 99 -0.12967 -9.71402e-05
100 -0.14311 -3.05829e-05 |101 -0.32764  1.29045e-04 |102 -0.10307 -5.96889e-05
103 -0.05956 -2.05026e-04 |104 -0.01541 -1.32934e-04 |105 -0.01102 -1.67384e-05
106 -0.12881 -3.17730e-05 |107  0.44193 -2.43665e-04 |108 -0.15837 -6.49832e-05
109  0.36210 -2.57226e-05 |110 -0.27242  8.36262e-04 |111 -0.02548 -4.85855e-04
112 -0.30605 -4.73969e-04 |113  0.03892  5.02697e-05 |114 -0.20747  7.29550e-05
Function minimizer not making progress ... is minimum attained?
Minimprove criterion = 0.0000e+00

 - final statistics:
114 variables; iteration 5; function evaluation 36
Function value 2.6019e+03; maximum gradient component mag 3.5015e-03
Exit code = 1;  converg criter 1.0000e-04
Var    Value     Gradient |Var    Value     Gradient |Var    Value     Gradient
  1 -0.24928  3.50152e-03 |  2  0.01380 -1.22487e-04 |  3 -0.06520 -1.64454e-04
  4  0.02241  2.19361e-04 |  5 -0.40874  3.77283e-04 |  6  0.02870  6.68554e-04
  7  0.10273 -1.69622e-03 |  8 -0.08748 -3.73415e-04 |  9  0.14490 -9.00343e-05
 10 -0.15861 -2.16463e-04 | 11 -0.11273 -3.40872e-03 | 12  0.05412  1.63782e-04
 13  0.05416 -9.10749e-05 | 14  0.15275 -7.57810e-05 | 15  0.02626 -1.41950e-04
 16 -0.01141 -2.48183e-04 | 17  0.07348 -5.06599e-04 | 18 -0.00141 -4.89535e-04
 19  0.16885 -9.49432e-04 | 20 -0.05610 -1.54497e-04 | 21 -0.07034 -1.55677e-04
 22 -0.09432 -1.42676e-05 | 23  0.10557 -3.70991e-04 | 24 -0.06126 -1.36701e-04
 25 -0.15794  4.32790e-05 | 26 -0.24783 -1.39471e-04 | 27 -0.19612  1.84987e-04
 28  0.25479 -7.80375e-04 | 29 -0.22978 -2.38037e-05 | 30  0.00128 -4.08405e-04
 31 -0.02156 -3.04277e-04 | 32  0.01248 -2.96609e-04 | 33  0.01348 -2.88480e-04
 34 -0.09222 -2.43232e-04 | 35 -0.02369 -2.25136e-04 | 36 -0.20483 -2.30642e-04
 37 -0.00140 -3.72957e-04 | 38 -0.18683 -7.41629e-05 | 39 -0.11050  8.74077e-05
 40 -0.21431  1.14846e-04 | 41 -0.19241  9.04724e-05 | 42 -0.14669  9.83898e-05
 43  0.41130 -2.08564e-04 | 44 -0.23049  7.27076e-06 | 45  0.02067 -3.19686e-04
 46 -0.11408 -2.17181e-04 | 47  0.09191  2.29828e-04 | 48 -0.15996  1.60182e-04
 49 -0.34053 -2.38250e-05 | 50 -0.39949  4.08150e-05 | 51 -0.12955 -1.82906e-04
 52 -0.17634 -3.04425e-05 | 53  0.09646  4.75897e-05 | 54  0.15879  8.38220e-05
 55 -0.01827  2.05538e-04 | 56  0.12745 -1.28504e-04 | 57  0.21180 -1.56974e-04
 58 -0.06002 -3.68210e-05 | 59  0.08849  1.81258e-05 | 60 -0.02941  2.39518e-04
 61 -0.08155 -1.11665e-04 | 62 -0.25438  2.65563e-05 | 63 -0.16242  5.89710e-05
 64 -0.05929 -1.86561e-04 | 65  0.03112 -1.61487e-04 | 66 -0.13271  2.76692e-05
 67 -0.00659  1.60121e-04 | 68  0.11321 -5.15000e-05 | 69  0.00000  0.00000e+00
 70  0.00000  0.00000e+00 | 71  0.00000  0.00000e+00 | 72  0.00000  0.00000e+00
 73  0.00000  0.00000e+00 | 74  0.00000  0.00000e+00 | 75  0.00000  0.00000e+00
 76  0.00000  0.00000e+00 | 77  0.00000  0.00000e+00 | 78  0.00000  0.00000e+00
 79  0.00000  0.00000e+00 | 80  0.00000  0.00000e+00 | 81 -0.26999  3.81769e-05
 82 -0.11891  8.12469e-05 | 83  0.17978  1.24340e-03 | 84 -0.16809 -1.78850e-03
 85 -0.09056  2.39529e-04 | 86 -0.25052  1.19080e-03 | 87 -0.68003 -1.26807e-04
 88 -0.30386  6.16514e-05 | 89  0.27785 -9.28118e-04 | 90 -0.16064  3.31564e-04
 91 -0.49225 -1.07752e-04 | 92  0.19678 -7.42117e-05 | 93 -0.16300  3.95582e-04
 94  0.31142 -1.56431e-04 | 95 -0.17993 -5.19274e-05 | 96 -0.24133 -9.65521e-07
 97  0.24171 -1.00778e-03 | 98 -0.09313  2.22090e-03 | 99 -0.12967 -9.71402e-05
100 -0.14311 -3.05829e-05 |101 -0.32764  1.29045e-04 |102 -0.10307 -5.96889e-05
103 -0.05956 -2.05026e-04 |104 -0.01541 -1.32934e-04 |105 -0.01102 -1.67384e-05
106 -0.12881 -3.17730e-05 |107  0.44193 -2.43665e-04 |108 -0.15837 -6.49832e-05
109  0.36210 -2.57226e-05 |110 -0.27242  8.36262e-04 |111 -0.02548 -4.85855e-04
112 -0.30605 -4.73969e-04 |113  0.03892  5.02697e-05 |114 -0.20747  7.29550e-05
size of file gradfil1.tmp = 0
size of file gradfil2.tmp = 0
size of file varssave.tmp = 0
size of file cmpdiff.tmp = 200000008
