
Initial statistics: 2 variables; iteration 0; function evaluation 0; phase 1
Function value 3.1211046e+03; maximum gradient component mag 6.5350e+01
Var    Value     Gradient |Var    Value     Gradient |Var    Value     Gradient
  1  0.22764  6.53502e+01 |  2 -0.40967 -1.68859e+01 |

 - final statistics:
2 variables; iteration 5; function evaluation 10
Function value 3.1158e+03; maximum gradient component mag 3.0994e+00
Exit code = 1;  converg criter 1.0000e+01
Var    Value     Gradient |Var    Value     Gradient |Var    Value     Gradient
  1  0.11822  3.09937e+00 |  2 -0.38181  7.01069e-02 |

Initial statistics: 12 variables; iteration 0; function evaluation 0; phase 2
Function value 3.1157797e+03; maximum gradient component mag -3.0708e+03
Var    Value     Gradient |Var    Value     Gradient |Var    Value     Gradient
  1 -0.25350 -3.43056e+02 |  2 -0.36315 -1.06494e+03 |  3  0.09126 -8.14542e+02
  4 -0.04247 -1.05134e+03 |  5 -0.61004 -8.99456e+02 |  6 -0.61004  4.94482e+02
  7  0.12819 -3.07079e+03 |  8 -0.06377 -2.15117e+03 |  9  0.00000 -1.00335e+03
 10  0.00000 -3.59138e+02 | 11  0.11822  3.09937e+00 | 12 -0.38181  7.01069e-02

Intermediate statistics: 12 variables; iteration 20; function evaluation 29; phase 2
Function value 2.5987328e+03; maximum gradient component mag 3.6917e+01
Var    Value     Gradient |Var    Value     Gradient |Var    Value     Gradient
  1 -0.18523  1.46120e+01 |  2  0.01238  5.16208e+00 |  3  0.02923  2.25822e+00
  4 -0.09738  8.10299e+00 |  5 -0.60936  6.78215e+00 |  6 -0.80490 -3.29066e+00
  7  0.25362  3.69170e+01 |  8 -0.09717  1.69760e+01 |  9  0.05156  5.06073e+00
 10  0.10671  4.46395e+00 | 11  0.92042 -1.64644e+00 | 12 -0.33611 -1.88077e+00

 - final statistics:
12 variables; iteration 23; function evaluation 32
Function value 2.5986e+03; maximum gradient component mag 4.1058e+00
Exit code = 1;  converg criter 1.0000e+01
Var    Value     Gradient |Var    Value     Gradient |Var    Value     Gradient
  1 -0.18734 -3.60356e+00 |  2  0.01214  5.55542e-01 |  3  0.03203  1.27013e+00
  4 -0.09976  2.05026e+00 |  5 -0.60963  3.95581e+00 |  6 -0.80322 -2.51286e-01
  7  0.25171  4.10582e+00 |  8 -0.09588  2.31791e+00 |  9  0.05339  8.15187e-01
 10  0.09204  5.37399e-01 | 11  1.00784  1.47275e-01 | 12 -0.32687  5.25034e-01

Initial statistics: 34 variables; iteration 0; function evaluation 0; phase 3
Function value 2.5985823e+03; maximum gradient component mag 1.1710e+03
Var    Value     Gradient |Var    Value     Gradient |Var    Value     Gradient
  1 -0.18734 -3.60356e+00 |  2  0.01214  5.55542e-01 |  3  0.03203  1.27013e+00
  4 -0.09976  2.05026e+00 |  5 -0.60963  3.95581e+00 |  6 -0.80322 -2.51286e-01
  7  0.16086 -1.11023e+02 |  8  0.25171  4.10582e+00 |  9 -0.09588  2.31791e+00
 10  0.05339  8.15187e-01 | 11  0.09204  5.37399e-01 | 12  0.99216 -1.47275e-01
 13 -0.32687  5.25034e-01 | 14 -0.11760 -3.82728e+02 | 15 -0.21635  1.19096e+02
 16 -0.11760 -9.18158e+02 | 17 -0.21635  2.93721e+02 | 18 -0.11760 -4.28705e+01
 19 -0.21635  1.26944e+01 | 20 -0.11760 -3.26383e+02 | 21 -0.21635  9.70969e+01
 22 -0.11760 -1.20953e+02 | 23 -0.21635  1.56222e+01 | 24 -0.11760  1.17102e+03
 25 -0.21635 -6.25070e+02 | 26  0.53959  3.97067e-03 | 27  0.62714  9.25267e-03
 28  0.00000  5.42337e+02 | 29 -0.21635 -3.33214e+02 | 30  0.16024  7.18134e+01
 31 -0.11760  6.74126e+02 | 32 -0.21635 -5.05953e+02 | 33  0.16024  2.04867e-03
 34  0.62714  1.01489e-02 |

Intermediate statistics: 34 variables; iteration 20; function evaluation 33; phase 3
Function value 2.2236195e+03; maximum gradient component mag -5.0000e+02
Var    Value     Gradient |Var    Value     Gradient |Var    Value     Gradient
  1 -0.01182  1.77661e+02 |  2  0.02139 -1.05569e+01 |  3  0.04182 -3.70049e+01
  4 -0.16025 -3.67969e+01 |  5 -0.60364 -2.36654e+02 |  6 -0.78603  1.08924e+02
  7  0.04662 -3.86965e+01 |  8  0.17336 -4.30683e+02 |  9  0.03836 -2.03630e+02
 10 -0.05882 -1.68687e+02 | 11  0.22870 -7.86858e+00 | 12  0.99183 -1.73181e-01
 13 -0.33367 -2.16555e-01 | 14  0.21186 -5.77513e+01 | 15  0.03480  7.42882e+01
 16  0.00626 -4.99997e+02 | 17 -0.15035  1.91316e+02 | 18  0.21779  2.84757e+00
 19  0.00270 -2.64347e+00 | 20  0.27365 -3.20421e+01 | 21 -0.01594  2.20743e+01
 22  0.31626 -6.72098e+01 | 23  0.14143  7.33030e+01 | 24 -0.36801 -4.19056e+01
 25 -0.56810 -3.37753e+00 | 26  0.53949  3.55069e-03 | 27  0.62695  5.05258e-03
 28  0.08909 -5.89183e+01 | 29  0.06322  1.29545e+01 | 30 -0.43209 -1.77072e+01
 31  0.10206 -1.35590e+01 | 32  0.25716  1.56719e+01 | 33  0.16023  8.85286e-04
 34  0.62700  5.06002e-03 |
34 variables; iteration 40; function evaluation 76; phase 3
Function value 2.1841865e+03; maximum gradient component mag 9.8941e+01
Var    Value     Gradient |Var    Value     Gradient |Var    Value     Gradient
  1 -0.02776  9.89411e+01 |  2  0.03403  1.66243e+01 |  3  0.01685  1.84916e+01
  4 -0.17750  2.70469e+01 |  5 -0.59757  2.00175e+01 |  6 -0.80408 -6.69065e-01
  7  0.01379  6.17517e-01 |  8  0.19282  5.16179e+01 |  9  0.04915  3.32367e+01
 10 -0.03856  1.09603e+01 | 11  0.16224 -2.52442e+00 | 12  0.36703 -2.10509e+01
 13 -0.35159  2.23173e+00 | 14  0.30701 -2.94052e+01 | 15  0.06488  3.02829e+01
 16  0.23012 -1.83625e+01 | 17  0.04560  2.11241e+01 | 18  0.18151 -7.74065e+00
 19 -0.02669  3.46749e+00 | 20  0.37712  2.39332e+00 | 21  0.02032  2.76993e+00
 22  0.55225 -8.11858e+00 | 23  0.19430  1.42632e+01 | 24 -0.31017  2.29550e+01
 25 -0.37299 -1.46458e+01 | 26  0.46534  3.07764e-03 | 27  0.50958  5.80416e-03
 28  0.00471 -1.61983e+01 | 29  0.00103  8.85638e+00 | 30 -0.10055  1.68083e-01
 31  0.30894  1.80791e+00 | 32  0.35536  5.57665e-01 | 33  0.14045  7.73136e-04
 34  0.52409  3.69362e-03 |
Maximum number of function evaluations exceeded

 - final statistics:
34 variables; iteration 54; function evaluation 100
Function value 2.1753e+03; maximum gradient component mag 2.3730e+02
Exit code = 3;  converg criter 1.0000e+00
Var    Value     Gradient |Var    Value     Gradient |Var    Value     Gradient
  1 -0.19419  2.37295e+02 |  2  0.02917 -1.00152e+01 |  3  0.02699 -5.41119e+01
  4 -0.17662 -3.51526e+01 |  5 -0.59605 -2.58707e+01 |  6 -0.80595 -7.61127e+00
  7  0.10451  3.08781e+00 |  8  0.19079 -6.77511e+01 |  9  0.05260 -2.22894e+01
 10 -0.04716 -2.19832e+01 | 11  0.17511 -6.48851e+00 | 12  0.07357 -1.60621e+02
 13 -0.44138  3.36877e+00 | 14  0.32709 -2.28326e+01 | 15  0.08003  2.66529e+01
 16  0.19234  4.39787e-01 | 17  0.03186 -2.82569e+00 | 18  0.25208  4.91989e+00
 19  0.05090 -2.49012e+00 | 20  0.33143 -2.62738e+01 | 21 -0.00327  1.49793e+01
 22  0.65198 -3.27238e-01 | 23  0.24393  9.14538e+00 | 24 -0.27025 -2.02070e+01
 25 -0.21218  1.26119e+01 | 26  0.51180 -3.63003e-02 | 27 -0.85370 -1.34181e-02
 28  0.01334  1.20914e+01 | 29 -0.00249 -1.45791e+01 | 30 -0.15000 -1.23694e+00
 31  0.10450 -4.99000e+00 | 32  0.28807  3.69492e+00 | 33  0.01396  9.13144e-01
 34 -0.03518  5.58824e+00 |

Initial statistics: 34 variables; iteration 0; function evaluation 0; phase 4
Function value 2.1752549e+03; maximum gradient component mag 2.3730e+02
Var    Value     Gradient |Var    Value     Gradient |Var    Value     Gradient
  1 -0.19419  2.37295e+02 |  2  0.02917 -1.00152e+01 |  3  0.02699 -5.41119e+01
  4 -0.17662 -3.51526e+01 |  5 -0.59605 -2.58707e+01 |  6 -0.80595 -7.61127e+00
  7  0.10451  3.08781e+00 |  8  0.19079 -6.77511e+01 |  9  0.05260 -2.22894e+01
 10 -0.04716 -2.19832e+01 | 11  0.17511 -6.48851e+00 | 12  0.07357 -1.60621e+02
 13 -0.44138  3.36877e+00 | 14  0.32709 -2.28326e+01 | 15  0.08003  2.66529e+01
 16  0.19234  4.39787e-01 | 17  0.03186 -2.82569e+00 | 18  0.25208  4.91989e+00
 19  0.05090 -2.49012e+00 | 20  0.33143 -2.62738e+01 | 21 -0.00327  1.49793e+01
 22  0.65198 -3.27238e-01 | 23  0.24393  9.14538e+00 | 24 -0.27025 -2.02070e+01
 25 -0.21218  1.26119e+01 | 26  0.51180 -3.63003e-02 | 27 -0.85370 -1.34181e-02
 28  0.01334  1.20914e+01 | 29 -0.00249 -1.45791e+01 | 30 -0.15000 -1.23694e+00
 31  0.10450 -4.99000e+00 | 32  0.28807  3.69492e+00 | 33  0.01396  9.13144e-01
 34 -0.03518  5.58824e+00 |

Intermediate statistics: 34 variables; iteration 20; function evaluation 22; phase 4
Function value 2.1730703e+03; maximum gradient component mag 1.9019e+02
Var    Value     Gradient |Var    Value     Gradient |Var    Value     Gradient
  1 -0.23104  1.90188e+02 |  2  0.02678 -2.84384e+01 |  3  0.02614 -7.75498e+01
  4 -0.16906 -6.56988e+01 |  5 -0.59945 -9.68653e+01 |  6 -0.80557 -9.47200e+00
  7  0.13840  1.59309e+01 |  8  0.19587 -9.82108e+01 |  9  0.03883 -6.21361e+01
 10 -0.03909 -3.55260e+01 | 11  0.17340 -2.08587e+00 | 12  0.03132 -1.46518e+02
 13 -0.45294  6.44669e+00 | 14  0.33584 -1.21095e+01 | 15  0.08743  1.50422e+01
 16  0.18470  3.03157e+00 | 17  0.03165  1.53130e-01 | 18  0.18138  6.12714e-01
 19  0.00390  2.30470e-01 | 20  0.35292 -9.21625e+00 | 21  0.01367  8.71753e+00
 22  0.57053 -3.40525e+00 | 23  0.23822  2.08563e+01 | 24 -0.28723  9.43997e+00
 25 -0.28037 -4.79339e+00 | 26  0.46549  2.74893e-01 | 27 -0.85315 -1.33597e-02
 28  0.00885 -4.58294e+00 | 29  0.01441  3.34079e+00 | 30 -0.13857 -2.83638e-01
 31  0.13879 -3.43140e+00 | 32  0.32106  3.18076e+00 | 33 -0.01080  2.11042e-01
 34 -0.17310  9.63591e-02 |
34 variables; iteration 40; function evaluation 45; phase 4
Function value 2.1721525e+03; maximum gradient component mag 2.5185e+00
Var    Value     Gradient |Var    Value     Gradient |Var    Value     Gradient
  1 -0.24184  2.51845e+00 |  2  0.02857 -6.47669e-01 |  3  0.03140 -1.25857e+00
  4 -0.17020 -1.09377e+00 |  5 -0.59848 -1.60893e+00 |  6 -0.80659 -1.32312e-01
  7  0.15095  2.59867e-01 |  8  0.19485 -1.92731e+00 |  9  0.04174 -1.00969e+00
 10 -0.03502 -7.66724e-01 | 11  0.16838 -1.48350e-01 | 12  0.02254 -2.30623e+00
 13 -0.47224 -7.54370e-02 | 14  0.33925 -1.58470e-01 | 15  0.09074  3.70562e-01
 16  0.17772 -1.83978e-02 | 17  0.02821 -1.83392e-01 | 18  0.16134 -6.18309e-02
 19 -0.01307 -2.56718e-02 | 20  0.35307 -1.97023e-01 | 21  0.01601  2.87484e-01
 22  0.45805 -1.12366e-02 | 23  0.20290 -5.05439e-01 | 24 -0.28450 -2.38689e-02
 25 -0.26387 -6.29508e-02 | 26  0.42875 -3.65389e-02 | 27 -0.73424 -7.04941e-03
 28  0.00940 -8.75597e-02 | 29  0.01206  6.57411e-02 | 30 -0.14232 -6.34942e-02
 31  0.16308  3.96867e-01 | 32  0.33411  1.20122e-01 | 33 -0.08864  2.57041e-01
 34 -0.13042  1.47872e-01 |
  ic > imax  in fminim is answer attained ?
Var    Value     Gradient |Var    Value     Gradient |Var    Value     Gradient
  1 -0.24143  3.06376e-02 |  2  0.02875 -2.90900e-03 |  3  0.03136 -7.04133e-03
  4 -0.17022 -6.74631e-03 |  5 -0.59848 -1.17909e-02 |  6 -0.80664  5.74930e-03
  7  0.15061  5.55012e-03 |  8  0.19490 -1.26622e-02 |  9  0.04166 -7.42222e-03
 10 -0.03484 -3.99485e-03 | 11  0.16831  2.42120e-03 | 12  0.02308 -2.81485e-02
 13 -0.47167  4.64670e-04 | 14  0.33918 -8.23133e-04 | 15  0.09065  2.15213e-03
 16  0.17815  1.16647e-03 | 17  0.02854 -5.74642e-04 | 18  0.16271 -4.04956e-04
 19 -0.01169  7.18145e-06 | 20  0.35320 -2.66122e-03 | 21  0.01601  2.29375e-03
 22  0.46167  4.66596e-04 | 23  0.20424 -8.09245e-03 | 24 -0.28431  3.90575e-03
 25 -0.26326 -8.97284e-04 | 26  0.42917  1.26106e-03 | 27 -0.42234  5.41263e-05
 28  0.00915 -1.45533e-03 | 29  0.01174  9.44069e-04 | 30 -0.14168 -7.65369e-04
 31  0.16508 -5.99890e-05 | 32  0.33475  8.01866e-04 | 33 -0.09762  5.92268e-04
 34 -0.12723  1.31552e-04 |
Function minimizer not making progress ... is minimum attained?
Minimprove criterion = 0.0000e+00

 - final statistics:
34 variables; iteration 54; function evaluation 91
Function value 2.1721e+03; maximum gradient component mag 3.0638e-02
Exit code = 1;  converg criter 1.0000e-04
Var    Value     Gradient |Var    Value     Gradient |Var    Value     Gradient
  1 -0.24143  3.06376e-02 |  2  0.02875 -2.90900e-03 |  3  0.03136 -7.04133e-03
  4 -0.17022 -6.74631e-03 |  5 -0.59848 -1.17909e-02 |  6 -0.80664  5.74930e-03
  7  0.15061  5.55012e-03 |  8  0.19490 -1.26622e-02 |  9  0.04166 -7.42222e-03
 10 -0.03484 -3.99485e-03 | 11  0.16831  2.42120e-03 | 12  0.02308 -2.81485e-02
 13 -0.47167  4.64670e-04 | 14  0.33918 -8.23133e-04 | 15  0.09065  2.15213e-03
 16  0.17815  1.16647e-03 | 17  0.02854 -5.74642e-04 | 18  0.16271 -4.04956e-04
 19 -0.01169  7.18145e-06 | 20  0.35320 -2.66122e-03 | 21  0.01601  2.29375e-03
 22  0.46167  4.66596e-04 | 23  0.20424 -8.09245e-03 | 24 -0.28431  3.90575e-03
 25 -0.26326 -8.97284e-04 | 26  0.42917  1.26106e-03 | 27 -0.42234  5.41263e-05
 28  0.00915 -1.45533e-03 | 29  0.01174  9.44069e-04 | 30 -0.14168 -7.65369e-04
 31  0.16508 -5.99890e-05 | 32  0.33475  8.01866e-04 | 33 -0.09762  5.92268e-04
 34 -0.12723  1.31552e-04 |
size of file gradfil1.tmp = 0
size of file gradfil2.tmp = 0
size of file varssave.tmp = 0
size of file cmpdiff.tmp = 200000008
