
Initial statistics: 2 variables; iteration 0; function evaluation 0; phase 1
Function value 3.6975406e+03; maximum gradient component mag 5.3397e+01
Var    Value     Gradient |Var    Value     Gradient |Var    Value     Gradient
  1  0.40967  5.33974e+01 |  2 -0.26198 -1.37110e-06 |

 - final statistics:
2 variables; iteration 1; function evaluation 12
Function value 3.6725e+03; maximum gradient component mag 1.3145e+00
Exit code = 1;  converg criter 1.0000e+01
Var    Value     Gradient |Var    Value     Gradient |Var    Value     Gradient
  1  0.07527  1.31452e+00 |  2 -0.26198 -1.37110e-06 |

Initial statistics: 11 variables; iteration 0; function evaluation 0; phase 2
Function value 3.6724935e+03; maximum gradient component mag -8.7901e+02
Var    Value     Gradient |Var    Value     Gradient |Var    Value     Gradient
  1 -0.22556 -3.62302e+02 |  2  0.00000 -3.86038e+02 |  3 -0.12819 -3.65012e+02
  4  0.03352  9.10549e+01 |  5 -0.28197  1.29768e+02 |  6  0.00000 -1.71739e+02
  7  0.11199 -8.79013e+02 |  8 -0.16086 -2.30550e+02 |  9  0.00000 -3.50310e+01
 10  0.07527  1.31452e+00 | 11 -0.26198 -1.37110e-06 |

 - final statistics:
11 variables; iteration 19; function evaluation 31
Function value 3.6051e+03; maximum gradient component mag 9.4218e+00
Exit code = 1;  converg criter 1.0000e+01
Var    Value     Gradient |Var    Value     Gradient |Var    Value     Gradient
  1 -0.12033  9.42178e+00 |  2  0.05342 -5.33228e-01 |  3 -0.07858  3.12323e-01
  4 -0.03358  2.25190e+00 |  5 -0.44684  7.61199e+00 |  6 -0.00621  2.78609e+00
  7  0.13126  5.32255e+00 |  8 -0.21880  2.96619e+00 |  9  0.20200  2.13694e+00
 10  0.60775 -6.02874e+00 | 11 -0.26196 -1.37096e-06 |

Initial statistics: 37 variables; iteration 0; function evaluation 0; phase 3
Function value 3.6050527e+03; maximum gradient component mag 1.4783e+03
Var    Value     Gradient |Var    Value     Gradient |Var    Value     Gradient
  1 -0.12033  9.42178e+00 |  2  0.05342 -5.33228e-01 |  3 -0.07858  3.12323e-01
  4 -0.03358  2.25190e+00 |  5 -0.44684  7.61199e+00 |  6 -0.00621  2.78609e+00
  7  0.13126  5.32255e+00 |  8 -0.21880  2.96619e+00 |  9  0.20200  2.13694e+00
 10  0.60775 -6.02874e+00 | 11 -0.26196 -1.37096e-06 | 12 -0.11760 -3.84059e+02
 13 -0.33425  1.74227e+02 | 14 -0.10028  8.46821e+02 | 15  0.25350  4.23513e+02
 16 -0.21710 -7.35498e+02 | 17 -0.11760 -6.13155e+01 | 18 -0.33425  2.63435e+01
 19 -0.11760 -3.51909e+02 | 20 -0.33425  1.52005e+02 | 21 -0.11760 -1.09911e+02
 22 -0.33425 -8.92638e+00 | 23  0.02302  1.47828e+03 | 24 -0.31415 -1.06571e+03
 25  0.53959  1.13722e+01 | 26 -0.62714  5.39723e-04 | 27  0.00000  5.71171e+02
 28 -0.21635 -3.52006e+02 | 29  0.16024  7.11451e+01 | 30 -0.12294 -5.59163e+01
 31 -0.16953  3.43083e+01 | 32 -0.10028 -1.13709e+02 | 33 -0.34608  9.62824e+01
 34 -0.03900  2.61483e+02 | 35 -0.33425 -1.35956e+02 | 36  0.02302 -5.27798e+01
 37 -0.16953  5.80363e+01 |

Intermediate statistics: 37 variables; iteration 20; function evaluation 31; phase 3
Function value 3.1901907e+03; maximum gradient component mag -8.0834e+02
Var    Value     Gradient |Var    Value     Gradient |Var    Value     Gradient
  1 -0.00320  2.20055e+02 |  2 -0.03220 -2.13799e+02 |  3 -0.04287 -1.15790e+02
  4 -0.07147 -6.63235e+01 |  5 -0.32014 -4.75292e+01 |  6 -0.17327 -7.49052e+01
  7  0.08120 -8.08341e+02 |  8 -0.05426 -1.18212e+02 |  9  0.00424 -5.37977e+01
 10  0.44768 -7.94260e+00 | 11 -0.26196 -1.37096e-06 | 12  0.21530 -6.27062e+01
 13 -0.14977  1.74382e+02 | 14 -0.24237  3.26687e+01 | 15  0.33394 -3.24190e+01
 16 -0.13931  1.16852e+02 | 17  0.17590 -7.33925e+00 | 18 -0.20874  3.68695e+00
 19  0.39572  6.26683e+00 | 20 -0.14841  4.95421e+01 | 21  0.22836 -2.59316e+02
 22 -0.07309  6.60007e+02 | 23 -0.29542 -1.10419e+02 | 24 -0.64950  5.35977e+00
 25  0.46424 -1.59059e+01 | 26 -0.62708 -8.70604e-03 | 27  0.04309 -4.21214e+01
 28  0.03758 -1.08021e-01 | 29 -0.26039 -2.05489e+01 | 30  0.46609  9.88088e+00
 31 -0.17113 -1.95966e+01 | 32  0.40997 -4.25277e+01 | 33 -0.24263  1.70127e+02
 34  0.01939 -7.10774e+01 | 35 -0.27692  4.07482e+00 | 36  0.03798  7.29952e+00
 37 -0.23589 -2.47269e+01 |
37 variables; iteration 40; function evaluation 58; phase 3
Function value 3.1374835e+03; maximum gradient component mag 2.2461e+02
Var    Value     Gradient |Var    Value     Gradient |Var    Value     Gradient
  1 -0.14257  2.24613e+02 |  2  0.00982  1.18184e+01 |  3 -0.07314  1.73261e+01
  4 -0.04807  1.35231e+01 |  5 -0.36659  1.81399e+00 |  6 -0.05864  8.44673e+00
  7  0.11014  9.31796e+01 |  8 -0.08676  3.92596e+01 |  9  0.00411  4.15590e+00
 10  0.07594 -1.18222e+02 | 11 -0.26195 -1.37092e-06 | 12  0.13125 -1.07623e+02
 13 -0.19681  1.17439e+02 | 14 -0.24583  3.27769e+01 | 15  0.28581 -2.06107e+01
 16 -0.15068  4.14584e+01 | 17  0.16251 -8.33959e+00 | 18 -0.19423  8.66008e+00
 19  0.34647 -1.15468e+01 | 20 -0.16858  4.26918e+01 | 21  0.29428 -3.95924e+01
 22 -0.09056  8.11662e+01 | 23 -0.22389  4.66441e+01 | 24 -0.51178 -2.98967e+01
 25  0.41312  4.72401e+00 | 26 -0.60369 -3.32164e-03 | 27  0.02537  3.79549e+01
 28  0.02678 -1.15462e+01 | 29 -0.15247  8.18615e+00 | 30  0.42518 -1.39829e+00
 31 -0.17294  8.57177e-01 | 32  0.30350 -4.20322e+01 | 33 -0.29266  6.61207e+01
 34 -0.00279 -8.40006e+01 | 35 -0.28904  3.37025e+01 | 36  0.05340 -1.09951e+01
 37 -0.18804  9.52100e+00 |
37 variables; iteration 60; function evaluation 80; phase 3
Function value 3.1275073e+03; maximum gradient component mag 2.3113e+01
Var    Value     Gradient |Var    Value     Gradient |Var    Value     Gradient
  1 -0.15394  2.31128e+01 |  2 -0.01599 -2.44342e+00 |  3 -0.06218 -2.11448e-01
  4 -0.05952 -3.37606e-01 |  5 -0.35122 -1.72533e+00 |  6 -0.07028  5.15948e+00
  7  0.10710 -1.45374e+00 |  8 -0.07381  2.67390e+00 |  9 -0.00639 -2.02202e-01
 10  0.04906 -1.37953e+01 | 11 -0.26186 -1.37040e-06 | 12  0.22938 -9.49160e+00
 13 -0.16037  1.49213e+01 | 14 -0.26401 -4.97903e+00 | 15  0.30134 -3.45008e+00
 16 -0.14928  9.02480e+00 | 17  0.19603  3.32559e-01 | 18 -0.18265 -7.70449e-01
 19  0.35763  1.18175e+00 | 20 -0.17414 -1.08031e+00 | 21  0.37694 -3.00157e+00
 22 -0.07543  9.25611e+00 | 23 -0.17785 -4.19796e-01 | 24 -0.35258  2.83984e+00
 25  0.29806  4.33714e+00 | 26 -0.09143  2.25950e+00 | 27 -0.01872 -2.23035e+00
 28 -0.00283  4.58540e-01 | 29 -0.09016  1.54397e+00 | 30  0.46251  1.08148e-01
 31 -0.15803  1.20768e+00 | 32  0.47003 -1.13771e+00 | 33 -0.26206 -2.34992e+00
 34  0.09264 -7.53804e-03 | 35 -0.20914  4.52132e+00 | 36  0.06648  1.07395e+00
 37 -0.18109 -1.32111e+00 |
Maximum number of function evaluations exceeded

 - final statistics:
37 variables; iteration 78; function evaluation 100
Function value 3.1243e+03; maximum gradient component mag -5.9000e+00
Exit code = 3;  converg criter 1.0000e+00
Var    Value     Gradient |Var    Value     Gradient |Var    Value     Gradient
  1 -0.15213 -3.95153e+00 |  2 -0.02827 -1.02193e+00 |  3 -0.05241 -3.33138e-01
  4 -0.06280 -5.56650e-02 |  5 -0.34780 -3.46495e-01 |  6 -0.08476 -4.82392e-01
  7  0.11017 -3.05937e+00 |  8 -0.07923 -7.57978e-01 |  9 -0.00613  2.19993e-01
 10  0.04819  2.67538e+00 | 11 -0.26159 -1.36879e-06 | 12  0.24503 -8.93407e-01
 13 -0.15548  1.05507e+00 | 14 -0.25966  2.65357e+00 | 15  0.30756  1.55265e+00
 16 -0.14917 -3.48015e+00 | 17  0.21316  6.15009e-01 | 18 -0.17356 -1.48813e-01
 19  0.36114 -9.49692e-01 | 20 -0.17429  3.76130e-01 | 21  0.41567  3.26368e+00
 22 -0.06810 -4.78685e+00 | 23 -0.13822 -5.01757e-01 | 24 -0.31389 -1.39301e+00
 25 -0.19288  1.69286e-01 | 26 -0.01538 -8.52409e-01 | 27 -0.00672 -5.71977e-01
 28  0.00925 -3.28858e-01 | 29 -0.11674 -6.74911e-01 | 30  0.44870 -9.25897e-01
 31 -0.16725  7.32425e-01 | 32  0.70818 -3.02206e-01 | 33 -0.22790  2.37083e+00
 34  0.10039  5.65048e+00 | 35 -0.20471 -5.90004e+00 | 36  0.06712 -1.55229e-01
 37 -0.17927  1.20249e-01 |

Initial statistics: 94 variables; iteration 0; function evaluation 0; phase 4
Function value 3.1243488e+03; maximum gradient component mag -5.7942e+02
Var    Value     Gradient |Var    Value     Gradient |Var    Value     Gradient
  1 -0.15213 -3.95153e+00 |  2 -0.02827 -1.02193e+00 |  3 -0.05241 -3.33138e-01
  4 -0.06280 -5.56650e-02 |  5 -0.34780 -3.46495e-01 |  6 -0.08476 -4.82392e-01
  7  0.11017 -3.05937e+00 |  8 -0.07923 -7.57978e-01 |  9 -0.00613  2.19993e-01
 10  0.04819  2.67538e+00 | 11  0.00000 -1.16575e+01 | 12  0.00000 -1.74922e+01
 13  0.00000 -2.14727e+01 | 14  0.00000 -1.55972e+01 | 15  0.00000 -1.02582e+01
 16  0.00000 -2.22513e+01 | 17  0.00000 -4.31498e+01 | 18  0.00000 -5.77289e+01
 19  0.00000  1.31246e+01 | 20  0.00000  8.62422e+01 | 21  0.00000  5.93102e+01
 22  0.00000 -3.03885e+01 | 23  0.00000  8.69261e+01 | 24  0.00000  1.87486e+02
 25  0.00000  1.90357e+02 | 26  0.00000 -3.93756e+01 | 27  0.00000 -3.45145e+02
 28  0.00000 -2.20225e+01 | 29  0.00000  2.40473e+01 | 30  0.00000  1.53820e+01
 31  0.00000 -2.61825e+01 | 32  0.00000 -2.63715e+01 | 33  0.00000  2.28118e+01
 34  0.00000  2.75654e+01 | 35  0.00000  5.36808e+01 | 36  0.00000  2.06628e+00
 37  0.00000  8.05920e+01 | 38  0.00000  9.03001e+01 | 39  0.00000  1.44419e+02
 40  0.00000  1.33419e+02 | 41  0.00000 -1.69138e+02 | 42  0.00000 -5.79418e+02
 43  0.00000 -8.67951e+01 | 44  0.00000  4.96657e+01 | 45  0.00000  9.37593e+01
 46  0.00000 -4.41937e+01 | 47  0.00000  1.30674e+02 | 48  0.00000  2.02151e+02
 49  0.00000  2.11623e+02 | 50  0.00000  1.18626e+02 | 51  0.00000  9.33153e+01
 52  0.00000 -1.11019e+02 | 53  0.00000 -1.87471e+02 | 54  0.00000 -2.74191e+01
 55  0.00000 -1.35942e+02 | 56  0.00000 -2.28284e+02 | 57  0.00000 -3.99641e+01
 58  0.00000 -7.97927e+01 | 59  0.00000  2.61330e+01 | 60  0.00000  5.28441e+01
 61  0.00000  1.04200e+02 | 62  0.00000  8.21197e+01 | 63  0.00000  2.56241e+01
 64  0.00000 -3.12386e+01 | 65  0.00000  3.06404e+01 | 66  0.00000 -9.04675e+00
 67  0.00000 -2.02912e+01 | 68 -0.26159 -1.36879e-06 | 69  0.24503 -8.93407e-01
 70 -0.15548  1.05507e+00 | 71 -0.25966  2.65357e+00 | 72  0.30756  1.55265e+00
 73 -0.14917 -3.48015e+00 | 74  0.21316  6.15009e-01 | 75 -0.17356 -1.48813e-01
 76  0.36114 -9.49692e-01 | 77 -0.17429  3.76130e-01 | 78  0.41567  3.26368e+00
 79 -0.06810 -4.78685e+00 | 80 -0.13822 -5.01757e-01 | 81 -0.31389 -1.39301e+00
 82 -0.19288  1.69286e-01 | 83 -0.01538 -8.52409e-01 | 84 -0.00672 -5.71977e-01
 85  0.00925 -3.28858e-01 | 86 -0.11674 -6.74911e-01 | 87  0.44870 -9.25897e-01
 88 -0.16725  7.32425e-01 | 89  0.70818 -3.02206e-01 | 90 -0.22790  2.37083e+00
 91  0.10039  5.65048e+00 | 92 -0.20471 -5.90004e+00 | 93  0.06712 -1.55229e-01
 94 -0.17927  1.20249e-01 |

Intermediate statistics: 94 variables; iteration 20; function evaluation 30; phase 4
Function value 2.6686119e+03; maximum gradient component mag 3.6744e+02
Var    Value     Gradient |Var    Value     Gradient |Var    Value     Gradient
  1 -0.23111  8.76178e+01 |  2 -0.03220  2.29780e+01 |  3 -0.00394  4.82232e+01
  4  0.02208  6.44597e+01 |  5 -0.35777  4.73649e+01 |  6 -0.01016 -1.14017e+00
  7  0.09938 -1.89323e+02 |  8 -0.07494 -1.82691e+01 |  9  0.10448 -1.53261e+01
 10 -0.11633 -6.48989e+01 | 11  0.09972 -1.02188e+01 | 12  0.12080 -1.04566e+01
 13  0.15230 -1.60827e+01 | 14  0.05179 -1.50090e+01 | 15 -0.01225 -1.81039e+01
 16  0.05169 -3.23486e+01 | 17 -0.00713 -1.86476e+01 | 18  0.21260 -2.71980e+01
 19 -0.12285 -1.32064e+01 | 20 -0.09140 -1.30584e+01 | 21 -0.02009 -4.92079e+00
 22  0.12444  9.91546e-01 | 23 -0.01878  1.03412e+01 | 24 -0.10210  2.18904e+01
 25 -0.17269  1.15033e+01 | 26 -0.27549 -9.40051e+00 | 27  0.28287  1.48572e+01
 28 -0.27868 -9.60983e+00 | 29  0.02704 -1.29730e+01 | 30  0.00104 -9.48153e+00
 31  0.05736  2.56962e+00 | 32  0.04066  1.39663e+00 | 33 -0.05018 -2.90583e+00
 34 -0.01045 -4.28695e+00 | 35 -0.15592  6.59367e-01 | 36  0.02623 -1.92860e+00
 37 -0.14334  3.87535e-01 | 38 -0.05266 -4.16621e+00 | 39 -0.13767 -7.07246e+00
 40 -0.20233 -1.32961e+01 | 41 -0.39438 -1.94525e+01 | 42  0.58097  2.36456e+02
 43 -0.26051 -2.21919e+01 | 44  0.05267 -2.32789e+01 | 45 -0.04974 -1.17245e+01
 46  0.14623 -4.50475e+01 | 47 -0.09517 -1.19525e+01 | 48 -0.27407 -3.32597e+00
 49 -0.33703 -2.98770e-01 | 50 -0.06909 -4.23752e+00 | 51 -0.09423 -2.63763e+00
 52  0.16849 -2.41700e+01 | 53  0.22683 -4.21681e+01 | 54  0.04391 -1.18141e+01
 55  0.18955 -3.25929e+01 | 56  0.30417 -3.99656e+01 | 57  0.03976 -6.84540e+00
 58  0.16419 -2.21281e+01 | 59  0.05196 -5.88515e+00 | 60  0.02258 -3.93485e+00
 61 -0.15111 -1.61040e+00 | 62 -0.07450  1.95903e+00 | 63  0.05181  4.18862e+00
 64  0.11583 -3.20969e+00 | 65 -0.03794  1.85729e+00 | 66  0.10111 -1.88427e+00
 67  0.20781 -5.40107e+00 | 68 -0.26159 -1.36879e-06 | 69  0.23809 -1.92302e+01
 70 -0.13454  9.04229e+01 | 71 -0.26311  1.61336e+00 | 72  0.28833 -3.92455e+00
 73 -0.15197  4.25409e+01 | 74  0.22584  5.30775e+00 | 75 -0.15528 -7.09749e+00
 76  0.36107 -1.53787e+01 | 77 -0.15783  5.73311e+01 | 78  0.30498 -2.21372e+01
 79 -0.06851  1.13018e+02 | 80 -0.14894 -7.89976e+01 | 81 -0.31266  3.30787e+01
 82 -0.14963 -1.16993e+01 | 83 -0.06197 -1.46600e+01 | 84 -0.00581  4.43178e+01
 85 -0.01457 -1.75395e+01 | 86 -0.11699  1.20014e+01 | 87  0.46983  4.32050e+00
 88 -0.15765 -8.34133e+00 | 89  0.69648 -1.68206e+01 | 90 -0.17718  2.03170e+02
 91  0.05784 -2.47333e+02 | 92 -0.19708  3.67438e+02 | 93  0.06707  4.43833e+01
 94 -0.20461 -4.13614e+01 |
94 variables; iteration 40; function evaluation 51; phase 4
Function value 2.6470319e+03; maximum gradient component mag 1.7045e+02
Var    Value     Gradient |Var    Value     Gradient |Var    Value     Gradient
  1 -0.19726 -6.57860e+01 |  2 -0.05141 -7.70050e+01 |  3 -0.03284 -6.98382e+01
  4  0.00137 -1.55792e+01 |  5 -0.36984  2.06710e+01 |  6 -0.01754  2.13780e+00
  7  0.11476 -8.67238e+01 |  8 -0.10757 -2.75636e+01 |  9  0.13156 -1.66176e+01
 10 -0.09093  6.64967e+01 | 11  0.21699  2.03602e+00 | 12 -0.00632 -1.50484e+00
 13  0.14269  3.81043e+00 | 14  0.13809  1.15057e+01 | 15 -0.05922  6.98509e-01
 16  0.13491  7.46111e+00 | 17 -0.08472 -3.10348e+00 | 18  0.22435  1.24547e+01
 19 -0.16969 -5.94548e+00 | 20 -0.03269  2.00920e+00 | 21 -0.05250 -1.62294e+00
 22  0.13278  9.43758e+00 | 23 -0.01686  1.17821e+01 | 24 -0.11260  1.63986e+01
 25 -0.20718  6.45919e+00 | 26 -0.17791  1.88201e+00 | 27  0.29106  4.50465e+01
 28 -0.20823  5.67418e-01 | 29  0.04044  4.03645e+00 | 30  0.02537  9.32461e+00
 31  0.07792  3.00354e+01 | 32  0.08177  4.12160e+01 | 33 -0.01441  2.10642e+01
 34  0.03369  2.07325e+01 | 35 -0.15491  1.38571e+00 | 36  0.04833 -1.51560e+01
 37 -0.15009 -5.04488e+00 | 38 -0.04091 -8.61404e+00 | 39 -0.15491 -5.89920e+00
 40 -0.16410 -5.30741e+00 | 41 -0.59457 -1.41238e+01 | 42  0.50962  1.50733e+02
 43 -0.08296  2.95365e+00 | 44  0.03735 -6.79411e+00 | 45 -0.06546 -5.44339e+00
 46  0.14153 -2.44252e+01 | 47 -0.10064 -5.68145e+00 | 48 -0.30335 -3.95145e+00
 49 -0.37846 -5.19146e-01 | 50 -0.07456 -3.09141e+00 | 51 -0.13007 -6.04008e+00
 52  0.15341 -2.32516e+01 | 53  0.24299  1.52068e+00 | 54  0.04313 -5.45335e+00
 55  0.19170 -1.94485e+01 | 56  0.28481 -3.98586e+01 | 57  0.03530 -1.22773e+00
 58  0.13922 -2.73851e+01 | 59  0.03290 -6.91932e+00 | 60  0.00668 -4.83437e-01
 61 -0.16799  1.44331e+00 | 62 -0.09688  4.13790e+00 | 63  0.03262  8.25295e+00
 64  0.10544  3.24985e+00 | 65 -0.04094  7.15950e+00 | 66  0.08383 -2.16654e-01
 67  0.19491 -2.04641e+00 | 68 -0.26158 -1.36878e-06 | 69  0.22339 -9.95615e+00
 70 -0.14511  4.83932e+01 | 71 -0.29986 -3.61496e+01 | 72  0.29818  1.99252e+01
 73 -0.15141 -2.42653e+01 | 74  0.52539  4.47448e-01 | 75 -0.05612  1.14231e+00
 76  0.35745  9.27254e+00 | 77 -0.16805 -1.96979e+01 | 78  0.28036 -1.18703e+01
 79 -0.08349  4.64628e+01 | 80 -0.15889 -4.19615e+01 | 81 -0.34458  1.23071e+01
 82 -0.08519 -2.28716e+00 | 83 -0.05841  1.30540e+00 | 84 -0.01150  1.32993e+01
 85 -0.01881 -7.42120e+00 | 86 -0.12776  2.60728e+00 | 87  1.30548  5.91393e+00
 88 -0.06766  3.93083e+01 | 89  0.71073 -1.30135e+00 | 90 -0.21070  1.95403e+01
 91  0.03711 -1.17453e+02 | 92 -0.23025  1.70451e+02 | 93  0.03720  3.57502e+01
 94 -0.23897 -4.05507e+01 |
94 variables; iteration 60; function evaluation 74; phase 4
Function value 2.6320360e+03; maximum gradient component mag 1.2418e+02
Var    Value     Gradient |Var    Value     Gradient |Var    Value     Gradient
  1 -0.18912  7.64095e+01 |  2 -0.02644 -3.06158e+01 |  3 -0.04596 -3.06195e+01
  4  0.00720  7.22241e-01 |  5 -0.39477  7.46697e+00 |  6 -0.02782  7.27487e+00
  7  0.11372 -1.12931e+01 |  8 -0.10729 -3.80731e+00 |  9  0.14222 -1.24626e+00
 10 -0.05592 -4.90905e+01 | 11  0.02043 -6.24484e+00 | 12  0.17672 -3.63192e+00
 13  0.14782 -5.12619e+00 | 14  0.02821 -5.98964e+00 | 15 -0.05149 -7.50097e+00
 16  0.11517 -1.01362e+01 | 17 -0.06024 -7.83954e+00 | 18  0.19352 -5.34398e+00
 19 -0.08207 -4.61313e+00 | 20 -0.07215 -4.11057e+00 | 21 -0.05751 -6.68858e+00
 22  0.11471 -1.22360e+01 | 23 -0.04679 -7.28859e+00 | 24 -0.14559  3.22475e+00
 25 -0.19858  3.13359e+00 | 26 -0.25956 -9.49809e+00 | 27  0.27403 -1.25942e+01
 28 -0.27219 -7.62193e+00 | 29  0.03317 -3.06529e+00 | 30  0.01682  3.15764e-01
 31  0.05805 -1.01427e+00 | 32  0.04845 -4.09534e+00 | 33 -0.02596  2.34918e+00
 34  0.02523  8.32336e+00 | 35 -0.13800  2.74136e+00 | 36  0.05496  7.62107e-01
 37 -0.12112  3.40437e+00 | 38 -0.03112  4.05166e+00 | 39 -0.12474  3.84209e+00
 40 -0.14944  2.28598e+00 | 41 -0.35080 -1.83023e+01 | 42  0.45187 -1.52290e+01
 43 -0.14333 -8.88471e+00 | 44  0.05902  1.24361e+01 | 45 -0.05695  3.34572e+00
 46  0.14072 -1.40262e+00 | 47 -0.08847  1.07715e+00 | 48 -0.25819  3.69758e+00
 49 -0.32569  4.87494e+00 | 50 -0.06403  7.29924e+00 | 51 -0.09563  4.53906e+00
 52  0.16550  2.47805e+00 | 53  0.23018 -6.69552e+00 | 54  0.04801 -1.14159e+00
 55  0.19434 -6.90705e+00 | 56  0.30160 -5.19043e+00 | 57  0.03317  4.85186e-01
 58  0.15775 -5.95403e+00 | 59  0.05101  2.65017e+00 | 60  0.00429  7.52893e-01
 61 -0.15465  2.03823e+00 | 62 -0.10099  7.63781e-01 | 63  0.01363 -2.74690e+00
 64  0.10590 -2.64370e+00 | 65 -0.06174 -1.04987e+00 | 66  0.07451 -4.17084e+00
 67  0.20252 -3.59657e+00 | 68 -0.26158 -1.36877e-06 | 69  0.18918 -4.70734e+00
 70 -0.16429  1.45993e+01 | 71 -0.26623 -8.15499e+00 | 72  0.29457  1.02260e+01
 73 -0.15273 -1.69088e+01 | 74  0.30177  1.46277e+00 | 75 -0.12247 -1.47136e+00
 76  0.33609 -1.30749e+00 | 77 -0.17463 -5.78077e+00 | 78  0.25716 -1.39187e+01
 79 -0.09166  3.22816e+01 | 80 -0.13585  1.36702e+01 | 81 -0.31867 -1.43093e+00
 82 -0.11102  3.59873e+00 | 83 -0.05424 -1.34878e+00 | 84 -0.01327  1.35725e+01
 85 -0.03117 -1.58395e+01 | 86 -0.13583 -1.75676e+00 | 87  0.91219 -7.21229e-02
 88 -0.05892  8.83792e+00 | 89  0.49173 -2.70572e-01 | 90 -0.24284  5.93155e+00
 91  0.01718 -9.53018e+01 | 92 -0.25223  1.24177e+02 | 93  0.06048  1.13421e+00
 94 -0.19249  2.89581e-01 |
94 variables; iteration 80; function evaluation 97; phase 4
Function value 2.6284480e+03; maximum gradient component mag 1.0044e+02
Var    Value     Gradient |Var    Value     Gradient |Var    Value     Gradient
  1 -0.20292  1.00442e+02 |  2 -0.02635  9.10271e-01 |  3 -0.02705  9.09955e+00
  4 -0.00077 -2.42643e-01 |  5 -0.40186 -6.78907e+00 |  6 -0.01899  8.72829e+00
  7  0.11393  4.92437e+00 |  8 -0.11385  4.71569e+00 |  9  0.14907 -1.45026e+00
 10 -0.07373 -7.48639e+01 | 11  0.05351 -2.96412e+00 | 12  0.09753 -2.52026e+00
 13  0.18455 -7.41628e+00 | 14  0.00587 -1.47672e+00 | 15 -0.03705 -1.26835e+00
 16  0.11431 -4.26915e+00 | 17 -0.04494 -1.72172e+00 | 18  0.18813 -6.50857e+00
 19 -0.06413  2.75282e+00 | 20 -0.07119  7.01530e+00 | 21 -0.02548  1.10531e+01
 22  0.11122  1.14291e+00 | 23 -0.02597  8.68081e+00 | 24 -0.14753  1.10243e+01
 25 -0.19179  1.07913e+01 | 26 -0.24748 -2.65127e+00 | 27  0.27423 -2.26129e+01
 28 -0.26057 -1.61034e+00 | 29  0.02858 -1.40527e+00 | 30  0.01893  6.58368e+00
 31  0.05457  4.57310e+00 | 32  0.05126  2.19476e+00 | 33 -0.03182  3.45750e+00
 34  0.01071  4.65532e-02 | 35 -0.15212  5.49149e+00 | 36  0.05524  8.44434e+00
 37 -0.13134  8.81504e+00 | 38 -0.03256  1.30046e+01 | 39 -0.11893  1.35804e+01
 40 -0.16533  9.62359e+00 | 41 -0.22623 -9.06097e+00 | 42  0.44422 -1.26763e+01
 43 -0.16862 -5.65945e+00 | 44  0.03629  5.17671e+00 | 45 -0.06378  7.97550e+00
 46  0.13646  1.01849e+01 | 47 -0.08944  1.12675e+01 | 48 -0.25559  1.23672e+01
 49 -0.31856  1.28119e+01 | 50 -0.07515  1.14099e+01 | 51 -0.10497  7.96713e+00
 52  0.15319  1.69790e-01 | 53  0.22592  4.19959e+00 | 54  0.03991  5.45521e+00
 55  0.18637 -5.55997e-02 | 56  0.29770  5.27133e+00 | 57  0.00886  7.94310e-01
 58  0.15851  4.81992e+00 | 59  0.03805  6.35213e+00 | 60  0.00056  6.96450e+00
 61 -0.15926  8.56507e+00 | 62 -0.10180  8.52603e+00 | 63  0.01856  8.19434e+00
 64  0.09864  2.59155e+00 | 65 -0.06419  5.75748e+00 | 66  0.09691  6.76018e+00
 67  0.22750  5.46286e+00 | 68 -0.26158 -1.36875e-06 | 69  0.15655 -8.56281e+00
 70 -0.18212  3.41679e+00 | 71 -0.25999  2.09706e+00 | 72  0.27947 -9.64846e+00
 73 -0.15523  1.65629e+01 | 74  0.27095  1.39870e-01 | 75 -0.13145  1.55737e+00
 76  0.35316 -1.81724e+00 | 77 -0.16551  9.89338e+00 | 78  0.27108  3.06607e+00
 79 -0.08869 -5.35707e+00 | 80 -0.13833  2.22023e+00 | 81 -0.32314 -8.24595e-01
 82 -0.12389 -2.62782e-01 | 83 -0.05515 -1.37063e+00 | 84 -0.01634 -9.47018e+00
 85 -0.01497  1.69742e+00 | 86 -0.13162 -3.85832e+00 | 87  0.85336  2.75310e-01
 88 -0.06610  2.87720e+00 | 89  0.49813  3.63299e-01 | 90 -0.24175  2.20724e+00
 91  0.00292 -1.53190e+01 | 92 -0.27417  3.05545e+01 | 93  0.06111 -5.98033e+00
 94 -0.18698  8.21706e+00 |
94 variables; iteration 100; function evaluation 119; phase 4
Function value 2.6261831e+03; maximum gradient component mag -2.3095e+01
Var    Value     Gradient |Var    Value     Gradient |Var    Value     Gradient
  1 -0.20458  1.00820e+01 |  2 -0.02194  1.43243e+01 |  3 -0.02936  1.47288e+01
  4  0.00234  9.61304e+00 |  5 -0.40440 -1.75468e+00 |  6 -0.01397  2.84254e+00
  7  0.11533  7.40494e+00 |  8 -0.11969  4.19704e+00 |  9  0.14976  1.94479e+00
 10 -0.08198 -4.13062e+00 | 11  0.14490 -5.24055e-02 | 12  0.03953 -1.28664e+00
 13  0.18655 -1.27745e+00 | 14  0.00709 -1.52590e+00 | 15  0.02235  1.14968e+00
 16  0.10111  1.31272e+00 | 17 -0.00741 -1.21538e+00 | 18  0.18364  4.43170e+00
 19 -0.02326  6.10460e+00 | 20 -0.07026  5.08855e+00 | 21 -0.03529  4.73444e+00
 22  0.11757  1.33826e+00 | 23 -0.02831  3.75383e+00 | 24 -0.14252  6.45869e+00
 25 -0.22122  2.06843e+00 | 26 -0.21046 -3.29795e+00 | 27  0.27777 -3.08448e+00
 28 -0.26902 -5.66143e+00 | 29  0.03497 -1.63609e+00 | 30  0.01216  1.06302e-01
 31  0.05879  1.14009e+00 | 32  0.04872 -1.78470e+00 | 33 -0.02406  2.38200e+00
 34  0.00877 -2.78090e+00 | 35 -0.15041  1.53528e+00 | 36  0.05113  1.01438e+00
 37 -0.14566  6.78277e-01 | 38 -0.04316  2.66902e+00 | 39 -0.13284  5.50246e+00
 40 -0.18079  4.41268e+00 | 41 -0.15552 -8.24110e+00 | 42  0.43633 -1.10157e+01
 43 -0.13241 -4.63548e+00 | 44  0.02926  1.26421e+00 | 45 -0.06263  6.27397e+00
 46  0.12878  2.53863e+00 | 47 -0.09493  6.66504e+00 | 48 -0.27130  5.72374e+00
 49 -0.35038  4.91555e+00 | 50 -0.09106  2.33364e+00 | 51 -0.11317  2.38016e+00
 52  0.14577 -5.05561e+00 | 53  0.21645 -4.08137e+00 | 54  0.03237  2.49605e-01
 55  0.18245 -2.57836e+00 | 56  0.28896 -1.28935e+00 | 57  0.00886 -2.08642e+00
 58  0.14969 -1.51114e+00 | 59  0.01672 -4.38399e+00 | 60  0.00593  5.48307e+00
 61 -0.17658  2.02705e+00 | 62 -0.12178  1.26783e+00 | 63  0.00932  2.91417e+00
 64  0.08929 -2.56818e+00 | 65 -0.06276  3.31207e+00 | 66  0.06690 -2.29574e+00
 67  0.23684  2.88658e+00 | 68 -0.26157 -1.36871e-06 | 69  0.15879  1.10001e+01
 70 -0.18204 -2.30953e+01 | 71 -0.26063  1.17155e+00 | 72  0.27917 -7.70516e+00
 73 -0.15465  1.48982e+01 | 74  0.29292  4.53566e+00 | 75 -0.12833 -8.27307e+00
 76  0.34953  2.57156e-01 | 77 -0.16548  7.11336e+00 | 78  0.26421  6.45018e+00
 79 -0.09005 -1.32276e+01 | 80 -0.13049 -2.11876e+00 | 81 -0.31184  8.34914e-01
 82 -0.15654 -3.78695e+00 | 83 -0.05713 -6.22079e+00 | 84 -0.02648 -5.73509e+00
 85 -0.03012 -1.91391e+00 | 86 -0.11223 -1.58421e+00 | 87  0.83800  1.44414e+00
 88 -0.07239 -1.01385e+01 | 89  0.52463  1.42245e+00 | 90 -0.23557 -2.20949e+00
 91 -0.01559 -4.72373e+00 | 92 -0.29684  3.39858e+00 | 93  0.04907 -2.13814e+00
 94 -0.20113  1.39730e+00 |
94 variables; iteration 120; function evaluation 139; phase 4
Function value 2.6237875e+03; maximum gradient component mag 3.6037e+00
Var    Value     Gradient |Var    Value     Gradient |Var    Value     Gradient
  1 -0.20482  3.60367e+00 |  2 -0.01655 -8.03229e-01 |  3 -0.03805 -5.98057e-01
  4  0.00099 -1.66457e-01 |  5 -0.40171 -6.60637e-02 |  6 -0.01096  3.87932e-01
  7  0.11476  6.16198e-01 |  8 -0.12025 -8.81101e-02 |  9  0.15063  9.53382e-03
 10 -0.07151 -2.48542e+00 | 11  0.12049 -6.17043e-02 | 12  0.07608 -3.09022e-01
 13  0.15991 -3.11210e-01 | 14  0.04180 -9.00990e-02 | 15  0.00475  4.65140e-02
 16  0.08344  7.69955e-02 | 17  0.01746  2.35812e-01 | 18  0.17586  3.05166e-01
 19 -0.04984  1.25556e-01 | 20 -0.07867  1.41802e-01 | 21 -0.04804  1.47500e-01
 22  0.11387  5.51694e-02 | 23 -0.03462  2.33965e-02 | 24 -0.16693  1.82063e-01
 25 -0.23310  9.57587e-02 | 26 -0.17933  5.54295e-02 | 27  0.27133 -2.07305e-01
 28 -0.19863  3.13684e-01 | 29  0.02869  3.02427e-01 | 30  0.01142  2.97250e-01
 31  0.05333  3.48244e-01 | 32  0.05016  3.68311e-01 | 33 -0.03754  2.54117e-01
 34  0.01299  3.01241e-01 | 35 -0.16287  2.28952e-01 | 36  0.05016  9.07904e-02
 37 -0.14593  1.91776e-01 | 38 -0.04274  2.14059e-01 | 39 -0.14843  2.30081e-01
 40 -0.20848  1.72695e-01 | 41 -0.08335  1.73394e-01 | 42  0.44076  1.33976e-01
 43 -0.10041  4.02410e-02 | 44  0.03007  8.61230e-03 | 45 -0.07324  2.08221e-01
 46  0.13135  1.12823e-01 | 47 -0.10425  2.84625e-01 | 48 -0.29361  2.26129e-01
 49 -0.38238  2.97629e-01 | 50 -0.09079  2.41414e-01 | 51 -0.11688  2.42414e-01
 52  0.15278  9.82175e-03 | 53  0.22267  2.33127e-01 | 54  0.03634  2.63423e-01
 55  0.18912  2.25142e-01 | 56  0.29200 -1.78269e-02 | 57  0.01762  2.49229e-01
 58  0.15425  2.85532e-02 | 59  0.03320  1.65023e-01 | 60 -0.00712  2.32195e-01
 61 -0.18206  2.34940e-01 | 62 -0.11811  2.41492e-01 | 63  0.00791  2.82383e-01
 64  0.09603  3.29726e-01 | 65 -0.07225  2.07125e-01 | 66  0.08296  1.90368e-01
 67  0.21642  2.11556e-01 | 68 -0.26149 -1.36822e-06 | 69  0.16043 -7.79696e-01
 70 -0.17802  1.25634e+00 | 71 -0.26163 -2.28701e-01 | 72  0.27899  8.64460e-02
 73 -0.15603 -2.48613e-01 | 74  0.22783 -1.78082e-01 | 75 -0.15145  3.17359e-01
 76  0.33634 -4.32963e-01 | 77 -0.17097  6.64688e-01 | 78  0.24766 -2.80154e-01
 79 -0.09433  5.00431e-01 | 80 -0.13982  1.89988e-01 | 81 -0.32545 -5.70054e-02
 82 -0.11341  1.51373e-02 | 83 -0.05810 -9.50836e-02 | 84 -0.01389  1.95788e-01
 85 -0.01443  7.06802e-02 | 86 -0.12980  1.50702e-01 | 87  0.49717 -3.20231e-01
 88 -0.13839  2.01682e+00 | 89  0.37054 -6.98898e-02 | 90 -0.27231 -3.50130e+00
 91 -0.01789  1.97869e+00 | 92 -0.30028 -2.70719e+00 | 93  0.04890 -2.54007e-01
 94 -0.20197  1.56000e-01 |
  ic > imax  in fminim is answer attained ?
Var    Value     Gradient |Var    Value     Gradient |Var    Value     Gradient
  1 -0.20481 -3.66496e-04 |  2 -0.01662  6.60677e-05 |  3 -0.03798  5.05919e-05
  4  0.00084  3.56958e-05 |  5 -0.40130  4.03515e-06 |  6 -0.01137 -4.36352e-05
  7  0.11456 -1.17532e-05 |  8 -0.11945  2.79763e-06 |  9  0.15046  6.50445e-06
 10 -0.07112  3.19291e-04 | 11  0.11593  1.41690e-05 | 12  0.08410 -4.21827e-06
 13  0.15648  4.51125e-05 | 14  0.04310  1.71827e-05 | 15  0.00449  1.06711e-05
 16  0.08309  6.04840e-05 | 17  0.01700 -5.73991e-06 | 18  0.17529  1.18090e-04
 19 -0.04934 -1.83951e-05 | 20 -0.07891 -1.01865e-05 | 21 -0.04815 -2.75891e-05
 22  0.11367 -3.57100e-05 | 23 -0.03453 -3.57038e-05 | 24 -0.16740 -3.81910e-05
 25 -0.23292 -2.81413e-05 | 26 -0.17886 -2.29745e-05 | 27  0.27101 -8.24933e-06
 28 -0.19996 -2.01750e-05 | 29  0.02846 -1.96849e-05 | 30  0.01116 -2.08241e-05
 31  0.05314 -4.54425e-05 | 32  0.05002 -3.81322e-05 | 33 -0.03747 -2.58017e-05
 34  0.01290 -1.97674e-05 | 35 -0.16313 -2.02335e-05 | 36  0.05016 -3.58461e-05
 37 -0.14603 -2.14797e-05 | 38 -0.04278 -2.74270e-05 | 39 -0.14852 -2.73999e-05
 40 -0.20832 -2.99278e-05 | 41 -0.08310 -2.87866e-06 | 42  0.44089 -4.53333e-05
 43 -0.09953 -1.96980e-05 | 44  0.03043 -2.38526e-05 | 45 -0.07317 -2.50540e-05
 46  0.13151 -3.21474e-05 | 47 -0.10437 -2.87427e-05 | 48 -0.29377 -2.65470e-05
 49 -0.38338 -2.96445e-05 | 50 -0.09079 -2.73530e-05 | 51 -0.11685 -2.45926e-05
 52  0.15302 -3.14278e-05 | 53  0.22273 -2.51061e-05 | 54  0.03627 -2.18016e-05
 55  0.18919 -2.75679e-06 | 56  0.29226 -2.20281e-06 | 57  0.01757 -3.23402e-05
 58  0.15461 -6.09718e-06 | 59  0.03335 -1.95085e-05 | 60 -0.00704 -2.35142e-05
 61 -0.18209 -2.92560e-05 | 62 -0.11797 -2.91907e-05 | 63  0.00803 -2.31559e-05
 64  0.09599 -1.44705e-05 | 65 -0.07221 -3.01876e-05 | 66  0.08307 -2.37195e-05
 67  0.21631 -2.33464e-05 | 68 -0.26143 -1.36787e-06 | 69  0.16108 -1.64258e-05
 70 -0.17786  5.30998e-05 | 71 -0.26149  3.28235e-05 | 72  0.27910 -3.46350e-06
 73 -0.15600  4.52236e-06 | 74  0.22863 -3.51888e-05 | 75 -0.15136  1.10175e-04
 76  0.33683  2.66425e-05 | 77 -0.17088 -3.45563e-05 | 78  0.24849  7.89800e-06
 79 -0.09410  1.60119e-06 | 80 -0.13991  1.20043e-05 | 81 -0.32554 -4.08581e-06
 82 -0.11357 -8.20777e-07 | 83 -0.05805 -1.10263e-05 | 84 -0.01398  2.47609e-05
 85 -0.01458  2.85712e-06 | 86 -0.12992  1.68752e-05 | 87  0.47821  1.22658e-05
 88 -0.14796 -3.83162e-05 | 89  0.38805  3.04944e-05 | 90 -0.26633 -9.19606e-05
 91 -0.01663  5.33868e-05 | 92 -0.29844  5.36885e-05 | 93  0.04921 -1.81819e-07
 94 -0.20169  7.28124e-06 |
Function minimizer not making progress ... is minimum attained?
Minimprove criterion = 0.0000e+00

 - final statistics:
94 variables; iteration 139; function evaluation 188
Function value 2.6238e+03; maximum gradient component mag -3.6650e-04
Exit code = 1;  converg criter 1.0000e-04
Var    Value     Gradient |Var    Value     Gradient |Var    Value     Gradient
  1 -0.20481 -3.66496e-04 |  2 -0.01662  6.60677e-05 |  3 -0.03798  5.05919e-05
  4  0.00084  3.56958e-05 |  5 -0.40130  4.03515e-06 |  6 -0.01137 -4.36352e-05
  7  0.11456 -1.17532e-05 |  8 -0.11945  2.79763e-06 |  9  0.15046  6.50445e-06
 10 -0.07112  3.19291e-04 | 11  0.11593  1.41690e-05 | 12  0.08410 -4.21827e-06
 13  0.15648  4.51125e-05 | 14  0.04310  1.71827e-05 | 15  0.00449  1.06711e-05
 16  0.08309  6.04840e-05 | 17  0.01700 -5.73991e-06 | 18  0.17529  1.18090e-04
 19 -0.04934 -1.83951e-05 | 20 -0.07891 -1.01865e-05 | 21 -0.04815 -2.75891e-05
 22  0.11367 -3.57100e-05 | 23 -0.03453 -3.57038e-05 | 24 -0.16740 -3.81910e-05
 25 -0.23292 -2.81413e-05 | 26 -0.17886 -2.29745e-05 | 27  0.27101 -8.24933e-06
 28 -0.19996 -2.01750e-05 | 29  0.02846 -1.96849e-05 | 30  0.01116 -2.08241e-05
 31  0.05314 -4.54425e-05 | 32  0.05002 -3.81322e-05 | 33 -0.03747 -2.58017e-05
 34  0.01290 -1.97674e-05 | 35 -0.16313 -2.02335e-05 | 36  0.05016 -3.58461e-05
 37 -0.14603 -2.14797e-05 | 38 -0.04278 -2.74270e-05 | 39 -0.14852 -2.73999e-05
 40 -0.20832 -2.99278e-05 | 41 -0.08310 -2.87866e-06 | 42  0.44089 -4.53333e-05
 43 -0.09953 -1.96980e-05 | 44  0.03043 -2.38526e-05 | 45 -0.07317 -2.50540e-05
 46  0.13151 -3.21474e-05 | 47 -0.10437 -2.87427e-05 | 48 -0.29377 -2.65470e-05
 49 -0.38338 -2.96445e-05 | 50 -0.09079 -2.73530e-05 | 51 -0.11685 -2.45926e-05
 52  0.15302 -3.14278e-05 | 53  0.22273 -2.51061e-05 | 54  0.03627 -2.18016e-05
 55  0.18919 -2.75679e-06 | 56  0.29226 -2.20281e-06 | 57  0.01757 -3.23402e-05
 58  0.15461 -6.09718e-06 | 59  0.03335 -1.95085e-05 | 60 -0.00704 -2.35142e-05
 61 -0.18209 -2.92560e-05 | 62 -0.11797 -2.91907e-05 | 63  0.00803 -2.31559e-05
 64  0.09599 -1.44705e-05 | 65 -0.07221 -3.01876e-05 | 66  0.08307 -2.37195e-05
 67  0.21631 -2.33464e-05 | 68 -0.26143 -1.36787e-06 | 69  0.16108 -1.64258e-05
 70 -0.17786  5.30998e-05 | 71 -0.26149  3.28235e-05 | 72  0.27910 -3.46350e-06
 73 -0.15600  4.52236e-06 | 74  0.22863 -3.51888e-05 | 75 -0.15136  1.10175e-04
 76  0.33683  2.66425e-05 | 77 -0.17088 -3.45563e-05 | 78  0.24849  7.89800e-06
 79 -0.09410  1.60119e-06 | 80 -0.13991  1.20043e-05 | 81 -0.32554 -4.08581e-06
 82 -0.11357 -8.20777e-07 | 83 -0.05805 -1.10263e-05 | 84 -0.01398  2.47609e-05
 85 -0.01458  2.85712e-06 | 86 -0.12992  1.68752e-05 | 87  0.47821  1.22658e-05
 88 -0.14796 -3.83162e-05 | 89  0.38805  3.04944e-05 | 90 -0.26633 -9.19606e-05
 91 -0.01663  5.33868e-05 | 92 -0.29844  5.36885e-05 | 93  0.04921 -1.81819e-07
 94 -0.20169  7.28124e-06 |

Initial statistics: 106 variables; iteration 0; function evaluation 0; phase 5
Function value 2.6237668e+03; maximum gradient component mag -3.6630e-04
Var    Value     Gradient |Var    Value     Gradient |Var    Value     Gradient
  1 -0.20481 -3.66302e-04 |  2 -0.01662  6.60419e-05 |  3 -0.03798  5.05754e-05
  4  0.00084  3.56909e-05 |  5 -0.40130  4.03414e-06 |  6 -0.01137 -4.36150e-05
  7  0.11456 -1.16998e-05 |  8 -0.11945  2.80905e-06 |  9  0.15046  6.51557e-06
 10 -0.07112  3.19152e-04 | 11  0.11593  3.11010e-05 | 12  0.08410  1.28568e-05
 13  0.15648  6.17979e-05 | 14  0.04310  3.43542e-05 | 15  0.00449  2.78850e-05
 16  0.08309  7.75275e-05 | 17  0.01700  1.14797e-05 | 18  0.17529  1.34610e-04
 19 -0.04934 -1.21485e-06 | 20 -0.07891  6.90417e-06 | 21 -0.04815 -1.03976e-05
 22  0.11367 -1.87401e-05 | 23 -0.03453 -1.84913e-05 | 24 -0.16740 -2.15431e-05
 25 -0.23292 -1.20523e-05 | 26 -0.17886 -6.41569e-06 | 27  0.27101  7.47577e-06
 28 -0.19996 -3.78678e-06 | 29  0.02846 -2.47021e-06 | 30  0.01116 -3.59495e-06
 31  0.05314 -2.82529e-05 | 32  0.05002 -2.09414e-05 | 33 -0.03747 -8.59885e-06
 34  0.01290 -2.54611e-06 | 35 -0.16313 -3.56329e-06 | 36  0.05016 -1.86626e-05
 37 -0.14603 -4.69893e-06 | 38 -0.04278 -1.02304e-05 | 39 -0.14852 -1.06321e-05
 40 -0.20832 -1.36060e-05 | 41 -0.08310  1.42039e-05 | 42  0.44089 -3.20826e-05
 43 -0.09953 -2.67373e-06 | 44  0.03043 -6.63152e-06 | 45 -0.07317 -7.93084e-06
 46  0.13151 -1.52708e-05 | 47 -0.10437 -1.17366e-05 | 48 -0.29377 -1.11188e-05
 49 -0.38338 -1.54432e-05 | 50 -0.09079 -1.02930e-05 | 51 -0.11685 -7.64997e-06
 52  0.15302 -1.47013e-05 | 53  0.22273 -8.91070e-06 | 54  0.03627 -4.59582e-06
 55  0.18919  1.37161e-05 | 56  0.29226  1.32419e-05 | 57  0.01757 -1.51140e-05
 58  0.15461  1.06223e-05 | 59  0.03335 -2.30167e-06 | 60 -0.00704 -6.27659e-06
 61 -0.18209 -1.27217e-05 | 62 -0.11797 -1.22499e-05 | 63  0.00803 -5.92367e-06
 64  0.09599  2.55817e-06 | 65 -0.07221 -1.30634e-05 | 66  0.08307 -6.63601e-06
 67  0.21631 -7.09366e-06 | 68  0.00000  0.00000e+00 | 69  0.00000  0.00000e+00
 70  0.00000  0.00000e+00 | 71  0.00000  0.00000e+00 | 72  0.00000  0.00000e+00
 73  0.00000  0.00000e+00 | 74  0.00000  0.00000e+00 | 75  0.00000  0.00000e+00
 76  0.00000  0.00000e+00 | 77  0.00000  0.00000e+00 | 78  0.00000  0.00000e+00
 79  0.00000  0.00000e+00 | 80 -0.26143 -1.36787e-06 | 81  0.16108 -1.64010e-05
 82 -0.17786  5.30191e-05 | 83 -0.26149  3.28072e-05 | 84  0.27910 -3.47104e-06
 85 -0.15600  4.53789e-06 | 86  0.22863 -3.51715e-05 | 87 -0.15136  1.10127e-04
 88  0.33683  2.66209e-05 | 89 -0.17088 -3.45178e-05 | 90  0.24849  7.90408e-06
 91 -0.09410  1.57028e-06 | 92 -0.13991  1.20004e-05 | 93 -0.32554 -4.08467e-06
 94 -0.11357 -8.21355e-07 | 95 -0.05805 -1.10230e-05 | 96 -0.01398  2.47469e-05
 97 -0.01458  2.85436e-06 | 98 -0.12992  1.68662e-05 | 99  0.47821  1.22429e-05
100 -0.14796 -3.82474e-05 |101  0.38805  3.04654e-05 |102 -0.26633 -9.18659e-05
103 -0.01663  5.34519e-05 |104 -0.29844  5.35926e-05 |105  0.04921 -1.72739e-07
106 -0.20169  7.26612e-06 |
  ic > imax  in fminim is answer attained ?
Var    Value     Gradient |Var    Value     Gradient |Var    Value     Gradient
  1 -0.20481 -3.66302e-04 |  2 -0.01662  6.60419e-05 |  3 -0.03798  5.05754e-05
  4  0.00084  3.56909e-05 |  5 -0.40130  4.03414e-06 |  6 -0.01137 -4.36150e-05
  7  0.11456 -1.16998e-05 |  8 -0.11945  2.80905e-06 |  9  0.15046  6.51557e-06
 10 -0.07112  3.19152e-04 | 11  0.11593  3.11010e-05 | 12  0.08410  1.28568e-05
 13  0.15648  6.17979e-05 | 14  0.04310  3.43542e-05 | 15  0.00449  2.78850e-05
 16  0.08309  7.75275e-05 | 17  0.01700  1.14797e-05 | 18  0.17529  1.34610e-04
 19 -0.04934 -1.21485e-06 | 20 -0.07891  6.90417e-06 | 21 -0.04815 -1.03976e-05
 22  0.11367 -1.87401e-05 | 23 -0.03453 -1.84913e-05 | 24 -0.16740 -2.15431e-05
 25 -0.23292 -1.20523e-05 | 26 -0.17886 -6.41569e-06 | 27  0.27101  7.47577e-06
 28 -0.19996 -3.78678e-06 | 29  0.02846 -2.47021e-06 | 30  0.01116 -3.59495e-06
 31  0.05314 -2.82529e-05 | 32  0.05002 -2.09414e-05 | 33 -0.03747 -8.59885e-06
 34  0.01290 -2.54611e-06 | 35 -0.16313 -3.56329e-06 | 36  0.05016 -1.86626e-05
 37 -0.14603 -4.69893e-06 | 38 -0.04278 -1.02304e-05 | 39 -0.14852 -1.06321e-05
 40 -0.20832 -1.36060e-05 | 41 -0.08310  1.42039e-05 | 42  0.44089 -3.20826e-05
 43 -0.09953 -2.67373e-06 | 44  0.03043 -6.63152e-06 | 45 -0.07317 -7.93084e-06
 46  0.13151 -1.52708e-05 | 47 -0.10437 -1.17366e-05 | 48 -0.29377 -1.11188e-05
 49 -0.38338 -1.54432e-05 | 50 -0.09079 -1.02930e-05 | 51 -0.11685 -7.64997e-06
 52  0.15302 -1.47013e-05 | 53  0.22273 -8.91070e-06 | 54  0.03627 -4.59582e-06
 55  0.18919  1.37161e-05 | 56  0.29226  1.32419e-05 | 57  0.01757 -1.51140e-05
 58  0.15461  1.06223e-05 | 59  0.03335 -2.30167e-06 | 60 -0.00704 -6.27659e-06
 61 -0.18209 -1.27217e-05 | 62 -0.11797 -1.22499e-05 | 63  0.00803 -5.92367e-06
 64  0.09599  2.55817e-06 | 65 -0.07221 -1.30634e-05 | 66  0.08307 -6.63601e-06
 67  0.21631 -7.09366e-06 | 68  0.00000  0.00000e+00 | 69  0.00000  0.00000e+00
 70  0.00000  0.00000e+00 | 71  0.00000  0.00000e+00 | 72  0.00000  0.00000e+00
 73  0.00000  0.00000e+00 | 74  0.00000  0.00000e+00 | 75  0.00000  0.00000e+00
 76  0.00000  0.00000e+00 | 77  0.00000  0.00000e+00 | 78  0.00000  0.00000e+00
 79  0.00000  0.00000e+00 | 80 -0.26143 -1.36787e-06 | 81  0.16108 -1.64010e-05
 82 -0.17786  5.30191e-05 | 83 -0.26149  3.28072e-05 | 84  0.27910 -3.47104e-06
 85 -0.15600  4.53789e-06 | 86  0.22863 -3.51715e-05 | 87 -0.15136  1.10127e-04
 88  0.33683  2.66209e-05 | 89 -0.17088 -3.45178e-05 | 90  0.24849  7.90408e-06
 91 -0.09410  1.57028e-06 | 92 -0.13991  1.20004e-05 | 93 -0.32554 -4.08467e-06
 94 -0.11357 -8.21355e-07 | 95 -0.05805 -1.10230e-05 | 96 -0.01398  2.47469e-05
 97 -0.01458  2.85436e-06 | 98 -0.12992  1.68662e-05 | 99  0.47821  1.22429e-05
100 -0.14796 -3.82474e-05 |101  0.38805  3.04654e-05 |102 -0.26633 -9.18659e-05
103 -0.01663  5.34519e-05 |104 -0.29844  5.35926e-05 |105  0.04921 -1.72739e-07
106 -0.20169  7.26612e-06 |
Function minimizer not making progress ... is minimum attained?
Minimprove criterion = 0.0000e+00

 - final statistics:
106 variables; iteration 1; function evaluation 30
Function value 2.6238e+03; maximum gradient component mag -3.6630e-04
Exit code = 1;  converg criter 1.0000e-04
Var    Value     Gradient |Var    Value     Gradient |Var    Value     Gradient
  1 -0.20481 -3.66302e-04 |  2 -0.01662  6.60419e-05 |  3 -0.03798  5.05754e-05
  4  0.00084  3.56909e-05 |  5 -0.40130  4.03414e-06 |  6 -0.01137 -4.36150e-05
  7  0.11456 -1.16998e-05 |  8 -0.11945  2.80905e-06 |  9  0.15046  6.51557e-06
 10 -0.07112  3.19152e-04 | 11  0.11593  3.11010e-05 | 12  0.08410  1.28568e-05
 13  0.15648  6.17979e-05 | 14  0.04310  3.43542e-05 | 15  0.00449  2.78850e-05
 16  0.08309  7.75275e-05 | 17  0.01700  1.14797e-05 | 18  0.17529  1.34610e-04
 19 -0.04934 -1.21485e-06 | 20 -0.07891  6.90417e-06 | 21 -0.04815 -1.03976e-05
 22  0.11367 -1.87401e-05 | 23 -0.03453 -1.84913e-05 | 24 -0.16740 -2.15431e-05
 25 -0.23292 -1.20523e-05 | 26 -0.17886 -6.41569e-06 | 27  0.27101  7.47577e-06
 28 -0.19996 -3.78678e-06 | 29  0.02846 -2.47021e-06 | 30  0.01116 -3.59495e-06
 31  0.05314 -2.82529e-05 | 32  0.05002 -2.09414e-05 | 33 -0.03747 -8.59885e-06
 34  0.01290 -2.54611e-06 | 35 -0.16313 -3.56329e-06 | 36  0.05016 -1.86626e-05
 37 -0.14603 -4.69893e-06 | 38 -0.04278 -1.02304e-05 | 39 -0.14852 -1.06321e-05
 40 -0.20832 -1.36060e-05 | 41 -0.08310  1.42039e-05 | 42  0.44089 -3.20826e-05
 43 -0.09953 -2.67373e-06 | 44  0.03043 -6.63152e-06 | 45 -0.07317 -7.93084e-06
 46  0.13151 -1.52708e-05 | 47 -0.10437 -1.17366e-05 | 48 -0.29377 -1.11188e-05
 49 -0.38338 -1.54432e-05 | 50 -0.09079 -1.02930e-05 | 51 -0.11685 -7.64997e-06
 52  0.15302 -1.47013e-05 | 53  0.22273 -8.91070e-06 | 54  0.03627 -4.59582e-06
 55  0.18919  1.37161e-05 | 56  0.29226  1.32419e-05 | 57  0.01757 -1.51140e-05
 58  0.15461  1.06223e-05 | 59  0.03335 -2.30167e-06 | 60 -0.00704 -6.27659e-06
 61 -0.18209 -1.27217e-05 | 62 -0.11797 -1.22499e-05 | 63  0.00803 -5.92367e-06
 64  0.09599  2.55817e-06 | 65 -0.07221 -1.30634e-05 | 66  0.08307 -6.63601e-06
 67  0.21631 -7.09366e-06 | 68  0.00000  0.00000e+00 | 69  0.00000  0.00000e+00
 70  0.00000  0.00000e+00 | 71  0.00000  0.00000e+00 | 72  0.00000  0.00000e+00
 73  0.00000  0.00000e+00 | 74  0.00000  0.00000e+00 | 75  0.00000  0.00000e+00
 76  0.00000  0.00000e+00 | 77  0.00000  0.00000e+00 | 78  0.00000  0.00000e+00
 79  0.00000  0.00000e+00 | 80 -0.26143 -1.36787e-06 | 81  0.16108 -1.64010e-05
 82 -0.17786  5.30191e-05 | 83 -0.26149  3.28072e-05 | 84  0.27910 -3.47104e-06
 85 -0.15600  4.53789e-06 | 86  0.22863 -3.51715e-05 | 87 -0.15136  1.10127e-04
 88  0.33683  2.66209e-05 | 89 -0.17088 -3.45178e-05 | 90  0.24849  7.90408e-06
 91 -0.09410  1.57028e-06 | 92 -0.13991  1.20004e-05 | 93 -0.32554 -4.08467e-06
 94 -0.11357 -8.21355e-07 | 95 -0.05805 -1.10230e-05 | 96 -0.01398  2.47469e-05
 97 -0.01458  2.85436e-06 | 98 -0.12992  1.68662e-05 | 99  0.47821  1.22429e-05
100 -0.14796 -3.82474e-05 |101  0.38805  3.04654e-05 |102 -0.26633 -9.18659e-05
103 -0.01663  5.34519e-05 |104 -0.29844  5.35926e-05 |105  0.04921 -1.72739e-07
106 -0.20169  7.26612e-06 |
size of file gradfil1.tmp = 0
size of file gradfil2.tmp = 0
size of file varssave.tmp = 0
size of file cmpdiff.tmp = 200000008
