
Initial statistics: 3 variables; iteration 0; function evaluation 0; phase 1
Function value 3.8211554e+03; maximum gradient component mag -1.5623e+02
Var    Value     Gradient |Var    Value     Gradient |Var    Value     Gradient
  1  0.05098 -1.56228e+02 |  2 -0.26198 -2.51185e+01 |  3 -0.12819 -2.95521e+01

 - final statistics:
3 variables; iteration 8; function evaluation 13
Function value 3.8039e+03; maximum gradient component mag -6.3425e+00
Exit code = 1;  converg criter 1.0000e+01
Var    Value     Gradient |Var    Value     Gradient |Var    Value     Gradient
  1  0.30279 -6.34247e+00 |  2 -0.02884  9.04228e-01 |  3  0.14460  1.86881e+00

Initial statistics: 13 variables; iteration 0; function evaluation 0; phase 2
Function value 3.8039500e+03; maximum gradient component mag -1.0511e+03
Var    Value     Gradient |Var    Value     Gradient |Var    Value     Gradient
  1 -0.22556 -4.13885e+02 |  2  0.00000 -5.73666e+02 |  3 -0.12819 -4.43410e+02
  4  0.03352  3.92767e+01 |  5 -0.28197  9.95659e+01 |  6  0.00000 -2.88417e+02
  7  0.11199 -1.05113e+03 |  8 -0.16086 -2.39668e+02 |  9  0.00000 -6.46122e+01
 10 -0.21635 -4.72452e+01 | 11  0.30279 -6.34247e+00 | 12 -0.02884  9.04228e-01
 13  0.14460  1.86881e+00 |

Intermediate statistics: 13 variables; iteration 20; function evaluation 35; phase 2
Function value 3.7186361e+03; maximum gradient component mag -1.4167e+01
Var    Value     Gradient |Var    Value     Gradient |Var    Value     Gradient
  1 -0.19983  6.40193e+00 |  2  0.12743 -3.96855e+00 |  3 -0.12286 -2.11939e-01
  4 -0.01362  1.97516e+00 |  5 -0.46909 -1.03800e+00 |  6  0.08777  1.85030e+00
  7  0.12629 -1.41667e+01 |  8 -0.22042 -3.02267e+00 |  9  0.20650 -2.68778e-01
 10 -0.21686 -1.04855e+00 | 11  0.93470 -7.40237e-01 | 12 -0.03020  6.04191e-01
 13  0.11358  3.10447e-01 |

 - final statistics:
13 variables; iteration 21; function evaluation 36
Function value 3.7186e+03; maximum gradient component mag 6.2918e+00
Exit code = 1;  converg criter 1.0000e+01
Var    Value     Gradient |Var    Value     Gradient |Var    Value     Gradient
  1 -0.20022  4.80224e+00 |  2  0.12937  1.29742e+00 |  3 -0.12488  1.19988e+00
  4 -0.01432  6.77902e-01 |  5 -0.46906 -8.26147e-01 |  6  0.08755  9.51048e-01
  7  0.12657  6.29175e+00 |  8 -0.21821  1.25488e+00 |  9  0.20687  4.13758e-01
 10 -0.21753 -8.39481e-01 | 11  0.96270 -4.16340e-01 | 12 -0.03164  5.02569e-01
 13  0.10962  9.00123e-02 |

Initial statistics: 45 variables; iteration 0; function evaluation 0; phase 3
Function value 3.7186089e+03; maximum gradient component mag 1.6218e+03
Var    Value     Gradient |Var    Value     Gradient |Var    Value     Gradient
  1 -0.20022  4.80224e+00 |  2  0.12937  1.29742e+00 |  3 -0.12488  1.19988e+00
  4 -0.01432  6.77902e-01 |  5 -0.46906 -8.26147e-01 |  6  0.08755  9.51048e-01
  7  0.12657  6.29175e+00 |  8 -0.21821  1.25488e+00 |  9  0.20687  4.13758e-01
 10 -0.21753 -8.39481e-01 | 11  0.96270 -4.16340e-01 | 12 -0.03164  5.02569e-01
 13  0.10962  9.00123e-02 | 14 -0.11760 -8.29698e+02 | 15 -0.33425  2.11658e+02
 16 -0.10723 -5.43282e+02 | 17 -0.10028  1.56889e+02 | 18 -0.45481 -9.62759e+01
 19 -0.01633  1.04316e+00 | 20  0.25350  6.28912e+02 | 21 -0.21710 -7.73983e+02
 22 -0.49439  9.52195e+01 | 23 -0.11760 -5.18581e+01 | 24 -0.33425  2.20873e+01
 25 -0.11760 -8.99487e+02 | 26 -0.33425  1.76048e+02 | 27 -0.10723 -8.53389e+02
 28 -0.11760 -6.77797e+02 | 29 -0.33425  4.39001e+01 | 30 -0.10723 -8.06715e+02
 31  0.02302  1.62180e+03 | 32 -0.31415 -1.14607e+03 | 33  0.53959  1.72428e+01
 34 -0.62714  3.65687e-03 | 35  0.00000  5.98051e+02 | 36 -0.21635 -3.57077e+02
 37  0.16024  8.64554e+01 | 38 -0.12294 -5.25646e+01 | 39 -0.16953  3.16612e+01
 40 -0.10028 -9.57274e+01 | 41 -0.34608  8.03865e+01 | 42 -0.03900  4.57541e+02
 43 -0.33425 -2.20178e+02 | 44  0.02302 -4.49953e+01 | 45 -0.16953  5.38509e+01

Intermediate statistics: 45 variables; iteration 20; function evaluation 30; phase 3
Function value 3.1852246e+03; maximum gradient component mag 3.4714e+02
Var    Value     Gradient |Var    Value     Gradient |Var    Value     Gradient
  1 -0.00337  1.67511e+02 |  2 -0.00658  5.15652e+01 |  3 -0.04455  5.27760e+01
  4 -0.05470  3.71933e+01 |  5 -0.36242  3.04478e+01 |  6 -0.17440 -2.02789e+01
  7  0.09781  7.36518e+01 |  8 -0.06013  3.25650e+01 |  9 -0.03381  1.50149e+01
 10 -0.02729 -6.53683e+00 | 11  0.95808 -1.10816e-02 | 12 -0.03719  3.54964e-03
 13  0.10842  2.22956e-02 | 14  0.36033  3.18758e+01 | 15 -0.09336  8.91279e+01
 16 -0.46496  3.30938e-01 | 17 -0.20632 -3.70646e+00 | 18 -0.48772  6.83725e+00
 19 -0.02497  3.09541e-01 | 20  0.45709  5.76414e+01 | 21 -0.11143 -1.07824e+02
 22 -0.53641 -7.39004e-01 | 23  0.11469 -3.93643e+00 | 24 -0.26128 -1.29794e+01
 25  0.50219 -1.26368e+01 | 26 -0.10703  1.35828e+02 | 27 -0.46955 -1.05694e+00
 28  0.18687 -2.11822e+02 | 29 -0.10891  3.47142e+02 | 30 -0.03370 -1.01366e+01
 31 -0.30823 -1.12253e+02 | 32 -0.70625  5.61433e+00 | 33  0.45751 -1.67877e+01
 34 -0.62710 -8.81481e-03 | 35 -0.04655 -3.06503e+00 | 36 -0.00474  1.90083e+01
 37  0.06742  2.34977e+01 | 38  0.45477 -1.31071e+01 | 39 -0.14898  2.59400e+01
 40  0.40115 -3.51730e+01 | 41 -0.24362  1.36577e+02 | 42  0.01998 -6.22025e+01
 43 -0.26811  4.38658e+01 | 44  0.08513  4.53700e+01 | 45 -0.20749 -6.22957e+01
45 variables; iteration 40; function evaluation 52; phase 3
Function value 3.1630595e+03; maximum gradient component mag 1.4505e+02
Var    Value     Gradient |Var    Value     Gradient |Var    Value     Gradient
  1 -0.00846  1.22150e+02 |  2  0.01048  3.70629e+01 |  3 -0.07625  4.00685e+01
  4 -0.04207  3.16341e+01 |  5 -0.39477  1.16878e+01 |  6 -0.18430 -2.02858e+01
  7  0.08651  5.11950e+01 |  8 -0.02499  2.31188e+01 |  9 -0.04699  1.81386e+01
 10  0.01888 -3.10345e+00 | 11  0.41745  7.38913e-01 | 12 -0.03887 -1.98640e-01
 13  0.10873  5.10740e-02 | 14  0.36167  1.84890e+01 | 15 -0.09776  8.54944e+01
 16 -0.53219 -2.80086e+00 | 17 -0.21829 -3.45876e+01 | 18 -0.50451  1.27051e+01
 19 -0.32111 -2.87293e+01 | 20  0.50689  3.91213e+01 | 21 -0.09860 -6.95970e+01
 22 -1.28922  6.80038e-01 | 23  0.25808  9.20447e-01 | 24 -0.16400 -7.24011e-01
 25  0.40260 -2.50522e+01 | 26 -0.13866  1.38620e+02 | 27 -0.27297 -1.47113e+00
 28  0.28586 -8.67229e+01 | 29 -0.09762  1.45046e+02 | 30 -0.23533 -8.84003e+00
 31 -0.25754  3.93683e+01 | 32 -0.64562 -2.27709e+01 | 33  0.51623 -3.08746e+00
 34 -0.62324 -5.77673e-03 | 35  0.03065 -2.91356e+00 | 36  0.06339  1.86795e+01
 37 -0.13234  5.44340e+00 | 38  0.40915 -2.12781e+01 | 39 -0.17450  2.67053e+01
 40  0.37281 -1.68247e+01 | 41 -0.27359  4.63279e+01 | 42  0.03336 -6.28025e+01
 43 -0.25971  3.51614e+01 | 44  0.20954  3.98414e+00 | 45 -0.09927 -4.46431e+00
45 variables; iteration 60; function evaluation 79; phase 3
Function value 3.1294329e+03; maximum gradient component mag 4.0246e+01
Var    Value     Gradient |Var    Value     Gradient |Var    Value     Gradient
  1 -0.19333 -2.81675e+01 |  2  0.05488  2.29442e+00 |  3 -0.11907  2.59586e+00
  4 -0.02668  1.47583e-01 |  5 -0.44292 -2.63839e+00 |  6 -0.05318 -1.48872e+01
  7  0.07557 -1.95706e+00 |  8  0.01412 -3.82111e-02 |  9 -0.08098 -6.54473e-01
 10  0.07461 -1.81683e+00 | 11 -0.05805  2.53627e+01 | 12 -0.04671  1.04049e+00
 13  0.12029  8.38581e-01 | 14  0.18961 -1.38624e+01 | 15 -0.17552  7.72927e+00
 16 -0.15519 -1.89390e+00 | 17 -0.27269 -2.59044e+00 | 18 -0.87205 -1.81057e-01
 19 -0.28470 -1.75664e+00 | 20  0.26008 -1.60052e+00 | 21 -0.15957  4.84511e+00
 22  0.09819  2.89633e-02 | 23  0.16204  7.76344e-01 | 24 -0.19676 -9.84089e-01
 25  0.32726 -1.44764e+01 | 26 -0.17867  3.12810e+01 | 27 -0.24436 -1.84746e+00
 28  0.39581 -7.23240e+00 | 29 -0.06513  1.18036e+01 | 30 -0.62102 -5.87606e+00
 31 -0.19425  5.68436e+00 | 32 -0.38955 -6.30077e+00 | 33  0.32487  9.00988e-01
 34 -0.45984 -5.80785e-03 | 35 -0.00776  1.14729e+01 | 36  0.00966 -4.96100e+00
 37 -0.10305  4.25195e+00 | 38  0.40155 -8.11839e+00 | 39 -0.19020  4.92584e+00
 40  0.41691 -1.03724e+00 | 41 -0.26944 -4.31803e-01 | 42  0.06787  4.02464e+01
 43 -0.23014 -3.92478e+01 | 44  0.14628  2.62042e-02 | 45 -0.12589  7.38476e-01
Maximum number of function evaluations exceeded

 - final statistics:
45 variables; iteration 80; function evaluation 100
Function value 3.1255e+03; maximum gradient component mag 1.1678e+01
Exit code = 3;  converg criter 1.0000e+00
Var    Value     Gradient |Var    Value     Gradient |Var    Value     Gradient
  1 -0.25824  4.98570e+00 |  2  0.06067 -8.20204e-01 |  3 -0.12010 -1.60951e-01
  4 -0.02620  9.14796e-01 |  5 -0.44973  2.26843e-02 |  6  0.01589  1.55802e-01
  7  0.07791 -1.68444e+00 |  8  0.00730 -1.80463e-01 |  9 -0.07758  4.61837e-01
 10  0.07879  2.71663e-01 | 11 -0.14005 -6.82290e+00 | 12 -0.09727 -5.36257e-02
 13  0.10083 -9.65295e-02 | 14  0.20800  5.71973e+00 | 15 -0.16659 -4.52966e+00
 16 -0.13900  1.53504e+00 | 17 -0.24897  8.18120e-01 | 18 -1.32875  1.15053e-01
 19 -0.30218 -1.10467e-01 | 20  0.24784 -4.43142e+00 | 21 -0.15831  1.16777e+01
 22  0.67186  5.55958e-03 | 23  0.13781 -1.04283e+00 | 24 -0.20211  1.23856e+00
 25  0.32636 -6.88959e+00 | 26 -0.18157  7.49605e+00 | 27 -0.25216 -2.13547e+00
 28  0.28626 -1.94779e+00 | 29 -0.09341  9.89739e-02 | 30 -0.23864 -4.94674e-01
 31 -0.18792  6.48083e+00 | 32 -0.36737 -1.15415e-01 | 33  0.27599  7.05074e+00
 34 -0.14932  2.46562e+00 | 35 -0.01047  1.25166e+00 | 36  0.01640 -5.08019e-01
 37 -0.11587  2.78845e-01 | 38  0.47837  2.05889e+00 | 39 -0.15004 -1.22569e+00
 40  0.47252 -9.59348e-01 | 41 -0.25568  3.09708e+00 | 42  0.05821  3.27340e+00
 43 -0.23377 -7.46377e-01 | 44  0.10319  2.01636e-01 | 45 -0.15290 -4.36823e-01

Initial statistics: 45 variables; iteration 0; function evaluation 0; phase 4
Function value 3.1255034e+03; maximum gradient component mag 1.1678e+01
Var    Value     Gradient |Var    Value     Gradient |Var    Value     Gradient
  1 -0.25824  4.98570e+00 |  2  0.06067 -8.20204e-01 |  3 -0.12010 -1.60951e-01
  4 -0.02620  9.14796e-01 |  5 -0.44973  2.26843e-02 |  6  0.01589  1.55802e-01
  7  0.07791 -1.68444e+00 |  8  0.00730 -1.80463e-01 |  9 -0.07758  4.61837e-01
 10  0.07879  2.71663e-01 | 11 -0.14005 -6.82290e+00 | 12 -0.09727 -5.36257e-02
 13  0.10083 -9.65295e-02 | 14  0.20800  5.71973e+00 | 15 -0.16659 -4.52966e+00
 16 -0.13900  1.53504e+00 | 17 -0.24897  8.18120e-01 | 18 -0.67125 -1.15053e-01
 19 -0.30218 -1.10467e-01 | 20  0.24784 -4.43142e+00 | 21 -0.15831  1.16777e+01
 22  0.67186  5.55958e-03 | 23  0.13781 -1.04283e+00 | 24 -0.20211  1.23856e+00
 25  0.32636 -6.88959e+00 | 26 -0.18157  7.49605e+00 | 27 -0.25216 -2.13547e+00
 28  0.28626 -1.94779e+00 | 29 -0.09341  9.89739e-02 | 30 -0.23864 -4.94674e-01
 31 -0.18792  6.48083e+00 | 32 -0.36737 -1.15415e-01 | 33  0.27599  7.05074e+00
 34 -0.14932  2.46562e+00 | 35 -0.01047  1.25166e+00 | 36  0.01640 -5.08019e-01
 37 -0.11587  2.78845e-01 | 38  0.47837  2.05889e+00 | 39 -0.15004 -1.22569e+00
 40  0.47252 -9.59348e-01 | 41 -0.25568  3.09708e+00 | 42  0.05821  3.27340e+00
 43 -0.23377 -7.46377e-01 | 44  0.10319  2.01636e-01 | 45 -0.15290 -4.36823e-01

Intermediate statistics: 45 variables; iteration 20; function evaluation 20; phase 4
Function value 3.1253061e+03; maximum gradient component mag 2.0553e+01
Var    Value     Gradient |Var    Value     Gradient |Var    Value     Gradient
  1 -0.25671  1.50403e+01 |  2  0.06266  9.13330e+00 |  3 -0.12154  7.39890e+00
  4 -0.02470  7.86344e+00 |  5 -0.45046  1.63060e+00 |  6  0.01390  1.58616e+00
  7  0.07815  2.05529e+01 |  8  0.00898  7.70223e+00 |  9 -0.07700  4.03183e+00
 10  0.07691  7.06268e-01 | 11 -0.13879 -1.19368e+01 | 12 -0.09523  4.47375e-02
 13  0.10285  1.75559e-02 | 14  0.20940  3.71189e+00 | 15 -0.16625 -5.08904e+00
 16 -0.16163  3.10962e-01 | 17 -0.25042 -1.65108e+00 | 18 -0.67231  2.71796e-01
 19 -0.30178 -4.38664e-01 | 20  0.24725  2.44151e+00 | 21 -0.16039 -3.39968e+00
 22  0.67158  5.55442e-03 | 23  0.13934 -9.48632e-01 | 24 -0.20123  1.20799e+00
 25  0.32765 -4.36798e+00 | 26 -0.18093  5.38575e+00 | 27 -0.18584 -5.93132e-01
 28  0.28881 -1.50307e+00 | 29 -0.09228  3.71990e+00 | 30 -0.23238  1.11941e-01
 31 -0.18808  1.49782e+00 | 32 -0.36996 -1.50834e-01 | 33  0.24527  1.50706e+00
 34 -0.11963  3.25438e-01 | 35 -0.01020  4.00341e+00 | 36  0.01594 -1.20885e+00
 37 -0.11413  1.34224e+00 | 38  0.43917  3.06787e-01 | 39 -0.16921 -8.75082e-01
 40  0.48193 -2.44962e-01 | 41 -0.25411  3.89406e-01 | 42  0.05948 -2.60846e+00
 43 -0.23219  7.10675e+00 | 44  0.10366  2.27618e+00 | 45 -0.15375 -2.94114e+00
45 variables; iteration 40; function evaluation 44; phase 4
Function value 3.1252218e+03; maximum gradient component mag 2.2789e+00
Var    Value     Gradient |Var    Value     Gradient |Var    Value     Gradient
  1 -0.25586  1.48142e+00 |  2  0.05567 -6.20784e-01 |  3 -0.11570  3.23358e-02
  4 -0.02773 -1.58251e-01 |  5 -0.44958 -4.23247e-01 |  6  0.01246 -3.97830e-02
  7  0.07953  4.36903e-01 |  8  0.00313 -6.19891e-02 |  9 -0.07614  1.13248e-02
 10  0.07756  3.51597e-01 | 11 -0.13773 -1.95612e+00 | 12 -0.09267  1.94543e-01
 13  0.10282  1.31063e-02 | 14  0.20803  5.56630e-01 | 15 -0.16646  4.26397e-02
 16 -0.15202  2.79130e-01 | 17 -0.24981  1.96707e-01 | 18 -0.67483 -5.59044e-02
 19 -0.30204 -4.31414e-01 | 20  0.24673 -1.69669e-01 | 21 -0.16047  7.53816e-02
 22  0.66436  5.41143e-03 | 23  0.14072 -2.07351e-01 | 24 -0.20133  3.15947e-01
 25  0.33250 -1.71636e+00 | 26 -0.17914  1.32041e+00 | 27 -0.12861 -2.66200e-01
 28  0.29027 -4.39102e-01 | 29 -0.09206  1.79149e-01 | 30 -0.22378  1.53633e-01
 31 -0.18713  2.09835e+00 | 32 -0.36868 -2.16428e-01 | 33  0.23110  1.91308e+00
 34 -0.10414  1.16357e+00 | 35 -0.01028  2.03719e-01 | 36  0.01752  2.15666e-01
 37 -0.11652  5.76113e-02 | 38  0.45264  2.86933e-01 | 39 -0.16230  1.09773e-02
 40  0.51707 -5.64755e-01 | 41 -0.24715  2.27890e+00 | 42  0.05789  1.19046e+00
 43 -0.23411 -2.18603e-01 | 44  0.10849  2.21432e-01 | 45 -0.14861  1.78071e-01
45 variables; iteration 60; function evaluation 80; phase 4
Function value 3.1205966e+03; maximum gradient component mag 6.7905e+01
Var    Value     Gradient |Var    Value     Gradient |Var    Value     Gradient
  1 -0.24156  6.79046e+01 |  2  0.04597 -1.90916e+01 |  3 -0.10929  8.04723e-01
  4 -0.02849  4.43168e-02 |  5 -0.44543 -2.93385e+00 |  6 -0.01501 -2.55536e-01
  7  0.08324  2.77454e+01 |  8 -0.00069  7.90254e+00 |  9 -0.07506  3.82151e+00
 10  0.06247  1.50907e+00 | 11 -0.12539 -4.52584e+01 | 12 -0.08275  3.50334e-01
 13  0.11237  5.19629e-01 | 14  0.21015  3.78226e+00 | 15 -0.16644 -5.89923e+00
 16 -0.11311  1.29587e+00 | 17 -0.27668 -6.25062e+00 | 18 -0.92249 -3.80519e-02
 19 -0.29458 -3.45251e+00 | 20  0.25502 -3.34522e+01 | 21 -0.16009  4.95504e+01
 22 -0.48036  4.68998e-01 | 23  0.15042 -1.34550e+00 | 24 -0.19575  2.01042e+00
 25  0.33034 -7.49325e+00 | 26 -0.18150  3.13771e+00 | 27  1.82439  7.56520e-03
 28  0.30484 -2.29881e+00 | 29 -0.08818  5.29260e+00 | 30 -0.13952  8.38682e-01
 31 -0.14573 -8.31705e+00 | 32 -0.31659  3.53327e+00 | 33 -0.14939 -4.36716e-01
 34 -0.03317 -6.32492e+00 | 35 -0.01895  3.24869e+00 | 36  0.00783 -6.15825e-01
 37 -0.09548  2.59578e+00 | 38  0.45246 -2.97135e-01 | 39 -0.16556 -8.82644e-02
 40  0.69905  2.42938e-01 | 41 -0.22464 -7.22406e-01 | 42  0.06921 -1.39070e+00
 43 -0.22514  6.95140e+00 | 44  0.12629  2.30044e+00 | 45 -0.13675 -1.23912e+00
45 variables; iteration 80; function evaluation 102; phase 4
Function value 3.1193915e+03; maximum gradient component mag -3.1043e-01
Var    Value     Gradient |Var    Value     Gradient |Var    Value     Gradient
  1 -0.26648 -1.05204e-01 |  2  0.08493  3.50014e-02 |  3 -0.14054  3.85428e-02
  4 -0.02001  3.73723e-02 |  5 -0.45503  2.65176e-02 |  6  0.01591 -8.68230e-03
  7  0.07684  3.71705e-02 |  8  0.01346  1.55072e-02 |  9 -0.08196  1.58802e-02
 10  0.07101  1.10424e-02 | 11 -0.14833  1.31061e-01 | 12 -0.10114  1.20716e-03
 13  0.10232  7.98381e-04 | 14  0.20752  1.13035e-02 | 15 -0.16619 -1.43566e-02
 16 -0.18111  1.15509e-03 | 17 -0.25060  2.52799e-01 | 18 -0.67720 -4.15068e-02
 19 -0.30292  1.39373e-02 | 20  0.25708 -9.99761e-02 | 21 -0.16212  9.99852e-02
 22 -0.50435 -2.58993e-03 | 23  0.13903 -7.11675e-03 | 24 -0.20151  9.96381e-03
 25  0.32832  6.87789e-03 | 26 -0.17935 -9.67726e-02 | 27  1.40854 -5.33409e-03
 28  0.28213 -1.86140e-02 | 29 -0.09402  4.06586e-02 | 30 -0.25922 -2.52273e-04
 31 -0.14583  7.30487e-03 | 32 -0.31812  3.16179e-02 | 33 -0.13702  4.09538e-02
 34 -0.03683 -6.43833e-02 | 35 -0.01564  8.08707e-03 | 36  0.01276 -1.13824e-03
 37 -0.10947  5.99636e-03 | 38  0.42737 -7.11666e-03 | 39 -0.17221  4.79724e-03
 40  0.43953  4.94343e-02 | 41 -0.26251 -3.10428e-01 | 42  0.05138 -5.69938e-02
 43 -0.23814  7.85641e-02 | 44  0.09223 -6.15156e-03 | 45 -0.15963  1.08154e-02
45 variables; iteration 100; function evaluation 139; phase 4
Function value 3.1192827e+03; maximum gradient component mag 9.0995e-03
Var    Value     Gradient |Var    Value     Gradient |Var    Value     Gradient
  1 -0.26737  9.09952e-03 |  2  0.09163  2.01391e-03 |  3 -0.14563  2.00568e-03
  4 -0.01818  2.31723e-03 |  5 -0.45434  5.81799e-04 |  6  0.01807  1.03606e-03
  7  0.07574  3.94774e-03 |  8  0.01599  1.99937e-03 |  9 -0.08333  6.95322e-04
 10  0.06998  1.34447e-04 | 11 -0.14791 -7.57964e-03 | 12 -0.10097  1.33576e-04
 13  0.10236  1.09970e-05 | 14  0.20566  2.16703e-03 | 15 -0.16678 -1.77178e-03
 16 -0.18690  8.38517e-04 | 17 -0.25064  1.60789e-03 | 18 -0.67676 -2.00976e-04
 19 -0.30328 -2.34581e-04 | 20  0.25660  2.62218e-03 | 21 -0.16225 -4.04334e-03
 22 -0.50576  6.40896e-05 | 23  0.13805 -3.82583e-04 | 24 -0.20190  6.35901e-04
 25  0.31649 -3.02732e-03 | 26 -0.18478  4.63366e-03 | 27  2.22289  2.24302e-04
 28  0.27932  1.73674e-03 | 29 -0.09470 -5.42215e-04 | 30 -0.26407  2.73885e-04
 31 -0.14591 -1.26539e-03 | 32 -0.31827  2.42931e-04 | 33 -0.13567 -5.67828e-04
 34 -0.03718 -1.81755e-03 | 35 -0.01564  1.09990e-03 | 36  0.01268 -2.98593e-04
 37 -0.10961  4.38525e-04 | 38  0.42251 -1.33821e-04 | 39 -0.17371  1.02959e-05
 40  0.42469 -8.50174e-04 | 41 -0.26547  3.02218e-03 | 42  0.04798 -2.56637e-03
 43 -0.24070  4.59676e-03 | 44  0.08983  5.69121e-04 | 45 -0.16135 -4.61740e-04
  ic > imax  in fminim is answer attained ?
Var    Value     Gradient |Var    Value     Gradient |Var    Value     Gradient
  1 -0.26737  9.09952e-03 |  2  0.09163  2.01391e-03 |  3 -0.14563  2.00568e-03
  4 -0.01818  2.31723e-03 |  5 -0.45434  5.81799e-04 |  6  0.01807  1.03606e-03
  7  0.07574  3.94774e-03 |  8  0.01599  1.99937e-03 |  9 -0.08333  6.95322e-04
 10  0.06998  1.34447e-04 | 11 -0.14791 -7.57964e-03 | 12 -0.10097  1.33576e-04
 13  0.10236  1.09970e-05 | 14  0.20566  2.16703e-03 | 15 -0.16678 -1.77178e-03
 16 -0.18690  8.38517e-04 | 17 -0.25064  1.60789e-03 | 18 -0.67676 -2.00976e-04
 19 -0.30328 -2.34581e-04 | 20  0.25660  2.62218e-03 | 21 -0.16225 -4.04334e-03
 22 -0.50576  6.40896e-05 | 23  0.13805 -3.82583e-04 | 24 -0.20190  6.35901e-04
 25  0.31649 -3.02732e-03 | 26 -0.18478  4.63366e-03 | 27  2.22289  2.24302e-04
 28  0.27932  1.73674e-03 | 29 -0.09470 -5.42215e-04 | 30 -0.26407  2.73885e-04
 31 -0.14591 -1.26539e-03 | 32 -0.31827  2.42931e-04 | 33 -0.13567 -5.67828e-04
 34 -0.03718 -1.81755e-03 | 35 -0.01564  1.09990e-03 | 36  0.01268 -2.98593e-04
 37 -0.10961  4.38525e-04 | 38  0.42251 -1.33821e-04 | 39 -0.17371  1.02959e-05
 40  0.42469 -8.50174e-04 | 41 -0.26547  3.02218e-03 | 42  0.04798 -2.56637e-03
 43 -0.24070  4.59676e-03 | 44  0.08983  5.69121e-04 | 45 -0.16135 -4.61740e-04
Function minimizer not making progress ... is minimum attained?
Minimprove criterion = 0.0000e+00

 - final statistics:
45 variables; iteration 101; function evaluation 169
Function value 3.1193e+03; maximum gradient component mag 9.0995e-03
Exit code = 1;  converg criter 1.0000e-04
Var    Value     Gradient |Var    Value     Gradient |Var    Value     Gradient
  1 -0.26737  9.09952e-03 |  2  0.09163  2.01391e-03 |  3 -0.14563  2.00568e-03
  4 -0.01818  2.31723e-03 |  5 -0.45434  5.81799e-04 |  6  0.01807  1.03606e-03
  7  0.07574  3.94774e-03 |  8  0.01599  1.99937e-03 |  9 -0.08333  6.95322e-04
 10  0.06998  1.34447e-04 | 11 -0.14791 -7.57964e-03 | 12 -0.10097  1.33576e-04
 13  0.10236  1.09970e-05 | 14  0.20566  2.16703e-03 | 15 -0.16678 -1.77178e-03
 16 -0.18690  8.38517e-04 | 17 -0.25064  1.60789e-03 | 18 -0.67676 -2.00976e-04
 19 -0.30328 -2.34581e-04 | 20  0.25660  2.62218e-03 | 21 -0.16225 -4.04334e-03
 22 -0.50576  6.40896e-05 | 23  0.13805 -3.82583e-04 | 24 -0.20190  6.35901e-04
 25  0.31649 -3.02732e-03 | 26 -0.18478  4.63366e-03 | 27  2.22289  2.24302e-04
 28  0.27932  1.73674e-03 | 29 -0.09470 -5.42215e-04 | 30 -0.26407  2.73885e-04
 31 -0.14591 -1.26539e-03 | 32 -0.31827  2.42931e-04 | 33 -0.13567 -5.67828e-04
 34 -0.03718 -1.81755e-03 | 35 -0.01564  1.09990e-03 | 36  0.01268 -2.98593e-04
 37 -0.10961  4.38525e-04 | 38  0.42251 -1.33821e-04 | 39 -0.17371  1.02959e-05
 40  0.42469 -8.50174e-04 | 41 -0.26547  3.02218e-03 | 42  0.04798 -2.56637e-03
 43 -0.24070  4.59676e-03 | 44  0.08983  5.69121e-04 | 45 -0.16135 -4.61740e-04
size of file gradfil1.tmp = 0
size of file gradfil2.tmp = 0
size of file varssave.tmp = 0
size of file cmpdiff.tmp = 200000008
