
Initial statistics: 3 variables; iteration 0; function evaluation 0; phase 1
Function value 3.1770687e+03; maximum gradient component mag -2.0749e+03
Var    Value     Gradient |Var    Value     Gradient |Var    Value     Gradient
  1 -0.06438 -2.07491e+03 |  2 -0.24381  3.77821e+01 |  3 -0.11374 -2.35528e+01

 - final statistics:
3 variables; iteration 8; function evaluation 12
Function value 3.1540e+03; maximum gradient component mag -3.8217e+00
Exit code = 1;  converg criter 1.0000e+01
Var    Value     Gradient |Var    Value     Gradient |Var    Value     Gradient
  1 -0.03686 -3.82171e+00 |  2 -0.26289 -2.79475e-02 |  3  0.09698  2.67693e-01

Initial statistics: 13 variables; iteration 0; function evaluation 0; phase 2
Function value 3.1539653e+03; maximum gradient component mag 2.1292e+02
Var    Value     Gradient |Var    Value     Gradient |Var    Value     Gradient
  1 -0.22265  2.12920e+02 |  2  0.03025  1.30492e+01 |  3 -0.08260  8.09089e+01
  4  0.03517  1.88888e+02 |  5 -0.41774  4.80230e+01 |  6  0.00899  3.01881e+01
  7  0.09996  2.73491e+01 |  8 -0.08099  3.85276e+01 |  9  0.13355  6.22016e+01
 10 -0.15067  8.80926e+00 | 11 -0.03686 -3.82171e+00 | 12 -0.26289 -2.79475e-02
 13  0.09698  2.67693e-01 |

 - final statistics:
13 variables; iteration 16; function evaluation 23
Function value 3.1418e+03; maximum gradient component mag 7.3568e+00
Exit code = 1;  converg criter 1.0000e+01
Var    Value     Gradient |Var    Value     Gradient |Var    Value     Gradient
  1 -0.26179  7.35680e+00 |  2  0.06477  7.03019e-01 |  3 -0.11254  3.44180e-01
  4 -0.03235  3.50641e+00 |  5 -0.43761  6.00101e-03 |  6  0.02642  1.14876e+00
  7  0.10347  4.58984e-01 |  8 -0.09411 -6.41720e-02 |  9  0.14624  2.52174e+00
 10 -0.14161  1.91128e-01 | 11 -0.07820 -5.83456e+00 | 12 -0.27342 -5.27946e-02
 13  0.08524 -2.57942e-01 |

Initial statistics: 45 variables; iteration 0; function evaluation 0; phase 3
Function value 3.1418488e+03; maximum gradient component mag -1.1168e+02
Var    Value     Gradient |Var    Value     Gradient |Var    Value     Gradient
  1 -0.26179  7.35680e+00 |  2  0.06477  7.03019e-01 |  3 -0.11254  3.44180e-01
  4 -0.03235  3.50641e+00 |  5 -0.43761  6.00101e-03 |  6  0.02642  1.14876e+00
  7  0.10347  4.58984e-01 |  8 -0.09411 -6.41720e-02 |  9  0.14624  2.52174e+00
 10 -0.14161  1.91128e-01 | 11 -0.07820 -5.83456e+00 | 12 -0.27342 -5.27946e-02
 13  0.08524 -2.57942e-01 | 14  0.17762 -7.16238e+01 | 15 -0.16941  9.99922e+01
 16 -0.10463 -1.79911e+00 | 17 -0.24990 -1.65729e+00 | 18 -0.67754  8.05774e-02
 19 -0.30309 -1.23741e+00 | 20  0.27260  4.04703e+01 | 21 -0.16137 -7.16210e+01
 22 -0.49571  5.10668e+00 | 23  0.19602  2.16668e+00 | 24 -0.16422  1.19581e+00
 25  0.30716 -1.64547e+01 | 26 -0.18277  3.35960e+01 | 27 -0.25907  8.42808e-02
 28  0.23921 -6.07376e+01 | 29 -0.09757  9.51627e+01 | 30 -0.18132 -1.98205e+00
 31 -0.14249 -7.49703e+00 | 32 -0.32752 -1.51816e+00 | 33 -0.10243 -4.53067e+00
 34 -0.05887 -1.11680e+02 | 35 -0.01443  6.51281e+00 | 36 -0.01155 -1.13001e+01
 37 -0.12914 -2.38194e+00 | 38  0.43041  6.63480e+00 | 39 -0.16252 -6.67400e+00
 40  0.35254 -1.79558e+01 | 41 -0.27477  4.24145e+01 | 42 -0.02377 -4.11210e+01
 43 -0.30585  1.79040e+01 | 44  0.04086  3.12050e+01 | 45 -0.20709 -2.45853e+01

Intermediate statistics: 45 variables; iteration 20; function evaluation 29; phase 3
Function value 3.1332347e+03; maximum gradient component mag -3.2679e+02
Var    Value     Gradient |Var    Value     Gradient |Var    Value     Gradient
  1 -0.25126  2.83765e+02 |  2  0.04185 -2.32869e+01 |  3 -0.10779 -1.66724e+01
  4 -0.05525 -2.03121e+01 |  5 -0.40101 -1.27204e+01 |  6 -0.00800  3.26535e+01
  7  0.09085  4.39310e+01 |  8 -0.01519  3.57177e+01 |  9 -0.01539  1.60417e+01
 10 -0.03739 -2.62857e+01 | 11 -0.07801 -3.26790e+02 | 12 -0.26849  9.70028e+00
 13  0.09232  2.69230e-01 | 14  0.24474 -5.58908e+01 | 15 -0.14513  1.27871e+02
 16 -0.17030 -1.20158e+00 | 17 -0.25925 -1.50648e+01 | 18 -0.67003  2.62818e+00
 19 -0.27968  1.53541e+00 | 20  0.28849  9.48546e+00 | 21 -0.15700 -3.59367e+01
 22 -0.52722 -5.67379e+00 | 23  0.14888  3.86861e+00 | 24 -0.20989 -8.29173e+00
 25  0.35466  1.66295e+00 | 26 -0.17135  1.59107e+01 | 27 -0.23645 -8.43691e-01
 28  0.31916 -3.08938e+01 | 29 -0.07943  9.64782e+01 | 30 -0.27696 -2.72988e+00
 31 -0.14134 -3.14893e+01 | 32 -0.30612  1.23159e+01 | 33 -0.20125 -4.34356e+00
 34 -0.02278  3.08090e+00 | 35 -0.01004 -2.00487e+01 | 36  0.02985  1.08592e+01
 37 -0.12506 -5.14858e+00 | 38  0.38854  3.15721e+01 | 39 -0.22979 -4.64626e+01
 40  0.47599 -9.83551e+00 | 41 -0.25088  4.69715e+01 | 42  0.02607 -1.26564e+02
 43 -0.25071  1.13882e+02 | 44  0.03805  2.97471e+01 | 45 -0.21492 -2.83542e+01
45 variables; iteration 40; function evaluation 53; phase 3
Function value 3.1288136e+03; maximum gradient component mag -1.4702e+02
Var    Value     Gradient |Var    Value     Gradient |Var    Value     Gradient
  1 -0.23888  1.29595e+02 |  2  0.03995 -1.65686e+01 |  3 -0.11309 -1.64984e+01
  4 -0.04391 -1.71904e+01 |  5 -0.42203  4.14717e+00 |  6 -0.01637  2.32040e+01
  7  0.08129  1.39092e+01 |  8  0.00489  5.54221e+00 |  9 -0.06303 -1.11162e+00
 10  0.05263  2.55807e-01 | 11 -0.06559 -1.47019e+02 | 12 -0.26574  1.15791e+01
 13  0.09031  1.08712e-01 | 14  0.27022  1.68286e+01 | 15 -0.14687 -1.16961e+01
 16 -0.12395  1.03314e+00 | 17 -0.26144 -1.16997e+01 | 18 -0.70206  1.57498e+00
 19 -0.27500  1.65693e+00 | 20  0.27204 -1.87759e+01 | 21 -0.16097  1.35219e+01
 22 -0.48119 -1.31383e+00 | 23  0.16635  1.06131e+00 | 24 -0.19372 -1.48604e+00
 25  0.36530  1.66855e+01 | 26 -0.17155 -2.20202e+01 | 27  0.01110 -4.91166e-02
 28  0.31631 -2.72251e+00 | 29 -0.08942 -3.70255e+00 | 30 -0.25174 -1.64964e+00
 31 -0.14588 -4.06879e+01 | 32 -0.31250  1.46355e+01 | 33 -0.19587 -4.68063e+00
 34 -0.02201 -1.46136e+01 | 35 -0.00688 -1.32377e+01 | 36  0.03005  8.92929e+00
 37 -0.11692 -1.60023e+00 | 38  0.30608  9.89247e+00 | 39 -0.28538 -2.13639e+01
 40  0.47617  3.22168e+00 | 41 -0.26200 -1.66084e+01 | 42  0.04083 -8.89439e+01
 43 -0.24375  7.43779e+01 | 44  0.08200  1.05488e+01 | 45 -0.16271 -7.19167e+00

 - final statistics:
45 variables; iteration 54; function evaluation 68
Function value 3.1261e+03; maximum gradient component mag 8.0008e-01
Exit code = 1;  converg criter 1.0000e+00
Var    Value     Gradient |Var    Value     Gradient |Var    Value     Gradient
  1 -0.22961 -1.35977e-01 |  2  0.03798  4.93821e-02 |  3 -0.11130  3.46414e-02
  4 -0.03715  2.50656e-02 |  5 -0.43311  2.75779e-02 |  6 -0.02536  4.40120e-02
  7  0.07801 -3.18728e-01 |  8  0.01036 -5.02634e-02 |  9 -0.07207 -4.23217e-02
 10  0.06543  2.85755e-02 | 11 -0.05502  2.81445e-01 | 12 -0.27400 -3.02474e-02
 13  0.08957  1.76316e-03 | 14  0.24550 -2.45946e-02 | 15 -0.15718  7.49802e-02
 16 -0.14189 -3.08903e-04 | 17 -0.24802  9.48773e-02 | 18 -0.66740  5.84316e-03
 19 -0.28542 -7.40020e-03 | 20  0.28300  3.56565e-02 | 21 -0.15740 -2.34678e-02
 22 -0.49581  6.99744e-03 | 23  0.16671  5.16319e-02 | 24 -0.19336 -3.95333e-03
 25  0.34405  1.68798e-01 | 26 -0.17904 -3.11970e-01 | 27  0.27574  4.83992e-04
 28  0.34006 -9.58875e-02 | 29 -0.08222  1.54169e-01 | 30  0.00655  3.65645e-02
 31 -0.14140  2.98169e-02 | 32 -0.31385 -2.27071e-02 | 33 -0.17979  4.49060e-03
 34 -0.02012 -1.37435e-01 | 35 -0.00239 -4.22954e-02 | 36  0.02109 -3.85387e-02
 37 -0.12178 -2.34122e-02 | 38  0.42543 -6.73554e-02 | 39 -0.16962  5.82662e-03
 40  0.53156 -2.56980e-01 | 41 -0.24921  8.00081e-01 | 42  0.06724 -4.38103e-01
 43 -0.22672  1.34917e-01 | 44  0.05842 -4.81067e-02 | 45 -0.18041  1.64213e-02

Initial statistics: 102 variables; iteration 0; function evaluation 0; phase 4
Function value 3.1261436e+03; maximum gradient component mag -5.7678e+02
Var    Value     Gradient |Var    Value     Gradient |Var    Value     Gradient
  1 -0.22961 -1.35977e-01 |  2  0.03798  4.93821e-02 |  3 -0.11130  3.46414e-02
  4 -0.03715  2.50656e-02 |  5 -0.43311  2.75779e-02 |  6 -0.02536  4.40120e-02
  7  0.07801 -3.18728e-01 |  8  0.01036 -5.02634e-02 |  9 -0.07207 -4.23217e-02
 10  0.06543  2.85755e-02 | 11 -0.05502  2.81445e-01 | 12  0.00000 -1.25217e+01
 13  0.00000 -2.07221e+01 | 14  0.00000 -2.47527e+01 | 15  0.00000 -1.59227e+01
 16  0.00000 -5.79736e+00 | 17  0.00000 -1.22428e+01 | 18  0.00000 -2.87136e+01
 19  0.00000 -4.09305e+01 | 20  0.00000  3.01785e+01 | 21  0.00000  9.92955e+01
 22  0.00000  9.01143e+01 | 23  0.00000  1.96833e+01 | 24  0.00000  9.98640e+01
 25  0.00000  1.83163e+02 | 26  0.00000  1.84114e+02 | 27  0.00000 -5.25304e+01
 28  0.00000 -3.61970e+02 | 29  0.00000 -3.10308e+01 | 30  0.00000  1.95259e+01
 31  0.00000  2.14332e+01 | 32  0.00000 -1.24541e+01 | 33  0.00000 -1.14069e+01
 34  0.00000  3.56019e+01 | 35  0.00000  3.74274e+01 | 36  0.00000  6.27062e+01
 37  0.00000  1.85089e+01 | 38  0.00000  9.35016e+01 | 39  0.00000  1.13054e+02
 40  0.00000  1.60771e+02 | 41  0.00000  1.26129e+02 | 42  0.00000 -1.92500e+02
 43  0.00000 -5.76778e+02 | 44  0.00000 -9.60147e+01 | 45  0.00000  3.40026e+01
 46  0.00000  8.41188e+01 | 47  0.00000 -6.06785e+01 | 48  0.00000  1.26331e+02
 49  0.00000  1.95760e+02 | 50  0.00000  2.05545e+02 | 51  0.00000  1.16835e+02
 52  0.00000  9.86019e+01 | 53  0.00000 -1.05667e+02 | 54  0.00000 -1.77502e+02
 55  0.00000 -2.30920e+01 | 56  0.00000 -1.30547e+02 | 57  0.00000 -1.91713e+02
 58  0.00000 -3.29824e+01 | 59  0.00000 -7.58669e+01 | 60  0.00000  2.37718e+01
 61  0.00000  5.33030e+01 | 62  0.00000  9.81107e+01 | 63  0.00000  7.25575e+01
 64  0.00000  2.36774e+01 | 65  0.00000 -2.83135e+01 | 66  0.00000  2.81891e+01
 67  0.00000 -5.92484e-01 | 68  0.00000 -7.71059e+00 | 69 -0.27400 -3.02474e-02
 70  0.08957  1.76316e-03 | 71  0.24550 -2.45946e-02 | 72 -0.15718  7.49802e-02
 73 -0.14189 -3.08903e-04 | 74 -0.24802  9.48773e-02 | 75 -0.66740  5.84316e-03
 76 -0.28542 -7.40020e-03 | 77  0.28300  3.56565e-02 | 78 -0.15740 -2.34678e-02
 79 -0.49581  6.99744e-03 | 80  0.16671  5.16319e-02 | 81 -0.19336 -3.95333e-03
 82  0.34405  1.68798e-01 | 83 -0.17904 -3.11970e-01 | 84  0.27574  4.83992e-04
 85  0.34006 -9.58875e-02 | 86 -0.08222  1.54169e-01 | 87  0.00655  3.65645e-02
 88 -0.14140  2.98169e-02 | 89 -0.31385 -2.27071e-02 | 90 -0.17979  4.49060e-03
 91 -0.02012 -1.37435e-01 | 92 -0.00239 -4.22954e-02 | 93  0.02109 -3.85387e-02
 94 -0.12178 -2.34122e-02 | 95  0.42543 -6.73554e-02 | 96 -0.16962  5.82662e-03
 97  0.53156 -2.56980e-01 | 98 -0.24921  8.00081e-01 | 99  0.06724 -4.38103e-01
100 -0.22672  1.34917e-01 |101  0.05842 -4.81067e-02 |102 -0.18041  1.64213e-02

Intermediate statistics: 102 variables; iteration 20; function evaluation 32; phase 4
Function value 2.6615318e+03; maximum gradient component mag -2.8084e+02
Var    Value     Gradient |Var    Value     Gradient |Var    Value     Gradient
  1 -0.14805 -2.80842e+02 |  2  0.00350  3.20865e+01 |  3 -0.06100  2.46781e+01
  4 -0.01269 -3.17871e+01 |  5 -0.40397 -2.39710e+01 |  6 -0.06383 -3.40645e+01
  7  0.07958 -3.19345e+01 |  8 -0.00329  3.26916e-01 |  9 -0.06534 -2.07587e+01
 10  0.02853 -1.69531e+01 | 11  0.13027  2.44114e+02 | 12 -0.02324  1.58081e+01
 13  0.00364  1.45940e+01 | 14  0.01708  1.34853e+01 | 15 -0.02297  1.52505e+01
 16 -0.05375  1.63022e+01 | 17 -0.04205  1.50105e+01 | 18 -0.03465  1.29858e+01
 19  0.02479  6.01906e+00 | 20 -0.10314  1.51156e+01 | 21 -0.15325  1.78504e+01
 22 -0.14895  1.57153e+01 | 23 -0.01483  2.95577e+00 | 24 -0.13385  1.45173e+01
 25 -0.21539  2.08155e+01 | 26 -0.25402  2.56696e+01 | 27 -0.15299  2.95659e+01
 28  0.14943 -6.19446e+00 | 29 -0.16094  2.54501e+01 | 30 -0.06753  1.30677e+01
 31 -0.07724  6.08920e+00 | 32 -0.04840  7.83180e-01 | 33 -0.03987  9.25063e+00
 34 -0.11669  1.53561e+01 | 35 -0.06833  1.85000e+01 | 36 -0.19385  1.22400e+01
 37 -0.03683  1.73464e+01 | 38 -0.18720  1.08116e+01 | 39 -0.12814  1.08169e+01
 40 -0.21183  1.09303e+01 | 41 -0.15684  1.51361e+01 | 42 -0.42368 -1.36530e+01
 43  0.34678 -9.37290e+01 | 44 -0.30964 -5.64050e+00 | 45  0.00648  1.62060e+01
 46 -0.08386  6.97838e+00 | 47  0.04499 -1.89403e+01 | 48 -0.17613  9.64407e+00
 49 -0.33370  7.72906e+00 | 50 -0.36288  7.08503e+00 | 51 -0.14120  8.82878e+00
 52 -0.14090  5.27371e+00 | 53  0.04447 -1.01556e+01 | 54  0.08860 -3.15195e+01
 55 -0.06065 -3.51114e+00 | 56  0.07110 -2.38462e+01 | 57  0.14863 -4.20993e+01
 58 -0.10416 -6.51129e+00 | 59  0.07193 -1.25530e+00 | 60 -0.08628  3.66068e+00
 61 -0.11283  4.19665e+00 | 62 -0.25750  3.91426e+00 | 63 -0.17220  1.87407e+00
 64 -0.08663 -1.57399e+00 | 65 -0.01654  1.89758e+00 | 66 -0.15273  3.96476e+00
 67 -0.02424  2.93059e+00 | 68  0.07897 -8.52721e-01 | 69 -0.27522  1.16408e+01
 70 -0.04106  3.97218e+00 | 71  0.20341 -9.26711e+01 | 72 -0.14720  1.88213e+02
 73 -0.13566 -3.40699e+00 | 74 -0.24910 -5.97574e+00 | 75 -0.66675  1.07099e+00
 76 -0.28258 -6.53982e-01 | 77  0.30421  8.53814e+01 | 78 -0.16296 -1.29790e+02
 79 -0.47501  8.68959e+00 | 80  0.19281  2.51074e+00 | 81 -0.18666 -6.90164e+00
 82  0.30349 -2.90189e+01 | 83 -0.18142  5.66706e+01 | 84  0.27505  5.60648e-02
 85  0.25316  4.12242e+01 | 86 -0.11026 -1.19835e+02 | 87 -0.00758  1.59452e+00
 88 -0.15036 -8.22041e+01 | 89 -0.31485  3.50110e+01 | 90 -0.15617 -6.92712e+00
 91 -0.03792 -3.34945e+01 | 92 -0.00347 -5.47681e+00 | 93  0.00100 -5.99783e-01
 94 -0.13073 -3.20158e+00 | 95  0.42537  5.16839e+00 | 96 -0.16516 -7.89451e+00
 97  0.48331  6.37520e+00 | 98 -0.24561 -1.14304e+01 | 99  0.01678 -3.23434e+01
100 -0.26676  1.72719e+01 |101  0.04508 -7.00244e+00 |102 -0.19177  8.80293e+00
102 variables; iteration 40; function evaluation 52; phase 4
Function value 2.6546165e+03; maximum gradient component mag -2.9401e+02
Var    Value     Gradient |Var    Value     Gradient |Var    Value     Gradient
  1 -0.14442 -2.94008e+02 |  2 -0.01307 -8.61279e-01 |  3 -0.06344 -1.48315e+01
  4 -0.01489 -3.05920e+01 |  5 -0.39546 -5.41211e+00 |  6 -0.08164 -7.65647e+01
  7  0.08262  3.41597e+01 |  8 -0.00647 -1.07773e+00 |  9 -0.05597 -7.04813e+00
 10  0.03563 -4.57501e-01 | 11  0.12679  2.74581e+02 | 12 -0.02993  1.18987e+01
 13  0.01073  1.23693e+01 | 14  0.02557  1.16596e+01 | 15 -0.02613  1.21824e+01
 16 -0.05951  1.16005e+01 | 17 -0.04549  8.23674e+00 | 18 -0.03993  5.01965e+00
 19  0.01988 -2.48235e+00 | 20 -0.09894  1.59307e+01 | 21 -0.15158  2.22769e+01
 22 -0.14203  2.80492e+01 | 23  0.00469  5.33210e+01 | 24 -0.11656  3.71736e+01
 25 -0.20916  2.73124e+01 | 26 -0.25431  2.57830e+01 | 27 -0.18015  2.05758e+01
 28  0.15343  1.20673e+01 | 29 -0.19032  2.00403e+01 | 30 -0.06140  2.28259e+01
 31 -0.07195  1.86856e+01 | 32 -0.04015  1.39983e+01 | 33 -0.04398  1.04480e+01
 34 -0.12522  1.19695e+01 | 35 -0.07442  1.46596e+01 | 36 -0.20256  9.94744e+00
 37 -0.04425  1.19422e+01 | 38 -0.19409  8.64727e+00 | 39 -0.13583  7.67189e+00
 40 -0.21397  9.34274e+00 | 41 -0.17811  9.04555e+00 | 42 -0.37650 -1.27814e+01
 43  0.36429 -2.11613e+01 | 44 -0.35495 -7.92420e+00 | 45 -0.00485  4.07675e+00
 46 -0.08065  8.12743e+00 | 47  0.07297  2.56280e+01 | 48 -0.18279  7.14177e+00
 49 -0.33719  6.59091e+00 | 50 -0.35855  7.86865e+00 | 51 -0.14847  2.61783e+00
 52 -0.14651  1.51824e+00 | 53  0.04179 -1.60872e+01 | 54  0.10058 -1.58002e+01
 55 -0.06089 -2.96383e+00 | 56  0.08618 -7.60354e+00 | 57  0.16631 -1.44809e+01
 58 -0.09914 -4.32852e+00 | 59  0.07104 -2.80960e+00 | 60 -0.09160 -8.10210e-01
 61 -0.11881 -2.98249e-01 | 62 -0.27202  7.14896e-01 | 63 -0.17540 -6.13240e-01
 64 -0.09335 -4.71506e+00 | 65 -0.02062  2.11476e-01 | 66 -0.17839 -4.65040e-01
 67 -0.08207 -4.96522e+00 | 68  0.04034 -3.46635e+00 | 69 -0.29034 -5.05950e+00
 70 -0.05943  1.97602e+00 | 71  0.19474 -3.44235e+01 | 72 -0.16525  5.93751e+01
 73 -0.07195 -7.64949e-01 | 74 -0.24621 -5.62817e-01 | 75 -0.66731  1.55849e-01
 76 -0.27739  2.09312e-01 | 77  0.26644 -3.78717e+01 | 78 -0.16703  5.50998e+01
 79 -0.09181  2.43484e-01 | 80  0.54108  1.60267e+00 | 81 -0.06763 -6.44633e+00
 82  0.31687 -2.05086e+00 | 83 -0.18257  4.40085e+00 | 84  0.24834  4.42553e-02
 85  0.29056  1.84569e+01 | 86 -0.09422 -5.49686e+01 | 87 -0.23909 -3.31404e+00
 88 -0.14309 -3.29703e+01 | 89 -0.31771  1.24437e+01 | 90 -0.17539 -3.66147e+00
 91 -0.03748 -1.54816e+01 | 92 -0.00138  1.53242e+00 | 93  0.00486  6.26481e-02
 94 -0.12795  2.13033e-01 | 95  0.45237  1.98920e-01 | 96 -0.14588  2.57152e+00
 97  0.37831 -6.98936e-01 | 98 -0.27234  7.13923e+00 | 99  0.01879 -6.36953e+00
100 -0.26796 -1.33487e+01 |101  0.04385  4.36907e+00 |102 -0.19986 -3.29009e+00
102 variables; iteration 60; function evaluation 76; phase 4
Function value 2.6490637e+03; maximum gradient component mag -3.3539e+02
Var    Value     Gradient |Var    Value     Gradient |Var    Value     Gradient
  1 -0.14496 -3.35385e+02 |  2  0.00083  3.96777e+01 |  3 -0.07096  2.89443e+01
  4  0.00939  2.41661e+01 |  5 -0.39613  9.30674e+00 |  6 -0.06223 -3.95640e+01
  7  0.08138  5.24694e+01 |  8 -0.00753  3.77728e+00 |  9 -0.05777  6.88644e+00
 10  0.02392  3.98547e+00 | 11  0.12783  3.24983e+02 | 12 -0.03537  1.29414e+01
 13  0.00694  1.50164e+01 | 14  0.03428  1.77389e+01 | 15 -0.02669  1.72975e+01
 16 -0.05436  1.97329e+01 | 17 -0.02965  2.35373e+01 | 18 -0.03226  2.25170e+01
 19  0.03489  2.54544e+01 | 20 -0.10057  2.32064e+01 | 21 -0.15224  2.30690e+01
 22 -0.14921  2.17472e+01 | 23 -0.01007  2.55872e+01 | 24 -0.11882  3.09376e+01
 25 -0.20855  2.79634e+01 | 26 -0.26200  2.42093e+01 | 27 -0.21469  1.60515e+01
 28  0.15964  5.62634e+01 | 29 -0.22246  1.55736e+01 | 30 -0.06417  2.42571e+01
 31 -0.07385  1.93194e+01 | 32 -0.04898  1.16789e+01 | 33 -0.03964  1.52645e+01
 34 -0.13145  1.18961e+01 | 35 -0.07936  1.37291e+01 | 36 -0.21611  7.95410e+00
 37 -0.05141  7.76014e+00 | 38 -0.20715  5.06898e+00 | 39 -0.14355  3.17695e+00
 40 -0.21593  6.16415e+00 | 41 -0.19827  2.38586e+00 | 42 -0.33730 -1.15939e+01
 43  0.38023  3.12047e+01 | 44 -0.35989 -7.86843e+00 | 45  0.00130  4.38082e+00
 46 -0.08476  3.85616e+00 | 47  0.06310 -3.77952e-01 | 48 -0.18980  1.40847e+00
 49 -0.33235  6.95500e+00 | 50 -0.35831  8.13147e+00 | 51 -0.14687  3.01769e+00
 52 -0.14767  3.17134e+00 | 53  0.04922 -8.65766e+00 | 54  0.10565 -1.06391e+01
 55 -0.06673 -5.60900e+00 | 56  0.08981 -4.53336e+00 | 57  0.17269 -8.11585e+00
 58 -0.07867  1.19164e-01 | 59  0.07473 -5.64172e-01 | 60 -0.08636 -1.85439e+00
 61 -0.11795 -1.39919e+00 | 62 -0.26220  1.98867e+00 | 63 -0.17273  1.54199e+00
 64 -0.08369 -1.29769e+00 | 65 -0.01877 -4.92444e+00 | 66 -0.15891  7.06477e-01
 67 -0.01890  2.88795e+00 | 68  0.07047 -1.87168e+00 | 69 -0.29245 -6.74699e+00
 70 -0.08350  1.32248e+00 | 71  0.20728  3.28001e+01 | 72 -0.16800 -5.38417e+01
 73 -0.14156  5.85485e-01 | 74 -0.24386 -1.84218e-01 | 75 -0.65672  2.03200e-01
 76 -0.27695  1.52291e+00 | 77  0.29993  5.18901e+01 | 78 -0.16319 -7.07761e+01
 79 -0.49451  5.54956e+00 | 80  0.36623  4.40456e-01 | 81 -0.10355  2.90044e+00
 82  0.30472  1.23721e+01 | 83 -0.18891 -2.87106e+01 | 84  0.19450  1.52274e-01
 85  0.26651  4.50753e-01 | 86 -0.09675  2.67765e+00 | 87 -0.17346  1.81462e-01
 88 -0.13697  1.43894e+01 | 89 -0.31884 -4.88926e+00 | 90 -0.15908  1.43306e+00
 91 -0.03594  1.11439e+01 | 92  0.00094  6.27999e+00 | 93  0.00224 -2.21580e+00
 94 -0.13001  1.52607e+00 | 95  0.41542  1.67434e+00 | 96 -0.16769 -2.80116e+00
 97  0.35297 -4.74760e+00 | 98 -0.27622  1.61513e+01 | 99  0.01937  1.58023e+01
100 -0.26669 -2.24061e+01 |101  0.04899  6.12940e+00 |102 -0.19796 -4.68697e+00
102 variables; iteration 80; function evaluation 99; phase 4
Function value 2.6446960e+03; maximum gradient component mag -2.3686e+02
Var    Value     Gradient |Var    Value     Gradient |Var    Value     Gradient
  1 -0.17006 -2.36858e+02 |  2  0.01617  7.79713e+00 |  3 -0.09414  1.49596e+00
  4  0.02028  8.06009e+00 |  5 -0.41197  1.98094e+00 |  6 -0.04159 -2.14277e+01
  7  0.07125  2.95775e+01 |  8  0.02817  4.89848e+00 |  9 -0.08282  1.33870e+00
 10  0.06529  6.24310e+00 | 11  0.08517  2.06518e+02 | 12 -0.02985  1.11116e+01
 13  0.00711  1.10814e+01 | 14  0.03575  1.24237e+01 | 15 -0.02037  1.40784e+01
 16 -0.05366  1.66574e+01 | 17 -0.02320  2.16513e+01 | 18 -0.02051  2.07475e+01
 19  0.04322  1.46268e+01 | 20 -0.11470  1.07494e+01 | 21 -0.15089  1.34976e+01
 22 -0.14990  1.30386e+01 | 23  0.00229  9.46103e+00 | 24 -0.12739  1.24889e+01
 25 -0.21282  1.49692e+01 | 26 -0.26714  1.54989e+01 | 27 -0.20978  1.02100e+01
 28  0.17209  1.76311e+01 | 29 -0.23701  6.01026e+00 | 30 -0.06962 -2.76984e+00
 31 -0.07483  9.26185e-01 | 32 -0.03872  4.65248e-01 | 33 -0.03869 -1.06879e+00
 34 -0.12884  1.37397e+00 | 35 -0.07859 -3.21471e+00 | 36 -0.23922 -1.27204e+00
 37 -0.04799 -3.72833e+00 | 38 -0.20382  3.71404e+00 | 39 -0.12710  6.08709e+00
 40 -0.22897  2.75849e+00 | 41 -0.19825  1.67128e-01 | 42 -0.30208 -1.15259e+01
 43  0.38853 -1.71417e+01 | 44 -0.24472 -1.73046e+00 | 45  0.00474 -1.28754e+00
 46 -0.07924  1.76423e+00 | 47  0.07258  5.51089e+00 | 48 -0.17774  4.74171e+00
 49 -0.32452  7.59757e+00 | 50 -0.39351  1.98920e+00 | 51 -0.14490  1.87188e+00
 52 -0.14735  2.65124e+00 | 53  0.06486  1.12406e+01 | 54  0.12150  1.44902e+01
 55 -0.05742 -1.67198e+00 | 56  0.09370  2.75813e-01 | 57  0.19137  1.50545e+01
 58 -0.09761 -5.69601e+00 | 59  0.07243 -5.51892e+00 | 60 -0.07436  3.46199e-01
 61 -0.10101  2.07748e+00 | 62 -0.26338  7.07135e-01 | 63 -0.17625 -1.66180e+00
 64 -0.07911 -4.84971e+00 | 65 -0.00483 -3.22872e+00 | 66 -0.16987 -3.67414e+00
 67 -0.00525  2.98819e+00 | 68  0.15941  4.78117e+00 | 69 -0.28942  4.13902e+00
 70 -0.09666  1.80897e+00 | 71  0.13338  4.13530e+01 | 72 -0.21493 -9.19660e+01
 73  0.23508  1.27942e-01 | 74 -0.24276 -6.13130e+00 | 75 -0.63325  1.69545e+00
 76 -0.28429 -3.27081e-01 | 77  0.28263  2.42327e+01 | 78 -0.16986 -5.05746e+01
 79 -0.49703 -3.66136e-01 | 80  0.42578  4.79099e+00 | 81 -0.09202 -1.32344e+01
 82  0.29756  1.37059e+01 | 83 -0.19388 -2.57413e+01 | 84 -0.24313  1.29781e+00
 85  0.24395  3.54857e+00 | 86 -0.10604 -1.98706e+01 | 87 -0.14124  1.48270e+00
 88 -0.14120  3.07157e+01 | 89 -0.32730 -1.13426e+01 | 90 -0.12887  4.56837e+00
 91 -0.03532  2.15051e+01 | 92 -0.00376 -4.11250e+00 | 93  0.00098  3.74070e-01
 94 -0.12873 -1.70362e+00 | 95  0.41769 -1.15341e+00 | 96 -0.15932  2.95437e+00
 97  0.29127 -7.33304e+00 | 98 -0.30406 -3.66215e+00 | 99  0.02276  2.48954e+01
100 -0.26410 -2.52772e+01 |101  0.04010 -4.84827e+00 |102 -0.20127  3.95844e+00
102 variables; iteration 100; function evaluation 121; phase 4
Function value 2.6409246e+03; maximum gradient component mag -1.7900e+02
Var    Value     Gradient |Var    Value     Gradient |Var    Value     Gradient
  1 -0.19884 -1.79004e+02 |  2  0.01799  1.44710e+01 |  3 -0.09389  5.86410e+00
  4  0.02434  1.18948e+01 |  5 -0.41617  4.52072e+00 |  6 -0.02281 -1.29294e+01
  7  0.07239  4.13491e+01 |  8  0.02896  8.54009e+00 |  9 -0.08677  1.32668e+00
 10  0.06520  6.37124e+00 | 11  0.02733  1.52632e+02 | 12 -0.03632  8.31161e+00
 13  0.01060  8.45297e+00 | 14  0.05646  9.58016e+00 | 15 -0.02888  7.94215e+00
 16 -0.05462  1.01672e+01 | 17 -0.00775  1.44737e+01 | 18 -0.03347  1.04860e+01
 19  0.06176  1.12078e+01 | 20 -0.09381  1.15289e+01 | 21 -0.13648  1.03459e+01
 22 -0.16634  3.13841e+00 | 23  0.01913  3.93311e-02 | 24 -0.11079  9.75188e+00
 25 -0.20073  1.12530e+01 | 26 -0.26600  1.02643e+01 | 27 -0.20229  7.38405e+00
 28  0.19501  2.49627e+01 | 29 -0.22445  5.67140e+00 | 30 -0.05107 -1.80644e+00
 31 -0.04980  4.60171e+00 | 32 -0.02543 -1.61231e+00 | 33 -0.02598 -3.38057e+00
 34 -0.11310  1.57279e+00 | 35 -0.06667 -3.72049e+00 | 36 -0.23209 -1.56074e+00
 37 -0.03646 -4.21088e+00 | 38 -0.20989 -5.88662e-01 | 39 -0.13307 -3.34537e-01
 40 -0.22149  1.62546e+00 | 41 -0.21694 -2.51066e+00 | 42 -0.19913 -6.15189e+00
 43  0.40279  4.21053e+00 | 44 -0.25557 -2.95787e+00 | 45  0.01116 -3.62951e+00
 46 -0.07987 -1.54657e+00 | 47  0.07027 -6.83031e+00 | 48 -0.19897 -3.61182e+00
 49 -0.36119  7.10245e-01 | 50 -0.36644  5.68668e+00 | 51 -0.16308 -8.73564e+00
 52 -0.15956 -3.79512e+00 | 53  0.05582 -5.73994e+00 | 54  0.11417 -1.87048e+00
 55 -0.04233  5.01655e+00 | 56  0.09845  1.09008e+00 | 57  0.18548  5.41441e+00
 58 -0.08222 -1.19822e+00 | 59  0.07340 -5.74845e+00 | 60 -0.07190  7.81635e-01
 61 -0.09883  2.01627e+00 | 62 -0.27158 -3.36138e-01 | 63 -0.15958  9.51814e-01
 64 -0.06997 -1.65885e+00 | 65  0.01466  7.26038e+00 | 66 -0.16108 -3.00713e+00
 67 -0.01300  1.27891e+00 | 68  0.16786  5.44813e+00 | 69 -0.29606  1.15576e+00
 70 -0.04423  6.00119e+00 | 71  0.15229  3.16832e+01 | 72 -0.20105 -7.43207e+01
 73  0.53391  1.19415e-02 | 74 -0.26993 -6.11743e+00 | 75 -0.80245  3.13478e-01
 76 -0.25852  5.20502e+00 | 77  0.27914 -1.53937e+00 | 78 -0.16765 -8.06948e+00
 79 -0.50439 -4.53304e+00 | 80  0.40307  3.11041e+00 | 81 -0.09169 -4.51072e+00
 82  0.31417  1.74655e+01 | 83 -0.18726 -3.41326e+01 | 84 -0.05797  9.22031e-01
 85  0.24045 -1.36689e+01 | 86 -0.10862 -1.65608e+01 | 87 -0.20246 -5.65732e+00
 88 -0.14848  4.18595e+00 | 89 -0.34084 -9.84449e+00 | 90 -0.14519 -2.03659e+00
 91 -0.04262  4.83511e+00 | 92 -0.02368  4.66216e+00 | 93 -0.03270 -1.06991e+01
 94 -0.09597  2.52075e-02 | 95  0.49221  2.35427e+00 | 96 -0.12536  1.26221e+00
 97  0.30903  1.07655e+01 | 98 -0.30581 -4.15880e+01 | 99  0.02703  2.11594e+01
100 -0.25993 -2.17328e+01 |101  0.04794  2.17761e+00 |102 -0.19710 -1.17742e+00
102 variables; iteration 120; function evaluation 144; phase 4
Function value 2.6362557e+03; maximum gradient component mag -4.2679e+01
Var    Value     Gradient |Var    Value     Gradient |Var    Value     Gradient
  1 -0.21513 -4.26791e+01 |  2 -0.00073  5.55492e+00 |  3 -0.06974  2.41649e+00
  4  0.00784  1.84450e+00 |  5 -0.40370  1.02352e+00 |  6 -0.01705 -5.20261e+00
  7  0.07900  4.71985e+00 |  8  0.00529  2.44355e-01 |  9 -0.06310  2.24898e-01
 10  0.03826  1.04515e+00 | 11 -0.01268  3.90235e+01 | 12 -0.05436  1.77664e+00
 13  0.01639  2.60664e+00 | 14  0.08995  3.62887e+00 | 15 -0.02743  2.41514e+00
 16 -0.06030  2.58093e+00 | 17  0.00038  4.02154e+00 | 18 -0.03630  3.03039e+00
 19  0.09059  3.93605e+00 | 20 -0.10955  1.67560e+00 | 21 -0.13955  1.02782e+00
 22 -0.14796  1.60238e+00 | 23  0.04265  3.77107e+00 | 24 -0.10706  1.75327e+00
 25 -0.20100  9.10144e-01 | 26 -0.28628  5.69538e-01 | 27 -0.19908  1.38472e+00
 28  0.21272  9.94571e+00 | 29 -0.24393  1.27034e+00 | 30 -0.02131  2.06864e+00
 31 -0.04520  1.29146e+00 | 32 -0.00634  2.07783e+00 | 33 -0.00675  2.27154e+00
 34 -0.11485  8.34607e-01 | 35 -0.04983  9.15262e-01 | 36 -0.22184  1.06123e-01
 37 -0.02672  6.73598e-01 | 38 -0.20351  4.26420e-01 | 39 -0.12867  3.65300e-01
 40 -0.23077  5.15393e-01 | 41 -0.21033  4.45534e-02 | 42 -0.14056  3.48531e-01
 43  0.40557  2.86155e+00 | 44 -0.21019  7.59272e-01 | 45  0.01844  2.51347e-01
 46 -0.07223  1.74711e-01 | 47  0.07576  8.85020e-01 | 48 -0.18771  1.99543e-01
 49 -0.36689 -7.80643e-02 | 50 -0.40998  2.38316e-02 | 51 -0.14910 -2.70921e-01
 52 -0.14912 -8.92218e-02 | 53  0.06077  7.07982e-01 | 54  0.11705  1.04622e+00
 55 -0.05014  3.21388e-01 | 56  0.09937 -4.72725e-01 | 57  0.18555 -5.32668e-01
 58 -0.07339 -5.15268e-01 | 59  0.08632 -6.11563e-01 | 60 -0.06845  3.45611e-03
 61 -0.09750 -2.60281e-01 | 62 -0.26126 -2.93550e-01 | 63 -0.16154 -4.17523e-01
 64 -0.05983 -2.75857e-01 | 65  0.00694 -1.60882e-01 | 66 -0.14635  2.17080e-01
 67 -0.02284 -5.76673e-01 | 68  0.10704  1.19329e-01 | 69 -0.29832 -5.15007e-02
 70 -0.11928 -8.81239e-02 | 71  0.20704  1.67137e+00 | 72 -0.16495 -1.96672e+00
 73  0.64029  7.54489e-03 | 74 -0.24730 -4.66158e-01 | 75 -0.66980  1.30005e-01
 76 -0.29274 -2.91880e-01 | 77  0.27950  1.17211e+00 | 78 -0.16638 -3.31271e+00
 79 -0.48465 -1.35367e-01 | 80  0.23725  4.15271e+00 | 81 -0.15594 -5.71895e+00
 82  0.33134  9.50569e-01 | 83 -0.17934 -2.05178e+00 | 84  0.16829  4.09217e-02
 85  0.27456  3.59785e+00 | 86 -0.09431 -5.48833e+00 | 87 -0.11880  9.20255e-01
 88 -0.14366  2.35642e-01 | 89 -0.32465 -2.40647e-01 | 90 -0.14289  9.56382e-02
 91 -0.04570  9.23330e-01 | 92 -0.00770  3.86574e-02 | 93 -0.00025 -1.64261e-01
 94 -0.12265 -4.27473e-02 | 95  0.49616  3.68406e+00 | 96 -0.13226 -3.93910e+00
 97  0.37323  1.11647e+00 | 98 -0.27721 -2.54312e+00 | 99  0.03338  2.86668e+00
100 -0.25263 -3.38205e+00 |101  0.04490  6.86892e-01 |102 -0.20054 -6.14840e-01
102 variables; iteration 140; function evaluation 171; phase 4
Function value 2.6360131e+03; maximum gradient component mag 1.7162e+01
Var    Value     Gradient |Var    Value     Gradient |Var    Value     Gradient
  1 -0.21707  1.71618e+01 |  2  0.00792 -8.12014e-01 |  3 -0.07635 -1.25804e+00
  4  0.01116 -5.52082e-01 |  5 -0.40345  3.24924e-01 |  6 -0.01313  1.11817e+00
  7  0.07807 -2.71762e+00 |  8  0.00684 -4.07416e-01 |  9 -0.06231 -4.30128e-01
 10  0.03459 -1.75064e-01 | 11 -0.01378 -1.70195e+01 | 12 -0.06255 -8.03899e-01
 13  0.00113 -1.13136e+00 | 14  0.10613 -1.28092e+00 | 15 -0.04027 -1.14259e+00
 16 -0.06466 -8.61273e-01 | 17  0.00014 -1.19056e+00 | 18 -0.04046 -7.05262e-01
 19  0.09372 -1.94085e+00 | 20 -0.11456 -6.54822e-01 | 21 -0.13756 -7.37464e-01
 22 -0.15108 -4.52240e-01 | 23  0.04317 -1.42702e+00 | 24 -0.10796 -4.77900e-01
 25 -0.20015 -2.84226e-01 | 26 -0.28904 -7.38461e-01 | 27 -0.20799 -1.27255e+00
 28  0.21313 -6.66679e+00 | 29 -0.25317 -5.77966e-01 | 30 -0.02103 -1.32404e+00
 31 -0.04494 -1.07030e+00 | 32 -0.00691 -1.39343e+00 | 33 -0.00726 -1.40039e+00
 34 -0.11462 -7.31966e-01 | 35 -0.04906 -8.78557e-01 | 36 -0.22220 -4.38845e-01
 37 -0.02588 -6.32418e-01 | 38 -0.20473 -2.14180e-01 | 39 -0.12718  1.17318e-01
 40 -0.23331 -6.57105e-03 | 41 -0.20597  4.33062e-01 | 42 -0.14487 -3.51198e-01
 43  0.40593 -2.81553e+00 | 44 -0.21491  1.89193e-01 | 45  0.01904 -1.11353e-01
 46 -0.07293 -1.15013e-01 | 47  0.07558 -3.59263e-01 | 48 -0.18734  8.83846e-02
 49 -0.36526  5.62425e-02 | 50 -0.40913  1.11310e-01 | 51 -0.14839 -8.89164e-02
 52 -0.14968  1.92771e-01 | 53  0.06070  2.70324e-02 | 54  0.11674 -6.98191e-02
 55 -0.05139 -2.77290e-01 | 56  0.09968  1.50848e-01 | 57  0.18535  4.34159e-01
 58 -0.07227  5.65811e-02 | 59  0.08562  2.34788e-01 | 60 -0.06891  1.27068e-02
 61 -0.09884 -1.80070e-01 | 62 -0.26083 -2.62467e-02 | 63 -0.16123  1.03264e-01
 64 -0.06071  5.63574e-02 | 65  0.00662 -4.36218e-02 | 66 -0.14665  1.33215e-01
 67 -0.01971 -9.94631e-02 | 68  0.10792  2.01073e-01 | 69 -0.29854  2.32922e-01
 70 -0.11655  2.21198e-01 | 71  0.19862 -2.49105e+00 | 72 -0.16818  4.12280e+00
 73  0.55979  9.68513e-03 | 74 -0.24731 -1.12344e+00 | 75 -0.66757  2.80726e-01
 76 -0.29258  3.54374e-02 | 77  0.27789 -8.91325e-01 | 78 -0.16652  6.81509e-01
 79 -0.48664 -2.56879e-01 | 80  0.20364 -4.86682e-01 | 81 -0.16821  1.07252e+00
 82  0.32011  7.55400e-01 | 83 -0.18437 -2.13664e+00 | 84 -0.20539  1.40353e-01
 85  0.26810  7.15440e-01 | 86 -0.09585  1.26079e+00 | 87 -0.15194  8.53547e-01
 88 -0.14415 -1.73818e-01 | 89 -0.32552 -9.78188e-02 | 90 -0.13856  1.75037e-01
 91 -0.04664 -8.41198e-01 | 92 -0.00813  3.20861e-01 | 93 -0.00024  2.38684e-01
 94 -0.12132  3.96576e-01 | 95  0.43669 -5.38670e-01 | 96 -0.15457  2.08808e+00
 97  0.35239 -6.26481e-01 | 98 -0.28325 -1.20428e+00 | 99  0.02708 -3.65115e+00
100 -0.25788  2.84769e+00 |101  0.04140 -9.68640e-02 |102 -0.20337 -2.96588e-03
102 variables; iteration 160; function evaluation 211; phase 4
Function value 2.6358669e+03; maximum gradient component mag -1.9808e+00
Var    Value     Gradient |Var    Value     Gradient |Var    Value     Gradient
  1 -0.21977 -1.98081e+00 |  2  0.01398  4.35789e-01 |  3 -0.08175  2.69994e-01
  4  0.01445  3.52113e-01 |  5 -0.40482  9.45007e-02 |  6 -0.00997 -3.24976e-02
  7  0.07717  9.90959e-02 |  8  0.00948  3.51549e-02 |  9 -0.06358  1.20859e-01
 10  0.03419  6.24647e-03 | 11 -0.01718  1.64664e+00 | 12 -0.05818  1.10588e-01
 13  0.00957  1.17620e-01 | 14  0.09797  1.77985e-01 | 15 -0.03077  9.20761e-02
 16 -0.06344  9.79590e-02 | 17  0.00073  1.19316e-01 | 18 -0.04075  1.36087e-01
 19  0.09444  2.39113e-01 | 20 -0.11291  1.66122e-01 | 21 -0.13605  6.08875e-02
 22 -0.15054  1.18839e-01 | 23  0.04404  1.93848e-01 | 24 -0.10715  1.11224e-01
 25 -0.20081  1.16369e-02 | 26 -0.28571  2.05684e-02 | 27 -0.20420  3.61725e-02
 28  0.21374  4.27543e-01 | 29 -0.25090 -2.73423e-02 | 30 -0.02062  9.03210e-02
 31 -0.04398  5.74312e-02 | 32 -0.00588  7.29996e-02 | 33 -0.00619  6.31412e-02
 34 -0.11323  2.02398e-02 | 35 -0.04844  3.18214e-02 | 36 -0.21993  1.41349e-02
 37 -0.02523  1.82612e-02 | 38 -0.20334  1.14318e-02 | 39 -0.12710 -4.47225e-03
 40 -0.23173  2.60853e-03 | 41 -0.20795 -2.14407e-02 | 42 -0.14241 -3.59280e-02
 43  0.40668  1.34216e-01 | 44 -0.21762 -1.50950e-02 | 45  0.01940  3.16886e-02
 46 -0.07289  1.81910e-02 | 47  0.07639  6.12407e-02 | 48 -0.18687 -1.72017e-02
 49 -0.36461  1.48151e-02 | 50 -0.40998 -1.78475e-02 | 51 -0.14740  9.89914e-03
 52 -0.15079  1.82184e-02 | 53  0.06143  2.04155e-02 | 54  0.11736  1.15361e-02
 55 -0.05046 -1.49755e-02 | 56  0.10003 -9.89608e-03 | 57  0.18551 -3.82023e-02
 58 -0.07186 -1.83627e-02 | 59  0.08526 -3.28677e-02 | 60 -0.06819 -1.85427e-02
 61 -0.09800 -1.96071e-02 | 62 -0.26013  1.14290e-02 | 63 -0.16163  1.57737e-02
 64 -0.06032 -3.70150e-03 | 65  0.00760 -3.30780e-04 | 66 -0.14630  2.64908e-03
 67 -0.01834  5.47481e-03 | 68  0.10596 -1.97355e-02 | 69 -0.29877 -1.14600e-02
 70 -0.11879 -1.35891e-02 | 71  0.21066  4.71166e-01 | 72 -0.16315 -5.95708e-01
 73 -0.08917  1.46513e-02 | 74 -0.24775  1.95061e-01 | 75 -0.67366 -8.35968e-03
 76 -0.29349  3.07009e-02 | 77  0.27661  2.47593e-01 | 78 -0.16684 -2.02081e-01
 79 -0.48731  6.43105e-02 | 80  0.19759  6.54778e-02 | 81 -0.17217 -1.83351e-01
 82  0.31715  2.36277e-01 | 83 -0.18530 -3.74454e-01 | 84 -0.22887  1.82949e-03
 85  0.26532  2.37644e-01 | 86 -0.09686 -3.72893e-01 | 87 -0.18344  4.11768e-02
 88 -0.14357  2.93301e-02 | 89 -0.32457 -1.15360e-02 | 90 -0.14009 -2.41198e-03
 91 -0.04707  2.53955e-02 | 92 -0.00827  2.03595e-03 | 93 -0.00067 -2.18149e-04
 94 -0.12247  1.35211e-03 | 95  0.42465 -1.77724e-02 | 96 -0.16185  6.27791e-02
 97  0.35847  2.88210e-02 | 98 -0.28052 -2.70194e-01 | 99  0.02595 -1.22038e-01
100 -0.25886  2.79022e-02 |101  0.04082  3.73740e-02 |102 -0.20364 -2.34085e-02
  ic > imax  in fminim is answer attained ?
Var    Value     Gradient |Var    Value     Gradient |Var    Value     Gradient
  1 -0.21952  2.18155e-02 |  2  0.01374 -4.69479e-03 |  3 -0.08156 -2.40580e-03
  4  0.01423  2.97376e-03 |  5 -0.40472 -4.07987e-04 |  6 -0.01023 -4.99900e-04
  7  0.07720  4.41127e-03 |  8  0.00942  1.61040e-03 |  9 -0.06381  3.66618e-03
 10  0.03434  7.41692e-04 | 11 -0.01678 -1.91412e-02 | 12 -0.05884 -8.76462e-04
 13  0.00942 -1.50391e-03 | 14  0.09816 -2.10525e-03 | 15 -0.03094 -8.42708e-04
 16 -0.06380 -3.69761e-04 | 17  0.00091 -2.38672e-03 | 18 -0.04131 -2.38322e-03
 19  0.09461 -3.40235e-03 | 20 -0.11387 -4.44727e-04 | 21 -0.13572  8.17269e-04
 22 -0.15105 -4.63431e-04 | 23  0.04402 -1.30938e-03 | 24 -0.10746 -5.29870e-04
 25 -0.20071 -1.98755e-04 | 26 -0.28585 -1.67642e-04 | 27 -0.20418  1.66842e-04
 28  0.21361 -6.54937e-03 | 29 -0.25051 -4.51397e-04 | 30 -0.02077 -1.18570e-03
 31 -0.04407 -7.43368e-04 | 32 -0.00601 -8.22787e-04 | 33 -0.00631 -1.41937e-03
 34 -0.11330 -1.22574e-03 | 35 -0.04854 -1.29049e-03 | 36 -0.22004  1.21287e-04
 37 -0.02531 -5.81319e-05 | 38 -0.20346  2.20717e-04 | 39 -0.12712  3.86702e-04
 40 -0.23184  3.37756e-04 | 41 -0.20796  2.59564e-04 | 42 -0.14213 -1.55366e-04
 43  0.40660 -2.62687e-03 | 44 -0.21740  1.60634e-04 | 45  0.01932 -1.14895e-03
 46 -0.07289  1.26657e-04 | 47  0.07630  3.91904e-04 | 48 -0.18689 -2.49557e-04
 49 -0.36477  6.73016e-05 | 50 -0.40984  5.39325e-04 | 51 -0.14746 -7.18283e-04
 52 -0.15075 -2.14046e-04 | 53  0.06136 -4.90607e-04 | 54  0.11731 -4.66564e-05
 55 -0.05045  3.28203e-04 | 56  0.09997  2.57903e-04 | 57  0.18547 -3.79665e-04
 58 -0.07190 -8.40327e-04 | 59  0.08524 -2.54180e-04 | 60 -0.06830  5.57059e-04
 61 -0.09803  1.75487e-04 | 62 -0.26028  4.39891e-05 | 63 -0.16173 -4.61151e-04
 64 -0.06038  1.64380e-04 | 65  0.00748  5.68935e-04 | 66 -0.14641  6.10679e-04
 67 -0.01845 -6.42176e-04 | 68  0.10615  1.88991e-04 | 69 -0.29876 -7.16472e-04
 70 -0.11865 -2.51501e-07 | 71  0.21023  4.65485e-04 | 72 -0.16333 -6.70171e-04
 73 -0.08774  1.41261e-04 | 74 -0.24824  4.38383e-03 | 75 -0.67601 -3.69732e-04
 76 -0.29333  6.43891e-04 | 77  0.27662 -9.14501e-03 | 78 -0.16684  1.25912e-02
 79 -0.48734 -1.15548e-03 | 80  0.19852  6.34100e-04 | 81 -0.17152 -3.29342e-03
 82  0.31718 -2.68887e-03 | 83 -0.18527  5.81367e-03 | 84 -0.22824  2.47039e-06
 85  0.26534 -2.76054e-04 | 86 -0.09686 -1.48635e-03 | 87 -0.18358 -8.59248e-05
 88 -0.14357 -1.38290e-03 | 89 -0.32457 -4.25912e-04 | 90 -0.14017 -1.69947e-04
 91 -0.04703 -1.57268e-03 | 92 -0.00824  9.86003e-04 | 93 -0.00065 -6.73238e-04
 94 -0.12248  8.38071e-04 | 95  0.42462  1.13367e-03 | 96 -0.16197 -1.89247e-03
 97  0.35932  9.85544e-04 | 98 -0.28021 -7.89083e-04 | 99  0.02611 -3.84880e-04
100 -0.25872 -1.72687e-03 |101  0.04086 -2.25425e-04 |102 -0.20361  1.17508e-04
Function minimizer not making progress ... is minimum attained?
Minimprove criterion = 0.0000e+00

 - final statistics:
102 variables; iteration 169; function evaluation 249
Function value 2.6359e+03; maximum gradient component mag 2.1816e-02
Exit code = 1;  converg criter 1.0000e-04
Var    Value     Gradient |Var    Value     Gradient |Var    Value     Gradient
  1 -0.21952  2.18155e-02 |  2  0.01374 -4.69479e-03 |  3 -0.08156 -2.40580e-03
  4  0.01423  2.97376e-03 |  5 -0.40472 -4.07987e-04 |  6 -0.01023 -4.99900e-04
  7  0.07720  4.41127e-03 |  8  0.00942  1.61040e-03 |  9 -0.06381  3.66618e-03
 10  0.03434  7.41692e-04 | 11 -0.01678 -1.91412e-02 | 12 -0.05884 -8.76462e-04
 13  0.00942 -1.50391e-03 | 14  0.09816 -2.10525e-03 | 15 -0.03094 -8.42708e-04
 16 -0.06380 -3.69761e-04 | 17  0.00091 -2.38672e-03 | 18 -0.04131 -2.38322e-03
 19  0.09461 -3.40235e-03 | 20 -0.11387 -4.44727e-04 | 21 -0.13572  8.17269e-04
 22 -0.15105 -4.63431e-04 | 23  0.04402 -1.30938e-03 | 24 -0.10746 -5.29870e-04
 25 -0.20071 -1.98755e-04 | 26 -0.28585 -1.67642e-04 | 27 -0.20418  1.66842e-04
 28  0.21361 -6.54937e-03 | 29 -0.25051 -4.51397e-04 | 30 -0.02077 -1.18570e-03
 31 -0.04407 -7.43368e-04 | 32 -0.00601 -8.22787e-04 | 33 -0.00631 -1.41937e-03
 34 -0.11330 -1.22574e-03 | 35 -0.04854 -1.29049e-03 | 36 -0.22004  1.21287e-04
 37 -0.02531 -5.81319e-05 | 38 -0.20346  2.20717e-04 | 39 -0.12712  3.86702e-04
 40 -0.23184  3.37756e-04 | 41 -0.20796  2.59564e-04 | 42 -0.14213 -1.55366e-04
 43  0.40660 -2.62687e-03 | 44 -0.21740  1.60634e-04 | 45  0.01932 -1.14895e-03
 46 -0.07289  1.26657e-04 | 47  0.07630  3.91904e-04 | 48 -0.18689 -2.49557e-04
 49 -0.36477  6.73016e-05 | 50 -0.40984  5.39325e-04 | 51 -0.14746 -7.18283e-04
 52 -0.15075 -2.14046e-04 | 53  0.06136 -4.90607e-04 | 54  0.11731 -4.66564e-05
 55 -0.05045  3.28203e-04 | 56  0.09997  2.57903e-04 | 57  0.18547 -3.79665e-04
 58 -0.07190 -8.40327e-04 | 59  0.08524 -2.54180e-04 | 60 -0.06830  5.57059e-04
 61 -0.09803  1.75487e-04 | 62 -0.26028  4.39891e-05 | 63 -0.16173 -4.61151e-04
 64 -0.06038  1.64380e-04 | 65  0.00748  5.68935e-04 | 66 -0.14641  6.10679e-04
 67 -0.01845 -6.42176e-04 | 68  0.10615  1.88991e-04 | 69 -0.29876 -7.16472e-04
 70 -0.11865 -2.51501e-07 | 71  0.21023  4.65485e-04 | 72 -0.16333 -6.70171e-04
 73 -0.08774  1.41261e-04 | 74 -0.24824  4.38383e-03 | 75 -0.67601 -3.69732e-04
 76 -0.29333  6.43891e-04 | 77  0.27662 -9.14501e-03 | 78 -0.16684  1.25912e-02
 79 -0.48734 -1.15548e-03 | 80  0.19852  6.34100e-04 | 81 -0.17152 -3.29342e-03
 82  0.31718 -2.68887e-03 | 83 -0.18527  5.81367e-03 | 84 -0.22824  2.47039e-06
 85  0.26534 -2.76054e-04 | 86 -0.09686 -1.48635e-03 | 87 -0.18358 -8.59248e-05
 88 -0.14357 -1.38290e-03 | 89 -0.32457 -4.25912e-04 | 90 -0.14017 -1.69947e-04
 91 -0.04703 -1.57268e-03 | 92 -0.00824  9.86003e-04 | 93 -0.00065 -6.73238e-04
 94 -0.12248  8.38071e-04 | 95  0.42462  1.13367e-03 | 96 -0.16197 -1.89247e-03
 97  0.35932  9.85544e-04 | 98 -0.28021 -7.89083e-04 | 99  0.02611 -3.84880e-04
100 -0.25872 -1.72687e-03 |101  0.04086 -2.25425e-04 |102 -0.20361  1.17508e-04

Initial statistics: 114 variables; iteration 0; function evaluation 0; phase 5
Function value 2.6358665e+03; maximum gradient component mag 2.1231e-02
Var    Value     Gradient |Var    Value     Gradient |Var    Value     Gradient
  1 -0.21952  2.12313e-02 |  2  0.01374 -4.61234e-03 |  3 -0.08156 -2.36223e-03
  4  0.01423  2.79628e-03 |  5 -0.40472 -4.36660e-04 |  6 -0.01023 -4.25614e-04
  7  0.07720  4.23051e-03 |  8  0.00942  1.55198e-03 |  9 -0.06381  3.52211e-03
 10  0.03434  7.01357e-04 | 11 -0.01678 -1.85730e-02 | 12 -0.05884 -8.67757e-04
 13  0.00942 -1.46848e-03 | 14  0.09816 -2.05216e-03 | 15 -0.03094 -8.45872e-04
 16 -0.06380 -3.68632e-04 | 17  0.00091 -2.30698e-03 | 18 -0.04131 -2.29172e-03
 19  0.09461 -3.27801e-03 | 20 -0.11387 -4.39340e-04 | 21 -0.13572  7.55539e-04
 22 -0.15105 -4.66313e-04 | 23  0.04402 -1.30889e-03 | 24 -0.10746 -5.33423e-04
 25 -0.20071 -1.77040e-04 | 26 -0.28585 -1.53948e-04 | 27 -0.20418  1.58782e-04
 28  0.21361 -6.30988e-03 | 29 -0.25051 -4.11681e-04 | 30 -0.02077 -1.12583e-03
 31 -0.04407 -7.06260e-04 | 32 -0.00601 -8.04281e-04 | 33 -0.00631 -1.37253e-03
 34 -0.11330 -1.17375e-03 | 35 -0.04854 -1.23737e-03 | 36 -0.22004  1.10063e-04
 37 -0.02531 -7.13533e-05 | 38 -0.20346  2.04185e-04 | 39 -0.12712  3.49224e-04
 40 -0.23184  3.32377e-04 | 41 -0.20796  2.72646e-04 | 42 -0.14213 -1.40593e-04
 43  0.40660 -2.51054e-03 | 44 -0.21740  1.62100e-04 | 45  0.01932 -1.08337e-03
 46 -0.07289  1.19040e-04 | 47  0.07630  3.52875e-04 | 48 -0.18689 -2.13373e-04
 49 -0.36477  6.61347e-05 | 50 -0.40984  5.19989e-04 | 51 -0.14746 -6.65159e-04
 52 -0.15075 -1.91319e-04 | 53  0.06136 -4.54781e-04 | 54  0.11731 -2.83991e-05
 55 -0.05045  3.00791e-04 | 56  0.09997  2.40011e-04 | 57  0.18547 -3.58709e-04
 58 -0.07190 -7.91236e-04 | 59  0.08524 -2.24090e-04 | 60 -0.06830  5.35700e-04
 61 -0.09803  1.68959e-04 | 62 -0.26028  4.88355e-05 | 63 -0.16173 -4.37671e-04
 64 -0.06038  1.53598e-04 | 65  0.00748  5.27079e-04 | 66 -0.14641  5.80128e-04
 67 -0.01845 -5.97535e-04 | 68  0.10615  1.75789e-04 | 69  0.00000  0.00000e+00
 70  0.00000  0.00000e+00 | 71  0.00000  0.00000e+00 | 72  0.00000  0.00000e+00
 73  0.00000  0.00000e+00 | 74  0.00000  0.00000e+00 | 75  0.00000  0.00000e+00
 76  0.00000  0.00000e+00 | 77  0.00000  0.00000e+00 | 78  0.00000  0.00000e+00
 79  0.00000  0.00000e+00 | 80  0.00000  0.00000e+00 | 81 -0.29876 -6.70203e-04
 82 -0.11865 -5.89702e-06 | 83  0.21023  4.63392e-04 | 84 -0.16333 -6.74182e-04
 85 -0.08774  1.33004e-04 | 86 -0.24824  4.27068e-03 | 87 -0.67601 -3.63550e-04
 88 -0.29333  5.95220e-04 | 89  0.27662 -8.89321e-03 | 90 -0.16684  1.22315e-02
 91 -0.48734 -1.12525e-03 | 92  0.19852  6.15537e-04 | 93 -0.17152 -3.16067e-03
 94  0.31718 -2.63149e-03 | 95 -0.18527  5.66632e-03 | 96 -0.22824  1.62506e-06
 97  0.26534 -3.10996e-04 | 98 -0.09686 -1.30334e-03 | 99 -0.18358 -9.00195e-05
100 -0.14357 -1.30383e-03 |101 -0.32457 -3.99250e-04 |102 -0.14017 -1.61196e-04
103 -0.04703 -1.50621e-03 |104 -0.00824  9.31627e-04 |105 -0.00065 -6.41806e-04
106 -0.12248  7.91934e-04 |107  0.42462  1.08713e-03 |108 -0.16197 -1.84325e-03
109  0.35932  9.74602e-04 |110 -0.28021 -8.97475e-04 |111  0.02611 -3.49993e-04
112 -0.25872 -1.61991e-03 |113  0.04086 -2.30151e-04 |114 -0.20361  1.14024e-04
  ic > imax  in fminim is answer attained ?
Var    Value     Gradient |Var    Value     Gradient |Var    Value     Gradient
  1 -0.21952  2.12313e-02 |  2  0.01374 -4.61234e-03 |  3 -0.08156 -2.36223e-03
  4  0.01423  2.79628e-03 |  5 -0.40472 -4.36660e-04 |  6 -0.01023 -4.25614e-04
  7  0.07720  4.23051e-03 |  8  0.00942  1.55198e-03 |  9 -0.06381  3.52211e-03
 10  0.03434  7.01357e-04 | 11 -0.01678 -1.85730e-02 | 12 -0.05884 -8.67757e-04
 13  0.00942 -1.46848e-03 | 14  0.09816 -2.05216e-03 | 15 -0.03094 -8.45872e-04
 16 -0.06380 -3.68632e-04 | 17  0.00091 -2.30698e-03 | 18 -0.04131 -2.29172e-03
 19  0.09461 -3.27801e-03 | 20 -0.11387 -4.39340e-04 | 21 -0.13572  7.55539e-04
 22 -0.15105 -4.66313e-04 | 23  0.04402 -1.30889e-03 | 24 -0.10746 -5.33423e-04
 25 -0.20071 -1.77040e-04 | 26 -0.28585 -1.53948e-04 | 27 -0.20418  1.58782e-04
 28  0.21361 -6.30988e-03 | 29 -0.25051 -4.11681e-04 | 30 -0.02077 -1.12583e-03
 31 -0.04407 -7.06260e-04 | 32 -0.00601 -8.04281e-04 | 33 -0.00631 -1.37253e-03
 34 -0.11330 -1.17375e-03 | 35 -0.04854 -1.23737e-03 | 36 -0.22004  1.10063e-04
 37 -0.02531 -7.13533e-05 | 38 -0.20346  2.04185e-04 | 39 -0.12712  3.49224e-04
 40 -0.23184  3.32377e-04 | 41 -0.20796  2.72646e-04 | 42 -0.14213 -1.40593e-04
 43  0.40660 -2.51054e-03 | 44 -0.21740  1.62100e-04 | 45  0.01932 -1.08337e-03
 46 -0.07289  1.19040e-04 | 47  0.07630  3.52875e-04 | 48 -0.18689 -2.13373e-04
 49 -0.36477  6.61347e-05 | 50 -0.40984  5.19989e-04 | 51 -0.14746 -6.65159e-04
 52 -0.15075 -1.91319e-04 | 53  0.06136 -4.54781e-04 | 54  0.11731 -2.83991e-05
 55 -0.05045  3.00791e-04 | 56  0.09997  2.40011e-04 | 57  0.18547 -3.58709e-04
 58 -0.07190 -7.91236e-04 | 59  0.08524 -2.24090e-04 | 60 -0.06830  5.35700e-04
 61 -0.09803  1.68959e-04 | 62 -0.26028  4.88355e-05 | 63 -0.16173 -4.37671e-04
 64 -0.06038  1.53598e-04 | 65  0.00748  5.27079e-04 | 66 -0.14641  5.80128e-04
 67 -0.01845 -5.97535e-04 | 68  0.10615  1.75789e-04 | 69  0.00000  0.00000e+00
 70  0.00000  0.00000e+00 | 71  0.00000  0.00000e+00 | 72  0.00000  0.00000e+00
 73  0.00000  0.00000e+00 | 74  0.00000  0.00000e+00 | 75  0.00000  0.00000e+00
 76  0.00000  0.00000e+00 | 77  0.00000  0.00000e+00 | 78  0.00000  0.00000e+00
 79  0.00000  0.00000e+00 | 80  0.00000  0.00000e+00 | 81 -0.29876 -6.70203e-04
 82 -0.11865 -5.89702e-06 | 83  0.21023  4.63392e-04 | 84 -0.16333 -6.74182e-04
 85 -0.08774  1.33004e-04 | 86 -0.24824  4.27068e-03 | 87 -0.67601 -3.63550e-04
 88 -0.29333  5.95220e-04 | 89  0.27662 -8.89321e-03 | 90 -0.16684  1.22315e-02
 91 -0.48734 -1.12525e-03 | 92  0.19852  6.15537e-04 | 93 -0.17152 -3.16067e-03
 94  0.31718 -2.63149e-03 | 95 -0.18527  5.66632e-03 | 96 -0.22824  1.62506e-06
 97  0.26534 -3.10996e-04 | 98 -0.09686 -1.30334e-03 | 99 -0.18358 -9.00195e-05
100 -0.14357 -1.30383e-03 |101 -0.32457 -3.99250e-04 |102 -0.14017 -1.61196e-04
103 -0.04703 -1.50621e-03 |104 -0.00824  9.31627e-04 |105 -0.00065 -6.41806e-04
106 -0.12248  7.91934e-04 |107  0.42462  1.08713e-03 |108 -0.16197 -1.84325e-03
109  0.35932  9.74602e-04 |110 -0.28021 -8.97475e-04 |111  0.02611 -3.49993e-04
112 -0.25872 -1.61991e-03 |113  0.04086 -2.30151e-04 |114 -0.20361  1.14024e-04
Function minimizer not making progress ... is minimum attained?
Minimprove criterion = 0.0000e+00

 - final statistics:
114 variables; iteration 1; function evaluation 30
Function value 2.6359e+03; maximum gradient component mag 2.1231e-02
Exit code = 1;  converg criter 1.0000e-04
Var    Value     Gradient |Var    Value     Gradient |Var    Value     Gradient
  1 -0.21952  2.12313e-02 |  2  0.01374 -4.61234e-03 |  3 -0.08156 -2.36223e-03
  4  0.01423  2.79628e-03 |  5 -0.40472 -4.36660e-04 |  6 -0.01023 -4.25614e-04
  7  0.07720  4.23051e-03 |  8  0.00942  1.55198e-03 |  9 -0.06381  3.52211e-03
 10  0.03434  7.01357e-04 | 11 -0.01678 -1.85730e-02 | 12 -0.05884 -8.67757e-04
 13  0.00942 -1.46848e-03 | 14  0.09816 -2.05216e-03 | 15 -0.03094 -8.45872e-04
 16 -0.06380 -3.68632e-04 | 17  0.00091 -2.30698e-03 | 18 -0.04131 -2.29172e-03
 19  0.09461 -3.27801e-03 | 20 -0.11387 -4.39340e-04 | 21 -0.13572  7.55539e-04
 22 -0.15105 -4.66313e-04 | 23  0.04402 -1.30889e-03 | 24 -0.10746 -5.33423e-04
 25 -0.20071 -1.77040e-04 | 26 -0.28585 -1.53948e-04 | 27 -0.20418  1.58782e-04
 28  0.21361 -6.30988e-03 | 29 -0.25051 -4.11681e-04 | 30 -0.02077 -1.12583e-03
 31 -0.04407 -7.06260e-04 | 32 -0.00601 -8.04281e-04 | 33 -0.00631 -1.37253e-03
 34 -0.11330 -1.17375e-03 | 35 -0.04854 -1.23737e-03 | 36 -0.22004  1.10063e-04
 37 -0.02531 -7.13533e-05 | 38 -0.20346  2.04185e-04 | 39 -0.12712  3.49224e-04
 40 -0.23184  3.32377e-04 | 41 -0.20796  2.72646e-04 | 42 -0.14213 -1.40593e-04
 43  0.40660 -2.51054e-03 | 44 -0.21740  1.62100e-04 | 45  0.01932 -1.08337e-03
 46 -0.07289  1.19040e-04 | 47  0.07630  3.52875e-04 | 48 -0.18689 -2.13373e-04
 49 -0.36477  6.61347e-05 | 50 -0.40984  5.19989e-04 | 51 -0.14746 -6.65159e-04
 52 -0.15075 -1.91319e-04 | 53  0.06136 -4.54781e-04 | 54  0.11731 -2.83991e-05
 55 -0.05045  3.00791e-04 | 56  0.09997  2.40011e-04 | 57  0.18547 -3.58709e-04
 58 -0.07190 -7.91236e-04 | 59  0.08524 -2.24090e-04 | 60 -0.06830  5.35700e-04
 61 -0.09803  1.68959e-04 | 62 -0.26028  4.88355e-05 | 63 -0.16173 -4.37671e-04
 64 -0.06038  1.53598e-04 | 65  0.00748  5.27079e-04 | 66 -0.14641  5.80128e-04
 67 -0.01845 -5.97535e-04 | 68  0.10615  1.75789e-04 | 69  0.00000  0.00000e+00
 70  0.00000  0.00000e+00 | 71  0.00000  0.00000e+00 | 72  0.00000  0.00000e+00
 73  0.00000  0.00000e+00 | 74  0.00000  0.00000e+00 | 75  0.00000  0.00000e+00
 76  0.00000  0.00000e+00 | 77  0.00000  0.00000e+00 | 78  0.00000  0.00000e+00
 79  0.00000  0.00000e+00 | 80  0.00000  0.00000e+00 | 81 -0.29876 -6.70203e-04
 82 -0.11865 -5.89702e-06 | 83  0.21023  4.63392e-04 | 84 -0.16333 -6.74182e-04
 85 -0.08774  1.33004e-04 | 86 -0.24824  4.27068e-03 | 87 -0.67601 -3.63550e-04
 88 -0.29333  5.95220e-04 | 89  0.27662 -8.89321e-03 | 90 -0.16684  1.22315e-02
 91 -0.48734 -1.12525e-03 | 92  0.19852  6.15537e-04 | 93 -0.17152 -3.16067e-03
 94  0.31718 -2.63149e-03 | 95 -0.18527  5.66632e-03 | 96 -0.22824  1.62506e-06
 97  0.26534 -3.10996e-04 | 98 -0.09686 -1.30334e-03 | 99 -0.18358 -9.00195e-05
100 -0.14357 -1.30383e-03 |101 -0.32457 -3.99250e-04 |102 -0.14017 -1.61196e-04
103 -0.04703 -1.50621e-03 |104 -0.00824  9.31627e-04 |105 -0.00065 -6.41806e-04
106 -0.12248  7.91934e-04 |107  0.42462  1.08713e-03 |108 -0.16197 -1.84325e-03
109  0.35932  9.74602e-04 |110 -0.28021 -8.97475e-04 |111  0.02611 -3.49993e-04
112 -0.25872 -1.61991e-03 |113  0.04086 -2.30151e-04 |114 -0.20361  1.14024e-04
size of file gradfil1.tmp = 0
size of file gradfil2.tmp = 0
size of file varssave.tmp = 0
size of file cmpdiff.tmp = 200000008
