
Initial statistics: 4 variables; iteration 0; function evaluation 0; phase 1
Function value 3.9104720e+03; maximum gradient component mag 1.5227e+02
Var    Value     Gradient |Var    Value     Gradient |Var    Value     Gradient
  1  0.20737  1.52273e+02 |  2  0.00000 -7.49825e+00 |  3 -0.12819  4.48830e+00
  4 -0.21635 -5.62902e+01 |

 - final statistics:
4 variables; iteration 5; function evaluation 20
Function value 3.8433e+03; maximum gradient component mag 8.8034e+00
Exit code = 1;  converg criter 1.0000e+01
Var    Value     Gradient |Var    Value     Gradient |Var    Value     Gradient
  1 -0.06362  8.80337e+00 |  2  0.56432  1.32948e+00 |  3 -0.28221 -1.35359e+00
  4  0.02352 -5.25991e+00 |

Initial statistics: 14 variables; iteration 0; function evaluation 0; phase 2
Function value 3.8432725e+03; maximum gradient component mag 1.2965e+03
Var    Value     Gradient |Var    Value     Gradient |Var    Value     Gradient
  1 -0.26966 -2.48088e+02 |  2  0.00000 -9.06071e+01 |  3 -0.26198 -3.90403e+02
  4 -0.03352 -8.98247e+01 |  5  0.18446  2.16329e+02 |  6 -0.04247 -1.04462e+02
  7  0.33333  1.29652e+03 |  8 -0.53989  7.67073e+01 |  9  0.00000 -1.43336e+02
 10 -0.21635 -3.10639e+01 | 11 -0.06362  8.80337e+00 | 12  0.56432  1.32948e+00
 13 -0.28221 -1.35359e+00 | 14  0.02352 -5.25991e+00 |

Intermediate statistics: 14 variables; iteration 20; function evaluation 26; phase 2
Function value 3.4761313e+03; maximum gradient component mag 3.3737e+01
Var    Value     Gradient |Var    Value     Gradient |Var    Value     Gradient
  1 -0.17223  3.09222e+01 |  2  0.09021  9.43922e+00 |  3 -0.11801  7.26330e+00
  4 -0.04401  5.53590e-02 |  5 -0.44048 -5.60688e-01 |  6  0.00551  5.54906e+00
  7  0.13615  3.37367e+01 |  8 -0.27400  8.04080e+00 |  9  0.27355  3.80930e-02
 10 -0.26068 -4.50573e+00 | 11  0.19716 -1.34501e+01 | 12  0.60960  1.26464e-02
 13 -0.20616  9.57272e-02 | 14  0.10889  2.04237e-01 |

 - final statistics:
14 variables; iteration 23; function evaluation 29
Function value 3.4756e+03; maximum gradient component mag 9.0600e+00
Exit code = 1;  converg criter 1.0000e+01
Var    Value     Gradient |Var    Value     Gradient |Var    Value     Gradient
  1 -0.15158  9.06001e+00 |  2  0.08881 -1.74631e+00 |  3 -0.11841 -2.54424e+00
  4 -0.04417 -7.95537e+00 |  5 -0.44331 -3.55544e+00 |  6 -0.00746 -2.97250e-01
  7  0.13587  8.27573e+00 |  8 -0.27661  1.52960e+00 |  9  0.27177 -4.43561e+00
 10 -0.24981 -3.00808e+00 | 11  0.31601 -3.60803e+00 | 12  0.75140  9.15024e-02
 13 -0.18699  2.41276e-01 | 14  0.10257 -2.35616e-01 |

Initial statistics: 42 variables; iteration 0; function evaluation 0; phase 3
Function value 3.4755572e+03; maximum gradient component mag 1.5387e+03
Var    Value     Gradient |Var    Value     Gradient |Var    Value     Gradient
  1 -0.15158  9.06001e+00 |  2  0.08881 -1.74631e+00 |  3 -0.11841 -2.54424e+00
  4 -0.04417 -7.95537e+00 |  5 -0.44331 -3.55544e+00 |  6 -0.00746 -2.97250e-01
  7  0.13587  8.27573e+00 |  8 -0.27661  1.52960e+00 |  9  0.27177 -4.43561e+00
 10 -0.24981 -3.00808e+00 | 11  0.31601 -3.60803e+00 | 12  0.75140  9.15024e-02
 13 -0.18699  2.41276e-01 | 14  0.10257 -2.35616e-01 | 15 -0.12294 -3.64953e+02
 16 -0.31415  1.33152e+02 | 17 -0.12294  6.31130e+01 | 18 -0.51552 -3.64110e+01
 19 -0.40967 -3.09553e+02 | 20 -0.33333  1.15576e+02 | 21 -0.11760 -5.67391e+01
 22 -0.31415  1.96476e+01 | 23  0.14414  1.21828e+03 | 24 -1.00000 -8.66316e-08
 25 -0.32395 -2.13893e+02 | 26 -0.40967  8.47014e+01 | 27  0.02302  1.53868e+03
 28 -0.31415 -1.12131e+03 | 29  0.53959  4.13233e-03 | 30  0.62714  1.07037e-02
 31  0.00000  5.76199e+02 | 32 -0.21635 -3.51352e+02 | 33  0.16024  7.44957e+01
 34 -0.11760  9.54713e+01 | 35 -0.10723 -2.12614e+02 | 36 -0.10723  4.10054e-04
 37 -0.71990 -5.21221e-01 | 38  0.62714  7.77192e-03 | 39 -0.12294 -6.16268e+01
 40 -0.31415  2.09150e+01 | 41  0.02302  6.78880e+01 | 42 -0.31415 -5.36556e+01

Intermediate statistics: 42 variables; iteration 20; function evaluation 28; phase 3
Function value 3.0898274e+03; maximum gradient component mag 6.6518e+02
Var    Value     Gradient |Var    Value     Gradient |Var    Value     Gradient
  1  0.01487  6.65183e+02 |  2  0.07832  2.52332e+02 |  3 -0.12819  2.52038e+02
  4  0.01142  2.64871e+02 |  5 -0.42163  8.77997e+01 |  6 -0.10899  1.22449e+02
  7  0.05671  4.62880e+02 |  8  0.03960  1.25105e+02 |  9 -0.07776  1.09881e+02
 10  0.06601  3.71101e+01 | 11  0.36830 -1.27298e+02 | 12  0.74648  2.50943e-02
 13 -0.19811  4.02686e-01 | 14  0.10865  1.56617e-01 | 15  0.02554 -1.78635e+02
 16 -0.24680  6.43622e+01 | 17  0.00546 -7.14510e+00 | 18 -0.21044 -3.94887e+00
 19  0.03475 -2.24016e+01 | 20 -0.02089  2.82012e+00 | 21  0.23144 -2.94710e+01
 22 -0.06492  5.34326e+01 | 23  0.03870 -7.88454e+00 | 24 -0.96910 -3.50155e+00
 25  0.15453 -1.30471e+02 | 26 -0.15569  1.01670e+02 | 27 -0.28638 -4.09365e+01
 28 -0.67352 -4.22582e+00 | 29  0.53939  3.70415e-03 | 30  0.62666  6.21576e-03
 31  0.25481  1.06281e+02 | 32  0.16001 -5.13777e+01 | 33 -0.55975  5.20988e+00
 34 -0.29496 -1.01795e+01 | 35  0.59261 -2.99497e-02 | 36 -0.10713 -3.69624e-03
 37 -0.71642 -6.09977e-02 | 38  0.62699 -2.07576e-03 | 39  0.43499 -1.68985e+01
 40 -0.14710  3.22476e+01 | 41  0.00054  4.45862e-01 | 42 -0.24604 -5.98368e+00
42 variables; iteration 40; function evaluation 57; phase 3
Function value 3.0180572e+03; maximum gradient component mag -1.5514e+02
Var    Value     Gradient |Var    Value     Gradient |Var    Value     Gradient
  1 -0.06828 -6.31278e+01 |  2  0.04357 -3.72301e+01 |  3 -0.12233 -2.42148e+01
  4 -0.04604  1.40164e+00 |  5 -0.40284  1.15249e+01 |  6 -0.12280 -3.55493e+01
  7  0.04729 -7.91970e+01 |  8  0.07319 -1.33295e+01 |  9 -0.09083 -1.13121e+01
 10  0.06857 -1.37290e+01 | 11  0.31311  2.26474e+01 | 12  0.61860 -4.79766e-02
 13 -0.18091  1.88431e+00 | 14  0.17214  3.07266e+00 | 15  0.13449  1.68976e+01
 16 -0.15143 -1.69670e+01 | 17  0.38044  6.05553e-01 | 18  0.22114  2.99437e+00
 19  0.01121 -2.78269e+01 | 20 -0.03365  5.45648e+00 | 21  0.10131 -6.31438e-01
 22 -0.23385 -1.00039e+01 | 23  0.05061 -1.55137e+02 | 24 -0.61138 -1.23011e+01
 25  0.25617 -2.69721e+01 | 26 -0.10785  2.33240e+01 | 27 -0.27589  6.62336e+00
 28 -0.62428 -1.00794e+01 | 29  0.52620  3.84385e-03 | 30  0.59886  8.13597e-03
 31  0.05941  3.80731e+00 | 32  0.05099 -9.29709e+00 | 33 -0.25086 -6.81729e+00
 34  0.42343 -7.74921e-01 | 35  0.61374  9.74563e-02 | 36 -0.10075 -5.00491e-04
 37 -0.10742 -1.32827e+00 | 38  0.62019  4.62986e-03 | 39  0.42678  4.85940e+00
 40 -0.17600 -9.00379e+00 | 41  0.16186  1.60099e+01 | 42 -0.13740 -2.61056e+01
42 variables; iteration 60; function evaluation 81; phase 3
Function value 2.9739963e+03; maximum gradient component mag 1.9450e+01
Var    Value     Gradient |Var    Value     Gradient |Var    Value     Gradient
  1 -0.11370  1.94503e+01 |  2  0.03278 -6.03361e-01 |  3 -0.12575 -1.31515e+00
  4 -0.05232  5.67954e-01 |  5 -0.42074 -2.82082e+00 |  6 -0.11673 -3.30466e+00
  7  0.06666  1.23490e+01 |  8  0.04225  4.48015e+00 |  9 -0.07356  2.03091e+00
 10  0.05225  7.62132e-01 | 11  0.11209 -1.35205e+01 | 12  0.39655  8.19871e-02
 13 -0.25784  9.18238e-02 | 14  0.10026  5.27751e-02 | 15  0.22698  5.00755e+00
 16 -0.09712  9.96672e-01 | 17  1.26482 -3.46011e-01 | 18  0.22393  3.42464e-01
 19  0.20990  2.49263e+00 | 20  0.14119 -1.26082e+00 | 21  0.19239  1.88906e-01
 22 -0.13900 -9.56691e-01 | 23  0.32563 -1.05455e+01 | 24 -0.05783  1.91205e+00
 25  0.36926 -6.24606e+00 | 26 -0.06249  5.56479e+00 | 27 -0.16964  7.01033e-01
 28 -0.34075  2.18580e+00 | 29  0.40177 -3.89686e-01 | 30 -0.33907 -2.08035e-02
 31  0.01024  6.23552e+00 | 32  0.01954 -3.19982e+00 | 33 -0.11810  2.64687e+00
 34  0.43936 -3.99060e-01 | 35  0.47678  1.88856e-01 | 36 -0.01789 -8.76914e-05
 37 -0.09913  5.27034e-01 | 38  0.51343  3.28427e-03 | 39  0.44926 -7.11595e-01
 40 -0.16812  1.32218e-01 | 41  0.28403 -1.03437e+00 | 42 -0.02515  2.03834e+00
Maximum number of function evaluations exceeded

 - final statistics:
42 variables; iteration 78; function evaluation 100
Function value 2.9733e+03; maximum gradient component mag -8.2752e+00
Exit code = 3;  converg criter 1.0000e+00
Var    Value     Gradient |Var    Value     Gradient |Var    Value     Gradient
  1 -0.10837  3.27740e+00 |  2  0.01856  1.19525e+00 |  3 -0.11169  1.02338e+00
  4 -0.05724  4.98342e-01 |  5 -0.41250  4.57900e-01 |  6 -0.12072  8.69146e-01
  7  0.07036 -5.20455e-01 |  8  0.02920 -1.08413e+00 |  9 -0.06876 -4.74097e-01
 10  0.04283  8.55767e-02 | 11  0.11807 -6.49529e-01 | 12  0.39255  2.74717e-02
 13 -0.25661  6.50446e-02 | 14  0.10034  4.19812e-02 | 15  0.22513  7.47403e+00
 16 -0.09958 -6.42481e+00 | 17  1.77006 -7.00222e-01 | 18  0.02720 -2.55214e-01
 19  0.19853 -4.52805e+00 | 20  0.13117  1.78110e+00 | 21  0.20140 -3.53668e-01
 22 -0.13198  2.76842e-01 | 23  0.36087  6.44851e+00 | 24 -0.02688 -2.79719e+00
 25  0.53941  1.20517e+00 | 26 -0.00208  1.23236e+00 | 27 -0.17295 -8.27515e+00
 28 -0.34699  4.42381e+00 | 29  0.24604 -4.71851e-01 | 30 -0.04091 -3.34446e+00
 31  0.01869  3.08514e+00 | 32  0.02884 -1.45727e+00 | 33 -0.14037  4.07141e-01
 34  1.31339  9.58260e-02 | 35  0.86724  2.31336e-02 | 36  0.00732  3.61049e-05
 37 -0.10349  3.71380e-01 | 38  0.07467  3.69561e-04 | 39  0.49061  7.50034e-01
 40 -0.15091 -2.92804e-01 | 41  0.26857 -5.28347e-01 | 42 -0.03613  3.42037e-01

Initial statistics: 132 variables; iteration 0; function evaluation 0; phase 4
Function value 2.9732972e+03; maximum gradient component mag -8.3362e+02
Var    Value     Gradient |Var    Value     Gradient |Var    Value     Gradient
  1 -0.10837  3.27740e+00 |  2  0.01856  1.19525e+00 |  3 -0.11169  1.02338e+00
  4 -0.05724  4.98342e-01 |  5 -0.41250  4.57900e-01 |  6 -0.12072  8.69146e-01
  7  0.07036 -5.20455e-01 |  8  0.02920 -1.08413e+00 |  9 -0.06876 -4.74097e-01
 10  0.04283  8.55767e-02 | 11  0.11807 -6.49529e-01 | 12  0.00000 -6.37383e-01
 13  0.00000 -7.23375e-01 | 14  0.00000 -8.20594e-01 | 15  0.00000 -9.30442e-01
 16  0.00000 -1.05457e+00 | 17  0.00000 -1.19539e+00 | 18  0.00000 -1.35601e+00
 19  0.00000 -1.53931e+00 | 20  0.00000 -1.74836e+00 | 21  0.00000 -1.98747e+00
 22  0.00000 -2.25418e+00 | 23  0.00000 -2.55119e+00 | 24  0.00000 -2.88050e+00
 25  0.00000 -3.23800e+00 | 26  0.00000 -3.61233e+00 | 27  0.00000 -3.97823e+00
 28  0.00000 -4.31531e+00 | 29  0.00000 -4.59394e+00 | 30  0.00000 -4.77230e+00
 31  0.00000 -4.83851e+00 | 32  0.00000 -4.86253e+00 | 33  0.00000 -5.03483e+00
 34  0.00000 -5.58556e+00 | 35  0.00000 -6.55421e+00 | 36  0.00000 -7.55441e+00
 37  0.00000 -7.93666e+00 | 38  0.00000 -6.87727e+00 | 39  0.00000 -3.70224e+00
 40  0.00000  1.25695e+00 | 41  0.00000  6.01454e+00 | 42  0.00000  7.83347e+00
 43  0.00000  4.92460e+00 | 44  0.00000 -8.51038e-01 | 45  0.00000 -4.77949e+00
 46  0.00000 -9.47998e+00 | 47  0.00000 -1.75947e+01 | 48  0.00000 -2.04867e+01
 49  0.00000 -3.39978e+01 | 50  0.00000 -6.96822e+01 | 51  0.00000 -9.40872e+01
 52  0.00000 -1.12707e+02 | 53  0.00000 -3.62114e+00 | 54  0.00000  1.16539e+02
 55  0.00000  9.69110e+01 | 56  0.00000 -3.75198e+01 | 57  0.00000  1.09150e+02
 58  0.00000  2.81873e+02 | 59  0.00000  3.49328e+02 | 60  0.00000 -8.52175e+00
 61  0.00000 -5.81585e+02 | 62  0.00000 -4.55138e+01 | 63  0.00000  2.10880e+01
 64  0.00000  3.09095e+01 | 65  0.00000 -1.48646e+01 | 66  0.00000 -2.05968e+01
 67  0.00000  3.68515e+01 | 68  0.00000  3.43181e+01 | 69  0.00000  8.99931e+01
 70  0.00000  3.49884e+01 | 71  0.00000  1.53191e+02 | 72  0.00000  1.58880e+02
 73  0.00000  2.13577e+02 | 74  0.00000  1.68742e+02 | 75  0.00000 -2.73419e+02
 76  0.00000 -8.33622e+02 | 77  0.00000 -1.56187e+02 | 78  0.00000  3.59175e+01
 79  0.00000  1.18666e+02 | 80  0.00000 -5.75119e+01 | 81  0.00000  2.12170e+02
 82  0.00000  3.23985e+02 | 83  0.00000  3.51849e+02 | 84  0.00000  2.30490e+02
 85  0.00000  1.70491e+02 | 86  0.00000 -2.00122e+02 | 87  0.00000 -3.61019e+02
 88  0.00000 -4.80925e+01 | 89  0.00000 -1.85914e+02 | 90  0.00000 -4.86752e+02
 91  0.00000  9.14228e+00 | 92  0.00000  2.30681e+01 | 93  0.00000  8.98909e+00
 94  0.00000  9.89590e+01 | 95  0.00000  2.00425e+02 | 96  0.00000  1.14221e+02
 97  0.00000  2.82413e+01 | 98  0.00000 -7.68324e+01 | 99  0.00000  4.16194e+01
100  0.00000 -6.92132e+00 |101  0.00000 -1.06886e+01 |102  0.39255  2.74717e-02
103 -0.25661  6.50446e-02 |104  0.10034  4.19812e-02 |105  0.22513  7.47403e+00
106 -0.09958 -6.42481e+00 |107  0.22994  7.00222e-01 |108  0.02720 -2.55214e-01
109  0.19853 -4.52805e+00 |110  0.13117  1.78110e+00 |111  0.20140 -3.53668e-01
112 -0.13198  2.76842e-01 |113  0.36087  6.44851e+00 |114 -0.02688 -2.79719e+00
115  0.53941  1.20517e+00 |116 -0.00208  1.23236e+00 |117 -0.17295 -8.27515e+00
118 -0.34699  4.42381e+00 |119  0.24604 -4.71851e-01 |120 -0.04091 -3.34446e+00
121  0.01869  3.08514e+00 |122  0.02884 -1.45727e+00 |123 -0.14037  4.07141e-01
124  0.68661 -9.58260e-02 |125  0.86724  2.31336e-02 |126  0.00732  3.61049e-05
127 -0.10349  3.71380e-01 |128  0.07467  3.69561e-04 |129  0.49061  7.50034e-01
130 -0.15091 -2.92804e-01 |131  0.26857 -5.28347e-01 |132 -0.03613  3.42037e-01

Intermediate statistics: 132 variables; iteration 20; function evaluation 28; phase 4
Function value 2.4957394e+03; maximum gradient component mag 2.3436e+02
Var    Value     Gradient |Var    Value     Gradient |Var    Value     Gradient
  1 -0.09778  3.71770e+01 |  2 -0.00862  9.27576e+01 |  3 -0.03537  1.28191e+02
  4  0.00474  6.40798e+01 |  5 -0.41059  1.19316e+01 |  6 -0.08552 -1.79875e+00
  7  0.09760  2.04782e+02 |  8 -0.03957  8.36793e+01 |  9  0.14432  1.52503e+01
 10 -0.09579  7.42792e+00 | 11  0.01629  2.18964e+01 | 12  0.01436  7.33779e-01
 13  0.01606  8.09755e-01 | 14  0.01795  8.92651e-01 | 15  0.02004  9.83176e-01
 16  0.02238  1.08269e+00 | 17  0.02501  1.19317e+00 | 18  0.02804  1.31663e+00
 19  0.03155  1.45321e+00 | 20  0.03566  1.60171e+00 | 21  0.04052  1.75906e+00
 22  0.04621  1.91685e+00 | 23  0.05288  2.06511e+00 | 24  0.06082  2.19303e+00
 25  0.07005  2.27763e+00 | 26  0.08021  2.29359e+00 | 27  0.09014  2.23603e+00
 28  0.09805  2.16212e+00 | 29  0.10136  2.19382e+00 | 30  0.09776  2.42399e+00
 31  0.08746  2.74225e+00 | 32  0.07463  2.96924e+00 | 33  0.06561  3.16861e+00
 34  0.06659  3.63156e+00 | 35  0.08220  4.54571e+00 | 36  0.11160  5.51488e+00
 37  0.14053  5.53038e+00 | 38  0.12959  4.47314e+00 | 39  0.05972  1.72814e+00
 40 -0.02155 -3.29027e+00 | 41 -0.07690 -7.44222e+00 | 42 -0.09189 -8.80313e+00
 43 -0.04484 -5.92433e+00 | 44  0.09536 -2.87324e-01 | 45  0.11120  5.37335e+00
 46  0.03316  3.40106e+00 | 47  0.17045  1.81863e+00 | 48 -0.06294 -9.74894e+00
 49 -0.18079 -1.66671e+01 | 50  0.16902 -7.15304e+00 | 51 -0.14908 -1.18555e+01
 52  0.19686  2.42844e+01 | 53 -0.37081 -2.65187e+01 | 54  0.01006 -3.23663e+01
 55 -0.06203 -1.51906e+01 | 56  0.13017  9.66247e+00 | 57  0.00048  4.23246e-01
 58 -0.06098 -1.02605e-01 | 59 -0.16007 -8.28848e+00 | 60 -0.36930 -2.68406e+01
 61  0.21157 -1.00560e+02 | 62 -0.20222 -1.52568e+01 | 63  0.07644  3.20745e+01
 64  0.03863  4.09800e+01 | 65  0.07144  8.36092e+01 | 66  0.07332  1.03019e+02
 67  0.01944  7.06039e+01 | 68  0.06548  8.14964e+01 | 69 -0.06790  1.70973e+01
 70  0.07463  2.95531e+01 | 71 -0.11761 -1.10017e+01 | 72 -0.00743 -7.71000e+00
 73 -0.14015 -1.57508e+01 | 74 -0.10408 -1.88973e+01 | 75 -0.13625 -1.12109e+01
 76  0.30911  2.32628e+02 | 77 -0.27118 -1.83969e+01 | 78  0.05415  3.74693e+01
 79 -0.04259  9.07096e+00 | 80  0.11131  2.10930e+01 | 81 -0.08152 -1.53566e+01
 82 -0.24443 -2.23080e+01 | 83 -0.29820 -2.04660e+01 | 84 -0.04978  6.00883e+00
 85 -0.11770 -1.39147e+01 | 86  0.11130 -3.99306e+01 | 87  0.13468 -1.89950e+02
 88  0.00372 -2.08062e+01 | 89  0.09272  2.28703e+01 | 90  0.17212 -1.60665e+02
 91 -0.05770 -3.97908e+00 | 92  0.04481  2.64827e+01 | 93  0.07748  5.18164e+01
 94 -0.00212  1.94372e+01 | 95 -0.16517 -1.68539e+00 | 96 -0.03351  2.04790e+01
 97 -0.00223  2.11329e+01 | 98  0.05883  1.39892e+01 | 99 -0.07368 -6.88391e+00
100  0.03761  2.02598e+00 |101  0.12263  5.13815e+00 |102  0.33885 -6.61692e-03
103 -0.28317 -2.64686e+00 |104 -0.08719  1.13899e+00 |105  0.16993 -1.31680e+02
106 -0.05740  2.34355e+02 |107  0.15165  1.55420e+00 |108  0.08081 -1.13081e-01
109  0.07509 -4.07571e+01 |110  0.09444  4.86809e+01 |111  0.21982 -2.00646e+00
112 -0.09967  1.99645e+00 |113  0.31447 -5.14377e+01 |114 -0.00721  4.96192e+01
115  0.39684 -1.32815e+00 |116  0.01778  2.08920e+01 |117 -0.18521  5.20950e+01
118 -0.42818 -3.13865e+01 |119  0.02197  1.08705e+01 |120 -0.05156  1.87113e+01
121 -0.00000  1.74804e+00 |122 -0.00466 -2.02886e+00 |123 -0.13952 -3.31088e-01
124  0.66670  1.04367e+00 |125  0.86739 -1.91739e-02 |126  0.00732  3.62127e-05
127 -0.08215 -4.21829e+00 |128  0.07466  3.85368e-04 |129  0.48817  7.60394e-01
130 -0.14477  7.39596e-02 |131  0.18889  5.67787e+00 |132 -0.06621  3.94399e-01
132 variables; iteration 40; function evaluation 48; phase 4
Function value 2.4693279e+03; maximum gradient component mag 2.6141e+02
Var    Value     Gradient |Var    Value     Gradient |Var    Value     Gradient
  1 -0.10112  6.93000e+01 |  2 -0.00969  4.26883e+01 |  3 -0.05158  4.14157e+01
  4 -0.02095  6.15455e+00 |  5 -0.38739  1.94892e+01 |  6 -0.07971 -7.23870e+00
  7  0.11032  1.49662e+02 |  8 -0.10685  4.26748e+01 |  9  0.17926 -5.64664e+00
 10 -0.16860  5.40201e-01 | 11 -0.03107  3.33869e+01 | 12  0.01037  1.74328e-01
 13  0.01171  1.89999e-01 | 14  0.01322  2.06809e-01 | 15  0.01491  2.25101e-01
 16  0.01678  2.45349e-01 | 17  0.01886  2.67907e-01 | 18  0.02118  2.92577e-01
 19  0.02374  3.17927e-01 | 20  0.02657  3.41915e-01 | 21  0.02973  3.62068e-01
 22  0.03326  3.71728e-01 | 23  0.03737  3.61640e-01 | 24  0.04242  3.21755e-01
 25  0.04906  2.60648e-01 | 26  0.05938  2.43384e-01 | 27  0.07923  3.55367e-01
 28  0.11639  9.23367e-02 | 29  0.14411 -1.18987e+00 | 30  0.10924 -7.19127e-01
 31  0.07028 -1.03335e+00 | 32  0.05181 -1.50962e+00 | 33  0.04208 -1.96544e+00
 34  0.03859 -2.52872e+00 | 35  0.04074 -3.33295e+00 | 36  0.04109 -4.49573e+00
 37  0.14417 -1.13874e+01 | 38  0.12179 -1.09432e+01 | 39  0.00565 -7.19945e+00
 40 -0.01360 -7.36228e+00 | 41 -0.04042 -8.15293e+00 | 42 -0.05098 -9.07169e+00
 43 -0.04163 -1.01005e+01 | 44  0.12863 -2.57390e+01 | 45 -0.01127 -9.19550e+00
 46 -0.02068 -5.24791e+00 | 47  0.21217  2.66983e+00 | 48 -0.05268 -7.31412e+00
 49 -0.09754 -1.18395e+01 | 50  0.16250 -3.54031e+01 | 51 -0.02253 -8.63467e+00
 52  0.18273 -5.40906e+01 | 53 -0.25189 -2.11164e+01 | 54  0.06565  4.27062e+01
 55 -0.00607  2.90779e+01 | 56  0.13301  6.24201e+01 | 57  0.01518  2.50848e+01
 58 -0.03090  3.53034e+01 | 59 -0.11002  2.12711e+01 | 60 -0.24873 -1.69910e+01
 61  0.21316 -3.27400e+01 | 62 -0.17176 -9.50379e+00 | 63  0.07423  5.65325e+01
 64  0.02921  4.03736e+01 | 65  0.04699  4.36277e+01 | 66  0.04857  5.41314e+01
 67 -0.01461  3.50588e+01 | 68  0.03596  5.47760e+01 | 69 -0.04564  3.46064e+01
 70  0.04336  6.44342e+00 | 71 -0.13201 -1.26986e+01 | 72 -0.00902  4.01699e+00
 73 -0.13668 -1.37313e+01 | 74 -0.13565 -2.39053e+01 | 75 -0.15561 -1.48371e+01
 76  0.31195  2.61407e+02 | 77 -0.23514 -1.48336e+01 | 78  0.04710  1.84818e+01
 79 -0.06795 -1.33875e+01 | 80  0.10806 -4.50471e+00 | 81 -0.04603  1.34811e+01
 82 -0.23621 -2.16890e+01 | 83 -0.26373 -1.17595e+01 | 84 -0.05730  1.24494e+01
 85 -0.04438  2.83501e+01 | 86  0.10176 -4.00796e+01 | 87  0.14315 -1.61420e+02
 88  0.01086 -1.66242e+01 | 89  0.07891 -4.75814e-01 | 90  0.17934 -1.41232e+02
 91 -0.02402  2.05165e+01 | 92  0.05115  4.06595e+01 | 93  0.08594  7.12756e+01
 94 -0.00614  1.34672e+01 | 95 -0.17368 -5.86934e+00 | 96 -0.03946  1.12111e+01
 97 -0.01988 -1.93795e+00 | 98  0.05561  9.82921e+00 | 99 -0.08078 -1.20307e+01
100  0.04912  4.06846e+00 |101  0.12473  2.48348e+00 |102 -0.44395 -4.00732e+00
103 -0.31417 -4.90448e+00 |104 -0.13901 -3.56034e+00 |105  0.13544 -8.19458e+01
106 -0.10159  1.19051e+02 |107 -0.01667 -2.31045e+00 |108 -0.16010 -4.49386e+00
109  0.06580 -5.03688e+01 |110  0.08680  5.31845e+01 |111  0.46611 -9.64714e-01
112  0.00858  5.15352e+00 |113  0.32986 -3.26128e+01 |114 -0.00253  3.32856e+01
115  0.32368 -1.69364e+01 |116 -0.00371  4.36437e+01 |117 -0.14154  2.16760e+01
118 -0.35168 -3.14156e+01 |119 -0.18499 -9.71372e+00 |120 -0.04449  2.28055e+01
121  0.00121  2.40822e+01 |122 -0.01333 -1.21339e+01 |123 -0.13327  5.55739e+00
124  0.18955  2.85915e+00 |125  0.87024  8.05871e-03 |126  0.00707  2.22533e-01
127 -0.09370 -4.95216e+00 |128  0.07254  1.27872e+00 |129  0.47542  5.51881e+00
130 -0.16728 -1.29738e+01 |131 -0.23621  3.19010e+00 |132 -1.06518  3.18815e-01
132 variables; iteration 60; function evaluation 68; phase 4
Function value 2.4420923e+03; maximum gradient component mag 1.3093e+02
Var    Value     Gradient |Var    Value     Gradient |Var    Value     Gradient
  1 -0.12841  6.78353e+01 |  2 -0.01022 -1.32664e+01 |  3 -0.06613 -3.46145e+00
  4 -0.00459 -9.18947e+00 |  5 -0.39464  4.04901e+00 |  6 -0.06889 -2.00116e+01
  7  0.10874  2.38521e+01 |  8 -0.12990 -3.26628e+00 |  9  0.16053 -3.24123e+01
 10 -0.16312 -5.71917e+00 | 11 -0.03485  2.61454e+00 | 12  0.00238 -6.41255e-01
 13  0.00279 -7.17699e-01 | 14  0.00328 -8.01992e-01 | 15  0.00385 -8.94062e-01
 16  0.00448 -9.94260e-01 | 17  0.00518 -1.10398e+00 | 18  0.00592 -1.22613e+00
 19  0.00663 -1.36306e+00 | 20  0.00726 -1.51702e+00 | 21  0.00775 -1.69061e+00
 22  0.00804 -1.88919e+00 | 23  0.00813 -2.12734e+00 | 24  0.00798 -2.42953e+00
 25  0.00788 -2.77493e+00 | 26  0.00983 -3.02926e+00 | 27  0.01744 -3.00191e+00
 28  0.01469 -3.40674e+00 | 29  0.19356 -8.22171e+00 | 30  0.01171 -3.68559e+00
 31  0.01186 -3.50872e+00 | 32  0.00789 -3.43758e+00 | 33  0.00706 -3.26403e+00
 34  0.00758 -3.22056e+00 | 35  0.01158 -3.28380e+00 | 36  0.01738 -3.42137e+00
 37  0.14654 -4.16485e+00 | 38  0.03411 -2.58361e+00 | 39  0.02117 -1.80908e+00
 40  0.01500 -8.62431e-02 | 41  0.00814  1.06364e+00 | 42  0.00979  9.07987e-01
 43  0.02449 -1.53186e+00 | 44  0.08123 -7.02459e+00 | 45  0.01794 -6.27071e+00
 46 -0.09578 -9.71680e+00 | 47  0.16825  7.80044e+00 | 48 -0.02311 -2.43721e+00
 49 -0.01014 -2.08261e+00 | 50  0.12485 -2.17251e+00 | 51 -0.00778  1.85997e+00
 52  0.15782  2.45575e+01 | 53 -0.03869  1.48241e+00 | 54  0.00099  1.28434e+01
 55 -0.03613  8.99199e+00 | 56  0.10638  2.30852e+01 | 57 -0.01078  8.56665e+00
 58 -0.07177  1.52221e+01 | 59 -0.13357  1.97491e+01 | 60 -0.16761  3.07466e+00
 61  0.19316  5.93784e+01 | 62 -0.10728  5.67933e+00 | 63  0.02586 -1.13575e+01
 64 -0.00024 -9.95173e+00 | 65  0.01675 -1.68835e+01 | 66  0.01280 -2.32124e+01
 67 -0.05201 -1.54295e+01 | 68 -0.00619 -2.95394e+01 | 69 -0.10526 -2.77589e+00
 70  0.01819 -8.51544e+00 | 71 -0.09010  8.30548e+00 | 72 -0.06056 -5.33442e+00
 73 -0.09244  1.47620e+01 | 74 -0.07456  1.74462e+01 | 75 -0.16577 -1.18098e+01
 76  0.29107  1.30930e+02 | 77 -0.16082 -5.17650e+00 | 78  0.00862 -2.93658e+01
 79 -0.06484 -1.31821e+01 | 80  0.09196 -3.55147e+01 | 81 -0.03408  3.39303e+01
 82 -0.14403  2.34937e+01 | 83 -0.17682  2.54916e+01 | 84 -0.05329  2.21712e+01
 85 -0.09946  4.08869e+00 | 86  0.08770 -1.71566e+01 | 87  0.14776 -5.29060e+01
 88 -0.00691 -1.24769e+01 | 89  0.03752 -2.94768e+01 | 90  0.18008 -7.00689e+01
 91 -0.06453 -1.37225e+00 | 92  0.03973  3.38777e+01 | 93  0.06249  1.89221e+01
 94 -0.03232 -7.89968e+00 | 95 -0.12968  1.28227e+01 | 96 -0.05341  6.02785e+00
 97 -0.02472 -6.34496e+00 | 98  0.06546  2.77978e+01 | 99 -0.05075  2.11061e+00
100  0.02767 -3.15140e+00 |101  0.10480 -1.14937e+00 |102 -0.58225  9.47394e-01
103 -0.31455 -3.43196e+00 |104 -0.12400 -3.43317e+00 |105  0.14886  1.30100e+01
106 -0.12200 -1.59380e+01 |107  0.10053  4.81899e-01 |108 -0.01732 -1.11956e+00
109  0.08256 -2.11692e+01 |110  0.08070  2.29355e+01 |111  0.53530  5.24062e-01
112  0.02141 -7.65761e-01 |113  0.33500 -3.00027e+01 |114 -0.00287  3.09433e+01
115  0.29344 -1.87309e+01 |116 -0.03015  4.29002e+01 |117 -0.16091  1.28723e+01
118 -0.35761 -4.23748e+00 |119  0.02655  1.09746e+01 |120 -0.04993 -2.70431e+00
121 -0.00460 -1.41840e+01 |122 -0.00439  6.66644e+00 |123 -0.14031 -3.78210e+00
124  0.13696  3.83870e+00 |125  0.87068  1.47797e-02 |126 -0.11820  2.52397e+00
127 -0.10196 -4.37538e+00 |128 -0.24341  6.96105e-02 |129  0.45441 -9.59202e+00
130 -0.15375  1.66514e+01 |131 -0.18867  2.46480e+00 |132 -0.56027 -1.82301e+00
132 variables; iteration 80; function evaluation 91; phase 4
Function value 2.4341658e+03; maximum gradient component mag 8.3584e+01
Var    Value     Gradient |Var    Value     Gradient |Var    Value     Gradient
  1 -0.14589  4.57134e+01 |  2 -0.00240  1.08238e+01 |  3 -0.06287  2.34688e+01
  4 -0.00325  3.80934e+01 |  5 -0.40309  8.10250e+00 |  6 -0.04652  3.40027e-01
  7  0.10621  3.12433e+01 |  8 -0.13121  8.21336e+00 |  9  0.18451  1.26639e+01
 10 -0.14813  3.14008e+00 | 11 -0.04754  2.52188e+01 | 12  0.00219 -5.87358e-01
 13  0.00252 -6.61871e-01 | 14  0.00282 -7.50455e-01 | 15  0.00302 -8.57768e-01
 16  0.00304 -9.89329e-01 | 17  0.00279 -1.15078e+00 | 18  0.00221 -1.34574e+00
 19  0.00127 -1.57235e+00 | 20  0.00003 -1.82237e+00 | 21 -0.00132 -2.08075e+00
 22 -0.00234 -2.31728e+00 | 23 -0.00216 -2.48824e+00 | 24  0.00099 -2.50559e+00
 25  0.00833 -2.32057e+00 | 26  0.01364 -2.30944e+00 | 27  0.00546 -3.01954e+00
 28  0.01699 -2.58739e+00 | 29  0.20373 -5.33928e+00 | 30  0.01654 -2.57635e+00
 31  0.00078 -3.19403e+00 | 32 -0.00237 -3.08221e+00 | 33 -0.00326 -2.87986e+00
 34  0.00300 -2.39274e+00 | 35  0.01468 -1.85343e+00 | 36  0.02951 -1.38650e+00
 37  0.15535  1.42258e-01 | 38  0.03569 -9.27391e-01 | 39  0.01710 -8.25315e-01
 40  0.00281 -9.02724e-02 | 41 -0.01093  1.61443e-01 | 42 -0.01293  1.65153e-02
 43 -0.01242 -2.02332e+00 | 44  0.11782 -2.58268e+00 | 45 -0.02262 -6.14162e+00
 46  0.00315 -4.10509e+00 | 47  0.13040 -4.46512e+00 | 48  0.01536 -2.66002e+00
 49 -0.01830 -3.41420e+00 | 50  0.12911 -5.17399e+00 | 51 -0.03786 -4.37696e+00
 52  0.14814  1.61587e+00 | 53 -0.01690  4.33745e+00 | 54 -0.00206  1.35953e+01
 55 -0.04026  4.79590e+00 | 56  0.09900 -5.90710e+00 | 57 -0.01238  3.40632e+00
 58 -0.06598  1.77229e+01 | 59 -0.14210  1.52211e+01 | 60 -0.17955 -1.02985e-01
 61  0.19594  8.35835e+01 | 62 -0.11049  5.29652e+00 | 63  0.02678 -9.77460e+00
 64  0.00043 -5.75730e+00 | 65  0.02081 -3.64425e+00 | 66  0.01631 -4.82979e+00
 67 -0.04015  1.81732e+00 | 68  0.00397 -1.80489e+00 | 69 -0.09676  6.72080e+00
 70  0.02548  1.27293e+01 | 71 -0.09006  1.24426e+01 | 72 -0.04533  5.94750e+00
 73 -0.10791  6.04292e+00 | 74 -0.09833  1.27743e+00 | 75 -0.15759 -1.23738e+01
 76  0.28477  6.79607e+01 | 77 -0.18163 -8.21326e+00 | 78  0.01814 -1.21703e+01
 79 -0.05748 -2.97033e+00 | 80  0.09572 -8.45245e+00 | 81 -0.05886  6.71948e+00
 82 -0.15053  2.03314e+01 | 83 -0.19088  1.80426e+01 | 84 -0.06662  6.12880e+00
 85 -0.10131 -5.32210e-01 | 86  0.08408 -2.30399e+01 | 87  0.15931  8.73294e+00
 88 -0.00917 -1.02908e+01 | 89  0.04159 -1.55069e+01 | 90  0.18797 -7.15534e+00
 91 -0.06906 -2.74529e+00 | 92  0.02186 -4.32163e+00 | 93  0.05793  9.78156e-01
 94 -0.02128 -7.74209e-01 | 95 -0.13980  9.21036e+00 | 96 -0.05459  5.80496e+00
 97 -0.02793 -4.72107e+00 | 98  0.04871 -1.27839e+00 | 99 -0.05843 -2.25784e-01
100  0.03218  6.07216e-01 |101  0.09149 -3.11294e+00 |102 -0.53759  3.64937e-01
103 -0.32225 -3.83976e+00 |104 -0.08590  7.80402e-01 |105  0.13863 -1.49155e+01
106 -0.11953  2.47564e+01 |107  0.11098 -5.70177e-01 |108  0.02605  7.18687e-01
109  0.04837 -2.05636e+00 |110  0.04220  2.80363e+00 |111  0.41287  1.52587e+00
112 -0.00802 -2.22178e+00 |113  0.32422 -3.79873e+00 |114 -0.02605  9.26431e-01
115  0.25951  3.52477e-02 |116 -0.05567  6.68567e+00 |117 -0.13971  6.75560e-01
118 -0.32580  2.28255e+00 |119 -0.09570  2.20311e+00 |120 -0.05129 -1.05302e+01
121 -0.00348 -3.96491e+00 |122 -0.00529  3.23705e+00 |123 -0.13889 -4.51883e-01
124  0.07516 -1.23674e+00 |125  0.85893  1.42715e-02 |126 -0.18405  5.80018e-01
127 -0.10074 -3.67610e+00 |128 -0.02458  1.12315e+00 |129  0.47363 -1.78131e+00
130 -0.15141  3.82053e+00 |131 -0.18708 -6.35781e+00 |132 -0.50196  9.02401e-01
132 variables; iteration 100; function evaluation 114; phase 4
Function value 2.4291039e+03; maximum gradient component mag 3.8536e+01
Var    Value     Gradient |Var    Value     Gradient |Var    Value     Gradient
  1 -0.20736 -2.45122e+01 |  2  0.01224  7.19429e+00 |  3 -0.06121  9.92032e+00
  4 -0.01491  8.87242e+00 |  5 -0.41128  3.92871e+00 |  6  0.00833 -1.29503e+00
  7  0.10461 -1.62064e+01 |  8 -0.13750 -1.25311e+00 |  9  0.20058  9.50537e+00
 10 -0.13209  5.46147e+00 | 11 -0.09336  3.85357e+01 | 12  0.00494  1.72535e-01
 13  0.00513  1.60840e-01 | 14  0.00541  1.54827e-01 | 15  0.00600  1.71295e-01
 16  0.00723  2.38901e-01 | 17  0.00963  3.98860e-01 | 18  0.01379  6.97690e-01
 19  0.02009  1.16129e+00 | 20  0.02827  1.75968e+00 | 21  0.03712  2.38239e+00
 22  0.04386  2.81171e+00 | 23  0.04468  2.76452e+00 | 24  0.03333  1.78135e+00
 25  0.00738 -3.38991e-01 | 26 -0.00440 -1.33173e+00 | 27  0.04345  2.34755e+00
 28  0.00628 -4.68515e-01 | 29  0.09696  6.33877e+00 | 30 -0.00408 -1.02557e+00
 31  0.03815  2.77516e+00 | 32  0.03621  3.02178e+00 | 33  0.03839  3.45012e+00
 34  0.02690  2.24628e+00 | 35  0.00975  1.63614e-01 | 36 -0.00783 -1.97619e+00
 37  0.09119  3.50874e+00 | 38  0.03596  6.08534e-01 | 39  0.00160 -5.13374e-01
 40 -0.01668 -5.40389e-02 | 41 -0.04317 -1.09423e+00 | 42 -0.03048  1.02840e+00
 43 -0.00268  3.16292e+00 | 44  0.05082  6.90248e+00 | 45  0.07357  1.06649e+01
 46  0.03977  7.51632e+00 | 47  0.08764  8.33596e+00 | 48  0.02138  3.07652e+00
 49 -0.00167  3.23070e+00 | 50  0.11421  1.26360e+01 | 51  0.00297  3.74439e+00
 52  0.13099 -1.48185e+00 | 53 -0.00801  1.99290e+00 | 54 -0.02686  3.28894e+00
 55 -0.03327  6.60166e+00 | 56  0.09214  1.36622e+00 | 57 -0.01374  5.57834e+00
 58 -0.08127  1.12512e+01 | 59 -0.14529  1.41711e+01 | 60 -0.19707 -5.00946e+00
 61  0.18887  1.17867e+01 | 62 -0.12729 -1.90030e+00 | 63  0.02669 -1.59217e+01
 64 -0.00071 -7.45964e+00 | 65  0.01680 -6.95323e+00 | 66  0.01561 -3.38328e+00
 67 -0.04431  3.00350e+00 | 68  0.00441  4.35820e+00 | 69 -0.09845  6.49043e+00
 70  0.01413 -6.64634e+00 | 71 -0.11397  4.29124e-01 | 72 -0.05255  1.89612e+00
 73 -0.12948  5.57609e-01 | 74 -0.10142  2.79585e+00 | 75 -0.14415 -1.05487e+01
 76  0.27371  1.00149e+01 | 77 -0.17333 -6.53921e+00 | 78  0.02018 -8.56294e-01
 79 -0.05548  2.06564e+00 | 80  0.09644  1.12583e+01 | 81 -0.08020 -1.00458e+01
 82 -0.19275  3.53652e-01 | 83 -0.21007  1.23629e+01 | 84 -0.07933  2.24683e+00
 85 -0.09753  4.11817e+00 | 86  0.08390 -2.67856e+00 | 87  0.14715 -1.35683e+01
 88 -0.00952 -3.79184e+00 | 89  0.04227 -7.29605e-01 | 90  0.18540  2.74179e+01
 91 -0.07615 -4.45501e+00 | 92  0.00997 -1.89046e+01 | 93  0.05304  1.45673e+00
 94 -0.01259  1.27682e+01 | 95 -0.16551  7.49661e-01 | 96 -0.06442 -1.40340e+00
 97 -0.02686  7.32527e-01 | 98  0.04344 -7.37279e+00 | 99 -0.05998  1.52676e+00
100  0.00903 -6.86039e+00 |101  0.09538 -9.91564e-01 |102 -0.64559  1.37284e-01
103 -0.28828  3.33986e-01 |104 -0.12633 -2.64109e+00 |105  0.12725 -1.93494e+01
106 -0.12087  3.43305e+01 |107  0.07381  6.28027e-01 |108  0.00306 -4.47090e-01
109 -0.00960 -1.74668e+01 |110  0.00214  1.75185e+01 |111  0.25497 -3.91506e+00
112 -0.05318  9.93859e+00 |113  0.34069  5.23412e+00 |114  0.00182  2.90611e+00
115  0.17557 -5.77894e+00 |116 -0.09347  4.54640e+00 |117 -0.14076 -7.86060e+00
118 -0.32237  6.48040e+00 |119 -0.08787  2.33799e-01 |120 -0.05755 -2.29292e+00
121 -0.00785 -1.93187e+00 |122 -0.01285 -1.40082e+00 |123 -0.14039 -1.57056e+00
124  0.07414 -8.24244e-01 |125  0.81424  1.04814e-02 |126 -0.24842 -9.51336e-01
127 -0.08473  2.77431e+00 |128 -0.03096 -3.01004e-01 |129  0.51489  4.76702e+00
130 -0.13765 -8.91355e+00 |131 -0.13962 -1.07378e+01 |132 -0.35602  5.48941e+00
132 variables; iteration 120; function evaluation 139; phase 4
Function value 2.4264236e+03; maximum gradient component mag 3.4072e+01
Var    Value     Gradient |Var    Value     Gradient |Var    Value     Gradient
  1 -0.22289 -3.34186e+01 |  2  0.01997 -2.08511e+00 |  3 -0.07323 -2.57500e+00
  4 -0.00887 -2.18382e+00 |  5 -0.41665 -1.82840e+00 |  6  0.02198 -4.88519e+00
  7  0.10681 -8.43811e+00 |  8 -0.14449 -3.40267e+00 |  9  0.19450 -1.67584e+00
 10 -0.14363  1.32794e-01 | 11 -0.09793  3.40719e+01 | 12  0.00985  5.74545e-01
 13  0.01123  6.59238e-01 | 14  0.01249  7.29825e-01 | 15  0.01335  7.62177e-01
 16  0.01340  7.21671e-01 | 17  0.01215  5.67729e-01 | 18  0.00936  2.79492e-01
 19  0.00574 -8.11961e-02 | 20  0.00369 -3.16420e-01 | 21  0.00608 -1.92370e-01
 22  0.01223  2.28129e-01 | 23  0.01794  5.96767e-01 | 24  0.02389  9.70855e-01
 25  0.03157  1.46849e+00 | 26  0.03492  1.64603e+00 | 27  0.01646  2.19933e-01
 28  0.02981  1.27614e+00 | 29  0.04273  2.37836e+00 | 30  0.02783  1.47785e+00
 31  0.01878  1.07427e+00 | 32  0.01605  1.19791e+00 | 33  0.01232  1.09713e+00
 34  0.01558  1.28049e+00 | 35  0.02670  1.67341e+00 | 36  0.02995  1.12960e+00
 37  0.04608  1.80148e+00 | 38  0.03360  1.54444e+00 | 39  0.01464  1.99344e+00
 40  0.00227  3.54225e+00 | 41 -0.02468  2.30074e+00 | 42 -0.01406  3.83643e+00
 43 -0.00917  1.75713e+00 | 44  0.04009  2.16308e+00 | 45  0.04196  1.72801e+00
 46  0.02948  1.87578e+00 | 47  0.08092  2.81351e+00 | 48  0.02598  2.15079e+00
 49  0.00682  2.21384e+00 | 50  0.09491  1.08652e+00 | 51  0.00895  2.49681e+00
 52  0.12527  1.72764e+00 | 53 -0.00484  4.67542e+00 | 54 -0.03323  1.19846e+00
 55 -0.04820  1.54514e+00 | 56  0.09115  8.19179e+00 | 57 -0.01605  6.04601e+00
 58 -0.09039  3.96408e+00 | 59 -0.17450  1.77255e+00 | 60 -0.18443 -2.49517e+00
 61  0.18582  5.11253e+00 | 62 -0.16140 -7.36713e+00 | 63  0.03267  8.23580e-01
 64 -0.00300  2.10249e+00 | 65  0.01689  4.20775e+00 | 66  0.01789  6.74718e+00
 67 -0.04863  2.78060e+00 | 68  0.00420  2.96310e+00 | 69 -0.11033  2.78863e+00
 70  0.01517  4.56805e-02 | 71 -0.11009  3.99646e+00 | 72 -0.05917  1.44600e-01
 73 -0.12903  1.50842e+00 | 74 -0.11030  1.98751e+00 | 75 -0.11868 -6.22600e+00
 76  0.26757 -4.16942e+00 | 77 -0.16057 -3.83373e+00 | 78  0.01736  1.76727e-01
 79 -0.06266 -8.30270e-01 | 80  0.08971 -6.46647e-01 | 81 -0.07336 -6.37999e-01
 82 -0.19280  1.04552e+00 | 83 -0.23616  2.87019e+00 | 84 -0.08223  2.29267e+00
 85 -0.10830  1.08371e+00 | 86  0.07882 -1.07958e+00 | 87  0.14233 -6.64361e+00
 88 -0.01144 -2.82902e-01 | 89  0.03901 -2.32367e+00 | 90  0.17715 -1.50802e+00
 91 -0.07427 -1.04903e+00 | 92  0.01592 -1.94760e+00 | 93  0.04986 -7.92788e-01
 94 -0.02620 -5.50326e-01 | 95 -0.16456  1.13631e+00 | 96 -0.06355  1.57154e+00
 97 -0.02676  1.95660e+00 | 98  0.04867  3.72087e-01 | 99 -0.05804 -3.54470e-01
100  0.03409  8.33558e-02 |101  0.11429  1.43655e+00 |102 -0.64400  7.30587e-02
103 -0.27165  1.79259e+00 |104 -0.11708  1.99178e-01 |105  0.11480 -3.02387e+00
106 -0.13629  6.91774e+00 |107  0.04211 -1.78763e-01 |108 -0.03033 -6.30360e-01
109 -0.04075 -6.57540e+00 |110 -0.03936  5.08883e+00 |111  0.23391  1.99520e+00
112 -0.07879 -7.72051e-01 |113  0.32075  1.97794e+00 |114 -0.02067 -1.11848e+00
115  0.16388 -3.38588e+00 |116 -0.10305  2.54258e-02 |117 -0.14359  1.32173e+00
118 -0.33112  3.08954e-01 |119 -0.07194  1.53933e+00 |120 -0.05898  1.70540e+00
121 -0.01642 -1.21184e+00 |122 -0.02439 -3.25694e+00 |123 -0.12436 -3.39065e-01
124  0.07800 -4.25895e-01 |125  0.76949  6.55756e-03 |126 -0.27486 -1.13079e+00
127 -0.09476 -1.85188e+00 |128 -0.02829  5.65250e-01 |129  0.49827  8.35477e-01
130 -0.13602  1.08142e+00 |131 -0.11189 -1.06532e+00 |132 -0.34256  5.69151e-01
132 variables; iteration 140; function evaluation 170; phase 4
Function value 2.4255871e+03; maximum gradient component mag 1.2752e+01
Var    Value     Gradient |Var    Value     Gradient |Var    Value     Gradient
  1 -0.23323 -1.16027e+01 |  2  0.02102  1.47637e+00 |  3 -0.07241  9.36289e-01
  4 -0.00918  7.65876e-01 |  5 -0.41471  6.24796e-01 |  6  0.03002 -2.29909e+00
  7  0.10681  3.53053e+00 |  8 -0.14073  6.17682e-01 |  9  0.19459  2.63721e-01
 10 -0.14570  1.32091e-01 | 11 -0.11472  1.27523e+01 | 12  0.00357 -1.63243e-01
 13  0.01139  4.39667e-01 | 14  0.00815  1.10600e-01 | 15  0.00589 -1.39533e-01
 16  0.00698 -1.18176e-01 | 17  0.00593 -2.79200e-01 | 18  0.00803 -1.94948e-01
 19  0.01394  1.75021e-01 | 20  0.01343  2.01107e-02 | 21  0.01348 -1.03059e-01
 22  0.01492 -1.28296e-01 | 23  0.02121  1.91268e-01 | 24  0.02284  1.53336e-01
 25  0.02070 -1.48772e-01 | 26  0.02188 -1.97279e-01 | 27  0.02481 -8.20214e-02
 28  0.02585 -2.58569e-02 | 29  0.02313 -1.26056e-01 | 30  0.02490  2.11896e-01
 31  0.02171  3.29357e-01 | 32  0.01514  2.23886e-01 | 33  0.01141  1.89446e-01
 34  0.01591  4.74965e-01 | 35  0.02394  5.50273e-01 | 36  0.03602  5.39042e-01
 37  0.04173  3.15503e-01 | 38  0.03920  6.07957e-01 | 39  0.01820  9.76041e-01
 40 -0.01301  5.38299e-01 | 41 -0.02728  7.99135e-01 | 42 -0.02860  7.57050e-01
 43 -0.00562  9.79352e-01 | 44  0.04096  9.91757e-01 | 45  0.04899  1.35691e+00
 46  0.03719  1.77803e+00 | 47  0.07706  1.32188e+00 | 48  0.03109  1.71813e+00
 49  0.00706  1.79629e+00 | 50  0.09844  8.59537e-01 | 51  0.00588  2.07284e+00
 52  0.13114  7.75896e-01 | 53 -0.01480  1.31040e+00 | 54 -0.02542  1.52290e+00
 55 -0.04595  1.56786e+00 | 56  0.09346  2.75016e+00 | 57 -0.01600  1.32281e+00
 58 -0.08967  1.35394e+00 | 59 -0.17267  1.40965e+00 | 60 -0.17297 -4.15232e-02
 61  0.18792  4.63235e+00 | 62 -0.12055  9.26510e-01 | 63  0.03296  1.25638e+00
 64  0.00012  9.93322e-01 | 65  0.01910  7.43253e-01 | 66  0.01810 -4.46741e-02
 67 -0.04704  1.33879e-01 | 68  0.00738 -1.25097e-01 | 69 -0.11637  9.45737e-03
 70  0.01892  2.42696e-01 | 71 -0.11877 -2.51270e-01 | 72 -0.05586  4.71887e-01
 73 -0.13074  2.55248e-01 | 74 -0.11659 -8.58733e-02 | 75 -0.09237 -6.18301e-01
 76  0.27006  9.28449e-01 | 77 -0.14209 -4.16720e-01 | 78  0.01915 -1.33376e-01
 79 -0.05843  2.26324e-01 | 80  0.09277  4.87529e-01 | 81 -0.07006  6.09530e-01
 82 -0.19291  2.33639e-01 | 83 -0.24317 -4.99864e-02 | 84 -0.08322 -4.93994e-02
 85 -0.10778 -6.40356e-02 | 86  0.08050 -2.20786e-01 | 87  0.14499  3.65968e-01
 88 -0.01067 -3.27168e-01 | 89  0.04166 -4.41275e-01 | 90  0.17879 -7.18719e-01
 91 -0.07145 -1.39209e-01 | 92  0.01923  5.89485e-01 | 93  0.05224  2.80734e-01
 94 -0.02317 -4.76794e-02 | 95 -0.16563 -1.53707e-01 | 96 -0.06250 -2.50641e-01
 97 -0.02647 -2.58999e-01 | 98  0.04922  5.66220e-02 | 99 -0.05757 -6.74155e-02
100  0.03317  1.05409e-01 |101  0.10591 -1.08035e-01 |102 -0.69250 -8.27590e-03
103 -0.28815 -2.81949e-01 |104 -0.12183  2.04792e-02 |105  0.10383  1.45311e+00
106 -0.14704 -2.80937e+00 |107  0.06387  1.68806e-02 |108  0.00888  6.47358e-02
109 -0.04544  4.50130e-02 |110 -0.04759 -3.80534e-01 |111  0.18355  4.36807e-01
112 -0.11086 -6.32425e-01 |113  0.31954 -2.84566e-01 |114 -0.02142  6.72146e-02
115  0.17816 -9.01691e-02 |116 -0.09096  1.31962e-01 |117 -0.14210 -1.38557e-01
118 -0.32957 -5.51423e-02 |119 -0.08534 -2.49522e-01 |120 -0.06060 -2.32881e-01
121 -0.00740  2.43628e-01 |122 -0.00981  2.02744e-01 |123 -0.13911  1.79390e-01
124  0.04443 -5.48530e-01 |125  0.69499  4.36205e-03 |126 -0.17986 -4.65634e-01
127 -0.08945  1.77186e-01 |128 -0.07154 -5.65698e-01 |129  0.46024  2.55329e-01
130 -0.15458 -1.20247e-01 |131 -0.10760  1.19742e-01 |132 -0.33962 -9.81808e-02
132 variables; iteration 160; function evaluation 195; phase 4
Function value 2.4255265e+03; maximum gradient component mag 2.8890e-01
Var    Value     Gradient |Var    Value     Gradient |Var    Value     Gradient
  1 -0.23642  1.09651e-01 |  2  0.02081  1.70733e-02 |  3 -0.07269 -3.65290e-04
  4 -0.00913 -3.83159e-02 |  5 -0.41492  5.67082e-03 |  6  0.03224  7.67682e-02
  7  0.10620 -1.32227e-01 |  8 -0.13758 -3.41848e-02 |  9  0.19309 -7.79386e-02
 10 -0.14448 -1.31590e-02 | 11 -0.11800  6.69707e-03 | 12  0.00539 -5.65148e-03
 13  0.00595 -9.96145e-03 | 14  0.00711  3.08063e-02 | 15  0.00693 -4.65583e-02
 16  0.00879  3.87860e-02 | 17  0.00876 -3.98779e-02 | 18  0.01059  2.20776e-02
 19  0.01207  4.21454e-02 | 20  0.01313  1.49707e-02 | 21  0.01445 -7.46524e-03
 22  0.01620 -6.16684e-03 | 23  0.01795 -1.61331e-02 | 24  0.01950 -5.04746e-02
 25  0.02164 -4.50439e-02 | 26  0.02369 -3.53297e-02 | 27  0.02507 -3.07135e-02
 28  0.02589 -1.95557e-03 | 29  0.02484 -1.26334e-02 | 30  0.02272  1.92535e-02
 31  0.01861  1.41923e-02 | 32  0.01325 -6.08093e-02 | 33  0.01171  1.96326e-02
 34  0.01267 -3.96471e-02 | 35  0.02123  1.09875e-02 | 36  0.03445 -1.50810e-02
 37  0.04624 -2.45399e-02 | 38  0.03922 -3.85116e-02 | 39  0.01353 -2.74961e-03
 40 -0.01344 -2.00119e-02 | 41 -0.03012 -1.55517e-02 | 42 -0.03082 -1.80064e-02
 43 -0.00865 -7.30296e-03 | 44  0.04432  1.10001e-02 | 45  0.04769  1.12159e-02
 46  0.02649  2.54488e-02 | 47  0.08547  5.14168e-02 | 48  0.02454  1.43623e-02
 49 -0.00243  2.24099e-02 | 50  0.10445 -9.38760e-02 | 51 -0.00900 -4.17683e-02
 52  0.13379 -1.75502e-01 | 53 -0.01935 -1.02736e-02 | 54 -0.02513  1.57717e-02
 55 -0.04768  4.28187e-02 | 56  0.09359  1.58942e-01 | 57 -0.01611  4.18140e-02
 58 -0.09027 -7.45095e-03 | 59 -0.17580 -3.16291e-02 | 60 -0.17158  2.18292e-02
 61  0.18821  1.77971e-01 | 62 -0.12276  2.43443e-02 | 63  0.03357  7.17477e-03
 64  0.00027 -2.04060e-03 | 65  0.01954 -4.50046e-03 | 66  0.01901  2.51454e-02
 67 -0.04676  2.36405e-02 | 68  0.00816  5.79948e-02 | 69 -0.11591 -1.82317e-02
 70  0.01936  4.62220e-02 | 71 -0.11757 -1.65322e-02 | 72 -0.05609 -3.08012e-02
 73 -0.13110 -2.34585e-02 | 74 -0.11653 -4.20880e-02 | 75 -0.08961  4.54739e-02
 76  0.27041  2.88903e-01 | 77 -0.13969  2.19306e-02 | 78  0.01977  1.55736e-02
 79 -0.05822 -8.68270e-03 | 80  0.09321  4.11427e-02 | 81 -0.07046 -1.17560e-02
 82 -0.19341 -2.95841e-02 | 83 -0.24314 -4.25797e-02 | 84 -0.08339 -4.41380e-02
 85 -0.10798 -6.43841e-02 | 86  0.08035  3.38985e-02 | 87  0.14455 -3.68364e-02
 88 -0.01073  2.89656e-04 | 89  0.04171  5.03298e-03 | 90  0.17869 -2.17483e-02
 91 -0.07132 -5.13282e-03 | 92  0.01903  1.34902e-02 | 93  0.05227 -2.40199e-02
 94 -0.02298  1.89903e-03 | 95 -0.16509 -1.89441e-02 | 96 -0.06197 -1.60851e-02
 97 -0.02592 -5.01074e-02 | 98  0.04956 -1.98704e-03 | 99 -0.05731 -1.64505e-02
100  0.03301 -2.35591e-02 |101  0.10639  3.64426e-03 |102 -0.69729 -2.01272e-03
103 -0.28579 -1.75989e-02 |104 -0.12239  1.02756e-02 |105  0.10978 -8.78182e-02
106 -0.14175  1.40280e-01 |107  0.06361  8.11208e-04 |108  0.00717  8.27560e-03
109 -0.03618 -1.69012e-01 |110 -0.03644  1.70946e-01 |111  0.18426 -3.72568e-03
112 -0.10919  6.71788e-02 |113  0.32142 -3.37396e-03 |114 -0.02052  7.04127e-03
115  0.17913  7.68511e-02 |116 -0.09064 -3.60701e-02 |117 -0.14267  9.80703e-02
118 -0.33016 -2.57845e-02 |119 -0.08306  3.05520e-02 |120 -0.06074  6.38996e-02
121 -0.00784 -6.78630e-03 |122 -0.01033  4.32274e-03 |123 -0.13873 -6.34704e-03
124  0.04621  9.30603e-02 |125  0.59249 -6.82773e-04 |126 -0.18874  4.70024e-02
127 -0.08916 -2.18496e-02 |128 -0.06365  1.14741e-01 |129  0.45705  3.56175e-03
130 -0.15635 -2.12669e-03 |131 -0.10654 -4.16463e-02 |132 -0.33741  5.90047e-03
132 variables; iteration 180; function evaluation 217; phase 4
Function value 2.4255261e+03; maximum gradient component mag -3.0934e-03
Var    Value     Gradient |Var    Value     Gradient |Var    Value     Gradient
  1 -0.23657 -3.09342e-03 |  2  0.02089 -1.81542e-04 |  3 -0.07269 -2.25208e-04
  4 -0.00913 -1.31295e-04 |  5 -0.41496 -3.00429e-05 |  6  0.03242 -4.86479e-04
  7  0.10625 -4.81339e-04 |  8 -0.13784 -1.43951e-04 |  9  0.19327 -9.04649e-05
 10 -0.14455 -6.30723e-05 | 11 -0.11819  2.54458e-03 | 12  0.00543  1.21335e-05
 13  0.00604  1.77777e-05 | 14  0.00671  7.38770e-06 | 15  0.00745  2.34012e-05
 16  0.00828 -6.07669e-06 | 17  0.00920  2.15577e-05 | 18  0.01026 -6.19242e-08
 19  0.01147  3.79379e-07 | 20  0.01286  1.08519e-05 | 21  0.01446  1.03128e-05
 22  0.01618  1.89914e-05 | 23  0.01805  3.81293e-05 | 24  0.02007  4.84597e-05
 25  0.02213  2.50364e-05 | 26  0.02403  2.47496e-05 | 27  0.02534  4.21223e-05
 28  0.02572  1.07569e-05 | 29  0.02484  9.64182e-05 | 30  0.02227  1.80320e-05
 31  0.01826  4.38692e-05 | 32  0.01391  8.12212e-05 | 33  0.01134  5.07883e-05
 34  0.01305  9.69828e-05 | 35  0.02091  8.40576e-05 | 36  0.03444  9.01661e-05
 37  0.04632  2.09764e-04 | 38  0.03952  1.30623e-04 | 39  0.01332  1.41117e-04
 40 -0.01338  1.21415e-04 | 41 -0.03007  1.38773e-04 | 42 -0.03072  1.59227e-04
 43 -0.00861  2.29663e-04 | 44  0.04419  3.46410e-04 | 45  0.04778  3.07130e-04
 46  0.02645  2.85881e-04 | 47  0.08540  6.09487e-04 | 48  0.02468  3.23445e-04
 49 -0.00268  2.69775e-04 | 50  0.10458  2.18383e-04 | 51 -0.00907  3.45863e-04
 52  0.13387  1.34871e-03 | 53 -0.01940  2.41342e-04 | 54 -0.02509  3.58397e-04
 55 -0.04770  2.00828e-04 | 56  0.09360  1.65877e-04 | 57 -0.01611  1.28892e-04
 58 -0.09024 -4.36559e-06 | 59 -0.17568 -1.03886e-04 | 60 -0.17165  8.75442e-05
 61  0.18823  1.36948e-04 | 62 -0.12281  1.23346e-04 | 63  0.03362  3.17585e-05
 64  0.00030  5.40626e-05 | 65  0.01958  1.20580e-04 | 66  0.01904  1.17501e-04
 67 -0.04673  6.63717e-05 | 68  0.00817 -7.80291e-05 | 69 -0.11579 -5.71183e-05
 70  0.01935  3.65714e-05 | 71 -0.11752 -7.60490e-05 | 72 -0.05606 -9.63025e-05
 73 -0.13106 -1.96649e-05 | 74 -0.11639  2.30594e-05 | 75 -0.08976  5.62378e-05
 76  0.27040  1.45662e-04 | 77 -0.13977  5.41232e-05 | 78  0.01977  1.90802e-05
 79 -0.05819  4.21460e-05 | 80  0.09320  6.00342e-05 | 81 -0.07042 -1.20593e-05
 82 -0.19333 -3.91748e-05 | 83 -0.24301 -1.19505e-04 | 84 -0.08334 -6.25788e-05
 85 -0.10785 -9.09823e-05 | 86  0.08037  2.67783e-05 | 87  0.14461 -1.20167e-04
 88 -0.01069 -1.18667e-05 | 89  0.04174  6.77527e-05 | 90  0.17874 -1.63668e-04
 91 -0.07128 -2.87726e-05 | 92  0.01906  5.79474e-05 | 93  0.05231  7.43602e-05
 94 -0.02296 -6.32788e-06 | 95 -0.16502 -6.04040e-05 | 96 -0.06194 -4.02681e-05
 97 -0.02587 -1.03922e-04 | 98  0.04960  5.52186e-05 | 99 -0.05723 -3.60644e-05
100  0.03311 -2.61732e-05 |101  0.10644  3.34509e-05 |102 -0.69705  1.13919e-05
103 -0.28560 -5.51899e-06 |104 -0.12248  2.78149e-06 |105  0.10946 -1.28854e-05
106 -0.14201  5.01115e-05 |107  0.06306  1.25338e-05 |108  0.00656  4.07413e-08
109 -0.03713  1.72897e-04 |110 -0.03761 -1.39973e-04 |111  0.18322 -1.05440e-04
112 -0.11000  2.31957e-04 |113  0.32131  1.99650e-04 |114 -0.02055 -1.69060e-04
115  0.17865 -1.91512e-05 |116 -0.09087 -8.39367e-05 |117 -0.14267 -2.39202e-07
118 -0.33015  1.38713e-05 |119 -0.08308 -1.90662e-05 |120 -0.06078 -2.74121e-05
121 -0.00786 -2.84042e-05 |122 -0.01036  2.44406e-05 |123 -0.13870 -9.12662e-06
124  0.04512 -1.88172e-05 |125  0.60292 -6.32843e-06 |126 -0.18570 -2.82567e-06
127 -0.08918 -1.26426e-05 |128 -0.06594 -1.33914e-05 |129  0.45686  3.05681e-05
130 -0.15642 -6.94489e-05 |131 -0.10540  2.29406e-04 |132 -0.33564 -4.70054e-05
  ic > imax  in fminim is answer attained ?
Var    Value     Gradient |Var    Value     Gradient |Var    Value     Gradient
  1 -0.23657 -3.09342e-03 |  2  0.02089 -1.81542e-04 |  3 -0.07269 -2.25208e-04
  4 -0.00913 -1.31295e-04 |  5 -0.41496 -3.00429e-05 |  6  0.03242 -4.86479e-04
  7  0.10625 -4.81339e-04 |  8 -0.13784 -1.43951e-04 |  9  0.19327 -9.04649e-05
 10 -0.14455 -6.30723e-05 | 11 -0.11819  2.54458e-03 | 12  0.00543  1.21335e-05
 13  0.00604  1.77777e-05 | 14  0.00671  7.38770e-06 | 15  0.00745  2.34012e-05
 16  0.00828 -6.07669e-06 | 17  0.00920  2.15577e-05 | 18  0.01026 -6.19242e-08
 19  0.01147  3.79379e-07 | 20  0.01286  1.08519e-05 | 21  0.01446  1.03128e-05
 22  0.01618  1.89914e-05 | 23  0.01805  3.81293e-05 | 24  0.02007  4.84597e-05
 25  0.02213  2.50364e-05 | 26  0.02403  2.47496e-05 | 27  0.02534  4.21223e-05
 28  0.02572  1.07569e-05 | 29  0.02484  9.64182e-05 | 30  0.02227  1.80320e-05
 31  0.01826  4.38692e-05 | 32  0.01391  8.12212e-05 | 33  0.01134  5.07883e-05
 34  0.01305  9.69828e-05 | 35  0.02091  8.40576e-05 | 36  0.03444  9.01661e-05
 37  0.04632  2.09764e-04 | 38  0.03952  1.30623e-04 | 39  0.01332  1.41117e-04
 40 -0.01338  1.21415e-04 | 41 -0.03007  1.38773e-04 | 42 -0.03072  1.59227e-04
 43 -0.00861  2.29663e-04 | 44  0.04419  3.46410e-04 | 45  0.04778  3.07130e-04
 46  0.02645  2.85881e-04 | 47  0.08540  6.09487e-04 | 48  0.02468  3.23445e-04
 49 -0.00268  2.69775e-04 | 50  0.10458  2.18383e-04 | 51 -0.00907  3.45863e-04
 52  0.13387  1.34871e-03 | 53 -0.01940  2.41342e-04 | 54 -0.02509  3.58397e-04
 55 -0.04770  2.00828e-04 | 56  0.09360  1.65877e-04 | 57 -0.01611  1.28892e-04
 58 -0.09024 -4.36559e-06 | 59 -0.17568 -1.03886e-04 | 60 -0.17165  8.75442e-05
 61  0.18823  1.36948e-04 | 62 -0.12281  1.23346e-04 | 63  0.03362  3.17585e-05
 64  0.00030  5.40626e-05 | 65  0.01958  1.20580e-04 | 66  0.01904  1.17501e-04
 67 -0.04673  6.63717e-05 | 68  0.00817 -7.80291e-05 | 69 -0.11579 -5.71183e-05
 70  0.01935  3.65714e-05 | 71 -0.11752 -7.60490e-05 | 72 -0.05606 -9.63025e-05
 73 -0.13106 -1.96649e-05 | 74 -0.11639  2.30594e-05 | 75 -0.08976  5.62378e-05
 76  0.27040  1.45662e-04 | 77 -0.13977  5.41232e-05 | 78  0.01977  1.90802e-05
 79 -0.05819  4.21460e-05 | 80  0.09320  6.00342e-05 | 81 -0.07042 -1.20593e-05
 82 -0.19333 -3.91748e-05 | 83 -0.24301 -1.19505e-04 | 84 -0.08334 -6.25788e-05
 85 -0.10785 -9.09823e-05 | 86  0.08037  2.67783e-05 | 87  0.14461 -1.20167e-04
 88 -0.01069 -1.18667e-05 | 89  0.04174  6.77527e-05 | 90  0.17874 -1.63668e-04
 91 -0.07128 -2.87726e-05 | 92  0.01906  5.79474e-05 | 93  0.05231  7.43602e-05
 94 -0.02296 -6.32788e-06 | 95 -0.16502 -6.04040e-05 | 96 -0.06194 -4.02681e-05
 97 -0.02587 -1.03922e-04 | 98  0.04960  5.52186e-05 | 99 -0.05723 -3.60644e-05
100  0.03311 -2.61732e-05 |101  0.10644  3.34509e-05 |102 -0.69705  1.13919e-05
103 -0.28560 -5.51899e-06 |104 -0.12248  2.78149e-06 |105  0.10946 -1.28854e-05
106 -0.14201  5.01115e-05 |107  0.06306  1.25338e-05 |108  0.00656  4.07413e-08
109 -0.03713  1.72897e-04 |110 -0.03761 -1.39973e-04 |111  0.18322 -1.05440e-04
112 -0.11000  2.31957e-04 |113  0.32131  1.99650e-04 |114 -0.02055 -1.69060e-04
115  0.17865 -1.91512e-05 |116 -0.09087 -8.39367e-05 |117 -0.14267 -2.39202e-07
118 -0.33015  1.38713e-05 |119 -0.08308 -1.90662e-05 |120 -0.06078 -2.74121e-05
121 -0.00786 -2.84042e-05 |122 -0.01036  2.44406e-05 |123 -0.13870 -9.12662e-06
124  0.04512 -1.88172e-05 |125  0.60292 -6.32843e-06 |126 -0.18570 -2.82567e-06
127 -0.08918 -1.26426e-05 |128 -0.06594 -1.33914e-05 |129  0.45686  3.05681e-05
130 -0.15642 -6.94489e-05 |131 -0.10540  2.29406e-04 |132 -0.33564 -4.70054e-05
Function minimizer not making progress ... is minimum attained?
Minimprove criterion = 0.0000e+00

 - final statistics:
132 variables; iteration 181; function evaluation 247
Function value 2.4255e+03; maximum gradient component mag -3.0934e-03
Exit code = 1;  converg criter 1.0000e-04
Var    Value     Gradient |Var    Value     Gradient |Var    Value     Gradient
  1 -0.23657 -3.09342e-03 |  2  0.02089 -1.81542e-04 |  3 -0.07269 -2.25208e-04
  4 -0.00913 -1.31295e-04 |  5 -0.41496 -3.00429e-05 |  6  0.03242 -4.86479e-04
  7  0.10625 -4.81339e-04 |  8 -0.13784 -1.43951e-04 |  9  0.19327 -9.04649e-05
 10 -0.14455 -6.30723e-05 | 11 -0.11819  2.54458e-03 | 12  0.00543  1.21335e-05
 13  0.00604  1.77777e-05 | 14  0.00671  7.38770e-06 | 15  0.00745  2.34012e-05
 16  0.00828 -6.07669e-06 | 17  0.00920  2.15577e-05 | 18  0.01026 -6.19242e-08
 19  0.01147  3.79379e-07 | 20  0.01286  1.08519e-05 | 21  0.01446  1.03128e-05
 22  0.01618  1.89914e-05 | 23  0.01805  3.81293e-05 | 24  0.02007  4.84597e-05
 25  0.02213  2.50364e-05 | 26  0.02403  2.47496e-05 | 27  0.02534  4.21223e-05
 28  0.02572  1.07569e-05 | 29  0.02484  9.64182e-05 | 30  0.02227  1.80320e-05
 31  0.01826  4.38692e-05 | 32  0.01391  8.12212e-05 | 33  0.01134  5.07883e-05
 34  0.01305  9.69828e-05 | 35  0.02091  8.40576e-05 | 36  0.03444  9.01661e-05
 37  0.04632  2.09764e-04 | 38  0.03952  1.30623e-04 | 39  0.01332  1.41117e-04
 40 -0.01338  1.21415e-04 | 41 -0.03007  1.38773e-04 | 42 -0.03072  1.59227e-04
 43 -0.00861  2.29663e-04 | 44  0.04419  3.46410e-04 | 45  0.04778  3.07130e-04
 46  0.02645  2.85881e-04 | 47  0.08540  6.09487e-04 | 48  0.02468  3.23445e-04
 49 -0.00268  2.69775e-04 | 50  0.10458  2.18383e-04 | 51 -0.00907  3.45863e-04
 52  0.13387  1.34871e-03 | 53 -0.01940  2.41342e-04 | 54 -0.02509  3.58397e-04
 55 -0.04770  2.00828e-04 | 56  0.09360  1.65877e-04 | 57 -0.01611  1.28892e-04
 58 -0.09024 -4.36559e-06 | 59 -0.17568 -1.03886e-04 | 60 -0.17165  8.75442e-05
 61  0.18823  1.36948e-04 | 62 -0.12281  1.23346e-04 | 63  0.03362  3.17585e-05
 64  0.00030  5.40626e-05 | 65  0.01958  1.20580e-04 | 66  0.01904  1.17501e-04
 67 -0.04673  6.63717e-05 | 68  0.00817 -7.80291e-05 | 69 -0.11579 -5.71183e-05
 70  0.01935  3.65714e-05 | 71 -0.11752 -7.60490e-05 | 72 -0.05606 -9.63025e-05
 73 -0.13106 -1.96649e-05 | 74 -0.11639  2.30594e-05 | 75 -0.08976  5.62378e-05
 76  0.27040  1.45662e-04 | 77 -0.13977  5.41232e-05 | 78  0.01977  1.90802e-05
 79 -0.05819  4.21460e-05 | 80  0.09320  6.00342e-05 | 81 -0.07042 -1.20593e-05
 82 -0.19333 -3.91748e-05 | 83 -0.24301 -1.19505e-04 | 84 -0.08334 -6.25788e-05
 85 -0.10785 -9.09823e-05 | 86  0.08037  2.67783e-05 | 87  0.14461 -1.20167e-04
 88 -0.01069 -1.18667e-05 | 89  0.04174  6.77527e-05 | 90  0.17874 -1.63668e-04
 91 -0.07128 -2.87726e-05 | 92  0.01906  5.79474e-05 | 93  0.05231  7.43602e-05
 94 -0.02296 -6.32788e-06 | 95 -0.16502 -6.04040e-05 | 96 -0.06194 -4.02681e-05
 97 -0.02587 -1.03922e-04 | 98  0.04960  5.52186e-05 | 99 -0.05723 -3.60644e-05
100  0.03311 -2.61732e-05 |101  0.10644  3.34509e-05 |102 -0.69705  1.13919e-05
103 -0.28560 -5.51899e-06 |104 -0.12248  2.78149e-06 |105  0.10946 -1.28854e-05
106 -0.14201  5.01115e-05 |107  0.06306  1.25338e-05 |108  0.00656  4.07413e-08
109 -0.03713  1.72897e-04 |110 -0.03761 -1.39973e-04 |111  0.18322 -1.05440e-04
112 -0.11000  2.31957e-04 |113  0.32131  1.99650e-04 |114 -0.02055 -1.69060e-04
115  0.17865 -1.91512e-05 |116 -0.09087 -8.39367e-05 |117 -0.14267 -2.39202e-07
118 -0.33015  1.38713e-05 |119 -0.08308 -1.90662e-05 |120 -0.06078 -2.74121e-05
121 -0.00786 -2.84042e-05 |122 -0.01036  2.44406e-05 |123 -0.13870 -9.12662e-06
124  0.04512 -1.88172e-05 |125  0.60292 -6.32843e-06 |126 -0.18570 -2.82567e-06
127 -0.08918 -1.26426e-05 |128 -0.06594 -1.33914e-05 |129  0.45686  3.05681e-05
130 -0.15642 -6.94489e-05 |131 -0.10540  2.29406e-04 |132 -0.33564 -4.70054e-05

Initial statistics: 144 variables; iteration 0; function evaluation 0; phase 5
Function value 2.4255261e+03; maximum gradient component mag -3.0934e-03
Var    Value     Gradient |Var    Value     Gradient |Var    Value     Gradient
  1 -0.23657 -3.09342e-03 |  2  0.02089 -1.81542e-04 |  3 -0.07269 -2.25208e-04
  4 -0.00913 -1.31295e-04 |  5 -0.41496 -3.00429e-05 |  6  0.03242 -4.86479e-04
  7  0.10625 -4.81339e-04 |  8 -0.13784 -1.43951e-04 |  9  0.19327 -9.04649e-05
 10 -0.14455 -6.30723e-05 | 11 -0.11819  2.54458e-03 | 12  0.00543  1.21335e-05
 13  0.00604  1.77777e-05 | 14  0.00671  7.38770e-06 | 15  0.00745  2.34012e-05
 16  0.00828 -6.07669e-06 | 17  0.00920  2.15577e-05 | 18  0.01026 -6.19242e-08
 19  0.01147  3.79380e-07 | 20  0.01286  1.08519e-05 | 21  0.01446  1.03128e-05
 22  0.01618  1.89914e-05 | 23  0.01805  3.81293e-05 | 24  0.02007  4.84597e-05
 25  0.02213  2.50364e-05 | 26  0.02403  2.47496e-05 | 27  0.02534  4.21223e-05
 28  0.02572  1.07569e-05 | 29  0.02484  9.64182e-05 | 30  0.02227  1.80320e-05
 31  0.01826  4.38692e-05 | 32  0.01391  8.12212e-05 | 33  0.01134  5.07883e-05
 34  0.01305  9.69828e-05 | 35  0.02091  8.40576e-05 | 36  0.03444  9.01661e-05
 37  0.04632  2.09764e-04 | 38  0.03952  1.30623e-04 | 39  0.01332  1.41117e-04
 40 -0.01338  1.21415e-04 | 41 -0.03007  1.38773e-04 | 42 -0.03072  1.59227e-04
 43 -0.00861  2.29663e-04 | 44  0.04419  3.46410e-04 | 45  0.04778  3.07130e-04
 46  0.02645  2.85881e-04 | 47  0.08540  6.09487e-04 | 48  0.02468  3.23445e-04
 49 -0.00268  2.69775e-04 | 50  0.10458  2.18383e-04 | 51 -0.00907  3.45863e-04
 52  0.13387  1.34871e-03 | 53 -0.01940  2.41342e-04 | 54 -0.02509  3.58397e-04
 55 -0.04770  2.00828e-04 | 56  0.09360  1.65877e-04 | 57 -0.01611  1.28892e-04
 58 -0.09024 -4.36559e-06 | 59 -0.17568 -1.03886e-04 | 60 -0.17165  8.75442e-05
 61  0.18823  1.36948e-04 | 62 -0.12281  1.23346e-04 | 63  0.03362  3.17585e-05
 64  0.00030  5.40626e-05 | 65  0.01958  1.20580e-04 | 66  0.01904  1.17501e-04
 67 -0.04673  6.63717e-05 | 68  0.00817 -7.80291e-05 | 69 -0.11579 -5.71183e-05
 70  0.01935  3.65714e-05 | 71 -0.11752 -7.60490e-05 | 72 -0.05606 -9.63025e-05
 73 -0.13106 -1.96649e-05 | 74 -0.11639  2.30594e-05 | 75 -0.08976  5.62378e-05
 76  0.27040  1.45662e-04 | 77 -0.13977  5.41232e-05 | 78  0.01977  1.90802e-05
 79 -0.05819  4.21460e-05 | 80  0.09320  6.00342e-05 | 81 -0.07042 -1.20593e-05
 82 -0.19333 -3.91748e-05 | 83 -0.24301 -1.19505e-04 | 84 -0.08334 -6.25788e-05
 85 -0.10785 -9.09823e-05 | 86  0.08037  2.67783e-05 | 87  0.14461 -1.20167e-04
 88 -0.01069 -1.18667e-05 | 89  0.04174  6.77527e-05 | 90  0.17874 -1.63668e-04
 91 -0.07128 -2.87726e-05 | 92  0.01906  5.79474e-05 | 93  0.05231  7.43602e-05
 94 -0.02296 -6.32788e-06 | 95 -0.16502 -6.04040e-05 | 96 -0.06194 -4.02681e-05
 97 -0.02587 -1.03922e-04 | 98  0.04960  5.52186e-05 | 99 -0.05723 -3.60644e-05
100  0.03311 -2.61732e-05 |101  0.10644  3.34509e-05 |102  0.00000  0.00000e+00
103  0.00000  0.00000e+00 |104  0.00000  0.00000e+00 |105  0.00000  0.00000e+00
106  0.00000  0.00000e+00 |107  0.00000  0.00000e+00 |108  0.00000  0.00000e+00
109  0.00000  0.00000e+00 |110  0.00000  0.00000e+00 |111  0.00000  0.00000e+00
112  0.00000  0.00000e+00 |113  0.00000  0.00000e+00 |114 -0.69705  1.13919e-05
115 -0.28560 -5.51899e-06 |116 -0.12248  2.78149e-06 |117  0.10946 -1.28854e-05
118 -0.14201  5.01115e-05 |119  0.06306  1.25338e-05 |120  0.00656  4.07412e-08
121 -0.03713  1.72897e-04 |122 -0.03761 -1.39973e-04 |123  0.18322 -1.05440e-04
124 -0.11000  2.31957e-04 |125  0.32131  1.99650e-04 |126 -0.02055 -1.69060e-04
127  0.17865 -1.91512e-05 |128 -0.09087 -8.39367e-05 |129 -0.14267 -2.39203e-07
130 -0.33015  1.38713e-05 |131 -0.08308 -1.90662e-05 |132 -0.06078 -2.74121e-05
133 -0.00786 -2.84042e-05 |134 -0.01036  2.44406e-05 |135 -0.13870 -9.12662e-06
136  0.04512 -1.88172e-05 |137  0.60292 -6.32843e-06 |138 -0.18570 -2.82567e-06
139 -0.08918 -1.26426e-05 |140 -0.06594 -1.33914e-05 |141  0.45686  3.05681e-05
142 -0.15642 -6.94489e-05 |143 -0.10540  2.29406e-04 |144 -0.33564 -4.70054e-05
  ic > imax  in fminim is answer attained ?
Var    Value     Gradient |Var    Value     Gradient |Var    Value     Gradient
  1 -0.23657 -3.09342e-03 |  2  0.02089 -1.81542e-04 |  3 -0.07269 -2.25208e-04
  4 -0.00913 -1.31295e-04 |  5 -0.41496 -3.00429e-05 |  6  0.03242 -4.86479e-04
  7  0.10625 -4.81339e-04 |  8 -0.13784 -1.43951e-04 |  9  0.19327 -9.04649e-05
 10 -0.14455 -6.30723e-05 | 11 -0.11819  2.54458e-03 | 12  0.00543  1.21335e-05
 13  0.00604  1.77777e-05 | 14  0.00671  7.38770e-06 | 15  0.00745  2.34012e-05
 16  0.00828 -6.07669e-06 | 17  0.00920  2.15577e-05 | 18  0.01026 -6.19242e-08
 19  0.01147  3.79380e-07 | 20  0.01286  1.08519e-05 | 21  0.01446  1.03128e-05
 22  0.01618  1.89914e-05 | 23  0.01805  3.81293e-05 | 24  0.02007  4.84597e-05
 25  0.02213  2.50364e-05 | 26  0.02403  2.47496e-05 | 27  0.02534  4.21223e-05
 28  0.02572  1.07569e-05 | 29  0.02484  9.64182e-05 | 30  0.02227  1.80320e-05
 31  0.01826  4.38692e-05 | 32  0.01391  8.12212e-05 | 33  0.01134  5.07883e-05
 34  0.01305  9.69828e-05 | 35  0.02091  8.40576e-05 | 36  0.03444  9.01661e-05
 37  0.04632  2.09764e-04 | 38  0.03952  1.30623e-04 | 39  0.01332  1.41117e-04
 40 -0.01338  1.21415e-04 | 41 -0.03007  1.38773e-04 | 42 -0.03072  1.59227e-04
 43 -0.00861  2.29663e-04 | 44  0.04419  3.46410e-04 | 45  0.04778  3.07130e-04
 46  0.02645  2.85881e-04 | 47  0.08540  6.09487e-04 | 48  0.02468  3.23445e-04
 49 -0.00268  2.69775e-04 | 50  0.10458  2.18383e-04 | 51 -0.00907  3.45863e-04
 52  0.13387  1.34871e-03 | 53 -0.01940  2.41342e-04 | 54 -0.02509  3.58397e-04
 55 -0.04770  2.00828e-04 | 56  0.09360  1.65877e-04 | 57 -0.01611  1.28892e-04
 58 -0.09024 -4.36559e-06 | 59 -0.17568 -1.03886e-04 | 60 -0.17165  8.75442e-05
 61  0.18823  1.36948e-04 | 62 -0.12281  1.23346e-04 | 63  0.03362  3.17585e-05
 64  0.00030  5.40626e-05 | 65  0.01958  1.20580e-04 | 66  0.01904  1.17501e-04
 67 -0.04673  6.63717e-05 | 68  0.00817 -7.80291e-05 | 69 -0.11579 -5.71183e-05
 70  0.01935  3.65714e-05 | 71 -0.11752 -7.60490e-05 | 72 -0.05606 -9.63025e-05
 73 -0.13106 -1.96649e-05 | 74 -0.11639  2.30594e-05 | 75 -0.08976  5.62378e-05
 76  0.27040  1.45662e-04 | 77 -0.13977  5.41232e-05 | 78  0.01977  1.90802e-05
 79 -0.05819  4.21460e-05 | 80  0.09320  6.00342e-05 | 81 -0.07042 -1.20593e-05
 82 -0.19333 -3.91748e-05 | 83 -0.24301 -1.19505e-04 | 84 -0.08334 -6.25788e-05
 85 -0.10785 -9.09823e-05 | 86  0.08037  2.67783e-05 | 87  0.14461 -1.20167e-04
 88 -0.01069 -1.18667e-05 | 89  0.04174  6.77527e-05 | 90  0.17874 -1.63668e-04
 91 -0.07128 -2.87726e-05 | 92  0.01906  5.79474e-05 | 93  0.05231  7.43602e-05
 94 -0.02296 -6.32788e-06 | 95 -0.16502 -6.04040e-05 | 96 -0.06194 -4.02681e-05
 97 -0.02587 -1.03922e-04 | 98  0.04960  5.52186e-05 | 99 -0.05723 -3.60644e-05
100  0.03311 -2.61732e-05 |101  0.10644  3.34509e-05 |102  0.00000  0.00000e+00
103  0.00000  0.00000e+00 |104  0.00000  0.00000e+00 |105  0.00000  0.00000e+00
106  0.00000  0.00000e+00 |107  0.00000  0.00000e+00 |108  0.00000  0.00000e+00
109  0.00000  0.00000e+00 |110  0.00000  0.00000e+00 |111  0.00000  0.00000e+00
112  0.00000  0.00000e+00 |113  0.00000  0.00000e+00 |114 -0.69705  1.13919e-05
115 -0.28560 -5.51899e-06 |116 -0.12248  2.78149e-06 |117  0.10946 -1.28854e-05
118 -0.14201  5.01115e-05 |119  0.06306  1.25338e-05 |120  0.00656  4.07412e-08
121 -0.03713  1.72897e-04 |122 -0.03761 -1.39973e-04 |123  0.18322 -1.05440e-04
124 -0.11000  2.31957e-04 |125  0.32131  1.99650e-04 |126 -0.02055 -1.69060e-04
127  0.17865 -1.91512e-05 |128 -0.09087 -8.39367e-05 |129 -0.14267 -2.39203e-07
130 -0.33015  1.38713e-05 |131 -0.08308 -1.90662e-05 |132 -0.06078 -2.74121e-05
133 -0.00786 -2.84042e-05 |134 -0.01036  2.44406e-05 |135 -0.13870 -9.12662e-06
136  0.04512 -1.88172e-05 |137  0.60292 -6.32843e-06 |138 -0.18570 -2.82567e-06
139 -0.08918 -1.26426e-05 |140 -0.06594 -1.33914e-05 |141  0.45686  3.05681e-05
142 -0.15642 -6.94489e-05 |143 -0.10540  2.29406e-04 |144 -0.33564 -4.70054e-05
Function minimizer not making progress ... is minimum attained?
Minimprove criterion = 0.0000e+00

 - final statistics:
144 variables; iteration 1; function evaluation 30
Function value 2.4255e+03; maximum gradient component mag -3.0934e-03
Exit code = 1;  converg criter 1.0000e-04
Var    Value     Gradient |Var    Value     Gradient |Var    Value     Gradient
  1 -0.23657 -3.09342e-03 |  2  0.02089 -1.81542e-04 |  3 -0.07269 -2.25208e-04
  4 -0.00913 -1.31295e-04 |  5 -0.41496 -3.00429e-05 |  6  0.03242 -4.86479e-04
  7  0.10625 -4.81339e-04 |  8 -0.13784 -1.43951e-04 |  9  0.19327 -9.04649e-05
 10 -0.14455 -6.30723e-05 | 11 -0.11819  2.54458e-03 | 12  0.00543  1.21335e-05
 13  0.00604  1.77777e-05 | 14  0.00671  7.38770e-06 | 15  0.00745  2.34012e-05
 16  0.00828 -6.07669e-06 | 17  0.00920  2.15577e-05 | 18  0.01026 -6.19242e-08
 19  0.01147  3.79380e-07 | 20  0.01286  1.08519e-05 | 21  0.01446  1.03128e-05
 22  0.01618  1.89914e-05 | 23  0.01805  3.81293e-05 | 24  0.02007  4.84597e-05
 25  0.02213  2.50364e-05 | 26  0.02403  2.47496e-05 | 27  0.02534  4.21223e-05
 28  0.02572  1.07569e-05 | 29  0.02484  9.64182e-05 | 30  0.02227  1.80320e-05
 31  0.01826  4.38692e-05 | 32  0.01391  8.12212e-05 | 33  0.01134  5.07883e-05
 34  0.01305  9.69828e-05 | 35  0.02091  8.40576e-05 | 36  0.03444  9.01661e-05
 37  0.04632  2.09764e-04 | 38  0.03952  1.30623e-04 | 39  0.01332  1.41117e-04
 40 -0.01338  1.21415e-04 | 41 -0.03007  1.38773e-04 | 42 -0.03072  1.59227e-04
 43 -0.00861  2.29663e-04 | 44  0.04419  3.46410e-04 | 45  0.04778  3.07130e-04
 46  0.02645  2.85881e-04 | 47  0.08540  6.09487e-04 | 48  0.02468  3.23445e-04
 49 -0.00268  2.69775e-04 | 50  0.10458  2.18383e-04 | 51 -0.00907  3.45863e-04
 52  0.13387  1.34871e-03 | 53 -0.01940  2.41342e-04 | 54 -0.02509  3.58397e-04
 55 -0.04770  2.00828e-04 | 56  0.09360  1.65877e-04 | 57 -0.01611  1.28892e-04
 58 -0.09024 -4.36559e-06 | 59 -0.17568 -1.03886e-04 | 60 -0.17165  8.75442e-05
 61  0.18823  1.36948e-04 | 62 -0.12281  1.23346e-04 | 63  0.03362  3.17585e-05
 64  0.00030  5.40626e-05 | 65  0.01958  1.20580e-04 | 66  0.01904  1.17501e-04
 67 -0.04673  6.63717e-05 | 68  0.00817 -7.80291e-05 | 69 -0.11579 -5.71183e-05
 70  0.01935  3.65714e-05 | 71 -0.11752 -7.60490e-05 | 72 -0.05606 -9.63025e-05
 73 -0.13106 -1.96649e-05 | 74 -0.11639  2.30594e-05 | 75 -0.08976  5.62378e-05
 76  0.27040  1.45662e-04 | 77 -0.13977  5.41232e-05 | 78  0.01977  1.90802e-05
 79 -0.05819  4.21460e-05 | 80  0.09320  6.00342e-05 | 81 -0.07042 -1.20593e-05
 82 -0.19333 -3.91748e-05 | 83 -0.24301 -1.19505e-04 | 84 -0.08334 -6.25788e-05
 85 -0.10785 -9.09823e-05 | 86  0.08037  2.67783e-05 | 87  0.14461 -1.20167e-04
 88 -0.01069 -1.18667e-05 | 89  0.04174  6.77527e-05 | 90  0.17874 -1.63668e-04
 91 -0.07128 -2.87726e-05 | 92  0.01906  5.79474e-05 | 93  0.05231  7.43602e-05
 94 -0.02296 -6.32788e-06 | 95 -0.16502 -6.04040e-05 | 96 -0.06194 -4.02681e-05
 97 -0.02587 -1.03922e-04 | 98  0.04960  5.52186e-05 | 99 -0.05723 -3.60644e-05
100  0.03311 -2.61732e-05 |101  0.10644  3.34509e-05 |102  0.00000  0.00000e+00
103  0.00000  0.00000e+00 |104  0.00000  0.00000e+00 |105  0.00000  0.00000e+00
106  0.00000  0.00000e+00 |107  0.00000  0.00000e+00 |108  0.00000  0.00000e+00
109  0.00000  0.00000e+00 |110  0.00000  0.00000e+00 |111  0.00000  0.00000e+00
112  0.00000  0.00000e+00 |113  0.00000  0.00000e+00 |114 -0.69705  1.13919e-05
115 -0.28560 -5.51899e-06 |116 -0.12248  2.78149e-06 |117  0.10946 -1.28854e-05
118 -0.14201  5.01115e-05 |119  0.06306  1.25338e-05 |120  0.00656  4.07412e-08
121 -0.03713  1.72897e-04 |122 -0.03761 -1.39973e-04 |123  0.18322 -1.05440e-04
124 -0.11000  2.31957e-04 |125  0.32131  1.99650e-04 |126 -0.02055 -1.69060e-04
127  0.17865 -1.91512e-05 |128 -0.09087 -8.39367e-05 |129 -0.14267 -2.39203e-07
130 -0.33015  1.38713e-05 |131 -0.08308 -1.90662e-05 |132 -0.06078 -2.74121e-05
133 -0.00786 -2.84042e-05 |134 -0.01036  2.44406e-05 |135 -0.13870 -9.12662e-06
136  0.04512 -1.88172e-05 |137  0.60292 -6.32843e-06 |138 -0.18570 -2.82567e-06
139 -0.08918 -1.26426e-05 |140 -0.06594 -1.33914e-05 |141  0.45686  3.05681e-05
142 -0.15642 -6.94489e-05 |143 -0.10540  2.29406e-04 |144 -0.33564 -4.70054e-05
size of file gradfil1.tmp = 0
size of file gradfil2.tmp = 0
size of file varssave.tmp = 0
size of file cmpdiff.tmp = 200000008
