
Initial statistics: 2 variables; iteration 0; function evaluation 0; phase 1
Function value 3.7148709e+03; maximum gradient component mag 5.8112e+01
Var    Value     Gradient |Var    Value     Gradient |Var    Value     Gradient
  1  0.40967  5.81123e+01 |  2 -0.26198 -9.08748e+00 |

 - final statistics:
2 variables; iteration 4; function evaluation 17
Function value 3.6850e+03; maximum gradient component mag -1.3356e+00
Exit code = 1;  converg criter 1.0000e+01
Var    Value     Gradient |Var    Value     Gradient |Var    Value     Gradient
  1  0.06334 -1.13338e+00 |  2 -0.23636 -1.33561e+00 |

Initial statistics: 11 variables; iteration 0; function evaluation 0; phase 2
Function value 3.6850472e+03; maximum gradient component mag -8.6581e+02
Var    Value     Gradient |Var    Value     Gradient |Var    Value     Gradient
  1 -0.22556 -2.98073e+02 |  2  0.00000 -3.82830e+02 |  3 -0.12819 -3.59977e+02
  4  0.03352  9.09270e+01 |  5 -0.28197  1.29393e+02 |  6  0.00000 -1.68984e+02
  7  0.11199 -8.65815e+02 |  8 -0.16086 -2.26877e+02 |  9  0.00000 -3.52035e+01
 10  0.06334 -1.13338e+00 | 11 -0.23636 -1.33561e+00 |

Intermediate statistics: 11 variables; iteration 20; function evaluation 33; phase 2
Function value 3.6226507e+03; maximum gradient component mag -2.6115e+01
Var    Value     Gradient |Var    Value     Gradient |Var    Value     Gradient
  1 -0.11858  7.94747e+00 |  2  0.05557 -1.08568e+01 |  3 -0.08243 -1.21342e+01
  4 -0.03299 -2.58719e+00 |  5 -0.45375  5.79227e-01 |  6 -0.00784  2.15225e-01
  7  0.13212 -2.61149e+01 |  8 -0.23026 -9.54363e+00 |  9  0.20769  1.40143e+00
 10  0.62906 -3.64141e+00 | 11 -0.17532  4.04761e-02 |

 - final statistics:
11 variables; iteration 23; function evaluation 36
Function value 3.6221e+03; maximum gradient component mag 5.8299e+00
Exit code = 1;  converg criter 1.0000e+01
Var    Value     Gradient |Var    Value     Gradient |Var    Value     Gradient
  1 -0.11293  5.82987e+00 |  2  0.05539 -1.82135e+00 |  3 -0.08098 -1.84989e+00
  4 -0.03127 -1.37847e+00 |  5 -0.45476 -1.40608e+00 |  6 -0.01089  3.29483e-03
  7  0.13191 -4.65351e+00 |  8 -0.22413 -2.21804e+00 |  9  0.19973 -2.12750e+00
 10  0.92162 -5.02014e-01 | 11 -0.17267  4.91560e-02 |

Initial statistics: 37 variables; iteration 0; function evaluation 0; phase 3
Function value 3.6221223e+03; maximum gradient component mag 1.4751e+03
Var    Value     Gradient |Var    Value     Gradient |Var    Value     Gradient
  1 -0.11293  5.82987e+00 |  2  0.05539 -1.82135e+00 |  3 -0.08098 -1.84989e+00
  4 -0.03127 -1.37847e+00 |  5 -0.45476 -1.40608e+00 |  6 -0.01089  3.29483e-03
  7  0.13191 -4.65351e+00 |  8 -0.22413 -2.21804e+00 |  9  0.19973 -2.12750e+00
 10  0.92162 -5.02014e-01 | 11 -0.17267  4.91560e-02 | 12 -0.11760 -3.82631e+02
 13 -0.33425  1.73759e+02 | 14 -0.10028  8.46935e+02 | 15  0.25350  4.21417e+02
 16 -0.21710 -7.32358e+02 | 17 -0.11760 -6.19578e+01 | 18 -0.33425  2.66518e+01
 19 -0.11760 -3.50810e+02 | 20 -0.33425  1.51586e+02 | 21 -0.11760 -1.12133e+02
 22 -0.33425 -7.87579e+00 | 23  0.02302  1.47512e+03 | 24 -0.31415 -1.06448e+03
 25  0.53959  1.12389e+01 | 26 -0.62714  4.74712e-04 | 27  0.00000  5.69289e+02
 28 -0.21635 -3.51500e+02 | 29  0.16024  7.05103e+01 | 30 -0.12294 -5.58966e+01
 31 -0.16953  3.43283e+01 | 32 -0.10028 -1.13646e+02 | 33 -0.34608  9.63430e+01
 34 -0.03900  2.67351e+02 | 35 -0.33425 -1.38002e+02 | 36  0.02302 -5.33209e+01
 37 -0.16953  5.85974e+01 |

Intermediate statistics: 37 variables; iteration 20; function evaluation 30; phase 3
Function value 3.1922719e+03; maximum gradient component mag 2.9583e+02
Var    Value     Gradient |Var    Value     Gradient |Var    Value     Gradient
  1 -0.01257  1.16607e+02 |  2 -0.03830 -1.28876e+02 |  3 -0.04647 -1.07742e+02
  4 -0.08665 -1.05830e+02 |  5 -0.33087 -2.00914e+01 |  6 -0.14827 -5.50336e+01
  7  0.11431 -9.06691e+01 |  8 -0.09330  4.61970e+00 |  9  0.01142 -2.94013e+01
 10  0.88930  1.12957e+00 | 11 -0.17455  6.88004e-02 | 12  0.12939 -1.22589e+02
 13 -0.18373  1.75598e+02 | 14 -0.25486  2.63730e+00 | 15  0.35538  1.75020e+01
 16 -0.13648 -6.34440e-01 | 17  0.14638 -2.67133e+01 | 18 -0.20463  2.69814e+01
 19  0.41626 -6.39971e+01 | 20 -0.11395  2.95832e+02 | 21  0.36093 -7.09640e+01
 22 -0.06193  2.94812e+02 | 23 -0.29593 -1.01462e+02 | 24 -0.65029  4.80227e+00
 25  0.46636 -1.20685e+01 | 26 -0.62707 -7.81295e-03 | 27  0.04082 -7.10841e+00
 28  0.05516  1.15074e+01 | 29 -0.19999 -3.70965e+00 | 30  0.54046  1.11632e+01
 31 -0.13936 -2.58446e+01 | 32  0.45924 -4.04931e+01 | 33 -0.21394  2.10234e+02
 34 -0.00376 -1.40455e+02 | 35 -0.28335  9.67695e+01 | 36  0.02060 -4.13053e+01
 37 -0.21414  2.64828e+01 |
37 variables; iteration 40; function evaluation 61; phase 3
Function value 3.1594334e+03; maximum gradient component mag 2.9446e+02
Var    Value     Gradient |Var    Value     Gradient |Var    Value     Gradient
  1 -0.06998  2.94463e+02 |  2 -0.01232 -2.27054e+00 |  3 -0.04682  3.25641e+01
  4 -0.05462  1.74453e+01 |  5 -0.36397 -6.71301e+00 |  6 -0.09662  2.02243e+01
  7  0.11255  3.51169e+01 |  8 -0.11045  2.42911e+01 |  9  0.01817  1.32553e+01
 10  0.20404 -5.14002e+01 | 11 -0.21842 -1.29381e+00 | 12  0.11796 -1.01671e+02
 13 -0.20677  9.83231e+01 | 14 -0.24475  3.01316e+01 | 15  0.28124 -2.25174e+01
 16 -0.15950  2.60639e+01 | 17  0.18200 -6.27129e+00 | 18 -0.19232  5.83893e+00
 19  0.33784 -1.84357e+01 | 20 -0.17041  5.21067e+01 | 21  0.29824 -5.79485e+01
 22 -0.09057  1.30232e+02 | 23 -0.24676  1.12154e+01 | 24 -0.56375 -1.79438e+01
 25  0.49260  2.97797e-01 | 26 -0.61650 -4.57446e-03 | 27  0.00470  6.79461e+00
 28  0.01274  1.61860e+00 | 29 -0.11067  5.45970e+00 | 30  0.41756 -6.34814e+00
 31 -0.17869  5.04724e+00 | 32  0.29289 -4.79106e+01 | 33 -0.29436  7.41113e+01
 34 -0.00928 -1.51332e+02 | 35 -0.29501  7.68697e+01 | 36  0.04933 -3.20034e+01
 37 -0.18965  2.57735e+01 |
37 variables; iteration 60; function evaluation 83; phase 3
Function value 3.1363088e+03; maximum gradient component mag 5.2622e+00
Var    Value     Gradient |Var    Value     Gradient |Var    Value     Gradient
  1 -0.17857  4.71853e+00 |  2 -0.01524  3.83031e-01 |  3 -0.05965  1.36587e+00
  4 -0.06090 -1.48259e-02 |  5 -0.35080  3.86381e-01 |  6 -0.05301  8.47734e-01
  7  0.10809 -2.82235e+00 |  8 -0.07803  8.06798e-01 |  9 -0.00340 -1.14410e-01
 10  0.01706 -3.97304e+00 | 11 -0.25254 -3.96275e-02 | 12  0.23351 -4.50146e+00
 13 -0.15943  4.48141e+00 | 14 -0.25996  3.47793e+00 | 15  0.29555 -2.25694e+00
 16 -0.15051  2.87836e+00 | 17  0.18566 -3.66926e-02 | 18 -0.18589 -4.69778e-01
 19  0.35372  7.70065e-01 | 20 -0.17579 -3.93215e+00 | 21  0.39917  1.00130e+00
 22 -0.06999 -5.99908e-02 | 23 -0.18322 -2.41625e+00 | 24 -0.36280  1.59309e+00
 25  0.30142  2.78277e+00 | 26 -0.11601 -7.84403e-02 | 27 -0.00837 -4.42984e-01
 28  0.00807 -5.96441e-01 | 29 -0.11663 -5.67559e-01 | 30  0.45532  7.05121e-01
 31 -0.16070 -3.58617e-01 | 32  0.45242 -2.27940e+00 | 33 -0.26541  8.93029e-01
 34  0.08092  1.18995e+00 | 35 -0.21548  5.26216e+00 | 36  0.05789 -3.19474e-01
 37 -0.18510  5.04078e-01 |
Maximum number of function evaluations exceeded

 - final statistics:
37 variables; iteration 72; function evaluation 100
Function value 3.1333e+03; maximum gradient component mag -2.3401e+01
Exit code = 3;  converg criter 1.0000e+00
Var    Value     Gradient |Var    Value     Gradient |Var    Value     Gradient
  1 -0.17787  9.99366e+00 |  2 -0.02520 -1.13608e+00 |  3 -0.05108  7.96653e-01
  4 -0.06383 -1.54830e+00 |  5 -0.34970 -1.89931e-01 |  6 -0.06396  1.08388e+00
  7  0.11164 -4.62239e+00 |  8 -0.08509  8.14408e-01 |  9 -0.00143 -5.64921e-01
 10  0.01499 -2.93192e+00 | 11 -0.25318 -6.12947e-02 | 12  0.26090  7.19082e+00
 13 -0.14885 -4.34814e+00 | 14 -0.26637 -6.93781e+00 | 15  0.30206 -4.91226e-01
 16 -0.14916 -4.29872e-01 | 17  0.19572 -1.35441e-01 | 18 -0.18014  1.72100e-01
 19  0.36565  4.10775e+00 | 20 -0.17224 -6.76901e+00 | 21  0.40848  1.49755e-01
 22 -0.06846  1.13495e+00 | 23 -0.12919 -2.32198e-01 | 24 -0.29653  3.83294e+00
 25 -0.20949 -4.04199e-02 | 26 -0.02035 -4.89235e+00 | 27 -0.01426 -4.60750e+00
 28  0.00679  2.32025e+00 | 29 -0.10603 -4.79792e-01 | 30  0.44097 -1.04883e+00
 31 -0.16873  6.01748e-01 | 32  0.58615 -3.48024e-01 | 33 -0.24168 -1.16594e+00
 34  0.06779 -2.34011e+01 | 35 -0.22503  1.68570e+01 | 36  0.05083 -6.27206e-01
 37 -0.19224 -6.07064e-01 |

Initial statistics: 94 variables; iteration 0; function evaluation 0; phase 4
Function value 3.1333361e+03; maximum gradient component mag -5.7787e+02
Var    Value     Gradient |Var    Value     Gradient |Var    Value     Gradient
  1 -0.17787  9.99366e+00 |  2 -0.02520 -1.13608e+00 |  3 -0.05108  7.96653e-01
  4 -0.06383 -1.54830e+00 |  5 -0.34970 -1.89931e-01 |  6 -0.06396  1.08388e+00
  7  0.11164 -4.62239e+00 |  8 -0.08509  8.14408e-01 |  9 -0.00143 -5.64921e-01
 10  0.01499 -2.93192e+00 | 11  0.00000 -1.33117e+01 | 12  0.00000 -1.97458e+01
 13  0.00000 -2.41822e+01 | 14  0.00000 -1.84061e+01 | 15  0.00000 -1.24493e+01
 16  0.00000 -2.32825e+01 | 17  0.00000 -4.31996e+01 | 18  0.00000 -5.73659e+01
 19  0.00000  1.28973e+01 | 20  0.00000  8.42404e+01 | 21  0.00000  5.35040e+01
 22  0.00000 -4.23943e+01 | 23  0.00000  6.75625e+01 | 24  0.00000  1.61349e+02
 25  0.00000  1.60596e+02 | 26  0.00000 -6.64454e+01 | 27  0.00000 -3.63936e+02
 28  0.00000 -2.89320e+01 | 29  0.00000  2.92714e+01 | 30  0.00000  3.01577e+01
 31  0.00000 -4.96994e+00 | 32  0.00000 -2.46785e+00 | 33  0.00000  4.74979e+01
 34  0.00000  5.16706e+01 | 35  0.00000  7.43510e+01 | 36  0.00000  1.69542e+01
 37  0.00000  8.98402e+01 | 38  0.00000  9.65532e+01 | 39  0.00000  1.49074e+02
 40  0.00000  1.36791e+02 | 41  0.00000 -1.67258e+02 | 42  0.00000 -5.77873e+02
 43  0.00000 -8.61059e+01 | 44  0.00000  4.95377e+01 | 45  0.00000  9.31676e+01
 46  0.00000 -4.48546e+01 | 47  0.00000  1.30541e+02 | 48  0.00000  2.02445e+02
 49  0.00000  2.12647e+02 | 50  0.00000  1.19424e+02 | 51  0.00000  9.43278e+01
 52  0.00000 -1.10712e+02 | 53  0.00000 -1.87622e+02 | 54  0.00000 -2.77875e+01
 55  0.00000 -1.36114e+02 | 56  0.00000 -2.28996e+02 | 57  0.00000 -4.12133e+01
 58  0.00000 -8.18132e+01 | 59  0.00000  2.34012e+01 | 60  0.00000  5.02713e+01
 61  0.00000  1.02437e+02 | 62  0.00000  8.09040e+01 | 63  0.00000  2.44130e+01
 64  0.00000 -3.27591e+01 | 65  0.00000  2.93791e+01 | 66  0.00000 -9.91506e+00
 67  0.00000 -2.10952e+01 | 68 -0.25318 -6.12947e-02 | 69  0.26090  7.19082e+00
 70 -0.14885 -4.34814e+00 | 71 -0.26637 -6.93781e+00 | 72  0.30206 -4.91226e-01
 73 -0.14916 -4.29872e-01 | 74  0.19572 -1.35441e-01 | 75 -0.18014  1.72100e-01
 76  0.36565  4.10775e+00 | 77 -0.17224 -6.76901e+00 | 78  0.40848  1.49755e-01
 79 -0.06846  1.13495e+00 | 80 -0.12919 -2.32198e-01 | 81 -0.29653  3.83294e+00
 82 -0.20949 -4.04199e-02 | 83 -0.02035 -4.89235e+00 | 84 -0.01426 -4.60750e+00
 85  0.00679  2.32025e+00 | 86 -0.10603 -4.79792e-01 | 87  0.44097 -1.04883e+00
 88 -0.16873  6.01748e-01 | 89  0.58615 -3.48024e-01 | 90 -0.24168 -1.16594e+00
 91  0.06779 -2.34011e+01 | 92 -0.22503  1.68570e+01 | 93  0.05083 -6.27206e-01
 94 -0.19224 -6.07064e-01 |

Intermediate statistics: 94 variables; iteration 20; function evaluation 31; phase 4
Function value 2.6960199e+03; maximum gradient component mag -7.7645e+02
Var    Value     Gradient |Var    Value     Gradient |Var    Value     Gradient
  1 -0.19540 -4.44913e+02 |  2 -0.03538 -1.76583e+02 |  3 -0.00656 -1.41779e+02
  4 -0.06907 -2.27774e+02 |  5 -0.35968 -1.00830e+02 |  6 -0.02580 -8.40483e+01
  7  0.09995 -7.76447e+02 |  8 -0.12046 -1.75112e+02 |  9  0.00012 -1.22142e+02
 10 -0.01555  3.04209e+02 | 11  0.11194  7.58359e+00 | 12  0.10991  8.02556e+00
 13  0.10405  7.55378e+00 | 14  0.05682  6.78471e+00 | 15  0.03031  7.57305e+00
 16  0.05106  8.74226e+00 | 17  0.05997  8.18338e+00 | 18  0.12262  8.85128e+00
 19 -0.00215  1.08622e+01 | 20 -0.05716  8.52435e+00 | 21 -0.03914 -3.66658e+00
 22  0.09521 -1.56191e+01 | 23 -0.02328 -1.17652e+00 | 24 -0.16307 -3.94267e+00
 25 -0.14882  1.50990e+01 | 26  0.00442  4.59555e+01 | 27  0.24338  4.73247e+01
 28 -0.01928  4.81668e+01 | 29  0.00802  1.57377e+01 | 30  0.00318 -2.44136e+00
 31  0.03013 -1.70293e+01 | 32  0.02546 -1.82210e+01 | 33 -0.04739 -9.65137e+00
 34 -0.00494 -9.07004e+00 | 35 -0.13945 -8.34618e+00 | 36  0.02631 -1.13870e+01
 37 -0.11875 -3.02267e+00 | 38 -0.04553  1.41683e+00 | 39 -0.15103 -1.74223e+00
 40 -0.08786  1.80188e+01 | 41 -0.63536 -2.25894e+01 | 42  0.36347 -1.88035e+02
 43 -0.16143 -1.96403e+01 | 44  0.02154  3.62931e+00 | 45 -0.04703 -6.94929e+00
 46  0.09994 -7.12443e+00 | 47 -0.11096 -3.53690e+00 | 48 -0.29374 -8.58641e+00
 49 -0.34880 -7.74888e+00 | 50 -0.08664 -7.86961e+00 | 51 -0.04929 -1.52390e+00
 52  0.13011 -1.42151e+01 | 53  0.19425 -1.62866e+01 | 54  0.04039 -7.09807e+00
 55  0.15985 -2.38223e+01 | 56  0.27221 -2.79285e+01 | 57  0.02763 -8.82869e+00
 58  0.13286 -2.85861e+01 | 59  0.01142 -7.09042e+00 | 60 -0.00386 -3.62658e+00
 61 -0.14365 -4.81479e+00 | 62 -0.09412 -8.17813e+00 | 63  0.02341 -6.65614e+00
 64  0.08238 -1.56490e+01 | 65 -0.05738 -1.23857e+01 | 66  0.10467 -1.22640e+01
 67  0.21556 -1.51559e+01 | 68 -0.17492 -5.88748e-01 | 69  0.10358 -1.64045e+00
 70 -0.21099 -1.42753e+01 | 71 -0.25996 -1.98265e+00 | 72  0.28018 -4.41490e+01
 73 -0.14322  1.16268e+02 | 74  0.21289 -1.26106e+00 | 75 -0.16501  1.85796e+00
 76  0.31746 -8.89965e+00 | 77 -0.16932  3.52266e+01 | 78  0.16180 -1.76262e+01
 79 -0.12550  5.00671e+00 | 80 -0.12567  2.86655e+01 | 81 -0.30381 -8.37121e+00
 82 -0.17899  2.64140e+00 | 83 -0.03469  4.70818e+01 | 84 -0.01770 -9.93672e+00
 85 -0.01671  1.51813e-01 | 86 -0.11611 -4.69957e+00 | 87  0.45782  4.71503e+00
 88 -0.15926 -1.06500e+01 | 89  0.56234  2.61925e+00 | 90 -0.22292  4.38661e-01
 91  0.02055 -1.78950e+02 | 92 -0.23585  2.19000e+02 | 93  0.04638 -2.29780e+01
 94 -0.18674  2.25194e+01 |
94 variables; iteration 40; function evaluation 52; phase 4
Function value 2.6621110e+03; maximum gradient component mag -4.1571e+02
Var    Value     Gradient |Var    Value     Gradient |Var    Value     Gradient
  1 -0.25648 -4.15714e+02 |  2 -0.03010 -6.13686e+01 |  3 -0.02001 -3.19910e+01
  4 -0.04923 -1.48760e+02 |  5 -0.43741 -1.09077e+02 |  6  0.03116 -2.04517e+01
  7  0.10908 -2.19120e+02 |  8 -0.13003 -4.34644e+01 |  9  0.18581 -3.76874e+01
 10 -0.12879  3.69012e+02 | 11  0.08163  6.91918e+00 | 12  0.09721  9.63079e+00
 13  0.12419  1.40738e+01 | 14  0.04666  5.96256e+00 | 15  0.02993  6.04708e+00
 16  0.04357  5.07140e+00 | 17  0.07142  1.03837e+01 | 18  0.11928  1.13867e+01
 19  0.03329  2.35244e+01 | 20 -0.06413  8.94421e+00 | 21 -0.04906  3.81255e+00
 22  0.12795  4.26236e+01 | 23 -0.02698  1.14133e+01 | 24 -0.10528  1.72660e+01
 25 -0.12486  2.43556e+01 | 26 -0.06080  2.00876e+01 | 27  0.26551  4.87917e+01
 28 -0.10706  6.74680e+00 | 29  0.01294  6.64350e-01 | 30  0.01564  6.61900e+00
 31  0.05503  5.75099e+00 | 32  0.02290 -1.79398e+01 | 33 -0.05318 -1.78552e+01
 34 -0.02038 -2.96382e+01 | 35 -0.22387 -2.13667e+01 | 36  0.01436 -2.84184e+01
 37 -0.14736 -9.10403e+00 | 38 -0.06013 -4.41017e+00 | 39 -0.12836 -7.22637e-01
 40 -0.14426 -5.32675e+00 | 41 -0.68009 -1.91298e+01 | 42  0.45290  2.00570e+01
 43 -0.11472 -1.57401e+01 | 44  0.02364 -2.20712e+01 | 45 -0.08188 -1.95541e+01
 46  0.13247 -6.18846e+00 | 47 -0.09073 -2.55774e+00 | 48 -0.25569 -2.24777e+00
 49 -0.30831 -2.03113e-01 | 50 -0.09308 -1.35129e+01 | 51 -0.13059 -1.80498e+01
 52  0.14120 -1.72231e+01 | 53  0.21624 -9.46817e+00 | 54  0.02912 -1.62489e+01
 55  0.16774 -2.59324e+01 | 56  0.29392 -1.02197e+01 | 57 -0.00075 -1.88733e+01
 58  0.12764 -3.44814e+01 | 59  0.05658 -3.78150e+00 | 60  0.01828 -5.26636e+00
 61 -0.15974 -1.04922e+01 | 62 -0.11529 -1.33658e+01 | 63  0.06110  4.79865e+00
 64  0.11186 -1.39416e+01 | 65 -0.05880 -1.35366e+01 | 66  0.09045 -1.38358e+01
 67  0.22553 -1.25061e+01 | 68 -0.08205  8.19810e+00 | 69  0.17994  7.75931e+01
 70 -0.17821 -1.29336e+02 | 71 -0.25812  7.01398e+00 | 72  0.27008  2.56694e+01
 73 -0.16580 -6.19564e+01 | 74  0.22862 -1.61045e+01 | 75 -0.11097  3.70304e+01
 76  0.38116  7.18439e+01 | 77 -0.16605 -1.67143e+02 | 78  0.24609  6.08047e+01
 79 -0.10468 -1.67187e+02 | 80 -0.11128 -2.47666e+01 | 81 -0.26833  2.65091e+01
 82 -0.21466 -5.70731e+00 | 83 -0.05553 -1.04279e+01 | 84 -0.00220  2.19787e+01
 85 -0.00757 -6.51854e+00 | 86 -0.13522  6.02947e+00 | 87  1.12186  3.39765e+00
 88 -0.02710  6.26086e+01 | 89  0.71784 -2.12681e+00 | 90 -0.20547  3.25794e+01
 91 -0.00116 -9.42583e+01 | 92 -0.26805  1.01357e+02 | 93  0.06346  2.30728e+01
 94 -0.19435 -1.94436e+01 |
94 variables; iteration 60; function evaluation 73; phase 4
Function value 2.6477394e+03; maximum gradient component mag -2.7241e+02
Var    Value     Gradient |Var    Value     Gradient |Var    Value     Gradient
  1 -0.25066 -2.72410e+02 |  2 -0.02268  2.59323e+01 |  3 -0.03183  1.45514e+01
  4 -0.00605 -6.73751e+00 |  5 -0.40772 -1.22523e+01 |  6  0.02900 -1.68125e+01
  7  0.11395  3.51127e+01 |  8 -0.11231  7.20477e+00 |  9  0.15359 -1.96980e+00
 10 -0.12942  2.47757e+02 | 11  0.10574  1.20399e+01 | 12  0.10053  1.19518e+01
 13  0.13682  1.61555e+01 | 14  0.06003  9.21863e+00 | 15  0.01287  5.34524e+00
 16  0.05328  8.20258e+00 | 17  0.07978  1.47478e+01 | 18  0.13737  1.15770e+01
 19  0.00501  1.18657e+01 | 20 -0.07209  7.51293e+00 | 21 -0.03163  1.13801e+01
 22  0.12769  2.52833e+01 | 23 -0.04400 -3.76326e+00 | 24 -0.12467  7.76331e+00
 25 -0.15839  1.32137e+01 | 26 -0.11042  1.11104e+01 | 27  0.28035  6.18258e+01
 28 -0.15747  4.10433e+00 | 29  0.02400  1.02444e+01 | 30  0.01139  6.07872e+00
 31  0.04096 -4.09458e+00 | 32  0.02223 -1.28476e+01 | 33 -0.03893 -4.80704e+00
 34 -0.02585 -1.15580e+01 | 35 -0.12862  1.37594e-01 | 36 -0.00254 -2.33679e+01
 37 -0.13977 -2.33979e+00 | 38 -0.06953 -1.53600e+00 | 39 -0.11189  1.03208e+01
 40 -0.15446 -1.03680e+00 | 41 -0.67801 -1.55350e+01 | 42  0.46065  4.71846e+01
 43 -0.06658  9.03978e-01 | 44  0.03448 -6.68723e+00 | 45 -0.05904 -2.78716e+00
 46  0.13356 -1.07023e+00 | 47 -0.09963 -2.62541e+00 | 48 -0.25857  2.57708e+00
 49 -0.33560  9.22381e-01 | 50 -0.06704  7.39415e+00 | 51 -0.12300 -4.74974e+00
 52  0.14721 -5.84929e+00 | 53  0.20744 -1.91871e+01 | 54  0.02813 -6.95707e+00
 55  0.19637  4.59124e+00 | 56  0.28007 -1.04102e+01 | 57  0.01335 -6.63324e+00
 58  0.14671 -1.35366e+01 | 59  0.02441 -1.11722e+01 | 60 -0.01406 -1.01004e+01
 61 -0.17986 -6.32325e+00 | 62 -0.11463 -6.39469e+00 | 63  0.02308 -3.84631e+00
 64  0.11167 -3.73244e+00 | 65 -0.04360 -2.58030e+00 | 66  0.12520 -1.37339e-01
 67  0.20831 -7.76973e+00 | 68 -0.21288 -3.56008e+00 | 69  0.14819  5.16791e+01
 70 -0.19184 -8.72748e+01 | 71 -0.25940  5.40176e+00 | 72  0.27333  2.27116e+01
 73 -0.16303 -5.16719e+01 | 74  0.10578 -1.80837e+01 | 75 -0.19906  1.64517e+01
 76  0.31780  3.40609e+01 | 77 -0.18652 -9.36628e+01 | 78  0.22291  4.50045e+01
 79 -0.10863 -1.21006e+02 | 80 -0.14923  3.71523e+00 | 81 -0.33330  1.60080e+00
 82 -0.06304  6.11709e+00 | 83 -0.05632  2.30179e+01 | 84 -0.01317 -3.23342e-01
 85 -0.00488  5.20973e+00 | 86 -0.12881  2.09109e+00 | 87  0.98035  7.92699e-02
 88 -0.05287  8.92757e+00 | 89  0.73450  7.07886e+00 | 90 -0.21723 -7.69557e+01
 91 -0.01661 -4.65088e+01 | 92 -0.28987  4.60478e+01 | 93  0.05637  9.59211e+00
 94 -0.19484 -6.30035e+00 |
94 variables; iteration 80; function evaluation 98; phase 4
Function value 2.6394508e+03; maximum gradient component mag 5.0731e+01
Var    Value     Gradient |Var    Value     Gradient |Var    Value     Gradient
  1 -0.26443 -1.22417e+01 |  2 -0.02939  1.29024e+01 |  3 -0.02103  7.61665e+00
  4 -0.00011  2.03005e+01 |  5 -0.39246  1.62978e+01 |  6  0.03648 -2.55551e+00
  7  0.11852  5.07314e+01 |  8 -0.12070  1.28688e+01 |  9  0.15964  9.05341e+00
 10 -0.16115  9.48173e+00 | 11  0.09521  1.96733e+00 | 12  0.08800  3.37875e+00
 13  0.15891  6.81566e+00 | 14  0.08859  1.04517e+01 | 15  0.03413  9.52373e+00
 16  0.07112  7.93784e+00 | 17  0.06016  9.09648e+00 | 18  0.17508  6.73399e+00
 19 -0.01373  8.17556e+00 | 20 -0.05253  8.25351e+00 | 21 -0.03768  4.24886e+00
 22  0.13341  2.77530e+00 | 23 -0.01238  9.89634e+00 | 24 -0.09610  2.09752e+01
 25 -0.15055  1.70440e+01 | 26 -0.17790  1.67001e+00 | 27  0.29448 -1.50075e+01
 28 -0.18047  4.31917e+00 | 29  0.03228  2.67776e+00 | 30  0.02025  5.75797e+00
 31  0.05070  2.12052e+00 | 32  0.04025  1.76362e+00 | 33 -0.03218  7.52618e+00
 34  0.00174  6.80926e+00 | 35 -0.16785  6.20713e+00 | 36  0.03039  1.18531e+01
 37 -0.13987  1.15362e+01 | 38 -0.06016  1.28152e+01 | 39 -0.15102  1.08865e+01
 40 -0.15012  1.40113e+01 | 41 -0.43272 -1.38258e+01 | 42  0.42275 -1.83847e+01
 43 -0.14934 -3.06057e+00 | 44  0.02683  6.23610e+00 | 45 -0.06034  1.33903e+01
 46  0.11845  9.18233e+00 | 47 -0.10374  1.15110e+01 | 48 -0.28133  8.99723e+00
 49 -0.34840  9.56757e+00 | 50 -0.09898  1.06374e+01 | 51 -0.10494  1.28878e+01
 52  0.13269  2.27751e+00 | 53  0.20379  2.42136e+00 | 54  0.02046  3.46900e+00
 55  0.16939  9.33932e-01 | 56  0.27726  4.93901e+00 | 57  0.00645  4.00457e+00
 58  0.13685  7.53528e-01 | 59  0.03912  1.26343e+01 | 60 -0.01005  8.59658e+00
 61 -0.15816  1.01073e+01 | 62 -0.11230  8.00135e+00 | 63 -0.00211  3.34225e+00
 64  0.08944  1.90941e+00 | 65 -0.07521  3.93778e+00 | 66  0.07302  1.32636e+00
 67  0.29108  1.09184e+01 | 68 -0.18165  1.98605e+00 | 69  0.12487  2.23309e+00
 70 -0.19871 -2.00719e+01 | 71 -0.26566 -4.62544e+00 | 72  0.29537  4.22029e+00
 73 -0.14651  4.92016e+00 | 74  0.21758  1.60407e+00 | 75 -0.15514 -2.61420e+00
 76  0.36404  8.35637e+00 | 77 -0.15983 -8.20358e+00 | 78  0.19676  8.88288e+00
 79 -0.11157 -4.50453e+01 | 80 -0.15263 -1.42967e+01 | 81 -0.35056 -6.31550e+00
 82 -0.10785 -6.51574e+00 | 83 -0.06203 -8.28018e+00 | 84 -0.01572 -3.14412e+00
 85 -0.00979  2.05032e+00 | 86 -0.13131 -6.43566e-01 | 87  0.92723  3.20499e-01
 88 -0.06232 -1.36927e+00 | 89  0.72779  1.49750e+00 | 90 -0.21020 -9.88886e+00
 91 -0.02781  1.67479e+01 | 92 -0.31003 -1.13280e+01 | 93  0.05065 -9.01483e-01
 94 -0.19598  1.60708e+00 |
94 variables; iteration 100; function evaluation 121; phase 4
Function value 2.6361571e+03; maximum gradient component mag -3.3464e+01
Var    Value     Gradient |Var    Value     Gradient |Var    Value     Gradient
  1 -0.26622  1.55540e+01 |  2 -0.02854  5.51969e+00 |  3 -0.01724  5.69669e+00
  4 -0.00152  1.10872e+01 |  5 -0.39702  9.94044e+00 |  6  0.03660 -4.53955e+00
  7  0.12001  1.68372e+01 |  8 -0.13324  4.78281e+00 |  9  0.16393  6.97338e+00
 10 -0.17271 -2.07319e+01 | 11  0.16393  7.39378e+00 | 12  0.09860  5.55078e+00
 13  0.14704  6.49320e+00 | 14  0.08970  8.52064e+00 | 15  0.06495  9.35187e+00
 16  0.05330  2.81636e+00 | 17  0.06036  4.60569e+00 | 18  0.18638  1.15110e+00
 19 -0.03582  3.68125e+00 | 20 -0.03124  1.06126e+01 | 21 -0.02403  6.69972e+00
 22  0.13455 -1.21767e+00 | 23  0.00507  1.07727e+01 | 24 -0.11277  1.12945e+01
 25 -0.16562  8.08609e+00 | 26 -0.22167 -5.16978e+00 | 27  0.30279 -2.13069e+01
 28 -0.22938 -1.20317e+00 | 29  0.04755  5.62901e+00 | 30  0.01947  2.73733e+00
 31  0.05273 -1.86073e+00 | 32  0.04995  3.49068e-01 | 33 -0.04862 -6.91499e-01
 34  0.00453  5.19967e+00 | 35 -0.14883  8.96218e+00 | 36  0.03005  1.16045e+01
 37 -0.15976  5.54567e+00 | 38 -0.06561  8.58817e+00 | 39 -0.16642  6.27291e+00
 40 -0.19200  7.22965e+00 | 41 -0.24623 -1.15709e+01 | 42  0.40881 -3.34642e+01
 43 -0.17422 -6.88415e+00 | 44  0.02227  5.00810e+00 | 45 -0.07560  7.45819e+00
 46  0.11083  4.28388e+00 | 47 -0.11241  8.15421e+00 | 48 -0.26239  1.43442e+01
 49 -0.34377  1.04416e+01 | 50 -0.10628  7.33500e+00 | 51 -0.12410  7.26458e+00
 52  0.13000  5.53332e+00 | 53  0.19607 -6.54959e-01 | 54  0.02150  5.13494e+00
 55  0.15890 -3.44999e+00 | 56  0.27206  4.06953e+00 | 57  0.00101  2.60411e+00
 58  0.13852  5.21644e+00 | 59  0.02502  7.37077e+00 | 60 -0.00460  1.03809e+01
 61 -0.17503  6.60541e+00 | 62 -0.13229  4.35774e+00 | 63  0.01025  9.41127e+00
 64  0.09588  6.54801e+00 | 65 -0.07814  2.00843e+00 | 66  0.08365  3.08614e+00
 67  0.28100  9.38533e+00 | 68 -0.18933  1.99167e+00 | 69  0.13284 -9.63102e+00
 70 -0.18939  4.64651e+00 | 71 -0.26653 -5.96959e+00 | 72  0.27886 -9.89334e+00
 73 -0.15191  2.02851e+01 | 74  0.26558  1.90765e+00 | 75 -0.13171 -1.48545e+00
 76  0.35133 -9.15841e+00 | 77 -0.16092  2.78677e+01 | 78  0.21244  2.30679e-01
 79 -0.10297 -1.53733e+01 | 80 -0.13241  6.43429e+00 | 81 -0.31067  2.32846e+00
 82 -0.12115  3.94909e-01 | 83 -0.06063 -5.43853e+00 | 84 -0.01856 -2.05010e+00
 85 -0.01662  3.48165e-01 | 86 -0.12521  1.96856e-02 | 87  0.90592  5.83895e-01
 88 -0.06467 -5.36367e+00 | 89  0.70955  2.39783e-01 | 90 -0.20872  5.52413e+00
 91 -0.03579  1.86012e+01 | 92 -0.32096 -1.94349e+01 | 93  0.00711 -1.23033e+01
 94 -0.23836  1.63649e+00 |
94 variables; iteration 120; function evaluation 143; phase 4
Function value 2.6307133e+03; maximum gradient component mag -6.4877e+00
Var    Value     Gradient |Var    Value     Gradient |Var    Value     Gradient
  1 -0.26463 -6.48770e+00 |  2 -0.01900  8.42071e-01 |  3 -0.03166  3.81015e-01
  4 -0.00076 -1.65380e-02 |  5 -0.40166  2.56011e-01 |  6  0.03659 -9.66636e-01
  7  0.11620  2.14949e+00 |  8 -0.12129  4.07211e-01 |  9  0.15488  4.93477e-01
 10 -0.16126  4.81015e+00 | 11  0.11925  3.61878e-02 | 12  0.11207  3.59963e-01
 13  0.15042  3.14928e-01 | 14  0.06310  1.65908e-01 | 15  0.02175  3.22380e-02
 16  0.08435  1.15544e-01 | 17  0.03794  1.70818e-01 | 18  0.18132  1.94566e-01
 19 -0.02918 -3.35163e-01 | 20 -0.06323 -1.45452e-01 | 21 -0.03185 -1.77777e-01
 22  0.13278  3.12923e-01 | 23 -0.00934 -5.32670e-02 | 24 -0.13542  2.16277e-02
 25 -0.19551  1.41715e-01 | 26 -0.13802 -6.28152e-02 | 27  0.29474  9.46654e-02
 28 -0.17900 -3.42930e-01 | 29  0.03396 -6.23444e-01 | 30  0.01557 -3.99092e-01
 31  0.05206 -3.51358e-01 | 32  0.04166 -4.47430e-01 | 33 -0.04427 -4.76765e-01
 34 -0.00430 -5.94807e-01 | 35 -0.17232 -2.69048e-01 | 36  0.02298 -2.48326e-01
 37 -0.16073 -2.00994e-01 | 38 -0.07101 -3.52368e-01 | 39 -0.16851 -3.71049e-01
 40 -0.22075 -1.24145e-01 | 41 -0.09235 -1.83119e-01 | 42  0.42352  3.04947e-01
 43 -0.09688 -1.61963e-01 | 44  0.02647 -4.07884e-01 | 45 -0.07650 -3.50805e-01
 46  0.11630 -5.06646e-01 | 47 -0.11718 -1.95720e-01 | 48 -0.30328 -4.43663e-01
 49 -0.38617 -1.92348e-01 | 50 -0.10800 -3.73528e-01 | 51 -0.12920 -2.82861e-01
 52  0.13187 -3.74481e-01 | 53  0.20131 -1.77392e-01 | 54  0.02131 -3.47365e-01
 55  0.17131 -3.02366e-01 | 56  0.27336 -2.11904e-01 | 57  0.00875 -2.44806e-01
 58  0.14258 -4.96346e-01 | 59  0.02473 -5.09164e-01 | 60 -0.01369 -3.37689e-01
 61 -0.18151 -3.31313e-01 | 62 -0.12067 -3.53577e-01 | 63  0.00425 -3.59692e-01
 64  0.09390 -3.41017e-01 | 65 -0.06672 -3.80764e-01 | 66  0.09146 -3.28902e-01
 67  0.23057 -3.00891e-01 | 68 -0.20996  3.86758e-03 | 69  0.15843  5.61499e-01
 70 -0.17614 -1.08499e+00 | 71 -0.26266  1.19685e-02 | 72  0.27785  3.43175e-01
 73 -0.15551 -7.06497e-01 | 74  0.21274  3.66594e-01 | 75 -0.15631 -4.36326e-01
 76  0.34494  8.80603e-01 | 77 -0.16704 -1.78662e+00 | 78  0.23650  4.20466e-01
 79 -0.09350 -1.80608e+00 | 80 -0.14199 -6.80543e-02 | 81 -0.32702  2.24270e-01
 82 -0.10379  1.43119e-01 | 83 -0.06165  2.12154e-01 | 84 -0.01621  1.54259e-02
 85 -0.01463 -8.60230e-02 | 86 -0.12925  3.45611e-02 | 87  0.49606 -3.61341e-01
 88 -0.13932  1.48105e+00 | 89  0.39597 -4.38842e-01 | 90 -0.26308  2.10942e+00
 91 -0.02836  3.19363e-01 | 92 -0.30937  1.78977e-01 | 93  0.04372  5.15115e-01
 94 -0.20445 -6.52238e-01 |
  ic > imax  in fminim is answer attained ?
Var    Value     Gradient |Var    Value     Gradient |Var    Value     Gradient
  1 -0.26454 -1.57522e-03 |  2 -0.01873  6.34332e-04 |  3 -0.03206  4.27794e-04
  4 -0.00010  4.71435e-04 |  5 -0.40194  2.50798e-04 |  6  0.03671 -2.16740e-04
  7  0.11611  3.17708e-04 |  8 -0.12109  1.19420e-04 |  9  0.15411  1.37611e-04
 10 -0.16152  1.37307e-03 | 11  0.12305  1.14659e-04 | 12  0.10651  6.95533e-05
 13  0.15306  3.76704e-04 | 14  0.06188  1.13628e-04 | 15  0.02149  1.76482e-04
 16  0.08564  2.12864e-04 | 17  0.03615  7.87336e-05 | 18  0.18185  1.49792e-04
 19 -0.02795 -2.20983e-05 | 20 -0.06380 -1.06478e-05 | 21 -0.03137  6.40205e-05
 22  0.13287  9.94720e-05 | 23 -0.00891  3.61554e-05 | 24 -0.13573  1.21130e-04
 25 -0.19716  2.41593e-05 | 26 -0.13859  8.05192e-05 | 27  0.29508 -1.95878e-04
 28 -0.17868 -1.34811e-05 | 29  0.03452 -1.09325e-04 | 30  0.01575 -1.13468e-04
 31  0.05225 -1.08133e-04 | 32  0.04187 -1.27875e-04 | 33 -0.04397 -7.68281e-05
 34 -0.00380 -2.46784e-05 | 35 -0.17258  3.84887e-06 | 36  0.02321  5.91781e-06
 37 -0.16104 -3.07551e-06 | 38 -0.07083  2.51656e-06 | 39 -0.16819 -6.59016e-05
 40 -0.22163 -1.32840e-04 | 41 -0.09281  1.48441e-04 | 42  0.42335 -5.33472e-05
 43 -0.09757  1.67268e-04 | 44  0.02664 -1.12274e-04 | 45 -0.07651 -4.04481e-05
 46  0.11641 -2.84306e-05 | 47 -0.11735 -2.79820e-05 | 48 -0.30241  3.89698e-05
 49 -0.38666  2.52122e-05 | 50 -0.10777  1.93213e-05 | 51 -0.12955 -7.19232e-06
 52  0.13195  2.92024e-05 | 53  0.20122  4.62271e-05 | 54  0.02136  4.70804e-05
 55  0.17131 -2.21048e-06 | 56  0.27327  6.21947e-05 | 57  0.00856  1.57029e-06
 58  0.14273 -9.24401e-05 | 59  0.02514 -5.02667e-05 | 60 -0.01370 -4.62949e-05
 61 -0.18132 -2.72832e-05 | 62 -0.12051 -2.37865e-05 | 63  0.00433  3.44240e-05
 64  0.09392  1.93770e-05 | 65 -0.06637  2.30993e-05 | 66  0.09159 -1.34249e-05
 67  0.23067  3.27631e-05 | 68 -0.20989  2.84064e-05 | 69  0.15881  2.33343e-04
 70 -0.17584 -6.21549e-04 | 71 -0.26267 -3.98798e-05 | 72  0.27774 -7.37969e-07
 73 -0.15550  3.12520e-05 | 74  0.20917 -1.17421e-05 | 75 -0.15785 -2.33428e-05
 76  0.34464  3.47010e-04 | 77 -0.16705 -7.06775e-04 | 78  0.23787  9.50033e-05
 79 -0.09292 -3.99700e-04 | 80 -0.14191 -1.12452e-04 | 81 -0.32714  4.32664e-05
 82 -0.10464 -2.57596e-05 | 83 -0.06161 -1.72387e-04 | 84 -0.01583 -1.72182e-05
 85 -0.01416  4.94240e-06 | 86 -0.12987 -1.92065e-05 | 87  0.48669  6.09208e-05
 88 -0.14435 -1.33599e-04 | 89  0.39211  6.24928e-05 | 90 -0.26462 -2.66579e-04
 91 -0.02854  3.97821e-05 | 92 -0.30970  5.63214e-05 | 93  0.04443  3.62452e-05
 94 -0.20347 -2.27341e-05 |
Function minimizer not making progress ... is minimum attained?
Minimprove criterion = 0.0000e+00

 - final statistics:
94 variables; iteration 138; function evaluation 190
Function value 2.6307e+03; maximum gradient component mag -1.5752e-03
Exit code = 1;  converg criter 1.0000e-04
Var    Value     Gradient |Var    Value     Gradient |Var    Value     Gradient
  1 -0.26454 -1.57522e-03 |  2 -0.01873  6.34332e-04 |  3 -0.03206  4.27794e-04
  4 -0.00010  4.71435e-04 |  5 -0.40194  2.50798e-04 |  6  0.03671 -2.16740e-04
  7  0.11611  3.17708e-04 |  8 -0.12109  1.19420e-04 |  9  0.15411  1.37611e-04
 10 -0.16152  1.37307e-03 | 11  0.12305  1.14659e-04 | 12  0.10651  6.95533e-05
 13  0.15306  3.76704e-04 | 14  0.06188  1.13628e-04 | 15  0.02149  1.76482e-04
 16  0.08564  2.12864e-04 | 17  0.03615  7.87336e-05 | 18  0.18185  1.49792e-04
 19 -0.02795 -2.20983e-05 | 20 -0.06380 -1.06478e-05 | 21 -0.03137  6.40205e-05
 22  0.13287  9.94720e-05 | 23 -0.00891  3.61554e-05 | 24 -0.13573  1.21130e-04
 25 -0.19716  2.41593e-05 | 26 -0.13859  8.05192e-05 | 27  0.29508 -1.95878e-04
 28 -0.17868 -1.34811e-05 | 29  0.03452 -1.09325e-04 | 30  0.01575 -1.13468e-04
 31  0.05225 -1.08133e-04 | 32  0.04187 -1.27875e-04 | 33 -0.04397 -7.68281e-05
 34 -0.00380 -2.46784e-05 | 35 -0.17258  3.84887e-06 | 36  0.02321  5.91781e-06
 37 -0.16104 -3.07551e-06 | 38 -0.07083  2.51656e-06 | 39 -0.16819 -6.59016e-05
 40 -0.22163 -1.32840e-04 | 41 -0.09281  1.48441e-04 | 42  0.42335 -5.33472e-05
 43 -0.09757  1.67268e-04 | 44  0.02664 -1.12274e-04 | 45 -0.07651 -4.04481e-05
 46  0.11641 -2.84306e-05 | 47 -0.11735 -2.79820e-05 | 48 -0.30241  3.89698e-05
 49 -0.38666  2.52122e-05 | 50 -0.10777  1.93213e-05 | 51 -0.12955 -7.19232e-06
 52  0.13195  2.92024e-05 | 53  0.20122  4.62271e-05 | 54  0.02136  4.70804e-05
 55  0.17131 -2.21048e-06 | 56  0.27327  6.21947e-05 | 57  0.00856  1.57029e-06
 58  0.14273 -9.24401e-05 | 59  0.02514 -5.02667e-05 | 60 -0.01370 -4.62949e-05
 61 -0.18132 -2.72832e-05 | 62 -0.12051 -2.37865e-05 | 63  0.00433  3.44240e-05
 64  0.09392  1.93770e-05 | 65 -0.06637  2.30993e-05 | 66  0.09159 -1.34249e-05
 67  0.23067  3.27631e-05 | 68 -0.20989  2.84064e-05 | 69  0.15881  2.33343e-04
 70 -0.17584 -6.21549e-04 | 71 -0.26267 -3.98798e-05 | 72  0.27774 -7.37969e-07
 73 -0.15550  3.12520e-05 | 74  0.20917 -1.17421e-05 | 75 -0.15785 -2.33428e-05
 76  0.34464  3.47010e-04 | 77 -0.16705 -7.06775e-04 | 78  0.23787  9.50033e-05
 79 -0.09292 -3.99700e-04 | 80 -0.14191 -1.12452e-04 | 81 -0.32714  4.32664e-05
 82 -0.10464 -2.57596e-05 | 83 -0.06161 -1.72387e-04 | 84 -0.01583 -1.72182e-05
 85 -0.01416  4.94240e-06 | 86 -0.12987 -1.92065e-05 | 87  0.48669  6.09208e-05
 88 -0.14435 -1.33599e-04 | 89  0.39211  6.24928e-05 | 90 -0.26462 -2.66579e-04
 91 -0.02854  3.97821e-05 | 92 -0.30970  5.63214e-05 | 93  0.04443  3.62452e-05
 94 -0.20347 -2.27341e-05 |

Initial statistics: 106 variables; iteration 0; function evaluation 0; phase 5
Function value 2.6307064e+03; maximum gradient component mag -1.5752e-03
Var    Value     Gradient |Var    Value     Gradient |Var    Value     Gradient
  1 -0.26454 -1.57521e-03 |  2 -0.01873  6.34322e-04 |  3 -0.03206  4.27788e-04
  4 -0.00010  4.71429e-04 |  5 -0.40194  2.50794e-04 |  6  0.03671 -2.16738e-04
  7  0.11611  3.17707e-04 |  8 -0.12109  1.19419e-04 |  9  0.15411  1.37610e-04
 10 -0.16152  1.37306e-03 | 11  0.12305  9.92020e-05 | 12  0.10651  5.40240e-05
 13  0.15306  3.61405e-04 | 14  0.06188  9.79530e-05 | 15  0.02149  1.60742e-04
 16  0.08564  1.97257e-04 | 17  0.03615  6.30105e-05 | 18  0.18185  1.34682e-04
 19 -0.02795 -3.78293e-05 | 20 -0.06380 -2.63152e-05 | 21 -0.03137  4.82919e-05
 22  0.13287  8.40645e-05 | 23 -0.00891  2.04094e-05 | 24 -0.13573  1.05737e-04
 25 -0.19716  9.16052e-06 | 26 -0.13859  6.51426e-05 | 27  0.29508 -2.09960e-04
 28 -0.17868 -2.86117e-05 | 29  0.03452 -1.25047e-04 | 30  0.01575 -1.29209e-04
 31  0.05225 -1.23826e-04 | 32  0.04187 -1.43587e-04 | 33 -0.04397 -9.25372e-05
 34 -0.00380 -4.04252e-05 | 35 -0.17258 -1.13236e-05 | 36  0.02321 -9.81913e-06
 37 -0.16104 -1.83221e-05 | 38 -0.07083 -1.31337e-05 | 39 -0.16819 -8.11024e-05
 40 -0.22163 -1.47641e-04 | 41 -0.09281  1.32858e-04 | 42  0.42335 -6.57384e-05
 43 -0.09757  1.51703e-04 | 44  0.02664 -1.28007e-04 | 45 -0.07651 -5.60817e-05
 46  0.11641 -4.39149e-05 | 47 -0.11735 -4.34629e-05 | 48 -0.30241  2.49643e-05
 49 -0.38666  1.22805e-05 | 50 -0.10777  3.79824e-06 | 51 -0.12955 -2.26149e-05
 52  0.13195  1.37913e-05 | 53  0.20122  3.12579e-05 | 54  0.02136  3.13411e-05
 55  0.17131 -1.73917e-05 | 56  0.27327  4.78747e-05 | 57  0.00856 -1.41761e-05
 58  0.14273 -1.07792e-04 | 59  0.02514 -6.60011e-05 | 60 -0.01370 -6.20377e-05
 61 -0.18132 -4.23963e-05 | 62 -0.12051 -3.92528e-05 | 63  0.00433  1.86767e-05
 64  0.09392  3.80035e-06 | 65 -0.06637  7.43672e-06 | 66  0.09159 -2.90100e-05
 67  0.23067  1.80376e-05 | 68  0.00000  0.00000e+00 | 69  0.00000  0.00000e+00
 70  0.00000  0.00000e+00 | 71  0.00000  0.00000e+00 | 72  0.00000  0.00000e+00
 73  0.00000  0.00000e+00 | 74  0.00000  0.00000e+00 | 75  0.00000  0.00000e+00
 76  0.00000  0.00000e+00 | 77  0.00000  0.00000e+00 | 78  0.00000  0.00000e+00
 79  0.00000  0.00000e+00 | 80 -0.20989  2.84063e-05 | 81  0.15881  2.33338e-04
 82 -0.17584 -6.21538e-04 | 83 -0.26267 -3.98798e-05 | 84  0.27774 -7.38211e-07
 85 -0.15550  3.12519e-05 | 86  0.20917 -1.17417e-05 | 87 -0.15785 -2.33422e-05
 88  0.34464  3.47006e-04 | 89 -0.16705 -7.06767e-04 | 90  0.23787  9.50037e-05
 91 -0.09292 -3.99700e-04 | 92 -0.14191 -1.12450e-04 | 93 -0.32714  4.32653e-05
 94 -0.10464 -2.57593e-05 | 95 -0.06161 -1.72384e-04 | 96 -0.01583 -1.72183e-05
 97 -0.01416  4.94242e-06 | 98 -0.12987 -1.92064e-05 | 99  0.48669  6.09196e-05
100 -0.14435 -1.33596e-04 |101  0.39211  6.24917e-05 |102 -0.26462 -2.66574e-04
103 -0.02854  3.97811e-05 |104 -0.30970  5.63198e-05 |105  0.04443  3.62442e-05
106 -0.20347 -2.27342e-05 |
  ic > imax  in fminim is answer attained ?
Var    Value     Gradient |Var    Value     Gradient |Var    Value     Gradient
  1 -0.26454 -1.57521e-03 |  2 -0.01873  6.34322e-04 |  3 -0.03206  4.27788e-04
  4 -0.00010  4.71429e-04 |  5 -0.40194  2.50794e-04 |  6  0.03671 -2.16738e-04
  7  0.11611  3.17707e-04 |  8 -0.12109  1.19419e-04 |  9  0.15411  1.37610e-04
 10 -0.16152  1.37306e-03 | 11  0.12305  9.92020e-05 | 12  0.10651  5.40240e-05
 13  0.15306  3.61405e-04 | 14  0.06188  9.79530e-05 | 15  0.02149  1.60742e-04
 16  0.08564  1.97257e-04 | 17  0.03615  6.30105e-05 | 18  0.18185  1.34682e-04
 19 -0.02795 -3.78293e-05 | 20 -0.06380 -2.63152e-05 | 21 -0.03137  4.82919e-05
 22  0.13287  8.40645e-05 | 23 -0.00891  2.04094e-05 | 24 -0.13573  1.05737e-04
 25 -0.19716  9.16052e-06 | 26 -0.13859  6.51426e-05 | 27  0.29508 -2.09960e-04
 28 -0.17868 -2.86117e-05 | 29  0.03452 -1.25047e-04 | 30  0.01575 -1.29209e-04
 31  0.05225 -1.23826e-04 | 32  0.04187 -1.43587e-04 | 33 -0.04397 -9.25372e-05
 34 -0.00380 -4.04252e-05 | 35 -0.17258 -1.13236e-05 | 36  0.02321 -9.81913e-06
 37 -0.16104 -1.83221e-05 | 38 -0.07083 -1.31337e-05 | 39 -0.16819 -8.11024e-05
 40 -0.22163 -1.47641e-04 | 41 -0.09281  1.32858e-04 | 42  0.42335 -6.57384e-05
 43 -0.09757  1.51703e-04 | 44  0.02664 -1.28007e-04 | 45 -0.07651 -5.60817e-05
 46  0.11641 -4.39149e-05 | 47 -0.11735 -4.34629e-05 | 48 -0.30241  2.49643e-05
 49 -0.38666  1.22805e-05 | 50 -0.10777  3.79824e-06 | 51 -0.12955 -2.26149e-05
 52  0.13195  1.37913e-05 | 53  0.20122  3.12579e-05 | 54  0.02136  3.13411e-05
 55  0.17131 -1.73917e-05 | 56  0.27327  4.78747e-05 | 57  0.00856 -1.41761e-05
 58  0.14273 -1.07792e-04 | 59  0.02514 -6.60011e-05 | 60 -0.01370 -6.20377e-05
 61 -0.18132 -4.23963e-05 | 62 -0.12051 -3.92528e-05 | 63  0.00433  1.86767e-05
 64  0.09392  3.80035e-06 | 65 -0.06637  7.43672e-06 | 66  0.09159 -2.90100e-05
 67  0.23067  1.80376e-05 | 68  0.00000  0.00000e+00 | 69  0.00000  0.00000e+00
 70  0.00000  0.00000e+00 | 71  0.00000  0.00000e+00 | 72  0.00000  0.00000e+00
 73  0.00000  0.00000e+00 | 74  0.00000  0.00000e+00 | 75  0.00000  0.00000e+00
 76  0.00000  0.00000e+00 | 77  0.00000  0.00000e+00 | 78  0.00000  0.00000e+00
 79  0.00000  0.00000e+00 | 80 -0.20989  2.84063e-05 | 81  0.15881  2.33338e-04
 82 -0.17584 -6.21538e-04 | 83 -0.26267 -3.98798e-05 | 84  0.27774 -7.38211e-07
 85 -0.15550  3.12519e-05 | 86  0.20917 -1.17417e-05 | 87 -0.15785 -2.33422e-05
 88  0.34464  3.47006e-04 | 89 -0.16705 -7.06767e-04 | 90  0.23787  9.50037e-05
 91 -0.09292 -3.99700e-04 | 92 -0.14191 -1.12450e-04 | 93 -0.32714  4.32653e-05
 94 -0.10464 -2.57593e-05 | 95 -0.06161 -1.72384e-04 | 96 -0.01583 -1.72183e-05
 97 -0.01416  4.94242e-06 | 98 -0.12987 -1.92064e-05 | 99  0.48669  6.09196e-05
100 -0.14435 -1.33596e-04 |101  0.39211  6.24917e-05 |102 -0.26462 -2.66574e-04
103 -0.02854  3.97811e-05 |104 -0.30970  5.63198e-05 |105  0.04443  3.62442e-05
106 -0.20347 -2.27342e-05 |
Function minimizer not making progress ... is minimum attained?
Minimprove criterion = 0.0000e+00

 - final statistics:
106 variables; iteration 1; function evaluation 30
Function value 2.6307e+03; maximum gradient component mag -1.5752e-03
Exit code = 1;  converg criter 1.0000e-04
Var    Value     Gradient |Var    Value     Gradient |Var    Value     Gradient
  1 -0.26454 -1.57521e-03 |  2 -0.01873  6.34322e-04 |  3 -0.03206  4.27788e-04
  4 -0.00010  4.71429e-04 |  5 -0.40194  2.50794e-04 |  6  0.03671 -2.16738e-04
  7  0.11611  3.17707e-04 |  8 -0.12109  1.19419e-04 |  9  0.15411  1.37610e-04
 10 -0.16152  1.37306e-03 | 11  0.12305  9.92020e-05 | 12  0.10651  5.40240e-05
 13  0.15306  3.61405e-04 | 14  0.06188  9.79530e-05 | 15  0.02149  1.60742e-04
 16  0.08564  1.97257e-04 | 17  0.03615  6.30105e-05 | 18  0.18185  1.34682e-04
 19 -0.02795 -3.78293e-05 | 20 -0.06380 -2.63152e-05 | 21 -0.03137  4.82919e-05
 22  0.13287  8.40645e-05 | 23 -0.00891  2.04094e-05 | 24 -0.13573  1.05737e-04
 25 -0.19716  9.16052e-06 | 26 -0.13859  6.51426e-05 | 27  0.29508 -2.09960e-04
 28 -0.17868 -2.86117e-05 | 29  0.03452 -1.25047e-04 | 30  0.01575 -1.29209e-04
 31  0.05225 -1.23826e-04 | 32  0.04187 -1.43587e-04 | 33 -0.04397 -9.25372e-05
 34 -0.00380 -4.04252e-05 | 35 -0.17258 -1.13236e-05 | 36  0.02321 -9.81913e-06
 37 -0.16104 -1.83221e-05 | 38 -0.07083 -1.31337e-05 | 39 -0.16819 -8.11024e-05
 40 -0.22163 -1.47641e-04 | 41 -0.09281  1.32858e-04 | 42  0.42335 -6.57384e-05
 43 -0.09757  1.51703e-04 | 44  0.02664 -1.28007e-04 | 45 -0.07651 -5.60817e-05
 46  0.11641 -4.39149e-05 | 47 -0.11735 -4.34629e-05 | 48 -0.30241  2.49643e-05
 49 -0.38666  1.22805e-05 | 50 -0.10777  3.79824e-06 | 51 -0.12955 -2.26149e-05
 52  0.13195  1.37913e-05 | 53  0.20122  3.12579e-05 | 54  0.02136  3.13411e-05
 55  0.17131 -1.73917e-05 | 56  0.27327  4.78747e-05 | 57  0.00856 -1.41761e-05
 58  0.14273 -1.07792e-04 | 59  0.02514 -6.60011e-05 | 60 -0.01370 -6.20377e-05
 61 -0.18132 -4.23963e-05 | 62 -0.12051 -3.92528e-05 | 63  0.00433  1.86767e-05
 64  0.09392  3.80035e-06 | 65 -0.06637  7.43672e-06 | 66  0.09159 -2.90100e-05
 67  0.23067  1.80376e-05 | 68  0.00000  0.00000e+00 | 69  0.00000  0.00000e+00
 70  0.00000  0.00000e+00 | 71  0.00000  0.00000e+00 | 72  0.00000  0.00000e+00
 73  0.00000  0.00000e+00 | 74  0.00000  0.00000e+00 | 75  0.00000  0.00000e+00
 76  0.00000  0.00000e+00 | 77  0.00000  0.00000e+00 | 78  0.00000  0.00000e+00
 79  0.00000  0.00000e+00 | 80 -0.20989  2.84063e-05 | 81  0.15881  2.33338e-04
 82 -0.17584 -6.21538e-04 | 83 -0.26267 -3.98798e-05 | 84  0.27774 -7.38211e-07
 85 -0.15550  3.12519e-05 | 86  0.20917 -1.17417e-05 | 87 -0.15785 -2.33422e-05
 88  0.34464  3.47006e-04 | 89 -0.16705 -7.06767e-04 | 90  0.23787  9.50037e-05
 91 -0.09292 -3.99700e-04 | 92 -0.14191 -1.12450e-04 | 93 -0.32714  4.32653e-05
 94 -0.10464 -2.57593e-05 | 95 -0.06161 -1.72384e-04 | 96 -0.01583 -1.72183e-05
 97 -0.01416  4.94242e-06 | 98 -0.12987 -1.92064e-05 | 99  0.48669  6.09196e-05
100 -0.14435 -1.33596e-04 |101  0.39211  6.24917e-05 |102 -0.26462 -2.66574e-04
103 -0.02854  3.97811e-05 |104 -0.30970  5.63198e-05 |105  0.04443  3.62442e-05
106 -0.20347 -2.27342e-05 |
size of file gradfil1.tmp = 0
size of file gradfil2.tmp = 0
size of file varssave.tmp = 0
size of file cmpdiff.tmp = 200000008
