
Initial statistics: 3 variables; iteration 0; function evaluation 0; phase 1
Function value 8.0140921e+04; maximum gradient component mag -1.5641e+05
Var    Value     Gradient |Var    Value     Gradient |Var    Value     Gradient
  1 -0.06438 -1.56406e+05 |  2 -0.24381  3.77821e+00 |  3 -0.11374 -2.35528e+01

Intermediate statistics: 3 variables; iteration 20; function evaluation 61; phase 1
Function value 7.5140538e+04; maximum gradient component mag 1.5128e+01
Var    Value     Gradient |Var    Value     Gradient |Var    Value     Gradient
  1  0.14964  1.51283e+01 |  2 -92.19645 -1.21273e-01 |  3 -215.9391 -2.59633e+00

 - final statistics:
3 variables; iteration 21; function evaluation 62
Function value 7.5140e+04; maximum gradient component mag 2.2268e+00
Exit code = 1;  converg criter 1.0000e+01
Var    Value     Gradient |Var    Value     Gradient |Var    Value     Gradient
  1  0.14912  2.22682e+00 |  2 -92.19497  2.62431e-02 |  3 -215.9100 -6.13386e-01

Initial statistics: 13 variables; iteration 0; function evaluation 0; phase 2
Function value 7.5140488e+04; maximum gradient component mag 1.2865e+04
Var    Value     Gradient |Var    Value     Gradient |Var    Value     Gradient
  1 -0.22265  3.46675e+03 |  2  0.03025  7.24171e+03 |  3 -0.08260  1.28652e+04
  4  0.03517  9.66103e+03 |  5 -0.41774  2.67792e+03 |  6  0.00899  6.70429e+03
  7  0.09996  5.58698e+03 |  8 -0.08099  6.82592e+03 |  9  0.13355  6.41123e+03
 10 -0.15067 -4.51396e+01 | 11  0.14912  2.22682e+00 | 12 -0.19497  2.62431e-02
 13  0.08997 -6.13386e-01 |

Intermediate statistics: 13 variables; iteration 20; function evaluation 30; phase 2
Function value 7.2704051e+04; maximum gradient component mag -1.4989e+01
Var    Value     Gradient |Var    Value     Gradient |Var    Value     Gradient
  1 -0.18769  1.15712e+01 |  2  0.06477  1.68867e+00 |  3 -0.23012  6.62226e-01
  4  0.03813  4.91681e+00 |  5 -0.50860  4.44101e-01 |  6 -0.15027 -9.88412e-01
  7  0.14439 -7.06337e+00 |  8 -0.35139  1.03730e-03 |  9  0.08733 -1.72020e+00
 10 -0.12203  2.84037e-01 | 11  0.12406 -1.49894e+01 | 12  2.20686  3.56418e-01
 13 -19.89723  1.81342e-01 |

 - final statistics:
13 variables; iteration 22; function evaluation 32
Function value 7.2704e+04; maximum gradient component mag 2.6758e+00
Exit code = 1;  converg criter 1.0000e+01
Var    Value     Gradient |Var    Value     Gradient |Var    Value     Gradient
  1 -0.18727  1.77277e+00 |  2  0.06476 -3.60709e-01 |  3 -0.22996 -3.13550e-01
  4  0.03798 -5.16431e-01 |  5 -0.50852  2.37162e-01 |  6 -0.15042  4.66015e-01
  7  0.14446  2.67581e+00 |  8 -0.35172 -2.13025e-01 |  9  0.08759  3.20307e-01
 10 -0.12230  4.35400e-02 | 11  0.12558 -1.32715e+00 | 12  2.20249 -3.77981e-02
 13 -19.90061 -1.50371e-02 |

Initial statistics: 45 variables; iteration 0; function evaluation 0; phase 3
Function value 7.2704040e+04; maximum gradient component mag -2.6569e+03
Var    Value     Gradient |Var    Value     Gradient |Var    Value     Gradient
  1 -0.18727  1.77277e+00 |  2  0.06476 -3.60709e-01 |  3 -0.22996 -3.13550e-01
  4  0.03798 -5.16431e-01 |  5 -0.50852  2.37162e-01 |  6 -0.15042  4.66015e-01
  7  0.14446  2.67581e+00 |  8 -0.35172 -2.13025e-01 |  9  0.08759  3.20307e-01
 10 -0.12230  4.35400e-02 | 11  0.12558 -1.32715e+00 | 12 -0.20249  3.77981e-02
 13  0.09939 -1.50371e-02 | 14  0.17762  1.31374e+02 | 15 -0.16941 -2.10889e+02
 16 -0.10463  2.69065e+01 | 17 -0.24990 -3.56116e+00 | 18 -0.67754  2.88714e-01
 19 -0.30309 -4.61396e+00 | 20  0.27260  3.18363e+02 | 21 -0.16137 -2.17554e+02
 22 -0.49571  1.63662e+02 | 23  0.19602 -2.95667e+02 | 24 -0.16422  5.13825e+02
 25  0.30716  6.48511e+02 | 26 -0.18277 -7.60734e+02 | 27 -0.25907  4.21887e+01
 28  0.23921 -1.68554e+02 | 29 -0.09757  2.18414e+02 | 30 -0.18132 -4.65417e+00
 31 -0.14249 -6.57439e+02 | 32 -0.32752  1.56905e+02 | 33 -0.10243 -1.09951e+02
 34 -0.05887 -2.65689e+03 | 35 -0.01443  6.58036e+02 | 36 -0.01155 -9.35248e+02
 37 -0.12914 -8.39984e+01 | 38  0.43041 -7.90086e-01 | 39 -0.16252 -2.56323e+00
 40  0.35254 -2.12995e+01 | 41 -0.27477  4.49950e+01 | 42 -0.02377  9.65132e+02
 43 -0.30585 -5.21177e+02 | 44  0.04086  6.91763e+02 | 45 -0.20709 -4.96813e+02

Intermediate statistics: 45 variables; iteration 20; function evaluation 26; phase 3
Function value 7.2663535e+04; maximum gradient component mag 4.4370e+03
Var    Value     Gradient |Var    Value     Gradient |Var    Value     Gradient
  1 -0.18122 -7.93298e+02 |  2  0.08043  6.44289e+02 |  3 -0.23896  4.17345e+02
  4  0.04077 -7.13406e-01 |  5 -0.51267 -1.54723e+02 |  6 -0.14935 -2.20501e+02
  7  0.14280  1.58183e+03 |  8 -0.34319  2.65685e+02 |  9  0.08479  2.13771e+01
 10 -0.12312 -5.92772e+01 | 11  0.16966  6.80287e+01 | 12 -0.20177 -5.94761e-01
 13  0.09945 -4.37817e-02 | 14  0.16698  5.43046e+01 | 15 -0.17267 -1.16400e+02
 16 -0.15029  2.71002e+01 | 17 -0.24845  8.78832e-01 | 18 -0.67739 -2.83617e-01
 19 -0.29797 -1.19870e+00 | 20  0.28335  4.55503e+02 | 21 -0.15655 -2.41538e+02
 22 -0.53464  1.16684e+02 | 23  0.19800 -5.60364e+01 | 24 -0.17007  1.04495e+02
 25  0.26722 -1.26243e+02 | 26 -0.19644  1.77878e+01 | 27 -0.30737 -2.29439e+01
 28  0.25208 -2.38652e+01 | 29 -0.09538  3.20080e+01 | 30 -0.20609  1.43641e+01
 31 -0.13239 -4.37055e+02 | 32 -0.30679  1.40847e+02 | 33 -0.16055 -9.08090e+01
 34 -0.03785 -5.75693e+02 | 35 -0.00501  4.43704e+03 | 36 -0.00630 -1.82284e+03
 37 -0.12919  1.16520e+03 | 38  0.42627  1.03336e+01 | 39 -0.16124 -9.99685e+00
 40  0.35843 -2.02936e-01 | 41 -0.27772 -4.70161e+00 | 42 -0.04384  3.02740e+02
 43 -0.32823 -1.90507e+02 | 44  0.01415  2.22204e+02 | 45 -0.22574 -1.78295e+02
45 variables; iteration 40; function evaluation 49; phase 3
Function value 7.2650387e+04; maximum gradient component mag 2.8285e+03
Var    Value     Gradient |Var    Value     Gradient |Var    Value     Gradient
  1 -0.17916 -5.20893e+02 |  2  0.07683  3.68392e+02 |  3 -0.23655  2.56227e+02
  4  0.03979 -1.94912e+00 |  5 -0.50800 -3.82128e+01 |  6 -0.15315 -1.54913e+02
  7  0.14349  9.91947e+02 |  8 -0.34739  1.18072e+02 |  9  0.08500 -4.13999e+01
 10 -0.12857 -5.46418e+01 | 11  0.17000  4.96577e+01 | 12 -0.16012  3.11062e+00
 13  0.10549  3.02784e-01 | 14  0.20101  4.77914e+01 | 15 -0.15447 -5.06625e+01
 16 -0.23102  2.07207e+00 | 17 -0.23021  4.21524e+01 | 18 -0.65650 -7.14601e+00
 19 -0.29008  6.06174e+00 | 20  0.28072  2.95645e+02 | 21 -0.15781 -1.58095e+02
 22 -0.53458  7.86450e+01 | 23  0.23836  7.36342e+00 | 24 -0.14762  2.14231e+02
 25  0.27171 -4.48322e+01 | 26 -0.19433 -8.10953e+00 | 27 -0.30536 -8.44689e+00
 28  0.26357  9.65739e+00 | 29 -0.09281 -7.74438e+00 | 30 -0.23212  9.83550e+00
 31 -0.13065 -2.73919e+02 | 32 -0.30415  1.05993e+02 | 33 -0.16097 -6.12868e+01
 34 -0.03582 -3.74356e+02 | 35 -0.00784  2.82852e+03 | 36 -0.00529 -1.15021e+03
 37 -0.12856  7.79922e+02 | 38  0.40800  8.07109e+00 | 39 -0.17431 -1.68639e+01
 40  0.53220 -1.12450e+01 | 41 -0.22138  7.49528e+01 | 42 -0.04256  2.24223e+02
 43 -0.32603 -1.35046e+02 | 44  0.00929  1.21753e+02 | 45 -0.22978 -1.24489e+02

 - final statistics:
45 variables; iteration 54; function evaluation 66
Function value 7.2635e+04; maximum gradient component mag 3.3321e-01
Exit code = 1;  converg criter 1.0000e+00
Var    Value     Gradient |Var    Value     Gradient |Var    Value     Gradient
  1 -0.17868  1.14010e-01 |  2  0.07656 -4.45972e-02 |  3 -0.23847 -9.94327e-03
  4  0.04035  1.75294e-02 |  5 -0.50915  1.55254e-02 |  6 -0.15166  1.75615e-02
  7  0.14179 -1.18488e-01 |  8 -0.34124  2.32006e-03 |  9  0.08294  2.20468e-02
 10 -0.12241 -1.71846e-02 | 11  0.16859 -3.91220e-02 | 12 -0.19604  4.28609e-03
 13  0.10021  2.90918e-03 | 14  0.19364 -6.65498e-03 | 15 -0.15731  5.62367e-02
 16 -0.21703  7.23976e-03 | 17 -0.24801  6.57656e-02 | 18 -0.67028 -1.40768e-02
 19 -0.29421 -9.28886e-03 | 20  0.27531 -1.48037e-01 | 21 -0.15985  1.06555e-02
 22 -0.53686 -4.21771e-02 | 23  0.19845  4.40265e-02 | 24 -0.17230 -5.49181e-02
 25  0.27454  1.09283e-01 | 26 -0.19255 -7.32217e-02 | 27 -0.30475  3.35590e-02
 28  0.26647 -7.46721e-03 | 29 -0.09240  1.93655e-02 | 30 -0.25583 -1.47193e-02
 31 -0.13325 -1.48371e-02 | 32 -0.30898  1.13616e-02 | 33 -0.14361 -9.13224e-03
 34 -0.03238 -3.28805e-02 | 35 -0.01072 -7.53436e-02 | 36 -0.00118  2.02717e-02
 37 -0.13171 -4.80095e-02 | 38  0.41569  3.11107e-02 | 39 -0.16635  6.35017e-03
 40  0.38155 -1.52452e-01 | 41 -0.26991  3.33214e-01 | 42 -0.04235 -2.00515e-02
 43 -0.32450 -8.79033e-03 | 44  0.01275 -1.57162e-02 | 45 -0.22202  1.84101e-02

Initial statistics: 102 variables; iteration 0; function evaluation 0; phase 4
Function value 7.2635201e+04; maximum gradient component mag -2.3427e+04
Var    Value     Gradient |Var    Value     Gradient |Var    Value     Gradient
  1 -0.17868  1.14010e-01 |  2  0.07656 -4.45972e-02 |  3 -0.23847 -9.94327e-03
  4  0.04035  1.75294e-02 |  5 -0.50915  1.55254e-02 |  6 -0.15166  1.75615e-02
  7  0.14179 -1.18488e-01 |  8 -0.34124  2.32006e-03 |  9  0.08294  2.20468e-02
 10 -0.12241 -1.71846e-02 | 11  0.16859 -3.91220e-02 | 12  0.00000  2.49941e+02
 13  0.00000 -3.47269e+01 | 14  0.00000 -3.54120e+02 | 15  0.00000 -2.85613e+02
 16  0.00000 -5.55864e+02 | 17  0.00000 -1.81531e+03 | 18  0.00000 -3.03914e+03
 19  0.00000 -4.08728e+03 | 20  0.00000 -3.86793e+01 | 21  0.00000  3.71752e+03
 22  0.00000  1.84172e+03 | 23  0.00000 -3.98871e+03 | 24  0.00000  1.59794e+03
 25  0.00000  9.11299e+03 | 26  0.00000  1.33498e+04 | 27  0.00000 -1.09163e+03
 28  0.00000 -2.34267e+04 | 29  0.00000 -3.12531e+03 | 30  0.00000 -2.91753e+02
 31  0.00000  8.96107e+01 | 32  0.00000 -3.07491e+02 | 33  0.00000 -3.67693e+01
 34  0.00000  1.88634e+03 | 35  0.00000  1.09486e+03 | 36  0.00000  2.42722e+03
 37  0.00000 -1.51242e+03 | 38  0.00000  2.10830e+03 | 39  0.00000  9.24832e+02
 40  0.00000  1.74347e+03 | 41  0.00000  4.85277e+02 | 42  0.00000 -4.90879e+03
 43  0.00000 -8.82061e+03 | 44  0.00000 -4.36017e+02 | 45  0.00000  1.82959e+03
 46  0.00000  2.91389e+03 | 47  0.00000  1.71730e+03 | 48  0.00000  3.64389e+03
 49  0.00000  4.52687e+03 | 50  0.00000  3.97977e+03 | 51  0.00000  2.09627e+03
 52  0.00000 -2.23381e+03 | 53  0.00000 -4.70210e+03 | 54  0.00000 -3.01791e+03
 55  0.00000 -3.52029e+02 | 56  0.00000 -2.45828e+03 | 57  0.00000 -2.59055e+03
 58  0.00000  4.00566e+02 | 59  0.00000 -2.00749e+03 | 60  0.00000 -1.47057e+03
 61  0.00000  2.57899e+03 | 62  0.00000  2.95077e+03 | 63  0.00000  1.01046e+03
 64  0.00000  1.60350e+02 | 65  0.00000  8.05749e+02 | 66  0.00000  1.33882e+03
 67  0.00000  1.94226e+02 | 68  0.00000 -1.66132e+02 | 69 -0.19604  4.28609e-03
 70  0.10021  2.90918e-03 | 71  0.19364 -6.65498e-03 | 72 -0.15731  5.62367e-02
 73 -0.21703  7.23976e-03 | 74 -0.24801  6.57656e-02 | 75 -0.67028 -1.40768e-02
 76 -0.29421 -9.28886e-03 | 77  0.27531 -1.48037e-01 | 78 -0.15985  1.06555e-02
 79 -0.53686 -4.21771e-02 | 80  0.19845  4.40265e-02 | 81 -0.17230 -5.49181e-02
 82  0.27454  1.09283e-01 | 83 -0.19255 -7.32217e-02 | 84 -0.30475  3.35590e-02
 85  0.26647 -7.46721e-03 | 86 -0.09240  1.93655e-02 | 87 -0.25583 -1.47193e-02
 88 -0.13325 -1.48371e-02 | 89 -0.30898  1.13616e-02 | 90 -0.14361 -9.13224e-03
 91 -0.03238 -3.28805e-02 | 92 -0.01072 -7.53436e-02 | 93 -0.00118  2.02717e-02
 94 -0.13171 -4.80095e-02 | 95  0.41569  3.11107e-02 | 96 -0.16635  6.35017e-03
 97  0.38155 -1.52452e-01 | 98 -0.26991  3.33214e-01 | 99 -0.04235 -2.00515e-02
100 -0.32450 -8.79033e-03 |101  0.01275 -1.57162e-02 |102 -0.22202  1.84101e-02

Intermediate statistics: 102 variables; iteration 20; function evaluation 29; phase 4
Function value 5.7094787e+04; maximum gradient component mag -1.3010e+04
Var    Value     Gradient |Var    Value     Gradient |Var    Value     Gradient
  1 -0.08989  4.13165e+03 |  2  0.07377 -1.33486e+03 |  3 -0.21844 -9.66203e+02
  4  0.08968 -3.86365e+02 |  5 -0.50692 -1.23209e+03 |  6 -0.16208  3.51416e+02
  7  0.11415 -1.30097e+04 |  8 -0.22234 -1.60593e+03 |  9 -0.01009 -1.53096e+03
 10 -0.13869 -1.29679e+03 | 11  0.65188 -9.26985e+01 | 12  0.12577 -2.20060e+02
 13  0.05172 -1.36405e+02 | 14  0.20607 -8.67625e+02 | 15 -0.05119 -2.41113e+02
 16 -0.10765 -6.78554e+01 | 17  0.24875  2.95987e+02 | 18 -0.27169  2.63480e+01
 19  0.29424  8.30407e+02 | 20 -0.21254  4.27837e+00 | 21  0.06115 -7.69141e+01
 22 -0.08156 -1.67599e+02 | 23  0.21307 -1.07678e+03 | 24  0.05807 -1.10497e+02
 25 -0.07637 -6.90364e+00 | 26 -0.48771  1.27229e+01 | 27 -0.16078  7.52409e+02
 28  0.40101  3.11204e+03 | 29 -0.65113 -2.55857e+00 | 30  0.17717  1.42681e+02
 31  0.12557  4.89097e+02 | 32  0.13384  2.80627e+02 | 33  0.12497 -6.05923e+02
 34 -0.10894 -6.72615e+02 | 35  0.13484 -9.09394e+02 | 36 -0.40055 -5.14731e+01
 37  0.14723 -9.01580e+02 | 38 -0.14116 -6.65555e+01 | 39  0.07209  1.27335e+02
 40 -0.10291  1.17953e+02 | 41  0.02815  1.21385e+02 | 42 -0.56544 -5.25345e+01
 43  0.49860  1.24505e+02 | 44 -0.43869 -4.91963e+00 | 45 -0.02345  1.25897e+02
 46 -0.08623 -2.74520e+01 | 47  0.05826 -8.32294e+02 | 48 -0.15980  1.12598e+02
 49 -0.25103  2.78462e+02 | 50 -0.19740  2.51827e+02 | 51 -0.07681  1.85818e+02
 52  0.15901 -7.64983e+01 | 53  0.23302 -4.54597e+02 | 54  0.19853  1.11927e+02
 55 -0.05512 -5.28835e+01 | 56  0.18314 -4.20614e+02 | 57  0.18544 -4.32551e+02
 58 -0.15525 -3.31681e+01 | 59  0.15500 -1.43801e+02 | 60  0.14971  8.14212e+01
 61 -0.16452  2.93596e+02 | 62 -0.19784  2.71031e+02 | 63  0.03428  3.62577e+02
 64  0.06037  3.77688e+02 | 65 -0.00591  3.44794e+02 | 66 -0.19350  5.98221e+01
 67  0.00372  1.37774e+02 | 68  0.16916  4.36806e+01 | 69 -0.17116 -2.77321e+01
 70  0.09433  3.70445e+00 | 71  0.17001 -1.75153e+02 | 72 -0.15519  2.34712e+02
 73 -0.21887 -3.48117e+01 | 74 -0.25395 -7.01465e+00 | 75 -0.67024  1.63427e+00
 76 -0.30004 -1.84426e+00 | 77  0.24703 -1.93347e+03 | 78 -0.15947  2.04961e+03
 79 -0.51395 -3.66611e+02 | 80  0.22943 -2.02342e+02 | 81 -0.15111  4.40027e+02
 82  0.26004 -3.59956e+02 | 83 -0.19880  2.53124e+02 | 84 -0.28990 -5.56869e+01
 85  0.24812 -1.45001e+02 | 86 -0.09184  2.81477e+02 | 87 -0.24382 -2.18289e+01
 88 -0.13004  1.74567e+03 | 89 -0.32794 -7.35106e+02 | 90 -0.15022  1.89933e+02
 91 -0.05112  2.39533e+01 | 92 -0.00525  2.69563e+03 | 93  0.00501 -8.01015e+02
 94 -0.10618  1.06453e+03 | 95  0.42007 -3.09260e+01 | 96 -0.16535  4.67791e+01
 97  0.37445  5.96161e+00 | 98 -0.25775  9.39142e-01 | 99 -0.04739 -1.57454e+03
100 -0.32378  9.15000e+02 |101  0.05640 -5.74199e+02 |102 -0.20788  3.55430e+02
102 variables; iteration 40; function evaluation 51; phase 4
Function value 5.6785784e+04; maximum gradient component mag 5.5039e+03
Var    Value     Gradient |Var    Value     Gradient |Var    Value     Gradient
  1 -0.11779  7.10522e+02 |  2  0.05721  7.60417e+02 |  3 -0.17974  9.85208e+02
  4  0.07247  1.99264e+02 |  5 -0.50041 -4.05000e+02 |  6 -0.16226 -6.55111e+02
  7  0.13124 -5.44759e+03 |  8 -0.30158 -4.45623e+02 |  9  0.05484 -2.13631e+02
 10 -0.14291 -5.04911e+02 | 11  0.74172 -3.07452e+01 | 12  0.13690 -6.00935e+01
 13 -0.40313 -7.49609e+00 | 14  0.28485 -7.67640e+01 | 15 -0.50167 -1.87137e+01
 16 -0.29844 -1.63445e+01 | 17  0.26956  8.53101e+02 | 18 -0.20325  2.30705e+01
 19  0.27097 -1.43120e+03 | 20 -0.31035 -5.70902e+01 | 21  0.08855  9.09050e+01
 22 -0.13520 -9.90613e+01 | 23  0.22096 -8.84717e+02 | 24  0.03599 -3.00170e+02
 25 -0.05406 -5.01342e+01 | 26 -0.57815 -3.46398e+01 | 27 -0.32189  7.88595e+00
 28  0.40381  1.79678e+03 | 29 -0.46359  1.13248e+01 | 30  0.19165  4.48018e+02
 31  0.13749  5.05046e+02 | 32  0.14618  1.51961e+02 | 33  0.14402 -4.99049e+01
 34 -0.01441 -1.48073e+02 | 35  0.16620  4.33314e+01 | 36 -0.73516 -1.47585e+01
 37  0.18624 -3.86969e+01 | 38 -0.11077 -7.96331e+00 | 39  0.07279 -4.35726e+02
 40 -0.12617 -3.35337e+01 | 41  0.07088  3.47106e+02 | 42 -1.35398  3.14671e+01
 43  0.52938  8.17080e+02 | 44 -0.33659  2.12672e+01 | 45  0.00135  1.35928e+02
 46 -0.11649 -1.19803e+02 | 47  0.09403 -8.42891e+02 | 48 -0.19804 -8.20277e+01
 49 -0.39145  3.13288e+01 | 50 -0.22713  6.53482e+01 | 51 -0.06001  9.91031e+01
 52  0.16671 -3.27940e+01 | 53  0.27408  1.35623e+01 | 54  0.20726  3.06644e+01
 55 -0.02054  1.42117e+01 | 56  0.20566 -9.49288e+01 | 57  0.22049  4.02271e+01
 58 -0.12765  1.24877e+01 | 59  0.15793 -1.15014e+02 | 60  0.18035  2.39803e+01
 61 -0.28982  6.52743e+00 | 62 -0.36510 -4.39186e+00 | 63  0.03250 -1.85301e+02
 64  0.05815 -3.82657e+02 | 65 -0.02295 -1.67481e+02 | 66 -0.16479  5.86994e+01
 67  0.00167  5.94468e+01 | 68  0.22219  1.33995e+02 | 69 -0.04968 -1.50515e+01
 70  0.07585  1.46278e+00 | 71  0.17026 -1.12487e+02 | 72 -0.15420  1.79186e+02
 73 -0.21156 -1.87752e+01 | 74 -0.25312 -1.32263e+00 | 75 -0.67440  7.86525e-01
 76 -0.30860 -3.93626e-01 | 77  0.26180 -1.25140e+03 | 78 -0.14676  1.88165e+03
 79 -0.52463 -1.75272e+02 | 80  0.22758 -3.67129e+02 | 81 -0.13731  7.85014e+02
 82  0.26208 -3.18629e+02 | 83 -0.19584  2.34455e+02 | 84 -0.29485 -5.16521e+01
 85  0.24031  4.27271e+00 | 86 -0.09431  2.48336e+00 | 87 -0.21698  1.58436e+00
 88 -0.11231  3.41426e+03 | 89 -0.31099 -1.29444e+03 | 90 -0.16121  3.58232e+02
 91 -0.06412  1.45944e+02 | 92 -0.00339  5.50387e+03 | 93  0.00007 -2.30726e+03
 94 -0.12728  1.30836e+03 | 95  0.41870 -1.71499e+01 | 96 -0.16836  2.26123e+01
 97  0.35270  9.33128e+00 | 98 -0.26720 -1.45429e+01 | 99 -0.05211 -3.18161e+02
100 -0.33653  1.57993e+02 |101  0.06061  3.80570e+02 |102 -0.21434 -4.52942e+02
102 variables; iteration 60; function evaluation 72; phase 4
Function value 5.6764766e+04; maximum gradient component mag -6.1721e+03
Var    Value     Gradient |Var    Value     Gradient |Var    Value     Gradient
  1 -0.10357  1.38778e+02 |  2  0.05740  3.66943e+02 |  3 -0.18024  6.31533e+02
  4  0.07215  2.68144e+00 |  5 -0.50094 -4.21402e+02 |  6 -0.16618 -9.73781e+02
  7  0.13265 -6.17213e+03 |  8 -0.30988 -6.81112e+02 |  9  0.05604 -4.08814e+02
 10 -0.14570 -5.17247e+02 | 11  0.70659 -3.05461e+01 | 12  0.09633 -1.06829e+02
 13 -0.14417  1.98651e+01 | 14  0.26887  2.28793e+02 | 15 -0.77895 -7.97513e+00
 16 -0.05640  1.06679e+02 | 17  0.23833  1.10118e+03 | 18 -0.12202  8.48038e+01
 19  0.25561 -1.13917e+03 | 20 -0.43440 -3.59240e+01 | 21  0.07109  8.86262e+01
 22 -0.15334 -1.07113e+02 | 23  0.19605 -1.15821e+03 | 24  0.00954 -4.39437e+02
 25 -0.08722 -1.43777e+02 | 26 -0.56598 -3.63585e+01 | 27 -0.36014  2.63540e+00
 28  0.36584  1.50686e+03 | 29 -0.45111  1.98886e+01 | 30  0.15930  5.33697e+02
 31  0.10368  4.14624e+02 | 32  0.10705 -1.70871e+02 | 33  0.10377 -2.59915e+02
 34 -0.03520 -1.42487e+01 | 35  0.13165  3.46098e+02 | 36 -0.93231 -3.81194e+00
 37  0.14911  4.22592e+01 | 38 -0.15415 -3.81912e+01 | 39  0.02719 -5.67369e+02
 40 -0.15158 -1.88506e+01 | 41  0.02473  3.02646e+02 | 42 -1.42896  5.06360e+01
 43  0.47335  9.16148e+02 | 44 -0.34355  3.73895e+01 | 45 -0.04039  1.14509e+02
 46 -0.17513 -1.40317e+02 | 47  0.05683 -7.67873e+02 | 48 -0.25080 -8.57536e+01
 49 -0.45351  2.28942e+01 | 50 -0.28101  4.74243e+01 | 51 -0.10773  7.84363e+01
 52  0.12059 -3.16897e+00 | 53  0.22659  1.28034e+02 | 54  0.15616  3.57231e+01
 55 -0.06493  1.48905e+01 | 56  0.15364 -1.49425e+02 | 57  0.16770  2.18202e+01
 58 -0.15912  5.36658e+01 | 59  0.10739 -1.29098e+02 | 60  0.12255 -6.10014e+01
 61 -0.33291  8.92555e+00 | 62 -0.45716 -1.11319e+01 | 63 -0.02128 -1.94400e+02
 64  0.00455 -3.89020e+02 | 65 -0.08463 -2.04209e+02 | 66 -0.21666  7.35257e+01
 67 -0.05038  8.20136e+01 | 68  0.14430  9.04851e+01 | 69  0.18585  6.44842e+00
 70  0.03869 -1.26914e+00 | 71  0.17382 -7.42911e+01 | 72 -0.15319  1.46294e+02
 73 -0.21570 -1.00647e+01 | 74 -0.25598 -5.44759e-01 | 75 -0.69302  4.85424e-01
 76 -0.30629  3.78815e-01 | 77  0.26404 -1.14873e+03 | 78 -0.14729  1.76635e+03
 79 -0.52711 -1.61731e+02 | 80  0.22595 -3.21382e+02 | 81 -0.14057  6.67968e+02
 82  0.26249 -2.74098e+02 | 83 -0.19474  2.44742e+02 | 84 -0.29061 -3.34573e+01
 85  0.24234  4.42083e+01 | 86 -0.09506 -8.79018e+01 | 87 -0.22376  2.38773e+00
 88 -0.10937  3.59092e+03 | 89 -0.30653 -1.34640e+03 | 90 -0.16479  3.80572e+02
 91 -0.06139  4.45841e+02 | 92 -0.00212  5.56593e+03 | 93  0.00179 -2.27443e+03
 94 -0.12980  1.30713e+03 | 95  0.41924 -1.93829e+01 | 96 -0.16766  2.57455e+01
 97  0.27196  5.57100e-01 | 98 -0.30038 -1.91742e+01 | 99 -0.05432 -3.31640e+02
100 -0.33844  1.62376e+02 |101  0.05817  2.48826e+02 |102 -0.21335 -3.39623e+02
102 variables; iteration 80; function evaluation 93; phase 4
Function value 5.6576127e+04; maximum gradient component mag -3.2702e+03
Var    Value     Gradient |Var    Value     Gradient |Var    Value     Gradient
  1 -0.09509  3.93848e+02 |  2  0.05436 -3.34155e+02 |  3 -0.18465 -2.46171e+02
  4  0.07396 -4.44443e+02 |  5 -0.50928 -3.21345e+02 |  6 -0.16069 -1.90453e+02
  7  0.13592 -3.27024e+03 |  8 -0.29189 -4.35624e+02 |  9  0.04526 -4.80208e+02
 10 -0.12649 -2.64225e+02 | 11  0.75190 -8.49772e+00 | 12  0.09849 -3.62130e+01
 13 -0.21168  9.34808e+00 | 14  0.25324  3.77517e+01 | 15 -0.75525 -9.36997e+00
 16 -0.06125  2.78170e+01 | 17  0.21235  5.27132e+02 | 18 -0.17844  5.24574e+01
 19  0.24836 -4.71337e+02 | 20 -0.36023 -4.42799e+01 | 21  0.02310 -1.95052e+00
 22 -0.07744  1.57713e+02 | 23  0.17338  8.12476e+00 | 24  0.00617 -3.76596e+01
 25 -0.13091 -7.84223e+01 | 26 -0.53027 -3.66882e+01 | 27 -0.42814 -3.14598e+01
 28  0.32108  3.53138e+02 | 29 -0.35780  6.04335e+01 | 30  0.11596  1.25011e+02
 31  0.05558  2.81515e+01 | 32  0.07152 -9.83693e+01 | 33  0.06424 -9.92997e+01
 34 -0.07116  1.74507e+00 | 35  0.08346 -9.42458e+00 | 36 -0.85479 -9.58114e+00
 37  0.10514 -7.48336e+01 | 38 -0.21780 -6.25356e+01 | 39  0.00832 -1.03192e+02
 40 -0.21974 -5.06524e+01 | 41 -0.04277  3.98976e+00 | 42 -1.29982  3.75619e+01
 43  0.41731 -3.09624e+01 | 44 -0.44235  7.87652e+00 | 45 -0.08156  8.26584e+01
 46 -0.20928 -7.29675e+01 | 47  0.04177  3.80005e+01 | 48 -0.26217  2.41060e+01
 49 -0.52717  1.60564e+01 | 50 -0.34737  3.53102e+00 | 51 -0.15957 -8.26408e+00
 52  0.08378  2.41036e+01 | 53  0.18484  1.58240e+02 | 54  0.10522  2.78388e+01
 55 -0.06475  1.90740e+02 | 56  0.10348 -8.47528e+01 | 57  0.12391  1.73511e+00
 58 -0.20150  6.31845e+01 | 59  0.06781  5.16217e+00 | 60  0.07981  5.68860e+01
 61 -0.44351 -1.66489e+01 | 62 -0.50542 -1.36017e+01 | 63 -0.07038 -9.35476e+01
 64 -0.04416 -1.30549e+02 | 65 -0.12815 -1.38629e+01 | 66 -0.30439  2.28382e+01
 67 -0.12326 -2.36381e+01 | 68  0.04505 -2.52258e+01 | 69 -0.25238 -2.36267e+01
 70  0.21275  5.71217e+00 | 71  0.17392  4.08020e+01 | 72 -0.15475  3.34440e+01
 73 -0.20891  2.34856e+01 | 74 -0.27361  1.03535e+01 | 75 -1.06695  3.66146e-01
 76 -0.29216  4.50783e+00 | 77  0.27237 -3.61568e+02 | 78 -0.15736  4.22928e+02
 79 -0.54681 -1.28608e+02 | 80  0.20732 -9.49466e+01 | 81 -0.16118  9.42799e+01
 82  0.26222 -1.24952e+02 | 83 -0.19432  1.24232e+02 | 84 -0.28263 -2.10163e+00
 85  0.24642  4.30369e+01 | 86 -0.08936 -1.89081e+01 | 87 -0.21961  7.94942e+00
 88 -0.13852  1.70064e+02 | 89 -0.32632 -1.40692e+02 | 90 -0.14906 -1.82678e+01
 91 -0.06078 -2.16260e+02 | 92 -0.01161  1.31742e+03 | 93  0.00441 -5.98462e+02
 94 -0.12667  2.93716e+02 | 95  0.41866 -2.80707e+01 | 96 -0.16405  4.18738e+01
 97  0.41276 -2.85008e+01 | 98 -0.20362  1.39557e+02 | 99 -0.05166 -3.90065e+02
100 -0.32912  3.21152e+02 |101  0.04251 -1.32803e+02 |102 -0.21752  7.91894e+00
102 variables; iteration 100; function evaluation 117; phase 4
Function value 5.6536634e+04; maximum gradient component mag -9.0742e+02
Var    Value     Gradient |Var    Value     Gradient |Var    Value     Gradient
  1 -0.10948  8.47190e+01 |  2  0.05067 -2.44338e+02 |  3 -0.18302 -2.06514e+02
  4  0.07544 -1.80157e+02 |  5 -0.51051 -1.21616e+02 |  6 -0.15946 -3.33441e+01
  7  0.14005 -9.07420e+02 |  8 -0.30072 -1.18742e+02 |  9  0.05154 -1.79855e+02
 10 -0.12228 -9.51812e+01 | 11  0.73362 -1.31119e+00 | 12  0.10605 -1.27898e+01
 13 -0.29609  7.52694e-01 | 14  0.25876  2.65344e+01 | 15 -0.74994 -9.77193e+00
 16 -0.07508 -1.07326e+01 | 17  0.22003  3.06346e+02 | 18 -0.25825  1.77537e+01
 19  0.25847 -1.68964e+02 | 20 -0.28367 -4.00715e+01 | 21  0.03079 -9.32572e+01
 22 -0.09720 -1.38273e+00 | 23  0.18685  4.44092e+01 | 24  0.01340  4.20147e+01
 25 -0.11181 -2.74483e+01 | 26 -0.57153 -3.86663e+01 | 27 -0.40733 -3.41581e+01
 28  0.33534  2.46523e+02 | 29 -0.41586  2.63709e+01 | 30  0.12914 -5.27427e+01
 31  0.06846 -2.20723e+01 | 32  0.08873 -1.31577e+00 | 33  0.08285  1.29430e+01
 34 -0.05505 -8.51800e+00 | 35  0.10088 -1.02367e+02 | 36 -0.77678 -1.45506e+01
 37  0.12611 -2.14202e+01 | 38 -0.18872 -3.04828e+01 | 39  0.03138 -2.08436e+01
 40 -0.18051 -1.06801e+01 | 41 -0.01972  2.63185e+01 | 42 -1.31065  3.58230e+01
 43  0.44635 -2.35966e+01 | 44 -0.35332  3.10133e+01 | 45 -0.07266  2.99773e+01
 46 -0.16254 -4.53620e+01 | 47  0.06573 -2.36983e+01 | 48 -0.25154 -1.44324e+01
 49 -0.44735  3.01799e+01 | 50 -0.32969 -5.01054e+00 | 51 -0.12862 -7.86872e+00
 52  0.11271 -1.96790e+00 | 53  0.21106  4.42016e+01 | 54  0.14042  1.81861e+01
 55 -0.07405  4.74260e+01 | 56  0.13966 -5.21389e+01 | 57  0.15401 -1.18527e+01
 58 -0.18495  2.72801e+01 | 59  0.10320  8.27976e+00 | 60  0.10977  3.27315e+01
 61 -0.33872  7.86506e+00 | 62 -0.58413 -1.94368e+01 | 63 -0.03187 -2.32333e+01
 64 -0.00647 -3.75690e+01 | 65 -0.09080  1.14945e+01 | 66 -0.26473  2.81747e+01
 67 -0.07647  7.88978e+00 | 68  0.09334 -8.32808e-01 | 69  0.03014  2.26155e+00
 70  0.07083  5.33266e-01 | 71  0.18532  5.40016e+01 | 72 -0.14928  1.29040e+01
 73 -0.23761  5.08911e+00 | 74 -0.25575 -7.05472e+00 | 75 -1.29378 -4.16388e-01
 76 -0.33458 -2.11642e+01 | 77  0.26793 -6.79913e+01 | 78 -0.16234  4.52390e+00
 79 -0.53053 -4.71236e+01 | 80  0.21630 -1.96538e+01 | 81 -0.15758 -5.88896e+00
 82  0.26443 -2.67778e+01 | 83 -0.19405  1.16120e+01 | 84 -0.28486  3.51216e+00
 85  0.24565 -2.41637e+00 | 86 -0.08933 -2.75962e-01 | 87 -0.24828 -1.51535e+01
 88 -0.14092 -2.03428e+02 | 89 -0.32498  1.68631e+01 | 90 -0.14505 -5.30055e+01
 91 -0.06082 -1.73026e+02 | 92 -0.01418  5.63319e+01 | 93  0.00469 -1.36530e+02
 94 -0.12811 -5.40349e+01 | 95  0.43270  1.82747e+00 | 96 -0.16431 -1.79963e+00
 97  0.34609 -1.28327e+01 | 98 -0.25126  4.78561e+01 | 99 -0.05467 -6.55693e+01
100 -0.33662  8.12667e+01 |101  0.05495 -4.67499e+00 |102 -0.20426  1.73150e+00
102 variables; iteration 120; function evaluation 151; phase 4
Function value 5.6314333e+04; maximum gradient component mag -1.5822e+02
Var    Value     Gradient |Var    Value     Gradient |Var    Value     Gradient
  1 -0.10973  6.41352e+01 |  2  0.04977  4.41230e+01 |  3 -0.18668  5.19652e+01
  4  0.06911 -2.04838e+00 |  5 -0.50837 -2.52714e+01 |  6 -0.16010  8.70111e+00
  7  0.14161 -1.58221e+02 |  8 -0.31475  1.34472e+00 |  9  0.05520  1.77834e+01
 10 -0.12029 -1.02627e+01 | 11  0.87904 -1.05043e+00 | 12  0.10956  7.63082e+00
 13 -0.25350  4.43773e+00 | 14  0.25109 -6.34314e+00 | 15 -1.18817  7.47324e+00
 16 -0.01418 -3.86589e+00 | 17  0.20621  1.27062e+00 | 18 -0.21038  8.10943e+00
 19  0.25563  1.66941e+01 | 20 -0.14735 -6.88406e-01 | 21  0.01829 -4.45649e+01
 22 -0.08341 -2.06473e+00 | 23  0.18928 -1.96930e+01 | 24  0.01518  1.67626e+00
 25 -0.10672 -9.04586e+00 | 26 -0.59036 -2.74667e+01 | 27 -0.35098  3.44012e+01
 28  0.34071 -9.43643e+01 | 29 -0.48563  8.73610e+00 | 30  0.13983  9.02598e+01
 31  0.07587 -1.35131e+01 | 32  0.09615 -6.37941e+01 | 33  0.09208 -8.70872e+00
 34 -0.03583  2.16822e+01 | 35  0.10435  1.29211e+01 | 36 -0.28446  9.93746e-01
 37  0.13377  6.51465e+00 | 38 -0.15931  3.49626e+00 | 39  0.04351 -8.22061e+00
 40 -0.13304  5.72374e+00 | 41 -0.10807  1.26081e+01 | 42 -2.17630 -2.93237e+01
 43  0.43847  3.17811e+01 | 44 -0.39406 -1.54157e+00 | 45 -0.05609 -1.06704e+01
 46 -0.12392 -7.14284e+00 | 47  0.07965 -2.57238e+01 | 48 -0.21887 -9.77290e-01
 49 -1.43103  6.70493e+00 | 50 -0.28567  1.83932e+00 | 51 -0.11278 -5.13753e+00
 52  0.13361 -7.68023e+00 | 53  0.22727  3.26957e+01 | 54  0.15741 -3.42518e-01
 55 -0.07416  2.29239e+00 | 56  0.16161  5.46368e+00 | 57  0.16776  7.42458e+00
 58 -0.18410 -1.87084e+00 | 59  0.12445 -1.09570e-01 | 60  0.11990 -7.29601e-02
 61 -0.34381  5.43499e+00 | 62 -0.41658  1.16904e+00 | 63 -0.01730 -5.21108e+00
 64  0.00997 -2.08788e+01 | 65 -0.07829 -1.07679e+00 | 66 -0.25961  3.60476e-01
 67 -0.06094  2.52190e+00 | 68  0.11116  3.02008e+00 | 69  0.03666  5.02951e-01
 70  0.07105  6.44245e-01 | 71  0.16628  6.23735e+00 | 72 -0.16149 -2.52538e-01
 73 -0.20588  1.04744e+00 | 74 -0.26226 -1.73583e+00 | 75 -1.27077 -4.39156e-01
 76 -0.30072  2.62426e+00 | 77  0.26650  7.16745e+00 | 78 -0.16331 -9.76318e+00
 79 -0.51944  4.06850e+00 | 80  0.22585  2.38229e+00 | 81 -0.15233 -4.29274e+00
 82  0.26799 -1.30378e+00 | 83 -0.19261  1.26088e+00 | 84 -0.29110 -2.78746e+00
 85  0.23959  1.18561e-01 | 86 -0.09175  8.45709e+00 | 87 -0.22163 -2.95422e+00
 88 -0.13876 -6.12587e+00 | 89 -0.32133 -7.52461e+00 | 90 -0.14185 -6.06685e+00
 91 -0.06047 -2.08932e+01 | 92 -0.01382 -8.82264e+01 | 93  0.00657  3.99050e+01
 94 -0.12812 -2.29872e+01 | 95  0.42155 -6.62918e+00 | 96 -0.16902  6.92913e+00
 97  0.30736  6.66793e-01 | 98 -0.28107 -5.98310e+00 | 99 -0.05530 -3.09201e+01
100 -0.33987  2.11039e+01 |101  0.05598  7.47683e+00 |102 -0.20454 -6.12019e+00
102 variables; iteration 140; function evaluation 171; phase 4
Function value 5.6296703e+04; maximum gradient component mag 4.3039e+01
Var    Value     Gradient |Var    Value     Gradient |Var    Value     Gradient
  1 -0.11400 -2.14023e+01 |  2  0.04893  1.51118e+01 |  3 -0.18553  1.06029e+01
  4  0.06976 -3.04813e+00 |  5 -0.50817 -2.80470e+00 |  6 -0.15960 -4.93932e+00
  7  0.14224  1.60244e+01 |  8 -0.31704  4.31447e+00 |  9  0.05530  2.14470e+00
 10 -0.12069 -1.93744e+00 | 11  1.14590  6.59710e-01 | 12  0.13351  7.45496e-01
 13 -0.26015 -1.51774e+00 | 14  0.22054  5.39824e+00 | 15 -2.02551 -4.74546e+00
 16 -0.19713  3.10690e+00 | 17  0.22365 -7.30183e+00 | 18 -0.33301 -6.16687e+00
 19  0.26435 -9.30730e+00 | 20 -0.16143 -2.29055e+00 | 21  0.02951 -9.09566e+00
 22 -0.08300 -2.18299e+00 | 23  0.19671  2.07238e+01 | 24  0.02333  2.72344e+00
 25 -0.10684 -8.14814e+00 | 26 -0.47920 -1.24525e+01 | 27 -0.36127  2.52444e+01
 28  0.34981 -2.49282e-01 | 29 -0.44331  1.45217e+01 | 30  0.14595 -4.94229e+00
 31  0.08442 -1.36318e+01 | 32  0.10489 -2.14220e+01 | 33  0.10050 -1.23388e+00
 34 -0.02915  5.66659e+00 | 35  0.11324  1.28578e+01 | 36 -0.27571  1.81429e+00
 37  0.14269  7.84774e+00 | 38 -0.15116  2.10232e+00 | 39  0.05245 -3.15565e+00
 40 -0.12514  7.03205e-01 | 41 -0.10268 -4.37609e+00 | 42 -2.18209 -2.34768e+00
 43  0.44871 -7.10963e+00 | 44 -0.37052  2.65295e+00 | 45 -0.04639 -1.16903e+00
 46 -0.11476 -1.60832e+00 | 47  0.08969 -4.39051e+00 | 48 -0.20980  6.96116e-03
 49 -1.46599  3.97913e+00 | 50 -0.27834  9.70019e-01 | 51 -0.10102  2.50479e+00
 52  0.14474  3.91275e+00 | 53  0.23742  5.39397e+00 | 54  0.16937  1.64737e+00
 55 -0.06449 -7.42863e-02 | 56  0.17312 -4.42572e+00 | 57  0.17934 -4.92318e+00
 58 -0.16998  1.34736e+00 | 59  0.13628 -2.04758e+00 | 60  0.13310 -4.00792e+00
 61 -0.33903 -2.80578e-02 | 62 -0.39724  1.45022e+00 | 63 -0.00427 -2.93839e-01
 64  0.02459 -3.44614e+00 | 65 -0.06457  7.25962e-01 | 66 -0.24456  5.74817e-01
 67 -0.04768 -4.33746e-01 | 68  0.12335 -8.13648e-01 | 69  0.04871  4.74384e-03
 70  0.05955  3.85417e-03 | 71  0.16383  5.66487e-01 | 72 -0.16266 -2.84293e+00
 73 -0.20290 -2.75018e-01 | 74 -0.25524 -4.51708e-01 | 75 -1.31191 -5.84897e-01
 76 -0.30596  1.15981e+00 | 77  0.26671  6.52225e+00 | 78 -0.16301 -9.06423e+00
 79 -0.52064  7.94388e-01 | 80  0.22584  2.47456e+00 | 81 -0.15228 -3.98943e+00
 82  0.26765  1.11318e+00 | 83 -0.19265 -1.70459e+00 | 84 -0.28815  4.79409e-01
 85  0.23646  1.53698e+00 | 86 -0.09287 -1.53190e+00 | 87 -0.21236 -1.75238e-02
 88 -0.13851  6.42666e+00 | 89 -0.32041 -8.36546e-01 | 90 -0.14060  1.79096e+00
 91 -0.06015  1.80418e+01 | 92 -0.01352  4.30393e+01 | 93  0.00631 -1.25773e+01
 94 -0.12837  1.41601e+01 | 95  0.45506  9.20783e+00 | 96 -0.15404 -8.41317e+00
 97  0.31970  2.56392e-02 | 98 -0.27441  6.08712e-01 | 99 -0.05567 -1.01237e+01
100 -0.34052  6.61640e+00 |101  0.05644  3.13609e+00 |102 -0.20390 -3.35096e+00
102 variables; iteration 160; function evaluation 191; phase 4
Function value 5.6295063e+04; maximum gradient component mag 8.3856e+00
Var    Value     Gradient |Var    Value     Gradient |Var    Value     Gradient
  1 -0.11470 -3.81387e+00 |  2  0.04903 -4.43644e-01 |  3 -0.18574 -1.55902e+00
  4  0.07021  3.27873e+00 |  5 -0.50823  1.22622e+00 |  6 -0.15959 -8.18313e-01
  7  0.14223 -1.95142e+00 |  8 -0.31708 -4.02800e-01 |  9  0.05513  6.95503e-01
 10 -0.12062 -5.34892e-01 | 11  1.08087  4.16792e-01 | 12  0.13434 -2.51060e+00
 13 -0.25305 -1.44595e+00 | 14  0.22037 -7.27039e+00 | 15 -2.02736 -6.06422e-01
 16 -0.19166  2.69835e+00 | 17  0.22269  7.04286e+00 | 18 -0.25540  2.15590e+00
 19  0.26402  8.38558e+00 | 20 -0.15314  1.79043e-01 | 21  0.03033  5.17235e-01
 22 -0.08073  6.19959e-02 | 23  0.19778 -8.52799e-01 | 24  0.02548 -8.02404e-01
 25 -0.10785 -1.09918e+00 | 26 -0.44257 -1.32161e+00 | 27 -0.38360  1.11416e+00
 28  0.35229 -2.30138e+00 | 29 -0.53996  1.05779e+00 | 30  0.14870  3.42728e-01
 31  0.08613 -1.13457e+00 | 32  0.10729 -3.85017e+00 | 33  0.10254 -7.99427e-01
 34 -0.02736  4.86659e-01 | 35  0.11543  2.32862e+00 | 36 -0.27478  3.85777e-01
 37  0.14508  1.83451e+00 | 38 -0.14935  1.06873e-01 | 39  0.05511 -2.01914e+00
 40 -0.12319 -2.22013e-01 | 41 -0.09875 -9.08474e-01 | 42 -2.18410  7.70499e-01
 43  0.45293  3.11506e+00 | 44 -0.37552  4.11022e-01 | 45 -0.04321 -1.60205e-01
 46 -0.11161 -7.28046e-01 | 47  0.09284 -3.44800e+00 | 48 -0.20784 -2.71150e-01
 49 -1.49425 -3.03760e-01 | 50 -0.27778 -1.59393e-01 | 51 -0.09781  1.30489e-01
 52  0.14804  6.62253e-01 | 53  0.24091  1.09939e+00 | 54  0.17278  9.64977e-01
 55 -0.06154 -2.40777e-01 | 56  0.17666 -1.68804e+00 | 57  0.18290 -2.44523e+00
 58 -0.16724  1.24862e-01 | 59  0.13987 -9.35906e-01 | 60  0.13670 -5.26412e-01
 61 -0.33380  5.12927e-01 | 62 -0.39699  3.12749e-01 | 63 -0.00061  6.53056e-01
 64  0.02839  1.05372e-01 | 65 -0.06103  4.98075e-01 | 66 -0.24073  4.78817e-01
 67 -0.04374  1.41528e-01 | 68  0.12730 -2.57256e-01 | 69  0.05488  7.42161e-03
 70  0.05931  2.61806e-02 | 71  0.16401 -1.79793e-01 | 72 -0.16248  1.37418e-01
 73 -0.20316  1.44176e-02 | 74 -0.25761  1.73480e+00 | 75 -1.28717 -1.57476e-02
 76 -0.30640  7.56820e-01 | 77  0.26662  2.66228e-01 | 78 -0.16300 -1.44277e+00
 79 -0.52061 -1.18660e-02 | 80  0.22557  1.62839e-01 | 81 -0.15233 -1.24463e-01
 82  0.26763  2.00753e-01 | 83 -0.19263 -2.64285e-01 | 84 -0.28863  1.07869e-02
 85  0.23605  1.72569e-01 | 86 -0.09299 -2.69058e-01 | 87 -0.21202 -7.19294e-02
 88 -0.13856  2.58180e+00 | 89 -0.32054 -7.35909e-01 | 90 -0.14066  3.71164e-01
 91 -0.06028  3.00621e+00 | 92 -0.01362 -3.28184e+00 | 93  0.00629  1.44264e+00
 94 -0.12841 -5.52378e-01 | 95  0.42585 -1.39445e+00 | 96 -0.16802  1.00151e-01
 97  0.31868  8.30517e-02 | 98 -0.27491  1.35846e-01 | 99 -0.05568  1.60711e+00
100 -0.34064 -7.58950e-01 |101  0.05639 -1.33178e+00 |102 -0.20394  8.58940e-01
102 variables; iteration 180; function evaluation 211; phase 4
Function value 5.6294996e+04; maximum gradient component mag 2.6925e+00
Var    Value     Gradient |Var    Value     Gradient |Var    Value     Gradient
  1 -0.11463 -2.21178e+00 |  2  0.04895 -1.24443e+00 |  3 -0.18567 -7.77426e-01
  4  0.07023 -2.74419e-01 |  5 -0.50831  8.53465e-02 |  6 -0.15962 -4.84836e-01
  7  0.14224 -1.19224e-01 |  8 -0.31719 -1.26333e-01 |  9  0.05512 -2.31507e-02
 10 -0.12048  9.13176e-02 | 11  1.06977  3.57040e-01 | 12  0.13363  1.38410e-01
 13 -0.23948  8.34199e-02 | 14  0.21990 -2.64871e-01 | 15 -2.02994  1.75039e-01
 16 -0.21032  5.53459e-02 | 17  0.22379  8.75720e-02 | 18 -0.27168 -7.07449e-02
 19  0.26414 -2.82058e-01 | 20 -0.15327  1.74006e-01 | 21  0.03021 -5.41593e-02
 22 -0.08071 -1.74115e-02 | 23  0.19772 -1.82305e-01 | 24  0.02554  2.51134e-02
 25 -0.10810  1.36460e-01 | 26 -0.43948  1.58285e-01 | 27 -0.38569 -3.97163e-01
 28  0.35235  9.76121e-01 | 29 -0.55386 -5.57641e-02 | 30  0.14879 -3.42213e-01
 31  0.08609 -4.47439e-01 | 32  0.10739  4.76702e-02 | 33  0.10255  1.57646e-01
 34 -0.02738 -1.19912e-02 | 35  0.11543 -1.57822e-01 | 36 -0.27518 -6.10921e-02
 37  0.14510  9.01212e-02 | 38 -0.14941 -2.46738e-02 | 39  0.05523  1.06149e-02
 40 -0.12323 -4.63429e-02 | 41 -0.09853 -7.16577e-02 | 42 -2.18426  4.50571e-02
 43  0.45290 -1.06091e-01 | 44 -0.37706 -4.72807e-02 | 45 -0.04315  4.46073e-02
 46 -0.11148  4.82532e-02 | 47  0.09294  1.86437e-01 | 48 -0.20775  5.73965e-02
 49 -1.49257 -4.38653e-03 | 50 -0.27751  5.04516e-02 | 51 -0.09787  3.22608e-02
 52  0.14800  8.83475e-03 | 53  0.24089  7.41092e-02 | 54  0.17271  7.79674e-02
 55 -0.06145  1.51359e-01 | 56  0.17665  1.89148e-02 | 57  0.18294  6.34006e-02
 58 -0.16740  3.10057e-02 | 59  0.13985  1.17359e-04 | 60  0.13671 -4.96062e-02
 61 -0.33491 -2.22798e-01 | 62 -0.39766 -9.28478e-02 | 63 -0.00069 -2.13262e-01
 64  0.02836 -2.33746e-02 | 65 -0.06115 -1.14022e-01 | 66 -0.24107 -4.63701e-02
 67 -0.04383 -5.16576e-02 | 68  0.12735  1.54610e-02 | 69  0.05485  6.02477e-03
 70  0.05908 -6.58967e-03 | 71  0.16406  6.55871e-02 | 72 -0.16246 -3.17710e-02
 73 -0.20319  1.26337e-02 | 74 -0.26337 -4.78988e-01 | 75 -1.25012 -5.72329e-02
 76 -0.30593 -5.19134e-02 | 77  0.26666  7.74154e-02 | 78 -0.16297 -1.59467e-01
 79 -0.52064 -3.64442e-02 | 80  0.22554  1.70851e-02 | 81 -0.15235 -6.72544e-02
 82  0.26763  2.45646e-02 | 83 -0.19263 -2.87545e-02 | 84 -0.28856  2.35001e-02
 85  0.23595  2.47501e-02 | 86 -0.09303 -3.18189e-02 | 87 -0.21165  2.28297e-02
 88 -0.13859 -3.51156e-01 | 89 -0.32057  1.17862e-01 | 90 -0.14063 -3.61499e-02
 91 -0.06030 -4.97301e-02 | 92 -0.01360  2.69247e+00 | 93  0.00629 -9.98619e-01
 94 -0.12842  7.39012e-01 | 95  0.42985 -3.40059e-01 | 96 -0.16571  3.96999e-01
 97  0.31765 -3.06573e-03 | 98 -0.27536 -4.59229e-02 | 99 -0.05568  5.83498e-01
100 -0.34065 -3.31645e-01 |101  0.05635 -1.14243e-02 |102 -0.20399  9.91356e-03
  ic > imax  in fminim is answer attained ?
Var    Value     Gradient |Var    Value     Gradient |Var    Value     Gradient
  1 -0.11447  4.11675e-03 |  2  0.04898 -1.32938e-03 |  3 -0.18569 -3.27754e-03
  4  0.07023 -1.36032e-03 |  5 -0.50831  1.55196e-03 |  6 -0.15966  2.95807e-03
  7  0.14224  1.88974e-02 |  8 -0.31716  2.67615e-03 |  9  0.05511 -1.53607e-03
 10 -0.12049  1.45624e-03 | 11  1.00036  7.66920e-04 | 12  0.13367  6.11105e-04
 13 -0.24036 -4.33598e-04 | 14  0.21990 -7.56475e-03 | 15 -2.03012  1.56654e-03
 16 -0.21091 -2.74841e-04 | 17  0.22379 -9.20433e-04 | 18 -0.27130 -2.22366e-04
 19  0.26415  1.11527e-03 | 20 -0.15360  5.69057e-04 | 21  0.03026 -5.89745e-03
 22 -0.08075 -3.26649e-04 | 23  0.19773 -6.04122e-04 | 24  0.02553  2.02618e-03
 25 -0.10807  2.25812e-03 | 26 -0.43992  4.92142e-04 | 27 -0.38525  3.64423e-03
 28  0.35234  2.80258e-03 | 29 -0.55308 -2.51826e-04 | 30  0.14879 -2.40931e-03
 31  0.08611  2.64608e-03 | 32  0.10738  6.35902e-03 | 33  0.10255 -1.79673e-03
 34 -0.02737 -2.95101e-03 | 35  0.11543 -1.07151e-03 | 36 -0.27510 -6.20709e-04
 37  0.14508 -1.32023e-03 | 38 -0.14941 -1.38381e-03 | 39  0.05522 -3.13464e-04
 40 -0.12324 -6.25915e-05 | 41 -0.09854 -2.75840e-03 | 42 -2.18425 -6.81930e-04
 43  0.45285  4.88277e-03 | 44 -0.37693  2.22649e-04 | 45 -0.04321  3.78597e-04
 46 -0.11154  2.85207e-04 | 47  0.09287  5.54365e-04 | 48 -0.20784  7.52352e-04
 49 -1.49248  6.26745e-04 | 50 -0.27763  3.21489e-04 | 51 -0.09796 -6.12047e-04
 52  0.14790 -1.62632e-03 | 53  0.24078 -2.04959e-03 | 54  0.17260 -7.70490e-04
 55 -0.06162  5.34081e-04 | 56  0.17653  4.84393e-04 | 57  0.18280  1.90905e-03
 58 -0.16756 -1.32309e-05 | 59  0.13971  3.52994e-04 | 60  0.13653  2.87663e-04
 61 -0.33476 -4.69061e-04 | 62 -0.39775 -6.65824e-05 | 63 -0.00085 -9.62954e-04
 64  0.02818 -3.37404e-04 | 65 -0.06133  3.17799e-04 | 66 -0.24125 -3.84541e-04
 67 -0.04402  1.02510e-04 | 68  0.12714  6.28668e-04 | 69  0.05467  4.00556e-05
 70  0.05918  3.97543e-05 | 71  0.16404  2.12000e-04 | 72 -0.16247  9.37409e-04
 73 -0.20320  8.95641e-05 | 74 -0.26315 -1.12693e-03 | 75 -1.24987 -1.02925e-04
 76 -0.30596  4.55386e-05 | 77  0.26665 -1.13617e-03 | 78 -0.16297  1.92036e-03
 79 -0.52063  5.53313e-05 | 80  0.22556  2.07588e-04 | 81 -0.15234 -6.16203e-04
 82  0.26762 -3.66562e-03 | 83 -0.19264  9.39953e-04 | 84 -0.28860 -5.47367e-04
 85  0.23595 -4.45100e-05 | 86 -0.09303  4.43042e-05 | 87 -0.21173  1.22382e-04
 88 -0.13858 -4.76669e-03 | 89 -0.32057  1.39582e-03 | 90 -0.14064 -3.22044e-04
 91 -0.06029 -2.61354e-03 | 92 -0.01361  6.69623e-03 | 93  0.00629 -1.77114e-03
 94 -0.12842  1.45919e-03 | 95  0.43018 -8.34812e-04 | 96 -0.16559  4.14334e-04
 97  0.31774  1.40617e-04 | 98 -0.27531  1.49736e-04 | 99 -0.05568  6.16367e-04
100 -0.34065  3.20554e-04 |101  0.05636 -4.27423e-03 |102 -0.20398  3.98249e-03
Function minimizer not making progress ... is minimum attained?
Minimprove criterion = 0.0000e+00

 - final statistics:
102 variables; iteration 195; function evaluation 255
Function value 5.6295e+04; maximum gradient component mag 1.8897e-02
Exit code = 1;  converg criter 1.0000e-04
Var    Value     Gradient |Var    Value     Gradient |Var    Value     Gradient
  1 -0.11447  4.11675e-03 |  2  0.04898 -1.32938e-03 |  3 -0.18569 -3.27754e-03
  4  0.07023 -1.36032e-03 |  5 -0.50831  1.55196e-03 |  6 -0.15966  2.95807e-03
  7  0.14224  1.88974e-02 |  8 -0.31716  2.67615e-03 |  9  0.05511 -1.53607e-03
 10 -0.12049  1.45624e-03 | 11  1.00036  7.66920e-04 | 12  0.13367  6.11105e-04
 13 -0.24036 -4.33598e-04 | 14  0.21990 -7.56475e-03 | 15 -2.03012  1.56654e-03
 16 -0.21091 -2.74841e-04 | 17  0.22379 -9.20433e-04 | 18 -0.27130 -2.22366e-04
 19  0.26415  1.11527e-03 | 20 -0.15360  5.69057e-04 | 21  0.03026 -5.89745e-03
 22 -0.08075 -3.26649e-04 | 23  0.19773 -6.04122e-04 | 24  0.02553  2.02618e-03
 25 -0.10807  2.25812e-03 | 26 -0.43992  4.92142e-04 | 27 -0.38525  3.64423e-03
 28  0.35234  2.80258e-03 | 29 -0.55308 -2.51826e-04 | 30  0.14879 -2.40931e-03
 31  0.08611  2.64608e-03 | 32  0.10738  6.35902e-03 | 33  0.10255 -1.79673e-03
 34 -0.02737 -2.95101e-03 | 35  0.11543 -1.07151e-03 | 36 -0.27510 -6.20709e-04
 37  0.14508 -1.32023e-03 | 38 -0.14941 -1.38381e-03 | 39  0.05522 -3.13464e-04
 40 -0.12324 -6.25915e-05 | 41 -0.09854 -2.75840e-03 | 42 -2.18425 -6.81930e-04
 43  0.45285  4.88277e-03 | 44 -0.37693  2.22649e-04 | 45 -0.04321  3.78597e-04
 46 -0.11154  2.85207e-04 | 47  0.09287  5.54365e-04 | 48 -0.20784  7.52352e-04
 49 -1.49248  6.26745e-04 | 50 -0.27763  3.21489e-04 | 51 -0.09796 -6.12047e-04
 52  0.14790 -1.62632e-03 | 53  0.24078 -2.04959e-03 | 54  0.17260 -7.70490e-04
 55 -0.06162  5.34081e-04 | 56  0.17653  4.84393e-04 | 57  0.18280  1.90905e-03
 58 -0.16756 -1.32309e-05 | 59  0.13971  3.52994e-04 | 60  0.13653  2.87663e-04
 61 -0.33476 -4.69061e-04 | 62 -0.39775 -6.65824e-05 | 63 -0.00085 -9.62954e-04
 64  0.02818 -3.37404e-04 | 65 -0.06133  3.17799e-04 | 66 -0.24125 -3.84541e-04
 67 -0.04402  1.02510e-04 | 68  0.12714  6.28668e-04 | 69  0.05467  4.00556e-05
 70  0.05918  3.97543e-05 | 71  0.16404  2.12000e-04 | 72 -0.16247  9.37409e-04
 73 -0.20320  8.95641e-05 | 74 -0.26315 -1.12693e-03 | 75 -1.24987 -1.02925e-04
 76 -0.30596  4.55386e-05 | 77  0.26665 -1.13617e-03 | 78 -0.16297  1.92036e-03
 79 -0.52063  5.53313e-05 | 80  0.22556  2.07588e-04 | 81 -0.15234 -6.16203e-04
 82  0.26762 -3.66562e-03 | 83 -0.19264  9.39953e-04 | 84 -0.28860 -5.47367e-04
 85  0.23595 -4.45100e-05 | 86 -0.09303  4.43042e-05 | 87 -0.21173  1.22382e-04
 88 -0.13858 -4.76669e-03 | 89 -0.32057  1.39582e-03 | 90 -0.14064 -3.22044e-04
 91 -0.06029 -2.61354e-03 | 92 -0.01361  6.69623e-03 | 93  0.00629 -1.77114e-03
 94 -0.12842  1.45919e-03 | 95  0.43018 -8.34812e-04 | 96 -0.16559  4.14334e-04
 97  0.31774  1.40617e-04 | 98 -0.27531  1.49736e-04 | 99 -0.05568  6.16367e-04
100 -0.34065  3.20554e-04 |101  0.05636 -4.27423e-03 |102 -0.20398  3.98249e-03

Initial statistics: 114 variables; iteration 0; function evaluation 0; phase 5
Function value 5.6294983e+04; maximum gradient component mag 1.8892e-02
Var    Value     Gradient |Var    Value     Gradient |Var    Value     Gradient
  1 -0.11447  4.12285e-03 |  2  0.04898 -1.32184e-03 |  3 -0.18569 -3.27146e-03
  4  0.07023 -1.35858e-03 |  5 -0.50831  1.55014e-03 |  6 -0.15966  2.95787e-03
  7  0.14224  1.88925e-02 |  8 -0.31716  2.67512e-03 |  9  0.05511 -1.53436e-03
 10 -0.12049  1.45496e-03 | 11  0.99964 -7.66255e-04 | 12  0.13367  6.09242e-04
 13 -0.24036 -4.33303e-04 | 14  0.21990 -7.56091e-03 | 15  0.03012 -1.56559e-03
 16 -0.21091 -2.74501e-04 | 17  0.22379 -9.18499e-04 | 18 -0.27130 -2.22107e-04
 19  0.26415  1.11423e-03 | 20 -0.15360  5.68715e-04 | 21  0.03026 -5.89310e-03
 22 -0.08075 -3.26299e-04 | 23  0.19773 -6.02048e-04 | 24  0.02553  2.02473e-03
 25 -0.10807  2.25644e-03 | 26 -0.43992  4.91840e-04 | 27 -0.38525  3.64168e-03
 28  0.35234  2.80052e-03 | 29 -0.55308 -2.51809e-04 | 30  0.14879 -2.40913e-03
 31  0.08611  2.64465e-03 | 32  0.10738  6.35647e-03 | 33  0.10255 -1.79351e-03
 34 -0.02737 -2.94824e-03 | 35  0.11543 -1.07177e-03 | 36 -0.27510 -6.20252e-04
 37  0.14508 -1.31895e-03 | 38 -0.14941 -1.38208e-03 | 39  0.05522 -3.12472e-04
 40 -0.12324 -6.26413e-05 | 41 -0.09854 -2.75695e-03 | 42  0.18425  6.81393e-04
 43  0.45285  4.87811e-03 | 44 -0.37693  2.22583e-04 | 45 -0.04321  3.78196e-04
 46 -0.11154  2.85162e-04 | 47  0.09287  5.54911e-04 | 48 -0.20784  7.51705e-04
 49 -0.50752 -6.26244e-04 | 50 -0.27763  3.21092e-04 | 51 -0.09796 -6.11544e-04
 52  0.14790 -1.62468e-03 | 53  0.24078 -2.04810e-03 | 54  0.17260 -7.69557e-04
 55 -0.06162  5.33634e-04 | 56  0.17653  4.84012e-04 | 57  0.18280  1.90737e-03
 58 -0.16756 -1.34841e-05 | 59  0.13971  3.52649e-04 | 60  0.13653  2.87498e-04
 61 -0.33476 -4.68835e-04 | 62 -0.39775 -6.64986e-05 | 63 -0.00085 -9.61836e-04
 64  0.02818 -3.36114e-04 | 65 -0.06133  3.17651e-04 | 66 -0.24125 -3.84419e-04
 67 -0.04402  1.02311e-04 | 68  0.12714  6.28012e-04 | 69  0.00000  0.00000e+00
 70  0.00000  0.00000e+00 | 71  0.00000  0.00000e+00 | 72  0.00000  0.00000e+00
 73  0.00000  0.00000e+00 | 74  0.00000  0.00000e+00 | 75  0.00000  0.00000e+00
 76  0.00000  0.00000e+00 | 77  0.00000  0.00000e+00 | 78  0.00000  0.00000e+00
 79  0.00000  0.00000e+00 | 80  0.00000  0.00000e+00 | 81  0.05467  4.00633e-05
 82  0.05918  3.96992e-05 | 83  0.16404  2.11142e-04 | 84 -0.16247  9.37138e-04
 85 -0.20320  8.92990e-05 | 86 -0.26315 -1.12658e-03 | 87 -0.75013  1.02899e-04
 88 -0.30596  4.54114e-05 | 89  0.26665 -1.13617e-03 | 90 -0.16297  1.92008e-03
 91 -0.52063  5.51308e-05 | 92  0.22556  2.07314e-04 | 93 -0.15234 -6.15521e-04
 94  0.26762 -3.66311e-03 | 95 -0.19264  9.40095e-04 | 96 -0.28860 -5.46966e-04
 97  0.23595 -4.46900e-05 | 98 -0.09303  4.46863e-05 | 99 -0.21173  1.22251e-04
100 -0.13858 -4.76113e-03 |101 -0.32057  1.39447e-03 |102 -0.14064 -3.21328e-04
103 -0.06029 -2.61139e-03 |104 -0.01361  6.69215e-03 |105  0.00629 -1.77020e-03
106 -0.12842  1.45878e-03 |107  0.43018 -8.33871e-04 |108 -0.16559  4.13327e-04
109  0.31774  1.40463e-04 |110 -0.27531  1.49674e-04 |111 -0.05568  6.15210e-04
112 -0.34065  3.20270e-04 |113  0.05636 -4.27149e-03 |114 -0.20398  3.97986e-03
  ic > imax  in fminim is answer attained ?
Var    Value     Gradient |Var    Value     Gradient |Var    Value     Gradient
  1 -0.11447  4.12285e-03 |  2  0.04898 -1.32184e-03 |  3 -0.18569 -3.27146e-03
  4  0.07023 -1.35858e-03 |  5 -0.50831  1.55014e-03 |  6 -0.15966  2.95787e-03
  7  0.14224  1.88925e-02 |  8 -0.31716  2.67512e-03 |  9  0.05511 -1.53436e-03
 10 -0.12049  1.45496e-03 | 11  0.99964 -7.66255e-04 | 12  0.13367  6.09242e-04
 13 -0.24036 -4.33303e-04 | 14  0.21990 -7.56091e-03 | 15  0.03012 -1.56559e-03
 16 -0.21091 -2.74501e-04 | 17  0.22379 -9.18499e-04 | 18 -0.27130 -2.22107e-04
 19  0.26415  1.11423e-03 | 20 -0.15360  5.68715e-04 | 21  0.03026 -5.89310e-03
 22 -0.08075 -3.26299e-04 | 23  0.19773 -6.02048e-04 | 24  0.02553  2.02473e-03
 25 -0.10807  2.25644e-03 | 26 -0.43992  4.91840e-04 | 27 -0.38525  3.64168e-03
 28  0.35234  2.80052e-03 | 29 -0.55308 -2.51809e-04 | 30  0.14879 -2.40913e-03
 31  0.08611  2.64465e-03 | 32  0.10738  6.35647e-03 | 33  0.10255 -1.79351e-03
 34 -0.02737 -2.94824e-03 | 35  0.11543 -1.07177e-03 | 36 -0.27510 -6.20252e-04
 37  0.14508 -1.31895e-03 | 38 -0.14941 -1.38208e-03 | 39  0.05522 -3.12472e-04
 40 -0.12324 -6.26413e-05 | 41 -0.09854 -2.75695e-03 | 42  0.18425  6.81393e-04
 43  0.45285  4.87811e-03 | 44 -0.37693  2.22583e-04 | 45 -0.04321  3.78196e-04
 46 -0.11154  2.85162e-04 | 47  0.09287  5.54911e-04 | 48 -0.20784  7.51705e-04
 49 -0.50752 -6.26244e-04 | 50 -0.27763  3.21092e-04 | 51 -0.09796 -6.11544e-04
 52  0.14790 -1.62468e-03 | 53  0.24078 -2.04810e-03 | 54  0.17260 -7.69557e-04
 55 -0.06162  5.33634e-04 | 56  0.17653  4.84012e-04 | 57  0.18280  1.90737e-03
 58 -0.16756 -1.34841e-05 | 59  0.13971  3.52649e-04 | 60  0.13653  2.87498e-04
 61 -0.33476 -4.68835e-04 | 62 -0.39775 -6.64986e-05 | 63 -0.00085 -9.61836e-04
 64  0.02818 -3.36114e-04 | 65 -0.06133  3.17651e-04 | 66 -0.24125 -3.84419e-04
 67 -0.04402  1.02311e-04 | 68  0.12714  6.28012e-04 | 69  0.00000  0.00000e+00
 70  0.00000  0.00000e+00 | 71  0.00000  0.00000e+00 | 72  0.00000  0.00000e+00
 73  0.00000  0.00000e+00 | 74  0.00000  0.00000e+00 | 75  0.00000  0.00000e+00
 76  0.00000  0.00000e+00 | 77  0.00000  0.00000e+00 | 78  0.00000  0.00000e+00
 79  0.00000  0.00000e+00 | 80  0.00000  0.00000e+00 | 81  0.05467  4.00633e-05
 82  0.05918  3.96992e-05 | 83  0.16404  2.11142e-04 | 84 -0.16247  9.37138e-04
 85 -0.20320  8.92990e-05 | 86 -0.26315 -1.12658e-03 | 87 -0.75013  1.02899e-04
 88 -0.30596  4.54114e-05 | 89  0.26665 -1.13617e-03 | 90 -0.16297  1.92008e-03
 91 -0.52063  5.51308e-05 | 92  0.22556  2.07314e-04 | 93 -0.15234 -6.15521e-04
 94  0.26762 -3.66311e-03 | 95 -0.19264  9.40095e-04 | 96 -0.28860 -5.46966e-04
 97  0.23595 -4.46900e-05 | 98 -0.09303  4.46863e-05 | 99 -0.21173  1.22251e-04
100 -0.13858 -4.76113e-03 |101 -0.32057  1.39447e-03 |102 -0.14064 -3.21328e-04
103 -0.06029 -2.61139e-03 |104 -0.01361  6.69215e-03 |105  0.00629 -1.77020e-03
106 -0.12842  1.45878e-03 |107  0.43018 -8.33871e-04 |108 -0.16559  4.13327e-04
109  0.31774  1.40463e-04 |110 -0.27531  1.49674e-04 |111 -0.05568  6.15210e-04
112 -0.34065  3.20270e-04 |113  0.05636 -4.27149e-03 |114 -0.20398  3.97986e-03
Function minimizer not making progress ... is minimum attained?
Minimprove criterion = 0.0000e+00
Warning: the following parameters had issues
  SR_parm[1] is within 0.1% of upper bound: 8.0000e+00 < 1.3000e+01 < 1.3000e+01


 - final statistics:
114 variables; iteration 1; function evaluation 30
Function value 5.6295e+04; maximum gradient component mag 1.8892e-02
Exit code = 1;  converg criter 1.0000e-04
Var    Value     Gradient |Var    Value     Gradient |Var    Value     Gradient
  1 -0.11447  4.12285e-03 |  2  0.04898 -1.32184e-03 |  3 -0.18569 -3.27146e-03
  4  0.07023 -1.35858e-03 |  5 -0.50831  1.55014e-03 |  6 -0.15966  2.95787e-03
  7  0.14224  1.88925e-02 |  8 -0.31716  2.67512e-03 |  9  0.05511 -1.53436e-03
 10 -0.12049  1.45496e-03 | 11  0.99964 -7.66255e-04 | 12  0.13367  6.09242e-04
 13 -0.24036 -4.33303e-04 | 14  0.21990 -7.56091e-03 | 15  0.03012 -1.56559e-03
 16 -0.21091 -2.74501e-04 | 17  0.22379 -9.18499e-04 | 18 -0.27130 -2.22107e-04
 19  0.26415  1.11423e-03 | 20 -0.15360  5.68715e-04 | 21  0.03026 -5.89310e-03
 22 -0.08075 -3.26299e-04 | 23  0.19773 -6.02048e-04 | 24  0.02553  2.02473e-03
 25 -0.10807  2.25644e-03 | 26 -0.43992  4.91840e-04 | 27 -0.38525  3.64168e-03
 28  0.35234  2.80052e-03 | 29 -0.55308 -2.51809e-04 | 30  0.14879 -2.40913e-03
 31  0.08611  2.64465e-03 | 32  0.10738  6.35647e-03 | 33  0.10255 -1.79351e-03
 34 -0.02737 -2.94824e-03 | 35  0.11543 -1.07177e-03 | 36 -0.27510 -6.20252e-04
 37  0.14508 -1.31895e-03 | 38 -0.14941 -1.38208e-03 | 39  0.05522 -3.12472e-04
 40 -0.12324 -6.26413e-05 | 41 -0.09854 -2.75695e-03 | 42  0.18425  6.81393e-04
 43  0.45285  4.87811e-03 | 44 -0.37693  2.22583e-04 | 45 -0.04321  3.78196e-04
 46 -0.11154  2.85162e-04 | 47  0.09287  5.54911e-04 | 48 -0.20784  7.51705e-04
 49 -0.50752 -6.26244e-04 | 50 -0.27763  3.21092e-04 | 51 -0.09796 -6.11544e-04
 52  0.14790 -1.62468e-03 | 53  0.24078 -2.04810e-03 | 54  0.17260 -7.69557e-04
 55 -0.06162  5.33634e-04 | 56  0.17653  4.84012e-04 | 57  0.18280  1.90737e-03
 58 -0.16756 -1.34841e-05 | 59  0.13971  3.52649e-04 | 60  0.13653  2.87498e-04
 61 -0.33476 -4.68835e-04 | 62 -0.39775 -6.64986e-05 | 63 -0.00085 -9.61836e-04
 64  0.02818 -3.36114e-04 | 65 -0.06133  3.17651e-04 | 66 -0.24125 -3.84419e-04
 67 -0.04402  1.02311e-04 | 68  0.12714  6.28012e-04 | 69  0.00000  0.00000e+00
 70  0.00000  0.00000e+00 | 71  0.00000  0.00000e+00 | 72  0.00000  0.00000e+00
 73  0.00000  0.00000e+00 | 74  0.00000  0.00000e+00 | 75  0.00000  0.00000e+00
 76  0.00000  0.00000e+00 | 77  0.00000  0.00000e+00 | 78  0.00000  0.00000e+00
 79  0.00000  0.00000e+00 | 80  0.00000  0.00000e+00 | 81  0.05467  4.00633e-05
 82  0.05918  3.96992e-05 | 83  0.16404  2.11142e-04 | 84 -0.16247  9.37138e-04
 85 -0.20320  8.92990e-05 | 86 -0.26315 -1.12658e-03 | 87 -0.75013  1.02899e-04
 88 -0.30596  4.54114e-05 | 89  0.26665 -1.13617e-03 | 90 -0.16297  1.92008e-03
 91 -0.52063  5.51308e-05 | 92  0.22556  2.07314e-04 | 93 -0.15234 -6.15521e-04
 94  0.26762 -3.66311e-03 | 95 -0.19264  9.40095e-04 | 96 -0.28860 -5.46966e-04
 97  0.23595 -4.46900e-05 | 98 -0.09303  4.46863e-05 | 99 -0.21173  1.22251e-04
100 -0.13858 -4.76113e-03 |101 -0.32057  1.39447e-03 |102 -0.14064 -3.21328e-04
103 -0.06029 -2.61139e-03 |104 -0.01361  6.69215e-03 |105  0.00629 -1.77020e-03
106 -0.12842  1.45878e-03 |107  0.43018 -8.33871e-04 |108 -0.16559  4.13327e-04
109  0.31774  1.40463e-04 |110 -0.27531  1.49674e-04 |111 -0.05568  6.15210e-04
112 -0.34065  3.20270e-04 |113  0.05636 -4.27149e-03 |114 -0.20398  3.97986e-03
size of file gradfil1.tmp = 0
size of file gradfil2.tmp = 0
size of file varssave.tmp = 0
size of file cmpdiff.tmp = 200000008
