
Initial statistics: 4 variables; iteration 0; function evaluation 0; phase 1
Function value 3.8362750e+03; maximum gradient component mag 1.4878e+02
Var    Value     Gradient |Var    Value     Gradient |Var    Value     Gradient
  1  0.20737  1.48781e+02 |  2 -0.59033 -8.52538e+00 |  3 -0.12819  4.43198e+00
  4 -0.21635 -5.63217e+01 |

 - final statistics:
4 variables; iteration 7; function evaluation 22
Function value 3.7720e+03; maximum gradient component mag -6.1913e-01
Exit code = 1;  converg criter 1.0000e+01
Var    Value     Gradient |Var    Value     Gradient |Var    Value     Gradient
  1 -0.06372 -3.09951e-02 |  2 -0.28249 -7.14519e-02 |  3 -0.26631 -9.65484e-02
  4  0.08686 -6.19132e-01 |

Initial statistics: 14 variables; iteration 0; function evaluation 0; phase 2
Function value 3.7720053e+03; maximum gradient component mag 1.1965e+03
Var    Value     Gradient |Var    Value     Gradient |Var    Value     Gradient
  1 -0.26966 -2.42430e+02 |  2  0.00000 -1.01420e+02 |  3 -0.26198 -3.96614e+02
  4 -0.03352 -1.04147e+02 |  5  0.18446  2.08421e+02 |  6 -0.04247 -1.19188e+02
  7  0.33333  1.19650e+03 |  8 -0.53989  6.20190e+01 |  9  0.00000 -1.43165e+02
 10 -0.21635 -2.85834e+01 | 11 -0.06372 -3.09951e-02 | 12 -0.28249 -7.14519e-02
 13 -0.26631 -9.65484e-02 | 14  0.08686 -6.19132e-01 |

Intermediate statistics: 14 variables; iteration 20; function evaluation 28; phase 2
Function value 3.4156133e+03; maximum gradient component mag 4.3916e+01
Var    Value     Gradient |Var    Value     Gradient |Var    Value     Gradient
  1 -0.17410  4.39161e+01 |  2  0.08744  9.59405e+00 |  3 -0.11179  5.71728e+00
  4 -0.04080  3.13177e+00 |  5 -0.44235  2.19981e+00 |  6  0.01248  6.20917e+00
  7  0.13602  1.91733e+01 |  8 -0.27688  2.04892e+00 |  9  0.27547  1.26526e+00
 10 -0.24119  1.99604e+00 | 11  0.18377 -2.16956e+01 | 12 -0.21107  6.70411e-01
 13 -0.20392  2.33005e-03 | 14  0.10612  2.86799e-02 |

 - final statistics:
14 variables; iteration 25; function evaluation 33
Function value 3.4145e+03; maximum gradient component mag -4.1079e+00
Exit code = 1;  converg criter 1.0000e+01
Var    Value     Gradient |Var    Value     Gradient |Var    Value     Gradient
  1 -0.14362  3.74387e+00 |  2  0.08255 -1.09035e+00 |  3 -0.10861 -3.32545e-02
  4 -0.04359 -4.10787e+00 |  5 -0.43864 -2.90170e+00 |  6 -0.00577  9.35147e-01
  7  0.13756  2.71137e+00 |  8 -0.28249  1.70874e+00 |  9  0.27932 -1.81226e+00
 10 -0.26581 -3.39845e+00 | 11  0.38617 -1.94235e+00 | 12 -0.27376 -6.32303e-01
 13 -0.18037  1.17952e-01 | 14  0.10732  3.29212e-03 |

Initial statistics: 42 variables; iteration 0; function evaluation 0; phase 3
Function value 3.4145092e+03; maximum gradient component mag 1.5902e+03
Var    Value     Gradient |Var    Value     Gradient |Var    Value     Gradient
  1 -0.14362  3.74387e+00 |  2  0.08255 -1.09035e+00 |  3 -0.10861 -3.32545e-02
  4 -0.04359 -4.10787e+00 |  5 -0.43864 -2.90170e+00 |  6 -0.00577  9.35147e-01
  7  0.13756  2.71137e+00 |  8 -0.28249  1.70874e+00 |  9  0.27932 -1.81226e+00
 10 -0.26581 -3.39845e+00 | 11  0.38617 -1.94235e+00 | 12 -0.27376 -6.32303e-01
 13 -0.18037  1.17952e-01 | 14  0.10732  3.29212e-03 | 15 -0.12294 -3.78436e+02
 16 -0.31415  1.38306e+02 | 17 -0.12294  6.28904e+01 | 18 -0.51552 -3.58881e+01
 19 -0.40967 -3.29440e+02 | 20 -0.33333  1.23274e+02 | 21 -0.11760 -5.58518e+01
 22 -0.31415  1.93689e+01 | 23  0.14414  1.22680e+03 | 24 -1.00000 -8.66316e-08
 25 -0.32395 -2.18833e+02 | 26 -0.40967  8.68109e+01 | 27  0.02302  1.59024e+03
 28 -0.31415 -1.15938e+03 | 29  0.53959  4.15007e-03 | 30  0.62714  1.08786e-02
 31  0.00000  5.85664e+02 | 32 -0.21635 -3.57451e+02 | 33  0.16024  7.56745e+01
 34 -0.11760  9.73585e+01 | 35 -0.10723 -2.18248e+02 | 36 -0.10723  4.26003e-04
 37 -0.71990 -5.34796e-01 | 38  0.62714  7.80645e-03 | 39 -0.12294 -6.38250e+01
 40 -0.31415  2.16719e+01 | 41  0.02302  7.05584e+01 | 42 -0.31415 -5.56241e+01

Intermediate statistics: 42 variables; iteration 20; function evaluation 28; phase 3
Function value 3.0146221e+03; maximum gradient component mag 3.8769e+02
Var    Value     Gradient |Var    Value     Gradient |Var    Value     Gradient
  1 -0.01501  3.87694e+02 |  2  0.07694  1.36141e+02 |  3 -0.12212  1.53713e+02
  4 -0.00950  1.40075e+02 |  5 -0.44996  4.53075e-02 |  6 -0.13757 -6.66119e+00
  7  0.06115  1.93320e+02 |  8 -0.00073  7.21096e+01 |  9  0.12847  5.27922e+01
 10 -0.01542  1.91335e+00 | 11  0.37370 -6.13672e+01 | 12 -0.24955 -1.71737e-01
 13 -0.18828  2.20663e-01 | 14  0.10694  9.87322e-03 | 15  0.02523 -2.31955e+02
 16 -0.21954  1.28081e+02 | 17 -0.05963 -1.84695e+01 | 18 -0.20144  2.09809e+00
 19  0.04678 -5.01831e+01 | 20  0.02197  3.57779e+01 | 21  0.23326 -1.45366e+01
 22 -0.08841  2.55618e+01 | 23  0.05565  1.72183e+02 | 24 -0.92348 -1.45005e+01
 25  0.14022 -1.16916e+02 | 26 -0.16649  7.32944e+01 | 27 -0.28516 -5.01146e+01
 28 -0.66324 -3.53592e+00 | 29  0.53939  3.80358e-03 | 30  0.62667  6.93757e-03
 31  0.24611  1.12372e+02 | 32  0.15563 -6.09297e+01 | 33 -0.54627  5.66279e+00
 34 -0.26129 -9.42284e+00 | 35  0.65456 -2.02428e-02 | 36 -0.10714 -3.25103e-03
 37 -0.71619 -5.99378e-02 | 38  0.62698 -5.74544e-04 | 39  0.40081  2.95104e+01
 40 -0.22747 -4.64683e+01 | 41 -0.03168 -1.40870e+01 | 42 -0.22204  8.56610e+00
42 variables; iteration 40; function evaluation 59; phase 3
Function value 2.9511245e+03; maximum gradient component mag -2.1207e+02
Var    Value     Gradient |Var    Value     Gradient |Var    Value     Gradient
  1 -0.07129 -5.30563e+01 |  2  0.04369 -6.88087e+00 |  3 -0.12060  2.36460e+01
  4 -0.04973  5.50407e+01 |  5 -0.39841  1.88900e+01 |  6 -0.09255  2.31535e+01
  7  0.04628  1.72731e+02 |  8  0.10600  9.47277e+01 |  9 -0.03543  6.69517e+01
 10  0.05550 -4.07233e+00 | 11  0.37938  2.34273e+01 | 12 -0.29828 -1.14416e+00
 13 -0.16492  2.00252e+00 | 14  0.03756 -4.95838e+00 | 15  0.10343  3.48686e+01
 16 -0.17789 -4.44437e+01 | 17  0.11057 -3.58362e+00 | 18  0.03509  4.66492e+00
 19  0.01365  4.59373e+00 | 20 -0.02928 -1.24898e+01 | 21  0.13313  8.83729e+00
 22 -0.20321 -1.45608e+01 | 23  0.05148 -2.12072e+02 | 24 -0.52702  3.77001e+00
 25  0.23029 -3.94354e+01 | 26 -0.11010  3.63889e+01 | 27 -0.26194  3.18005e+01
 28 -0.60258 -1.80547e+01 | 29  0.52841  3.93594e-03 | 30  0.60334  8.72141e-03
 31  0.04270  2.31270e+00 | 32  0.07305  1.59186e+01 | 33 -0.15333  5.95946e+00
 34  0.51406 -2.40336e-01 | 35  0.52454  1.32820e-01 | 36 -0.10444 -5.20016e-04
 37 -0.10877 -3.09699e+00 | 38  0.61549  4.55339e-03 | 39  0.42669 -7.24167e+00
 40 -0.15318  1.38967e+01 | 41 -0.01054  5.34629e+00 | 42 -0.25088 -8.32719e+00
42 variables; iteration 60; function evaluation 82; phase 3
Function value 2.9077027e+03; maximum gradient component mag -8.3629e+01
Var    Value     Gradient |Var    Value     Gradient |Var    Value     Gradient
  1 -0.09594  2.22940e+01 |  2  0.03302  1.17651e+01 |  3 -0.12521  7.22434e+00
  4 -0.04771  2.74741e+00 |  5 -0.41596  5.01857e+00 |  6 -0.13088 -8.79331e-01
  7  0.06553  2.41329e+01 |  8  0.04563  3.98879e-01 |  9 -0.07828 -2.39409e+00
 10  0.04729  2.99670e+00 | 11  0.13253 -9.37522e+00 | 12 -0.26769 -2.46823e-01
 13 -0.22887  3.30453e-01 | 14  0.10717  2.45836e-01 | 15  0.25573  2.94019e+01
 16 -0.08606 -2.60751e+01 | 17  1.71894  2.01629e+00 | 18  0.11706  4.75499e+00
 19  0.25179  2.34508e+01 | 20  0.16098 -2.14972e+01 | 21  0.20539 -1.21321e+00
 22 -0.12844  1.88752e+00 | 23  0.22992 -8.36292e+01 | 24 -0.17869  4.61574e-01
 25  0.38729 -4.32348e-01 | 26 -0.06213 -5.31866e+00 | 27 -0.15593 -1.52718e+00
 28 -0.30693  1.33529e+01 | 29  0.44550  1.96329e+00 | 30 -1.32478  5.38764e-03
 31  0.00103 -1.37260e+01 | 32  0.02360  7.89131e+00 | 33 -0.10717 -7.51839e-01
 34  0.23356 -2.18890e+00 | 35  0.10825  3.49848e+00 | 36 -0.03804  1.17721e-04
 37 -0.08084  7.62667e+00 | 38  0.45850  4.11719e-03 | 39  0.54930  5.21710e+00
 40 -0.13432 -1.02210e+01 | 41  0.60894  2.81664e+00 | 42  0.05437 -8.65098e+00
Maximum number of function evaluations exceeded

 - final statistics:
42 variables; iteration 78; function evaluation 100
Function value 2.9013e+03; maximum gradient component mag -8.7593e+00
Exit code = 3;  converg criter 1.0000e+00
Var    Value     Gradient |Var    Value     Gradient |Var    Value     Gradient
  1 -0.12119  4.21546e+00 |  2  0.03702  2.16943e+00 |  3 -0.12482  6.62043e-01
  4 -0.04863  1.33417e+00 |  5 -0.41783  2.41950e-01 |  6 -0.10485  1.70027e+00
  7  0.06701 -1.51933e-01 |  8  0.03818 -1.56866e+00 |  9 -0.07005  2.67775e-01
 10  0.04638  2.83385e-01 | 11  0.09932 -1.35425e+00 | 12 -0.26508 -9.22842e-02
 13 -0.24007  1.08570e-01 | 14  0.10123 -3.22242e-02 | 15  0.21632  2.63198e+00
 16 -0.10383 -1.01186e+00 | 17  1.84350  4.38379e-01 | 18 -0.02575 -4.50473e-01
 19  0.21851  7.04158e+00 | 20  0.14815 -3.65504e+00 | 21  0.19327 -3.65654e-01
 22 -0.13407  6.33770e-01 | 23  0.32268 -8.75926e+00 | 24 -0.06185 -1.12835e+00
 25  0.45655  3.62169e+00 | 26 -0.02573 -4.50510e+00 | 27 -0.17860 -3.22156e+00
 28 -0.35670  8.94718e-01 | 29  0.40071  5.34289e-01 | 30 -1.05556  3.58326e-02
 31  0.01226 -2.57980e+00 | 32  0.02758  1.55566e+00 | 33 -0.13250 -2.92963e-01
 34  0.22869 -1.02542e+00 | 35  0.16895  2.74478e+00 | 36 -0.25688 -8.38421e-02
 37 -0.08819  2.96730e+00 | 38 -0.51306 -3.97687e-03 | 39  0.44462 -1.34249e+00
 40 -0.16851  1.46031e+00 | 41  0.19977 -1.43038e+00 | 42 -0.06713  1.15743e+00

Initial statistics: 132 variables; iteration 0; function evaluation 0; phase 4
Function value 2.9013499e+03; maximum gradient component mag -8.0478e+02
Var    Value     Gradient |Var    Value     Gradient |Var    Value     Gradient
  1 -0.12119  4.21546e+00 |  2  0.03702  2.16943e+00 |  3 -0.12482  6.62043e-01
  4 -0.04863  1.33417e+00 |  5 -0.41783  2.41950e-01 |  6 -0.10485  1.70027e+00
  7  0.06701 -1.51933e-01 |  8  0.03818 -1.56866e+00 |  9 -0.07005  2.67775e-01
 10  0.04638  2.83385e-01 | 11  0.09932 -1.35425e+00 | 12  0.00000 -5.81717e-01
 13  0.00000 -6.64772e-01 | 14  0.00000 -7.59274e-01 | 15  0.00000 -8.66711e-01
 16  0.00000 -9.88878e-01 | 17  0.00000 -1.12813e+00 | 18  0.00000 -1.28718e+00
 19  0.00000 -1.46808e+00 | 20  0.00000 -1.67283e+00 | 21  0.00000 -1.90499e+00
 22  0.00000 -2.16247e+00 | 23  0.00000 -2.44814e+00 | 24  0.00000 -2.76517e+00
 25  0.00000 -3.11269e+00 | 26  0.00000 -3.48553e+00 | 27  0.00000 -3.86993e+00
 28  0.00000 -4.26139e+00 | 29  0.00000 -4.65184e+00 | 30  0.00000 -5.02447e+00
 31  0.00000 -5.37680e+00 | 32  0.00000 -5.73473e+00 | 33  0.00000 -6.16882e+00
 34  0.00000 -6.78854e+00 | 35  0.00000 -7.67477e+00 | 36  0.00000 -8.68045e+00
 37  0.00000 -9.28608e+00 | 38  0.00000 -8.49640e+00 | 39  0.00000 -5.38969e+00
 40  0.00000 -3.30143e-01 | 41  0.00000  4.41788e+00 | 42  0.00000  6.01981e+00
 43  0.00000  2.77699e+00 | 44  0.00000 -3.30713e+00 | 45  0.00000 -7.46888e+00
 46  0.00000 -1.17548e+01 | 47  0.00000 -1.85223e+01 | 48  0.00000 -2.00582e+01
 49  0.00000 -3.13764e+01 | 50  0.00000 -6.34559e+01 | 51  0.00000 -8.45599e+01
 52  0.00000 -1.00180e+02 | 53  0.00000  1.86158e+00 | 54  0.00000  1.12806e+02
 55  0.00000  9.33439e+01 | 56  0.00000 -3.09028e+01 | 57  0.00000  1.07391e+02
 58  0.00000  2.68487e+02 | 59  0.00000  3.25476e+02 | 60  0.00000 -1.15462e+01
 61  0.00000 -5.42143e+02 | 62  0.00000 -3.65931e+01 | 63  0.00000  2.91647e+01
 64  0.00000  3.76256e+01 | 65  0.00000 -7.80272e+00 | 66  0.00000 -1.35125e+01
 67  0.00000  3.69079e+01 | 68  0.00000  2.54423e+01 | 69  0.00000  6.87791e+01
 70  0.00000  1.20530e+01 | 71  0.00000  1.28757e+02 | 72  0.00000  1.45617e+02
 73  0.00000  2.10669e+02 | 74  0.00000  1.72508e+02 | 75  0.00000 -2.60528e+02
 76  0.00000 -8.04782e+02 | 77  0.00000 -1.31580e+02 | 78  0.00000  5.28287e+01
 79  0.00000  1.29439e+02 | 80  0.00000 -5.47512e+01 | 81  0.00000  2.07976e+02
 82  0.00000  3.14589e+02 | 83  0.00000  3.41207e+02 | 84  0.00000  2.20967e+02
 85  0.00000  1.62063e+02 | 86  0.00000 -2.02282e+02 | 87  0.00000 -3.59065e+02
 88  0.00000 -4.52348e+01 | 89  0.00000 -1.82673e+02 | 90  0.00000 -4.84585e+02
 91  0.00000  9.02022e+00 | 92  0.00000  2.26251e+01 | 93  0.00000  5.46033e+00
 94  0.00000  9.71378e+01 | 95  0.00000  1.90866e+02 | 96  0.00000  1.12136e+02
 97  0.00000  2.38314e+01 | 98  0.00000 -7.57040e+01 | 99  0.00000  4.11946e+01
100  0.00000 -7.00904e+00 |101  0.00000 -1.07237e+01 |102 -0.26508 -9.22842e-02
103 -0.24007  1.08570e-01 |104  0.10123 -3.22242e-02 |105  0.21632  2.63198e+00
106 -0.10383 -1.01186e+00 |107  0.15650 -4.38379e-01 |108 -0.02575 -4.50473e-01
109  0.21851  7.04158e+00 |110  0.14815 -3.65504e+00 |111  0.19327 -3.65654e-01
112 -0.13407  6.33770e-01 |113  0.32268 -8.75926e+00 |114 -0.06185 -1.12835e+00
115  0.45655  3.62169e+00 |116 -0.02573 -4.50510e+00 |117 -0.17860 -3.22156e+00
118 -0.35670  8.94718e-01 |119  0.40071  5.34289e-01 |120 -0.94444 -3.58326e-02
121  0.01226 -2.57980e+00 |122  0.02758  1.55566e+00 |123 -0.13250 -2.92963e-01
124  0.22869 -1.02542e+00 |125  0.16895  2.74478e+00 |126 -0.25688 -8.38421e-02
127 -0.08819  2.96730e+00 |128 -0.51306 -3.97687e-03 |129  0.44462 -1.34249e+00
130 -0.16851  1.46031e+00 |131  0.19977 -1.43038e+00 |132 -0.06713  1.15743e+00

Intermediate statistics: 132 variables; iteration 20; function evaluation 25; phase 4
Function value 2.4423847e+03; maximum gradient component mag 4.5035e+02
Var    Value     Gradient |Var    Value     Gradient |Var    Value     Gradient
  1 -0.33026  1.40163e+01 |  2  0.04865  4.41988e+01 |  3 -0.10148  3.52952e+01
  4  0.02585  5.56862e+01 |  5 -0.43965  3.53691e+01 |  6  0.11396  1.25411e+00
  7  0.08674  3.57342e+02 |  8  0.04164  1.08305e+02 |  9  0.15862  7.43526e+01
 10 -0.02535  3.21960e+01 | 11 -0.22006 -1.10431e+02 | 12 -0.00085  2.55995e-01
 13 -0.00067  3.04338e-01 | 14 -0.00043  3.61043e-01 | 15 -0.00011  4.27007e-01
 16  0.00028  5.04012e-01 | 17  0.00076  5.94017e-01 | 18  0.00134  6.99931e-01
 19  0.00204  8.24115e-01 | 20  0.00287  9.68182e-01 | 21  0.00390  1.13367e+00
 22  0.00505  1.32233e+00 | 23  0.00634  1.53389e+00 | 24  0.00773  1.77383e+00
 25  0.00914  2.04067e+00 | 26  0.01046  2.32919e+00 | 27  0.01142  2.62682e+00
 28  0.01191  2.91565e+00 | 29  0.01179  3.17662e+00 | 30  0.01081  3.39322e+00
 31  0.00912  3.55499e+00 | 32  0.00731  3.68224e+00 | 33  0.00655  3.82403e+00
 34  0.00839  4.04921e+00 | 35  0.01400  4.40409e+00 | 36  0.02247  4.83298e+00
 37  0.02910  5.23958e+00 | 38  0.02525  5.53635e+00 | 39  0.00568  5.39477e+00
 40 -0.02093  4.40760e+00 | 41 -0.03975  3.47509e+00 | 42 -0.03878  3.71560e+00
 43 -0.01143  5.54513e+00 | 44  0.03048  7.57220e+00 | 45  0.04582  8.99798e+00
 46  0.04870  1.00301e+01 | 47  0.06771  9.17782e+00 | 48  0.03946  7.00896e+00
 49  0.02125  3.63202e+00 | 50  0.07843 -4.58875e+00 | 51  0.03278  1.51921e+00
 52  0.12925 -1.12624e+01 | 53 -0.01864 -4.76250e+00 | 54 -0.02647 -2.93365e+00
 55 -0.02997  3.14319e+00 | 56  0.09649  1.54341e+00 | 57 -0.00558  1.08768e+01
 58 -0.06466  1.67794e+01 | 59 -0.14573  2.42086e+00 | 60 -0.45643 -2.86776e+01
 61  0.18022 -2.47611e+02 | 62 -0.25497 -2.23452e+01 | 63  0.03789 -3.87349e+01
 64 -0.00641 -2.31479e+01 | 65  0.02262 -1.72894e+01 | 66  0.01785  1.48930e+00
 67 -0.03837  1.10274e+01 | 68  0.01200  1.46784e+01 | 69 -0.14523 -4.65377e+00
 70  0.02467  4.86734e+00 | 71 -0.16493 -1.82287e+01 | 72 -0.04821 -1.73331e+01
 73 -0.18658 -2.30011e+01 | 74 -0.13737 -2.68888e+01 | 75 -0.18418 -1.52924e+01
 76  0.32804  4.50348e+02 | 77 -0.34236 -2.35758e+01 | 78  0.05022 -7.04705e+00
 79 -0.10192 -3.54003e+01 | 80  0.07885 -8.72508e+01 | 81 -0.11427 -2.69886e+01
 82 -0.29918 -2.98993e+01 | 83 -0.35916 -2.50236e+01 | 84 -0.08173 -1.98019e-01
 85 -0.24820 -2.66116e+01 | 86  0.08302  3.79698e+01 | 87  0.12013 -2.00845e+01
 88 -0.04764 -2.38878e+01 | 89  0.03899 -4.80438e+01 | 90  0.12084 -3.07772e+02
 91 -0.08478 -1.25729e+01 | 92  0.02060  2.58860e+01 | 93  0.04491  3.26414e+01
 94 -0.01949  2.75139e+01 | 95 -0.19523 -5.64183e+00 | 96 -0.05231  2.44165e+01
 97 -0.02216  1.07206e+01 | 98  0.05007  1.03662e+01 | 99 -0.08080 -7.78228e+00
100  0.02634  1.38714e+00 |101  0.13589  8.95048e+00 |102 -0.28643  1.46022e-01
103 -0.36149 -7.56838e+00 |104 -0.11788  3.00838e-01 |105  0.16465 -1.07066e+02
106 -0.07108  1.79506e+02 |107  0.08926  3.87130e+00 |108  0.03803 -2.70769e+00
109 -0.00453 -1.51049e+00 |110  0.00651  2.45734e+00 |111  0.19388  4.65244e+00
112 -0.09322 -2.46681e+00 |113  0.33561  1.10238e+01 |114 -0.00704 -3.59792e+00
115  0.19876 -8.17643e-01 |116 -0.06447  5.16457e+00 |117 -0.20756  3.29282e+01
118 -0.43896 -1.32362e+01 |119  0.23595  1.85529e+01 |120 -0.94339 -3.52164e-02
121 -0.00735  8.93235e+00 |122 -0.00560 -8.45895e+00 |123 -0.14531 -9.80141e-01
124  0.04836 -3.65620e+00 |125  0.16083 -2.65147e+00 |126 -0.19102 -1.72787e+01
127 -0.06722 -6.06295e+00 |128 -0.51276 -2.19584e-02 |129  0.44862 -2.08351e+00
130 -0.14883  6.73172e+00 |131  0.09329  4.47047e-01 |132 -0.11149  8.50369e+00
132 variables; iteration 40; function evaluation 46; phase 4
Function value 2.4049216e+03; maximum gradient component mag 2.4644e+02
Var    Value     Gradient |Var    Value     Gradient |Var    Value     Gradient
  1 -0.31922 -6.77218e+01 |  2  0.08437  1.66676e+01 |  3 -0.14543 -2.46765e+01
  4  0.03346 -4.36740e+00 |  5 -0.45669  1.15541e+01 |  6  0.12192 -1.36713e+00
  7  0.07463  9.11766e+01 |  8  0.00529  3.28042e+01 |  9  0.13822  1.00831e+01
 10 -0.00675  1.81370e+01 | 11 -0.16407  5.14461e+00 | 12  0.00171  4.25132e-01
 13  0.00199  4.77461e-01 | 14  0.00231  5.35988e-01 | 15  0.00266  6.00360e-01
 16  0.00303  6.71220e-01 | 17  0.00344  7.50390e-01 | 18  0.00391  8.42053e-01
 19  0.00444  9.47125e-01 | 20  0.00497  1.06065e+00 | 21  0.00548  1.17657e+00
 22  0.00582  1.28861e+00 | 23  0.00594  1.38992e+00 | 24  0.00571  1.47693e+00
 25  0.00499  1.53689e+00 | 26  0.00356  1.55403e+00 | 27  0.00127  1.51943e+00
 28 -0.00177  1.43259e+00 | 29 -0.00519  1.32282e+00 | 30 -0.00858  1.23891e+00
 31 -0.01131  1.22618e+00 | 32 -0.01295  1.29478e+00 | 33 -0.01303  1.41250e+00
 34 -0.01056  1.57372e+00 | 35 -0.00422  1.81336e+00 | 36  0.00545  2.08188e+00
 37  0.01161  2.08408e+00 | 38  0.00583  1.92679e+00 | 39 -0.02116  9.90534e-01
 40 -0.05768 -9.73683e-01 | 41 -0.07192 -8.94741e-01 | 42 -0.06682  6.61672e-01
 43 -0.03754  4.42129e+00 | 44  0.01916  1.30456e+01 | 45  0.05504  2.39065e+01
 46  0.04915  2.59808e+01 | 47  0.06031  2.69138e+01 | 48  0.04703  2.23434e+01
 49 -0.04679  7.07759e-01 | 50  0.09229 -2.65212e+00 | 51 -0.02911 -9.93611e+00
 52  0.09974 -4.22936e+01 | 53 -0.00048 -6.23016e+00 | 54 -0.04818 -7.85408e+00
 55 -0.07791 -8.36060e+00 | 56  0.08349  8.15002e+00 | 57 -0.02535  1.26890e+01
 58 -0.08400  1.33992e+01 | 59 -0.16787  7.57236e-01 | 60 -0.34566 -2.51741e+01
 61  0.17141 -1.42442e+02 | 62 -0.19391 -1.63948e+01 | 63  0.01607 -3.81712e+01
 64 -0.00702 -5.31929e+00 | 65  0.02866  3.41210e+01 | 66  0.02509  4.19619e+01
 67 -0.03433  2.20581e+01 | 68  0.00423  7.32325e+00 | 69 -0.14522 -9.83198e+00
 70  0.00841 -3.55971e+01 | 71 -0.15377 -1.54010e+01 | 72 -0.03672  1.31639e+01
 73 -0.12516 -6.86924e-01 | 74 -0.12712 -1.21902e+01 | 75 -0.17823 -1.42493e+01
 76  0.30752  2.46438e+02 | 77 -0.22146 -1.31780e+01 | 78  0.04691  5.32676e+00
 79 -0.06889 -1.46245e+01 | 80  0.08801 -2.82700e+01 | 81 -0.07323  8.48254e+00
 82 -0.22711 -1.12006e+01 | 83 -0.24378  1.47088e+00 | 84 -0.08379 -3.71710e+00
 85 -0.15492 -1.47553e+01 | 86  0.06919 -2.51828e+01 | 87  0.13950  1.57174e+01
 88 -0.03736 -2.12816e+01 | 89  0.03079 -3.70388e+01 | 90  0.15970 -1.54981e+02
 91 -0.11733 -3.06870e+01 | 92  0.02506  2.24761e+01 | 93  0.06921  7.20008e+01
 94 -0.01004  3.24714e+01 | 95 -0.19796 -9.41177e+00 | 96 -0.05603  8.14036e+00
 97 -0.01512  3.69535e+00 | 98  0.05496 -7.00214e+00 | 99 -0.05183  2.21464e+00
100  0.01412 -5.87482e+00 |101  0.10551  5.70804e+00 |102 -0.40800 -2.53008e+00
103 -0.31134 -2.22470e+00 |104 -0.14692 -4.66056e+00 |105  0.15004 -3.56513e+01
106 -0.10758  6.14964e+01 |107  0.01882  3.05376e+00 |108 -0.06281 -2.87690e+00
109 -0.05615 -2.25604e+01 |110 -0.05171  1.56872e+01 |111  0.14893  1.96396e+00
112 -0.12963 -1.38245e+00 |113  0.31953  6.97158e+00 |114 -0.02045 -2.05751e-01
115  0.14163 -1.45339e+01 |116 -0.09775  1.37956e+01 |117 -0.19596  1.31463e+01
118 -0.40781 -6.08848e+00 |119  0.23145  6.08169e+00 |120 -0.92188 -2.55821e-02
121 -0.00282  2.12566e+01 |122 -0.00588 -8.71452e+00 |123 -0.13414  5.96137e+00
124 -0.11145 -1.03099e+01 |125 -0.15514 -4.65556e+00 |126 -0.05936 -2.11344e+00
127 -0.02030  8.23269e+00 |128 -0.51106 -3.04444e-03 |129  0.45889 -3.84855e-01
130 -0.13808  6.09506e+00 |131 -0.25889 -1.19205e+01 |132 -0.99331 -2.00076e-01
132 variables; iteration 60; function evaluation 67; phase 4
Function value 2.3880758e+03; maximum gradient component mag -1.6563e+02
Var    Value     Gradient |Var    Value     Gradient |Var    Value     Gradient
  1 -0.29258 -1.65630e+02 |  2  0.02656 -2.41932e+01 |  3 -0.07913 -9.37872e+00
  4  0.01318 -9.74422e+00 |  5 -0.43053 -5.01260e+00 |  6  0.07805 -3.41642e+01
  7  0.08761  2.60484e+01 |  8 -0.05665  8.17665e+00 |  9  0.14567 -1.80716e+01
 10 -0.06032  4.08551e+00 | 11 -0.12012  1.08141e+02 | 12 -0.00269 -4.00405e-01
 13 -0.00278 -4.24589e-01 | 14 -0.00285 -4.48887e-01 | 15 -0.00290 -4.73514e-01
 16 -0.00295 -4.98587e-01 | 17 -0.00299 -5.24352e-01 | 18 -0.00302 -5.50080e-01
 19 -0.00303 -5.74671e-01 | 20 -0.00303 -5.99272e-01 | 21 -0.00304 -6.25547e-01
 22 -0.00312 -6.52011e-01 | 23 -0.00329 -6.80904e-01 | 24 -0.00366 -7.13762e-01
 25 -0.00428 -7.51026e-01 | 26 -0.00524 -7.88797e-01 | 27 -0.00655 -8.11255e-01
 28 -0.00805 -8.04487e-01 | 29 -0.00948 -7.38665e-01 | 30 -0.01061 -5.78357e-01
 31 -0.01123 -3.08747e-01 | 32 -0.01128  4.54806e-02 | 33 -0.01057  4.23897e-01
 34 -0.00842  7.83306e-01 | 35 -0.00370  1.16234e+00 | 36  0.00416  1.71930e+00
 37  0.01038  2.46923e+00 | 38  0.00646  3.35888e+00 | 39 -0.01213  3.95865e+00
 40 -0.03338  4.21722e+00 | 41 -0.03592  6.27063e+00 | 42 -0.03021  7.18385e+00
 43 -0.01968  5.02235e+00 | 44 -0.00031  1.76065e+00 | 45 -0.00373 -3.16295e-02
 46 -0.01612  7.38300e-01 | 47  0.05512  1.28244e+01 | 48  0.05299  2.20876e+01
 49 -0.07254 -1.13182e-01 | 50  0.08681  2.17982e+01 | 51 -0.02193  4.97655e+00
 52  0.10614  8.88688e+00 | 53 -0.02823  1.59778e+00 | 54 -0.05696 -3.32364e+00
 55 -0.06629 -2.22626e-01 | 56  0.07535  9.34300e+00 | 57 -0.04299 -1.57107e+00
 58 -0.10597  2.72806e+00 | 59 -0.15871  9.39049e+00 | 60 -0.24758 -1.38331e+01
 61  0.17037  1.58619e+00 | 62 -0.17519 -7.34783e+00 | 63  0.02356  2.15250e+01
 64  0.00201  3.37171e+01 | 65  0.02374  4.39638e+01 | 66  0.01906  3.32301e+01
 67 -0.04759  1.18282e+01 | 68  0.00312  8.46637e+00 | 69 -0.12436 -3.08756e+00
 70  0.00460 -2.33451e+01 | 71 -0.12093 -5.90475e+00 | 72 -0.06819 -6.53410e+00
 73 -0.12544  2.44610e+00 | 74 -0.10275  1.70351e+00 | 75 -0.21009 -1.72689e+01
 76  0.27851  1.07085e+02 | 77 -0.18540 -7.64182e+00 | 78  0.01653 -7.71758e+00
 79 -0.05448  4.76287e+00 | 80  0.08428  1.14410e+01 | 81 -0.07557  1.47074e+01
 82 -0.19700  4.33157e+00 | 83 -0.22552  8.45537e+00 | 84 -0.08993 -4.85672e+00
 85 -0.11314 -3.15605e+00 | 86  0.06362 -4.49340e+01 | 87  0.14064 -4.09008e+00
 88 -0.01937 -7.61757e+00 | 89  0.02197 -3.50975e+01 | 90  0.17435 -4.84802e+01
 91 -0.08814 -1.04753e+01 | 92  0.03148  3.07847e+01 | 93  0.05170  1.26830e+01
 94 -0.02562  5.88797e+00 | 95 -0.15303  3.17054e+00 | 96 -0.06711 -3.59465e+00
 97 -0.02120 -9.81095e+00 | 98  0.07139  2.78128e+01 | 99 -0.06789 -8.18716e+00
100  0.03458  9.46568e-01 |101  0.11978  4.07309e+00 |102 -0.46821 -3.93595e+00
103 -0.25612  1.16792e+00 |104 -0.11436  1.20479e+00 |105  0.12370 -1.01814e+01
106 -0.13316  1.23177e+01 |107  0.06578  4.83147e+00 |108 -0.02280 -3.45713e+00
109 -0.04343  7.36185e+00 |110 -0.04998 -7.16694e+00 |111  0.10679 -2.01355e+00
112 -0.17205 -1.57885e+00 |113  0.30114 -1.31930e+01 |114 -0.04223  4.64388e+00
115  0.15782 -8.43158e+00 |116 -0.09767  6.20015e+00 |117 -0.18716  1.48790e+01
118 -0.38678 -3.26037e+00 |119  0.23695  5.91690e+00 |120 -0.90195 -2.03736e-02
121 -0.01797  8.01097e+00 |122 -0.01880 -3.51887e+00 |123 -0.11210  4.34030e+00
124 -0.03303 -7.24215e-01 |125  0.26266 -2.67496e-02 |126 -0.07858  5.52921e+00
127 -0.06189  1.33861e+01 |128 -0.50813 -5.76943e-04 |129  0.43128  2.28299e+00
130 -0.16899 -4.91281e+00 |131 -0.17406  7.34260e+00 |132 -0.50918 -3.01392e+00
132 variables; iteration 80; function evaluation 89; phase 4
Function value 2.3811273e+03; maximum gradient component mag -3.3542e+01
Var    Value     Gradient |Var    Value     Gradient |Var    Value     Gradient
  1 -0.26945  2.33441e+01 |  2  0.03226 -4.97721e+00 |  3 -0.07516 -1.80224e+00
  4  0.00571  2.75194e+00 |  5 -0.42724 -4.85091e+00 |  6  0.07265 -1.19519e+00
  7  0.10189 -3.62114e+00 |  8 -0.13611 -7.07082e+00 |  9  0.19027  8.71211e-01
 10 -0.11801  2.82506e+00 | 11 -0.13780 -3.35419e+01 | 12  0.00135 -6.81611e-01
 13  0.00169 -7.40862e-01 | 14  0.00209 -8.03490e-01 | 15  0.00257 -8.69179e-01
 16  0.00313 -9.38035e-01 | 17  0.00380 -1.01101e+00 | 18  0.00462 -1.08947e+00
 19  0.00559 -1.17364e+00 | 20  0.00673 -1.26309e+00 | 21  0.00801 -1.35840e+00
 22  0.00933 -1.46163e+00 | 23  0.01064 -1.57707e+00 | 24  0.01184 -1.71228e+00
 25  0.01281 -1.86979e+00 | 26  0.01342 -2.04465e+00 | 27  0.01359 -2.21961e+00
 28  0.01347 -2.37610e+00 | 29  0.01328 -2.49209e+00 | 30  0.01318 -2.54888e+00
 31  0.01322 -2.55333e+00 | 32  0.01327 -2.55467e+00 | 33  0.01357 -2.63439e+00
 34  0.01509 -2.88699e+00 | 35  0.01703 -3.48578e+00 | 36  0.01975 -4.36157e+00
 37  0.03829 -4.84504e+00 | 38  0.02017 -5.04764e+00 | 39  0.00192 -4.06319e+00
 40 -0.02297 -3.19589e+00 | 41 -0.03903 -2.87790e+00 | 42 -0.04131 -3.34250e+00
 43 -0.02248 -4.67442e+00 | 44 -0.01385 -7.95541e+00 | 45  0.07075 -9.83501e+00
 46 -0.00366 -7.85452e+00 | 47  0.06663 -1.11956e+01 | 48  0.03289 -5.30892e+00
 49 -0.01206 -3.24184e+00 | 50  0.10275 -6.12850e+00 | 51 -0.03197 -4.53201e+00
 52  0.12843 -6.95348e+00 | 53 -0.02173 -7.59571e-02 | 54 -0.02705  1.21647e+00
 55 -0.05771 -1.29850e+00 | 56  0.08932 -3.17964e+00 | 57 -0.03134 -3.75726e+00
 58 -0.08211  7.26767e+00 | 59 -0.15610  7.53326e+00 | 60 -0.18484 -3.41865e+00
 61  0.18429  8.13166e+00 | 62 -0.14070 -3.36222e+00 | 63  0.03033 -2.61746e+00
 64 -0.00007 -1.30036e+00 | 65  0.02804  8.43825e+00 | 66  0.02527  3.80888e+00
 67 -0.04465 -2.53480e+00 | 68  0.00982 -5.27705e+00 | 69 -0.11847 -2.41998e+00
 70  0.01978 -8.82881e-01 | 71 -0.10989  1.64905e+00 | 72 -0.05851  6.27778e-01
 73 -0.12617  3.09070e+00 | 74 -0.09894  4.89673e+00 | 75 -0.17411 -1.40098e+01
 76  0.26861  2.14573e+01 | 77 -0.21642 -1.21571e+01 | 78  0.01758  1.32488e-01
 79 -0.05999  3.64794e+00 | 80  0.07844 -1.22172e+00 | 81 -0.07883  6.93366e+00
 82 -0.18428  9.83496e+00 | 83 -0.21961  1.04511e+01 | 84 -0.07450  1.13549e+01
 85 -0.10596  3.71727e+00 | 86  0.07616 -1.38180e+01 | 87  0.14001 -2.27221e+01
 88 -0.01196 -3.94303e+00 | 89  0.03963 -6.31185e+00 | 90  0.17927 -8.65207e+00
 91 -0.07148 -1.20928e-01 | 92  0.01416 -5.89848e+00 | 93  0.05191  3.23090e-01
 94 -0.03076 -2.28308e+00 | 95 -0.14403  7.40478e+00 | 96 -0.06325  4.82896e+00
 97 -0.01676  3.60176e+00 | 98  0.05500 -5.96421e+00 | 99 -0.04438  3.76973e+00
100  0.05005  4.99118e+00 |101  0.09305 -4.00739e+00 |102 -0.32613 -1.72119e-01
103 -0.27890 -1.87893e-01 |104 -0.10575  6.38406e-01 |105  0.10730 -2.41179e+00
106 -0.14483  3.29529e+00 |107 -0.03753 -2.52871e+00 |108 -0.12651 -1.67115e+00
109 -0.05448  3.90300e+00 |110 -0.05625 -6.35177e-01 |111  0.13997 -8.42606e-01
112 -0.13822 -2.57744e-01 |113  0.31859 -4.06729e+00 |114 -0.02045  3.67875e+00
115  0.18710  2.93906e+00 |116 -0.08127 -2.26464e+00 |117 -0.18237  3.03128e+00
118 -0.38066 -5.95834e-01 |119  0.22720 -3.50363e+00 |120 -0.86316 -1.48319e-02
121 -0.00696 -3.17756e+00 |122 -0.00587  2.36612e+00 |123 -0.14316 -6.73062e-01
124  0.01596 -2.64374e-01 |125  0.30729 -1.24642e-01 |126 -0.12420 -5.48259e-01
127 -0.09283 -5.86239e+00 |128 -0.49809 -4.83362e-03 |129  0.44313 -3.79704e-01
130 -0.16025  6.38609e-01 |131 -0.15739  4.15924e+00 |132 -0.45626 -2.48117e+00
132 variables; iteration 100; function evaluation 111; phase 4
Function value 2.3794201e+03; maximum gradient component mag -6.0842e+01
Var    Value     Gradient |Var    Value     Gradient |Var    Value     Gradient
  1 -0.25270  5.93659e+01 |  2  0.02905 -4.36955e+00 |  3 -0.07393  8.14391e-01
  4  0.00207  5.74370e+00 |  5 -0.41555  9.82886e-01 |  6  0.05667  3.18070e+00
  7  0.09852 -1.24740e+01 |  8 -0.11819  8.28967e-01 |  9  0.19054  3.34437e+00
 10 -0.13122 -2.95533e+00 | 11 -0.14298 -6.08425e+01 | 12  0.00623 -2.41409e-01
 13  0.00688 -2.75829e-01 | 14  0.00754 -3.18580e-01 | 15  0.00820 -3.71801e-01
 16  0.00884 -4.37913e-01 | 17  0.00944 -5.19822e-01 | 18  0.01003 -6.19886e-01
 19  0.01064 -7.35961e-01 | 20  0.01139 -8.59298e-01 | 21  0.01247 -9.76123e-01
 22  0.01404 -1.07179e+00 | 23  0.01625 -1.14079e+00 | 24  0.01906 -1.19403e+00
 25  0.02207 -1.25640e+00 | 26  0.02459 -1.35625e+00 | 27  0.02606 -1.49614e+00
 28  0.02657 -1.65076e+00 | 29  0.02637 -1.78662e+00 | 30  0.02545 -1.88547e+00
 31  0.02359 -1.96124e+00 | 32  0.02056 -2.06471e+00 | 33  0.01804 -2.19917e+00
 34  0.01968 -2.30652e+00 | 35  0.02011 -2.79737e+00 | 36  0.04119 -2.87400e+00
 37  0.05422 -3.45542e+00 | 38  0.03390 -3.64765e+00 | 39  0.01136 -2.84072e+00
 40 -0.01456 -2.10767e+00 | 41 -0.03791 -2.42449e+00 | 42 -0.02907 -1.48352e+00
 43 -0.01173 -2.23737e+00 | 44  0.00723 -4.29609e+00 | 45  0.08813 -3.13423e+00
 46 -0.01076 -4.79550e+00 | 47  0.09831 -7.06436e+00 | 48  0.02006 -5.28950e+00
 49 -0.01179 -5.37814e+00 | 50  0.10833 -1.32335e+01 | 51 -0.01258 -4.99412e+00
 52  0.13465 -1.71991e+01 | 53 -0.02407 -3.80578e+00 | 54 -0.01697  7.24164e-01
 55 -0.04816 -1.04757e+00 | 56  0.09346 -9.01647e+00 | 57 -0.01811 -1.63500e+00
 58 -0.08089  4.96791e+00 | 59 -0.15287  5.63405e+00 | 60 -0.18836 -5.97007e+00
 61  0.18941 -1.83638e+01 | 62 -0.14386 -5.88544e+00 | 63  0.03291 -6.43435e+00
 64  0.01422  3.21073e+00 | 65  0.02356 -7.31601e+00 | 66  0.03032 -2.65976e+00
 67 -0.03445 -9.13581e-01 | 68  0.01249 -4.98461e+00 | 69 -0.10174  1.68166e+00
 70  0.02446  1.02210e+00 | 71 -0.11015 -4.86829e-01 | 72 -0.05747 -1.17992e+00
 73 -0.11800  5.10543e+00 | 74 -0.10225  3.76973e+00 | 75 -0.15496 -1.21049e+01
 76  0.26578 -1.59320e+01 | 77 -0.18229 -7.27046e+00 | 78  0.01763  1.57114e+00
 79 -0.05974  3.66360e+00 | 80  0.07861 -3.74766e+00 | 81 -0.08198  2.10014e+00
 82 -0.18709  7.48024e+00 | 83 -0.22823  5.90679e+00 | 84 -0.07438  8.02833e+00
 85 -0.10697  4.36554e-01 | 86  0.08170 -4.96835e+00 | 87  0.14493 -1.05968e+01
 88 -0.00354  3.57077e+00 | 89  0.04306 -3.67784e+00 | 90  0.18362  1.86665e+00
 91 -0.06853  3.18218e-01 | 92  0.01912 -1.40892e+00 | 93  0.05231  5.45888e-02
 94 -0.02207  4.41556e+00 | 95 -0.15751  1.85105e+00 | 96 -0.06223  3.48248e+00
 97 -0.01907 -9.33519e-01 | 98  0.05572 -3.12547e+00 | 99 -0.04904  2.37627e+00
100  0.03461 -4.77468e-01 |101  0.10439 -1.00512e+00 |102 -0.32641 -1.82863e-01
103 -0.29306 -1.20553e+00 |104 -0.11718 -3.58092e-01 |105  0.11156 -1.85871e+00
106 -0.14310  1.86517e+00 |107  0.04421 -3.07989e-01 |108 -0.01629 -2.06412e-01
109 -0.05635 -2.50260e+00 |110 -0.06015  1.89422e+00 |111  0.13231 -1.11899e+00
112 -0.14927 -1.23878e+00 |113  0.32029 -1.16258e-01 |114 -0.02198  7.40849e-01
115  0.18357 -1.30756e-01 |116 -0.08577 -8.00101e-01 |117 -0.18641 -1.56519e+00
118 -0.38744  1.60717e-01 |119  0.23704 -1.39684e-01 |120 -0.82773 -1.18100e-02
121 -0.00938  1.31159e-01 |122 -0.00865  1.85246e+00 |123 -0.13204  1.74083e+00
124  0.01344 -3.08190e+00 |125  0.26867 -9.83801e-02 |126 -0.11558 -2.22762e+00
127 -0.08927 -2.38563e+00 |128 -0.48813 -5.59306e-03 |129  0.44084 -1.54579e-01
130 -0.16198 -7.35470e-02 |131 -0.13449 -7.21004e+00 |132 -0.35942  3.46594e+00
132 variables; iteration 120; function evaluation 137; phase 4
Function value 2.3782190e+03; maximum gradient component mag 5.4576e+01
Var    Value     Gradient |Var    Value     Gradient |Var    Value     Gradient
  1 -0.23603  5.45757e+01 |  2  0.02883 -5.65039e+00 |  3 -0.07685 -1.86530e+00
  4  0.00171 -6.55778e-01 |  5 -0.41898 -1.58226e+00 |  6  0.04489  9.56684e+00
  7  0.09550 -1.33609e+01 |  8 -0.10684 -6.21115e-01 |  9  0.18268 -2.40379e+00
 10 -0.11279 -5.41068e-01 | 11 -0.11868 -5.06166e+01 | 12  0.00779  1.07713e-01
 13  0.00537 -1.57451e-01 | 14  0.00279 -4.40155e-01 | 15  0.00088 -6.70673e-01
 16  0.00066 -7.67760e-01 | 17  0.00290 -6.75967e-01 | 18  0.00743 -4.18147e-01
 19  0.01256 -1.37416e-01 | 20  0.01582 -2.42960e-02 | 21  0.01600 -1.59939e-01
 22  0.01455 -4.20644e-01 | 23  0.01615 -4.67450e-01 | 24  0.02521 -1.86499e-02
 25  0.03310  3.02748e-01 | 26  0.03319  1.12153e-01 | 27  0.03252 -9.33652e-02
 28  0.03298 -1.87442e-01 | 29  0.03210 -3.02535e-01 | 30  0.02895 -4.73160e-01
 31  0.02418 -6.72281e-01 | 32  0.01986 -8.12733e-01 | 33  0.01557 -1.00525e+00
 34  0.01919 -8.56011e-01 | 35  0.05337  6.49638e-01 | 36  0.03240 -1.24959e+00
 37  0.07520 -5.51403e-01 | 38  0.02809 -2.04199e+00 | 39  0.00239 -2.03358e+00
 40 -0.02487 -2.03532e+00 | 41 -0.02500 -3.08704e-01 | 42 -0.03599 -1.47665e+00
 43 -0.00714 -1.30522e+00 | 44  0.04528 -3.00810e+00 | 45  0.03163 -3.91790e+00
 46  0.00595 -3.41583e+00 | 47  0.11361 -4.14210e+00 | 48 -0.01182 -5.16855e+00
 49 -0.01397 -4.26466e+00 | 50  0.11259 -8.37592e+00 | 51 -0.03541 -5.16432e+00
 52  0.13446 -9.70033e+00 | 53 -0.02257 -2.31293e+00 | 54 -0.02712 -2.05606e+00
 55 -0.04974 -2.22747e+00 | 56  0.09021 -8.44384e+00 | 57 -0.01941 -1.93795e+00
 58 -0.08893  7.78385e-01 | 59 -0.16832  7.13719e-01 | 60 -0.17517 -3.10717e+00
 61  0.18360 -3.32200e+01 | 62 -0.12616 -1.89762e+00 | 63  0.03079 -6.28115e+00
 64  0.00287 -5.85602e+00 | 65  0.02410 -7.72397e+00 | 66  0.02574 -5.79816e+00
 67 -0.03905 -1.98145e+00 | 68  0.01455 -1.52430e+00 | 69 -0.11121 -7.82619e-01
 70  0.02308 -1.13582e+00 | 71 -0.10867  1.00716e+00 | 72 -0.05201  2.98511e+00
 73 -0.12378  2.78945e+00 | 74 -0.11206  1.16575e+00 | 75 -0.10766 -4.49289e+00
 76  0.26431 -2.07794e+01 | 77 -0.15216 -1.82425e+00 | 78  0.01434 -1.50302e+00
 79 -0.06550  1.73755e-01 | 80  0.07925  1.34905e+00 | 81 -0.08489  4.62363e-01
 82 -0.19860  1.75721e+00 | 83 -0.23816  2.12447e+00 | 84 -0.08010  1.26217e+00
 85 -0.10609  4.53058e-02 | 86  0.08357  3.71734e+00 | 87  0.14791  6.02296e+00
 88 -0.00886 -1.68821e+00 | 89  0.04569 -6.91171e-01 | 90  0.18348 -7.04907e-02
 91 -0.07269 -2.60664e+00 | 92  0.02040  1.70100e+00 | 93  0.05274  2.13503e+00
 94 -0.02663  7.47799e-01 | 95 -0.15887  1.16148e+00 | 96 -0.06596  6.32230e-01
 97 -0.01937 -2.57135e-01 | 98  0.05604  1.28192e+00 | 99 -0.05738 -1.26203e+00
100  0.03226 -6.65884e-01 |101  0.10731 -9.87569e-03 |102 -0.32371 -1.55590e-01
103 -0.28502 -4.47584e-02 |104 -0.11773 -2.02723e-01 |105  0.11189 -3.21313e+00
106 -0.14403  3.24909e+00 |107  0.06011 -8.91456e-01 |108  0.01020  6.92217e-01
109 -0.05067 -2.41500e+00 |110 -0.05665  1.33973e+00 |111  0.19062  2.93438e-01
112 -0.10224  8.55090e-01 |113  0.31630 -9.49494e-02 |114 -0.02671 -3.10108e-02
115  0.19299 -4.66532e-01 |116 -0.08073  1.45703e+00 |117 -0.18599 -2.11929e+00
118 -0.38761  2.62066e-02 |119  0.24020 -3.85126e-01 |120 -0.74105 -8.45624e-03
121 -0.00127 -2.98664e-01 |122 -0.00499 -6.60880e-01 |123 -0.15182 -1.52003e+00
124  0.03975  1.76145e+00 |125  0.33080 -4.82839e-02 |126 -0.12195  1.54057e+00
127 -0.08803 -4.16956e-01 |128 -0.45687 -2.85320e-03 |129  0.44826  5.29041e-01
130 -0.15795 -4.84185e-01 |131 -0.13214 -1.93760e+00 |132 -0.37834  3.94946e-01
132 variables; iteration 140; function evaluation 163; phase 4
Function value 2.3778875e+03; maximum gradient component mag 4.9888e+01
Var    Value     Gradient |Var    Value     Gradient |Var    Value     Gradient
  1 -0.23905  4.98878e+01 |  2  0.02921 -2.30534e+00 |  3 -0.07618 -1.34542e+00
  4 -0.00113 -1.39559e+00 |  5 -0.41803 -7.22765e-01 |  6  0.04575  5.10695e+00
  7  0.09758 -1.55147e+00 |  8 -0.11486 -1.33725e-01 |  9  0.18826 -2.18231e-01
 10 -0.11998 -9.34576e-02 | 11 -0.11882 -4.37715e+01 | 12  0.00564 -1.48468e-01
 13  0.00485 -2.85443e-01 | 14  0.00853 -6.59978e-02 | 15  0.00741 -2.46034e-01
 16  0.00866 -2.44279e-01 | 17  0.00686 -4.93671e-01 | 18  0.00991 -3.78999e-01
 19  0.01947  1.99318e-01 | 20  0.01568 -2.43552e-01 | 21  0.01389 -5.45555e-01
 22  0.01849 -4.02466e-01 | 23  0.02075 -4.44644e-01 | 24  0.01331 -1.14499e+00
 25  0.02202 -7.87618e-01 | 26  0.02179 -1.01370e+00 | 27  0.02716 -8.85194e-01
 28  0.03252 -7.45119e-01 | 29  0.02768 -1.11950e+00 | 30  0.02941 -1.06199e+00
 31  0.02576 -1.23264e+00 | 32  0.02494 -1.21879e+00 | 33  0.02096 -1.44736e+00
 34  0.02360 -1.49999e+00 | 35  0.02251 -2.08517e+00 | 36  0.03772 -2.27320e+00
 37  0.05098 -2.69516e+00 | 38  0.04121 -2.72423e+00 | 39  0.01127 -2.25731e+00
 40 -0.01979 -2.08015e+00 | 41 -0.03744 -1.99725e+00 | 42 -0.03715 -1.95802e+00
 43 -0.01991 -2.77322e+00 | 44  0.05445 -3.69622e+00 | 45  0.02399 -5.04965e+00
 46  0.01769 -4.22858e+00 | 47  0.09988 -7.19830e+00 | 48  0.00020 -5.26470e+00
 49 -0.00529 -3.63085e+00 | 50  0.10665 -7.46213e+00 | 51 -0.02254 -3.87445e+00
 52  0.13190 -9.82262e+00 | 53 -0.02486 -3.01850e+00 | 54 -0.02826 -2.34944e+00
 55 -0.05055 -1.86881e+00 | 56  0.08954 -5.88601e+00 | 57 -0.02022 -2.57861e+00
 58 -0.09325 -1.72514e+00 | 59 -0.17414 -9.32874e-01 | 60 -0.16470  6.77028e-02
 61  0.18361 -1.35487e+01 | 62 -0.12343 -3.97032e-01 | 63  0.02992 -3.11053e+00
 64  0.00367 -1.76661e+00 | 65  0.02494 -1.82553e+00 | 66  0.02565 -2.02549e+00
 67 -0.03951 -1.07031e+00 | 68  0.01302 -1.50687e+00 | 69 -0.10954 -3.96593e-02
 70  0.02266 -4.50244e-01 | 71 -0.10973  2.23527e-01 | 72 -0.05413 -3.62348e-01
 73 -0.12945 -2.26256e-01 | 74 -0.11600 -1.55132e-01 | 75 -0.08743  4.28589e-01
 76  0.26586 -2.27407e+00 | 77 -0.14277  2.80423e-01 | 78  0.01535 -5.29781e-01
 79 -0.06479 -9.49465e-02 | 80  0.07967  3.19573e-02 | 81 -0.08467 -2.31023e-02
 82 -0.20166  1.02986e-01 | 83 -0.24436 -7.42349e-02 | 84 -0.08108  1.80460e-01
 85 -0.10433  2.27471e-01 | 86  0.08303  5.13260e-01 | 87  0.14744  9.73360e-01
 88 -0.00644  4.45621e-01 | 89  0.04643  5.50622e-01 | 90  0.18383  1.51209e+00
 91 -0.06823  3.57476e-01 | 92  0.02007 -1.84961e-02 | 93  0.05257 -5.51979e-02
 94 -0.02588  3.39957e-01 | 95 -0.16111  1.07702e-01 | 96 -0.06577  1.33803e-01
 97 -0.01829  2.88045e-01 | 98  0.05667  3.08277e-01 | 99 -0.05334  2.33353e-01
100  0.03592  1.54852e-01 |101  0.10853  8.32454e-03 |102 -0.31717 -4.22053e-03
103 -0.28114  9.38215e-02 |104 -0.12078 -1.42865e-01 |105  0.11302 -1.49682e+00
106 -0.14296  1.75622e+00 |107  0.05985 -7.60790e-02 |108  0.00078  2.29748e-02
109 -0.04832 -1.36188e+00 |110 -0.05299  1.23940e+00 |111  0.16839 -7.95441e-02
112 -0.11933 -2.17073e-02 |113  0.31732 -2.39485e+00 |114 -0.02523  1.76690e+00
115  0.18871 -9.31404e-01 |116 -0.08330  1.24911e+00 |117 -0.18462 -8.75698e-01
118 -0.38465  3.42564e-01 |119  0.23743 -3.08691e-01 |120 -0.64126 -8.96692e-03
121 -0.00675 -2.72992e-01 |122 -0.00936  1.91213e-01 |123 -0.13931  1.10481e-01
124  0.03076 -9.61358e-02 |125  0.34301 -3.17332e-02 |126 -0.11956  5.28266e-02
127 -0.08761  1.39683e-01 |128 -0.40902 -5.94700e-03 |129  0.44160 -4.71279e-01
130 -0.16118  5.88883e-01 |131 -0.10007 -4.09797e-01 |132 -0.32683  2.07786e-01
132 variables; iteration 160; function evaluation 195; phase 4
Function value 2.3774018e+03; maximum gradient component mag -3.9242e+01
Var    Value     Gradient |Var    Value     Gradient |Var    Value     Gradient
  1 -0.22381 -3.92415e+01 |  2  0.02768  2.79458e+00 |  3 -0.07456  1.76907e+00
  4 -0.00160  6.19050e-01 |  5 -0.41713  3.88514e-01 |  6  0.03495 -2.33728e+00
  7  0.09878  3.40403e+00 |  8 -0.12071  3.49357e-01 |  9  0.18998  1.63787e-01
 10 -0.12248  2.45746e-01 | 11 -0.09806  3.11296e+01 | 12  0.00632  1.67099e-01
 13  0.00728  2.02976e-01 | 14  0.00803  2.16374e-01 | 15  0.00956  2.88598e-01
 16  0.01092  3.38750e-01 | 17  0.01139  3.08095e-01 | 18  0.01267  3.33606e-01
 19  0.01584  4.99761e-01 | 20  0.02034  7.54642e-01 | 21  0.01499  2.21006e-01
 22  0.02245  6.79441e-01 | 23  0.02099  4.41675e-01 | 24  0.02402  5.35345e-01
 25  0.02942  7.92558e-01 | 26  0.02982  6.96417e-01 | 27  0.03030  6.41890e-01
 28  0.03525  9.41168e-01 | 29  0.04011  1.29726e+00 | 30  0.03520  1.08733e+00
 31  0.02709  7.25306e-01 | 32  0.02859  1.11021e+00 | 33  0.02660  1.21033e+00
 34  0.02804  1.41113e+00 | 35  0.03243  1.54328e+00 | 36  0.04333  1.84958e+00
 37  0.05679  2.39166e+00 | 38  0.04179  2.06845e+00 | 39  0.01559  2.06545e+00
 40 -0.01342  1.73332e+00 | 41 -0.03246  1.38326e+00 | 42 -0.03243  1.57883e+00
 43 -0.01036  2.05518e+00 | 44  0.03583  2.88569e+00 | 45  0.04608  3.29326e+00
 46  0.03477  3.50578e+00 | 47  0.07589  4.82274e+00 | 48  0.03470  4.61758e+00
 49 -0.00557  2.43393e+00 | 50  0.10112  7.11995e+00 | 51 -0.00626  2.48272e+00
 52  0.12815  6.06761e+00 | 53 -0.02120  1.37418e+00 | 54 -0.03136  1.20747e+00
 55 -0.04931  1.59851e+00 | 56  0.08769  3.77212e+00 | 57 -0.02123  1.62584e+00
 58 -0.09483  8.51457e-01 | 59 -0.17161  1.27491e+00 | 60 -0.17087 -3.14403e-01
 61  0.18184  6.85092e+00 | 62 -0.12813  5.02756e-02 | 63  0.02896  2.11014e+00
 64  0.00153  6.99806e-01 | 65  0.02362  1.11291e+00 | 66  0.02474  1.29147e+00
 67 -0.03906  1.21085e+00 | 68  0.01348  1.51426e+00 | 69 -0.10942  4.51971e-01
 70  0.02366  5.75523e-01 | 71 -0.10966  3.03761e-02 | 72 -0.05245 -2.24360e-01
 73 -0.12752  2.27757e-01 | 74 -0.11295  7.51576e-01 | 75 -0.09051 -1.83932e-01
 76  0.26556  3.04020e+00 | 77 -0.14822 -6.20176e-01 | 78  0.01489  8.30215e-01
 79 -0.06589  9.38581e-02 | 80  0.07919 -9.78483e-01 | 81 -0.08435 -4.88628e-01
 82 -0.20053  9.72760e-02 | 83 -0.24222  1.43312e-01 | 84 -0.07928  2.31147e-01
 85 -0.10298  4.50499e-02 | 86  0.08431 -9.34273e-01 | 87  0.14904 -3.38411e-01
 88 -0.00490  1.99100e-01 | 89  0.04663 -1.29966e+00 | 90  0.18456 -1.59978e+00
 91 -0.06852 -2.15056e-01 | 92  0.02031  1.16850e-01 | 93  0.05275  8.33601e-03
 94 -0.02683 -5.67368e-01 | 95 -0.16149  3.51527e-02 | 96 -0.06625  8.55871e-02
 97 -0.02006 -9.16876e-01 | 98  0.05488 -1.62542e+00 | 99 -0.05425  3.33385e-02
100  0.03561  1.22464e-01 |101  0.10897  8.29822e-02 |102 -0.31475 -8.02267e-03
103 -0.28206 -6.95191e-02 |104 -0.11512  1.07347e-01 |105  0.10403 -8.94584e-02
106 -0.15006 -3.66193e-01 |107  0.05704  2.15011e-01 |108 -0.00433 -1.33445e-01
109 -0.05558  1.47403e+00 |110 -0.06249 -1.04559e+00 |111  0.17482  1.77673e-02
112 -0.11530  4.59527e-02 |113  0.31392  1.53809e+00 |114 -0.02710 -1.02603e+00
115  0.18901  6.50117e-01 |116 -0.08392 -6.27905e-01 |117 -0.18228  6.94818e+00
118 -0.38222 -8.48441e-01 |119  0.21753  9.38821e+00 |120 -0.15844 -1.58323e+00
121 -0.00502  3.01139e-01 |122 -0.00839  4.91329e-02 |123 -0.14207  5.87005e-02
124  0.05168  1.91855e+00 |125  0.47629 -1.07207e-02 |126 -0.16766  1.74663e+00
127 -0.09039 -7.58851e-01 |128 -0.08207  9.05097e-01 |129  0.43863  1.42698e-01
130 -0.16206 -3.40669e-01 |131 -0.09642 -7.14816e-01 |132 -0.31886  6.05610e-01
132 variables; iteration 180; function evaluation 216; phase 4
Function value 2.3753809e+03; maximum gradient component mag -4.5802e+00
Var    Value     Gradient |Var    Value     Gradient |Var    Value     Gradient
  1 -0.22054 -4.58019e+00 |  2  0.01791 -1.65433e-01 |  3 -0.06988 -1.40265e-01
  4 -0.00530 -7.77994e-03 |  5 -0.41182 -2.98730e-02 |  6  0.01657 -7.77428e-01
  7  0.10206 -8.43084e-01 |  8 -0.11716 -1.18876e-01 |  9  0.18753 -1.09720e-01
 10 -0.13991 -8.07514e-03 | 11 -0.09745  3.92419e+00 | 12  0.00573  2.42233e-02
 13  0.00653  3.51127e-02 | 14  0.00715  2.42983e-02 | 15  0.00802  2.70204e-02
 16  0.00905  3.45453e-02 | 17  0.01033  5.20463e-02 | 18  0.01132  3.41376e-02
 19  0.01297  5.37037e-02 | 20  0.01396  7.76933e-03 | 21  0.01697  1.00103e-01
 22  0.01881  8.88396e-02 | 23  0.02116  1.01772e-01 | 24  0.02371  1.13142e-01
 25  0.02622  1.09011e-01 | 26  0.02908  1.27791e-01 | 27  0.03129  1.26522e-01
 28  0.03324  1.47468e-01 | 29  0.03323  1.06878e-01 | 30  0.03312  1.47536e-01
 31  0.03189  2.08537e-01 | 32  0.02800  1.50383e-01 | 33  0.02589  1.68994e-01
 34  0.02679  2.19106e-01 | 35  0.03164  2.19465e-01 | 36  0.04273  2.54549e-01
 37  0.05455  3.33623e-01 | 38  0.04348  2.84912e-01 | 39  0.01336  2.77274e-01
 40 -0.01549  2.24238e-01 | 41 -0.03239  2.58769e-01 | 42 -0.03363  2.45456e-01
 43 -0.01247  3.03264e-01 | 44  0.03606  4.27708e-01 | 45  0.04672  4.62356e-01
 46  0.03232  5.06867e-01 | 47  0.07622  5.71857e-02 | 48  0.02794  6.00940e-01
 49 -0.00275  3.36333e-01 | 50  0.09921  9.45747e-01 | 51 -0.00644  5.15111e-01
 52  0.12761  1.17542e+00 | 53 -0.02202  4.11308e-01 | 54 -0.03127  3.51016e-01
 55 -0.05108  2.48538e-01 | 56  0.08748  4.77971e-01 | 57 -0.02168  1.70949e-01
 58 -0.09460  9.10051e-02 | 59 -0.17486  1.24644e-01 | 60 -0.16879 -1.14719e-01
 61  0.18097  5.14723e-01 | 62 -0.12731 -3.93882e-02 | 63  0.02761  7.78884e-02
 64  0.00118  1.71218e-02 | 65  0.02301 -1.10095e-01 | 66  0.02391 -5.24731e-02
 67 -0.04106  1.96004e-02 | 68  0.01201  4.91298e-02 | 69 -0.11075 -1.49911e-03
 70  0.02274  1.09499e-01 | 71 -0.11014  3.74968e-02 | 72 -0.05310 -2.92056e-02
 73 -0.12865 -4.03633e-02 | 74 -0.11490  1.16795e-02 | 75 -0.08909 -8.65146e-02
 76  0.26662 -6.98464e-01 | 77 -0.14360 -6.49503e-03 | 78  0.01475 -1.33239e-01
 79 -0.06545  7.51902e-02 | 80  0.07931  9.46850e-02 | 81 -0.08543 -5.63084e-02
 82 -0.20235  1.20892e-01 | 83 -0.24484  7.11144e-02 | 84 -0.08296  1.26854e-01
 85 -0.10387  1.10984e-01 | 86  0.08407  8.27501e-02 | 87  0.14837 -1.99654e-01
 88 -0.00608 -9.39355e-02 | 89  0.04698 -2.72515e-01 | 90  0.18457 -5.00394e-01
 91 -0.06843 -1.44793e-02 | 92  0.02039  4.62345e-02 | 93  0.05294  7.52371e-03
 94 -0.02404  2.10488e-02 | 95 -0.15991  6.28367e-02 | 96 -0.06598 -1.98830e-02
 97 -0.02240  8.83599e-02 | 98  0.05143  3.04037e-01 | 99 -0.05603  8.16067e-02
100  0.03391  5.97069e-02 |101  0.10720  9.77000e-03 |102 -0.31465 -2.51814e-03
103 -0.28246 -2.44272e-02 |104 -0.11847 -1.85823e-02 |105  0.12436  2.93325e-01
106 -0.13525 -2.62588e-01 |107  0.07681 -9.22869e-03 |108  0.01254  3.17648e-03
109 -0.01933  6.73959e-01 |110 -0.02109 -4.13094e-01 |111  0.18786  1.90682e-02
112 -0.10830 -1.42684e-02 |113  0.32221  2.86722e-01 |114 -0.02427 -2.25995e-01
115  0.20890  2.33002e-01 |116 -0.07418 -2.35680e-01 |117 -0.14193 -3.03641e-01
118 -0.32882  3.17153e-01 |119 -0.09042 -2.78507e-01 |120 -0.05922 -2.47370e+00
121 -0.00805  6.51136e-02 |122 -0.00997  2.21850e-02 |123 -0.13674  3.59243e-02
124  0.04409 -9.69191e-02 |125  0.70428  3.73414e-03 |126 -0.12946 -1.98281e-01
127 -0.08830  1.02097e-01 |128 -0.16667 -2.24033e-01 |129  0.44868  8.58925e-02
130 -0.15958 -1.61911e-01 |131 -0.09705  5.47985e-01 |132 -0.32450 -2.71778e-01
132 variables; iteration 200; function evaluation 237; phase 4
Function value 2.3753441e+03; maximum gradient component mag 2.9345e-02
Var    Value     Gradient |Var    Value     Gradient |Var    Value     Gradient
  1 -0.22234 -2.86156e-02 |  2  0.01774 -3.46946e-04 |  3 -0.06922  1.24036e-03
  4 -0.00559  9.32835e-04 |  5 -0.41198 -1.00733e-03 |  6  0.01875 -3.27512e-03
  7  0.10241  1.59180e-03 |  8 -0.11879  5.50405e-04 |  9  0.18843  2.25816e-03
 10 -0.14037 -3.40229e-04 | 11 -0.09976  2.93455e-02 | 12  0.00567  1.93817e-04
 13  0.00637  1.06294e-04 | 14  0.00715  9.17353e-05 | 15  0.00802  1.03633e-04
 16  0.00899  1.52966e-04 | 17  0.01009  2.19345e-04 | 18  0.01135  8.77252e-05
 19  0.01281  3.50119e-04 | 20  0.01446  8.93359e-05 | 21  0.01633  9.46805e-05
 22  0.01838  2.31685e-04 | 23  0.02064  3.04176e-04 | 24  0.02311  2.59517e-04
 25  0.02578  3.17058e-04 | 26  0.02847  2.71709e-04 | 27  0.03083  2.75374e-04
 28  0.03258  3.33070e-04 | 29  0.03336  2.70465e-05 | 30  0.03272  2.83984e-04
 31  0.03067  7.11367e-04 | 32  0.02781  6.06058e-04 | 33  0.02558  7.04504e-04
 34  0.02599  5.77056e-04 | 35  0.03122  6.39610e-04 | 36  0.04244  1.04534e-03
 37  0.05369  1.32956e-03 | 38  0.04365  1.44470e-03 | 39  0.01291  1.05935e-03
 40 -0.01576  6.67693e-04 | 41 -0.03305  5.99109e-04 | 42 -0.03403  4.33294e-04
 43 -0.01278  6.89616e-04 | 44  0.03651  1.04528e-03 | 45  0.04644  2.93159e-03
 46  0.02810  1.03397e-03 | 47  0.08163  4.46146e-03 | 48  0.02357  4.38986e-03
 49 -0.00245  2.61265e-04 | 50  0.09984  7.05431e-03 | 51 -0.00785 -1.05004e-03
 52  0.12809  6.36763e-03 | 53 -0.02235  2.15078e-04 | 54 -0.03101  2.35922e-04
 55 -0.05106  3.05525e-04 | 56  0.08772  5.71852e-03 | 57 -0.02155  5.23124e-04
 58 -0.09434  8.27025e-04 | 59 -0.17498  1.01219e-03 | 60 -0.16809  6.52065e-04
 61  0.18125  1.14404e-02 | 62 -0.12680  9.09536e-04 | 63  0.02786  4.25020e-03
 64  0.00138  2.74423e-03 | 65  0.02323  4.92521e-03 | 66  0.02408  3.91290e-03
 67 -0.04097  2.53716e-03 | 68  0.01206  5.24584e-03 | 69 -0.11072  2.07476e-03
 70  0.02262  2.76107e-03 | 71 -0.11032 -5.31257e-04 | 72 -0.05326 -1.24963e-03
 73 -0.12871 -5.62723e-04 | 74 -0.11513  1.03549e-03 | 75 -0.08895  2.16512e-03
 76  0.26674  1.34127e-02 | 77 -0.14355  8.09415e-04 | 78  0.01500  2.84682e-03
 79 -0.06539 -3.65269e-04 | 80  0.07937  9.71321e-04 | 81 -0.08531  6.60964e-04
 82 -0.20258 -7.98705e-04 | 83 -0.24502 -1.71338e-04 | 84 -0.08301  5.72153e-04
 85 -0.10393 -7.29684e-04 | 86  0.08402 -3.32415e-03 | 87  0.14835 -8.17223e-04
 88 -0.00605  1.78591e-04 | 89  0.04707 -7.46670e-05 | 90  0.18463  8.28916e-04
 91 -0.06841 -8.87466e-04 | 92  0.02041 -4.12188e-03 | 93  0.05302  1.19472e-03
 94 -0.02401 -1.00819e-03 | 95 -0.16007  2.82458e-04 | 96 -0.06590  5.23850e-04
 97 -0.02235 -6.51014e-04 | 98  0.05143 -1.77504e-03 | 99 -0.05611 -8.27582e-04
100  0.03386 -5.84779e-04 |101  0.10705 -2.09638e-04 |102 -0.31482 -3.04345e-05
103 -0.28209 -1.18519e-04 |104 -0.11847  1.41181e-04 |105  0.12335 -3.61396e-03
106 -0.13585  5.64583e-03 |107  0.07610  3.66779e-04 |108  0.01251 -2.47163e-04
109 -0.02266  2.69001e-03 |110 -0.02440 -9.35094e-07 |111  0.18653 -1.15327e-03
112 -0.10890  1.24269e-03 |113  0.32216 -3.33726e-04 |114 -0.02402 -1.02344e-04
115  0.20748  1.74344e-04 |116 -0.07452  8.47465e-04 |117 -0.14282 -4.20418e-04
118 -0.33011 -2.48435e-04 |119 -0.08681 -7.20938e-05 |120 -0.05914  5.99480e-03
121 -0.00816  9.90889e-05 |122 -0.01010 -2.53731e-04 |123 -0.13688  2.11374e-04
124  0.05383  4.02268e-03 |125  0.59407 -1.86271e-03 |126 -0.18691  2.90836e-03
127 -0.08833 -5.47516e-03 |128 -0.06354 -5.94605e-04 |129  0.44918 -4.38062e-04
130 -0.15920  6.72822e-04 |131 -0.10116 -1.83723e-03 |132 -0.32933  6.76932e-04
  ic > imax  in fminim is answer attained ?
Var    Value     Gradient |Var    Value     Gradient |Var    Value     Gradient
  1 -0.22236  6.24009e-04 |  2  0.01774 -1.48076e-04 |  3 -0.06921  2.55056e-04
  4 -0.00559  4.94267e-04 |  5 -0.41198  1.12179e-04 |  6  0.01876 -3.57504e-04
  7  0.10242 -1.83843e-04 |  8 -0.11880  3.06990e-04 |  9  0.18843  8.10023e-05
 10 -0.14037 -1.69263e-04 | 11 -0.09978  7.34978e-05 | 12  0.00567 -9.71658e-06
 13  0.00637 -7.18566e-06 | 14  0.00715  1.23670e-05 | 15  0.00802  1.06200e-05
 16  0.00899 -3.45085e-06 | 17  0.01009 -2.85137e-05 | 18  0.01135  8.16010e-06
 19  0.01280 -3.20299e-05 | 20  0.01446  5.48935e-05 | 21  0.01633 -4.14620e-05
 22  0.01838 -6.55935e-05 | 23  0.02063 -7.41387e-05 | 24  0.02311 -3.01521e-05
 25  0.02577 -2.34512e-06 | 26  0.02846 -3.28842e-05 | 27  0.03082 -4.23339e-05
 28  0.03257 -6.49902e-05 | 29  0.03336  1.18215e-05 | 30  0.03272 -5.52582e-05
 31  0.03066 -1.53632e-04 | 32  0.02780 -5.74314e-05 | 33  0.02557 -6.70612e-05
 34  0.02598 -9.52893e-05 | 35  0.03122  4.40686e-06 | 36  0.04243 -2.17118e-05
 37  0.05368 -1.33847e-04 | 38  0.04364 -3.28433e-06 | 39  0.01290 -1.32979e-04
 40 -0.01576 -7.27070e-05 | 41 -0.03305 -2.00962e-04 | 42 -0.03403 -1.91861e-04
 43 -0.01278 -1.97831e-04 | 44  0.03652 -1.80924e-04 | 45  0.04642 -5.73417e-04
 46  0.02812 -9.61550e-05 | 47  0.08163 -5.50100e-06 | 48  0.02355  1.91049e-04
 49 -0.00242 -2.57633e-04 | 50  0.09983 -2.80815e-04 | 51 -0.00782 -7.87069e-05
 52  0.12809 -2.50856e-04 | 53 -0.02234 -2.46719e-04 | 54 -0.03101 -1.35137e-05
 55 -0.05106 -3.61506e-05 | 56  0.08772 -8.38489e-05 | 57 -0.02155  2.06533e-05
 58 -0.09434  1.19924e-05 | 59 -0.17498 -2.30411e-04 | 60 -0.16809  6.46777e-05
 61  0.18125  1.81924e-03 | 62 -0.12680 -5.63897e-05 | 63  0.02787  4.08860e-04
 64  0.00138  4.24051e-04 | 65  0.02323  2.98283e-04 | 66  0.02408  5.07328e-04
 67 -0.04097  2.02531e-04 | 68  0.01206  8.61552e-05 | 69 -0.11072  1.00521e-05
 70  0.02262  5.88118e-05 | 71 -0.11032  3.86625e-05 | 72 -0.05326 -1.14696e-04
 73 -0.12871  1.39485e-04 | 74 -0.11514 -6.22750e-05 | 75 -0.08896  2.92949e-05
 76  0.26674  6.60279e-04 | 77 -0.14356  3.79462e-05 | 78  0.01500  1.10004e-04
 79 -0.06539 -9.12419e-05 | 80  0.07936 -1.36158e-04 | 81 -0.08531 -5.20404e-05
 82 -0.20259  9.72333e-05 | 83 -0.24503  3.82822e-05 | 84 -0.08301  1.88763e-04
 85 -0.10393 -2.04986e-05 | 86  0.08401 -4.26590e-04 | 87  0.14835 -6.73594e-04
 88 -0.00605  1.99308e-04 | 89  0.04707  7.59167e-05 | 90  0.18463  1.50350e-04
 91 -0.06841  1.06007e-04 | 92  0.02041 -2.17094e-04 | 93  0.05301 -1.59429e-04
 94 -0.02401 -2.51068e-05 | 95 -0.16007 -2.00608e-05 | 96 -0.06591  2.75094e-04
 97 -0.02235  1.84049e-05 | 98  0.05142  7.32391e-05 | 99 -0.05611  8.38814e-05
100  0.03385 -7.88285e-05 |101  0.10706 -7.68866e-05 |102 -0.31483 -1.20435e-05
103 -0.28209 -4.47676e-05 |104 -0.11847  5.63941e-05 |105  0.12335 -1.16031e-04
106 -0.13586  4.16425e-05 |107  0.07609 -2.97430e-05 |108  0.01251  1.70288e-05
109 -0.02269 -6.56148e-04 |110 -0.02444  3.78750e-04 |111  0.18653  2.97231e-04
112 -0.10890 -2.58548e-04 |113  0.32216 -1.50175e-04 |114 -0.02402  2.10537e-04
115  0.20746  5.04432e-05 |116 -0.07452 -1.42202e-04 |117 -0.14282  4.31439e-04
118 -0.33011 -1.15382e-04 |119 -0.08681 -4.20403e-05 |120 -0.05915 -9.45258e-04
121 -0.00816  1.73371e-05 |122 -0.01010 -1.60359e-05 |123 -0.13688 -6.31750e-05
124  0.05388 -3.03234e-04 |125  0.62621 -1.79923e-05 |126 -0.18706 -1.76402e-04
127 -0.08836 -4.44255e-04 |128 -0.06344 -1.08607e-04 |129  0.44918  2.07420e-05
130 -0.15920  3.33786e-07 |131 -0.10114  9.31911e-05 |132 -0.32930 -7.50375e-05
Function minimizer not making progress ... is minimum attained?
Minimprove criterion = 0.0000e+00

 - final statistics:
132 variables; iteration 217; function evaluation 283
Function value 2.3753e+03; maximum gradient component mag 1.8192e-03
Exit code = 1;  converg criter 1.0000e-04
Var    Value     Gradient |Var    Value     Gradient |Var    Value     Gradient
  1 -0.22236  6.24009e-04 |  2  0.01774 -1.48076e-04 |  3 -0.06921  2.55056e-04
  4 -0.00559  4.94267e-04 |  5 -0.41198  1.12179e-04 |  6  0.01876 -3.57504e-04
  7  0.10242 -1.83843e-04 |  8 -0.11880  3.06990e-04 |  9  0.18843  8.10023e-05
 10 -0.14037 -1.69263e-04 | 11 -0.09978  7.34978e-05 | 12  0.00567 -9.71658e-06
 13  0.00637 -7.18566e-06 | 14  0.00715  1.23670e-05 | 15  0.00802  1.06200e-05
 16  0.00899 -3.45085e-06 | 17  0.01009 -2.85137e-05 | 18  0.01135  8.16010e-06
 19  0.01280 -3.20299e-05 | 20  0.01446  5.48935e-05 | 21  0.01633 -4.14620e-05
 22  0.01838 -6.55935e-05 | 23  0.02063 -7.41387e-05 | 24  0.02311 -3.01521e-05
 25  0.02577 -2.34512e-06 | 26  0.02846 -3.28842e-05 | 27  0.03082 -4.23339e-05
 28  0.03257 -6.49902e-05 | 29  0.03336  1.18215e-05 | 30  0.03272 -5.52582e-05
 31  0.03066 -1.53632e-04 | 32  0.02780 -5.74314e-05 | 33  0.02557 -6.70612e-05
 34  0.02598 -9.52893e-05 | 35  0.03122  4.40686e-06 | 36  0.04243 -2.17118e-05
 37  0.05368 -1.33847e-04 | 38  0.04364 -3.28433e-06 | 39  0.01290 -1.32979e-04
 40 -0.01576 -7.27070e-05 | 41 -0.03305 -2.00962e-04 | 42 -0.03403 -1.91861e-04
 43 -0.01278 -1.97831e-04 | 44  0.03652 -1.80924e-04 | 45  0.04642 -5.73417e-04
 46  0.02812 -9.61550e-05 | 47  0.08163 -5.50100e-06 | 48  0.02355  1.91049e-04
 49 -0.00242 -2.57633e-04 | 50  0.09983 -2.80815e-04 | 51 -0.00782 -7.87069e-05
 52  0.12809 -2.50856e-04 | 53 -0.02234 -2.46719e-04 | 54 -0.03101 -1.35137e-05
 55 -0.05106 -3.61506e-05 | 56  0.08772 -8.38489e-05 | 57 -0.02155  2.06533e-05
 58 -0.09434  1.19924e-05 | 59 -0.17498 -2.30411e-04 | 60 -0.16809  6.46777e-05
 61  0.18125  1.81924e-03 | 62 -0.12680 -5.63897e-05 | 63  0.02787  4.08860e-04
 64  0.00138  4.24051e-04 | 65  0.02323  2.98283e-04 | 66  0.02408  5.07328e-04
 67 -0.04097  2.02531e-04 | 68  0.01206  8.61552e-05 | 69 -0.11072  1.00521e-05
 70  0.02262  5.88118e-05 | 71 -0.11032  3.86625e-05 | 72 -0.05326 -1.14696e-04
 73 -0.12871  1.39485e-04 | 74 -0.11514 -6.22750e-05 | 75 -0.08896  2.92949e-05
 76  0.26674  6.60279e-04 | 77 -0.14356  3.79462e-05 | 78  0.01500  1.10004e-04
 79 -0.06539 -9.12419e-05 | 80  0.07936 -1.36158e-04 | 81 -0.08531 -5.20404e-05
 82 -0.20259  9.72333e-05 | 83 -0.24503  3.82822e-05 | 84 -0.08301  1.88763e-04
 85 -0.10393 -2.04986e-05 | 86  0.08401 -4.26590e-04 | 87  0.14835 -6.73594e-04
 88 -0.00605  1.99308e-04 | 89  0.04707  7.59167e-05 | 90  0.18463  1.50350e-04
 91 -0.06841  1.06007e-04 | 92  0.02041 -2.17094e-04 | 93  0.05301 -1.59429e-04
 94 -0.02401 -2.51068e-05 | 95 -0.16007 -2.00608e-05 | 96 -0.06591  2.75094e-04
 97 -0.02235  1.84049e-05 | 98  0.05142  7.32391e-05 | 99 -0.05611  8.38814e-05
100  0.03385 -7.88285e-05 |101  0.10706 -7.68866e-05 |102 -0.31483 -1.20435e-05
103 -0.28209 -4.47676e-05 |104 -0.11847  5.63941e-05 |105  0.12335 -1.16031e-04
106 -0.13586  4.16425e-05 |107  0.07609 -2.97430e-05 |108  0.01251  1.70288e-05
109 -0.02269 -6.56148e-04 |110 -0.02444  3.78750e-04 |111  0.18653  2.97231e-04
112 -0.10890 -2.58548e-04 |113  0.32216 -1.50175e-04 |114 -0.02402  2.10537e-04
115  0.20746  5.04432e-05 |116 -0.07452 -1.42202e-04 |117 -0.14282  4.31439e-04
118 -0.33011 -1.15382e-04 |119 -0.08681 -4.20403e-05 |120 -0.05915 -9.45258e-04
121 -0.00816  1.73371e-05 |122 -0.01010 -1.60359e-05 |123 -0.13688 -6.31750e-05
124  0.05388 -3.03234e-04 |125  0.62621 -1.79923e-05 |126 -0.18706 -1.76402e-04
127 -0.08836 -4.44255e-04 |128 -0.06344 -1.08607e-04 |129  0.44918  2.07420e-05
130 -0.15920  3.33786e-07 |131 -0.10114  9.31911e-05 |132 -0.32930 -7.50375e-05

Initial statistics: 144 variables; iteration 0; function evaluation 0; phase 5
Function value 2.3753440e+03; maximum gradient component mag 1.8192e-03
Var    Value     Gradient |Var    Value     Gradient |Var    Value     Gradient
  1 -0.22236  6.23999e-04 |  2  0.01774 -1.48074e-04 |  3 -0.06921  2.55055e-04
  4 -0.00559  4.94264e-04 |  5 -0.41198  1.12178e-04 |  6  0.01876 -3.57502e-04
  7  0.10242 -1.83842e-04 |  8 -0.11880  3.06989e-04 |  9  0.18843  8.10018e-05
 10 -0.14037 -1.69262e-04 | 11 -0.09978  7.35012e-05 | 12  0.00567 -9.71651e-06
 13  0.00637 -7.18556e-06 | 14  0.00715  1.23670e-05 | 15  0.00802  1.06199e-05
 16  0.00899 -3.45077e-06 | 17  0.01009 -2.85135e-05 | 18  0.01135  8.16010e-06
 19  0.01280 -3.20298e-05 | 20  0.01446  5.48932e-05 | 21  0.01633 -4.14617e-05
 22  0.01838 -6.55930e-05 | 23  0.02063 -7.41382e-05 | 24  0.02311 -3.01517e-05
 25  0.02577 -2.34491e-06 | 26  0.02846 -3.28838e-05 | 27  0.03082 -4.23335e-05
 28  0.03257 -6.49897e-05 | 29  0.03336  1.18216e-05 | 30  0.03272 -5.52576e-05
 31  0.03066 -1.53631e-04 | 32  0.02780 -5.74308e-05 | 33  0.02557 -6.70606e-05
 34  0.02598 -9.52885e-05 | 35  0.03122  4.40707e-06 | 36  0.04243 -2.17114e-05
 37  0.05368 -1.33846e-04 | 38  0.04364 -3.28400e-06 | 39  0.01290 -1.32978e-04
 40 -0.01576 -7.27063e-05 | 41 -0.03305 -2.00960e-04 | 42 -0.03403 -1.91860e-04
 43 -0.01278 -1.97830e-04 | 44  0.03652 -1.80922e-04 | 45  0.04642 -5.73413e-04
 46  0.02812 -9.61539e-05 | 47  0.08163 -5.50035e-06 | 48  0.02355  1.91048e-04
 49 -0.00242 -2.57631e-04 | 50  0.09983 -2.80812e-04 | 51 -0.00782 -7.87062e-05
 52  0.12809 -2.50855e-04 | 53 -0.02234 -2.46718e-04 | 54 -0.03101 -1.35134e-05
 55 -0.05106 -3.61500e-05 | 56  0.08772 -8.38480e-05 | 57 -0.02155  2.06533e-05
 58 -0.09434  1.19924e-05 | 59 -0.17498 -2.30409e-04 | 60 -0.16809  6.46770e-05
 61  0.18125  1.81923e-03 | 62 -0.12680 -5.63892e-05 | 63  0.02787  4.08858e-04
 64  0.00138  4.24049e-04 | 65  0.02323  2.98281e-04 | 66  0.02408  5.07325e-04
 67 -0.04097  2.02530e-04 | 68  0.01206  8.61542e-05 | 69 -0.11072  1.00520e-05
 70  0.02262  5.88110e-05 | 71 -0.11032  3.86623e-05 | 72 -0.05326 -1.14696e-04
 73 -0.12871  1.39484e-04 | 74 -0.11514 -6.22747e-05 | 75 -0.08896  2.92945e-05
 76  0.26674  6.60276e-04 | 77 -0.14356  3.79461e-05 | 78  0.01500  1.10003e-04
 79 -0.06539 -9.12413e-05 | 80  0.07936 -1.36158e-04 | 81 -0.08531 -5.20405e-05
 82 -0.20259  9.72328e-05 | 83 -0.24503  3.82820e-05 | 84 -0.08301  1.88762e-04
 85 -0.10393 -2.04984e-05 | 86  0.08401 -4.26588e-04 | 87  0.14835 -6.73590e-04
 88 -0.00605  1.99307e-04 | 89  0.04707  7.59163e-05 | 90  0.18463  1.50348e-04
 91 -0.06841  1.06007e-04 | 92  0.02041 -2.17093e-04 | 93  0.05301 -1.59428e-04
 94 -0.02401 -2.51065e-05 | 95 -0.16007 -2.00606e-05 | 96 -0.06591  2.75092e-04
 97 -0.02235  1.84049e-05 | 98  0.05142  7.32390e-05 | 99 -0.05611  8.38811e-05
100  0.03385 -7.88280e-05 |101  0.10706 -7.68862e-05 |102  0.00000  0.00000e+00
103  0.00000  0.00000e+00 |104  0.00000  0.00000e+00 |105  0.00000  0.00000e+00
106  0.00000  0.00000e+00 |107  0.00000  0.00000e+00 |108  0.00000  0.00000e+00
109  0.00000  0.00000e+00 |110  0.00000  0.00000e+00 |111  0.00000  0.00000e+00
112  0.00000  0.00000e+00 |113  0.00000  0.00000e+00 |114 -0.31483 -1.20434e-05
115 -0.28209 -4.47673e-05 |116 -0.11847  5.63939e-05 |117  0.12335 -1.16030e-04
118 -0.13586  4.16409e-05 |119  0.07609 -2.97428e-05 |120  0.01251  1.70286e-05
121 -0.02269 -6.56143e-04 |122 -0.02444  3.78748e-04 |123  0.18653  2.97229e-04
124 -0.10890 -2.58546e-04 |125  0.32216 -1.50174e-04 |126 -0.02402  2.10535e-04
127  0.20746  5.04426e-05 |128 -0.07452 -1.42200e-04 |129 -0.14282  4.31437e-04
130 -0.33011 -1.15382e-04 |131 -0.08681 -4.20404e-05 |132 -0.05915 -9.45253e-04
133 -0.00816  1.73371e-05 |134 -0.01010 -1.60357e-05 |135 -0.13688 -6.31746e-05
136  0.05388 -3.03232e-04 |137  0.62621 -1.79923e-05 |138 -0.18706 -1.76400e-04
139 -0.08836 -4.44253e-04 |140 -0.06344 -1.08606e-04 |141  0.44918  2.07419e-05
142 -0.15920  3.33673e-07 |143 -0.10114  9.31901e-05 |144 -0.32930 -7.50368e-05
  ic > imax  in fminim is answer attained ?
Var    Value     Gradient |Var    Value     Gradient |Var    Value     Gradient
  1 -0.22236  6.23999e-04 |  2  0.01774 -1.48074e-04 |  3 -0.06921  2.55055e-04
  4 -0.00559  4.94264e-04 |  5 -0.41198  1.12178e-04 |  6  0.01876 -3.57502e-04
  7  0.10242 -1.83842e-04 |  8 -0.11880  3.06989e-04 |  9  0.18843  8.10018e-05
 10 -0.14037 -1.69262e-04 | 11 -0.09978  7.35012e-05 | 12  0.00567 -9.71651e-06
 13  0.00637 -7.18556e-06 | 14  0.00715  1.23670e-05 | 15  0.00802  1.06199e-05
 16  0.00899 -3.45077e-06 | 17  0.01009 -2.85135e-05 | 18  0.01135  8.16010e-06
 19  0.01280 -3.20298e-05 | 20  0.01446  5.48932e-05 | 21  0.01633 -4.14617e-05
 22  0.01838 -6.55930e-05 | 23  0.02063 -7.41382e-05 | 24  0.02311 -3.01517e-05
 25  0.02577 -2.34491e-06 | 26  0.02846 -3.28838e-05 | 27  0.03082 -4.23335e-05
 28  0.03257 -6.49897e-05 | 29  0.03336  1.18216e-05 | 30  0.03272 -5.52576e-05
 31  0.03066 -1.53631e-04 | 32  0.02780 -5.74308e-05 | 33  0.02557 -6.70606e-05
 34  0.02598 -9.52885e-05 | 35  0.03122  4.40707e-06 | 36  0.04243 -2.17114e-05
 37  0.05368 -1.33846e-04 | 38  0.04364 -3.28400e-06 | 39  0.01290 -1.32978e-04
 40 -0.01576 -7.27063e-05 | 41 -0.03305 -2.00960e-04 | 42 -0.03403 -1.91860e-04
 43 -0.01278 -1.97830e-04 | 44  0.03652 -1.80922e-04 | 45  0.04642 -5.73413e-04
 46  0.02812 -9.61539e-05 | 47  0.08163 -5.50035e-06 | 48  0.02355  1.91048e-04
 49 -0.00242 -2.57631e-04 | 50  0.09983 -2.80812e-04 | 51 -0.00782 -7.87062e-05
 52  0.12809 -2.50855e-04 | 53 -0.02234 -2.46718e-04 | 54 -0.03101 -1.35134e-05
 55 -0.05106 -3.61500e-05 | 56  0.08772 -8.38480e-05 | 57 -0.02155  2.06533e-05
 58 -0.09434  1.19924e-05 | 59 -0.17498 -2.30409e-04 | 60 -0.16809  6.46770e-05
 61  0.18125  1.81923e-03 | 62 -0.12680 -5.63892e-05 | 63  0.02787  4.08858e-04
 64  0.00138  4.24049e-04 | 65  0.02323  2.98281e-04 | 66  0.02408  5.07325e-04
 67 -0.04097  2.02530e-04 | 68  0.01206  8.61542e-05 | 69 -0.11072  1.00520e-05
 70  0.02262  5.88110e-05 | 71 -0.11032  3.86623e-05 | 72 -0.05326 -1.14696e-04
 73 -0.12871  1.39484e-04 | 74 -0.11514 -6.22747e-05 | 75 -0.08896  2.92945e-05
 76  0.26674  6.60276e-04 | 77 -0.14356  3.79461e-05 | 78  0.01500  1.10003e-04
 79 -0.06539 -9.12413e-05 | 80  0.07936 -1.36158e-04 | 81 -0.08531 -5.20405e-05
 82 -0.20259  9.72328e-05 | 83 -0.24503  3.82820e-05 | 84 -0.08301  1.88762e-04
 85 -0.10393 -2.04984e-05 | 86  0.08401 -4.26588e-04 | 87  0.14835 -6.73590e-04
 88 -0.00605  1.99307e-04 | 89  0.04707  7.59163e-05 | 90  0.18463  1.50348e-04
 91 -0.06841  1.06007e-04 | 92  0.02041 -2.17093e-04 | 93  0.05301 -1.59428e-04
 94 -0.02401 -2.51065e-05 | 95 -0.16007 -2.00606e-05 | 96 -0.06591  2.75092e-04
 97 -0.02235  1.84049e-05 | 98  0.05142  7.32390e-05 | 99 -0.05611  8.38811e-05
100  0.03385 -7.88280e-05 |101  0.10706 -7.68862e-05 |102  0.00000  0.00000e+00
103  0.00000  0.00000e+00 |104  0.00000  0.00000e+00 |105  0.00000  0.00000e+00
106  0.00000  0.00000e+00 |107  0.00000  0.00000e+00 |108  0.00000  0.00000e+00
109  0.00000  0.00000e+00 |110  0.00000  0.00000e+00 |111  0.00000  0.00000e+00
112  0.00000  0.00000e+00 |113  0.00000  0.00000e+00 |114 -0.31483 -1.20434e-05
115 -0.28209 -4.47673e-05 |116 -0.11847  5.63939e-05 |117  0.12335 -1.16030e-04
118 -0.13586  4.16409e-05 |119  0.07609 -2.97428e-05 |120  0.01251  1.70286e-05
121 -0.02269 -6.56143e-04 |122 -0.02444  3.78748e-04 |123  0.18653  2.97229e-04
124 -0.10890 -2.58546e-04 |125  0.32216 -1.50174e-04 |126 -0.02402  2.10535e-04
127  0.20746  5.04426e-05 |128 -0.07452 -1.42200e-04 |129 -0.14282  4.31437e-04
130 -0.33011 -1.15382e-04 |131 -0.08681 -4.20404e-05 |132 -0.05915 -9.45253e-04
133 -0.00816  1.73371e-05 |134 -0.01010 -1.60357e-05 |135 -0.13688 -6.31746e-05
136  0.05388 -3.03232e-04 |137  0.62621 -1.79923e-05 |138 -0.18706 -1.76400e-04
139 -0.08836 -4.44253e-04 |140 -0.06344 -1.08606e-04 |141  0.44918  2.07419e-05
142 -0.15920  3.33673e-07 |143 -0.10114  9.31901e-05 |144 -0.32930 -7.50368e-05
Function minimizer not making progress ... is minimum attained?
Minimprove criterion = 0.0000e+00

 - final statistics:
144 variables; iteration 1; function evaluation 30
Function value 2.3753e+03; maximum gradient component mag 1.8192e-03
Exit code = 1;  converg criter 1.0000e-04
Var    Value     Gradient |Var    Value     Gradient |Var    Value     Gradient
  1 -0.22236  6.23999e-04 |  2  0.01774 -1.48074e-04 |  3 -0.06921  2.55055e-04
  4 -0.00559  4.94264e-04 |  5 -0.41198  1.12178e-04 |  6  0.01876 -3.57502e-04
  7  0.10242 -1.83842e-04 |  8 -0.11880  3.06989e-04 |  9  0.18843  8.10018e-05
 10 -0.14037 -1.69262e-04 | 11 -0.09978  7.35012e-05 | 12  0.00567 -9.71651e-06
 13  0.00637 -7.18556e-06 | 14  0.00715  1.23670e-05 | 15  0.00802  1.06199e-05
 16  0.00899 -3.45077e-06 | 17  0.01009 -2.85135e-05 | 18  0.01135  8.16010e-06
 19  0.01280 -3.20298e-05 | 20  0.01446  5.48932e-05 | 21  0.01633 -4.14617e-05
 22  0.01838 -6.55930e-05 | 23  0.02063 -7.41382e-05 | 24  0.02311 -3.01517e-05
 25  0.02577 -2.34491e-06 | 26  0.02846 -3.28838e-05 | 27  0.03082 -4.23335e-05
 28  0.03257 -6.49897e-05 | 29  0.03336  1.18216e-05 | 30  0.03272 -5.52576e-05
 31  0.03066 -1.53631e-04 | 32  0.02780 -5.74308e-05 | 33  0.02557 -6.70606e-05
 34  0.02598 -9.52885e-05 | 35  0.03122  4.40707e-06 | 36  0.04243 -2.17114e-05
 37  0.05368 -1.33846e-04 | 38  0.04364 -3.28400e-06 | 39  0.01290 -1.32978e-04
 40 -0.01576 -7.27063e-05 | 41 -0.03305 -2.00960e-04 | 42 -0.03403 -1.91860e-04
 43 -0.01278 -1.97830e-04 | 44  0.03652 -1.80922e-04 | 45  0.04642 -5.73413e-04
 46  0.02812 -9.61539e-05 | 47  0.08163 -5.50035e-06 | 48  0.02355  1.91048e-04
 49 -0.00242 -2.57631e-04 | 50  0.09983 -2.80812e-04 | 51 -0.00782 -7.87062e-05
 52  0.12809 -2.50855e-04 | 53 -0.02234 -2.46718e-04 | 54 -0.03101 -1.35134e-05
 55 -0.05106 -3.61500e-05 | 56  0.08772 -8.38480e-05 | 57 -0.02155  2.06533e-05
 58 -0.09434  1.19924e-05 | 59 -0.17498 -2.30409e-04 | 60 -0.16809  6.46770e-05
 61  0.18125  1.81923e-03 | 62 -0.12680 -5.63892e-05 | 63  0.02787  4.08858e-04
 64  0.00138  4.24049e-04 | 65  0.02323  2.98281e-04 | 66  0.02408  5.07325e-04
 67 -0.04097  2.02530e-04 | 68  0.01206  8.61542e-05 | 69 -0.11072  1.00520e-05
 70  0.02262  5.88110e-05 | 71 -0.11032  3.86623e-05 | 72 -0.05326 -1.14696e-04
 73 -0.12871  1.39484e-04 | 74 -0.11514 -6.22747e-05 | 75 -0.08896  2.92945e-05
 76  0.26674  6.60276e-04 | 77 -0.14356  3.79461e-05 | 78  0.01500  1.10003e-04
 79 -0.06539 -9.12413e-05 | 80  0.07936 -1.36158e-04 | 81 -0.08531 -5.20405e-05
 82 -0.20259  9.72328e-05 | 83 -0.24503  3.82820e-05 | 84 -0.08301  1.88762e-04
 85 -0.10393 -2.04984e-05 | 86  0.08401 -4.26588e-04 | 87  0.14835 -6.73590e-04
 88 -0.00605  1.99307e-04 | 89  0.04707  7.59163e-05 | 90  0.18463  1.50348e-04
 91 -0.06841  1.06007e-04 | 92  0.02041 -2.17093e-04 | 93  0.05301 -1.59428e-04
 94 -0.02401 -2.51065e-05 | 95 -0.16007 -2.00606e-05 | 96 -0.06591  2.75092e-04
 97 -0.02235  1.84049e-05 | 98  0.05142  7.32390e-05 | 99 -0.05611  8.38811e-05
100  0.03385 -7.88280e-05 |101  0.10706 -7.68862e-05 |102  0.00000  0.00000e+00
103  0.00000  0.00000e+00 |104  0.00000  0.00000e+00 |105  0.00000  0.00000e+00
106  0.00000  0.00000e+00 |107  0.00000  0.00000e+00 |108  0.00000  0.00000e+00
109  0.00000  0.00000e+00 |110  0.00000  0.00000e+00 |111  0.00000  0.00000e+00
112  0.00000  0.00000e+00 |113  0.00000  0.00000e+00 |114 -0.31483 -1.20434e-05
115 -0.28209 -4.47673e-05 |116 -0.11847  5.63939e-05 |117  0.12335 -1.16030e-04
118 -0.13586  4.16409e-05 |119  0.07609 -2.97428e-05 |120  0.01251  1.70286e-05
121 -0.02269 -6.56143e-04 |122 -0.02444  3.78748e-04 |123  0.18653  2.97229e-04
124 -0.10890 -2.58546e-04 |125  0.32216 -1.50174e-04 |126 -0.02402  2.10535e-04
127  0.20746  5.04426e-05 |128 -0.07452 -1.42200e-04 |129 -0.14282  4.31437e-04
130 -0.33011 -1.15382e-04 |131 -0.08681 -4.20404e-05 |132 -0.05915 -9.45253e-04
133 -0.00816  1.73371e-05 |134 -0.01010 -1.60357e-05 |135 -0.13688 -6.31746e-05
136  0.05388 -3.03232e-04 |137  0.62621 -1.79923e-05 |138 -0.18706 -1.76400e-04
139 -0.08836 -4.44253e-04 |140 -0.06344 -1.08606e-04 |141  0.44918  2.07419e-05
142 -0.15920  3.33673e-07 |143 -0.10114  9.31901e-05 |144 -0.32930 -7.50368e-05
size of file gradfil1.tmp = 0
size of file gradfil2.tmp = 0
size of file varssave.tmp = 0
size of file cmpdiff.tmp = 200000008
