
Initial statistics: 2 variables; iteration 0; function evaluation 0; phase 1
Function value 1.4571185e+03; maximum gradient component mag 1.9713e+01
Var    Value     Gradient |Var    Value     Gradient |Var    Value     Gradient
  1  0.12819  1.97128e+01 |  2 -0.33333  7.62089e-01 |

 - final statistics:
2 variables; iteration 1; function evaluation 9
Function value 1.4538e+03; maximum gradient component mag 5.6942e+00
Exit code = 1;  converg criter 1.0000e+01
Var    Value     Gradient |Var    Value     Gradient |Var    Value     Gradient
  1 -0.05355  3.52410e+00 |  2 -0.34036  5.69422e+00 |

Initial statistics: 9 variables; iteration 0; function evaluation 0; phase 2
Function value 1.4538300e+03; maximum gradient component mag -5.0447e+02
Var    Value     Gradient |Var    Value     Gradient |Var    Value     Gradient
  1 -0.25350 -9.10481e+01 |  2 -0.26198 -4.75135e+02 |  3 -0.05228 -9.66376e+00
  4  0.14905 -1.03262e+02 |  5  0.00000 -5.04466e+02 |  6  0.25754 -4.67880e+01
  7 -0.06236 -9.89332e+01 |  8 -0.05355  3.52410e+00 |  9 -0.34036  5.69422e+00

 - final statistics:
9 variables; iteration 15; function evaluation 22
Function value 1.3938e+03; maximum gradient component mag 9.5991e+00
Exit code = 1;  converg criter 1.0000e+01
Var    Value     Gradient |Var    Value     Gradient |Var    Value     Gradient
  1 -0.15909  7.62216e+00 |  2 -0.24211  9.59907e+00 |  3 -0.23648  6.08532e+00
  4  0.38722  7.11121e+00 |  5  0.17226  9.54404e+00 |  6  0.35899  4.54294e+00
  7 -0.33987  7.17979e+00 |  8  0.57815 -3.20286e+00 |  9 -0.32564 -4.00411e-01

Initial statistics: 32 variables; iteration 0; function evaluation 0; phase 3
Function value 1.3937831e+03; maximum gradient component mag -6.2897e+02
Var    Value     Gradient |Var    Value     Gradient |Var    Value     Gradient
  1 -0.15909  7.62216e+00 |  2 -0.24211  9.59907e+00 |  3 -0.23648  6.08532e+00
  4  0.38722  7.11121e+00 |  5  0.10094  1.23314e+02 |  6  0.31415  1.35791e+02
  7  0.00000 -3.91270e+02 |  8  0.17226  9.54404e+00 |  9  0.35899  4.54294e+00
 10 -0.33987  7.17979e+00 | 11  0.00000  1.27124e+02 | 12  0.00000  8.41940e+01
 13  0.57815 -3.20286e+00 | 14 -0.32564 -4.00411e-01 | 15 -0.32395 -3.00344e+02
 16 -0.21635  1.27545e+02 | 17 -0.32395 -6.28966e+02 | 18 -0.21635  2.80390e+02
 19 -0.32395 -2.27170e+02 | 20 -0.21635  9.43178e+01 | 21  0.00000  5.38525e+02
 22 -0.40967  2.08634e+00 | 23 -0.21635 -3.31778e+02 | 24  0.16024  6.59042e+01
 25 -0.32395  4.57842e+02 | 26 -0.21635 -4.87504e+02 | 27  0.16024  1.84507e-03
 28  0.62714  8.99689e-03 | 29 -0.11760  5.53493e+02 | 30 -0.21635 -4.26997e+02
 31  0.16024  1.72910e-03 | 32  0.62714  8.03782e-03 |

Intermediate statistics: 32 variables; iteration 20; function evaluation 31; phase 3
Function value 9.3372106e+02; maximum gradient component mag -2.5112e+02
Var    Value     Gradient |Var    Value     Gradient |Var    Value     Gradient
  1 -0.03381  1.23472e+02 |  2 -0.18895  7.34458e+01 |  3 -0.14620 -1.06372e+02
  4  0.16806  3.87385e+01 |  5  0.04963 -2.54116e+01 |  6 -0.50681  1.70894e+00
  7  0.10853 -6.61078e+00 |  8  0.10087  1.13095e+02 |  9  0.26745 -1.18802e+02
 10 -0.08655  9.27441e+01 | 11  0.04461  6.33608e+00 | 12 -0.55510 -4.24535e+00
 13  0.59025  1.25388e+00 | 14 -0.32562  9.57748e-02 | 15  0.06212 -9.21569e+00
 16  0.01815 -9.24640e+00 | 17 -0.18468 -2.51121e+02 | 18 -0.16631  1.21380e+02
 19  0.13646 -5.50430e+01 | 20 -0.02594  3.26406e+01 | 21 -0.12927 -1.23306e+02
 22 -0.34712 -3.34888e+00 | 23 -0.04899  5.47437e+01 | 24  0.06289 -1.70356e+01
 25  1.21973 -2.85683e+00 | 26  0.49628 -2.05039e+01 | 27  0.16017  8.07583e-04
 28  0.62672  4.72921e-03 | 29 -0.37162 -6.81079e+00 | 30  0.64795  2.83041e-01
 31  0.16020  5.16638e-04 | 32  0.62682  4.37517e-03 |
32 variables; iteration 40; function evaluation 57; phase 3
Function value 8.6009593e+02; maximum gradient component mag -3.8693e+01
Var    Value     Gradient |Var    Value     Gradient |Var    Value     Gradient
  1 -0.25621 -1.01137e+01 |  2 -0.12499 -1.21840e+01 |  3 -0.03542  2.93110e+00
  4  0.01590  9.23811e-01 |  5  0.16443  4.24205e+00 |  6 -0.70179 -7.87500e-01
  7  0.22881  1.64663e+01 |  8  0.05334 -1.53198e+01 |  9  0.24917 -3.64015e+01
 10 -0.05822 -1.77530e+01 | 11 -0.01108 -5.83433e+00 | 12 -0.87152 -5.97402e-01
 13 -0.14585  3.48147e+01 | 14 -0.48043  4.14321e+00 | 15  0.22861  9.86803e-01
 16  0.08446 -2.47331e+01 | 17 -0.03655 -3.86934e+01 | 18 -0.03280  1.34120e+01
 19  0.29235  3.40729e+00 | 20  0.03034 -3.81816e+00 | 21 -0.01386 -5.29946e+00
 22 -0.26135 -1.60357e+00 | 23 -0.01578 -1.70203e+00 | 24 -0.14665 -2.17748e+00
 25  1.94609  8.52717e-01 | 26  1.28423 -1.89027e+00 | 27  0.14741  1.35101e-03
 28  0.56044  5.78248e-03 | 29 -0.23849 -1.68622e+00 | 30  0.66870  2.49224e-01
 31  0.15133  6.42787e-04 | 32  0.57101  3.44743e-03 |
32 variables; iteration 60; function evaluation 87; phase 3
Function value 8.5135326e+02; maximum gradient component mag 4.1300e+01
Var    Value     Gradient |Var    Value     Gradient |Var    Value     Gradient
  1 -0.19343 -3.73581e+01 |  2 -0.07944  9.63466e+00 |  3 -0.00577  1.09670e+01
  4 -0.06031  1.24798e+01 |  5  0.15243  2.19984e+00 |  6 -0.70055 -3.99018e-01
  7  0.14925 -9.77024e+00 |  8  0.03268  9.80210e+00 |  9  0.23447  9.47174e+00
 10 -0.01944  9.50921e+00 | 11 -0.00991  1.40932e+00 | 12 -1.07733  3.27091e-01
 13 -0.09943  4.13000e+01 | 14 -0.48528  1.33957e-01 | 15  0.51812  1.87435e+00
 16  0.15776 -9.16330e+00 | 17  0.13374 -1.22193e+01 | 18  0.06635  1.65816e+01
 19  0.43621  3.78388e+00 | 20  0.06284 -5.40661e+00 | 21  0.00421  3.49348e+00
 22 -0.31513  2.19723e-01 | 23  0.00076 -1.23812e-01 | 24 -0.14480  1.15932e+00
 25  1.98887 -2.73351e+00 | 26  1.70686  2.73452e+00 | 27  0.00027  3.54450e-01
 28 -0.57096 -4.31346e-03 | 29 -0.30669 -3.56815e+00 | 30  0.13090  3.52370e+00
 31  0.12625  4.10237e-05 | 32  0.46108 -4.06741e-03 |
Maximum number of function evaluations exceeded

 - final statistics:
32 variables; iteration 69; function evaluation 100
Function value 8.4861e+02; maximum gradient component mag 7.1818e+01
Exit code = 3;  converg criter 1.0000e+00
Var    Value     Gradient |Var    Value     Gradient |Var    Value     Gradient
  1 -0.19777 -3.20462e+01 |  2 -0.07190  2.56649e+00 |  3 -0.01101  3.85518e+01
  4 -0.06325  1.23376e+01 |  5  0.14652  1.95970e+01 |  6 -0.62526  1.02905e+01
  7  0.15096 -8.37993e-01 |  8  0.02688 -4.09052e-02 |  9  0.23740  7.18179e+01
 10 -0.01923  8.47509e+00 | 11 -0.00937  3.08304e+01 | 12 -1.60778  2.55645e+00
 13 -0.10405  1.61578e+01 | 14 -0.49275 -1.39857e+00 | 15  0.60886  5.13754e+00
 16  0.17253 -2.43269e+01 | 17  0.17676  1.13073e+01 | 18  0.08744  5.79672e-01
 19  0.40334 -1.19690e+00 | 20  0.05144  2.65132e+00 | 21  0.00471 -1.83145e+00
 22 -0.33709 -3.32860e-01 | 23 -0.00230 -2.02113e+00 | 24 -0.15335 -2.03940e+00
 25  2.02605  2.31234e-01 | 26  1.71043 -3.17397e+00 | 27  0.07939  1.84518e+00
 28 -0.48310 -1.11358e-03 | 29 -0.56169  1.79264e-01 | 30 -0.65137  1.48575e-01
 31  0.10385  6.26947e-04 | 32  0.60474  3.54643e-03 |

Initial statistics: 32 variables; iteration 0; function evaluation 0; phase 4
Function value 8.4860598e+02; maximum gradient component mag 7.1818e+01
Var    Value     Gradient |Var    Value     Gradient |Var    Value     Gradient
  1 -0.19777 -3.20462e+01 |  2 -0.07190  2.56649e+00 |  3 -0.01101  3.85518e+01
  4 -0.06325  1.23376e+01 |  5  0.14652  1.95970e+01 |  6 -0.62526  1.02905e+01
  7  0.15096 -8.37993e-01 |  8  0.02688 -4.09052e-02 |  9  0.23740  7.18179e+01
 10 -0.01923  8.47509e+00 | 11 -0.00937  3.08304e+01 | 12 -0.39222 -2.55645e+00
 13 -0.10405  1.61578e+01 | 14 -0.49275 -1.39857e+00 | 15  0.60886  5.13754e+00
 16  0.17253 -2.43269e+01 | 17  0.17676  1.13073e+01 | 18  0.08744  5.79672e-01
 19  0.40334 -1.19690e+00 | 20  0.05144  2.65132e+00 | 21  0.00471 -1.83145e+00
 22 -0.33709 -3.32860e-01 | 23 -0.00230 -2.02113e+00 | 24 -0.15335 -2.03940e+00
 25 -0.02605 -2.31234e-01 | 26  0.28957  3.17397e+00 | 27  0.07939  1.84518e+00
 28 -0.48310 -1.11358e-03 | 29 -0.56169  1.79264e-01 | 30 -0.65137  1.48575e-01
 31  0.10385  6.26947e-04 | 32  0.60474  3.54643e-03 |

Intermediate statistics: 32 variables; iteration 20; function evaluation 31; phase 4
Function value 8.4473422e+02; maximum gradient component mag 1.5610e+02
Var    Value     Gradient |Var    Value     Gradient |Var    Value     Gradient
  1 -0.20986 -9.83047e+01 |  2 -0.10754  9.12222e+00 |  3 -0.01135  7.13039e+01
  4 -0.03897  4.19197e+01 |  5  0.20133  5.16507e+01 |  6 -0.75072  8.35556e+00
  7  0.17012 -9.65714e+00 |  8  0.05930  1.61574e+01 |  9  0.23568  1.56102e+02
 10 -0.02890  4.31341e+01 | 11 -0.05684  1.03690e+02 | 12  0.26502  5.36645e+00
 13 -0.11392  1.13556e+02 | 14 -0.50537 -6.83202e+00 | 15  0.42459 -5.73789e+00
 16  0.14569  1.90335e+01 | 17  0.12053  2.98488e+01 | 18  0.06083 -3.49796e+01
 19  0.35455  1.54388e+00 | 20  0.04095 -7.01437e+00 | 21  0.00156 -1.04287e+01
 22 -0.32095 -6.81989e-01 | 23  0.00205  4.09013e+00 | 24 -0.14583 -1.61919e+00
 25  0.01324  3.28774e+00 | 26  0.31445  1.62510e+00 | 27  0.00151  2.03856e+00
 28 -0.48255 -2.55086e-03 | 29 -0.56618 -3.41161e-01 | 30 -0.67926  1.39693e-01
 31  0.10373  6.11813e-04 | 32  0.60409  3.56802e-03 |
32 variables; iteration 40; function evaluation 61; phase 4
Function value 8.4083668e+02; maximum gradient component mag -1.3775e+01
Var    Value     Gradient |Var    Value     Gradient |Var    Value     Gradient
  1 -0.19135  1.24209e+01 |  2 -0.07517 -6.75237e-01 |  3  0.00462 -5.07819e+00
  4 -0.08214 -3.17768e+00 |  5  0.19157 -1.33579e+00 |  6 -0.75907 -1.67801e+00
  7  0.13436  1.26016e+00 |  8  0.03305  1.29728e-01 |  9  0.19934 -6.75949e+00
 10  0.03801 -1.07616e+00 | 11 -0.10828 -1.21678e+00 | 12  0.45125 -6.84208e-01
 13 -0.09810 -1.37750e+01 | 14 -0.48658 -2.13072e-02 | 15  0.49050 -1.37128e+00
 16  0.15080  5.27173e+00 | 17  0.13191  1.12001e+00 | 18  0.05988 -1.19888e+00
 19  0.38890 -1.49014e+00 | 20  0.04736  3.17241e+00 | 21  0.01218  3.59988e-01
 22 -0.28567 -2.08764e-01 | 23  0.01143 -9.45145e-04 | 24 -0.15475  1.72991e-01
 25  0.03360  1.47361e+00 | 26  0.30578 -1.77905e-01 | 27 -0.03555  1.06976e+00
 28 -0.19011 -8.02243e-02 | 29 -0.58263 -1.14864e-01 | 30 -0.80298  5.73293e-03
 31  0.08629  8.26459e-04 | 32  0.53992  1.37005e-03 |
32 variables; iteration 60; function evaluation 86; phase 4
Function value 8.4067978e+02; maximum gradient component mag 2.7937e-01
Var    Value     Gradient |Var    Value     Gradient |Var    Value     Gradient
  1 -0.19193 -2.60829e-01 |  2 -0.07484  3.16113e-02 |  3  0.00302  1.03871e-01
  4 -0.08073  6.85265e-02 |  5  0.19016  2.80871e-02 |  6 -0.75372  2.35853e-02
  7  0.13391 -3.26095e-02 |  8  0.03201  8.82521e-03 |  9  0.19969  9.21079e-02
 10  0.03825  2.54341e-02 | 11 -0.10822 -2.12817e-02 | 12  0.44589 -1.35544e-02
 13 -0.09862  2.79367e-01 | 14 -0.48642  2.52377e-02 | 15  0.49676  1.58866e-02
 16  0.15168 -1.79408e-01 | 17  0.13223  6.75167e-02 | 18  0.06013 -1.18263e-01
 19  0.39394 -6.71442e-02 | 20  0.04866  9.69608e-02 | 21 -0.02341  7.06363e-02
 22 -0.17301  7.26097e-02 | 23 -0.01906 -1.35371e-02 | 24 -0.17409  2.70525e-02
 25  0.09268 -2.45029e-02 | 26  0.33837 -6.95284e-04 | 27 -0.26886  1.78237e-03
 28 -0.07515 -1.37451e-02 | 29 -0.58234 -1.67430e-02 | 30 -0.79818  1.54224e-03
 31 -0.06265  2.08892e-04 | 32  0.52296  1.65082e-03 |
32 variables; iteration 80; function evaluation 125; phase 4
Function value 8.4065467e+02; maximum gradient component mag -1.9719e+00
Var    Value     Gradient |Var    Value     Gradient |Var    Value     Gradient
  1 -0.19168  7.60686e-01 |  2 -0.07482 -7.19855e-01 |  3  0.00301 -1.18769e-01
  4 -0.08083 -5.16647e-01 |  5  0.19025  7.87196e-03 |  6 -0.75408  8.12328e-02
  7  0.13368  3.42900e-01 |  8  0.03211 -8.03533e-01 |  9  0.19970 -2.38711e-01
 10  0.03823 -7.38354e-01 | 11 -0.10823 -2.44837e-02 | 12  0.44641  2.94769e-02
 13 -0.09843  2.35671e-01 | 14 -0.48641  8.67049e-03 | 15  0.49804 -3.27652e-02
 16  0.15191  5.31377e-02 | 17  0.13263  9.25818e-02 | 18  0.06027 -1.87755e-01
 19  0.39541  1.08248e-01 | 20  0.04906 -2.23104e-01 | 21 -0.02303  1.46632e-02
 22 -0.17342  1.96347e-02 | 23 -0.01871  1.15017e-02 | 24 -0.17428 -1.23125e-02
 25  0.09363 -1.24116e-01 | 26  0.33874  2.62214e-03 | 27 -0.27378 -3.59029e-02
 28 -0.07450 -2.49351e-02 | 29 -0.58189 -1.97194e+00 | 30 -0.80096  8.59508e-02
 31 -1.30918 -1.34260e-02 | 32  0.11595 -6.25305e-03 |

 - final statistics:
32 variables; iteration 94; function evaluation 139
Function value 8.4064e+02; maximum gradient component mag -4.1066e-05
Exit code = 1;  converg criter 1.0000e-04
Var    Value     Gradient |Var    Value     Gradient |Var    Value     Gradient
  1 -0.19310  3.72453e-05 |  2 -0.07501  9.78968e-07 |  3  0.00252 -1.36890e-05
  4 -0.07994 -9.47847e-06 |  5  0.19037 -3.96173e-06 |  6 -0.75454 -8.72777e-08
  7  0.13435  8.71380e-06 |  8  0.03265  2.24870e-06 |  9  0.19979 -1.15038e-05
 10  0.03784 -5.43920e-06 | 11 -0.10817  8.36524e-06 | 12  0.44725  1.46515e-06
 13 -0.09957 -4.10659e-05 | 14 -0.48677 -9.08322e-07 | 15  0.49592 -1.27029e-06
 16  0.15170  4.33868e-06 | 17  0.13144 -1.36748e-05 | 18  0.05988  2.33734e-05
 19  0.39321  3.49596e-06 | 20  0.04859 -4.14743e-06 | 21 -0.02336  6.75160e-07
 22 -0.17333  7.68069e-07 | 23 -0.01889 -1.16955e-07 | 24 -0.17392  9.87701e-07
 25  0.09305  3.27593e-06 | 26  0.33912 -1.13796e-06 | 27 -0.27123  9.99922e-07
 28 -0.07502  5.58829e-07 | 29 -0.56790 -4.29519e-06 | 30 -0.70050  6.50934e-07
 31 -1.13393 -7.56152e-08 | 32  0.09971 -9.83652e-07 |
Estimating row 1 out of 32 for hessian
Estimating row 2 out of 32 for hessian
Estimating row 3 out of 32 for hessian
Estimating row 4 out of 32 for hessian
Estimating row 5 out of 32 for hessian
Estimating row 6 out of 32 for hessian
Estimating row 7 out of 32 for hessian
Estimating row 8 out of 32 for hessian
Estimating row 9 out of 32 for hessian
Estimating row 10 out of 32 for hessian
Estimating row 11 out of 32 for hessian
Estimating row 12 out of 32 for hessian
Estimating row 13 out of 32 for hessian
Estimating row 14 out of 32 for hessian
Estimating row 15 out of 32 for hessian
Estimating row 16 out of 32 for hessian
Estimating row 17 out of 32 for hessian
Estimating row 18 out of 32 for hessian
Estimating row 19 out of 32 for hessian
Estimating row 20 out of 32 for hessian
Estimating row 21 out of 32 for hessian
Estimating row 22 out of 32 for hessian
Estimating row 23 out of 32 for hessian
Estimating row 24 out of 32 for hessian
Estimating row 25 out of 32 for hessian
Estimating row 26 out of 32 for hessian
Estimating row 27 out of 32 for hessian
Estimating row 28 out of 32 for hessian
Estimating row 29 out of 32 for hessian
Estimating row 30 out of 32 for hessian
Estimating row 31 out of 32 for hessian
Estimating row 32 out of 32 for hessian
size of file gradfil1.tmp = 0
size of file gradfil2.tmp = 0
size of file varssave.tmp = 0
size of file cmpdiff.tmp = 600000024
