
Initial statistics: 3 variables; iteration 0; function evaluation 0; phase 1
Function value 4.0935442e+03; maximum gradient component mag 1.6941e+02
Var    Value     Gradient |Var    Value     Gradient |Var    Value     Gradient
  1  0.12819  1.69411e+02 |  2 -0.26198 -6.51363e+00 |  3 -0.12819 -2.85371e+01

 - final statistics:
3 variables; iteration 7; function evaluation 13
Function value 4.0771e+03; maximum gradient component mag -2.4588e+00
Exit code = 1;  converg criter 1.0000e+01
Var    Value     Gradient |Var    Value     Gradient |Var    Value     Gradient
  1  0.02311 -2.45879e+00 |  2 -0.23079  3.05803e-01 |  3  0.10091  2.56639e-01

Initial statistics: 13 variables; iteration 0; function evaluation 0; phase 2
Function value 4.0771417e+03; maximum gradient component mag -7.3730e+02
Var    Value     Gradient |Var    Value     Gradient |Var    Value     Gradient
  1 -0.22556 -2.30201e+02 |  2  0.00000 -4.10423e+02 |  3 -0.12819 -2.98677e+02
  4  0.03352  7.29385e+01 |  5 -0.28197  8.26928e+01 |  6  0.00000 -7.79716e+01
  7  0.11199 -7.37302e+02 |  8 -0.16086 -2.28755e+02 |  9  0.00000 -1.08152e+01
 10 -0.21635 -1.00207e+01 | 11  0.02311 -2.45879e+00 | 12 -0.23079  3.05803e-01
 13  0.10091  2.56639e-01 |

 - final statistics:
13 variables; iteration 18; function evaluation 27
Function value 4.0245e+03; maximum gradient component mag 7.5537e+00
Exit code = 1;  converg criter 1.0000e+01
Var    Value     Gradient |Var    Value     Gradient |Var    Value     Gradient
  1 -0.14200  7.55369e+00 |  2  0.19935 -3.35755e+00 |  3 -0.23214 -2.72484e+00
  4  0.01000  2.46688e+00 |  5 -0.45652  1.85131e+00 |  6 -0.03803  8.57521e-01
  7  0.07444 -6.78383e+00 |  8  0.00463  8.11118e-01 |  9 -0.07430  8.71715e-01
 10  0.00920 -5.11272e-01 | 11  0.26441 -6.38952e+00 | 12 -0.16951  1.67034e+00
 13  0.12134  1.12510e+00 |

Initial statistics: 43 variables; iteration 0; function evaluation 0; phase 3
Function value 4.0245258e+03; maximum gradient component mag -6.2348e+03
Var    Value     Gradient |Var    Value     Gradient |Var    Value     Gradient
  1 -0.14200  7.55369e+00 |  2  0.19935 -3.35755e+00 |  3 -0.23214 -2.72484e+00
  4  0.01000  2.46688e+00 |  5 -0.45652  1.85131e+00 |  6 -0.03803  8.57521e-01
  7  0.07444 -6.78383e+00 |  8  0.00463  8.11118e-01 |  9 -0.07430  8.71715e-01
 10  0.00920 -5.11272e-01 | 11  0.26441 -6.38952e+00 | 12 -0.16951  1.67034e+00
 13  0.12134  1.12510e+00 | 14 -0.11760 -9.59823e+02 | 15 -0.33425  2.34957e+02
 16 -0.10723 -6.44480e+02 | 17 -0.10028  1.48278e+02 | 18 -0.45481 -9.31779e+01
 19 -0.01633  7.39091e-01 | 20  0.25350  4.15400e+03 | 21 -0.21710 -6.23479e+03
 22 -0.49439  3.28225e+02 | 23 -0.11760 -6.12052e+01 | 24 -0.33425  2.56896e+01
 25 -0.11760 -9.83716e+02 | 26 -0.33425  1.91032e+02 | 27 -0.10723 -9.19174e+02
 28 -0.11760 -8.12475e+02 | 29 -0.33425  6.70928e+01 | 30 -0.10723 -9.11742e+02
 31  0.02302  1.54487e+03 | 32 -0.31415 -1.11979e+03 | 33  0.53959  1.13834e+01
 34 -0.62714  8.15915e-04 | 35  0.00000  5.66364e+02 | 36 -0.21635 -3.53897e+02
 37  0.16024  6.58463e+01 | 38 -0.12294 -5.65105e+01 | 39 -0.16953  3.34868e+01
 40 -0.10028 -1.10491e+02 | 41 -0.34608  9.10272e+01 | 42  0.02302 -5.73949e+01
 43 -0.16953  5.93144e+01 |

Intermediate statistics: 43 variables; iteration 20; function evaluation 30; phase 3
Function value 3.2132837e+03; maximum gradient component mag -3.9240e+02
Var    Value     Gradient |Var    Value     Gradient |Var    Value     Gradient
  1 -0.08808  2.86967e+02 |  2  0.07830 -5.00705e+01 |  3 -0.11217 -1.28555e+01
  4 -0.02707 -1.41041e+01 |  5 -0.45481 -2.17580e+01 |  6 -0.08287  3.57723e+01
  7  0.03918 -3.92402e+02 |  8  0.04671 -8.21291e+01 |  9 -0.09135 -2.11639e+01
 10  0.19675 -7.72651e+00 | 11  0.21350 -4.60896e+00 | 12 -0.18908  9.95318e-01
 13  0.10436  2.57493e-01 | 14  0.28038  1.77869e+01 | 15 -0.13058  2.72078e+01
 16 -0.43322 -1.80734e+01 | 17 -0.37492 -4.01070e+01 | 18 -0.42396  2.34232e+01
 19 -0.02682 -2.96178e-01 | 20 -0.03391 -1.94945e+02 | 21 -0.37084 -1.82321e+02
 22 -0.19812 -1.01386e+02 | 23  0.09620 -2.68387e+00 | 24 -0.26250 -7.15808e+00
 25  0.31997 -1.54862e+01 | 26 -0.18659 -9.72260e+01 | 27 -0.54990 -3.13660e+01
 28  0.26510 -6.48776e+01 | 29 -0.09303  1.79673e+02 | 30  0.08505  5.71878e-01
 31 -0.30301 -9.67814e+01 | 32 -0.72276  6.89142e-01 | 33  0.40685 -2.36243e+01
 34 -0.62712 -9.28832e-03 | 35 -0.20633 -3.43438e+01 | 36  0.46485  2.90154e+00
 37  0.35606  8.41841e+00 | 38  0.38033  3.15586e+01 | 39 -0.23322 -4.53948e+01
 40  0.30407 -4.93929e+01 | 41 -0.27117  1.17618e+02 | 42  0.03104 -2.21070e+01
 43 -0.22295  2.16419e+00 |
43 variables; iteration 40; function evaluation 54; phase 3
Function value 3.1742103e+03; maximum gradient component mag -3.9774e+02
Var    Value     Gradient |Var    Value     Gradient |Var    Value     Gradient
  1 -0.13517  3.59562e+02 |  2  0.09049 -2.16884e+01 |  3 -0.13498 -7.24423e+00
  4 -0.01119  2.80624e+01 |  5 -0.45091  2.36418e+01 |  6 -0.07972 -2.51560e+01
  7  0.03776 -9.82051e+01 |  8  0.06927 -3.46448e+01 |  9 -0.10848  6.99624e+00
 10  0.22083  2.04199e+01 | 11  0.08621 -1.32350e+02 | 12 -0.22529  4.36390e-02
 13  0.10707  5.44181e-01 | 14  0.23015 -6.25718e+01 | 15 -0.15539  7.36328e+01
 16 -0.32542 -2.69994e+01 | 17 -0.31944 -5.46584e+01 | 18 -0.90610  1.31570e+00
 19 -0.25633 -8.93612e+00 | 20 -0.00649  1.20170e+02 | 21 -0.34574 -3.97743e+02
 22 -0.23214 -1.33154e+02 | 23  0.10666 -1.08110e+01 | 24 -0.23844  5.35821e+00
 25  0.33857 -3.19738e+01 | 26 -0.16779  7.14323e+01 | 27 -0.50024 -1.46707e+01
 28  0.28366 -9.22251e+01 | 29 -0.09757  9.91888e+01 | 30 -0.36707 -2.81248e+01
 31 -0.24906 -1.04091e+02 | 32 -0.45493  2.40799e+01 | 33  0.45413 -1.72691e+00
 34 -0.62422 -4.75270e-03 | 35  0.11289  2.56503e+01 | 36  1.17815 -1.18874e+00
 37 -0.15261  1.53716e+01 | 38  0.44588  7.91414e+00 | 39 -0.16059 -9.86090e+00
 40  0.22429 -8.83775e+01 | 41 -0.30071  1.27541e+02 | 42  0.08221 -4.51108e+01
 43 -0.14910  4.64834e+01 |
43 variables; iteration 60; function evaluation 80; phase 3
Function value 3.1102000e+03; maximum gradient component mag 1.0359e+02
Var    Value     Gradient |Var    Value     Gradient |Var    Value     Gradient
  1 -0.18276  9.22651e+01 |  2  0.06397  1.17174e+01 |  3 -0.13303  9.16446e+00
  4 -0.02743  3.39113e+00 |  5 -0.43929  4.10836e+00 |  6 -0.03982  1.20974e+01
  7  0.06860  5.19001e+01 |  8  0.03728  1.35555e+01 |  9 -0.08644  2.10903e+00
 10  0.07349  1.97948e+00 | 11  0.01058 -4.20019e+01 | 12 -0.25886 -8.41740e-01
 13  0.07827 -9.98659e-01 | 14  0.23346 -9.14105e+00 | 15 -0.15828  2.50147e+01
 16 -0.16650  3.71962e-01 | 17 -0.27752 -6.50217e+00 | 18 -0.98476 -1.27054e-01
 19 -0.26676  5.62970e-01 | 20  0.14804 -8.05062e+01 | 21 -0.18158  1.03588e+02
 22 -0.20598  6.22443e-01 | 23  0.15261 -2.37475e+00 | 24 -0.20405  1.78603e+00
 25  0.30226 -2.43953e+01 | 26 -0.19530  1.51056e+01 | 27 -0.23598 -1.64698e+00
 28  0.31222 -2.77251e+01 | 29 -0.09153  1.92974e+01 | 30 -0.35827 -1.21236e+01
 31 -0.22909  3.43944e+00 | 32 -0.48799 -1.60386e+01 | 33  0.40470  3.50036e+00
 34 -0.49301  1.74313e-03 | 35 -0.01941  5.33708e+00 | 36 -0.01181 -7.87783e+00
 37 -0.08222  2.87296e+00 | 38  0.42432 -1.81274e+00 | 39 -0.16781  3.56863e+00
 40  0.40045 -1.68225e+00 | 41 -0.27671 -1.45222e+00 | 42  0.06330 -3.22512e+00
 43 -0.18114  5.73320e-01 |
Maximum number of function evaluations exceeded

 - final statistics:
43 variables; iteration 80; function evaluation 100
Function value 3.1066e+03; maximum gradient component mag -1.5874e+01
Exit code = 3;  converg criter 1.0000e+00
Var    Value     Gradient |Var    Value     Gradient |Var    Value     Gradient
  1 -0.17797  1.36236e+01 |  2  0.04231 -3.69232e-01 |  3 -0.11994  6.02877e-01
  4 -0.03372 -1.55359e+00 |  5 -0.43727 -1.80486e+00 |  6 -0.05536 -1.11489e-01
  7  0.07028 -1.29818e+00 |  8  0.03249  8.34059e-01 |  9 -0.08225 -6.02975e-01
 10  0.07281 -1.10031e+00 | 11  0.01146 -6.02144e+00 | 12 -0.25323 -1.78282e-01
 13  0.09219 -1.19913e-01 | 14  0.24248 -1.58740e+01 | 15 -0.15808  1.14406e+01
 16 -0.22079 -5.09639e+00 | 17 -0.24584 -3.34669e+00 | 18 -1.34914 -7.23798e-01
 19 -0.27828 -1.96628e-01 | 20  0.17494 -1.19128e+01 | 21 -0.17101  1.55570e+01
 22 -0.23529  5.92399e-01 | 23  0.17382 -2.26350e-01 | 24 -0.19254  9.33098e-01
 25  0.34803  1.67413e+00 | 26 -0.17850 -1.98091e+00 | 27 -0.15075 -5.28918e-01
 28  0.33923 -3.80577e+00 | 29 -0.08496  7.75878e+00 | 30 -0.18529 -7.06587e-01
 31 -0.17582  5.44864e+00 | 32 -0.35290 -7.28765e-01 | 33  0.26770  1.14111e+00
 34 -0.08380  3.58205e-01 | 35  0.00543 -1.02779e+00 | 36  0.02473  5.64535e-01
 37 -0.12831 -2.39712e-02 | 38  0.43370 -7.32861e-01 | 39 -0.16934  6.76102e-01
 40  0.57823  2.70096e-01 | 41 -0.24257 -2.46369e+00 | 42  0.10388  1.28794e+00
 43 -0.14798 -2.88888e-01 |

Initial statistics: 100 variables; iteration 0; function evaluation 0; phase 4
Function value 3.1066367e+03; maximum gradient component mag -5.7458e+02
Var    Value     Gradient |Var    Value     Gradient |Var    Value     Gradient
  1 -0.17797  1.36236e+01 |  2  0.04231 -3.69232e-01 |  3 -0.11994  6.02877e-01
  4 -0.03372 -1.55359e+00 |  5 -0.43727 -1.80486e+00 |  6 -0.05536 -1.11489e-01
  7  0.07028 -1.29818e+00 |  8  0.03249  8.34059e-01 |  9 -0.08225 -6.02975e-01
 10  0.07281 -1.10031e+00 | 11  0.01146 -6.02144e+00 | 12  0.00000 -7.77797e+00
 13  0.00000 -1.35569e+01 | 14  0.00000 -1.74270e+01 | 15  0.00000 -1.10686e+01
 16  0.00000 -5.99636e+00 | 17  0.00000 -1.87466e+01 | 18  0.00000 -4.00571e+01
 19  0.00000 -5.50113e+01 | 20  0.00000  1.48502e+01 | 21  0.00000  8.26624e+01
 22  0.00000  7.26109e+01 | 23  0.00000  3.86480e+00 | 24  0.00000  8.86050e+01
 25  0.00000  1.76889e+02 | 26  0.00000  1.81435e+02 | 27  0.00000 -5.40484e+01
 28  0.00000 -3.62516e+02 | 29  0.00000 -3.17180e+01 | 30  0.00000  1.66306e+01
 31  0.00000  1.48563e+01 | 32  0.00000 -2.33951e+01 | 33  0.00000 -2.60612e+01
 34  0.00000  1.68396e+01 | 35  0.00000  1.55372e+01 | 36  0.00000  3.88498e+01
 37  0.00000 -5.13655e+00 | 38  0.00000  7.25230e+01 | 39  0.00000  9.48547e+01
 40  0.00000  1.47351e+02 | 41  0.00000  1.19195e+02 | 42  0.00000 -1.91930e+02
 43  0.00000 -5.74584e+02 | 44  0.00000 -8.82723e+01 | 45  0.00000  4.36761e+01
 46  0.00000  9.43483e+01 | 47  0.00000 -5.13392e+01 | 48  0.00000  1.32936e+02
 49  0.00000  1.97976e+02 | 50  0.00000  2.00564e+02 | 51  0.00000  1.05954e+02
 52  0.00000  8.39477e+01 | 53  0.00000 -1.18977e+02 | 54  0.00000 -1.88092e+02
 55  0.00000 -2.91435e+01 | 56  0.00000 -1.31854e+02 | 57  0.00000 -1.87032e+02
 58  0.00000 -2.38126e+01 | 59  0.00000 -6.31195e+01 | 60  0.00000  3.77784e+01
 61  0.00000  6.79736e+01 | 62  0.00000  1.10610e+02 | 63  0.00000  8.04251e+01
 64  0.00000  2.54028e+01 | 65  0.00000 -2.91401e+01 | 66  0.00000  2.87777e+01
 67  0.00000 -5.81737e-02 | 68  0.00000 -7.66088e+00 | 69 -0.25323 -1.78282e-01
 70  0.09219 -1.19913e-01 | 71  0.24248 -1.58740e+01 | 72 -0.15808  1.14406e+01
 73 -0.22079 -5.09639e+00 | 74 -0.24584 -3.34669e+00 | 75 -0.65086  7.23798e-01
 76 -0.27828 -1.96628e-01 | 77  0.17494 -1.19128e+01 | 78 -0.17101  1.55570e+01
 79 -0.23529  5.92399e-01 | 80  0.17382 -2.26350e-01 | 81 -0.19254  9.33098e-01
 82  0.34803  1.67413e+00 | 83 -0.17850 -1.98091e+00 | 84 -0.15075 -5.28918e-01
 85  0.33923 -3.80577e+00 | 86 -0.08496  7.75878e+00 | 87 -0.18529 -7.06587e-01
 88 -0.17582  5.44864e+00 | 89 -0.35290 -7.28765e-01 | 90  0.26770  1.14111e+00
 91 -0.08380  3.58205e-01 | 92  0.00543 -1.02779e+00 | 93  0.02473  5.64535e-01
 94 -0.12831 -2.39712e-02 | 95  0.43370 -7.32861e-01 | 96 -0.16934  6.76102e-01
 97  0.57823  2.70096e-01 | 98 -0.24257 -2.46369e+00 | 99  0.10388  1.28794e+00
100 -0.14798 -2.88888e-01 |

Intermediate statistics: 100 variables; iteration 20; function evaluation 28; phase 4
Function value 2.6716294e+03; maximum gradient component mag 5.8368e+02
Var    Value     Gradient |Var    Value     Gradient |Var    Value     Gradient
  1 -0.25405 -1.47764e+02 |  2 -0.01143 -2.00249e+01 |  3 -0.06467 -4.77022e+01
  4 -0.02809 -1.05334e+02 |  5 -0.41264  2.61467e+00 |  6  0.05287 -3.45418e+01
  7  0.10751  5.83679e+02 |  8 -0.01115  1.33272e+02 |  9 -0.04538 -1.12186e+00
 10  0.07907  3.24332e+01 | 11 -0.09466  1.06904e+02 | 12  0.03617  7.26746e+00
 13  0.05900  7.15550e+00 | 14  0.08352  7.33101e+00 | 15  0.04171  9.99263e+00
 16  0.01116  1.08774e+01 | 17  0.03900  9.33062e+00 | 18  0.02732  5.31841e+00
 19  0.11784  5.51047e-01 | 20 -0.01221  1.47670e+01 | 21 -0.06161  1.46983e+01
 22 -0.09972  4.75156e+00 | 23  0.08288 -1.37536e+00 | 24 -0.03717  5.53964e-01
 25 -0.27025 -1.29161e+01 | 26 -0.25032 -1.83833e-01 | 27 -0.04844  2.73246e+01
 28  0.23682 -2.38331e+01 | 29 -0.07902  2.61776e+01 | 30  0.02616  1.83634e+01
 31 -0.00837  2.05729e+00 | 32  0.03120  4.16456e-01 | 33  0.04732  1.50520e+01
 34 -0.06291  9.83878e+00 | 35  0.02520  1.95750e+01 | 36 -0.19436 -6.59378e-02
 37  0.04622  1.43406e+01 | 38 -0.16783 -7.60553e-01 | 39 -0.09440 -8.16748e-01
 40 -0.26733 -3.02840e+00 | 41 -0.11555  1.64090e+01 | 42 -0.70200 -1.07384e+01
 43  0.34130 -1.38653e+02 | 44 -0.21280  4.10878e+00 | 45  0.01325  3.42644e+01
 46 -0.09003  8.61675e+00 | 47  0.06438  1.11952e+01 | 48 -0.18721  5.48518e+00
 49 -0.41791 -7.02986e+00 | 50 -0.45920 -6.99767e+00 | 51 -0.12710  2.18211e+00
 52 -0.11132  4.76133e-01 | 53  0.07514 -1.93069e+01 | 54  0.13798 -1.65177e+01
 55 -0.00786  5.36558e+00 | 56  0.12648 -1.05191e+01 | 57  0.16891 -3.33400e+01
 58 -0.06611  3.28120e+00 | 59  0.10134  1.66517e+01 | 60 -0.06262  8.28351e+00
 61 -0.08924  8.30451e+00 | 62 -0.25352  3.43266e+00 | 63 -0.14654  6.86418e+00
 64 -0.05534  5.07164e+00 | 65  0.02176  6.12632e+00 | 66 -0.13598  4.07230e-01
 67  0.00045  1.85531e+00 | 68  0.10829  1.50366e-02 | 69 -0.19304  6.16082e+00
 70 -0.06491  3.68272e+00 | 71  0.19323 -8.41209e+01 | 72 -0.14372  1.55469e+02
 73 -0.13341 -6.09655e+00 | 74 -0.24564  1.65220e+00 | 75 -0.65782 -2.61080e-02
 76 -0.31035 -1.18106e+00 | 77  0.01560 -4.23443e+01 | 78 -0.27794 -4.52505e+01
 79 -0.05276 -4.48263e+00 | 80  0.16586  1.21678e+00 | 81 -0.18435 -3.16573e+00
 82  0.31567 -1.05733e+01 | 83 -0.17916  1.24747e+01 | 84 -0.16101 -2.30647e-01
 85  0.24064 -4.67316e+01 | 86 -0.08563  1.19459e+02 | 87 -0.15989 -3.39787e+00
 88 -0.17265  1.20981e+02 | 89 -0.40042 -4.75366e+01 | 90  0.15012  1.91331e+01
 91 -0.09534  1.17460e+01 | 92 -0.00333  1.51873e+01 | 93  0.00204 -4.18515e+00
 94 -0.13413  4.89971e+00 | 95  0.43681 -5.26848e+00 | 96 -0.15698  7.23961e+00
 97  0.51750  2.48140e+01 | 98 -0.25237 -1.21182e+02 | 99  0.07223  1.03793e+01
100 -0.17699 -5.04051e+00 |
100 variables; iteration 40; function evaluation 49; phase 4
Function value 2.6422630e+03; maximum gradient component mag -2.3274e+02
Var    Value     Gradient |Var    Value     Gradient |Var    Value     Gradient
  1 -0.27418 -8.61483e+01 |  2  0.01326 -4.19578e+01 |  3 -0.06203 -3.53679e+01
  4 -0.01900 -1.56008e+02 |  5 -0.43846 -6.70238e+01 |  6  0.08885  1.13804e+01
  7  0.07955  1.36686e+01 |  8  0.00739  1.85010e+01 |  9  0.10946 -6.62830e+01
 10 -0.04913 -2.23783e+01 | 11 -0.11826  6.55072e+01 | 12  0.03411  5.86211e-01
 13  0.04427 -4.22925e+00 | 14  0.06118 -9.10285e+00 | 15  0.01471 -2.63173e+00
 16  0.00455  7.48688e+00 | 17  0.06840  1.83801e+01 | 18  0.03253  8.23567e+00
 19  0.11811 -1.48798e+01 | 20 -0.04446 -3.76328e+00 | 21 -0.08033 -3.17812e+00
 22 -0.12500 -6.37933e+00 | 23  0.09190 -2.26350e+01 | 24 -0.08833 -1.29465e+01
 25 -0.16002 -8.20482e+00 | 26 -0.27815 -5.74452e+00 | 27 -0.18162 -1.04301e+00
 28  0.27315  6.35209e+01 | 29 -0.18218  7.75242e+00 | 30  0.04307  2.65528e+01
 31  0.00514  1.26001e+01 | 32  0.04581  7.47927e+00 | 33  0.04245  2.53236e+00
 34 -0.05903  1.07626e+00 | 35  0.00816 -3.05197e-01 | 36 -0.13853  2.85519e+00
 37  0.02513 -9.00831e+00 | 38 -0.12782  5.52470e+00 | 39 -0.05350  1.46178e+01
 40 -0.17512  5.43768e+00 | 41 -0.16860 -4.26620e+00 | 42 -0.53351 -1.33015e+01
 43  0.41513 -2.80395e+00 | 44 -0.30181 -5.41800e+00 | 45 -0.00182 -9.83754e+00
 46 -0.08439  7.58632e+00 | 47  0.09881 -7.93411e-01 | 48 -0.16141 -5.92615e-01
 49 -0.30389  6.30959e+00 | 50 -0.34547  5.15378e+00 | 51 -0.12736 -9.62937e+00
 52 -0.15375 -5.42066e+00 | 53  0.12763  9.44040e+00 | 54  0.18259  2.04127e+00
 55 -0.01756 -7.72162e+00 | 56  0.16015  5.79639e+00 | 57  0.22837  4.97086e+00
 58 -0.06031 -1.52457e+00 | 59  0.09468 -8.95246e+00 | 60 -0.00657  9.12418e+00
 61 -0.05965  5.59541e+00 | 62 -0.22887  1.85406e+00 | 63 -0.16111 -2.85527e+00
 64 -0.03555 -8.28266e-01 | 65  0.06311  1.30717e+01 | 66 -0.15196 -6.10604e+00
 67 -0.00780 -2.34796e+00 | 68  0.11771 -4.61375e-01 | 69 -0.29092 -5.76931e+00
 70 -0.14361 -3.73249e+00 | 71  0.16540 -1.61951e+01 | 72 -0.17606  1.01778e+01
 73 -0.07715 -3.88853e+00 | 74 -0.27513 -1.71615e+01 | 75 -0.81190  8.94849e-01
 76 -0.31209 -7.38376e+00 | 77  0.03769  1.55953e+02 | 78 -0.26822 -2.32745e+02
 79 -0.11549 -4.97499e+00 | 80  0.15274 -4.23064e+00 | 81 -0.17579  6.59407e+00
 82  0.33409 -2.40826e+00 | 83 -0.17183  1.35455e+01 | 84 -0.18879 -6.76552e-01
 85  0.21252 -1.45729e+01 | 86 -0.10519  2.35857e+01 | 87 -0.12750 -4.90297e-01
 88 -0.17901  2.45638e+01 | 89 -0.38622 -1.14400e+01 | 90  0.08866  5.65309e+00
 91 -0.08386 -3.19831e-01 | 92 -0.00823  9.01164e+00 | 93  0.00689  3.78801e+00
 94 -0.12029  6.89441e+00 | 95  0.46614  9.73700e+00 | 96 -0.15917 -1.91034e+01
 97  0.41107  1.18924e+01 | 98 -0.26483 -3.34850e+01 | 99  0.03846 -1.45724e+01
100 -0.20510  9.61222e+00 |
100 variables; iteration 60; function evaluation 73; phase 4
Function value 2.6322146e+03; maximum gradient component mag -1.4716e+02
Var    Value     Gradient |Var    Value     Gradient |Var    Value     Gradient
  1 -0.24774 -9.74110e+01 |  2  0.01349  7.22336e+00 |  3 -0.05328  2.79782e+00
  4  0.01050 -5.00482e+01 |  5 -0.43355 -3.31871e+01 |  6  0.05635 -6.16777e+00
  7  0.09688  1.16412e+00 |  8 -0.07936 -4.87574e+00 |  9  0.13174 -2.99127e+01
 10 -0.12298 -1.33556e+01 | 11 -0.09816  9.75694e+01 | 12  0.02523  2.91796e+00
 13  0.05995  2.97580e+00 | 14  0.10703  1.81976e+00 | 15  0.01541  2.25644e+00
 16  0.00327  6.11639e+00 | 17  0.04973  9.79720e+00 | 18  0.01962  1.04955e+01
 19  0.14806  2.03454e+01 | 20 -0.02341  1.19749e+01 | 21 -0.09443  4.14242e+00
 22 -0.09868  3.78212e+00 | 23  0.09743  1.19811e+01 | 24 -0.06299  5.23367e+00
 25 -0.14790  4.47935e+00 | 26 -0.23670  1.64375e+00 | 27 -0.24207 -3.97600e+00
 28  0.27126  5.65045e+01 | 29 -0.21867  1.42661e+00 | 30  0.01571  6.80902e-01
 31  0.00036  9.98313e-01 | 32  0.03046 -3.32366e+00 | 33  0.04087 -3.90262e+00
 34 -0.06826 -3.34724e+00 | 35  0.00506 -6.04934e+00 | 36 -0.16056 -7.65172e-01
 37  0.02443 -1.21983e+01 | 38 -0.13734  3.09809e+00 | 39 -0.06236  9.70705e+00
 40 -0.17447  5.12163e+00 | 41 -0.16340 -2.12830e+00 | 42 -0.41413 -1.29827e+01
 43  0.41431 -6.93377e+00 | 44 -0.35585 -7.72860e+00 | 45  0.02833  9.88996e+00
 46 -0.11250  1.15344e+00 | 47  0.10116  3.82359e+00 | 48 -0.15116  5.94580e-01
 49 -0.29737  6.47595e+00 | 50 -0.36647  1.80312e+00 | 51 -0.10237  5.10301e+00
 52 -0.14763  2.47162e+00 | 53  0.12447  1.18654e+01 | 54  0.17611 -4.73629e+00
 55 -0.00648 -2.90768e+00 | 56  0.14715 -3.06881e-01 | 57  0.21954 -6.00372e+00
 58 -0.05650 -3.23280e-01 | 59  0.09417 -2.35196e+00 | 60 -0.03907 -4.24447e+00
 61 -0.07772  2.51123e-01 | 62 -0.22064  4.58502e+00 | 63 -0.15164  2.76803e+00
 64 -0.04730  3.56452e+00 | 65  0.02923 -3.10632e+00 | 66 -0.11624  2.51844e+00
 67  0.02200  3.31649e+00 | 68  0.11575 -2.80637e-01 | 69 -0.27474 -5.30717e+00
 70 -0.09431  4.26195e-01 | 71  0.14415  2.59318e+01 | 72 -0.19273 -5.05972e+01
 73  0.02838  8.68933e-02 | 74 -0.24820  5.61393e+00 | 75 -0.68147 -8.58017e-01
 76 -0.30909  1.39806e+00 | 77  0.03335  9.80723e+01 | 78 -0.26532 -1.47165e+02
 79 -0.04325 -1.73555e+00 | 80  0.16026 -4.05588e-03 | 81 -0.17831  1.01749e-01
 82  0.33367  7.95943e-01 | 83 -0.17002  5.09245e+00 | 84  0.08851  5.96004e-02
 85  0.22366  1.58855e+01 | 86 -0.10592 -4.69658e+01 | 87 -0.16691 -7.73516e-01
 88 -0.16096 -3.39222e+01 | 89 -0.34773  1.19787e+01 | 90 -0.03257 -3.76088e+00
 91 -0.07460 -4.29558e+01 | 92 -0.01419 -7.72683e+00 | 93 -0.00336  3.65224e+00
 94 -0.13497 -2.46745e+00 | 95  0.48258 -5.53468e-03 | 96 -0.13725  2.58441e+00
 97  0.39970  1.17269e+01 | 98 -0.26759 -3.38175e+01 | 99  0.05847 -4.68777e+00
100 -0.18691  8.35746e+00 |
100 variables; iteration 80; function evaluation 96; phase 4
Function value 2.6286043e+03; maximum gradient component mag -6.6701e+01
Var    Value     Gradient |Var    Value     Gradient |Var    Value     Gradient
  1 -0.25773 -3.33544e+01 |  2  0.01650  9.33530e+00 |  3 -0.05848  5.97119e+00
  4  0.02436 -1.58730e+00 |  5 -0.42774 -4.13329e+00 |  6  0.06017 -1.23804e+00
  7  0.09362  1.79364e+01 |  8 -0.07206 -2.83525e+00 |  9  0.13520  1.09648e+00
 10 -0.09646  3.22665e+00 | 11 -0.11907  1.85534e+01 | 12  0.04513  2.50970e+00
 13  0.03748  2.09287e+00 | 14  0.15401  4.77904e+00 | 15  0.00656  1.06081e+00
 16  0.00091  1.45654e+00 | 17  0.04805 -6.24996e-01 | 18  0.01595  1.71094e+00
 19  0.16172  4.67927e+00 | 20 -0.05085  3.70090e+00 | 21 -0.06572  6.05760e+00
 22 -0.08476  5.22130e+00 | 23  0.10196  5.72069e+00 | 24 -0.05513  4.51356e+00
 25 -0.13464  7.31544e+00 | 26 -0.21067  5.23795e+00 | 27 -0.24521 -5.13586e+00
 28  0.26955 -1.05216e+01 | 29 -0.22395 -1.63863e+00 | 30  0.02196 -4.04484e+00
 31  0.00113 -2.62521e-02 | 32  0.04456  3.22101e+00 | 33  0.03882 -3.72571e+00
 34 -0.06058 -1.56861e+00 | 35  0.01018 -1.99449e+00 | 36 -0.17079  1.25361e-01
 37  0.03786 -6.71591e-01 | 38 -0.15144 -2.77784e-01 | 39 -0.08713 -1.82141e+00
 40 -0.18467  2.24597e+00 | 41 -0.15479  4.39505e-01 | 42 -0.36687 -1.20083e+01
 43  0.41024 -8.15727e+00 | 44 -0.32905 -6.47118e+00 | 45  0.01572  1.51084e+00
 46 -0.10566  3.95809e+00 | 47  0.09851  6.75609e-02 | 48 -0.14475  2.84184e+00
 49 -0.30959  3.51743e+00 | 50 -0.35163  4.03437e+00 | 51 -0.10123  6.03448e+00
 52 -0.14828  3.57804e+00 | 53  0.11502 -1.07172e+00 | 54  0.17679 -1.86619e+00
 55 -0.00121  3.79314e-01 | 56  0.14041 -2.59184e+00 | 57  0.22459  3.14348e+00
 58 -0.06486 -2.27335e+00 | 59  0.09441  9.24964e-01 | 60 -0.02156  2.06029e+00
 61 -0.07528  1.14274e+00 | 62 -0.25007  3.03497e-01 | 63 -0.15428  5.86937e-01
 64 -0.05400 -7.52980e-01 | 65  0.03840 -5.85184e-01 | 66 -0.12613 -3.52379e-03
 67 -0.01323 -1.53134e+00 | 68  0.09531 -1.56299e+00 | 69 -0.22377  1.27613e+00
 70 -0.08491  1.16208e+00 | 71  0.15428  2.16859e+01 | 72 -0.18637 -4.33969e+01
 73 -0.00653  2.29979e-01 | 74 -0.24824 -9.10671e-01 | 75 -0.66285  3.40577e-01
 76 -0.30952  3.41631e-01 | 77  0.03940  3.17925e+01 | 78 -0.25456 -6.67013e+01
 79  0.01329 -5.79510e-01 | 80  0.16039  2.49407e+00 | 81 -0.18238 -3.63338e+00
 82  0.32319 -5.34199e-01 | 83 -0.17583  4.44158e+00 | 84 -0.26570 -1.56597e+00
 85  0.22331  7.75745e+00 | 86 -0.10208 -1.40981e+01 | 87 -0.13341  2.19596e+00
 88 -0.14352 -8.69322e+00 | 89 -0.32254  4.82539e+00 | 90 -0.09459 -2.35651e+00
 91 -0.06052  1.22028e+01 | 92 -0.01619 -1.13006e+00 | 93 -0.00938  3.77873e-01
 94 -0.12708  1.99702e-01 | 95  0.44322 -6.21516e-01 | 96 -0.15702  8.89795e-01
 97  0.36198 -3.36955e-01 | 98 -0.27328 -5.81658e-01 | 99  0.04688  2.69695e+00
100 -0.20086 -1.40697e+00 |
100 variables; iteration 100; function evaluation 119; phase 4
Function value 2.6267218e+03; maximum gradient component mag 3.6203e+01
Var    Value     Gradient |Var    Value     Gradient |Var    Value     Gradient
  1 -0.24375  3.62032e+01 |  2  0.00425 -5.27042e+00 |  3 -0.05590  4.74337e-01
  4  0.02680  1.61319e+01 |  5 -0.40865  1.55280e+01 |  6  0.04168  3.56342e+00
  7  0.08812  5.49586e+00 |  8 -0.04266  2.88574e+00 |  9  0.12606  6.94102e+00
 10 -0.09541  4.26970e+00 | 11 -0.09501 -3.20145e+01 | 12  0.02861 -1.54908e+00
 13  0.01537 -1.82941e+00 | 14  0.14550 -7.17444e-01 | 15  0.02867  2.16209e-01
 16 -0.04653 -1.94798e+00 | 17  0.06067 -3.04070e+00 | 18 -0.00431 -2.73904e+00
 19  0.15530 -1.07414e+01 | 20 -0.07647 -3.20122e+00 | 21 -0.08373 -5.21986e-01
 22 -0.08449  2.24262e+00 | 23  0.09243 -7.89416e+00 | 24 -0.07059 -3.10375e+00
 25 -0.14148  3.78829e+00 | 26 -0.22256  3.03637e+00 | 27 -0.25304 -6.07849e+00
 28  0.26201 -2.57205e+01 | 29 -0.22652 -1.39841e+00 | 30  0.02608  3.05925e+00
 31 -0.00121  1.86612e+00 | 32  0.03317  6.62274e-01 | 33  0.04291  3.21502e+00
 34 -0.06782  8.71883e-01 | 35  0.01226  1.96522e+00 | 36 -0.19166 -1.29485e+00
 37  0.04210  4.72136e+00 | 38 -0.14788  1.66517e+00 | 39 -0.08190  5.27807e-01
 40 -0.19038  2.12344e+00 | 41 -0.14700  3.75921e+00 | 42 -0.28727 -9.51529e+00
 43  0.40806 -7.83108e+00 | 44 -0.30648 -5.19291e+00 | 45  0.01296  3.00598e-01
 46 -0.11795 -1.50708e-01 | 47  0.09798  1.12457e+00 | 48 -0.14123  5.74898e+00
 49 -0.31597  2.58574e+00 | 50 -0.34525  5.41522e+00 | 51 -0.11632 -1.15865e-01
 52 -0.13921  5.12932e+00 | 53  0.11110 -5.68497e+00 | 54  0.17720 -5.43036e-01
 55 -0.00956 -2.79802e+00 | 56  0.14518  3.43279e-01 | 57  0.22119  5.86129e-01
 58 -0.05564  5.54699e-01 | 59  0.09334 -6.98692e-01 | 60 -0.02684  5.63314e-01
 61 -0.08020 -9.06549e-02 | 62 -0.24696  1.00994e+00 | 63 -0.14538  3.24521e+00
 64 -0.05188  1.18713e+00 | 65  0.03982  1.21996e+00 | 66 -0.12972 -8.69091e-01
 67  0.00287  9.31052e-01 | 68  0.09498 -1.73266e+00 | 69 -0.22468  1.09475e+00
 70 -0.09461  5.05729e-01 | 71  0.16394 -1.63327e+01 | 72 -0.17503  2.54462e+01
 73  0.15504  1.43312e-01 | 74 -0.25120 -7.05407e-01 | 75 -0.68191  7.34573e-02
 76 -0.30511  3.79044e-01 | 77  0.06991 -1.06223e+01 | 78 -0.22735 -4.88871e+00
 79  0.09322 -7.16277e-02 | 80  0.19152  1.45622e+00 | 81 -0.16283 -3.71862e-01
 82  0.32455 -4.24464e-01 | 83 -0.17816 -2.02987e+00 | 84 -0.19777 -8.00121e-02
 85  0.22970 -5.17256e+00 | 86 -0.10102  5.56453e+00 | 87 -0.14488  2.24054e-01
 88 -0.15069  7.06452e+00 | 89 -0.34038 -4.30325e+00 | 90 -0.07006  6.01799e-01
 91 -0.06148 -6.56926e-01 | 92 -0.01326  1.21597e+00 | 93 -0.00723 -3.83480e-01
 94 -0.12723  8.85237e-01 | 95  0.41526 -2.49253e+00 | 96 -0.17554 -5.69984e-01
 97  0.36299 -2.52919e+00 | 98 -0.27451  4.01616e+00 | 99  0.04620  3.44053e+00
100 -0.20440 -4.19035e+00 |
100 variables; iteration 120; function evaluation 141; phase 4
Function value 2.6243622e+03; maximum gradient component mag -2.4327e+00
Var    Value     Gradient |Var    Value     Gradient |Var    Value     Gradient
  1 -0.23722 -2.43268e+00 |  2  0.00734  2.14727e-01 |  3 -0.06324  1.06034e-01
  4  0.02152  4.20969e-01 |  5 -0.41764  2.00056e-01 |  6  0.02825 -3.10080e-01
  7  0.08633  8.97674e-01 |  8 -0.03140  8.05517e-02 |  9  0.11936  3.07281e-01
 10 -0.09607  1.16531e-01 | 11 -0.08781  1.79882e+00 | 12  0.02127  4.66700e-03
 13  0.04575  3.01821e-01 | 14  0.12650  2.51105e-01 | 15  0.01123  1.78812e-01
 16 -0.02650  1.62794e-01 | 17  0.05461  1.49511e-01 | 18 -0.00605  6.97868e-02
 19  0.15470  2.56887e-01 | 20 -0.06999  3.81461e-02 | 21 -0.08460  7.93120e-02
 22 -0.10478  4.95547e-02 | 23  0.09497  1.85881e-02 | 24 -0.06326  3.64101e-02
 25 -0.15782  7.44298e-02 | 26 -0.24776  8.45417e-02 | 27 -0.19649  1.13505e-01
 28  0.25977  3.06332e-01 | 29 -0.21871 -1.54908e-02 | 30  0.01851  1.12907e-01
 31 -0.00572  2.75119e-02 | 32  0.03269  8.53167e-02 | 33  0.03660  1.37549e-01
 34 -0.06916  7.38931e-02 | 35  0.00393  1.10052e-01 | 36 -0.17796 -6.44177e-03
 37  0.03434  3.64358e-02 | 38 -0.15477 -1.99128e-02 | 39 -0.08110 -2.96211e-02
 40 -0.20079  1.86740e-03 | 41 -0.18031  5.01897e-02 | 42 -0.14352 -6.43152e-03
 43  0.40616  2.12809e-01 | 44 -0.23698 -1.69522e-02 | 45  0.01051  3.92638e-02
 46 -0.11733 -4.78163e-03 | 47  0.09564 -5.75736e-02 | 48 -0.15733 -4.97733e-02
 49 -0.33398 -4.22644e-03 | 50 -0.38563  2.17796e-02 | 51 -0.11653  2.01695e-02
 52 -0.16115  2.48325e-02 | 53  0.11192 -1.27181e-01 | 54  0.17278  1.97816e-02
 55 -0.00783  1.04902e-02 | 56  0.14115 -1.06330e-01 | 57  0.21728 -6.12476e-03
 58 -0.06000 -2.90958e-02 | 59  0.09296 -2.74810e-03 | 60 -0.03175 -4.93887e-02
 61 -0.08069 -4.21092e-02 | 62 -0.25197  1.29414e-02 | 63 -0.15824 -1.73331e-02
 64 -0.05335  3.13306e-02 | 65  0.03361 -7.56954e-02 | 66 -0.12982 -1.61301e-02
 67 -0.00456 -1.82537e-02 | 68  0.11367  2.76581e-02 | 69 -0.23965 -4.30281e-02
 70 -0.10677  7.06050e-03 | 71  0.19434 -7.08713e-02 | 72 -0.16357  1.47695e-01
 73 -0.04534 -2.46227e-03 | 74 -0.25100  5.83521e-02 | 75 -0.68123 -2.71217e-02
 76 -0.30444  2.39422e-02 | 77  0.09950  1.27760e+00 | 78 -0.20625 -1.41221e+00
 79  0.09235  1.97641e-03 | 80  0.17401  7.22916e-02 | 81 -0.17490 -1.16718e-01
 82  0.33528  8.06130e-02 | 83 -0.17494 -3.36055e-01 | 84 -0.14460 -4.70372e-02
 85  0.24710  1.70553e-01 | 86 -0.09633 -3.34474e-01 | 87 -0.16085 -1.49347e-02
 88 -0.14733  3.03472e-02 | 89 -0.33261 -5.26898e-02 | 90 -0.09062  3.02237e-02
 91 -0.05955  2.55289e-01 | 92 -0.01296  2.83957e-02 | 93 -0.00612 -2.43323e-02
 94 -0.12811  6.24942e-03 | 95  0.45469  1.95682e-03 | 96 -0.15504 -9.32187e-03
 97  0.39617  1.31831e-01 | 98 -0.26698  4.08417e-01 | 99  0.05149  2.12193e-01
100 -0.19804 -1.78698e-01 |
  ic > imax  in fminim is answer attained ?
Var    Value     Gradient |Var    Value     Gradient |Var    Value     Gradient
  1 -0.23715 -8.41392e-03 |  2  0.00731  2.13250e-03 |  3 -0.06314  6.53709e-04
  4  0.02142 -2.36694e-03 |  5 -0.41780 -4.93277e-04 |  6  0.02830 -1.12756e-04
  7  0.08631  4.56237e-03 |  8 -0.03141  1.07359e-03 |  9  0.11934  2.87702e-05
 10 -0.09588  1.69588e-05 | 11 -0.08776  6.37922e-03 | 12  0.02439  4.32997e-04
 13  0.04080  1.01753e-03 | 14  0.12848  9.65208e-04 | 15  0.01034  6.21108e-04
 16 -0.02722  5.23620e-04 | 17  0.05481  5.33247e-04 | 18 -0.00578  3.85760e-04
 19  0.15457  4.60423e-04 | 20 -0.06960  2.35959e-04 | 21 -0.08478  3.58935e-04
 22 -0.10486  3.43278e-04 | 23  0.09504  5.35304e-04 | 24 -0.06324  5.92863e-04
 25 -0.15790  5.43965e-05 | 26 -0.24804 -1.62956e-04 | 27 -0.19697 -2.07195e-05
 28  0.25983  1.20922e-04 | 29 -0.21834 -4.61017e-05 | 30  0.01843 -2.55421e-04
 31 -0.00560  3.73805e-05 | 32  0.03268  1.68447e-05 | 33  0.03653 -1.59083e-05
 34 -0.06923  7.10752e-06 | 35  0.00381  1.62632e-04 | 36 -0.17777 -1.45626e-04
 37  0.03429  1.77470e-05 | 38 -0.15466 -2.01305e-04 | 39 -0.08104 -2.91149e-04
 40 -0.20079 -1.86244e-04 | 41 -0.18060 -1.42325e-04 | 42 -0.14332  3.58408e-04
 43  0.40613  1.87719e-03 | 44 -0.23674  2.11302e-04 | 45  0.01046 -7.04298e-04
 46 -0.11730 -2.22323e-05 | 47  0.09565  1.67149e-04 | 48 -0.15726 -2.54066e-05
 49 -0.33399 -1.57442e-04 | 50 -0.38582  7.99817e-05 | 51 -0.11658 -3.49068e-04
 52 -0.16122 -4.05487e-04 | 53  0.11200 -6.35489e-04 | 54  0.17276  7.72269e-04
 55 -0.00787 -6.92376e-05 | 56  0.14127  2.22294e-04 | 57  0.21726  3.68911e-04
 58 -0.05994  2.63391e-04 | 59  0.09293 -4.18742e-04 | 60 -0.03169 -1.74421e-04
 61 -0.08060 -1.70045e-04 | 62 -0.25214 -7.33283e-05 | 63 -0.15816  4.91697e-05
 64 -0.05346 -2.99742e-04 | 65  0.03368 -5.57282e-05 | 66 -0.12974  4.47828e-05
 67 -0.00446  2.69086e-05 | 68  0.11336 -4.37104e-05 | 69 -0.23922  1.89648e-04
 70 -0.10687  1.78094e-04 | 71  0.19415 -6.28152e-04 | 72 -0.16368  1.00296e-03
 73 -0.04440  5.20757e-05 | 74 -0.25070 -1.56574e-04 | 75 -0.67925 -1.82683e-04
 76 -0.30456  2.47473e-06 | 77  0.09923  2.43531e-03 | 78 -0.20640 -6.84860e-03
 79  0.09346  6.55146e-04 | 80  0.17399 -2.14459e-04 | 81 -0.17480  3.47474e-04
 82  0.33587  3.60698e-04 | 83 -0.17461 -2.30971e-04 | 84 -0.12941 -5.42502e-06
 85  0.24688  3.79638e-04 | 86 -0.09639  1.23964e-03 | 87 -0.16000  2.63460e-04
 88 -0.14718  1.02535e-03 | 89 -0.33239  7.40837e-05 | 90 -0.09098  3.01709e-04
 91 -0.05957  2.30171e-04 | 92 -0.01290  3.94544e-04 | 93 -0.00605 -1.37584e-05
 94 -0.12819  1.66546e-04 | 95  0.45491  7.69069e-04 | 96 -0.15493 -7.71170e-04
 97  0.39054  1.17163e-03 | 98 -0.26871 -3.88143e-03 | 99  0.05135  3.17744e-04
100 -0.19812 -1.90617e-04 |
Function minimizer not making progress ... is minimum attained?
Minimprove criterion = 0.0000e+00

 - final statistics:
100 variables; iteration 135; function evaluation 185
Function value 2.6244e+03; maximum gradient component mag -8.4139e-03
Exit code = 1;  converg criter 1.0000e-04
Var    Value     Gradient |Var    Value     Gradient |Var    Value     Gradient
  1 -0.23715 -8.41392e-03 |  2  0.00731  2.13250e-03 |  3 -0.06314  6.53709e-04
  4  0.02142 -2.36694e-03 |  5 -0.41780 -4.93277e-04 |  6  0.02830 -1.12756e-04
  7  0.08631  4.56237e-03 |  8 -0.03141  1.07359e-03 |  9  0.11934  2.87702e-05
 10 -0.09588  1.69588e-05 | 11 -0.08776  6.37922e-03 | 12  0.02439  4.32997e-04
 13  0.04080  1.01753e-03 | 14  0.12848  9.65208e-04 | 15  0.01034  6.21108e-04
 16 -0.02722  5.23620e-04 | 17  0.05481  5.33247e-04 | 18 -0.00578  3.85760e-04
 19  0.15457  4.60423e-04 | 20 -0.06960  2.35959e-04 | 21 -0.08478  3.58935e-04
 22 -0.10486  3.43278e-04 | 23  0.09504  5.35304e-04 | 24 -0.06324  5.92863e-04
 25 -0.15790  5.43965e-05 | 26 -0.24804 -1.62956e-04 | 27 -0.19697 -2.07195e-05
 28  0.25983  1.20922e-04 | 29 -0.21834 -4.61017e-05 | 30  0.01843 -2.55421e-04
 31 -0.00560  3.73805e-05 | 32  0.03268  1.68447e-05 | 33  0.03653 -1.59083e-05
 34 -0.06923  7.10752e-06 | 35  0.00381  1.62632e-04 | 36 -0.17777 -1.45626e-04
 37  0.03429  1.77470e-05 | 38 -0.15466 -2.01305e-04 | 39 -0.08104 -2.91149e-04
 40 -0.20079 -1.86244e-04 | 41 -0.18060 -1.42325e-04 | 42 -0.14332  3.58408e-04
 43  0.40613  1.87719e-03 | 44 -0.23674  2.11302e-04 | 45  0.01046 -7.04298e-04
 46 -0.11730 -2.22323e-05 | 47  0.09565  1.67149e-04 | 48 -0.15726 -2.54066e-05
 49 -0.33399 -1.57442e-04 | 50 -0.38582  7.99817e-05 | 51 -0.11658 -3.49068e-04
 52 -0.16122 -4.05487e-04 | 53  0.11200 -6.35489e-04 | 54  0.17276  7.72269e-04
 55 -0.00787 -6.92376e-05 | 56  0.14127  2.22294e-04 | 57  0.21726  3.68911e-04
 58 -0.05994  2.63391e-04 | 59  0.09293 -4.18742e-04 | 60 -0.03169 -1.74421e-04
 61 -0.08060 -1.70045e-04 | 62 -0.25214 -7.33283e-05 | 63 -0.15816  4.91697e-05
 64 -0.05346 -2.99742e-04 | 65  0.03368 -5.57282e-05 | 66 -0.12974  4.47828e-05
 67 -0.00446  2.69086e-05 | 68  0.11336 -4.37104e-05 | 69 -0.23922  1.89648e-04
 70 -0.10687  1.78094e-04 | 71  0.19415 -6.28152e-04 | 72 -0.16368  1.00296e-03
 73 -0.04440  5.20757e-05 | 74 -0.25070 -1.56574e-04 | 75 -0.67925 -1.82683e-04
 76 -0.30456  2.47473e-06 | 77  0.09923  2.43531e-03 | 78 -0.20640 -6.84860e-03
 79  0.09346  6.55146e-04 | 80  0.17399 -2.14459e-04 | 81 -0.17480  3.47474e-04
 82  0.33587  3.60698e-04 | 83 -0.17461 -2.30971e-04 | 84 -0.12941 -5.42502e-06
 85  0.24688  3.79638e-04 | 86 -0.09639  1.23964e-03 | 87 -0.16000  2.63460e-04
 88 -0.14718  1.02535e-03 | 89 -0.33239  7.40837e-05 | 90 -0.09098  3.01709e-04
 91 -0.05957  2.30171e-04 | 92 -0.01290  3.94544e-04 | 93 -0.00605 -1.37584e-05
 94 -0.12819  1.66546e-04 | 95  0.45491  7.69069e-04 | 96 -0.15493 -7.71170e-04
 97  0.39054  1.17163e-03 | 98 -0.26871 -3.88143e-03 | 99  0.05135  3.17744e-04
100 -0.19812 -1.90617e-04 |

Initial statistics: 112 variables; iteration 0; function evaluation 0; phase 5
Function value 2.6243602e+03; maximum gradient component mag -8.4139e-03
Var    Value     Gradient |Var    Value     Gradient |Var    Value     Gradient
  1 -0.23715 -8.41388e-03 |  2  0.00731  2.13249e-03 |  3 -0.06314  6.53710e-04
  4  0.02142 -2.36692e-03 |  5 -0.41780 -4.93266e-04 |  6  0.02830 -1.12756e-04
  7  0.08631  4.56236e-03 |  8 -0.03141  1.07359e-03 |  9  0.11934  2.87739e-05
 10 -0.09588  1.69642e-05 | 11 -0.08776  6.37919e-03 | 12  0.02439  4.32994e-04
 13  0.04080  1.01752e-03 | 14  0.12848  9.65200e-04 | 15  0.01034  6.21104e-04
 16 -0.02722  5.23617e-04 | 17  0.05481  5.33245e-04 | 18 -0.00578  3.85761e-04
 19  0.15457  4.60423e-04 | 20 -0.06960  2.35960e-04 | 21 -0.08478  3.58934e-04
 22 -0.10486  3.43275e-04 | 23  0.09504  5.35297e-04 | 24 -0.06324  5.92860e-04
 25 -0.15790  5.43973e-05 | 26 -0.24804 -1.62954e-04 | 27 -0.19697 -2.07175e-05
 28  0.25983  1.20923e-04 | 29 -0.21834 -4.61017e-05 | 30  0.01843 -2.55420e-04
 31 -0.00560  3.73798e-05 | 32  0.03268  1.68447e-05 | 33  0.03653 -1.59073e-05
 34 -0.06923  7.10821e-06 | 35  0.00381  1.62633e-04 | 36 -0.17777 -1.45626e-04
 37  0.03429  1.77471e-05 | 38 -0.15466 -2.01304e-04 | 39 -0.08104 -2.91147e-04
 40 -0.20079 -1.86244e-04 | 41 -0.18060 -1.42324e-04 | 42 -0.14332  3.58407e-04
 43  0.40613  1.87718e-03 | 44 -0.23674  2.11302e-04 | 45  0.01046 -7.04295e-04
 46 -0.11730 -2.22328e-05 | 47  0.09565  1.67151e-04 | 48 -0.15726 -2.54067e-05
 49 -0.33399 -1.57441e-04 | 50 -0.38582  7.99802e-05 | 51 -0.11658 -3.49066e-04
 52 -0.16122 -4.05485e-04 | 53  0.11200 -6.35487e-04 | 54  0.17276  7.72267e-04
 55 -0.00787 -6.92374e-05 | 56  0.14127  2.22293e-04 | 57  0.21726  3.68911e-04
 58 -0.05994  2.63389e-04 | 59  0.09293 -4.18740e-04 | 60 -0.03169 -1.74421e-04
 61 -0.08060 -1.70045e-04 | 62 -0.25214 -7.33278e-05 | 63 -0.15816  4.91694e-05
 64 -0.05346 -2.99741e-04 | 65  0.03368 -5.57295e-05 | 66 -0.12974  4.47825e-05
 67 -0.00446  2.69086e-05 | 68  0.11336 -4.37101e-05 | 69  0.00000  0.00000e+00
 70  0.00000  0.00000e+00 | 71  0.00000  0.00000e+00 | 72  0.00000  0.00000e+00
 73  0.00000  0.00000e+00 | 74  0.00000  0.00000e+00 | 75  0.00000  0.00000e+00
 76  0.00000  0.00000e+00 | 77  0.00000  0.00000e+00 | 78  0.00000  0.00000e+00
 79  0.00000  0.00000e+00 | 80  0.00000  0.00000e+00 | 81 -0.23922  1.89647e-04
 82 -0.10687  1.78092e-04 | 83  0.19415 -6.28155e-04 | 84 -0.16368  1.00297e-03
 85 -0.04440  5.20752e-05 | 86 -0.25070 -1.56572e-04 | 87 -0.67925 -1.82683e-04
 88 -0.30456  2.47470e-06 | 89  0.09923  2.43530e-03 | 90 -0.20640 -6.84858e-03
 91  0.09346  6.55146e-04 | 92  0.17399 -2.14458e-04 | 93 -0.17480  3.47473e-04
 94  0.33587  3.60694e-04 | 95 -0.17461 -2.30966e-04 | 96 -0.12941 -5.42432e-06
 97  0.24688  3.79633e-04 | 98 -0.09639  1.23964e-03 | 99 -0.16000  2.63458e-04
100 -0.14718  1.02535e-03 |101 -0.33239  7.40807e-05 |102 -0.09098  3.01710e-04
103 -0.05957  2.30178e-04 |104 -0.01290  3.94540e-04 |105 -0.00605 -1.37579e-05
106 -0.12819  1.66544e-04 |107  0.45491  7.69064e-04 |108 -0.15493 -7.71166e-04
109  0.39054  1.17162e-03 |110 -0.26871 -3.88140e-03 |111  0.05135  3.17738e-04
112 -0.19812 -1.90610e-04 |
  ic > imax  in fminim is answer attained ?
Var    Value     Gradient |Var    Value     Gradient |Var    Value     Gradient
  1 -0.23715 -8.41388e-03 |  2  0.00731  2.13249e-03 |  3 -0.06314  6.53710e-04
  4  0.02142 -2.36692e-03 |  5 -0.41780 -4.93266e-04 |  6  0.02830 -1.12756e-04
  7  0.08631  4.56236e-03 |  8 -0.03141  1.07359e-03 |  9  0.11934  2.87739e-05
 10 -0.09588  1.69642e-05 | 11 -0.08776  6.37919e-03 | 12  0.02439  4.32994e-04
 13  0.04080  1.01752e-03 | 14  0.12848  9.65200e-04 | 15  0.01034  6.21104e-04
 16 -0.02722  5.23617e-04 | 17  0.05481  5.33245e-04 | 18 -0.00578  3.85761e-04
 19  0.15457  4.60423e-04 | 20 -0.06960  2.35960e-04 | 21 -0.08478  3.58934e-04
 22 -0.10486  3.43275e-04 | 23  0.09504  5.35297e-04 | 24 -0.06324  5.92860e-04
 25 -0.15790  5.43973e-05 | 26 -0.24804 -1.62954e-04 | 27 -0.19697 -2.07175e-05
 28  0.25983  1.20923e-04 | 29 -0.21834 -4.61017e-05 | 30  0.01843 -2.55420e-04
 31 -0.00560  3.73798e-05 | 32  0.03268  1.68447e-05 | 33  0.03653 -1.59073e-05
 34 -0.06923  7.10821e-06 | 35  0.00381  1.62633e-04 | 36 -0.17777 -1.45626e-04
 37  0.03429  1.77471e-05 | 38 -0.15466 -2.01304e-04 | 39 -0.08104 -2.91147e-04
 40 -0.20079 -1.86244e-04 | 41 -0.18060 -1.42324e-04 | 42 -0.14332  3.58407e-04
 43  0.40613  1.87718e-03 | 44 -0.23674  2.11302e-04 | 45  0.01046 -7.04295e-04
 46 -0.11730 -2.22328e-05 | 47  0.09565  1.67151e-04 | 48 -0.15726 -2.54067e-05
 49 -0.33399 -1.57441e-04 | 50 -0.38582  7.99802e-05 | 51 -0.11658 -3.49066e-04
 52 -0.16122 -4.05485e-04 | 53  0.11200 -6.35487e-04 | 54  0.17276  7.72267e-04
 55 -0.00787 -6.92374e-05 | 56  0.14127  2.22293e-04 | 57  0.21726  3.68911e-04
 58 -0.05994  2.63389e-04 | 59  0.09293 -4.18740e-04 | 60 -0.03169 -1.74421e-04
 61 -0.08060 -1.70045e-04 | 62 -0.25214 -7.33278e-05 | 63 -0.15816  4.91694e-05
 64 -0.05346 -2.99741e-04 | 65  0.03368 -5.57295e-05 | 66 -0.12974  4.47825e-05
 67 -0.00446  2.69086e-05 | 68  0.11336 -4.37101e-05 | 69  0.00000  0.00000e+00
 70  0.00000  0.00000e+00 | 71  0.00000  0.00000e+00 | 72  0.00000  0.00000e+00
 73  0.00000  0.00000e+00 | 74  0.00000  0.00000e+00 | 75  0.00000  0.00000e+00
 76  0.00000  0.00000e+00 | 77  0.00000  0.00000e+00 | 78  0.00000  0.00000e+00
 79  0.00000  0.00000e+00 | 80  0.00000  0.00000e+00 | 81 -0.23922  1.89647e-04
 82 -0.10687  1.78092e-04 | 83  0.19415 -6.28155e-04 | 84 -0.16368  1.00297e-03
 85 -0.04440  5.20752e-05 | 86 -0.25070 -1.56572e-04 | 87 -0.67925 -1.82683e-04
 88 -0.30456  2.47470e-06 | 89  0.09923  2.43530e-03 | 90 -0.20640 -6.84858e-03
 91  0.09346  6.55146e-04 | 92  0.17399 -2.14458e-04 | 93 -0.17480  3.47473e-04
 94  0.33587  3.60694e-04 | 95 -0.17461 -2.30966e-04 | 96 -0.12941 -5.42432e-06
 97  0.24688  3.79633e-04 | 98 -0.09639  1.23964e-03 | 99 -0.16000  2.63458e-04
100 -0.14718  1.02535e-03 |101 -0.33239  7.40807e-05 |102 -0.09098  3.01710e-04
103 -0.05957  2.30178e-04 |104 -0.01290  3.94540e-04 |105 -0.00605 -1.37579e-05
106 -0.12819  1.66544e-04 |107  0.45491  7.69064e-04 |108 -0.15493 -7.71166e-04
109  0.39054  1.17162e-03 |110 -0.26871 -3.88140e-03 |111  0.05135  3.17738e-04
112 -0.19812 -1.90610e-04 |
Function minimizer not making progress ... is minimum attained?
Minimprove criterion = 0.0000e+00

 - final statistics:
112 variables; iteration 1; function evaluation 30
Function value 2.6244e+03; maximum gradient component mag -8.4139e-03
Exit code = 1;  converg criter 1.0000e-04
Var    Value     Gradient |Var    Value     Gradient |Var    Value     Gradient
  1 -0.23715 -8.41388e-03 |  2  0.00731  2.13249e-03 |  3 -0.06314  6.53710e-04
  4  0.02142 -2.36692e-03 |  5 -0.41780 -4.93266e-04 |  6  0.02830 -1.12756e-04
  7  0.08631  4.56236e-03 |  8 -0.03141  1.07359e-03 |  9  0.11934  2.87739e-05
 10 -0.09588  1.69642e-05 | 11 -0.08776  6.37919e-03 | 12  0.02439  4.32994e-04
 13  0.04080  1.01752e-03 | 14  0.12848  9.65200e-04 | 15  0.01034  6.21104e-04
 16 -0.02722  5.23617e-04 | 17  0.05481  5.33245e-04 | 18 -0.00578  3.85761e-04
 19  0.15457  4.60423e-04 | 20 -0.06960  2.35960e-04 | 21 -0.08478  3.58934e-04
 22 -0.10486  3.43275e-04 | 23  0.09504  5.35297e-04 | 24 -0.06324  5.92860e-04
 25 -0.15790  5.43973e-05 | 26 -0.24804 -1.62954e-04 | 27 -0.19697 -2.07175e-05
 28  0.25983  1.20923e-04 | 29 -0.21834 -4.61017e-05 | 30  0.01843 -2.55420e-04
 31 -0.00560  3.73798e-05 | 32  0.03268  1.68447e-05 | 33  0.03653 -1.59073e-05
 34 -0.06923  7.10821e-06 | 35  0.00381  1.62633e-04 | 36 -0.17777 -1.45626e-04
 37  0.03429  1.77471e-05 | 38 -0.15466 -2.01304e-04 | 39 -0.08104 -2.91147e-04
 40 -0.20079 -1.86244e-04 | 41 -0.18060 -1.42324e-04 | 42 -0.14332  3.58407e-04
 43  0.40613  1.87718e-03 | 44 -0.23674  2.11302e-04 | 45  0.01046 -7.04295e-04
 46 -0.11730 -2.22328e-05 | 47  0.09565  1.67151e-04 | 48 -0.15726 -2.54067e-05
 49 -0.33399 -1.57441e-04 | 50 -0.38582  7.99802e-05 | 51 -0.11658 -3.49066e-04
 52 -0.16122 -4.05485e-04 | 53  0.11200 -6.35487e-04 | 54  0.17276  7.72267e-04
 55 -0.00787 -6.92374e-05 | 56  0.14127  2.22293e-04 | 57  0.21726  3.68911e-04
 58 -0.05994  2.63389e-04 | 59  0.09293 -4.18740e-04 | 60 -0.03169 -1.74421e-04
 61 -0.08060 -1.70045e-04 | 62 -0.25214 -7.33278e-05 | 63 -0.15816  4.91694e-05
 64 -0.05346 -2.99741e-04 | 65  0.03368 -5.57295e-05 | 66 -0.12974  4.47825e-05
 67 -0.00446  2.69086e-05 | 68  0.11336 -4.37101e-05 | 69  0.00000  0.00000e+00
 70  0.00000  0.00000e+00 | 71  0.00000  0.00000e+00 | 72  0.00000  0.00000e+00
 73  0.00000  0.00000e+00 | 74  0.00000  0.00000e+00 | 75  0.00000  0.00000e+00
 76  0.00000  0.00000e+00 | 77  0.00000  0.00000e+00 | 78  0.00000  0.00000e+00
 79  0.00000  0.00000e+00 | 80  0.00000  0.00000e+00 | 81 -0.23922  1.89647e-04
 82 -0.10687  1.78092e-04 | 83  0.19415 -6.28155e-04 | 84 -0.16368  1.00297e-03
 85 -0.04440  5.20752e-05 | 86 -0.25070 -1.56572e-04 | 87 -0.67925 -1.82683e-04
 88 -0.30456  2.47470e-06 | 89  0.09923  2.43530e-03 | 90 -0.20640 -6.84858e-03
 91  0.09346  6.55146e-04 | 92  0.17399 -2.14458e-04 | 93 -0.17480  3.47473e-04
 94  0.33587  3.60694e-04 | 95 -0.17461 -2.30966e-04 | 96 -0.12941 -5.42432e-06
 97  0.24688  3.79633e-04 | 98 -0.09639  1.23964e-03 | 99 -0.16000  2.63458e-04
100 -0.14718  1.02535e-03 |101 -0.33239  7.40807e-05 |102 -0.09098  3.01710e-04
103 -0.05957  2.30178e-04 |104 -0.01290  3.94540e-04 |105 -0.00605 -1.37579e-05
106 -0.12819  1.66544e-04 |107  0.45491  7.69064e-04 |108 -0.15493 -7.71166e-04
109  0.39054  1.17162e-03 |110 -0.26871 -3.88140e-03 |111  0.05135  3.17738e-04
112 -0.19812 -1.90610e-04 |
Estimating row 1 out of 112 for hessian
Estimating row 2 out of 112 for hessian
Estimating row 3 out of 112 for hessian
Estimating row 4 out of 112 for hessian
Estimating row 5 out of 112 for hessian
Estimating row 6 out of 112 for hessian
Estimating row 7 out of 112 for hessian
Estimating row 8 out of 112 for hessian
Estimating row 9 out of 112 for hessian
Estimating row 10 out of 112 for hessian
Estimating row 11 out of 112 for hessian
Estimating row 12 out of 112 for hessian
Estimating row 13 out of 112 for hessian
Estimating row 14 out of 112 for hessian
Estimating row 15 out of 112 for hessian
Estimating row 16 out of 112 for hessian
Estimating row 17 out of 112 for hessian
Estimating row 18 out of 112 for hessian
Estimating row 19 out of 112 for hessian
Estimating row 20 out of 112 for hessian
Estimating row 21 out of 112 for hessian
Estimating row 22 out of 112 for hessian
Estimating row 23 out of 112 for hessian
Estimating row 24 out of 112 for hessian
Estimating row 25 out of 112 for hessian
Estimating row 26 out of 112 for hessian
Estimating row 27 out of 112 for hessian
Estimating row 28 out of 112 for hessian
Estimating row 29 out of 112 for hessian
Estimating row 30 out of 112 for hessian
Estimating row 31 out of 112 for hessian
Estimating row 32 out of 112 for hessian
Estimating row 33 out of 112 for hessian
Estimating row 34 out of 112 for hessian
Estimating row 35 out of 112 for hessian
Estimating row 36 out of 112 for hessian
Estimating row 37 out of 112 for hessian
Estimating row 38 out of 112 for hessian
Estimating row 39 out of 112 for hessian
Estimating row 40 out of 112 for hessian
Estimating row 41 out of 112 for hessian
Estimating row 42 out of 112 for hessian
Estimating row 43 out of 112 for hessian
Estimating row 44 out of 112 for hessian
Estimating row 45 out of 112 for hessian
Estimating row 46 out of 112 for hessian
Estimating row 47 out of 112 for hessian
Estimating row 48 out of 112 for hessian
Estimating row 49 out of 112 for hessian
Estimating row 50 out of 112 for hessian
Estimating row 51 out of 112 for hessian
Estimating row 52 out of 112 for hessian
Estimating row 53 out of 112 for hessian
Estimating row 54 out of 112 for hessian
Estimating row 55 out of 112 for hessian
Estimating row 56 out of 112 for hessian
Estimating row 57 out of 112 for hessian
Estimating row 58 out of 112 for hessian
Estimating row 59 out of 112 for hessian
Estimating row 60 out of 112 for hessian
Estimating row 61 out of 112 for hessian
Estimating row 62 out of 112 for hessian
Estimating row 63 out of 112 for hessian
Estimating row 64 out of 112 for hessian
Estimating row 65 out of 112 for hessian
Estimating row 66 out of 112 for hessian
Estimating row 67 out of 112 for hessian
Estimating row 68 out of 112 for hessian
Estimating row 69 out of 112 for hessian
Estimating row 70 out of 112 for hessian
Estimating row 71 out of 112 for hessian
Estimating row 72 out of 112 for hessian
Estimating row 73 out of 112 for hessian
Estimating row 74 out of 112 for hessian
Estimating row 75 out of 112 for hessian
Estimating row 76 out of 112 for hessian
Estimating row 77 out of 112 for hessian
Estimating row 78 out of 112 for hessian
Estimating row 79 out of 112 for hessian
Estimating row 80 out of 112 for hessian
Estimating row 81 out of 112 for hessian
Estimating row 82 out of 112 for hessian
Estimating row 83 out of 112 for hessian
Estimating row 84 out of 112 for hessian
Estimating row 85 out of 112 for hessian
Estimating row 86 out of 112 for hessian
Estimating row 87 out of 112 for hessian
Estimating row 88 out of 112 for hessian
Estimating row 89 out of 112 for hessian
Estimating row 90 out of 112 for hessian
Estimating row 91 out of 112 for hessian
Estimating row 92 out of 112 for hessian
Estimating row 93 out of 112 for hessian
Estimating row 94 out of 112 for hessian
Estimating row 95 out of 112 for hessian
Estimating row 96 out of 112 for hessian
Estimating row 97 out of 112 for hessian
Estimating row 98 out of 112 for hessian
Estimating row 99 out of 112 for hessian
Estimating row 100 out of 112 for hessian
Estimating row 101 out of 112 for hessian
Estimating row 102 out of 112 for hessian
Estimating row 103 out of 112 for hessian
Estimating row 104 out of 112 for hessian
Estimating row 105 out of 112 for hessian
Estimating row 106 out of 112 for hessian
Estimating row 107 out of 112 for hessian
Estimating row 108 out of 112 for hessian
Estimating row 109 out of 112 for hessian
Estimating row 110 out of 112 for hessian
Estimating row 111 out of 112 for hessian
Estimating row 112 out of 112 for hessian
size of file gradfil1.tmp = 0
size of file gradfil2.tmp = 0
size of file varssave.tmp = 0
size of file cmpdiff.tmp = 800000032
