
 - final statistics:
1 variables; iteration 0; function evaluation 0
Function value 1.2064e+03; maximum gradient component mag -2.6289e+00
Exit code = 0;  converg criter 1.0000e+01
Var    Value     Gradient |Var    Value     Gradient |Var    Value     Gradient
  1  0.12819 -2.62892e+00 |

Initial statistics: 8 variables; iteration 0; function evaluation 0; phase 2
Function value 1.2063800e+03; maximum gradient component mag -4.7601e+02
Var    Value     Gradient |Var    Value     Gradient |Var    Value     Gradient
  1 -0.25350 -9.00246e+01 |  2 -0.26198 -4.51674e+02 |  3 -0.05228 -4.09058e+00
  4  0.14905 -1.16129e+02 |  5  0.00000 -4.76013e+02 |  6  0.25754 -1.02792e+02
  7 -0.06236 -1.23157e+02 |  8  0.12819 -2.62892e+00 |

 - final statistics:
8 variables; iteration 11; function evaluation 19
Function value 1.1506e+03; maximum gradient component mag 9.5539e+00
Exit code = 1;  converg criter 1.0000e+01
Var    Value     Gradient |Var    Value     Gradient |Var    Value     Gradient
  1 -0.21674  9.55390e+00 |  2 -0.25642 -6.94752e+00 |  3 -0.30279 -5.86159e+00
  4  0.48856 -5.20256e+00 |  5  0.16505 -6.90773e+00 |  6  0.39430  4.19103e+00
  7 -0.35218  1.11913e+00 |  8  0.58237 -2.71627e+00 |

Initial statistics: 23 variables; iteration 0; function evaluation 0; phase 3
Function value 1.1505613e+03; maximum gradient component mag -5.9263e+02
Var    Value     Gradient |Var    Value     Gradient |Var    Value     Gradient
  1 -0.21674  9.55390e+00 |  2 -0.25642 -6.94752e+00 |  3 -0.30279 -5.86159e+00
  4  0.48856 -5.20256e+00 |  5  0.10094  1.25322e+02 |  6  0.31415  1.46284e+02
  7  0.00000 -3.82724e+02 |  8  0.16505 -6.90773e+00 |  9  0.39430  4.19103e+00
 10 -0.35218  1.11913e+00 | 11  0.00000  1.31059e+02 | 12  0.00000  1.03653e+02
 13  0.58237 -2.71627e+00 | 14 -0.32395 -2.52489e+02 | 15 -0.05795  8.19823e+01
 16 -0.32395 -5.25513e+02 | 17 -0.05795  1.80815e+02 | 18 -0.32395 -2.02001e+02
 19 -0.05795  6.41565e+01 | 20 -0.32395  4.82316e+02 | 21 -0.31415 -5.92630e+02
 22 -0.00064  1.65406e-03 | 23  0.62714  9.77751e-03 |

Intermediate statistics: 23 variables; iteration 20; function evaluation 34; phase 3
Function value 8.2400140e+02; maximum gradient component mag 2.4558e+02
Var    Value     Gradient |Var    Value     Gradient |Var    Value     Gradient
  1 -0.15753  1.30028e+02 |  2 -0.14308  8.89092e+01 |  3 -0.12068  1.00002e+02
  4  0.17546  8.57075e+01 |  5  0.07749  9.17435e+00 |  6 -0.50305  2.10949e+01
  7  0.21442  1.49416e+01 |  8  0.08766  9.77709e+01 |  9  0.33246  2.45580e+02
 10 -0.18881  1.15701e+02 | 11  0.03931  3.78084e+01 | 12 -0.51571 -6.00308e+00
 13  0.08907  1.11545e+00 | 14 -0.12585 -1.40069e+02 | 15  0.11553  6.57881e+01
 16 -0.20194 -2.08539e+02 | 17  0.00844  9.51085e+01 | 18  0.15291 -2.04111e+01
 19  0.22587  6.68625e-01 | 20  0.54058  6.52292e-01 | 21  0.63660  3.87435e-01
 22 -0.00067 -3.31970e-06 | 23  0.62646  4.72521e-03 |
23 variables; iteration 40; function evaluation 63; phase 3
Function value 7.6484364e+02; maximum gradient component mag 3.2557e+01
Var    Value     Gradient |Var    Value     Gradient |Var    Value     Gradient
  1 -0.13758 -1.05460e+01 |  2 -0.07696 -1.23707e+01 |  3  0.01144 -5.01206e+00
  4 -0.09478 -1.15800e+01 |  5  0.20971  2.03282e+00 |  6 -0.78929 -4.26700e+00
  7  0.11024 -1.08218e+00 |  8  0.03326 -1.83704e+01 |  9  0.20222 -1.21541e+01
 10  0.03263 -1.78840e+01 | 11 -0.11087 -9.43579e-02 | 12  0.48099 -1.74667e+00
 13 -0.04947  1.99163e+01 | 14  0.37558 -2.55928e-01 | 15  0.41979 -1.12398e+01
 16  0.13449 -3.08965e+01 | 17  0.32812  3.25569e+01 | 18  0.35801 -6.28501e+00
 19  0.28955  4.37994e+00 | 20  2.11008  2.30152e+00 | 21  1.96073 -1.06256e-01
 22 -0.01290  3.34456e-03 | 23  0.42376  1.73705e-02 |
23 variables; iteration 60; function evaluation 87; phase 3
Function value 7.6233248e+02; maximum gradient component mag 1.7083e+00
Var    Value     Gradient |Var    Value     Gradient |Var    Value     Gradient
  1 -0.11151 -1.17222e+00 |  2 -0.06700  5.03549e-01 |  3  0.01372 -3.41142e-01
  4 -0.10872  1.23503e-01 |  5  0.19359  8.31893e-01 |  6 -0.73316  6.25735e-01
  7  0.08176 -4.72455e-01 |  8  0.02967  1.04188e+00 |  9  0.19040  3.11041e-02
 10  0.05554  2.13451e-01 | 11 -0.11037  1.67352e+00 | 12  0.43330  1.98707e-01
 13 -0.03332  1.70831e+00 | 14  0.57722 -6.90611e-01 | 15  0.48976  6.16651e-01
 16  0.19134  8.18339e-01 | 17  0.35436 -1.68924e-01 | 18  0.48683  8.63977e-01
 19  0.33629 -8.79151e-01 | 20  1.91084  7.10426e-01 | 21  1.89934 -8.00201e-01
 22 -0.19223 -1.17852e-01 | 23 -0.22256 -1.64266e-01 |
Maximum number of function evaluations exceeded

 - final statistics:
23 variables; iteration 73; function evaluation 100
Function value 7.6219e+02; maximum gradient component mag -6.0650e+00
Exit code = 3;  converg criter 1.0000e+00
Var    Value     Gradient |Var    Value     Gradient |Var    Value     Gradient
  1 -0.11702  4.55362e+00 |  2 -0.06797 -1.53026e+00 |  3  0.01301 -3.36312e+00
  4 -0.10571 -2.05740e+00 |  5  0.19640 -6.51980e-01 |  6 -0.74634 -6.90930e-01
  7  0.08520  7.30526e-01 |  8  0.02757 -2.11332e+00 |  9  0.18995 -6.06496e+00
 10  0.05653 -2.36525e+00 | 11 -0.11280 -1.18733e+00 | 12  0.45597 -3.48544e-01
 13 -0.03759 -5.09214e+00 | 14  0.57661 -8.92298e-01 | 15  0.49227  2.11494e+00
 16  0.18022 -2.43538e+00 | 17  0.34779  1.32785e+00 | 18  0.46816  1.27215e-01
 19  0.33034 -1.75054e-02 | 20  1.87704 -1.25813e+00 | 21  1.88803  5.30591e-01
 22 -0.36635  6.58447e-01 | 23 -0.05956  5.00424e-01 |

Initial statistics: 23 variables; iteration 0; function evaluation 0; phase 4
Function value 7.6218674e+02; maximum gradient component mag -6.0650e+00
Var    Value     Gradient |Var    Value     Gradient |Var    Value     Gradient
  1 -0.11702  4.55362e+00 |  2 -0.06797 -1.53026e+00 |  3  0.01301 -3.36312e+00
  4 -0.10571 -2.05740e+00 |  5  0.19640 -6.51980e-01 |  6 -0.74634 -6.90930e-01
  7  0.08520  7.30526e-01 |  8  0.02757 -2.11332e+00 |  9  0.18995 -6.06496e+00
 10  0.05653 -2.36525e+00 | 11 -0.11280 -1.18733e+00 | 12  0.45597 -3.48544e-01
 13 -0.03759 -5.09214e+00 | 14  0.57661 -8.92298e-01 | 15  0.49227  2.11494e+00
 16  0.18022 -2.43538e+00 | 17  0.34779  1.32785e+00 | 18  0.46816  1.27215e-01
 19  0.33034 -1.75054e-02 | 20  0.12296  1.25813e+00 | 21  0.11197 -5.30591e-01
 22 -0.36635  6.58447e-01 | 23 -0.05956  5.00424e-01 |

Intermediate statistics: 23 variables; iteration 20; function evaluation 24; phase 4
Function value 7.6216088e+02; maximum gradient component mag -1.3223e+00
Var    Value     Gradient |Var    Value     Gradient |Var    Value     Gradient
  1 -0.11278  7.79842e-01 |  2 -0.06889 -4.07171e-01 |  3  0.01339  4.89920e-02
  4 -0.10658  1.30393e-01 |  5  0.19713  4.66482e-03 |  6 -0.74794  3.21857e-02
  7  0.08222 -3.66478e-01 |  8  0.03043  7.11195e-02 |  9  0.19061  7.99934e-01
 10  0.05473 -8.98371e-02 | 11 -0.11336 -6.65032e-01 | 12  0.45736  1.26608e-01
 13 -0.03466 -7.89027e-01 | 14  0.59712 -1.31895e-01 | 15  0.49658  1.84537e-01
 16  0.18699 -1.18069e+00 | 17  0.35164  9.12487e-01 | 18  0.47842 -2.45106e-03
 19  0.33337  3.25677e-01 | 20  0.13799  9.45461e-01 | 21  0.11438 -1.32226e+00
 22 -0.44186  2.38503e-01 | 23 -0.05391  2.27884e-01 |
23 variables; iteration 40; function evaluation 51; phase 4
Function value 7.6214353e+02; maximum gradient component mag 7.5412e-04
Var    Value     Gradient |Var    Value     Gradient |Var    Value     Gradient
  1 -0.11045  1.01441e-04 |  2 -0.06619  3.72812e-05 |  3  0.01428 -1.01172e-04
  4 -0.10994 -9.03087e-05 |  5  0.19553 -2.29594e-05 |  6 -0.74366 -4.23144e-05
  7  0.08001  9.90006e-05 |  8  0.02732  5.96964e-06 |  9  0.18931 -2.14850e-04
 10  0.05859 -2.19134e-05 | 11 -0.11236  8.55771e-05 | 12  0.45087 -2.57684e-05
 13 -0.03275 -1.08288e-04 | 14  0.61212 -2.75782e-05 | 15  0.49976  9.32177e-05
 16  0.19181  1.67169e-04 | 17  0.35408 -1.91688e-04 | 18  0.48025 -6.81545e-06
 19  0.33284 -1.47483e-05 | 20  0.17841  7.54115e-04 | 21  0.12777  1.28861e-04
 22 -0.86314  8.64379e-06 | 23 -0.04990 -6.51436e-05 |

 - final statistics:
23 variables; iteration 42; function evaluation 53
Function value 7.6214e+02; maximum gradient component mag 6.1104e-05
Exit code = 1;  converg criter 1.0000e-04
Var    Value     Gradient |Var    Value     Gradient |Var    Value     Gradient
  1 -0.11045 -5.86752e-05 |  2 -0.06619  4.54947e-06 |  3  0.01428  2.22885e-05
  4 -0.10994  1.67764e-05 |  5  0.19553  7.37460e-06 |  6 -0.74366  3.33884e-06
  7  0.08001 -4.29400e-06 |  8  0.02732  1.60238e-07 |  9  0.18931  1.72683e-05
 10  0.05859  4.49868e-06 | 11 -0.11236  4.16097e-06 | 12  0.45087  7.29480e-07
 13 -0.03275  6.11040e-05 | 14  0.61212  1.20204e-05 | 15  0.49976 -3.25467e-05
 16  0.19181 -1.41227e-06 | 17  0.35408  2.06809e-06 | 18  0.48025  2.72380e-07
 19  0.33284 -1.48048e-06 | 20  0.17840  1.91527e-06 | 21  0.12777 -8.05775e-07
 22 -0.86308  6.31875e-08 | 23 -0.04989  2.59327e-06 |
Estimating row 1 out of 23 for hessian
Estimating row 2 out of 23 for hessian
Estimating row 3 out of 23 for hessian
Estimating row 4 out of 23 for hessian
Estimating row 5 out of 23 for hessian
Estimating row 6 out of 23 for hessian
Estimating row 7 out of 23 for hessian
Estimating row 8 out of 23 for hessian
Estimating row 9 out of 23 for hessian
Estimating row 10 out of 23 for hessian
Estimating row 11 out of 23 for hessian
Estimating row 12 out of 23 for hessian
Estimating row 13 out of 23 for hessian
Estimating row 14 out of 23 for hessian
Estimating row 15 out of 23 for hessian
Estimating row 16 out of 23 for hessian
Estimating row 17 out of 23 for hessian
Estimating row 18 out of 23 for hessian
Estimating row 19 out of 23 for hessian
Estimating row 20 out of 23 for hessian
Estimating row 21 out of 23 for hessian
Estimating row 22 out of 23 for hessian
Estimating row 23 out of 23 for hessian
Estimated covariance matrix may not be positive definite.
 9.0552596917e-06 4.0501439234e-05 1.0137567089e-04 2.1424989063e-04 2.6088288313e-04 3.0760253662e-04 3.9754335125e-04 4.5497896646e-04 6.2960962138e-04 7.6670163282e-04 1.2215135960e-03 1.7625677109e-03 1.9045199946e-03 2.5287079291e-03 3.4039505585e-03 3.7790959820e-03 5.0216343642e-03 6.3698403514e-03 1.1688579346e-02 3.6384638186e-02 6.3106773068e-02 1.2217483544e-01 4.7383873213e+00
Estimated covariance matrix may not be positive definite.
 9.0552596917e-06 4.0501439234e-05 1.0137567089e-04 2.1424989063e-04 2.6088288313e-04 3.0760253662e-04 3.9754335125e-04 4.5497896646e-04 6.2960962138e-04 7.6670163282e-04 1.2215135960e-03 1.7625677109e-03 1.9045199946e-03 2.5287079291e-03 3.4039505585e-03 3.7790959820e-03 5.0216343642e-03 6.3698403514e-03 1.1688579346e-02 3.6384638186e-02 6.3106773068e-02 1.2217483544e-01 4.7383873213e+00
Estimated covariance matrix may not be positive definite.
 9.0552596917e-06 4.0501439234e-05 1.0137567089e-04 2.1424989063e-04 2.6088288313e-04 3.0760253662e-04 3.9754335125e-04 4.5497896646e-04 6.2960962138e-04 7.6670163282e-04 1.2215135960e-03 1.7625677109e-03 1.9045199946e-03 2.5287079291e-03 3.4039505585e-03 3.7790959820e-03 5.0216343642e-03 6.3698403514e-03 1.1688579346e-02 3.6384638186e-02 6.3106773068e-02 1.2217483544e-01 4.7383873213e+00
Estimated covariance matrix may not be positive definite.
 9.0552596917e-06 4.0501439234e-05 1.0137567089e-04 2.1424989063e-04 2.6088288313e-04 3.0760253662e-04 3.9754335125e-04 4.5497896646e-04 6.2960962138e-04 7.6670163282e-04 1.2215135960e-03 1.7625677109e-03 1.9045199946e-03 2.5287079291e-03 3.4039505585e-03 3.7790959820e-03 5.0216343642e-03 6.3698403514e-03 1.1688579346e-02 3.6384638186e-02 6.3106773068e-02 1.2217483544e-01 4.7383873213e+00
size of file gradfil1.tmp = 0
size of file gradfil2.tmp = 0
size of file varssave.tmp = 0
size of file cmpdiff.tmp = 600000024
