
Initial statistics: 1 variables; iteration 0; function evaluation 0; phase 1
Function value 3.4537518e+03; maximum gradient component mag 1.0501e+03
Var    Value     Gradient |Var    Value     Gradient |Var    Value     Gradient
  1  0.26198  1.05005e+03 |

 - final statistics:
1 variables; iteration 5; function evaluation 29
Function value 3.0183e+03; maximum gradient component mag -5.2407e+00
Exit code = 1;  converg criter 1.0000e+01
Var    Value     Gradient |Var    Value     Gradient |Var    Value     Gradient
  1  0.06990 -5.24070e+00 |

Initial statistics: 72 variables; iteration 0; function evaluation 0; phase 2
Function value 3.0182710e+03; maximum gradient component mag -2.2681e+03
Var    Value     Gradient |Var    Value     Gradient |Var    Value     Gradient
  1  0.06990 -5.24070e+00 |  2  0.00000  8.91190e+01 |  3  0.00000  8.15476e+01
  4  0.00000  6.50828e+01 |  5  0.00000  4.98559e+01 |  6  0.00000  3.51899e+01
  7  0.00000  1.10492e+01 |  8  0.00000 -3.22913e+01 |  9  0.00000 -1.62890e+02
 10  0.00000 -3.42832e+02 | 11  0.00000 -3.77885e+02 | 12  0.00000 -3.23230e+02
 13  0.00000  1.43470e+02 | 14  0.00000  4.21403e+02 | 15  0.00000  2.49287e+02
 16  0.00000  2.89187e+01 | 17  0.00000  5.61672e+02 | 18  0.00000  1.04352e+03
 19  0.00000  9.09562e+02 | 20  0.00000 -7.79754e+02 | 21  0.00000 -2.26814e+03
 22  0.00000 -1.12350e+02 | 23  0.00000  3.39507e+01 | 24  0.00000 -2.72820e+01
 25  0.00000 -2.21016e+02 | 26  0.00000 -2.42501e+02 | 27  0.00000  4.03308e+01
 28  0.00000  2.78919e+01 | 29  0.00000  2.83067e+00 | 30  0.00000 -8.91859e+01
 31  0.00000  2.00735e+02 | 32  0.00000  2.93713e+02 | 33  0.00000  2.76550e+02
 34  0.00000  8.35585e+01 | 35  0.00000 -6.39163e+02 | 36  0.00000 -1.17949e+03
 37  0.00000 -9.34536e+01 | 38  0.00000  1.35433e+02 | 39  0.00000  2.62081e+02
 40  0.00000  2.09205e+02 | 41  0.00000  4.72880e+02 | 42  0.00000  5.50442e+02
 43  0.00000  5.17308e+02 | 44  0.00000  3.60357e+02 | 45  0.00000  1.99729e+02
 46  0.00000 -5.53349e+02 | 47  0.00000 -2.96566e+02 | 48  0.00000  2.24484e+02
 49  0.00000  1.59282e+02 | 50  0.00000 -1.46800e+01 | 51  0.00000  1.56205e+01
 52  0.14266  1.97380e+02 | 53  0.37049 -1.62117e+01 | 54 -0.43403 -5.91013e+00
 55  0.99550 -2.04480e+02 | 56  0.05267 -3.81031e+02 | 57  0.00345 -7.99637e-05
 58 -0.00009 -3.18243e-07 | 59  0.23427 -5.13736e+01 | 60 -0.16594 -9.84380e-03
 61  0.38128 -2.69549e+02 | 62  0.24719 -7.15621e+01 | 63 -0.63168  9.01338e-01
 64  0.01615 -2.17363e+03 | 65 -0.30380 -5.65642e+01 | 66 -0.16428 -3.73067e+01
 67  0.15020  1.50840e+02 | 68 -0.62369  6.63290e-01 | 69 -0.03908  1.24487e+02
 70 -0.08125  3.60141e+01 | 71 -0.52624  2.44318e+01 | 72 -0.03131  4.52108e+01

Intermediate statistics: 72 variables; iteration 20; function evaluation 28; phase 2
Function value 1.7645790e+03; maximum gradient component mag -1.9342e+03
Var    Value     Gradient |Var    Value     Gradient |Var    Value     Gradient
  1  0.03395  1.72278e+03 |  2  0.01769  8.01241e+00 |  3  0.03260  1.20584e+01
  4  0.05558  1.33145e+01 |  5  0.06585  1.35503e+01 |  6  0.06520  1.74957e+01
  7  0.06120  2.30861e+01 |  8  0.03852  2.57270e+01 |  9  0.03783  5.67279e+00
 10  0.13945 -5.01598e+01 | 11  0.01785 -3.97376e+01 | 12  0.12946 -5.70858e+01
 13 -0.05237  2.50813e+01 | 14 -0.08496  3.30277e+01 | 15 -0.01258  1.26533e+02
 16  0.12109  4.94211e+02 | 17 -0.05218  9.85836e+01 | 18 -0.14523 -3.35220e+00
 19 -0.31197 -3.99198e+01 | 20 -0.15012 -7.79920e+01 | 21  0.25851 -1.80232e+02
 22 -0.09308 -1.70626e-01 | 23  0.06263  3.74583e+01 | 24  0.04971  3.82582e+01
 25  0.10938  5.61635e+01 | 26  0.11839  6.34281e+01 | 27  0.02352  2.26254e+01
 28  0.06179  2.58956e+01 | 29  0.01560  5.36327e+00 | 30  0.14374  3.59838e+01
 31 -0.04457 -4.18703e+01 | 32 -0.05824 -5.39923e+01 | 33 -0.08686 -6.42947e+01
 34 -0.17437 -5.90587e+01 | 35  0.17178  1.27086e+00 | 36  0.35799 -6.29971e+01
 37 -0.12547 -3.28024e+01 | 38  0.00028 -3.79171e+01 | 39 -0.03884 -4.04561e+01
 40  0.08667  4.31479e+01 | 41 -0.27879 -8.00065e+01 | 42 -0.48514 -7.32028e+01
 43 -0.36849 -8.77524e+01 | 44 -0.03558 -7.57398e+01 | 45 -0.08673 -7.04814e+01
 46  0.18298 -1.04485e+02 | 47  0.15137 -2.04889e+01 | 48 -0.10694 -7.43504e+01
 49 -0.03806 -6.00394e+01 | 50  0.10953 -2.96317e+01 | 51  0.07108 -4.38392e+01
 52  0.13316 -2.24833e+01 | 53  0.34841 -7.78682e+00 | 54 -0.44625  6.55917e+00
 55  1.45029  1.26344e+02 | 56  0.02865  3.38723e+02 | 57  0.00347  6.33065e-05
 58 -0.00009 -1.27904e-06 | 59  0.22231  5.27822e+02 | 60 -0.16590 -2.46609e-04
 61  0.35162 -1.93424e+03 | 62  0.24771  5.12214e+01 | 63 -0.67677 -3.60951e+00
 64  0.01780  1.10162e+03 | 65 -0.34397  8.98849e+00 | 66 -0.18961  7.18752e+00
 67  0.14036  2.62084e+01 | 68 -0.62493  1.32202e-01 | 69 -0.04275 -8.13272e-02
 70 -0.11843  4.00152e+00 | 71 -0.55371 -6.63454e+00 | 72 -0.05356  3.32695e+00
72 variables; iteration 40; function evaluation 51; phase 2
Function value 1.7396047e+03; maximum gradient component mag 1.3884e+03
Var    Value     Gradient |Var    Value     Gradient |Var    Value     Gradient
  1  0.03112  1.38836e+03 |  2  0.03071  6.91245e+01 |  3  0.03728  6.80513e+01
  4  0.05457  6.38376e+01 |  5  0.06415  6.11682e+01 |  6  0.07158  6.48369e+01
  7  0.06891  6.69902e+01 |  8  0.03634  6.60845e+01 |  9  0.01352  4.17735e+01
 10  0.13272 -1.95912e+01 | 11  0.07188  2.84549e+01 | 12  0.11429 -2.51970e+00
 13 -0.04525  8.74996e+01 | 14 -0.08511  9.41899e+01 | 15 -0.00852  1.82513e+02
 16  0.11370  4.56271e+02 | 17 -0.04351  1.66006e+02 | 18 -0.15905  5.79956e+01
 19 -0.27296  3.28929e+01 | 20 -0.13654  2.84276e+00 | 21  0.26034 -3.99685e+01
 22 -0.10501  5.72673e+01 | 23  0.06315  9.95230e+01 | 24  0.04766  9.86843e+01
 25  0.10980  1.06557e+02 | 26  0.10878  9.02993e+01 | 27  0.02169  9.10497e+01
 28  0.06687  1.14933e+02 | 29  0.00022  5.79581e+01 | 30  0.13428  6.42248e+01
 31 -0.06301  1.34676e+01 | 32 -0.07349  8.92396e+00 | 33 -0.07334  8.06655e+00
 34 -0.15502  9.40168e+00 | 35  0.12856  1.92116e+01 | 36  0.36178 -3.38683e+01
 37 -0.15214  2.76532e+01 | 38 -0.01030  2.06293e+01 | 39 -0.03383  3.21536e+01
 40  0.05978  9.51537e+01 | 41 -0.16529  1.42680e+01 | 42 -0.85368 -9.10442e+00
 43 -0.18446  2.67417e+01 | 44 -0.04482  4.39949e+01 | 45 -0.08159  1.62106e+01
 46  0.16672 -3.89780e+01 | 47  0.12837  3.97860e+01 | 48 -0.08422  1.92787e+01
 49 -0.06306  1.41784e+01 | 50  0.07570  4.21919e+01 | 51  0.24905  3.83692e+01
 52  0.13269 -1.18404e+02 | 53  0.36322  9.24586e+00 | 54 -0.43967 -2.82326e+00
 55  1.40009  6.81676e+01 | 56  0.02973  1.79017e+02 | 57  0.00387  3.74224e-05
 58 -0.00009 -1.32748e-06 | 59  0.20405  2.12809e+02 | 60 -0.16474 -1.77291e-02
 61  0.35363 -1.16642e+03 | 62  0.24847 -3.59921e+01 | 63 -1.63154 -2.88129e+01
 64  0.01422 -3.72437e+02 | 65 -0.51794  1.38302e-01 | 66 -0.36334 -5.03956e-01
 67  0.15093 -1.68611e+01 | 68 -0.64336  5.98004e-02 | 69 -0.03655  1.31422e+02
 70 -0.16089  1.99435e+00 | 71 -0.54922  3.79450e-01 | 72 -0.02369  8.53493e+00
72 variables; iteration 60; function evaluation 75; phase 2
Function value 1.7041103e+03; maximum gradient component mag 1.6932e+03
Var    Value     Gradient |Var    Value     Gradient |Var    Value     Gradient
  1  0.02602  1.69321e+03 |  2  0.02072  2.07741e+01 |  3  0.04118  2.85026e+01
  4  0.06683  3.18376e+01 |  5  0.08381  3.39668e+01 |  6  0.06789  2.79078e+01
  7  0.04662  2.48676e+01 |  8  0.03464  3.89844e+01 |  9  0.05910  5.05156e+01
 10  0.13113  4.87503e+01 | 11  0.08029  5.24577e+01 | 12  0.11634  2.78817e+01
 13 -0.06162  3.59351e+01 | 14 -0.06825  4.46866e+01 | 15 -0.02298  4.08366e+01
 16  0.09208  6.31541e+01 | 17 -0.05772  4.95597e+01 | 18 -0.13406  4.12634e+01
 19 -0.21449  3.22108e+01 | 20 -0.08870  1.62462e+01 | 21  0.25897  1.34379e+02
 22 -0.09177  1.96119e+01 | 23  0.05217  6.61069e+00 | 24  0.03291  2.40708e+00
 25  0.09559  2.29337e+00 | 26  0.09602 -8.91972e+00 | 27  0.00170 -9.47577e+00
 28  0.03318 -3.03264e+01 | 29 -0.01284 -2.66806e+01 | 30  0.10810 -4.23922e+01
 31 -0.03324 -1.69377e+01 | 32 -0.09247 -3.47956e+01 | 33 -0.03964 -1.86121e+01
 34 -0.16065 -3.97329e+01 | 35  0.10306 -3.96214e+01 | 36  0.36142 -2.36438e+01
 37 -0.17337 -2.81303e+01 | 38 -0.01561 -3.49096e+01 | 39 -0.04116 -3.67212e+01
 40  0.02965 -2.97749e+01 | 41 -0.13486 -2.03348e+01 | 42 -0.72468 -3.76890e+01
 43 -0.18868 -2.59972e+01 | 44 -0.06143 -3.34129e+01 | 45 -0.08618 -3.95437e+01
 46  0.17968 -1.41758e+00 | 47  0.12652 -2.33273e+01 | 48 -0.06760 -2.76048e+01
 49 -0.03918 -2.79669e+01 | 50  0.07794 -3.44632e+01 | 51  0.09142 -2.91779e+01
 52  0.13628 -3.57098e+01 | 53  0.34457 -1.43939e+00 | 54 -0.46557 -7.89349e+00
 55  1.36760  5.64305e+00 | 56  0.02250 -8.35971e+01 | 57  0.00529 -4.83961e-05
 58 -0.00009 -1.38992e-06 | 59  0.23731  1.12561e+02 | 60 -0.15915  4.53772e-04
 61  0.37501 -3.81462e+02 | 62  0.23918  4.79250e+00 | 63 -1.45342 -4.67113e+00
 64  0.01419 -2.33473e+02 | 65 -0.22598  1.11647e+01 | 66 -0.45922 -2.53092e+00
 67  0.13880  9.85729e+01 | 68 -0.68846  1.28810e-01 | 69 -0.04321 -1.63862e+02
 70 -0.10285  1.12830e+01 | 71 -0.55287 -1.14764e+01 | 72 -0.02285  1.90646e+01
Maximum number of function evaluations exceeded

 - final statistics:
72 variables; iteration 79; function evaluation 100
Function value 1.6733e+03; maximum gradient component mag 9.7709e+02
Exit code = 3;  converg criter 1.0000e+01
Var    Value     Gradient |Var    Value     Gradient |Var    Value     Gradient
  1  0.01849  9.77086e+02 |  2  0.00946 -1.48204e+01 |  3  0.03904 -8.28469e+00
  4  0.08894 -1.27398e+00 |  5  0.05613 -1.27560e+01 |  6  0.10756  6.68639e+00
  7  0.07220  1.83056e+00 |  8  0.00746 -3.60168e+00 |  9  0.03599  5.59320e+00
 10  0.15623  2.22057e+01 | 11  0.05518  1.76968e+01 | 12  0.13382  1.49823e+01
 13 -0.07611  4.64434e+00 | 14 -0.09022 -3.54622e+00 | 15 -0.02318 -1.55100e+00
 16  0.09470 -3.20384e+00 | 17 -0.07077 -9.64742e+00 | 18 -0.15396 -1.85703e+01
 19 -0.27915 -1.93595e+01 | 20 -0.08218  3.81780e+00 | 21  0.25410  7.87799e+01
 22 -0.10404 -2.08112e+00 | 23  0.04750 -1.60307e+01 | 24  0.02943 -1.70887e+01
 25  0.08895 -2.15884e+01 | 26  0.09008 -2.30925e+01 | 27 -0.01061 -2.47439e+01
 28  0.03063 -2.80513e+01 | 29 -0.02780 -3.53025e+01 | 30  0.10397 -3.70848e+01
 31 -0.08317 -4.77215e+01 | 32 -0.06259 -4.50060e+01 | 33 -0.15957 -6.25778e+01
 34 -0.11329 -3.77355e+01 | 35  0.10123 -3.40497e+01 | 36  0.34726 -1.77388e+01
 37 -0.16086 -3.40647e+01 | 38 -0.01060 -3.25674e+01 | 39 -0.04348 -3.80706e+01
 40  0.01809 -4.48635e+01 | 41 -0.19763 -4.51192e+01 | 42 -0.24686 -3.92399e+01
 43 -0.24288 -4.61691e+01 | 44 -0.06480 -3.36172e+01 | 45 -0.08593 -3.73596e+01
 46  0.16115 -5.12286e+01 | 47  0.11415 -4.36021e+01 | 48 -0.07909 -4.08967e+01
 49 -0.04418 -3.82008e+01 | 50  0.07629 -3.67992e+01 | 51  0.15421 -3.35836e+01
 52  0.14212  5.35310e+01 | 53  0.36848  6.44323e+00 | 54 -0.43800 -4.65644e+00
 55  1.25559  8.74418e+00 | 56  0.03981 -2.46742e+01 | 57  0.00562 -1.05137e-05
 58 -0.00007 -1.35116e-06 | 59  0.22931 -4.94589e+01 | 60 -0.14974 -1.96760e-03
 61  0.38529  1.64711e+02 | 62  0.24774 -4.89574e+00 | 63 -1.30871  1.00478e+00
 64  0.01577  1.58970e+01 | 65 -0.62029  1.82191e+00 | 66  0.26230  3.72180e+00
 67  0.14647  1.30685e+01 | 68 -0.55296  1.31022e-01 | 69 -0.03858 -3.31624e+01
 70 -0.05985  3.26867e+00 | 71 -0.57998 -1.06400e+01 | 72 -0.05749  1.19876e+00

Initial statistics: 73 variables; iteration 0; function evaluation 0; phase 3
Function value 1.6728493e+03; maximum gradient component mag 9.7709e+02
Var    Value     Gradient |Var    Value     Gradient |Var    Value     Gradient
  1  0.01849  9.77086e+02 |  2  0.01028  5.23880e+00 |  3  0.03986  1.17382e+01
  4  0.08976  1.85887e+01 |  5  0.05695  7.22676e+00 |  6  0.10839  2.64564e+01
  7  0.07302  2.17600e+01 |  8  0.00828  1.64582e+01 |  9  0.03681  2.56208e+01
 10  0.15707  4.16523e+01 | 11  0.05599  3.76787e+01 | 12  0.13465  3.45926e+01
 13 -0.07529  2.45664e+01 | 14 -0.08940  1.63172e+01 | 15 -0.02236  1.84981e+01
 16  0.09552  1.66329e+01 | 17 -0.06996  1.02917e+01 | 18 -0.15312  9.07688e-01
 19 -0.27825 -1.19674e+00 | 20 -0.08136  2.37163e+01 | 21  0.25498  9.72075e+01
 22 -0.10322  1.77168e+01 | 23  0.04831  3.97459e+00 | 24  0.03025  2.95121e+00
 25  0.08977 -1.72208e+00 | 26  0.09090 -3.23095e+00 | 27 -0.00980 -4.68524e+00
 28  0.03145 -8.01254e+00 | 29 -0.02699 -1.52610e+01 | 30  0.10480 -1.72866e+01
 31 -0.08235 -2.78356e+01 | 32 -0.06177 -2.50445e+01 | 33 -0.15873 -4.31577e+01
 34 -0.11247 -1.79950e+01 | 35  0.10205 -1.42384e+01 | 36  0.34821 -5.88110e-01
 37 -0.16002 -1.46452e+01 | 38 -0.00979 -1.25089e+01 | 39 -0.04267 -1.80574e+01
 40  0.01891 -2.48092e+01 | 41 -0.19678 -2.60278e+01 | 42 -0.24599 -2.06795e+01
 43 -0.24200 -2.75651e+01 | 44 -0.06399 -1.36614e+01 | 45 -0.08510 -1.74836e+01
 46  0.16199 -3.17955e+01 | 47  0.11498 -2.38566e+01 | 48 -0.07827 -2.09931e+01
 49 -0.04337 -1.81892e+01 | 50  0.07711 -1.68790e+01 | 51  0.15505 -1.41032e+01
 52  0.14212  5.35310e+01 | 53 -0.36649 -1.42115e+01 | 54  0.36848  6.44323e+00
 55 -0.43800 -4.65644e+00 | 56  0.74441 -8.74418e+00 | 57  0.03981 -2.46742e+01
 58  0.00562 -1.05137e-05 | 59 -0.00007 -1.35116e-06 | 60  0.22931 -4.94589e+01
 61 -0.14974 -1.96760e-03 | 62  0.38529  1.64711e+02 | 63  0.24774 -4.89574e+00
 64 -0.69129 -1.00478e+00 | 65  0.01577  1.58970e+01 | 66 -0.62029  1.82191e+00
 67  0.26230  3.72180e+00 | 68  0.14647  1.30685e+01 | 69 -0.55296  1.31022e-01
 70 -0.03858 -3.31624e+01 | 71 -0.05985  3.26867e+00 | 72 -0.57998 -1.06400e+01
 73 -0.05749  1.19876e+00 |

Intermediate statistics: 73 variables; iteration 20; function evaluation 24; phase 3
Function value 1.6654066e+03; maximum gradient component mag 5.9189e+02
Var    Value     Gradient |Var    Value     Gradient |Var    Value     Gradient
  1  0.01514  5.91885e+02 |  2  0.01375  1.00684e+01 |  3  0.03387  1.41506e+01
  4  0.09896  2.35339e+01 |  5  0.07725  1.64059e+01 |  6  0.11593  2.75489e+01
  7  0.08095  2.05933e+01 |  8 -0.01656  1.09981e+01 |  9 -0.00390  1.61252e+01
 10  0.18482  6.05427e+01 | 11 -0.01444  2.10655e+01 | 12  0.15693  5.73373e+01
 13 -0.12754  1.18081e+01 | 14 -0.08728  1.57394e+01 | 15 -0.01969  1.75789e+01
 16  0.09840 -7.19759e+00 | 17 -0.07947  3.53274e+00 | 18 -0.14090  7.64209e+00
 19 -0.29958 -1.33987e+00 | 20 -0.09117  5.09809e+00 | 21  0.25466 -8.38426e+01
 22 -0.12980  1.36876e+00 | 23  0.05505  1.15961e+01 | 24  0.03137  1.78638e+01
 25  0.09802  3.52790e+01 | 26  0.09503  2.19596e+01 | 27 -0.00804  4.50575e+00
 28  0.03571  4.73841e+00 | 29 -0.02254 -5.06162e+00 | 30  0.10713 -5.31782e+00
 31 -0.06046 -8.19044e+00 | 32 -0.08867 -1.36915e+01 | 33 -0.07305 -6.02125e+00
 34 -0.13234 -9.36763e+00 | 35  0.10428 -9.78609e+00 | 36  0.35000 -2.99121e+01
 37 -0.16419 -5.78795e+00 | 38 -0.00754 -1.73046e+00 | 39 -0.03817 -3.97993e+00
 40  0.02141 -7.70575e+00 | 41 -0.18016 -7.42235e+00 | 42 -0.24179 -7.40080e+00
 43 -0.21601 -6.62603e+00 | 44 -0.06309 -2.62865e+00 | 45 -0.08121 -5.40821e+00
 46  0.16666 -9.88181e+00 | 47  0.11788 -1.42846e+01 | 48 -0.07169 -7.87618e+00
 49 -0.04002 -7.57602e+00 | 50  0.07933 -6.75941e+00 | 51  0.13282 -5.85926e+00
 52  0.14764  2.25829e+02 | 53 -0.37013 -1.12658e+02 | 54  0.37266  2.03609e+00
 55 -0.43281 -7.57790e-01 | 56  0.90296 -1.43521e+01 | 57  0.05712  1.19512e+02
 58  0.00562  6.64273e-05 | 59 -0.00007 -4.93037e-07 | 60  0.23706  4.52382e+01
 61 -0.14974  8.27377e-03 | 62  0.38164 -6.82002e+01 | 63  0.25135  2.31051e+01
 64 -0.67141 -1.66337e+00 | 65  0.01610  6.55272e+01 | 66 -0.63049  6.34904e-01
 67  0.21981  2.76777e+00 | 68  0.14008 -3.02709e+01 | 69 -0.55362 -8.68737e-02
 70 -0.04349  2.63071e+01 | 71 -0.06369 -2.17583e+00 | 72 -0.51347  2.04729e+00
 73 -0.03785 -1.88127e+00 |
73 variables; iteration 40; function evaluation 45; phase 3
Function value 1.6635097e+03; maximum gradient component mag 4.0556e+02
Var    Value     Gradient |Var    Value     Gradient |Var    Value     Gradient
  1  0.01214  4.05561e+02 |  2  0.02169  6.68576e+00 |  3  0.03099  8.64741e+00
  4  0.10642  1.70511e+01 |  5  0.09165  1.29423e+01 |  6  0.11431  1.87584e+01
  7  0.08918  1.50742e+01 |  8 -0.01359  8.27306e+00 |  9 -0.01134  1.04689e+01
 10  0.18972  4.16687e+01 | 11 -0.01397  1.69862e+01 | 12  0.15937  3.42291e+01
 13 -0.12900  8.45444e+00 | 14 -0.08575  9.33112e+00 | 15 -0.02344  6.89754e+00
 16  0.10294 -1.98089e+00 | 17 -0.07965  2.73254e+00 | 18 -0.14297  3.80500e+00
 19 -0.28863  1.27059e+00 | 20 -0.09561  2.55836e+00 | 21  0.25805 -4.35912e+01
 22 -0.12925  3.19603e+00 | 23  0.05745  8.85541e+00 | 24  0.02670  5.30506e+00
 25  0.09993  2.48611e+01 | 26  0.09432  9.91550e+00 | 27 -0.00761  3.05118e+00
 28  0.03895  9.66142e+00 | 29 -0.02261 -4.48089e+00 | 30  0.10792 -8.22344e+00
 31 -0.06329 -8.17016e+00 | 32 -0.07690 -7.35785e+00 | 33 -0.07113 -2.70131e+00
 34 -0.12863 -7.12000e+00 | 35  0.10505 -8.74396e+00 | 36  0.35289 -2.59238e+01
 37 -0.15403 -2.53253e+00 | 38 -0.00917 -1.14651e+00 | 39 -0.03914 -1.45288e+00
 40  0.02272  1.03040e+00 | 41 -0.18459 -6.72965e+00 | 42 -0.24427 -6.19647e+00
 43 -0.22315 -7.13529e+00 | 44 -0.06587 -1.36109e+00 | 45 -0.08924 -8.31865e+00
 46  0.16342  1.31452e+00 | 47  0.11358 -6.34417e+00 | 48 -0.08161 -8.40790e+00
 49 -0.05093 -8.15544e+00 | 50  0.06631 -9.78126e+00 | 51  0.12209 -5.38138e+00
 52  0.14629  1.51090e+02 | 53 -0.36777 -7.06919e+01 | 54  0.37406  4.23527e+00
 55 -0.43200 -1.86739e+00 | 56  0.93001 -9.20237e+00 | 57  0.05818  1.27646e+02
 58  0.00562  6.98024e-05 | 59 -0.00007 -3.66489e-07 | 60  0.23206  2.17973e+01
 61 -0.15007  3.42590e-03 | 62  0.38019 -5.82064e+01 | 63  0.24963  1.01250e+01
 64 -0.66030 -1.16820e+00 | 65  0.01584  5.47948e+01 | 66 -0.41195 -2.29970e+00
 67 -0.23851 -3.05491e+00 | 68  0.14115 -9.53953e+00 | 69 -0.55482  4.53365e-02
 70 -0.04302  1.25034e+01 | 71 -0.03511  2.25563e+00 | 72 -0.51094  3.41405e+00
 73 -0.04923  1.81821e+00 |
73 variables; iteration 60; function evaluation 69; phase 3
Function value 1.6616042e+03; maximum gradient component mag 2.8516e+02
Var    Value     Gradient |Var    Value     Gradient |Var    Value     Gradient
  1  0.01142  2.85157e+02 |  2  0.02382  2.02145e+00 |  3  0.02771  2.80083e+00
  4  0.10010  7.07936e+00 |  5  0.09339  5.59327e+00 |  6  0.12244  1.16527e+01
  7  0.09031  7.94548e+00 |  8 -0.02344  2.68261e+00 |  9 -0.01409  5.44416e+00
 10  0.19217  2.32171e+01 | 11 -0.02752  1.03985e+01 | 12  0.16358  2.17812e+01
 13 -0.14679  7.88995e-01 | 14 -0.09107 -5.56677e-01 | 15 -0.02497  1.13938e+00
 16  0.10555  1.19368e+01 | 17 -0.08304  7.95502e-01 | 18 -0.14285 -1.50651e+00
 19 -0.29748 -3.15064e+00 | 20 -0.10564 -4.80823e+00 | 21  0.26111  4.17156e+01
 22 -0.13836 -3.20530e-01 | 23  0.05648  2.75387e+00 | 24  0.02846  2.35210e-01
 25  0.09227 -5.02418e+00 | 26  0.09345 -5.60716e+00 | 27 -0.00979 -3.26938e+00
 28  0.03257 -4.91152e+00 | 29 -0.02191 -3.89988e+00 | 30  0.10770 -2.15609e+00
 31 -0.06402 -6.02353e+00 | 32 -0.06735 -3.08268e+00 | 33 -0.08295 -7.65974e+00
 34 -0.12338 -6.06013e+00 | 35  0.10683 -3.08518e+00 | 36  0.35623  5.51335e+00
 37 -0.17024 -6.07426e+00 | 38 -0.00956 -5.60106e+00 | 39 -0.03894 -7.38175e+00
 40  0.02425 -3.92340e+00 | 41 -0.17798 -4.56296e+00 | 42 -0.23304 -2.52109e+00
 43 -0.21666 -5.90832e+00 | 44 -0.06415 -6.61524e+00 | 45 -0.08355 -9.18828e+00
 46  0.16799 -9.34786e+00 | 47  0.12076 -8.57564e+00 | 48 -0.06785 -5.28318e+00
 49 -0.03513 -5.21706e+00 | 50  0.08810 -4.53471e+00 | 51  0.11438 -6.62543e+00
 52  0.14348  2.11672e+01 | 53 -0.36547 -7.07216e+00 | 54  0.37052  1.47107e+00
 55 -0.43425 -9.53621e-01 | 56  0.93801 -4.61730e+00 | 57  0.05515  4.73924e+01
 58  0.00561  3.94558e-05 | 59 -0.00007 -3.46187e-07 | 60  0.23492  8.23821e+00
 61 -0.15091  9.27708e-04 | 62  0.38115 -2.13624e+01 | 63  0.24748  2.61829e+00
 64 -0.60343  9.59965e-01 | 65  0.01613  1.58077e+01 | 66 -0.28860  1.20069e+00
 67 -0.19858 -1.27543e-01 | 68  0.14595  1.67843e+01 | 69 -0.56165  9.98524e-02
 70 -0.04101 -2.11363e+01 | 71 -0.04059  3.49184e+00 | 72 -0.51640  1.83904e+00
 73 -0.05147  2.26774e+00 |
Maximum number of function evaluations exceeded

 - final statistics:
73 variables; iteration 77; function evaluation 100
Function value 1.6607e+03; maximum gradient component mag -1.3569e+02
Exit code = 3;  converg criter 1.0000e+00
Var    Value     Gradient |Var    Value     Gradient |Var    Value     Gradient
  1  0.00919 -1.35686e+02 |  2  0.03095 -2.19622e+00 |  3  0.02407 -1.94229e+00
  4  0.10626 -5.66780e+00 |  5  0.11138 -6.86604e+00 |  6  0.10594 -5.81583e+00
  7  0.10505 -7.16878e+00 |  8 -0.02569 -2.05399e-01 |  9 -0.04262 -1.83359e-01
 10  0.20255 -1.79090e+01 | 11 -0.08038  5.31943e-01 | 12  0.17041 -1.50329e+01
 13 -0.16766  1.55261e-01 | 14 -0.08862 -3.20119e-01 | 15 -0.02359 -6.65399e-01
 16  0.10680 -5.73477e+00 | 17 -0.08424  6.39197e-01 | 18 -0.14078  1.91861e+00
 19 -0.30041  1.65624e+00 | 20 -0.10115  2.61790e+00 | 21  0.26188  6.69898e+00
 22 -0.14217  1.92048e+00 | 23  0.05781  1.97776e+00 | 24  0.02777  1.73672e+00
 25  0.09435  1.85586e+00 | 26  0.09463  1.82711e+00 | 27 -0.01062  1.50280e+00
 28  0.03376  1.57292e+00 | 29 -0.02188  1.69538e+00 | 30  0.10738  1.60101e+00
 31 -0.05990  2.35494e+00 | 32 -0.07357  1.53397e+00 | 33 -0.07626  1.97426e+00
 34 -0.12335  1.07164e+00 | 35  0.10619  1.83343e+00 | 36  0.35590  5.86590e-01
 37 -0.16328  1.51775e+00 | 38 -0.00899  1.93277e+00 | 39 -0.03590  2.22780e+00
 40  0.02326  1.49608e+00 | 41 -0.17594  2.30607e+00 | 42 -0.23846  1.40745e+00
 43 -0.21209  2.32260e+00 | 44 -0.06361  2.19415e+00 | 45 -0.07885  2.41562e+00
 46  0.16933  2.07526e+00 | 47  0.12282  2.25768e+00 | 48 -0.06540  2.66163e+00
 49 -0.03331  2.13583e+00 | 50  0.08907  2.18563e+00 | 51  0.13906  2.26536e+00
 52  0.14382  6.43892e+00 | 53 -0.36476  6.14173e-01 | 54  0.37011  7.77125e-01
 55 -0.43466 -6.86328e-01 | 56  0.99398 -2.36103e-01 | 57  0.05396  4.19438e+01
 58  0.00549  2.49380e-05 | 59 -0.00006 -3.14076e-07 | 60  0.23485  1.11268e+00
 61 -0.15617  6.62764e-04 | 62  0.38143 -1.55953e-01 | 63  0.24736  6.27330e-01
 64 -0.63120 -3.99108e-02 | 65  0.01615 -8.92031e-01 | 66 -0.31147 -3.63019e-01
 67 -0.15464 -2.63294e-03 | 68  0.15080 -1.33588e+00 | 69 -0.58557 -3.37552e-03
 70 -0.03874  3.48351e-01 | 71 -0.08740 -9.59249e-03 | 72 -0.52814 -5.37528e-01
 73 -0.02431  4.30018e-01 |

Initial statistics: 86 variables; iteration 0; function evaluation 0; phase 4
Function value 1.6607075e+03; maximum gradient component mag -1.3569e+02
Var    Value     Gradient |Var    Value     Gradient |Var    Value     Gradient
  1  0.24373 -4.33850e+00 |  2  0.55867 -8.29482e-01 |  3  0.46706 -1.19023e-01
  4  0.32026 -5.32246e-01 |  5  0.45550 -1.82615e-01 |  6  0.00919 -1.35686e+02
  7  0.03095 -2.21320e+00 |  8  0.02407 -1.95928e+00 |  9  0.10626 -5.68456e+00
 10  0.11138 -6.88279e+00 | 11  0.10594 -5.83260e+00 | 12  0.10505 -7.18556e+00
 13 -0.02569 -2.22387e-01 | 14 -0.04262 -2.00323e-01 | 15  0.20255 -1.79251e+01
 16 -0.08039  5.15077e-01 | 17  0.17041 -1.50493e+01 | 18 -0.16766  1.38845e-01
 19 -0.08862 -3.36956e-01 | 20 -0.02359 -6.82390e-01 | 21  0.10680 -5.75153e+00
 22 -0.08424  6.22344e-01 | 23 -0.14078  1.90202e+00 | 24 -0.30041  1.64110e+00
 25 -0.10115  2.60111e+00 | 26  0.26188  6.68340e+00 | 27 -0.14217  1.90390e+00
 28  0.05781  1.96083e+00 | 29  0.02777  1.71974e+00 | 30  0.09435  1.83905e+00
 31  0.09463  1.81030e+00 | 32 -0.01062  1.48580e+00 | 33  0.03376  1.55594e+00
 34 -0.02189  1.67839e+00 | 35  0.10738  1.58425e+00 | 36 -0.05990  2.33802e+00
 37 -0.07357  1.51708e+00 | 38 -0.07626  1.95738e+00 | 39 -0.12336  1.05496e+00
 40  0.10619  1.81667e+00 | 41  0.35590  5.72177e-01 | 42 -0.16328  1.50131e+00
 43 -0.00899  1.91577e+00 | 44 -0.03590  2.21082e+00 | 45  0.02326  1.47909e+00
 46 -0.17595  2.28971e+00 | 47 -0.23846  1.39163e+00 | 48 -0.21209  2.30654e+00
 49 -0.06361  2.17724e+00 | 50 -0.07885  2.39875e+00 | 51  0.16933  2.05885e+00
 52  0.12282  2.24100e+00 | 53 -0.06540  2.64472e+00 | 54 -0.03331  2.11885e+00
 55  0.08907  2.16879e+00 | 56  0.13906  2.24877e+00 | 57  0.14382  6.43892e+00
 58 -0.36476  6.14173e-01 | 59  0.37011  7.77125e-01 | 60 -0.43466 -6.86328e-01
 61  0.99398 -2.36103e-01 | 62 -0.75822 -2.52686e-03 | 63  0.05396  4.19438e+01
 64  0.09088  1.01385e-04 | 65  0.00549  2.49380e-05 | 66 -0.00006 -3.14076e-07
 67  0.23485  1.11268e+00 | 68 -0.15617  6.62764e-04 | 69  0.38143 -1.55953e-01
 70  0.24736  6.27330e-01 | 71 -0.63120 -3.99108e-02 | 72  0.01615 -8.92031e-01
 73 -0.31147 -3.63019e-01 | 74 -0.15464 -2.63294e-03 | 75  0.15080 -1.33588e+00
 76 -0.58557 -3.37552e-03 | 77 -0.03874  3.48351e-01 | 78 -0.08740 -9.59249e-03
 79 -0.52814 -5.37528e-01 | 80 -0.02431  4.30018e-01 | 81 -0.02166  1.27464e+01
 82  0.12809 -1.27456e-03 | 83 -0.20557 -4.17032e-01 | 84  0.08976  1.02777e+00
 85 -0.17221  1.60505e-01 | 86  0.15898 -5.18948e-01 |

Intermediate statistics: 86 variables; iteration 20; function evaluation 21; phase 4
Function value 1.6606343e+03; maximum gradient component mag 6.3239e+01
Var    Value     Gradient |Var    Value     Gradient |Var    Value     Gradient
  1  0.24593 -3.87587e-01 |  2  0.55870 -7.97748e-01 |  3  0.46763 -4.05213e-01
  4  0.31973 -1.72803e-01 |  5  0.45575  8.04349e-01 |  6  0.00924 -1.99183e+01
  7  0.03227 -1.17545e+00 |  8  0.02296 -1.06970e+00 |  9  0.10247 -1.10710e+00
 10  0.12016 -1.39231e+00 | 11  0.09614 -6.57110e-01 | 12  0.11456 -1.39248e+00
 13 -0.03584 -1.12272e+00 | 14 -0.04968 -1.35241e+00 | 15  0.20414 -5.52736e+00
 16 -0.08802 -1.33664e+00 | 17  0.17078 -3.73104e+00 | 18 -0.16430 -9.44354e-01
 19 -0.08953 -1.45646e+00 | 20 -0.02392 -7.83616e-01 | 21  0.10703  7.60894e-01
 22 -0.08467 -1.49929e+00 | 23 -0.14249 -1.93769e+00 | 24 -0.29958 -8.53352e-01
 25 -0.10193 -1.21385e+00 | 26  0.26158 -2.31657e+00 | 27 -0.14185 -7.48726e-01
 28  0.05722 -1.69413e+00 | 29  0.02780 -1.69516e+00 | 30  0.09353 -4.37810e+00
 31  0.09452 -2.56903e+00 | 32 -0.00969  1.26820e-01 | 33  0.03427  8.92533e-01
 34 -0.02131  2.00647e-01 | 35  0.10835  2.13485e+00 | 36 -0.05970  7.76781e-02
 37 -0.07192 -3.91297e-01 | 38 -0.07600 -5.60679e-01 | 39 -0.12096 -9.16364e-01
 40  0.10653 -4.00307e-01 | 41  0.35677  1.90034e+00 | 42 -0.16022 -6.02515e-01
 43 -0.00851 -8.04818e-01 | 44 -0.03572 -1.21298e+00 | 45  0.02423 -1.82045e+00
 46 -0.17572 -9.22461e-01 | 47 -0.23683 -1.15948e+00 | 48 -0.21178 -7.76156e-01
 49 -0.06222 -3.96813e-01 | 50 -0.07842 -8.69125e-01 | 51  0.17029 -4.12674e-01
 52  0.12343 -1.78994e+00 | 53 -0.06564 -1.21628e+00 | 54 -0.03282 -1.19896e+00
 55  0.08980 -8.11945e-01 | 56  0.13678 -7.26012e-01 | 57  0.14274 -2.09569e+00
 58 -0.36583  1.42865e+00 | 59  0.37019  5.24325e-01 | 60 -0.43446 -4.85458e-01
 61  0.99539  1.02085e+00 | 62 -0.75794 -4.06516e-02 | 63  0.05242 -4.07212e+00
 64  0.09088  1.00105e-03 | 65  0.00549  5.13193e-06 | 66 -0.00006 -3.12396e-07
 67  0.23321  2.94606e+00 | 68 -0.15617  8.43665e-04 | 69  0.38114 -1.09471e+00
 70  0.24675  2.76476e+00 | 71 -0.63121 -1.88968e-01 | 72  0.01709  6.32386e+01
 73 -0.30923 -9.71963e-02 | 74 -0.15691  1.04378e-01 | 75  0.15065 -7.17662e+00
 76 -0.58554 -9.14137e-04 | 77 -0.03867  1.72760e+01 | 78 -0.08560  1.61562e-02
 79 -0.52693  4.51700e-01 | 80 -0.02718  3.05121e-01 | 81 -0.02145  2.43440e+01
 82  0.12809 -1.63340e-03 | 83 -0.20549 -1.01685e+00 | 84  0.09111  2.47827e+00
 85 -0.17209  7.32962e-01 | 86  0.16609 -6.79936e+00 |
86 variables; iteration 40; function evaluation 41; phase 4
Function value 1.6606235e+03; maximum gradient component mag 5.9991e+01
Var    Value     Gradient |Var    Value     Gradient |Var    Value     Gradient
  1  0.24579  9.95973e-01 |  2  0.55876 -1.72599e-01 |  3  0.46705 -2.80069e-01
  4  0.31979 -1.38900e-02 |  5  0.45584  8.44168e-01 |  6  0.00935  2.96642e+01
  7  0.03395 -5.12567e-02 |  8  0.02392 -9.20749e-02 |  9  0.09955  8.29353e-01
 10  0.12488  1.13087e+00 | 11  0.08865  9.17150e-01 | 12  0.11738  1.43681e+00
 13 -0.03587 -4.95568e-01 | 14 -0.04917 -7.30328e-01 | 15  0.20401  1.21939e+00
 16 -0.08694 -1.02817e+00 | 17  0.17066  4.21708e-01 | 18 -0.16557 -1.26411e+00
 19 -0.08823 -1.04709e+00 | 20 -0.02453 -1.02561e+00 | 21  0.10689  1.85370e+00
 22 -0.08397 -6.93065e-01 | 23 -0.14226 -1.49089e+00 | 24 -0.30004 -1.33666e+00
 25 -0.10210 -1.66963e+00 | 26  0.26154  4.20287e-01 | 27 -0.14220 -1.30036e+00
 28  0.05718 -1.95038e+00 | 29  0.02758 -2.08338e+00 | 30  0.09373 -3.76380e+00
 31  0.09444 -2.50986e+00 | 32 -0.00992 -4.59416e-01 | 33  0.03442  6.90485e-01
 34 -0.02151 -7.41203e-01 | 35  0.10786 -4.04022e-01 | 36 -0.06000 -8.75812e-01
 37 -0.07186 -9.78963e-01 | 38 -0.07595 -9.89160e-01 | 39 -0.12079 -1.31252e+00
 40  0.10644 -8.98729e-01 | 41  0.35654  8.61303e-01 | 42 -0.16144 -1.34809e+00
 43 -0.00842 -1.15001e+00 | 44 -0.03555 -1.56666e+00 | 45  0.02407 -2.66197e+00
 46 -0.17577 -1.52349e+00 | 47 -0.23709 -1.79047e+00 | 48 -0.21179 -1.32220e+00
 49 -0.06232 -1.07917e+00 | 50 -0.07796 -1.01290e+00 | 51  0.17027 -1.76321e+00
 52  0.12359 -2.39985e+00 | 53 -0.06509 -1.46601e+00 | 54 -0.03224 -1.49654e+00
 55  0.09060 -1.27581e+00 | 56  0.13707 -1.23673e+00 | 57  0.14266  6.37497e-01
 58 -0.36590  4.11506e-01 | 59  0.36992  3.94332e-02 | 60 -0.43432 -1.02516e-01
 61  0.99529 -1.27508e+00 | 62 -0.76088  4.63981e-02 | 63  0.05250 -5.60585e+00
 64  0.09092 -1.13625e-03 | 65  0.00549  5.22895e-06 | 66 -0.00006 -3.10769e-07
 67  0.23379  3.25705e+00 | 68 -0.15623  6.68041e-04 | 69  0.38128 -2.40437e+00
 70  0.24520  2.44282e+00 | 71 -0.63104 -1.81142e-01 | 72  0.01755  5.99909e+01
 73 -0.29734  1.17389e-01 | 74 -0.17147 -1.20363e-01 | 75  0.14983 -3.40390e+00
 76 -0.58571  8.78448e-03 | 77 -0.03906  9.19480e+00 | 78 -0.07727  2.92523e-01
 79 -0.52607  2.83324e-01 | 80 -0.03267  2.04855e-01 | 81 -0.02160  2.07149e+01
 82  0.12813 -1.15105e-03 | 83 -0.20715 -9.49446e-01 | 84  0.09302  2.06896e+00
 85 -0.17218  7.01864e-01 | 86  0.17105 -6.25790e+00 |
86 variables; iteration 60; function evaluation 62; phase 4
Function value 1.6606060e+03; maximum gradient component mag 2.2517e+01
Var    Value     Gradient |Var    Value     Gradient |Var    Value     Gradient
  1  0.24479 -4.19537e-02 |  2  0.55893  4.57671e-01 |  3  0.46724  1.87156e-01
  4  0.32074  5.16418e-01 |  5  0.45600  4.20590e-01 |  6  0.00935  5.53664e+00
  7  0.03440  3.68044e-01 |  8  0.02405  3.02132e-01 |  9  0.09905  2.64896e-01
 10  0.12442 -2.60803e-02 | 11  0.09001  2.13292e-01 | 12  0.11572 -3.88336e-02
 13 -0.03478  1.91782e-01 | 14 -0.04905  1.74467e-01 | 15  0.20424  1.08476e+00
 16 -0.08663  2.50240e-01 | 17  0.17075  9.12524e-01 | 18 -0.16530 -7.53510e-03
 19 -0.08848  1.31346e-01 | 20 -0.02403  1.60060e-01 | 21  0.10674 -7.49746e-02
 22 -0.08416 -2.76698e-02 | 23 -0.14180  1.43314e-01 | 24 -0.29906  2.54046e-01
 25 -0.10153  4.74913e-01 | 26  0.26156  1.94556e+00 | 27 -0.14177  1.69464e-01
 28  0.05757  4.00553e-01 | 29  0.02735 -2.78484e-02 | 30  0.09451  1.21189e+00
 31  0.09454  4.00090e-01 | 32 -0.01002  2.61175e-01 | 33  0.03369 -4.02940e-01
 34 -0.02151  6.23557e-03 | 35  0.10782  4.16548e-02 | 36 -0.06079 -3.73332e-01
 37 -0.07210 -1.34092e-01 | 38 -0.07628  1.20706e-01 | 39 -0.12028  2.07897e-01
 40  0.10634  3.30912e-01 | 41  0.35646  7.45105e-01 | 42 -0.15992  2.26323e-01
 43 -0.00860  7.84671e-02 | 44 -0.03560  5.76428e-02 | 45  0.02424 -1.74143e-01
 46 -0.17626 -1.56973e-01 | 47 -0.23627 -2.73191e-02 | 48 -0.21257 -2.54175e-01
 49 -0.06289 -3.90744e-01 | 50 -0.07822  1.48415e-01 | 51  0.17016 -6.74479e-02
 52  0.12362  2.37505e-02 | 53 -0.06534  1.89616e-02 | 54 -0.03264 -6.73917e-02
 55  0.09012  2.44836e-01 | 56  0.13750  1.35912e-01 | 57  0.14261  5.56242e-02
 58 -0.36615 -2.21911e-01 | 59  0.37009  1.54400e-03 | 60 -0.43404  7.60533e-02
 61  0.99479 -3.02358e-01 | 62 -0.77254  4.74604e-03 | 63  0.05267  5.97159e-01
 64  0.09105 -1.46147e-04 | 65  0.00548  7.51253e-06 | 66 -0.00006 -3.09603e-07
 67  0.23459  1.12612e-01 | 68 -0.15652 -1.27164e-06 | 69  0.38150  7.00379e-03
 70  0.24315 -2.65830e-01 | 71 -0.63097 -3.83189e-02 | 72  0.01872  2.25165e+01
 73 -0.30609 -4.87840e-02 | 74 -0.16018  6.37590e-02 | 75  0.15015  2.39012e+00
 76 -0.58829  5.75774e-03 | 77 -0.03907 -5.26669e+00 | 78 -0.08076  1.28749e-01
 79 -0.52621 -1.98233e-01 | 80 -0.03116  6.05482e-02 | 81 -0.02175  9.48142e-01
 82  0.12830  3.57031e-04 | 83 -0.20655 -1.82197e-01 | 84  0.09446 -1.08120e-01
 85 -0.17207  1.54597e-01 | 86  0.18491 -2.43343e+00 |
86 variables; iteration 80; function evaluation 85; phase 4
Function value 1.6605968e+03; maximum gradient component mag 2.1860e+01
Var    Value     Gradient |Var    Value     Gradient |Var    Value     Gradient
  1  0.24744  2.84912e-01 |  2  0.55882  6.62447e-03 |  3  0.46698  4.21099e-02
  4  0.31939 -2.90935e-01 |  5  0.45560  7.83259e-02 |  6  0.00928  4.84410e+00
  7  0.03110 -1.22351e-01 |  8  0.02193 -3.66759e-02 |  9  0.09876  2.23365e-01
 10  0.12865  2.66909e-01 | 11  0.08466  2.68603e-01 | 12  0.11856  4.80440e-01
 13 -0.03627  4.43588e-02 | 14 -0.04954  1.20033e-02 | 15  0.20433  6.25115e-01
 16 -0.08545  1.82649e-01 | 17  0.17066  3.97384e-01 | 18 -0.16397  6.67002e-02
 19 -0.08838  1.27100e-01 | 20 -0.02388  1.91583e-01 | 21  0.10676  3.76189e-01
 22 -0.08393  1.43411e-01 | 23 -0.14164  8.49634e-02 | 24 -0.29988 -1.45922e-01
 25 -0.10177 -2.08331e-01 | 26  0.26163 -1.05095e-01 | 27 -0.14205 -1.68548e-01
 28  0.05750  1.98164e-01 | 29  0.02815  5.61599e-01 | 30  0.09428  1.20930e-01
 31  0.09499  3.65806e-01 | 32 -0.01015 -1.94804e-01 | 33  0.03420  1.82012e-02
 34 -0.02141 -1.31335e-01 | 35  0.10808  1.05389e-01 | 36 -0.05975  2.20162e-01
 37 -0.07155  1.13320e-01 | 38 -0.07620 -6.13509e-02 | 39 -0.12026 -6.76689e-02
 40  0.10650 -6.21412e-02 | 41  0.35680  5.64791e-01 | 42 -0.16064 -8.73785e-02
 43 -0.00834 -3.86343e-02 | 44 -0.03542 -1.38144e-01 | 45  0.02442 -3.42376e-01
 46 -0.17562 -2.12866e-02 | 47 -0.23584  1.43708e-02 | 48 -0.21183 -6.84644e-02
 49 -0.06252 -2.63663e-01 | 50 -0.07826 -2.71095e-01 | 51  0.17039 -1.99215e-01
 52  0.12381 -5.90962e-02 | 53 -0.06515 -5.94800e-02 | 54 -0.03235 -2.19208e-02
 55  0.08993 -2.73099e-01 | 56  0.13480 -2.81899e-01 | 57  0.14262  1.63155e-01
 58 -0.36604 -4.97652e-02 | 59  0.36980 -8.78264e-03 | 60 -0.43441 -6.99612e-02
 61  0.99550 -2.31295e-01 | 62 -0.75299  9.50499e-03 | 63  0.05269  3.17520e-01
 64  0.09061 -1.95806e-04 | 65  0.00544  7.75212e-06 | 66 -0.00006 -3.02189e-07
 67  0.23531  4.77983e-01 | 68 -0.15757  1.77316e-04 | 69  0.38165 -1.39782e-01
 70  0.23969 -1.92634e-02 | 71 -0.63364 -3.81670e-02 | 72  0.02052  2.18601e+01
 73 -0.30450 -8.55341e-02 | 74 -0.16605 -9.38881e-02 | 75  0.15001 -6.32263e-01
 76 -0.59662  3.07104e-04 | 77 -0.03909  1.17228e+00 | 78 -0.08187 -1.53977e-02
 79 -0.52656 -1.21207e-03 | 80 -0.03028  1.84031e-02 | 81 -0.02177  1.55741e+00
 82  0.12895 -8.09088e-05 | 83 -0.20455 -6.68579e-02 | 84  0.09845  1.64246e-01
 85 -0.17249  9.86518e-02 | 86  0.20651 -2.05060e+00 |
86 variables; iteration 100; function evaluation 108; phase 4
Function value 1.6605740e+03; maximum gradient component mag 3.2702e+01
Var    Value     Gradient |Var    Value     Gradient |Var    Value     Gradient
  1  0.24610  4.01845e-01 |  2  0.55888  1.51147e-01 |  3  0.46716  5.79010e-02
  4  0.32011  5.50793e-02 |  5  0.45584  1.87307e-01 |  6  0.00931  1.30728e+01
  7  0.03323  2.12263e-01 |  8  0.02252  1.52698e-01 |  9  0.09819  5.15366e-01
 10  0.12728  5.91359e-01 | 11  0.08751  5.63698e-01 | 12  0.11694  6.47972e-01
 13 -0.03531  1.12597e-01 | 14 -0.04944  1.86896e-02 | 15  0.20435  1.55341e+00
 16 -0.08675 -4.18924e-03 | 17  0.17075  1.00461e+00 | 18 -0.16436 -9.61019e-02
 19 -0.08863 -7.20371e-02 | 20 -0.02388  8.43796e-02 | 21  0.10675  3.83164e-01
 22 -0.08393 -3.18205e-02 | 23 -0.14181 -1.23057e-01 | 24 -0.29954 -1.67980e-01
 25 -0.10169 -1.29829e-01 | 26  0.26159  8.67466e-01 | 27 -0.14179 -1.44275e-01
 28  0.05749 -4.41103e-03 | 29  0.02775 -3.09210e-02 | 30  0.09430  3.01747e-02
 31  0.09476 -2.86132e-02 | 32 -0.01009 -1.51038e-01 | 33  0.03400 -1.69466e-01
 34 -0.02137 -1.61797e-01 | 35  0.10791 -1.19279e-01 | 36 -0.06012 -1.83029e-01
 37 -0.07186 -2.01852e-01 | 38 -0.07622 -1.85115e-01 | 39 -0.12041 -2.02412e-01
 40  0.10639 -1.29335e-01 | 41  0.35660  3.38891e-01 | 42 -0.16051 -1.81797e-01
 43 -0.00848 -2.06927e-01 | 44 -0.03554 -2.75406e-01 | 45  0.02433 -4.47588e-01
 46 -0.17595 -2.92204e-01 | 47 -0.23621 -2.49152e-01 | 48 -0.21205 -2.60014e-01
 49 -0.06265 -3.90961e-01 | 50 -0.07825 -2.76519e-01 | 51  0.17030 -3.52995e-01
 52  0.12371 -3.27394e-01 | 53 -0.06521 -2.33046e-01 | 54 -0.03243 -2.57130e-01
 55  0.09015 -2.38727e-01 | 56  0.13639 -2.57361e-01 | 57  0.14266  6.73791e-01
 58 -0.36604 -2.31222e-01 | 59  0.36995 -1.18124e-02 | 60 -0.43424 -7.66880e-03
 61  0.99608 -1.84027e-01 | 62 -0.74078  1.45157e-02 | 63  0.05266 -4.44441e-01
 64  0.08815 -2.86050e-04 | 65  0.00448  3.32581e-06 | 66 -0.00002 -1.09247e-07
 67  0.23526  3.82944e-01 | 68 -0.17216 -2.28582e-04 | 69  0.38164 -4.72566e-01
 70  0.23426  1.52198e-01 | 71 -0.63381 -3.70663e-02 | 72  0.02604  3.27023e+01
 73 -0.30358  7.98118e-04 | 74 -0.16434 -6.90730e-03 | 75  0.15025  6.47664e-01
 76 -0.64662 -6.63733e-04 | 77 -0.03900 -1.04381e+00 | 78 -0.08100  6.26447e-02
 79 -0.52645 -3.50536e-02 | 80 -0.03057  8.81306e-02 | 81 -0.02185  1.26521e+00
 82  0.13299  3.10769e-04 | 83 -0.20670 -1.30294e-01 | 84  0.10530  6.72494e-02
 85 -0.17290  8.81395e-02 | 86  0.30241 -1.49929e+00 |
86 variables; iteration 120; function evaluation 130; phase 4
Function value 1.6605645e+03; maximum gradient component mag 3.2334e+01
Var    Value     Gradient |Var    Value     Gradient |Var    Value     Gradient
  1  0.24594  2.22190e-02 |  2  0.55890  6.01001e-02 |  3  0.46715  1.76399e-02
  4  0.32017  2.97458e-02 |  5  0.45586  1.23715e-01 |  6  0.00927  8.53264e-01
  7  0.03329  7.44639e-03 |  8  0.02279 -8.72719e-03 |  9  0.09633  2.97085e-03
 10  0.13021  2.73847e-02 | 11  0.08431 -3.83759e-03 | 12  0.11793  2.09440e-02
 13 -0.03574 -1.03355e-02 | 14 -0.04922 -2.05950e-02 | 15  0.20435  4.04276e-02
 16 -0.08683 -1.67748e-02 | 17  0.17081  4.81711e-02 | 18 -0.16446 -1.86643e-02
 19 -0.08852 -1.96240e-02 | 20 -0.02393 -2.30384e-04 | 21  0.10680  3.50578e-02
 22 -0.08397 -6.70475e-03 | 23 -0.14175 -1.89667e-02 | 24 -0.29950 -1.62755e-02
 25 -0.10167  8.24698e-03 | 26  0.26161  3.74330e-01 | 27 -0.14176 -5.71666e-03
 28  0.05752  8.86589e-03 | 29  0.02774 -1.16566e-02 | 30  0.09431  3.38379e-02
 31  0.09476  1.93031e-02 | 32 -0.01009  4.33056e-03 | 33  0.03401  4.89106e-03
 34 -0.02138  3.28644e-03 | 35  0.10790  2.61140e-02 | 36 -0.06015 -2.15665e-02
 37 -0.07185 -2.10181e-02 | 38 -0.07624 -1.04981e-02 | 39 -0.12038 -1.60252e-02
 40  0.10638  2.25091e-02 | 41  0.35660  2.39829e-01 | 42 -0.16051 -1.49868e-02
 43 -0.00847 -2.51423e-02 | 44 -0.03553 -5.76804e-02 | 45  0.02433 -1.35364e-01
 46 -0.17593 -7.30597e-02 | 47 -0.23623 -6.30931e-02 | 48 -0.21206 -6.58019e-02
 49 -0.06263 -1.07041e-01 | 50 -0.07822 -4.53509e-02 | 51  0.17032 -7.40957e-02
 52  0.12374 -8.89308e-02 | 53 -0.06519 -4.83635e-02 | 54 -0.03238 -5.41549e-02
 55  0.09021 -2.94548e-02 | 56  0.13704 -2.23927e-02 | 57  0.14267  1.15431e-03
 58 -0.36602 -9.66630e-03 | 59  0.37000 -9.61888e-04 | 60 -0.43418  8.72742e-04
 61  0.99498  2.78574e-01 | 62 -0.76721 -1.28937e-02 | 63  0.05264  1.06749e-01
 64  0.08441  2.94139e-04 | 65  0.00186 -7.46790e-06 | 66  0.00007  3.63288e-07
 67  0.23564  1.28121e-01 | 68 -0.16053  2.07847e-04 | 69  0.38171 -5.12186e-02
 70  0.23039  6.86740e-02 | 71 -0.63162 -1.87174e-02 | 72  0.02901  3.23336e+01
 73 -0.30342 -3.51606e-03 | 74 -0.16389 -1.27275e-03 | 75  0.15027  2.08213e-01
 76 -0.64522 -1.10052e-03 | 77 -0.03899 -3.23976e-01 | 78 -0.08073  2.25327e-02
 79 -0.52640 -6.33266e-03 | 80 -0.03074  1.99931e-02 | 81 -0.02189  9.34619e-01
 82  0.11696 -4.03299e-04 | 83 -0.20639 -7.83489e-02 | 84  0.11006  5.85115e-02
 85 -0.17219  6.77694e-02 | 86  0.39696 -8.04860e-01 |
86 variables; iteration 140; function evaluation 152; phase 4
Function value 1.6605611e+03; maximum gradient component mag 1.6514e+01
Var    Value     Gradient |Var    Value     Gradient |Var    Value     Gradient
  1  0.24587  3.27012e-02 |  2  0.55889 -1.99108e-02 |  3  0.46712 -6.36742e-03
  4  0.32013  8.04333e-03 |  5  0.45585  3.93748e-02 |  6  0.00927  1.26728e+00
  7  0.03302  1.26684e-02 |  8  0.02285  1.87630e-02 |  9  0.09652  4.93032e-02
 10  0.12996  7.58505e-02 | 11  0.08454  4.52956e-02 | 12  0.11787  7.21555e-02
 13 -0.03580  3.34680e-03 | 14 -0.04913  8.62579e-03 | 15  0.20435  1.62464e-01
 16 -0.08684 -2.58299e-03 | 17  0.17081  1.36666e-01 | 18 -0.16447 -9.21856e-03
 19 -0.08850  8.98518e-04 | 20 -0.02395  1.52088e-03 | 21  0.10681  4.90408e-02
 22 -0.08399 -1.24002e-02 | 23 -0.14173 -1.55971e-02 | 24 -0.29951 -2.00693e-02
 25 -0.10168 -2.75398e-02 | 26  0.26161 -5.82125e-02 | 27 -0.14178 -2.12949e-02
 28  0.05752 -3.61979e-04 | 29  0.02776 -3.05943e-03 | 30  0.09431 -9.80994e-04
 31  0.09476  8.29677e-03 | 32 -0.01010 -9.26652e-03 | 33  0.03402  7.83525e-04
 34 -0.02139 -1.24912e-02 | 35  0.10791  7.04364e-03 | 36 -0.06014 -1.16229e-02
 37 -0.07183 -1.31522e-02 | 38 -0.07625 -1.85027e-02 | 39 -0.12039 -1.89370e-02
 40  0.10638 -4.72089e-03 | 41  0.35660  8.07246e-02 | 42 -0.16053 -2.01554e-02
 43 -0.00847 -2.05646e-02 | 44 -0.03553 -3.41581e-02 | 45  0.02433 -6.43223e-02
 46 -0.17591 -3.33250e-02 | 47 -0.23622 -3.43396e-02 | 48 -0.21206 -3.66747e-02
 49 -0.06262 -4.98564e-02 | 50 -0.07822 -3.26037e-02 | 51  0.17032 -4.25190e-02
 52  0.12375 -4.39553e-02 | 53 -0.06518 -3.13744e-02 | 54 -0.03236 -2.93105e-02
 55  0.09023 -2.64730e-02 | 56  0.13706 -1.80997e-02 | 57  0.14268 -4.14768e-02
 58 -0.36601  2.18315e-03 | 59  0.37002 -4.89171e-03 | 60 -0.43416  2.00461e-03
 61  0.99611 -6.28704e-01 | 62 -0.73862  3.89250e-02 | 63  0.05264 -3.48287e-01
 64  0.08560 -8.43193e-04 | 65  0.00148 -9.11746e-06 | 66  0.00005  2.79386e-07
 67  0.23584  6.48112e-02 | 68 -0.16053 -1.36598e-04 | 69  0.38175 -1.94257e-02
 70  0.22858  3.51547e-02 | 71 -0.63121 -6.07731e-03 | 72  0.03037  1.65145e+01
 73 -0.30331  2.34427e-03 | 74 -0.16387  2.06320e-03 | 75  0.15022 -1.24345e-01
 76 -0.60761  1.99963e-04 | 77 -0.03901  1.74051e-01 | 78 -0.08181 -1.69308e-02
 79 -0.52637  3.71364e-03 | 80 -0.03035 -1.76981e-02 | 81 -0.02190  4.63824e-01
 82  0.15991  6.13967e-04 | 83 -0.20620 -2.98736e-02 | 84  0.11234  3.00845e-02
 85 -0.17203  2.84802e-02 | 86  0.47066 -2.74702e-01 |
86 variables; iteration 160; function evaluation 174; phase 4
Function value 1.6605596e+03; maximum gradient component mag 2.4897e+01
Var    Value     Gradient |Var    Value     Gradient |Var    Value     Gradient
  1  0.24584  2.48787e-03 |  2  0.55889  2.70815e-02 |  3  0.46711  1.19592e-02
  4  0.32014  1.05595e-02 |  5  0.45586  4.46962e-02 |  6  0.00927  1.37991e-01
  7  0.03308 -7.55743e-03 |  8  0.02283 -6.93831e-03 |  9  0.09658 -9.19855e-03
 10  0.12985 -1.24354e-02 | 11  0.08468 -8.59471e-03 | 12  0.11783 -1.17818e-02
 13 -0.03574 -6.22516e-03 | 14 -0.04917 -6.66278e-03 | 15  0.20436 -4.62892e-03
 16 -0.08682 -5.01654e-03 | 17  0.17082 -9.49070e-05 | 18 -0.16446 -4.70150e-03
 19 -0.08850 -1.98436e-03 | 20 -0.02394  6.92543e-03 | 21  0.10681  3.40882e-02
 22 -0.08398  4.62521e-03 | 23 -0.14173  2.09594e-03 | 24 -0.29950 -2.00774e-03
 25 -0.10167  6.14615e-03 | 26  0.26161  1.38258e-01 | 27 -0.14177  3.61829e-04
 28  0.05752  1.80075e-02 | 29  0.02776  1.15494e-02 | 30  0.09431  2.34710e-02
 31  0.09476  1.94015e-02 | 32 -0.01010  3.88216e-03 | 33  0.03402  5.87617e-03
 34 -0.02139  2.39659e-03 | 35  0.10791  1.53092e-02 | 36 -0.06014 -1.08364e-03
 37 -0.07184 -1.49584e-03 | 38 -0.07625 -2.07146e-03 | 39 -0.12039 -2.87958e-03
 40  0.10638  1.21589e-02 | 41  0.35659  9.87935e-02 | 42 -0.16053 -3.10097e-03
 43 -0.00848 -4.77262e-03 | 44 -0.03554 -1.79842e-02 | 45  0.02433 -4.91394e-02
 46 -0.17592 -2.21136e-02 | 47 -0.23623 -1.95584e-02 | 48 -0.21207 -2.23225e-02
 49 -0.06263 -3.83735e-02 | 50 -0.07823 -1.55866e-02 | 51  0.17031 -2.29079e-02
 52  0.12374 -2.96555e-02 | 53 -0.06519 -1.56297e-02 | 54 -0.03238 -1.72648e-02
 55  0.09021 -1.06004e-02 | 56  0.13701 -5.80791e-03 | 57  0.14269  6.80635e-03
 58 -0.36600  1.12782e-03 | 59  0.37002  3.79755e-04 | 60 -0.43416  1.25294e-03
 61  0.99399  3.60885e-01 | 62 -0.80399 -1.62296e-02 | 63  0.05264  1.63437e-01
 64  0.10031  4.79293e-04 | 65  0.00675  1.24061e-05 | 66 -0.00016 -7.68816e-07
 67  0.23595  8.83696e-02 | 68 -0.18416 -1.76481e-04 | 69  0.38178 -2.55998e-02
 70  0.22749  5.90374e-02 | 71 -0.63147 -7.77695e-03 | 72  0.03119  2.48970e+01
 73 -0.30335 -6.54219e-04 | 74 -0.16391 -4.58259e-04 | 75  0.15022  8.10787e-02
 76 -0.59716  1.57294e-03 | 77 -0.03901 -7.53082e-02 | 78 -0.08191  1.57091e-02
 79 -0.52636 -1.38694e-03 | 80 -0.03031  1.67923e-02 | 81 -0.02192  5.80713e-01
 82  0.11173 -3.72889e-04 | 83 -0.20632 -3.51608e-02 | 84  0.11374  4.34263e-02
 85 -0.17213  2.95245e-02 | 86  0.53900 -2.60317e-01 |
86 variables; iteration 180; function evaluation 198; phase 4
Function value 1.6605588e+03; maximum gradient component mag 5.4993e+00
Var    Value     Gradient |Var    Value     Gradient |Var    Value     Gradient
  1  0.24583 -2.38494e-02 |  2  0.55889  2.57883e-03 |  3  0.46712  1.05768e-03
  4  0.32015  8.91589e-04 |  5  0.45586  7.83825e-03 |  6  0.00927 -8.03122e-01
  7  0.03304 -1.89535e-02 |  8  0.02283 -1.31345e-02 |  9  0.09653 -3.31207e-02
 10  0.12996 -4.20769e-02 | 11  0.08455 -3.19202e-02 | 12  0.11788 -4.19627e-02
 13 -0.03578 -9.65688e-03 | 14 -0.04914 -3.94072e-03 | 15  0.20436 -1.13859e-01
 16 -0.08683 -4.60004e-03 | 17  0.17082 -8.55503e-02 | 18 -0.16447  3.08875e-03
 19 -0.08849  1.79644e-03 | 20 -0.02394 -6.05012e-03 | 21  0.10681 -1.97970e-02
 22 -0.08398  1.98534e-03 | 23 -0.14172  9.13656e-03 | 24 -0.29951  8.50444e-03
 25 -0.10167  8.35158e-03 | 26  0.26161 -5.14504e-03 | 27 -0.14177  8.55505e-03
 28  0.05752  1.22128e-02 | 29  0.02776  1.27521e-02 | 30  0.09431  9.44866e-03
 31  0.09476  1.77705e-02 | 32 -0.01010  1.39635e-02 | 33  0.03402  2.03598e-02
 34 -0.02139  1.31175e-02 | 35  0.10791  2.03497e-02 | 36 -0.06014  1.48811e-02
 37 -0.07184  1.41242e-02 | 38 -0.07625  1.09011e-02 | 39 -0.12039  1.06849e-02
 40  0.10638  1.38436e-02 | 41  0.35659  2.99546e-02 | 42 -0.16053  9.90981e-03
 43 -0.00848  1.12296e-02 | 44 -0.03554  7.86094e-03 | 45  0.02433  2.19890e-03
 46 -0.17592  9.20538e-03 | 47 -0.23623  6.34739e-03 | 48 -0.21207  6.40696e-03
 49 -0.06263  6.34800e-03 | 50 -0.07823  8.14034e-03 | 51  0.17031  8.36895e-03
 52  0.12374  5.44466e-03 | 53 -0.06519  7.29048e-03 | 54 -0.03237  9.26160e-03
 55  0.09022  8.82933e-03 | 56  0.13704  1.24186e-02 | 57  0.14269  1.22528e-02
 58 -0.36600  5.54834e-03 | 59  0.37003  5.63326e-03 | 60 -0.43416 -1.48070e-03
 61  0.99655  4.04891e-01 | 62 -0.73229 -1.52823e-02 | 63  0.05264  1.59567e-01
 64  0.08353  3.36146e-04 | 65  0.00832  1.86257e-05 | 66 -0.00013 -6.46489e-07
 67  0.23601  2.54264e-02 | 68 -0.16163 -4.93642e-05 | 69  0.38179 -4.93095e-04
 70  0.22694  1.95391e-02 | 71 -0.63129 -1.32838e-03 | 72  0.03156  5.49932e+00
 73 -0.30331  1.12307e-03 | 74 -0.16389  8.92471e-04 | 75  0.15024 -9.45746e-02
 76 -0.62211 -5.16177e-04 | 77 -0.03900  1.31247e-01 | 78 -0.08141 -1.13300e-02
 79 -0.52638  2.94839e-03 | 80 -0.03048 -1.16736e-02 | 81 -0.02193  1.92737e-01
 82  0.14043  2.58586e-04 | 83 -0.20626 -7.50865e-03 | 84  0.11444  1.98184e-02
 85 -0.17206  8.69441e-03 | 86  0.58336 -5.33943e-02 |
86 variables; iteration 200; function evaluation 220; phase 4
Function value 1.6605584e+03; maximum gradient component mag 7.5668e+00
Var    Value     Gradient |Var    Value     Gradient |Var    Value     Gradient
  1  0.24582  6.89771e-04 |  2  0.55889  4.79502e-03 |  3  0.46712  1.68657e-03
  4  0.32015  3.40465e-03 |  5  0.45587  1.13297e-02 |  6  0.00927  2.72373e-02
  7  0.03310  1.25343e-04 |  8  0.02282 -1.24050e-03 |  9  0.09656 -1.67770e-03
 10  0.12989 -2.25130e-03 | 11  0.08464 -1.69176e-03 | 12  0.11785 -2.25087e-03
 13 -0.03575 -4.65622e-04 | 14 -0.04917 -1.55545e-03 | 15  0.20436  5.20411e-04
 16 -0.08682 -4.29455e-04 | 17  0.17082  4.17240e-04 | 18 -0.16446 -7.65756e-04
 19 -0.08850 -1.16524e-03 | 20 -0.02393  8.49482e-04 | 21  0.10681  2.40938e-03
 22 -0.08397  5.46729e-04 | 23 -0.14173 -4.89717e-04 | 24 -0.29950 -2.97034e-04
 25 -0.10167  1.48689e-03 | 26  0.26161  2.66840e-02 | 27 -0.14177  5.93051e-04
 28  0.05752  3.13697e-03 | 29  0.02776  1.48993e-03 | 30  0.09431  6.27672e-03
 31  0.09476  5.34880e-03 | 32 -0.01010  2.27486e-03 | 33  0.03402  1.96020e-03
 34 -0.02139  1.78486e-03 | 35  0.10790  4.63407e-03 | 36 -0.06014 -2.20582e-04
 37 -0.07184 -3.73726e-04 | 38 -0.07625  1.62423e-04 | 39 -0.12039 -1.52516e-04
 40  0.10637  3.30700e-03 | 41  0.35659  2.31971e-02 | 42 -0.16053 -1.42901e-04
 43 -0.00848 -1.05200e-03 | 44 -0.03554 -3.88779e-03 | 45  0.02433 -1.12193e-02
 46 -0.17593 -5.48811e-03 | 47 -0.23623 -4.22329e-03 | 48 -0.21207 -4.85797e-03
 49 -0.06263 -8.95902e-03 | 50 -0.07823 -3.05624e-03 | 51  0.17031 -5.51279e-03
 52  0.12373 -6.48761e-03 | 53 -0.06520 -2.98357e-03 | 54 -0.03238 -3.70519e-03
 55  0.09021 -1.69973e-03 | 56  0.13701 -1.37330e-03 | 57  0.14269  2.55329e-03
 58 -0.36600 -8.71668e-04 | 59  0.37002  2.58030e-04 | 60 -0.43416 -1.00430e-04
 61  0.99467 -2.67037e-02 | 62 -0.77639 -4.44572e-03 | 63  0.05264  2.15184e-02
 64  0.08484  4.82037e-05 | 65  0.00188 -7.43304e-06 | 66  0.00015  7.69706e-07
 67  0.23603  1.23303e-02 | 68 -0.15421  1.90871e-04 | 69  0.38179 -5.03050e-03
 70  0.22666  6.97148e-03 | 71 -0.63148 -1.73072e-03 | 72  0.03180  7.56675e+00
 73 -0.30336 -5.25434e-04 | 74 -0.16391 -3.50901e-04 | 75  0.15024  1.87825e-03
 76 -0.61578  5.74487e-05 | 77 -0.03900 -7.46526e-03 | 78 -0.08152 -3.91769e-04
 79 -0.52638 -3.27270e-04 | 80 -0.03043 -2.92835e-04 | 81 -0.02194  8.37339e-02
 82  0.13137 -4.90596e-05 | 83 -0.20635 -7.48487e-03 | 84  0.11480  3.87054e-03
 85 -0.17213  5.89164e-03 | 86  0.61758 -5.47617e-02 |
86 variables; iteration 220; function evaluation 244; phase 4
Function value 1.6605580e+03; maximum gradient component mag 2.2549e+01
Var    Value     Gradient |Var    Value     Gradient |Var    Value     Gradient
  1  0.24581 -1.39442e-02 |  2  0.55890  6.74713e-03 |  3  0.46712  1.90141e-03
  4  0.32016  7.59289e-03 |  5  0.45587  2.48139e-02 |  6  0.00926 -4.62934e-01
  7  0.03310 -9.99806e-03 |  8  0.02282 -9.83797e-03 |  9  0.09652 -2.33487e-02
 10  0.12995 -2.93094e-02 | 11  0.08458 -2.30663e-02 | 12  0.11787 -2.96806e-02
 13 -0.03576 -6.20164e-03 | 14 -0.04916 -5.14751e-03 | 15  0.20436 -6.82599e-02
 16 -0.08682 -2.99899e-03 | 17  0.17083 -5.04502e-02 | 18 -0.16446  7.52771e-04
 19 -0.08850 -1.50233e-03 | 20 -0.02393 -3.57708e-03 | 21  0.10681 -1.31488e-02
 22 -0.08397  1.13426e-03 | 23 -0.14173  3.42204e-03 | 24 -0.29950  4.92094e-03
 25 -0.10167  7.24220e-03 | 26  0.26161  2.99353e-02 | 27 -0.14177  6.56402e-03
 28  0.05752  1.11629e-02 | 29  0.02776  8.08150e-03 | 30  0.09431  1.61660e-02
 31  0.09476  2.00821e-02 | 32 -0.01010  1.40488e-02 | 33  0.03402  1.71554e-02
 34 -0.02139  1.25388e-02 | 35  0.10790  2.17177e-02 | 36 -0.06014  8.73473e-03
 37 -0.07184  8.06020e-03 | 38 -0.07625  7.54024e-03 | 39 -0.12039  6.84838e-03
 40  0.10637  1.47153e-02 | 41  0.35659  5.85004e-02 | 42 -0.16053  6.42595e-03
 43 -0.00848  5.49058e-03 | 44 -0.03554 -1.43068e-03 | 45  0.02433 -1.73150e-02
 46 -0.17593 -3.98297e-03 | 47 -0.23623 -3.28600e-03 | 48 -0.21207 -4.21727e-03
 49 -0.06263 -1.11249e-02 | 50 -0.07823  6.29041e-04 | 51  0.17031 -3.40601e-03
 52  0.12373 -7.95003e-03 | 53 -0.06520 -5.27844e-04 | 54 -0.03238 -9.22381e-04
 55  0.09021  3.24621e-03 | 56  0.13702  5.80324e-03 | 57  0.14269  5.61211e-03
 58 -0.36600  2.69491e-03 | 59  0.37003  3.68283e-03 | 60 -0.43416 -1.16087e-03
 61  0.99593  2.56790e-01 | 62 -0.74329 -9.20292e-03 | 63  0.05264  1.03701e-01
 64  0.08670  2.24027e-04 | 65 -0.00725 -4.66855e-05 | 66  0.00037  1.85504e-06
 67  0.23607  3.98804e-02 | 68 -0.17763 -5.48823e-05 | 69  0.38180 -8.31507e-03
 70  0.22624  2.73526e-02 | 71 -0.63143 -3.92569e-03 | 72  0.03209  2.25494e+01
 73 -0.30335 -5.02305e-04 | 74 -0.16390 -1.92978e-04 | 75  0.15024 -7.62720e-02
 76 -0.62051 -4.36536e-04 | 77 -0.03900  8.71119e-02 | 78 -0.08146 -1.18855e-02
 79 -0.52638  1.61992e-03 | 80 -0.03045 -1.22442e-02 | 81 -0.02195  2.88887e-01
 82  0.11218 -4.55530e-04 | 83 -0.20636 -1.81759e-02 | 84  0.11533  2.25472e-02
 85 -0.17212  1.58151e-02 | 86  0.67376 -1.02957e-01 |
86 variables; iteration 240; function evaluation 265; phase 4
Function value 1.6605579e+03; maximum gradient component mag 5.9617e+00
Var    Value     Gradient |Var    Value     Gradient |Var    Value     Gradient
  1  0.24580  8.84355e-04 |  2  0.55890  1.56944e-03 |  3  0.46712  5.56700e-04
  4  0.32015  1.40179e-03 |  5  0.45587  5.78852e-03 |  6  0.00926  3.65175e-02
  7  0.03309 -2.84142e-04 |  8  0.02282 -2.65398e-04 |  9  0.09657  3.70731e-04
 10  0.12989  5.26741e-04 | 11  0.08463  3.62072e-04 | 12  0.11785  6.41813e-04
 13 -0.03575 -4.25162e-04 | 14 -0.04916 -3.93028e-04 | 15  0.20436  2.90245e-03
 16 -0.08682 -4.79617e-04 | 17  0.17083  2.46200e-03 | 18 -0.16446 -6.19856e-04
 19 -0.08850 -3.33139e-04 | 20 -0.02393  1.92049e-04 | 21  0.10681  2.36507e-03
 22 -0.08397 -1.88293e-04 | 23 -0.14173 -4.12426e-04 | 24 -0.29950 -7.04143e-04
 25 -0.10167 -2.15675e-04 | 26  0.26161  9.99220e-03 | 27 -0.14177 -4.35219e-04
 28  0.05752  1.32474e-03 | 29  0.02776  8.76575e-04 | 30  0.09431  2.27289e-03
 31  0.09476  2.61141e-03 | 32 -0.01010  6.06743e-04 | 33  0.03402  1.24994e-03
 34 -0.02139  3.72278e-04 | 35  0.10790  2.37368e-03 | 36 -0.06014 -1.08636e-04
 37 -0.07184 -3.08968e-04 | 38 -0.07625 -4.80798e-04 | 39 -0.12039 -6.10114e-04
 40  0.10637  1.27291e-03 | 41  0.35659  1.23801e-02 | 42 -0.16053 -6.27314e-04
 43 -0.00848 -9.34219e-04 | 44 -0.03554 -2.60730e-03 | 45  0.02432 -6.64600e-03
 46 -0.17593 -3.00922e-03 | 47 -0.23623 -2.73495e-03 | 48 -0.21207 -3.03518e-03
 49 -0.06263 -5.09648e-03 | 50 -0.07823 -2.29356e-03 | 51  0.17031 -3.48741e-03
 52  0.12373 -3.99775e-03 | 53 -0.06520 -2.17493e-03 | 54 -0.03238 -2.25369e-03
 55  0.09021 -1.58078e-03 | 56  0.13701 -9.33109e-04 | 57  0.14269  5.55915e-04
 58 -0.36600 -2.33334e-04 | 59  0.37003  1.08061e-04 | 60 -0.43416  5.95129e-06
 61  0.99547  3.12904e-03 | 62 -0.75276 -3.76974e-04 | 63  0.05264  2.89445e-03
 64  0.10588  1.62507e-04 | 65  0.01227  3.35368e-05 | 66 -0.00062 -3.07252e-06
 67  0.23609  8.09820e-03 | 68 -0.15507  1.10914e-04 | 69  0.38181 -3.03418e-03
 70  0.22606  4.51589e-03 | 71 -0.63145 -9.19031e-04 | 72  0.03223  5.96174e+00
 73 -0.30335  1.01465e-06 | 74 -0.16391 -8.58922e-06 | 75  0.15024 -3.82891e-03
 76 -0.61724 -3.32859e-05 | 77 -0.03900  4.17500e-03 | 78 -0.08149 -6.26654e-04
 79 -0.52638  7.01413e-05 | 80 -0.03044 -6.19256e-04 | 81 -0.02195  5.44252e-02
 82  0.13701  1.24810e-04 | 83 -0.20633 -4.07777e-03 | 84  0.11557  3.25757e-03
 85 -0.17212  3.56828e-03 | 86  0.70848 -2.23400e-02 |
86 variables; iteration 260; function evaluation 285; phase 4
Function value 1.6605579e+03; maximum gradient component mag 4.9853e-01
Var    Value     Gradient |Var    Value     Gradient |Var    Value     Gradient
  1  0.24580  9.14505e-04 |  2  0.55890  4.81378e-04 |  3  0.46712  2.99236e-04
  4  0.32015 -3.04403e-04 |  5  0.45587  2.48661e-04 |  6  0.00926  3.34930e-02
  7  0.03308 -1.18582e-04 |  8  0.02282  3.29872e-04 |  9  0.09657  1.22197e-03
 10  0.12989  1.73190e-03 | 11  0.08463  1.26376e-03 | 12  0.11786  1.76597e-03
 13 -0.03575 -7.65863e-05 | 14 -0.04916  1.98603e-04 | 15  0.20436  3.36575e-03
 16 -0.08682 -2.51698e-04 | 17  0.17083  2.59057e-03 | 18 -0.16446 -3.05018e-04
 19 -0.08850  1.87612e-04 | 20 -0.02393  3.10428e-04 | 21  0.10681  2.37540e-03
 22 -0.08397 -4.54675e-05 | 23 -0.14173  1.45597e-05 | 24 -0.29950 -5.37774e-04
 25 -0.10167 -5.21079e-04 | 26  0.26161  2.38196e-03 | 27 -0.14177 -6.16341e-04
 28  0.05752  1.81869e-04 | 29  0.02776  3.62811e-04 | 30  0.09431 -3.41130e-04
 31  0.09476 -2.61448e-04 | 32 -0.01010 -8.68294e-04 | 33  0.03402 -4.99579e-04
 34 -0.02139 -8.19960e-04 | 35  0.10790 -5.40907e-04 | 36 -0.06014 -3.38552e-04
 37 -0.07184 -4.12905e-04 | 38 -0.07625 -6.56678e-04 | 39 -0.12039 -6.48843e-04
 40  0.10637 -4.91609e-04 | 41  0.35659  6.28666e-04 | 42 -0.16053 -6.68234e-04
 43 -0.00848 -6.04388e-04 | 44 -0.03554 -7.88841e-04 | 45  0.02432 -1.20946e-03
 46 -0.17593 -5.16085e-04 | 47 -0.23623 -6.78499e-04 | 48 -0.21207 -7.20709e-04
 49 -0.06263 -9.12663e-04 | 50 -0.07823 -9.08576e-04 | 51  0.17031 -1.04283e-03
 52  0.12373 -7.46747e-04 | 53 -0.06520 -6.81107e-04 | 54 -0.03238 -5.01655e-04
 55  0.09021 -8.05659e-04 | 56  0.13701 -5.47453e-04 | 57  0.14269  9.90506e-04
 58 -0.36600 -1.91623e-04 | 59  0.37003 -5.14639e-05 | 60 -0.43416  8.20461e-05
 61  0.99550  4.13589e-03 | 62 -0.75243 -2.31496e-04 | 63  0.05264  1.13790e-03
 64  0.08800  1.38190e-05 | 65  0.00722  1.42533e-05 | 66 -0.00004 -1.65098e-07
 67  0.23610  1.93723e-04 | 68 -0.16336  1.69835e-05 | 69  0.38181 -8.33315e-04
 70  0.22599 -9.40676e-04 | 71 -0.63144 -6.93667e-06 | 72  0.03227  4.98532e-01
 73 -0.30335  1.83650e-04 | 74 -0.16391  1.08801e-04 | 75  0.15024  4.56507e-03
 76 -0.61616  6.11863e-05 | 77 -0.03900 -3.12073e-03 | 78 -0.08150  1.02483e-03
 79 -0.52638 -2.57872e-05 | 80 -0.03044  1.07647e-03 | 81 -0.02195 -1.74005e-03
 82  0.12903 -2.63669e-05 | 83 -0.20634 -1.27984e-04 | 84  0.11566 -5.68694e-04
 85 -0.17212  2.74678e-04 | 86  0.72142 -1.66386e-03 |

 - final statistics:
86 variables; iteration 274; function evaluation 299
Function value 1.6606e+03; maximum gradient component mag -8.5186e-04
Exit code = 1;  converg criter 1.0000e-03
Var    Value     Gradient |Var    Value     Gradient |Var    Value     Gradient
  1  0.24580  5.42701e-07 |  2  0.55890 -1.03395e-08 |  3  0.46712 -3.64223e-08
  4  0.32015 -2.16350e-07 |  5  0.45587 -9.55655e-07 |  6  0.00926  1.54296e-05
  7  0.03309  1.07982e-07 |  8  0.02282  3.72982e-07 |  9  0.09656  1.19467e-06
 10  0.12990  4.97932e-07 | 11  0.08463  1.51529e-06 | 12  0.11786  9.60969e-07
 13 -0.03575  2.48011e-07 | 14 -0.04916  2.97458e-07 | 15  0.20436  2.15407e-06
 16 -0.08682  3.61093e-08 | 17  0.17083  5.88676e-07 | 18 -0.16446 -5.36594e-08
 19 -0.08850  1.61370e-08 | 20 -0.02393 -1.07551e-08 | 21  0.10681 -7.21384e-08
 22 -0.08397 -1.18909e-07 | 23 -0.14173  1.42952e-08 | 24 -0.29950 -1.60927e-07
 25 -0.10167 -2.99678e-07 | 26  0.26161 -8.06355e-07 | 27 -0.14177 -2.35356e-07
 28  0.05752 -1.79915e-07 | 29  0.02776  1.58770e-07 | 30  0.09431 -3.58014e-07
 31  0.09476 -1.28077e-07 | 32 -0.01010 -3.33540e-07 | 33  0.03402 -2.35809e-07
 34 -0.02139 -3.62203e-07 | 35  0.10790 -4.11916e-07 | 36 -0.06014 -6.35658e-08
 37 -0.07184 -1.57149e-07 | 38 -0.07625 -3.10936e-07 | 39 -0.12039 -2.71674e-07
 40  0.10637 -5.07698e-07 | 41  0.35659 -1.70160e-06 | 42 -0.16053 -2.19574e-07
 43 -0.00848 -1.54009e-07 | 44 -0.03554  2.52482e-08 | 45  0.02432  4.19277e-07
 46 -0.17593  2.25076e-07 | 47 -0.23623  1.28561e-07 | 48 -0.21207  1.58782e-07
 49 -0.06263  3.04747e-07 | 50 -0.07823 -1.44189e-07 | 51  0.17031 -1.32781e-08
 52  0.12373  2.03358e-07 | 53 -0.06520  2.24169e-08 | 54 -0.03238  7.11017e-08
 55  0.09021 -2.39960e-07 | 56  0.13701 -2.20239e-07 | 57  0.14269  3.00785e-06
 58 -0.36600 -7.33846e-07 | 59  0.37003  1.43881e-07 | 60 -0.43416 -6.47123e-08
 61  0.99551  5.57840e-06 | 62 -0.75225 -2.12518e-07 | 63  0.05264  1.24350e-06
 64  0.08696 -2.90657e-08 | 65  0.00367 -2.21577e-08 | 66  0.00002  1.30573e-07
 67  0.23610  3.58650e-08 | 68 -0.16382 -2.58266e-08 | 69  0.38181 -1.22621e-06
 70  0.22600 -6.85827e-08 | 71 -0.63145  8.14571e-08 | 72  0.03227 -8.51856e-04
 73 -0.30335  9.96489e-08 | 74 -0.16391  3.13043e-08 | 75  0.15024 -1.58500e-06
 76 -0.61688 -2.57223e-08 | 77 -0.03900  1.25218e-06 | 78 -0.08149 -3.18043e-07
 79 -0.52638 -1.36598e-08 | 80 -0.03044 -2.13229e-07 | 81 -0.02195 -6.29333e-06
 82  0.12974  2.68934e-08 | 83 -0.20634  5.16241e-07 | 84  0.11565 -5.35360e-07
 85 -0.17212 -3.77474e-07 | 86  0.72149  2.68426e-06 |
Warning: the following parameters had issues
  selparm[13] is within 0.1% of upper bound: 1.90000e+01 < 5.09996e+01 < 5.10000e+01


 - final statistics:
100 variables; iteration 0; function evaluation 0
Function value 1.6606e+03; maximum gradient component mag -8.5186e-04
Exit code = 0;  converg criter 1.0000e-03
Var    Value     Gradient |Var    Value     Gradient |Var    Value     Gradient
  1  0.24580  5.42699e-07 |  2  0.55890 -1.03420e-08 |  3  0.46712 -3.64227e-08
  4  0.32015 -2.16350e-07 |  5  0.45587 -9.55655e-07 |  6  0.00926  1.54295e-05
  7  0.03309  7.42701e-08 |  8  0.02282  3.39246e-07 |  9  0.09656  1.16130e-06
 10  0.12990  4.64873e-07 | 11  0.08463  1.48183e-06 | 12  0.11786  9.27788e-07
 13 -0.03575  2.14307e-07 | 14 -0.04916  2.63801e-07 | 15  0.20436  2.12203e-06
 16 -0.08682  2.66612e-09 | 17  0.17083  5.56124e-07 | 18 -0.16446 -8.62957e-08
 19 -0.08850 -1.72940e-08 | 20 -0.02393 -4.44885e-08 | 21  0.10681 -1.05424e-07
 22 -0.08397 -1.52372e-07 | 23 -0.14173 -1.86279e-08 | 24 -0.29950 -1.91016e-07
 25 -0.10167 -3.33005e-07 | 26  0.26161 -8.37315e-07 | 27 -0.14177 -2.68279e-07
 28  0.05752 -2.13534e-07 | 29  0.02776  1.25046e-07 | 30  0.09431 -3.91401e-07
 31  0.09476 -1.61460e-07 | 32 -0.01010 -3.67292e-07 | 33  0.03402 -2.69517e-07
 34 -0.02139 -3.95940e-07 | 35  0.10790 -4.45188e-07 | 36 -0.06014 -9.71712e-08
 37 -0.07184 -1.90690e-07 | 38 -0.07625 -3.44450e-07 | 39 -0.12039 -3.04829e-07
 40  0.10637 -5.40984e-07 | 41  0.35659 -1.73020e-06 | 42 -0.16053 -2.52262e-07
 43 -0.00848 -1.87763e-07 | 44 -0.03554 -8.45513e-09 | 45  0.02432  3.85546e-07
 46 -0.17593  1.92601e-07 | 47 -0.23623  9.71026e-08 | 48 -0.21207  1.26882e-07
 49 -0.06263  2.71154e-07 | 50 -0.07823 -1.77691e-07 | 51  0.17031 -4.58328e-08
 52  0.12373  1.70237e-07 | 53 -0.06520 -1.11623e-08 | 54 -0.03238  3.73893e-08
 55  0.09021 -2.73378e-07 | 56  0.13701 -2.53217e-07 | 57  0.00000  0.00000e+00
 58  0.00000  0.00000e+00 | 59  0.00000  0.00000e+00 | 60  0.00000  0.00000e+00
 61  0.00000  0.00000e+00 | 62  0.00000  0.00000e+00 | 63  0.00000  0.00000e+00
 64  0.00000  0.00000e+00 | 65  0.00000  0.00000e+00 | 66  0.00000  0.00000e+00
 67  0.00000  0.00000e+00 | 68  0.00000  0.00000e+00 | 69  0.00000  0.00000e+00
 70  0.00000  0.00000e+00 | 71  0.14269  3.00785e-06 | 72 -0.36600 -7.33845e-07
 73  0.37003  1.43881e-07 | 74 -0.43416 -6.47122e-08 | 75  0.99551  5.57840e-06
 76 -0.75225 -2.12518e-07 | 77  0.05264  1.24350e-06 | 78  0.08696 -2.90657e-08
 79  0.00367 -2.21577e-08 | 80  0.00002  1.30573e-07 | 81  0.23610  3.58639e-08
 82 -0.16382 -2.58266e-08 | 83  0.38181 -1.22621e-06 | 84  0.22600 -6.85832e-08
 85 -0.63145  8.14571e-08 | 86  0.03227 -8.51856e-04 | 87 -0.30335  9.96487e-08
 88 -0.16391  3.13042e-08 | 89  0.15024 -1.58500e-06 | 90 -0.61688 -2.57223e-08
 91 -0.03900  1.25219e-06 | 92 -0.08149 -3.18043e-07 | 93 -0.52638 -1.36596e-08
 94 -0.03044 -2.13229e-07 | 95 -0.02195 -6.29333e-06 | 96  0.12974  2.68934e-08
 97 -0.20634  5.16241e-07 | 98  0.11565 -5.35360e-07 | 99 -0.17212 -3.77474e-07
100  0.72149  2.68426e-06 |
size of file gradfil1.tmp = 0
size of file gradfil2.tmp = 0
size of file varssave.tmp = 0
size of file cmpdiff.tmp = 0
