
Initial statistics: 3 variables; iteration 0; function evaluation 0; phase 1
Function value 3.8818124e+03; maximum gradient component mag -5.6199e+01
Var    Value     Gradient |Var    Value     Gradient |Var    Value     Gradient
  1  0.12819  4.08900e+01 |  2 -0.12819  4.75090e+00 |  3 -0.21635 -5.61991e+01

 - final statistics:
3 variables; iteration 5; function evaluation 13
Function value 3.8740e+03; maximum gradient component mag -9.6578e+00
Exit code = 1;  converg criter 1.0000e+01
Var    Value     Gradient |Var    Value     Gradient |Var    Value     Gradient
  1  0.05782  1.06929e+00 |  2 -0.19860  1.66238e-01 |  3 -0.01008 -9.65779e+00

Initial statistics: 13 variables; iteration 0; function evaluation 0; phase 2
Function value 3.8739544e+03; maximum gradient component mag 7.5061e+02
Var    Value     Gradient |Var    Value     Gradient |Var    Value     Gradient
  1 -0.26966 -3.13224e+02 |  2  0.00000 -3.13332e+02 |  3 -0.26198 -5.13617e+02
  4 -0.03352 -1.28592e+02 |  5  0.18446  2.16758e+02 |  6 -0.04247 -2.60214e+02
  7  0.33333  7.50605e+02 |  8 -0.53989  1.88560e+01 |  9  0.00000 -1.30112e+02
 10 -0.21635 -1.69382e+01 | 11  0.05782  1.06929e+00 | 12 -0.19860  1.66238e-01
 13 -0.01008 -9.65779e+00 |

Intermediate statistics: 13 variables; iteration 20; function evaluation 26; phase 2
Function value 3.5137314e+03; maximum gradient component mag 1.3138e+01
Var    Value     Gradient |Var    Value     Gradient |Var    Value     Gradient
  1 -0.22577  1.31377e+01 |  2  0.10736 -1.13928e+00 |  3 -0.09107  2.85726e+00
  4 -0.02447 -1.65191e+00 |  5 -0.48242  1.13947e+00 |  6  0.14955  2.29463e+00
  7  0.14167  3.33536e+00 |  8 -0.29679  6.17956e+00 |  9  0.25948 -3.21462e-03
 10 -0.25793  1.78129e-02 | 11  0.52017 -5.74326e+00 | 12 -0.16093  3.42062e-01
 13  0.09715 -6.34053e-01 |

 - final statistics:
13 variables; iteration 28; function evaluation 34
Function value 3.5128e+03; maximum gradient component mag -4.4082e+00
Exit code = 1;  converg criter 1.0000e+01
Var    Value     Gradient |Var    Value     Gradient |Var    Value     Gradient
  1 -0.21871 -1.99619e-01 |  2  0.10777 -1.38873e+00 |  3 -0.09153 -4.28031e-01
  4 -0.02310  3.72893e-01 |  5 -0.48390  1.72880e-01 |  6  0.14317 -1.47904e-01
  7  0.14341 -4.40822e+00 |  8 -0.31025 -3.90122e-01 |  9  0.26291 -4.44460e-02
 10 -0.26345  1.17372e-01 | 11  1.00633  3.57089e-02 | 12 -0.16010  3.71305e-02
 13  0.10849  1.89202e-02 |

Initial statistics: 41 variables; iteration 0; function evaluation 0; phase 3
Function value 3.5127551e+03; maximum gradient component mag 1.6511e+03
Var    Value     Gradient |Var    Value     Gradient |Var    Value     Gradient
  1 -0.21871 -1.99619e-01 |  2  0.10777 -1.38873e+00 |  3 -0.09153 -4.28031e-01
  4 -0.02310  3.72893e-01 |  5 -0.48390  1.72880e-01 |  6  0.14317 -1.47904e-01
  7  0.14341 -4.40822e+00 |  8 -0.31025 -3.90122e-01 |  9  0.26291 -4.44460e-02
 10 -0.26345  1.17372e-01 | 11  0.99367 -3.57089e-02 | 12 -0.16010  3.71305e-02
 13  0.10849  1.89202e-02 | 14 -0.11760 -8.50033e+02 | 15 -0.33425  2.21286e+02
 16 -0.10723 -5.41369e+02 | 17 -0.11760  2.43103e+01 | 18 -0.33425 -1.86058e+01
 19 -0.11760 -7.01261e+02 | 20 -0.33425  3.33063e+02 | 21 -0.11760 -4.82532e+01
 22 -0.33425  2.07511e+01 | 23 -0.11760 -2.87126e+02 | 24 -0.33425  1.24131e+02
 25 -0.11760 -6.84024e+02 | 26 -0.33425  3.94452e+01 | 27 -0.10723 -8.24143e+02
 28  0.02302  1.65114e+03 | 29 -0.31415 -1.15913e+03 | 30  0.53959  1.93589e+01
 31 -0.62714  4.66725e-03 | 32  0.00000  5.98962e+02 | 33 -0.21635 -3.53128e+02
 34  0.16024  9.27637e+01 | 35 -0.11760  4.02033e+00 | 36 -0.10723 -1.88602e+02
 37 -0.10723 -7.74527e+01 | 38 -0.12294 -5.73085e+01 | 39 -0.31415  1.91497e+01
 40  0.02302  2.83943e+02 | 41 -0.31415 -1.89931e+02 |

Intermediate statistics: 41 variables; iteration 20; function evaluation 29; phase 3
Function value 3.0582003e+03; maximum gradient component mag -4.4685e+02
Var    Value     Gradient |Var    Value     Gradient |Var    Value     Gradient
  1 -0.00592  1.59881e+02 |  2  0.05000 -3.43099e+01 |  3 -0.11486 -1.32170e+01
  4 -0.02777  7.49616e+00 |  5 -0.43341  5.86064e+00 |  6 -0.10595  4.61949e+01
  7  0.09683 -1.27993e+02 |  8 -0.11525 -1.47630e+01 |  9  0.15178 -3.18040e+00
 10 -0.12905 -2.74662e+00 | 11  0.99066  1.07176e-01 | 12 -0.16622  2.53525e-02
 13  0.10801  4.41013e-03 | 14  0.29265  9.25033e+01 | 15 -0.12277 -4.01428e+01
 16 -0.40516 -1.70836e+00 | 17 -0.03829 -9.69889e-02 | 18 -0.26153 -1.35584e+01
 19 -0.02443 -4.46853e+02 | 20 -0.30711  2.26963e+02 | 21  0.26377 -4.13328e+00
 22 -0.14683  1.37127e+01 | 23  0.32151  3.42146e+01 | 24 -0.17309 -4.03879e+01
 25  0.31108 -4.13942e+01 | 26 -0.08045  1.58656e+02 | 27  0.06404  1.77610e-01
 28 -0.30005 -6.94230e+01 | 29 -0.88940 -2.09255e+00 | 30  0.55530 -3.66627e+00
 31 -0.62705 -5.82371e-03 | 32  0.03247  9.88393e+00 | 33  0.01062 -1.11568e+01
 34 -0.19091 -2.49954e+00 | 35  0.39301  1.26462e+00 | 36  0.06352  1.12501e+01
 37  0.35571  3.20877e-03 | 38  0.41140 -7.46617e+00 | 39 -0.17174  8.92457e+00
 40  0.10122 -8.10215e+00 | 41 -0.15731  1.39798e+01 |
41 variables; iteration 40; function evaluation 53; phase 3
Function value 3.0266231e+03; maximum gradient component mag 3.3801e+02
Var    Value     Gradient |Var    Value     Gradient |Var    Value     Gradient
  1 -0.02358  2.44999e+02 |  2  0.09104  1.10226e+02 |  3 -0.15022  6.24673e+01
  4 -0.01852  4.04940e+01 |  5 -0.46180  1.77064e+01 |  6 -0.09935  3.91661e+01
  7  0.08793  3.38008e+02 |  8 -0.03577  5.92864e+01 |  9 -0.05039  3.38480e+01
 10  0.05220  1.48892e+01 | 11  0.36929 -9.56325e+00 | 12 -0.15729  1.88598e+00
 13  0.10648 -3.64515e-02 | 14  0.15999 -1.07492e+02 | 15 -0.18510  9.20288e+01
 16 -0.19557 -2.30762e+01 | 17  0.27128 -1.86917e+01 | 18 -0.07150  4.64823e+01
 19  0.06177 -2.06207e+02 | 20 -0.23625  1.57462e+02 | 21  0.25142  7.06989e+00
 22 -0.16540 -9.72235e+00 | 23  0.31890 -1.90332e+01 | 24 -0.17144  6.27650e+01
 25  0.26514 -2.48690e+01 | 26 -0.10790  1.52051e+01 | 27 -0.13045  5.99731e-01
 28 -0.26597  7.17065e+01 | 29 -0.75347 -1.95239e+01 | 30  0.61424  2.03158e-01
 31 -0.61750 -4.31334e-03 | 32  0.04594  2.29059e+01 | 33  0.02024 -1.91698e+01
 34 -0.21654 -2.32597e+00 | 35  0.06405 -1.61780e+01 | 36 -0.00110  2.49835e+01
 37  0.86132  1.64047e-02 | 38  0.43711 -5.56723e-01 | 39 -0.16478  2.29653e+00
 40  0.02674 -1.96594e+01 | 41 -0.23439 -1.30775e+00 |
41 variables; iteration 60; function evaluation 79; phase 3
Function value 2.9901031e+03; maximum gradient component mag -3.6741e+01
Var    Value     Gradient |Var    Value     Gradient |Var    Value     Gradient
  1 -0.18317 -4.08364e+00 |  2  0.07295 -4.79614e+00 |  3 -0.15028 -4.21972e+00
  4 -0.02196  7.93421e-02 |  5 -0.45979  9.84693e-01 |  6 -0.03467  7.01517e+00
  7  0.06222 -3.67409e+01 |  8  0.04917 -6.74610e+00 |  9 -0.09036 -3.04825e+00
 10  0.09434  5.97097e-01 | 11  0.01031  8.17403e+00 | 12 -0.24987 -5.29088e-01
 13  1.88948 -5.62875e-01 | 14  0.23743  3.01038e+00 | 15 -0.15967 -4.42281e+00
 16 -0.19605 -1.26377e+00 | 17  0.53728 -8.04582e-01 | 18 -0.04028  3.75544e+00
 19  0.15811 -6.95762e+00 | 20 -0.17864  1.33006e+01 | 21  0.13515 -2.83652e+00
 22 -0.21799  6.90768e-03 | 23  0.33390 -3.60114e+00 | 24 -0.18126  5.06545e+00
 25  0.32878 -1.08687e+01 | 26 -0.08811 -3.77502e-01 | 27 -0.37695 -1.07029e+01
 28 -0.24918  3.26755e+01 | 29 -0.58163 -2.29370e+01 | 30  1.59823 -5.26202e-02
 31 -0.51154 -2.95781e-03 | 32  0.00629  1.03003e+01 | 33  0.02012 -3.47655e+00
 34 -0.11776  4.35661e+00 | 35  0.17139  5.62654e-01 | 36  0.03740 -5.21171e+00
 37 -0.24468 -1.11591e+00 | 38  0.44874  1.32201e+00 | 39 -0.15954  1.86907e-01
 40  0.08960 -7.07986e+00 | 41 -0.15886  6.17352e+00 |
Maximum number of function evaluations exceeded

 - final statistics:
41 variables; iteration 80; function evaluation 100
Function value 2.9861e+03; maximum gradient component mag 4.2782e+00
Exit code = 3;  converg criter 1.0000e+00
Var    Value     Gradient |Var    Value     Gradient |Var    Value     Gradient
  1 -0.17086 -3.14130e+00 |  2  0.05512  1.74414e+00 |  3 -0.13739  7.06545e-01
  4 -0.02903  6.38629e-01 |  5 -0.45606  4.53889e-01 |  6 -0.05098 -7.30561e-01
  7  0.06851  4.27819e+00 |  8  0.03370  5.07902e-01 |  9 -0.08186  1.96894e-01
 10  0.08253  2.59450e-01 | 11  0.02031  2.24176e+00 | 12 -0.24195 -1.65460e-02
 13  1.89944  1.94596e-02 | 14  0.23927  3.86129e+00 | 15 -0.15925 -2.99970e+00
 16 -0.05677  7.97844e-01 | 17  0.89551  7.16543e-02 | 18 -0.01485 -1.40556e+00
 19  0.17114  1.86816e+00 | 20 -0.17333 -1.67845e+00 | 21  0.16812  3.55226e-01
 22 -0.19745 -4.94392e-01 | 23  0.34761 -1.61768e+00 | 24 -0.17828  1.16470e+00
 25  0.34189 -1.56661e+00 | 26 -0.08502  1.70878e+00 | 27 -0.17584 -7.59178e-01
 28 -0.17619  2.47507e+00 | 29 -0.35296  1.30634e-02 | 30  1.67515 -6.12412e-01
 31 -0.15383 -1.80891e-01 | 32  0.00867  7.37473e-01 | 33  0.02485 -2.78315e-01
 34 -0.13302  2.18770e-01 | 35  0.16928 -5.11526e-02 | 36  0.03744 -6.96541e-01
 37 -0.22611 -4.76436e-02 | 38  0.45113  7.26437e-01 | 39 -0.16323 -7.06381e-01
 40  0.12075  1.04316e+00 | 41 -0.13920 -6.87345e-01 |

Initial statistics: 131 variables; iteration 0; function evaluation 0; phase 4
Function value 2.9860989e+03; maximum gradient component mag -8.1840e+02
Var    Value     Gradient |Var    Value     Gradient |Var    Value     Gradient
  1 -0.17086 -3.14130e+00 |  2  0.05512  1.74414e+00 |  3 -0.13739  7.06545e-01
  4 -0.02903  6.38629e-01 |  5 -0.45606  4.53889e-01 |  6 -0.05098 -7.30561e-01
  7  0.06851  4.27819e+00 |  8  0.03370  5.07902e-01 |  9 -0.08186  1.96894e-01
 10  0.08253  2.59450e-01 | 11  0.02031  2.24176e+00 | 12  0.00000 -6.30079e-01
 13  0.00000 -7.17622e-01 | 14  0.00000 -8.16645e-01 | 15  0.00000 -9.28557e-01
 16  0.00000 -1.05525e+00 | 17  0.00000 -1.19923e+00 | 18  0.00000 -1.36288e+00
 19  0.00000 -1.54773e+00 | 20  0.00000 -1.75452e+00 | 21  0.00000 -1.98604e+00
 22  0.00000 -2.24125e+00 | 23  0.00000 -2.52324e+00 | 24  0.00000 -2.83712e+00
 25  0.00000 -3.18502e+00 | 26  0.00000 -3.56555e+00 | 27  0.00000 -3.97305e+00
 28  0.00000 -4.41291e+00 | 29  0.00000 -4.88747e+00 | 30  0.00000 -5.39416e+00
 31  0.00000 -5.93465e+00 | 32  0.00000 -6.52098e+00 | 33  0.00000 -7.19260e+00
 34  0.00000 -7.98898e+00 | 35  0.00000 -8.92686e+00 | 36  0.00000 -9.87703e+00
 37  0.00000 -1.04843e+01 | 38  0.00000 -1.00282e+01 | 39  0.00000 -7.42906e+00
 40  0.00000 -3.23148e+00 | 41  0.00000  6.35393e-01 | 42  0.00000  1.50672e+00
 43  0.00000 -2.50739e+00 | 44  0.00000 -1.01424e+01 | 45  0.00000 -1.75012e+01
 46  0.00000 -2.48235e+01 | 47  0.00000 -2.87810e+01 | 48  0.00000 -1.73965e+01
 49  0.00000 -7.84277e+00 | 50  0.00000 -2.52695e+01 | 51  0.00000 -5.74684e+01
 52  0.00000 -8.04381e+01 | 53  0.00000  1.94494e+01 | 54  0.00000  1.17252e+02
 55  0.00000  1.05153e+02 | 56  0.00000  6.69350e+00 | 57  0.00000  1.29276e+02
 58  0.00000  2.60602e+02 | 59  0.00000  2.77022e+02 | 60  0.00000 -5.65188e+01
 61  0.00000 -5.04158e+02 | 62  0.00000 -3.82915e+01 | 63  0.00000  3.13789e+01
 64  0.00000  2.98640e+01 | 65  0.00000 -2.58499e+01 | 66  0.00000 -3.26920e+01
 67  0.00000  2.25618e+01 | 68  0.00000  2.13494e+01 | 69  0.00000  6.46943e+01
 70  0.00000  1.00965e+01 | 71  0.00000  1.18099e+02 | 72  0.00000  1.46340e+02
 73  0.00000  2.17806e+02 | 74  0.00000  1.79583e+02 | 75  0.00000 -2.69336e+02
 76  0.00000 -8.18398e+02 | 77  0.00000 -1.14789e+02 | 78  0.00000  7.58134e+01
 79  0.00000  1.46818e+02 | 80  0.00000 -6.59340e+01 | 81  0.00000  1.97939e+02
 82  0.00000  2.87458e+02 | 83  0.00000  2.91973e+02 | 84  0.00000  1.52966e+02
 85  0.00000  1.21039e+02 | 86  0.00000 -1.79019e+02 | 87  0.00000 -2.77795e+02
 88  0.00000 -4.94075e+01 | 89  0.00000 -1.90661e+02 | 90  0.00000 -2.77125e+02
 91  0.00000 -3.89638e+01 | 92  0.00000 -9.74004e+01 | 93  0.00000  4.63690e+01
 94  0.00000  9.14026e+01 | 95  0.00000  1.57644e+02 | 96  0.00000  1.15531e+02
 97  0.00000  2.60494e+01 | 98  0.00000 -5.03274e+01 | 99  0.00000  3.64739e+01
100  0.00000 -5.82830e+00 |101  0.00000 -1.07190e+01 |102 -0.24195 -1.65460e-02
103  0.10056 -1.94596e-02 |104  0.23927  3.86129e+00 |105 -0.15925 -2.99970e+00
106 -0.05677  7.97844e-01 |107  0.89551  7.16543e-02 |108 -0.01485 -1.40556e+00
109  0.17114  1.86816e+00 |110 -0.17333 -1.67845e+00 |111  0.16812  3.55226e-01
112 -0.19745 -4.94392e-01 |113  0.34761 -1.61768e+00 |114 -0.17828  1.16470e+00
115  0.34189 -1.56661e+00 |116 -0.08502  1.70878e+00 |117 -0.17584 -7.59178e-01
118 -0.17619  2.47507e+00 |119 -0.35296  1.30634e-02 |120  0.32485  6.12412e-01
121 -0.15383 -1.80891e-01 |122  0.00867  7.37473e-01 |123  0.02485 -2.78315e-01
124 -0.13302  2.18770e-01 |125  0.16928 -5.11526e-02 |126  0.03744 -6.96541e-01
127 -0.22611 -4.76436e-02 |128  0.45113  7.26437e-01 |129 -0.16323 -7.06381e-01
130  0.12075  1.04316e+00 |131 -0.13920 -6.87345e-01 |

Intermediate statistics: 131 variables; iteration 20; function evaluation 30; phase 4
Function value 2.5434672e+03; maximum gradient component mag 2.0116e+02
Var    Value     Gradient |Var    Value     Gradient |Var    Value     Gradient
  1 -0.16014 -9.56306e+01 |  2  0.02452 -2.57662e+01 |  3 -0.09351 -1.47009e+01
  4  0.03084  1.31188e+01 |  5 -0.42904 -2.66776e+00 |  6 -0.03567 -3.11175e+01
  7  0.06493 -1.02550e+02 |  8  0.02880 -1.64706e+01 |  9 -0.06751 -2.55476e+00
 10  0.05657 -8.03513e+00 | 11 -0.02712  9.89140e+01 | 12  0.00409 -1.08299e-02
 13  0.00468 -1.19673e-02 | 14  0.00536 -1.31158e-02 | 15  0.00614 -1.41558e-02
 16  0.00703 -1.48797e-02 | 17  0.00806 -1.51559e-02 | 18  0.00927 -1.51596e-02
 19  0.01066 -1.53116e-02 | 20  0.01227 -1.57158e-02 | 21  0.01412 -1.59711e-02
 22  0.01623 -1.57521e-02 | 23  0.01864 -1.50378e-02 | 24  0.02145 -1.34987e-02
 25  0.02470 -1.13487e-02 | 26  0.02840 -8.34032e-03 | 27  0.03245 -2.42064e-03
 28  0.03683  1.15050e-02 | 29  0.04138  4.33119e-02 | 30  0.04573  1.13319e-01
 31  0.04937  2.49688e-01 | 32  0.05193  4.82596e-01 | 33  0.05376  8.22456e-01
 34  0.05605  1.25444e+00 | 35  0.06079  1.73366e+00 | 36  0.06788  2.19519e+00
 37  0.07215  2.61295e+00 | 38  0.06227  2.99952e+00 | 39  0.03074  2.89335e+00
 40 -0.00241  2.33049e+00 | 41 -0.02172  2.17702e+00 | 42 -0.02298  2.74788e+00
 43 -0.00275  4.09982e+00 | 44  0.03732  6.21086e+00 | 45  0.05525  7.64138e+00
 46  0.05780  8.00192e+00 | 47  0.08631  7.90110e+00 | 48  0.00984  3.42974e+00
 49 -0.00990  3.40484e+00 | 50  0.06181  3.56067e+00 | 51 -0.02821 -7.10877e+00
 52  0.11079 -1.60765e+01 | 53 -0.05126 -2.18979e-01 | 54 -0.03402  1.44066e+01
 55 -0.04306  1.61308e+01 | 56  0.06491  1.49873e+01 | 57 -0.02458  2.26793e+01
 58 -0.07930  2.88273e+01 | 59 -0.12110  2.60573e+01 | 60 -0.11371  8.93630e+00
 61  0.17604  5.31566e+01 | 62 -0.11883  7.45265e+00 | 63  0.01949  1.11279e+01
 64  0.00520  7.25774e+00 | 65  0.02482 -2.79949e-01 | 66  0.02720  7.44031e+00
 67 -0.02366  1.53204e+01 | 68  0.00872  1.51650e+01 | 69 -0.07650  1.56555e+01
 70  0.02193  1.16764e+01 | 71 -0.07835  1.14111e+01 | 72 -0.04760  5.36848e+00
 73 -0.10165  7.65121e+00 | 74 -0.09798  5.49012e-01 | 75 -0.17415 -1.48660e+01
 76  0.28053  1.84709e+02 | 77 -0.22318 -1.22373e+01 | 78  0.01444  1.96714e+00
 79 -0.03920 -5.55147e-01 | 80  0.06360 -3.57610e+01 | 81 -0.09076  2.23440e+00
 82 -0.16827  1.66681e+01 | 83 -0.17943  1.88691e+01 | 84 -0.04864  6.54559e+00
 85 -0.05985 -2.60321e+00 | 86  0.06542 -6.99501e+01 | 87  0.11440 -4.16929e+01
 88  0.00211 -1.16801e+01 | 89  0.09913 -2.80582e+01 | 90  0.14285 -5.38311e+01
 91 -0.03432 -8.99563e+00 | 92  0.08383  3.64521e-01 | 93 -0.02104 -1.30402e+00
 94 -0.04305  9.53555e-01 | 95 -0.13403  6.53284e+00 | 96 -0.08228  4.89761e+00
 97 -0.00726  4.58692e+00 | 98  0.03400  2.43403e+00 | 99 -0.07485 -1.42876e-01
100  0.01262 -1.03110e+00 |101  0.07421  1.39313e+00 |102 -0.29157 -4.78690e+00
103 -0.05777  1.22753e+00 |104  0.20260 -8.66537e+01 |105 -0.14408  2.01156e+02
106 -0.06551  5.65950e-03 |107  0.89329  2.33478e-01 |108 -0.00486 -3.51068e+00
109  0.12972 -9.66928e+01 |110 -0.18525  1.74773e+02 |111  0.18628  6.09164e-01
112 -0.17972 -5.90647e-01 |113  0.32130  9.28744e+00 |114 -0.18166 -1.84511e+01
115  0.27934 -4.01038e+01 |116 -0.08187  1.53624e+02 |117 -0.17541  4.72221e-02
118 -0.18863 -1.23690e+01 |119 -0.37302  8.33892e+00 |120  0.24377  6.75364e+00
121 -0.13172  7.79302e-01 |122  0.00879  1.58636e+01 |123  0.00771 -5.54802e+00
124 -0.13520  4.33793e+00 |125  0.11340  5.16192e+00 |126  0.03335 -4.80957e+00
127 -0.17564 -7.77726e-01 |128  0.44324  2.74242e+00 |129 -0.16044 -3.94434e+00
130  0.09100  1.38737e+01 |131 -0.17477 -1.55652e+01 |
131 variables; iteration 40; function evaluation 56; phase 4
Function value 2.5352547e+03; maximum gradient component mag -1.2116e+02
Var    Value     Gradient |Var    Value     Gradient |Var    Value     Gradient
  1 -0.18006 -1.21161e+02 |  2  0.01030 -3.19931e+01 |  3 -0.08316 -9.38730e+00
  4  0.04886 -1.19306e+01 |  5 -0.42914  8.53007e+00 |  6 -0.02444 -3.20844e+01
  7  0.07380 -1.13322e+02 |  8 -0.00117 -2.68398e+01 |  9  0.04583 -5.25488e+01
 10 -0.01579  2.67835e+00 | 11 -0.05583  1.04058e+02 | 12  0.00501  2.45436e-02
 13  0.00566  2.40018e-02 | 14  0.00640  2.25606e-02 | 15  0.00722  1.98656e-02
 16  0.00814  1.55520e-02 | 17  0.00918  9.17547e-03 | 18  0.01037  1.58018e-04
 19  0.01171 -1.24935e-02 | 20  0.01320 -3.00390e-02 | 21  0.01486 -5.45278e-02
 22  0.01665 -8.66290e-02 | 23  0.01861 -1.27007e-01 | 24  0.02085 -1.73505e-01
 25  0.02347 -2.21990e-01 | 26  0.02660 -2.63930e-01 | 27  0.03040 -2.86033e-01
 28  0.03520 -2.72282e-01 | 29  0.04121 -2.14071e-01 | 30  0.04756 -1.45243e-01
 31  0.05138 -1.66895e-01 | 32  0.04956 -3.70685e-01 | 33  0.04433 -6.87495e-01
 34  0.04046 -9.81149e-01 | 35  0.04053 -1.21791e+00 | 36  0.04502 -1.35910e+00
 37  0.04890 -1.30615e+00 | 38  0.03975 -8.91775e-01 | 39  0.03621  1.37394e+00
 40  0.01171  2.66821e+00 | 41 -0.00722  3.12424e+00 | 42 -0.00908  3.49670e+00
 43  0.00215  2.79272e+00 | 44  0.01500  6.87728e-01 | 45  0.03579  1.46092e+00
 46  0.08696  5.31064e+00 | 47  0.04453  1.02495e+00 | 48  0.04903  7.79430e+00
 49 -0.00776  5.53321e+00 | 50  0.02060  9.65128e+00 | 51  0.06239  2.82095e+01
 52  0.09727  1.85593e+01 | 53 -0.02646  1.13231e+01 | 54 -0.02636  2.27417e+01
 55 -0.04627  1.26094e+01 | 56  0.06121 -9.85718e+00 | 57 -0.02399  1.24529e+01
 58 -0.08588  2.04436e+01 | 59 -0.12965  2.03954e+01 | 60 -0.11988  1.05314e+01
 61  0.17846  5.82094e+01 | 62 -0.15306 -1.35821e+00 | 63  0.02437  1.50990e+01
 64  0.00463  7.18452e+00 | 65  0.02705  2.38965e+00 | 66  0.03342  1.43178e+01
 67 -0.02008  1.96163e+01 | 68  0.01707  2.72526e+01 | 69 -0.07184  1.85456e+01
 70  0.02218  6.62415e+00 | 71 -0.08081  8.18879e+00 | 72 -0.05155  4.17262e+00
 73 -0.09866  1.08180e+01 | 74 -0.09453  5.00398e+00 | 75 -0.17752 -1.40855e+01
 76  0.26772  6.89330e+01 | 77 -0.17973 -4.31296e+00 | 78  0.02096  1.84669e+01
 79 -0.06452  4.78249e+00 | 80  0.06584 -3.95130e+01 | 81 -0.08873  1.82981e+00
 82 -0.16905  1.70193e+01 | 83 -0.18456  2.08909e+01 | 84 -0.06522 -3.64037e+00
 85 -0.07660  1.07343e+01 | 86  0.07577 -4.34123e+01 | 87  0.12128 -2.53284e+01
 88  0.00350 -6.95893e+00 | 89  0.09726 -2.43090e+01 | 90  0.14895 -3.32613e+01
 91 -0.02875 -2.60173e+00 | 92  0.07261 -3.96726e+00 | 93  0.00036  1.17210e+01
 94 -0.03134  1.10846e+01 | 95 -0.13142  8.86607e+00 | 96 -0.09462  2.00166e+00
 97 -0.02568 -9.75312e+00 | 98  0.02645 -1.62405e+01 | 99 -0.08743 -7.69763e+00
100  0.03685  4.86665e+00 |101  0.08229 -9.75076e-01 |102 -0.25609 -7.21003e-01
103 -0.09597 -7.06866e-01 |104  0.22029 -2.89714e+01 |105 -0.14661  7.97776e+01
106 -0.15897 -1.61332e+00 |107  0.83207 -1.20031e-01 |108 -0.00155  5.95353e+00
109  0.12728 -5.65436e+01 |110 -0.18643  1.08442e+02 |111  0.32231  1.45434e+00
112 -0.10874  3.36622e+00 |113  0.34285  1.31636e+01 |114 -0.17226 -1.65466e+01
115  0.26687 -1.76825e+01 |116 -0.08895  6.57014e+01 |117 -0.15937  2.85687e-01
118 -0.16555  4.77165e+01 |119 -0.36195 -1.41947e+01 |120  0.05341  1.45502e+01
121 -0.04974  3.66669e+01 |122 -0.01261  3.29097e-01 |123 -0.00992 -2.26664e+00
124 -0.11534  6.84488e-01 |125 -0.08825  7.17153e+00 |126 -0.04051 -3.12523e+01
127  0.05314  8.46105e+00 |128  0.43044 -8.44664e+00 |129 -0.15679  1.40033e+01
130  0.05991 -2.71185e-01 |131 -0.19746 -3.16990e+00 |
131 variables; iteration 60; function evaluation 77; phase 4
Function value 2.5305232e+03; maximum gradient component mag -1.3939e+02
Var    Value     Gradient |Var    Value     Gradient |Var    Value     Gradient
  1 -0.21805 -1.39393e+02 |  2  0.01345 -2.05199e+01 |  3 -0.07614 -5.25200e-01
  4  0.04365 -2.02050e+01 |  5 -0.43499  4.49841e+00 |  6  0.00888 -3.09819e+01
  7  0.07280 -7.25007e+01 |  8 -0.00243 -2.13375e+01 |  9  0.04671 -5.14396e+01
 10 -0.00100  5.12773e+00 | 11 -0.09515  1.00135e+02 | 12  0.00329 -4.09093e-02
 13  0.00381 -3.84928e-02 | 14  0.00440 -3.45112e-02 | 15  0.00507 -2.85363e-02
 16  0.00586 -2.00707e-02 | 17  0.00676 -8.54473e-03 | 18  0.00783  6.85432e-03
 19  0.00907  2.70632e-02 | 20  0.01051  5.35108e-02 | 21  0.01219  8.72897e-02
 22  0.01412  1.30752e-01 | 23  0.01634  1.85772e-01 | 24  0.01894  2.56394e-01
 25  0.02200  3.46379e-01 | 26  0.02554  4.59601e-01 | 27  0.02947  5.97338e-01
 28  0.03371  7.53599e-01 | 29  0.03789  9.09666e-01 | 30  0.04107  1.02211e+00
 31  0.04206  1.02777e+00 | 32  0.04010  8.72403e-01 | 33  0.03572  5.25194e-01
 34  0.03047  9.20471e-03 | 35  0.02697 -5.51262e-01 | 36  0.02734 -9.24087e-01
 37  0.02837 -9.27694e-01 | 38  0.02029 -4.87986e-01 | 39  0.01015  1.23086e+00
 40  0.01460  5.53081e+00 | 41  0.00792  8.09181e+00 | 42  0.00154  8.06402e+00
 43  0.00767  6.57409e+00 | 44  0.02088  3.86428e+00 | 45  0.03129  2.72492e+00
 46  0.05361  3.95092e+00 | 47  0.06585  4.39024e+00 | 48  0.04029  1.10957e+01
 49  0.00751  1.28862e+01 | 50  0.02356  1.44310e+01 | 51  0.05028  2.53264e+01
 52  0.09734  2.10117e+01 | 53 -0.01125  1.61460e+01 | 54 -0.04069  1.53517e+01
 55 -0.04475  1.14815e+01 | 56  0.06297 -2.93293e+00 | 57 -0.01973  1.66287e+01
 58 -0.08916  1.75920e+01 | 59 -0.13334  1.66144e+01 | 60 -0.12304  6.87970e+00
 61  0.17733  1.95529e+01 | 62 -0.14809 -2.23127e+00 | 63  0.02095  1.60887e+00
 64 -0.00268 -1.02734e+00 | 65  0.03165  1.05839e+01 | 66  0.03712  1.90452e+01
 67 -0.02963  1.15516e+01 | 68  0.02018  1.92122e+01 | 69 -0.09983  4.54725e+00
 70  0.01880 -6.62670e+00 | 71 -0.08952  4.35214e+00 | 72 -0.04642  8.98794e+00
 73 -0.11549  6.26236e+00 | 74 -0.09311  5.17537e+00 | 75 -0.19176 -1.65709e+01
 76  0.26113 -3.12276e+01 | 77 -0.16155 -1.66336e+00 | 78  0.01895  1.68410e+01
 79 -0.04954  1.77828e+01 | 80  0.06950 -1.63526e+01 | 81 -0.09241 -4.56728e-01
 82 -0.17813  1.23687e+01 | 83 -0.19865  1.45246e+01 | 84 -0.06182 -1.44486e+00
 85 -0.08878  5.42083e+00 | 86  0.08997 -3.07983e+00 | 87  0.12576 -4.13929e+00
 88  0.00886  1.12268e-01 | 89  0.09900 -1.41289e+01 | 90  0.15916 -8.50006e-01
 91 -0.02901 -3.23424e+00 | 92  0.06756 -1.60858e+01 | 93  0.00517  1.12896e+01
 94 -0.02422  1.00773e+01 | 95 -0.13850  3.41241e+00 | 96 -0.10127 -3.81326e+00
 97 -0.01153 -6.18125e+00 | 98  0.03651 -1.50442e+01 | 99 -0.07008 -4.46358e+00
100  0.05746  8.66871e+00 |101  0.09157 -3.57245e-01 |102 -0.20852  4.34363e+00
103 -0.13979 -4.07135e+00 |104  0.15986  6.24932e+00 |105 -0.18538 -2.03710e+01
106  0.04499  4.04102e-01 |107  0.68630  5.50062e-01 |108 -0.01357 -3.64723e+00
109  0.10638 -2.88181e+01 |110 -0.20077  4.77311e+01 |111  0.17070 -6.96786e+00
112 -0.16930  1.11540e+01 |113  0.33072  1.05543e+01 |114 -0.17646 -1.87039e+01
115  0.24696  5.04296e+00 |116 -0.09966 -1.38982e+01 |117 -0.17438 -2.70837e-01
118 -0.15444  5.49452e+01 |119 -0.35077 -1.89826e+01 |120 -0.01284  1.12429e+01
121 -0.05002  3.15873e+01 |122 -0.00539  1.43331e+00 |123  0.00052 -5.74720e-01
124 -0.13061  5.65097e-01 |125  0.00171  7.18285e+00 |126 -0.00504 -1.59587e+01
127 -0.07476  7.29349e+00 |128  0.42573 -4.31684e+00 |129 -0.16378  5.62962e+00
130  0.05176 -9.23327e+00 |131 -0.19708  5.91747e+00 |
131 variables; iteration 80; function evaluation 98; phase 4
Function value 2.5287011e+03; maximum gradient component mag -8.5447e+01
Var    Value     Gradient |Var    Value     Gradient |Var    Value     Gradient
  1 -0.22517 -8.54470e+01 |  2  0.01965 -5.46658e+00 |  3 -0.08013  8.31277e+00
  4  0.04299 -2.16924e+01 |  5 -0.44221  2.78433e+00 |  6  0.02041 -1.47786e+01
  7  0.07302 -2.35642e+01 |  8  0.00323 -1.19482e+01 |  9  0.04624 -4.69522e+01
 10  0.00647  9.65244e+00 | 11 -0.11405  6.76377e+01 | 12  0.00367 -7.01411e-02
 13  0.00422 -7.17934e-02 | 14  0.00485 -7.21850e-02 | 15  0.00558 -7.09049e-02
 16  0.00642 -6.75452e-02 | 17  0.00740 -6.17263e-02 | 18  0.00854 -5.30681e-02
 19  0.00986 -4.15303e-02 | 20  0.01136 -2.75991e-02 | 21  0.01302 -1.33492e-02
 22  0.01482 -4.21026e-04 | 23  0.01674  9.92433e-03 | 24  0.01889  2.13575e-02
 25  0.02140  4.31061e-02 | 26  0.02450  9.36925e-02 | 27  0.02844  1.94724e-01
 28  0.03343  3.56578e-01 | 29  0.03895  5.46862e-01 | 30  0.04314  6.70314e-01
 31  0.04406  6.37182e-01 | 32  0.04095  4.08050e-01 | 33  0.03504 -4.62170e-03
 34  0.02994 -4.61563e-01 | 35  0.03136 -6.92247e-01 | 36  0.04007 -6.61760e-01
 37  0.04615 -5.99986e-01 | 38  0.03780 -3.26886e-01 | 39  0.01483  3.11447e-01
 40  0.00467  2.37800e+00 | 41 -0.01032  3.08096e+00 | 42 -0.00900  3.72112e+00
 43 -0.00546  1.87938e+00 | 44  0.02431  7.93361e-01 | 45  0.03392 -4.25033e-01
 46  0.08103 -1.19793e-01 | 47  0.05513 -4.34044e+00 | 48  0.03374  5.01595e-01
 49  0.00433  5.05740e+00 | 50  0.03136  1.00738e+01 | 51  0.05186  2.05830e+01
 52  0.10465  1.37906e+01 | 53 -0.02143  8.69471e+00 | 54 -0.02991  1.51511e+01
 55 -0.04642  1.08857e+01 | 56  0.07138  8.73970e+00 | 57 -0.01675  1.76672e+01
 58 -0.08650  1.49538e+01 | 59 -0.13882  1.11900e+01 | 60 -0.12476  4.52868e+00
 61  0.18255  3.69115e+01 | 62 -0.14910 -1.76078e+00 | 63  0.02920  1.16233e+01
 64 -0.00342  1.95419e-01 | 65  0.03624  1.50728e+01 | 66  0.04091  2.02525e+01
 67 -0.03338  3.88947e+00 | 68  0.01180 -1.04474e-01 | 69 -0.09980  2.94439e+00
 70  0.02078 -1.03530e+00 | 71 -0.09280  3.67991e+00 | 72 -0.05191  5.02787e+00
 73 -0.11973  3.70067e+00 | 74 -0.10568 -4.57666e-02 | 75 -0.17082 -1.47312e+01
 76  0.25962 -2.98683e+01 | 77 -0.17998 -5.41456e+00 | 78  0.01472  9.99833e+00
 79 -0.05379  1.46120e+01 | 80  0.06829 -1.33435e+01 | 81 -0.09739 -2.37197e+00
 82 -0.19187  6.43539e+00 | 83 -0.21467  8.60144e+00 | 84 -0.06381  4.35411e-02
 85 -0.09348  4.34012e+00 | 86  0.08612 -4.55790e+00 | 87  0.12312 -8.31120e-01
 88  0.00466 -1.60150e-02 | 89  0.09894 -8.40210e+00 | 90  0.15573 -1.22990e-01
 91 -0.03324 -3.96542e+00 | 92  0.06901 -9.41546e+00 | 93  0.00077  1.02875e+01
 94 -0.02583  1.03236e+01 | 95 -0.14992  3.09046e-01 | 96 -0.10295 -3.96456e+00
 97 -0.01338 -4.87880e+00 | 98  0.03250 -1.37756e+01 | 99 -0.08763 -9.32518e+00
100  0.03927  3.97734e+00 |101  0.09457  1.17494e+00 |102 -0.25526  9.92346e-01
103 -0.14640 -4.65631e+00 |104  0.17220  1.85770e+01 |105 -0.18082 -4.60831e+01
106 -0.07086 -9.68206e-01 |107  0.63375  8.71477e-01 |108 -0.01942 -5.81485e+00
109  0.10208  4.23042e-01 |110 -0.20582  1.37995e+00 |111  0.19984 -3.96497e+00
112 -0.15366  9.60930e+00 |113  0.33299  3.92146e+00 |114 -0.17453 -4.46665e+00
115  0.23563  6.85783e+00 |116 -0.10406 -2.80402e+01 |117 -0.14264  8.77522e-01
118 -0.15843  1.66156e+01 |119 -0.34839 -6.43746e+00 |120 -0.04484  6.22065e+00
121 -0.04320  5.33123e+01 |122 -0.00983  2.93692e+00 |123 -0.00590 -2.23837e+00
124 -0.12257  1.38490e+00 |125 -0.03162 -4.17050e-01 |126 -0.01610 -1.52132e+01
127 -0.06418  2.49522e+00 |128  0.42955 -8.87323e-01 |129 -0.16623  3.22130e-02
130  0.04336 -1.19298e+01 |131 -0.20549  6.31718e+00 |
131 variables; iteration 100; function evaluation 120; phase 4
Function value 2.5268623e+03; maximum gradient component mag -4.6724e+01
Var    Value     Gradient |Var    Value     Gradient |Var    Value     Gradient
  1 -0.24401 -2.18856e+01 |  2  0.02427 -1.22438e+01 |  3 -0.08327  1.55970e+00
  4  0.04705 -2.08609e+01 |  5 -0.43932  2.83394e+00 |  6  0.04275 -1.17341e+01
  7  0.08018 -1.56998e+01 |  8 -0.01642 -6.93197e+00 |  9  0.06120 -4.67244e+01
 10 -0.03474  2.13366e+00 | 11 -0.13644  7.16423e+00 | 12  0.00595  8.46175e-03
 13  0.00664  4.96533e-03 | 14  0.00739 -4.00795e-04 | 15  0.00821 -7.89747e-03
 16  0.00911 -1.79052e-02 | 17  0.01011 -3.09946e-02 | 18  0.01123 -4.79513e-02
 19  0.01249 -6.92091e-02 | 20  0.01386 -9.54358e-02 | 21  0.01530 -1.31903e-01
 22  0.01663 -1.88749e-01 | 23  0.01764 -2.81839e-01 | 24  0.01822 -4.19343e-01
 25  0.01865 -5.80621e-01 | 26  0.02000 -6.88991e-01 | 27  0.02384 -6.42787e-01
 28  0.03079 -4.26420e-01 | 29  0.03867 -1.91759e-01 | 30  0.04333 -1.48252e-01
 31  0.04237 -3.76548e-01 | 32  0.03496 -9.07831e-01 | 33  0.02459 -1.63319e+00
 34  0.01994 -2.15843e+00 | 35  0.01500 -2.84541e+00 | 36  0.03706 -2.50950e+00
 37  0.07078 -2.33172e+00 | 38  0.01797 -3.36909e+00 | 39 -0.00765 -3.17040e+00
 40 -0.00261 -2.93045e-01 | 41 -0.00639  1.68821e+00 | 42 -0.04722 -2.35910e+00
 43  0.02552  2.67823e+00 | 44  0.02263 -1.99262e+00 | 45 -0.00128 -4.31414e+00
 46  0.10131 -2.13228e+00 | 47  0.04200 -4.57349e+00 | 48  0.06300  8.10328e-01
 49 -0.02813 -2.00171e+00 | 50  0.03792  3.99526e+00 | 51  0.05002  1.49789e+01
 52  0.11213  9.07511e+00 | 53 -0.03065  2.43850e+00 | 54 -0.02800  6.71801e+00
 55 -0.05532  2.87636e-02 | 56  0.07112 -1.46374e+01 | 57 -0.01371  7.35467e+00
 58 -0.09986  1.77712e+00 | 59 -0.14925  2.43848e+00 | 60 -0.12717  8.98743e-01
 61  0.18565  1.67954e+01 | 62 -0.14729 -2.94854e+00 | 63  0.02847  2.99737e+00
 64  0.00123 -1.50735e+00 | 65  0.03474  1.20782e+01 | 66  0.04595  2.37038e+01
 67 -0.04066  1.13812e-01 | 68  0.01320 -4.81625e-01 | 69 -0.09654  4.42793e+00
 70  0.01984 -6.03000e-01 | 71 -0.09842  2.86352e+00 | 72 -0.04407  1.24720e+01
 73 -0.12894  1.84522e+00 | 74 -0.10935  3.29340e-01 | 75 -0.13292 -9.08361e+00
 76  0.26036 -1.65759e+01 | 77 -0.16333 -2.13845e+00 | 78  0.01338  6.65648e+00
 79 -0.06071  1.00882e+01 | 80  0.06608 -2.01603e+01 | 81 -0.09723 -1.46672e+00
 82 -0.20074  2.11528e+00 | 83 -0.22547  4.31555e+00 | 84 -0.06151  4.71316e+00
 85 -0.09885  3.84525e+00 | 86  0.08190 -1.25709e+01 | 87  0.12191 -1.88319e+00
 88  0.00666  2.80600e+00 | 89  0.09790 -8.23522e+00 | 90  0.15235 -5.37559e+00
 91 -0.03972 -6.73006e+00 | 92  0.07140 -2.42834e+00 | 93  0.00000  9.23616e+00
 94 -0.03096  7.27342e+00 | 95 -0.14806  8.55294e-01 | 96 -0.10701 -5.66644e+00
 97 -0.01835 -7.20955e+00 | 98  0.03413 -9.84060e+00 | 99 -0.08013 -6.74669e+00
100  0.06170  1.09819e+01 |101  0.11774  5.56472e+00 |102 -0.27265 -3.76414e-01
103 -0.11764 -3.34918e-01 |104  0.16690 -2.89159e+00 |105 -0.17849 -6.56304e+00
106 -0.03945 -3.06418e-01 |107  0.45615  4.56517e-02 |108 -0.04016  4.40738e-01
109  0.08114 -6.39897e+00 |110 -0.21937 -2.61099e+00 |111  0.21820 -2.66375e+00
112 -0.14085  9.56872e+00 |113  0.32123 -2.56133e+00 |114 -0.17837 -8.59450e-02
115  0.23115  5.68995e+00 |116 -0.10370 -2.10868e+01 |117 -0.15072  1.21500e+00
118 -0.15800  6.30047e+00 |119 -0.34798 -2.15424e+00 |120 -0.04162  4.82987e+00
121 -0.05276  3.30858e+01 |122 -0.01572  3.05101e+00 |123 -0.00754  7.91320e-01
124 -0.11117  3.87331e+00 |125 -0.02917 -1.10608e+00 |126 -0.01770 -1.78410e+01
127 -0.08453 -1.78355e+00 |128  0.42908 -1.45285e+00 |129 -0.16453  1.29480e+00
130  0.04681 -8.01910e+00 |131 -0.20143  5.62536e+00 |
131 variables; iteration 120; function evaluation 144; phase 4
Function value 2.5250419e+03; maximum gradient component mag -3.2614e+01
Var    Value     Gradient |Var    Value     Gradient |Var    Value     Gradient
  1 -0.24104  6.66090e+00 |  2  0.02432 -1.04508e+01 |  3 -0.08574 -2.41733e+00
  4  0.04098 -1.53699e+01 |  5 -0.43927  1.56802e+00 |  6  0.04058 -5.12534e+00
  7  0.08407 -7.92484e+00 |  8 -0.03037 -5.73559e+00 |  9  0.08487 -3.26136e+01
 10 -0.05816  2.36670e+00 | 11 -0.14802 -1.80945e+01 | 12  0.02086  1.39174e+00
 13  0.01756  1.06121e+00 | 14  0.01353  6.66247e-01 | 15  0.00917  2.42443e-01
 16  0.00518 -1.52850e-01 | 17  0.00253 -4.39332e-01 | 18  0.00243 -5.21556e-01
 19  0.00588 -3.24055e-01 | 20  0.01286  1.40882e-01 | 21  0.02158  7.14191e-01
 22  0.02798  1.07884e+00 | 23  0.02966  1.06807e+00 | 24  0.02980  9.31844e-01
 25  0.03348  1.03487e+00 | 26  0.03792  1.16938e+00 | 27  0.03141  5.57339e-01
 28  0.02958  2.65501e-01 | 29  0.06386  2.15553e+00 | 30  0.07112  2.29408e+00
 31  0.06276  1.62514e+00 | 32  0.03302 -2.45643e-01 | 33  0.00356 -2.31207e+00
 34  0.03078 -1.10923e+00 | 35 -0.01191 -4.07223e+00 | 36  0.10501 -1.35167e+00
 37  0.02770 -3.33388e+00 | 38 -0.00753 -4.76848e+00 | 39  0.01979 -1.99981e+00
 40  0.02423  1.10003e+00 | 41 -0.00465  7.54400e-01 | 42 -0.04298 -2.91800e+00
 43 -0.00619 -1.69806e+00 | 44  0.02277 -3.46087e+00 | 45  0.04167 -3.76751e+00
 46  0.09712 -3.75203e+00 | 47  0.04636 -5.72891e+00 | 48  0.07034 -1.22819e+00
 49 -0.02757 -3.70156e+00 | 50  0.04764 -8.64711e-01 | 51  0.03647  7.26435e+00
 52  0.12786  7.88569e+00 | 53 -0.05216 -3.32722e+00 | 54 -0.02094  1.80066e+00
 55 -0.05867 -3.10249e+00 | 56  0.08063 -1.36644e+01 | 57 -0.01839  2.92903e-01
 58 -0.09048 -4.08049e-01 | 59 -0.16037 -2.36720e+00 | 60 -0.10755  4.65257e+00
 61  0.18959  4.52210e+00 | 62 -0.13477 -1.59153e+00 | 63  0.03232  7.26202e-01
 64  0.00652 -3.06630e+00 | 65  0.03871  6.30155e+00 | 66  0.04547  1.35074e+01
 67 -0.03156  2.04354e+00 | 68  0.01935  4.38511e+00 | 69 -0.09518  4.17044e+00
 70  0.02398 -2.31245e+00 | 71 -0.09397  1.69818e+00 | 72 -0.04700  4.73910e+00
 73 -0.12009  1.94969e+00 | 74 -0.11438 -8.52354e-01 | 75 -0.08578 -3.60047e-02
 76  0.26602 -1.14309e+01 | 77 -0.13420  3.58006e+00 | 78  0.01750  5.27356e+00
 79 -0.06074  6.27015e+00 | 80  0.07344 -1.24658e+01 | 81 -0.08931 -2.30878e-02
 82 -0.19419  2.42371e+00 | 83 -0.22550  2.50200e+00 | 84 -0.05817  1.53087e+00
 85 -0.09688  1.30007e+00 | 86  0.09011 -4.03946e+00 | 87  0.12871 -2.27138e-01
 88  0.01282  2.14989e+00 | 89  0.10435 -7.09233e+00 | 90  0.15966 -4.66401e+00
 91 -0.02808 -3.58639e+00 | 92  0.07741 -3.53872e+00 | 93  0.00658  6.96198e+00
 94 -0.02581  5.47034e+00 | 95 -0.15293 -1.77196e+00 | 96 -0.08997 -1.08407e+00
 97 -0.01031 -2.61944e+00 | 98  0.04420 -5.35048e+00 | 99 -0.06426 -2.11872e+00
100  0.05377  7.14627e+00 |101  0.09973  1.45949e+00 |102 -0.25438  1.89880e+00
103 -0.11908 -8.09376e-01 |104  0.17835 -3.92748e+00 |105 -0.17077  5.02274e+00
106 -0.01582  3.27781e-01 |107  0.34959 -2.05624e+00 |108 -0.06270  2.62653e+00
109  0.08867  4.08721e+00 |110 -0.21420 -1.09687e+01 |111  0.19755 -1.48213e+00
112 -0.15652  5.12689e+00 |113  0.33273 -8.50678e-01 |114 -0.17373  3.25124e+00
115  0.23627  2.03163e+00 |116 -0.10003 -1.10269e+00 |117 -0.11573  2.44462e+00
118 -0.15738  1.06555e+01 |119 -0.34977 -4.60159e+00 |120 -0.03546  5.28897e+00
121 -0.05547  2.30353e+01 |122 -0.01603  3.85922e+00 |123 -0.01197 -8.68130e-01
124 -0.11354  3.35647e+00 |125 -0.00385  4.00284e+00 |126 -0.00588 -1.36879e+01
127 -0.09507  2.56659e+00 |128  0.42826 -1.96527e+00 |129 -0.16551  1.76203e+00
130  0.04689 -6.04580e+00 |131 -0.20244  3.97703e+00 |
131 variables; iteration 140; function evaluation 172; phase 4
Function value 2.5229331e+03; maximum gradient component mag 1.3694e+01
Var    Value     Gradient |Var    Value     Gradient |Var    Value     Gradient
  1 -0.23217  1.36938e+01 |  2  0.02978 -6.06993e+00 |  3 -0.08834 -1.39790e+00
  4  0.03055 -9.29549e+00 |  5 -0.43712 -6.36838e-01 |  6  0.03313 -1.93048e+00
  7  0.08446 -1.34937e+01 |  8 -0.03778 -4.06053e+00 |  9  0.11237 -1.28186e+01
 10 -0.07928  1.79177e+00 | 11 -0.11793 -1.24308e+01 | 12 -0.01045 -1.36261e+00
 13  0.01729  9.03105e-01 | 14  0.02644  1.57532e+00 | 15 -0.00230 -8.61191e-01
 16 -0.00557 -1.20520e+00 | 17  0.00811 -1.81054e-01 | 18  0.00447 -5.76240e-01
 19  0.00998 -2.58840e-01 | 20  0.02190  5.16457e-01 | 21  0.02276  4.20498e-01
 22  0.01073 -6.28201e-01 | 23  0.01322 -6.10116e-01 | 24  0.01987 -3.24086e-01
 25  0.01521 -8.40750e-01 | 26  0.01484 -1.06377e+00 | 27  0.01647 -1.15190e+00
 28  0.04840  5.09924e-01 | 29  0.03829 -2.46230e-01 | 30  0.02619 -1.07234e+00
 31  0.02152 -1.43473e+00 | 32  0.03473 -7.63919e-01 | 33  0.05143 -8.86397e-03
 34  0.02865 -1.28193e+00 | 35  0.02558 -1.74962e+00 | 36  0.05315 -1.09099e+00
 37  0.05482 -1.52239e+00 | 38  0.04159 -1.71892e+00 | 39  0.02245 -9.80493e-01
 40 -0.02487 -2.35837e+00 | 41 -0.03188 -1.45158e+00 | 42 -0.02397 -4.86820e-01
 43 -0.02125 -2.20303e+00 | 44  0.00123 -3.45751e+00 | 45  0.08294 -1.57458e+00
 46  0.00037 -3.82252e+00 | 47  0.10599 -4.15697e+00 | 48  0.01245 -2.09346e+00
 49 -0.00894 -1.18052e+00 | 50  0.04783 -1.37565e-01 | 51  0.01595  1.17485e+00
 52  0.11549 -3.03808e+00 | 53 -0.03480 -1.15434e+00 | 54 -0.04196 -9.73202e-01
 55 -0.05946 -1.13299e+00 | 56  0.07522 -3.44524e+00 | 57 -0.02984 -4.42081e-01
 58 -0.09799 -1.12919e+00 | 59 -0.16543 -1.91654e+00 | 60 -0.11412  4.50319e+00
 61  0.18030  3.06992e+00 | 62 -0.12695  1.21917e+00 | 63  0.02211 -6.45887e-01
 64  0.00195 -2.02102e+00 | 65  0.03113  2.46871e+00 | 66  0.03363  4.03398e+00
 67 -0.03178  2.79446e+00 | 68  0.01231  1.95870e+00 | 69 -0.11052  4.73877e-01
 70  0.02159 -4.37834e-01 | 71 -0.10035  3.23031e-01 | 72 -0.05459 -8.92133e-01
 73 -0.13167 -2.30902e+00 | 74 -0.12029 -1.97630e+00 | 75 -0.07506  3.71878e+00
 76  0.26381 -3.49724e-01 | 77 -0.13319  4.22972e+00 | 78  0.01293  2.08163e+00
 79 -0.06911  1.49361e+00 | 80  0.07156 -3.65719e+00 | 81 -0.09442 -2.05887e+00
 82 -0.20618 -1.53513e+00 | 83 -0.23821 -4.28888e-01 | 84 -0.06673 -1.70140e+00
 85 -0.09882 -7.46252e-02 | 86  0.08633  4.37007e-01 | 87  0.12494  1.58140e+00
 88  0.00832  1.06045e+00 | 89  0.10212 -1.06938e+00 | 90  0.15577  3.48385e-01
 91 -0.02549  1.15231e+00 | 92  0.07335 -1.18756e+00 | 93 -0.00149  2.39986e+00
 94 -0.03445  1.75498e+00 | 95 -0.15286 -7.51150e-01 | 96 -0.09635 -1.65615e+00
 97 -0.01628 -1.18912e+00 | 98  0.04031 -2.04625e+00 | 99 -0.06989 -1.63109e+00
100  0.02669  2.83707e-01 |101  0.08426 -3.15396e-02 |102 -0.25951  9.39569e-01
103 -0.12053 -1.09708e+00 |104  0.18506 -1.35492e+00 |105 -0.16772  7.19534e-01
106 -0.06984 -3.04411e-01 |107  0.38574 -3.39375e-01 |108 -0.05682 -1.30302e+00
109  0.09531 -6.03704e+00 |110 -0.20805  1.13909e+01 |111  0.17794 -1.02246e+00
112 -0.17123  2.17879e+00 |113  0.33004 -1.13099e+00 |114 -0.17480  1.60979e+00
115  0.23989 -1.76683e+00 |116 -0.09900  2.01852e+00 |117 -0.16672 -9.86726e-02
118 -0.14702  9.59468e+00 |119 -0.33425 -3.04225e+00 |120 -0.07120  2.57468e+00
121 -0.05707  8.29884e+00 |122 -0.00264  6.13669e-02 |123  0.00034 -1.28697e-01
124 -0.14743 -1.41648e+00 |125  0.01240  5.94982e-01 |126  0.00430 -2.52715e+00
127 -0.10680  7.59633e-01 |128  0.43302 -9.72355e-01 |129 -0.16297  1.05992e+00
130  0.04769 -3.62577e+00 |131 -0.20210  2.41552e+00 |
131 variables; iteration 160; function evaluation 195; phase 4
Function value 2.5223888e+03; maximum gradient component mag 1.3692e+01
Var    Value     Gradient |Var    Value     Gradient |Var    Value     Gradient
  1 -0.23213  1.36923e+01 |  2  0.03217 -1.00832e+00 |  3 -0.09020 -3.45797e-01
  4  0.03028 -7.59672e-01 |  5 -0.43569 -2.99213e-02 |  6  0.03540  1.29930e+00
  7  0.08770 -3.80390e-01 |  8 -0.04885 -2.69470e-02 |  9  0.12604 -9.89364e-01
 10 -0.10225 -4.80984e-02 | 11 -0.12104 -1.09831e+01 | 12  0.00426 -8.40673e-02
 13  0.00629  3.10509e-02 | 14  0.00706  3.28645e-02 | 15  0.00796  3.83256e-02
 16  0.00736 -8.75991e-02 | 17  0.00858 -7.43154e-02 | 18  0.00897 -1.40130e-01
 19  0.01276  5.04241e-02 | 20  0.01463  7.21514e-02 | 21  0.01359 -1.42980e-01
 22  0.01671 -5.34069e-02 | 23  0.01839 -8.73504e-02 | 24  0.02087 -8.22328e-02
 25  0.02317 -1.09807e-01 | 26  0.02557 -1.44663e-01 | 27  0.02932 -9.66087e-02
 28  0.03279 -7.02369e-02 | 29  0.03434 -1.48263e-01 | 30  0.03527 -2.24819e-01
 31  0.03622 -2.46645e-01 | 32  0.03585 -2.88377e-01 | 33  0.03613 -2.88038e-01
 34  0.03586 -3.95602e-01 | 35  0.03856 -5.23922e-01 | 36  0.04745 -5.57910e-01
 37  0.05643 -5.67177e-01 | 38  0.04534 -6.59652e-01 | 39  0.01773 -5.02633e-01
 40 -0.01289 -6.96197e-01 | 41 -0.02994 -6.83426e-01 | 42 -0.03053 -5.55604e-01
 43 -0.01388 -8.58062e-01 | 44  0.02530 -1.30955e+00 | 45  0.06283 -6.90946e-01
 46  0.01572 -2.18652e+00 | 47  0.11013 -1.76912e+00 | 48  0.00963 -1.57799e+00
 49 -0.00746 -1.03950e+00 | 50  0.05299 -1.32742e+00 | 51  0.00337 -1.44121e+00
 52  0.12025 -2.07321e+00 | 53 -0.03693 -9.56745e-01 | 54 -0.04044 -6.00491e-01
 55 -0.05833 -6.01185e-01 | 56  0.07707 -1.38906e+00 | 57 -0.03041 -5.52822e-01
 58 -0.09570 -1.84086e-01 | 59 -0.15658 -1.11395e-01 | 60 -0.12927 -5.69813e-01
 61  0.18176 -2.96696e+00 | 62 -0.13311 -5.94244e-01 | 63  0.02317 -4.94094e-01
 64  0.00514 -2.66355e-01 | 65  0.03063 -4.05532e-02 | 66  0.03432  9.44174e-02
 67 -0.03287  3.32085e-02 | 68  0.01379  1.55671e-01 | 69 -0.11030  1.44099e-01
 70  0.02340  1.19722e-01 | 71 -0.10046  2.19021e-01 | 72 -0.05339  3.38786e-01
 73 -0.12473  3.38434e-01 | 74 -0.11327  6.86248e-02 | 75 -0.09137 -5.83722e-01
 76  0.26535 -1.21361e+00 | 77 -0.15191 -3.06413e-01 | 78  0.01326  1.55382e-01
 79 -0.07020  3.76301e-01 | 80  0.07312 -1.90303e-01 | 81 -0.09034  2.83827e-01
 82 -0.20037  3.97498e-01 | 83 -0.23435  3.67345e-01 | 84 -0.06398  2.62334e-01
 85 -0.09795  1.77557e-01 | 86  0.08702 -1.81834e-01 | 87  0.12581 -9.21550e-02
 88  0.00890  6.73772e-02 | 89  0.10336 -3.80835e-02 | 90  0.15660 -3.53809e-02
 91 -0.02649 -7.66622e-02 | 92  0.07456 -2.10082e-02 | 93 -0.00185  1.75017e-01
 94 -0.03569  1.85903e-01 | 95 -0.15001  1.41032e-01 | 96 -0.09249  1.02460e-01
 97 -0.01682 -4.50510e-02 | 98  0.04224 -3.93484e-02 | 99 -0.06579  2.74537e-02
100  0.02631  1.61312e-01 |101  0.08418  3.44584e-02 |102 -0.26896  4.37215e-02
103 -0.10698  3.47787e-02 |104  0.18399 -9.71579e-01 |105 -0.16749  1.43648e+00
106 -0.06505 -3.47870e-02 |107  0.44311 -1.64888e-01 |108 -0.04286  8.03811e-01
109  0.08917 -1.07200e+00 |110 -0.21236  1.38398e+00 |111  0.17328 -4.54065e-03
112 -0.17558  7.13940e-02 |113  0.32975 -8.73772e-01 |114 -0.17435  1.59823e+00
115  0.23980 -5.20916e-01 |116 -0.09862  1.23233e+00 |117 -0.17050 -1.25010e-02
118 -0.14495 -3.30208e-01 |119 -0.33072  1.16027e-01 |120 -0.08420 -3.58721e-02
121 -0.05840  1.14996e-01 |122 -0.00893 -1.04664e-02 |123 -0.00631  1.01518e-01
124 -0.13482 -4.46182e-02 |125  0.01729 -2.41632e-02 |126  0.00666 -1.20977e-01
127 -0.11231  2.65809e-02 |128  0.43382 -2.37909e-01 |129 -0.16268  2.11996e-01
130  0.04899 -3.81194e-01 |131 -0.20136  2.90332e-01 |
  ic > imax  in fminim is answer attained ?
Var    Value     Gradient |Var    Value     Gradient |Var    Value     Gradient
  1 -0.23168 -2.00161e-04 |  2  0.03246 -1.98453e-05 |  3 -0.09036 -3.13902e-05
  4  0.02991 -1.32409e-05 |  5 -0.43575  5.98338e-07 |  6  0.03501 -3.13913e-05
  7  0.08770 -1.53486e-04 |  8 -0.04937 -1.01311e-05 |  9  0.12708 -1.55590e-05
 10 -0.10263 -2.96380e-05 | 11 -0.11870  1.80860e-04 | 12  0.00495 -2.57400e-06
 13  0.00557  4.52394e-06 | 14  0.00627  6.20661e-06 | 15  0.00705  1.46472e-06
 16  0.00793 -1.79260e-06 | 17  0.00893  5.42201e-06 | 18  0.01007  1.91256e-06
 19  0.01138  5.20395e-07 | 20  0.01285  7.71526e-06 | 21  0.01450  8.61096e-06
 22  0.01631  2.71876e-06 | 23  0.01831  3.17386e-06 | 24  0.02054  3.36511e-06
 25  0.02303  4.14818e-06 | 26  0.02570  4.62831e-06 | 27  0.02840  6.72243e-06
 28  0.03104  1.04231e-05 | 29  0.03342  1.00532e-05 | 30  0.03515  1.05996e-05
 31  0.03592  1.01557e-05 | 32  0.03567  8.55635e-06 | 33  0.03524  1.07789e-05
 34  0.03604  7.17257e-06 | 35  0.03996  1.78042e-06 | 36  0.04771  2.63911e-05
 37  0.05398  2.11711e-05 | 38  0.04459  1.91462e-05 | 39  0.01615  2.23166e-05
 40 -0.01134  2.42962e-05 | 41 -0.02860  2.40674e-05 | 42 -0.03074  4.17633e-06
 43 -0.01221  2.31035e-05 | 44  0.03070  2.47391e-05 | 45  0.04869  1.74016e-05
 46  0.03897  2.31215e-05 | 47  0.09981  1.14112e-04 | 48  0.01814  5.17919e-05
 49 -0.00681  2.50028e-05 | 50  0.04971  3.28970e-05 | 51  0.00773  2.99403e-05
 52  0.11819  6.00061e-05 | 53 -0.03481  1.27945e-05 | 54 -0.04181  1.38497e-05
 55 -0.05833  3.69690e-06 | 56  0.07627  2.43651e-05 | 57 -0.03086  4.09609e-06
 58 -0.09657 -4.64846e-06 | 59 -0.15746 -8.13717e-06 | 60 -0.12847 -3.27304e-05
 61  0.18095 -2.76037e-05 | 62 -0.13163 -3.38320e-06 | 63  0.02234  1.13047e-06
 64  0.00464 -1.99807e-05 | 65  0.02999 -3.24456e-05 | 66  0.03369 -2.60029e-05
 67 -0.03333 -4.54993e-05 | 68  0.01325 -3.71829e-05 | 69 -0.11103 -2.37139e-05
 70  0.02309 -9.51177e-06 | 71 -0.10110 -4.53332e-06 | 72 -0.05375  2.68065e-05
 73 -0.12568  2.98275e-06 | 74 -0.11385  1.03442e-05 | 75 -0.08932 -1.23537e-05
 76  0.26510 -3.20074e-05 | 77 -0.15071 -1.87568e-05 | 78  0.01287 -2.89408e-05
 79 -0.07087 -1.29039e-05 | 80  0.07292  2.37508e-05 | 81 -0.09083  2.25601e-06
 82 -0.20143 -1.46801e-05 | 83 -0.23567 -3.30128e-05 | 84 -0.06448  2.29473e-05
 85 -0.09835  4.17241e-06 | 86  0.08679  1.55849e-05 | 87  0.12557  1.22424e-05
 88  0.00862 -5.06436e-06 | 89  0.10308 -1.07128e-05 | 90  0.15635  4.20034e-07
 91 -0.02660 -1.82004e-05 | 92  0.07426  1.10316e-05 | 93 -0.00224  8.31709e-06
 94 -0.03619  5.48647e-06 | 95 -0.15068 -1.06294e-07 | 96 -0.09297  6.23636e-06
 97 -0.01713  5.54554e-06 | 98  0.04198  1.66319e-05 | 99 -0.06612  9.37963e-06
100  0.02562  1.68593e-05 |101  0.08380 -1.68987e-06 |102 -0.26909 -1.22562e-05
103 -0.10753  8.68029e-06 |104  0.18382  3.62558e-05 |105 -0.16761 -3.15899e-05
106 -0.06643  1.10479e-05 |107  0.44245 -9.76540e-06 |108 -0.04337  5.22128e-05
109  0.08880 -3.03770e-04 |110 -0.21264  5.96068e-04 |111  0.17263 -1.66843e-05
112 -0.17605  2.52196e-05 |113  0.32949  4.77555e-05 |114 -0.17444 -7.94842e-05
115  0.23942  2.78491e-05 |116 -0.09879 -1.09925e-05 |117 -0.17087  1.26194e-05
118 -0.14488 -6.60630e-05 |119 -0.33071  2.73289e-05 |120 -0.08398 -5.54964e-06
121 -0.05849 -3.24813e-05 |122 -0.00935  4.55267e-06 |123 -0.00694  3.95911e-06
124 -0.13406 -3.27258e-06 |125  0.01796 -1.19598e-05 |126  0.00693  9.34756e-08
127 -0.11279 -1.59828e-05 |128  0.43458  1.66728e-05 |129 -0.16221 -2.55895e-05
130  0.04895 -6.48649e-06 |131 -0.20144  9.92147e-06 |
Function minimizer not making progress ... is minimum attained?
Minimprove criterion = 0.0000e+00

 - final statistics:
131 variables; iteration 180; function evaluation 244
Function value 2.5224e+03; maximum gradient component mag 5.9607e-04
Exit code = 1;  converg criter 1.0000e-04
Var    Value     Gradient |Var    Value     Gradient |Var    Value     Gradient
  1 -0.23168 -2.00161e-04 |  2  0.03246 -1.98453e-05 |  3 -0.09036 -3.13902e-05
  4  0.02991 -1.32409e-05 |  5 -0.43575  5.98338e-07 |  6  0.03501 -3.13913e-05
  7  0.08770 -1.53486e-04 |  8 -0.04937 -1.01311e-05 |  9  0.12708 -1.55590e-05
 10 -0.10263 -2.96380e-05 | 11 -0.11870  1.80860e-04 | 12  0.00495 -2.57400e-06
 13  0.00557  4.52394e-06 | 14  0.00627  6.20661e-06 | 15  0.00705  1.46472e-06
 16  0.00793 -1.79260e-06 | 17  0.00893  5.42201e-06 | 18  0.01007  1.91256e-06
 19  0.01138  5.20395e-07 | 20  0.01285  7.71526e-06 | 21  0.01450  8.61096e-06
 22  0.01631  2.71876e-06 | 23  0.01831  3.17386e-06 | 24  0.02054  3.36511e-06
 25  0.02303  4.14818e-06 | 26  0.02570  4.62831e-06 | 27  0.02840  6.72243e-06
 28  0.03104  1.04231e-05 | 29  0.03342  1.00532e-05 | 30  0.03515  1.05996e-05
 31  0.03592  1.01557e-05 | 32  0.03567  8.55635e-06 | 33  0.03524  1.07789e-05
 34  0.03604  7.17257e-06 | 35  0.03996  1.78042e-06 | 36  0.04771  2.63911e-05
 37  0.05398  2.11711e-05 | 38  0.04459  1.91462e-05 | 39  0.01615  2.23166e-05
 40 -0.01134  2.42962e-05 | 41 -0.02860  2.40674e-05 | 42 -0.03074  4.17633e-06
 43 -0.01221  2.31035e-05 | 44  0.03070  2.47391e-05 | 45  0.04869  1.74016e-05
 46  0.03897  2.31215e-05 | 47  0.09981  1.14112e-04 | 48  0.01814  5.17919e-05
 49 -0.00681  2.50028e-05 | 50  0.04971  3.28970e-05 | 51  0.00773  2.99403e-05
 52  0.11819  6.00061e-05 | 53 -0.03481  1.27945e-05 | 54 -0.04181  1.38497e-05
 55 -0.05833  3.69690e-06 | 56  0.07627  2.43651e-05 | 57 -0.03086  4.09609e-06
 58 -0.09657 -4.64846e-06 | 59 -0.15746 -8.13717e-06 | 60 -0.12847 -3.27304e-05
 61  0.18095 -2.76037e-05 | 62 -0.13163 -3.38320e-06 | 63  0.02234  1.13047e-06
 64  0.00464 -1.99807e-05 | 65  0.02999 -3.24456e-05 | 66  0.03369 -2.60029e-05
 67 -0.03333 -4.54993e-05 | 68  0.01325 -3.71829e-05 | 69 -0.11103 -2.37139e-05
 70  0.02309 -9.51177e-06 | 71 -0.10110 -4.53332e-06 | 72 -0.05375  2.68065e-05
 73 -0.12568  2.98275e-06 | 74 -0.11385  1.03442e-05 | 75 -0.08932 -1.23537e-05
 76  0.26510 -3.20074e-05 | 77 -0.15071 -1.87568e-05 | 78  0.01287 -2.89408e-05
 79 -0.07087 -1.29039e-05 | 80  0.07292  2.37508e-05 | 81 -0.09083  2.25601e-06
 82 -0.20143 -1.46801e-05 | 83 -0.23567 -3.30128e-05 | 84 -0.06448  2.29473e-05
 85 -0.09835  4.17241e-06 | 86  0.08679  1.55849e-05 | 87  0.12557  1.22424e-05
 88  0.00862 -5.06436e-06 | 89  0.10308 -1.07128e-05 | 90  0.15635  4.20034e-07
 91 -0.02660 -1.82004e-05 | 92  0.07426  1.10316e-05 | 93 -0.00224  8.31709e-06
 94 -0.03619  5.48647e-06 | 95 -0.15068 -1.06294e-07 | 96 -0.09297  6.23636e-06
 97 -0.01713  5.54554e-06 | 98  0.04198  1.66319e-05 | 99 -0.06612  9.37963e-06
100  0.02562  1.68593e-05 |101  0.08380 -1.68987e-06 |102 -0.26909 -1.22562e-05
103 -0.10753  8.68029e-06 |104  0.18382  3.62558e-05 |105 -0.16761 -3.15899e-05
106 -0.06643  1.10479e-05 |107  0.44245 -9.76540e-06 |108 -0.04337  5.22128e-05
109  0.08880 -3.03770e-04 |110 -0.21264  5.96068e-04 |111  0.17263 -1.66843e-05
112 -0.17605  2.52196e-05 |113  0.32949  4.77555e-05 |114 -0.17444 -7.94842e-05
115  0.23942  2.78491e-05 |116 -0.09879 -1.09925e-05 |117 -0.17087  1.26194e-05
118 -0.14488 -6.60630e-05 |119 -0.33071  2.73289e-05 |120 -0.08398 -5.54964e-06
121 -0.05849 -3.24813e-05 |122 -0.00935  4.55267e-06 |123 -0.00694  3.95911e-06
124 -0.13406 -3.27258e-06 |125  0.01796 -1.19598e-05 |126  0.00693  9.34756e-08
127 -0.11279 -1.59828e-05 |128  0.43458  1.66728e-05 |129 -0.16221 -2.55895e-05
130  0.04895 -6.48649e-06 |131 -0.20144  9.92147e-06 |

Initial statistics: 143 variables; iteration 0; function evaluation 0; phase 5
Function value 2.5223532e+03; maximum gradient component mag 5.9607e-04
Var    Value     Gradient |Var    Value     Gradient |Var    Value     Gradient
  1 -0.23168 -2.00160e-04 |  2  0.03246 -1.98453e-05 |  3 -0.09036 -3.13902e-05
  4  0.02991 -1.32407e-05 |  5 -0.43575  5.98336e-07 |  6  0.03501 -3.13913e-05
  7  0.08770 -1.53486e-04 |  8 -0.04937 -1.01311e-05 |  9  0.12708 -1.55588e-05
 10 -0.10263 -2.96380e-05 | 11 -0.11870  1.80860e-04 | 12  0.00495 -2.57400e-06
 13  0.00557  4.52394e-06 | 14  0.00627  6.20661e-06 | 15  0.00705  1.46472e-06
 16  0.00793 -1.79260e-06 | 17  0.00893  5.42201e-06 | 18  0.01007  1.91256e-06
 19  0.01138  5.20396e-07 | 20  0.01285  7.71526e-06 | 21  0.01450  8.61096e-06
 22  0.01631  2.71876e-06 | 23  0.01831  3.17386e-06 | 24  0.02054  3.36511e-06
 25  0.02303  4.14818e-06 | 26  0.02570  4.62831e-06 | 27  0.02840  6.72243e-06
 28  0.03104  1.04231e-05 | 29  0.03342  1.00532e-05 | 30  0.03515  1.05996e-05
 31  0.03592  1.01557e-05 | 32  0.03567  8.55635e-06 | 33  0.03524  1.07789e-05
 34  0.03604  7.17257e-06 | 35  0.03996  1.78042e-06 | 36  0.04771  2.63911e-05
 37  0.05398  2.11711e-05 | 38  0.04459  1.91462e-05 | 39  0.01615  2.23166e-05
 40 -0.01134  2.42962e-05 | 41 -0.02860  2.40674e-05 | 42 -0.03074  4.17633e-06
 43 -0.01221  2.31035e-05 | 44  0.03070  2.47391e-05 | 45  0.04869  1.74016e-05
 46  0.03897  2.31215e-05 | 47  0.09981  1.14112e-04 | 48  0.01814  5.17919e-05
 49 -0.00681  2.50028e-05 | 50  0.04971  3.28970e-05 | 51  0.00773  2.99403e-05
 52  0.11819  6.00061e-05 | 53 -0.03481  1.27945e-05 | 54 -0.04181  1.38497e-05
 55 -0.05833  3.69690e-06 | 56  0.07627  2.43651e-05 | 57 -0.03086  4.09609e-06
 58 -0.09657 -4.64846e-06 | 59 -0.15746 -8.13717e-06 | 60 -0.12847 -3.27304e-05
 61  0.18095 -2.76037e-05 | 62 -0.13163 -3.38320e-06 | 63  0.02234  1.13047e-06
 64  0.00464 -1.99807e-05 | 65  0.02999 -3.24456e-05 | 66  0.03369 -2.60029e-05
 67 -0.03333 -4.54993e-05 | 68  0.01325 -3.71829e-05 | 69 -0.11103 -2.37139e-05
 70  0.02309 -9.51176e-06 | 71 -0.10110 -4.53332e-06 | 72 -0.05375  2.68065e-05
 73 -0.12568  2.98275e-06 | 74 -0.11385  1.03442e-05 | 75 -0.08932 -1.23537e-05
 76  0.26510 -3.20074e-05 | 77 -0.15071 -1.87568e-05 | 78  0.01287 -2.89408e-05
 79 -0.07087 -1.29039e-05 | 80  0.07292  2.37508e-05 | 81 -0.09083  2.25601e-06
 82 -0.20143 -1.46801e-05 | 83 -0.23567 -3.30128e-05 | 84 -0.06448  2.29473e-05
 85 -0.09835  4.17241e-06 | 86  0.08679  1.55849e-05 | 87  0.12557  1.22424e-05
 88  0.00862 -5.06436e-06 | 89  0.10308 -1.07128e-05 | 90  0.15635  4.20033e-07
 91 -0.02660 -1.82004e-05 | 92  0.07426  1.10316e-05 | 93 -0.00224  8.31709e-06
 94 -0.03619  5.48647e-06 | 95 -0.15068 -1.06294e-07 | 96 -0.09297  6.23636e-06
 97 -0.01713  5.54554e-06 | 98  0.04198  1.66319e-05 | 99 -0.06612  9.37963e-06
100  0.02562  1.68593e-05 |101  0.08380 -1.68987e-06 |102  0.00000  0.00000e+00
103  0.00000  0.00000e+00 |104  0.00000  0.00000e+00 |105  0.00000  0.00000e+00
106  0.00000  0.00000e+00 |107  0.00000  0.00000e+00 |108  0.00000  0.00000e+00
109  0.00000  0.00000e+00 |110  0.00000  0.00000e+00 |111  0.00000  0.00000e+00
112  0.00000  0.00000e+00 |113  0.00000  0.00000e+00 |114 -0.26909 -1.22562e-05
115 -0.10753  8.68029e-06 |116  0.18382  3.62558e-05 |117 -0.16761 -3.15899e-05
118 -0.06643  1.10479e-05 |119  0.44245 -9.76540e-06 |120 -0.04337  5.22128e-05
121  0.08880 -3.03770e-04 |122 -0.21264  5.96068e-04 |123  0.17263 -1.66843e-05
124 -0.17605  2.52196e-05 |125  0.32949  4.77555e-05 |126 -0.17444 -7.94842e-05
127  0.23942  2.78491e-05 |128 -0.09879 -1.09925e-05 |129 -0.17087  1.26194e-05
130 -0.14488 -6.60630e-05 |131 -0.33071  2.73289e-05 |132 -0.08398 -5.54964e-06
133 -0.05849 -3.24813e-05 |134 -0.00935  4.55266e-06 |135 -0.00694  3.95911e-06
136 -0.13406 -3.27258e-06 |137  0.01796 -1.19598e-05 |138  0.00693  9.34767e-08
139 -0.11279 -1.59828e-05 |140  0.43458  1.66728e-05 |141 -0.16221 -2.55895e-05
142  0.04895 -6.48649e-06 |143 -0.20144  9.92147e-06 |
  ic > imax  in fminim is answer attained ?
Var    Value     Gradient |Var    Value     Gradient |Var    Value     Gradient
  1 -0.23168 -2.00160e-04 |  2  0.03246 -1.98453e-05 |  3 -0.09036 -3.13902e-05
  4  0.02991 -1.32407e-05 |  5 -0.43575  5.98336e-07 |  6  0.03501 -3.13913e-05
  7  0.08770 -1.53486e-04 |  8 -0.04937 -1.01311e-05 |  9  0.12708 -1.55588e-05
 10 -0.10263 -2.96380e-05 | 11 -0.11870  1.80860e-04 | 12  0.00495 -2.57400e-06
 13  0.00557  4.52394e-06 | 14  0.00627  6.20661e-06 | 15  0.00705  1.46472e-06
 16  0.00793 -1.79260e-06 | 17  0.00893  5.42201e-06 | 18  0.01007  1.91256e-06
 19  0.01138  5.20396e-07 | 20  0.01285  7.71526e-06 | 21  0.01450  8.61096e-06
 22  0.01631  2.71876e-06 | 23  0.01831  3.17386e-06 | 24  0.02054  3.36511e-06
 25  0.02303  4.14818e-06 | 26  0.02570  4.62831e-06 | 27  0.02840  6.72243e-06
 28  0.03104  1.04231e-05 | 29  0.03342  1.00532e-05 | 30  0.03515  1.05996e-05
 31  0.03592  1.01557e-05 | 32  0.03567  8.55635e-06 | 33  0.03524  1.07789e-05
 34  0.03604  7.17257e-06 | 35  0.03996  1.78042e-06 | 36  0.04771  2.63911e-05
 37  0.05398  2.11711e-05 | 38  0.04459  1.91462e-05 | 39  0.01615  2.23166e-05
 40 -0.01134  2.42962e-05 | 41 -0.02860  2.40674e-05 | 42 -0.03074  4.17633e-06
 43 -0.01221  2.31035e-05 | 44  0.03070  2.47391e-05 | 45  0.04869  1.74016e-05
 46  0.03897  2.31215e-05 | 47  0.09981  1.14112e-04 | 48  0.01814  5.17919e-05
 49 -0.00681  2.50028e-05 | 50  0.04971  3.28970e-05 | 51  0.00773  2.99403e-05
 52  0.11819  6.00061e-05 | 53 -0.03481  1.27945e-05 | 54 -0.04181  1.38497e-05
 55 -0.05833  3.69690e-06 | 56  0.07627  2.43651e-05 | 57 -0.03086  4.09609e-06
 58 -0.09657 -4.64846e-06 | 59 -0.15746 -8.13717e-06 | 60 -0.12847 -3.27304e-05
 61  0.18095 -2.76037e-05 | 62 -0.13163 -3.38320e-06 | 63  0.02234  1.13047e-06
 64  0.00464 -1.99807e-05 | 65  0.02999 -3.24456e-05 | 66  0.03369 -2.60029e-05
 67 -0.03333 -4.54993e-05 | 68  0.01325 -3.71829e-05 | 69 -0.11103 -2.37139e-05
 70  0.02309 -9.51176e-06 | 71 -0.10110 -4.53332e-06 | 72 -0.05375  2.68065e-05
 73 -0.12568  2.98275e-06 | 74 -0.11385  1.03442e-05 | 75 -0.08932 -1.23537e-05
 76  0.26510 -3.20074e-05 | 77 -0.15071 -1.87568e-05 | 78  0.01287 -2.89408e-05
 79 -0.07087 -1.29039e-05 | 80  0.07292  2.37508e-05 | 81 -0.09083  2.25601e-06
 82 -0.20143 -1.46801e-05 | 83 -0.23567 -3.30128e-05 | 84 -0.06448  2.29473e-05
 85 -0.09835  4.17241e-06 | 86  0.08679  1.55849e-05 | 87  0.12557  1.22424e-05
 88  0.00862 -5.06436e-06 | 89  0.10308 -1.07128e-05 | 90  0.15635  4.20033e-07
 91 -0.02660 -1.82004e-05 | 92  0.07426  1.10316e-05 | 93 -0.00224  8.31709e-06
 94 -0.03619  5.48647e-06 | 95 -0.15068 -1.06294e-07 | 96 -0.09297  6.23636e-06
 97 -0.01713  5.54554e-06 | 98  0.04198  1.66319e-05 | 99 -0.06612  9.37963e-06
100  0.02562  1.68593e-05 |101  0.08380 -1.68987e-06 |102  0.00000  0.00000e+00
103  0.00000  0.00000e+00 |104  0.00000  0.00000e+00 |105  0.00000  0.00000e+00
106  0.00000  0.00000e+00 |107  0.00000  0.00000e+00 |108  0.00000  0.00000e+00
109  0.00000  0.00000e+00 |110  0.00000  0.00000e+00 |111  0.00000  0.00000e+00
112  0.00000  0.00000e+00 |113  0.00000  0.00000e+00 |114 -0.26909 -1.22562e-05
115 -0.10753  8.68029e-06 |116  0.18382  3.62558e-05 |117 -0.16761 -3.15899e-05
118 -0.06643  1.10479e-05 |119  0.44245 -9.76540e-06 |120 -0.04337  5.22128e-05
121  0.08880 -3.03770e-04 |122 -0.21264  5.96068e-04 |123  0.17263 -1.66843e-05
124 -0.17605  2.52196e-05 |125  0.32949  4.77555e-05 |126 -0.17444 -7.94842e-05
127  0.23942  2.78491e-05 |128 -0.09879 -1.09925e-05 |129 -0.17087  1.26194e-05
130 -0.14488 -6.60630e-05 |131 -0.33071  2.73289e-05 |132 -0.08398 -5.54964e-06
133 -0.05849 -3.24813e-05 |134 -0.00935  4.55266e-06 |135 -0.00694  3.95911e-06
136 -0.13406 -3.27258e-06 |137  0.01796 -1.19598e-05 |138  0.00693  9.34767e-08
139 -0.11279 -1.59828e-05 |140  0.43458  1.66728e-05 |141 -0.16221 -2.55895e-05
142  0.04895 -6.48649e-06 |143 -0.20144  9.92147e-06 |
Function minimizer not making progress ... is minimum attained?
Minimprove criterion = 0.0000e+00

 - final statistics:
143 variables; iteration 1; function evaluation 30
Function value 2.5224e+03; maximum gradient component mag 5.9607e-04
Exit code = 1;  converg criter 1.0000e-04
Var    Value     Gradient |Var    Value     Gradient |Var    Value     Gradient
  1 -0.23168 -2.00160e-04 |  2  0.03246 -1.98453e-05 |  3 -0.09036 -3.13902e-05
  4  0.02991 -1.32407e-05 |  5 -0.43575  5.98336e-07 |  6  0.03501 -3.13913e-05
  7  0.08770 -1.53486e-04 |  8 -0.04937 -1.01311e-05 |  9  0.12708 -1.55588e-05
 10 -0.10263 -2.96380e-05 | 11 -0.11870  1.80860e-04 | 12  0.00495 -2.57400e-06
 13  0.00557  4.52394e-06 | 14  0.00627  6.20661e-06 | 15  0.00705  1.46472e-06
 16  0.00793 -1.79260e-06 | 17  0.00893  5.42201e-06 | 18  0.01007  1.91256e-06
 19  0.01138  5.20396e-07 | 20  0.01285  7.71526e-06 | 21  0.01450  8.61096e-06
 22  0.01631  2.71876e-06 | 23  0.01831  3.17386e-06 | 24  0.02054  3.36511e-06
 25  0.02303  4.14818e-06 | 26  0.02570  4.62831e-06 | 27  0.02840  6.72243e-06
 28  0.03104  1.04231e-05 | 29  0.03342  1.00532e-05 | 30  0.03515  1.05996e-05
 31  0.03592  1.01557e-05 | 32  0.03567  8.55635e-06 | 33  0.03524  1.07789e-05
 34  0.03604  7.17257e-06 | 35  0.03996  1.78042e-06 | 36  0.04771  2.63911e-05
 37  0.05398  2.11711e-05 | 38  0.04459  1.91462e-05 | 39  0.01615  2.23166e-05
 40 -0.01134  2.42962e-05 | 41 -0.02860  2.40674e-05 | 42 -0.03074  4.17633e-06
 43 -0.01221  2.31035e-05 | 44  0.03070  2.47391e-05 | 45  0.04869  1.74016e-05
 46  0.03897  2.31215e-05 | 47  0.09981  1.14112e-04 | 48  0.01814  5.17919e-05
 49 -0.00681  2.50028e-05 | 50  0.04971  3.28970e-05 | 51  0.00773  2.99403e-05
 52  0.11819  6.00061e-05 | 53 -0.03481  1.27945e-05 | 54 -0.04181  1.38497e-05
 55 -0.05833  3.69690e-06 | 56  0.07627  2.43651e-05 | 57 -0.03086  4.09609e-06
 58 -0.09657 -4.64846e-06 | 59 -0.15746 -8.13717e-06 | 60 -0.12847 -3.27304e-05
 61  0.18095 -2.76037e-05 | 62 -0.13163 -3.38320e-06 | 63  0.02234  1.13047e-06
 64  0.00464 -1.99807e-05 | 65  0.02999 -3.24456e-05 | 66  0.03369 -2.60029e-05
 67 -0.03333 -4.54993e-05 | 68  0.01325 -3.71829e-05 | 69 -0.11103 -2.37139e-05
 70  0.02309 -9.51176e-06 | 71 -0.10110 -4.53332e-06 | 72 -0.05375  2.68065e-05
 73 -0.12568  2.98275e-06 | 74 -0.11385  1.03442e-05 | 75 -0.08932 -1.23537e-05
 76  0.26510 -3.20074e-05 | 77 -0.15071 -1.87568e-05 | 78  0.01287 -2.89408e-05
 79 -0.07087 -1.29039e-05 | 80  0.07292  2.37508e-05 | 81 -0.09083  2.25601e-06
 82 -0.20143 -1.46801e-05 | 83 -0.23567 -3.30128e-05 | 84 -0.06448  2.29473e-05
 85 -0.09835  4.17241e-06 | 86  0.08679  1.55849e-05 | 87  0.12557  1.22424e-05
 88  0.00862 -5.06436e-06 | 89  0.10308 -1.07128e-05 | 90  0.15635  4.20033e-07
 91 -0.02660 -1.82004e-05 | 92  0.07426  1.10316e-05 | 93 -0.00224  8.31709e-06
 94 -0.03619  5.48647e-06 | 95 -0.15068 -1.06294e-07 | 96 -0.09297  6.23636e-06
 97 -0.01713  5.54554e-06 | 98  0.04198  1.66319e-05 | 99 -0.06612  9.37963e-06
100  0.02562  1.68593e-05 |101  0.08380 -1.68987e-06 |102  0.00000  0.00000e+00
103  0.00000  0.00000e+00 |104  0.00000  0.00000e+00 |105  0.00000  0.00000e+00
106  0.00000  0.00000e+00 |107  0.00000  0.00000e+00 |108  0.00000  0.00000e+00
109  0.00000  0.00000e+00 |110  0.00000  0.00000e+00 |111  0.00000  0.00000e+00
112  0.00000  0.00000e+00 |113  0.00000  0.00000e+00 |114 -0.26909 -1.22562e-05
115 -0.10753  8.68029e-06 |116  0.18382  3.62558e-05 |117 -0.16761 -3.15899e-05
118 -0.06643  1.10479e-05 |119  0.44245 -9.76540e-06 |120 -0.04337  5.22128e-05
121  0.08880 -3.03770e-04 |122 -0.21264  5.96068e-04 |123  0.17263 -1.66843e-05
124 -0.17605  2.52196e-05 |125  0.32949  4.77555e-05 |126 -0.17444 -7.94842e-05
127  0.23942  2.78491e-05 |128 -0.09879 -1.09925e-05 |129 -0.17087  1.26194e-05
130 -0.14488 -6.60630e-05 |131 -0.33071  2.73289e-05 |132 -0.08398 -5.54964e-06
133 -0.05849 -3.24813e-05 |134 -0.00935  4.55266e-06 |135 -0.00694  3.95911e-06
136 -0.13406 -3.27258e-06 |137  0.01796 -1.19598e-05 |138  0.00693  9.34767e-08
139 -0.11279 -1.59828e-05 |140  0.43458  1.66728e-05 |141 -0.16221 -2.55895e-05
142  0.04895 -6.48649e-06 |143 -0.20144  9.92147e-06 |
size of file gradfil1.tmp = 0
size of file gradfil2.tmp = 0
size of file varssave.tmp = 0
size of file cmpdiff.tmp = 200000008
