
Initial statistics: 2 variables; iteration 0; function evaluation 0; phase 1
Function value 3.7073868e+03; maximum gradient component mag 5.6140e+01
Var    Value     Gradient |Var    Value     Gradient |Var    Value     Gradient
  1  0.40967  5.61405e+01 |  2 -0.26198 -9.08748e+00 |

 - final statistics:
2 variables; iteration 3; function evaluation 18
Function value 3.6796e+03; maximum gradient component mag 5.1930e+00
Exit code = 1;  converg criter 1.0000e+01
Var    Value     Gradient |Var    Value     Gradient |Var    Value     Gradient
  1  0.07019  5.19297e+00 |  2 -0.21102  9.61028e-01 |

Initial statistics: 11 variables; iteration 0; function evaluation 0; phase 2
Function value 3.6795957e+03; maximum gradient component mag -8.7291e+02
Var    Value     Gradient |Var    Value     Gradient |Var    Value     Gradient
  1 -0.22556 -3.42585e+02 |  2  0.00000 -3.84122e+02 |  3 -0.12819 -3.62624e+02
  4  0.03352  9.11307e+01 |  5 -0.28197  1.29666e+02 |  6  0.00000 -1.71289e+02
  7  0.11199 -8.72915e+02 |  8 -0.16086 -2.28942e+02 |  9  0.00000 -3.50518e+01
 10  0.07019  5.19297e+00 | 11 -0.21102  9.61028e-01 |

Intermediate statistics: 11 variables; iteration 20; function evaluation 31; phase 2
Function value 3.6144824e+03; maximum gradient component mag -2.4693e+01
Var    Value     Gradient |Var    Value     Gradient |Var    Value     Gradient
  1 -0.11699  1.24680e+01 |  2  0.05532 -1.33855e+01 |  3 -0.08364 -1.39690e+01
  4 -0.03157  3.81887e+00 |  5 -0.45239  3.46628e+00 |  6 -0.00934 -1.01636e+00
  7  0.13176 -2.46929e+01 |  8 -0.22832 -7.55509e+00 |  9  0.20845  4.79963e+00
 10  0.63539 -4.66377e+00 | 11 -0.17514  5.05233e-02 |

 - final statistics:
11 variables; iteration 23; function evaluation 34
Function value 3.6138e+03; maximum gradient component mag -9.9107e+00
Exit code = 1;  converg criter 1.0000e+01
Var    Value     Gradient |Var    Value     Gradient |Var    Value     Gradient
  1 -0.11208  6.94887e+00 |  2  0.05496 -2.56880e+00 |  3 -0.08034 -3.02496e+00
  4 -0.03161 -2.52095e-01 |  5 -0.45382  1.05636e-01 |  6 -0.01140  3.12435e-01
  7  0.13216 -9.91067e+00 |  8 -0.22736 -4.58178e+00 |  9  0.20203 -9.51181e-01
 10  0.91872 -6.71161e-01 | 11 -0.17256  6.18133e-02 |

Initial statistics: 37 variables; iteration 0; function evaluation 0; phase 3
Function value 3.6138241e+03; maximum gradient component mag 1.4745e+03
Var    Value     Gradient |Var    Value     Gradient |Var    Value     Gradient
  1 -0.11208  6.94887e+00 |  2  0.05496 -2.56880e+00 |  3 -0.08034 -3.02496e+00
  4 -0.03161 -2.52095e-01 |  5 -0.45382  1.05636e-01 |  6 -0.01140  3.12435e-01
  7  0.13216 -9.91067e+00 |  8 -0.22736 -4.58178e+00 |  9  0.20203 -9.51181e-01
 10  0.91872 -6.71161e-01 | 11 -0.17256  6.18133e-02 | 12 -0.11760 -3.83540e+02
 13 -0.33425  1.74198e+02 | 14 -0.10028  8.46968e+02 | 15  0.25350  4.20679e+02
 16 -0.21710 -7.31758e+02 | 17 -0.11760 -6.20623e+01 | 18 -0.33425  2.67032e+01
 19 -0.11760 -3.51357e+02 | 20 -0.33425  1.51856e+02 | 21 -0.11760 -1.11700e+02
 22 -0.33425 -7.93345e+00 | 23  0.02302  1.47454e+03 | 24 -0.31415 -1.06424e+03
 25  0.53959  1.12157e+01 | 26 -0.62714  4.62013e-04 | 27  0.00000  5.69011e+02
 28 -0.21635 -3.51406e+02 | 29  0.16024  7.04541e+01 | 30 -0.12294 -5.59871e+01
 31 -0.16953  3.43958e+01 | 32 -0.10028 -1.13865e+02 | 33 -0.34608  9.65480e+01
 34 -0.03900  2.65646e+02 | 35 -0.33425 -1.37110e+02 | 36  0.02302 -5.37075e+01
 37 -0.16953  5.89179e+01 |

Intermediate statistics: 37 variables; iteration 20; function evaluation 32; phase 3
Function value 3.1834864e+03; maximum gradient component mag 4.4084e+02
Var    Value     Gradient |Var    Value     Gradient |Var    Value     Gradient
  1 -0.00172  1.62432e+02 |  2 -0.04037 -1.08198e+02 |  3 -0.04940 -8.48459e+01
  4 -0.06793 -3.70601e+01 |  5 -0.31946  6.27913e+00 |  6 -0.14418 -1.89590e+01
  7  0.11199 -7.90453e+01 |  8 -0.08566  7.54139e+00 |  9 -0.00536 -1.61088e+01
 10  0.88958  7.15895e-01 | 11 -0.17459  8.17443e-02 | 12  0.16195 -3.15637e+01
 13 -0.17935  6.29859e+01 | 14 -0.24963  1.32798e+01 | 15  0.35696  1.76698e+01
 16 -0.13681 -7.88188e-01 | 17  0.16446 -1.88879e+01 | 18 -0.20154  1.91920e+01
 19  0.40535 -4.17605e+01 | 20 -0.12631  2.09483e+02 | 21  0.29140 -1.44082e+02
 22 -0.07056  4.40837e+02 | 23 -0.29558 -1.11617e+02 | 24 -0.64588  6.22048e+00
 25  0.46897 -1.29979e+01 | 26 -0.62708 -8.04615e-03 | 27  0.04715  6.35467e+00
 28  0.05208  5.73458e+00 | 29 -0.20006 -5.25142e-01 | 30  0.51303  1.13749e+01
 31 -0.14917 -2.35050e+01 | 32  0.44448 -4.39687e+01 | 33 -0.21712  2.15646e+02
 34  0.00905 -1.37062e+02 | 35 -0.27072  1.10681e+02 | 36  0.02781 -3.08881e+01
 37 -0.21698  1.61752e+01 |
37 variables; iteration 40; function evaluation 60; phase 3
Function value 3.1553478e+03; maximum gradient component mag 1.9443e+02
Var    Value     Gradient |Var    Value     Gradient |Var    Value     Gradient
  1 -0.05032  1.94431e+02 |  2 -0.01465 -5.31510e+00 |  3 -0.04575  2.42392e+01
  4 -0.06103  5.84635e+00 |  5 -0.35713 -5.04838e+00 |  6 -0.10389  2.54697e+01
  7  0.11196  2.63253e+01 |  8 -0.10797  2.24755e+01 |  9  0.02196  1.44684e+01
 10  0.29009 -9.00355e+00 | 11 -0.20130 -6.60500e-01 | 12  0.11123 -8.39438e+01
 13 -0.21115  7.52983e+01 | 14 -0.24840  1.93814e+01 | 15  0.27786 -5.68771e+00
 16 -0.16510 -1.45815e+01 | 17  0.19138 -1.22609e+00 | 18 -0.19337 -1.64806e+00
 19  0.33380 -1.44642e+01 | 20 -0.16914  4.97416e+01 | 21  0.29531 -4.07235e+01
 22 -0.09297  8.42531e+01 | 23 -0.24559  1.65235e+01 | 24 -0.56539 -1.94150e+01
 25  0.51658  3.36243e-01 | 26 -0.61800 -4.54171e-03 | 27  0.00587 -1.78378e+00
 28  0.01747  6.61547e+00 | 29 -0.11378  3.70027e+00 | 30  0.42395 -4.08979e+00
 31 -0.17491  3.08762e+00 | 32  0.29125 -4.21712e+01 | 33 -0.29479  6.30496e+01
 34 -0.00620 -1.51990e+02 | 35 -0.28914  9.20611e+01 | 36  0.04788 -2.80979e+01
 37 -0.19384  2.12624e+01 |
37 variables; iteration 60; function evaluation 88; phase 3
Function value 3.1330756e+03; maximum gradient component mag 8.8624e+00
Var    Value     Gradient |Var    Value     Gradient |Var    Value     Gradient
  1 -0.16745  1.84879e+00 |  2 -0.01643  7.65995e-01 |  3 -0.06086  7.41541e-01
  4 -0.06025  2.04838e-01 |  5 -0.35080 -1.14323e-01 |  6 -0.06242  7.09030e-01
  7  0.10779  1.40017e+00 |  8 -0.07603  1.97926e-01 |  9 -0.00565 -1.08301e-01
 10  0.03044 -2.23218e+00 | 11 -0.24789 -4.49610e-03 | 12  0.23320 -6.72690e+00
 13 -0.15958  7.95880e+00 | 14 -0.26139  2.39702e-01 | 15  0.30114  1.47483e+00
 16 -0.14954 -2.15379e+00 | 17  0.19014 -4.78327e-01 | 18 -0.18399  3.07297e-01
 19  0.35930  5.31121e-01 | 20 -0.17388  8.83928e-02 | 21  0.39606  2.96058e+00
 22 -0.07082 -2.09038e+00 | 23 -0.18290  1.40014e+00 | 24 -0.36524 -8.66945e-01
 25  0.32330  1.76857e+00 | 26 -0.14599 -5.08058e-01 | 27 -0.00744  1.68009e+00
 28  0.00911 -2.99677e-01 | 29 -0.11295  8.62934e-01 | 30  0.45601  7.04612e-01
 31 -0.16163 -4.31194e-01 | 32  0.46308 -2.52639e+00 | 33 -0.26337  2.28501e+00
 34  0.09622  8.86241e+00 | 35 -0.20646 -4.20491e+00 | 36  0.06211 -6.69674e-01
 37 -0.18217  8.15456e-01 |
Maximum number of function evaluations exceeded

 - final statistics:
37 variables; iteration 71; function evaluation 100
Function value 3.1315e+03; maximum gradient component mag 5.0128e+01
Exit code = 3;  converg criter 1.0000e+00
Var    Value     Gradient |Var    Value     Gradient |Var    Value     Gradient
  1 -0.16876 -1.94247e+01 |  2 -0.02873  6.70235e+00 |  3 -0.05106  4.07020e+00
  4 -0.06358 -1.60456e+00 |  5 -0.35001 -7.18896e-01 |  6 -0.07272 -3.90344e+00
  7  0.11248  4.16722e+01 |  8 -0.08305  7.52862e+00 |  9 -0.00382  7.72475e-01
 10  0.02615  8.48377e+00 | 11 -0.25031 -1.52545e-01 | 12  0.26591  4.57591e+00
 13 -0.14665  2.16405e+00 | 14 -0.27727 -2.21200e+01 | 15  0.30528 -6.71901e+00
 16 -0.14742  1.50284e+01 | 17  0.17222 -4.46776e+00 | 18 -0.19325  3.27547e+00
 19  0.36901  1.34626e-01 | 20 -0.17126  2.69643e+00 | 21  0.44902  3.87285e+00
 22 -0.05935  7.62696e+00 | 23 -0.16421  2.59979e+01 | 24 -0.35618 -1.50400e+01
 25 -0.06485  8.38753e+00 | 26 -0.00018  5.01283e+01 | 27 -0.02175 -6.23664e+00
 28  0.00109  3.90962e+00 | 29 -0.08808  1.13558e+00 | 30  0.42846 -1.24613e-01
 31 -0.18004 -3.51009e+00 | 32  0.68804 -3.25302e+00 | 33 -0.22664  3.11475e+01
 34  0.09661 -1.25605e+01 | 35 -0.20502  1.79111e+01 | 36  0.06868 -1.47528e+00
 37 -0.17381  3.59083e+00 |

Initial statistics: 94 variables; iteration 0; function evaluation 0; phase 4
Function value 3.1315285e+03; maximum gradient component mag -5.7669e+02
Var    Value     Gradient |Var    Value     Gradient |Var    Value     Gradient
  1 -0.16876 -1.94247e+01 |  2 -0.02873  6.70235e+00 |  3 -0.05106  4.07020e+00
  4 -0.06358 -1.60456e+00 |  5 -0.35001 -7.18896e-01 |  6 -0.07272 -3.90344e+00
  7  0.11248  4.16722e+01 |  8 -0.08305  7.52862e+00 |  9 -0.00382  7.72475e-01
 10  0.02615  8.48377e+00 | 11  0.00000 -1.29146e+01 | 12  0.00000 -1.90810e+01
 13  0.00000 -2.32715e+01 | 14  0.00000 -1.75410e+01 | 15  0.00000 -1.21331e+01
 16  0.00000 -2.34735e+01 | 17  0.00000 -4.35939e+01 | 18  0.00000 -5.75626e+01
 19  0.00000  1.37111e+01 | 20  0.00000  8.68674e+01 | 21  0.00000  6.01074e+01
 22  0.00000 -2.98061e+01 | 23  0.00000  8.68664e+01 | 24  0.00000  1.86727e+02
 25  0.00000  1.89352e+02 | 26  0.00000 -4.03555e+01 | 27  0.00000 -3.46192e+02
 28  0.00000 -2.33675e+01 | 29  0.00000  2.34800e+01 | 30  0.00000  1.58681e+01
 31  0.00000 -2.47568e+01 | 32  0.00000 -2.38522e+01 | 33  0.00000  2.63679e+01
 34  0.00000  3.15677e+01 | 35  0.00000  5.75799e+01 | 36  0.00000  5.83959e+00
 37  0.00000  8.45034e+01 | 38  0.00000  9.47599e+01 | 39  0.00000  1.48891e+02
 40  0.00000  1.37324e+02 | 41  0.00000 -1.66406e+02 | 42  0.00000 -5.76695e+02
 43  0.00000 -8.50176e+01 | 44  0.00000  4.95649e+01 | 45  0.00000  9.29780e+01
 46  0.00000 -4.52336e+01 | 47  0.00000  1.30129e+02 | 48  0.00000  2.02071e+02
 49  0.00000  2.12026e+02 | 50  0.00000  1.17995e+02 | 51  0.00000  9.25325e+01
 52  0.00000 -1.12182e+02 | 53  0.00000 -1.89054e+02 | 54  0.00000 -2.85433e+01
 55  0.00000 -1.35890e+02 | 56  0.00000 -2.28442e+02 | 57  0.00000 -4.14946e+01
 58  0.00000 -8.23742e+01 | 59  0.00000  2.30220e+01 | 60  0.00000  5.08581e+01
 61  0.00000  1.02763e+02 | 62  0.00000  8.02961e+01 | 63  0.00000  2.20293e+01
 64  0.00000 -3.44120e+01 | 65  0.00000  2.90928e+01 | 66  0.00000 -1.02766e+01
 67  0.00000 -2.12503e+01 | 68 -0.25031 -1.52545e-01 | 69  0.26591  4.57591e+00
 70 -0.14665  2.16405e+00 | 71 -0.27727 -2.21200e+01 | 72  0.30528 -6.71901e+00
 73 -0.14742  1.50284e+01 | 74  0.17222 -4.46776e+00 | 75 -0.19325  3.27547e+00
 76  0.36901  1.34626e-01 | 77 -0.17126  2.69643e+00 | 78  0.44902  3.87285e+00
 79 -0.05935  7.62696e+00 | 80 -0.16421  2.59979e+01 | 81 -0.35618 -1.50400e+01
 82 -0.06485  8.38753e+00 | 83 -0.00018  5.01283e+01 | 84 -0.02175 -6.23664e+00
 85  0.00109  3.90962e+00 | 86 -0.08808  1.13558e+00 | 87  0.42846 -1.24613e-01
 88 -0.18004 -3.51009e+00 | 89  0.68804 -3.25302e+00 | 90 -0.22664  3.11475e+01
 91  0.09661 -1.25605e+01 | 92 -0.20502  1.79111e+01 | 93  0.06868 -1.47528e+00
 94 -0.17381  3.59083e+00 |

Intermediate statistics: 94 variables; iteration 20; function evaluation 27; phase 4
Function value 2.6706275e+03; maximum gradient component mag 5.8819e+02
Var    Value     Gradient |Var    Value     Gradient |Var    Value     Gradient
  1 -0.19374 -2.01053e+02 |  2 -0.01980  1.02104e+02 |  3 -0.04194  5.63502e+01
  4  0.01580  2.35165e+01 |  5 -0.39250  3.53013e+01 |  6 -0.04048 -5.35686e+01
  7  0.12951  5.88190e+02 |  8 -0.05065  1.35994e+02 |  9  0.11847  1.00024e+01
 10 -0.01415  1.36265e+02 | 11  0.09617 -6.54120e+00 | 12  0.10521 -4.64881e+00
 13  0.11255 -4.88945e+00 | 14  0.05877 -8.13639e+00 | 15  0.01258 -1.23852e+01
 16  0.04167 -1.49678e+01 | 17  0.04329 -1.17642e+01 | 18  0.14859 -9.67800e+00
 19 -0.04095 -1.36477e+01 | 20 -0.09811 -1.59276e+01 | 21 -0.04838 -1.46238e+01
 22  0.09464 -2.06831e+01 | 23 -0.04104 -1.02960e+01 | 24 -0.15113 -6.14307e+00
 25 -0.20988 -9.23871e+00 | 26 -0.26410 -2.14085e+01 | 27  0.27149  4.27413e+01
 28 -0.27178 -2.11655e+01 | 29  0.02932 -1.02904e+01 | 30  0.00885 -1.47414e+01
 31  0.05145 -2.04654e+01 | 32  0.05514 -1.88209e+01 | 33 -0.02959 -1.89519e+01
 34  0.03001 -1.37268e+01 | 35 -0.15143 -1.58328e+01 | 36  0.07482 -2.93266e+00
 37 -0.12876 -1.55932e+01 | 38 -0.01736 -1.22648e+01 | 39 -0.11756 -1.73586e+01
 40 -0.21006 -2.66220e+01 | 41 -0.34642 -3.30423e+01 | 42  0.50098  1.20207e+02
 43 -0.24145 -3.42801e+01 | 44  0.05776 -1.28569e+01 | 45 -0.06037 -2.04568e+01
 46  0.14565 -3.68931e+01 | 47 -0.08227 -1.68506e+01 | 48 -0.29849 -2.14371e+01
 49 -0.38119 -1.83283e+01 | 50 -0.05808 -1.80508e+01 | 51 -0.13559 -2.54783e+01
 52  0.19030 -1.02116e+01 | 53  0.23780 -3.36302e+01 | 54  0.04730 -2.24570e+01
 55  0.21659 -2.55868e+01 | 56  0.29514 -4.38491e+01 | 57  0.02692 -2.19614e+01
 58  0.19199 -7.84197e+00 | 59  0.05478 -1.43758e+01 | 60  0.02090 -1.52431e+01
 61 -0.17186 -1.88570e+01 | 62 -0.10343 -1.81895e+01 | 63  0.03394 -1.45797e+01
 64  0.12127 -1.36798e+01 | 65 -0.07977 -2.36438e+01 | 66  0.09914 -1.73331e+01
 67  0.21453 -1.90929e+01 | 68 -0.07478 -2.01826e+00 | 69  0.10833  8.14128e+01
 70 -0.22105 -1.27241e+02 | 71 -0.26110  5.58680e+00 | 72  0.28243 -3.54205e+01
 73 -0.14536  8.54065e+01 | 74  0.20737  2.96753e+00 | 75 -0.16885 -8.25464e+00
 76  0.30758  1.36314e-01 | 77 -0.18095 -1.50723e+01 | 78  0.26706 -1.58304e+01
 79 -0.07813  6.60276e+01 | 80 -0.12657  9.88121e+01 | 81 -0.32280 -4.19589e+01
 82 -0.14467  8.13532e+00 | 83 -0.05271  8.20458e+01 | 84 -0.02112  1.02202e+01
 85 -0.02192 -5.04748e+00 | 86 -0.12126  2.67106e+00 | 87  0.45281  4.17486e+00
 88 -0.16119 -7.41698e+00 | 89  0.66980 -9.93839e+00 | 90 -0.19020  1.12130e+02
 91  0.02922 -1.83480e+02 | 92 -0.21615  2.83792e+02 | 93  0.05245  8.06224e+00
 94 -0.19093 -4.17006e-01 |
94 variables; iteration 40; function evaluation 49; phase 4
Function value 2.6465232e+03; maximum gradient component mag 2.4083e+02
Var    Value     Gradient |Var    Value     Gradient |Var    Value     Gradient
  1 -0.19692  6.36155e+01 |  2 -0.02413  1.88282e+01 |  3 -0.03991  2.20065e+01
  4  0.00942  6.72617e+00 |  5 -0.41362 -1.20194e+01 |  6 -0.01587  6.55996e-01
  7  0.12034  2.40833e+02 |  8 -0.08159  6.69289e+01 |  9  0.13178  2.32120e+00
 10 -0.07328 -5.21619e+00 | 11  0.16160 -1.04064e+01 | 12  0.08128 -1.10109e+01
 13  0.15233 -1.66661e+01 | 14  0.02776 -1.38119e+01 | 15 -0.00011 -1.24919e+01
 16  0.07970 -1.19560e+01 | 17  0.03255 -4.98355e+00 | 18  0.18892  6.67312e+00
 19 -0.05266 -3.69055e+00 | 20 -0.06385 -1.39842e+00 | 21 -0.03423 -2.46142e-01
 22  0.11923 -4.19528e+00 | 23 -0.04743 -1.20033e+01 | 24 -0.14375 -8.68667e-01
 25 -0.19395  1.38042e+00 | 26 -0.18364 -5.31915e+00 | 27  0.27684  2.72921e+00
 28 -0.23624 -8.63254e+00 | 29  0.05085  1.55921e+01 | 30  0.02220  1.23036e+01
 31  0.06781  1.51518e+01 | 32  0.05670  6.50681e+00 | 33 -0.02918 -9.20772e-01
 34  0.02272  1.37168e+00 | 35 -0.15009 -4.66548e+00 | 36  0.04421 -1.21060e+01
 37 -0.13515 -6.11161e+00 | 38 -0.06169 -9.93078e+00 | 39 -0.10764  5.76289e+00
 40 -0.16118 -4.23100e-01 | 41 -0.31757 -2.19756e+01 | 42  0.44070  1.14016e+01
 43 -0.20667 -1.97182e+01 | 44  0.04175  3.16311e+00 | 45 -0.07551 -4.44563e+00
 46  0.13298  4.33301e+00 | 47 -0.11163 -7.74207e+00 | 48 -0.26896  3.04999e-02
 49 -0.31475  3.98093e+00 | 50 -0.10917 -1.38434e+01 | 51 -0.12529 -9.36389e+00
 52  0.14543 -1.73192e+01 | 53  0.19417 -4.79416e+01 | 54  0.02166 -1.19157e+01
 55  0.18993 -3.85435e+00 | 56  0.29773  1.29343e+01 | 57  0.01960 -2.63177e+00
 58  0.17459  1.72558e+01 | 59  0.02658 -4.09903e+00 | 60 -0.01209 -5.07532e+00
 61 -0.16743 -3.13937e+00 | 62 -0.11539 -4.55444e+00 | 63 -0.00049 -7.49792e+00
 64  0.08596 -1.05140e+01 | 65 -0.07737 -7.12187e+00 | 66  0.08389 -6.18421e+00
 67  0.26625 -8.72887e-01 | 68 -0.03263  6.83846e+00 | 69  0.11058  4.27501e+00
 70 -0.21364 -3.82110e+01 | 71 -0.26796 -1.27098e+01 | 72  0.28799 -7.50962e+00
 73 -0.15115  1.95934e+01 | 74  0.54494 -5.47760e+00 | 75 -0.03596  3.58995e+01
 76  0.34394  1.82745e+01 | 77 -0.17295 -4.40908e+01 | 78  0.23406 -2.54926e+01
 79 -0.09502  5.09420e+01 | 80 -0.13127  2.94768e+01 | 81 -0.31829 -1.20507e+01
 82 -0.14368  1.13272e+00 | 83 -0.05526  2.30038e+01 | 84 -0.01362  8.44360e+00
 85 -0.02207 -6.56767e+00 | 86 -0.13454  5.39031e-02 | 87  0.74855 -9.61007e-01
 88 -0.07165  1.28724e+01 | 89  0.62094 -9.22022e-01 | 90 -0.21832  1.33059e+01
 91  0.00488 -6.99005e+01 | 92 -0.26372  9.32691e+01 | 93  0.03497  2.78736e+00
 94 -0.22067 -6.72636e+00 |
94 variables; iteration 60; function evaluation 72; phase 4
Function value 2.6384290e+03; maximum gradient component mag 1.1132e+02
Var    Value     Gradient |Var    Value     Gradient |Var    Value     Gradient
  1 -0.20300  1.11323e+02 |  2 -0.00806  2.54760e+01 |  3 -0.04606  1.91898e+01
  4  0.00895  1.17925e+01 |  5 -0.41010  2.59164e+00 |  6 -0.00813  1.59968e+01
  7  0.11710  8.95387e+01 |  8 -0.11586  2.07753e+01 |  9  0.14705  5.16995e+00
 10 -0.08098 -5.17804e+01 | 11  0.14827 -3.25752e+00 | 12  0.04752 -2.49090e+00
 13  0.19632 -2.34727e+00 | 14  0.03054 -2.10226e+00 | 15 -0.00922 -2.77340e+00
 16  0.09930 -3.93154e+00 | 17 -0.00646 -3.26113e+00 | 18  0.19006 -4.20343e+00
 19 -0.07070 -3.52309e+00 | 20 -0.08335 -1.31972e+00 | 21 -0.02350  6.17127e+00
 22  0.11434  2.42982e+00 | 23 -0.03534  3.43216e+00 | 24 -0.12605  1.41803e+01
 25 -0.16906  1.32017e+01 | 26 -0.25146 -6.74313e+00 | 27  0.27240 -2.85806e+01
 28 -0.24902 -5.33071e+00 | 29  0.03480 -8.67434e-01 | 30  0.01090  1.38489e+00
 31  0.05744  4.92777e+00 | 32  0.04892  2.60304e+00 | 33 -0.03036  2.99018e+00
 34  0.00570  1.56362e+00 | 35 -0.13168  6.11441e+00 | 36  0.04199  7.66621e+00
 37 -0.11353  1.09251e+01 | 38 -0.05726  4.74109e+00 | 39 -0.11670  1.29863e+01
 40 -0.17139  7.14417e+00 | 41 -0.21282 -1.25226e+01 | 42  0.42077 -2.66057e+01
 43 -0.14020 -5.59649e+00 | 44  0.02257  1.92297e+00 | 45 -0.06286  9.65401e+00
 46  0.12317  8.17695e+00 | 47 -0.09782  8.00144e+00 | 48 -0.27151  6.20193e+00
 49 -0.33279  7.76316e+00 | 50 -0.08310  8.16513e+00 | 51 -0.13065  9.30764e-01
 52  0.14003 -2.35941e+00 | 53  0.21140  1.60793e+00 | 54  0.02860  1.20020e+00
 55  0.17614 -1.37619e+00 | 56  0.28303  1.83883e+00 | 57  0.01202  3.85936e-01
 58  0.14747  2.37829e+00 | 59  0.03398  4.61013e+00 | 60 -0.00794  4.01642e+00
 61 -0.13946  9.06146e+00 | 62 -0.12352  1.82689e+00 | 63 -0.00354 -1.27844e+00
 64  0.09337  9.87422e-01 | 65 -0.06394  2.19838e+00 | 66  0.08995  1.13694e+00
 67  0.25951  4.39582e+00 | 68 -0.16411 -5.55793e-01 | 69  0.15618 -1.52012e+01
 70 -0.17879  1.99271e+01 | 71 -0.26165 -1.15752e+00 | 72  0.28717  1.48817e+00
 73 -0.15254 -4.56578e-01 | 74  0.34023  1.58252e+00 | 75 -0.10680 -1.23745e+00
 76  0.32744  5.96699e+00 | 77 -0.17720 -2.30257e+01 | 78  0.23879 -5.34169e+00
 79 -0.09762  3.14701e+00 | 80 -0.13462 -8.65011e+00 | 81 -0.31609  4.54085e+00
 82 -0.13242 -2.22984e+00 | 83 -0.05544 -4.08527e+00 | 84 -0.00914 -1.46239e+00
 85 -0.00811  2.29278e+00 | 86 -0.13751 -1.80434e-01 | 87  0.53700 -7.72671e-01
 88 -0.12120  5.46787e+00 | 89  0.43311 -1.13485e+01 | 90 -0.24508  5.13743e+01
 91 -0.01770 -2.53135e+01 | 92 -0.29697  2.19365e+01 | 93  0.03776 -4.39440e+00
 94 -0.21028  1.90001e+00 |
94 variables; iteration 80; function evaluation 93; phase 4
Function value 2.6356598e+03; maximum gradient component mag 5.7455e+01
Var    Value     Gradient |Var    Value     Gradient |Var    Value     Gradient
  1 -0.21495  5.74546e+01 |  2 -0.01754  3.08789e+00 |  3 -0.03748  2.65638e-01
  4 -0.00286  5.92195e+00 |  5 -0.39384  1.03300e+01 |  6 -0.00707  3.45908e-01
  7  0.11399  1.18573e+01 |  8 -0.11549  4.95478e+00 |  9  0.15727  5.99851e+00
 10 -0.09415 -2.50370e+01 | 11  0.15499 -2.09863e+00 | 12  0.03668 -3.17737e+00
 13  0.17371 -5.18937e+00 | 14 -0.00508 -3.22917e+00 | 15  0.05975  1.48225e+00
 16  0.07336 -2.56987e+00 | 17 -0.00299 -2.26643e+00 | 18  0.19082  4.08105e+00
 19 -0.07623  3.15081e-01 | 20 -0.03968  8.52726e+00 | 21 -0.05247  2.55125e+00
 22  0.11971  4.85728e+00 | 23 -0.02908  4.79235e+00 | 24 -0.14436  6.65395e+00
 25 -0.21282  4.02992e+00 | 26 -0.18258 -2.13049e-01 | 27  0.27361 -4.48037e+00
 28 -0.22218 -2.40840e+00 | 29  0.03349  1.40215e+00 | 30  0.01061  7.06114e-01
 31  0.05211  8.93945e-01 | 32  0.04935  2.63226e+00 | 33 -0.03975  2.01992e+00
 34  0.01150  4.73223e+00 | 35 -0.15645  2.43248e+00 | 36  0.04162  3.07892e+00
 37 -0.14069  4.11055e+00 | 38 -0.04798  7.34548e+00 | 39 -0.13372  8.12436e+00
 40 -0.18657  4.16275e+00 | 41 -0.18467 -1.05468e+01 | 42  0.42799 -5.00050e+00
 43 -0.13559 -4.64072e+00 | 44  0.02753  2.65978e+00 | 45 -0.07267  3.21646e+00
 46  0.12198  5.19882e-01 | 47 -0.10905  1.24990e+00 | 48 -0.27477  5.67686e+00
 49 -0.32478  9.19507e+00 | 50 -0.09109  4.97333e+00 | 51 -0.11266  4.51059e+00
 52  0.14605  5.42740e+00 | 53  0.20616 -9.79121e+00 | 54  0.03340  2.75141e+00
 55  0.17630 -1.57045e+00 | 56  0.28633  4.75608e+00 | 57  0.01686  2.12947e+00
 58  0.15126  3.35479e+00 | 59  0.03064  2.18695e+00 | 60  0.00093  5.48492e+00
 61 -0.16908  3.40219e+00 | 62 -0.10222  5.05505e+00 | 63  0.01302  4.16447e+00
 64  0.09778  1.14618e-01 | 65 -0.05869  2.67030e+00 | 66  0.09347  1.50754e+00
 67  0.22699  9.50040e-01 | 68 -0.15832  4.99309e-01 | 69  0.17048 -1.18475e+01
 70 -0.17078  2.22630e+01 | 71 -0.25933  2.80852e+00 | 72  0.28166 -4.41255e+00
 73 -0.15462  7.81040e+00 | 74  0.19991 -5.91369e+00 | 75 -0.15960  8.66489e+00
 76  0.33716 -1.68191e+01 | 77 -0.16830  3.58043e+01 | 78  0.25800  1.12668e+00
 79 -0.09188 -4.06929e+00 | 80 -0.14279 -1.16505e+00 | 81 -0.32976 -4.66613e-01
 82 -0.10355  5.37370e-01 | 83 -0.05600 -2.12753e+00 | 84 -0.01271 -4.30381e-01
 85 -0.01140  1.58778e+00 | 86 -0.12800  9.32551e-01 | 87  0.52408  1.82941e+00
 88 -0.13155 -2.29572e+00 | 89  0.47745  2.17929e+00 | 90 -0.24535 -4.37720e+00
 91 -0.02247 -7.65515e+00 | 92 -0.30595 -1.65245e+00 | 93  0.05346 -1.39700e+00
 94 -0.19551  2.01764e+00 |
Maximum number of function evaluations exceeded

 - final statistics:
94 variables; iteration 87; function evaluation 100
Function value 2.6350e+03; maximum gradient component mag 1.1415e+02
Exit code = 3;  converg criter 1.0000e+00
Var    Value     Gradient |Var    Value     Gradient |Var    Value     Gradient
  1 -0.22446  1.14149e+02 |  2 -0.01743 -5.86583e+00 |  3 -0.03790 -3.74805e+00
  4 -0.00163  1.60421e+00 |  5 -0.40084  1.38677e+00 |  6  0.00058  8.76137e+00
  7  0.11485 -9.23585e+00 |  8 -0.12123  7.41991e-01 |  9  0.15898  4.87772e+00
 10 -0.10402 -8.06735e+01 | 11  0.12188 -6.46278e+00 | 12  0.06059 -5.32144e+00
 13  0.17677 -1.09111e+01 | 14  0.03572 -5.97513e+00 | 15 -0.02420 -5.96201e+00
 16  0.08634 -8.32353e+00 | 17  0.02642 -3.34751e+00 | 18  0.17777 -8.26077e+00
 19 -0.05351 -9.77560e-01 | 20 -0.05324  3.13898e+00 | 21 -0.05317 -8.08991e-01
 22  0.11947 -1.39706e+00 | 23 -0.02935  2.54255e+00 | 24 -0.14148  5.49715e+00
 25 -0.23267  2.91138e-01 | 26 -0.18928 -1.96732e+00 | 27  0.27460 -1.17668e+01
 28 -0.22125 -2.08975e+00 | 29  0.03169  1.18691e+00 | 30  0.01647  3.37009e+00
 31  0.04651 -5.09786e-02 | 32  0.05056  5.45945e+00 | 33 -0.03715  4.38886e+00
 34  0.00759  2.07275e+00 | 35 -0.18372 -1.10308e+00 | 36  0.04050  2.60315e+00
 37 -0.14662  4.00523e+00 | 38 -0.05352  5.82600e+00 | 39 -0.14737  5.74791e+00
 40 -0.18393  6.76437e+00 | 41 -0.14059 -5.10571e+00 | 42  0.42927  1.08414e+00
 43 -0.12536 -2.61257e+00 | 44  0.02936  3.37001e+00 | 45 -0.07275  3.46866e+00
 46  0.12301  3.63937e+00 | 47 -0.10575  3.68628e+00 | 48 -0.26346  9.03726e+00
 49 -0.32779  9.43751e+00 | 50 -0.09215  6.00096e+00 | 51 -0.10977  6.64402e+00
 52  0.14270  4.37625e+00 | 53  0.20627 -6.49273e+00 | 54  0.02897  1.64355e+00
 55  0.17889  1.50715e+00 | 56  0.28514  3.92276e+00 | 57  0.01189  6.26073e-01
 58  0.14858  9.55187e-01 | 59  0.04048  5.51291e+00 | 60 -0.01089  1.35649e+00
 61 -0.17709  2.28814e+00 | 62 -0.10502  4.85191e+00 | 63  0.01936  7.45585e+00
 64  0.09804 -1.31945e-01 | 65 -0.05785  2.83776e+00 | 66  0.11084  4.96741e+00
 67  0.23989  2.60471e+00 | 68 -0.18464 -9.25404e-01 | 69  0.16098 -1.50390e+01
 70 -0.17659  2.01749e+01 | 71 -0.26249 -2.19762e+00 | 72  0.28803 -4.89615e+00
 73 -0.15115  1.66496e+01 | 74  0.26287  5.45017e+00 | 75 -0.14253 -1.00588e+01
 76  0.33674 -2.59247e+01 | 77 -0.16735  5.41026e+01 | 78  0.25609 -7.27685e+00
 79 -0.09065  2.04286e+01 | 80 -0.14309  4.85922e+00 | 81 -0.33169 -3.05187e+00
 82 -0.09866  1.32528e+00 | 83 -0.05654  2.80925e-01 | 84 -0.01524 -1.10260e+00
 85 -0.01857 -1.88935e+00 | 86 -0.13011 -1.14677e+00 | 87  0.54090  4.77788e+00
 88 -0.13093 -1.07479e+01 | 89  0.49625  3.10275e+00 | 90 -0.24262 -1.02593e+01
 91 -0.02280 -8.17768e+00 | 92 -0.30634 -1.37007e+00 | 93  0.04458 -3.19920e+00
 94 -0.20404  2.61222e+00 |

Initial statistics: 95 variables; iteration 0; function evaluation 0; phase 5
Function value 2.6349721e+03; maximum gradient component mag 1.1415e+02
Var    Value     Gradient |Var    Value     Gradient |Var    Value     Gradient
  1 -0.22446  1.14149e+02 |  2 -0.01743 -5.86583e+00 |  3 -0.03790 -3.74805e+00
  4 -0.00163  1.60421e+00 |  5 -0.40084  1.38677e+00 |  6  0.00058  8.76137e+00
  7  0.11485 -9.23585e+00 |  8 -0.12123  7.41991e-01 |  9  0.15898  4.87772e+00
 10 -0.10402 -8.06735e+01 | 11  0.19448  4.25716e+00 | 12  0.12181 -7.44118e+00
 13  0.06052 -6.31343e+00 | 14  0.17669 -1.18698e+01 | 15  0.03565 -6.97004e+00
 16 -0.02428 -6.95769e+00 | 17  0.08627 -9.31096e+00 | 18  0.02634 -4.34310e+00
 19  0.17770 -9.21891e+00 | 20 -0.05359 -1.97045e+00 | 21 -0.05331  2.14601e+00
 22 -0.05324 -1.80193e+00 | 23  0.11940 -2.37605e+00 | 24 -0.02942  1.54717e+00
 25 -0.14155  4.52510e+00 | 26 -0.23274 -6.39455e-01 | 27 -0.18936 -2.91993e+00
 28  0.27452 -1.26727e+01 | 29 -0.22132 -3.02648e+00 | 30  0.03162  1.91712e-01
 31  0.01640  2.37400e+00 | 32  0.04644 -1.04476e+00 | 33  0.05049  4.46620e+00
 34 -0.03722  3.39411e+00 | 35  0.00752  1.07639e+00 | 36 -0.18380 -2.05823e+00
 37  0.04043  1.60875e+00 | 38 -0.14669  3.03503e+00 | 39 -0.05359  4.83304e+00
 40 -0.14745  4.77793e+00 | 41 -0.18401  5.80904e+00 | 42 -0.14067 -6.07778e+00
 43  0.42918  3.05816e-01 | 44 -0.12543 -3.58966e+00 | 45  0.02929  2.37465e+00
 46 -0.07282  2.47870e+00 | 47  0.12293  2.66154e+00 | 48 -0.10582  2.70351e+00
 49 -0.26354  8.12451e+00 | 50 -0.32788  8.56965e+00 | 51 -0.09222  5.01486e+00
 52 -0.10985  5.66225e+00 | 53  0.14263  3.40483e+00 | 54  0.20619 -7.43762e+00
 55  0.02890  6.48152e-01 | 56  0.17882  5.49818e-01 | 57  0.28506  3.02480e+00
 58  0.01182 -3.70186e-01 | 59  0.14851 -1.42303e-02 | 60  0.04041  4.51852e+00
 61 -0.01096  3.60199e-01 | 62 -0.17717  1.32997e+00 | 63 -0.10509  3.86893e+00
 64  0.01929  6.45990e+00 | 65  0.09796 -1.11660e+00 | 66 -0.05792  1.84542e+00
 67  0.11076  3.98612e+00 | 68  0.23981  1.67827e+00 | 69 -0.18464 -9.25404e-01
 70  0.16098 -1.50390e+01 | 71 -0.17659  2.01749e+01 | 72 -0.26249 -2.19762e+00
 73  0.28803 -4.89615e+00 | 74 -0.15115  1.66496e+01 | 75  0.26287  5.45017e+00
 76 -0.14253 -1.00588e+01 | 77  0.33674 -2.59247e+01 | 78 -0.16735  5.41026e+01
 79  0.25609 -7.27685e+00 | 80 -0.09065  2.04286e+01 | 81 -0.14309  4.85922e+00
 82 -0.33169 -3.05187e+00 | 83 -0.09866  1.32528e+00 | 84 -0.05654  2.80925e-01
 85 -0.01524 -1.10260e+00 | 86 -0.01857 -1.88935e+00 | 87 -0.13011 -1.14677e+00
 88  0.54090  4.77788e+00 | 89 -0.13093 -1.07479e+01 | 90  0.49625  3.10275e+00
 91 -0.24262 -1.02593e+01 | 92 -0.02280 -8.17768e+00 | 93 -0.30634 -1.37007e+00
 94  0.04458 -3.19920e+00 | 95 -0.20404  2.61222e+00 |

Intermediate statistics: 95 variables; iteration 20; function evaluation 21; phase 5
Function value 2.6322694e+03; maximum gradient component mag 1.6431e+02
Var    Value     Gradient |Var    Value     Gradient |Var    Value     Gradient
  1 -0.22632  1.64308e+02 |  2 -0.01670  1.05748e+01 |  3 -0.03729  7.85727e+00
  4 -0.00152  2.41933e+00 |  5 -0.40199  2.77106e+00 |  6  0.00275  1.71397e+01
  7  0.11810  5.90823e+01 |  8 -0.12104  1.11974e+01 |  9  0.15350  1.79849e+00
 10 -0.09384 -1.50026e+02 | 11 -0.05030 -1.30896e+01 | 12  0.11507 -1.10026e+01
 13  0.10665 -1.09715e+01 | 14  0.12931 -1.31056e+01 | 15  0.06088 -8.86382e+00
 16  0.03438 -7.54020e+00 | 17  0.06211 -1.31325e+01 | 18  0.02694 -1.17384e+01
 19  0.16817 -2.15044e+01 | 20 -0.02749 -6.81593e+00 | 21 -0.08596 -7.19494e+00
 22 -0.03974 -7.47966e+00 | 23  0.11221 -1.97452e+01 | 24 -0.03155 -9.64380e+00
 25 -0.15965 -5.35417e+00 | 26 -0.22205 -4.44596e+00 | 27 -0.15979 -6.43834e+00
 28  0.26718 -8.25774e+01 | 29 -0.16234 -5.15370e+00 | 30  0.03217 -1.47165e+01
 31  0.02891 -7.84279e+00 | 32  0.05980 -1.07571e+01 | 33  0.05709 -9.96665e+00
 34 -0.02685 -6.13705e+00 | 35  0.01712 -7.68560e+00 | 36 -0.14708 -3.62348e+00
 37  0.05545 -3.87499e+00 | 38 -0.13639 -2.84904e+00 | 39 -0.04138 -1.71396e+00
 40 -0.13921 -1.31383e+00 | 41 -0.20601 -3.64273e+00 | 42 -0.06413 -2.99587e+00
 43  0.45193 -3.74963e+01 | 44 -0.08208 -4.90501e+00 | 45  0.05242 -3.27340e+00
 46 -0.05823 -2.35244e+00 | 47  0.13152  5.20471e+00 | 48 -0.11194 -1.38151e+00
 49 -0.29376 -2.57599e-01 | 50 -0.39817 -2.91814e+00 | 51 -0.11243 -1.16557e+00
 52 -0.12951 -6.82089e-01 | 53  0.12559 -1.22274e+00 | 54  0.20078  7.83092e+00
 55  0.01685 -2.05491e+00 | 56  0.16890  3.41415e-01 | 57  0.27120  3.20649e+00
 58 -0.00215 -4.15780e+00 | 59  0.13558 -4.05417e-01 | 60  0.01880 -2.58384e-01
 61 -0.03341 -4.31897e+00 | 62 -0.19483 -2.26038e+00 | 63 -0.13685 -2.23957e+00
 64 -0.01380 -1.35320e+00 | 65  0.07474 -1.90077e+00 | 66 -0.08260 -2.72081e+00
 67  0.07934 -2.13563e+00 | 68  0.21930 -2.35240e+00 | 69 -0.21397  1.66821e+00
 70  0.16748 -1.74778e+01 | 71 -0.17294  2.37226e+01 | 72 -0.26100  6.55129e-01
 73  0.28900  1.23079e+00 | 74 -0.15307 -2.76920e+00 | 75  0.23340 -3.11026e+00
 76 -0.14454  6.07798e+00 | 77  0.33911 -1.11035e+01 | 78 -0.16926  2.17497e+01
 79  0.25869  1.15348e+01 | 80 -0.09361 -3.56105e+01 | 81 -0.13709  8.66895e-01
 82 -0.32456 -7.61938e-01 | 83 -0.11695 -9.71581e-01 | 84 -0.06197 -2.83242e+01
 85 -0.01395 -4.68307e+00 | 86 -0.01354  1.74635e+00 | 87 -0.13245 -1.31027e+00
 88  0.50334 -2.13288e+00 | 89 -0.13289  6.69861e+00 | 90  0.44835  1.60301e+00
 91 -0.25194 -3.08820e+00 | 92 -0.02030  2.07308e+01 | 93 -0.30356 -1.67234e+01
 94  0.04668  9.27069e+00 | 95 -0.20608 -8.55572e+00 |
95 variables; iteration 40; function evaluation 42; phase 5
Function value 2.6303855e+03; maximum gradient component mag 8.7645e+01
Var    Value     Gradient |Var    Value     Gradient |Var    Value     Gradient
  1 -0.21931  8.76447e+01 |  2 -0.01356 -5.28324e+00 |  3 -0.04339 -8.99467e+00
  4 -0.00278 -1.02510e+01 |  5 -0.40276 -2.69672e+00 |  6 -0.00048  9.44631e+00
  7  0.11469 -2.29869e+01 |  8 -0.12122 -7.61517e+00 |  9  0.15351 -6.02303e+00
 10 -0.06655 -8.32605e+01 | 11 -0.21499 -8.93047e+00 | 12  0.03899  9.35627e-01
 13  0.17645  3.33955e+00 | 14  0.07908  9.69594e-01 | 15  0.07153  3.88619e+00
 16  0.01441  4.40999e+00 | 17  0.08044  2.96113e+00 | 18 -0.00052  2.77851e-01
 19  0.16858 -4.69570e+00 | 20 -0.04247  1.12925e+00 | 21 -0.09948 -1.40267e+00
 22 -0.04504 -1.13271e+00 | 23  0.10773 -1.38459e+01 | 24 -0.04307 -6.42490e+00
 25 -0.16765  3.44382e-02 | 26 -0.22296  2.69749e+00 | 27 -0.16084  2.45336e+00
 28  0.27557 -3.39672e+01 | 29 -0.17745  1.95019e+00 | 30  0.04045 -8.32854e+00
 31  0.02813 -4.18505e+00 | 32  0.07846  2.79356e+00 | 33  0.07058  2.62725e+00
 34 -0.01745  1.51809e+00 | 35  0.02668 -2.76751e+00 | 36 -0.13811  2.72682e+00
 37  0.07262  2.81679e+00 | 38 -0.12232  4.66277e+00 | 39 -0.01480  9.40993e+00
 40 -0.12721  4.78760e+00 | 41 -0.18357  3.58285e+00 | 42 -0.04216  4.84443e+00
 43  0.49646 -1.36457e+01 | 44 -0.04694  4.57189e+00 | 45  0.08090  3.34121e+00
 46 -0.03615  4.17822e+00 | 47  0.14901  1.01759e+01 | 48 -0.10184  6.17536e+00
 49 -0.30652  2.63810e+00 | 50 -0.39015  3.94054e+00 | 51 -0.11252  4.54417e+00
 52 -0.13917  4.05453e+00 | 53  0.12331  4.35504e+00 | 54  0.19805  1.10291e+01
 55  0.01828  5.08202e+00 | 56  0.16410  8.33515e-01 | 57  0.27011  2.50117e+00
 58 -0.00470  1.64241e+00 | 59  0.13445  6.78073e+00 | 60  0.01381  6.88508e+00
 61 -0.03632  4.65857e+00 | 62 -0.21001  3.60440e+00 | 63 -0.15509  3.08056e+00
 64 -0.02709  5.20854e+00 | 65  0.06661  1.00127e+01 | 66 -0.10432  2.49149e+00
 67  0.05920  3.71118e+00 | 68  0.20160  3.81052e+00 | 69 -0.25115  4.41477e-01
 70  0.17184 -2.54802e+00 | 71 -0.17323  5.27842e-01 | 72 -0.26012  2.13957e+00
 73  0.29654 -3.94713e+00 | 74 -0.14863  1.79858e+01 | 75  0.27973 -2.78188e-01
 76 -0.12763  2.50896e+00 | 77  0.34105  1.39636e+00 | 78 -0.17018 -2.40126e+00
 79  0.26291 -5.55695e+00 | 80 -0.08863  1.84962e+01 | 81 -0.13934 -4.62591e+00
 82 -0.32519  8.26432e-01 | 83 -0.11707 -9.17177e-01 | 84 -0.05580 -5.06189e+00
 85 -0.01091 -1.27607e-01 | 86 -0.01010  2.04447e+00 | 87 -0.13067  1.07895e+00
 88  0.46215 -1.21048e+00 | 89 -0.15301  1.37761e+00 | 90  0.40870  8.37230e-01
 91 -0.26129 -1.09031e+00 | 92 -0.01840 -4.76275e+00 | 93 -0.29920  3.75051e+00
 94  0.04384  2.55019e-01 | 95 -0.20422 -3.92013e-01 |
95 variables; iteration 60; function evaluation 63; phase 5
Function value 2.6295858e+03; maximum gradient component mag 3.1266e+01
Var    Value     Gradient |Var    Value     Gradient |Var    Value     Gradient
  1 -0.22258  3.12658e+01 |  2 -0.01693 -3.13002e+00 |  3 -0.04008 -2.61327e+00
  4  0.00026 -2.44497e+00 |  5 -0.40068 -1.10139e+00 |  6  0.00396  4.19708e+00
  7  0.11396 -1.56465e+01 |  8 -0.11558 -2.45919e+00 |  9  0.14894 -4.24226e+00
 10 -0.05661 -2.89481e+01 | 11 -0.26402 -1.02374e+00 | 12 -0.00284 -4.80401e-01
 13  0.17070  3.29996e+00 | 14  0.05821 -1.22911e+00 | 15  0.06704  9.88622e-01
 16 -0.01494  7.44061e-01 | 17  0.07477  2.33989e+00 | 18  0.01134  1.09971e+00
 19  0.15624 -2.27397e+00 | 20 -0.03238  2.70574e+00 | 21 -0.10248 -2.26378e-01
 22 -0.04282  1.95548e+00 | 23  0.10639 -4.64816e+00 | 24 -0.03754 -7.38940e-01
 25 -0.15992  2.11674e+00 | 26 -0.22671  1.51860e+00 | 27 -0.17456  5.03674e-01
 28  0.28129 -8.39784e+00 | 29 -0.19068  8.49063e-01 | 30  0.05246  7.60344e-01
 31  0.03765 -1.71689e-01 | 32  0.07789 -1.61942e+00 | 33  0.07216 -8.51971e-01
 34 -0.01201  1.68106e+00 | 35  0.03568  1.33229e+00 | 36 -0.12971  3.11763e+00
 37  0.07978  2.75968e+00 | 38 -0.12552  4.38180e-01 | 39 -0.01673  1.92548e+00
 40 -0.11686  3.20387e+00 | 41 -0.16853  3.32711e+00 | 42 -0.03697  3.42590e+00
 43  0.51448 -3.26351e+00 | 44 -0.04969  1.29963e+00 | 45  0.09174  1.66414e+00
 46 -0.03042  1.27993e+00 | 47  0.15215  1.36074e+00 | 48 -0.10343  1.69694e+00
 49 -0.30763  6.93485e-01 | 50 -0.38669  2.91218e+00 | 51 -0.11442  1.57892e+00
 52 -0.14148  1.72853e+00 | 53  0.12489  3.21587e+00 | 54  0.19535  2.91203e+00
 55  0.01660  2.42893e+00 | 56  0.17280  4.78856e+00 | 57  0.27088  1.50353e+00
 58 -0.00035  1.34694e+00 | 59  0.13423  3.74614e+00 | 60  0.00477  1.39396e+00
 61 -0.03542  3.33917e+00 | 62 -0.21439  1.85689e+00 | 63 -0.15470  2.06687e+00
 64 -0.03315  1.88325e+00 | 65  0.05853  3.44689e+00 | 66 -0.09073  4.34841e+00
 67  0.07215  4.75232e+00 | 68  0.19794  1.88534e+00 | 69 -0.26602 -2.41960e-01
 70  0.16796 -1.63282e+00 | 71 -0.17451 -5.16204e-01 | 72 -0.26076  9.05274e-01
 73  0.28281 -3.65928e+00 | 74 -0.15496  5.81766e+00 | 75  0.23450  1.36922e+00
 76 -0.15163 -2.74718e+00 | 77  0.34067  4.72746e-01 | 78 -0.16992 -3.94910e-01
 79  0.25711 -4.33363e+00 | 80 -0.09063  1.28951e+01 | 81 -0.13936 -1.19702e+00
 82 -0.32498  6.99232e-01 | 83 -0.11348  1.70323e-01 | 84 -0.05648 -5.51059e-01
 85 -0.01140  1.42327e+00 | 86 -0.01360 -6.35849e-01 | 87 -0.13269  2.91750e-01
 88  0.46287 -1.94472e-01 | 89 -0.15275 -1.24027e-02 | 90  0.40413  7.47272e-01
 91 -0.26236 -1.09091e+00 | 92 -0.01830 -8.77042e+00 | 93 -0.29883  5.49391e+00
 94  0.04358 -1.78992e+00 | 95 -0.20335  2.10499e+00 |
95 variables; iteration 80; function evaluation 87; phase 5
Function value 2.6292532e+03; maximum gradient component mag 5.8567e+01
Var    Value     Gradient |Var    Value     Gradient |Var    Value     Gradient
  1 -0.21749  5.85671e+01 |  2 -0.02151 -2.63903e+00 |  3 -0.03582 -1.58992e-01
  4 -0.00252 -9.73932e-02 |  5 -0.39720  7.80486e-01 |  6  0.00073  9.11467e+00
  7  0.11459 -2.11892e+00 |  8 -0.11624  7.17359e-01 |  9  0.15231 -3.55978e-01
 10 -0.04422 -4.76844e+01 | 11 -0.30403 -3.28122e+00 | 12 -0.01459 -3.39874e+00
 13  0.16093 -2.67105e+00 | 14  0.05419 -4.84332e+00 | 15  0.07008 -2.54440e+00
 16 -0.01696 -2.25797e+00 | 17  0.06514 -3.40430e+00 | 18 -0.00008 -2.15243e+00
 19  0.16427 -3.59384e+00 | 20 -0.06147 -7.64692e-01 | 21 -0.08141  5.61327e-04
 22 -0.05581 -1.14811e+00 | 23  0.10836 -3.66855e+00 | 24 -0.03667 -9.36863e-01
 25 -0.16609 -1.08387e-01 | 26 -0.22788  2.60105e-01 | 27 -0.16810  2.65563e-01
 28  0.28225 -1.01491e+01 | 29 -0.18184  4.82809e-01 | 30  0.05293 -1.80531e+00
 31  0.04215 -1.18992e+00 | 32  0.08149 -1.87185e+00 | 33  0.07716 -9.87940e-01
 34 -0.01359 -4.40187e-01 | 35  0.04280  8.83020e-01 | 36 -0.13670  7.00562e-01
 37  0.08442  1.17029e+00 | 38 -0.11503  8.13874e-01 | 39 -0.01144  1.07135e+00
 40 -0.11624  9.34082e-01 | 41 -0.16350  1.89832e+00 | 42 -0.03886  1.03949e+00
 43  0.52777 -1.94222e+00 | 44 -0.03664  1.45930e+00 | 45  0.10016  8.24486e-01
 46 -0.02359  3.23641e-01 | 47  0.15856  2.34719e+00 | 48 -0.09963  1.16938e+00
 49 -0.30014  1.01919e+00 | 50 -0.39557  9.45449e-01 | 51 -0.11322  1.52719e+00
 52 -0.13624  1.85661e+00 | 53  0.12428  7.75991e-01 | 54  0.19582  9.43090e-01
 55  0.01611  6.75811e-01 | 56  0.17366  3.64223e+00 | 57  0.27380  2.76862e+00
 58  0.00299  1.48311e+00 | 59  0.13188  7.13050e-01 | 60  0.00745  1.80538e+00
 61 -0.03986  1.46965e+00 | 62 -0.21537  1.17784e+00 | 63 -0.15857  1.10256e+00
 64 -0.03587  1.58784e+00 | 65  0.05213  1.35350e+00 | 66 -0.10669  9.26756e-01
 67  0.05433  1.21121e+00 | 68  0.19530  1.08304e+00 | 69 -0.25867  9.81849e-01
 70  0.17578 -2.58875e+00 | 71 -0.17003  4.39645e+00 | 72 -0.26049  9.55980e-01
 73  0.28550 -1.92971e+00 | 74 -0.15467  2.16901e+00 | 75  0.23650  5.52433e-01
 76 -0.14992 -1.27510e+00 | 77  0.34174 -2.98993e+00 | 78 -0.16937  6.26719e+00
 79  0.25997 -1.73684e+00 | 80 -0.09063  4.10122e+00 | 81 -0.13800 -4.94840e-01
 82 -0.32253  7.59220e-01 | 83 -0.11903 -1.47305e-01 | 84 -0.05618 -1.83099e+00
 85 -0.01202 -5.88198e-01 | 86 -0.01363 -2.34519e-02 | 87 -0.13252 -2.71141e-01
 88  0.48343  1.03444e+00 | 89 -0.14486 -1.34980e+00 | 90  0.40456  3.09226e-01
 91 -0.26261 -4.64415e-01 | 92 -0.01568 -6.54054e+00 | 93 -0.29606  5.31938e+00
 94  0.04030 -1.60506e+00 | 95 -0.20769  7.83787e-01 |
95 variables; iteration 100; function evaluation 116; phase 5
Function value 2.6288827e+03; maximum gradient component mag 6.1496e+01
Var    Value     Gradient |Var    Value     Gradient |Var    Value     Gradient
  1 -0.20676 -5.82283e+01 |  2 -0.02098  4.76161e+00 |  3 -0.03818  3.04757e+00
  4 -0.00267  2.45304e+00 |  5 -0.39745  5.20536e-01 |  6 -0.00955 -9.38175e+00
  7  0.11413  9.18581e+00 |  8 -0.11431  2.63164e+00 |  9  0.15216  1.52133e+00
 10 -0.01519  6.14960e+01 | 11 -0.36890  1.41826e+01 | 12  0.01031  1.01095e+00
 13  0.09425  5.56950e+00 | 14  0.11440  4.67657e+00 | 15  0.02600  1.85293e+00
 16 -0.00948  1.24951e+00 | 17  0.04994  2.24927e+00 | 18  0.00662  2.01038e+00
 19  0.15141  7.14604e+00 | 20 -0.06047  6.36871e-01 | 21 -0.09162  5.23318e-02
 22 -0.06070  3.00992e-01 | 23  0.10406  6.40500e+00 | 24 -0.04223  2.69560e-01
 25 -0.17093 -1.23939e+00 | 26 -0.22728 -7.00277e-01 | 27 -0.17074 -6.38332e-01
 28  0.28324  1.55999e+01 | 29 -0.18357 -7.34586e-01 | 30  0.05796  2.25365e+00
 31  0.04685  1.28274e+00 | 32  0.08855  2.06706e+00 | 33  0.08225  1.22133e+00
 34 -0.00692 -5.09531e-01 | 35  0.04922  1.44739e-01 | 36 -0.13677 -2.22967e+00
 37  0.09253 -4.68821e-01 | 38 -0.10373 -7.41307e-01 | 39 -0.00305 -1.98477e+00
 40 -0.10837 -2.46409e+00 | 41 -0.17249 -3.48351e+00 | 42 -0.02616 -1.17360e+00
 43  0.54462  3.65180e+00 | 44 -0.03739 -2.36432e+00 | 45  0.11167 -3.11822e-01
 46 -0.01399 -1.31823e+00 | 47  0.16391 -2.61296e+00 | 48 -0.09697 -2.16616e+00
 49 -0.30024 -1.80771e+00 | 50 -0.40327 -2.14068e+00 | 51 -0.11573 -3.06641e+00
 52 -0.13862 -1.92308e+00 | 53  0.12460 -3.07028e+00 | 54  0.19619 -3.61187e+00
 55  0.01911 -1.72123e+00 | 56  0.17045 -4.19309e+00 | 57  0.27505 -3.39561e+00
 58  0.00352 -1.93080e+00 | 59  0.13262 -2.79964e+00 | 60  0.00456 -2.42392e+00
 61 -0.04618 -3.06208e+00 | 62 -0.21767 -1.35573e+00 | 63 -0.16010 -1.42221e+00
 64 -0.04531 -3.21830e+00 | 65  0.04495 -2.92556e+00 | 66 -0.11291 -2.10560e+00
 67  0.05158 -1.44154e+00 | 68  0.19759 -1.00221e+00 | 69 -0.28296 -1.19601e+00
 70  0.17816  2.27034e+00 | 71 -0.16935 -2.60488e+00 | 72 -0.26125 -2.19910e-01
 73  0.29021  2.63840e+00 | 74 -0.15338 -3.77966e+00 | 75  0.24714  4.04924e-01
 76 -0.14497 -6.92330e-01 | 77  0.33815  7.23607e-02 | 78 -0.17155 -2.36719e+00
 79  0.26834  2.72692e+00 | 80 -0.08872 -4.04164e+00 | 81 -0.14022  1.92620e+00
 82 -0.32702 -1.38620e+00 | 83 -0.11500  4.44285e-01 | 84 -0.05524  3.11822e+00
 85 -0.01554  4.26043e-02 | 86 -0.01697 -1.94194e-01 | 87 -0.12406  7.23269e-01
 88  0.46671  3.05760e-01 | 89 -0.15055 -2.47724e-01 | 90  0.39907  5.72944e-02
 91 -0.26369  6.44335e-01 | 92 -0.01516  2.07087e+00 | 93 -0.29622 -1.93777e+00
 94  0.04197  6.78815e-01 | 95 -0.20638 -4.23552e-01 |
  ic > imax  in fminim is answer attained ?
Var    Value     Gradient |Var    Value     Gradient |Var    Value     Gradient
  1 -0.21048 -2.54619e-03 |  2 -0.02076 -1.91744e-04 |  3 -0.03697 -1.42882e-04
  4 -0.00243 -1.43553e-04 |  5 -0.39797 -4.56283e-05 |  6 -0.00481 -4.37028e-04
  7  0.11470  7.03313e-05 |  8 -0.11754 -9.03125e-05 |  9  0.15260 -1.57448e-05
 10 -0.02196  2.10860e-03 | 11 -0.36528  4.42580e-04 | 12  0.03421  9.54346e-05
 13  0.05986  1.45118e-04 | 14  0.13467  4.06102e-04 | 15  0.02452  1.45178e-04
 16 -0.01327  1.96110e-04 | 17  0.05778  1.56727e-04 | 18  0.00219  1.03150e-04
 19  0.15533  3.62765e-04 | 20 -0.06060  7.91709e-05 | 21 -0.09001  2.64836e-05
 22 -0.05724  6.10971e-05 | 23  0.10478  1.79453e-04 | 24 -0.03952  4.73924e-05
 25 -0.16763  5.44087e-05 | 26 -0.22964 -8.95691e-05 | 27 -0.17108 -5.82303e-05
 28  0.28403  3.92502e-04 | 29 -0.18601 -4.39245e-05 | 30  0.05779  3.37366e-05
 31  0.04673  2.90200e-05 | 32  0.08776 -1.75769e-05 | 33  0.08220 -2.95472e-06
 34 -0.00652 -9.70606e-06 | 35  0.04791  1.59438e-05 | 36 -0.13194  1.10007e-05
 37  0.09206  4.18471e-05 | 38 -0.10904 -6.49647e-05 | 39 -0.00335 -5.68199e-05
 40 -0.10875 -1.36633e-05 | 41 -0.16306 -4.33124e-06 | 42 -0.03318 -8.96384e-05
 43  0.54303  1.15511e-04 | 44 -0.03453 -3.62101e-05 | 45  0.10920  1.12576e-06
 46 -0.01538 -7.07106e-05 | 47  0.16446 -6.59889e-05 | 48 -0.09683 -4.86167e-05
 49 -0.30075 -1.26808e-04 | 50 -0.39938 -4.81814e-05 | 51 -0.11354 -6.94212e-05
 52 -0.14028 -4.93712e-05 | 53  0.12520 -9.12953e-05 | 54  0.19706 -8.02940e-05
 55  0.01808 -8.87591e-05 | 56  0.17280 -9.00886e-05 | 57  0.27554 -1.35870e-04
 58  0.00239 -1.09097e-04 | 59  0.13274 -1.27387e-04 | 60  0.00438 -7.23866e-05
 61 -0.04413 -7.28184e-05 | 62 -0.22250  2.74944e-05 | 63 -0.16462 -1.35472e-04
 64 -0.04337 -9.32342e-05 | 65  0.04515 -6.65059e-05 | 66 -0.11371 -4.88432e-05
 67  0.04669 -8.72066e-05 | 68  0.18728 -1.09925e-05 | 69 -0.27393  6.39256e-05
 70  0.17446  1.76143e-04 | 71 -0.17091 -3.16528e-04 | 72 -0.26111  1.46616e-05
 73  0.28783  7.59940e-05 | 74 -0.15386 -1.63085e-04 | 75  0.24189  5.90386e-05
 76 -0.14659 -4.29578e-05 | 77  0.34069  2.45934e-04 | 78 -0.17006 -3.89159e-04
 79  0.26070  1.33439e-04 | 80 -0.09064 -3.01667e-04 | 81 -0.13889  3.12893e-06
 82 -0.32434  5.28633e-05 | 83 -0.11761  4.35760e-05 | 84 -0.05589  1.43252e-04
 85 -0.01191  9.81178e-05 | 86 -0.01335 -2.22912e-05 | 87 -0.13214 -5.50315e-06
 88  0.46455 -1.51913e-04 | 89 -0.15160  1.87657e-04 | 90  0.39453 -3.35604e-04
 91 -0.26500  1.57782e-03 | 92 -0.01623  5.00237e-04 | 93 -0.29717 -3.13166e-04
 94  0.04145  6.58138e-05 | 95 -0.20668 -3.77885e-05 |
Function minimizer not making progress ... is minimum attained?
Minimprove criterion = 0.0000e+00

 - final statistics:
95 variables; iteration 120; function evaluation 169
Function value 2.6287e+03; maximum gradient component mag -2.5462e-03
Exit code = 1;  converg criter 1.0000e-04
Var    Value     Gradient |Var    Value     Gradient |Var    Value     Gradient
  1 -0.21048 -2.54619e-03 |  2 -0.02076 -1.91744e-04 |  3 -0.03697 -1.42882e-04
  4 -0.00243 -1.43553e-04 |  5 -0.39797 -4.56283e-05 |  6 -0.00481 -4.37028e-04
  7  0.11470  7.03313e-05 |  8 -0.11754 -9.03125e-05 |  9  0.15260 -1.57448e-05
 10 -0.02196  2.10860e-03 | 11 -0.36528  4.42580e-04 | 12  0.03421  9.54346e-05
 13  0.05986  1.45118e-04 | 14  0.13467  4.06102e-04 | 15  0.02452  1.45178e-04
 16 -0.01327  1.96110e-04 | 17  0.05778  1.56727e-04 | 18  0.00219  1.03150e-04
 19  0.15533  3.62765e-04 | 20 -0.06060  7.91709e-05 | 21 -0.09001  2.64836e-05
 22 -0.05724  6.10971e-05 | 23  0.10478  1.79453e-04 | 24 -0.03952  4.73924e-05
 25 -0.16763  5.44087e-05 | 26 -0.22964 -8.95691e-05 | 27 -0.17108 -5.82303e-05
 28  0.28403  3.92502e-04 | 29 -0.18601 -4.39245e-05 | 30  0.05779  3.37366e-05
 31  0.04673  2.90200e-05 | 32  0.08776 -1.75769e-05 | 33  0.08220 -2.95472e-06
 34 -0.00652 -9.70606e-06 | 35  0.04791  1.59438e-05 | 36 -0.13194  1.10007e-05
 37  0.09206  4.18471e-05 | 38 -0.10904 -6.49647e-05 | 39 -0.00335 -5.68199e-05
 40 -0.10875 -1.36633e-05 | 41 -0.16306 -4.33124e-06 | 42 -0.03318 -8.96384e-05
 43  0.54303  1.15511e-04 | 44 -0.03453 -3.62101e-05 | 45  0.10920  1.12576e-06
 46 -0.01538 -7.07106e-05 | 47  0.16446 -6.59889e-05 | 48 -0.09683 -4.86167e-05
 49 -0.30075 -1.26808e-04 | 50 -0.39938 -4.81814e-05 | 51 -0.11354 -6.94212e-05
 52 -0.14028 -4.93712e-05 | 53  0.12520 -9.12953e-05 | 54  0.19706 -8.02940e-05
 55  0.01808 -8.87591e-05 | 56  0.17280 -9.00886e-05 | 57  0.27554 -1.35870e-04
 58  0.00239 -1.09097e-04 | 59  0.13274 -1.27387e-04 | 60  0.00438 -7.23866e-05
 61 -0.04413 -7.28184e-05 | 62 -0.22250  2.74944e-05 | 63 -0.16462 -1.35472e-04
 64 -0.04337 -9.32342e-05 | 65  0.04515 -6.65059e-05 | 66 -0.11371 -4.88432e-05
 67  0.04669 -8.72066e-05 | 68  0.18728 -1.09925e-05 | 69 -0.27393  6.39256e-05
 70  0.17446  1.76143e-04 | 71 -0.17091 -3.16528e-04 | 72 -0.26111  1.46616e-05
 73  0.28783  7.59940e-05 | 74 -0.15386 -1.63085e-04 | 75  0.24189  5.90386e-05
 76 -0.14659 -4.29578e-05 | 77  0.34069  2.45934e-04 | 78 -0.17006 -3.89159e-04
 79  0.26070  1.33439e-04 | 80 -0.09064 -3.01667e-04 | 81 -0.13889  3.12893e-06
 82 -0.32434  5.28633e-05 | 83 -0.11761  4.35760e-05 | 84 -0.05589  1.43252e-04
 85 -0.01191  9.81178e-05 | 86 -0.01335 -2.22912e-05 | 87 -0.13214 -5.50315e-06
 88  0.46455 -1.51913e-04 | 89 -0.15160  1.87657e-04 | 90  0.39453 -3.35604e-04
 91 -0.26500  1.57782e-03 | 92 -0.01623  5.00237e-04 | 93 -0.29717 -3.13166e-04
 94  0.04145  6.58138e-05 | 95 -0.20668 -3.77885e-05 |

Initial statistics: 107 variables; iteration 0; function evaluation 0; phase 6
Function value 2.6287443e+03; maximum gradient component mag -2.5244e-03
Var    Value     Gradient |Var    Value     Gradient |Var    Value     Gradient
  1 -0.21048 -2.52437e-03 |  2 -0.02076 -1.90795e-04 |  3 -0.03697 -1.42223e-04
  4 -0.00243 -1.42658e-04 |  5 -0.39797 -4.52729e-05 |  6 -0.00481 -4.33346e-04
  7  0.11470  6.94216e-05 |  8 -0.11754 -8.97191e-05 |  9  0.15260 -1.57055e-05
 10 -0.02196  2.08948e-03 | 11 -0.36528  4.38439e-04 | 12  0.03421  8.59226e-05
 13  0.05986  1.35227e-04 | 14  0.13467  3.94169e-04 | 15  0.02452  1.35195e-04
 16 -0.01327  1.85771e-04 | 17  0.05778  1.46569e-04 | 18  0.00219  9.34771e-05
 19  0.15533  3.50919e-04 | 20 -0.06060  6.96935e-05 | 21 -0.09001  1.76046e-05
 22 -0.05724  5.17963e-05 | 23  0.10478  1.69068e-04 | 24 -0.03952  3.81889e-05
 25 -0.16763  4.55589e-05 | 26 -0.22964 -9.70986e-05 | 27 -0.17108 -6.62596e-05
 28  0.28403  3.80510e-04 | 29 -0.18601 -5.19661e-05 | 30  0.05779  2.44988e-05
 31  0.04673  1.98557e-05 | 32  0.08776 -2.63923e-05 | 33  0.08220 -1.18041e-05
 34 -0.00652 -1.84260e-05 | 35  0.04791  7.07967e-06 | 36 -0.13194  2.39881e-06
 37  0.09206  3.29244e-05 | 38 -0.10904 -7.30188e-05 | 39 -0.00335 -6.50581e-05
 40 -0.10875 -2.21692e-05 | 41 -0.16306 -1.26889e-05 | 42 -0.03318 -9.76237e-05
 43  0.54303  1.08706e-04 | 44 -0.03453 -4.45990e-05 | 45  0.10920 -7.61139e-06
 46 -0.01538 -7.88954e-05 | 47  0.16446 -7.39131e-05 | 48 -0.09683 -5.68675e-05
 49 -0.30075 -1.33579e-04 | 50 -0.39938 -5.48075e-05 | 51 -0.11354 -7.74854e-05
 52 -0.14028 -5.74557e-05 | 53  0.12520 -9.91190e-05 | 54  0.19706 -8.78718e-05
 55  0.01808 -9.67406e-05 | 56  0.17280 -9.76600e-05 | 57  0.27554 -1.42675e-04
 58  0.00239 -1.16921e-04 | 59  0.13274 -1.34921e-04 | 60  0.00438 -8.05480e-05
 61 -0.04413 -8.09490e-05 | 62 -0.22250  1.91409e-05 | 63 -0.16462 -1.42779e-04
 64 -0.04337 -1.01180e-04 | 65  0.04515 -7.46901e-05 | 66 -0.11371 -5.70311e-05
 67  0.04669 -9.52214e-05 | 68  0.18728 -1.92325e-05 | 69  0.00000  0.00000e+00
 70  0.00000  0.00000e+00 | 71  0.00000  0.00000e+00 | 72  0.00000  0.00000e+00
 73  0.00000  0.00000e+00 | 74  0.00000  0.00000e+00 | 75  0.00000  0.00000e+00
 76  0.00000  0.00000e+00 | 77  0.00000  0.00000e+00 | 78  0.00000  0.00000e+00
 79  0.00000  0.00000e+00 | 80  0.00000  0.00000e+00 | 81 -0.27393  6.34480e-05
 82  0.17446  1.74865e-04 | 83 -0.17091 -3.14050e-04 | 84 -0.26111  1.45941e-05
 85  0.28783  7.53377e-05 | 86 -0.15386 -1.61781e-04 | 87  0.24189  5.85619e-05
 88 -0.14659 -4.25348e-05 | 89  0.34069  2.44150e-04 | 90 -0.17006 -3.86399e-04
 91  0.26070  1.32463e-04 | 92 -0.09064 -2.99319e-04 | 93 -0.13889  2.97952e-06
 94 -0.32434  5.24285e-05 | 95 -0.11761  4.32388e-05 | 96 -0.05589  1.42070e-04
 97 -0.01191  9.73697e-05 | 98 -0.01335 -2.21115e-05 | 99 -0.13214 -5.42262e-06
100  0.46455 -1.50800e-04 |101 -0.15160  1.86276e-04 |102  0.39453 -3.33584e-04
103 -0.26500  1.56816e-03 |104 -0.01623  4.96700e-04 |105 -0.29717 -3.10900e-04
106  0.04145  6.54089e-05 |107 -0.20668 -3.75997e-05 |
  ic > imax  in fminim is answer attained ?
Var    Value     Gradient |Var    Value     Gradient |Var    Value     Gradient
  1 -0.21048 -2.52437e-03 |  2 -0.02076 -1.90795e-04 |  3 -0.03697 -1.42223e-04
  4 -0.00243 -1.42658e-04 |  5 -0.39797 -4.52729e-05 |  6 -0.00481 -4.33346e-04
  7  0.11470  6.94216e-05 |  8 -0.11754 -8.97191e-05 |  9  0.15260 -1.57055e-05
 10 -0.02196  2.08948e-03 | 11 -0.36528  4.38439e-04 | 12  0.03421  8.59226e-05
 13  0.05986  1.35227e-04 | 14  0.13467  3.94169e-04 | 15  0.02452  1.35195e-04
 16 -0.01327  1.85771e-04 | 17  0.05778  1.46569e-04 | 18  0.00219  9.34771e-05
 19  0.15533  3.50919e-04 | 20 -0.06060  6.96935e-05 | 21 -0.09001  1.76046e-05
 22 -0.05724  5.17963e-05 | 23  0.10478  1.69068e-04 | 24 -0.03952  3.81889e-05
 25 -0.16763  4.55589e-05 | 26 -0.22964 -9.70986e-05 | 27 -0.17108 -6.62596e-05
 28  0.28403  3.80510e-04 | 29 -0.18601 -5.19661e-05 | 30  0.05779  2.44988e-05
 31  0.04673  1.98557e-05 | 32  0.08776 -2.63923e-05 | 33  0.08220 -1.18041e-05
 34 -0.00652 -1.84260e-05 | 35  0.04791  7.07967e-06 | 36 -0.13194  2.39881e-06
 37  0.09206  3.29244e-05 | 38 -0.10904 -7.30188e-05 | 39 -0.00335 -6.50581e-05
 40 -0.10875 -2.21692e-05 | 41 -0.16306 -1.26889e-05 | 42 -0.03318 -9.76237e-05
 43  0.54303  1.08706e-04 | 44 -0.03453 -4.45990e-05 | 45  0.10920 -7.61139e-06
 46 -0.01538 -7.88954e-05 | 47  0.16446 -7.39131e-05 | 48 -0.09683 -5.68675e-05
 49 -0.30075 -1.33579e-04 | 50 -0.39938 -5.48075e-05 | 51 -0.11354 -7.74854e-05
 52 -0.14028 -5.74557e-05 | 53  0.12520 -9.91190e-05 | 54  0.19706 -8.78718e-05
 55  0.01808 -9.67406e-05 | 56  0.17280 -9.76600e-05 | 57  0.27554 -1.42675e-04
 58  0.00239 -1.16921e-04 | 59  0.13274 -1.34921e-04 | 60  0.00438 -8.05480e-05
 61 -0.04413 -8.09490e-05 | 62 -0.22250  1.91409e-05 | 63 -0.16462 -1.42779e-04
 64 -0.04337 -1.01180e-04 | 65  0.04515 -7.46901e-05 | 66 -0.11371 -5.70311e-05
 67  0.04669 -9.52214e-05 | 68  0.18728 -1.92325e-05 | 69  0.00000  0.00000e+00
 70  0.00000  0.00000e+00 | 71  0.00000  0.00000e+00 | 72  0.00000  0.00000e+00
 73  0.00000  0.00000e+00 | 74  0.00000  0.00000e+00 | 75  0.00000  0.00000e+00
 76  0.00000  0.00000e+00 | 77  0.00000  0.00000e+00 | 78  0.00000  0.00000e+00
 79  0.00000  0.00000e+00 | 80  0.00000  0.00000e+00 | 81 -0.27393  6.34480e-05
 82  0.17446  1.74865e-04 | 83 -0.17091 -3.14050e-04 | 84 -0.26111  1.45941e-05
 85  0.28783  7.53377e-05 | 86 -0.15386 -1.61781e-04 | 87  0.24189  5.85619e-05
 88 -0.14659 -4.25348e-05 | 89  0.34069  2.44150e-04 | 90 -0.17006 -3.86399e-04
 91  0.26070  1.32463e-04 | 92 -0.09064 -2.99319e-04 | 93 -0.13889  2.97952e-06
 94 -0.32434  5.24285e-05 | 95 -0.11761  4.32388e-05 | 96 -0.05589  1.42070e-04
 97 -0.01191  9.73697e-05 | 98 -0.01335 -2.21115e-05 | 99 -0.13214 -5.42262e-06
100  0.46455 -1.50800e-04 |101 -0.15160  1.86276e-04 |102  0.39453 -3.33584e-04
103 -0.26500  1.56816e-03 |104 -0.01623  4.96700e-04 |105 -0.29717 -3.10900e-04
106  0.04145  6.54089e-05 |107 -0.20668 -3.75997e-05 |
Function minimizer not making progress ... is minimum attained?
Minimprove criterion = 0.0000e+00

 - final statistics:
107 variables; iteration 1; function evaluation 30
Function value 2.6287e+03; maximum gradient component mag -2.5244e-03
Exit code = 1;  converg criter 1.0000e-04
Var    Value     Gradient |Var    Value     Gradient |Var    Value     Gradient
  1 -0.21048 -2.52437e-03 |  2 -0.02076 -1.90795e-04 |  3 -0.03697 -1.42223e-04
  4 -0.00243 -1.42658e-04 |  5 -0.39797 -4.52729e-05 |  6 -0.00481 -4.33346e-04
  7  0.11470  6.94216e-05 |  8 -0.11754 -8.97191e-05 |  9  0.15260 -1.57055e-05
 10 -0.02196  2.08948e-03 | 11 -0.36528  4.38439e-04 | 12  0.03421  8.59226e-05
 13  0.05986  1.35227e-04 | 14  0.13467  3.94169e-04 | 15  0.02452  1.35195e-04
 16 -0.01327  1.85771e-04 | 17  0.05778  1.46569e-04 | 18  0.00219  9.34771e-05
 19  0.15533  3.50919e-04 | 20 -0.06060  6.96935e-05 | 21 -0.09001  1.76046e-05
 22 -0.05724  5.17963e-05 | 23  0.10478  1.69068e-04 | 24 -0.03952  3.81889e-05
 25 -0.16763  4.55589e-05 | 26 -0.22964 -9.70986e-05 | 27 -0.17108 -6.62596e-05
 28  0.28403  3.80510e-04 | 29 -0.18601 -5.19661e-05 | 30  0.05779  2.44988e-05
 31  0.04673  1.98557e-05 | 32  0.08776 -2.63923e-05 | 33  0.08220 -1.18041e-05
 34 -0.00652 -1.84260e-05 | 35  0.04791  7.07967e-06 | 36 -0.13194  2.39881e-06
 37  0.09206  3.29244e-05 | 38 -0.10904 -7.30188e-05 | 39 -0.00335 -6.50581e-05
 40 -0.10875 -2.21692e-05 | 41 -0.16306 -1.26889e-05 | 42 -0.03318 -9.76237e-05
 43  0.54303  1.08706e-04 | 44 -0.03453 -4.45990e-05 | 45  0.10920 -7.61139e-06
 46 -0.01538 -7.88954e-05 | 47  0.16446 -7.39131e-05 | 48 -0.09683 -5.68675e-05
 49 -0.30075 -1.33579e-04 | 50 -0.39938 -5.48075e-05 | 51 -0.11354 -7.74854e-05
 52 -0.14028 -5.74557e-05 | 53  0.12520 -9.91190e-05 | 54  0.19706 -8.78718e-05
 55  0.01808 -9.67406e-05 | 56  0.17280 -9.76600e-05 | 57  0.27554 -1.42675e-04
 58  0.00239 -1.16921e-04 | 59  0.13274 -1.34921e-04 | 60  0.00438 -8.05480e-05
 61 -0.04413 -8.09490e-05 | 62 -0.22250  1.91409e-05 | 63 -0.16462 -1.42779e-04
 64 -0.04337 -1.01180e-04 | 65  0.04515 -7.46901e-05 | 66 -0.11371 -5.70311e-05
 67  0.04669 -9.52214e-05 | 68  0.18728 -1.92325e-05 | 69  0.00000  0.00000e+00
 70  0.00000  0.00000e+00 | 71  0.00000  0.00000e+00 | 72  0.00000  0.00000e+00
 73  0.00000  0.00000e+00 | 74  0.00000  0.00000e+00 | 75  0.00000  0.00000e+00
 76  0.00000  0.00000e+00 | 77  0.00000  0.00000e+00 | 78  0.00000  0.00000e+00
 79  0.00000  0.00000e+00 | 80  0.00000  0.00000e+00 | 81 -0.27393  6.34480e-05
 82  0.17446  1.74865e-04 | 83 -0.17091 -3.14050e-04 | 84 -0.26111  1.45941e-05
 85  0.28783  7.53377e-05 | 86 -0.15386 -1.61781e-04 | 87  0.24189  5.85619e-05
 88 -0.14659 -4.25348e-05 | 89  0.34069  2.44150e-04 | 90 -0.17006 -3.86399e-04
 91  0.26070  1.32463e-04 | 92 -0.09064 -2.99319e-04 | 93 -0.13889  2.97952e-06
 94 -0.32434  5.24285e-05 | 95 -0.11761  4.32388e-05 | 96 -0.05589  1.42070e-04
 97 -0.01191  9.73697e-05 | 98 -0.01335 -2.21115e-05 | 99 -0.13214 -5.42262e-06
100  0.46455 -1.50800e-04 |101 -0.15160  1.86276e-04 |102  0.39453 -3.33584e-04
103 -0.26500  1.56816e-03 |104 -0.01623  4.96700e-04 |105 -0.29717 -3.10900e-04
106  0.04145  6.54089e-05 |107 -0.20668 -3.75997e-05 |
size of file gradfil1.tmp = 0
size of file gradfil2.tmp = 0
size of file varssave.tmp = 0
size of file cmpdiff.tmp = 200000008
