
Initial statistics: 2 variables; iteration 0; function evaluation 0; phase 1
Function value 3.6892523e+03; maximum gradient component mag 9.6461e+01
Var    Value     Gradient |Var    Value     Gradient |Var    Value     Gradient
  1  0.33333  9.64608e+01 |  2 -0.40967 -1.07243e+01 |

 - final statistics:
2 variables; iteration 5; function evaluation 14
Function value 3.6600e+03; maximum gradient component mag 3.0159e+00
Exit code = 1;  converg criter 1.0000e+01
Var    Value     Gradient |Var    Value     Gradient |Var    Value     Gradient
  1  0.06465  3.01594e+00 |  2 -0.45144 -4.02518e-01 |

Initial statistics: 12 variables; iteration 0; function evaluation 0; phase 2
Function value 3.6600217e+03; maximum gradient component mag -2.2492e+03
Var    Value     Gradient |Var    Value     Gradient |Var    Value     Gradient
  1 -0.26966 -3.88133e+02 |  2 -0.09126 -1.36170e+03 |  3  0.04247 -1.58712e+03
  4 -0.61004 -9.27496e+02 |  5 -0.61004  8.09003e+02 |  6  0.12819 -3.70146e+02
  7  0.26198 -2.24925e+03 |  8 -0.12819 -2.10526e+03 |  9  0.00000 -6.65682e+02
 10  0.00000 -3.78880e+01 | 11  0.06465  3.01594e+00 | 12 -0.45144 -4.02518e-01

Intermediate statistics: 12 variables; iteration 20; function evaluation 32; phase 2
Function value 3.2417193e+03; maximum gradient component mag 3.4104e+01
Var    Value     Gradient |Var    Value     Gradient |Var    Value     Gradient
  1 -0.18076  5.40767e-01 |  2 -0.02233  4.27989e+00 |  3  0.11764  1.08093e+01
  4 -0.60610  3.41035e+01 |  5 -0.79517  1.82937e+01 |  6  0.19880  8.27055e-01
  7  0.24165 -3.51930e+00 |  8 -0.04183  1.03558e+01 |  9  0.13883  7.61757e+00
 10 -0.05118  2.81393e+00 | 11  0.93357 -1.08504e+00 | 12 -0.35513  6.11764e-01

 - final statistics:
12 variables; iteration 22; function evaluation 34
Function value 3.2416e+03; maximum gradient component mag 7.9679e+00
Exit code = 1;  converg criter 1.0000e+01
Var    Value     Gradient |Var    Value     Gradient |Var    Value     Gradient
  1 -0.18065 -1.04516e+00 |  2 -0.02154 -2.87351e+00 |  3  0.11575  1.16400e+00
  4 -0.60650  7.96788e+00 |  5 -0.79646  4.08092e-01 |  6  0.19904  1.42951e+00
  7  0.24199 -5.06471e+00 |  8 -0.04234  5.44087e+00 |  9  0.13938  1.34914e+00
 10 -0.05401  7.04101e-01 | 11  0.99450 -8.77351e-02 | 12 -0.35860 -3.54463e-01

Initial statistics: 33 variables; iteration 0; function evaluation 0; phase 3
Function value 3.2416445e+03; maximum gradient component mag 1.5699e+03
Var    Value     Gradient |Var    Value     Gradient |Var    Value     Gradient
  1 -0.18065 -1.04516e+00 |  2 -0.02154 -2.87351e+00 |  3  0.11575  1.16400e+00
  4 -0.60650  7.96788e+00 |  5 -0.79646  4.08092e-01 |  6  0.19904  1.42951e+00
  7  0.24199 -5.06471e+00 |  8 -0.04234  5.44087e+00 |  9  0.13938  1.34914e+00
 10 -0.05401  7.04101e-01 | 11  0.99450 -8.77351e-02 | 12 -0.35860 -3.54463e-01
 13 -0.11760 -3.52469e+02 | 14 -0.21635  1.05043e+02 | 15 -0.11760 -8.38616e+02
 16 -0.21635  2.68175e+02 | 17 -0.11760 -5.11603e+01 | 18 -0.21635  1.49997e+01
 19 -0.11760 -3.31619e+02 | 20 -0.21635  9.78283e+01 | 21 -0.11760 -9.01332e+01
 22 -0.21635  5.73296e+00 | 23 -0.11760  1.56985e+03 | 24 -0.21635 -8.29454e+02
 25  0.53959  4.14700e-03 | 26  0.62714  1.10310e-02 | 27  0.00000  5.80750e+02
 28 -0.21635 -3.49077e+02 | 29  0.16024  8.10226e+01 | 30 -0.11760  8.05587e+02
 31 -0.21635 -5.94055e+02 | 32  0.16024  2.50358e-03 | 33  0.62714  1.16884e-02

Intermediate statistics: 33 variables; iteration 20; function evaluation 32; phase 3
Function value 2.8510332e+03; maximum gradient component mag -6.4666e+02
Var    Value     Gradient |Var    Value     Gradient |Var    Value     Gradient
  1 -0.03902  1.36745e+02 |  2 -0.03103  6.79535e+01 |  3  0.10250 -6.37415e+01
  4 -0.62551 -6.46656e+02 |  5 -0.77206  1.22844e+02 |  6  0.05504 -6.09314e+01
  7  0.20604 -8.02820e+01 |  8  0.01472 -1.82675e+02 |  9  0.09679 -3.47384e+02
 10  0.04526  2.09383e+01 | 11  0.99334 -4.82198e-02 | 12 -0.36308  9.66981e-02
 13  0.37058  1.81151e+00 | 14  0.15036  5.55251e+01 | 15  0.02464 -2.65800e+02
 16 -0.10701  1.26752e+02 | 17  0.17237 -1.05163e+01 | 18 -0.00591  7.49709e+00
 19  0.29098 -1.37639e+02 | 20  0.05010  1.83471e+02 | 21  0.31610 -4.65161e+01
 22  0.15329  3.45867e+01 | 23 -0.47777 -2.53993e+02 | 24 -0.76532  1.26727e+01
 25  0.53948  3.45727e-03 | 26  0.62692  4.94791e-03 | 27  0.10013  2.31636e+01
 28  0.06829 -1.91225e+01 | 29 -0.44257 -9.29233e+00 | 30  0.15710  9.01147e+00
 31  0.31322 -9.74969e+00 | 32  0.16023  9.57089e-04 | 33  0.62698  5.19913e-03
33 variables; iteration 40; function evaluation 62; phase 3
Function value 2.7986442e+03; maximum gradient component mag 1.8105e+02
Var    Value     Gradient |Var    Value     Gradient |Var    Value     Gradient
  1 -0.13410  1.81048e+02 |  2 -0.05066  4.67620e+00 |  3  0.10446 -7.73890e+00
  4 -0.61542 -1.41485e+02 |  5 -0.78375  1.69280e+01 |  6  0.07461 -5.04822e+00
  7  0.19409 -2.41623e+01 |  8  0.05347 -2.22234e+01 |  9  0.09678 -8.30718e+01
 10  0.04777  2.90016e+00 | 11  0.18111 -7.51204e+01 | 12 -0.43936 -8.29021e-02
 13  0.30923 -3.11444e+01 | 14  0.09123  2.85779e+01 | 15  0.17562 -6.05807e+01
 16  0.03495  5.78467e+01 | 17  0.18847 -7.64572e+00 | 18  0.01591  7.28707e+00
 19  0.35416 -5.68029e+01 | 20  0.03609  8.76643e+01 | 21  0.63628 -6.10698e+00
 22  0.25107  2.62102e+01 | 23 -0.35176  2.23225e+00 | 24 -0.45513 -1.00503e+01
 25  0.45473  8.08256e-03 | 26  0.43322  4.76282e-02 | 27 -0.00435 -2.36005e+01
 28  0.01322  7.65121e+00 | 29 -0.13464 -7.15315e+00 | 30  0.34308  4.95381e+00
 31  0.52376 -2.65248e+00 | 32  0.13943  7.46084e-04 | 33  0.51979  3.57563e-03
33 variables; iteration 60; function evaluation 97; phase 3
Function value 2.7847931e+03; maximum gradient component mag 1.4607e+01
Var    Value     Gradient |Var    Value     Gradient |Var    Value     Gradient
  1 -0.22657  1.46070e+01 |  2 -0.04766  3.51836e+00 |  3  0.10854  2.87818e+00
  4 -0.61391 -4.69304e+00 |  5 -0.78715 -9.17172e-01 |  6  0.14444  3.44048e+00
  7  0.20385  4.18596e+00 |  8  0.04068  1.80975e+00 |  9  0.10718 -2.06412e+00
 10  0.01860 -2.30884e-01 | 11  0.05546 -4.14826e+00 | 12 -0.48369  3.80778e-01
 13  0.36413  2.74427e-01 | 14  0.12442  4.52774e-01 | 15  0.16880  5.03299e-01
 16  0.03676  1.18001e+00 | 17  0.17522  9.89963e-01 | 18  0.00853 -4.20835e-01
 19  0.35816 -2.07495e-01 | 20  0.02984  1.60858e+00 | 21  0.63988  6.58599e-01
 22  0.26505  1.08209e-01 | 23 -0.29084 -4.20790e+00 | 24 -0.26064  2.66885e+00
 25  0.36656 -3.20296e-01 | 26 -0.47569 -5.88508e-03 | 27 -0.00632 -4.80529e+00
 28  0.00967  1.51625e+00 | 29 -0.13200 -1.47276e+00 | 30  0.09913 -3.62291e-01
 31  0.36159  2.00220e-01 | 32  0.03906  3.92729e-01 | 33 -0.09701  8.93099e-01
Maximum number of function evaluations exceeded

 - final statistics:
33 variables; iteration 64; function evaluation 100
Function value 2.7847e+03; maximum gradient component mag 4.4240e+00
Exit code = 3;  converg criter 1.0000e+00
Var    Value     Gradient |Var    Value     Gradient |Var    Value     Gradient
  1 -0.23143  4.42401e+00 |  2 -0.04538 -1.01778e+00 |  3  0.10618 -1.13255e+00
  4 -0.61321 -3.04346e+00 |  5 -0.78799 -1.48847e+00 |  6  0.14729 -4.71332e-01
  7  0.20290 -1.39213e-01 |  8  0.04197  5.81920e-01 |  9  0.10632 -9.00369e-01
 10  0.02176 -1.25751e-01 | 11  0.04950 -2.55522e+00 | 12 -0.48681  2.76954e-03
 13  0.35766  1.16535e+00 | 14  0.12169 -1.75407e+00 | 15  0.16352 -3.57069e+00
 16  0.03333  4.33989e+00 | 17  0.16936  3.87768e-01 | 18  0.00447 -8.58009e-02
 19  0.35146 -1.70082e+00 | 20  0.02644  1.49251e+00 | 21  0.61536  7.10293e-01
 22  0.26120  1.04094e-01 | 23 -0.29383 -5.99985e-01 | 24 -0.27138  1.71164e-01
 25  0.36734 -1.49724e-02 | 26 -0.49317 -4.91503e-03 | 27 -0.00519 -2.28646e+00
 28  0.01142  1.38360e+00 | 29 -0.13192 -4.56239e-01 | 30  0.12899 -9.77412e-01
 31  0.39360  1.34795e-01 | 32 -0.00943 -5.55100e-01 | 33 -0.12906 -4.15117e-01

Initial statistics: 123 variables; iteration 0; function evaluation 0; phase 4
Function value 2.7847214e+03; maximum gradient component mag -8.7235e+02
Var    Value     Gradient |Var    Value     Gradient |Var    Value     Gradient
  1 -0.23143  4.42401e+00 |  2 -0.04538 -1.01778e+00 |  3  0.10618 -1.13255e+00
  4 -0.61321 -3.04346e+00 |  5 -0.78799 -1.48847e+00 |  6  0.14729 -4.71332e-01
  7  0.20290 -1.39213e-01 |  8  0.04197  5.81920e-01 |  9  0.10632 -9.00369e-01
 10  0.02176 -1.25751e-01 | 11  0.04950 -2.55522e+00 | 12  0.00000 -4.65895e-01
 13  0.00000 -5.18205e-01 | 14  0.00000 -5.98368e-01 | 15  0.00000 -7.26941e-01
 16  0.00000 -9.33119e-01 | 17  0.00000 -1.25868e+00 | 18  0.00000 -1.75732e+00
 19  0.00000 -2.48491e+00 | 20  0.00000 -3.48293e+00 | 21  0.00000 -4.75228e+00
 22  0.00000 -6.22323e+00 | 23  0.00000 -7.77790e+00 | 24  0.00000 -9.31699e+00
 25  0.00000 -1.07691e+01 | 26  0.00000 -1.20878e+01 | 27  0.00000 -1.32230e+01
 28  0.00000 -1.41336e+01 | 29  0.00000 -1.47651e+01 | 30  0.00000 -1.50941e+01
 31  0.00000 -1.51062e+01 | 32  0.00000 -1.49257e+01 | 33  0.00000 -1.47792e+01
 34  0.00000 -1.48963e+01 | 35  0.00000 -1.53399e+01 | 36  0.00000 -1.58384e+01
 37  0.00000 -1.58747e+01 | 38  0.00000 -1.48735e+01 | 39  0.00000 -1.23574e+01
 40  0.00000 -8.73224e+00 | 41  0.00000 -5.76423e+00 | 42  0.00000 -1.10106e+01
 43  0.00000 -1.55960e+01 | 44  0.00000 -2.24708e+01 | 45  0.00000 -2.66141e+01
 46  0.00000 -3.07765e+01 | 47  0.00000 -3.88144e+01 | 48  0.00000 -4.40094e+01
 49  0.00000 -5.78660e+01 | 50  0.00000 -8.95272e+01 | 51  0.00000 -1.10376e+02
 52  0.00000 -1.23269e+02 | 53  0.00000 -1.28742e+01 | 54  0.00000  1.27503e+02
 55  0.00000  1.35112e+02 | 56  0.00000  4.11601e+01 | 57  0.00000  1.74238e+02
 58  0.00000  3.15521e+02 | 59  0.00000  3.22318e+02 | 60  0.00000  3.09201e+01
 61  0.00000 -4.82231e+02 | 62  0.00000 -2.26637e+01 | 63  0.00000  2.56898e+01
 64  0.00000  1.37104e+01 | 65  0.00000 -3.68506e+01 | 66  0.00000 -3.87387e+01
 67  0.00000  1.44881e+01 | 68  0.00000  1.65264e+01 | 69  0.00000  7.07554e+01
 70  0.00000  3.01458e+01 | 71  0.00000  1.43580e+02 | 72  0.00000  1.55795e+02
 73  0.00000  2.10692e+02 | 74  0.00000  1.74167e+02 | 75  0.00000 -2.79641e+02
 76  0.00000 -8.72348e+02 | 77  0.00000 -1.59728e+02 | 78  0.00000  3.89169e+01
 79  0.00000  1.77630e+02 | 80  0.00000 -1.15361e+02 | 81  0.00000  2.07084e+02
 82  0.00000  3.30042e+02 | 83  0.00000  3.52368e+02 | 84  0.00000  2.29131e+02
 85  0.00000  2.28295e+02 | 86  0.00000 -2.35654e+02 | 87  0.00000 -3.95523e+02
 88  0.00000 -2.52791e+01 | 89  0.00000 -1.67323e+02 | 90  0.00000 -4.61170e+02
 91  0.00000  4.97224e+01 | 92  0.00000  3.27331e+01 | 93  0.00000 -1.33484e+01
 94  0.00000  6.79345e+01 | 95  0.00000  1.30899e+02 | 96  0.00000  9.57851e+01
 97  0.00000  3.39580e+01 | 98  0.00000 -9.81435e+01 | 99  0.00000  2.39379e+01
100  0.00000 -3.71528e+00 |101  0.00000 -9.83907e+00 |102 -0.48681  2.76954e-03
103  0.35766  1.16535e+00 |104  0.12169 -1.75407e+00 |105  0.16352 -3.57069e+00
106  0.03333  4.33989e+00 |107  0.16936  3.87768e-01 |108  0.00447 -8.58009e-02
109  0.35146 -1.70082e+00 |110  0.02644  1.49251e+00 |111  0.61536  7.10293e-01
112  0.26120  1.04094e-01 |113 -0.29383 -5.99985e-01 |114 -0.27138  1.71164e-01
115  0.36734 -1.49724e-02 |116 -0.49317 -4.91503e-03 |117 -0.00519 -2.28646e+00
118  0.01142  1.38360e+00 |119 -0.13192 -4.56239e-01 |120  0.12899 -9.77412e-01
121  0.39360  1.34795e-01 |122 -0.00943 -5.55100e-01 |123 -0.12906 -4.15117e-01

Intermediate statistics: 123 variables; iteration 20; function evaluation 32; phase 4
Function value 2.3217298e+03; maximum gradient component mag 8.9156e+02
Var    Value     Gradient |Var    Value     Gradient |Var    Value     Gradient
  1 -0.18317  2.49191e+02 |  2 -0.07011  2.43906e+02 |  3  0.16354  2.84850e+02
  4 -0.57882  8.91557e+02 |  5 -0.78362  8.84668e+01 |  6  0.14280  5.05133e+01
  7  0.21029  2.59268e+02 |  8  0.03124  2.40457e+02 |  9  0.11021  3.44848e+02
 10  0.01578  1.16035e+01 | 11  0.00066 -5.77397e+01 | 12  0.00480 -3.13733e-01
 13  0.00525 -3.62140e-01 | 14  0.00576 -4.13269e-01 | 15  0.00640 -4.64565e-01
 16  0.00723 -5.11844e-01 | 17  0.00840 -5.49212e-01 | 18  0.01012 -5.70996e-01
 19  0.01265 -5.75065e-01 | 20  0.01625 -5.65628e-01 | 21  0.02109 -5.56692e-01
 22  0.02713 -5.76272e-01 | 23  0.03397 -6.55425e-01 | 24  0.04121 -8.12173e-01
 25  0.04840 -1.05317e+00 | 26  0.05521 -1.38523e+00 | 27  0.06113 -1.80109e+00
 28  0.06540 -2.25257e+00 | 29  0.06707 -2.65475e+00 | 30  0.06565 -2.95823e+00
 31  0.06087 -3.15841e+00 | 32  0.05432 -3.37306e+00 | 33  0.04872 -3.71291e+00
 34  0.04647 -4.20566e+00 | 35  0.04855 -4.90380e+00 | 36  0.05307 -5.90497e+00
 37  0.05432 -7.04384e+00 | 38  0.04555 -7.95854e+00 | 39  0.02429 -8.93284e+00
 40 -0.00128 -1.06244e+01 | 41 -0.02080 -1.25717e+01 | 42  0.00796  2.00936e+01
 43  0.02347  1.95666e+01 | 44  0.07037  1.72381e+01 | 45  0.07311  1.63025e+01
 46  0.04596  1.72192e+01 | 47  0.08416  1.25463e+01 | 48  0.02430  1.36304e+01
 49 -0.01256  1.35571e+01 | 50  0.12192  1.72895e+01 | 51 -0.08470  2.90834e+00
 52  0.14905  3.61570e-01 | 53 -0.12667 -8.28234e+00 | 54 -0.03378  2.28883e+01
 55 -0.03119  4.21464e+01 | 56  0.07052  6.87484e+01 | 57 -0.03175  5.04420e+01
 58 -0.08058  5.95009e+01 | 59 -0.09387  5.53339e+01 | 60 -0.13726  1.38415e+01
 61  0.16665  1.76011e+01 | 62 -0.14871 -1.54211e+00 | 63  0.01510  3.08323e+01
 64  0.01175  5.49413e+01 | 65  0.03503  7.06848e+01 | 66  0.02992  6.25363e+01
 67 -0.02173  4.15244e+01 | 68  0.01144  3.59117e+01 | 69 -0.05771  3.54762e+01
 70  0.03070  3.69604e+01 | 71 -0.05813  4.28642e+01 | 72 -0.02703  4.81341e+01
 73 -0.06247  5.00008e+01 | 74 -0.08989  3.40129e+01 | 75 -0.14367 -2.49946e+00
 76  0.26413 -6.22764e+01 | 77 -0.17511 -5.00387e+00 | 78  0.03299  5.17870e+01
 79 -0.03870  5.55349e+01 | 80  0.09018  2.20940e+01 | 81 -0.03175  6.06533e+01
 82 -0.10082  7.10822e+01 | 83 -0.10966  7.11416e+01 | 84 -0.02870  7.42273e+01
 85 -0.07315  5.72721e+01 | 86  0.10830  3.89366e+01 | 87  0.13921 -6.64689e+01
 88  0.00754  2.48705e+01 | 89  0.05886  2.55379e+01 | 90  0.17940 -2.91605e+01
 91 -0.07370  2.42537e+01 | 92  0.03617  6.86047e+01 | 93  0.07098  7.44485e+01
 94 -0.00550  4.51772e+01 | 95 -0.07517  4.45364e+01 | 96 -0.05218  4.40409e+01
 97  0.00407  3.85338e+01 | 98  0.08091  3.84612e+01 | 99 -0.01710  3.30483e+01
100  0.01139  3.32370e+01 |101  0.03867  3.28899e+01 |102 -0.50688 -2.01514e+00
103  0.31456 -1.59544e+01 |104  0.12588  4.05418e+01 |105  0.08755 -2.74798e+01
106 -0.02824  3.48325e+01 |107  0.17640  1.38063e+00 |108  0.01581 -2.14582e+00
109  0.32171 -5.33662e+01 |110  0.04166  7.67519e+01 |111  0.57877  4.93720e-01
112  0.27905  1.11380e+01 |113 -0.29508  1.82967e+01 |114 -0.30377 -6.91073e+00
115  0.29843 -1.02507e+00 |116 -0.49315 -1.36713e-02 |117 -0.01225 -2.71080e+01
118 -0.00499  9.22233e+00 |119 -0.14087 -7.57894e+00 |120  0.08332 -2.53578e+00
121  0.38331  3.17862e+00 |122  0.01400 -2.54531e+00 |123 -0.09542 -2.65231e+00
123 variables; iteration 40; function evaluation 52; phase 4
Function value 2.2981448e+03; maximum gradient component mag 2.3146e+02
Var    Value     Gradient |Var    Value     Gradient |Var    Value     Gradient
  1 -0.22175  8.57907e+01 |  2 -0.07075  7.82161e+01 |  3  0.14192  8.06127e+01
  4 -0.59442  2.31457e+02 |  5 -0.78263  2.97190e+01 |  6  0.15646  2.36457e+01
  7  0.20922  1.35471e+02 |  8  0.03792  9.82316e+01 |  9  0.10023  1.07814e+02
 10  0.02734  8.89428e+00 | 11 -0.04321 -9.94767e+00 | 12  0.00090 -1.67006e+00
 13  0.00086 -1.86649e+00 | 14  0.00085 -2.08388e+00 | 15  0.00090 -2.32354e+00
 16  0.00109 -2.58868e+00 | 17  0.00153 -2.88602e+00 | 18  0.00241 -3.22684e+00
 19  0.00395 -3.61871e+00 | 20  0.00643 -4.05970e+00 | 21  0.01016 -4.52833e+00
 22  0.01536 -4.98687e+00 | 23  0.02193 -5.41651e+00 | 24  0.02912 -5.90183e+00
 25  0.03515 -6.57612e+00 | 26  0.03752 -7.51884e+00 | 27  0.03523 -8.58302e+00
 28  0.03371 -9.19704e+00 | 29  0.03618 -9.04313e+00 | 30  0.03452 -8.74704e+00
 31  0.03888 -7.41844e+00 | 32  0.04262 -5.73046e+00 | 33  0.04121 -4.51522e+00
 34  0.04047 -3.63964e+00 | 35  0.04238 -3.00190e+00 | 36  0.04057 -3.09121e+00
 37  0.03706 -3.09515e+00 | 38  0.03727 -1.73341e+00 | 39  0.03445  5.45752e-01
 40  0.01907  1.17690e+00 | 41  0.00981  2.05367e+00 | 42  0.03314  1.50977e+01
 43  0.04280  1.52643e+01 | 44  0.06964  1.60762e+01 | 45  0.06392  1.32657e+01
 46  0.04496  8.12818e+00 | 47  0.06240  2.44066e+00 | 48  0.02752 -4.28436e+00
 49 -0.02608 -1.14845e+01 | 50  0.08931 -1.22748e+01 | 51 -0.00612 -6.25533e+00
 52  0.11990 -9.52962e+00 | 53 -0.04372 -3.84578e+00 | 54 -0.03215  2.13062e+01
 55 -0.03391  2.40645e+01 | 56  0.05445  1.89015e+01 | 57 -0.02925  3.00595e+01
 58 -0.08517  3.71695e+01 | 59 -0.08157  4.92398e+01 | 60 -0.14064 -8.25331e+00
 61  0.16015  1.80789e+01 | 62 -0.08161  1.15102e+01 | 63  0.01553  2.62997e+01
 64  0.00334  2.24306e+01 | 65  0.02603  2.04266e+01 | 66  0.01965  1.38736e+01
 67 -0.02517  1.36567e+01 | 68  0.01417  1.99813e+01 | 69 -0.06315  1.52229e+01
 70  0.03953  4.01354e+01 | 71 -0.06332  2.10847e+01 | 72 -0.02974  2.50761e+01
 73 -0.07138  2.50143e+01 | 74 -0.08569  1.74720e+01 | 75 -0.15481 -2.69376e+01
 76  0.26651 -2.12433e+01 | 77 -0.15821 -2.03850e+01 | 78  0.01743  2.29337e+00
 79 -0.05192  2.29655e+01 | 80  0.08473 -1.93948e+01 | 81 -0.04045  3.34444e+01
 82 -0.11593  3.87374e+01 | 83 -0.12542  3.96154e+01 | 84 -0.03691  4.77439e+01
 85 -0.07991  3.45441e+01 | 86  0.08955 -1.38090e+01 | 87  0.14014 -4.62737e+01
 88  0.00073  2.50863e+00 | 89  0.05816  9.14059e+00 | 90  0.17630 -4.51991e+01
 91 -0.07222  7.79351e+00 | 92  0.02575  2.06018e+01 | 93  0.05439  1.36833e+01
 94  0.00579  3.50958e+01 | 95 -0.07298  2.39653e+01 | 96 -0.05633  1.74212e+01
 97  0.01247  2.67029e+01 | 98  0.08598  2.28227e+01 | 99 -0.01510  1.38931e+01
100 -0.02511 -4.03761e+00 |101  0.03097  1.01276e+01 |102 -0.52151 -6.14238e+00
103  0.34342 -4.48383e+00 |104  0.12893  1.39913e+01 |105  0.11012 -8.84131e+00
106 -0.01175  7.74498e+00 |107  0.44714  5.09028e+00 |108  0.17700 -8.60091e+00
109  0.33854 -1.63673e+01 |110  0.03177  2.49091e+01 |111  0.53316  1.74968e-01
112  0.26315  9.56752e+00 |113 -0.29586  1.48269e+01 |114 -0.29832 -4.80197e+00
115  0.29863 -2.32115e-01 |116 -0.48556 -1.44873e-02 |117 -0.01250 -2.16367e+01
118 -0.00269  1.03521e+01 |119 -0.13341 -4.72809e+00 |120 -0.23452 -6.52984e+00
121  0.00542 -6.47270e+00 |122  0.71538  8.08922e-02 |123 -0.16013  6.66284e-01
123 variables; iteration 60; function evaluation 74; phase 4
Function value 2.2908702e+03; maximum gradient component mag -8.9949e+01
Var    Value     Gradient |Var    Value     Gradient |Var    Value     Gradient
  1 -0.23956  4.58621e+01 |  2 -0.06557 -2.39053e+01 |  3  0.13019 -2.21202e+01
  4 -0.59737 -8.99488e+01 |  5 -0.78436 -7.38174e+00 |  6  0.16879  8.88807e-01
  7  0.20626  3.42400e+01 |  8  0.03693 -1.13659e+00 |  9  0.09043 -4.10987e+01
 10  0.03899  2.75420e+00 | 11 -0.05051 -9.40229e+00 | 12  0.00167 -2.52173e-01
 13  0.00184 -2.69352e-01 | 14  0.00204 -2.93639e-01 | 15  0.00232 -3.29085e-01
 16  0.00275 -3.81001e-01 | 17  0.00342 -4.55433e-01 | 18  0.00453 -5.56659e-01
 19  0.00632 -6.85331e-01 | 20  0.00904 -8.41431e-01 | 21  0.01284 -1.03139e+00
 22  0.01765 -1.25704e+00 | 23  0.02353 -1.44041e+00 | 24  0.03161 -1.35668e+00
 25  0.04316 -8.71203e-01 | 26  0.05517 -5.20688e-01 | 27  0.05667 -1.31226e+00
 28  0.04947 -2.67764e+00 | 29  0.04543 -3.34499e+00 | 30  0.04886 -2.83771e+00
 31  0.05507 -1.63518e+00 | 32  0.04230 -2.32789e+00 | 33  0.02804 -3.66925e+00
 34  0.02288 -4.22538e+00 | 35  0.02624 -3.93123e+00 | 36  0.03724 -2.80510e+00
 37  0.03851 -2.73989e+00 | 38  0.04021 -1.71145e+00 | 39  0.01652 -3.47745e+00
 40  0.00863 -2.49326e+00 | 41  0.00632 -1.08480e+00 | 42  0.00749 -3.45881e+00
 43  0.01239 -5.44516e+00 | 44  0.04531 -4.70114e+00 | 45  0.05262 -3.78342e+00
 46  0.02675 -5.04203e+00 | 47  0.07507  1.77980e-01 | 48  0.01187 -6.24759e+00
 49  0.01648 -3.08913e+00 | 50  0.07733  1.48485e+00 | 51  0.01559 -3.36556e+00
 52  0.10468 -4.24136e+00 | 53 -0.01865  1.87094e+00 | 54 -0.02936  1.90844e+01
 55 -0.05495  8.24325e-01 | 56  0.05365 -7.35875e+00 | 57 -0.05010  4.01964e+00
 58 -0.06622  4.80747e+01 | 59 -0.09986  2.75650e+01 | 60 -0.10857  9.54669e-01
 61  0.15428 -5.46844e+00 | 62 -0.06900  6.64269e+00 | 63 -0.00220 -1.63151e+01
 64 -0.00788 -1.69476e+01 | 65  0.01268 -1.60791e+01 | 66  0.01928  2.76035e+00
 67 -0.02102  1.03599e+01 | 68  0.00590  8.08630e+00 | 69 -0.05258  1.00617e+01
 70  0.02179 -1.14591e+00 | 71 -0.06510  7.81795e+00 | 72 -0.02803  1.75467e+01
 73 -0.07406  1.52015e+01 | 74 -0.08097  1.16815e+01 | 75 -0.17157 -4.02822e+01
 76  0.27213 -9.74798e+00 | 77 -0.13477 -2.05614e+01 | 78  0.02671  3.28361e+00
 79 -0.05596  1.02357e+01 | 80  0.08819 -3.20220e+01 | 81 -0.04520  1.34518e+01
 82 -0.11509  2.86150e+01 | 83 -0.12070  3.39650e+01 | 84 -0.04351  2.07220e+01
 85 -0.08477  1.90594e+01 | 86  0.08829 -2.32379e+01 | 87  0.14589 -1.76814e+01
 88  0.00513  1.25250e+00 | 89  0.04776 -1.60845e+01 | 90  0.17969 -4.30757e+01
 91 -0.06421  6.96146e+00 | 92  0.02650  1.18199e+01 | 93  0.06453  1.99448e+01
 94 -0.01766  3.18643e+00 | 95 -0.07445  1.20691e+01 | 96 -0.04735  1.19804e+01
 97  0.01796  1.85903e+01 | 98  0.08817  4.11565e+00 | 99 -0.00199  8.49722e+00
100  0.01471  1.70717e+00 |101  0.03934  3.04937e+00 |102 -0.55685 -1.15609e+01
103  0.31043 -1.57171e+00 |104  0.10824 -4.18802e-01 |105  0.10171 -1.60174e+01
106 -0.02045  1.07132e+01 |107  0.12675 -1.08455e+01 |108 -0.00843  6.71617e+00
109  0.33156  1.21522e+00 |110  0.02267 -1.77692e+00 |111  0.38901 -7.79352e+00
112  0.21779  1.79356e+01 |113 -0.30100  3.27612e+00 |114 -0.30593 -1.42925e+00
115  0.30792  2.41203e+00 |116 -0.47799 -9.75931e-03 |117 -0.00890 -7.90796e-01
118 -0.01509 -3.60047e+00 |119 -0.13770 -2.20425e+00 |120  0.02025 -5.83002e+00
121  0.29936  2.16898e+00 |122  0.07653 -4.11994e+00 |123 -0.11665 -3.10802e+00
123 variables; iteration 80; function evaluation 99; phase 4
Function value 2.2856031e+03; maximum gradient component mag -5.2184e+01
Var    Value     Gradient |Var    Value     Gradient |Var    Value     Gradient
  1 -0.24979 -5.21840e+01 |  2 -0.06576 -1.41630e+01 |  3  0.13356 -1.15367e+01
  4 -0.59737 -3.21505e+01 |  5 -0.78260  2.31662e+00 |  6  0.17193 -1.49869e+01
  7  0.20313 -1.68517e+01 |  8  0.04008 -9.51248e+00 |  9  0.09276 -1.37119e+01
 10  0.03792 -1.06820e+00 | 11 -0.07114  3.69913e+01 | 12  0.00200  7.20691e-02
 13  0.00202  4.63033e-02 | 14  0.00204  7.54506e-03 | 15  0.00212 -4.52942e-02
 16  0.00232 -1.11862e-01 | 17  0.00280 -1.89313e-01 | 18  0.00379 -2.62199e-01
 19  0.00580 -2.63189e-01 | 20  0.00995  1.30866e-02 | 21  0.01830  9.38341e-01
 22  0.03175  2.56507e+00 | 23  0.04513  3.76823e+00 | 24  0.04755  2.89311e+00
 25  0.03407 -3.42703e-01 | 26  0.02555 -2.47452e+00 | 27  0.03809 -1.02927e+00
 28  0.05155  5.81866e-01 | 29  0.05466  1.06915e+00 | 30  0.05234  1.24171e+00
 31  0.03008 -1.31260e+00 | 32  0.04044  1.35191e+00 | 33  0.05289  4.36296e+00
 34  0.04767  4.02876e+00 | 35  0.03569  1.85499e+00 | 36  0.03285  1.01167e+00
 37  0.04249  2.65003e+00 | 38  0.03387  1.94989e+00 | 39  0.01166 -5.13787e-01
 40  0.00941  1.72593e+00 | 41 -0.00465  5.18042e-01 | 42  0.01209 -4.51360e+00
 43  0.02757 -2.90497e+00 | 44  0.05809 -1.72078e-01 | 45  0.03636 -4.35208e+00
 46  0.05447  2.13432e+00 | 47  0.04489 -9.92567e-02 | 48  0.05116  6.04197e+00
 49  0.02649  4.12375e-01 | 50  0.06896  4.47215e-01 | 51  0.02103 -6.99495e+00
 52  0.10780 -7.67108e+00 | 53 -0.01682 -7.63537e+00 | 54 -0.04368 -7.11291e-01
 55 -0.04290 -1.01170e+00 | 56  0.05509  7.81276e-01 | 57 -0.03118  1.23050e+01
 58 -0.08737  1.58507e+01 | 59 -0.10024  1.35353e+01 | 60 -0.11335 -1.11847e+01
 61  0.15753 -1.10321e+01 | 62 -0.08683 -9.19078e+00 | 63  0.01169  2.34728e-01
 64  0.00224 -2.58912e+00 | 65  0.01504 -1.62679e+01 | 66  0.02024 -7.60182e+00
 67 -0.03137 -7.80096e+00 | 68  0.01048 -1.17997e+00 | 69 -0.06207 -3.56044e+00
 70  0.02704 -3.18320e+00 | 71 -0.06536 -1.75952e-01 | 72 -0.03015  5.69936e+00
 73 -0.07781  3.01895e+00 | 74 -0.08749  3.35355e-02 | 75 -0.12203 -3.29662e+01
 76  0.27493  9.95675e-02 | 77 -0.12777 -2.57790e+01 | 78  0.02470 -1.11398e+01
 79 -0.05749 -3.25530e-01 | 80  0.09786 -8.69167e+00 | 81 -0.04666  2.74245e+00
 82 -0.12683  9.27904e+00 | 83 -0.13444  1.23021e+01 | 84 -0.05071 -9.65740e-01
 85 -0.09241  2.53871e+00 | 86  0.09226 -2.20697e+01 | 87  0.15035 -1.04018e+01
 88 -0.00136 -1.52251e+01 | 89  0.04906 -1.83854e+01 | 90  0.18705 -7.57993e+00
 91 -0.07044 -5.78629e+00 | 92  0.02007 -1.05688e+01 | 93  0.05690 -6.30363e+00
 94 -0.01031  5.85653e-01 | 95 -0.08531 -2.21790e+00 | 96 -0.05901 -4.41744e+00
 97 -0.00520 -1.27044e+01 | 98  0.07541 -1.35218e+01 | 99 -0.01770 -5.82268e+00
100  0.01372 -4.73293e+00 |101  0.03468 -5.75682e+00 |102 -0.51875  1.49439e+00
103  0.32958  6.93631e-01 |104  0.12108  3.87755e+00 |105  0.10306 -6.01390e+00
106 -0.01836  4.70042e+00 |107  0.18246  3.77407e+00 |108  0.02087 -3.89392e+00
109  0.32694  6.68764e+00 |110  0.01886 -1.07202e+01 |111  0.37015 -4.43482e+00
112  0.21214  7.61912e+00 |113 -0.30694 -3.73351e+00 |114 -0.31900 -3.74090e-01
115  0.29677  8.12258e-01 |116 -0.44842 -2.17355e-02 |117 -0.01368  9.13560e+00
118 -0.00886  5.74548e-01 |119 -0.11332  5.98221e+00 |120 -0.01411 -6.73208e-01
121  0.27170  6.90353e-01 |122  0.14420  8.03080e-01 |123 -0.12232  3.86977e-01
123 variables; iteration 100; function evaluation 121; phase 4
Function value 2.2831378e+03; maximum gradient component mag -2.5462e+01
Var    Value     Gradient |Var    Value     Gradient |Var    Value     Gradient
  1 -0.25365 -2.54622e+01 |  2 -0.06342  2.20504e+00 |  3  0.13280  2.39354e+00
  4 -0.59608  2.15165e+01 |  5 -0.78335  5.14126e+00 |  6  0.17827 -6.36856e+00
  7  0.20409 -7.17861e+00 |  8  0.03722 -8.19137e-01 |  9  0.09434  7.92369e+00
 10  0.03349 -2.15574e+00 | 11 -0.07623  1.88581e+01 | 12  0.00370  4.77454e-01
 13  0.00405  5.23684e-01 | 14  0.00448  5.69818e-01 | 15  0.00500  6.09702e-01
 16  0.00566  6.34220e-01 | 17  0.00654  6.35675e-01 | 18  0.00789  6.26897e-01
 19  0.01020  6.76661e-01 | 20  0.01390  8.24057e-01 | 21  0.01633  4.63521e-01
 22  0.01090 -1.66135e+00 | 23  0.01162 -2.48932e+00 | 24  0.03438  7.34908e-01
 25  0.03728  2.80594e-01 | 26  0.03160 -1.35723e+00 | 27  0.06172  2.41630e+00
 28  0.05641  1.45841e+00 | 29  0.05357  1.16838e+00 | 30  0.06978  3.65820e+00
 31  0.04594  1.26464e+00 | 32  0.04128  1.43189e+00 | 33  0.03262  6.98211e-01
 34  0.02445 -4.49036e-01 | 35  0.03127  6.96621e-01 | 36  0.03814  1.60521e+00
 37  0.03987  1.97324e+00 | 38  0.03260  1.69746e+00 | 39  0.02860  3.25205e+00
 40  0.01360  2.98709e+00 | 41 -0.00040  1.82889e+00 | 42  0.01892  1.07890e+00
 43  0.03264  1.71862e+00 | 44  0.05430  1.46484e+00 | 45  0.04608 -1.27605e+00
 46  0.04287 -1.65779e+00 | 47  0.04173 -4.03618e+00 | 48  0.04341 -1.39794e-01
 49  0.02715 -1.04518e+00 | 50  0.06401 -2.24563e-01 | 51  0.03597  7.80073e-01
 52  0.10568 -3.43920e+00 | 53 -0.01383 -4.35052e+00 | 54 -0.04924 -1.14349e+00
 55 -0.04040  4.30062e+00 | 56  0.05787  7.11613e+00 | 57 -0.03510  5.73556e+00
 58 -0.10256  7.09308e-01 | 59 -0.10515  7.95368e+00 | 60 -0.11150 -7.92926e+00
 61  0.15925 -7.50617e+00 | 62 -0.09183 -8.26161e+00 | 63  0.01567  6.97948e+00
 64 -0.00179  4.30907e-01 | 65  0.02370  1.15021e+00 | 66  0.01782 -3.61978e+00
 67 -0.03087 -5.37581e+00 | 68  0.00915 -2.62589e+00 | 69 -0.06961 -4.87097e+00
 70  0.03022  3.79621e+00 | 71 -0.07044 -1.05051e+00 | 72 -0.03671 -9.51124e-02
 73 -0.08425  3.90281e-01 | 74 -0.09511  7.42917e-02 | 75 -0.07771 -1.24990e+01
 76  0.27325 -6.01302e+00 | 77 -0.09488 -8.27068e+00 | 78  0.02603 -3.54292e+00
 79 -0.06043  6.97673e-01 | 80  0.10101  7.03621e+00 | 81 -0.04712  5.25444e+00
 82 -0.14183 -1.78082e-01 | 83 -0.15476 -1.37285e+00 | 84 -0.05175  2.12655e-01
 85 -0.10208 -1.24545e+00 | 86  0.09617 -5.16120e+00 | 87  0.14999 -6.38570e+00
 88  0.00175 -7.59591e+00 | 89  0.05224 -8.32253e+00 | 90  0.18871  8.39210e+00
 91 -0.07816 -8.84994e+00 | 92  0.02256 -2.82933e+00 | 93  0.05570 -6.74726e+00
 94 -0.01444 -9.02779e-01 | 95 -0.08394  1.98807e+00 | 96 -0.05883 -7.19914e-01
 97 -0.00296 -8.04842e+00 | 98  0.08053 -4.95026e+00 | 99 -0.01731 -3.64803e+00
100  0.01719  4.82432e-02 |101  0.03894 -1.11590e+00 |102 -0.52255  1.14809e+00
103  0.31843  1.17106e+00 |104  0.11584  6.06078e-01 |105  0.09641  3.68403e+00
106 -0.02566 -4.16568e+00 |107  0.18575  4.41952e+00 |108  0.02437 -4.28206e+00
109  0.33111  2.01535e+00 |110  0.02489 -4.56988e-01 |111  0.35616 -4.75539e-01
112  0.20232 -3.05862e+00 |113 -0.29472 -3.73421e+00 |114 -0.28442  3.39625e+00
115  0.27835 -2.70918e+00 |116 -0.32544 -2.49494e-01 |117 -0.00988  4.54675e+00
118 -0.00966 -1.01172e+00 |119 -0.13136  1.47880e+00 |120 -0.00077 -1.14676e-01
121  0.28884  1.33042e+00 |122  0.11933  2.12617e-01 |123 -0.12080 -7.08536e-02
123 variables; iteration 120; function evaluation 152; phase 4
Function value 2.2820459e+03; maximum gradient component mag -1.1131e+01
Var    Value     Gradient |Var    Value     Gradient |Var    Value     Gradient
  1 -0.25971 -1.11306e+01 |  2 -0.06248  7.33742e+00 |  3  0.13324  5.67844e+00
  4 -0.59600  1.04884e+01 |  5 -0.78492  1.67170e+00 |  6  0.18497 -7.44593e-01
  7  0.20507  9.69784e+00 |  8  0.03635  4.14708e+00 |  9  0.09373  3.65536e+00
 10  0.03887  1.48395e+00 | 11 -0.08099  1.06479e+01 | 12  0.00164 -4.56594e-02
 13  0.00154 -1.05631e-01 | 14  0.00138 -1.99142e-01 | 15  0.00113 -3.38449e-01
 16  0.00090 -5.19947e-01 | 17  0.00114 -6.63309e-01 | 18  0.00294 -5.49135e-01
 19  0.00639 -2.21954e-01 | 20  0.00972 -1.45051e-01 | 21  0.01103 -7.33000e-01
 22  0.02582  1.25203e+00 | 23  0.03147  1.14427e+00 | 24  0.02739 -6.96331e-01
 25  0.03706 -3.93013e-02 | 26  0.05476  1.69147e+00 | 27  0.04610 -1.30695e-01
 28  0.05284  4.25402e-01 | 29  0.05035  1.10323e-01 | 30  0.05443  1.00597e+00
 31  0.04099 -1.53479e-01 | 32  0.03140 -8.36307e-01 | 33  0.03032 -3.08699e-01
 34  0.03338  5.78998e-01 | 35  0.03755  1.18051e+00 | 36  0.03891  1.05309e+00
 37  0.03863  9.86006e-01 | 38  0.03085  5.32061e-01 | 39  0.01930  4.15178e-01
 40  0.00547  1.69222e-01 | 41  0.00117  1.38292e+00 | 42  0.01665  1.55667e+00
 43  0.02854  1.68581e+00 | 44  0.04205  1.50323e-01 | 45  0.05573  2.24315e+00
 46  0.04186  9.04776e-01 | 47  0.05003  6.36053e-01 | 48  0.03859  1.42074e+00
 49  0.02795  5.23464e-01 | 50  0.06326 -7.09645e-01 | 51  0.03194  1.99496e-01
 52  0.10557 -1.02659e+00 | 53 -0.00806  1.02223e+00 | 54 -0.05026  2.84266e-01
 55 -0.04528  1.70479e+00 | 56  0.05789  1.82754e+00 | 57 -0.03981  9.11050e-01
 58 -0.10292 -3.44129e-01 | 59 -0.11682  4.20229e-01 | 60 -0.09910  1.81568e+00
 61  0.15914  4.54108e+00 | 62 -0.07648  1.87109e+00 | 63  0.00900  3.26818e-01
 64 -0.00038  4.74540e-01 | 65  0.02194  1.29711e+00 | 66  0.01892  1.46592e+00
 67 -0.02742  7.76061e-01 | 68  0.00817  1.35738e+00 | 69 -0.06340  6.54690e-01
 70  0.02689  2.13524e-01 | 71 -0.06958  2.16712e-01 | 72 -0.03862 -1.16844e+00
 73 -0.08856 -1.06232e+00 | 74 -0.10010 -1.57674e-02 | 75 -0.05691 -4.70718e-02
 76  0.27284  4.08524e+00 | 77 -0.07874  1.95757e+00 | 78  0.02636  1.70261e-02
 79 -0.06447 -1.00198e+00 | 80  0.09928 -1.11537e+00 | 81 -0.05315 -9.88024e-01
 82 -0.14608 -1.19657e+00 | 83 -0.15817 -1.63895e+00 | 84 -0.05440 -8.41337e-01
 85 -0.10221  4.74574e-01 | 86  0.09648 -5.71682e-01 | 87  0.15002 -3.09954e-01
 88  0.00533  6.71739e-01 | 89  0.05679  9.66911e-01 | 90  0.18662  3.11845e-01
 91 -0.07029 -3.22712e-01 | 92  0.02268 -3.06790e-01 | 93  0.05784 -4.52889e-01
 94 -0.01671 -9.41726e-01 | 95 -0.09167 -1.04073e+00 | 96 -0.06361 -2.00015e+00
 97  0.00204 -1.40240e-01 | 98  0.08157 -9.55845e-01 | 99 -0.01581 -4.82317e-01
100  0.01282  3.21696e-01 |101  0.03380 -2.60672e-01 |102 -0.52521 -2.35845e-01
103  0.30579 -4.34949e-01 |104  0.10986  4.81047e-01 |105  0.09035 -3.65965e-01
106 -0.03086 -1.03668e-01 |107  0.17389 -8.76300e-01 |108  0.02800  1.02396e+00
109  0.32563 -1.36602e+00 |110  0.02244  1.55981e+00 |111  0.36688 -5.37240e-01
112  0.21022  9.58112e-01 |113 -0.29810  8.78423e+00 |114 -0.30078 -1.45066e+00
115  0.23491  7.22015e+00 |116 -0.10783  1.79396e+00 |117 -0.01564 -1.79198e+00
118 -0.01506  1.82068e-01 |119 -0.12544 -8.24133e-02 |120 -0.01233 -2.04318e-01
121  0.26739  7.35672e-02 |122  0.12903 -2.04230e-01 |123 -0.12654 -2.67542e-01
123 variables; iteration 140; function evaluation 185; phase 4
Function value 2.2815472e+03; maximum gradient component mag -2.8840e+01
Var    Value     Gradient |Var    Value     Gradient |Var    Value     Gradient
  1 -0.26008 -2.88400e+01 |  2 -0.06563  3.85050e+00 |  3  0.13591  6.44398e-01
  4 -0.59729 -7.50479e+00 |  5 -0.78365 -7.46606e-01 |  6  0.18243 -3.75844e+00
  7  0.20759  5.33302e+00 |  8  0.03375 -1.82134e-01 |  9  0.09523 -2.29056e+00
 10  0.02986  1.10258e-01 | 11 -0.08167  2.17150e+01 | 12  0.00760  1.47987e+00
 13 -0.00337 -1.21571e+00 | 14  0.00662  1.16379e+00 | 15 -0.00059 -6.56005e-01
 16  0.00576  7.52881e-01 | 17  0.00443  2.32866e-01 | 18  0.00463 -3.42965e-02
 19  0.00809  2.91075e-01 | 20  0.00923 -1.31590e-01 | 21  0.02185  1.69753e+00
 22  0.01670 -4.55728e-01 | 23  0.02536  1.25678e-01 | 24  0.04206  1.92918e+00
 25  0.04229  8.85389e-01 | 26  0.03344 -1.32663e+00 | 27  0.05296  8.68359e-01
 28  0.04797 -1.40053e-01 | 29  0.04781 -1.54839e-01 | 30  0.04110 -7.32680e-01
 31  0.04493  5.21591e-01 | 32  0.04312  1.15939e+00 | 33  0.03642  8.53455e-01
 34  0.03206  4.73974e-01 | 35  0.02763 -4.14254e-01 | 36  0.03379  3.36560e-01
 37  0.04017  1.40928e+00 | 38  0.03024  5.97984e-01 | 39  0.02455  1.66886e+00
 40  0.00597  4.36742e-01 | 41 -0.00387  2.16688e-01 | 42  0.01148 -5.49952e-01
 43  0.02266 -4.27228e-01 | 44  0.05321  1.62136e+00 | 45  0.04321 -3.42386e-01
 46  0.04465  1.70218e+00 | 47  0.05662  2.84697e+00 | 48  0.03268  1.24720e+00
 49  0.02747  2.25029e+00 | 50  0.06816  4.70500e+00 | 51  0.02895  2.75242e+00
 52  0.10763  7.19264e+00 | 53 -0.00908  2.65467e+00 | 54 -0.04670  2.05540e+00
 55 -0.04923 -1.42943e+00 | 56  0.05820 -2.43946e-01 | 57 -0.04120 -3.02332e-01
 58 -0.09901  1.91590e+00 | 59 -0.11878 -1.34426e+00 | 60 -0.09818  1.66705e+00
 61  0.15885  6.16954e+00 | 62 -0.07574  1.68693e+00 | 63  0.00828 -3.99790e-01
 64  0.00049  7.47861e-01 | 65  0.02110 -4.86581e-01 | 66  0.01861  3.96895e-01
 67 -0.02602  9.49460e-01 | 68  0.00702 -6.25346e-01 | 69 -0.06328 -5.26385e-01
 70  0.02672 -1.83701e+00 | 71 -0.07185 -2.16389e+00 | 72 -0.03657  8.05391e-02
 73 -0.08817 -1.13366e+00 | 74 -0.10204 -1.65057e+00 | 75 -0.05388  6.30626e-01
 76  0.27313  2.75012e+00 | 77 -0.08268 -1.10506e+00 | 78  0.02646 -1.23871e+00
 79 -0.06336 -9.50002e-01 | 80  0.09906 -3.00728e+00 | 81 -0.05407 -2.74591e+00
 82 -0.14526 -1.11494e+00 | 83 -0.15556 -1.07013e-01 | 84 -0.05518 -2.50128e+00
 85 -0.10536 -2.34869e+00 | 86  0.09655 -1.24905e+00 | 87  0.15014 -4.29287e-01
 88  0.00470 -1.36459e+00 | 89  0.05673 -9.33789e-01 | 90  0.18665 -3.68513e+00
 91 -0.06819  3.63408e-01 | 92  0.02296 -1.68445e+00 | 93  0.05895 -6.05943e-01
 94 -0.01551 -1.49251e+00 | 95 -0.08927 -8.69319e-01 | 96 -0.05925 -1.34253e-01
 97  0.00162 -9.85289e-01 | 98  0.08081 -1.53541e+00 | 99 -0.01621 -1.17826e+00
100  0.01084 -1.40955e+00 |101  0.03407 -1.02464e+00 |102 -0.52159  3.16243e-01
103  0.31171  1.12762e+00 |104  0.11233 -2.28973e+00 |105  0.09438  1.14586e+00
106 -0.02640 -1.29393e+00 |107  0.17146  5.76799e-01 |108  0.02017 -8.74572e-01
109  0.33068  2.14384e+00 |110  0.02459 -1.73904e+00 |111  0.37683  3.14926e-01
112  0.21382 -2.31348e-01 |113 -0.29217  4.73969e+00 |114 -0.29231 -1.17275e+00
115  0.11343  5.44557e+00 |116 -0.05539  5.84152e+00 |117 -0.00706  1.33829e+00
118 -0.00639 -2.55688e-01 |119 -0.14207 -6.70915e-01 |120 -0.01954  6.74465e-01
121  0.25704 -7.14099e-01 |122  0.13968  3.91595e-01 |123 -0.12421  1.02884e-01
123 variables; iteration 160; function evaluation 207; phase 4
Function value 2.2806956e+03; maximum gradient component mag 5.7101e-02
Var    Value     Gradient |Var    Value     Gradient |Var    Value     Gradient
  1 -0.25711  5.71010e-02 |  2 -0.06874 -5.59357e-03 |  3  0.13762 -2.08687e-03
  4 -0.59763 -2.19252e-03 |  5 -0.78251 -1.62327e-03 |  6  0.17362  6.77683e-03
  7  0.20855  2.69611e-03 |  8  0.03534  1.97292e-04 |  9  0.09434 -2.39857e-03
 10  0.02349  6.49951e-04 | 11 -0.08094 -3.59581e-02 | 12  0.00190  7.03332e-05
 13  0.00207  9.18482e-05 | 14  0.00229  6.94559e-05 | 15  0.00264  9.06564e-06
 16  0.00319 -1.05685e-04 | 17  0.00406 -1.43809e-04 | 18  0.00545 -2.89666e-05
 19  0.00757  2.12087e-04 | 20  0.01066  5.12467e-04 | 21  0.01485  7.90631e-04
 22  0.02008 -3.49593e-05 | 23  0.02605 -3.22647e-04 | 24  0.03239  7.47131e-04
 25  0.03868  2.88811e-04 | 26  0.04451 -6.79959e-04 | 27  0.04930 -4.89673e-04
 28  0.05221 -2.66689e-04 | 29  0.05240 -8.62239e-04 | 30  0.04979 -7.95998e-04
 31  0.04485  1.16924e-05 | 32  0.03925 -2.14492e-04 | 33  0.03492 -9.92417e-05
 34  0.03316 -1.03856e-03 | 35  0.03430 -1.95522e-03 | 36  0.03692 -2.57288e-03
 37  0.03755 -2.80685e-03 | 38  0.03263 -2.30263e-03 | 39  0.02141 -2.48268e-03
 40  0.00827 -2.00474e-03 | 41 -0.00100 -2.33470e-03 | 42  0.01406 -2.62029e-03
 43  0.02576 -2.99752e-03 | 44  0.04837 -4.73207e-03 | 45  0.05051 -5.08438e-03
 46  0.04274 -2.33328e-03 | 47  0.05231 -1.03906e-02 | 48  0.03550 -3.47611e-03
 49  0.02697 -3.50229e-03 | 50  0.06611 -6.99202e-03 | 51  0.02931 -2.13460e-03
 52  0.10774 -1.05126e-02 | 53 -0.01048 -1.75560e-03 | 54 -0.04936  2.52275e-03
 55 -0.04667  5.16392e-04 | 56  0.05827  1.00263e-04 | 57 -0.03999 -4.19828e-04
 58 -0.10165 -1.18705e-03 | 59 -0.11661  4.09682e-04 | 60 -0.10103  3.35054e-03
 61  0.15929 -4.33522e-03 | 62 -0.07909  2.02096e-03 | 63  0.00963 -1.54055e-03
 64 -0.00035 -1.78251e-03 | 65  0.02211 -1.99182e-03 | 66  0.01869  1.96275e-03
 67 -0.02763  2.91845e-03 | 68  0.00763  1.37214e-03 | 69 -0.06386  1.33256e-03
 70  0.02738 -5.28861e-04 | 71 -0.06988  2.58204e-03 | 72 -0.03775  3.14221e-03
 73 -0.08809  6.26623e-04 | 74 -0.10085 -2.09583e-04 | 75 -0.05664  2.33136e-03
 76  0.27392  3.60575e-05 | 77 -0.08175  6.09028e-04 | 78  0.02702  3.67242e-03
 79 -0.06336  1.41989e-03 | 80  0.10002  1.31267e-03 | 81 -0.05269 -5.83251e-04
 82 -0.14502  2.96085e-03 | 83 -0.15672  3.78127e-03 | 84 -0.05489  1.11744e-05
 85 -0.10375  9.24520e-04 | 86  0.09694  4.65041e-04 | 87  0.15010  1.87321e-03
 88  0.00486  2.35471e-03 | 89  0.05666 -5.40494e-04 | 90  0.18740  6.07710e-04
 91 -0.06999  3.74369e-03 | 92  0.02353  3.71170e-03 | 93  0.05888  4.20573e-03
 94 -0.01385  1.27710e-03 | 95 -0.08861  1.43293e-03 | 96 -0.06017  2.58586e-03
 97  0.00006 -1.42850e-03 | 98  0.07923  2.58067e-03 | 99 -0.01621  1.49107e-03
100  0.01125  1.85808e-03 |101  0.03380  2.15856e-03 |102 -0.52497  1.08583e-03
103  0.32489 -3.07514e-03 |104  0.11813  4.80340e-03 |105  0.10444 -5.17644e-03
106 -0.01640  4.94267e-03 |107  0.18284 -1.38921e-03 |108  0.03132  2.93957e-04
109  0.33363 -3.50410e-03 |110  0.02469  3.54386e-03 |111  0.38488  4.41240e-04
112  0.21584  1.01257e-03 |113 -0.26369 -2.46391e-03 |114 -0.23968  9.34258e-04
115 -0.09440 -1.05685e-03 |116 -0.03970 -1.79452e-03 |117 -0.01413  2.29114e-04
118 -0.01240 -8.28363e-04 |119 -0.12827 -1.06380e-03 |120 -0.01174 -5.13730e-03
121  0.27126  2.61459e-03 |122  0.12013 -1.44534e-03 |123 -0.10389 -1.20662e-03
  ic > imax  in fminim is answer attained ?
Var    Value     Gradient |Var    Value     Gradient |Var    Value     Gradient
  1 -0.25711  1.37689e-04 |  2 -0.06873  1.35614e-05 |  3  0.13762  1.45540e-05
  4 -0.59763 -2.51869e-04 |  5 -0.78251 -1.08636e-04 |  6  0.17362  1.27653e-04
  7  0.20855 -2.86291e-04 |  8  0.03534  4.49103e-05 |  9  0.09434  1.81465e-05
 10  0.02349 -5.28879e-05 | 11 -0.08094 -1.01499e-04 | 12  0.00190 -1.31905e-05
 13  0.00206 -1.38942e-05 | 14  0.00229 -2.09564e-05 | 15  0.00264 -9.48126e-06
 16  0.00319 -6.07511e-06 | 17  0.00406 -9.85943e-06 | 18  0.00545 -1.06502e-05
 19  0.00757 -1.92138e-05 | 20  0.01065 -2.36977e-05 | 21  0.01484 -4.61325e-05
 22  0.02008 -3.84428e-06 | 23  0.02606 -1.06505e-05 | 24  0.03239 -5.00494e-05
 25  0.03867 -2.28276e-05 | 26  0.04452  3.30060e-05 | 27  0.04930 -3.70362e-05
 28  0.05221 -3.02049e-05 | 29  0.05240 -2.42545e-05 | 30  0.04979 -1.73258e-05
 31  0.04484 -3.25041e-05 | 32  0.03924 -3.17465e-05 | 33  0.03491 -4.17686e-05
 34  0.03316 -5.45568e-06 | 35  0.03430  8.07418e-06 | 36  0.03693  1.51386e-05
 37  0.03755 -1.32465e-05 | 38  0.03263  2.43144e-05 | 39  0.02141  1.85319e-05
 40  0.00827  2.98800e-06 | 41 -0.00101  1.23341e-05 | 42  0.01407  5.32061e-05
 43  0.02576  5.40025e-05 | 44  0.04837  5.70774e-05 | 45  0.05051  1.18527e-04
 46  0.04272  2.92781e-05 | 47  0.05233  7.14736e-05 | 48  0.03549 -2.96058e-05
 49  0.02697 -9.87549e-05 | 50  0.06612 -1.69556e-04 | 51  0.02930 -1.31373e-04
 52  0.10774 -4.08357e-04 | 53 -0.01048 -1.12617e-04 | 54 -0.04937 -2.47549e-04
 55 -0.04666 -3.37504e-05 | 56  0.05827  1.16397e-04 | 57 -0.03998  1.40439e-04
 58 -0.10165 -3.32291e-06 | 59 -0.11660  9.60976e-05 | 60 -0.10103 -1.04387e-04
 61  0.15929  1.45701e-04 | 62 -0.07909 -9.13086e-06 | 63  0.00963  8.09892e-05
 64 -0.00035 -6.26613e-06 | 65  0.02212  2.68971e-05 | 66  0.01869 -5.03864e-05
 67 -0.02763 -8.96701e-05 | 68  0.00763  1.02871e-05 | 69 -0.06386 -6.84461e-05
 70  0.02739  6.16467e-05 | 71 -0.06988  2.42784e-05 | 72 -0.03775  3.16816e-05
 73 -0.08809  2.63618e-05 | 74 -0.10084  7.27682e-05 | 75 -0.05664  3.08827e-05
 76  0.27392 -3.46148e-05 | 77 -0.08175  9.06229e-05 | 78  0.02702 -1.41181e-04
 79 -0.06336 -8.86723e-06 | 80  0.10002  4.90944e-05 | 81 -0.05269  5.49202e-05
 82 -0.14503 -8.59504e-06 | 83 -0.15673 -4.39629e-05 | 84 -0.05489  2.40516e-05
 85 -0.10375  4.07002e-05 | 86  0.09694  3.82085e-05 | 87  0.15010  4.41245e-05
 88  0.00486 -7.67867e-05 | 89  0.05666  1.22101e-04 | 90  0.18740  8.34996e-05
 91 -0.06999 -1.61987e-05 | 92  0.02353 -1.56964e-04 | 93  0.05888 -1.12852e-04
 94 -0.01385  8.73494e-05 | 95 -0.08861  6.57867e-05 | 96 -0.06017  2.67738e-05
 97  0.00006  1.49227e-04 | 98  0.07923  6.74218e-05 | 99 -0.01621  9.96800e-05
100  0.01125  1.02480e-05 |101  0.03379  1.41788e-05 |102 -0.52497 -7.46198e-05
103  0.32489  1.64294e-04 |104  0.11813 -7.98995e-05 |105  0.10444 -4.24803e-04
106 -0.01640  4.64815e-04 |107  0.18286 -2.84247e-05 |108  0.03134 -1.33410e-04
109  0.33363 -2.86254e-05 |110  0.02469  4.68318e-05 |111  0.38486 -3.78900e-05
112  0.21584  1.41533e-04 |113 -0.26369 -3.33342e-05 |114 -0.23969  3.28370e-05
115 -0.09439  3.31900e-05 |116 -0.03970  8.71497e-05 |117 -0.01414 -1.61216e-05
118 -0.01240  4.92037e-05 |119 -0.12826  5.61658e-05 |120 -0.01174  9.74079e-06
121  0.27125  2.39543e-05 |122  0.12011  1.29035e-05 |123 -0.10388  1.55296e-05
Function minimizer not making progress ... is minimum attained?
Minimprove criterion = 0.0000e+00

 - final statistics:
123 variables; iteration 164; function evaluation 240
Function value 2.2807e+03; maximum gradient component mag 4.6481e-04
Exit code = 1;  converg criter 1.0000e-04
Var    Value     Gradient |Var    Value     Gradient |Var    Value     Gradient
  1 -0.25711  1.37689e-04 |  2 -0.06873  1.35614e-05 |  3  0.13762  1.45540e-05
  4 -0.59763 -2.51869e-04 |  5 -0.78251 -1.08636e-04 |  6  0.17362  1.27653e-04
  7  0.20855 -2.86291e-04 |  8  0.03534  4.49103e-05 |  9  0.09434  1.81465e-05
 10  0.02349 -5.28879e-05 | 11 -0.08094 -1.01499e-04 | 12  0.00190 -1.31905e-05
 13  0.00206 -1.38942e-05 | 14  0.00229 -2.09564e-05 | 15  0.00264 -9.48126e-06
 16  0.00319 -6.07511e-06 | 17  0.00406 -9.85943e-06 | 18  0.00545 -1.06502e-05
 19  0.00757 -1.92138e-05 | 20  0.01065 -2.36977e-05 | 21  0.01484 -4.61325e-05
 22  0.02008 -3.84428e-06 | 23  0.02606 -1.06505e-05 | 24  0.03239 -5.00494e-05
 25  0.03867 -2.28276e-05 | 26  0.04452  3.30060e-05 | 27  0.04930 -3.70362e-05
 28  0.05221 -3.02049e-05 | 29  0.05240 -2.42545e-05 | 30  0.04979 -1.73258e-05
 31  0.04484 -3.25041e-05 | 32  0.03924 -3.17465e-05 | 33  0.03491 -4.17686e-05
 34  0.03316 -5.45568e-06 | 35  0.03430  8.07418e-06 | 36  0.03693  1.51386e-05
 37  0.03755 -1.32465e-05 | 38  0.03263  2.43144e-05 | 39  0.02141  1.85319e-05
 40  0.00827  2.98800e-06 | 41 -0.00101  1.23341e-05 | 42  0.01407  5.32061e-05
 43  0.02576  5.40025e-05 | 44  0.04837  5.70774e-05 | 45  0.05051  1.18527e-04
 46  0.04272  2.92781e-05 | 47  0.05233  7.14736e-05 | 48  0.03549 -2.96058e-05
 49  0.02697 -9.87549e-05 | 50  0.06612 -1.69556e-04 | 51  0.02930 -1.31373e-04
 52  0.10774 -4.08357e-04 | 53 -0.01048 -1.12617e-04 | 54 -0.04937 -2.47549e-04
 55 -0.04666 -3.37504e-05 | 56  0.05827  1.16397e-04 | 57 -0.03998  1.40439e-04
 58 -0.10165 -3.32291e-06 | 59 -0.11660  9.60976e-05 | 60 -0.10103 -1.04387e-04
 61  0.15929  1.45701e-04 | 62 -0.07909 -9.13086e-06 | 63  0.00963  8.09892e-05
 64 -0.00035 -6.26613e-06 | 65  0.02212  2.68971e-05 | 66  0.01869 -5.03864e-05
 67 -0.02763 -8.96701e-05 | 68  0.00763  1.02871e-05 | 69 -0.06386 -6.84461e-05
 70  0.02739  6.16467e-05 | 71 -0.06988  2.42784e-05 | 72 -0.03775  3.16816e-05
 73 -0.08809  2.63618e-05 | 74 -0.10084  7.27682e-05 | 75 -0.05664  3.08827e-05
 76  0.27392 -3.46148e-05 | 77 -0.08175  9.06229e-05 | 78  0.02702 -1.41181e-04
 79 -0.06336 -8.86723e-06 | 80  0.10002  4.90944e-05 | 81 -0.05269  5.49202e-05
 82 -0.14503 -8.59504e-06 | 83 -0.15673 -4.39629e-05 | 84 -0.05489  2.40516e-05
 85 -0.10375  4.07002e-05 | 86  0.09694  3.82085e-05 | 87  0.15010  4.41245e-05
 88  0.00486 -7.67867e-05 | 89  0.05666  1.22101e-04 | 90  0.18740  8.34996e-05
 91 -0.06999 -1.61987e-05 | 92  0.02353 -1.56964e-04 | 93  0.05888 -1.12852e-04
 94 -0.01385  8.73494e-05 | 95 -0.08861  6.57867e-05 | 96 -0.06017  2.67738e-05
 97  0.00006  1.49227e-04 | 98  0.07923  6.74218e-05 | 99 -0.01621  9.96800e-05
100  0.01125  1.02480e-05 |101  0.03379  1.41788e-05 |102 -0.52497 -7.46198e-05
103  0.32489  1.64294e-04 |104  0.11813 -7.98995e-05 |105  0.10444 -4.24803e-04
106 -0.01640  4.64815e-04 |107  0.18286 -2.84247e-05 |108  0.03134 -1.33410e-04
109  0.33363 -2.86254e-05 |110  0.02469  4.68318e-05 |111  0.38486 -3.78900e-05
112  0.21584  1.41533e-04 |113 -0.26369 -3.33342e-05 |114 -0.23969  3.28370e-05
115 -0.09439  3.31900e-05 |116 -0.03970  8.71497e-05 |117 -0.01414 -1.61216e-05
118 -0.01240  4.92037e-05 |119 -0.12826  5.61658e-05 |120 -0.01174  9.74079e-06
121  0.27125  2.39543e-05 |122  0.12011  1.29035e-05 |123 -0.10388  1.55296e-05

Initial statistics: 135 variables; iteration 0; function evaluation 0; phase 5
Function value 2.2806956e+03; maximum gradient component mag 4.6478e-04
Var    Value     Gradient |Var    Value     Gradient |Var    Value     Gradient
  1 -0.25711  1.37738e-04 |  2 -0.06873  1.35529e-05 |  3  0.13762  1.45453e-05
  4 -0.59763 -2.51831e-04 |  5 -0.78251 -1.08602e-04 |  6  0.17362  1.27645e-04
  7  0.20855 -2.86256e-04 |  8  0.03534  4.49014e-05 |  9  0.09434  1.81656e-05
 10  0.02349 -5.28724e-05 | 11 -0.08094 -1.01538e-04 | 12  0.00190 -1.31896e-05
 13  0.00206 -1.38931e-05 | 14  0.00229 -2.09547e-05 | 15  0.00264 -9.48066e-06
 16  0.00319 -6.07490e-06 | 17  0.00406 -9.85871e-06 | 18  0.00545 -1.06497e-05
 19  0.00757 -1.92131e-05 | 20  0.01065 -2.36972e-05 | 21  0.01484 -4.61304e-05
 22  0.02008 -3.84545e-06 | 23  0.02606 -1.06501e-05 | 24  0.03239 -5.00466e-05
 25  0.03867 -2.28269e-05 | 26  0.04452  3.30022e-05 | 27  0.04930 -3.70341e-05
 28  0.05221 -3.02045e-05 | 29  0.05240 -2.42537e-05 | 30  0.04979 -1.73267e-05
 31  0.04484 -3.25045e-05 | 32  0.03924 -3.17466e-05 | 33  0.03491 -4.17684e-05
 34  0.03316 -5.45865e-06 | 35  0.03430  8.07078e-06 | 36  0.03693  1.51347e-05
 37  0.03755 -1.32478e-05 | 38  0.03263  2.43075e-05 | 39  0.02141  1.85266e-05
 40  0.00827  2.98341e-06 | 41 -0.00101  1.23295e-05 | 42  0.01407  5.06004e-05
 43  0.02576  5.13969e-05 | 44  0.04837  5.44754e-05 | 45  0.05051  1.15920e-04
 46  0.04272  2.66758e-05 | 47  0.05233  6.88768e-05 | 48  0.03549 -3.22016e-05
 49  0.02697 -1.01347e-04 | 50  0.06612 -1.72133e-04 | 51  0.02930 -1.33961e-04
 52  0.10774 -4.10897e-04 | 53 -0.01048 -1.15209e-04 | 54 -0.04937 -2.50123e-04
 55 -0.04666 -3.63401e-05 | 56  0.05827  1.13792e-04 | 57 -0.03998  1.37828e-04
 58 -0.10165 -5.88714e-06 | 59 -0.11660  9.35329e-05 | 60 -0.10103 -1.06945e-04
 61  0.15929  1.43160e-04 | 62 -0.07909 -1.17142e-05 | 63  0.00963  7.83800e-05
 64 -0.00035 -8.86907e-06 | 65  0.02212  2.42920e-05 | 66  0.01869 -5.29836e-05
 67 -0.02763 -9.22594e-05 | 68  0.00763  7.68779e-06 | 69 -0.06386 -7.10249e-05
 70  0.02739  5.90445e-05 | 71 -0.06988  2.16922e-05 | 72 -0.03775  2.90826e-05
 73 -0.08809  2.37866e-05 | 74 -0.10084  7.01973e-05 | 75 -0.05664  2.82923e-05
 76  0.27392 -3.69644e-05 | 77 -0.08175  8.80397e-05 | 78  0.02702 -1.43766e-04
 79 -0.06336 -1.14522e-05 | 80  0.10002  4.65207e-05 | 81 -0.05269  5.23265e-05
 82 -0.14503 -1.11251e-05 | 83 -0.15673 -4.64790e-05 | 84 -0.05489  2.14613e-05
 85 -0.10375  3.81330e-05 | 86  0.09694  3.56329e-05 | 87  0.15010  4.15955e-05
 88  0.00486 -7.93778e-05 | 89  0.05666  1.19501e-04 | 90  0.18740  8.10080e-05
 91 -0.06999 -1.87804e-05 | 92  0.02353 -1.59548e-04 | 93  0.05888 -1.15426e-04
 94 -0.01385  8.47438e-05 | 95 -0.08861  6.32088e-05 | 96 -0.06017  2.41850e-05
 97  0.00006  1.46610e-04 | 98  0.07923  6.48346e-05 | 99 -0.01621  9.70737e-05
100  0.01125  7.65028e-06 |101  0.03379  1.15811e-05 |102  0.00000  0.00000e+00
103  0.00000  0.00000e+00 |104  0.00000  0.00000e+00 |105  0.00000  0.00000e+00
106  0.00000  0.00000e+00 |107  0.00000  0.00000e+00 |108  0.00000  0.00000e+00
109  0.00000  0.00000e+00 |110  0.00000  0.00000e+00 |111  0.00000  0.00000e+00
112  0.00000  0.00000e+00 |113  0.00000  0.00000e+00 |114 -0.52497 -7.46119e-05
115  0.32489  1.64282e-04 |116  0.11813 -7.98964e-05 |117  0.10444 -4.24771e-04
118 -0.01640  4.64779e-04 |119  0.18286 -2.84231e-05 |120  0.03134 -1.33399e-04
121  0.33363 -2.86252e-05 |122  0.02469  4.68303e-05 |123  0.38486 -3.78908e-05
124  0.21584  1.41529e-04 |125 -0.26369 -3.33270e-05 |126 -0.23969  3.28320e-05
127 -0.09439  3.31891e-05 |128 -0.03970  8.71473e-05 |129 -0.01414 -1.61191e-05
130 -0.01240  4.92001e-05 |131 -0.12826  5.61620e-05 |132 -0.01174  9.73866e-06
133  0.27125  2.39511e-05 |134  0.12011  1.29003e-05 |135 -0.10388  1.55271e-05
  ic > imax  in fminim is answer attained ?
Var    Value     Gradient |Var    Value     Gradient |Var    Value     Gradient
  1 -0.25711  1.37738e-04 |  2 -0.06873  1.35529e-05 |  3  0.13762  1.45453e-05
  4 -0.59763 -2.51831e-04 |  5 -0.78251 -1.08602e-04 |  6  0.17362  1.27645e-04
  7  0.20855 -2.86256e-04 |  8  0.03534  4.49014e-05 |  9  0.09434  1.81656e-05
 10  0.02349 -5.28724e-05 | 11 -0.08094 -1.01538e-04 | 12  0.00190 -1.31896e-05
 13  0.00206 -1.38931e-05 | 14  0.00229 -2.09547e-05 | 15  0.00264 -9.48066e-06
 16  0.00319 -6.07490e-06 | 17  0.00406 -9.85871e-06 | 18  0.00545 -1.06497e-05
 19  0.00757 -1.92131e-05 | 20  0.01065 -2.36972e-05 | 21  0.01484 -4.61304e-05
 22  0.02008 -3.84545e-06 | 23  0.02606 -1.06501e-05 | 24  0.03239 -5.00466e-05
 25  0.03867 -2.28269e-05 | 26  0.04452  3.30022e-05 | 27  0.04930 -3.70341e-05
 28  0.05221 -3.02045e-05 | 29  0.05240 -2.42537e-05 | 30  0.04979 -1.73267e-05
 31  0.04484 -3.25045e-05 | 32  0.03924 -3.17466e-05 | 33  0.03491 -4.17684e-05
 34  0.03316 -5.45865e-06 | 35  0.03430  8.07078e-06 | 36  0.03693  1.51347e-05
 37  0.03755 -1.32478e-05 | 38  0.03263  2.43075e-05 | 39  0.02141  1.85266e-05
 40  0.00827  2.98341e-06 | 41 -0.00101  1.23295e-05 | 42  0.01407  5.06004e-05
 43  0.02576  5.13969e-05 | 44  0.04837  5.44754e-05 | 45  0.05051  1.15920e-04
 46  0.04272  2.66758e-05 | 47  0.05233  6.88768e-05 | 48  0.03549 -3.22016e-05
 49  0.02697 -1.01347e-04 | 50  0.06612 -1.72133e-04 | 51  0.02930 -1.33961e-04
 52  0.10774 -4.10897e-04 | 53 -0.01048 -1.15209e-04 | 54 -0.04937 -2.50123e-04
 55 -0.04666 -3.63401e-05 | 56  0.05827  1.13792e-04 | 57 -0.03998  1.37828e-04
 58 -0.10165 -5.88714e-06 | 59 -0.11660  9.35329e-05 | 60 -0.10103 -1.06945e-04
 61  0.15929  1.43160e-04 | 62 -0.07909 -1.17142e-05 | 63  0.00963  7.83800e-05
 64 -0.00035 -8.86907e-06 | 65  0.02212  2.42920e-05 | 66  0.01869 -5.29836e-05
 67 -0.02763 -9.22594e-05 | 68  0.00763  7.68779e-06 | 69 -0.06386 -7.10249e-05
 70  0.02739  5.90445e-05 | 71 -0.06988  2.16922e-05 | 72 -0.03775  2.90826e-05
 73 -0.08809  2.37866e-05 | 74 -0.10084  7.01973e-05 | 75 -0.05664  2.82923e-05
 76  0.27392 -3.69644e-05 | 77 -0.08175  8.80397e-05 | 78  0.02702 -1.43766e-04
 79 -0.06336 -1.14522e-05 | 80  0.10002  4.65207e-05 | 81 -0.05269  5.23265e-05
 82 -0.14503 -1.11251e-05 | 83 -0.15673 -4.64790e-05 | 84 -0.05489  2.14613e-05
 85 -0.10375  3.81330e-05 | 86  0.09694  3.56329e-05 | 87  0.15010  4.15955e-05
 88  0.00486 -7.93778e-05 | 89  0.05666  1.19501e-04 | 90  0.18740  8.10080e-05
 91 -0.06999 -1.87804e-05 | 92  0.02353 -1.59548e-04 | 93  0.05888 -1.15426e-04
 94 -0.01385  8.47438e-05 | 95 -0.08861  6.32088e-05 | 96 -0.06017  2.41850e-05
 97  0.00006  1.46610e-04 | 98  0.07923  6.48346e-05 | 99 -0.01621  9.70737e-05
100  0.01125  7.65028e-06 |101  0.03379  1.15811e-05 |102  0.00000  0.00000e+00
103  0.00000  0.00000e+00 |104  0.00000  0.00000e+00 |105  0.00000  0.00000e+00
106  0.00000  0.00000e+00 |107  0.00000  0.00000e+00 |108  0.00000  0.00000e+00
109  0.00000  0.00000e+00 |110  0.00000  0.00000e+00 |111  0.00000  0.00000e+00
112  0.00000  0.00000e+00 |113  0.00000  0.00000e+00 |114 -0.52497 -7.46119e-05
115  0.32489  1.64282e-04 |116  0.11813 -7.98964e-05 |117  0.10444 -4.24771e-04
118 -0.01640  4.64779e-04 |119  0.18286 -2.84231e-05 |120  0.03134 -1.33399e-04
121  0.33363 -2.86252e-05 |122  0.02469  4.68303e-05 |123  0.38486 -3.78908e-05
124  0.21584  1.41529e-04 |125 -0.26369 -3.33270e-05 |126 -0.23969  3.28320e-05
127 -0.09439  3.31891e-05 |128 -0.03970  8.71473e-05 |129 -0.01414 -1.61191e-05
130 -0.01240  4.92001e-05 |131 -0.12826  5.61620e-05 |132 -0.01174  9.73866e-06
133  0.27125  2.39511e-05 |134  0.12011  1.29003e-05 |135 -0.10388  1.55271e-05
Function minimizer not making progress ... is minimum attained?
Minimprove criterion = 0.0000e+00

 - final statistics:
135 variables; iteration 1; function evaluation 30
Function value 2.2807e+03; maximum gradient component mag 4.6478e-04
Exit code = 1;  converg criter 1.0000e-04
Var    Value     Gradient |Var    Value     Gradient |Var    Value     Gradient
  1 -0.25711  1.37738e-04 |  2 -0.06873  1.35529e-05 |  3  0.13762  1.45453e-05
  4 -0.59763 -2.51831e-04 |  5 -0.78251 -1.08602e-04 |  6  0.17362  1.27645e-04
  7  0.20855 -2.86256e-04 |  8  0.03534  4.49014e-05 |  9  0.09434  1.81656e-05
 10  0.02349 -5.28724e-05 | 11 -0.08094 -1.01538e-04 | 12  0.00190 -1.31896e-05
 13  0.00206 -1.38931e-05 | 14  0.00229 -2.09547e-05 | 15  0.00264 -9.48066e-06
 16  0.00319 -6.07490e-06 | 17  0.00406 -9.85871e-06 | 18  0.00545 -1.06497e-05
 19  0.00757 -1.92131e-05 | 20  0.01065 -2.36972e-05 | 21  0.01484 -4.61304e-05
 22  0.02008 -3.84545e-06 | 23  0.02606 -1.06501e-05 | 24  0.03239 -5.00466e-05
 25  0.03867 -2.28269e-05 | 26  0.04452  3.30022e-05 | 27  0.04930 -3.70341e-05
 28  0.05221 -3.02045e-05 | 29  0.05240 -2.42537e-05 | 30  0.04979 -1.73267e-05
 31  0.04484 -3.25045e-05 | 32  0.03924 -3.17466e-05 | 33  0.03491 -4.17684e-05
 34  0.03316 -5.45865e-06 | 35  0.03430  8.07078e-06 | 36  0.03693  1.51347e-05
 37  0.03755 -1.32478e-05 | 38  0.03263  2.43075e-05 | 39  0.02141  1.85266e-05
 40  0.00827  2.98341e-06 | 41 -0.00101  1.23295e-05 | 42  0.01407  5.06004e-05
 43  0.02576  5.13969e-05 | 44  0.04837  5.44754e-05 | 45  0.05051  1.15920e-04
 46  0.04272  2.66758e-05 | 47  0.05233  6.88768e-05 | 48  0.03549 -3.22016e-05
 49  0.02697 -1.01347e-04 | 50  0.06612 -1.72133e-04 | 51  0.02930 -1.33961e-04
 52  0.10774 -4.10897e-04 | 53 -0.01048 -1.15209e-04 | 54 -0.04937 -2.50123e-04
 55 -0.04666 -3.63401e-05 | 56  0.05827  1.13792e-04 | 57 -0.03998  1.37828e-04
 58 -0.10165 -5.88714e-06 | 59 -0.11660  9.35329e-05 | 60 -0.10103 -1.06945e-04
 61  0.15929  1.43160e-04 | 62 -0.07909 -1.17142e-05 | 63  0.00963  7.83800e-05
 64 -0.00035 -8.86907e-06 | 65  0.02212  2.42920e-05 | 66  0.01869 -5.29836e-05
 67 -0.02763 -9.22594e-05 | 68  0.00763  7.68779e-06 | 69 -0.06386 -7.10249e-05
 70  0.02739  5.90445e-05 | 71 -0.06988  2.16922e-05 | 72 -0.03775  2.90826e-05
 73 -0.08809  2.37866e-05 | 74 -0.10084  7.01973e-05 | 75 -0.05664  2.82923e-05
 76  0.27392 -3.69644e-05 | 77 -0.08175  8.80397e-05 | 78  0.02702 -1.43766e-04
 79 -0.06336 -1.14522e-05 | 80  0.10002  4.65207e-05 | 81 -0.05269  5.23265e-05
 82 -0.14503 -1.11251e-05 | 83 -0.15673 -4.64790e-05 | 84 -0.05489  2.14613e-05
 85 -0.10375  3.81330e-05 | 86  0.09694  3.56329e-05 | 87  0.15010  4.15955e-05
 88  0.00486 -7.93778e-05 | 89  0.05666  1.19501e-04 | 90  0.18740  8.10080e-05
 91 -0.06999 -1.87804e-05 | 92  0.02353 -1.59548e-04 | 93  0.05888 -1.15426e-04
 94 -0.01385  8.47438e-05 | 95 -0.08861  6.32088e-05 | 96 -0.06017  2.41850e-05
 97  0.00006  1.46610e-04 | 98  0.07923  6.48346e-05 | 99 -0.01621  9.70737e-05
100  0.01125  7.65028e-06 |101  0.03379  1.15811e-05 |102  0.00000  0.00000e+00
103  0.00000  0.00000e+00 |104  0.00000  0.00000e+00 |105  0.00000  0.00000e+00
106  0.00000  0.00000e+00 |107  0.00000  0.00000e+00 |108  0.00000  0.00000e+00
109  0.00000  0.00000e+00 |110  0.00000  0.00000e+00 |111  0.00000  0.00000e+00
112  0.00000  0.00000e+00 |113  0.00000  0.00000e+00 |114 -0.52497 -7.46119e-05
115  0.32489  1.64282e-04 |116  0.11813 -7.98964e-05 |117  0.10444 -4.24771e-04
118 -0.01640  4.64779e-04 |119  0.18286 -2.84231e-05 |120  0.03134 -1.33399e-04
121  0.33363 -2.86252e-05 |122  0.02469  4.68303e-05 |123  0.38486 -3.78908e-05
124  0.21584  1.41529e-04 |125 -0.26369 -3.33270e-05 |126 -0.23969  3.28320e-05
127 -0.09439  3.31891e-05 |128 -0.03970  8.71473e-05 |129 -0.01414 -1.61191e-05
130 -0.01240  4.92001e-05 |131 -0.12826  5.61620e-05 |132 -0.01174  9.73866e-06
133  0.27125  2.39511e-05 |134  0.12011  1.29003e-05 |135 -0.10388  1.55271e-05
Estimating row 1 out of 135 for hessian
Estimating row 2 out of 135 for hessian
Estimating row 3 out of 135 for hessian
Estimating row 4 out of 135 for hessian
Estimating row 5 out of 135 for hessian
Estimating row 6 out of 135 for hessian
Estimating row 7 out of 135 for hessian
Estimating row 8 out of 135 for hessian
Estimating row 9 out of 135 for hessian
Estimating row 10 out of 135 for hessian
Estimating row 11 out of 135 for hessian
Estimating row 12 out of 135 for hessian
Estimating row 13 out of 135 for hessian
Estimating row 14 out of 135 for hessian
Estimating row 15 out of 135 for hessian
Estimating row 16 out of 135 for hessian
Estimating row 17 out of 135 for hessian
Estimating row 18 out of 135 for hessian
Estimating row 19 out of 135 for hessian
Estimating row 20 out of 135 for hessian
Estimating row 21 out of 135 for hessian
Estimating row 22 out of 135 for hessian
Estimating row 23 out of 135 for hessian
Estimating row 24 out of 135 for hessian
Estimating row 25 out of 135 for hessian
Estimating row 26 out of 135 for hessian
Estimating row 27 out of 135 for hessian
Estimating row 28 out of 135 for hessian
Estimating row 29 out of 135 for hessian
Estimating row 30 out of 135 for hessian
Estimating row 31 out of 135 for hessian
Estimating row 32 out of 135 for hessian
Estimating row 33 out of 135 for hessian
Estimating row 34 out of 135 for hessian
Estimating row 35 out of 135 for hessian
Estimating row 36 out of 135 for hessian
Estimating row 37 out of 135 for hessian
Estimating row 38 out of 135 for hessian
Estimating row 39 out of 135 for hessian
Estimating row 40 out of 135 for hessian
Estimating row 41 out of 135 for hessian
Estimating row 42 out of 135 for hessian
Estimating row 43 out of 135 for hessian
Estimating row 44 out of 135 for hessian
Estimating row 45 out of 135 for hessian
Estimating row 46 out of 135 for hessian
Estimating row 47 out of 135 for hessian
Estimating row 48 out of 135 for hessian
Estimating row 49 out of 135 for hessian
Estimating row 50 out of 135 for hessian
Estimating row 51 out of 135 for hessian
Estimating row 52 out of 135 for hessian
Estimating row 53 out of 135 for hessian
Estimating row 54 out of 135 for hessian
Estimating row 55 out of 135 for hessian
Estimating row 56 out of 135 for hessian
Estimating row 57 out of 135 for hessian
Estimating row 58 out of 135 for hessian
Estimating row 59 out of 135 for hessian
Estimating row 60 out of 135 for hessian
Estimating row 61 out of 135 for hessian
Estimating row 62 out of 135 for hessian
Estimating row 63 out of 135 for hessian
Estimating row 64 out of 135 for hessian
Estimating row 65 out of 135 for hessian
Estimating row 66 out of 135 for hessian
Estimating row 67 out of 135 for hessian
Estimating row 68 out of 135 for hessian
Estimating row 69 out of 135 for hessian
Estimating row 70 out of 135 for hessian
Estimating row 71 out of 135 for hessian
Estimating row 72 out of 135 for hessian
Estimating row 73 out of 135 for hessian
Estimating row 74 out of 135 for hessian
Estimating row 75 out of 135 for hessian
Estimating row 76 out of 135 for hessian
Estimating row 77 out of 135 for hessian
Estimating row 78 out of 135 for hessian
Estimating row 79 out of 135 for hessian
Estimating row 80 out of 135 for hessian
Estimating row 81 out of 135 for hessian
Estimating row 82 out of 135 for hessian
Estimating row 83 out of 135 for hessian
Estimating row 84 out of 135 for hessian
Estimating row 85 out of 135 for hessian
Estimating row 86 out of 135 for hessian
Estimating row 87 out of 135 for hessian
Estimating row 88 out of 135 for hessian
Estimating row 89 out of 135 for hessian
Estimating row 90 out of 135 for hessian
Estimating row 91 out of 135 for hessian
Estimating row 92 out of 135 for hessian
Estimating row 93 out of 135 for hessian
Estimating row 94 out of 135 for hessian
Estimating row 95 out of 135 for hessian
Estimating row 96 out of 135 for hessian
Estimating row 97 out of 135 for hessian
Estimating row 98 out of 135 for hessian
Estimating row 99 out of 135 for hessian
Estimating row 100 out of 135 for hessian
Estimating row 101 out of 135 for hessian
Estimating row 102 out of 135 for hessian
Estimating row 103 out of 135 for hessian
Estimating row 104 out of 135 for hessian
Estimating row 105 out of 135 for hessian
Estimating row 106 out of 135 for hessian
Estimating row 107 out of 135 for hessian
Estimating row 108 out of 135 for hessian
Estimating row 109 out of 135 for hessian
Estimating row 110 out of 135 for hessian
Estimating row 111 out of 135 for hessian
Estimating row 112 out of 135 for hessian
Estimating row 113 out of 135 for hessian
Estimating row 114 out of 135 for hessian
Estimating row 115 out of 135 for hessian
Estimating row 116 out of 135 for hessian
Estimating row 117 out of 135 for hessian
Estimating row 118 out of 135 for hessian
Estimating row 119 out of 135 for hessian
Estimating row 120 out of 135 for hessian
Estimating row 121 out of 135 for hessian
Estimating row 122 out of 135 for hessian
Estimating row 123 out of 135 for hessian
Estimating row 124 out of 135 for hessian
Estimating row 125 out of 135 for hessian
Estimating row 126 out of 135 for hessian
Estimating row 127 out of 135 for hessian
Estimating row 128 out of 135 for hessian
Estimating row 129 out of 135 for hessian
Estimating row 130 out of 135 for hessian
Estimating row 131 out of 135 for hessian
Estimating row 132 out of 135 for hessian
Estimating row 133 out of 135 for hessian
Estimating row 134 out of 135 for hessian
Estimating row 135 out of 135 for hessian
size of file gradfil1.tmp = 0
size of file gradfil2.tmp = 0
size of file varssave.tmp = 0
size of file cmpdiff.tmp = 800000032
