
Initial statistics: 4 variables; iteration 0; function evaluation 0; phase 1
Function value 3.8234303e+03; maximum gradient component mag 1.4948e+02
Var    Value     Gradient |Var    Value     Gradient |Var    Value     Gradient
  1  0.20737  1.49480e+02 |  2  0.00000 -7.51880e+00 |  3 -0.12819  4.43198e+00
  4 -0.21635 -5.63217e+01 |

 - final statistics:
4 variables; iteration 6; function evaluation 22
Function value 3.7576e+03; maximum gradient component mag 6.8885e+00
Exit code = 1;  converg criter 1.0000e+01
Var    Value     Gradient |Var    Value     Gradient |Var    Value     Gradient
  1 -0.06616  6.88854e+00 |  2  0.16914 -1.80412e-01 |  3 -0.27266 -6.44177e-01
  4  0.08473 -7.28965e-01 |

Initial statistics: 14 variables; iteration 0; function evaluation 0; phase 2
Function value 3.7575732e+03; maximum gradient component mag 1.2186e+03
Var    Value     Gradient |Var    Value     Gradient |Var    Value     Gradient
  1 -0.26966 -2.29260e+02 |  2  0.00000 -9.72389e+01 |  3 -0.26198 -3.91596e+02
  4 -0.03352 -1.03587e+02 |  5  0.18446  2.07423e+02 |  6 -0.04247 -1.09865e+02
  7  0.33333  1.21859e+03 |  8 -0.53989  6.56914e+01 |  9  0.00000 -1.44015e+02
 10 -0.21635 -2.91510e+01 | 11 -0.06616  6.88854e+00 | 12  0.16914 -1.80412e-01
 13 -0.27266 -6.44177e-01 | 14  0.08473 -7.28965e-01 |

Intermediate statistics: 14 variables; iteration 20; function evaluation 26; phase 2
Function value 3.4010891e+03; maximum gradient component mag 4.2840e+01
Var    Value     Gradient |Var    Value     Gradient |Var    Value     Gradient
  1 -0.16674  4.28397e+01 |  2  0.08903  1.21134e+01 |  3 -0.11428  1.05514e+01
  4 -0.04191  5.12820e+00 |  5 -0.44070 -7.14982e-01 |  6  0.00597  7.57951e+00
  7  0.13652  2.77507e+01 |  8 -0.27756  7.75792e+00 |  9  0.28038  6.37929e+00
 10 -0.26148 -1.97487e+00 | 11  0.21081 -1.85019e+01 | 12  0.79261  1.27947e-01
 13 -0.19581  3.62712e-01 | 14  0.12228  8.86177e-01 |

 - final statistics:
14 variables; iteration 24; function evaluation 30
Function value 3.4002e+03; maximum gradient component mag -8.1991e+00
Exit code = 1;  converg criter 1.0000e+01
Var    Value     Gradient |Var    Value     Gradient |Var    Value     Gradient
  1 -0.14551 -8.19914e+00 |  2  0.08579 -1.71560e+00 |  3 -0.11354 -1.39615e+00
  4 -0.04181 -4.23317e+00 |  5 -0.43932 -2.31067e+00 |  6 -0.00709  3.09290e-01
  7  0.13748  6.56428e+00 |  8 -0.28075  2.04477e+00 |  9  0.27637 -2.52776e+00
 10 -0.26828 -3.91388e+00 | 11  0.37467 -1.52824e+00 | 12  1.50386  5.68864e-01
 13 -0.18353 -1.08343e-01 | 14  0.09896 -4.83992e-01 |

Initial statistics: 42 variables; iteration 0; function evaluation 0; phase 3
Function value 3.4001671e+03; maximum gradient component mag 1.5794e+03
Var    Value     Gradient |Var    Value     Gradient |Var    Value     Gradient
  1 -0.14551 -8.19914e+00 |  2  0.08579 -1.71560e+00 |  3 -0.11354 -1.39615e+00
  4 -0.04181 -4.23317e+00 |  5 -0.43932 -2.31067e+00 |  6 -0.00709  3.09290e-01
  7  0.13748  6.56428e+00 |  8 -0.28075  2.04477e+00 |  9  0.27637 -2.52776e+00
 10 -0.26828 -3.91388e+00 | 11  0.37467 -1.52824e+00 | 12  0.49614 -5.68864e-01
 13 -0.18353 -1.08343e-01 | 14  0.09896 -4.83992e-01 | 15 -0.12294 -3.63351e+02
 16 -0.31415  1.32762e+02 | 17 -0.12294  6.31885e+01 | 18 -0.51552 -3.60613e+01
 19 -0.40967 -3.20112e+02 | 20 -0.33333  1.19751e+02 | 21 -0.11760 -5.56697e+01
 22 -0.31415  1.92994e+01 | 23  0.14414  1.21011e+03 | 24 -1.00000 -8.66316e-08
 25 -0.32395 -2.09304e+02 | 26 -0.40967  8.29883e+01 | 27  0.02302  1.57941e+03
 28 -0.31415 -1.15122e+03 | 29  0.53959  4.14680e-03 | 30  0.62714  1.08511e-02
 31  0.00000  5.84855e+02 | 32 -0.21635 -3.56814e+02 | 33  0.16024  7.55585e+01
 34 -0.11760  9.75740e+01 | 35 -0.10723 -2.18177e+02 | 36 -0.10723  4.28889e-04
 37 -0.71990 -5.32571e-01 | 38  0.62714  7.82360e-03 | 39 -0.12294 -6.13654e+01
 40 -0.31415  2.08336e+01 | 41  0.02302  7.00756e+01 | 42 -0.31415 -5.52337e+01

Intermediate statistics: 42 variables; iteration 20; function evaluation 28; phase 3
Function value 3.0090355e+03; maximum gradient component mag 2.7867e+02
Var    Value     Gradient |Var    Value     Gradient |Var    Value     Gradient
  1 -0.04447  2.65037e+02 |  2  0.07760  1.24404e+02 |  3 -0.12623  1.16688e+02
  4 -0.01288  1.30512e+02 |  5 -0.43882  3.10400e+01 |  6 -0.11129 -1.30805e+01
  7  0.07879  2.78668e+02 |  8 -0.05332  6.75438e+01 |  9  0.15362  5.56237e+01
 10 -0.04059  1.97196e+01 | 11  0.36081 -3.86803e+01 | 12  0.52162 -5.31254e-01
 13 -0.18895  8.91237e-02 | 14  0.11087  2.29088e-01 | 15 -0.00784 -2.41217e+02
 16 -0.24739  1.14765e+02 | 17 -0.11755 -2.31482e+01 | 18 -0.21751  3.98781e+00
 19 -0.00299  1.04081e+02 | 20 -0.07657 -9.60249e+01 | 21  0.28785  1.17846e+01
 22 -0.08775 -1.61225e+01 | 23  0.05723  2.26536e+02 | 24 -0.92250 -1.59284e+01
 25  0.11975 -1.29378e+02 | 26 -0.14932  9.41806e+01 | 27 -0.29384 -6.95105e+01
 28 -0.67224 -1.94826e-01 | 29  0.53940  3.86791e-03 | 30  0.62668  7.50963e-03
 31  0.19584  1.51301e+02 | 32  0.10362 -8.99915e+01 | 33 -0.47277  7.58838e+00
 34 -0.28311 -7.63574e+00 | 35  0.65684 -1.96661e-02 | 36 -0.10715 -3.16199e-03
 37 -0.71621 -5.73934e-02 | 38  0.62696 -3.32085e-04 | 39  0.38793 -1.85701e-01
 40 -0.19850 -4.55719e+00 | 41 -0.03433 -4.25215e+00 | 42 -0.25402 -1.71297e-01
42 variables; iteration 40; function evaluation 61; phase 3
Function value 2.9457876e+03; maximum gradient component mag -2.7919e+02
Var    Value     Gradient |Var    Value     Gradient |Var    Value     Gradient
  1 -0.11059  7.69625e+01 |  2  0.06896 -2.14727e+01 |  3 -0.15465  3.81494e+00
  4 -0.00503  6.99078e+01 |  5 -0.43870  6.04741e+00 |  6 -0.07315  2.71697e+00
  7  0.04312 -3.03521e+00 |  8  0.10307  3.38792e+01 |  9 -0.11092  1.03361e+01
 10  0.10888 -4.12622e+00 | 11  0.16791 -3.44859e+01 | 12  0.85620  1.46836e-01
 13 -0.06567  1.09450e+01 | 14 -0.02183 -1.09681e+01 | 15  0.15283 -8.31206e+01
 16 -0.11614  1.25495e+02 | 17  0.23384  1.17275e+01 | 18 -0.00873 -1.10359e+01
 19 -0.00633 -6.56300e+01 | 20 -0.03529  3.46817e+01 | 21  0.29182 -8.96628e+00
 22 -0.04350  2.77331e+01 | 23  0.05034 -2.79192e+02 | 24 -0.51051  1.67284e+01
 25  0.24405 -2.28536e+01 | 26 -0.10932  1.79512e+01 | 27 -0.23642  9.56327e+01
 28 -0.56010 -3.75003e+01 | 29  0.52401  4.06436e-03 | 30  0.59291  1.00435e-02
 31 -0.01905 -2.66199e+01 | 32 -0.01366 -1.28497e+00 | 33 -0.09371 -8.57391e+00
 34  0.14887 -3.74973e+00 | 35  0.30357  2.99323e-01 | 36 -0.10370 -2.40604e-04
 37 -0.13239 -2.18346e+01 | 38  0.61109  5.06254e-03 | 39  0.41571  8.06044e+00
 40 -0.18506 -1.41184e+01 | 41 -0.00861 -7.41359e+00 | 42 -0.21001  3.60870e+00
42 variables; iteration 60; function evaluation 85; phase 3
Function value 2.8978800e+03; maximum gradient component mag -6.3228e+01
Var    Value     Gradient |Var    Value     Gradient |Var    Value     Gradient
  1 -0.09192 -5.01162e+01 |  2  0.02899 -6.98944e+00 |  3 -0.12141 -4.80937e+00
  4 -0.04821  8.56982e+00 |  5 -0.41978 -8.81979e+00 |  6 -0.13042  3.02001e+00
  7  0.06825 -2.06917e+01 |  8  0.03413 -6.04812e+00 |  9 -0.06574  7.38271e+00
 10  0.03860 -4.19754e+00 | 11  0.15533  4.21405e+01 | 12  1.58246  6.85568e-01
 13 -0.21472  9.56477e-01 | 14  0.11210  4.68427e-01 | 15  0.19478  5.96271e-01
 16 -0.11640 -5.11380e+00 | 17  1.69433 -4.49495e-01 | 18  0.10471  1.65862e+00
 19  0.22340  1.60203e+01 | 20  0.14493 -1.50566e+01 | 21  0.25270  6.43757e+00
 22 -0.10434 -6.53255e+00 | 23  0.31264 -1.73438e+01 | 24 -0.06676  5.12748e+00
 25  0.34734 -5.02889e+00 | 26 -0.07688 -1.34789e+00 | 27 -0.16786 -6.32278e+01
 28 -0.31238  3.79182e+01 | 29 -0.05332  4.58326e+00 | 30  0.02963  2.92115e+01
 31  0.00680  4.23310e+00 | 32  0.02271  2.01546e+00 | 33 -0.10140  5.01493e+00
 34  0.87920  1.24364e-02 | 35  0.67932  4.13560e-02 | 36 -0.06566 -3.25173e-04
 37 -0.09915  5.70039e+00 | 38  0.41795  2.42072e-03 | 39  0.62250 -2.76740e+00
 40 -0.09592  1.88351e+01 | 41  0.18788  1.18593e+00 | 42 -0.08491 -3.93662e+00
Maximum number of function evaluations exceeded

 - final statistics:
42 variables; iteration 76; function evaluation 100
Function value 2.8941e+03; maximum gradient component mag -5.5396e+00
Exit code = 3;  converg criter 1.0000e+00
Var    Value     Gradient |Var    Value     Gradient |Var    Value     Gradient
  1 -0.11326 -5.53964e+00 |  2  0.02139  3.35607e-01 |  3 -0.11280  6.04346e-03
  4 -0.05352  1.26700e-01 |  5 -0.41265  3.15323e-01 |  6 -0.12245 -4.91445e-01
  7  0.07208  6.45183e-02 |  8  0.02843 -2.43860e-01 |  9 -0.06709  1.99189e-01
 10  0.03326  1.45830e-01 | 11  0.10763  2.31323e+00 | 12  1.48427 -8.19819e-02
 13 -0.23891 -6.12877e-02 | 14  0.10109 -6.04463e-02 | 15  0.22141  6.93036e-01
 16 -0.10187  5.26592e-02 | 17  1.80696  1.02728e-01 | 18  0.00227 -9.05236e-02
 19  0.22038  4.04208e-01 | 20  0.14752 -6.47936e-01 | 21  0.20563  1.95766e-01
 22 -0.12784  1.16494e-01 | 23  0.34899 -1.21634e+00 | 24 -0.03827  4.96476e-01
 25  0.44966  2.62075e-01 | 26 -0.03125 -4.79947e-01 | 27 -0.13795  2.98365e+00
 28 -0.31325 -2.25437e+00 | 29 -0.22999  1.10306e-01 | 30 -0.00137  2.28843e+00
 31  0.01156 -2.84846e-01 | 32  0.02557 -8.55459e-02 | 33 -0.13092 -2.09033e-01
 34  0.71041  1.14421e-02 | 35  0.71490  1.96997e-02 | 36 -0.05031 -2.48807e-04
 37 -0.09965  4.79780e-02 | 38  0.32060  1.73100e-03 | 39  0.58003  1.93482e+00
 40 -0.11951 -8.64056e-01 | 41  0.30850 -1.65037e-01 | 42 -0.01808  4.96225e-01

Initial statistics: 132 variables; iteration 0; function evaluation 0; phase 4
Function value 2.8940568e+03; maximum gradient component mag -8.0642e+02
Var    Value     Gradient |Var    Value     Gradient |Var    Value     Gradient
  1 -0.11326 -5.53964e+00 |  2  0.02139  3.35607e-01 |  3 -0.11280  6.04346e-03
  4 -0.05352  1.26700e-01 |  5 -0.41265  3.15323e-01 |  6 -0.12245 -4.91445e-01
  7  0.07208  6.45183e-02 |  8  0.02843 -2.43860e-01 |  9 -0.06709  1.99189e-01
 10  0.03326  1.45830e-01 | 11  0.10763  2.31323e+00 | 12  0.00000 -6.06504e-01
 13  0.00000 -6.94254e-01 | 14  0.00000 -7.94279e-01 | 15  0.00000 -9.08189e-01
 16  0.00000 -1.03795e+00 | 17  0.00000 -1.18614e+00 | 18  0.00000 -1.35568e+00
 19  0.00000 -1.54890e+00 | 20  0.00000 -1.76803e+00 | 21  0.00000 -2.01695e+00
 22  0.00000 -2.29399e+00 | 23  0.00000 -2.60222e+00 | 24  0.00000 -2.94553e+00
 25  0.00000 -3.32354e+00 | 26  0.00000 -3.73158e+00 | 27  0.00000 -4.15605e+00
 28  0.00000 -4.59236e+00 | 29  0.00000 -5.03235e+00 | 30  0.00000 -5.45895e+00
 31  0.00000 -5.86905e+00 | 32  0.00000 -6.28902e+00 | 33  0.00000 -6.79083e+00
 34  0.00000 -7.48718e+00 | 35  0.00000 -8.46259e+00 | 36  0.00000 -9.57005e+00
 37  0.00000 -1.02767e+01 | 38  0.00000 -9.57172e+00 | 39  0.00000 -6.50511e+00
 40  0.00000 -1.41255e+00 | 41  0.00000  3.35087e+00 | 42  0.00000  4.86758e+00
 43  0.00000  1.39465e+00 | 44  0.00000 -5.01738e+00 | 45  0.00000 -9.48522e+00
 46  0.00000 -1.41127e+01 | 47  0.00000 -2.12504e+01 | 48  0.00000 -2.28931e+01
 49  0.00000 -3.43908e+01 | 50  0.00000 -6.69483e+01 | 51  0.00000 -8.85566e+01
 52  0.00000 -1.05199e+02 | 53  0.00000 -2.28615e+00 | 54  0.00000  1.09401e+02
 55  0.00000  8.84611e+01 | 56  0.00000 -3.90836e+01 | 57  0.00000  1.01194e+02
 58  0.00000  2.64948e+02 | 59  0.00000  3.25276e+02 | 60  0.00000 -1.43904e+01
 61  0.00000 -5.53462e+02 | 62  0.00000 -3.80139e+01 | 63  0.00000  3.23406e+01
 64  0.00000  4.83339e+01 | 65  0.00000  9.74295e+00 | 66  0.00000  6.83287e+00
 67  0.00000  5.81601e+01 | 68  0.00000  4.43090e+01 | 69  0.00000  8.30582e+01
 70  0.00000  2.03004e+01 | 71  0.00000  1.35103e+02 | 72  0.00000  1.49864e+02
 73  0.00000  2.13801e+02 | 74  0.00000  1.75427e+02 | 75  0.00000 -2.57513e+02
 76  0.00000 -8.06420e+02 | 77  0.00000 -1.35012e+02 | 78  0.00000  5.23500e+01
 79  0.00000  1.27557e+02 | 80  0.00000 -5.57548e+01 | 81  0.00000  2.06075e+02
 82  0.00000  3.11627e+02 | 83  0.00000  3.38812e+02 | 84  0.00000  2.19954e+02
 85  0.00000  1.62322e+02 | 86  0.00000 -2.02337e+02 | 87  0.00000 -3.57778e+02
 88  0.00000 -4.40972e+01 | 89  0.00000 -1.83144e+02 | 90  0.00000 -4.84292e+02
 91  0.00000  1.02347e+01 | 92  0.00000  2.27987e+01 | 93  0.00000  4.92240e+00
 94  0.00000  9.18912e+01 | 95  0.00000  1.85383e+02 | 96  0.00000  1.09728e+02
 97  0.00000  2.79254e+01 | 98  0.00000 -7.09230e+01 | 99  0.00000  4.11042e+01
100  0.00000 -7.14177e+00 |101  0.00000 -1.07287e+01 |102  0.51573  8.19819e-02
103 -0.23891 -6.12877e-02 |104  0.10109 -6.04463e-02 |105  0.22141  6.93036e-01
106 -0.10187  5.26592e-02 |107  0.19304 -1.02728e-01 |108  0.00227 -9.05236e-02
109  0.22038  4.04208e-01 |110  0.14752 -6.47936e-01 |111  0.20563  1.95766e-01
112 -0.12784  1.16494e-01 |113  0.34899 -1.21634e+00 |114 -0.03827  4.96476e-01
115  0.44966  2.62075e-01 |116 -0.03125 -4.79947e-01 |117 -0.13795  2.98365e+00
118 -0.31325 -2.25437e+00 |119 -0.22999  1.10306e-01 |120 -0.00137  2.28843e+00
121  0.01156 -2.84846e-01 |122  0.02557 -8.55459e-02 |123 -0.13092 -2.09033e-01
124  0.71041  1.14421e-02 |125  0.71490  1.96997e-02 |126 -0.05031 -2.48807e-04
127 -0.09965  4.79780e-02 |128  0.32060  1.73100e-03 |129  0.58003  1.93482e+00
130 -0.11951 -8.64056e-01 |131  0.30850 -1.65037e-01 |132 -0.01808  4.96225e-01

Intermediate statistics: 132 variables; iteration 20; function evaluation 27; phase 4
Function value 2.4187695e+03; maximum gradient component mag 5.0312e+02
Var    Value     Gradient |Var    Value     Gradient |Var    Value     Gradient
  1 -0.27072 -2.06173e+02 |  2  0.00277 -6.89519e+01 |  3 -0.07513 -4.32756e+01
  4  0.00515  1.41197e+01 |  5 -0.40984 -8.47045e+00 |  6  0.02585 -4.43021e+01
  7  0.09297 -2.59411e+02 |  8 -0.09975 -4.78873e+01 |  9  0.18190  1.16192e+00
 10 -0.14466 -1.86080e+01 | 11 -0.16612  3.61158e+01 | 12  0.00127  5.60855e-01
 13  0.00159  6.37671e-01 | 14  0.00196  7.25082e-01 | 15  0.00241  8.24319e-01
 16  0.00294  9.37458e-01 | 17  0.00358  1.06734e+00 | 18  0.00433  1.21779e+00
 19  0.00522  1.39197e+00 | 20  0.00628  1.59265e+00 | 21  0.00756  1.82260e+00
 22  0.00905  2.08519e+00 | 23  0.01077  2.38460e+00 | 24  0.01272  2.73315e+00
 25  0.01487  3.13699e+00 | 26  0.01714  3.59840e+00 | 27  0.01926  4.10983e+00
 28  0.02108  4.65998e+00 | 29  0.02235  5.22781e+00 | 30  0.02265  5.78775e+00
 31  0.02191  6.31272e+00 | 32  0.02055  6.81288e+00 | 33  0.01982  7.35773e+00
 34  0.02161  8.09366e+00 | 35  0.02767  9.20246e+00 | 36  0.03758  1.06928e+01
 37  0.04568  1.22059e+01 | 38  0.04103  1.27177e+01 | 39  0.01647  1.12623e+01
 40 -0.01667  8.37390e+00 | 41 -0.04010  6.35915e+00 | 42 -0.04077  6.82104e+00
 43 -0.01003  1.12326e+01 | 44  0.04119  1.94297e+01 | 45  0.05455  2.32248e+01
 46  0.05028  2.33353e+01 | 47  0.07136  2.50038e+01 | 48  0.03318  1.63820e+01
 49 -0.00621  7.74948e+00 | 50  0.10214  1.10756e+01 | 51 -0.07509 -5.17381e+00
 52  0.14428  5.75525e+00 | 53 -0.08541 -1.19144e+01 | 54 -0.03579 -1.63563e+01
 55 -0.05899 -3.52122e+00 | 56  0.10420  5.20579e+01 | 57 -0.02041  1.67501e+01
 58 -0.07002  2.07312e+01 | 59 -0.13010  1.61739e+01 | 60 -0.33611 -2.47372e+01
 61  0.17403 -2.21556e+02 | 62 -0.24189 -1.99501e+01 | 63  0.04448  6.35476e+00
 64 -0.00596  9.72163e+00 | 65  0.02430  3.53236e+01 | 66  0.01864  4.83393e+01
 67 -0.03593  3.85460e+01 | 68 -0.00181  4.35704e+01 | 69 -0.10736  1.63466e+01
 70  0.00829  1.83910e+01 | 71 -0.13520 -4.30906e+00 | 72 -0.06246 -1.02929e+01
 73 -0.16712 -1.62455e+01 | 74 -0.12864 -1.70120e+01 | 75 -0.17418 -1.27603e+01
 76  0.31458  5.03121e+02 | 77 -0.26825 -1.74234e+01 | 78  0.04281  5.85455e+00
 79 -0.09085 -2.83674e+01 | 80  0.05917 -1.11291e+02 | 81 -0.11187 -2.45768e+01
 82 -0.24770 -1.45164e+01 | 83 -0.28377 -8.30687e+00 | 84 -0.09601 -1.88652e+00
 85 -0.15463 -1.46486e+01 | 86  0.05310 -4.45643e+01 | 87  0.10767 -8.76592e+01
 88 -0.04428 -2.14114e+01 | 89  0.04754  5.77136e-01 | 90  0.12519 -2.27397e+02
 91 -0.08390 -5.80991e+00 | 92  0.00709  5.71433e+00 | 93  0.02679 -1.35985e+01
 94 -0.02740  1.11135e+01 | 95 -0.17739 -9.85908e-02 | 96 -0.06115  1.58070e+01
 97 -0.02421  8.50614e+00 | 98  0.03983 -2.04349e+01 | 99 -0.07992 -1.12896e+01
100  0.02461 -7.16184e-01 |101  0.11470  6.04527e+00 |102  0.43829  3.26548e+00
103 -0.33673 -3.23428e+00 |104 -0.09981  1.58710e+00 |105  0.18058 -1.40747e+02
106 -0.05881  2.36625e+02 |107  0.13486  2.28900e+00 |108  0.05767 -1.68296e+00
109  0.07809  1.00901e+00 |110  0.07903  4.02828e+00 |111  0.22238  6.36715e+00
112 -0.09172 -6.14176e+00 |113  0.35674  2.88173e+01 |114 -0.01651 -2.48591e+01
115  0.27478  1.77769e+01 |116 -0.05245 -1.88286e+01 |117 -0.11849  1.43714e+02
118 -0.31217 -6.27757e+01 |119 -0.16481  7.78139e+00 |120 -0.03956  1.45820e+02
121 -0.00356  1.41401e+01 |122 -0.01146 -1.00421e+01 |123 -0.14061  1.00217e+00
124  0.68771  1.84873e+00 |125  0.71681 -1.96969e-01 |126 -0.05030 -2.48769e-04
127 -0.06006 -1.48334e+01 |128  0.32055  1.73142e-03 |129  0.54326  1.51864e+00
130 -0.12138  2.74464e-01 |131  0.22688  2.15618e+00 |132 -0.03614  5.95741e+00
132 variables; iteration 40; function evaluation 47; phase 4
Function value 2.3880831e+03; maximum gradient component mag 3.3262e+02
Var    Value     Gradient |Var    Value     Gradient |Var    Value     Gradient
  1 -0.24222  3.32147e+01 |  2  0.00936 -7.67297e+01 |  3 -0.07959 -6.53631e+01
  4  0.00029 -2.36344e+01 |  5 -0.41075 -5.77162e+00 |  6  0.04241  1.22145e+00
  7  0.10976 -1.62111e+02 |  8 -0.16540 -4.49590e+01 |  9  0.19173 -2.38349e+01
 10 -0.17943 -1.15118e+01 | 11 -0.15028 -2.22936e+01 | 12  0.00560 -2.44149e-01
 13  0.00637 -2.63385e-01 | 14  0.00723 -2.83216e-01 | 15  0.00821 -3.03203e-01
 16  0.00932 -3.23680e-01 | 17  0.01059 -3.44992e-01 | 18  0.01207 -3.67564e-01
 19  0.01378 -3.91314e-01 | 20  0.01577 -4.14769e-01 | 21  0.01806 -4.36529e-01
 22  0.02057 -4.59374e-01 | 23  0.02334 -4.83420e-01 | 24  0.02643 -5.13412e-01
 25  0.02982 -5.53648e-01 | 26  0.03338 -6.09689e-01 | 27  0.03677 -6.86922e-01
 28  0.03982 -7.94027e-01 | 29  0.04219 -9.46076e-01 | 30  0.04346 -1.16740e+00
 31  0.04339 -1.50282e+00 | 32  0.04206 -2.03137e+00 | 33  0.04007 -2.87404e+00
 34  0.03865 -4.19369e+00 | 35  0.03846 -6.16344e+00 | 36  0.03591 -8.67585e+00
 37  0.01063 -1.03798e+01 | 38 -0.01674 -1.10720e+01 | 39 -0.02041 -1.04375e+01
 40 -0.02966 -8.33272e+00 | 41 -0.03808 -6.20555e+00 | 42 -0.03444 -4.65012e+00
 43 -0.00872 -3.57342e+00 | 44  0.04774 -2.87939e+00 | 45  0.08477 -7.68839e-01
 46  0.04514 -9.68365e-01 | 47  0.10536 -8.14530e+00 | 48 -0.01157 -7.47965e+00
 49 -0.07412 -7.48690e+00 | 50  0.14912  1.15623e+01 | 51 -0.03586 -7.60316e+00
 52  0.11488 -5.94419e+01 | 53  0.00763 -1.57439e+01 | 54 -0.03982 -8.22337e+00
 55 -0.03775  5.26682e+00 | 56  0.10296  3.87630e+01 | 57 -0.02029  9.87358e+00
 58 -0.07505  1.47068e+01 | 59 -0.11721  2.34463e+01 | 60 -0.26028 -1.73699e+01
 61  0.19047 -7.16165e+01 | 62 -0.17101 -1.06247e+01 | 63  0.04927  1.85147e+01
 64  0.00873  2.36346e+01 | 65  0.03814  4.98957e+01 | 66  0.02174  3.32504e+01
 67 -0.03410  2.08269e+01 | 68 -0.00304  1.88011e+01 | 69 -0.08933  2.52401e+01
 70  0.04151  9.72374e+01 | 71 -0.10164  1.44231e+01 | 72 -0.06868 -9.00634e+00
 73 -0.11496 -2.08830e+00 | 74 -0.12682 -1.25639e+01 | 75 -0.18977 -1.53205e+01
 76  0.30335  3.32623e+02 | 77 -0.21382 -1.10015e+01 | 78  0.04034  2.13718e+01
 79 -0.06701 -7.24121e+00 | 80  0.08367 -1.39442e+01 | 81 -0.10721 -2.42952e+01
 82 -0.19151  6.64130e+00 | 83 -0.24145  4.45224e+00 | 84 -0.08592 -1.08371e+00
 85 -0.12747 -9.34652e+00 | 86  0.05454 -7.64911e+01 | 87  0.13505 -5.56408e+01
 88 -0.01220 -6.84477e+00 | 89  0.03175 -3.56380e+01 | 90  0.16052 -1.46832e+02
 91 -0.09241 -1.72932e+01 | 92  0.01795  1.14217e+01 | 93  0.04799  1.50696e+01
 94 -0.02816  7.56363e+00 | 95 -0.17608 -2.88773e+00 | 96 -0.08211 -4.18096e+00
 97 -0.01741  2.02795e+01 | 98  0.04510 -1.02550e+01 | 99 -0.06680 -7.04668e+00
100  0.03730 -1.56171e+00 |101  0.17863  1.24029e+01 |102 -1.33336 -2.99985e-01
103 -0.26691  3.12432e+00 |104 -0.15619 -5.24824e+00 |105  0.15561 -7.39476e+01
106 -0.09493  1.11278e+02 |107  0.09202  2.85909e+00 |108 -0.00157 -2.20955e+00
109 -0.01435 -3.29035e+01 |110 -0.00284  2.64431e+01 |111  0.56739 -4.68065e-01
112  0.06195  7.74495e+00 |113  0.35160  3.83107e+01 |114 -0.02082 -3.52507e+01
115  0.08249 -2.40552e+01 |116 -0.16889  3.77792e+00 |117 -0.13770  1.09054e+02
118 -0.34919 -4.94940e+01 |119 -0.07942  8.48122e+00 |120 -0.06650  2.23220e+01
121 -0.01338  4.67688e+01 |122 -0.03758 -2.42195e+01 |123 -0.10686  1.38414e+01
124 -0.21432 -1.40888e+00 |125  0.76867  1.36892e-03 |126 -0.05128  4.28293e-02
127 -0.09661 -4.87868e+00 |128  0.31547  3.42842e-01 |129  0.46297 -4.53778e+00
130 -0.14996  8.62945e+00 |131 -0.27445 -2.31444e+01 |132 -0.92991  4.13219e-01
132 variables; iteration 60; function evaluation 69; phase 4
Function value 2.3691353e+03; maximum gradient component mag 6.4210e+01
Var    Value     Gradient |Var    Value     Gradient |Var    Value     Gradient
  1 -0.19945 -3.08715e+01 |  2  0.00050 -8.93090e-01 |  3 -0.06465  6.38210e-01
  4 -0.00607  8.52886e+00 |  5 -0.39797  1.07615e+01 |  6 -0.01685 -1.47079e+01
  7  0.10292  2.86286e+00 |  8 -0.11525 -1.37753e+00 |  9  0.18386  4.23423e-01
 10 -0.14541  2.96130e+00 | 11 -0.07200  3.76124e+01 | 12  0.00772  1.09777e-01
 13  0.00852  1.06803e-01 | 14  0.00939  1.00691e-01 | 15  0.01033  9.05248e-02
 16  0.01135  7.54452e-02 | 17  0.01247  5.50325e-02 | 18  0.01373  2.90210e-02
 19  0.01515 -4.13453e-03 | 20  0.01672 -4.69778e-02 | 21  0.01844 -1.01951e-01
 22  0.02026 -1.70848e-01 | 23  0.02221 -2.54779e-01 | 24  0.02437 -3.54411e-01
 25  0.02670 -4.73252e-01 | 26  0.02901 -6.18392e-01 | 27  0.03081 -8.00037e-01
 28  0.03163 -1.03094e+00 | 29  0.03087 -1.32238e+00 | 30  0.02787 -1.67919e+00
 31  0.02248 -2.10774e+00 | 32  0.01503 -2.62468e+00 | 33  0.00660 -3.25502e+00
 34 -0.00131 -4.02301e+00 | 35 -0.00872 -5.01121e+00 | 36  0.10741 -5.65322e+00
 37  0.00152 -6.51369e+00 | 38  0.03262 -6.59771e+00 | 39 -0.01489 -6.61722e+00
 40 -0.04624 -6.48094e+00 | 41 -0.05432 -5.52021e+00 | 42 -0.04631 -4.50763e+00
 43 -0.02161 -4.25033e+00 | 44  0.02208 -4.83309e+00 | 45  0.07266 -2.92043e+00
 46  0.00794 -2.30598e+00 | 47  0.08287  8.13775e-01 | 48  0.03582  3.35585e+00
 49 -0.02999 -5.36409e-02 | 50  0.11047  1.04195e+01 | 51 -0.00688 -2.59065e-01
 52  0.10751 -8.79435e+00 | 53  0.01961  1.26343e+01 | 54 -0.06004  6.13897e-01
 55 -0.04144  5.33543e+00 | 56  0.08108 -8.24666e+00 | 57 -0.03307 -8.17499e+00
 58 -0.10149  3.13449e-01 | 59 -0.14142  1.62086e+01 | 60 -0.20131 -5.70346e+00
 61  0.17717 -4.74150e+00 | 62 -0.14669 -2.01907e+00 | 63  0.03220  3.09131e+01
 64 -0.00318  2.31094e+01 | 65  0.01409  2.09350e+01 | 66  0.00468  1.49606e+01
 67 -0.05078  1.51329e+01 | 68 -0.00756  1.94209e+01 | 69 -0.11335  1.02396e+01
 70  0.01394  2.40078e+01 | 71 -0.12267  1.95836e+00 | 72 -0.06672  5.78907e-01
 73 -0.11408  1.02604e+01 | 74 -0.10419  6.22826e+00 | 75 -0.19072 -1.51048e+01
 76  0.26767  6.42101e+01 | 77 -0.20839 -1.14522e+01 | 78 -0.00600 -2.74970e+01
 79 -0.07277 -4.98217e+00 | 80  0.07601  9.47161e+00 | 81 -0.08523  7.46572e+00
 82 -0.17758  1.77353e+01 | 83 -0.20784  1.91776e+01 | 84 -0.08398  9.46903e+00
 85 -0.10592  5.92931e+00 | 86  0.06648 -2.48422e+01 | 87  0.13782 -1.14928e+01
 88 -0.02030 -9.45726e+00 | 89  0.01226 -4.07004e+01 | 90  0.17422 -2.94875e+01
 91 -0.09919 -1.54345e+01 | 92  0.00545 -6.49140e+00 | 93  0.04991  2.07083e+01
 94 -0.03476  4.90532e+00 | 95 -0.14204  1.10432e+01 | 96 -0.08266 -4.74022e+00
 97 -0.03042 -9.44903e-01 | 98  0.04768  3.73675e+00 | 99 -0.05136  3.22788e+00
100  0.04080  2.40981e+00 |101  0.10437 -4.38705e-01 |102 -1.19032  1.14636e+00
103 -0.33671 -5.41468e+00 |104 -0.11400 -1.14667e+00 |105  0.17392  7.84945e+00
106 -0.10234 -3.04624e+00 |107  0.15411  3.44399e+00 |108  0.04194 -2.38555e+00
109  0.04209 -5.68164e+00 |110  0.04226  6.43966e+00 |111  0.49588 -1.12332e+00
112  0.03109  7.60583e+00 |113  0.33680  2.67935e+00 |114 -0.01997 -2.87326e+00
115  0.19808 -1.44492e+01 |116 -0.08248  1.80021e+01 |117 -0.13559  5.37294e+01
118 -0.33354 -2.45861e+01 |119 -0.10607  4.56461e+00 |120 -0.05195  1.00372e+01
121 -0.00176  1.38168e+01 |122 -0.00832 -4.85665e+00 |123 -0.13715  3.58493e+00
124  0.10731  2.60637e+00 |125  0.80196 -7.55537e-04 |126 -0.03092  6.08607e-02
127 -0.08977 -6.11646e+00 |128  0.26142  2.60211e-01 |129  0.46402 -3.43303e+00
130 -0.15373  6.12766e+00 |131 -0.19533  1.04101e+00 |132 -0.56592 -1.27875e+00
132 variables; iteration 80; function evaluation 95; phase 4
Function value 2.3630513e+03; maximum gradient component mag -4.6035e+01
Var    Value     Gradient |Var    Value     Gradient |Var    Value     Gradient
  1 -0.21455 -4.60345e+01 |  2 -0.00177 -1.42567e+01 |  3 -0.05569  1.81623e+00
  4 -0.00627  1.20237e+01 |  5 -0.40490 -3.88632e+00 |  6  0.00559 -7.08937e+00
  7  0.10570  7.18292e+00 |  8 -0.12269  4.12713e+00 |  9  0.19073  8.74053e+00
 10 -0.15313 -1.15215e+00 | 11 -0.11956  4.05906e+01 | 12  0.00488 -1.02071e-02
 13  0.00547 -1.25590e-02 | 14  0.00612 -1.40622e-02 | 15  0.00688 -1.34677e-02
 16  0.00777 -8.85760e-03 | 17  0.00885  2.86915e-03 | 18  0.01021  2.63224e-02
 19  0.01195  6.81933e-02 | 20  0.01420  1.35742e-01 | 21  0.01711  2.36690e-01
 22  0.02069  3.74103e-01 | 23  0.02501  5.47239e-01 | 24  0.02995  7.39115e-01
 25  0.03508  9.21036e-01 | 26  0.03971  1.05575e+00 | 27  0.04293  1.11634e+00
 28  0.04403  1.08642e+00 | 29  0.04237  9.56667e-01 | 30  0.03774  7.40579e-01
 31  0.03141  5.08291e-01 | 32  0.02552  3.65243e-01 | 33  0.02086  2.96131e-01
 34  0.01604  9.14237e-02 | 35  0.03044  1.11490e+00 | 36  0.07002  3.49802e+00
 37  0.04535  1.77397e+00 | 38  0.06559  4.05680e+00 | 39  0.04664  5.26342e+00
 40 -0.02869  2.03034e-02 | 41 -0.02956  1.78972e+00 | 42 -0.01455  4.37043e+00
 43 -0.00342  4.28980e+00 | 44 -0.00256  2.22923e+00 | 45  0.12606  1.90857e+01
 46 -0.03889 -1.80650e+00 | 47  0.09643  7.15984e+00 | 48  0.03945  2.88327e+00
 49 -0.02509 -1.76732e+00 | 50  0.11247  4.46465e+00 | 51  0.01389  3.95527e+00
 52  0.13420 -1.26903e+00 | 53 -0.02046 -5.36391e-01 | 54 -0.02052  5.46162e+00
 55 -0.02623  9.57322e+00 | 56  0.09052  2.82860e+00 | 57 -0.00089  1.66382e+01
 58 -0.07313  1.67825e+01 | 59 -0.14137  1.28677e+01 | 60 -0.19965 -6.91773e+00
 61  0.19603  3.90984e+01 | 62 -0.13767 -3.90236e+00 | 63  0.02980 -1.23366e+01
 64  0.00749 -5.39246e-01 | 65  0.02111 -2.61334e+00 | 66  0.01821 -1.95476e+00
 67 -0.04595 -1.63827e+00 | 68 -0.00292 -1.16828e+01 | 69 -0.11079 -1.31262e+00
 70  0.01179 -1.01720e+01 | 71 -0.10523  5.58869e+00 | 72 -0.05076  1.18197e+01
 73 -0.10992  1.17652e+01 | 74 -0.10150  5.81213e+00 | 75 -0.16931 -1.34464e+01
 76  0.26979 -1.97302e-02 | 77 -0.20638 -1.14532e+01 | 78  0.01523 -6.41993e+00
 79 -0.05874  2.86681e+00 | 80  0.07975 -2.61700e+00 | 81 -0.09092 -5.83526e+00
 82 -0.17360  1.62376e+01 | 83 -0.21980  9.96467e+00 | 84 -0.08936 -5.37064e+00
 85 -0.09781  4.24052e+00 | 86  0.08191  1.66051e+00 | 87  0.14933  1.40482e+01
 88 -0.01550 -9.07479e+00 | 89  0.03534 -1.85930e+01 | 90  0.18188 -1.88095e+01
 91 -0.06931  4.86404e-01 | 92  0.01576 -5.81714e+00 | 93  0.04980 -3.58852e+00
 94 -0.02261  2.73858e+00 | 95 -0.15729  2.14417e+00 | 96 -0.05964  6.99641e+00
 97 -0.02578 -2.97595e+00 | 98  0.05166  2.24506e+00 | 99 -0.05521  5.85022e-01
100  0.03689  1.37789e+00 |101  0.11027  7.48905e-01 |102 -1.26268  2.00019e-01
103 -0.28733 -8.96265e-02 |104 -0.09017  2.00790e+00 |105  0.13338  2.90451e+00
106 -0.12580 -1.20507e+00 |107  0.07726  3.14054e+00 |108 -0.03578 -3.15802e+00
109  0.01943  4.03578e+00 |110  0.01976 -2.08673e+00 |111  0.27652  2.31942e+00
112 -0.05690 -1.04176e+00 |113  0.33606  3.37222e+00 |114 -0.01181 -8.59150e-01
115  0.22024  7.35313e+00 |116 -0.07546 -6.48529e+00 |117 -0.14652  1.54288e+00
118 -0.33769 -3.16790e+00 |119 -0.08449  7.67179e-01 |120 -0.05523  5.16477e+00
121 -0.00659 -4.82756e+00 |122 -0.00488  2.99636e+00 |123 -0.14045 -1.33011e+00
124  0.02013 -4.15637e+00 |125  0.80878  1.00219e-02 |126 -0.17640 -9.90331e-01
127 -0.09229 -6.64576e-01 |128 -0.03569  5.14573e-02 |129  0.47302 -4.03632e+00
130 -0.14300  9.51415e+00 |131 -0.19083 -6.99790e+00 |132 -0.50233  1.15685e+00
132 variables; iteration 100; function evaluation 118; phase 4
Function value 2.3606808e+03; maximum gradient component mag -2.4834e+01
Var    Value     Gradient |Var    Value     Gradient |Var    Value     Gradient
  1 -0.23122  1.69712e+01 |  2  0.01243 -3.36422e+00 |  3 -0.06501 -7.06668e-01
  4 -0.00508 -4.26432e-01 |  5 -0.40880 -1.42486e+00 |  6  0.02525  4.78007e+00
  7  0.10636 -1.68483e+00 |  8 -0.13009 -2.69335e-02 |  9  0.19146 -1.50865e+00
 10 -0.15580 -2.55023e+00 | 11 -0.14377 -2.48343e+01 | 12  0.00526  4.45769e-02
 13  0.00580  4.30226e-02 | 14  0.00640  4.20174e-02 | 15  0.00710  4.35561e-02
 16  0.00794  5.11741e-02 | 17  0.00902  7.03159e-02 | 18  0.01045  1.08878e-01
 19  0.01239  1.77129e-01 | 20  0.01499  2.84677e-01 | 21  0.01836  4.37024e-01
 22  0.02230  6.20415e-01 | 23  0.02637  7.98028e-01 | 24  0.02971  9.06167e-01
 25  0.03196  9.28175e-01 | 26  0.03478  9.97332e-01 | 27  0.03941  1.21618e+00
 28  0.04215  1.35363e+00 | 29  0.04087  1.29547e+00 | 30  0.03954  1.33203e+00
 31  0.03741  1.41354e+00 | 32  0.03321  1.41027e+00 | 33  0.03079  1.50811e+00
 34  0.02959  1.54204e+00 | 35  0.04504  2.56418e+00 | 36  0.05455  2.76542e+00
 37  0.06367  2.98160e+00 | 38  0.07140  4.07145e+00 | 39  0.03617  3.49344e+00
 40 -0.01540  7.00184e-01 | 41 -0.02670  9.58475e-01 | 42 -0.02941  5.69991e-01
 43 -0.00657  8.56915e-01 | 44  0.02541  2.62362e-01 | 45  0.09474  3.79875e+00
 46 -0.00134 -1.78777e+00 | 47  0.10492 -1.75358e+00 | 48  0.02441 -2.99363e+00
 49 -0.00864 -3.56036e+00 | 50  0.11517 -5.66150e+00 | 51 -0.00100 -3.66935e-01
 52  0.14452 -2.80303e+00 | 53 -0.02708 -3.27622e+00 | 54 -0.01728  2.23525e-01
 55 -0.03081  3.78776e+00 | 56  0.09802 -3.24849e+00 | 57 -0.00775  1.55628e+00
 58 -0.07734  4.42875e+00 | 59 -0.15172  4.20301e+00 | 60 -0.19613 -8.29390e+00
 61  0.19846 -7.34367e+00 | 62 -0.13015 -4.21646e+00 | 63  0.03738 -1.19299e+01
 64  0.01063 -3.40970e+00 | 65  0.02562 -6.56494e+00 | 66  0.02156 -8.25277e+00
 67 -0.04496 -4.73089e+00 | 68  0.00519 -1.02180e+01 | 69 -0.11445 -2.59271e+00
 70  0.01575 -7.69100e+00 | 71 -0.10430  4.46806e+00 | 72 -0.05975  5.88021e-01
 73 -0.12049  3.83978e+00 | 74 -0.11395 -1.60172e+00 | 75 -0.14639 -1.16931e+01
 76  0.26911 -2.44970e+01 | 77 -0.19145 -9.27854e+00 | 78  0.02558  7.54438e+00
 79 -0.05404  6.09398e+00 | 80  0.07960 -8.00310e+00 | 81 -0.07634  7.32968e+00
 82 -0.19327  3.89631e+00 | 83 -0.23084  4.77524e+00 | 84 -0.07967  2.65014e+00
 85 -0.10234  1.52968e+00 | 86  0.08525  5.90557e-01 | 87  0.14798 -8.69936e+00
 88 -0.00842 -4.08967e+00 | 89  0.05100  5.25290e+00 | 90  0.18537  4.23024e+00
 91 -0.06647  1.38899e+00 | 92  0.02278  3.15437e+00 | 93  0.05371 -1.84177e-01
 94 -0.02279  5.26818e-01 | 95 -0.15369  2.36542e+00 | 96 -0.06035  4.59613e+00
 97 -0.02184 -3.95683e-01 | 98  0.05142 -2.59737e+00 | 99 -0.05535  1.93780e-01
100  0.03188 -9.03169e-01 |101  0.11137  1.02162e+00 |102 -1.31402 -2.80333e-01
103 -0.28470  3.50578e-01 |104 -0.10499  1.17632e+00 |105  0.11386 -7.01271e+00
106 -0.13818  6.74946e+00 |107  0.09692  2.64385e+00 |108  0.01171 -1.75267e+00
109 -0.02415 -1.51511e+00 |110 -0.02395  1.02474e+00 |111  0.19740 -3.56034e+00
112 -0.09223  5.75026e+00 |113  0.33116  3.36999e+00 |114 -0.01379 -9.98092e-01
115  0.20242  7.48656e+00 |116 -0.08203 -7.70904e+00 |117 -0.14989 -1.78307e+01
118 -0.33733  5.23267e+00 |119 -0.07242 -9.56493e-01 |120 -0.05857 -8.35780e-01
121 -0.00405 -6.27115e+00 |122 -0.00315  2.79918e+00 |123 -0.15067 -2.89262e+00
124  0.04090  6.13305e+00 |125  0.81644  8.93402e-03 |126 -0.15567  6.77159e+00
127 -0.08468  1.10773e+00 |128 -0.04417  8.09690e+00 |129  0.46594  2.96697e+00
130 -0.15573 -5.09893e+00 |131 -0.16328 -3.19179e+00 |132 -0.44280  3.31499e-01
132 variables; iteration 120; function evaluation 143; phase 4
Function value 2.3591371e+03; maximum gradient component mag -2.4713e+01
Var    Value     Gradient |Var    Value     Gradient |Var    Value     Gradient
  1 -0.23644  1.40929e+01 |  2  0.01778 -1.12118e+00 |  3 -0.06776  2.90795e-01
  4 -0.00431 -4.40261e-01 |  5 -0.41349 -8.71743e-01 |  6  0.03379  2.70039e+00
  7  0.10619  7.05565e+00 |  8 -0.13328  3.79911e-01 |  9  0.19142 -1.30117e+00
 10 -0.14672  3.01469e-01 | 11 -0.13421 -1.76659e+01 | 12  0.00649  1.46265e-01
 13  0.00705  1.44582e-01 | 14  0.00751  1.29899e-01 | 15  0.00781  9.66315e-02
 16  0.00791  4.17264e-02 | 17  0.00786 -3.21602e-02 | 18  0.00783 -1.12111e-01
 19  0.00812 -1.74806e-01 | 20  0.00909 -1.90952e-01 | 21  0.01113 -1.34181e-01
 22  0.01426 -4.43173e-04 | 23  0.01827  1.86872e-01 | 24  0.02380  4.71319e-01
 25  0.03283  9.85288e-01 | 26  0.03909  1.28536e+00 | 27  0.03849  1.14174e+00
 28  0.03886  1.10660e+00 | 29  0.03890  1.10235e+00 | 30  0.03508  9.13151e-01
 31  0.02913  6.34667e-01 | 32  0.02837  7.44509e-01 | 33  0.02605  6.88517e-01
 34  0.01954  1.43633e-01 | 35  0.03666  9.87812e-01 | 36  0.02122 -6.30456e-01
 37  0.06892  1.55549e+00 | 38  0.03871  4.99031e-01 | 39  0.04619  3.30304e+00
 40 -0.02803 -9.56694e-01 | 41 -0.03104  3.65176e-01 | 42 -0.03650 -2.66400e-01
 43  0.00672  2.02591e+00 | 44  0.01964 -6.70220e-01 | 45  0.06824  1.99373e+00
 46  0.04017  1.57421e+00 | 47  0.08508  6.86962e-01 | 48  0.03498  4.42864e-01
 49 -0.00768 -7.74497e-01 | 50  0.11321  5.97546e-01 | 51 -0.01778 -1.08482e+00
 52  0.14075 -1.47588e+00 | 53 -0.03468 -3.54766e+00 | 54 -0.01467 -9.40115e-01
 55 -0.05613 -3.66467e+00 | 56  0.09605 -2.23480e+00 | 57 -0.01305  1.59965e-01
 58 -0.09047 -2.01049e+00 | 59 -0.16867 -6.43894e-01 | 60 -0.17159 -2.50738e+00
 61  0.19181 -2.04326e+01 | 62 -0.12463 -2.23181e+00 | 63  0.03710 -3.64737e+00
 64  0.00449 -2.34242e+00 | 65  0.02308 -3.82358e+00 | 66  0.01669 -5.89541e+00
 67 -0.04526 -8.95772e-01 | 68  0.00305 -4.86586e+00 | 69 -0.12190 -2.35882e+00
 70  0.01585 -1.61309e+00 | 71 -0.11722  2.93594e-01 | 72 -0.06071 -7.74575e-01
 73 -0.13187  1.82993e-01 | 74 -0.11805 -9.71642e-01 | 75 -0.10832 -4.65340e+00
 76  0.26637 -2.47128e+01 | 77 -0.15339 -2.66570e+00 | 78  0.02051  2.95799e+00
 79 -0.06178  1.15560e+00 | 80  0.08004  3.41540e-02 | 81 -0.08334  2.31372e+00
 82 -0.20258  4.96463e-01 | 83 -0.24524  4.57216e-01 | 84 -0.08241  2.86527e+00
 85 -0.10527  1.31922e+00 | 86  0.08216  3.77703e-01 | 87  0.14620 -1.26192e+00
 88 -0.00657  1.39840e+00 | 89  0.04726  3.88311e+00 | 90  0.18321  6.07620e+00
 91 -0.07133 -6.16700e-01 | 92  0.01923  1.54254e+00 | 93  0.05154  1.48603e+00
 94 -0.02525  1.04114e+00 | 95 -0.16165  3.54643e-01 | 96 -0.06707  1.24101e+00
 97 -0.02451 -2.30562e-01 | 98  0.05069  3.78473e-01 | 99 -0.05943 -1.42984e+00
100  0.02761 -1.61871e+00 |101  0.10339 -3.69909e-01 |102 -1.27646  2.72626e-02
103 -0.28799  3.71679e-02 |104 -0.11138  6.20433e-01 |105  0.10870  8.58648e-01
106 -0.14393 -2.53655e+00 |107  0.05768  1.18434e-01 |108 -0.00645 -3.44267e-01
109 -0.03938  5.44788e+00 |110 -0.04326 -4.24689e+00 |111  0.15514 -2.15464e+00
112 -0.12932  8.56386e-01 |113  0.32597  3.33373e+00 |114 -0.01715 -1.42427e+00
115  0.16835  8.78457e-02 |116 -0.09978 -2.45395e+00 |117 -0.14193 -7.60467e+00
118 -0.32666  3.63607e+00 |119 -0.08876 -1.29501e+00 |120 -0.06045 -3.82272e+00
121 -0.01184 -5.95051e-01 |122 -0.01618 -1.73545e+00 |123 -0.13390 -5.36047e-01
124  0.04897  8.32009e-01 |125  0.78583  7.71503e-03 |126 -0.21009  8.22811e-01
127 -0.08740  1.82547e-01 |128 -0.04160  2.63550e+00 |129  0.45599  8.20068e-01
130 -0.15696 -1.37610e+00 |131 -0.13144 -2.05810e+00 |132 -0.37537  6.20981e-01
132 variables; iteration 140; function evaluation 175; phase 4
Function value 2.3587011e+03; maximum gradient component mag 5.3198e+00
Var    Value     Gradient |Var    Value     Gradient |Var    Value     Gradient
  1 -0.23867  5.31984e+00 |  2  0.02068 -2.20005e-01 |  3 -0.07008  9.86243e-02
  4 -0.00458 -9.97314e-02 |  5 -0.41370 -5.30266e-02 |  6  0.03566  5.23559e-01
  7  0.10535  7.74115e-01 |  8 -0.13213  1.13138e-01 |  9  0.19272 -7.30809e-02
 10 -0.14660 -1.56391e-03 | 11 -0.13098 -3.16316e+00 | 12  0.00659  6.29134e-02
 13  0.00619 -2.85680e-02 | 14  0.00877  1.20482e-01 | 15  0.00860  3.57243e-02
 16  0.00856 -4.55703e-02 | 17  0.01092  5.79221e-02 | 18  0.01181  2.99968e-02
 19  0.01073 -1.64947e-01 | 20  0.01448  3.17212e-03 | 21  0.01403 -1.65690e-01
 22  0.01796 -1.50458e-02 | 23  0.02117  6.49043e-02 | 24  0.02201 -3.65467e-02
 25  0.02497  2.29754e-03 | 26  0.02687 -2.88266e-02 | 27  0.03034  6.65077e-02
 28  0.03081  7.57340e-03 | 29  0.03044 -4.69023e-02 | 30  0.02963 -5.04609e-02
 31  0.02692 -1.03305e-01 | 32  0.02558 -2.96791e-02 | 33  0.02305 -9.23845e-02
 34  0.02466 -6.78554e-02 | 35  0.02894 -2.04598e-01 | 36  0.04640  1.64567e-02
 37  0.04984 -5.00228e-01 | 38  0.04631 -3.00682e-01 | 39  0.01285 -4.04107e-01
 40 -0.01428 -2.02379e-01 | 41 -0.03149 -1.44874e-01 | 42 -0.03277 -1.95206e-01
 43 -0.01115 -2.67189e-01 | 44  0.04408 -2.77949e-01 | 45  0.04836 -6.26836e-01
 46  0.02986 -3.95085e-01 | 47  0.09079 -4.52563e-01 | 48  0.02679 -2.65917e-01
 49 -0.00037 -2.27604e-01 | 50  0.10707 -3.42065e-01 | 51 -0.00760 -1.93503e-01
 52  0.13499 -5.29847e-01 | 53 -0.01968 -4.79570e-01 | 54 -0.02511 -3.40295e-01
 55 -0.04737 -2.29282e-01 | 56  0.09341  5.14267e-02 | 57 -0.01590  9.17186e-02
 58 -0.08910 -1.61058e-01 | 59 -0.17141 -1.62679e-01 | 60 -0.16548  4.75023e-02
 61  0.19035 -1.94700e-01 | 62 -0.12024 -8.06012e-03 | 63  0.03492 -1.41806e-01
 64  0.00321 -4.10585e-02 | 65  0.02118 -3.12971e-01 | 66  0.01744 -2.66915e-01
 67 -0.04963 -7.77517e-02 | 68  0.00289 -3.12175e-01 | 69 -0.11858 -8.66827e-02
 70  0.01465  4.77409e-02 | 71 -0.11880  6.54337e-02 | 72 -0.05986  3.50563e-02
 73 -0.13311 -1.80517e-02 | 74 -0.11857 -3.22777e-02 | 75 -0.09119  1.14295e-01
 76  0.26784 -3.97298e-01 | 77 -0.14129 -2.37879e-02 | 78  0.01824  5.34520e-02
 79 -0.06281 -1.21291e-01 | 80  0.08014 -4.51417e-02 | 81 -0.08567 -5.84536e-02
 82 -0.20424 -6.31926e-02 | 83 -0.24822 -2.15888e-01 | 84 -0.08533  4.06590e-03
 85 -0.10700  7.94260e-02 | 86  0.08153  3.67287e-01 | 87  0.14596  5.32041e-01
 88 -0.00810  1.58663e-01 | 89  0.04501  2.39442e-01 | 90  0.18223  2.78033e-01
 91 -0.07014  6.80941e-02 | 92  0.01831 -8.02207e-02 | 93  0.05102 -8.58042e-02
 94 -0.02574  2.42168e-02 | 95 -0.16245 -1.50097e-01 | 96 -0.06839  3.74906e-02
 97 -0.02430  4.53659e-02 | 98  0.05074  7.54710e-02 | 99 -0.05595  2.20296e-02
100  0.03377 -1.47618e-02 |101  0.10730  3.00651e-02 |102 -1.28929 -3.53848e-03
103 -0.28655 -1.21116e-02 |104 -0.11993  1.03828e-01 |105  0.11055 -1.91529e-01
106 -0.14182 -5.31322e-03 |107  0.06114  2.92989e-02 |108  0.00328 -6.02577e-02
109 -0.04363 -6.71416e-02 |110 -0.04580 -6.15364e-02 |111  0.17970  1.84774e-01
112 -0.11215 -2.93654e-01 |113  0.32109 -3.45825e-01 |114 -0.02125  2.19002e-01
115  0.17457 -1.15641e-01 |116 -0.09360  8.18558e-03 |117 -0.14322 -3.58005e-01
118 -0.33059  1.22167e-01 |119 -0.08118 -1.02400e-01 |120 -0.06120 -3.17061e-01
121 -0.00870  2.31606e-02 |122 -0.01066  2.87752e-02 |123 -0.13789  4.12235e-02
124  0.04151 -2.04582e-02 |125  0.71909  4.46409e-03 |126 -0.17876  1.13769e-01
127 -0.08810  6.90541e-02 |128 -0.06893  9.74756e-02 |129  0.45261 -2.25661e-01
130 -0.15722  4.70680e-01 |131 -0.11213 -1.42115e-01 |132 -0.34688 -9.94432e-03
132 variables; iteration 160; function evaluation 198; phase 4
Function value 2.3586953e+03; maximum gradient component mag -1.1772e-01
Var    Value     Gradient |Var    Value     Gradient |Var    Value     Gradient
  1 -0.23984 -1.17725e-01 |  2  0.02106 -3.80212e-03 |  3 -0.07045 -5.75171e-04
  4 -0.00441  6.65813e-03 |  5 -0.41390  4.23382e-03 |  6  0.03655 -1.17170e-02
  7  0.10518  3.58878e-02 |  8 -0.13147  1.12687e-03 |  9  0.19247  8.25473e-03
 10 -0.14619  1.95445e-03 | 11 -0.13151  7.58723e-02 | 12  0.00575  7.59504e-04
 13  0.00642 -8.04559e-05 | 14  0.00720  1.94387e-03 | 15  0.00796 -4.82069e-03
 16  0.00892 -2.18177e-03 | 17  0.00996 -2.84870e-03 | 18  0.01128  5.62347e-03
 19  0.01257 -6.72527e-04 | 20  0.01417  2.46284e-03 | 21  0.01590  1.47746e-03
 22  0.01779  2.36498e-03 | 23  0.01984  3.49541e-03 | 24  0.02207  6.30364e-03
 25  0.02436  4.85492e-03 | 26  0.02663  5.69460e-03 | 27  0.02844  2.62764e-03
 28  0.02967  2.12281e-03 | 29  0.03001  1.60294e-03 | 30  0.02906 -1.52813e-03
 31  0.02696 -4.17032e-03 | 32  0.02457  1.15813e-02 | 33  0.02264  5.23433e-03
 34  0.02353  4.48131e-03 | 35  0.02931  4.54579e-03 | 36  0.04139  9.25481e-03
 37  0.05397  2.74576e-03 | 38  0.04516  5.25616e-03 | 39  0.01422  6.19922e-03
 40 -0.01471  5.82982e-03 | 41 -0.03204  8.08044e-03 | 42 -0.03282  1.00680e-02
 43 -0.01097  8.42830e-03 | 44  0.04086  6.68627e-03 | 45  0.05125  1.77904e-02
 46  0.03009  7.28809e-03 | 47  0.08901  1.85281e-02 | 48  0.02717  1.26165e-02
 49  0.00016  1.15378e-02 | 50  0.10619 -1.67282e-03 | 51 -0.00655  2.79844e-02
 52  0.13423 -6.94876e-03 | 53 -0.01850  9.46289e-03 | 54 -0.02562  1.91345e-03
 55 -0.04722  3.19480e-03 | 56  0.09314  3.07784e-02 | 57 -0.01623  1.38272e-02
 58 -0.08906 -1.14373e-03 | 59 -0.17119 -1.44307e-03 | 60 -0.16589 -2.52233e-03
 61  0.19015  2.19814e-02 | 62 -0.12042  1.94326e-03 | 63  0.03484 -6.63955e-03
 64  0.00303  9.63987e-03 | 65  0.02120  1.77014e-03 | 66  0.01740  1.24002e-03
 67 -0.04980 -2.32580e-03 | 68  0.00291 -1.99056e-02 | 69 -0.11852 -8.18726e-03
 70  0.01450 -1.43547e-02 | 71 -0.11900 -9.29943e-04 | 72 -0.06004 -3.40739e-03
 73 -0.13317  4.88109e-04 | 74 -0.11848 -1.38540e-03 | 75 -0.09168 -1.70924e-03
 76  0.26772 -2.63894e-02 | 77 -0.14129 -3.12201e-03 | 78  0.01810  8.42305e-03
 79 -0.06271 -2.83353e-03 | 80  0.08004  6.06508e-03 | 81 -0.08572  1.27849e-03
 82 -0.20425 -2.02885e-03 | 83 -0.24784 -9.92872e-03 | 84 -0.08549 -6.27766e-03
 85 -0.10732  6.85518e-04 | 86  0.08126  9.18462e-03 | 87  0.14566  5.10090e-03
 88 -0.00841 -2.64904e-03 | 89  0.04471 -1.51436e-03 | 90  0.18202  3.70200e-03
 91 -0.07033 -3.30913e-04 | 92  0.01824  1.24518e-03 | 93  0.05096  8.29708e-03
 94 -0.02588 -4.37947e-04 | 95 -0.16208 -8.42858e-03 | 96 -0.06851 -1.05149e-03
 97 -0.02436 -7.26003e-03 | 98  0.05068 -3.69727e-03 | 99 -0.05602 -2.98442e-03
100  0.03382 -2.33374e-03 |101  0.10719  2.73791e-03 |102 -1.28965  3.13197e-04
103 -0.28634  7.61658e-04 |104 -0.12104  5.58339e-04 |105  0.11120  8.70650e-03
106 -0.14126 -2.36204e-02 |107  0.06175  8.77992e-04 |108  0.00539 -3.38519e-03
109 -0.04262  1.62135e-02 |110 -0.04440 -2.03271e-02 |111  0.17972  4.92879e-03
112 -0.11158 -1.40087e-02 |113  0.32126  2.79081e-03 |114 -0.02114 -2.60666e-03
115  0.17484  6.77897e-03 |116 -0.09324 -1.60583e-02 |117 -0.14339 -1.01048e-02
118 -0.33082  2.15022e-03 |119 -0.08033  3.62704e-04 |120 -0.06129  6.30453e-03
121 -0.00870  2.25338e-03 |122 -0.01062  2.10734e-03 |123 -0.13802 -4.06771e-03
124  0.04275 -6.40517e-03 |125  0.63978  7.30181e-04 |126 -0.18170 -3.93718e-03
127 -0.08798 -1.73678e-03 |128 -0.06850 -2.08859e-03 |129  0.45162 -8.51182e-03
130 -0.15798  6.12824e-03 |131 -0.10559 -3.15282e-03 |132 -0.33621 -1.58662e-03
  ic > imax  in fminim is answer attained ?
Var    Value     Gradient |Var    Value     Gradient |Var    Value     Gradient
  1 -0.23979  1.19701e-02 |  2  0.02105 -4.74569e-04 |  3 -0.07047 -2.63951e-04
  4 -0.00440 -1.74988e-04 |  5 -0.41390 -5.09946e-05 |  6  0.03648  1.41181e-03
  7  0.10515 -7.92062e-04 |  8 -0.13134 -1.20705e-05 |  9  0.19241 -1.04875e-04
 10 -0.14614 -9.15684e-06 | 11 -0.13147 -1.06631e-02 | 12  0.00574 -2.09522e-05
 13  0.00643 -2.64803e-05 | 14  0.00718 -3.13531e-05 | 15  0.00802 -3.49167e-05
 16  0.00896 -4.29299e-05 | 17  0.01001 -4.16109e-05 | 18  0.01122 -2.20077e-05
 19  0.01260 -8.47115e-05 | 20  0.01415 -6.27648e-05 | 21  0.01590 -9.80346e-05
 22  0.01778 -7.86630e-05 | 23  0.01981 -7.99528e-05 | 24  0.02201 -1.17521e-04
 25  0.02432 -1.15196e-04 | 26  0.02658 -1.32890e-04 | 27  0.02845 -1.27840e-04
 28  0.02969 -1.35438e-04 | 29  0.03004 -1.69615e-04 | 30  0.02914 -1.79864e-04
 31  0.02708 -2.04185e-04 | 32  0.02446 -2.72168e-04 | 33  0.02263 -2.94194e-04
 34  0.02353 -3.27692e-04 | 35  0.02932 -4.02370e-04 | 36  0.04132 -4.80933e-04
 37  0.05406 -5.47941e-04 | 38  0.04518 -5.62965e-04 | 39  0.01422 -5.67023e-04
 40 -0.01471 -4.08044e-04 | 41 -0.03207 -3.73834e-04 | 42 -0.03287 -4.61378e-04
 43 -0.01099 -5.09568e-04 | 44  0.04095 -7.17075e-04 | 45  0.05114 -1.13616e-03
 46  0.03015 -8.79321e-04 | 47  0.08902 -1.57724e-03 | 48  0.02714 -9.58127e-04
 49  0.00007 -6.79247e-04 | 50  0.10627 -1.94922e-03 | 51 -0.00679 -7.35169e-04
 52  0.13427 -2.67975e-03 | 53 -0.01857 -5.32141e-04 | 54 -0.02560 -5.62303e-04
 55 -0.04722 -4.35593e-04 | 56  0.09314 -1.92934e-03 | 57 -0.01624 -7.42607e-04
 58 -0.08905 -4.36203e-04 | 59 -0.17118 -1.86559e-04 | 60 -0.16588 -3.13693e-05
 61  0.19015 -3.94109e-03 | 62 -0.12044 -1.42193e-04 | 63  0.03485 -8.93582e-04
 64  0.00301 -7.26908e-04 | 65  0.02121 -7.18998e-04 | 66  0.01740 -6.80341e-04
 67 -0.04981 -3.76257e-04 | 68  0.00292 -3.08170e-04 | 69 -0.11851 -7.96312e-05
 70  0.01451 -1.56597e-04 | 71 -0.11900 -3.62431e-05 | 72 -0.06003 -1.19331e-04
 73 -0.13317 -1.20258e-05 | 74 -0.11847 -2.10633e-06 | 75 -0.09167 -1.31423e-04
 76  0.26773 -1.05852e-03 | 77 -0.14127 -2.17978e-05 | 78  0.01810 -1.58720e-04
 79 -0.06270  1.73269e-05 | 80  0.08005  4.82365e-05 | 81 -0.08572  2.61276e-04
 82 -0.20425  6.01563e-05 | 83 -0.24780  1.61492e-04 | 84 -0.08548  2.09747e-04
 85 -0.10732  5.88785e-05 | 86  0.08127  5.91643e-05 | 87  0.14566  3.04716e-04
 88 -0.00841  1.36405e-05 | 89  0.04472  1.06956e-04 | 90  0.18202  1.83320e-04
 91 -0.07032 -2.96688e-05 | 92  0.01824  1.42302e-04 | 93  0.05096  2.94756e-04
 94 -0.02587  7.58524e-05 | 95 -0.16205  8.50621e-05 | 96 -0.06850 -5.68053e-05
 97 -0.02434  2.80591e-06 | 98  0.05069  7.99188e-06 | 99 -0.05601  4.19349e-05
100  0.03383 -1.10863e-05 |101  0.10718 -1.95674e-05 |102 -1.28976  1.15949e-05
103 -0.28635 -2.37200e-05 |104 -0.12103  2.61664e-05 |105  0.11132 -2.99313e-04
106 -0.14116  4.15823e-04 |107  0.06192 -5.38802e-05 |108  0.00558  4.75367e-05
109 -0.04230 -2.78365e-04 |110 -0.04402  2.80043e-04 |111  0.17987  1.07440e-04
112 -0.11147 -1.58287e-04 |113  0.32129 -4.70581e-04 |114 -0.02114  3.51864e-04
115  0.17494 -2.21370e-04 |116 -0.09319  2.24999e-04 |117 -0.14338 -9.80972e-05
118 -0.33080  8.81635e-05 |119 -0.08040 -1.11005e-05 |120 -0.06128 -3.31144e-04
121 -0.00873 -1.04346e-04 |122 -0.01065 -1.54393e-05 |123 -0.13795 -8.36240e-06
124  0.04281 -4.62956e-05 |125  0.62569  1.19419e-05 |126 -0.18171 -5.36096e-05
127 -0.08796  9.82411e-06 |128 -0.06851 -1.34231e-04 |129  0.45176  3.32538e-05
130 -0.15792 -3.98366e-05 |131 -0.10535  1.41001e-04 |132 -0.33584 -3.29490e-05
Function minimizer not making progress ... is minimum attained?
Minimprove criterion = 0.0000e+00

 - final statistics:
132 variables; iteration 176; function evaluation 248
Function value 2.3587e+03; maximum gradient component mag 1.1970e-02
Exit code = 1;  converg criter 1.0000e-04
Var    Value     Gradient |Var    Value     Gradient |Var    Value     Gradient
  1 -0.23979  1.19701e-02 |  2  0.02105 -4.74569e-04 |  3 -0.07047 -2.63951e-04
  4 -0.00440 -1.74988e-04 |  5 -0.41390 -5.09946e-05 |  6  0.03648  1.41181e-03
  7  0.10515 -7.92062e-04 |  8 -0.13134 -1.20705e-05 |  9  0.19241 -1.04875e-04
 10 -0.14614 -9.15684e-06 | 11 -0.13147 -1.06631e-02 | 12  0.00574 -2.09522e-05
 13  0.00643 -2.64803e-05 | 14  0.00718 -3.13531e-05 | 15  0.00802 -3.49167e-05
 16  0.00896 -4.29299e-05 | 17  0.01001 -4.16109e-05 | 18  0.01122 -2.20077e-05
 19  0.01260 -8.47115e-05 | 20  0.01415 -6.27648e-05 | 21  0.01590 -9.80346e-05
 22  0.01778 -7.86630e-05 | 23  0.01981 -7.99528e-05 | 24  0.02201 -1.17521e-04
 25  0.02432 -1.15196e-04 | 26  0.02658 -1.32890e-04 | 27  0.02845 -1.27840e-04
 28  0.02969 -1.35438e-04 | 29  0.03004 -1.69615e-04 | 30  0.02914 -1.79864e-04
 31  0.02708 -2.04185e-04 | 32  0.02446 -2.72168e-04 | 33  0.02263 -2.94194e-04
 34  0.02353 -3.27692e-04 | 35  0.02932 -4.02370e-04 | 36  0.04132 -4.80933e-04
 37  0.05406 -5.47941e-04 | 38  0.04518 -5.62965e-04 | 39  0.01422 -5.67023e-04
 40 -0.01471 -4.08044e-04 | 41 -0.03207 -3.73834e-04 | 42 -0.03287 -4.61378e-04
 43 -0.01099 -5.09568e-04 | 44  0.04095 -7.17075e-04 | 45  0.05114 -1.13616e-03
 46  0.03015 -8.79321e-04 | 47  0.08902 -1.57724e-03 | 48  0.02714 -9.58127e-04
 49  0.00007 -6.79247e-04 | 50  0.10627 -1.94922e-03 | 51 -0.00679 -7.35169e-04
 52  0.13427 -2.67975e-03 | 53 -0.01857 -5.32141e-04 | 54 -0.02560 -5.62303e-04
 55 -0.04722 -4.35593e-04 | 56  0.09314 -1.92934e-03 | 57 -0.01624 -7.42607e-04
 58 -0.08905 -4.36203e-04 | 59 -0.17118 -1.86559e-04 | 60 -0.16588 -3.13693e-05
 61  0.19015 -3.94109e-03 | 62 -0.12044 -1.42193e-04 | 63  0.03485 -8.93582e-04
 64  0.00301 -7.26908e-04 | 65  0.02121 -7.18998e-04 | 66  0.01740 -6.80341e-04
 67 -0.04981 -3.76257e-04 | 68  0.00292 -3.08170e-04 | 69 -0.11851 -7.96312e-05
 70  0.01451 -1.56597e-04 | 71 -0.11900 -3.62431e-05 | 72 -0.06003 -1.19331e-04
 73 -0.13317 -1.20258e-05 | 74 -0.11847 -2.10633e-06 | 75 -0.09167 -1.31423e-04
 76  0.26773 -1.05852e-03 | 77 -0.14127 -2.17978e-05 | 78  0.01810 -1.58720e-04
 79 -0.06270  1.73269e-05 | 80  0.08005  4.82365e-05 | 81 -0.08572  2.61276e-04
 82 -0.20425  6.01563e-05 | 83 -0.24780  1.61492e-04 | 84 -0.08548  2.09747e-04
 85 -0.10732  5.88785e-05 | 86  0.08127  5.91643e-05 | 87  0.14566  3.04716e-04
 88 -0.00841  1.36405e-05 | 89  0.04472  1.06956e-04 | 90  0.18202  1.83320e-04
 91 -0.07032 -2.96688e-05 | 92  0.01824  1.42302e-04 | 93  0.05096  2.94756e-04
 94 -0.02587  7.58524e-05 | 95 -0.16205  8.50621e-05 | 96 -0.06850 -5.68053e-05
 97 -0.02434  2.80591e-06 | 98  0.05069  7.99188e-06 | 99 -0.05601  4.19349e-05
100  0.03383 -1.10863e-05 |101  0.10718 -1.95674e-05 |102 -1.28976  1.15949e-05
103 -0.28635 -2.37200e-05 |104 -0.12103  2.61664e-05 |105  0.11132 -2.99313e-04
106 -0.14116  4.15823e-04 |107  0.06192 -5.38802e-05 |108  0.00558  4.75367e-05
109 -0.04230 -2.78365e-04 |110 -0.04402  2.80043e-04 |111  0.17987  1.07440e-04
112 -0.11147 -1.58287e-04 |113  0.32129 -4.70581e-04 |114 -0.02114  3.51864e-04
115  0.17494 -2.21370e-04 |116 -0.09319  2.24999e-04 |117 -0.14338 -9.80972e-05
118 -0.33080  8.81635e-05 |119 -0.08040 -1.11005e-05 |120 -0.06128 -3.31144e-04
121 -0.00873 -1.04346e-04 |122 -0.01065 -1.54393e-05 |123 -0.13795 -8.36240e-06
124  0.04281 -4.62956e-05 |125  0.62569  1.19419e-05 |126 -0.18171 -5.36096e-05
127 -0.08796  9.82411e-06 |128 -0.06851 -1.34231e-04 |129  0.45176  3.32538e-05
130 -0.15792 -3.98366e-05 |131 -0.10535  1.41001e-04 |132 -0.33584 -3.29490e-05

Initial statistics: 144 variables; iteration 0; function evaluation 0; phase 5
Function value 2.3586953e+03; maximum gradient component mag 1.1970e-02
Var    Value     Gradient |Var    Value     Gradient |Var    Value     Gradient
  1 -0.23979  1.19701e-02 |  2  0.02105 -4.74569e-04 |  3 -0.07047 -2.63951e-04
  4 -0.00440 -1.74988e-04 |  5 -0.41390 -5.09946e-05 |  6  0.03648  1.41181e-03
  7  0.10515 -7.92062e-04 |  8 -0.13134 -1.20705e-05 |  9  0.19241 -1.04875e-04
 10 -0.14614 -9.15684e-06 | 11 -0.13147 -1.06631e-02 | 12  0.00574 -2.09522e-05
 13  0.00643 -2.64803e-05 | 14  0.00718 -3.13531e-05 | 15  0.00802 -3.49167e-05
 16  0.00896 -4.29299e-05 | 17  0.01001 -4.16109e-05 | 18  0.01122 -2.20077e-05
 19  0.01260 -8.47115e-05 | 20  0.01415 -6.27648e-05 | 21  0.01590 -9.80346e-05
 22  0.01778 -7.86630e-05 | 23  0.01981 -7.99528e-05 | 24  0.02201 -1.17521e-04
 25  0.02432 -1.15196e-04 | 26  0.02658 -1.32890e-04 | 27  0.02845 -1.27840e-04
 28  0.02969 -1.35438e-04 | 29  0.03004 -1.69615e-04 | 30  0.02914 -1.79864e-04
 31  0.02708 -2.04185e-04 | 32  0.02446 -2.72168e-04 | 33  0.02263 -2.94194e-04
 34  0.02353 -3.27692e-04 | 35  0.02932 -4.02370e-04 | 36  0.04132 -4.80933e-04
 37  0.05406 -5.47941e-04 | 38  0.04518 -5.62965e-04 | 39  0.01422 -5.67023e-04
 40 -0.01471 -4.08044e-04 | 41 -0.03207 -3.73834e-04 | 42 -0.03287 -4.61378e-04
 43 -0.01099 -5.09568e-04 | 44  0.04095 -7.17075e-04 | 45  0.05114 -1.13616e-03
 46  0.03015 -8.79321e-04 | 47  0.08902 -1.57724e-03 | 48  0.02714 -9.58127e-04
 49  0.00007 -6.79247e-04 | 50  0.10627 -1.94922e-03 | 51 -0.00679 -7.35169e-04
 52  0.13427 -2.67975e-03 | 53 -0.01857 -5.32141e-04 | 54 -0.02560 -5.62303e-04
 55 -0.04722 -4.35593e-04 | 56  0.09314 -1.92934e-03 | 57 -0.01624 -7.42607e-04
 58 -0.08905 -4.36203e-04 | 59 -0.17118 -1.86559e-04 | 60 -0.16588 -3.13693e-05
 61  0.19015 -3.94109e-03 | 62 -0.12044 -1.42193e-04 | 63  0.03485 -8.93582e-04
 64  0.00301 -7.26908e-04 | 65  0.02121 -7.18998e-04 | 66  0.01740 -6.80341e-04
 67 -0.04981 -3.76257e-04 | 68  0.00292 -3.08170e-04 | 69 -0.11851 -7.96312e-05
 70  0.01451 -1.56597e-04 | 71 -0.11900 -3.62431e-05 | 72 -0.06003 -1.19331e-04
 73 -0.13317 -1.20258e-05 | 74 -0.11847 -2.10633e-06 | 75 -0.09167 -1.31423e-04
 76  0.26773 -1.05852e-03 | 77 -0.14127 -2.17978e-05 | 78  0.01810 -1.58720e-04
 79 -0.06270  1.73269e-05 | 80  0.08005  4.82365e-05 | 81 -0.08572  2.61276e-04
 82 -0.20425  6.01563e-05 | 83 -0.24780  1.61492e-04 | 84 -0.08548  2.09747e-04
 85 -0.10732  5.88785e-05 | 86  0.08127  5.91643e-05 | 87  0.14566  3.04716e-04
 88 -0.00841  1.36405e-05 | 89  0.04472  1.06956e-04 | 90  0.18202  1.83320e-04
 91 -0.07032 -2.96688e-05 | 92  0.01824  1.42302e-04 | 93  0.05096  2.94756e-04
 94 -0.02587  7.58524e-05 | 95 -0.16205  8.50621e-05 | 96 -0.06850 -5.68053e-05
 97 -0.02434  2.80591e-06 | 98  0.05069  7.99188e-06 | 99 -0.05601  4.19349e-05
100  0.03383 -1.10863e-05 |101  0.10718 -1.95674e-05 |102  0.00000  0.00000e+00
103  0.00000  0.00000e+00 |104  0.00000  0.00000e+00 |105  0.00000  0.00000e+00
106  0.00000  0.00000e+00 |107  0.00000  0.00000e+00 |108  0.00000  0.00000e+00
109  0.00000  0.00000e+00 |110  0.00000  0.00000e+00 |111  0.00000  0.00000e+00
112  0.00000  0.00000e+00 |113  0.00000  0.00000e+00 |114 -0.71024 -1.15949e-05
115 -0.28635 -2.37200e-05 |116 -0.12103  2.61664e-05 |117  0.11132 -2.99313e-04
118 -0.14116  4.15823e-04 |119  0.06192 -5.38802e-05 |120  0.00558  4.75367e-05
121 -0.04230 -2.78365e-04 |122 -0.04402  2.80043e-04 |123  0.17987  1.07440e-04
124 -0.11147 -1.58287e-04 |125  0.32129 -4.70581e-04 |126 -0.02114  3.51864e-04
127  0.17494 -2.21370e-04 |128 -0.09319  2.24999e-04 |129 -0.14338 -9.80972e-05
130 -0.33080  8.81635e-05 |131 -0.08040 -1.11005e-05 |132 -0.06128 -3.31144e-04
133 -0.00873 -1.04346e-04 |134 -0.01065 -1.54393e-05 |135 -0.13795 -8.36240e-06
136  0.04281 -4.62956e-05 |137  0.62569  1.19419e-05 |138 -0.18171 -5.36096e-05
139 -0.08796  9.82411e-06 |140 -0.06851 -1.34231e-04 |141  0.45176  3.32538e-05
142 -0.15792 -3.98366e-05 |143 -0.10535  1.41001e-04 |144 -0.33584 -3.29490e-05
  ic > imax  in fminim is answer attained ?
Var    Value     Gradient |Var    Value     Gradient |Var    Value     Gradient
  1 -0.23979 -1.64824e-03 |  2  0.02105  9.97130e-05 |  3 -0.07047 -7.10711e-05
  4 -0.00440  7.01106e-05 |  5 -0.41390  9.36409e-05 |  6  0.03648 -2.99493e-04
  7  0.10515  3.20250e-05 |  8 -0.13134  4.88761e-05 |  9  0.19241  6.98781e-05
 10 -0.14614  4.09352e-05 | 11 -0.13147  7.33743e-04 | 12  0.00574  3.63616e-07
 13  0.00643 -2.62794e-06 | 14  0.00718 -4.67778e-06 | 15  0.00802 -5.11307e-06
 16  0.00896 -9.64202e-06 | 17  0.01001 -4.39951e-06 | 18  0.01122  1.96971e-05
 19  0.01260 -3.77700e-05 | 20  0.01415 -9.97451e-06 | 21  0.01590 -3.86745e-05
 22  0.01778 -1.20755e-05 | 23  0.01981 -5.29619e-06 | 24  0.02201 -3.35379e-05
 25  0.02432 -2.04550e-05 | 26  0.02658 -2.58179e-05 | 27  0.02845 -7.08529e-06
 28  0.02969  2.51380e-07 | 29  0.03004 -1.79950e-05 | 30  0.02914 -1.15189e-05
 31  0.02708 -1.82213e-05 | 32  0.02446 -6.67297e-05 | 33  0.02263 -6.51126e-05
 34  0.02353 -6.59644e-05 | 35  0.02932 -9.01475e-05 | 36  0.04132 -8.79753e-05
 37  0.05406 -5.21413e-05 | 38  0.04518 -5.33798e-05 | 39  0.01422 -1.42396e-04
 40 -0.01471 -5.81375e-05 | 41 -0.03207 -5.35292e-05 | 42 -0.03287 -1.20067e-04
 43 -0.01099 -6.18791e-05 | 44  0.04095  5.42257e-05 | 45  0.05114 -2.43881e-04
 46  0.03015 -1.08374e-04 | 47  0.08902 -1.79871e-04 | 48  0.02714 -1.27700e-04
 49  0.00007 -3.91490e-06 | 50  0.10627 -5.85590e-05 | 51 -0.00679 -4.51843e-05
 52  0.13427 -8.01298e-05 | 53 -0.01857  1.08426e-04 | 54 -0.02560  1.70273e-05
 55 -0.04722  1.78964e-05 | 56  0.09314 -2.49059e-04 | 57 -0.01624 -1.08206e-04
 58 -0.08905 -1.04472e-04 | 59 -0.17118 -2.73534e-05 | 60 -0.16588  1.49938e-04
 61  0.19015  1.71398e-03 | 62 -0.12044  1.93357e-04 | 63  0.03485  5.26541e-04
 64  0.00301  2.60706e-04 | 65  0.02121  3.97702e-04 | 66  0.01740  3.92365e-04
 67 -0.04981  1.49312e-04 | 68  0.00292  4.15403e-04 | 69 -0.11851  7.61345e-05
 70  0.01451  1.04493e-04 | 71 -0.11900 -2.69912e-05 | 72 -0.06003 -1.66980e-04
 73 -0.13317 -4.07869e-05 | 74 -0.11847 -2.05642e-05 | 75 -0.09167 -9.91237e-05
 76  0.26773  3.94156e-04 | 77 -0.14127  1.82726e-05 | 78  0.01810  2.61612e-05
 79 -0.06270  7.44980e-05 | 80  0.08005  3.41436e-05 | 81 -0.08572  2.19310e-04
 82 -0.20425  3.54076e-05 | 83 -0.24780  1.41004e-04 | 84 -0.08548  1.04971e-04
 85 -0.10732 -9.53913e-06 | 86  0.08127 -2.57852e-04 | 87  0.14566 -1.39992e-04
 88 -0.00841 -7.68696e-05 | 89  0.04472 -3.88705e-05 | 90  0.18202 -2.64182e-04
 91 -0.07032 -7.15242e-05 | 92  0.01824  2.37377e-05 | 93  0.05096  1.08247e-04
 94 -0.02587 -1.72346e-05 | 95 -0.16205  5.54330e-05 | 96 -0.06850 -1.31187e-04
 97 -0.02434 -9.11207e-05 | 98  0.05069 -1.15462e-04 | 99 -0.05601  2.07387e-05
100  0.03383 -2.34743e-05 |101  0.10718 -2.49691e-05 |102  0.00000  0.00000e+00
103  0.00000  0.00000e+00 |104  0.00000  0.00000e+00 |105  0.00000  0.00000e+00
106  0.00000  0.00000e+00 |107  0.00000  0.00000e+00 |108  0.00000  0.00000e+00
109  0.00000  0.00000e+00 |110  0.00000  0.00000e+00 |111  0.00000  0.00000e+00
112  0.00000  0.00000e+00 |113  0.00000  0.00000e+00 |114 -0.71024 -3.16341e-05
115 -0.28635 -4.79649e-05 |116 -0.12103  2.09367e-05 |117  0.11132  4.22154e-04
118 -0.14116 -2.44239e-04 |119  0.06192  1.26126e-05 |120  0.00558  1.34262e-05
121 -0.04230  2.75302e-04 |122 -0.04402 -1.06594e-04 |123  0.17987  1.37982e-04
124 -0.11147 -1.89260e-04 |125  0.32129  1.21207e-04 |126 -0.02114 -7.78824e-05
127  0.17494  1.43806e-04 |128 -0.09319 -1.81197e-04 |129 -0.14338  2.29336e-04
130 -0.33080 -2.82342e-05 |131 -0.08040  3.93263e-05 |132 -0.06128  1.93295e-04
133 -0.00873  3.36413e-05 |134 -0.01065 -6.53713e-05 |135 -0.13795  2.14918e-05
136  0.04281  3.59601e-05 |137  0.62569  1.16497e-05 |138 -0.18171 -5.10444e-06
139 -0.08796 -8.57466e-05 |140 -0.06851 -9.40678e-05 |141  0.45176  1.14474e-04
142 -0.15792 -1.55817e-04 |143 -0.10535  2.23274e-04 |144 -0.33584 -6.61306e-05
Function minimizer not making progress ... is minimum attained?
Minimprove criterion = 0.0000e+00

 - final statistics:
144 variables; iteration 2; function evaluation 32
Function value 2.3587e+03; maximum gradient component mag 1.7140e-03
Exit code = 1;  converg criter 1.0000e-04
Var    Value     Gradient |Var    Value     Gradient |Var    Value     Gradient
  1 -0.23979 -1.64824e-03 |  2  0.02105  9.97130e-05 |  3 -0.07047 -7.10711e-05
  4 -0.00440  7.01106e-05 |  5 -0.41390  9.36409e-05 |  6  0.03648 -2.99493e-04
  7  0.10515  3.20250e-05 |  8 -0.13134  4.88761e-05 |  9  0.19241  6.98781e-05
 10 -0.14614  4.09352e-05 | 11 -0.13147  7.33743e-04 | 12  0.00574  3.63616e-07
 13  0.00643 -2.62794e-06 | 14  0.00718 -4.67778e-06 | 15  0.00802 -5.11307e-06
 16  0.00896 -9.64202e-06 | 17  0.01001 -4.39951e-06 | 18  0.01122  1.96971e-05
 19  0.01260 -3.77700e-05 | 20  0.01415 -9.97451e-06 | 21  0.01590 -3.86745e-05
 22  0.01778 -1.20755e-05 | 23  0.01981 -5.29619e-06 | 24  0.02201 -3.35379e-05
 25  0.02432 -2.04550e-05 | 26  0.02658 -2.58179e-05 | 27  0.02845 -7.08529e-06
 28  0.02969  2.51380e-07 | 29  0.03004 -1.79950e-05 | 30  0.02914 -1.15189e-05
 31  0.02708 -1.82213e-05 | 32  0.02446 -6.67297e-05 | 33  0.02263 -6.51126e-05
 34  0.02353 -6.59644e-05 | 35  0.02932 -9.01475e-05 | 36  0.04132 -8.79753e-05
 37  0.05406 -5.21413e-05 | 38  0.04518 -5.33798e-05 | 39  0.01422 -1.42396e-04
 40 -0.01471 -5.81375e-05 | 41 -0.03207 -5.35292e-05 | 42 -0.03287 -1.20067e-04
 43 -0.01099 -6.18791e-05 | 44  0.04095  5.42257e-05 | 45  0.05114 -2.43881e-04
 46  0.03015 -1.08374e-04 | 47  0.08902 -1.79871e-04 | 48  0.02714 -1.27700e-04
 49  0.00007 -3.91490e-06 | 50  0.10627 -5.85590e-05 | 51 -0.00679 -4.51843e-05
 52  0.13427 -8.01298e-05 | 53 -0.01857  1.08426e-04 | 54 -0.02560  1.70273e-05
 55 -0.04722  1.78964e-05 | 56  0.09314 -2.49059e-04 | 57 -0.01624 -1.08206e-04
 58 -0.08905 -1.04472e-04 | 59 -0.17118 -2.73534e-05 | 60 -0.16588  1.49938e-04
 61  0.19015  1.71398e-03 | 62 -0.12044  1.93357e-04 | 63  0.03485  5.26541e-04
 64  0.00301  2.60706e-04 | 65  0.02121  3.97702e-04 | 66  0.01740  3.92365e-04
 67 -0.04981  1.49312e-04 | 68  0.00292  4.15403e-04 | 69 -0.11851  7.61345e-05
 70  0.01451  1.04493e-04 | 71 -0.11900 -2.69912e-05 | 72 -0.06003 -1.66980e-04
 73 -0.13317 -4.07869e-05 | 74 -0.11847 -2.05642e-05 | 75 -0.09167 -9.91237e-05
 76  0.26773  3.94156e-04 | 77 -0.14127  1.82726e-05 | 78  0.01810  2.61612e-05
 79 -0.06270  7.44980e-05 | 80  0.08005  3.41436e-05 | 81 -0.08572  2.19310e-04
 82 -0.20425  3.54076e-05 | 83 -0.24780  1.41004e-04 | 84 -0.08548  1.04971e-04
 85 -0.10732 -9.53913e-06 | 86  0.08127 -2.57852e-04 | 87  0.14566 -1.39992e-04
 88 -0.00841 -7.68696e-05 | 89  0.04472 -3.88705e-05 | 90  0.18202 -2.64182e-04
 91 -0.07032 -7.15242e-05 | 92  0.01824  2.37377e-05 | 93  0.05096  1.08247e-04
 94 -0.02587 -1.72346e-05 | 95 -0.16205  5.54330e-05 | 96 -0.06850 -1.31187e-04
 97 -0.02434 -9.11207e-05 | 98  0.05069 -1.15462e-04 | 99 -0.05601  2.07387e-05
100  0.03383 -2.34743e-05 |101  0.10718 -2.49691e-05 |102  0.00000  0.00000e+00
103  0.00000  0.00000e+00 |104  0.00000  0.00000e+00 |105  0.00000  0.00000e+00
106  0.00000  0.00000e+00 |107  0.00000  0.00000e+00 |108  0.00000  0.00000e+00
109  0.00000  0.00000e+00 |110  0.00000  0.00000e+00 |111  0.00000  0.00000e+00
112  0.00000  0.00000e+00 |113  0.00000  0.00000e+00 |114 -0.71024 -3.16341e-05
115 -0.28635 -4.79649e-05 |116 -0.12103  2.09367e-05 |117  0.11132  4.22154e-04
118 -0.14116 -2.44239e-04 |119  0.06192  1.26126e-05 |120  0.00558  1.34262e-05
121 -0.04230  2.75302e-04 |122 -0.04402 -1.06594e-04 |123  0.17987  1.37982e-04
124 -0.11147 -1.89260e-04 |125  0.32129  1.21207e-04 |126 -0.02114 -7.78824e-05
127  0.17494  1.43806e-04 |128 -0.09319 -1.81197e-04 |129 -0.14338  2.29336e-04
130 -0.33080 -2.82342e-05 |131 -0.08040  3.93263e-05 |132 -0.06128  1.93295e-04
133 -0.00873  3.36413e-05 |134 -0.01065 -6.53713e-05 |135 -0.13795  2.14918e-05
136  0.04281  3.59601e-05 |137  0.62569  1.16497e-05 |138 -0.18171 -5.10444e-06
139 -0.08796 -8.57466e-05 |140 -0.06851 -9.40678e-05 |141  0.45176  1.14474e-04
142 -0.15792 -1.55817e-04 |143 -0.10535  2.23274e-04 |144 -0.33584 -6.61306e-05
size of file gradfil1.tmp = 0
size of file gradfil2.tmp = 0
size of file varssave.tmp = 0
size of file cmpdiff.tmp = 200000008
