
Initial statistics: 3 variables; iteration 0; function evaluation 0; phase 1
Function value 4.0105730e+03; maximum gradient component mag -5.6199e+01
Var    Value     Gradient |Var    Value     Gradient |Var    Value     Gradient
  1  0.12819  4.67068e+01 |  2 -0.12819  4.75100e+00 |  3 -0.21635 -5.61991e+01

 - final statistics:
3 variables; iteration 6; function evaluation 12
Function value 4.0020e+03; maximum gradient component mag -4.2506e+00
Exit code = 1;  converg criter 1.0000e+01
Var    Value     Gradient |Var    Value     Gradient |Var    Value     Gradient
  1  0.05742  2.15121e+00 |  2 -0.20034  1.27634e-02 |  3  0.04452 -4.25061e+00

Initial statistics: 13 variables; iteration 0; function evaluation 0; phase 2
Function value 4.0020406e+03; maximum gradient component mag 8.9179e+02
Var    Value     Gradient |Var    Value     Gradient |Var    Value     Gradient
  1 -0.26966 -3.39794e+02 |  2  0.00000 -2.87816e+02 |  3 -0.26198 -5.16280e+02
  4 -0.03352 -1.08174e+02 |  5  0.18446  2.34541e+02 |  6 -0.04247 -2.82366e+02
  7  0.33333  8.91787e+02 |  8 -0.53989  3.72674e+01 |  9  0.00000 -1.25870e+02
 10 -0.21635 -1.80515e+01 | 11  0.05742  2.15121e+00 | 12 -0.20034  1.27634e-02
 13  0.04452 -4.25061e+00 |

Intermediate statistics: 13 variables; iteration 20; function evaluation 28; phase 2
Function value 3.6233399e+03; maximum gradient component mag 2.7621e+01
Var    Value     Gradient |Var    Value     Gradient |Var    Value     Gradient
  1 -0.21746  2.68903e+01 |  2  0.09096  6.93890e+00 |  3 -0.08155  4.38040e+00
  4 -0.02352  1.53050e+01 |  5 -0.48374  2.76511e+00 |  6  0.12767  6.89297e+00
  7  0.14704  2.76210e+01 |  8 -0.31675  5.28683e+00 |  9  0.26011  6.00849e+00
 10 -0.22857  4.92866e+00 | 11  0.58229 -5.18187e+00 | 12 -0.15654  6.34565e-01
 13  0.13849  1.57566e+00 |

 - final statistics:
13 variables; iteration 24; function evaluation 32
Function value 3.6225e+03; maximum gradient component mag 8.4684e+00
Exit code = 1;  converg criter 1.0000e+01
Var    Value     Gradient |Var    Value     Gradient |Var    Value     Gradient
  1 -0.21298  8.46840e+00 |  2  0.08989 -2.21243e+00 |  3 -0.08039 -3.94853e+00
  4 -0.03038 -1.83756e+00 |  5 -0.48066 -2.05526e+00 |  6  0.12350  2.19460e+00
  7  0.14717 -5.74190e+00 |  8 -0.32374 -2.05260e+00 |  9  0.26892  1.49949e+00
 10 -0.25137  1.26520e+00 | 11  0.95805 -2.87068e-01 | 12 -0.16194 -9.91760e-02
 13  0.10073 -4.32554e-01 |

Initial statistics: 48 variables; iteration 0; function evaluation 0; phase 3
Function value 3.6224744e+03; maximum gradient component mag 1.5898e+03
Var    Value     Gradient |Var    Value     Gradient |Var    Value     Gradient
  1 -0.21298  8.46840e+00 |  2  0.08989 -2.21243e+00 |  3 -0.08039 -3.94853e+00
  4 -0.03038 -1.83756e+00 |  5 -0.48066 -2.05526e+00 |  6  0.12350  2.19460e+00
  7  0.14717 -5.74190e+00 |  8 -0.32374 -2.05260e+00 |  9  0.26892  1.49949e+00
 10 -0.25137  1.26520e+00 | 11  0.95805 -2.87068e-01 | 12 -0.16194 -9.91760e-02
 13  0.10073 -4.32554e-01 | 14 -0.10028 -7.32917e+01 | 15 -0.45481  3.15209e+01
 16 -0.10028  6.50726e+01 | 17 -0.45481 -3.97687e+01 | 18 -0.01633  4.49756e-01
 19 -0.11760 -3.18639e+02 | 20 -0.33425  1.31482e+02 | 21 -0.11760 -4.85615e+01
 22 -0.33425  2.08710e+01 | 23 -0.11760 -2.88479e+02 | 24 -0.33425  1.24648e+02
 25 -0.11760 -5.66583e+02 | 26 -0.33425  3.29009e+01 | 27 -0.10723 -6.84056e+02
 28  0.02302  1.58981e+03 | 29 -0.31415 -1.11784e+03 | 30  0.53959  1.79922e+01
 31 -0.62714  3.93543e-03 | 32  0.00000  6.17891e+02 | 33 -0.21635 -3.65121e+02
 34  0.16024  9.40936e+01 | 35 -0.11760  2.03736e+00 | 36 -0.10723 -1.86226e+02
 37 -0.10723 -7.99744e+01 | 38 -0.10028 -6.82325e+01 | 39 -0.10028 -7.76259e+02
 40 -0.45481  2.87790e+01 | 41 -0.45481  2.22062e+02 | 42 -0.24768 -4.37640e+02
 43 -0.10028 -3.64858e+01 | 44 -0.45481  1.72202e+01 | 45 -0.11760 -6.09274e+02
 46 -0.33425  3.08173e+02 | 47  0.02302  2.71191e+02 | 48 -0.31415 -1.82222e+02

Intermediate statistics: 48 variables; iteration 20; function evaluation 31; phase 3
Function value 3.1074149e+03; maximum gradient component mag 2.6249e+02
Var    Value     Gradient |Var    Value     Gradient |Var    Value     Gradient
  1 -0.00143  1.71892e+02 |  2  0.03076 -5.33027e+01 |  3 -0.11928 -2.16399e+01
  4 -0.02220  1.49500e+01 |  5 -0.42641  2.00406e+01 |  6 -0.15202 -1.50721e+01
  7  0.07236  6.01872e+01 |  8  0.02566  4.15674e+01 |  9 -0.09405 -6.51028e-02
 10  0.09952  7.08496e+00 | 11  0.94875 -3.12647e-01 | 12 -0.16650  9.59106e-03
 13  0.10859  3.67797e-02 | 14  0.25193 -5.44373e+01 | 15 -0.33705  6.91133e+01
 16 -0.19410  1.83974e+00 | 17 -0.47746  1.75800e+00 | 18 -0.02229  1.22447e-01
 19  0.36844 -4.47978e+01 | 20 -0.11698  2.19281e+02 | 21  0.15187 -1.73561e+01
 22 -0.21179  1.61151e+01 | 23  0.26681 -1.31804e+02 | 24 -0.17634  2.30247e+02
 25  0.33585 -8.97779e+01 | 26 -0.07064  2.62488e+02 | 27 -0.40423 -1.26704e+01
 28 -0.29892 -9.81167e+01 | 29 -0.68485  2.69878e+00 | 30  0.51363 -8.80990e+00
 31 -0.62705 -7.22688e-03 | 32  0.06123 -6.39519e+01 | 33  0.11162  3.66145e+01
 34 -0.28373 -1.61213e+01 | 35  0.39377 -4.17337e+00 | 36  0.07106  3.70720e+01
 37  0.28557  3.07527e-03 | 38  0.30010 -6.32568e+01 | 39  0.15823 -9.71530e+01
 40 -0.38868  5.90360e+01 | 41 -0.30393  2.10138e+02 | 42 -0.32658 -2.75149e+00
 43  0.28346 -6.46574e-01 | 44 -0.31417 -1.11452e+01 | 45  0.00491 -1.94681e+02
 46 -0.27606  1.46309e+02 | 47  0.13380 -1.37388e+01 | 48 -0.13295  1.73517e+01
48 variables; iteration 40; function evaluation 52; phase 3
Function value 3.0964029e+03; maximum gradient component mag 1.3522e+02
Var    Value     Gradient |Var    Value     Gradient |Var    Value     Gradient
  1  0.00678  1.19179e+02 |  2  0.04241 -6.58083e+00 |  3 -0.11746  1.51143e+01
  4 -0.04542 -2.67099e+01 |  5 -0.43396 -5.39565e+00 |  6 -0.15228  1.43441e+01
  7  0.06556  4.21867e+01 |  8  0.02966  3.52187e+01 |  9 -0.06430  5.78021e+00
 10  0.09653 -2.15825e+00 | 11  0.77062 -1.09418e-01 | 12 -0.16761  8.72130e-03
 13  0.10882  5.33788e-02 | 14  0.26848 -4.38505e+01 | 15 -0.33448  5.93608e+01
 16 -0.29075 -1.43793e+01 | 17 -0.91111  3.72416e-01 | 18 -0.11240  2.29404e-01
 19  0.35265 -7.47993e+00 | 20 -0.13197  9.01228e+01 | 21  0.14504 -1.05986e+01
 22 -0.22631  4.27578e+00 | 23  0.29520 -4.68817e+01 | 24 -0.17808  1.00939e+02
 25  0.28805 -7.43154e+01 | 26 -0.09574  1.35218e+02 | 27 -0.29263 -1.18208e+01
 28 -0.26912 -6.62026e+00 | 29 -0.66145 -1.38711e+01 | 30  0.51201 -6.04165e+00
 31 -0.62472 -6.52177e-03 | 32  0.16624  1.08486e+01 | 33  0.16814  1.50780e+01
 34 -0.75207 -2.17530e+00 | 35  0.34839 -2.53250e+00 | 36  0.05781  2.32064e+01
 37 -0.08214  1.42802e-01 | 38  0.31550 -4.85004e+01 | 39  0.13988 -3.68164e+01
 40 -0.39079  4.23519e+01 | 41 -0.32754  6.66154e+01 | 42 -0.30363 -3.04636e-01
 43  0.36635 -3.47885e+00 | 44 -0.27343  1.18089e+01 | 45  0.01630 -1.33024e+02
 46 -0.26975  1.04257e+02 | 47  0.13792 -3.96246e+00 | 48 -0.13853  1.81720e+00
48 variables; iteration 60; function evaluation 80; phase 3
Function value 3.0744885e+03; maximum gradient component mag -2.3211e+01
Var    Value     Gradient |Var    Value     Gradient |Var    Value     Gradient
  1 -0.10792  1.01873e+01 |  2  0.03409  2.64970e+00 |  3 -0.12484  2.88724e+00
  4 -0.03187  2.90820e+00 |  5 -0.44361 -1.69389e+00 |  6 -0.11467 -1.57154e+00
  7  0.06700  3.76795e+00 |  8  0.03376  1.39245e+00 |  9 -0.08262  1.52830e+00
 10  0.09829 -1.70927e+00 | 11  0.10878 -2.65883e+00 | 12 -0.21955 -5.96118e-01
 13  0.10679  1.47673e-01 | 14  0.33696  1.71692e+00 | 15 -0.32511 -3.19397e+00
 16 -0.25569 -1.04552e+00 | 17 -0.68534  1.83816e-01 | 18  0.12758  2.26186e-02
 19  0.29753  2.79725e+00 | 20 -0.15485  9.41585e-01 | 21  0.36822  2.05867e+00
 22 -0.10898  4.21957e+00 | 23  0.31403 -1.98869e+01 | 24 -0.18899  1.86622e+01
 25  0.40934 -1.16243e+01 | 26 -0.07070  1.63400e+01 | 27 -0.51585 -5.94372e+00
 28 -0.24617  2.30520e+01 | 29 -0.54760 -1.85357e+01 | 30  1.02417 -1.60458e-01
 31 -0.51419  2.11555e-03 | 32  0.01990 -8.65484e-01 | 33  0.02194 -7.41910e+00
 34 -0.16387 -4.92376e+00 | 35  0.21011 -1.90214e+00 | 36  0.04101  3.61806e+00
 37 -0.25160 -1.08614e+00 | 38  0.55208  6.42210e+00 | 39  0.16603 -2.32111e+01
 40 -0.31966 -1.78319e+01 | 41 -0.32330  1.27612e+01 | 42 -0.29249 -8.08851e+00
 43  0.47331 -8.40430e-01 | 44 -0.25887  3.09463e+00 | 45  0.07801  2.58670e+00
 46 -0.22528 -2.75925e+00 | 47  0.20692  7.72778e+00 | 48 -0.09242 -7.09616e+00
Maximum number of function evaluations exceeded

 - final statistics:
48 variables; iteration 80; function evaluation 100
Function value 3.0702e+03; maximum gradient component mag -1.8021e+01
Exit code = 3;  converg criter 1.0000e+00
Var    Value     Gradient |Var    Value     Gradient |Var    Value     Gradient
  1 -0.14227 -1.80207e+01 |  2  0.03067 -1.75599e+00 |  3 -0.11828 -1.11603e+00
  4 -0.03553 -7.44257e-01 |  5 -0.44519 -7.77166e-01 |  6 -0.08565 -2.92212e+00
  7  0.07161 -2.46357e+00 |  8  0.01880 -4.58938e-01 |  9 -0.07726 -2.78940e-01
 10  0.09796 -2.54453e-01 | 11  0.06036  9.89931e+00 | 12 -0.22698 -2.85812e-02
 13  0.10228 -3.36983e-02 | 14  0.33974  1.61696e+00 | 15 -0.32187 -1.88672e+00
 16 -0.28031 -2.34869e+00 | 17 -1.08629 -1.34767e-02 | 18  0.24112  6.07566e-03
 19  0.28532  6.57888e-02 | 20 -0.15714 -7.54537e-01 | 21  0.20019 -7.27553e-01
 22 -0.17889  3.32007e+00 | 23  0.33996  1.75014e+00 | 24 -0.17888 -3.49473e+00
 25  0.44222 -5.26863e-01 | 26 -0.06176 -4.93418e-01 | 27 -0.51644 -3.38456e+00
 28 -0.17743  9.66996e+00 | 29 -0.35998 -4.85768e+00 | 30  1.63366 -2.25927e-01
 31 -0.42360 -7.24134e-03 | 32  0.01417  5.02229e+00 | 33  0.02513 -3.48521e+00
 34 -0.14094  2.93668e-01 | 35  0.18785  1.68123e-01 | 36  0.04144  4.00808e+00
 37 -0.22270  5.53698e-01 | 38  0.53566  2.01294e+00 | 39  0.17258  4.12869e+00
 40 -0.31804 -4.75822e-01 | 41 -0.31943 -4.60191e+00 | 42 -0.24737  1.28013e-01
 43  0.57656 -5.90856e-01 | 44 -0.23967  4.19123e+00 | 45  0.06219 -1.48096e+01
 46 -0.23597  8.60505e-01 | 47  0.15137  5.22791e+00 | 48 -0.12318 -5.68248e+00

Initial statistics: 138 variables; iteration 0; function evaluation 0; phase 4
Function value 3.0702101e+03; maximum gradient component mag -8.3516e+02
Var    Value     Gradient |Var    Value     Gradient |Var    Value     Gradient
  1 -0.14227 -1.80207e+01 |  2  0.03067 -1.75599e+00 |  3 -0.11828 -1.11603e+00
  4 -0.03553 -7.44257e-01 |  5 -0.44519 -7.77166e-01 |  6 -0.08565 -2.92212e+00
  7  0.07161 -2.46357e+00 |  8  0.01880 -4.58938e-01 |  9 -0.07726 -2.78940e-01
 10  0.09796 -2.54453e-01 | 11  0.06036  9.89931e+00 | 12  0.00000 -7.59798e-01
 13  0.00000 -8.71665e-01 | 14  0.00000 -9.99024e-01 | 15  0.00000 -1.14357e+00
 16  0.00000 -1.30782e+00 | 17  0.00000 -1.49575e+00 | 18  0.00000 -1.71209e+00
 19  0.00000 -1.95991e+00 | 20  0.00000 -2.23999e+00 | 21  0.00000 -2.55533e+00
 22  0.00000 -2.90599e+00 | 23  0.00000 -3.29664e+00 | 24  0.00000 -3.73561e+00
 25  0.00000 -4.22785e+00 | 26  0.00000 -4.77369e+00 | 27  0.00000 -5.36844e+00
 28  0.00000 -6.01851e+00 | 29  0.00000 -6.72859e+00 | 30  0.00000 -7.50096e+00
 31  0.00000 -8.34195e+00 | 32  0.00000 -9.26841e+00 | 33  0.00000 -1.03228e+01
 34  0.00000 -1.15524e+01 | 35  0.00000 -1.29856e+01 | 36  0.00000 -1.44832e+01
 37  0.00000 -1.56314e+01 | 38  0.00000 -1.56127e+01 | 39  0.00000 -1.31758e+01
 40  0.00000 -8.99247e+00 | 41  0.00000 -5.15869e+00 | 42  0.00000 -4.71218e+00
 43  0.00000 -9.77519e+00 | 44  0.00000 -1.88520e+01 | 45  0.00000 -2.74926e+01
 46  0.00000 -3.62306e+01 | 47  0.00000 -4.20793e+01 | 48  0.00000 -3.20617e+01
 49  0.00000 -2.34988e+01 | 50  0.00000 -4.10047e+01 | 51  0.00000 -7.02923e+01
 52  0.00000 -9.22426e+01 | 53  0.00000  1.92717e+01 | 54  0.00000  1.30861e+02
 55  0.00000  1.18811e+02 | 56  0.00000  1.14763e+01 | 57  0.00000  1.51298e+02
 58  0.00000  2.96725e+02 | 59  0.00000  3.12264e+02 | 60  0.00000 -5.62537e+01
 61  0.00000 -5.49187e+02 | 62  0.00000 -2.46520e+01 | 63  0.00000  5.31976e+01
 64  0.00000  5.73907e+01 | 65  0.00000  1.34351e+00 | 66  0.00000 -9.00618e+00
 67  0.00000  5.35073e+01 | 68  0.00000  5.13986e+01 | 69  0.00000  9.16849e+01
 70  0.00000  2.39249e+01 | 71  0.00000  1.37463e+02 | 72  0.00000  1.52655e+02
 73  0.00000  2.20698e+02 | 74  0.00000  1.79544e+02 | 75  0.00000 -2.75989e+02
 76  0.00000 -8.35156e+02 | 77  0.00000 -1.17173e+02 | 78  0.00000  7.62621e+01
 79  0.00000  1.44298e+02 | 80  0.00000 -6.95301e+01 | 81  0.00000  1.95470e+02
 82  0.00000  2.91130e+02 | 83  0.00000  2.97558e+02 | 84  0.00000  1.58261e+02
 85  0.00000  1.26988e+02 | 86  0.00000 -1.75997e+02 | 87  0.00000 -2.74620e+02
 88  0.00000 -4.57229e+01 | 89  0.00000 -1.89805e+02 | 90  0.00000 -2.81137e+02
 91  0.00000 -4.45822e+01 | 92  0.00000 -1.05915e+02 | 93  0.00000  3.57434e+01
 94  0.00000  7.92378e+01 | 95  0.00000  1.45138e+02 | 96  0.00000  1.04802e+02
 97  0.00000  1.99167e+01 | 98  0.00000 -5.26747e+01 | 99  0.00000  3.54573e+01
100  0.00000 -5.76924e+00 |101  0.00000 -1.04203e+01 |102 -0.22698 -2.85812e-02
103  0.10228 -3.36983e-02 |104  0.33974  1.61696e+00 |105 -0.32187 -1.88672e+00
106 -0.28031 -2.34869e+00 |107 -0.91371  1.34767e-02 |108  0.24112  6.07566e-03
109  0.28532  6.57888e-02 |110 -0.15714 -7.54537e-01 |111  0.20019 -7.27553e-01
112 -0.17889  3.32007e+00 |113  0.33996  1.75014e+00 |114 -0.17888 -3.49473e+00
115  0.44222 -5.26863e-01 |116 -0.06176 -4.93418e-01 |117 -0.51644 -3.38456e+00
118 -0.17743  9.66996e+00 |119 -0.35998 -4.85768e+00 |120  0.36634  2.25927e-01
121 -0.42360 -7.24134e-03 |122  0.01417  5.02229e+00 |123  0.02513 -3.48521e+00
124 -0.14094  2.93668e-01 |125  0.18785  1.68123e-01 |126  0.04144  4.00808e+00
127 -0.22270  5.53698e-01 |128  0.53566  2.01294e+00 |129  0.17258  4.12869e+00
130 -0.31804 -4.75822e-01 |131 -0.31943 -4.60191e+00 |132 -0.24737  1.28013e-01
133  0.57656 -5.90856e-01 |134 -0.23967  4.19123e+00 |135  0.06219 -1.48096e+01
136 -0.23597  8.60505e-01 |137  0.15137  5.22791e+00 |138 -0.12318 -5.68248e+00

Intermediate statistics: 138 variables; iteration 20; function evaluation 27; phase 4
Function value 2.6128634e+03; maximum gradient component mag 3.6482e+02
Var    Value     Gradient |Var    Value     Gradient |Var    Value     Gradient
  1 -0.08553 -3.63734e+00 |  2 -0.00471  8.68039e+01 |  3 -0.07114  5.97052e+01
  4  0.01115  1.54967e+01 |  5 -0.39874  4.22667e+01 |  6 -0.10197 -2.11240e+01
  7  0.08524  3.64823e+02 |  8  0.01068  8.86751e+01 |  9 -0.08245  7.64022e+00
 10  0.06716  2.99335e+01 | 11  0.09035  1.34384e+01 | 12  0.00445  2.59940e-01
 13  0.00515  2.99464e-01 | 14  0.00595  3.44561e-01 | 15  0.00687  3.95863e-01
 16  0.00792  4.54499e-01 | 17  0.00915  5.22199e-01 | 18  0.01058  6.00873e-01
 19  0.01225  6.91252e-01 | 20  0.01417  7.93242e-01 | 21  0.01637  9.06872e-01
 22  0.01886  1.03302e+00 | 23  0.02171  1.17272e+00 | 24  0.02498  1.33024e+00
 25  0.02875  1.50697e+00 | 26  0.03302  1.70274e+00 | 27  0.03772  1.91653e+00
 28  0.04283  2.14817e+00 | 29  0.04823  2.39787e+00 | 30  0.05363  2.67449e+00
 31  0.05862  2.98461e+00 | 32  0.06279  3.33583e+00 | 33  0.06622  3.72260e+00
 34  0.06975  4.12722e+00 | 35  0.07501  4.51467e+00 | 36  0.08201  4.83307e+00
 37  0.08631  5.11432e+00 | 38  0.07837  5.54670e+00 | 39  0.05114  5.84960e+00
 40  0.01983  5.77506e+00 | 41 -0.00097  5.80379e+00 | 42 -0.00449  6.46370e+00
 43  0.01346  8.11543e+00 | 44  0.04819  1.08082e+01 | 45  0.06420  1.35948e+01
 46  0.06951  1.57658e+01 | 47  0.08558  1.61268e+01 | 48  0.02998  9.85826e+00
 49 -0.00035  4.69314e+00 | 50  0.03687  2.45516e+00 | 51  0.02214  8.64409e+00
 52  0.10297  1.66289e+01 | 53 -0.03883  5.65636e+00 | 54 -0.06056  1.13548e+00
 55 -0.07093 -4.32650e-01 | 56  0.05857 -1.13213e+01 | 57 -0.05466 -5.11833e+00
 58 -0.11544  7.10260e-02 | 59 -0.15783  4.81342e+00 | 60 -0.15987 -1.18952e+01
 61  0.15372 -1.36547e+02 | 62 -0.22597 -1.59929e+01 | 63  0.00532 -1.52368e+01
 64 -0.02049 -2.55021e+00 | 65  0.00536  5.92834e+00 | 66  0.01063  1.36571e+01
 67 -0.05435  7.48224e+00 | 68 -0.01068 -3.22108e-01 | 69 -0.12963 -2.11183e+00
 70  0.00922  8.16825e-01 | 71 -0.10861  6.44043e+00 | 72 -0.05261  7.24927e+00
 73 -0.11119  7.62173e+00 | 74 -0.09776  8.38708e-01 | 75 -0.21665 -2.21644e+01
 76  0.25359 -1.55095e+02 | 77 -0.22896 -1.48563e+01 | 78  0.01498  6.68607e+00
 79 -0.03859  6.55201e+00 | 80  0.07961  5.20362e+01 | 81 -0.09307  7.06808e+00
 82 -0.18999  7.38511e+00 | 83 -0.20916  5.30696e+00 | 84 -0.04922  9.71842e+00
 85 -0.05794 -4.43836e+00 | 86  0.07465 -3.06863e+01 | 87  0.13195  4.93454e+01
 88  0.00422  1.34593e+00 | 89  0.09581  6.15915e+00 | 90  0.18322  9.68384e+01
 91 -0.03302 -4.24475e+00 | 92  0.08363 -1.05094e+01 | 93 -0.02265 -9.64875e+00
 94 -0.04113 -9.99926e+00 | 95 -0.15350 -3.86591e+00 | 96 -0.08130 -3.05561e+00
 97  0.00372  1.12977e+00 | 98  0.04255 -2.10661e+00 | 99 -0.07664 -4.85410e+00
100  0.01980 -1.06018e+00 |101  0.07837  1.09535e+00 |102 -0.24861  2.44599e+00
103 -0.04463  4.18546e+00 |104  0.37066 -9.40085e-02 |105 -0.30645 -2.75045e-01
106 -0.27422 -7.49976e-01 |107 -0.91224 -8.14928e-02 |108  0.24103  4.90886e-03
109  0.28755 -1.70779e+01 |110 -0.16239  2.61340e+01 |111  0.22469 -1.88463e+00
112 -0.17072 -8.27653e-01 |113  0.26155  8.38068e+01 |114 -0.22645 -1.96030e+02
115  0.34881  7.89775e+00 |116 -0.07544 -1.97382e+01 |117 -0.41161 -9.37055e+00
118 -0.18028 -5.38325e+00 |119 -0.36827  3.60551e+00 |120  0.31556  2.12865e-01
121 -0.42342 -2.41265e-02 |122  0.01693  1.95407e+01 |123  0.00933 -3.04333e+00
124 -0.14226  6.02752e+00 |125  0.16518  3.77290e+00 |126  0.02821 -1.14116e+01
127 -0.18421 -1.00010e+00 |128  0.50196  9.26422e-01 |129  0.13549 -1.77434e+02
130 -0.31876  4.38729e+00 |131 -0.29994  2.83473e+02 |132 -0.23572 -8.87510e+00
133  0.56151  2.21820e+00 |134 -0.23260 -8.38388e+00 |135  0.03310 -9.09913e+01
136 -0.24328  1.13490e+02 |137  0.10678  2.42823e+01 |138 -0.16341 -2.27473e+01
138 variables; iteration 40; function evaluation 47; phase 4
Function value 2.6058566e+03; maximum gradient component mag 2.4325e+02
Var    Value     Gradient |Var    Value     Gradient |Var    Value     Gradient
  1 -0.06960  3.26465e+01 |  2 -0.02554  4.67258e+01 |  3 -0.05608  3.55634e+01
  4 -0.00177  3.39975e+00 |  5 -0.38514  3.40965e+01 |  6 -0.10985 -1.46177e+01
  7  0.08402  2.43247e+02 |  8  0.00310  6.39843e+01 |  9 -0.07221  8.62196e-01
 10  0.05011  1.65496e+01 | 11  0.10521  1.08504e-01 | 12  0.00465  2.55127e-01
 13  0.00537  2.92976e-01 | 14  0.00621  3.35981e-01 | 15  0.00716  3.84677e-01
 16  0.00826  4.40102e-01 | 17  0.00954  5.03885e-01 | 18  0.01104  5.77800e-01
 19  0.01279  6.62382e-01 | 20  0.01481  7.57155e-01 | 21  0.01712  8.61806e-01
 22  0.01974  9.76188e-01 | 23  0.02273  1.10045e+00 | 24  0.02618  1.23737e+00
 25  0.03014  1.38629e+00 | 26  0.03461  1.54441e+00 | 27  0.03952  1.70770e+00
 28  0.04483  1.87559e+00 | 29  0.05047  2.05011e+00 | 30  0.05619  2.24665e+00
 31  0.06166  2.48805e+00 | 32  0.06665  2.80901e+00 | 33  0.07153  3.23769e+00
 34  0.07721  3.75644e+00 | 35  0.08494  4.24639e+00 | 36  0.09447  4.52991e+00
 37  0.10144  4.59286e+00 | 38  0.09118  4.55794e+00 | 39  0.05707  4.35574e+00
 40  0.01560  3.23490e+00 | 41 -0.00744  2.73967e+00 | 42 -0.00879  3.20756e+00
 43  0.01255  4.27425e+00 | 44  0.05316  5.41450e+00 | 45  0.06513  5.99923e+00
 46  0.06420  6.36695e+00 | 47  0.08970  5.76434e+00 | 48  0.02574  3.71019e+00
 49 -0.00153  1.85902e+00 | 50  0.04333  1.68714e+00 | 51  0.01632  6.32191e+00
 52  0.10384  1.59317e+01 | 53 -0.03857  7.98671e+00 | 54 -0.05084  7.07562e+00
 55 -0.07106 -8.18497e-01 | 56  0.05375 -2.44261e+01 | 57 -0.04928 -2.55241e+00
 58 -0.11014  4.34226e+00 | 59 -0.15949  4.87100e+00 | 60 -0.16006 -1.25076e+01
 61  0.15432 -1.20634e+02 | 62 -0.22735 -1.48182e+01 | 63  0.01412  9.74729e+00
 64 -0.01813  4.75542e+00 | 65  0.00285 -5.06239e+00 | 66  0.00748 -8.09122e-01
 67 -0.05310  7.91944e+00 | 68 -0.00219  1.58428e+01 | 69 -0.12388  8.48127e-01
 70  0.00738 -9.14875e+00 | 71 -0.11130  1.42744e+00 | 72 -0.04915  5.20726e+00
 73 -0.10190  1.08152e+01 | 74 -0.08915  5.70111e+00 | 75 -0.20131 -2.04803e+01
 76  0.26206 -1.05911e+02 | 77 -0.23395 -1.56735e+01 | 78  0.01225 -4.57412e+00
 79 -0.03333  4.39505e+00 | 80  0.07953  3.24007e+01 | 81 -0.09359  2.22095e+00
 82 -0.19058  5.94464e+00 | 83 -0.20600  6.03248e+00 | 84 -0.04625  1.05330e+01
 85 -0.05299 -2.52425e+00 | 86  0.08492 -1.11568e+01 | 87  0.12997  2.42845e+01
 88  0.00790 -1.34191e-01 | 89  0.10522  1.21989e+01 | 90  0.18596  8.46471e+01
 91 -0.02394 -1.99027e+00 | 92  0.08865 -7.95063e+00 | 93 -0.01575 -4.94569e+00
 94 -0.03269 -4.18549e+00 | 95 -0.13977  3.95063e-02 | 96 -0.07741 -1.48326e+00
 97  0.00381 -1.71145e+00 | 98  0.04675 -1.19506e+00 | 99 -0.06926 -3.35751e+00
100  0.03254  1.63823e+00 |101  0.06393 -2.95951e+00 |102 -0.27647 -8.21435e-01
103 -0.07878  1.58239e+00 |104  0.40109  1.48850e+00 |105 -0.29823 -1.52600e+00
106 -0.27186 -5.86334e-01 |107 -0.88241 -1.05064e-01 |108  0.23942  4.58338e-03
109  0.29790 -1.11059e+01 |110 -0.16083  1.83337e+01 |111  0.40326 -1.87498e+00
112 -0.10205  4.91328e+00 |113  0.28655  7.87779e+01 |114 -0.21193 -1.79129e+02
115  0.29958  1.80804e-01 |116 -0.08939  1.08672e+01 |117  0.09072  5.92604e-02
118 -0.17632 -3.64822e+00 |119 -0.36061  4.70449e+00 |120  0.33163  2.52153e+00
121 -0.41580 -1.29757e-02 |122  0.01413  1.14343e+01 |123  0.00509 -2.33303e+00
124 -0.14031  3.52744e+00 |125  0.08086 -1.69954e+00 |126  0.00867 -1.06381e+00
127  0.07703  1.53294e+00 |128  0.52092 -3.59743e+00 |129  0.13469 -1.40275e+02
130 -0.31057  1.98760e+01 |131 -0.31072  2.12001e+02 |132 -0.22273 -6.88262e+00
133  0.23467 -1.10199e+01 |134 -0.33033  3.75214e-01 |135  0.03111 -7.84924e+01
136 -0.25025  8.44800e+01 |137  0.10791  6.67147e-01 |138 -0.15443  3.89735e+00
138 variables; iteration 60; function evaluation 70; phase 4
Function value 2.5943449e+03; maximum gradient component mag -8.4819e+01
Var    Value     Gradient |Var    Value     Gradient |Var    Value     Gradient
  1 -0.14729  1.69919e+01 |  2  0.00411  1.61274e+01 |  3 -0.07886 -6.73848e-01
  4  0.00980 -2.05998e+00 |  5 -0.41063  1.76624e+01 |  6 -0.05279  5.17946e+00
  7  0.07285  1.50226e+01 |  8  0.00424 -5.53222e+00 |  9 -0.07355 -3.00649e+00
 10  0.07748  9.83429e+00 | 11 -0.01142 -1.26127e+01 | 12  0.00391  1.95252e-02
 13  0.00448  2.21251e-02 | 14  0.00514  2.51114e-02 | 15  0.00589  2.85383e-02
 16  0.00674  3.25079e-02 | 17  0.00772  3.71899e-02 | 18  0.00888  4.28594e-02
 19  0.01023  4.97394e-02 | 20  0.01180  5.78882e-02 | 21  0.01361  6.71494e-02
 22  0.01566  7.74120e-02 | 23  0.01800  8.86382e-02 | 24  0.02071  1.00812e-01
 25  0.02383  1.13409e-01 | 26  0.02738  1.25613e-01 | 27  0.03125  1.36501e-01
 28  0.03542  1.46439e-01 | 29  0.03976  1.57936e-01 | 30  0.04378  1.71985e-01
 31  0.04672  1.85373e-01 | 32  0.04785  1.93469e-01 | 33  0.04790  2.11848e-01
 34  0.04895  2.64696e-01 | 35  0.05422  3.60055e-01 | 36  0.06742  5.35775e-01
 37  0.08496  7.29795e-01 | 38  0.06805  7.54226e-01 | 39  0.02916  7.02066e-01
 40 -0.00001  9.08321e-01 | 41 -0.01554  1.39202e+00 | 42 -0.01996  1.40345e+00
 43 -0.00227  1.60439e+00 | 44  0.04486  2.23622e+00 | 45  0.05808  1.99013e+00
 46  0.04695  1.53621e+00 | 47  0.09209  1.87310e+00 | 48  0.01835  2.57909e+00
 49  0.00131  3.99170e+00 | 50  0.04915  3.81217e+00 | 51  0.01372  3.40532e-01
 52  0.09891 -1.27128e+01 | 53 -0.03110  8.79981e-01 | 54 -0.05127  1.16470e+00
 55 -0.07259 -9.76436e-01 | 56  0.06599  7.69686e-01 | 57 -0.04542  3.42349e+00
 58 -0.10121  7.34609e+00 | 59 -0.15137  7.40278e+00 | 60 -0.14313 -7.76398e+00
 61  0.16072 -8.48185e+01 | 62 -0.17940 -8.15077e+00 | 63  0.01025 -2.63650e+00
 64 -0.01599  9.03495e-01 | 65  0.01223  6.88013e+00 | 66  0.01542  6.35680e+00
 67 -0.05116  4.76234e+00 | 68 -0.00648  5.56416e+00 | 69 -0.11886  2.64777e+00
 70  0.00730 -1.35714e+00 | 71 -0.11321  1.67215e+00 | 72 -0.05699  1.12365e+00
 73 -0.10942  7.41026e+00 | 74 -0.09698  1.50294e+00 | 75 -0.20785 -2.03818e+01
 76  0.27012 -1.02864e+01 | 77 -0.21682 -1.27837e+01 | 78  0.02410  9.97151e+00
 79 -0.03714 -6.54601e-01 | 80  0.07184  1.98447e+00 | 81 -0.09160  3.78679e+00
 82 -0.19403  4.83975e+00 | 83 -0.20734  7.85462e+00 | 84 -0.05631  2.28840e+00
 85 -0.05784  2.63503e-01 | 86  0.08662  5.74910e+00 | 87  0.11835 -6.08977e+00
 88  0.00691 -1.89888e-01 | 89  0.10920  1.18166e+01 | 90  0.16144  3.69022e+00
 91 -0.02131 -2.99529e+00 | 92  0.08641 -9.79965e+00 | 93 -0.00985 -1.17611e+00
 94 -0.02989  1.00437e+00 | 95 -0.12130  6.77609e+00 | 96 -0.07486  2.37919e+00
 97  0.00945  3.93830e+00 | 98  0.05013 -1.51599e+00 | 99 -0.06121 -2.23725e+00
100  0.04957  6.11702e+00 |101  0.05274 -6.47846e+00 |102 -0.26698  1.00815e+00
103 -0.09270  2.14590e-01 |104  0.37777 -2.05553e+00 |105 -0.30057  7.21272e+00
106 -0.26585  1.61388e-01 |107 -0.78085 -1.43857e-01 |108  0.23410  6.67538e-03
109  0.28120  1.83475e+01 |110 -0.16650 -3.96913e+01 |111  0.26634 -9.28004e+00
112 -0.12570  2.38757e+01 |113  0.32103  2.56721e+01 |114 -0.18442 -5.33036e+01
115  0.26275 -1.04902e+01 |116 -0.09774  2.86735e+01 |117 -0.07182  5.14333e-01
118 -0.17839  2.89228e+00 |119 -0.36619  7.28374e-01 |120  0.29083  8.26605e-01
121 -0.38880 -4.85120e-02 |122  0.00519  3.24031e+00 |123  0.00276 -9.39824e-01
124 -0.13142  1.90014e+00 |125  0.04626 -4.99604e+00 |126  0.00262 -5.13939e+00
127 -0.10153 -2.48838e+00 |128  0.44479 -4.14070e+00 |129  0.14624  7.24610e+00
130 -0.33758  8.44037e+00 |131 -0.32571 -1.24122e+01 |132 -0.20574  1.17334e+00
133  0.33910 -2.15154e+00 |134 -0.28498  2.52635e+00 |135  0.03155 -1.31214e+01
136 -0.25435  1.77486e+01 |137  0.09211  6.13168e+00 |138 -0.17002 -6.20100e+00
138 variables; iteration 80; function evaluation 92; phase 4
Function value 2.5923756e+03; maximum gradient component mag -2.5036e+01
Var    Value     Gradient |Var    Value     Gradient |Var    Value     Gradient
  1 -0.15241 -2.07046e+01 |  2 -0.00400 -3.27797e+00 |  3 -0.07163  6.08436e-01
  4  0.01639  4.77460e+00 |  5 -0.41810 -5.65239e+00 |  6 -0.04991 -1.49499e-01
  7  0.07240 -2.50363e+01 |  8  0.00455 -6.88235e+00 |  9 -0.06635 -1.38254e+00
 10  0.06840 -3.48327e+00 | 11 -0.02506  1.43262e+01 | 12  0.00376 -1.13630e-02
 13  0.00431 -1.29841e-02 | 14  0.00494 -1.48880e-02 | 15  0.00565 -1.71312e-02
 16  0.00646 -1.97675e-02 | 17  0.00739 -2.28801e-02 | 18  0.00847 -2.65350e-02
 19  0.00974 -3.07129e-02 | 20  0.01120 -3.51825e-02 | 21  0.01288 -3.98834e-02
 22  0.01480 -4.40923e-02 | 23  0.01700 -4.70037e-02 | 24  0.01959 -4.67846e-02
 25  0.02267 -4.10008e-02 | 26  0.02629 -2.66672e-02 | 27  0.03042 -2.29507e-03
 28  0.03502  3.11474e-02 | 29  0.03987  6.86602e-02 | 30  0.04432  1.03307e-01
 31  0.04763  1.34679e-01 | 32  0.04925  1.70462e-01 | 33  0.05009  2.32940e-01
 34  0.05184  3.20312e-01 | 35  0.05594  3.46936e-01 | 36  0.06722  4.17219e-01
 37  0.07917  4.34578e-01 | 38  0.07102  6.90092e-01 | 39  0.03234  7.73174e-01
 40  0.00080  8.47399e-01 | 41 -0.01737  1.03282e+00 | 42 -0.02029  1.19566e+00
 43 -0.00214  1.41332e+00 | 44  0.04862  2.17974e+00 | 45  0.05935  1.59175e+00
 46  0.04747  9.31381e-01 | 47  0.09537  3.93457e-01 | 48  0.02037  1.24528e+00
 49 -0.00094  1.72842e+00 | 50  0.05482  7.71803e-01 | 51 -0.00399 -7.56062e-01
 52  0.11407  1.38621e+00 | 53 -0.04567 -4.20401e-01 | 54 -0.05270 -3.57378e-02
 55 -0.05838  4.25396e+00 | 56  0.06977  9.78684e+00 | 57 -0.04394  5.30788e+00
 58 -0.09259  1.19899e+01 | 59 -0.14676  9.26036e+00 | 60 -0.15135 -6.96095e+00
 61  0.16976 -3.74417e-01 | 62 -0.18095 -6.50933e+00 | 63  0.01232  2.12279e+00
 64 -0.01143  2.33360e+00 | 65  0.01224  5.84001e-01 | 66  0.01598 -2.34356e-01
 67 -0.05322  4.34608e-01 | 68 -0.00564  1.51507e+00 | 69 -0.12104  1.31256e+00
 70  0.00786 -1.25091e+00 | 71 -0.10980  3.72541e+00 | 72 -0.05512  3.11487e+00
 73 -0.11627  5.60145e+00 | 74 -0.09437  5.16487e+00 | 75 -0.17155 -1.63362e+01
 76  0.26800  9.52945e-01 | 77 -0.20329 -1.07734e+01 | 78  0.01498  2.00972e-01
 79 -0.03291  5.39511e+00 | 80  0.06869 -3.79194e+00 | 81 -0.08947  6.84568e+00
 82 -0.19216  6.21820e+00 | 83 -0.21356  5.95237e+00 | 84 -0.05892  1.80644e+00
 85 -0.05758  3.07163e+00 | 86  0.08322 -1.34898e-01 | 87  0.11600 -9.35224e+00
 88  0.00531 -1.04814e+00 | 89  0.10123 -3.50531e+00 | 90  0.15793 -7.11079e+00
 91 -0.01898 -1.03503e+00 | 92  0.08866 -2.09202e+00 | 93 -0.01230 -1.18079e+00
 94 -0.02881  1.99134e+00 | 95 -0.13387  2.41138e+00 | 96 -0.07979 -9.19639e-01
 97  0.00717  5.16048e-01 | 98  0.04995 -1.40263e+00 | 99 -0.05421  1.78412e+00
100  0.02834 -8.38269e-01 |101  0.06793 -2.49595e+00 |102 -0.27510  1.35436e-01
103 -0.09581  4.29802e-01 |104  0.37280 -6.73374e-01 |105 -0.30342  2.60254e+00
106 -0.23904  5.68186e+00 |107 -0.64082 -7.94856e-01 |108  0.22382  7.49850e-03
109  0.27401  2.88340e-02 |110 -0.16658 -5.36400e+00 |111  0.32529  1.06536e+00
112 -0.11841  1.21721e+00 |113  0.31830 -6.48697e-01 |114 -0.18091  1.22244e-01
115  0.27153  1.19218e+00 |116 -0.09643  1.42217e+00 |117 -0.05294  4.83165e-01
118 -0.18215  3.17677e-01 |119 -0.37086  1.52544e+00 |120  0.29645  3.59249e+00
121 -0.28988 -1.28513e-01 |122  0.00635  7.99595e-01 |123  0.00486 -7.42670e-01
124 -0.13814  1.28395e-01 |125  0.08329  2.11965e+00 |126  0.01605 -4.17607e+00
127 -0.12641  7.73301e-01 |128  0.46911 -2.68378e-01 |129  0.14523  1.37604e+01
130 -0.33137  1.80162e+00 |131 -0.32600 -2.33585e+01 |132 -0.22106  4.46004e-01
133  0.36794 -1.82293e+00 |134 -0.27348  5.76142e+00 |135  0.02947  7.56583e+00
136 -0.25811 -7.16826e+00 |137  0.09479  5.95564e-01 |138 -0.16542  4.74978e-01
Maximum number of function evaluations exceeded

 - final statistics:
138 variables; iteration 87; function evaluation 100
Function value 2.5922e+03; maximum gradient component mag -2.7601e+01
Exit code = 3;  converg criter 1.0000e+00
Var    Value     Gradient |Var    Value     Gradient |Var    Value     Gradient
  1 -0.15706 -2.38594e+01 |  2 -0.00507 -1.31308e+00 |  3 -0.06833  3.32721e+00
  4  0.01391  2.13622e+00 |  5 -0.41752 -7.32351e+00 |  6 -0.04627 -4.75057e-01
  7  0.07249 -2.76010e+01 |  8  0.00495 -4.35283e+00 |  9 -0.06515 -2.93850e+00
 10  0.06710 -5.38828e+00 | 11 -0.03113  1.71843e+01 | 12  0.00461  6.93573e-02
 13  0.00529  8.00564e-02 | 14  0.00607  9.24801e-02 | 15  0.00696  1.06863e-01
 16  0.00797  1.23491e-01 | 17  0.00914  1.42799e-01 | 18  0.01052  1.65310e-01
 19  0.01213  1.91262e-01 | 20  0.01398  2.20095e-01 | 21  0.01610  2.51137e-01
 22  0.01846  2.82264e-01 | 23  0.02109  3.11085e-01 | 24  0.02401  3.33375e-01
 25  0.02718  3.42954e-01 | 26  0.03050  3.32331e-01 | 27  0.03376  2.97950e-01
 28  0.03692  2.43001e-01 | 29  0.03994  1.80899e-01 | 30  0.04272  1.35694e-01
 31  0.04495  1.24355e-01 | 32  0.04628  1.56411e-01 | 33  0.04674  2.10464e-01
 34  0.04783  2.86657e-01 | 35  0.05503  5.14906e-01 | 36  0.06718  7.02670e-01
 37  0.08704  1.02595e+00 | 38  0.06736  9.12171e-01 | 39  0.03008  8.46467e-01
 40 -0.00133  7.68599e-01 | 41 -0.01937  8.37203e-01 | 42 -0.01870  1.28053e+00
 43  0.00241  1.56108e+00 | 44  0.03395  6.05041e-01 | 45  0.06129  1.40576e+00
 46  0.04864  1.46205e+00 | 47  0.10117  1.70979e+00 | 48  0.01436  7.91591e-01
 49 -0.00193  1.13860e+00 | 50  0.05495  4.13941e-01 | 51 -0.00321 -1.32461e-01
 52  0.11563  4.70605e+00 | 53 -0.04784 -1.50429e-01 | 54 -0.04919  1.10210e+00
 55 -0.05968  4.05252e+00 | 56  0.07088  1.04784e+01 | 57 -0.04379  4.76078e+00
 58 -0.09371  1.07548e+01 | 59 -0.14407  9.68980e+00 | 60 -0.15526 -8.03306e+00
 61  0.17093  6.00127e+00 | 62 -0.17392 -5.21405e+00 | 63  0.01205  7.29751e-01
 64 -0.01042  8.89512e-01 | 65  0.01159 -3.56436e+00 | 66  0.01554 -3.74606e+00
 67 -0.05273 -2.34395e-01 | 68 -0.00479  1.39428e+00 | 69 -0.12240  1.23921e+00
 70  0.01019  3.24822e+00 | 71 -0.10952  4.14247e+00 | 72 -0.05528  3.05331e+00
 73 -0.11321  6.64045e+00 | 74 -0.09614  4.79819e+00 | 75 -0.16020 -1.51171e+01
 76  0.26850  1.46809e-01 | 77 -0.20596 -1.12364e+01 | 78  0.01559 -2.42032e-02
 79 -0.03295  4.41957e+00 | 80  0.06918 -4.02237e+00 | 81 -0.08982  6.36624e+00
 82 -0.19302  5.76216e+00 | 83 -0.21081  6.83709e+00 | 84 -0.05925  1.43001e+00
 85 -0.05530  3.90601e+00 | 86  0.08311 -1.83390e+00 | 87  0.11716 -7.40206e+00
 88  0.00481 -2.03714e+00 | 89  0.10320 -1.89497e+00 | 90  0.15807 -8.53312e+00
 91 -0.02257 -3.60071e+00 | 92  0.08894 -3.67946e+00 | 93 -0.01078 -6.86486e-01
 94 -0.02829  1.93187e+00 | 95 -0.13489  2.27376e+00 | 96 -0.07393  1.52203e+00
 97  0.00798  1.31731e+00 | 98  0.05301  1.69425e+00 | 99 -0.05513  7.66866e-01
100  0.03444  6.20903e-01 |101  0.08161  1.61255e-01 |102 -0.28618 -1.05195e+00
103 -0.09282  8.62731e-01 |104  0.38464  6.82138e-01 |105 -0.29943  1.30531e+00
106 -0.24376  2.30381e+00 |107 -0.64718 -2.91119e-01 |108  0.22138  7.83360e-03
109  0.27500 -1.93881e+00 |110 -0.16521  1.48548e+00 |111  0.29105 -1.92878e-01
112 -0.12924  4.13231e+00 |113  0.31935 -2.83946e+00 |114 -0.17960  6.39274e+00
115  0.26841  4.52203e-01 |116 -0.09714  2.52596e+00 |117 -0.05260  5.06244e-01
118 -0.18225 -2.16939e-01 |119 -0.37140  1.41030e+00 |120  0.28875  2.42180e+00
121 -0.24282 -4.14933e-01 |122  0.00730  8.65070e-01 |123  0.00439 -1.98325e+00
124 -0.14269 -7.26489e-01 |125  0.07598  9.14200e-01 |126  0.01569  2.72691e-02
127 -0.11899  1.23595e+00 |128  0.49998  1.20695e+00 |129  0.14410  9.05122e+00
130 -0.32136  7.19792e-01 |131 -0.32516 -1.24573e+01 |132 -0.20700  1.28170e+00
133  0.38863 -2.20089e+00 |134 -0.26541  9.28949e+00 |135  0.02792  6.88801e+00
136 -0.25941 -7.39775e+00 |137  0.09237 -2.15089e-01 |138 -0.16670  1.34031e+00

Initial statistics: 139 variables; iteration 0; function evaluation 0; phase 5
Function value 2.5921865e+03; maximum gradient component mag -2.7601e+01
Var    Value     Gradient |Var    Value     Gradient |Var    Value     Gradient
  1 -0.15706 -2.38594e+01 |  2 -0.00507 -1.31308e+00 |  3 -0.06833  3.32721e+00
  4  0.01391  2.13622e+00 |  5 -0.41752 -7.32351e+00 |  6 -0.04627 -4.75057e-01
  7  0.07249 -2.76010e+01 |  8  0.00495 -4.35283e+00 |  9 -0.06515 -2.93850e+00
 10  0.06710 -5.38828e+00 | 11 -0.03113  1.71843e+01 | 12  0.19448  2.55914e+00
 13  0.00461  6.93573e-02 | 14  0.00529  8.00564e-02 | 15  0.00607  9.24801e-02
 16  0.00696  1.06863e-01 | 17  0.00797  1.23491e-01 | 18  0.00914  1.42799e-01
 19  0.01052  1.65310e-01 | 20  0.01213  1.91262e-01 | 21  0.01398  2.20095e-01
 22  0.01610  2.51137e-01 | 23  0.01846  2.82264e-01 | 24  0.02109  3.11085e-01
 25  0.02401  3.33375e-01 | 26  0.02718  3.42954e-01 | 27  0.03050  3.32331e-01
 28  0.03376  2.97950e-01 | 29  0.03692  2.43001e-01 | 30  0.03994  1.80899e-01
 31  0.04272  1.35694e-01 | 32  0.04495  1.24355e-01 | 33  0.04628  1.56411e-01
 34  0.04674  2.10464e-01 | 35  0.04783  2.86657e-01 | 36  0.05503  5.14906e-01
 37  0.06718  7.02670e-01 | 38  0.08704  1.02595e+00 | 39  0.06736  9.12171e-01
 40  0.03008  8.46467e-01 | 41 -0.00133  7.68599e-01 | 42 -0.01937  8.37203e-01
 43 -0.01870  1.28053e+00 | 44  0.00241  1.56108e+00 | 45  0.03395  6.05041e-01
 46  0.06129  1.40576e+00 | 47  0.04864  1.46205e+00 | 48  0.10117  1.70979e+00
 49  0.01436  7.91591e-01 | 50 -0.00193  1.13860e+00 | 51  0.05495  4.13941e-01
 52 -0.00321 -1.32461e-01 | 53  0.11563  4.70605e+00 | 54 -0.04784 -1.50429e-01
 55 -0.04919  1.10210e+00 | 56 -0.05968  4.05252e+00 | 57  0.07088  1.04784e+01
 58 -0.04379  4.76078e+00 | 59 -0.09371  1.07548e+01 | 60 -0.14407  9.68980e+00
 61 -0.15526 -8.03306e+00 | 62  0.17093  6.00127e+00 | 63 -0.17392 -5.21405e+00
 64  0.01205  7.29751e-01 | 65 -0.01042  8.89512e-01 | 66  0.01159 -3.56436e+00
 67  0.01554 -3.74606e+00 | 68 -0.05273 -2.34395e-01 | 69 -0.00479  1.39428e+00
 70 -0.12240  1.23921e+00 | 71  0.01019  3.24822e+00 | 72 -0.10952  4.14247e+00
 73 -0.05528  3.05331e+00 | 74 -0.11321  6.64045e+00 | 75 -0.09614  4.79819e+00
 76 -0.16020 -1.51171e+01 | 77  0.26850  1.46809e-01 | 78 -0.20596 -1.12364e+01
 79  0.01559 -2.42032e-02 | 80 -0.03295  4.41957e+00 | 81  0.06918 -4.02237e+00
 82 -0.08982  6.36624e+00 | 83 -0.19302  5.76216e+00 | 84 -0.21081  6.83709e+00
 85 -0.05925  1.43001e+00 | 86 -0.05530  3.90601e+00 | 87  0.08311 -1.83390e+00
 88  0.11716 -7.40206e+00 | 89  0.00481 -2.03714e+00 | 90  0.10320 -1.89497e+00
 91  0.15807 -8.53312e+00 | 92 -0.02257 -3.60071e+00 | 93  0.08894 -3.67946e+00
 94 -0.01078 -6.86486e-01 | 95 -0.02829  1.93187e+00 | 96 -0.13489  2.27376e+00
 97 -0.07393  1.52203e+00 | 98  0.00798  1.31731e+00 | 99  0.05301  1.69425e+00
100 -0.05513  7.66866e-01 |101  0.03444  6.20903e-01 |102  0.08161  1.61255e-01
103 -0.28618 -1.05195e+00 |104 -0.09282  8.62731e-01 |105  0.38464  6.82138e-01
106 -0.29943  1.30531e+00 |107 -0.24376  2.30381e+00 |108 -0.64718 -2.91119e-01
109  0.22138  7.83360e-03 |110  0.27500 -1.93881e+00 |111 -0.16521  1.48548e+00
112  0.29105 -1.92878e-01 |113 -0.12924  4.13231e+00 |114  0.31935 -2.83946e+00
115 -0.17960  6.39274e+00 |116  0.26841  4.52203e-01 |117 -0.09714  2.52596e+00
118 -0.05260  5.06244e-01 |119 -0.18225 -2.16939e-01 |120 -0.37140  1.41030e+00
121  0.28875  2.42180e+00 |122 -0.24282 -4.14933e-01 |123  0.00730  8.65070e-01
124  0.00439 -1.98325e+00 |125 -0.14269 -7.26489e-01 |126  0.07598  9.14200e-01
127  0.01569  2.72691e-02 |128 -0.11899  1.23595e+00 |129  0.49998  1.20695e+00
130  0.14410  9.05122e+00 |131 -0.32136  7.19792e-01 |132 -0.32516 -1.24573e+01
133 -0.20700  1.28170e+00 |134  0.38863 -2.20089e+00 |135 -0.26541  9.28949e+00
136  0.02792  6.88801e+00 |137 -0.25941 -7.39775e+00 |138  0.09237 -2.15089e-01
139 -0.16670  1.34031e+00 |

Intermediate statistics: 139 variables; iteration 20; function evaluation 23; phase 5
Function value 2.5904454e+03; maximum gradient component mag -1.9405e+01
Var    Value     Gradient |Var    Value     Gradient |Var    Value     Gradient
  1 -0.15750 -1.36117e+01 |  2 -0.00545 -1.69284e+00 |  3 -0.06673  5.65973e+00
  4  0.01045  7.27301e-01 |  5 -0.41557 -7.71260e+00 |  6 -0.04562 -1.53895e-01
  7  0.07347 -1.78042e+01 |  8  0.00339 -7.48939e-02 |  9 -0.06406 -2.21388e+00
 10  0.06289 -5.79814e+00 | 11 -0.01759  1.41112e+01 | 12  0.12472  3.24817e+00
 13  0.00379 -2.99787e-02 | 14  0.00433 -3.23815e-02 | 15  0.00494 -3.48967e-02
 16  0.00563 -3.74822e-02 | 17  0.00641 -4.00902e-02 | 18  0.00730 -4.26657e-02
 19  0.00834 -4.51470e-02 | 20  0.00956 -4.73753e-02 | 21  0.01095 -4.90857e-02
 22  0.01255 -4.98845e-02 | 23  0.01437 -4.90863e-02 | 24  0.01644 -4.59662e-02
 25  0.01885 -3.99262e-02 | 26  0.02165 -3.00146e-02 | 27  0.02485 -1.54978e-02
 28  0.02836  3.62974e-03 | 29  0.03212  2.64650e-02 | 30  0.03596  5.21612e-02
 31  0.03945  8.02547e-02 | 32  0.04203  1.10976e-01 | 33  0.04329  1.43338e-01
 34  0.04370  1.74051e-01 | 35  0.04486  2.06874e-01 | 36  0.05005  2.75632e-01
 37  0.06167  3.83019e-01 | 38  0.07970  6.04848e-01 | 39  0.06373  5.38417e-01
 40  0.02622  4.57640e-01 | 41 -0.00496  4.08408e-01 | 42 -0.02394  3.74802e-01
 43 -0.02726  3.30517e-01 | 44 -0.00906  3.03790e-01 | 45  0.03687  2.62997e-01
 46  0.05408 -7.34811e-02 | 47  0.03887 -6.52212e-01 | 48  0.09456 -1.87307e+00
 49  0.01068 -1.11527e+00 | 50 -0.01083 -1.00928e+00 | 51  0.04652 -1.39570e+00
 52 -0.00090  6.50576e-01 | 53  0.10861  6.27712e+00 | 54 -0.04708  9.75391e-01
 55 -0.05446  5.44060e-01 | 56 -0.06627  1.39220e+00 | 57  0.06389  3.15005e+00
 58 -0.04398  6.49921e+00 | 59 -0.09865  1.05129e+01 | 60 -0.15694  6.93042e+00
 61 -0.14020 -2.99894e+00 | 62  0.16683  1.79225e+01 | 63 -0.15728 -1.02737e+00
 64  0.00784 -3.38706e-01 | 65 -0.01244 -1.28286e+00 | 66  0.00935 -6.79900e+00
 67  0.01289 -7.52078e+00 | 68 -0.05508 -1.64925e+00 | 69 -0.00547  1.27253e+00
 70 -0.12462  9.17386e-01 | 71  0.01105  5.00198e+00 | 72 -0.11176  3.36455e+00
 73 -0.05199  4.55816e+00 | 74 -0.11413  5.16812e+00 | 75 -0.11302  7.87269e-01
 76 -0.07814 -9.32962e-01 | 77  0.27069 -5.07457e+00 | 78 -0.14196 -4.81353e-01
 79  0.01776  5.05738e-01 | 80 -0.02963  5.59486e+00 | 81  0.06828 -5.12137e+00
 82 -0.09132  6.67185e+00 | 83 -0.20045  3.54677e+00 | 84 -0.22035  4.46103e+00
 85 -0.06228  2.42219e+00 | 86 -0.05894  3.03702e+00 | 87  0.07857 -5.11194e+00
 88  0.11328 -9.97052e+00 | 89  0.00225 -1.92598e+00 | 90  0.09970 -3.87781e+00
 91  0.15376 -1.38330e+01 | 92 -0.02117 -1.36555e+00 | 93  0.08555 -3.36863e+00
 94 -0.01228  1.04561e+00 | 95 -0.03140  2.47932e+00 | 96 -0.14075  1.50091e+00
 97 -0.07771  1.80550e+00 | 98  0.00470  2.65184e+00 | 99  0.04915  3.13169e+00
100 -0.06014  3.36483e-01 |101  0.03075  1.84302e-01 |102  0.07921 -1.63404e-01
103 -0.27866 -7.06194e-02 |104 -0.11125 -6.41706e-01 |105  0.37139 -1.55432e+00
106 -0.30315  4.79849e+00 |107 -0.24625  1.25277e+00 |108 -0.65127 -8.42240e-02
109  0.22117  7.90099e-03 |110  0.27613 -2.00352e+00 |111 -0.16468  2.96311e+00
112  0.26377 -1.02134e+00 |113 -0.14048  4.91855e+00 |114  0.31965 -6.39575e+00
115 -0.17863  1.47060e+01 |116  0.26694 -2.17885e+00 |117 -0.09720  8.52227e+00
118 -0.06422  4.56934e-01 |119 -0.18418 -8.65257e+00 |120 -0.37266  4.04170e+00
121  0.28259  1.30231e-01 |122 -0.22272 -9.01920e-01 |123  0.00713  3.37105e+00
124  0.00396 -2.45140e+00 |125 -0.13955  3.94550e-01 |126  0.07763  6.59760e-01
127  0.01645  5.58053e-01 |128 -0.12309  8.02401e-01 |129  0.47233 -4.75305e-02
130  0.14733  1.50258e+01 |131 -0.33005  1.70708e+00 |132 -0.32361 -1.94054e+01
133 -0.21738  1.25627e+00 |134  0.37807 -4.22125e+00 |135 -0.26580  1.49708e+01
136  0.02735 -3.45852e+00 |137 -0.25908  2.63382e+00 |138  0.08373 -3.07743e+00
139 -0.17289  3.56548e+00 |
139 variables; iteration 40; function evaluation 46; phase 5
Function value 2.5897394e+03; maximum gradient component mag -4.6220e+01
Var    Value     Gradient |Var    Value     Gradient |Var    Value     Gradient
  1 -0.15086  4.49600e+01 |  2 -0.00123  9.96288e-01 |  3 -0.07010  6.75467e+00
  4  0.01162  1.88955e+00 |  5 -0.41679 -7.02127e+00 |  6 -0.04743  6.71669e+00
  7  0.07511 -7.32114e+00 |  8 -0.00233  8.33963e-01 |  9 -0.05794 -4.49245e-01
 10  0.05724 -4.33832e+00 | 11 -0.00318 -3.64504e+01 | 12 -0.16309 -7.35471e+00
 13  0.00756  4.05501e-02 | 14  0.00826  4.27460e-02 | 15  0.00903  4.47183e-02
 16  0.00987  4.62949e-02 | 17  0.01078  4.72797e-02 | 18  0.01177  4.74139e-02
 19  0.01289  4.63684e-02 | 20  0.01412  4.37027e-02 | 21  0.01548  3.90526e-02
 22  0.01696  3.18956e-02 | 23  0.01850  2.19998e-02 | 24  0.02011  9.27101e-03
 25  0.02193 -5.05944e-03 | 26  0.02400 -1.89135e-02 | 27  0.02635 -2.84046e-02
 28  0.02893 -2.94468e-02 | 29  0.03174 -1.94159e-02 | 30  0.03461 -1.14387e-03
 31  0.03710  1.45425e-02 | 32  0.03869  1.77679e-02 | 33  0.03927  4.80850e-03
 34  0.04004 -3.90981e-05 | 35  0.04268  1.10293e-02 | 36  0.04740 -8.58125e-02
 37  0.05970 -1.34419e-01 | 38  0.07101 -3.50627e-01 | 39  0.06961 -1.11374e-01
 40  0.02733 -1.24058e-01 | 41 -0.00580 -1.60449e-01 | 42 -0.02618 -2.61676e-01
 43 -0.03103 -4.77129e-01 | 44 -0.01591 -9.17578e-01 | 45  0.04277 -6.52833e-01
 46  0.04290 -2.05406e+00 | 47  0.03249 -2.32842e+00 | 48  0.09424 -4.10934e+00
 49  0.00899 -2.47372e+00 | 50 -0.01466 -3.36785e+00 | 51  0.04060 -7.23904e+00
 52 -0.00123 -3.09247e+00 | 53  0.10528 -3.26958e+00 | 54 -0.04624 -6.05005e-01
 55 -0.05550 -1.20340e+00 | 56 -0.06696 -1.46085e+00 | 57  0.06124 -1.16282e+01
 58 -0.04399  1.71126e+00 | 59 -0.10001  7.50511e+00 | 60 -0.15140  6.84476e+00
 61 -0.14151 -6.19699e+00 | 62  0.16949 -3.69851e+01 | 63 -0.15079 -2.58581e+00
 64  0.01737 -5.90189e+00 | 65  0.00154 -4.23128e+00 | 66  0.01998 -1.56295e+01
 67  0.02482 -1.73994e+01 | 68 -0.04095 -4.66071e+00 | 69  0.01195 -3.87240e-01
 70 -0.10703  1.68869e+00 | 71  0.03400  8.08430e+00 | 72 -0.09330  2.60159e+00
 73 -0.03212  2.31514e+00 | 74 -0.08960  6.53831e+00 | 75 -0.08874  1.68553e+00
 76 -0.05592 -1.27337e+00 | 77  0.30180 -4.62196e+01 | 78 -0.12249 -9.66668e-01
 79  0.05090  3.93309e+00 | 80 -0.00821  5.13975e+00 | 81  0.08823  8.75521e+00
 82 -0.08155  7.13122e+00 | 83 -0.19592  2.82778e+00 | 84 -0.21653  4.66654e+00
 85 -0.06108  1.14922e+00 | 86 -0.05280  7.53308e+00 | 87  0.08600  9.45914e+00
 88  0.11692 -9.43939e+00 | 89  0.00909  8.41914e-01 | 90  0.10472 -2.66439e-01
 91  0.16343  2.59232e+00 | 92 -0.01961 -2.07747e+00 | 93  0.08737 -2.96613e+00
 94 -0.01362 -8.16461e-01 | 95 -0.03435  1.33249e+00 | 96 -0.14446  1.49067e+00
 97 -0.08109  2.95732e+00 | 98 -0.00138  3.27400e+00 | 99  0.04364  1.60827e+00
100 -0.06318 -9.67654e-02 |101  0.02433 -1.35570e+00 |102  0.07667 -3.47024e-01
103 -0.28199  1.67133e-01 |104 -0.11182 -9.36160e-01 |105  0.36590 -1.62255e+00
106 -0.30576  3.28678e+00 |107 -0.24947  2.64984e+00 |108 -0.68202 -4.05172e-01
109  0.21959  7.91366e-03 |110  0.27715 -9.71753e+00 |111 -0.16343  1.79020e+01
112  0.20195 -4.30816e+00 |113 -0.17071  6.06066e+00 |114  0.31570 -4.58113e+00
115 -0.18056  8.57300e+00 |116  0.26363 -5.31521e+00 |117 -0.09835  1.21665e+01
118 -0.13724 -4.17689e-01 |119 -0.17245  2.28744e+01 |120 -0.36573 -7.37255e+00
121  0.19033  7.28475e+00 |122 -0.07409  3.23484e+00 |123  0.00481 -8.67287e-01
124  0.00280 -4.15936e-01 |125 -0.13763 -4.09382e-01 |126  0.08167 -2.11111e+00
127  0.01789  6.39848e+00 |128 -0.12532 -5.45897e-02 |129  0.44805 -2.27388e+00
130  0.14773  9.60405e+00 |131 -0.33768  4.01410e+00 |132 -0.32342 -1.52890e+01
133 -0.23507 -1.41723e-01 |134  0.35984 -4.46248e+00 |135 -0.27220  1.31935e+01
136  0.02363  6.18951e+00 |137 -0.26285 -6.76245e+00 |138  0.07782  3.14079e+00
139 -0.18065 -3.65318e+00 |
139 variables; iteration 60; function evaluation 67; phase 5
Function value 2.5888282e+03; maximum gradient component mag 2.8323e+01
Var    Value     Gradient |Var    Value     Gradient |Var    Value     Gradient
  1 -0.15548  1.15603e+01 |  2 -0.00400  8.09001e+00 |  3 -0.06888  4.55202e+00
  4  0.00686  1.07778e+00 |  5 -0.41074  3.97137e+00 |  6 -0.04734  1.91220e-01
  7  0.07627  1.34076e+01 |  8 -0.00320  3.37454e+00 |  9 -0.05566  8.40098e-01
 10  0.05785  1.62976e+00 | 11 -0.01084 -1.30653e+01 | 12 -0.14658 -2.75498e+00
 13  0.00775  1.19907e-01 | 14  0.00851  1.31649e-01 | 15  0.00935  1.44567e-01
 16  0.01026  1.58659e-01 | 17  0.01126  1.73982e-01 | 18  0.01238  1.90719e-01
 19  0.01363  2.09187e-01 | 20  0.01505  2.29359e-01 | 21  0.01662  2.50616e-01
 22  0.01834  2.72064e-01 | 23  0.02016  2.91963e-01 | 24  0.02207  3.08556e-01
 25  0.02413  3.19985e-01 | 26  0.02632  3.22418e-01 | 27  0.02853  3.11134e-01
 28  0.03057  2.83608e-01 | 29  0.03239  2.42317e-01 | 30  0.03398  1.95359e-01
 31  0.03526  1.56146e-01 | 32  0.03609  1.33835e-01 | 33  0.03658  1.35314e-01
 34  0.03751  1.62689e-01 | 35  0.04032  2.20533e-01 | 36  0.04708  2.90917e-01
 37  0.05910  3.33228e-01 | 38  0.07090  2.77193e-01 | 39  0.06274  3.75919e-01
 40  0.02531  3.39602e-01 | 41 -0.00702  2.54863e-01 | 42 -0.02671  1.83835e-01
 43 -0.02964  1.92469e-01 | 44 -0.01216  5.29835e-02 | 45  0.03306 -4.36395e-02
 46  0.04584 -2.67154e-01 | 47  0.03910  1.98538e-01 | 48  0.09300  1.05389e+00
 49  0.01058  1.06831e+00 | 50 -0.01198  1.07965e+00 | 51  0.04663  1.71564e+00
 52  0.00026  4.70259e-01 | 53  0.10351 -2.00811e+00 | 54 -0.04464  2.55151e-02
 55 -0.05341  2.13506e-01 | 56 -0.06954 -4.83298e-01 | 57  0.06368 -3.76996e+00
 58 -0.04338 -9.78198e-01 | 59 -0.11305 -3.30323e+00 | 60 -0.16951 -1.32379e+00
 61 -0.12311 -1.69338e+00 | 62  0.17005 -1.96170e+01 | 63 -0.14026  2.91285e-01
 64  0.01684 -3.25049e+00 | 65  0.00153  1.78164e+00 | 66  0.02458  1.49048e+00
 67  0.02655 -2.92432e+00 | 68 -0.04257 -1.65974e+00 | 69  0.00836 -2.40839e+00
 70 -0.11086 -4.73116e-01 | 71  0.02792 -3.22836e+00 | 72 -0.10072 -1.09358e+00
 73 -0.03314 -1.46733e-01 | 74 -0.10365  4.21171e-01 | 75 -0.09446 -1.16347e+00
 76 -0.04655  1.31196e+00 | 77  0.30477 -1.37061e+01 | 78 -0.11512  6.01983e-01
 79  0.04947  2.72394e-01 | 80 -0.01310 -1.13981e+00 | 81  0.08741  3.44568e+00
 82 -0.08970  3.19367e-02 | 83 -0.20605 -1.35558e+00 | 84 -0.22907 -1.97012e-01
 85 -0.06234 -1.77404e+00 | 86 -0.05961 -2.44357e-01 | 87  0.08498  4.28776e+00
 88  0.12187  7.13078e+00 | 89  0.01016  1.93243e+00 | 90  0.10741  5.02649e+00
 91  0.16608  1.12884e+01 | 92 -0.01611  6.04090e-01 | 93  0.09170  3.53756e+00
 94 -0.00939  1.83738e+00 | 95 -0.03488  3.96188e-01 | 96 -0.14753 -3.07533e-01
 97 -0.08238 -2.05410e-01 | 98 -0.00424 -2.17870e+00 | 99  0.04052 -3.12983e+00
100 -0.06573 -1.01337e+00 |101  0.02507 -1.10182e+00 |102  0.07454 -6.35204e-01
103 -0.28735 -4.46360e-01 |104 -0.09974  9.08001e-01 |105  0.37765  6.49135e-01
106 -0.30293 -6.92578e-01 |107 -0.27189  1.36256e+00 |108 -0.86083 -1.83975e-01
109  0.20846  9.37924e-03 |110  0.28084 -2.34254e+00 |111 -0.16323  5.00692e+00
112  0.20309  3.13885e-01 |113 -0.17692 -2.44717e+00 |114  0.31958  2.77686e+00
115 -0.18050 -6.32742e+00 |116  0.26448 -5.22700e-01 |117 -0.09838 -9.70118e-01
118 -0.11996 -8.64661e-02 |119 -0.17294  2.83225e+01 |120 -0.37148 -1.06566e+01
121  0.14199  8.71157e+00 |122 -0.05859  5.98871e+00 |123  0.00511 -1.97158e+00
124  0.00540  9.59975e-01 |125 -0.13916 -5.41015e-01 |126  0.07736 -2.79953e-02
127  0.01555 -1.56728e-02 |128 -0.12280  1.60360e-03 |129  0.48429  6.80880e-01
130  0.14562 -5.69795e+00 |131 -0.32615  1.22903e+00 |132 -0.32224  7.35230e+00
133 -0.22059 -2.11428e-01 |134  0.35980  1.51991e+00 |135 -0.28059 -5.27367e+00
136  0.02380  3.05667e+00 |137 -0.26211 -3.30430e+00 |138  0.07912  2.57236e+00
139 -0.17962 -3.22440e+00 |
139 variables; iteration 80; function evaluation 88; phase 5
Function value 2.5881646e+03; maximum gradient component mag 3.6127e+01
Var    Value     Gradient |Var    Value     Gradient |Var    Value     Gradient
  1 -0.16418  3.61266e+01 |  2 -0.00492  6.26201e+00 |  3 -0.06636  2.08717e-01
  4  0.00567  4.01591e-02 |  5 -0.41307  9.33446e-01 |  6 -0.03664  1.42932e+01
  7  0.08264  1.13890e+01 |  8 -0.02135 -1.82058e+00 |  9 -0.04624  1.53345e+00
 10  0.04256  2.50315e+00 | 11 -0.00261 -3.49646e+01 | 12 -0.21675 -3.81079e+00
 13  0.00680 -3.06395e-02 | 14  0.00737 -3.42761e-02 | 15  0.00799 -3.84889e-02
 16  0.00866 -4.33569e-02 | 17  0.00938 -4.89938e-02 | 18  0.01016 -5.56560e-02
 19  0.01103 -6.37706e-02 | 20  0.01199 -7.36801e-02 | 21  0.01303 -8.53526e-02
 22  0.01416 -9.89889e-02 | 23  0.01531 -1.14564e-01 | 24  0.01648 -1.32734e-01
 25  0.01775 -1.53127e-01 | 26  0.01919 -1.71899e-01 | 27  0.02090 -1.78671e-01
 28  0.02296 -1.59221e-01 | 29  0.02553 -1.04304e-01 | 30  0.02839 -2.44593e-02
 31  0.03086  4.46874e-02 | 32  0.03222  6.43831e-02 | 33  0.03233  1.52941e-02
 34  0.03218 -9.83313e-02 | 35  0.03252 -3.09921e-01 | 36  0.03536 -6.00332e-01
 37  0.04690 -7.16334e-01 | 38  0.06155 -8.32085e-01 | 39  0.06038 -6.06695e-01
 40  0.01574 -8.63555e-01 | 41 -0.01361 -6.40562e-01 | 42 -0.03301 -6.02638e-01
 43 -0.03664 -6.05714e-01 | 44 -0.01986 -7.17996e-01 | 45  0.02848 -4.57185e-01
 46  0.04801 -5.36876e-01 | 47  0.02163 -1.59966e+00 | 48  0.09010 -1.97157e+00
 49  0.00283 -1.96433e+00 | 50 -0.01838 -3.09709e+00 | 51  0.03654 -7.59723e+00
 52 -0.00869 -5.30824e+00 | 53  0.09881 -1.14619e+01 | 54 -0.05179 -2.93508e+00
 55 -0.05887 -2.52112e+00 | 56 -0.07421 -1.95138e+00 | 57  0.06107 -9.35098e+00
 58 -0.05451 -9.84574e+00 | 59 -0.12086 -8.48482e+00 | 60 -0.16623 -6.46313e-01
 61 -0.12285 -1.36683e+00 | 62  0.16884 -2.88091e+01 | 63 -0.15127 -2.60457e+00
 64  0.02081 -4.26682e+00 | 65 -0.00009 -4.66495e+00 | 66  0.02403 -1.77264e+00
 67  0.03533  9.22209e+00 | 68 -0.03763  2.56575e+00 | 69  0.01087 -1.87621e+00
 70 -0.10557  5.19731e-01 | 71  0.03534  1.96400e+00 | 72 -0.10085 -2.40564e+00
 73 -0.02723  1.44209e+00 | 74 -0.09418  3.28634e+00 | 75 -0.08010  2.75693e+00
 76 -0.04802  4.26906e-01 | 77  0.31527 -2.72636e+00 | 78 -0.10846  9.33098e-01
 79  0.05583 -1.66298e+00 | 80 -0.00878 -2.32831e+00 | 81  0.08770 -5.51268e+00
 82 -0.09295 -2.94352e+00 | 83 -0.21395 -3.75321e+00 | 84 -0.23690 -1.29037e+00
 85 -0.06558  6.86421e-01 | 86 -0.06195  2.76773e+00 | 87  0.08075  4.39012e+00
 88  0.11754  4.01348e+00 | 89  0.00288 -3.02885e+00 | 90  0.10263  3.71752e-01
 91  0.16235  5.07441e+00 | 92 -0.02356 -3.33765e+00 | 93  0.08759  2.11038e+00
 94 -0.01834 -2.71200e+00 | 95 -0.04153 -1.99950e+00 | 96 -0.14837  6.33555e-01
 97 -0.08850  3.31463e-01 | 98 -0.01672 -4.41344e+00 | 99  0.02880 -4.45064e+00
100 -0.07064  4.44191e-01 |101  0.02346 -4.56705e-01 |102  0.08162  1.06054e+00
103 -0.28462  2.82634e-01 |104 -0.11620 -5.52214e-01 |105  0.36506 -3.49840e+00
106 -0.30445  7.71385e+00 |107 -0.26984 -6.07493e-01 |108 -0.79912 -3.80478e-02
109  0.17685  1.50836e-02 |110  0.28501 -1.73872e+00 |111 -0.16007  9.06968e+00
112  0.23320  1.50301e-01 |113 -0.15714  1.40265e-01 |114  0.32043 -8.34607e-01
115 -0.17948  7.51716e-01 |116  0.26501 -8.94662e-01 |117 -0.09677  2.61391e+00
118 -0.11922 -3.49969e-02 |119 -0.16838  1.13862e+01 |120 -0.36465 -5.56751e+00
121  0.01618  9.92518e+00 |122 -0.03851  2.08037e+01 |123 -0.00441 -2.77071e+00
124  0.00048  3.35148e+00 |125 -0.11978  1.55887e+00 |126  0.02905 -3.58476e+00
127  0.00310  1.87108e+00 |128 -0.07665  1.12227e+00 |129  0.44557 -5.30995e-01
130  0.14355 -7.37228e+00 |131 -0.34079 -1.41803e+00 |132 -0.32267  1.05574e+01
133 -0.20142  4.63247e-01 |134  0.35306  1.86048e+00 |135 -0.28361 -7.20227e+00
136  0.02217  1.77766e+00 |137 -0.26217  1.32196e+00 |138  0.07302  2.93320e-01
139 -0.18127  8.33939e-01 |
139 variables; iteration 100; function evaluation 111; phase 5
Function value 2.5874399e+03; maximum gradient component mag -2.7100e+01
Var    Value     Gradient |Var    Value     Gradient |Var    Value     Gradient
  1 -0.17066 -2.70998e+01 |  2 -0.00808  3.65328e+00 |  3 -0.06679 -1.64581e+00
  4  0.00612  2.63603e-01 |  5 -0.41142  5.99714e-01 |  6 -0.03854  3.43894e+00
  7  0.08213  4.76048e+00 |  8 -0.01457 -6.73163e-01 |  9 -0.05635 -1.44440e-01
 10  0.04240  7.69247e-01 | 11 -0.01078  2.36781e+01 | 12 -0.21402  5.19551e+00
 13  0.00716  1.97326e-01 | 14  0.00770  2.07937e-01 | 15  0.00829  2.20047e-01
 16  0.00893  2.33822e-01 | 17  0.00965  2.49966e-01 | 18  0.01045  2.69436e-01
 19  0.01137  2.93376e-01 | 20  0.01243  3.22272e-01 | 21  0.01365  3.57608e-01
 22  0.01508  4.03043e-01 | 23  0.01672  4.60808e-01 | 24  0.01853  5.27877e-01
 25  0.02021  5.75411e-01 | 26  0.02112  5.55778e-01 | 27  0.02064  4.30149e-01
 28  0.01906  2.33275e-01 | 29  0.01802  9.05144e-02 | 30  0.01973  1.68890e-01
 31  0.02403  4.67492e-01 | 32  0.02851  8.18613e-01 | 33  0.03135  1.09277e+00
 34  0.03392  1.34491e+00 | 35  0.03209  1.20388e+00 | 36  0.02039  1.98471e-01
 37  0.04179  1.43385e+00 | 38  0.06888  2.97329e+00 | 39  0.06447  3.53566e+00
 40  0.01239  1.63241e+00 | 41 -0.01415  1.56594e+00 | 42 -0.03459  1.12336e+00
 43 -0.03911  8.95371e-01 | 44 -0.02341  8.80510e-01 | 45  0.01884  1.75471e+00
 46  0.04857  3.53237e+00 | 47  0.02064  2.01821e+00 | 48  0.09020  6.23078e+00
 49 -0.00053  2.07547e+00 | 50 -0.02110  1.40165e+00 | 51  0.04265  2.99414e+00
 52 -0.01090 -8.54769e-02 | 53  0.09727  3.14818e+00 | 54 -0.04036  5.01194e+00
 55 -0.05906  4.60605e+00 | 56 -0.06617  5.28057e+00 | 57  0.06103  3.14500e+00
 58 -0.05147 -2.20996e+00 | 59 -0.10894  1.09821e-01 | 60 -0.16688  1.54225e+00
 61 -0.12032  1.59921e+00 | 62  0.17144  1.48636e+01 | 63 -0.15405 -1.47989e+00
 64  0.02393  5.17464e+00 | 65  0.00102  3.17443e-01 | 66  0.02635  2.89178e+00
 67  0.03471  1.11217e+01 | 68 -0.03755  4.72103e+00 | 69  0.01392  4.53639e+00
 70 -0.11095  2.63145e-02 | 71  0.03646  5.04182e+00 | 72 -0.09876 -9.99446e-01
 73 -0.02515  2.77700e+00 | 74 -0.09817  1.19531e+00 | 75 -0.08421 -9.52560e-02
 76 -0.04689  3.27894e-01 | 77  0.31874  1.76070e+01 | 78 -0.10757  1.05059e+00
 79  0.05852 -1.13211e-01 | 80 -0.00597 -1.68958e+00 | 81  0.08946 -4.72124e+00
 82 -0.09168 -2.55606e+00 | 83 -0.20596 -6.27366e-01 | 84 -0.23166  4.59913e-02
 85 -0.06376  1.99762e+00 | 86 -0.06202  1.42588e+00 | 87  0.08014 -4.11961e-01
 88  0.11657 -2.03632e+00 | 89  0.00505 -2.00981e+00 | 90  0.10283 -2.79028e+00
 91  0.16080 -2.86267e+00 | 92 -0.01235  3.32203e+00 | 93  0.08914  4.21953e-02
 94 -0.02012 -5.43811e+00 | 95 -0.04330 -6.09812e+00 | 96 -0.15055 -1.33984e+00
 97 -0.08552 -3.11000e-01 | 98 -0.01247 -1.32967e+00 | 99  0.03011 -2.80195e+00
100 -0.06814  1.40695e+00 |101  0.01600 -2.59756e+00 |102  0.08208  1.26914e+00
103 -0.28971 -5.22366e-01 |104 -0.10632  2.31555e-01 |105  0.39382 -6.91462e-01
106 -0.29516  6.22178e+00 |107 -0.27675  1.16380e+00 |108 -0.96361 -9.62138e-02
109  0.11966  3.58287e-02 |110  0.28125  1.53989e+00 |111 -0.16264 -1.95859e+00
112  0.25041  1.83378e+00 |113 -0.15035 -2.26149e+00 |114  0.32576  8.40846e-02
115 -0.17770  1.82006e+00 |116  0.27734  2.64720e+00 |117 -0.09277  3.50573e-01
118 -0.11551  1.19560e-01 |119 -0.15080 -6.15108e+00 |120 -0.33355  2.96977e+00
121 -0.09553  3.60091e+00 |122 -0.03749  1.26355e+01 |123  0.00330 -1.04853e+00
124  0.00477 -3.13590e-01 |125 -0.14230 -1.58558e+00 |126  0.00679 -6.09828e+00
127 -0.00358 -1.76027e+00 |128 -0.06763 -6.43754e-01 |129  0.43719  5.12644e-03
130  0.14968  1.93139e+00 |131 -0.34626 -5.01222e+00 |132 -0.31971  1.51055e+00
133 -0.19367  1.34921e+00 |134  0.35888 -1.50647e-01 |135 -0.27936 -1.04427e+00
136  0.02700  1.80612e+00 |137 -0.25777  6.52856e-01 |138  0.07478 -5.49632e-01
139 -0.17969  1.30253e+00 |
139 variables; iteration 120; function evaluation 138; phase 5
Function value 2.5866491e+03; maximum gradient component mag 1.2964e+01
Var    Value     Gradient |Var    Value     Gradient |Var    Value     Gradient
  1 -0.16267 -1.94852e+00 |  2 -0.01012  3.74759e-02 |  3 -0.06668 -1.77559e+00
  4  0.00583  3.03794e-01 |  5 -0.41022 -6.65712e-02 |  6 -0.04977 -4.45527e-02
  7  0.08080  2.18018e+00 |  8 -0.01000  1.09358e+00 |  9 -0.05387  1.08662e+00
 10  0.04239  5.80284e-01 | 11  0.00717 -1.58964e+00 | 12 -0.24045 -4.08827e-01
 13  0.00402 -2.94382e-01 | 14  0.00449 -3.05446e-01 | 15  0.00507 -3.12672e-01
 16  0.00576 -3.14116e-01 | 17  0.00661 -3.08080e-01 | 18  0.00762 -2.93967e-01
 19  0.00882 -2.73293e-01 | 20  0.01016 -2.50229e-01 | 21  0.01158 -2.31078e-01
 22  0.01299 -2.21595e-01 | 23  0.01424 -2.29571e-01 | 24  0.01522 -2.62229e-01
 25  0.01580 -3.34467e-01 | 26  0.01603 -4.42171e-01 | 27  0.01622 -5.56955e-01
 28  0.01676 -6.40092e-01 | 29  0.01790 -6.72320e-01 | 30  0.01933 -6.66430e-01
 31  0.02030 -6.56508e-01 | 32  0.02071 -6.33629e-01 | 33  0.02133 -5.47637e-01
 34  0.02327 -3.69144e-01 | 35  0.02783 -8.96172e-02 | 36  0.03926  4.25738e-01
 37  0.05311  7.87148e-01 | 38  0.06105  8.19943e-01 | 39  0.06409  1.51833e+00
 40  0.00921  1.53928e-02 | 41 -0.02090 -2.53693e-01 | 42 -0.03349  3.17711e-01
 43 -0.04207 -4.24774e-01 | 44 -0.00849  1.06429e+00 | 45  0.01801 -1.00451e+00
 46  0.02727 -1.70708e+00 | 47  0.02719 -1.01863e+00 | 48  0.08508  3.37533e-01
 49 -0.01456 -6.50186e-01 | 50 -0.00062  3.35628e+00 | 51  0.02737 -1.11148e+00
 52 -0.01020 -8.00105e-01 | 53  0.09956  8.01124e-01 | 54 -0.06637 -2.94213e+00
 55 -0.05609  2.89614e-01 | 56 -0.07482  3.79586e-01 | 57  0.05873  2.74436e-01
 58 -0.05067 -2.43389e-01 | 59 -0.11119  7.62761e-02 | 60 -0.17179 -1.28340e-01
 61 -0.12547 -8.73800e-01 | 62  0.16902  1.34401e+00 | 63 -0.13703  2.14070e+00
 64  0.01903 -4.23102e-01 | 65  0.00316  3.36782e-01 | 66  0.02636 -4.96021e-02
 67  0.03089  2.74073e-01 | 68 -0.03906 -2.24804e-01 | 69  0.01158 -3.94055e-01
 70 -0.10000  2.17951e+00 | 71  0.03317 -8.46393e-01 | 72 -0.09023  1.18816e+00
 73 -0.02803 -5.49616e-01 | 74 -0.09588  7.71500e-01 | 75 -0.08382 -7.79625e-01
 76 -0.04627 -3.51509e-01 | 77  0.32061  3.87713e+00 | 78 -0.10748  5.84206e-01
 79  0.06068 -7.62629e-01 | 80 -0.00343 -5.07781e-01 | 81  0.09101 -1.27652e+00
 82 -0.08874  2.33623e-01 | 83 -0.20695 -1.05170e+00 | 84 -0.23271 -3.27117e-01
 85 -0.06561 -3.29251e-01 | 86 -0.06501 -1.10522e+00 | 87  0.08028 -2.92890e-01
 88  0.11660 -5.81773e-02 | 89  0.00621  8.99167e-02 | 90  0.10426  1.36789e+00
 91  0.16181  2.27170e+00 | 92 -0.01932 -5.88456e-01 | 93  0.08749  8.05213e-01
 94 -0.01393  7.90242e-01 | 95 -0.03718 -2.19394e-01 | 96 -0.15771 -2.33294e+00
 97 -0.08242  1.60623e+00 | 98 -0.01345 -1.47983e+00 | 99  0.03196 -1.46752e+00
100 -0.06637  1.10523e+00 |101  0.02493  5.42156e-02 |102  0.07879  6.54882e-01
103 -0.27444  1.06087e+00 |104 -0.10001  1.07134e+00 |105  0.37964  9.39094e-01
106 -0.30333 -1.92617e+00 |107 -0.27846 -4.59361e+00 |108 -0.97111 -4.91590e-02
109 -0.26995 -2.78219e-02 |110  0.28548  8.97333e-01 |111 -0.16189  1.40420e-01
112  0.22882 -1.79879e-03 |113 -0.16140 -3.03216e-01 |114  0.33180  2.36358e+00
115 -0.17559  1.33097e+00 |116  0.27682  7.09691e-01 |117 -0.09414 -2.93062e-01
118 -0.10463  8.47483e-03 |119 -0.14058  4.07471e+00 |120 -0.32508 -3.63454e+00
121 -0.15261  1.63739e-01 |122 -0.03473  1.29639e+01 |123  0.00069 -8.41022e-01
124  0.00163  3.05068e-02 |125 -0.13193 -2.80142e-01 |126  0.05885 -5.25134e-01
127  0.01179 -8.63348e-02 |128 -0.10351  7.20374e-01 |129  0.44440 -1.97453e+00
130  0.14992  9.14339e-01 |131 -0.34154  1.23797e+00 |132 -0.32032 -1.55364e+00
133 -0.20592  4.98849e-01 |134  0.42754  1.01226e-01 |135 -0.25816  2.43102e+00
136  0.02886  1.51845e+00 |137 -0.25663 -7.90837e-01 |138  0.07432 -8.42679e-01
139 -0.18117  3.85774e-01 |
139 variables; iteration 140; function evaluation 163; phase 5
Function value 2.5863747e+03; maximum gradient component mag 2.2096e+00
Var    Value     Gradient |Var    Value     Gradient |Var    Value     Gradient
  1 -0.16294  2.63233e-01 |  2 -0.01033  4.24199e-01 |  3 -0.06396  4.80376e-01
  4  0.00577 -1.16678e-02 |  5 -0.40945  1.24868e-01 |  6 -0.04820  3.71327e-01
  7  0.08173  6.94369e-01 |  8 -0.01433 -7.54364e-02 |  9 -0.05607 -1.88319e-01
 10  0.04064  1.10590e-01 | 11  0.00686  1.88026e-01 | 12 -0.20873  5.06337e-01
 13  0.01455  6.89667e-01 | 14  0.00545 -1.13666e-01 | 15  0.00000 -6.12930e-01
 16  0.00033 -6.34586e-01 | 17  0.00449 -3.45821e-01 | 18  0.00918 -2.40396e-02
 19  0.01321  2.31229e-01 | 20  0.01655  4.17704e-01 | 21  0.01813  4.54467e-01
 22  0.01707  2.78707e-01 | 23  0.01409 -4.52819e-02 | 24  0.01257 -2.58077e-01
 25  0.01686 -4.30384e-02 | 26  0.02066  1.17894e-01 | 27  0.02108  2.57820e-02
 28  0.02086 -1.03535e-01 | 29  0.01920 -3.20798e-01 | 30  0.01775 -5.07022e-01
 31  0.02201 -2.77197e-01 | 32  0.02884  1.43636e-01 | 33  0.03024  2.12290e-01
 34  0.02499 -2.02185e-01 | 35  0.04049  5.65114e-01 | 36  0.03740 -7.35646e-02
 37  0.04519 -3.36592e-01 | 38  0.05347 -5.72081e-01 | 39  0.04630 -5.34931e-01
 40  0.01326 -4.45357e-01 | 41 -0.01366  6.47221e-03 | 42 -0.03525 -1.73379e-01
 43 -0.03555  2.16434e-01 | 44 -0.02288 -3.79967e-01 | 45  0.02050 -2.93950e-01
 46  0.03323 -5.47736e-01 | 47  0.04439  2.68817e-01 | 48  0.07014 -1.34811e+00
 49  0.00862 -1.44014e-01 | 50 -0.02311 -6.57791e-01 | 51  0.03636  2.30626e-02
 52 -0.00741  1.68840e-02 | 53  0.09555 -7.62041e-02 | 54 -0.05061  3.58689e-01
 55 -0.06145 -3.32562e-02 | 56 -0.07525  2.17582e-02 | 57  0.05823  4.17484e-01
 58 -0.05097  1.54783e-01 | 59 -0.11265  1.23202e-01 | 60 -0.17253  1.74416e-01
 61 -0.12448  1.72304e-01 | 62  0.16758  1.80091e+00 | 63 -0.14757 -1.28524e-01
 64  0.01796  4.72328e-01 | 65 -0.00032  2.87750e-01 | 66  0.02387  4.02968e-01
 67  0.02786  5.37454e-01 | 68 -0.04155  4.37064e-01 | 69  0.01010  6.25076e-01
 70 -0.11069 -1.06081e-01 | 71  0.03154  3.95168e-01 | 72 -0.09695 -1.12348e-01
 73 -0.02987  6.73702e-02 | 74 -0.10233 -9.00997e-02 | 75 -0.08535 -7.73955e-03
 76 -0.04795  1.51606e-01 | 77  0.31508  2.20960e+00 | 78 -0.11336 -1.13971e-02
 79  0.05623  1.41682e-01 | 80 -0.00683  9.56917e-02 | 81  0.08792 -2.56826e-02
 82 -0.09098 -5.26204e-03 | 83 -0.20614  6.83168e-02 | 84 -0.23335  5.19458e-02
 85 -0.06713 -1.28030e-01 | 86 -0.06401  1.89855e-01 | 87  0.07920 -1.73441e-01
 88  0.11547 -1.09269e-01 | 89  0.00477 -1.84175e-01 | 90  0.10201 -5.56475e-01
 91  0.15996 -6.80373e-01 | 92 -0.01907  8.44295e-03 | 93  0.08592 -2.37762e-01
 94 -0.01643 -1.98516e-01 | 95 -0.03730 -1.55329e-01 | 96 -0.14828  2.00426e-01
 97 -0.08832 -3.02322e-01 | 98 -0.01209 -8.91476e-03 | 99  0.03191  7.39611e-04
100 -0.06993 -1.39818e-01 |101  0.02384 -3.34495e-02 |102  0.07494 -9.77914e-02
103 -0.28735 -2.20398e-01 |104 -0.10930  1.40943e-01 |105  0.36945 -3.69037e-01
106 -0.30601  2.79955e-02 |107 -0.27117  1.55133e+00 |108 -0.92919 -1.56474e-01
109 -0.27477  3.77146e-02 |110  0.28231  8.75644e-02 |111 -0.16297 -2.31355e-01
112  0.23565  1.26533e-01 |113 -0.15727  5.96610e-02 |114  0.32244 -4.60671e-01
115 -0.17935  1.78156e-01 |116  0.27185 -2.02695e-01 |117 -0.09543  3.28914e-01
118 -0.11048 -1.74600e-02 |119 -0.13895 -2.65359e-01 |120 -0.32091  2.64872e-01
121 -0.15115  2.18145e-01 |122 -0.03833 -1.24075e+00 |123  0.00120  2.21058e-01
124  0.00241 -2.13462e-02 |125 -0.13230  9.09819e-02 |126  0.07339  1.21903e-01
127  0.01644 -7.88870e-02 |128 -0.12298 -2.60858e-01 |129  0.46444 -2.17383e-02
130  0.14966 -3.01166e-01 |131 -0.33397  1.44410e-01 |132 -0.32020  1.48386e-01
133 -0.21814  8.25200e-02 |134  0.37058  4.64645e-01 |135 -0.27599 -1.73916e+00
136  0.02575 -3.20248e-01 |137 -0.25925  6.13230e-01 |138  0.07583 -3.74297e-02
139 -0.17994  2.82167e-01 |
139 variables; iteration 160; function evaluation 194; phase 5
Function value 2.5863296e+03; maximum gradient component mag -1.7037e+00
Var    Value     Gradient |Var    Value     Gradient |Var    Value     Gradient
  1 -0.16077 -1.70372e+00 |  2 -0.01059  3.31777e-02 |  3 -0.06423 -2.24692e-02
  4  0.00554  2.41381e-02 |  5 -0.40924 -2.40842e-02 |  6 -0.05010 -3.32360e-01
  7  0.08161 -1.01143e-01 |  8 -0.01391  1.66440e-02 |  9 -0.05513  9.55664e-02
 10  0.04016 -6.89166e-02 | 11  0.00580  1.33222e+00 | 12 -0.19479  1.17517e-02
 13  0.00620  1.24710e-02 | 14  0.00767  8.95335e-02 | 15  0.00540 -1.47926e-01
 16  0.00977  1.59082e-01 | 17  0.00812 -3.42133e-02 | 18  0.00944  1.05408e-02
 19  0.01182  1.32586e-01 | 20  0.00949 -1.30715e-01 | 21  0.01263  3.44054e-02
 22  0.01429  7.17923e-02 | 23  0.01505  3.48146e-02 | 24  0.01619  2.30124e-02
 25  0.01676 -4.13725e-02 | 26  0.01820 -5.04782e-02 | 27  0.02189  9.49855e-02
 28  0.02311  6.33791e-02 | 29  0.02449  4.81475e-02 | 30  0.02648  8.42762e-02
 31  0.02604 -1.93804e-02 | 32  0.02901  1.33096e-01 | 33  0.02806  4.82282e-02
 34  0.02815  3.82696e-04 | 35  0.03078  6.78020e-03 | 36  0.03698  1.68777e-02
 37  0.04813  3.81568e-02 | 38  0.06073  8.67668e-02 | 39  0.05148  1.26455e-01
 40  0.01598  4.62104e-02 | 41 -0.01487  3.99015e-02 | 42 -0.03371  7.50911e-02
 43 -0.03762  1.34620e-02 | 44 -0.01967  4.84075e-02 | 45  0.02245  5.92125e-02
 46  0.03889  7.53732e-02 | 47  0.03331  1.73079e-01 | 48  0.08026  2.78430e-01
 49  0.00319  1.62675e-01 | 50 -0.01916  7.09483e-02 | 51  0.03599  1.06509e-01
 52 -0.00594  2.81542e-01 | 53  0.09659  4.02301e-01 | 54 -0.05149  9.48372e-02
 55 -0.06053  2.61178e-02 | 56 -0.07458  1.20420e-01 | 57  0.05856  1.80704e-01
 58 -0.05064  1.09673e-01 | 59 -0.11241  1.00039e-01 | 60 -0.17285  3.16059e-02
 61 -0.12454  6.58845e-02 | 62  0.16725  4.88841e-01 | 63 -0.14713 -1.05950e-02
 64  0.01709  7.67164e-02 | 65 -0.00109  8.50617e-02 | 66  0.02302  3.60905e-02
 67  0.02698 -6.10576e-02 | 68 -0.04263 -3.91651e-02 | 69  0.00888 -2.77333e-02
 70 -0.11104 -8.49088e-02 | 71  0.03012 -4.47826e-02 | 72 -0.09774 -4.20436e-02
 73 -0.03132 -2.67875e-02 | 74 -0.10330  2.11772e-02 | 75 -0.08680  5.10865e-02
 76 -0.04981 -3.14546e-03 | 77  0.31250  3.58004e-02 | 78 -0.11449  1.21962e-02
 79  0.05400  1.91819e-02 | 80 -0.00860  6.82546e-04 | 81  0.08679  1.74111e-02
 82 -0.09147  1.16206e-02 | 83 -0.20650  4.36063e-03 | 84 -0.23364  1.90571e-02
 85 -0.06701 -7.39624e-02 | 86 -0.06418  3.61188e-02 | 87  0.07939 -6.75264e-02
 88  0.11557 -4.56613e-02 | 89  0.00491  1.58576e-02 | 90  0.10216  5.23379e-03
 91  0.16006 -5.62038e-02 | 92 -0.01920 -1.06731e-01 | 93  0.08606 -3.18024e-02
 94 -0.01592  1.13083e-02 | 95 -0.03668  5.23345e-02 | 96 -0.14826  1.26070e-01
 97 -0.08729 -3.32859e-02 | 98 -0.01150  1.07776e-02 | 99  0.03268  9.50573e-03
100 -0.06906 -4.10090e-02 |101  0.02445 -4.78664e-02 |102  0.07605  6.52075e-03
103 -0.28522 -4.48130e-02 |104 -0.11149 -6.58803e-02 |105  0.37506  7.61237e-02
106 -0.30416 -1.05088e-01 |107 -0.27238 -3.27536e-02 |108 -0.91807 -1.15391e-01
109 -0.27371 -1.65547e-02 |110  0.28295  4.53653e-02 |111 -0.16287 -1.54665e-01
112  0.23145 -2.71394e-02 |113 -0.15976 -3.99872e-02 |114  0.32314  1.05814e-01
115 -0.17909 -2.17610e-01 |116  0.27248  7.99229e-03 |117 -0.09539 -2.18327e-01
118 -0.10785 -9.90692e-04 |119 -0.13829  3.80726e-01 |120 -0.32034 -1.57283e-01
121 -0.15500  4.44320e-02 |122 -0.03772 -3.01450e-01 |123  0.00131  9.53733e-03
124  0.00230  6.18549e-03 |125 -0.13238  2.48461e-02 |126  0.07187  1.61724e-01
127  0.01571 -1.85663e-02 |128 -0.11850  1.03529e-01 |129  0.46509  6.06796e-02
130  0.15061  2.52157e-01 |131 -0.33383 -2.55388e-02 |132 -0.31977 -1.68350e-01
133 -0.22024  6.06099e-02 |134  0.37333 -8.81956e-02 |135 -0.27427  2.43121e-01
136  0.02582  1.57859e-01 |137 -0.25932 -1.06230e-01 |138  0.07463  1.80271e-02
139 -0.18112 -1.34550e-02 |
139 variables; iteration 180; function evaluation 218; phase 5
Function value 2.5862858e+03; maximum gradient component mag -8.9919e-03
Var    Value     Gradient |Var    Value     Gradient |Var    Value     Gradient
  1 -0.16076  1.54635e-03 |  2 -0.01057 -2.12056e-03 |  3 -0.06423  7.67454e-04
  4  0.00562  4.54802e-05 |  5 -0.40929 -5.40164e-04 |  6 -0.04998 -2.84249e-03
  7  0.08159 -4.93377e-03 |  8 -0.01387 -1.34699e-03 |  9 -0.05549 -2.44237e-04
 10  0.04049 -1.97678e-04 | 11  0.00485 -7.44606e-04 | 12 -0.19147 -2.26665e-03
 13  0.00617 -3.60781e-04 | 14  0.00672 -2.51980e-04 | 15  0.00733 -1.78410e-04
 16  0.00800 -4.48556e-05 | 17  0.00871 -2.50646e-04 | 18  0.00951 -1.99738e-04
 19  0.01039 -2.83874e-04 | 20  0.01138 -3.71815e-04 | 21  0.01248 -1.90790e-04
 22  0.01368 -4.41580e-04 | 23  0.01496 -1.30634e-05 | 24  0.01629 -2.28381e-04
 25  0.01778 -3.43547e-04 | 26  0.01941 -4.73257e-04 | 27  0.02116 -3.10220e-04
 28  0.02289 -4.42612e-04 | 29  0.02455 -4.99185e-04 | 30  0.02607 -5.53352e-04
 31  0.02724 -8.24377e-04 | 32  0.02794 -1.03471e-03 | 33  0.02829 -1.23043e-03
 34  0.02912 -9.57033e-04 | 35  0.03167 -1.00548e-03 | 36  0.03785 -5.96793e-04
 37  0.04895 -1.01444e-03 | 38  0.06102 -1.11336e-03 | 39  0.05105 -9.99457e-04
 40  0.01659 -1.04658e-03 | 41 -0.01446 -1.23962e-03 | 42 -0.03371 -1.16313e-03
 43 -0.03711  1.20631e-03 | 44 -0.01942  1.12527e-03 | 45  0.02292  8.87630e-05
 46  0.03971 -1.04773e-03 | 47  0.03301 -1.22040e-03 | 48  0.08074 -4.55413e-03
 49  0.00311 -2.22306e-03 | 50 -0.01889  5.02064e-04 | 51  0.03673  1.83143e-03
 52 -0.00660 -1.91693e-03 | 53  0.09700  1.89386e-03 | 54 -0.05148 -1.11308e-04
 55 -0.06012 -3.16500e-03 | 56 -0.07463 -2.25025e-03 | 57  0.05882  7.17273e-05
 58 -0.05050  3.24594e-03 | 59 -0.11233  1.68997e-03 | 60 -0.17270 -1.30618e-03
 61 -0.12452 -7.13786e-04 | 62  0.16733  1.35401e-03 | 63 -0.14699  1.12994e-03
 64  0.01706 -1.61838e-03 | 65 -0.00119  9.70649e-04 | 66  0.02293 -3.55893e-04
 67  0.02693 -5.76662e-03 | 68 -0.04267 -2.35437e-03 | 69  0.00871 -3.16552e-03
 70 -0.11092  1.10019e-03 | 71  0.02988 -3.68836e-03 | 72 -0.09787 -4.78496e-04
 73 -0.03156 -1.74771e-03 | 74 -0.10359 -5.83977e-04 | 75 -0.08721  8.07883e-05
 76 -0.05001  1.57035e-03 | 77  0.31205 -7.40443e-04 | 78 -0.11480 -2.17092e-03
 79  0.05360 -2.86909e-05 | 80 -0.00890  8.06713e-04 | 81  0.08658  1.29346e-03
 82 -0.09157  1.62481e-03 | 83 -0.20649  1.87711e-03 | 84 -0.23357 -1.14126e-04
 85 -0.06687 -1.02538e-03 | 86 -0.06411 -1.24015e-03 | 87  0.07940 -2.13399e-03
 88  0.11552  5.18696e-04 | 89  0.00484  1.28017e-03 | 90  0.10225  1.25178e-03
 91  0.16020  3.81866e-04 | 92 -0.01902 -1.37980e-03 | 93  0.08615 -5.74468e-04
 94 -0.01588  2.83377e-03 | 95 -0.03656  4.18417e-03 | 96 -0.14846 -1.56304e-03
 97 -0.08688  1.64994e-03 | 98 -0.01133  1.00316e-03 | 99  0.03284  2.13406e-03
100 -0.06884 -6.22511e-04 |101  0.02467  2.29571e-03 |102  0.07606 -1.11726e-03
103 -0.28477 -6.48321e-05 |104 -0.11089 -7.26047e-04 |105  0.37459  6.19498e-04
106 -0.30430 -5.13604e-03 |107 -0.24628 -2.23452e-03 |108 -0.66940  3.17162e-04
109 -0.28282  1.10463e-03 |110  0.28299  2.43677e-03 |111 -0.16284 -7.31999e-04
112  0.23286  6.28765e-04 |113 -0.15903 -2.52159e-03 |114  0.32315  5.03052e-04
115 -0.17908 -1.95552e-04 |116  0.27269 -2.58874e-04 |117 -0.09531 -7.30971e-04
118 -0.10775  4.38558e-05 |119 -0.13833  1.69620e-03 |120 -0.32027 -2.96394e-03
121 -0.15522 -2.40676e-03 |122 -0.03761 -8.99190e-03 |123  0.00140  1.17210e-04
124  0.00234 -5.80878e-04 |125 -0.13261  1.31569e-03 |126  0.07136  1.79837e-03
127  0.01552  1.31357e-04 |128 -0.11844 -8.57065e-05 |129  0.46431  3.38814e-03
130  0.15054  3.82291e-03 |131 -0.33411 -2.26631e-04 |132 -0.31982 -3.39628e-03
133 -0.22069 -9.34173e-04 |134  0.37379 -4.65712e-04 |135 -0.27424  4.00850e-03
136  0.02578 -1.84117e-03 |137 -0.25937  6.10238e-04 |138  0.07473 -1.35338e-03
139 -0.18104  4.37929e-04 |
  ic > imax  in fminim is answer attained ?
Var    Value     Gradient |Var    Value     Gradient |Var    Value     Gradient
  1 -0.16076 -1.90732e-02 |  2 -0.01056  5.60368e-04 |  3 -0.06424  9.82758e-04
  4  0.00562  4.56820e-04 |  5 -0.40929  2.14365e-04 |  6 -0.04998 -3.12019e-03
  7  0.08159  1.46488e-03 |  8 -0.01387 -2.84929e-04 |  9 -0.05549  2.54233e-05
 10  0.04050  9.61049e-05 | 11  0.00483  1.77530e-02 | 12 -0.19141  1.66079e-03
 13  0.00617 -4.83145e-05 | 14  0.00673  2.09038e-05 | 15  0.00733 -1.31338e-04
 16  0.00800  1.52756e-04 | 17  0.00872  3.77187e-05 | 18  0.00951 -1.91472e-06
 19  0.01039  6.15269e-05 | 20  0.01138 -2.02166e-04 | 21  0.01248 -7.12267e-05
 22  0.01368  4.76634e-05 | 23  0.01495  6.70391e-05 | 24  0.01629  2.47569e-05
 25  0.01778 -4.35637e-05 | 26  0.01942  1.24278e-05 | 27  0.02117  1.32492e-04
 28  0.02289  5.59524e-05 | 29  0.02456  6.47000e-06 | 30  0.02608 -1.68630e-05
 31  0.02725 -1.07118e-04 | 32  0.02795 -4.66977e-05 | 33  0.02830 -8.39661e-05
 34  0.02912  2.20075e-07 | 35  0.03168  1.73744e-05 | 36  0.03785  6.53790e-05
 37  0.04895  1.35310e-04 | 38  0.06103  4.67847e-04 | 39  0.05106  6.13646e-04
 40  0.01660  3.49904e-04 | 41 -0.01445  2.23516e-04 | 42 -0.03370  2.24235e-04
 43 -0.03712  8.61702e-04 | 44 -0.01942  1.00776e-03 | 45  0.02292  1.62111e-03
 46  0.03973  2.07001e-03 | 47  0.03300  1.38200e-03 | 48  0.08075  1.45710e-03
 49  0.00312  9.86227e-04 | 50 -0.01890  1.20368e-03 | 51  0.03673  3.15232e-03
 52 -0.00658  7.61936e-04 | 53  0.09701  5.53584e-03 | 54 -0.05148  1.49419e-03
 55 -0.06011  3.48793e-04 | 56 -0.07463  2.64881e-04 | 57  0.05882  4.15222e-03
 58 -0.05050  2.11009e-03 | 59 -0.11232  9.85714e-04 | 60 -0.17270  1.30698e-04
 61 -0.12451  4.00079e-04 | 62  0.16733  1.10746e-02 | 63 -0.14699  5.64643e-04
 64  0.01706  1.78397e-03 | 65 -0.00119  1.96102e-03 | 66  0.02293  2.04955e-03
 67  0.02693  7.71312e-04 | 68 -0.04267  3.20800e-04 | 69  0.00871  2.36917e-04
 70 -0.11092  5.98250e-04 | 71  0.02988 -3.65635e-04 | 72 -0.09788  4.54191e-05
 73 -0.03157 -2.83069e-04 | 74 -0.10359 -2.01901e-04 | 75 -0.08721  9.85143e-05
 76 -0.05002  7.11024e-04 | 77  0.31204  3.59154e-03 | 78 -0.11480 -5.56456e-04
 79  0.05359  5.85861e-04 | 80 -0.00890  7.56961e-04 | 81  0.08658  6.62900e-04
 82 -0.09158  4.63758e-04 | 83 -0.20649  4.55113e-04 | 84 -0.23357 -2.84298e-04
 85 -0.06687 -6.62825e-04 | 86 -0.06411 -6.97414e-04 | 87  0.07940 -1.04398e-03
 88  0.11552 -2.28734e-04 | 89  0.00484 -1.32985e-04 | 90  0.10225  8.57739e-06
 91  0.16020 -1.02687e-04 | 92 -0.01902 -5.70232e-04 | 93  0.08615 -7.85679e-04
 94 -0.01588  5.01900e-04 | 95 -0.03656  1.02613e-03 | 96 -0.14846 -7.47284e-04
 97 -0.08688  3.46245e-04 | 98 -0.01133 -4.14621e-04 | 99  0.03285 -2.57575e-04
100 -0.06884 -2.99857e-04 |101  0.02467  9.08242e-04 |102  0.07606 -4.94855e-04
103 -0.28477 -6.24439e-05 |104 -0.11089 -2.96515e-04 |105  0.37460  1.68774e-04
106 -0.30429 -1.92572e-03 |107 -0.24625  1.68795e-03 |108 -0.66929  4.01221e-06
109 -0.28283  5.30098e-04 |110  0.28299  1.71065e-03 |111 -0.16284 -1.61745e-03
112  0.23286 -1.57335e-05 |113 -0.15903 -5.55774e-04 |114  0.32315  1.04593e-03
115 -0.17908 -1.55667e-03 |116  0.27268  9.08325e-04 |117 -0.09531 -1.66296e-03
118 -0.10777  4.24270e-05 |119 -0.13833  3.54867e-03 |120 -0.32027 -1.41000e-03
121 -0.15519 -4.98417e-04 |122 -0.03761  6.64133e-04 |123  0.00141  1.30971e-04
124  0.00235 -1.18002e-04 |125 -0.13262  3.28724e-04 |126  0.07134  6.89569e-04
127  0.01552 -8.20451e-04 |128 -0.11843 -2.80813e-04 |129  0.46426  5.69624e-04
130  0.15053  2.02703e-03 |131 -0.33412  4.28434e-05 |132 -0.31983 -2.16758e-03
133 -0.22067 -9.30909e-05 |134  0.37376  1.16954e-04 |135 -0.27425  4.39861e-04
136  0.02578  6.52857e-04 |137 -0.25937 -5.70865e-04 |138  0.07473 -4.72019e-04
139 -0.18103  2.08585e-04 |
Function minimizer not making progress ... is minimum attained?
Minimprove criterion = 0.0000e+00

 - final statistics:
139 variables; iteration 183; function evaluation 258
Function value 2.5863e+03; maximum gradient component mag -1.9073e-02
Exit code = 1;  converg criter 1.0000e-04
Var    Value     Gradient |Var    Value     Gradient |Var    Value     Gradient
  1 -0.16076 -1.90732e-02 |  2 -0.01056  5.60368e-04 |  3 -0.06424  9.82758e-04
  4  0.00562  4.56820e-04 |  5 -0.40929  2.14365e-04 |  6 -0.04998 -3.12019e-03
  7  0.08159  1.46488e-03 |  8 -0.01387 -2.84929e-04 |  9 -0.05549  2.54233e-05
 10  0.04050  9.61049e-05 | 11  0.00483  1.77530e-02 | 12 -0.19141  1.66079e-03
 13  0.00617 -4.83145e-05 | 14  0.00673  2.09038e-05 | 15  0.00733 -1.31338e-04
 16  0.00800  1.52756e-04 | 17  0.00872  3.77187e-05 | 18  0.00951 -1.91472e-06
 19  0.01039  6.15269e-05 | 20  0.01138 -2.02166e-04 | 21  0.01248 -7.12267e-05
 22  0.01368  4.76634e-05 | 23  0.01495  6.70391e-05 | 24  0.01629  2.47569e-05
 25  0.01778 -4.35637e-05 | 26  0.01942  1.24278e-05 | 27  0.02117  1.32492e-04
 28  0.02289  5.59524e-05 | 29  0.02456  6.47000e-06 | 30  0.02608 -1.68630e-05
 31  0.02725 -1.07118e-04 | 32  0.02795 -4.66977e-05 | 33  0.02830 -8.39661e-05
 34  0.02912  2.20075e-07 | 35  0.03168  1.73744e-05 | 36  0.03785  6.53790e-05
 37  0.04895  1.35310e-04 | 38  0.06103  4.67847e-04 | 39  0.05106  6.13646e-04
 40  0.01660  3.49904e-04 | 41 -0.01445  2.23516e-04 | 42 -0.03370  2.24235e-04
 43 -0.03712  8.61702e-04 | 44 -0.01942  1.00776e-03 | 45  0.02292  1.62111e-03
 46  0.03973  2.07001e-03 | 47  0.03300  1.38200e-03 | 48  0.08075  1.45710e-03
 49  0.00312  9.86227e-04 | 50 -0.01890  1.20368e-03 | 51  0.03673  3.15232e-03
 52 -0.00658  7.61936e-04 | 53  0.09701  5.53584e-03 | 54 -0.05148  1.49419e-03
 55 -0.06011  3.48793e-04 | 56 -0.07463  2.64881e-04 | 57  0.05882  4.15222e-03
 58 -0.05050  2.11009e-03 | 59 -0.11232  9.85714e-04 | 60 -0.17270  1.30698e-04
 61 -0.12451  4.00079e-04 | 62  0.16733  1.10746e-02 | 63 -0.14699  5.64643e-04
 64  0.01706  1.78397e-03 | 65 -0.00119  1.96102e-03 | 66  0.02293  2.04955e-03
 67  0.02693  7.71312e-04 | 68 -0.04267  3.20800e-04 | 69  0.00871  2.36917e-04
 70 -0.11092  5.98250e-04 | 71  0.02988 -3.65635e-04 | 72 -0.09788  4.54191e-05
 73 -0.03157 -2.83069e-04 | 74 -0.10359 -2.01901e-04 | 75 -0.08721  9.85143e-05
 76 -0.05002  7.11024e-04 | 77  0.31204  3.59154e-03 | 78 -0.11480 -5.56456e-04
 79  0.05359  5.85861e-04 | 80 -0.00890  7.56961e-04 | 81  0.08658  6.62900e-04
 82 -0.09158  4.63758e-04 | 83 -0.20649  4.55113e-04 | 84 -0.23357 -2.84298e-04
 85 -0.06687 -6.62825e-04 | 86 -0.06411 -6.97414e-04 | 87  0.07940 -1.04398e-03
 88  0.11552 -2.28734e-04 | 89  0.00484 -1.32985e-04 | 90  0.10225  8.57739e-06
 91  0.16020 -1.02687e-04 | 92 -0.01902 -5.70232e-04 | 93  0.08615 -7.85679e-04
 94 -0.01588  5.01900e-04 | 95 -0.03656  1.02613e-03 | 96 -0.14846 -7.47284e-04
 97 -0.08688  3.46245e-04 | 98 -0.01133 -4.14621e-04 | 99  0.03285 -2.57575e-04
100 -0.06884 -2.99857e-04 |101  0.02467  9.08242e-04 |102  0.07606 -4.94855e-04
103 -0.28477 -6.24439e-05 |104 -0.11089 -2.96515e-04 |105  0.37460  1.68774e-04
106 -0.30429 -1.92572e-03 |107 -0.24625  1.68795e-03 |108 -0.66929  4.01221e-06
109 -0.28283  5.30098e-04 |110  0.28299  1.71065e-03 |111 -0.16284 -1.61745e-03
112  0.23286 -1.57335e-05 |113 -0.15903 -5.55774e-04 |114  0.32315  1.04593e-03
115 -0.17908 -1.55667e-03 |116  0.27268  9.08325e-04 |117 -0.09531 -1.66296e-03
118 -0.10777  4.24270e-05 |119 -0.13833  3.54867e-03 |120 -0.32027 -1.41000e-03
121 -0.15519 -4.98417e-04 |122 -0.03761  6.64133e-04 |123  0.00141  1.30971e-04
124  0.00235 -1.18002e-04 |125 -0.13262  3.28724e-04 |126  0.07134  6.89569e-04
127  0.01552 -8.20451e-04 |128 -0.11843 -2.80813e-04 |129  0.46426  5.69624e-04
130  0.15053  2.02703e-03 |131 -0.33412  4.28434e-05 |132 -0.31983 -2.16758e-03
133 -0.22067 -9.30909e-05 |134  0.37376  1.16954e-04 |135 -0.27425  4.39861e-04
136  0.02578  6.52857e-04 |137 -0.25937 -5.70865e-04 |138  0.07473 -4.72019e-04
139 -0.18103  2.08585e-04 |

Initial statistics: 151 variables; iteration 0; function evaluation 0; phase 6
Function value 2.5862858e+03; maximum gradient component mag -1.8441e-02
Var    Value     Gradient |Var    Value     Gradient |Var    Value     Gradient
  1 -0.16076 -1.84414e-02 |  2 -0.01056  5.52715e-04 |  3 -0.06424  9.47704e-04
  4  0.00562  4.40685e-04 |  5 -0.40929  2.07245e-04 |  6 -0.04998 -3.00576e-03
  7  0.08159  1.41823e-03 |  8 -0.01387 -2.68388e-04 |  9 -0.05549  2.64448e-05
 10  0.04050  8.99289e-05 | 11  0.00483  1.71465e-02 | 12 -0.19141  1.60431e-03
 13  0.00617 -4.40013e-05 | 14  0.00673  2.19864e-05 | 15  0.00733 -1.23164e-04
 16  0.00800  1.47308e-04 | 17  0.00872  3.82143e-05 | 18  0.00951  1.11142e-06
 19  0.01039  6.22431e-05 | 20  0.01138 -1.87818e-04 | 21  0.01248 -6.31776e-05
 22  0.01368  4.95368e-05 | 23  0.01495  6.70180e-05 | 24  0.01629  2.77993e-05
 25  0.01778 -3.54476e-05 | 26  0.01942  1.75114e-05 | 27  0.02117  1.30587e-04
 28  0.02289  5.79952e-05 | 29  0.02456  1.06952e-05 | 30  0.02608 -1.15140e-05
 31  0.02725 -9.60213e-05 | 32  0.02795 -3.78679e-05 | 33  0.02830 -7.20442e-05
 34  0.02912  8.98719e-06 | 35  0.03168  2.61628e-05 | 36  0.03785  7.17282e-05
 37  0.04895  1.39480e-04 | 38  0.06103  4.58687e-04 | 39  0.05106  6.05564e-04
 40  0.01660  3.46737e-04 | 41 -0.01445  2.25419e-04 | 42 -0.03370  2.23744e-04
 43 -0.03712  8.31445e-04 | 44 -0.01942  9.71144e-04 | 45  0.02292  1.56710e-03
 46  0.03973  2.00203e-03 | 47  0.03300  1.34420e-03 | 48  0.08075  1.43650e-03
 49  0.00312  9.62269e-04 | 50 -0.01890  1.16221e-03 | 51  0.03673  3.03879e-03
 52 -0.00658  7.46313e-04 | 53  0.09701  5.33107e-03 | 54 -0.05148  1.44013e-03
 55 -0.06011  3.45444e-04 | 56 -0.07463  2.65083e-04 | 57  0.05882  4.00065e-03
 58 -0.05050  2.02461e-03 | 59 -0.11232  9.47180e-04 | 60 -0.17270  1.30446e-04
 61 -0.12451  3.87810e-04 | 62  0.16733  1.06678e-02 | 63 -0.14699  5.39783e-04
 64  0.01706  1.72489e-03 | 65 -0.00119  1.88333e-03 | 66  0.02293  1.97143e-03
 67  0.02693  7.55238e-04 | 68 -0.04267  3.15129e-04 | 69  0.00871  2.38767e-04
 70 -0.11092  5.70101e-04 | 71  0.02988 -3.44209e-04 | 72 -0.09788  4.29866e-05
 73 -0.03157 -2.69721e-04 | 74 -0.10359 -1.93969e-04 | 75 -0.08721  9.25220e-05
 76 -0.05002  6.78733e-04 | 77  0.31204  3.43640e-03 | 78 -0.11480 -5.29441e-04
 79  0.05359  5.65440e-04 | 80 -0.00890  7.26982e-04 | 81  0.08658  6.38300e-04
 82 -0.09158  4.42622e-04 | 83 -0.20649  4.33922e-04 | 84 -0.23357 -2.71826e-04
 85 -0.06687 -6.34721e-04 | 86 -0.06411 -6.67558e-04 | 87  0.07940 -1.00055e-03
 88  0.11552 -2.23775e-04 | 89  0.00484 -1.31705e-04 | 90  0.10225  3.48951e-06
 91  0.16020 -9.93166e-05 | 92 -0.01902 -5.42733e-04 | 93  0.08615 -7.53618e-04
 94 -0.01588  4.76187e-04 | 95 -0.03656  9.75143e-04 | 96 -0.14846 -7.12369e-04
 97 -0.08688  3.24879e-04 | 98 -0.01133 -3.99598e-04 | 99  0.03285 -2.52094e-04
100 -0.06884 -2.89551e-04 |101  0.02467  8.65138e-04 |102  0.07606 -4.72530e-04
103  0.00000  0.00000e+00 |104  0.00000  0.00000e+00 |105  0.00000  0.00000e+00
106  0.00000  0.00000e+00 |107  0.00000  0.00000e+00 |108  0.00000  0.00000e+00
109  0.00000  0.00000e+00 |110  0.00000  0.00000e+00 |111  0.00000  0.00000e+00
112  0.00000  0.00000e+00 |113  0.00000  0.00000e+00 |114  0.00000  0.00000e+00
115 -0.28477 -6.09758e-05 |116 -0.11089 -2.82938e-04 |117  0.37460  1.61744e-04
118 -0.30429 -1.84058e-03 |119 -0.24625  1.61006e-03 |120 -0.66929  3.79924e-06
121 -0.28283  5.05470e-04 |122  0.28299  1.63826e-03 |123 -0.16284 -1.55622e-03
124  0.23286 -1.69435e-05 |125 -0.15903 -5.24606e-04 |126  0.32315  1.00786e-03
127 -0.17908 -1.50708e-03 |128  0.27268  8.75320e-04 |129 -0.09531 -1.60734e-03
130 -0.10777  4.15824e-05 |131 -0.13833  3.41781e-03 |132 -0.32027 -1.35609e-03
133 -0.15519 -4.71508e-04 |134 -0.03761  6.56589e-04 |135  0.00141  1.27276e-04
136  0.00235 -1.14126e-04 |137 -0.13262  3.13689e-04 |138  0.07134  6.62724e-04
139  0.01552 -7.87943e-04 |140 -0.11843 -2.68644e-04 |141  0.46426  5.34803e-04
142  0.15053  1.94628e-03 |143 -0.33412  4.59660e-05 |144 -0.31983 -2.08441e-03
145 -0.22067 -8.48883e-05 |146  0.37376  1.16931e-04 |147 -0.27425  4.02121e-04
148  0.02578  6.38683e-04 |149 -0.25937 -5.58958e-04 |150  0.07473 -4.42648e-04
151 -0.18103  1.94210e-04 |
  ic > imax  in fminim is answer attained ?
Var    Value     Gradient |Var    Value     Gradient |Var    Value     Gradient
  1 -0.16076  9.01190e-03 |  2 -0.01056 -1.21647e-03 |  3 -0.06424  2.84515e-04
  4  0.00562  4.61831e-05 |  5 -0.40929 -6.50630e-05 |  6 -0.04998  2.39920e-04
  7  0.08159 -1.18998e-03 |  8 -0.01387 -4.40004e-04 |  9 -0.05549 -2.10717e-04
 10  0.04050 -5.11097e-05 | 11  0.00483 -5.17913e-03 | 12 -0.19141 -3.61157e-04
 13  0.00617 -1.73212e-04 | 14  0.00673 -1.18995e-04 | 15  0.00733 -2.76738e-04
 16  0.00800 -2.05269e-05 | 17  0.00872 -1.44619e-04 | 18  0.00951 -1.98349e-04
 19  0.01039 -1.56040e-04 | 20  0.01138 -4.26826e-04 | 21  0.01248 -3.25659e-04
 22  0.01368 -2.38183e-04 | 23  0.01495 -2.47244e-04 | 24  0.01629 -3.14175e-04
 25  0.01778 -4.08491e-04 | 26  0.01942 -3.90664e-04 | 27  0.02117 -3.16742e-04
 28  0.02289 -4.31416e-04 | 29  0.02456 -5.23950e-04 | 30  0.02608 -5.93914e-04
 31  0.02725 -7.29707e-04 | 32  0.02795 -7.26710e-04 | 33  0.02830 -8.23094e-04
 34  0.02912 -8.19873e-04 | 35  0.03168 -9.10890e-04 | 36  0.03785 -1.03332e-03
 37  0.04895 -1.23191e-03 | 38  0.06103 -1.26432e-03 | 39  0.05106 -1.15751e-03
 40  0.01660 -1.05146e-03 | 41 -0.01445 -9.11886e-04 | 42 -0.03370 -8.03413e-04
 43 -0.03712 -2.40257e-04 | 44 -0.01942 -3.81586e-04 | 45  0.02292 -5.61678e-04
 46  0.03973 -6.08294e-04 | 47  0.03300 -1.22418e-03 | 48  0.08075 -2.75210e-03
 49  0.00312 -1.16900e-03 | 50 -0.01890 -6.54080e-04 | 51  0.03673 -2.12747e-04
 52 -0.00658 -1.55218e-03 | 53  0.09701 -9.94392e-04 | 54 -0.05148 -1.72787e-04
 55 -0.06011 -1.10261e-03 | 56 -0.07463 -9.67000e-04 | 57  0.05882 -3.44831e-04
 58 -0.05050  4.87975e-04 | 59 -0.11232  1.27232e-04 | 60 -0.17270 -3.21576e-04
 61 -0.12451 -3.66120e-04 | 62  0.16733 -1.26079e-03 | 63 -0.14699 -1.71754e-05
 64  0.01706 -3.74439e-04 | 65 -0.00119  5.30925e-04 | 66  0.02293  6.12654e-04
 67  0.02693 -5.20110e-04 | 68 -0.04267 -2.63110e-04 | 69  0.00871 -5.25782e-04
 70 -0.11092  4.05912e-04 | 71  0.02988 -5.79920e-04 | 72 -0.09788  5.61018e-05
 73 -0.03157 -1.36881e-04 | 74 -0.10359 -1.23117e-04 | 75 -0.08721  1.30718e-04
 76 -0.05002  5.78081e-04 | 77  0.31204 -5.97731e-04 | 78 -0.11480 -6.22539e-04
 79  0.05359  1.14851e-04 | 80 -0.00890  6.15641e-04 | 81  0.08658  9.83743e-04
 82 -0.09158  5.82711e-04 | 83 -0.20649  5.04828e-04 | 84 -0.23357 -2.07803e-04
 85 -0.06687 -3.18402e-04 | 86 -0.06411 -4.01329e-04 | 87  0.07940 -1.85473e-04
 88  0.11552  6.14116e-04 | 89  0.00484  1.11773e-04 | 90  0.10225  5.40820e-04
 91  0.16020  7.31402e-04 | 92 -0.01902 -3.58316e-04 | 93  0.08615 -1.27641e-04
 94 -0.01588  7.60631e-04 | 95 -0.03656  1.23740e-03 | 96 -0.14846 -5.94104e-04
 97 -0.08688  5.44934e-04 | 98 -0.01133 -1.49850e-05 | 99  0.03285  1.46177e-04
100 -0.06884 -2.12620e-04 |101  0.02467  9.06173e-04 |102  0.07606 -4.48909e-04
103  0.00000  0.00000e+00 |104  0.00000  0.00000e+00 |105  0.00000  0.00000e+00
106  0.00000  0.00000e+00 |107  0.00000  0.00000e+00 |108  0.00000  0.00000e+00
109  0.00000  0.00000e+00 |110  0.00000  0.00000e+00 |111  0.00000  0.00000e+00
112  0.00000  0.00000e+00 |113  0.00000  0.00000e+00 |114  0.00000  0.00000e+00
115 -0.28477  1.93374e-06 |116 -0.11089 -2.59933e-04 |117  0.37460 -1.54485e-04
118 -0.30429 -1.15500e-03 |119 -0.24625  1.54143e-03 |120 -0.66929  1.27040e-05
121 -0.28283  4.61208e-04 |122  0.28299  2.92248e-04 |123 -0.16284  8.41477e-04
124  0.23286 -1.29395e-04 |125 -0.15903 -3.55565e-04 |126  0.32315 -4.37413e-04
127 -0.17908  9.95021e-04 |128  0.27268 -3.21804e-04 |129 -0.09531  9.76511e-04
130 -0.10777 -1.34999e-05 |131 -0.13833  2.19444e-03 |132 -0.32027 -8.64764e-04
133 -0.15519 -5.75001e-04 |134 -0.03761 -8.79573e-04 |135  0.00141 -2.58056e-04
136  0.00235  4.09853e-05 |137 -0.13262  2.38723e-04 |138  0.07134  2.36814e-04
139  0.01552  4.27405e-05 |140 -0.11843 -3.75548e-04 |141  0.46426  3.49631e-04
142  0.15053 -5.07008e-04 |143 -0.33412  4.10828e-04 |144 -0.31983  9.08519e-04
145 -0.22067 -3.33284e-04 |146  0.37376 -3.68932e-05 |147 -0.27425  7.81361e-04
148  0.02578 -1.29671e-03 |149 -0.25937  1.25539e-03 |150  0.07473 -7.54352e-04
151 -0.18103  4.31972e-04 |
Function minimizer not making progress ... is minimum attained?
Minimprove criterion = 0.0000e+00

 - final statistics:
151 variables; iteration 2; function evaluation 33
Function value 2.5863e+03; maximum gradient component mag 9.0119e-03
Exit code = 1;  converg criter 1.0000e-04
Var    Value     Gradient |Var    Value     Gradient |Var    Value     Gradient
  1 -0.16076  9.01190e-03 |  2 -0.01056 -1.21647e-03 |  3 -0.06424  2.84515e-04
  4  0.00562  4.61831e-05 |  5 -0.40929 -6.50630e-05 |  6 -0.04998  2.39920e-04
  7  0.08159 -1.18998e-03 |  8 -0.01387 -4.40004e-04 |  9 -0.05549 -2.10717e-04
 10  0.04050 -5.11097e-05 | 11  0.00483 -5.17913e-03 | 12 -0.19141 -3.61157e-04
 13  0.00617 -1.73212e-04 | 14  0.00673 -1.18995e-04 | 15  0.00733 -2.76738e-04
 16  0.00800 -2.05269e-05 | 17  0.00872 -1.44619e-04 | 18  0.00951 -1.98349e-04
 19  0.01039 -1.56040e-04 | 20  0.01138 -4.26826e-04 | 21  0.01248 -3.25659e-04
 22  0.01368 -2.38183e-04 | 23  0.01495 -2.47244e-04 | 24  0.01629 -3.14175e-04
 25  0.01778 -4.08491e-04 | 26  0.01942 -3.90664e-04 | 27  0.02117 -3.16742e-04
 28  0.02289 -4.31416e-04 | 29  0.02456 -5.23950e-04 | 30  0.02608 -5.93914e-04
 31  0.02725 -7.29707e-04 | 32  0.02795 -7.26710e-04 | 33  0.02830 -8.23094e-04
 34  0.02912 -8.19873e-04 | 35  0.03168 -9.10890e-04 | 36  0.03785 -1.03332e-03
 37  0.04895 -1.23191e-03 | 38  0.06103 -1.26432e-03 | 39  0.05106 -1.15751e-03
 40  0.01660 -1.05146e-03 | 41 -0.01445 -9.11886e-04 | 42 -0.03370 -8.03413e-04
 43 -0.03712 -2.40257e-04 | 44 -0.01942 -3.81586e-04 | 45  0.02292 -5.61678e-04
 46  0.03973 -6.08294e-04 | 47  0.03300 -1.22418e-03 | 48  0.08075 -2.75210e-03
 49  0.00312 -1.16900e-03 | 50 -0.01890 -6.54080e-04 | 51  0.03673 -2.12747e-04
 52 -0.00658 -1.55218e-03 | 53  0.09701 -9.94392e-04 | 54 -0.05148 -1.72787e-04
 55 -0.06011 -1.10261e-03 | 56 -0.07463 -9.67000e-04 | 57  0.05882 -3.44831e-04
 58 -0.05050  4.87975e-04 | 59 -0.11232  1.27232e-04 | 60 -0.17270 -3.21576e-04
 61 -0.12451 -3.66120e-04 | 62  0.16733 -1.26079e-03 | 63 -0.14699 -1.71754e-05
 64  0.01706 -3.74439e-04 | 65 -0.00119  5.30925e-04 | 66  0.02293  6.12654e-04
 67  0.02693 -5.20110e-04 | 68 -0.04267 -2.63110e-04 | 69  0.00871 -5.25782e-04
 70 -0.11092  4.05912e-04 | 71  0.02988 -5.79920e-04 | 72 -0.09788  5.61018e-05
 73 -0.03157 -1.36881e-04 | 74 -0.10359 -1.23117e-04 | 75 -0.08721  1.30718e-04
 76 -0.05002  5.78081e-04 | 77  0.31204 -5.97731e-04 | 78 -0.11480 -6.22539e-04
 79  0.05359  1.14851e-04 | 80 -0.00890  6.15641e-04 | 81  0.08658  9.83743e-04
 82 -0.09158  5.82711e-04 | 83 -0.20649  5.04828e-04 | 84 -0.23357 -2.07803e-04
 85 -0.06687 -3.18402e-04 | 86 -0.06411 -4.01329e-04 | 87  0.07940 -1.85473e-04
 88  0.11552  6.14116e-04 | 89  0.00484  1.11773e-04 | 90  0.10225  5.40820e-04
 91  0.16020  7.31402e-04 | 92 -0.01902 -3.58316e-04 | 93  0.08615 -1.27641e-04
 94 -0.01588  7.60631e-04 | 95 -0.03656  1.23740e-03 | 96 -0.14846 -5.94104e-04
 97 -0.08688  5.44934e-04 | 98 -0.01133 -1.49850e-05 | 99  0.03285  1.46177e-04
100 -0.06884 -2.12620e-04 |101  0.02467  9.06173e-04 |102  0.07606 -4.48909e-04
103  0.00000  0.00000e+00 |104  0.00000  0.00000e+00 |105  0.00000  0.00000e+00
106  0.00000  0.00000e+00 |107  0.00000  0.00000e+00 |108  0.00000  0.00000e+00
109  0.00000  0.00000e+00 |110  0.00000  0.00000e+00 |111  0.00000  0.00000e+00
112  0.00000  0.00000e+00 |113  0.00000  0.00000e+00 |114  0.00000  0.00000e+00
115 -0.28477  1.93374e-06 |116 -0.11089 -2.59933e-04 |117  0.37460 -1.54485e-04
118 -0.30429 -1.15500e-03 |119 -0.24625  1.54143e-03 |120 -0.66929  1.27040e-05
121 -0.28283  4.61208e-04 |122  0.28299  2.92248e-04 |123 -0.16284  8.41477e-04
124  0.23286 -1.29395e-04 |125 -0.15903 -3.55565e-04 |126  0.32315 -4.37413e-04
127 -0.17908  9.95021e-04 |128  0.27268 -3.21804e-04 |129 -0.09531  9.76511e-04
130 -0.10777 -1.34999e-05 |131 -0.13833  2.19444e-03 |132 -0.32027 -8.64764e-04
133 -0.15519 -5.75001e-04 |134 -0.03761 -8.79573e-04 |135  0.00141 -2.58056e-04
136  0.00235  4.09853e-05 |137 -0.13262  2.38723e-04 |138  0.07134  2.36814e-04
139  0.01552  4.27405e-05 |140 -0.11843 -3.75548e-04 |141  0.46426  3.49631e-04
142  0.15053 -5.07008e-04 |143 -0.33412  4.10828e-04 |144 -0.31983  9.08519e-04
145 -0.22067 -3.33284e-04 |146  0.37376 -3.68932e-05 |147 -0.27425  7.81361e-04
148  0.02578 -1.29671e-03 |149 -0.25937  1.25539e-03 |150  0.07473 -7.54352e-04
151 -0.18103  4.31972e-04 |
size of file gradfil1.tmp = 0
size of file gradfil2.tmp = 0
size of file varssave.tmp = 0
size of file cmpdiff.tmp = 200000008
