
Initial statistics: 2 variables; iteration 0; function evaluation 0; phase 1
Function value 2.7774743e+03; maximum gradient component mag 6.2657e+01
Var    Value     Gradient |Var    Value     Gradient |Var    Value     Gradient
  1  0.22764  6.26571e+01 |  2 -0.40967 -1.68859e+01 |

 - final statistics:
2 variables; iteration 4; function evaluation 7
Function value 2.7726e+03; maximum gradient component mag 8.1041e+00
Exit code = 1;  converg criter 1.0000e+01
Var    Value     Gradient |Var    Value     Gradient |Var    Value     Gradient
  1  0.12624  8.10409e+00 |  2 -0.37720  5.91165e-01 |

Initial statistics: 12 variables; iteration 0; function evaluation 0; phase 2
Function value 2.7726103e+03; maximum gradient component mag -3.1472e+03
Var    Value     Gradient |Var    Value     Gradient |Var    Value     Gradient
  1 -0.25350 -3.19430e+02 |  2 -0.36315 -1.15947e+03 |  3  0.09126 -8.16608e+02
  4 -0.04247 -1.13802e+03 |  5 -0.61004 -1.13295e+03 |  6 -0.61004  3.53879e+02
  7  0.12819 -3.14719e+03 |  8 -0.06377 -2.24706e+03 |  9  0.00000 -1.02889e+03
 10  0.00000 -3.55842e+02 | 11  0.12624  8.10409e+00 | 12 -0.37720  5.91165e-01

Intermediate statistics: 12 variables; iteration 20; function evaluation 30; phase 2
Function value 2.2388382e+03; maximum gradient component mag 8.3357e+01
Var    Value     Gradient |Var    Value     Gradient |Var    Value     Gradient
  1 -0.20400  2.35753e+01 |  2  0.00220  2.50205e+01 |  3 -0.03893  2.69838e+01
  4 -0.03363  3.11202e+01 |  5 -0.59743 -3.01530e+01 |  6 -1.16909  8.61550e+00
  7  0.27326  8.33567e+01 |  8 -0.11062  5.01408e+01 |  9  0.02969  5.23819e+00
 10  0.17740  4.00787e+00 | 11  0.68939 -6.08388e+00 | 12 -0.32841  6.29379e-01

 - final statistics:
12 variables; iteration 26; function evaluation 36
Function value 2.2378e+03; maximum gradient component mag 5.2443e+00
Exit code = 1;  converg criter 1.0000e+01
Var    Value     Gradient |Var    Value     Gradient |Var    Value     Gradient
  1 -0.20043  1.77701e-01 |  2 -0.00341 -1.39343e+00 |  3 -0.03633  1.01472e+00
  4 -0.03661 -2.74615e-02 |  5 -0.59534  5.24426e+00 |  6 -1.17121 -2.32963e+00
  7  0.27076 -3.45342e+00 |  8 -0.11196 -1.67329e+00 |  9  0.03137 -2.15253e-01
 10  0.15619  8.70927e-02 | 11  0.99913 -1.15354e-02 | 12 -0.32855  4.42415e-04

Initial statistics: 34 variables; iteration 0; function evaluation 0; phase 3
Function value 2.2377997e+03; maximum gradient component mag 1.1755e+03
Var    Value     Gradient |Var    Value     Gradient |Var    Value     Gradient
  1 -0.20043  1.77701e-01 |  2 -0.00341 -1.39343e+00 |  3 -0.03633  1.01472e+00
  4 -0.03661 -2.74615e-02 |  5 -0.59534  5.24426e+00 |  6 -0.82879  2.32963e+00
  7  0.16086 -1.32582e+02 |  8  0.27076 -3.45342e+00 |  9 -0.11196 -1.67329e+00
 10  0.03137 -2.15253e-01 | 11  0.15619  8.70927e-02 | 12  0.99913 -1.15354e-02
 13 -0.32855  4.42415e-04 | 14 -0.11760 -3.67152e+02 | 15 -0.21635  1.13930e+02
 16 -0.11760 -8.55772e+02 | 17 -0.21635  2.73255e+02 | 18 -0.11760 -3.90868e+01
 19 -0.21635  1.15247e+01 | 20 -0.11760 -3.05948e+02 | 21 -0.21635  9.06795e+01
 22 -0.11760 -1.10500e+02 | 23 -0.21635  1.23904e+01 | 24 -0.11760  1.17547e+03
 25 -0.21635 -6.25463e+02 | 26  0.53959  3.96952e-03 | 27  0.62714  9.07953e-03
 28  0.00000  5.53160e+02 | 29 -0.21635 -3.37063e+02 | 30  0.16024  7.42198e+01
 31 -0.11760  6.70954e+02 | 32 -0.21635 -5.00391e+02 | 33  0.16024  2.11962e-03
 34  0.62714  1.00482e-02 |

Intermediate statistics: 34 variables; iteration 20; function evaluation 33; phase 3
Function value 1.8759729e+03; maximum gradient component mag -4.9830e+02
Var    Value     Gradient |Var    Value     Gradient |Var    Value     Gradient
  1 -0.02148  1.31714e+02 |  2 -0.00989 -4.28297e+01 |  3 -0.05675 -2.68166e+02
  4 -0.08223 -1.60234e+02 |  5 -0.59396 -4.98301e+02 |  6 -0.82040 -8.05972e+01
  7  0.05331 -6.76925e+00 |  8  0.19526 -4.26990e+02 |  9  0.03178 -1.81501e+02
 10 -0.08109 -1.75836e+02 | 11  0.29049 -2.53410e+01 | 12  0.99884  3.45966e-03
 13 -0.33246  7.11544e-02 | 14  0.25539  3.25536e+01 | 15  0.04618 -3.30421e+01
 16  0.02213 -3.48734e+02 | 17 -0.13994  1.15437e+02 | 18  0.21254 -4.84802e+00
 19  0.01183  5.56534e+00 | 20  0.24697 -5.03224e+01 | 21 -0.04319  1.31601e+01
 22  0.45516 -3.69349e+01 | 23  0.19812  8.72116e+01 | 24 -0.41758 -1.54627e+02
 25 -0.64851  1.14813e+01 | 26  0.53947  3.44538e-03 | 27  0.62692  4.32307e-03
 28  0.14081 -1.20904e+01 | 29  0.08341 -1.86759e+01 | 30 -0.70998 -6.23714e+00
 31  0.16438 -1.22414e+01 | 32  0.32904  1.79890e+01 | 33  0.16023  8.51740e-04
 34  0.62696  4.86436e-03 |
34 variables; iteration 40; function evaluation 64; phase 3
Function value 1.8296785e+03; maximum gradient component mag 2.1190e+02
Var    Value     Gradient |Var    Value     Gradient |Var    Value     Gradient
  1 -0.12568  2.11900e+02 |  2  0.01348  2.52109e+01 |  3 -0.04943  5.32007e+01
  4 -0.11244  5.29656e+01 |  5 -0.58178  6.99093e+01 |  6 -0.83082  3.48962e+00
  7  0.06535  3.95208e+00 |  8  0.21576  1.32695e+02 |  9  0.02684  7.03831e+01
 10 -0.05664  2.53826e+01 | 11  0.22127  7.08420e-01 | 12  0.18365 -8.17854e+01
 13 -0.37721  5.12304e+00 | 14  0.28890 -5.39450e+01 | 15  0.06186  5.05159e+01
 16  0.20884  5.10148e+00 | 17  0.03801 -1.78079e+01 | 18  0.21152 -3.51515e+00
 19  0.02025  4.03169e+00 | 20  0.36228 -3.87986e+01 | 21  0.02087  5.08372e+01
 22  0.53067 -9.98919e+00 | 23  0.20411  1.65503e+01 | 24 -0.29351  4.26261e+01
 25 -0.31136 -1.62432e+01 | 26  0.47216  3.72977e-03 | 27  0.51313  1.00322e-02
 28 -0.03129 -7.77982e+00 | 29 -0.02924  2.20934e+00 | 30 -0.03983  5.87685e+00
 31  0.30908  6.05098e+00 | 32  0.39613 -4.59812e+00 | 33  0.14248  7.63579e-04
 34  0.53407  3.69789e-03 |
Maximum number of function evaluations exceeded

 - final statistics:
34 variables; iteration 55; function evaluation 100
Function value 1.8145e+03; maximum gradient component mag 3.0978e+01
Exit code = 3;  converg criter 1.0000e+00
Var    Value     Gradient |Var    Value     Gradient |Var    Value     Gradient
  1 -0.26815 -1.96658e+01 |  2  0.00902 -5.25210e+00 |  3 -0.05784 -1.33008e+01
  4 -0.09113 -9.83553e+00 |  5 -0.58646 -1.72068e+01 |  6 -0.82902 -3.19930e+00
  7  0.16461 -1.36419e+01 |  8  0.22387  3.52543e+00 |  9  0.00913 -2.63622e+00
 10 -0.04858 -4.84754e+00 | 11  0.21291 -1.00398e+00 | 12 -0.00187  1.49616e+01
 13 -0.47129  8.93544e-01 | 14  0.35422 -1.35542e+01 | 15  0.10319  1.90305e+01
 16  0.18078  1.20149e+01 | 17  0.03182 -1.92222e+01 | 18  0.16235  2.48151e+00
 19 -0.00958 -1.62925e+00 | 20  0.37623  4.16440e-01 | 21  0.02772 -3.63452e+00
 22  0.59841 -3.15912e-01 | 23  0.24553  1.55325e+00 | 24 -0.27978  3.09784e+01
 25 -0.25404 -7.69269e+00 | 26  0.49788  3.01941e+00 | 27 -1.40946  3.88990e-03
 28  0.00093  8.42645e+00 | 29  0.01041 -4.04200e-01 | 30 -0.12556  3.33045e+00
 31  0.01426 -1.22501e+01 | 32  0.24412  3.70999e+00 | 33  0.14348 -2.65984e+00
 34 -0.19334  5.61978e-01 |

Initial statistics: 34 variables; iteration 0; function evaluation 0; phase 4
Function value 1.8144615e+03; maximum gradient component mag -2.9958e+01
Var    Value     Gradient |Var    Value     Gradient |Var    Value     Gradient
  1 -0.26815 -1.89218e+01 |  2  0.00902 -6.42443e+00 |  3 -0.05784 -1.88697e+01
  4 -0.09113 -1.14260e+01 |  5 -0.58646 -2.28984e+01 |  6 -0.82902 -5.97533e+00
  7  0.16461 -1.44661e+01 |  8  0.22387  3.38794e+00 |  9  0.00913 -6.09639e+00
 10 -0.04858 -6.51552e+00 | 11  0.21291 -1.51524e+00 | 12 -0.00187  1.12236e+01
 13 -0.47129  1.28657e+00 | 14  0.35422 -1.40503e+01 | 15  0.10319  2.16786e+01
 16  0.18078  2.36937e+01 | 17  0.03182 -2.99581e+01 | 18  0.16235  1.17101e+00
 19 -0.00958 -9.89054e-01 | 20  0.37623  2.78210e+00 | 21  0.02772 -6.33660e+00
 22  0.59841 -1.28443e-01 | 23  0.24553  4.76989e-01 | 24 -0.27978  2.69660e+01
 25 -0.25404 -6.02161e+00 | 26  0.49788  3.02077e+00 | 27 -0.59054 -2.67792e-03
 28  0.00093  3.34198e+00 | 29  0.01041  5.37596e-01 | 30 -0.12556  2.55302e+00
 31  0.01426 -1.62608e+01 | 32  0.24412  4.55345e+00 | 33  0.14348 -5.03192e+00
 34 -0.19334 -6.32496e-01 |

Intermediate statistics: 34 variables; iteration 20; function evaluation 23; phase 4
Function value 1.8137580e+03; maximum gradient component mag -3.0626e+01
Var    Value     Gradient |Var    Value     Gradient |Var    Value     Gradient
  1 -0.27449 -3.06258e+01 |  2  0.01071  4.85837e+00 |  3 -0.05522  7.71699e+00
  4 -0.08992  9.87841e+00 |  5 -0.58702  1.76955e+01 |  6 -0.82836  1.17183e+01
  7  0.17428 -2.78163e+00 |  8  0.22220 -1.81524e+01 |  9  0.00826 -7.83428e+00
 10 -0.04418  7.48965e+00 | 11  0.21642  2.76866e+00 | 12 -0.00868  2.17050e+01
 13 -0.47802  3.39841e-01 | 14  0.37873  4.43769e+00 | 15  0.11165 -7.16234e+00
 16  0.17931  5.96128e-01 | 17  0.03451  1.39922e+00 | 18  0.15811  1.43677e+00
 19 -0.01279 -1.20499e+00 | 20  0.37717  3.34238e+00 | 21  0.03000 -5.14074e+00
 22  0.58802  6.08981e-01 | 23  0.24463 -1.56626e+00 | 24 -0.29412 -4.86378e+00
 25 -0.28297  4.99643e-01 | 26  0.39549 -6.81929e-01 | 27 -0.59037 -4.55478e-03
 28  0.00708  7.84602e+00 | 29  0.01241 -2.53960e+00 | 30 -0.13909  2.18800e+00
 31  0.06565  9.14400e-01 | 32  0.27236 -1.38824e+00 | 33  0.09901  6.51934e-01
 34 -0.20187  7.59148e-02 |
34 variables; iteration 40; function evaluation 49; phase 4
Function value 1.8136411e+03; maximum gradient component mag -4.2597e-01
Var    Value     Gradient |Var    Value     Gradient |Var    Value     Gradient
  1 -0.27385 -4.25971e-01 |  2  0.00957  6.20664e-02 |  3 -0.05354  1.18492e-01
  4 -0.09364  1.05002e-01 |  5 -0.58600  2.19125e-01 |  6 -0.82972  1.80708e-01
  7  0.17373 -3.04674e-02 |  8  0.22188 -1.76083e-01 |  9  0.01171 -8.51489e-02
 10 -0.04862  9.91560e-02 | 11  0.21803  4.53734e-02 | 12 -0.00825  2.93500e-01
 13 -0.47928  4.78763e-03 | 14  0.36953  5.86680e-02 | 15  0.10812 -8.99434e-02
 16  0.17763  7.66253e-03 | 17  0.03276  1.89994e-02 | 18  0.15585  2.71447e-02
 19 -0.01197 -2.07076e-02 | 20  0.37496  2.92336e-02 | 21  0.02947 -5.80747e-02
 22  0.56692  7.89725e-03 | 23  0.23966 -5.22045e-02 | 24 -0.28990 -3.66092e-02
 25 -0.27282  6.39997e-03 | 26  0.40001  1.49027e-03 | 27 -0.53184 -3.73670e-03
 28  0.00353  7.90993e-02 | 29  0.01138 -3.17197e-02 | 30 -0.13770  1.97491e-02
 31  0.11724 -6.79062e-02 | 32  0.31998  2.14082e-02 | 33 -0.03352 -1.26942e-02
 34 -0.09894 -3.31826e-02 |
  ic > imax  in fminim is answer attained ?
Var    Value     Gradient |Var    Value     Gradient |Var    Value     Gradient
  1 -0.27361  2.44988e-02 |  2  0.00953 -2.93487e-02 |  3 -0.05352  4.40424e-03
  4 -0.09379 -1.87519e-02 |  5 -0.58596 -7.78310e-02 |  6 -0.82979 -7.84115e-02
  7  0.17333  5.77864e-03 |  8  0.22181  1.25889e-01 |  9  0.01195  4.41330e-02
 10 -0.04882 -4.00234e-02 | 11  0.21833 -2.44107e-02 | 12 -0.00803 -2.57590e-02
 13 -0.47924 -5.34494e-03 | 14  0.36974 -1.86982e-02 | 15  0.10817  3.88352e-02
 16  0.17779 -7.41220e-03 | 17  0.03283 -9.27076e-03 | 18  0.15588 -1.69473e-02
 19 -0.01192  1.37282e-02 | 20  0.37511 -2.00143e-02 | 21  0.02950  3.19526e-02
 22  0.56847  2.71735e-02 | 23  0.23994 -9.60090e-02 | 24 -0.28985  5.31751e-02
 25 -0.27270 -1.09813e-02 | 26  0.40003  8.24110e-03 | 27 -0.40628 -4.09413e-03
 28  0.00351 -4.24065e-02 | 29  0.01143  1.99896e-02 | 30 -0.13769 -1.65112e-02
 31  0.13115  5.94515e-02 | 32  0.33159  7.18302e-03 | 33 -0.07106  2.29905e-02
 34 -0.08914  4.07035e-02 |
Function minimizer not making progress ... is minimum attained?
Minimprove criterion = 0.0000e+00

 - final statistics:
34 variables; iteration 46; function evaluation 88
Function value 1.8136e+03; maximum gradient component mag 1.2589e-01
Exit code = 1;  converg criter 1.0000e-04
Var    Value     Gradient |Var    Value     Gradient |Var    Value     Gradient
  1 -0.27361  2.44988e-02 |  2  0.00953 -2.93487e-02 |  3 -0.05352  4.40424e-03
  4 -0.09379 -1.87519e-02 |  5 -0.58596 -7.78310e-02 |  6 -0.82979 -7.84115e-02
  7  0.17333  5.77864e-03 |  8  0.22181  1.25889e-01 |  9  0.01195  4.41330e-02
 10 -0.04882 -4.00234e-02 | 11  0.21833 -2.44107e-02 | 12 -0.00803 -2.57590e-02
 13 -0.47924 -5.34494e-03 | 14  0.36974 -1.86982e-02 | 15  0.10817  3.88352e-02
 16  0.17779 -7.41220e-03 | 17  0.03283 -9.27076e-03 | 18  0.15588 -1.69473e-02
 19 -0.01192  1.37282e-02 | 20  0.37511 -2.00143e-02 | 21  0.02950  3.19526e-02
 22  0.56847  2.71735e-02 | 23  0.23994 -9.60090e-02 | 24 -0.28985  5.31751e-02
 25 -0.27270 -1.09813e-02 | 26  0.40003  8.24110e-03 | 27 -0.40628 -4.09413e-03
 28  0.00351 -4.24065e-02 | 29  0.01143  1.99896e-02 | 30 -0.13769 -1.65112e-02
 31  0.13115  5.94515e-02 | 32  0.33159  7.18302e-03 | 33 -0.07106  2.29905e-02
 34 -0.08914  4.07035e-02 |
size of file gradfil1.tmp = 0
size of file gradfil2.tmp = 0
size of file varssave.tmp = 0
size of file cmpdiff.tmp = 0
