
Initial statistics: 2 variables; iteration 0; function evaluation 0; phase 1
Function value 3.8022256e+03; maximum gradient component mag 6.3782e+01
Var    Value     Gradient |Var    Value     Gradient |Var    Value     Gradient
  1  0.40967  6.37817e+01 |  2 -0.26198 -9.27335e+00 |

 - final statistics:
2 variables; iteration 1; function evaluation 12
Function value 3.7558e+03; maximum gradient component mag 2.7279e+00
Exit code = 1;  converg criter 1.0000e+01
Var    Value     Gradient |Var    Value     Gradient |Var    Value     Gradient
  1  0.00714 -1.40543e+00 |  2 -0.20346  2.72788e+00 |

Initial statistics: 10 variables; iteration 0; function evaluation 0; phase 2
Function value 3.7557893e+03; maximum gradient component mag -1.0483e+03
Var    Value     Gradient |Var    Value     Gradient |Var    Value     Gradient
  1 -0.22556 -4.06958e+02 |  2  0.00000 -4.44964e+02 |  3 -0.12819 -4.03748e+02
  4  0.03352  7.28701e+01 |  5 -0.28197  1.11340e+02 |  6  0.11199 -1.04829e+03
  7 -0.16086 -2.53910e+02 |  8  0.00000 -5.35501e+01 |  9  0.00714 -1.40543e+00
 10 -0.20346  2.72788e+00 |

Intermediate statistics: 10 variables; iteration 20; function evaluation 31; phase 2
Function value 3.6612193e+03; maximum gradient component mag -6.0216e+01
Var    Value     Gradient |Var    Value     Gradient |Var    Value     Gradient
  1 -0.07177  8.56823e+00 |  2  0.05858 -1.23060e+01 |  3 -0.07302 -1.56127e+01
  4 -0.03527 -3.08121e+00 |  5 -0.45457  6.86258e-02 |  6  0.14093 -6.02158e+01
  7 -0.29089 -2.39975e+01 |  8  0.24002 -4.01942e+00 |  9  0.80467 -3.98843e+00
 10 -0.17181  2.02019e-01 |

 - final statistics:
10 variables; iteration 22; function evaluation 33
Function value 3.6606e+03; maximum gradient component mag -1.8946e+00
Exit code = 1;  converg criter 1.0000e+01
Var    Value     Gradient |Var    Value     Gradient |Var    Value     Gradient
  1 -0.07334 -1.87050e+00 |  2  0.05815  1.63646e+00 |  3 -0.07152  1.55472e+00
  4 -0.03580 -8.94876e-01 |  5 -0.45411 -1.89464e+00 |  6  0.13948 -8.12499e-01
  7 -0.26696 -1.31538e+00 |  8  0.23160 -1.74910e+00 |  9  0.98582 -2.40861e-01
 10 -0.17440 -9.03326e-02 |

Initial statistics: 36 variables; iteration 0; function evaluation 0; phase 3
Function value 3.6606140e+03; maximum gradient component mag 1.4718e+03
Var    Value     Gradient |Var    Value     Gradient |Var    Value     Gradient
  1 -0.07334 -1.87050e+00 |  2  0.05815  1.63646e+00 |  3 -0.07152  1.55472e+00
  4 -0.03580 -8.94876e-01 |  5 -0.45411 -1.89464e+00 |  6  0.13948 -8.12499e-01
  7 -0.26696 -1.31538e+00 |  8  0.23160 -1.74910e+00 |  9  0.98582 -2.40861e-01
 10 -0.17440 -9.03326e-02 | 11 -0.11760 -3.86323e+02 | 12 -0.33425  1.73656e+02
 13 -0.10028  8.43757e+02 | 14  0.25350  2.90030e+02 | 15 -0.21710 -5.80532e+02
 16 -0.11760 -6.25212e+01 | 17 -0.33425  2.66472e+01 | 18 -0.11760 -3.52617e+02
 19 -0.33425  1.51192e+02 | 20 -0.11760 -1.15299e+02 | 21 -0.33425 -8.48543e+00
 22  0.02302  1.47175e+03 | 23 -0.31415 -1.06672e+03 | 24  0.53959  8.09348e+00
 25 -0.62714 -1.07890e-03 | 26  0.00000  5.69820e+02 | 27 -0.21635 -3.54327e+02
 28  0.16024  5.99614e+01 | 29 -0.12294 -5.53159e+01 | 30 -0.16953  3.36724e+01
 31 -0.10028 -1.12728e+02 | 32 -0.34608  9.47132e+01 | 33 -0.03900  2.07975e+02
 34 -0.33425 -1.20801e+02 | 35  0.02302 -5.15177e+01 | 36 -0.16953  5.56821e+01

Intermediate statistics: 36 variables; iteration 20; function evaluation 27; phase 3
Function value 3.2829814e+03; maximum gradient component mag 7.3201e+02
Var    Value     Gradient |Var    Value     Gradient |Var    Value     Gradient
  1  0.16414  7.32013e+02 |  2 -0.00968  1.29082e+02 |  3 -0.05197  1.53106e+02
  4 -0.05540  1.03704e+01 |  5 -0.25164  6.02720e+01 |  6  0.08291  1.73619e+02
  7 -0.00486  9.37283e+01 |  8 -0.12793 -9.71615e+01 |  9  0.99258 -9.22367e-01
 10 -0.17384  2.03916e-01 | 11  0.07526 -3.14920e+02 | 12 -0.23412  2.68419e+02
 13 -0.68177 -2.40001e+01 | 14  0.52828 -3.96556e+01 | 15 -0.09324  3.13672e+02
 16  0.46300 -6.84537e+00 | 17 -0.10371  3.02502e+01 | 18  0.27931 -1.90342e+02
 19 -0.18788  3.09587e+02 | 20  0.25599 -2.32472e+02 | 21 -0.10495  5.04712e+02
 22 -0.33080 -2.38725e+02 | 23 -0.71663  2.04663e+01 | 24  0.59264 -1.27350e+01
 25 -0.62700 -9.87446e-03 | 26  0.09978  3.66817e+01 | 27  0.05839 -1.70995e+01
 28 -0.27885  1.01003e+00 | 29  0.38307 -1.79012e+01 | 30 -0.21266  9.47393e+00
 31  0.28187 -1.01873e+02 | 32 -0.28819  1.97702e+02 | 33  0.05248  2.32554e+02
 34 -0.27870 -3.57401e+02 | 35  0.09576 -6.00121e+01 | 36 -0.17238  4.17536e+01
36 variables; iteration 40; function evaluation 50; phase 3
Function value 3.1700348e+03; maximum gradient component mag -1.8343e+02
Var    Value     Gradient |Var    Value     Gradient |Var    Value     Gradient
  1 -0.02913  9.01842e+01 |  2 -0.00032  1.63727e+01 |  3 -0.07244  7.97875e+00
  4 -0.06403 -3.70536e+00 |  5 -0.36366 -2.13177e+01 |  6  0.10323  9.19243e+01
  7 -0.07531  2.28192e+01 |  8  0.01961  1.64035e+01 |  9  1.74671  5.61304e+00
 10 -0.11158  6.92129e+00 | 11  0.14112 -6.84095e+01 | 12 -0.20677  2.80008e+01
 13 -0.43250 -5.32823e+01 | 14  0.28711 -6.89212e+01 | 15 -0.16002  1.10406e+02
 16  0.29553 -3.60662e-01 | 17 -0.14826  1.80212e+00 | 18  0.34020  1.90375e+01
 19 -0.18520 -4.72242e+01 | 20  0.35807 -8.32904e+00 | 21 -0.08979 -2.38537e+01
 22 -0.21093  4.78640e+01 | 23 -0.47873 -3.24240e+01 | 24  0.50151 -2.56951e-01
 25 -0.59323 -4.75370e-03 | 26  0.13662 -5.61304e+01 | 27  0.15213  1.08165e+01
 28 -0.82856 -4.95707e+00 | 29  0.42257  1.14636e+01 | 30 -0.20334 -2.45042e+01
 31  0.40180 -6.14890e+00 | 32 -0.27877  8.52788e+00 | 33  0.05997 -1.83425e+02
 34 -0.22678  1.78230e+02 | 35  0.14559  6.95597e+00 | 36 -0.13033 -8.39865e+00
36 variables; iteration 60; function evaluation 73; phase 3
Function value 3.1442412e+03; maximum gradient component mag 8.8948e+00
Var    Value     Gradient |Var    Value     Gradient |Var    Value     Gradient
  1 -0.06829  6.93819e+00 |  2 -0.04509 -1.18739e+00 |  3 -0.04963 -8.15585e-01
  4 -0.06931  2.62614e-01 |  5 -0.32636 -7.49666e-01 |  6  0.10325  4.46208e+00
  7 -0.05629  1.70111e+00 |  8 -0.00814  1.96361e+00 |  9  1.86203  1.76328e+00
 10 -0.21941 -1.77472e-01 | 11  0.28991  2.15701e+00 | 12 -0.14450  1.09955e+00
 13 -0.25914 -4.39149e-01 | 14  0.33963 -3.16159e+00 | 15 -0.14778  8.89481e+00
 16  0.31012  7.82318e-01 | 17 -0.14277 -7.16330e-01 | 18  0.37849 -3.81086e+00
 19 -0.17576  3.63093e+00 | 20  0.53720 -1.19402e+00 | 21 -0.05601  8.07016e+00
 22 -0.17666 -6.06938e+00 | 23 -0.34399  6.15717e+00 | 24  0.48758  3.93453e-01
 25 -0.40371 -6.26550e-03 | 26 -0.00007  5.35692e+00 | 27  0.01703 -2.47079e-01
 28 -0.10752  1.60120e+00 | 29  0.47469 -5.93615e-01 | 30 -0.16637  5.37424e-01
 31  0.64725 -1.06604e+00 | 32 -0.24192 -4.34064e-02 | 33  0.14737 -5.77872e+00
 34 -0.18233  4.76226e+00 | 35  0.18391 -4.45064e-01 | 36 -0.10052  1.69461e-01
36 variables; iteration 80; function evaluation 96; phase 3
Function value 3.1411326e+03; maximum gradient component mag 6.4965e+01
Var    Value     Gradient |Var    Value     Gradient |Var    Value     Gradient
  1 -0.06513  2.40209e+01 |  2 -0.06278  1.99359e+00 |  3 -0.03366  6.11852e+00
  4 -0.07231  1.94883e+00 |  5 -0.31513  7.78790e+00 |  6  0.10567  7.71546e+00
  7 -0.05699  6.58624e+00 |  8 -0.01524 -2.51933e+00 |  9  1.85721 -2.63096e+00
 10 -0.18271  3.13323e+00 | 11  0.28043  2.35195e+00 | 12 -0.14925 -9.94484e+00
 13 -0.25692  3.54844e+00 | 14  0.35663 -1.87746e+01 | 15 -0.13857  6.49653e+01
 16  0.26635  5.87854e+00 | 17 -0.16870 -1.40476e+01 | 18  0.39660  1.13981e+00
 19 -0.17008 -2.53225e-01 | 20  0.56241  1.44996e+00 | 21 -0.05360 -8.55384e+00
 22 -0.15725 -5.42907e+01 | 23 -0.32180  2.41838e+01 | 24 -0.15984  1.78334e+00
 25 -0.00060 -1.77999e+01 | 26 -0.02418  3.15849e+00 | 27 -0.02513 -1.26825e+01
 28 -0.08389 -3.38156e+00 | 29  0.60410  3.00359e+00 | 30 -0.12510 -5.25639e+00
 31  0.86969 -6.70504e-01 | 32 -0.22469  1.40204e+01 | 33  0.15364 -9.21487e+00
 34 -0.17902  1.39749e+01 | 35  0.24779  3.00703e+00 | 36 -0.06725 -3.74226e+00
Maximum number of function evaluations exceeded

 - final statistics:
36 variables; iteration 85; function evaluation 100
Function value 3.1399e+03; maximum gradient component mag -8.8355e+00
Exit code = 3;  converg criter 1.0000e+00
Var    Value     Gradient |Var    Value     Gradient |Var    Value     Gradient
  1 -0.07701  2.55628e+00 |  2 -0.05414 -2.66480e+00 |  3 -0.04091 -1.43120e+00
  4 -0.07073 -1.05861e+00 |  5 -0.32712 -4.72248e-01 |  6  0.10566 -6.67519e+00
  7 -0.05962 -9.35751e-01 |  8 -0.01081 -5.48683e-01 |  9  1.87594  5.88051e-01
 10 -0.21860  1.78479e-01 | 11  0.28107 -2.07546e+00 | 12 -0.14846 -1.07736e+00
 13 -0.25967 -6.26628e-01 | 14  0.33662 -1.58270e+00 | 15 -0.14953 -8.15046e-01
 16  0.28610  2.64809e-01 | 17 -0.15216 -5.52162e-01 | 18  0.38909 -1.89170e+00
 19 -0.17268  2.83195e+00 | 20  0.57265  6.74281e-01 | 21 -0.05112 -3.59065e-01
 22 -0.13808 -8.83548e+00 | 23 -0.30854  5.76699e+00 | 24 -0.22827  1.15385e+00
 25 -0.00410 -6.21763e+00 | 26 -0.00834  2.40600e-01 | 27  0.01046  4.59661e-01
 28 -0.09956  1.52911e-02 | 29  0.59734  1.33898e+00 | 30 -0.12330  9.33505e-01
 31  0.89223 -2.52958e-01 | 32 -0.22482  4.64787e+00 | 33  0.15404  1.46788e+00
 34 -0.17856 -2.59001e+00 | 35  0.21988  2.43545e+00 | 36 -0.07970 -2.87848e+00

Initial statistics: 93 variables; iteration 0; function evaluation 0; phase 4
Function value 3.1399099e+03; maximum gradient component mag -5.8166e+02
Var    Value     Gradient |Var    Value     Gradient |Var    Value     Gradient
  1 -0.07701  2.55628e+00 |  2 -0.05414 -2.66480e+00 |  3 -0.04091 -1.43120e+00
  4 -0.07073 -1.05861e+00 |  5 -0.32712 -4.72248e-01 |  6  0.10566 -6.67519e+00
  7 -0.05962 -9.35751e-01 |  8 -0.01081 -5.48683e-01 |  9  0.12406 -5.88051e-01
 10  0.00000 -1.61295e+01 | 11  0.00000 -2.08566e+01 | 12  0.00000 -2.37833e+01
 13  0.00000 -1.83524e+01 | 14  0.00000 -1.50503e+01 | 15  0.00000 -2.70443e+01
 16  0.00000 -4.48208e+01 | 17  0.00000 -5.52909e+01 | 18  0.00000  1.96330e+01
 19  0.00000  9.35041e+01 | 20  0.00000  6.57549e+01 | 21  0.00000 -2.37054e+01
 22  0.00000  9.32604e+01 | 23  0.00000  1.92960e+02 | 24  0.00000  1.96551e+02
 25  0.00000 -3.15126e+01 | 26  0.00000 -3.34219e+02 | 27  0.00000 -1.33715e+01
 28  0.00000  2.98080e+01 | 29  0.00000  1.93786e+01 | 30  0.00000 -2.36712e+01
 31  0.00000 -2.35960e+01 | 32  0.00000  2.53399e+01 | 33  0.00000  2.92999e+01
 34  0.00000  5.38820e+01 | 35  0.00000  1.05808e+00 | 36  0.00000  7.85847e+01
 37  0.00000  8.68544e+01 | 38  0.00000  1.40462e+02 | 39  0.00000  1.30547e+02
 40  0.00000 -1.71419e+02 | 41  0.00000 -5.81657e+02 | 42  0.00000 -8.96257e+01
 43  0.00000  4.54985e+01 | 44  0.00000  8.86720e+01 | 45  0.00000 -4.77077e+01
 46  0.00000  1.26526e+02 | 47  0.00000  1.98532e+02 | 48  0.00000  2.08505e+02
 49  0.00000  1.17642e+02 | 50  0.00000  9.22361e+01 | 51  0.00000 -1.09888e+02
 52  0.00000 -1.85213e+02 | 53  0.00000 -2.63098e+01 | 54  0.00000 -1.35681e+02
 55  0.00000 -2.28037e+02 | 56  0.00000 -4.21689e+01 | 57  0.00000 -8.21871e+01
 58  0.00000  2.47598e+01 | 59  0.00000  5.03266e+01 | 60  0.00000  9.98564e+01
 61  0.00000  7.63493e+01 | 62  0.00000  2.12051e+01 | 63  0.00000 -3.26617e+01
 64  0.00000  2.94705e+01 | 65  0.00000 -1.04463e+01 | 66  0.00000 -2.20512e+01
 67 -0.21860  1.78479e-01 | 68  0.28107 -2.07546e+00 | 69 -0.14846 -1.07736e+00
 70 -0.25967 -6.26628e-01 | 71  0.33662 -1.58270e+00 | 72 -0.14953 -8.15046e-01
 73  0.28610  2.64809e-01 | 74 -0.15216 -5.52162e-01 | 75  0.38909 -1.89170e+00
 76 -0.17268  2.83195e+00 | 77  0.57265  6.74281e-01 | 78 -0.05112 -3.59065e-01
 79 -0.13808 -8.83548e+00 | 80 -0.30854  5.76699e+00 | 81 -0.22827  1.15385e+00
 82 -0.00410 -6.21763e+00 | 83 -0.00834  2.40600e-01 | 84  0.01046  4.59661e-01
 85 -0.09956  1.52911e-02 | 86  0.59734  1.33898e+00 | 87 -0.12330  9.33505e-01
 88  0.89223 -2.52958e-01 | 89 -0.22482  4.64787e+00 | 90  0.15404  1.46788e+00
 91 -0.17856 -2.59001e+00 | 92  0.21988  2.43545e+00 | 93 -0.07970 -2.87848e+00

Intermediate statistics: 93 variables; iteration 20; function evaluation 27; phase 4
Function value 2.6937286e+03; maximum gradient component mag -1.0871e+03
Var    Value     Gradient |Var    Value     Gradient |Var    Value     Gradient
  1 -0.07990 -1.22847e+02 |  2 -0.09151 -1.87771e+02 |  3  0.01176 -1.14400e+02
  4 -0.03784 -9.98173e+01 |  5 -0.31740 -9.02070e+01 |  6  0.07957 -1.08708e+03
  7 -0.06848 -2.33794e+02 |  8 -0.01871 -1.06605e+02 |  9  0.07897  7.99846e+01
 10  0.11644 -8.10255e+00 | 11  0.11039 -5.09258e+00 | 12  0.10212 -3.64838e+00
 13  0.04457 -4.19709e+00 | 14  0.01029 -5.43983e+00 | 15  0.04016 -4.76580e+00
 16  0.04957 -1.12971e-01 | 17  0.14029  6.06377e+00 | 18 -0.06047 -9.24362e+00
 19 -0.09003 -1.04942e+01 | 20 -0.06445 -1.47519e+01 | 21  0.10083 -3.31803e+00
 22 -0.05352 -1.14232e+01 | 23 -0.15025 -5.84264e+00 | 24 -0.18258 -7.30176e+00
 25 -0.38174 -2.91183e+01 | 26  0.25784  2.48312e+01 | 27 -0.28767 -2.01727e+01
 28  0.02535 -7.48048e+00 | 29  0.00293 -1.35408e+01 | 30  0.04370 -1.94091e+01
 31  0.04112 -1.83859e+01 | 32 -0.03417 -1.09929e+01 | 33  0.00828 -1.00211e+01
 34 -0.11596 -8.48126e+00 | 35  0.05362 -8.31979e+00 | 36 -0.10476 -6.39150e+00
 37 -0.03275 -4.09478e+00 | 38 -0.10835  2.54800e+00 | 39 -0.12339  2.14886e+00
 40 -0.25902 -3.34292e+01 | 41  0.38168 -1.86297e+02 | 42 -0.18630 -2.72660e+01
 43  0.04431  4.07644e+00 | 44 -0.01805 -1.20690e+00 | 45  0.10682 -2.00940e+01
 46 -0.09213 -3.05642e+00 | 47 -0.22896  2.22063e+00 | 48 -0.26301  4.29301e+00
 49 -0.06470 -5.85749e-01 | 50 -0.04390  1.09402e+00 | 51  0.14235 -6.48132e+00
 52  0.18756 -3.32572e+01 | 53  0.02706 -1.58604e+01 | 54  0.17373 -2.23663e+01
 55  0.25966 -5.00566e+01 | 56  0.01726 -1.88968e+01 | 57  0.17393 -3.69826e+00
 58  0.02262 -6.27506e+00 | 59  0.01342 -4.82244e+00 | 60 -0.11715 -5.90036e+00
 61 -0.06408 -9.17692e+00 | 62  0.04200 -1.09737e+01 | 63  0.10234 -1.24307e+01
 64 -0.05572 -1.44764e+01 | 65  0.08881 -1.68460e+01 | 66  0.18499 -2.07807e+01
 67 -0.12774  1.60966e-01 | 68  0.27257 -2.04898e+01 | 69 -0.14170  6.59049e+01
 70 -0.26075 -9.47981e+00 | 71  0.33320  4.50152e+01 | 72 -0.15945 -1.07493e+02
 73  0.31146 -4.61209e+00 | 74 -0.13990  8.01755e+00 | 75  0.37872 -1.93573e+00
 76 -0.17127  1.39989e+01 | 77  0.51981  2.57445e+01 | 78 -0.05825 -1.23344e+02
 79 -0.14025 -5.21385e+01 | 80 -0.31162  2.51508e+01 | 81 -0.22520 -1.50698e+00
 82 -0.02723 -6.40665e+01 | 83 -0.01680 -2.69062e+01 | 84 -0.01060  4.74890e+00
 85 -0.10076 -9.80720e+00 | 86  0.58408  7.89307e-01 | 87 -0.12496  3.54796e-02
 88  0.89130  3.95516e+00 | 89 -0.22872 -1.19144e+02 | 90  0.14211 -7.90309e+00
 91 -0.18271  5.09032e+01 | 92  0.21233 -2.17389e+01 | 93 -0.08133  3.52181e+01
93 variables; iteration 40; function evaluation 48; phase 4
Function value 2.6752646e+03; maximum gradient component mag -4.3331e+02
Var    Value     Gradient |Var    Value     Gradient |Var    Value     Gradient
  1 -0.07192 -1.14629e+01 |  2 -0.08450 -8.20768e+01 |  3  0.00944 -4.63138e+01
  4 -0.03921 -5.35714e+01 |  5 -0.32621 -4.81123e+01 |  6  0.09724 -4.33309e+02
  7 -0.08051 -1.00684e+02 |  8  0.00447 -3.90023e+01 |  9  0.09617  1.56600e+01
 10  0.13544 -2.89956e-01 | 11  0.08873  2.53130e-01 | 12  0.10818  3.14503e+00
 13  0.04390  2.92101e+00 | 14  0.00771  8.49205e-01 | 15  0.04508 -2.23153e+00
 16  0.03565 -4.15065e+00 | 17  0.12866 -1.42859e+01 | 18 -0.06517 -5.80633e+00
 19 -0.09781 -3.31509e+00 | 20 -0.06494 -4.72933e+00 | 21  0.09039 -3.69769e-01
 22 -0.04663  4.76540e+00 | 23 -0.15129  8.44136e+00 | 24 -0.15765  8.98748e+00
 25 -0.61449 -1.68488e+01 | 26  0.25242  5.62848e+00 | 27 -0.21146 -2.47861e+00
 28  0.03130  1.22410e+01 | 29  0.00519 -1.91176e+00 | 30  0.03617 -1.65438e+01
 31  0.04346 -9.16408e+00 | 32 -0.03142  3.50027e+00 | 33  0.02470  1.34516e+01
 34 -0.13432  9.63751e-01 | 35  0.05542 -9.44145e-01 | 36 -0.10989  9.22024e-01
 37 -0.03506 -8.68329e-01 | 38 -0.11036  7.27324e+00 | 39 -0.15216  4.70769e+00
 40 -0.17360 -1.75081e+01 | 41  0.41827 -7.35096e+01 | 42 -0.16359 -1.35007e+01
 43  0.03272  6.67373e-01 | 44 -0.01651  5.92107e+00 | 45  0.12350  1.01705e+00
 46 -0.08693  7.97544e+00 | 47 -0.22382  1.27510e+01 | 48 -0.27379  1.09356e+01
 49 -0.06467  7.61540e+00 | 50 -0.03950  9.69406e+00 | 51  0.14800 -1.68313e+00
 52  0.19087 -3.20907e+01 | 53  0.02316 -9.42168e+00 | 54  0.17473 -1.37202e+01
 55  0.28724 -1.45664e+01 | 56  0.01330 -9.20242e+00 | 57  0.16936  1.52429e-01
 58  0.01344 -1.36204e+00 | 59  0.00459  1.20553e+00 | 60 -0.11845  5.73598e+00
 61 -0.05916  3.85630e+00 | 62  0.02100 -6.70463e+00 | 63  0.10539  2.00644e+00
 64 -0.04417 -3.42106e-01 | 65  0.10091 -3.49279e+00 | 66  0.21829 -6.04147e+00
 67 -0.13625 -3.07415e+00 | 68  0.26791 -4.76796e+00 | 69 -0.14479  1.77966e+01
 70 -0.25233  6.24614e+00 | 71  0.34634  2.52931e+01 | 72 -0.15158 -5.38466e+01
 73  0.57911 -5.38646e+00 | 74 -0.06228  3.34938e+01 | 75  0.38785  3.73613e+00
 76 -0.16845  2.27106e+00 | 77  0.39764 -7.52824e+00 | 78 -0.07361  2.14572e+01
 79 -0.13642 -2.79598e+01 | 80 -0.31562  1.05498e+01 | 81 -0.23219 -1.97375e+00
 82 -0.03029 -3.48824e+01 | 83 -0.01989 -1.63383e+01 | 84 -0.01096  6.52276e+00
 85 -0.09389 -4.37203e+00 | 86  0.47704 -6.60436e+00 | 87 -0.15624  1.12199e+01
 88  0.59307 -1.14575e+01 | 89 -0.23109  8.10927e+01 | 90  0.13640  2.83618e+01
 91 -0.18550 -1.73430e+01 | 92  0.19593 -5.68395e+00 | 93 -0.09478  1.17718e+01
93 variables; iteration 60; function evaluation 70; phase 4
Function value 2.6652550e+03; maximum gradient component mag 5.6993e+01
Var    Value     Gradient |Var    Value     Gradient |Var    Value     Gradient
  1 -0.08030  5.69928e+01 |  2 -0.08986 -6.57166e+00 |  3  0.00933 -8.89598e+00
  4 -0.04321 -3.04439e+01 |  5 -0.31503  2.84966e+00 |  6  0.10760  1.33240e+01
  7 -0.07211 -4.19983e+00 |  8  0.04200 -1.73610e+01 |  9  0.07598 -3.09542e+01
 10  0.13597  2.01582e+00 | 11  0.10942  3.17349e+00 | 12  0.09209  2.47512e+00
 13  0.03090  4.15690e+00 | 14  0.00175  5.02870e+00 | 15  0.05759  5.05666e+00
 16  0.02457  4.61141e+00 | 17  0.14540  3.17353e+00 | 18 -0.06545  5.33026e+00
 19 -0.08687  9.20078e+00 | 20 -0.05254  8.73581e+00 | 21  0.09072  8.37426e-01
 22 -0.05599  2.59435e+00 | 23 -0.15770  1.01202e+01 | 24 -0.20604  8.93696e+00
 25 -0.27115 -8.63002e+00 | 26  0.24441 -3.47174e+01 | 27 -0.36504 -8.01751e+00
 28  0.02713  6.37482e+00 | 29 -0.00298  5.81626e+00 | 30  0.04227  4.57481e+00
 31  0.04694  8.62551e+00 | 32 -0.04084  6.16459e+00 | 33  0.00292  9.99679e-01
 34 -0.15359  3.29113e+00 | 35  0.05846  7.99783e+00 | 36 -0.12338  6.53348e+00
 37 -0.02745  8.73909e+00 | 38 -0.11538  1.07726e+01 | 39 -0.15953  6.32351e+00
 40 -0.27308 -1.42980e+01 | 41  0.45687  1.03106e+01 | 42 -0.20058 -1.03764e+01
 43  0.04628  7.28342e+00 | 44 -0.02421  7.21224e+00 | 45  0.13382  5.66762e-01
 46 -0.09490  7.65569e+00 | 47 -0.26673  7.70302e+00 | 48 -0.32128  8.03122e+00
 49 -0.06551  7.99125e+00 | 50 -0.06664  3.70018e+00 | 51  0.16002  2.86604e+00
 52  0.22914  1.31622e+01 | 53  0.03962  3.44827e+00 | 54  0.19750  3.70490e+00
 55  0.30599  6.73529e+00 | 56  0.03093  2.82613e+00 | 57  0.17480  1.47938e+00
 58  0.01390  6.34699e-01 | 59  0.02853  9.78735e+00 | 60 -0.14449  6.00970e+00
 61 -0.06725  7.54416e+00 | 62  0.05771  1.07733e+01 | 63  0.11330  3.77307e+00
 64 -0.05041  3.70371e+00 | 65  0.11712  6.02619e+00 | 66  0.26825  6.11701e+00
 67 -0.05943  1.62598e+00 | 68  0.27257 -1.99984e+01 | 69 -0.14101  4.95612e+01
 70 -0.25810 -2.53358e+00 | 71  0.33293 -4.39946e+00 | 72 -0.15417  4.90970e+00
 73  0.61060 -4.78060e+00 | 74 -0.05701  3.26232e+01 | 75  0.37841 -5.11739e+00
 76 -0.17164  1.12714e+01 | 77  0.41952 -1.51236e+00 | 78 -0.06807  3.89494e+00
 79 -0.13453  1.19051e+01 | 80 -0.31950 -6.20305e+00 | 81 -0.21629  1.01231e+00
 82 -0.02815  1.15130e+01 | 83 -0.01351  1.92038e+01 | 84 -0.02139 -9.58584e+00
 85 -0.09117  5.22931e+00 | 86  0.63435 -2.31885e+00 | 87 -0.10560  1.45783e+01
 88  0.76778  2.41161e+00 | 89 -0.22680 -3.43524e+01 | 90  0.10785 -1.84602e+01
 91 -0.19867  2.13973e+01 | 92  0.11885 -4.05400e+00 | 93 -0.14511  6.56251e+00
93 variables; iteration 80; function evaluation 92; phase 4
Function value 2.6592914e+03; maximum gradient component mag -2.9579e+01
Var    Value     Gradient |Var    Value     Gradient |Var    Value     Gradient
  1 -0.09930  3.22691e+00 |  2 -0.04733 -1.32284e+00 |  3 -0.03311 -1.49711e+01
  4 -0.02598 -1.99363e+01 |  5 -0.35273  1.00088e+01 |  6  0.09682  1.41551e+00
  7 -0.04991 -7.11566e+00 |  8  0.13453 -9.35757e+00 |  9  0.04490 -5.97503e+00
 10  0.12529 -6.38678e+00 | 11  0.09624 -5.22821e+00 | 12  0.11735 -4.52630e+00
 13  0.00189 -4.76646e+00 | 14  0.02159 -5.21933e-01 | 15  0.06540 -2.35964e+00
 16  0.00235 -6.11708e+00 | 17  0.15381 -6.58766e+00 | 18 -0.06871 -3.27382e+00
 19 -0.08176  2.59358e+00 | 20 -0.04433  4.39051e+00 | 21  0.09214 -4.77213e+00
 22 -0.04558  6.90817e-01 | 23 -0.14566  8.12180e+00 | 24 -0.19606  7.51217e+00
 25 -0.20465 -5.61926e+00 | 26  0.25138  1.02412e+00 | 27 -0.23593 -7.89486e+00
 28  0.01074 -7.76835e+00 | 29  0.01132  1.34742e+00 | 30  0.04672 -1.91113e+00
 31  0.04031 -5.76852e+00 | 32 -0.03942 -3.05542e+00 | 33  0.00425 -2.16882e+00
 34 -0.13077  4.71038e-01 | 35  0.05191 -1.65454e-01 | 36 -0.12196 -6.78537e-01
 37 -0.03604 -1.23592e+00 | 38 -0.13046 -1.58844e-01 | 39 -0.15808  5.98098e-01
 40 -0.26349 -2.03851e+01 | 41  0.43818 -2.88014e+00 | 42 -0.11424 -6.69680e+00
 43  0.03142 -3.25372e+00 | 44 -0.07027 -5.13774e+00 | 45  0.13470 -3.20996e+00
 46 -0.11029 -7.60260e+00 | 47 -0.26093  2.30334e+00 | 48 -0.36637 -3.13075e+00
 49 -0.08111  4.27367e-01 | 50 -0.08956  1.09250e+00 | 51  0.14919 -7.33936e+00
 52  0.21734 -6.45383e+00 | 53  0.03188 -4.47530e+00 | 54  0.19296 -1.04908e+00
 55  0.28616 -1.10172e+01 | 56  0.03477 -1.73265e-02 | 57  0.15922 -7.20200e+00
 58  0.04796  2.43331e+00 | 59  0.00642 -2.29857e+00 | 60 -0.16221 -4.11544e+00
 61 -0.09824 -5.52215e+00 | 62  0.03562 -2.65507e+00 | 63  0.12051  3.37049e+00
 64 -0.06554 -6.03826e+00 | 65  0.07858 -7.46766e+00 | 66  0.26910 -3.30578e-02
 67 -0.18386 -8.22427e+00 | 68  0.24513  6.07718e+00 | 69 -0.15399 -2.95792e+01
 70 -0.25617  4.38258e+00 | 71  0.32471 -4.49999e+00 | 72 -0.15426  3.90845e+00
 73  0.32112  5.59987e+00 | 74 -0.14515 -2.04062e+01 | 75  0.37100  4.30055e-01
 76 -0.17376 -6.52315e+00 | 77  0.41883  1.69392e+00 | 78 -0.06544 -1.14826e+00
 79 -0.13233 -2.63071e-01 | 80 -0.30829  5.77582e+00 | 81 -0.19394  2.13097e+00
 82 -0.03304 -8.48318e-01 | 83 -0.00815 -7.27987e+00 | 84  0.00220  7.13426e+00
 85 -0.11842 -1.21396e+00 | 86  0.46156 -1.81448e+00 | 87 -0.17004 -2.53837e-01
 88  0.72719 -2.21738e+00 | 89 -0.22115  2.72824e+01 | 90  0.10297  1.54667e+01
 91 -0.20031 -9.61139e+00 | 92  0.08941  6.79200e+00 | 93 -0.17415 -9.35549e+00
93 variables; iteration 100; function evaluation 119; phase 4
Function value 2.6563563e+03; maximum gradient component mag 2.3305e+01
Var    Value     Gradient |Var    Value     Gradient |Var    Value     Gradient
  1 -0.09779 -9.65101e+00 |  2 -0.05794  6.40905e+00 |  3 -0.01779  6.65772e+00
  4 -0.02317 -2.03109e+00 |  5 -0.35872  1.41735e+00 |  6  0.10014  2.33047e+01
  7 -0.05748  4.76351e+00 |  8  0.13689 -3.75688e+00 |  9  0.05601  3.42559e+00
 10  0.10676 -2.43988e+00 | 11  0.10588 -5.62629e-01 | 12  0.11846 -4.96227e-01
 13  0.01445 -3.27404e+00 | 14 -0.02632 -4.57887e+00 | 15  0.06740 -2.90017e+00
 16  0.01617 -3.73822e+00 | 17  0.14205 -4.98038e+00 | 18 -0.04590 -5.84692e-01
 19 -0.10847 -1.97396e+00 | 20 -0.05201  1.37802e+00 | 21  0.09111 -9.55819e-01
 22 -0.05028  1.00289e+00 | 23 -0.15409  5.09216e+00 | 24 -0.24212 -1.41394e+00
 25 -0.21492 -7.18028e+00 | 26  0.24572 -9.30592e+00 | 27 -0.22083 -5.45420e+00
 28  0.01089 -4.49536e+00 | 29  0.00498 -3.48028e-01 | 30  0.04221 -4.58766e+00
 31  0.03501 -5.48102e+00 | 32 -0.02668  2.79182e+00 | 33 -0.00455 -5.01704e+00
 34 -0.13741 -7.34042e-01 | 35  0.05036 -1.19766e+00 | 36 -0.12147 -8.07163e-02
 37 -0.04076 -3.11543e+00 | 38 -0.12739  4.80325e-01 | 39 -0.18068 -9.58761e-02
 40 -0.12629 -1.01890e+01 | 41  0.43921 -1.92772e+00 | 42 -0.14968 -1.18396e+01
 43  0.03571 -1.84741e+00 | 44 -0.05961 -4.25555e-01 | 45  0.13472 -3.48673e+00
 46 -0.10191 -3.49414e+00 | 47 -0.26361  2.16516e+00 | 48 -0.33986  7.92695e-01
 49 -0.08575 -1.40969e+00 | 50 -0.08968  9.51999e-01 | 51  0.15238 -4.28743e+00
 52  0.22061 -2.75943e+00 | 53  0.03283 -3.90482e+00 | 54  0.18661 -5.68818e+00
 55  0.29434 -2.93880e+00 | 56  0.00614 -9.70341e+00 | 57  0.16396 -3.72125e+00
 58  0.03536 -2.36236e+00 | 59  0.00478 -2.60744e+00 | 60 -0.16375 -2.82909e+00
 61 -0.07686  4.81746e-02 | 62  0.02800 -3.92139e+00 | 63  0.11153 -3.62012e+00
 64 -0.04799 -1.74649e+00 | 65  0.10652 -1.93521e+00 | 66  0.26773  2.33866e-01
 67 -0.11173 -8.34702e-01 | 68  0.26256  2.68324e+00 | 69 -0.14451 -6.22719e+00
 70 -0.25900 -9.66934e-01 | 71  0.33332 -1.69026e+00 | 72 -0.15096  4.42923e+00
 73  0.28562  5.25086e+00 | 74 -0.15862 -1.91252e+01 | 75  0.37440  4.01249e-01
 76 -0.17139 -2.34485e+00 | 77  0.40620  2.15615e+00 | 78 -0.06793 -6.62481e+00
 79 -0.12922  1.22858e+00 | 80 -0.30762  2.18312e+00 | 81 -0.22223 -6.26592e-01
 82 -0.03365  1.07744e+00 | 83 -0.01215  3.76969e+00 | 84 -0.01419 -3.66918e+00
 85 -0.11504 -8.24746e-01 | 86  0.51727  3.07988e+00 | 87 -0.14989 -7.56178e+00
 88  0.83666 -4.58842e-01 | 89 -0.21507  1.24376e+01 | 90  0.08314 -9.19384e+00
 91 -0.21240  1.11919e+01 | 92  0.10097  1.19416e+01 | 93 -0.16511 -1.15948e+01
93 variables; iteration 120; function evaluation 140; phase 4
Function value 2.6544431e+03; maximum gradient component mag 1.1454e+00
Var    Value     Gradient |Var    Value     Gradient |Var    Value     Gradient
  1 -0.09272 -1.55149e-01 |  2 -0.05507  2.56123e-01 |  3 -0.02305  2.45220e-01
  4 -0.02260  2.79675e-01 |  5 -0.36159  3.57214e-02 |  6  0.09975  1.14538e+00
  7 -0.06047  2.37948e-01 |  8  0.14180  2.44945e-01 |  9  0.06525  1.90736e-01
 10  0.12667  5.43004e-02 | 11  0.08985  5.47391e-02 | 12  0.10616  6.26181e-02
 13  0.02532  6.26418e-02 | 14 -0.00819  1.97711e-02 | 15  0.05437  6.48973e-03
 16  0.01743  5.24074e-02 | 17  0.14535  4.52783e-02 | 18 -0.06294  6.32556e-02
 19 -0.10089  9.48388e-02 | 20 -0.06484  9.99322e-02 | 21  0.09175  1.40185e-01
 22 -0.05213  1.32460e-01 | 23 -0.18050  1.44189e-01 | 24 -0.24607  1.06425e-01
 25 -0.18319 -3.87586e-03 | 26  0.24410  1.17415e-02 | 27 -0.19948  2.97591e-03
 28  0.01196  7.56999e-02 | 29 -0.00079  7.12256e-02 | 30  0.04383  6.95232e-02
 31  0.04061  6.01713e-02 | 32 -0.04465  4.73461e-02 | 33  0.00412  2.62448e-02
 34 -0.15201  2.18373e-02 | 35  0.05171  1.28236e-02 | 36 -0.13236  6.57051e-02
 37 -0.03538  6.63710e-02 | 38 -0.13887  7.82773e-02 | 39 -0.19979  5.26152e-02
 40 -0.07334  5.72313e-02 | 41  0.43913  3.25087e-02 | 42 -0.09238 -3.18789e-03
 43  0.03329  4.91596e-02 | 44 -0.06422  5.59296e-02 | 45  0.13675  3.11391e-02
 46 -0.09899  1.14786e-01 | 47 -0.28340  1.01359e-01 | 48 -0.36224  1.11029e-01
 49 -0.08536  4.60822e-02 | 50 -0.10067  6.06127e-02 | 51  0.15584  2.36832e-02
 52  0.22320  1.77828e-02 | 53  0.03732  2.47121e-02 | 54  0.19177  2.91388e-03
 55  0.29594  7.20371e-02 | 56  0.02674  3.25885e-02 | 57  0.16548  4.86859e-02
 58  0.03595  4.44087e-02 | 59  0.00558  6.06981e-02 | 60 -0.15920  9.68216e-02
 61 -0.08979  8.97849e-02 | 62  0.03127  7.02088e-03 | 63  0.11146  1.40901e-02
 64 -0.05352  6.85587e-02 | 65  0.10087  7.09402e-02 | 66  0.24015  4.13968e-02
 67 -0.09788  2.96212e-03 | 68  0.26059  5.79684e-02 | 69 -0.14473 -1.21887e-01
 70 -0.25831 -2.30586e-02 | 71  0.33391  3.13822e-02 | 72 -0.15143 -1.86388e-02
 73  0.71366 -1.14974e-01 | 74 -0.05593  5.87906e-01 | 75  0.37520  4.57668e-02
 76 -0.17082 -1.04994e-01 | 77  0.39829 -3.99638e-02 | 78 -0.06942 -9.64600e-03
 79 -0.13542  7.75529e-02 | 80 -0.31868 -3.75739e-02 | 81 -0.19966  1.40145e-02
 82 -0.03387  5.14701e-02 | 83 -0.01479  7.82688e-02 | 84 -0.01368 -2.89944e-02
 85 -0.10718  2.12571e-02 | 86  0.50906 -6.11392e-02 | 87 -0.14838  1.23327e-01
 88  0.65417  4.68339e-02 | 89 -0.23062 -1.00212e+00 | 90  0.08237  9.24513e-02
 91 -0.21389 -3.87324e-01 | 92  0.08611  5.77917e-03 | 93 -0.17282  2.89635e-02
93 variables; iteration 140; function evaluation 160; phase 4
Function value 2.6544397e+03; maximum gradient component mag 8.1033e-04
Var    Value     Gradient |Var    Value     Gradient |Var    Value     Gradient
  1 -0.09273 -2.90423e-04 |  2 -0.05581 -6.65939e-06 |  3 -0.02256 -1.50473e-04
  4 -0.02286 -2.48822e-04 |  5 -0.36136  2.38408e-05 |  6  0.09981 -6.96150e-04
  7 -0.06044 -2.39328e-04 |  8  0.14172 -1.58229e-04 |  9  0.06496  2.79454e-04
 10  0.12682  4.36858e-05 | 11  0.08996  6.37473e-05 | 12  0.10607  5.88292e-05
 13  0.02510  8.86503e-05 | 14 -0.00795  1.54275e-04 | 15  0.05454  1.16111e-04
 16  0.01734  1.14699e-04 | 17  0.14546  8.25612e-05 | 18 -0.06287  1.05444e-04
 19 -0.10092  7.66311e-05 | 20 -0.06476  5.30525e-05 | 21  0.09184  1.95787e-08
 22 -0.05208  2.50506e-05 | 23 -0.18069  5.17111e-05 | 24 -0.24632  5.15343e-05
 25 -0.18264  1.58280e-04 | 26  0.24405  2.45325e-04 | 27 -0.19909  1.01097e-04
 28  0.01189  5.60222e-05 | 29 -0.00081  5.48604e-05 | 30  0.04382  3.37088e-05
 31  0.04062  4.25619e-05 | 32 -0.04464  3.69001e-05 | 33  0.00411  6.14915e-05
 34 -0.15189  6.03645e-05 | 35  0.05163  8.15240e-05 | 36 -0.13251  5.41972e-05
 37 -0.03550  7.11212e-05 | 38 -0.13905  7.08643e-05 | 39 -0.19986  6.81659e-05
 40 -0.07336  9.32355e-05 | 41  0.43909  4.03810e-05 | 42 -0.09214  1.24954e-04
 43  0.03326  6.18672e-05 | 44 -0.06423  4.06087e-05 | 45  0.13672  2.80118e-05
 46 -0.09922  1.37500e-05 | 47 -0.28376  5.79650e-05 | 48 -0.36279  4.97585e-05
 49 -0.08539  7.93448e-05 | 50 -0.10065  2.64052e-05 | 51  0.15584  4.03710e-05
 52  0.22319  3.85732e-06 | 53  0.03737  7.15150e-05 | 54  0.19188  6.91094e-05
 55  0.29594  8.19256e-06 | 56  0.02680  9.51066e-05 | 57  0.16557  4.89985e-05
 58  0.03596  6.76388e-05 | 59  0.00563  6.83058e-05 | 60 -0.15938  6.57847e-05
 61 -0.08986  1.56742e-05 | 62  0.03147  8.83753e-05 | 63  0.11149  7.83456e-05
 64 -0.05361  7.04154e-05 | 65  0.10075  4.08694e-05 | 66  0.24020  3.06588e-05
 67 -0.09801 -5.36165e-06 | 68  0.26114  1.20396e-04 | 69 -0.14458 -3.47116e-04
 70 -0.25829  3.20730e-05 | 71  0.33410 -2.70019e-05 | 72 -0.15140  7.04446e-05
 73  0.77250 -8.65052e-06 | 74 -0.05137  4.54867e-05 | 75  0.37569  4.46807e-05
 76 -0.17072 -1.23173e-04 | 77  0.39953  2.88874e-05 | 78 -0.06920 -3.03638e-04
 79 -0.13540 -7.00145e-05 | 80 -0.31863  3.22836e-05 | 81 -0.19992 -1.54425e-05
 82 -0.03384 -4.34819e-05 | 83 -0.01479 -5.52346e-05 | 84 -0.01365  3.72026e-05
 85 -0.10717 -1.70850e-05 | 86  0.51044  1.33206e-04 | 87 -0.14803 -4.03317e-04
 88  0.69532 -7.95431e-05 | 89 -0.22630  8.10326e-04 | 90  0.08346  1.35531e-04
 91 -0.21312 -1.39518e-04 | 92  0.08623 -2.20730e-04 | 93 -0.17276  2.97702e-04
  ic > imax  in fminim is answer attained ?
Var    Value     Gradient |Var    Value     Gradient |Var    Value     Gradient
  1 -0.09273 -2.90423e-04 |  2 -0.05581 -6.65939e-06 |  3 -0.02256 -1.50473e-04
  4 -0.02286 -2.48822e-04 |  5 -0.36136  2.38408e-05 |  6  0.09981 -6.96150e-04
  7 -0.06044 -2.39328e-04 |  8  0.14172 -1.58229e-04 |  9  0.06496  2.79454e-04
 10  0.12682  4.36858e-05 | 11  0.08996  6.37473e-05 | 12  0.10607  5.88292e-05
 13  0.02510  8.86503e-05 | 14 -0.00795  1.54275e-04 | 15  0.05454  1.16111e-04
 16  0.01734  1.14699e-04 | 17  0.14546  8.25612e-05 | 18 -0.06287  1.05444e-04
 19 -0.10092  7.66311e-05 | 20 -0.06476  5.30525e-05 | 21  0.09184  1.95787e-08
 22 -0.05208  2.50506e-05 | 23 -0.18069  5.17111e-05 | 24 -0.24632  5.15343e-05
 25 -0.18264  1.58280e-04 | 26  0.24405  2.45325e-04 | 27 -0.19909  1.01097e-04
 28  0.01189  5.60222e-05 | 29 -0.00081  5.48604e-05 | 30  0.04382  3.37088e-05
 31  0.04062  4.25619e-05 | 32 -0.04464  3.69001e-05 | 33  0.00411  6.14915e-05
 34 -0.15189  6.03645e-05 | 35  0.05163  8.15240e-05 | 36 -0.13251  5.41972e-05
 37 -0.03550  7.11212e-05 | 38 -0.13905  7.08643e-05 | 39 -0.19986  6.81659e-05
 40 -0.07336  9.32355e-05 | 41  0.43909  4.03810e-05 | 42 -0.09214  1.24954e-04
 43  0.03326  6.18672e-05 | 44 -0.06423  4.06087e-05 | 45  0.13672  2.80118e-05
 46 -0.09922  1.37500e-05 | 47 -0.28376  5.79650e-05 | 48 -0.36279  4.97585e-05
 49 -0.08539  7.93448e-05 | 50 -0.10065  2.64052e-05 | 51  0.15584  4.03710e-05
 52  0.22319  3.85732e-06 | 53  0.03737  7.15150e-05 | 54  0.19188  6.91094e-05
 55  0.29594  8.19256e-06 | 56  0.02680  9.51066e-05 | 57  0.16557  4.89985e-05
 58  0.03596  6.76388e-05 | 59  0.00563  6.83058e-05 | 60 -0.15938  6.57847e-05
 61 -0.08986  1.56742e-05 | 62  0.03147  8.83753e-05 | 63  0.11149  7.83456e-05
 64 -0.05361  7.04154e-05 | 65  0.10075  4.08694e-05 | 66  0.24020  3.06588e-05
 67 -0.09801 -5.36165e-06 | 68  0.26114  1.20396e-04 | 69 -0.14458 -3.47116e-04
 70 -0.25829  3.20730e-05 | 71  0.33410 -2.70019e-05 | 72 -0.15140  7.04446e-05
 73  0.77250 -8.65052e-06 | 74 -0.05137  4.54867e-05 | 75  0.37569  4.46807e-05
 76 -0.17072 -1.23173e-04 | 77  0.39953  2.88874e-05 | 78 -0.06920 -3.03638e-04
 79 -0.13540 -7.00145e-05 | 80 -0.31863  3.22836e-05 | 81 -0.19992 -1.54425e-05
 82 -0.03384 -4.34819e-05 | 83 -0.01479 -5.52346e-05 | 84 -0.01365  3.72026e-05
 85 -0.10717 -1.70850e-05 | 86  0.51044  1.33206e-04 | 87 -0.14803 -4.03317e-04
 88  0.69532 -7.95431e-05 | 89 -0.22630  8.10326e-04 | 90  0.08346  1.35531e-04
 91 -0.21312 -1.39518e-04 | 92  0.08623 -2.20730e-04 | 93 -0.17276  2.97702e-04
Function minimizer not making progress ... is minimum attained?
Minimprove criterion = 0.0000e+00

 - final statistics:
93 variables; iteration 141; function evaluation 190
Function value 2.6544e+03; maximum gradient component mag 8.1033e-04
Exit code = 1;  converg criter 1.0000e-04
Var    Value     Gradient |Var    Value     Gradient |Var    Value     Gradient
  1 -0.09273 -2.90423e-04 |  2 -0.05581 -6.65939e-06 |  3 -0.02256 -1.50473e-04
  4 -0.02286 -2.48822e-04 |  5 -0.36136  2.38408e-05 |  6  0.09981 -6.96150e-04
  7 -0.06044 -2.39328e-04 |  8  0.14172 -1.58229e-04 |  9  0.06496  2.79454e-04
 10  0.12682  4.36858e-05 | 11  0.08996  6.37473e-05 | 12  0.10607  5.88292e-05
 13  0.02510  8.86503e-05 | 14 -0.00795  1.54275e-04 | 15  0.05454  1.16111e-04
 16  0.01734  1.14699e-04 | 17  0.14546  8.25612e-05 | 18 -0.06287  1.05444e-04
 19 -0.10092  7.66311e-05 | 20 -0.06476  5.30525e-05 | 21  0.09184  1.95787e-08
 22 -0.05208  2.50506e-05 | 23 -0.18069  5.17111e-05 | 24 -0.24632  5.15343e-05
 25 -0.18264  1.58280e-04 | 26  0.24405  2.45325e-04 | 27 -0.19909  1.01097e-04
 28  0.01189  5.60222e-05 | 29 -0.00081  5.48604e-05 | 30  0.04382  3.37088e-05
 31  0.04062  4.25619e-05 | 32 -0.04464  3.69001e-05 | 33  0.00411  6.14915e-05
 34 -0.15189  6.03645e-05 | 35  0.05163  8.15240e-05 | 36 -0.13251  5.41972e-05
 37 -0.03550  7.11212e-05 | 38 -0.13905  7.08643e-05 | 39 -0.19986  6.81659e-05
 40 -0.07336  9.32355e-05 | 41  0.43909  4.03810e-05 | 42 -0.09214  1.24954e-04
 43  0.03326  6.18672e-05 | 44 -0.06423  4.06087e-05 | 45  0.13672  2.80118e-05
 46 -0.09922  1.37500e-05 | 47 -0.28376  5.79650e-05 | 48 -0.36279  4.97585e-05
 49 -0.08539  7.93448e-05 | 50 -0.10065  2.64052e-05 | 51  0.15584  4.03710e-05
 52  0.22319  3.85732e-06 | 53  0.03737  7.15150e-05 | 54  0.19188  6.91094e-05
 55  0.29594  8.19256e-06 | 56  0.02680  9.51066e-05 | 57  0.16557  4.89985e-05
 58  0.03596  6.76388e-05 | 59  0.00563  6.83058e-05 | 60 -0.15938  6.57847e-05
 61 -0.08986  1.56742e-05 | 62  0.03147  8.83753e-05 | 63  0.11149  7.83456e-05
 64 -0.05361  7.04154e-05 | 65  0.10075  4.08694e-05 | 66  0.24020  3.06588e-05
 67 -0.09801 -5.36165e-06 | 68  0.26114  1.20396e-04 | 69 -0.14458 -3.47116e-04
 70 -0.25829  3.20730e-05 | 71  0.33410 -2.70019e-05 | 72 -0.15140  7.04446e-05
 73  0.77250 -8.65052e-06 | 74 -0.05137  4.54867e-05 | 75  0.37569  4.46807e-05
 76 -0.17072 -1.23173e-04 | 77  0.39953  2.88874e-05 | 78 -0.06920 -3.03638e-04
 79 -0.13540 -7.00145e-05 | 80 -0.31863  3.22836e-05 | 81 -0.19992 -1.54425e-05
 82 -0.03384 -4.34819e-05 | 83 -0.01479 -5.52346e-05 | 84 -0.01365  3.72026e-05
 85 -0.10717 -1.70850e-05 | 86  0.51044  1.33206e-04 | 87 -0.14803 -4.03317e-04
 88  0.69532 -7.95431e-05 | 89 -0.22630  8.10326e-04 | 90  0.08346  1.35531e-04
 91 -0.21312 -1.39518e-04 | 92  0.08623 -2.20730e-04 | 93 -0.17276  2.97702e-04

Initial statistics: 105 variables; iteration 0; function evaluation 0; phase 5
Function value 2.6544397e+03; maximum gradient component mag 7.9764e-04
Var    Value     Gradient |Var    Value     Gradient |Var    Value     Gradient
  1 -0.09273 -2.69954e-04 |  2 -0.05581 -7.81442e-06 |  3 -0.02256 -1.47416e-04
  4 -0.02286 -2.40850e-04 |  5 -0.36136  2.39184e-05 |  6  0.09981 -6.74491e-04
  7 -0.06044 -2.32905e-04 |  8  0.14172 -1.52859e-04 |  9  0.06496  2.64495e-04
 10  0.12682 -2.27903e-05 | 11  0.08996 -4.44440e-06 | 12  0.10607 -8.94188e-06
 13  0.02510  1.99190e-05 | 14 -0.00795  8.34006e-05 | 15  0.05454  4.51654e-05
 16  0.01734  4.51053e-05 | 17  0.14546  1.45687e-05 | 18 -0.06287  3.65135e-05
 19 -0.10092  9.84203e-06 | 20 -0.06476 -1.34056e-05 | 21  0.09184 -6.50492e-05
 22 -0.05208 -4.14948e-05 | 23 -0.18069 -1.14741e-05 | 24 -0.24632 -9.90717e-06
 25 -0.18264  9.10550e-05 | 26  0.24405  1.75483e-04 | 27 -0.19909  3.56237e-05
 28  0.01189 -1.07563e-05 | 29 -0.00081 -1.31585e-05 | 30  0.04382 -3.27079e-05
 31  0.04062 -2.35170e-05 | 32 -0.04464 -2.98840e-05 | 33  0.00411 -5.20781e-06
 34 -0.15189 -4.89981e-06 | 35  0.05163  1.40162e-05 | 36 -0.13251 -1.13688e-05
 37 -0.03550  3.91433e-06 | 38 -0.13905  4.57879e-06 | 39 -0.19986  3.80612e-06
 40 -0.07336  2.48509e-05 | 41  0.43909 -1.20121e-05 | 42 -0.09214  5.66187e-05
 43  0.03326 -5.40442e-06 | 44 -0.06423 -2.58343e-05 | 45  0.13672 -3.73218e-05
 46 -0.09922 -5.09398e-05 | 47 -0.28376 -2.68194e-06 | 48 -0.36279 -6.64418e-06
 49 -0.08539  1.26858e-05 | 50 -0.10065 -3.92197e-05 | 51  0.15584 -2.48168e-05
 52  0.22319 -5.79681e-05 | 53  0.03737  3.74122e-06 | 54  0.19188  4.33230e-06
 55  0.29594 -5.16449e-05 | 56  0.02680  2.72536e-05 | 57  0.16557 -1.61840e-05
 58  0.03596  2.05822e-10 | 59  0.00563  8.44169e-07 | 60 -0.15938  8.45132e-07
 61 -0.08986 -4.95781e-05 | 62  0.03147  2.05772e-05 | 63  0.11149  1.12571e-05
 64 -0.05361  3.21336e-06 | 65  0.10075 -2.52048e-05 | 66  0.24020 -3.16466e-05
 67  0.00000  0.00000e+00 | 68  0.00000  0.00000e+00 | 69  0.00000  0.00000e+00
 70  0.00000  0.00000e+00 | 71  0.00000  0.00000e+00 | 72  0.00000  0.00000e+00
 73  0.00000  0.00000e+00 | 74  0.00000  0.00000e+00 | 75  0.00000  0.00000e+00
 76  0.00000  0.00000e+00 | 77  0.00000  0.00000e+00 | 78  0.00000  0.00000e+00
 79 -0.09801 -4.87281e-06 | 80  0.26114  1.14950e-04 | 81 -0.14458 -3.32344e-04
 82 -0.25829  3.14314e-05 | 83  0.33410 -2.55415e-05 | 84 -0.15140  6.76685e-05
 85  0.77250 -8.36450e-06 | 86 -0.05137  4.37080e-05 | 87  0.37569  4.30035e-05
 88 -0.17072 -1.18092e-04 | 89  0.39953  2.64450e-05 | 90 -0.06920 -2.88277e-04
 91 -0.13540 -6.85715e-05 | 92 -0.31863  3.11322e-05 | 93 -0.19992 -1.50656e-05
 94 -0.03384 -4.24638e-05 | 95 -0.01479 -5.39135e-05 | 96 -0.01365  3.63232e-05
 97 -0.10717 -1.68449e-05 | 98  0.51044  1.28187e-04 | 99 -0.14803 -3.89878e-04
100  0.69532 -7.83423e-05 |101 -0.22630  7.97643e-04 |102  0.08346  1.32879e-04
103 -0.21312 -1.36139e-04 |104  0.08623 -2.16910e-04 |105 -0.17276  2.91725e-04
  ic > imax  in fminim is answer attained ?
Var    Value     Gradient |Var    Value     Gradient |Var    Value     Gradient
  1 -0.09273 -2.69954e-04 |  2 -0.05581 -7.81442e-06 |  3 -0.02256 -1.47416e-04
  4 -0.02286 -2.40850e-04 |  5 -0.36136  2.39184e-05 |  6  0.09981 -6.74491e-04
  7 -0.06044 -2.32905e-04 |  8  0.14172 -1.52859e-04 |  9  0.06496  2.64495e-04
 10  0.12682 -2.27903e-05 | 11  0.08996 -4.44440e-06 | 12  0.10607 -8.94188e-06
 13  0.02510  1.99190e-05 | 14 -0.00795  8.34006e-05 | 15  0.05454  4.51654e-05
 16  0.01734  4.51053e-05 | 17  0.14546  1.45687e-05 | 18 -0.06287  3.65135e-05
 19 -0.10092  9.84203e-06 | 20 -0.06476 -1.34056e-05 | 21  0.09184 -6.50492e-05
 22 -0.05208 -4.14948e-05 | 23 -0.18069 -1.14741e-05 | 24 -0.24632 -9.90717e-06
 25 -0.18264  9.10550e-05 | 26  0.24405  1.75483e-04 | 27 -0.19909  3.56237e-05
 28  0.01189 -1.07563e-05 | 29 -0.00081 -1.31585e-05 | 30  0.04382 -3.27079e-05
 31  0.04062 -2.35170e-05 | 32 -0.04464 -2.98840e-05 | 33  0.00411 -5.20781e-06
 34 -0.15189 -4.89981e-06 | 35  0.05163  1.40162e-05 | 36 -0.13251 -1.13688e-05
 37 -0.03550  3.91433e-06 | 38 -0.13905  4.57879e-06 | 39 -0.19986  3.80612e-06
 40 -0.07336  2.48509e-05 | 41  0.43909 -1.20121e-05 | 42 -0.09214  5.66187e-05
 43  0.03326 -5.40442e-06 | 44 -0.06423 -2.58343e-05 | 45  0.13672 -3.73218e-05
 46 -0.09922 -5.09398e-05 | 47 -0.28376 -2.68194e-06 | 48 -0.36279 -6.64418e-06
 49 -0.08539  1.26858e-05 | 50 -0.10065 -3.92197e-05 | 51  0.15584 -2.48168e-05
 52  0.22319 -5.79681e-05 | 53  0.03737  3.74122e-06 | 54  0.19188  4.33230e-06
 55  0.29594 -5.16449e-05 | 56  0.02680  2.72536e-05 | 57  0.16557 -1.61840e-05
 58  0.03596  2.05822e-10 | 59  0.00563  8.44169e-07 | 60 -0.15938  8.45132e-07
 61 -0.08986 -4.95781e-05 | 62  0.03147  2.05772e-05 | 63  0.11149  1.12571e-05
 64 -0.05361  3.21336e-06 | 65  0.10075 -2.52048e-05 | 66  0.24020 -3.16466e-05
 67  0.00000  0.00000e+00 | 68  0.00000  0.00000e+00 | 69  0.00000  0.00000e+00
 70  0.00000  0.00000e+00 | 71  0.00000  0.00000e+00 | 72  0.00000  0.00000e+00
 73  0.00000  0.00000e+00 | 74  0.00000  0.00000e+00 | 75  0.00000  0.00000e+00
 76  0.00000  0.00000e+00 | 77  0.00000  0.00000e+00 | 78  0.00000  0.00000e+00
 79 -0.09801 -4.87281e-06 | 80  0.26114  1.14950e-04 | 81 -0.14458 -3.32344e-04
 82 -0.25829  3.14314e-05 | 83  0.33410 -2.55415e-05 | 84 -0.15140  6.76685e-05
 85  0.77250 -8.36450e-06 | 86 -0.05137  4.37080e-05 | 87  0.37569  4.30035e-05
 88 -0.17072 -1.18092e-04 | 89  0.39953  2.64450e-05 | 90 -0.06920 -2.88277e-04
 91 -0.13540 -6.85715e-05 | 92 -0.31863  3.11322e-05 | 93 -0.19992 -1.50656e-05
 94 -0.03384 -4.24638e-05 | 95 -0.01479 -5.39135e-05 | 96 -0.01365  3.63232e-05
 97 -0.10717 -1.68449e-05 | 98  0.51044  1.28187e-04 | 99 -0.14803 -3.89878e-04
100  0.69532 -7.83423e-05 |101 -0.22630  7.97643e-04 |102  0.08346  1.32879e-04
103 -0.21312 -1.36139e-04 |104  0.08623 -2.16910e-04 |105 -0.17276  2.91725e-04
Function minimizer not making progress ... is minimum attained?
Minimprove criterion = 0.0000e+00

 - final statistics:
105 variables; iteration 1; function evaluation 30
Function value 2.6544e+03; maximum gradient component mag 7.9764e-04
Exit code = 1;  converg criter 1.0000e-04
Var    Value     Gradient |Var    Value     Gradient |Var    Value     Gradient
  1 -0.09273 -2.69954e-04 |  2 -0.05581 -7.81442e-06 |  3 -0.02256 -1.47416e-04
  4 -0.02286 -2.40850e-04 |  5 -0.36136  2.39184e-05 |  6  0.09981 -6.74491e-04
  7 -0.06044 -2.32905e-04 |  8  0.14172 -1.52859e-04 |  9  0.06496  2.64495e-04
 10  0.12682 -2.27903e-05 | 11  0.08996 -4.44440e-06 | 12  0.10607 -8.94188e-06
 13  0.02510  1.99190e-05 | 14 -0.00795  8.34006e-05 | 15  0.05454  4.51654e-05
 16  0.01734  4.51053e-05 | 17  0.14546  1.45687e-05 | 18 -0.06287  3.65135e-05
 19 -0.10092  9.84203e-06 | 20 -0.06476 -1.34056e-05 | 21  0.09184 -6.50492e-05
 22 -0.05208 -4.14948e-05 | 23 -0.18069 -1.14741e-05 | 24 -0.24632 -9.90717e-06
 25 -0.18264  9.10550e-05 | 26  0.24405  1.75483e-04 | 27 -0.19909  3.56237e-05
 28  0.01189 -1.07563e-05 | 29 -0.00081 -1.31585e-05 | 30  0.04382 -3.27079e-05
 31  0.04062 -2.35170e-05 | 32 -0.04464 -2.98840e-05 | 33  0.00411 -5.20781e-06
 34 -0.15189 -4.89981e-06 | 35  0.05163  1.40162e-05 | 36 -0.13251 -1.13688e-05
 37 -0.03550  3.91433e-06 | 38 -0.13905  4.57879e-06 | 39 -0.19986  3.80612e-06
 40 -0.07336  2.48509e-05 | 41  0.43909 -1.20121e-05 | 42 -0.09214  5.66187e-05
 43  0.03326 -5.40442e-06 | 44 -0.06423 -2.58343e-05 | 45  0.13672 -3.73218e-05
 46 -0.09922 -5.09398e-05 | 47 -0.28376 -2.68194e-06 | 48 -0.36279 -6.64418e-06
 49 -0.08539  1.26858e-05 | 50 -0.10065 -3.92197e-05 | 51  0.15584 -2.48168e-05
 52  0.22319 -5.79681e-05 | 53  0.03737  3.74122e-06 | 54  0.19188  4.33230e-06
 55  0.29594 -5.16449e-05 | 56  0.02680  2.72536e-05 | 57  0.16557 -1.61840e-05
 58  0.03596  2.05822e-10 | 59  0.00563  8.44169e-07 | 60 -0.15938  8.45132e-07
 61 -0.08986 -4.95781e-05 | 62  0.03147  2.05772e-05 | 63  0.11149  1.12571e-05
 64 -0.05361  3.21336e-06 | 65  0.10075 -2.52048e-05 | 66  0.24020 -3.16466e-05
 67  0.00000  0.00000e+00 | 68  0.00000  0.00000e+00 | 69  0.00000  0.00000e+00
 70  0.00000  0.00000e+00 | 71  0.00000  0.00000e+00 | 72  0.00000  0.00000e+00
 73  0.00000  0.00000e+00 | 74  0.00000  0.00000e+00 | 75  0.00000  0.00000e+00
 76  0.00000  0.00000e+00 | 77  0.00000  0.00000e+00 | 78  0.00000  0.00000e+00
 79 -0.09801 -4.87281e-06 | 80  0.26114  1.14950e-04 | 81 -0.14458 -3.32344e-04
 82 -0.25829  3.14314e-05 | 83  0.33410 -2.55415e-05 | 84 -0.15140  6.76685e-05
 85  0.77250 -8.36450e-06 | 86 -0.05137  4.37080e-05 | 87  0.37569  4.30035e-05
 88 -0.17072 -1.18092e-04 | 89  0.39953  2.64450e-05 | 90 -0.06920 -2.88277e-04
 91 -0.13540 -6.85715e-05 | 92 -0.31863  3.11322e-05 | 93 -0.19992 -1.50656e-05
 94 -0.03384 -4.24638e-05 | 95 -0.01479 -5.39135e-05 | 96 -0.01365  3.63232e-05
 97 -0.10717 -1.68449e-05 | 98  0.51044  1.28187e-04 | 99 -0.14803 -3.89878e-04
100  0.69532 -7.83423e-05 |101 -0.22630  7.97643e-04 |102  0.08346  1.32879e-04
103 -0.21312 -1.36139e-04 |104  0.08623 -2.16910e-04 |105 -0.17276  2.91725e-04
size of file gradfil1.tmp = 0
size of file gradfil2.tmp = 0
size of file varssave.tmp = 0
size of file cmpdiff.tmp = 200000008
