
Initial statistics: 4 variables; iteration 0; function evaluation 0; phase 1
Function value 3.8930565e+03; maximum gradient component mag -5.6345e+01
Var    Value     Gradient |Var    Value     Gradient |Var    Value     Gradient
  1  0.20737  4.93698e+01 |  2 -0.59033 -8.68881e+00 |  3 -0.12819  4.39919e+00
  4 -0.21635 -5.63450e+01 |

 - final statistics:
4 variables; iteration 5; function evaluation 11
Function value 3.8789e+03; maximum gradient component mag 5.9422e+00
Exit code = 1;  converg criter 1.0000e+01
Var    Value     Gradient |Var    Value     Gradient |Var    Value     Gradient
  1  0.05779  5.94215e+00 |  2 -0.24532  2.97886e-02 |  3 -0.20863 -1.52854e-01
  4  0.11126  3.34714e-01 |

Initial statistics: 14 variables; iteration 0; function evaluation 0; phase 2
Function value 3.8789377e+03; maximum gradient component mag 7.6038e+02
Var    Value     Gradient |Var    Value     Gradient |Var    Value     Gradient
  1 -0.26966 -3.31179e+02 |  2  0.00000 -3.12433e+02 |  3 -0.26198 -5.12778e+02
  4 -0.03352 -1.28326e+02 |  5  0.18446  2.17379e+02 |  6 -0.04247 -2.58152e+02
  7  0.33333  7.60378e+02 |  8 -0.53989  2.00950e+01 |  9  0.00000 -1.30412e+02
 10 -0.21635 -1.67195e+01 | 11  0.05779  5.94215e+00 | 12 -0.24532  2.97886e-02
 13 -0.20863 -1.52854e-01 | 14  0.11126  3.34714e-01 |

Intermediate statistics: 14 variables; iteration 20; function evaluation 31; phase 2
Function value 3.5188405e+03; maximum gradient component mag 3.1597e+01
Var    Value     Gradient |Var    Value     Gradient |Var    Value     Gradient
  1 -0.22332  3.15970e+01 |  2  0.11009  1.11773e+01 |  3 -0.09271  9.48868e+00
  4 -0.02116  4.50484e+00 |  5 -0.48641  3.20627e-01 |  6  0.14543  3.73110e+00
  7  0.14364  2.45959e+01 |  8 -0.30878  4.87386e+00 |  9  0.26007  1.92183e+00
 10 -0.25085  1.57339e+00 | 11  0.47310 -8.40807e+00 | 12 -0.22833  1.72548e-01
 13 -0.16618  5.32398e-01 | 14  0.12485  9.17590e-01 |

 - final statistics:
14 variables; iteration 29; function evaluation 40
Function value 3.5175e+03; maximum gradient component mag 5.9896e+00
Exit code = 1;  converg criter 1.0000e+01
Var    Value     Gradient |Var    Value     Gradient |Var    Value     Gradient
  1 -0.21624  1.61656e-01 |  2  0.10936  2.13656e+00 |  3 -0.09380  7.33940e-01
  4 -0.02332 -1.24970e+00 |  5 -0.48371  1.87229e-01 |  6  0.14005  8.88969e-02
  7  0.14378  5.98961e+00 |  8 -0.31135  6.91575e-01 |  9  0.26296 -4.17839e-01
 10 -0.26603 -1.17915e-01 | 11  1.00194  1.11279e-02 | 12 -0.23731 -8.07696e-03
 13 -0.16480  1.28793e-01 | 14  0.10829  5.72351e-03 |

Initial statistics: 42 variables; iteration 0; function evaluation 0; phase 3
Function value 3.5175151e+03; maximum gradient component mag 1.6426e+03
Var    Value     Gradient |Var    Value     Gradient |Var    Value     Gradient
  1 -0.21624  1.61656e-01 |  2  0.10936  2.13656e+00 |  3 -0.09380  7.33940e-01
  4 -0.02332 -1.24970e+00 |  5 -0.48371  1.87229e-01 |  6  0.14005  8.88969e-02
  7  0.14378  5.98961e+00 |  8 -0.31135  6.91575e-01 |  9  0.26296 -4.17839e-01
 10 -0.26603 -1.17915e-01 | 11  0.99806 -1.11279e-02 | 12 -0.23731 -8.07696e-03
 13 -0.16480  1.28793e-01 | 14  0.10829  5.72351e-03 | 15 -0.11760 -8.42948e+02
 16 -0.33425  2.19486e+02 | 17 -0.10723 -5.36895e+02 | 18 -0.11760  2.43628e+01
 19 -0.33425 -1.86751e+01 | 20 -0.11760 -6.93952e+02 | 21 -0.33425  3.29642e+02
 22 -0.11760 -4.84494e+01 | 23 -0.33425  2.08412e+01 | 24 -0.11760 -2.87668e+02
 25 -0.33425  1.24394e+02 | 26 -0.11760 -6.75213e+02 | 27 -0.33425  3.93527e+01
 28 -0.10723 -8.12682e+02 | 29  0.02302  1.64261e+03 | 30 -0.31415 -1.15375e+03
 31  0.53959  1.91375e+01 | 32 -0.62714  4.55723e-03 | 33  0.00000  6.03248e+02
 34 -0.21635 -3.55969e+02 | 35  0.16024  9.30711e+01 | 36 -0.11760  2.62188e+00
 37 -0.10723 -1.88506e+02 | 38 -0.10723 -7.89675e+01 | 39 -0.12294 -5.64045e+01
 40 -0.31415  1.88442e+01 | 41  0.02302  2.83859e+02 | 42 -0.31415 -1.89612e+02

Intermediate statistics: 42 variables; iteration 20; function evaluation 29; phase 3
Function value 3.0691407e+03; maximum gradient component mag -5.1684e+02
Var    Value     Gradient |Var    Value     Gradient |Var    Value     Gradient
  1 -0.00420  1.89020e+02 |  2  0.05157 -1.51398e+01 |  3 -0.11283  2.59202e+00
  4 -0.02752  1.60181e+01 |  5 -0.43484  8.25203e+00 |  6 -0.09947  6.69321e+01
  7  0.10063 -9.49251e+01 |  8 -0.12641 -6.34832e+00 |  9  0.16046  6.12252e-01
 10 -0.14216 -1.99708e-01 | 11  0.99716  2.87287e-02 | 12 -0.23863  3.33242e-02
 13 -0.17329 -1.80149e-03 | 14  0.10801  4.28382e-03 | 15  0.29700  8.37621e+01
 16 -0.11895 -1.58355e+01 | 17 -0.40741 -7.55792e-01 | 18 -0.03623  5.53849e-01
 19 -0.26035 -1.42533e+01 | 20 -0.03311 -5.16843e+02 | 21 -0.31150  2.64461e+02
 22  0.25520 -5.40000e+00 | 23 -0.14918  1.54991e+01 | 24  0.32593  4.39916e+01
 25 -0.17206 -5.79641e+01 | 26  0.32183 -3.20096e+01 | 27 -0.07777  1.42703e+02
 28  0.04943  1.47926e-01 | 29 -0.30576 -7.76036e+01 | 30 -0.88786 -1.16843e+00
 31  0.55830 -4.05606e+00 | 32 -0.62705 -5.94571e-03 | 33  0.04047  1.86324e+01
 34  0.01717 -1.19363e+01 | 35 -0.20250 -5.34053e-01 | 36  0.38363 -6.61660e-01
 37  0.06452  2.37161e+01 | 38  0.33812  3.69873e-03 | 39  0.40692 -7.54855e+00
 40 -0.17405  8.26655e+00 | 41  0.10751 -1.50856e+00 | 42 -0.15373  8.86533e+00
42 variables; iteration 40; function evaluation 62; phase 3
Function value 3.0402832e+03; maximum gradient component mag 5.0983e+02
Var    Value     Gradient |Var    Value     Gradient |Var    Value     Gradient
  1 -0.00363  2.67644e+02 |  2  0.05941  1.72259e+02 |  3 -0.11220  1.17066e+02
  4 -0.04045  7.29933e+01 |  5 -0.38262  7.27165e+01 |  6 -0.11763  3.19919e+01
  7  0.10188  5.09832e+02 |  8 -0.07339  9.79596e+01 |  9 -0.01312  5.32851e+01
 10 -0.04361  1.86378e+01 | 11  0.38960 -1.38292e+01 | 12 -0.25108 -2.31322e-01
 13 -0.17674  7.90615e-01 | 14  0.10624 -5.18926e-02 | 15  0.16578 -7.20821e+01
 16 -0.18195  8.45892e+01 | 17 -0.14068 -4.60989e+00 | 18  0.22375 -1.67363e+01
 19 -0.10461  2.27694e+01 | 20  0.05583 -1.46542e+02 | 21 -0.24815  5.61548e+01
 22  0.20027 -2.51958e+00 | 23 -0.18930  1.06388e+00 | 24  0.37967  3.20783e+00
 25 -0.15084  5.29750e+01 | 26  0.32508 -2.50873e+01 | 27 -0.08922  6.03204e+01
 28 -0.29422 -4.50163e+00 | 29 -0.25521  7.53693e+01 | 30 -0.69394 -2.62031e+01
 31  0.56258 -7.29450e-01 | 32 -0.61962 -4.89466e-03 | 33  0.05272 -5.91148e+01
 34  0.04572  7.38908e+00 | 35 -0.31379 -2.36292e+01 | 36  0.20509  2.50105e+00
 37  0.02123 -1.76379e+01 | 38  0.47911  2.38084e-02 | 39  0.43478 -1.35527e+01
 40 -0.15422  2.56230e+01 | 41  0.04932 -2.07820e+01 | 42 -0.20834  6.58591e+00
42 variables; iteration 60; function evaluation 84; phase 3
Function value 2.9977122e+03; maximum gradient component mag -7.0888e+01
Var    Value     Gradient |Var    Value     Gradient |Var    Value     Gradient
  1 -0.13875  9.20912e+00 |  2  0.04109 -2.28182e+01 |  3 -0.13376 -1.22740e+01
  4 -0.02806 -1.90376e+01 |  5 -0.46088 -1.30671e+01 |  6 -0.08504  2.25259e+00
  7  0.06438 -7.08880e+01 |  8  0.04660 -1.77112e+01 |  9 -0.10029 -2.02023e+01
 10  0.10271 -3.02906e+00 | 11  0.05797 -6.78261e-02 | 12 -0.26421 -4.92327e-02
 13 -0.24481 -5.36224e-01 | 14  0.10559  2.13558e-01 | 15  0.24085 -1.32233e+01
 16 -0.16094  1.25637e+01 | 17 -0.16595 -2.40845e+00 | 18  0.55024 -4.23254e-01
 19 -0.04660 -1.52847e+00 | 20  0.18280  2.02636e+00 | 21 -0.17070 -3.64221e+00
 22  0.17273  3.69664e+00 | 23 -0.20416 -6.69471e+00 | 24  0.36601  2.15760e+00
 25 -0.17353  6.12496e-01 | 26  0.47968 -1.18295e+01 | 27 -0.05665  1.64431e+01
 28 -0.71595 -2.78436e+00 | 29 -0.23121 -7.33770e+00 | 30 -0.47727 -1.07055e+01
 31  0.68608  1.84958e+00 | 32 -0.51331  3.52817e-03 | 33  0.01200 -2.14203e+00
 34  0.02937  2.05929e+00 | 35 -0.13097  3.34585e-01 | 36  0.18878 -5.26535e+00
 37  0.03710  2.27232e-01 | 38 -0.25365 -3.51205e+00 | 39  0.48524  1.72994e+00
 40 -0.15250 -2.48214e+00 | 41  0.14719 -2.52328e+00 | 42 -0.12308  1.85446e+00
Maximum number of function evaluations exceeded

 - final statistics:
42 variables; iteration 76; function evaluation 100
Function value 2.9951e+03; maximum gradient component mag 2.0101e+00
Exit code = 3;  converg criter 1.0000e+00
Var    Value     Gradient |Var    Value     Gradient |Var    Value     Gradient
  1 -0.15199 -1.15102e+00 |  2  0.04109  1.05731e-01 |  3 -0.13048 -1.31755e-01
  4 -0.03270  4.05234e-01 |  5 -0.45204 -2.26585e-01 |  6 -0.07388 -4.95008e-01
  7  0.07104  1.21354e+00 |  8  0.03007  2.97687e-01 |  9 -0.07883  3.93190e-01
 10  0.07604  2.83767e-02 | 11  0.04194  5.72214e-01 | 12 -0.26408  1.27312e-02
 13 -0.24383  3.95621e-02 | 14  0.10139  7.93777e-03 | 15  0.25017  3.74027e-01
 16 -0.15650 -7.02961e-01 | 17 -0.12193 -1.70703e-01 | 18  0.62402 -3.95835e-01
 19 -0.03513  5.12745e-01 | 20  0.18413 -9.98018e-01 | 21 -0.16829  2.01013e+00
 22  0.18037  2.19249e-01 | 23 -0.19259 -1.68087e-01 | 24  0.35938 -5.10680e-01
 25 -0.17592  2.56259e-01 | 26  0.53096 -1.44751e-01 | 27 -0.04711 -6.59922e-01
 28 -0.86864 -3.46036e-01 | 29 -0.17785  4.32101e-01 | 30 -0.35619 -2.18951e-01
 31  0.36562 -2.59700e-02 | 32 -0.44970 -6.22263e-03 | 33  0.00986  4.73882e-01
 34  0.02481 -3.43679e-01 | 35 -0.13314  3.56769e-02 | 36  0.18124  4.89346e-01
 37  0.03813 -3.48327e-01 | 38 -0.22516  2.83944e-01 | 39  0.45951 -1.04759e-01
 40 -0.16172  1.74638e-01 | 41  0.12931  2.73009e-01 | 42 -0.13401 -3.82961e-01

Initial statistics: 132 variables; iteration 0; function evaluation 0; phase 4
Function value 2.9951387e+03; maximum gradient component mag -8.1826e+02
Var    Value     Gradient |Var    Value     Gradient |Var    Value     Gradient
  1 -0.15199 -1.15102e+00 |  2  0.04109  1.05731e-01 |  3 -0.13048 -1.31755e-01
  4 -0.03270  4.05234e-01 |  5 -0.45204 -2.26585e-01 |  6 -0.07388 -4.95008e-01
  7  0.07104  1.21354e+00 |  8  0.03007  2.97687e-01 |  9 -0.07883  3.93190e-01
 10  0.07604  2.83767e-02 | 11  0.04194  5.72214e-01 | 12  0.00000 -5.88040e-01
 13  0.00000 -6.72537e-01 | 14  0.00000 -7.68585e-01 | 15  0.00000 -8.77669e-01
 16  0.00000 -1.00175e+00 | 17  0.00000 -1.14335e+00 | 18  0.00000 -1.30492e+00
 19  0.00000 -1.48820e+00 | 20  0.00000 -1.69436e+00 | 21  0.00000 -1.92658e+00
 22  0.00000 -2.18433e+00 | 23  0.00000 -2.47105e+00 | 24  0.00000 -2.79226e+00
 25  0.00000 -3.15067e+00 | 26  0.00000 -3.54602e+00 | 27  0.00000 -3.97382e+00
 28  0.00000 -4.44005e+00 | 29  0.00000 -4.94845e+00 | 30  0.00000 -5.49709e+00
 31  0.00000 -6.08752e+00 | 32  0.00000 -6.73124e+00 | 33  0.00000 -7.46644e+00
 34  0.00000 -8.33006e+00 | 35  0.00000 -9.33433e+00 | 36  0.00000 -1.03497e+01
 37  0.00000 -1.10215e+01 | 38  0.00000 -1.06192e+01 | 39  0.00000 -8.19450e+00
 40  0.00000 -3.79697e+00 | 41  0.00000  3.08572e-01 | 42  0.00000  1.41769e+00
 43  0.00000 -2.35815e+00 | 44  0.00000 -9.70782e+00 | 45  0.00000 -1.66467e+01
 46  0.00000 -2.34264e+01 | 47  0.00000 -2.68497e+01 | 48  0.00000 -1.53625e+01
 49  0.00000 -6.68366e+00 | 50  0.00000 -2.52442e+01 | 51  0.00000 -5.81399e+01
 52  0.00000 -8.15833e+01 | 53  0.00000  1.86606e+01 | 54  0.00000  1.15767e+02
 55  0.00000  1.01271e+02 | 56  0.00000 -7.26075e-03 | 57  0.00000  1.23489e+02
 58  0.00000  2.56480e+02 | 59  0.00000  2.75401e+02 | 60  0.00000 -5.93467e+01
 61  0.00000 -5.09407e+02 | 62  0.00000 -3.83690e+01 | 63  0.00000  3.32656e+01
 64  0.00000  3.33541e+01 | 65  0.00000 -2.14745e+01 | 66  0.00000 -2.76311e+01
 67  0.00000  2.82339e+01 | 68  0.00000  2.61272e+01 | 69  0.00000  6.79047e+01
 70  0.00000  1.14581e+01 | 71  0.00000  1.19393e+02 | 72  0.00000  1.46856e+02
 73  0.00000  2.18658e+02 | 74  0.00000  1.81086e+02 | 75  0.00000 -2.68562e+02
 76  0.00000 -8.18260e+02 | 77  0.00000 -1.14434e+02 | 78  0.00000  7.57593e+01
 79  0.00000  1.46306e+02 | 80  0.00000 -6.58458e+01 | 81  0.00000  1.97825e+02
 82  0.00000  2.87851e+02 | 83  0.00000  2.92617e+02 | 84  0.00000  1.54070e+02
 85  0.00000  1.22361e+02 | 86  0.00000 -1.77211e+02 | 87  0.00000 -2.75194e+02
 88  0.00000 -4.68888e+01 | 89  0.00000 -1.88783e+02 | 90  0.00000 -2.76083e+02
 91  0.00000 -3.92041e+01 | 92  0.00000 -9.98937e+01 | 93  0.00000  4.22706e+01
 94  0.00000  8.59821e+01 | 95  0.00000  1.51869e+02 | 96  0.00000  1.11387e+02
 97  0.00000  2.50823e+01 | 98  0.00000 -4.84703e+01 | 99  0.00000  3.82826e+01
100  0.00000 -5.20193e+00 |101  0.00000 -1.05810e+01 |102 -0.26408  1.27312e-02
103 -0.24383  3.95621e-02 |104  0.10139  7.93777e-03 |105  0.25017  3.74027e-01
106 -0.15650 -7.02961e-01 |107 -0.12193 -1.70703e-01 |108  0.62402 -3.95835e-01
109 -0.03513  5.12745e-01 |110  0.18413 -9.98018e-01 |111 -0.16829  2.01013e+00
112  0.18037  2.19249e-01 |113 -0.19259 -1.68087e-01 |114  0.35938 -5.10680e-01
115 -0.17592  2.56259e-01 |116  0.53096 -1.44751e-01 |117 -0.04711 -6.59922e-01
118 -0.86864 -3.46036e-01 |119 -0.17785  4.32101e-01 |120 -0.35619 -2.18951e-01
121  0.36562 -2.59700e-02 |122 -0.44970 -6.22263e-03 |123  0.00986  4.73882e-01
124  0.02481 -3.43679e-01 |125 -0.13314  3.56769e-02 |126  0.18124  4.89346e-01
127  0.03813 -3.48327e-01 |128 -0.22516  2.83944e-01 |129  0.45951 -1.04759e-01
130 -0.16172  1.74638e-01 |131  0.12931  2.73009e-01 |132 -0.13401 -3.82961e-01

Intermediate statistics: 132 variables; iteration 20; function evaluation 29; phase 4
Function value 2.5638620e+03; maximum gradient component mag 3.8853e+02
Var    Value     Gradient |Var    Value     Gradient |Var    Value     Gradient
  1 -0.12308 -7.65326e+01 |  2  0.02089  4.43476e+01 |  3 -0.10825  4.62451e+01
  4  0.08258  5.74019e+01 |  5 -0.44035  3.05639e+01 |  6 -0.07062 -3.29878e+01
  7  0.07871  2.31860e+02 |  8  0.04495  6.66101e+01 |  9  0.06254  2.58968e+01
 10 -0.02777  1.88565e+01 | 11  0.00292  9.09810e+01 | 12  0.00412  1.18010e-02
 13  0.00476  1.42936e-02 | 14  0.00549  1.73135e-02 | 15  0.00634  2.10794e-02
 16  0.00733  2.59284e-02 | 17  0.00849  3.21454e-02 | 18  0.00985  3.96769e-02
 19  0.01143  4.81984e-02 | 20  0.01328  5.76591e-02 | 21  0.01543  6.85693e-02
 22  0.01793  8.14257e-02 | 23  0.02084  9.64504e-02 | 24  0.02429  1.13899e-01
 25  0.02838  1.32981e-01 | 26  0.03316  1.52473e-01 | 27  0.03864  1.71885e-01
 28  0.04483  1.93136e-01 | 29  0.05159  2.22748e-01 | 30  0.05848  2.82331e-01
 31  0.06473  4.12853e-01 | 32  0.06946  6.69489e-01 | 33  0.07247  1.07572e+00
 34  0.07475  1.58651e+00 | 35  0.07883  2.08693e+00 | 36  0.08524  2.47204e+00
 37  0.08892  2.75373e+00 | 38  0.07862  3.04843e+00 | 39  0.04595  3.00242e+00
 40  0.00721  2.10611e+00 | 41 -0.01690  1.38924e+00 | 42 -0.02069  1.46392e+00
 43  0.00054  2.55164e+00 | 44  0.04387  4.39167e+00 | 45  0.06397  6.34628e+00
 46  0.06803  7.84533e+00 | 47  0.09653  7.20412e+00 | 48  0.02216  2.11820e+00
 49 -0.00795 -7.16894e-02 | 50  0.06307  2.80852e-01 | 51  0.00054  5.90029e-01
 52  0.12818  1.07748e+01 | 53 -0.04382  1.21079e+00 | 54 -0.03905  3.81313e+00
 55 -0.04539  5.02363e+00 | 56  0.07412  5.45741e-01 | 57 -0.01845  1.52911e+01
 58 -0.07865  2.06251e+01 | 59 -0.13403  1.45460e+01 | 60 -0.15277  6.32778e-01
 61  0.18806  7.32850e+01 | 62 -0.15294 -2.65012e+00 | 63  0.02245  1.48521e+00
 64  0.00890  5.52646e+00 | 65  0.03630  1.12071e+01 | 66  0.03778  1.50845e+01
 67 -0.02020  1.24211e+01 | 68  0.02097  1.28901e+01 | 69 -0.08833  7.72598e+00
 70  0.03834  1.10319e+01 | 71 -0.08666  1.35524e+00 | 72 -0.03452 -4.46775e+00
 73 -0.11764 -9.82454e+00 | 74 -0.11789 -1.81502e+01 | 75 -0.18774 -1.51651e+01
 76  0.31067  3.88535e+02 | 77 -0.28777 -1.89538e+01 | 78  0.02367 -1.11983e+01
 79 -0.08045 -1.33205e+01 | 80  0.08743 -3.99150e+01 | 81 -0.08827 -1.53810e+01
 82 -0.20258 -8.33451e+00 | 83 -0.23781 -8.23352e+00 | 84 -0.03780 -1.16117e+01
 85 -0.18409 -1.68595e+01 | 86  0.10021 -3.89973e+01 | 87  0.13223 -3.94004e+01
 88  0.00369 -1.76521e+01 | 89  0.10791 -2.98627e+01 | 90  0.16693 -1.93671e+01
 91 -0.03532 -1.18866e+01 | 92  0.08189 -1.72035e+01 | 93  0.00212 -7.65000e+00
 94 -0.03641 -7.35193e+00 | 95 -0.16144 -4.54053e+00 | 96 -0.08572  9.71046e-01
 97 -0.00667  5.83410e+00 | 98  0.04382  2.14801e+00 | 99 -0.07745 -2.63200e+00
100  0.01270  3.86903e-01 |101  0.08393  2.58477e+00 |102 -0.27066  3.78570e-01
103 -0.26748 -3.98650e+00 |104 -0.04722  3.65226e+00 |105  0.20907 -5.60331e+01
106 -0.14560  1.34772e+02 |107 -0.12547 -3.03030e-01 |108  0.62306  9.95238e-01
109 -0.02468 -6.80796e+00 |110  0.13220 -1.39154e+02 |111 -0.17851  2.37440e+02
112  0.20941  2.30520e+00 |113 -0.17067 -5.00193e+00 |114  0.25895  7.23432e+01
115 -0.23046 -1.98324e+02 |116  0.50029 -2.62150e+01 |117 -0.02662  1.68905e+02
118 -0.85248 -1.29049e+00 |119 -0.18314  3.99003e+01 |120 -0.38697 -1.16532e+01
121  0.26829  9.51018e+00 |122 -0.44947 -1.51773e-02 |123  0.00594  1.69010e+01
124  0.00237 -4.60453e+00 |125 -0.14175  4.09957e+00 |126  0.14916  1.05041e+01
127  0.03684 -2.51098e+01 |128 -0.19842 -1.54259e+00 |129  0.44813  3.42028e+00
130 -0.16048 -4.10961e+00 |131  0.08966  2.11020e+01 |132 -0.17793 -1.87288e+01
132 variables; iteration 40; function evaluation 50; phase 4
Function value 2.5480562e+03; maximum gradient component mag -1.4070e+02
Var    Value     Gradient |Var    Value     Gradient |Var    Value     Gradient
  1 -0.13901 -8.94289e+01 |  2  0.00332  1.53744e+01 |  3 -0.08798 -8.30439e+00
  4  0.03186  2.82062e+01 |  5 -0.40541  4.75686e+01 |  6 -0.05795 -1.45040e+01
  7  0.08804  1.02356e+02 |  8 -0.02515  1.06072e+01 |  9  0.10899  9.29621e+00
 10 -0.07093  2.35873e+01 | 11 -0.00734  1.08753e+02 | 12  0.00426  4.21610e-02
 13  0.00488  4.72829e-02 | 14  0.00559  5.28449e-02 | 15  0.00641  5.87858e-02
 16  0.00734  6.50861e-02 | 17  0.00841  7.16844e-02 | 18  0.00964  7.83253e-02
 19  0.01106  8.42094e-02 | 20  0.01266  8.79026e-02 | 21  0.01445  8.70164e-02
 22  0.01642  7.93664e-02 | 23  0.01854  6.18857e-02 | 24  0.02088  3.30551e-02
 25  0.02345 -7.27281e-03 | 26  0.02633 -5.26357e-02 | 27  0.02976 -8.15585e-02
 28  0.03456 -4.39048e-02 | 29  0.04245  1.55755e-01 | 30  0.05558  6.10774e-01
 31  0.07075  1.14468e+00 | 32  0.07154  1.20132e+00 | 33  0.05740  7.53979e-01
 34  0.04850  5.25254e-01 | 35  0.05020  7.65682e-01 | 36  0.06236  1.47359e+00
 37  0.08358  2.78368e+00 | 38  0.06165  2.79892e+00 | 39  0.04171  3.90498e+00
 40  0.01186  4.17238e+00 | 41 -0.00408  4.74952e+00 | 42 -0.00256  5.70092e+00
 43  0.01306  5.87337e+00 | 44  0.03388  4.56653e+00 | 45  0.04448  4.23211e+00
 46  0.05926  5.61549e+00 | 47  0.06871  5.72547e+00 | 48  0.04133  1.02710e+01
 49  0.00402  9.15469e+00 | 50  0.03166  9.96115e+00 | 51  0.04133  1.60276e+01
 52  0.10252  1.71613e+01 | 53 -0.01313  1.47601e+01 | 54 -0.04382  1.35573e+01
 55 -0.04476  1.33860e+01 | 56  0.06994  1.18896e+01 | 57 -0.02511  1.45300e+01
 58 -0.08564  1.70752e+01 | 59 -0.13978  1.22904e+01 | 60 -0.15721 -3.05423e+00
 61  0.17855  4.99054e+01 | 62 -0.14064  1.98667e+00 | 63  0.02420  1.74516e+01
 64  0.00174  2.91500e+00 | 65  0.02493 -1.00883e+01 | 66  0.02776 -9.78689e+00
 67 -0.03045  2.60385e+00 | 68  0.02099  1.28652e+01 | 69 -0.10292  3.95018e+00
 70  0.03552  1.19582e+01 | 71 -0.09218  2.64025e+00 | 72 -0.03493  5.22374e+00
 73 -0.10806  6.66148e-02 | 74 -0.10985 -9.42989e+00 | 75 -0.18107 -1.56942e+01
 76  0.28592  1.34265e+02 | 77 -0.21898 -1.17457e+01 | 78  0.01955 -2.20170e+00
 79 -0.05656  4.87432e+00 | 80  0.08008 -1.64597e+01 | 81 -0.08201 -4.17896e-01
 82 -0.20212 -4.81772e+00 | 83 -0.22229  5.42035e-01 | 84 -0.05583 -6.06402e+00
 85 -0.10090 -6.40414e+00 | 86  0.09068 -2.39623e+01 | 87  0.12582 -4.31062e+01
 88  0.00518 -1.50762e+01 | 89  0.10491 -1.45654e+01 | 90  0.17634  3.49209e+01
 91 -0.02186 -2.71863e-01 | 92  0.09011  1.63676e+01 | 93 -0.00299 -2.44902e+00
 94 -0.03924 -2.19670e+00 | 95 -0.14133  2.06987e+00 | 96 -0.09046 -3.16942e-01
 97 -0.01919 -2.28876e+00 | 98  0.03957  4.85826e+00 | 99 -0.06972  3.15700e+00
100  0.00993  3.41297e-01 |101  0.06369 -2.51945e+00 |102 -0.39781 -2.37893e+00
103 -0.27492 -3.17710e+00 |104 -0.07233  2.59524e+00 |105  0.20894 -1.87506e+01
106 -0.15518  3.70664e+01 |107 -0.13646 -2.33490e+00 |108  0.58377  5.81597e+00
109 -0.04662 -4.33208e+01 |110  0.14137 -4.90138e+01 |111 -0.17916  9.83638e+01
112  0.78807  1.90173e-01 |113 -0.03045  2.88444e+00 |114  0.32541  5.97728e+01
115 -0.19082 -1.40700e+02 |116  0.38527 -7.05723e+00 |117 -0.05271  1.11136e+02
118  0.16368 -2.05528e-02 |119 -0.18328  1.67029e+01 |120 -0.38416 -5.53624e+00
121  0.26108  1.56027e+00 |122 -0.42251 -5.94070e-02 |123 -0.01820 -4.27423e+01
124 -0.00016  1.83341e+01 |125 -0.12958 -1.09552e+01 |126 -0.30406 -1.84675e+01
127 -0.10846  1.67321e+01 |128  0.38917 -4.23742e-02 |129  0.43205 -8.25938e+00
130 -0.15847  1.40089e+01 |131  0.05634  4.88179e-01 |132 -0.20026 -2.71137e+00
132 variables; iteration 60; function evaluation 70; phase 4
Function value 2.5391172e+03; maximum gradient component mag 1.1951e+02
Var    Value     Gradient |Var    Value     Gradient |Var    Value     Gradient
  1 -0.15263 -1.09013e+02 |  2  0.02589  7.39229e+00 |  3 -0.09947 -3.11614e+00
  4  0.02742  5.68207e-01 |  5 -0.42739  1.27625e+01 |  6 -0.04057 -1.59666e+01
  7  0.07232 -7.46068e+00 |  8 -0.00604 -3.91919e+00 |  9  0.11071 -6.04597e+00
 10 -0.03693  8.58129e+00 | 11  0.01458  1.04524e+02 | 12  0.00399  1.36203e-01
 13  0.00462  1.60133e-01 | 14  0.00535  1.88263e-01 | 15  0.00620  2.21462e-01
 16  0.00718  2.60847e-01 | 17  0.00834  3.07914e-01 | 18  0.00972  3.64779e-01
 19  0.01136  4.34271e-01 | 20  0.01332  5.19819e-01 | 21  0.01569  6.24227e-01
 22  0.01850  7.50088e-01 | 23  0.02177  8.94862e-01 | 24  0.02540  1.04567e+00
 25  0.02898  1.16995e+00 | 26  0.03162  1.20532e+00 | 27  0.03189  1.06479e+00
 28  0.02834  6.60672e-01 | 29  0.02177  6.64135e-02 | 30  0.01948 -1.82115e-01
 31  0.02758  3.47172e-01 | 32  0.03106  6.09988e-01 | 33  0.03096  6.50766e-01
 34  0.04552  1.63649e+00 | 35  0.05290  1.97544e+00 | 36  0.03854  8.73225e-01
 37  0.03203  5.90585e-01 | 38  0.01552  4.28629e-01 | 39  0.02113  3.67782e+00
 40  0.01695  7.47389e+00 | 41  0.00385  9.18487e+00 | 42 -0.00054  9.57182e+00
 43  0.00304  7.74521e+00 | 44  0.01597  5.02477e+00 | 45  0.02234  3.46230e+00
 46  0.03205  4.13114e+00 | 47  0.05628  7.84358e+00 | 48  0.03502  1.65512e+01
 49  0.00715  1.78089e+01 | 50  0.00105  1.30627e+01 | 51  0.04926  3.14463e+01
 52  0.08215  2.37565e+01 | 53 -0.01400  1.80626e+01 | 54 -0.06769  7.40346e+00
 55 -0.05783  8.09422e+00 | 56  0.05381 -2.88454e+00 | 57 -0.04111  7.33591e+00
 58 -0.10516  1.15009e+01 | 59 -0.14675  1.41344e+01 | 60 -0.15392 -4.19556e-01
 61  0.16167  1.22350e+01 | 62 -0.13826  2.30765e+00 | 63  0.00361 -1.09916e+00
 64 -0.01174 -2.34115e+00 | 65  0.01587 -7.71373e-01 | 66  0.02317  2.22207e+00
 67 -0.04328 -1.58000e+00 | 68 -0.00292 -1.07056e+01 | 69 -0.11305 -1.34545e+00
 70  0.01693 -2.13532e+00 | 71 -0.10014  3.50400e+00 | 72 -0.04895  9.15905e+00
 73 -0.10961  8.30911e+00 | 74 -0.10677  2.76345e-02 | 75 -0.20246 -1.76844e+01
 76  0.25876 -1.35868e+01 | 77 -0.16277 -1.80766e+00 | 78  0.00295 -4.86086e+00
 79 -0.06740  5.73501e+00 | 80  0.06795 -1.51449e+00 | 81 -0.08492  9.54415e+00
 82 -0.19034  6.98896e+00 | 83 -0.22011  7.37700e+00 | 84 -0.06911  3.41987e-01
 85 -0.07844  1.21695e+01 | 86  0.07910 -1.15610e+01 | 87  0.12207 -2.97592e+00
 88  0.00366 -1.72708e+00 | 89  0.09873 -3.31225e+00 | 90  0.15460  5.33952e-02
 91 -0.03066 -2.66198e+00 | 92  0.06440 -1.46774e+01 | 93 -0.01116 -4.53374e+00
 94 -0.04555 -2.10637e+00 | 95 -0.13731  6.00695e+00 | 96 -0.10269 -1.71396e-01
 97 -0.01922  7.67194e-01 | 98  0.04408  9.36576e+00 | 99 -0.06228  3.01210e+00
100  0.04808  7.70059e+00 |101  0.09845  1.60970e+00 |102 -0.29816  7.18307e-02
103 -0.20921  4.49654e+00 |104 -0.14189 -3.91721e+00 |105  0.19615  2.08487e+01
106 -0.16798 -3.43568e+01 |107 -0.10093  2.43120e-01 |108  0.50613  1.11722e+00
109 -0.04218 -6.68737e+00 |110  0.11730  8.03334e+00 |111 -0.19866 -6.41698e+00
112  0.47338 -2.40932e+00 |113 -0.06199  1.61827e+01 |114  0.34588  2.34523e+01
115 -0.17148 -3.56047e+01 |116  0.30213 -1.93293e+01 |117 -0.07550  1.19510e+02
118 -0.18865 -1.21547e-01 |119 -0.18337 -5.45785e+00 |120 -0.38158  1.36924e+00
121  0.27280 -4.31561e-01 |122 -0.38406 -8.14149e-02 |123  0.00021  5.71931e-01
124 -0.00291 -2.52411e-02 |125 -0.13659  6.18313e-01 |126 -0.00529  1.85209e+00
127 -0.01011 -5.45697e+00 |128  0.05689  7.24055e+00 |129  0.42991  1.18087e+00
130 -0.16926 -3.00455e+00 |131  0.07006  1.22534e+00 |132 -0.18767 -1.76978e+00
132 variables; iteration 80; function evaluation 92; phase 4
Function value 2.5352198e+03; maximum gradient component mag 7.2836e+01
Var    Value     Gradient |Var    Value     Gradient |Var    Value     Gradient
  1 -0.16511 -6.54943e+01 |  2  0.02239  2.72442e+00 |  3 -0.08329  4.48683e+00
  4  0.01424 -1.12887e+01 |  5 -0.42026  1.57890e+00 |  6 -0.02092 -1.25879e+01
  7  0.07736 -4.28998e+01 |  8 -0.03385 -7.35041e+00 |  9  0.13055 -7.80962e+00
 10 -0.08433 -4.65902e+00 | 11 -0.02909  7.28357e+01 | 12  0.00465  2.48967e-01
 13  0.00535  2.86925e-01 | 14  0.00614  3.30781e-01 | 15  0.00706  3.81466e-01
 16  0.00812  4.40269e-01 | 17  0.00935  5.08771e-01 | 18  0.01078  5.88672e-01
 19  0.01245  6.81164e-01 | 20  0.01434  7.86351e-01 | 21  0.01649  9.02363e-01
 22  0.01882  1.02495e+00 | 23  0.02123  1.14411e+00 | 24  0.02352  1.24424e+00
 25  0.02538  1.30029e+00 | 26  0.02641  1.28932e+00 | 27  0.02668  1.22791e+00
 28  0.02762  1.23361e+00 | 29  0.03291  1.59737e+00 | 30  0.04587  2.58148e+00
 31  0.05977  3.70020e+00 | 32  0.06132  4.02510e+00 | 33  0.05127  3.52465e+00
 34  0.04441  3.21323e+00 | 35  0.04628  3.49612e+00 | 36  0.05825  4.51705e+00
 37  0.07924  6.50525e+00 | 38  0.05069  5.11390e+00 | 39  0.03117  5.52586e+00
 40  0.00937  5.99075e+00 | 41 -0.00502  6.44937e+00 | 42 -0.01518  5.43587e+00
 43 -0.00171  5.29004e+00 | 44  0.03325  5.62213e+00 | 45  0.04374  4.40269e+00
 46  0.04717  3.23932e+00 | 47  0.07319  2.15136e+00 | 48  0.02328  4.57391e+00
 49  0.01368  8.54569e+00 | 50  0.02988  5.66547e+00 | 51  0.03200  6.15103e+00
 52  0.09641 -1.63997e+00 | 53 -0.01142  1.12680e+01 | 54 -0.04380  1.24227e+01
 55 -0.05102  1.11060e+01 | 56  0.06915  1.38230e+01 | 57 -0.03052  1.25147e+01
 58 -0.08769  1.52287e+01 | 59 -0.14774  9.46419e+00 | 60 -0.13881  2.19198e-01
 61  0.17354  1.02352e+01 | 62 -0.12768  3.89089e+00 | 63  0.02149  1.17931e+01
 64 -0.00751  1.24128e+00 | 65  0.03169  1.13015e+01 | 66  0.02669  4.31562e-01
 67 -0.03648 -1.03004e+00 | 68  0.00753 -3.88235e+00 | 69 -0.10202  1.60061e+00
 70  0.01922 -6.59440e+00 | 71 -0.10167 -7.30369e-01 | 72 -0.05209  1.53654e+00
 73 -0.12205  2.83733e+00 | 74 -0.09819  4.36173e+00 | 75 -0.17161 -1.47156e+01
 76  0.25585 -6.04657e+01 | 77 -0.18901 -7.14523e+00 | 78  0.00894  6.44826e-01
 79 -0.07272  6.04843e-01 | 80  0.06919 -2.44551e+00 | 81 -0.08625  6.44976e+00
 82 -0.18181  1.07178e+01 | 83 -0.21896  5.74563e+00 | 84 -0.06031  3.15361e+00
 85 -0.09180  1.11292e+00 | 86  0.08457 -3.48275e+00 | 87  0.12451 -1.14041e+00
 88  0.00802  2.41738e-01 | 89  0.10284  1.12831e+00 | 90  0.15541 -1.52644e+00
 91 -0.03532 -5.14316e+00 | 92  0.07698  6.08119e+00 | 93 -0.00711  4.42448e-01
 94 -0.03514  5.80505e+00 | 95 -0.14966  2.52846e+00 | 96 -0.09104  3.56021e+00
 97 -0.01262  4.47771e+00 | 98  0.03652 -7.97449e+00 | 99 -0.07100 -1.08518e+00
100  0.03823  5.13685e+00 |101  0.07507 -2.35183e+00 |102 -0.30745 -1.31910e-02
103 -0.26372  5.06210e-01 |104 -0.09455  2.36348e-01 |105  0.16587 -7.63979e-01
106 -0.17892 -3.39835e+00 |107  0.00894  2.76160e-01 |108  0.52135 -6.85530e-01
109 -0.03215  4.90460e+00 |110  0.10861  1.68110e+01 |111 -0.20333 -1.80818e+01
112  0.56582  1.09428e+00 |113 -0.05334 -1.85588e+00 |114  0.32069  5.40073e-02
115 -0.17935 -6.06938e+00 |116  0.27255 -1.11274e+01 |117 -0.08733  5.83847e+01
118 -0.18340 -6.04541e-01 |119 -0.18398 -1.18972e+01 |120 -0.37613  6.41885e+00
121  0.27032  3.80966e+00 |122 -0.26137 -3.76149e-01 |123 -0.00082  9.68250e+00
124 -0.00419 -2.10910e+00 |125 -0.12673  4.79060e+00 |126  0.04247 -1.51978e+00
127 -0.00050 -1.34457e+01 |128 -0.11497 -4.04846e+00 |129  0.46619  3.59894e-01
130 -0.14501  2.55199e+00 |131  0.06073  1.80642e+00 |132 -0.19438 -2.23349e+00
Maximum number of function evaluations exceeded

 - final statistics:
132 variables; iteration 89; function evaluation 100
Function value 2.5340e+03; maximum gradient component mag 6.9695e+01
Exit code = 3;  converg criter 1.0000e+00
Var    Value     Gradient |Var    Value     Gradient |Var    Value     Gradient
  1 -0.17588 -6.15270e+01 |  2  0.02672  2.87147e-01 |  3 -0.08625  6.84625e+00
  4  0.02119 -4.13068e+00 |  5 -0.42202  1.26853e+00 |  6 -0.00924 -9.80021e+00
  7  0.07968 -2.91113e+01 |  8 -0.03893 -3.06454e+00 |  9  0.13126 -1.29464e+00
 10 -0.09601 -5.27214e+00 | 11 -0.03878  6.96945e+01 | 12  0.00504  2.84396e-01
 13  0.00579  3.28591e-01 | 14  0.00666  3.79643e-01 | 15  0.00766  4.38566e-01
 16  0.00881  5.06702e-01 | 17  0.01014  5.85642e-01 | 18  0.01169  6.77038e-01
 19  0.01347  7.81945e-01 | 20  0.01549  9.00616e-01 | 21  0.01777  1.03191e+00
 22  0.02028  1.17478e+00 | 23  0.02303  1.32720e+00 | 24  0.02602  1.49007e+00
 25  0.02930  1.66580e+00 | 26  0.03289  1.86060e+00 | 27  0.03665  2.07198e+00
 28  0.03996  2.25870e+00 | 29  0.04135  2.32227e+00 | 30  0.04072  2.28231e+00
 31  0.04275  2.51103e+00 | 32  0.04622  2.92545e+00 | 33  0.04780  3.23144e+00
 34  0.05271  3.76085e+00 | 35  0.05878  4.23285e+00 | 36  0.05941  4.12423e+00
 37  0.06268  4.38389e+00 | 38  0.04851  4.01389e+00 | 39  0.02898  4.35587e+00
 40 -0.00516  3.31503e+00 | 41 -0.02327  3.15134e+00 | 42 -0.02112  4.03494e+00
 43  0.00101  5.24358e+00 | 44  0.03253  5.32573e+00 | 45  0.04180  4.35439e+00
 46  0.06071  4.47627e+00 | 47  0.05966  1.11469e+00 | 48  0.03523  5.05139e+00
 49  0.00622  5.99166e+00 | 50  0.02962  2.88862e+00 | 51  0.02802  3.25184e+00
 52  0.09734 -4.29569e+00 | 53 -0.01301  9.65996e+00 | 54 -0.04370  1.08722e+01
 55 -0.05576  8.57878e+00 | 56  0.06985  1.40836e+01 | 57 -0.03030  1.15273e+01
 58 -0.09565  1.05052e+01 | 59 -0.14729  9.47751e+00 | 60 -0.13493  2.45506e+00
 61  0.17341  1.80657e+01 | 62 -0.12902  3.42878e+00 | 63  0.01700  8.78787e+00
 64  0.00104  6.49236e+00 | 65  0.02491  3.54302e+00 | 66  0.02912  2.45845e+00
 67 -0.03293  3.03551e+00 | 68  0.00908  1.10725e-01 | 69 -0.10692  7.87573e-01
 70  0.02133 -4.54785e+00 | 71 -0.10401 -1.45094e+00 | 72 -0.05169  2.63862e+00
 73 -0.11261  7.02126e+00 | 74 -0.09489  7.82283e+00 | 75 -0.15377 -1.17688e+01
 76  0.25847 -4.05964e+01 | 77 -0.20644 -9.83013e+00 | 78  0.01142  3.18154e+00
 79 -0.06872  4.26019e+00 | 80  0.07046 -4.14304e-01 | 81 -0.08611  5.39649e+00
 82 -0.18770  6.81834e+00 | 83 -0.21961  5.05009e+00 | 84 -0.05835  2.79286e+00
 85 -0.10038 -2.44030e+00 | 86  0.08589 -2.47430e+00 | 87  0.12470 -1.70203e+00
 88  0.00852  5.12339e-01 | 89  0.10512  3.80693e+00 | 90  0.15223 -1.05152e+01
 91 -0.04002 -7.94834e+00 | 92  0.07303  1.57195e-01 | 93 -0.00378  2.34879e+00
 94 -0.03941  3.06646e+00 | 95 -0.15498  9.17682e-01 | 96 -0.09495  2.34468e+00
 97 -0.01038  8.21626e+00 | 98  0.03748 -5.42803e+00 | 99 -0.07708 -3.29549e+00
100  0.02301  9.80792e-01 |101  0.06934 -2.28769e+00 |102 -0.35545 -1.06455e+00
103 -0.27014 -2.71226e-02 |104 -0.08961  1.28599e-01 |105  0.19054  1.49883e+01
106 -0.16798 -2.64474e+01 |107 -0.12524 -1.17011e+00 |108  0.54665 -6.38010e-01
109 -0.02623  5.92031e+00 |110  0.09775  2.44591e+00 |111 -0.20902 -2.78113e+00
112  0.47936  4.57478e-01 |113 -0.06354  3.54582e+00 |114  0.31771 -1.15935e+00
115 -0.17957 -3.40214e+00 |116  0.25313 -1.71243e+01 |117 -0.09337  5.29887e+01
118 -0.18539 -1.53678e+00 |119 -0.18196  1.06238e+00 |120 -0.37510  2.62656e+00
121  0.25030  9.60288e+00 |122 -0.16252  4.24089e-01 |123  0.00431  7.51668e+00
124 -0.00035 -3.06715e+00 |125 -0.14747  1.31059e+00 |126  0.07509  5.15133e-01
127  0.01694 -2.28400e+00 |128 -0.14596 -2.49423e+00 |129  0.42123  1.38989e-01
130 -0.17034 -1.67961e+00 |131  0.05075  2.24783e-01 |132 -0.20255 -1.86355e+00

Initial statistics: 133 variables; iteration 0; function evaluation 0; phase 5
Function value 2.5339663e+03; maximum gradient component mag 6.9695e+01
Var    Value     Gradient |Var    Value     Gradient |Var    Value     Gradient
  1 -0.17588 -6.15270e+01 |  2  0.02672  2.87147e-01 |  3 -0.08625  6.84625e+00
  4  0.02119 -4.13068e+00 |  5 -0.42202  1.26853e+00 |  6 -0.00924 -9.80021e+00
  7  0.07968 -2.91113e+01 |  8 -0.03893 -3.06454e+00 |  9  0.13126 -1.29464e+00
 10 -0.09601 -5.27214e+00 | 11 -0.03878  6.96945e+01 | 12  0.19448  8.82205e-01
 13  0.00504  2.84396e-01 | 14  0.00579  3.28591e-01 | 15  0.00666  3.79643e-01
 16  0.00766  4.38566e-01 | 17  0.00881  5.06702e-01 | 18  0.01014  5.85642e-01
 19  0.01169  6.77038e-01 | 20  0.01347  7.81945e-01 | 21  0.01549  9.00616e-01
 22  0.01777  1.03191e+00 | 23  0.02028  1.17478e+00 | 24  0.02303  1.32720e+00
 25  0.02602  1.49007e+00 | 26  0.02930  1.66580e+00 | 27  0.03289  1.86060e+00
 28  0.03665  2.07198e+00 | 29  0.03996  2.25870e+00 | 30  0.04135  2.32227e+00
 31  0.04072  2.28231e+00 | 32  0.04275  2.51103e+00 | 33  0.04622  2.92545e+00
 34  0.04780  3.23144e+00 | 35  0.05271  3.76085e+00 | 36  0.05878  4.23285e+00
 37  0.05941  4.12423e+00 | 38  0.06268  4.38389e+00 | 39  0.04851  4.01389e+00
 40  0.02898  4.35587e+00 | 41 -0.00516  3.31503e+00 | 42 -0.02327  3.15134e+00
 43 -0.02112  4.03494e+00 | 44  0.00101  5.24358e+00 | 45  0.03253  5.32573e+00
 46  0.04180  4.35439e+00 | 47  0.06071  4.47627e+00 | 48  0.05966  1.11469e+00
 49  0.03523  5.05139e+00 | 50  0.00622  5.99166e+00 | 51  0.02962  2.88862e+00
 52  0.02802  3.25184e+00 | 53  0.09734 -4.29569e+00 | 54 -0.01301  9.65996e+00
 55 -0.04370  1.08722e+01 | 56 -0.05576  8.57878e+00 | 57  0.06985  1.40836e+01
 58 -0.03030  1.15273e+01 | 59 -0.09565  1.05052e+01 | 60 -0.14729  9.47751e+00
 61 -0.13493  2.45506e+00 | 62  0.17341  1.80657e+01 | 63 -0.12902  3.42878e+00
 64  0.01700  8.78787e+00 | 65  0.00104  6.49236e+00 | 66  0.02491  3.54302e+00
 67  0.02912  2.45845e+00 | 68 -0.03293  3.03551e+00 | 69  0.00908  1.10725e-01
 70 -0.10692  7.87573e-01 | 71  0.02133 -4.54785e+00 | 72 -0.10401 -1.45094e+00
 73 -0.05169  2.63862e+00 | 74 -0.11261  7.02126e+00 | 75 -0.09489  7.82283e+00
 76 -0.15377 -1.17688e+01 | 77  0.25847 -4.05964e+01 | 78 -0.20644 -9.83013e+00
 79  0.01142  3.18154e+00 | 80 -0.06872  4.26019e+00 | 81  0.07046 -4.14304e-01
 82 -0.08611  5.39649e+00 | 83 -0.18770  6.81834e+00 | 84 -0.21961  5.05009e+00
 85 -0.05835  2.79286e+00 | 86 -0.10038 -2.44030e+00 | 87  0.08589 -2.47430e+00
 88  0.12470 -1.70203e+00 | 89  0.00852  5.12339e-01 | 90  0.10512  3.80693e+00
 91  0.15223 -1.05152e+01 | 92 -0.04002 -7.94834e+00 | 93  0.07303  1.57195e-01
 94 -0.00378  2.34879e+00 | 95 -0.03941  3.06646e+00 | 96 -0.15498  9.17682e-01
 97 -0.09495  2.34468e+00 | 98 -0.01038  8.21626e+00 | 99  0.03748 -5.42803e+00
100 -0.07708 -3.29549e+00 |101  0.02301  9.80792e-01 |102  0.06934 -2.28769e+00
103 -0.35545 -1.06455e+00 |104 -0.27014 -2.71226e-02 |105 -0.08961  1.28599e-01
106  0.19054  1.49883e+01 |107 -0.16798 -2.64474e+01 |108 -0.12524 -1.17011e+00
109  0.54665 -6.38010e-01 |110 -0.02623  5.92031e+00 |111  0.09775  2.44591e+00
112 -0.20902 -2.78113e+00 |113  0.47936  4.57478e-01 |114 -0.06354  3.54582e+00
115  0.31771 -1.15935e+00 |116 -0.17957 -3.40214e+00 |117  0.25313 -1.71243e+01
118 -0.09337  5.29887e+01 |119 -0.18539 -1.53678e+00 |120 -0.18196  1.06238e+00
121 -0.37510  2.62656e+00 |122  0.25030  9.60288e+00 |123 -0.16252  4.24089e-01
124  0.00431  7.51668e+00 |125 -0.00035 -3.06715e+00 |126 -0.14747  1.31059e+00
127  0.07509  5.15133e-01 |128  0.01694 -2.28400e+00 |129 -0.14596 -2.49423e+00
130  0.42123  1.38989e-01 |131 -0.17034 -1.67961e+00 |132  0.05075  2.24783e-01
133 -0.20255 -1.86355e+00 |

Intermediate statistics: 133 variables; iteration 20; function evaluation 21; phase 5
Function value 2.5301798e+03; maximum gradient component mag 5.6325e+01
Var    Value     Gradient |Var    Value     Gradient |Var    Value     Gradient
  1 -0.24323 -4.11370e+01 |  2  0.03957 -2.23276e+01 |  3 -0.09844 -1.79383e+01
  4  0.03502 -1.07559e+01 |  5 -0.44343 -4.53697e+00 |  6  0.05325 -7.99862e+00
  7  0.08291 -5.23074e+01 |  8 -0.04384 -7.88380e+00 |  9  0.12394 -7.53128e+00
 10 -0.07650 -1.83461e+00 | 11 -0.12233  2.54931e+01 | 12  0.12584  1.61946e+00
 13  0.00485  3.21763e-02 | 14  0.00539  3.45152e-02 | 15  0.00599  3.66612e-02
 16  0.00665  3.85285e-02 | 17  0.00738  4.01079e-02 | 18  0.00818  4.15426e-02
 19  0.00910  4.30725e-02 | 20  0.01013  4.48818e-02 | 21  0.01127  4.72433e-02
 22  0.01256  5.10187e-02 | 23  0.01396  5.73406e-02 | 24  0.01551  6.81447e-02
 25  0.01727  8.58240e-02 | 26  0.01924  1.11641e-01 | 27  0.02133  1.45683e-01
 28  0.02340  1.89957e-01 | 29  0.02551  2.56376e-01 | 30  0.02782  3.66752e-01
 31  0.02982  5.11511e-01 | 32  0.03008  6.08117e-01 | 33  0.02894  6.78085e-01
 34  0.02819  7.93314e-01 | 35  0.02838  9.17141e-01 | 36  0.03247  1.17821e+00
 37  0.04189  1.67713e+00 | 38  0.04900  2.16681e+00 | 39  0.04141  2.41296e+00
 40  0.01197  1.96304e+00 | 41 -0.01437  1.79020e+00 | 42 -0.03147  1.67583e+00
 43 -0.03474  1.59676e+00 | 44 -0.01678  1.99102e+00 | 45  0.02909  3.66600e+00
 46  0.04624  4.54527e+00 | 47  0.03836  4.60889e+00 | 48  0.10409  8.89089e+00
 49  0.01466  3.84723e+00 | 50 -0.01065  3.79030e+00 | 51  0.06312  1.07201e+01
 52 -0.00512  2.75765e+00 | 53  0.12259  1.20705e+01 | 54 -0.03523  3.70404e+00
 55 -0.03040  6.46224e+00 | 56 -0.05556  5.91139e-01 | 57  0.07623 -1.35066e+01
 58 -0.02898 -2.45789e+00 | 59 -0.09101  2.61502e+00 | 60 -0.14603  4.13581e+00
 61 -0.12536  7.74192e-01 | 62  0.18346 -2.14167e+01 | 63 -0.12597  1.89419e-01
 64  0.02685  4.25549e-03 | 65  0.00920  7.65068e-01 | 66  0.03329  1.08319e+00
 67  0.03586  2.89721e+00 | 68 -0.02704  4.07076e+00 | 69  0.01724  3.80032e+00
 70 -0.10609  7.44346e-01 | 71  0.02584 -2.00585e+00 | 72 -0.10023 -5.78448e-01
 73 -0.05003  2.10916e+00 | 74 -0.11311  4.51794e+00 | 75 -0.10750  2.38592e+00
 76 -0.08398  2.98884e-01 | 77  0.26961 -2.84187e+01 | 78 -0.14005  1.22836e+00
 79  0.02213  3.53655e+00 | 80 -0.06280  2.60097e+00 | 81  0.07874  6.00778e+00
 82 -0.08612  1.34627e+00 | 83 -0.19007  4.51784e+00 | 84 -0.22632  2.94637e+00
 85 -0.05922  2.07943e+00 | 86 -0.10401 -1.57417e+00 | 87  0.08982  4.09367e+00
 88  0.12753 -7.06476e-01 | 89  0.01038 -4.77096e-01 | 90  0.10688  2.82101e+00
 91  0.15943  1.47416e+00 | 92 -0.03150 -4.89428e+00 | 93  0.07628 -2.12319e-01
 94 -0.00086 -7.03935e-01 | 95 -0.03647  5.08579e-01 | 96 -0.15079  1.98005e-01
 97 -0.09517 -1.64991e-01 | 98 -0.01436  1.57623e+00 | 99  0.04630  3.88940e+00
100 -0.07128 -3.01769e+00 |101  0.02968  6.23212e-01 |102  0.08618 -2.51439e-01
103 -0.33048 -2.35470e-01 |104 -0.27297 -2.91934e-01 |105 -0.11707 -1.22928e+00
106  0.16793 -3.69975e+01 |107 -0.16900  5.63249e+01 |108 -0.09177 -2.40179e+00
109  0.53747  8.02195e-02 |110 -0.02372  2.19237e+00 |111  0.06717 -2.09086e+01
112 -0.22683  1.89766e+01 |113  0.42488  2.14599e+00 |114 -0.06941  4.84862e-01
115  0.31032  9.97494e+00 |116 -0.18280 -2.99928e+01 |117  0.22426 -2.13294e+01
118 -0.09885  4.97380e+01 |119 -0.16734 -1.05156e+00 |120 -0.17683  1.98379e+01
121 -0.38491 -1.04519e+01 |122  0.09682  6.66979e+00 |123 -0.07577  7.38657e+00
124 -0.00702  7.49897e+00 |125 -0.00788 -2.81759e+00 |126 -0.13303  2.57750e+00
127  0.00718 -2.20834e+00 |128  0.00100 -2.56009e+00 |129 -0.11386 -2.21074e+00
130  0.43602  1.39503e+00 |131 -0.16013 -1.65721e+00 |132  0.04939  4.83201e-01
133 -0.20064 -3.86178e-01 |
133 variables; iteration 40; function evaluation 43; phase 5
Function value 2.5294420e+03; maximum gradient component mag -6.3139e+01
Var    Value     Gradient |Var    Value     Gradient |Var    Value     Gradient
  1 -0.23791  4.07209e+01 |  2  0.03301 -2.61492e+01 |  3 -0.08920 -1.76300e+01
  4  0.02806 -1.35287e+01 |  5 -0.43732 -4.81046e+00 |  6  0.05480  5.05224e+00
  7  0.08899 -4.41157e+01 |  8 -0.06433 -6.62124e+00 |  9  0.13459 -7.86240e+00
 10 -0.10262 -3.50104e+00 | 11 -0.11310 -3.99794e+01 | 12 -0.05313 -7.40487e+00
 13  0.00725  1.30934e-02 | 14  0.00789  9.56320e-03 | 15  0.00858  4.57029e-03
 16  0.00932 -2.23463e-03 | 17  0.01011 -1.12135e-02 | 18  0.01097 -2.26055e-02
 19  0.01193 -3.66114e-02 | 20  0.01298 -5.35669e-02 | 21  0.01411 -7.37984e-02
 22  0.01534 -9.68929e-02 | 23  0.01661 -1.22665e-01 | 24  0.01794 -1.49762e-01
 25  0.01943 -1.77125e-01 | 26  0.02106 -2.05532e-01 | 27  0.02270 -2.38690e-01
 28  0.02416 -2.77190e-01 | 29  0.02570 -3.01220e-01 | 30  0.02790 -2.65650e-01
 31  0.03034 -1.85202e-01 | 32  0.02992 -2.40410e-01 | 33  0.02752 -3.85200e-01
 34  0.02639 -4.73860e-01 | 35  0.02564 -6.35873e-01 | 36  0.02914 -7.21019e-01
 37  0.04147 -5.28165e-01 | 38  0.05006 -4.86253e-01 | 39  0.04365 -3.54022e-01
 40  0.01076 -6.01584e-01 | 41 -0.01496 -3.66908e-01 | 42 -0.03230 -3.21297e-01
 43 -0.03575 -4.59315e-01 | 44 -0.01838 -5.51968e-01 | 45  0.02860 -2.34935e-02
 46  0.04788  6.75757e-01 | 47  0.02825  7.69813e-01 | 48  0.11444  4.02718e+00
 49  0.00977  1.68550e-01 | 50 -0.01159 -7.36746e-01 | 51  0.06064 -1.21298e+00
 52 -0.00986 -3.41293e+00 | 53  0.12532 -2.21626e+00 | 54 -0.03761 -6.67397e-01
 55 -0.03250  6.57912e-01 | 56 -0.05352 -2.83386e+00 | 57  0.07729 -2.49398e+01
 58 -0.02974 -9.02705e+00 | 59 -0.09289 -2.84023e+00 | 60 -0.14852  4.40007e-01
 61 -0.12192 -1.66141e+00 | 62  0.18628 -6.31386e+01 | 63 -0.12291 -1.64040e+00
 64  0.03558 -3.09318e+00 | 65  0.01773 -2.61229e+00 | 66  0.04100 -5.17978e+00
 67  0.04541 -3.19052e+00 | 68 -0.01786  1.34509e+00 | 69  0.02980  1.94993e+00
 70 -0.09635  6.94860e-01 | 71  0.04176  1.29551e+00 | 72 -0.08799  2.20186e-02
 73 -0.03566  3.08356e+00 | 74 -0.10030  5.36191e+00 | 75 -0.09190  4.23511e+00
 76 -0.06211  2.39646e+00 | 77  0.28671 -6.04063e+01 | 78 -0.12208  2.03741e+00
 79  0.03831  1.62588e+00 | 80 -0.04763  3.29702e+00 | 81  0.09049  1.29883e+01
 82 -0.07833  2.81116e+00 | 83 -0.18677  4.11989e+00 | 84 -0.22728  1.63137e+00
 85 -0.05547  4.77005e+00 | 86 -0.09908 -1.01878e+00 | 87  0.09081  3.69520e+00
 88  0.13074  6.09966e+00 | 89  0.01656  4.54247e+00 | 90  0.11058  7.36242e+00
 91  0.16020 -7.69518e-01 | 92 -0.02874 -3.69057e+00 | 93  0.07603  8.63927e-01
 94  0.00165  3.80619e+00 | 95 -0.03548  4.29496e+00 | 96 -0.15339  1.18258e+00
 97 -0.09700  2.37085e+00 | 98 -0.01690  5.49973e+00 | 99  0.03521 -6.58592e+00
100 -0.07029 -8.78878e-01 |101  0.02842  1.15073e+00 |102  0.08678  1.77685e-01
103 -0.28785  6.73790e-01 |104 -0.27472  1.62299e-01 |105 -0.11918 -1.57932e+00
106  0.15619 -3.97731e+01 |107 -0.17550  5.32643e+01 |108 -0.05892 -2.34094e+00
109  0.49546 -1.14153e+00 |110 -0.02684  8.78105e+00 |111  0.06705 -1.81619e+01
112 -0.22645  1.91214e+01 |113  0.18643 -2.90886e+00 |114 -0.15883  6.92688e+00
115  0.31356  7.54366e+00 |116 -0.18064 -2.32363e+01 |117  0.22059 -2.48382e+01
118 -0.09961  5.30040e+01 |119 -0.15717 -1.45536e+00 |120 -0.16323  2.39842e+01
121 -0.35713 -6.12352e+00 |122  0.06689  8.73941e+00 |123 -0.06991  1.15244e+01
124 -0.01360 -5.13821e+00 |125 -0.01180  7.66665e-01 |126 -0.12916 -9.16336e-01
127 -0.01674 -7.02763e+00 |128 -0.00560  3.69465e+00 |129 -0.09045 -1.74095e+00
130  0.44289  1.99900e-01 |131 -0.15518  7.17618e-01 |132  0.04568  2.05469e+00
133 -0.20469 -2.04088e+00 |
133 variables; iteration 60; function evaluation 64; phase 5
Function value 2.5282027e+03; maximum gradient component mag 4.4954e+01
Var    Value     Gradient |Var    Value     Gradient |Var    Value     Gradient
  1 -0.23067  4.49538e+01 |  2  0.03764  1.09693e+01 |  3 -0.09049  1.01996e+01
  4  0.03009  3.80138e+00 |  5 -0.44022 -1.99019e+00 |  6  0.04497  8.78706e+00
  7  0.08914  2.53142e+01 |  8 -0.06033  6.31363e+00 |  9  0.13479  5.36873e+00
 10 -0.10118  6.94338e-01 | 11 -0.09641 -3.03555e+01 | 12 -0.03206 -1.11180e+00
 13  0.00594 -4.38496e-02 | 14  0.00655 -4.71094e-02 | 15  0.00722 -5.04046e-02
 16  0.00796 -5.37079e-02 | 17  0.00878 -5.70240e-02 | 18  0.00969 -6.04105e-02
 19  0.01073 -6.39197e-02 | 20  0.01189 -6.76506e-02 | 21  0.01317 -7.19350e-02
 22  0.01457 -7.73854e-02 | 23  0.01604 -8.47299e-02 | 24  0.01758 -9.47208e-02
 25  0.01924 -1.08119e-01 | 26  0.02103 -1.25452e-01 | 27  0.02286 -1.47649e-01
 28  0.02455 -1.76438e-01 | 29  0.02606 -2.12997e-01 | 30  0.02729 -2.56503e-01
 31  0.02803 -3.09922e-01 | 32  0.02790 -3.93517e-01 | 33  0.02707 -5.09600e-01
 34  0.02668 -6.49225e-01 | 35  0.02759 -8.40378e-01 | 36  0.03135 -1.09364e+00
 37  0.03905 -1.38407e+00 | 38  0.04499 -1.70641e+00 | 39  0.03615 -1.83320e+00
 40  0.00743 -1.76555e+00 | 41 -0.02100 -1.63104e+00 | 42 -0.03812 -1.50130e+00
 43 -0.03882 -1.33565e+00 | 44 -0.01792 -1.30265e+00 | 45  0.02359 -1.99902e+00
 46  0.04279 -2.31666e+00 | 47  0.02148 -2.74849e+00 | 48  0.10279 -4.74736e+00
 49  0.00627 -3.95757e+00 | 50 -0.01364 -4.54462e+00 | 51  0.04430 -8.43967e+00
 52  0.00363 -5.22359e+00 | 53  0.11537 -1.18741e+01 | 54 -0.03671 -2.43489e+00
 55 -0.04230 -8.83702e-01 | 56 -0.05555  4.09360e-01 | 57  0.07593 -3.72147e+00
 58 -0.03270 -1.81591e+00 | 59 -0.09291  1.17952e+00 | 60 -0.15564  7.42523e-01
 61 -0.12683  3.56251e-01 | 62  0.18407 -1.38438e+01 | 63 -0.12988 -1.17476e+00
 64  0.02827 -4.96898e+00 | 65  0.01168 -4.29910e+00 | 66  0.03619 -5.77841e+00
 67  0.04081 -5.40638e+00 | 68 -0.02624 -1.87345e+00 | 69  0.02470  2.49087e-01
 70 -0.10307  4.47265e-01 | 71  0.03883  4.90897e+00 | 72 -0.09265 -7.76707e-01
 73 -0.03953 -8.80785e-01 | 74 -0.11140 -1.59022e-01 | 75 -0.09814  9.51472e-03
 76 -0.06732  1.70362e+00 | 77  0.29001 -6.42151e+00 | 78 -0.12994  9.16919e-01
 79  0.03394 -3.30442e+00 | 80 -0.05313  2.70810e-01 | 81  0.08560  3.70350e+00
 82 -0.08343  7.31673e-01 | 83 -0.19877 -3.67767e-01 | 84 -0.23325  2.23427e-01
 85 -0.06195  1.62060e+00 | 86 -0.09968 -4.87284e-01 | 87  0.08692  7.35652e-01
 88  0.12584 -9.43329e-01 | 89  0.01169  2.40096e+00 | 90  0.10589  4.87731e+00
 91  0.15858  5.13161e+00 | 92 -0.02734 -4.90186e-01 | 93  0.07408  2.18594e+00
 94 -0.00099  2.91473e+00 | 95 -0.03706  2.96219e+00 | 96 -0.15838 -6.68628e-01
 97 -0.10233 -9.51992e-01 | 98 -0.01825  3.61109e+00 | 99  0.03420 -6.72619e+00
100 -0.07257 -1.39950e+00 |101  0.02795  1.78908e+00 |102  0.08060 -5.41622e-01
103 -0.32203 -3.27405e-02 |104 -0.27733 -5.23889e-02 |105 -0.10298  5.59474e-01
106  0.16707  3.68221e+00 |107 -0.17716 -1.51194e+01 |108 -0.06817 -9.70065e-01
109  0.43065 -1.13175e+00 |110 -0.04170  5.69548e+00 |111  0.07687 -1.15044e+00
112 -0.22075  1.49244e+00 |113  0.18902  1.23110e-01 |114 -0.16410  1.45911e+00
115  0.32412 -5.70187e+00 |116 -0.17408  1.14279e+01 |117  0.23270  1.83017e+00
118 -0.10079 -5.04508e+00 |119 -0.16989 -1.83929e-01 |120 -0.15958  1.81775e+01
121 -0.35107 -3.52094e+00 |122  0.03514  7.82969e+00 |123 -0.06658  6.45436e+00
124 -0.00765  1.74563e+00 |125 -0.00528  8.63467e-01 |126 -0.13382  1.63156e+00
127  0.01073 -1.57452e+00 |128  0.00313  1.16341e+00 |129 -0.10817 -4.07303e-01
130  0.43614  4.08652e+00 |131 -0.16537 -6.86257e+00 |132  0.04850  4.59158e+00
133 -0.20380 -3.99217e+00 |
133 variables; iteration 80; function evaluation 87; phase 5
Function value 2.5276906e+03; maximum gradient component mag 1.8641e+01
Var    Value     Gradient |Var    Value     Gradient |Var    Value     Gradient
  1 -0.23862  1.86405e+01 |  2  0.03361  5.54605e+00 |  3 -0.08766  6.03928e+00
  4  0.03092  2.64059e+00 |  5 -0.43586  2.00999e+00 |  6  0.04593  1.96101e+00
  7  0.09017  1.55677e+01 |  8 -0.06057  2.84321e+00 |  9  0.13107  1.73206e+00
 10 -0.10593  8.87832e-01 | 11 -0.10548 -1.66113e+01 | 12 -0.06277  6.62691e-01
 13  0.00684  8.49775e-02 | 14  0.00747  9.08990e-02 | 15  0.00815  9.67014e-02
 16  0.00888  1.02213e-01 | 17  0.00967  1.07416e-01 | 18  0.01054  1.12641e-01
 19  0.01151  1.18450e-01 | 20  0.01259  1.24863e-01 | 21  0.01377  1.31407e-01
 22  0.01506  1.37841e-01 | 23  0.01640  1.43918e-01 | 24  0.01782  1.50213e-01
 25  0.01937  1.57886e-01 | 26  0.02103  1.64654e-01 | 27  0.02264  1.64834e-01
 28  0.02399  1.52662e-01 | 29  0.02508  1.29504e-01 | 30  0.02600  1.06874e-01
 31  0.02656  8.03433e-02 | 32  0.02581 -1.42215e-02 | 33  0.02414 -1.68734e-01
 34  0.02322 -3.32278e-01 | 35  0.02356 -5.43872e-01 | 36  0.02719 -7.57354e-01
 37  0.03573 -8.92478e-01 | 38  0.04158 -1.06214e+00 | 39  0.03310 -1.09184e+00
 40  0.00806 -8.61491e-01 | 41 -0.01747 -5.11738e-01 | 42 -0.02942  1.99355e-01
 43 -0.03553 -2.83957e-01 | 44 -0.01786 -6.13062e-01 | 45  0.02238 -1.32400e+00
 46  0.04012 -1.73410e+00 | 47  0.01980 -2.20873e+00 | 48  0.10329 -2.50312e+00
 49  0.00463 -2.20997e+00 | 50 -0.01215 -1.52148e+00 | 51  0.04997 -1.89702e+00
 52 -0.00138 -2.53892e+00 | 53  0.11756 -7.16404e+00 | 54 -0.04117 -2.98362e+00
 55 -0.04085 -1.79070e+00 | 56 -0.05841 -7.24493e-01 | 57  0.07806 -4.03107e-01
 58 -0.03028 -9.17855e-01 | 59 -0.09579 -9.20750e-01 | 60 -0.15655 -4.36369e-01
 61 -0.12643  2.39771e-01 | 62  0.18663 -2.28576e+00 | 63 -0.12821 -3.92565e-01
 64  0.03224 -7.85078e-01 | 65  0.01441 -1.83829e+00 | 66  0.04010 -1.56359e+00
 67  0.04399 -9.60752e-01 | 68 -0.02350 -4.31381e-01 | 69  0.02610 -7.88507e-01
 70 -0.10277 -7.12574e-01 | 71  0.03911  4.82707e-01 | 72 -0.08537  1.04210e+00
 73 -0.03750 -1.14922e-01 | 74 -0.10741  4.52299e-01 | 75 -0.09360  5.16194e-04
 76 -0.07350 -2.88174e-01 | 77  0.29690  6.87047e+00 | 78 -0.13166  3.10747e-02
 79  0.04087 -9.31042e-01 | 80 -0.05014 -7.41327e-01 | 81  0.08769 -1.53238e+00
 82 -0.08165  5.23739e-01 | 83 -0.19333  1.91855e+00 | 84 -0.23551 -4.68204e-01
 85 -0.06406 -8.43862e-01 | 86 -0.10024 -1.00907e+00 | 87  0.08702  8.38361e-02
 88  0.12620 -4.66217e-01 | 89  0.00950 -5.16001e-01 | 90  0.10399 -6.84505e-01
 91  0.15907  2.85506e+00 | 92 -0.02643 -5.44398e-01 | 93  0.07347 -1.29747e-01
 94 -0.00221  1.29225e+00 | 95 -0.04057  7.08560e-02 | 96 -0.15055  1.59588e+00
 97 -0.09857  3.99967e-01 | 98 -0.02492 -2.05849e+00 | 99  0.03436 -4.06914e+00
100 -0.07127 -1.80134e-01 |101  0.02318 -3.66270e-02 |102  0.08539  5.05809e-01
103 -0.29249  6.16054e-01 |104 -0.27341  5.65981e-01 |105 -0.11460 -4.73119e-01
106  0.17651  3.56987e+00 |107 -0.17125 -9.54901e+00 |108 -0.07545 -3.92329e-01
109  0.45683  3.28215e-01 |110 -0.03986 -8.70883e-01 |111  0.07716 -1.70944e+00
112 -0.22024  9.43337e-01 |113  0.16271 -1.74394e+00 |114 -0.17853  2.21677e+00
115  0.32465 -4.43118e+00 |116 -0.17446  8.00942e+00 |117  0.22872  4.05685e-01
118 -0.10178 -5.06610e+00 |119 -0.15757  4.50281e-01 |120 -0.15645  3.14839e+00
121 -0.34763 -1.69005e+00 |122 -0.02978  4.14048e+00 |123 -0.05967  1.34168e+01
124 -0.01038  1.83608e-02 |125 -0.00848 -3.00486e-01 |126 -0.13364  7.18871e-02
127  0.00262 -1.40357e+00 |128  0.00174  1.57494e-01 |129 -0.10322 -3.27172e-03
130  0.42648 -3.63576e+00 |131 -0.16125  5.54016e+00 |132  0.04317  3.82531e-01
133 -0.20704 -1.25487e+00 |
133 variables; iteration 100; function evaluation 110; phase 5
Function value 2.5274559e+03; maximum gradient component mag 5.5299e+00
Var    Value     Gradient |Var    Value     Gradient |Var    Value     Gradient
  1 -0.23449  2.87480e+00 |  2  0.03251  7.32924e-01 |  3 -0.09035  4.91886e-01
  4  0.03006  1.84359e-01 |  5 -0.43519  8.50413e-01 |  6  0.03806 -7.74922e-01
  7  0.08870  1.99193e+00 |  8 -0.05347  6.04421e-01 |  9  0.12839  3.19652e-02
 10 -0.10512 -9.53612e-02 | 11 -0.09517 -2.48163e+00 | 12 -0.09814  1.19293e+00
 13  0.00599  2.26293e-02 | 14  0.00652  2.32441e-02 | 15  0.00709  2.35952e-02
 16  0.00771  2.36512e-02 | 17  0.00838  2.34196e-02 | 18  0.00911  2.30319e-02
 19  0.00994  2.26957e-02 | 20  0.01085  2.26683e-02 | 21  0.01186  2.33809e-02
 22  0.01298  2.57851e-02 | 23  0.01418  3.04346e-02 | 24  0.01547  3.79403e-02
 25  0.01686  4.55587e-02 | 26  0.01826  4.72551e-02 | 27  0.01948  3.46014e-02
 28  0.02026  1.46953e-03 | 29  0.02055 -5.44166e-02 | 30  0.02048 -1.16070e-01
 31  0.02046 -1.43590e-01 | 32  0.02062 -1.26695e-01 | 33  0.02120 -6.24555e-02
 34  0.02300  4.76873e-02 | 35  0.02646  1.52804e-01 | 36  0.03033  7.49358e-02
 37  0.03281 -2.62803e-01 | 38  0.04215 -8.57682e-02 | 39  0.03570 -5.14856e-03
 40  0.00815 -9.54429e-02 | 41 -0.01905 -8.90650e-02 | 42 -0.03599 -6.94613e-02
 43 -0.04344 -7.44502e-01 | 44 -0.02251 -5.00956e-01 | 45  0.01458 -8.40096e-01
 46  0.04562  3.34578e-02 | 47  0.02328 -6.38903e-01 | 48  0.09472  5.75178e-01
 49  0.01060  5.60108e-02 | 50 -0.01232  2.23411e-01 | 51  0.04572  6.92652e-01
 52  0.00233 -2.25960e-01 | 53  0.11394 -6.88596e-01 | 54 -0.03400  3.08352e-01
 55 -0.04473 -4.42936e-01 | 56 -0.05894 -4.22550e-02 | 57  0.07620  4.89720e-01
 58 -0.03097 -2.16942e-01 | 59 -0.09724 -6.58895e-01 | 60 -0.15611  7.90899e-02
 61 -0.12761  1.36140e-01 | 62  0.18588  1.08068e+00 | 63 -0.12603  2.14311e-01
 64  0.03119 -5.99918e-01 | 65  0.01816  1.59965e+00 | 66  0.04021 -4.94980e-02
 67  0.04567  1.42779e+00 | 68 -0.02277  3.20292e-01 | 69  0.02680 -4.39140e-01
 70 -0.09966 -3.35380e-01 | 71  0.04039 -7.37535e-01 | 72 -0.08378  7.11446e-01
 73 -0.03531 -2.81336e-01 | 74 -0.10609  2.81147e-01 | 75 -0.09071  3.18951e-01
 76 -0.07019 -2.97885e-02 | 77  0.30049  5.35394e+00 | 78 -0.12879  1.63875e-01
 79  0.04484  2.36126e-01 | 80 -0.04658  1.38666e-01 | 81  0.08938 -1.63947e+00
 82 -0.08199 -3.39845e-01 | 83 -0.19517  9.48268e-01 | 84 -0.23288  5.09789e-01
 85 -0.06472 -8.32923e-01 | 86 -0.09883 -2.02429e-01 | 87  0.08636 -1.68492e-01
 88  0.12582  1.98584e-01 | 89  0.00906 -8.17864e-01 | 90  0.10390 -1.58102e+00
 91  0.15815 -1.77091e-01 | 92 -0.02578 -2.22550e-01 | 93  0.07411  1.21864e-01
 94 -0.00627 -2.20205e+00 | 95 -0.04119 -9.40440e-01 | 96 -0.15522  9.36082e-02
 97 -0.09866  3.66141e-01 | 98 -0.02480 -4.75177e-01 | 99  0.03532 -2.37653e-01
100 -0.07032  3.24978e-01 |101  0.02231 -9.73332e-02 |102  0.08386  3.50674e-01
103 -0.29735  5.01360e-01 |104 -0.27513  3.75445e-01 |105 -0.11267 -3.85865e-01
106  0.18351 -1.17791e-03 |107 -0.16704  4.99065e-01 |108 -0.07405 -6.11471e-02
109  0.47279  6.21797e-01 |110 -0.03855 -2.60576e+00 |111  0.08308 -2.55153e+00
112 -0.21634  1.06085e+00 |113  0.17090  2.17995e-01 |114 -0.17749 -4.87707e-01
115  0.32655 -1.39472e+00 |116 -0.17498  1.40592e+00 |117  0.23396 -2.42871e-01
118 -0.10006  8.44856e-01 |119 -0.15377  8.75316e-01 |120 -0.14614  1.63649e-01
121 -0.33261 -3.79294e-01 |122 -0.07890  5.05796e-01 |123 -0.05758  5.52991e+00
124 -0.00935 -2.20590e-01 |125 -0.00682  3.21126e-01 |126 -0.13405  1.03401e-01
127  0.01435 -3.99132e-01 |128  0.00522 -1.50477e-02 |129 -0.11041 -8.37209e-02
130  0.42810 -2.22130e+00 |131 -0.16313  3.04968e+00 |132  0.04823 -9.39678e-01
133 -0.20121  1.07970e+00 |
133 variables; iteration 120; function evaluation 137; phase 5
Function value 2.5273874e+03; maximum gradient component mag 4.6752e+00
Var    Value     Gradient |Var    Value     Gradient |Var    Value     Gradient
  1 -0.23188  4.67515e+00 |  2  0.03236 -2.90392e-01 |  3 -0.09133 -1.59288e-01
  4  0.03053 -1.17219e-01 |  5 -0.43592 -8.93676e-02 |  6  0.03550  5.81489e-01
  7  0.08855 -4.41017e-01 |  8 -0.05257 -8.84412e-02 |  9  0.12738 -1.14765e-01
 10 -0.10465 -5.24687e-02 | 11 -0.08741 -3.52774e+00 | 12 -0.12035 -2.64452e-01
 13  0.00510 -4.96599e-02 | 14  0.00569 -4.25109e-02 | 15  0.00634 -3.44584e-02
 16  0.00702 -2.67825e-02 | 17  0.00774 -2.13064e-02 | 18  0.00846 -2.01489e-02
 19  0.00919 -2.46436e-02 | 20  0.00995 -3.36406e-02 | 21  0.01078 -4.28383e-02
 22  0.01176 -4.64265e-02 | 23  0.01292 -3.96862e-02 | 24  0.01423 -2.33264e-02
 25  0.01567 -4.83688e-03 | 26  0.01701  4.69227e-04 | 27  0.01812 -1.21198e-02
 28  0.01902 -2.82791e-02 | 29  0.01990 -3.43665e-02 | 30  0.02068 -3.05869e-02
 31  0.02104 -2.83516e-02 | 32  0.02094 -2.99612e-02 | 33  0.02063 -3.13079e-02
 34  0.02088 -3.81278e-02 | 35  0.02241 -7.36334e-02 | 36  0.02780 -5.07287e-02
 37  0.03475 -1.26266e-01 | 38  0.04092 -1.35959e-01 | 39  0.03328 -1.24643e-01
 40  0.00649 -1.66313e-01 | 41 -0.02166 -2.38695e-01 | 42 -0.03785 -1.03510e-01
 43 -0.03977 -5.93201e-02 | 44 -0.02265 -2.05763e-01 | 45  0.01880 -2.08698e-01
 46  0.03604 -3.13686e-01 | 47  0.03199 -2.90795e-01 | 48  0.08757 -4.73520e-01
 49  0.01270 -2.68180e-01 | 50 -0.01350 -3.03981e-01 | 51  0.04218 -4.45109e-01
 52  0.00288 -3.41137e-01 | 53  0.11280 -8.83814e-01 | 54 -0.03792 -2.96891e-01
 55 -0.04432 -2.07504e-01 | 56 -0.06032 -2.03340e-01 | 57  0.07480 -6.26300e-01
 58 -0.03189 -1.93324e-01 | 59 -0.09668 -6.49730e-02 | 60 -0.15759 -1.28690e-01
 61 -0.12829 -1.01173e-01 | 62  0.18532 -1.77435e+00 | 63 -0.12749 -9.99661e-02
 64  0.03249 -3.24253e-01 | 65  0.01674 -2.71063e-01 | 66  0.04189 -2.71378e-01
 67  0.04547 -3.11563e-01 | 68 -0.02193 -1.38222e-01 | 69  0.02817 -9.87359e-02
 70 -0.09798 -1.33018e-03 | 71  0.04261  6.95323e-02 | 72 -0.08430 -1.21439e-02
 73 -0.03258  6.46975e-02 | 74 -0.10553 -1.17259e-02 | 75 -0.08977 -2.64666e-03
 76 -0.06771  1.51119e-02 | 77  0.30212 -1.45855e+00 | 78 -0.12807 -1.45239e-02
 79  0.04657 -5.79996e-02 | 80 -0.04557 -6.11773e-03 | 81  0.09080  1.66800e-01
 82 -0.08129  6.19929e-02 | 83 -0.19702 -6.82972e-02 | 84 -0.23433 -5.42456e-02
 85 -0.06414  8.74980e-02 | 86 -0.09910  5.14871e-02 | 87  0.08625  2.10556e-01
 88  0.12563  2.16932e-01 | 89  0.00969  5.44387e-02 | 90  0.10478  1.26797e-01
 91  0.15809  1.47532e-01 | 92 -0.02564  8.54985e-02 | 93  0.07352  7.72699e-02
 94 -0.00442  1.28464e-01 | 95 -0.04074  7.01228e-02 | 96 -0.15613  7.92250e-03
 97 -0.10023  6.33361e-03 | 98 -0.02500  1.08742e-01 | 99  0.03455  8.43662e-02
100 -0.07153  3.18389e-02 |101  0.02160 -2.25748e-02 |102  0.08136 -4.83839e-02
103 -0.32148 -2.26374e-02 |104 -0.27827  4.88733e-02 |105 -0.10988 -8.78219e-02
106  0.18273 -1.59398e-01 |107 -0.16757  2.85115e-01 |108 -0.06633  1.83077e-02
109  0.44967  1.12311e-02 |110 -0.04172  1.17176e-01 |111  0.08763 -1.46645e-01
112 -0.21319  2.58368e-01 |113  0.17433 -4.34285e-02 |114 -0.17530  8.39949e-02
115  0.32876 -1.94338e-01 |116 -0.17430  4.13182e-01 |117  0.23833 -2.18227e-01
118 -0.09891  3.85757e-01 |119 -0.16869 -7.24078e-02 |120 -0.14383 -4.60006e-01
121 -0.32948  1.79151e-01 |122 -0.08755 -2.60374e-01 |123 -0.05793 -6.07815e-01
124 -0.00867  2.73587e-02 |125 -0.00682 -6.62478e-03 |126 -0.13503  1.11033e-04
127  0.01913 -6.84914e-02 |128  0.00654  2.20682e-01 |129 -0.11301 -2.88496e-02
130  0.43503  1.24612e-01 |131 -0.16186 -1.07756e-01 |132  0.04804 -1.94364e-02
133 -0.20209 -4.52439e-03 |
133 variables; iteration 140; function evaluation 170; phase 5
Function value 2.5273823e+03; maximum gradient component mag -5.6608e-01
Var    Value     Gradient |Var    Value     Gradient |Var    Value     Gradient
  1 -0.23339  5.52189e-01 |  2  0.03277 -5.19494e-02 |  3 -0.09144 -3.03721e-02
  4  0.03075 -1.09450e-02 |  5 -0.43616 -9.34334e-03 |  6  0.03703  4.04519e-02
  7  0.08854 -1.07083e-01 |  8 -0.05270 -8.57958e-03 |  9  0.12745 -1.03499e-02
 10 -0.10432 -4.98520e-03 | 11 -0.08539 -5.66077e-01 | 12 -0.13691 -6.87591e-02
 13  0.00544 -1.99329e-03 | 14  0.00598  4.13178e-03 | 15  0.00645  9.08401e-04
 16  0.00689 -9.29467e-03 | 17  0.00745 -1.20907e-02 | 18  0.00819 -5.25736e-03
 19  0.00890 -6.59952e-03 | 20  0.00955 -1.94602e-02 | 21  0.01043 -1.79823e-02
 22  0.01152 -6.86283e-03 | 23  0.01241 -1.32033e-02 | 24  0.01345 -1.01204e-02
 25  0.01460 -3.66306e-03 | 26  0.01551 -2.03759e-02 | 27  0.01689 -1.30721e-04
 28  0.01765 -1.52082e-02 | 29  0.01841 -1.70488e-02 | 30  0.01912 -5.88013e-03
 31  0.01914 -1.70905e-02 | 32  0.01896 -1.48816e-02 | 33  0.01860 -1.54414e-02
 34  0.01890 -1.42662e-02 | 35  0.02072 -2.62791e-02 | 36  0.02567 -2.10580e-02
 37  0.03347 -2.13927e-02 | 38  0.03915 -3.08057e-02 | 39  0.03122 -3.33907e-02
 40  0.00551 -3.11606e-02 | 41 -0.02169 -3.12727e-02 | 42 -0.03895 -2.23912e-02
 43 -0.04124 -2.04419e-02 | 44 -0.02316 -2.61751e-02 | 45  0.01708 -4.86486e-02
 46  0.03522 -5.63051e-02 | 47  0.03159 -4.99812e-02 | 48  0.08613 -1.06391e-01
 49  0.01229 -4.07364e-02 | 50 -0.01362 -3.95634e-02 | 51  0.04112 -7.02941e-02
 52  0.00265 -4.62467e-02 | 53  0.11206 -1.40356e-01 | 54 -0.03786 -3.30004e-02
 55 -0.04489 -4.15225e-02 | 56 -0.06058 -3.58800e-02 | 57  0.07443 -1.07930e-01
 58 -0.03221 -4.71630e-02 | 59 -0.09701 -2.22679e-02 | 60 -0.15745 -1.45396e-02
 61 -0.12834 -1.73417e-02 | 62  0.18552 -2.90527e-01 | 63 -0.12719 -1.93170e-02
 64  0.03309 -7.66089e-02 | 65  0.01761 -4.25321e-02 | 66  0.04268 -5.76628e-02
 67  0.04632 -4.76032e-02 | 68 -0.02109 -2.41678e-02 | 69  0.02913 -4.51683e-02
 70 -0.09716 -6.08070e-03 | 71  0.04380 -2.82674e-02 | 72 -0.08311 -1.63437e-02
 73 -0.03133 -5.08360e-03 | 74 -0.10414  1.57254e-03 | 75 -0.08815  1.83076e-03
 76 -0.06660 -4.64515e-03 | 77  0.30464 -9.59256e-02 | 78 -0.12674 -7.48744e-03
 79  0.04879 -1.92292e-02 | 80 -0.04387 -6.92591e-03 | 81  0.09206  3.69212e-03
 82 -0.08063  4.72096e-03 | 83 -0.19650  7.83636e-03 | 84 -0.23400 -7.60233e-04
 85 -0.06415  1.28382e-02 | 86 -0.09930 -3.59929e-03 | 87  0.08611  2.20777e-02
 88  0.12554  2.47671e-02 | 89  0.00969  1.35918e-03 | 90  0.10480 -6.86312e-03
 91  0.15813  1.71673e-02 | 92 -0.02576 -1.11110e-03 | 93  0.07340  1.12649e-03
 94 -0.00473 -3.48943e-04 | 95 -0.04121  2.64769e-03 | 96 -0.15662  1.65245e-04
 97 -0.10078  2.20863e-03 | 98 -0.02571  1.52042e-02 | 99  0.03396  2.37155e-02
100 -0.07205  2.92267e-03 |101  0.02134  2.35002e-03 |102  0.08132 -1.02025e-02
103 -0.32035  6.44438e-03 |104 -0.27891  6.17544e-03 |105 -0.10916 -2.07451e-03
106  0.18240 -5.52881e-02 |107 -0.16765  6.61254e-02 |108 -0.06814 -3.78985e-04
109  0.43955 -9.06725e-03 |110 -0.04359 -2.21611e-02 |111  0.08666 -4.63676e-02
112 -0.21381  3.61930e-02 |113  0.17323  3.44472e-03 |114 -0.17588 -1.93000e-02
115  0.32841 -1.56305e-02 |116 -0.17436  1.31405e-02 |117  0.23764 -2.15023e-02
118 -0.09905  4.07763e-02 |119 -0.16831  1.27900e-03 |120 -0.14446 -1.72050e-02
121 -0.33039 -1.84930e-03 |122 -0.08427 -1.77939e-03 |123 -0.05819 -8.33429e-02
124 -0.00879 -5.29708e-03 |125 -0.00685  1.38118e-02 |126 -0.13496  1.34373e-03
127  0.01817  4.54408e-04 |128  0.00626  1.04027e-02 |129 -0.11287  5.08104e-03
130  0.43386  4.27384e-03 |131 -0.16230 -2.83690e-03 |132  0.04791  5.68058e-03
133 -0.20211  4.82829e-03 |
  ic > imax  in fminim is answer attained ?
Var    Value     Gradient |Var    Value     Gradient |Var    Value     Gradient
  1 -0.23335 -1.85968e-02 |  2  0.03274  1.60923e-03 |  3 -0.09142  1.01204e-03
  4  0.03072  6.96064e-04 |  5 -0.43614  2.65203e-04 |  6  0.03699 -1.80432e-03
  7  0.08855  1.59129e-03 |  8 -0.05270  3.42974e-04 |  9  0.12747  2.68556e-04
 10 -0.10436  1.84558e-04 | 11 -0.08522  1.84756e-02 | 12 -0.13782  2.24728e-03
 13  0.00542  7.67042e-06 | 14  0.00588  6.36331e-05 | 15  0.00639 -1.06174e-04
 16  0.00694  3.77150e-04 | 17  0.00753  2.19694e-05 | 18  0.00818  2.10951e-04
 19  0.00890  2.25706e-04 | 20  0.00970  3.29679e-04 | 21  0.01056  3.97680e-04
 22  0.01149  1.48437e-04 | 23  0.01246  2.79933e-04 | 24  0.01344  1.45749e-04
 25  0.01451  4.13256e-04 | 26  0.01562  2.79098e-04 | 27  0.01671  1.81999e-04
 28  0.01766  3.94514e-04 | 29  0.01843  4.24572e-04 | 30  0.01897  4.59362e-04
 31  0.01912  4.62804e-04 | 32  0.01890  5.42750e-04 | 33  0.01853  5.98768e-04
 34  0.01880  5.88631e-04 | 35  0.02077  7.81766e-04 | 36  0.02560  8.27566e-04
 37  0.03334  8.36283e-04 | 38  0.03910  1.10984e-03 | 39  0.03118  1.15988e-03
 40  0.00550  1.07224e-03 | 41 -0.02166  8.21393e-04 | 42 -0.03898  6.95622e-04
 43 -0.04129  7.43967e-04 | 44 -0.02322  8.90630e-04 | 45  0.01709  1.60113e-03
 46  0.03519  1.93166e-03 | 47  0.03143  1.82660e-03 | 48  0.08621  3.82885e-03
 49  0.01213  1.57423e-03 | 50 -0.01364  1.38412e-03 | 51  0.04110  2.80318e-03
 52  0.00261  1.55054e-03 | 53  0.11204  4.96251e-03 | 54 -0.03790  1.06478e-03
 55 -0.04489  1.33384e-03 | 56 -0.06058  9.86036e-04 | 57  0.07441  3.35408e-03
 58 -0.03220  1.42443e-03 | 59 -0.09702  9.86369e-04 | 60 -0.15744  5.31870e-04
 61 -0.12833  5.42541e-04 | 62  0.18553  8.02124e-03 | 63 -0.12716  4.56290e-04
 64  0.03314  1.36769e-03 | 65  0.01765  1.01565e-03 | 66  0.04274  1.58508e-03
 67  0.04637  1.21955e-03 | 68 -0.02105  5.91297e-04 | 69  0.02921  8.59647e-04
 70 -0.09712  1.92496e-04 | 71  0.04389  6.55163e-04 | 72 -0.08301  1.16459e-04
 73 -0.03125  6.86004e-05 | 74 -0.10407  5.20123e-05 | 75 -0.08806 -2.88254e-05
 76 -0.06651  1.71869e-04 | 77  0.30477  2.59739e-03 | 78 -0.12664  1.68979e-04
 79  0.04891  6.58382e-04 | 80 -0.04377  2.21883e-04 | 81  0.09213  1.84823e-04
 82 -0.08059 -7.38088e-05 | 83 -0.19649 -8.70362e-05 | 84 -0.23398 -1.79495e-05
 85 -0.06415 -3.44130e-05 | 86 -0.09926 -1.36059e-04 | 87  0.08612 -1.58900e-04
 88  0.12555 -1.08112e-05 | 89  0.00971 -3.33275e-04 | 90  0.10483 -4.72063e-04
 91  0.15814 -3.14470e-04 | 92 -0.02574 -3.03571e-04 | 93  0.07342 -4.24238e-04
 94 -0.00473 -3.00626e-04 | 95 -0.04121 -2.02817e-04 | 96 -0.15662 -1.29386e-04
 97 -0.10079 -2.96964e-04 | 98 -0.02573 -1.26725e-04 | 99  0.03393  4.36044e-04
100 -0.07207 -2.52670e-04 |101  0.02133  8.97082e-05 |102  0.08136 -1.20976e-06
103 -0.32063 -3.64580e-05 |104 -0.27896 -8.35236e-05 |105 -0.10914 -6.18449e-05
106  0.18248  8.88537e-04 |107 -0.16762 -1.10301e-03 |108 -0.06830  4.90621e-05
109  0.44172  3.37110e-05 |110 -0.04315 -6.78535e-04 |111  0.08672 -1.37865e-04
112 -0.21376 -4.12195e-04 |113  0.17340  3.26930e-04 |114 -0.17576 -7.16730e-04
115  0.32845  5.42814e-04 |116 -0.17435 -9.40455e-04 |117  0.23768  6.10688e-04
118 -0.09904 -8.90000e-04 |119 -0.16834  7.73893e-05 |120 -0.14444  1.00514e-03
121 -0.33035 -7.72197e-04 |122 -0.08437 -3.06690e-04 |123 -0.05817  2.99697e-04
124 -0.00881  3.24684e-04 |125 -0.00688 -1.98367e-04 |126 -0.13494  4.58772e-05
127  0.01816  1.75226e-05 |128  0.00625 -2.90721e-04 |129 -0.11287 -3.92658e-05
130  0.43384  5.29875e-04 |131 -0.16231 -5.71965e-04 |132  0.04787  5.03692e-07
133 -0.20215 -9.38837e-05 |
Function minimizer not making progress ... is minimum attained?
Minimprove criterion = 0.0000e+00

 - final statistics:
133 variables; iteration 150; function evaluation 216
Function value 2.5274e+03; maximum gradient component mag -1.8597e-02
Exit code = 1;  converg criter 1.0000e-04
Var    Value     Gradient |Var    Value     Gradient |Var    Value     Gradient
  1 -0.23335 -1.85968e-02 |  2  0.03274  1.60923e-03 |  3 -0.09142  1.01204e-03
  4  0.03072  6.96064e-04 |  5 -0.43614  2.65203e-04 |  6  0.03699 -1.80432e-03
  7  0.08855  1.59129e-03 |  8 -0.05270  3.42974e-04 |  9  0.12747  2.68556e-04
 10 -0.10436  1.84558e-04 | 11 -0.08522  1.84756e-02 | 12 -0.13782  2.24728e-03
 13  0.00542  7.67042e-06 | 14  0.00588  6.36331e-05 | 15  0.00639 -1.06174e-04
 16  0.00694  3.77150e-04 | 17  0.00753  2.19694e-05 | 18  0.00818  2.10951e-04
 19  0.00890  2.25706e-04 | 20  0.00970  3.29679e-04 | 21  0.01056  3.97680e-04
 22  0.01149  1.48437e-04 | 23  0.01246  2.79933e-04 | 24  0.01344  1.45749e-04
 25  0.01451  4.13256e-04 | 26  0.01562  2.79098e-04 | 27  0.01671  1.81999e-04
 28  0.01766  3.94514e-04 | 29  0.01843  4.24572e-04 | 30  0.01897  4.59362e-04
 31  0.01912  4.62804e-04 | 32  0.01890  5.42750e-04 | 33  0.01853  5.98768e-04
 34  0.01880  5.88631e-04 | 35  0.02077  7.81766e-04 | 36  0.02560  8.27566e-04
 37  0.03334  8.36283e-04 | 38  0.03910  1.10984e-03 | 39  0.03118  1.15988e-03
 40  0.00550  1.07224e-03 | 41 -0.02166  8.21393e-04 | 42 -0.03898  6.95622e-04
 43 -0.04129  7.43967e-04 | 44 -0.02322  8.90630e-04 | 45  0.01709  1.60113e-03
 46  0.03519  1.93166e-03 | 47  0.03143  1.82660e-03 | 48  0.08621  3.82885e-03
 49  0.01213  1.57423e-03 | 50 -0.01364  1.38412e-03 | 51  0.04110  2.80318e-03
 52  0.00261  1.55054e-03 | 53  0.11204  4.96251e-03 | 54 -0.03790  1.06478e-03
 55 -0.04489  1.33384e-03 | 56 -0.06058  9.86036e-04 | 57  0.07441  3.35408e-03
 58 -0.03220  1.42443e-03 | 59 -0.09702  9.86369e-04 | 60 -0.15744  5.31870e-04
 61 -0.12833  5.42541e-04 | 62  0.18553  8.02124e-03 | 63 -0.12716  4.56290e-04
 64  0.03314  1.36769e-03 | 65  0.01765  1.01565e-03 | 66  0.04274  1.58508e-03
 67  0.04637  1.21955e-03 | 68 -0.02105  5.91297e-04 | 69  0.02921  8.59647e-04
 70 -0.09712  1.92496e-04 | 71  0.04389  6.55163e-04 | 72 -0.08301  1.16459e-04
 73 -0.03125  6.86004e-05 | 74 -0.10407  5.20123e-05 | 75 -0.08806 -2.88254e-05
 76 -0.06651  1.71869e-04 | 77  0.30477  2.59739e-03 | 78 -0.12664  1.68979e-04
 79  0.04891  6.58382e-04 | 80 -0.04377  2.21883e-04 | 81  0.09213  1.84823e-04
 82 -0.08059 -7.38088e-05 | 83 -0.19649 -8.70362e-05 | 84 -0.23398 -1.79495e-05
 85 -0.06415 -3.44130e-05 | 86 -0.09926 -1.36059e-04 | 87  0.08612 -1.58900e-04
 88  0.12555 -1.08112e-05 | 89  0.00971 -3.33275e-04 | 90  0.10483 -4.72063e-04
 91  0.15814 -3.14470e-04 | 92 -0.02574 -3.03571e-04 | 93  0.07342 -4.24238e-04
 94 -0.00473 -3.00626e-04 | 95 -0.04121 -2.02817e-04 | 96 -0.15662 -1.29386e-04
 97 -0.10079 -2.96964e-04 | 98 -0.02573 -1.26725e-04 | 99  0.03393  4.36044e-04
100 -0.07207 -2.52670e-04 |101  0.02133  8.97082e-05 |102  0.08136 -1.20976e-06
103 -0.32063 -3.64580e-05 |104 -0.27896 -8.35236e-05 |105 -0.10914 -6.18449e-05
106  0.18248  8.88537e-04 |107 -0.16762 -1.10301e-03 |108 -0.06830  4.90621e-05
109  0.44172  3.37110e-05 |110 -0.04315 -6.78535e-04 |111  0.08672 -1.37865e-04
112 -0.21376 -4.12195e-04 |113  0.17340  3.26930e-04 |114 -0.17576 -7.16730e-04
115  0.32845  5.42814e-04 |116 -0.17435 -9.40455e-04 |117  0.23768  6.10688e-04
118 -0.09904 -8.90000e-04 |119 -0.16834  7.73893e-05 |120 -0.14444  1.00514e-03
121 -0.33035 -7.72197e-04 |122 -0.08437 -3.06690e-04 |123 -0.05817  2.99697e-04
124 -0.00881  3.24684e-04 |125 -0.00688 -1.98367e-04 |126 -0.13494  4.58772e-05
127  0.01816  1.75226e-05 |128  0.00625 -2.90721e-04 |129 -0.11287 -3.92658e-05
130  0.43384  5.29875e-04 |131 -0.16231 -5.71965e-04 |132  0.04787  5.03692e-07
133 -0.20215 -9.38837e-05 |

Initial statistics: 145 variables; iteration 0; function evaluation 0; phase 6
Function value 2.5273823e+03; maximum gradient component mag -1.8587e-02
Var    Value     Gradient |Var    Value     Gradient |Var    Value     Gradient
  1 -0.23335 -1.85869e-02 |  2  0.03274  1.60847e-03 |  3 -0.09142  1.01159e-03
  4  0.03072  6.95722e-04 |  5 -0.43614  2.65030e-04 |  6  0.03699 -1.80328e-03
  7  0.08855  1.59053e-03 |  8 -0.05270  3.42811e-04 |  9  0.12747  2.68434e-04
 10 -0.10436  1.84489e-04 | 11 -0.08522  1.84662e-02 | 12 -0.13782  2.24614e-03
 13  0.00542  7.68106e-06 | 14  0.00588  6.35168e-05 | 15  0.00639 -1.05848e-04
 16  0.00694  3.76356e-04 | 17  0.00753  2.28155e-05 | 18  0.00818  2.09875e-04
 19  0.00890  2.26427e-04 | 20  0.00970  3.28799e-04 | 21  0.01056  3.97940e-04
 22  0.01149  1.47943e-04 | 23  0.01246  2.80382e-04 | 24  0.01344  1.45492e-04
 25  0.01451  4.13288e-04 | 26  0.01562  2.78856e-04 | 27  0.01671  1.81868e-04
 28  0.01766  3.94257e-04 | 29  0.01843  4.24537e-04 | 30  0.01897  4.59001e-04
 31  0.01912  4.61858e-04 | 32  0.01890  5.42748e-04 | 33  0.01853  5.99070e-04
 34  0.01880  5.87818e-04 | 35  0.02077  7.81379e-04 | 36  0.02560  8.27122e-04
 37  0.03334  8.35853e-04 | 38  0.03910  1.10927e-03 | 39  0.03118  1.15930e-03
 40  0.00550  1.07161e-03 | 41 -0.02166  8.20973e-04 | 42 -0.03898  6.95266e-04
 43 -0.04129  7.43554e-04 | 44 -0.02322  8.90148e-04 | 45  0.01709  1.60030e-03
 46  0.03519  1.93068e-03 | 47  0.03143  1.82557e-03 | 48  0.08621  3.82705e-03
 49  0.01213  1.57338e-03 | 50 -0.01364  1.38338e-03 | 51  0.04110  2.80181e-03
 52  0.00261  1.54967e-03 | 53  0.11204  4.95995e-03 | 54 -0.03790  1.06419e-03
 55 -0.04489  1.33319e-03 | 56 -0.06058  9.85571e-04 | 57  0.07441  3.35236e-03
 58 -0.03220  1.42374e-03 | 59 -0.09702  9.85901e-04 | 60 -0.15744  5.31614e-04
 61 -0.12833  5.42287e-04 | 62  0.18553  8.01734e-03 | 63 -0.12716  4.56059e-04
 64  0.03314  1.36705e-03 | 65  0.01765  1.01514e-03 | 66  0.04274  1.58438e-03
 67  0.04637  1.21898e-03 | 68 -0.02105  5.91004e-04 | 69  0.02921  8.59228e-04
 70 -0.09712  1.92386e-04 | 71  0.04389  6.54887e-04 | 72 -0.08301  1.16450e-04
 73 -0.03125  6.85837e-05 | 74 -0.10407  5.19679e-05 | 75 -0.08806 -2.88184e-05
 76 -0.06651  1.71812e-04 | 77  0.30477  2.59599e-03 | 78 -0.12664  1.68946e-04
 79  0.04891  6.58098e-04 | 80 -0.04377  2.21782e-04 | 81  0.09213  1.84683e-04
 82 -0.08059 -7.37844e-05 | 83 -0.19649 -8.70198e-05 | 84 -0.23398 -1.79533e-05
 85 -0.06415 -3.43833e-05 | 86 -0.09926 -1.35958e-04 | 87  0.08612 -1.58811e-04
 88  0.12555 -1.08003e-05 | 89  0.00971 -3.33132e-04 | 90  0.10483 -4.71868e-04
 91  0.15814 -3.14313e-04 | 92 -0.02574 -3.03413e-04 | 93  0.07342 -4.24010e-04
 94 -0.00473 -3.00435e-04 | 95 -0.04121 -2.02708e-04 | 96 -0.15662 -1.29331e-04
 97 -0.10079 -2.96812e-04 | 98 -0.02573 -1.26632e-04 | 99  0.03393  4.35796e-04
100 -0.07207 -2.52563e-04 |101  0.02133  8.96582e-05 |102  0.08136 -1.19939e-06
103  0.00000  0.00000e+00 |104  0.00000  0.00000e+00 |105  0.00000  0.00000e+00
106  0.00000  0.00000e+00 |107  0.00000  0.00000e+00 |108  0.00000  0.00000e+00
109  0.00000  0.00000e+00 |110  0.00000  0.00000e+00 |111  0.00000  0.00000e+00
112  0.00000  0.00000e+00 |113  0.00000  0.00000e+00 |114  0.00000  0.00000e+00
115 -0.32063 -3.64458e-05 |116 -0.27896 -8.35026e-05 |117 -0.10914 -6.17998e-05
118  0.18248  8.88123e-04 |119 -0.16762 -1.10247e-03 |120 -0.06830  4.90351e-05
121  0.44172  3.37177e-05 |122 -0.04315 -6.78317e-04 |123  0.08672 -1.37929e-04
124 -0.21376 -4.11760e-04 |125  0.17340  3.26746e-04 |126 -0.17576 -7.16315e-04
127  0.32845  5.42490e-04 |128 -0.17435 -9.39822e-04 |129  0.23768  6.10302e-04
130 -0.09904 -8.89436e-04 |131 -0.16834  7.73390e-05 |132 -0.14444  1.00461e-03
133 -0.33035 -7.71712e-04 |134 -0.08437 -3.06586e-04 |135 -0.05817  2.99650e-04
136 -0.00881  3.24533e-04 |137 -0.00688 -1.98321e-04 |138 -0.13494  4.58555e-05
139  0.01816  1.74284e-05 |140  0.00625 -2.90494e-04 |141 -0.11287 -3.92845e-05
142  0.43384  5.29584e-04 |143 -0.16231 -5.71596e-04 |144  0.04787  4.28403e-07
145 -0.20215 -9.37850e-05 |
  ic > imax  in fminim is answer attained ?
Var    Value     Gradient |Var    Value     Gradient |Var    Value     Gradient
  1 -0.23335 -1.85869e-02 |  2  0.03274  1.60847e-03 |  3 -0.09142  1.01159e-03
  4  0.03072  6.95722e-04 |  5 -0.43614  2.65030e-04 |  6  0.03699 -1.80328e-03
  7  0.08855  1.59053e-03 |  8 -0.05270  3.42811e-04 |  9  0.12747  2.68434e-04
 10 -0.10436  1.84489e-04 | 11 -0.08522  1.84662e-02 | 12 -0.13782  2.24614e-03
 13  0.00542  7.68106e-06 | 14  0.00588  6.35168e-05 | 15  0.00639 -1.05848e-04
 16  0.00694  3.76356e-04 | 17  0.00753  2.28155e-05 | 18  0.00818  2.09875e-04
 19  0.00890  2.26427e-04 | 20  0.00970  3.28799e-04 | 21  0.01056  3.97940e-04
 22  0.01149  1.47943e-04 | 23  0.01246  2.80382e-04 | 24  0.01344  1.45492e-04
 25  0.01451  4.13288e-04 | 26  0.01562  2.78856e-04 | 27  0.01671  1.81868e-04
 28  0.01766  3.94257e-04 | 29  0.01843  4.24537e-04 | 30  0.01897  4.59001e-04
 31  0.01912  4.61858e-04 | 32  0.01890  5.42748e-04 | 33  0.01853  5.99070e-04
 34  0.01880  5.87818e-04 | 35  0.02077  7.81379e-04 | 36  0.02560  8.27122e-04
 37  0.03334  8.35853e-04 | 38  0.03910  1.10927e-03 | 39  0.03118  1.15930e-03
 40  0.00550  1.07161e-03 | 41 -0.02166  8.20973e-04 | 42 -0.03898  6.95266e-04
 43 -0.04129  7.43554e-04 | 44 -0.02322  8.90148e-04 | 45  0.01709  1.60030e-03
 46  0.03519  1.93068e-03 | 47  0.03143  1.82557e-03 | 48  0.08621  3.82705e-03
 49  0.01213  1.57338e-03 | 50 -0.01364  1.38338e-03 | 51  0.04110  2.80181e-03
 52  0.00261  1.54967e-03 | 53  0.11204  4.95995e-03 | 54 -0.03790  1.06419e-03
 55 -0.04489  1.33319e-03 | 56 -0.06058  9.85571e-04 | 57  0.07441  3.35236e-03
 58 -0.03220  1.42374e-03 | 59 -0.09702  9.85901e-04 | 60 -0.15744  5.31614e-04
 61 -0.12833  5.42287e-04 | 62  0.18553  8.01734e-03 | 63 -0.12716  4.56059e-04
 64  0.03314  1.36705e-03 | 65  0.01765  1.01514e-03 | 66  0.04274  1.58438e-03
 67  0.04637  1.21898e-03 | 68 -0.02105  5.91004e-04 | 69  0.02921  8.59228e-04
 70 -0.09712  1.92386e-04 | 71  0.04389  6.54887e-04 | 72 -0.08301  1.16450e-04
 73 -0.03125  6.85837e-05 | 74 -0.10407  5.19679e-05 | 75 -0.08806 -2.88184e-05
 76 -0.06651  1.71812e-04 | 77  0.30477  2.59599e-03 | 78 -0.12664  1.68946e-04
 79  0.04891  6.58098e-04 | 80 -0.04377  2.21782e-04 | 81  0.09213  1.84683e-04
 82 -0.08059 -7.37844e-05 | 83 -0.19649 -8.70198e-05 | 84 -0.23398 -1.79533e-05
 85 -0.06415 -3.43833e-05 | 86 -0.09926 -1.35958e-04 | 87  0.08612 -1.58811e-04
 88  0.12555 -1.08003e-05 | 89  0.00971 -3.33132e-04 | 90  0.10483 -4.71868e-04
 91  0.15814 -3.14313e-04 | 92 -0.02574 -3.03413e-04 | 93  0.07342 -4.24010e-04
 94 -0.00473 -3.00435e-04 | 95 -0.04121 -2.02708e-04 | 96 -0.15662 -1.29331e-04
 97 -0.10079 -2.96812e-04 | 98 -0.02573 -1.26632e-04 | 99  0.03393  4.35796e-04
100 -0.07207 -2.52563e-04 |101  0.02133  8.96582e-05 |102  0.08136 -1.19939e-06
103  0.00000  0.00000e+00 |104  0.00000  0.00000e+00 |105  0.00000  0.00000e+00
106  0.00000  0.00000e+00 |107  0.00000  0.00000e+00 |108  0.00000  0.00000e+00
109  0.00000  0.00000e+00 |110  0.00000  0.00000e+00 |111  0.00000  0.00000e+00
112  0.00000  0.00000e+00 |113  0.00000  0.00000e+00 |114  0.00000  0.00000e+00
115 -0.32063 -3.64458e-05 |116 -0.27896 -8.35026e-05 |117 -0.10914 -6.17998e-05
118  0.18248  8.88123e-04 |119 -0.16762 -1.10247e-03 |120 -0.06830  4.90351e-05
121  0.44172  3.37177e-05 |122 -0.04315 -6.78317e-04 |123  0.08672 -1.37929e-04
124 -0.21376 -4.11760e-04 |125  0.17340  3.26746e-04 |126 -0.17576 -7.16315e-04
127  0.32845  5.42490e-04 |128 -0.17435 -9.39822e-04 |129  0.23768  6.10302e-04
130 -0.09904 -8.89436e-04 |131 -0.16834  7.73390e-05 |132 -0.14444  1.00461e-03
133 -0.33035 -7.71712e-04 |134 -0.08437 -3.06586e-04 |135 -0.05817  2.99650e-04
136 -0.00881  3.24533e-04 |137 -0.00688 -1.98321e-04 |138 -0.13494  4.58555e-05
139  0.01816  1.74284e-05 |140  0.00625 -2.90494e-04 |141 -0.11287 -3.92845e-05
142  0.43384  5.29584e-04 |143 -0.16231 -5.71596e-04 |144  0.04787  4.28403e-07
145 -0.20215 -9.37850e-05 |
Function minimizer not making progress ... is minimum attained?
Minimprove criterion = 0.0000e+00

 - final statistics:
145 variables; iteration 1; function evaluation 30
Function value 2.5274e+03; maximum gradient component mag -1.8587e-02
Exit code = 1;  converg criter 1.0000e-04
Var    Value     Gradient |Var    Value     Gradient |Var    Value     Gradient
  1 -0.23335 -1.85869e-02 |  2  0.03274  1.60847e-03 |  3 -0.09142  1.01159e-03
  4  0.03072  6.95722e-04 |  5 -0.43614  2.65030e-04 |  6  0.03699 -1.80328e-03
  7  0.08855  1.59053e-03 |  8 -0.05270  3.42811e-04 |  9  0.12747  2.68434e-04
 10 -0.10436  1.84489e-04 | 11 -0.08522  1.84662e-02 | 12 -0.13782  2.24614e-03
 13  0.00542  7.68106e-06 | 14  0.00588  6.35168e-05 | 15  0.00639 -1.05848e-04
 16  0.00694  3.76356e-04 | 17  0.00753  2.28155e-05 | 18  0.00818  2.09875e-04
 19  0.00890  2.26427e-04 | 20  0.00970  3.28799e-04 | 21  0.01056  3.97940e-04
 22  0.01149  1.47943e-04 | 23  0.01246  2.80382e-04 | 24  0.01344  1.45492e-04
 25  0.01451  4.13288e-04 | 26  0.01562  2.78856e-04 | 27  0.01671  1.81868e-04
 28  0.01766  3.94257e-04 | 29  0.01843  4.24537e-04 | 30  0.01897  4.59001e-04
 31  0.01912  4.61858e-04 | 32  0.01890  5.42748e-04 | 33  0.01853  5.99070e-04
 34  0.01880  5.87818e-04 | 35  0.02077  7.81379e-04 | 36  0.02560  8.27122e-04
 37  0.03334  8.35853e-04 | 38  0.03910  1.10927e-03 | 39  0.03118  1.15930e-03
 40  0.00550  1.07161e-03 | 41 -0.02166  8.20973e-04 | 42 -0.03898  6.95266e-04
 43 -0.04129  7.43554e-04 | 44 -0.02322  8.90148e-04 | 45  0.01709  1.60030e-03
 46  0.03519  1.93068e-03 | 47  0.03143  1.82557e-03 | 48  0.08621  3.82705e-03
 49  0.01213  1.57338e-03 | 50 -0.01364  1.38338e-03 | 51  0.04110  2.80181e-03
 52  0.00261  1.54967e-03 | 53  0.11204  4.95995e-03 | 54 -0.03790  1.06419e-03
 55 -0.04489  1.33319e-03 | 56 -0.06058  9.85571e-04 | 57  0.07441  3.35236e-03
 58 -0.03220  1.42374e-03 | 59 -0.09702  9.85901e-04 | 60 -0.15744  5.31614e-04
 61 -0.12833  5.42287e-04 | 62  0.18553  8.01734e-03 | 63 -0.12716  4.56059e-04
 64  0.03314  1.36705e-03 | 65  0.01765  1.01514e-03 | 66  0.04274  1.58438e-03
 67  0.04637  1.21898e-03 | 68 -0.02105  5.91004e-04 | 69  0.02921  8.59228e-04
 70 -0.09712  1.92386e-04 | 71  0.04389  6.54887e-04 | 72 -0.08301  1.16450e-04
 73 -0.03125  6.85837e-05 | 74 -0.10407  5.19679e-05 | 75 -0.08806 -2.88184e-05
 76 -0.06651  1.71812e-04 | 77  0.30477  2.59599e-03 | 78 -0.12664  1.68946e-04
 79  0.04891  6.58098e-04 | 80 -0.04377  2.21782e-04 | 81  0.09213  1.84683e-04
 82 -0.08059 -7.37844e-05 | 83 -0.19649 -8.70198e-05 | 84 -0.23398 -1.79533e-05
 85 -0.06415 -3.43833e-05 | 86 -0.09926 -1.35958e-04 | 87  0.08612 -1.58811e-04
 88  0.12555 -1.08003e-05 | 89  0.00971 -3.33132e-04 | 90  0.10483 -4.71868e-04
 91  0.15814 -3.14313e-04 | 92 -0.02574 -3.03413e-04 | 93  0.07342 -4.24010e-04
 94 -0.00473 -3.00435e-04 | 95 -0.04121 -2.02708e-04 | 96 -0.15662 -1.29331e-04
 97 -0.10079 -2.96812e-04 | 98 -0.02573 -1.26632e-04 | 99  0.03393  4.35796e-04
100 -0.07207 -2.52563e-04 |101  0.02133  8.96582e-05 |102  0.08136 -1.19939e-06
103  0.00000  0.00000e+00 |104  0.00000  0.00000e+00 |105  0.00000  0.00000e+00
106  0.00000  0.00000e+00 |107  0.00000  0.00000e+00 |108  0.00000  0.00000e+00
109  0.00000  0.00000e+00 |110  0.00000  0.00000e+00 |111  0.00000  0.00000e+00
112  0.00000  0.00000e+00 |113  0.00000  0.00000e+00 |114  0.00000  0.00000e+00
115 -0.32063 -3.64458e-05 |116 -0.27896 -8.35026e-05 |117 -0.10914 -6.17998e-05
118  0.18248  8.88123e-04 |119 -0.16762 -1.10247e-03 |120 -0.06830  4.90351e-05
121  0.44172  3.37177e-05 |122 -0.04315 -6.78317e-04 |123  0.08672 -1.37929e-04
124 -0.21376 -4.11760e-04 |125  0.17340  3.26746e-04 |126 -0.17576 -7.16315e-04
127  0.32845  5.42490e-04 |128 -0.17435 -9.39822e-04 |129  0.23768  6.10302e-04
130 -0.09904 -8.89436e-04 |131 -0.16834  7.73390e-05 |132 -0.14444  1.00461e-03
133 -0.33035 -7.71712e-04 |134 -0.08437 -3.06586e-04 |135 -0.05817  2.99650e-04
136 -0.00881  3.24533e-04 |137 -0.00688 -1.98321e-04 |138 -0.13494  4.58555e-05
139  0.01816  1.74284e-05 |140  0.00625 -2.90494e-04 |141 -0.11287 -3.92845e-05
142  0.43384  5.29584e-04 |143 -0.16231 -5.71596e-04 |144  0.04787  4.28403e-07
145 -0.20215 -9.37850e-05 |
size of file gradfil1.tmp = 0
size of file gradfil2.tmp = 0
size of file varssave.tmp = 0
size of file cmpdiff.tmp = 200000008
