
Initial statistics: 2 variables; iteration 0; function evaluation 0; phase 1
Function value 3.6740329e+03; maximum gradient component mag 9.0506e+01
Var    Value     Gradient |Var    Value     Gradient |Var    Value     Gradient
  1  0.33333  9.05065e+01 |  2 -0.40967 -2.63098e+00 |

 - final statistics:
2 variables; iteration 3; function evaluation 11
Function value 3.6484e+03; maximum gradient component mag -2.2044e+00
Exit code = 1;  converg criter 1.0000e+01
Var    Value     Gradient |Var    Value     Gradient |Var    Value     Gradient
  1  0.07156 -2.20442e+00 |  2 -0.44653  2.19349e-01 |

Initial statistics: 12 variables; iteration 0; function evaluation 0; phase 2
Function value 3.6484004e+03; maximum gradient component mag -2.2526e+03
Var    Value     Gradient |Var    Value     Gradient |Var    Value     Gradient
  1 -0.26966 -4.25435e+02 |  2 -0.09126 -1.36926e+03 |  3  0.04247 -1.59064e+03
  4 -0.61004 -9.20995e+02 |  5 -0.61004  8.12483e+02 |  6  0.12819 -3.70828e+02
  7  0.26198 -2.25257e+03 |  8 -0.12819 -2.10600e+03 |  9  0.00000 -6.63736e+02
 10  0.00000 -3.67872e+01 | 11  0.07156 -2.20442e+00 | 12 -0.44653  2.19349e-01

Intermediate statistics: 12 variables; iteration 20; function evaluation 30; phase 2
Function value 3.2265705e+03; maximum gradient component mag 2.8521e+01
Var    Value     Gradient |Var    Value     Gradient |Var    Value     Gradient
  1 -0.18128 -1.26454e+00 |  2 -0.02162 -5.32952e+00 |  3  0.11511  5.89656e+00
  4 -0.60549  2.85212e+01 |  5 -0.79745 -1.75183e+00 |  6  0.19814  9.09261e-01
  7  0.24188  1.39525e+00 |  8 -0.04183  1.33313e+01 |  9  0.13790  8.19007e+00
 10 -0.04897  1.61679e+00 | 11  0.96751 -6.53598e-01 | 12 -0.38670  1.38753e-01

 - final statistics:
12 variables; iteration 22; function evaluation 32
Function value 3.2265e+03; maximum gradient component mag -1.8542e+00
Exit code = 1;  converg criter 1.0000e+01
Var    Value     Gradient |Var    Value     Gradient |Var    Value     Gradient
  1 -0.18086 -1.53204e+00 |  2 -0.02081 -1.21192e+00 |  3  0.11452 -1.90994e-01
  4 -0.60672  1.26231e+00 |  5 -0.79652 -1.85424e+00 |  6  0.19742 -1.93410e-02
  7  0.24308  8.32452e-01 |  8 -0.04508  4.98672e-01 |  9  0.14037  5.01924e-01
 10 -0.05769  4.49116e-02 | 11  1.00375  7.55760e-02 | 12 -0.38767 -7.62839e-02

Initial statistics: 33 variables; iteration 0; function evaluation 0; phase 3
Function value 3.2265170e+03; maximum gradient component mag 1.5666e+03
Var    Value     Gradient |Var    Value     Gradient |Var    Value     Gradient
  1 -0.18086 -1.53204e+00 |  2 -0.02081 -1.21192e+00 |  3  0.11452 -1.90994e-01
  4 -0.60672  1.26231e+00 |  5 -0.79652 -1.85424e+00 |  6  0.19742 -1.93410e-02
  7  0.24308  8.32452e-01 |  8 -0.04508  4.98672e-01 |  9  0.14037  5.01924e-01
 10 -0.05769  4.49116e-02 | 11  0.99625 -7.55760e-02 | 12 -0.38767 -7.62839e-02
 13 -0.11760 -3.41338e+02 | 14 -0.21635  1.01597e+02 | 15 -0.11760 -8.19610e+02
 16 -0.21635  2.62167e+02 | 17 -0.11760 -5.12870e+01 | 18 -0.21635  1.50391e+01
 19 -0.11760 -3.32722e+02 | 20 -0.21635  9.81691e+01 | 21 -0.11760 -9.03918e+01
 22 -0.21635  5.71056e+00 | 23 -0.11760  1.56661e+03 | 24 -0.21635 -8.27664e+02
 25  0.53959  4.14576e-03 | 26  0.62714  1.10187e-02 | 27  0.00000  5.81356e+02
 28 -0.21635 -3.49353e+02 | 29  0.16024  8.11067e+01 | 30 -0.11760  8.06609e+02
 31 -0.21635 -5.94708e+02 | 32  0.16024  2.50645e-03 | 33  0.62714  1.16986e-02

Intermediate statistics: 33 variables; iteration 20; function evaluation 32; phase 3
Function value 2.8413060e+03; maximum gradient component mag 5.2247e+02
Var    Value     Gradient |Var    Value     Gradient |Var    Value     Gradient
  1 -0.06314 -1.17005e+01 |  2 -0.04739 -1.67270e+02 |  3  0.09328 -1.09156e+02
  4 -0.59527  5.22466e+02 |  5 -0.76426  3.15764e+02 |  6  0.04544 -1.19753e+02
  7  0.15052 -3.84006e+02 |  8  0.07002 -1.17835e+02 |  9  0.11141  1.63444e+02
 10  0.17214  2.58504e+01 | 11  0.99635  1.61351e-02 | 12 -0.38897 -1.67020e-02
 13  0.30662  1.08455e+01 | 14  0.11608  3.34340e+01 | 15 -0.00209 -3.88618e+02
 16 -0.14441  1.60405e+02 | 17  0.07643 -2.84370e+01 | 18 -0.09223  1.26842e+01
 19  0.24669 -1.70292e+02 | 20  0.02374  1.79663e+02 | 21  0.33145 -3.92336e+01
 22  0.16405  4.01999e+01 | 23 -0.40558 -1.00186e+02 | 24 -0.64316  3.06852e+00
 25  0.53949  3.67973e-03 | 26  0.62694  6.26641e-03 | 27  0.05889 -1.60241e+00
 28  0.03200 -1.70938e+01 | 29 -0.28850 -1.15097e+01 | 30  0.08966  7.51937e+00
 31  0.25969 -1.08792e+01 | 32  0.16023  1.00937e-03 | 33  0.62700  5.42056e-03
33 variables; iteration 40; function evaluation 57; phase 3
Function value 2.7925157e+03; maximum gradient component mag 1.3911e+02
Var    Value     Gradient |Var    Value     Gradient |Var    Value     Gradient
  1 -0.06951  1.39115e+02 |  2 -0.05998  2.47502e+01 |  3  0.11105  1.55746e+01
  4 -0.61393 -1.21729e+01 |  5 -0.78236 -5.28923e+00 |  6  0.04531 -2.49373e+00
  7  0.20693  7.34062e+01 |  8  0.03454  2.41097e+01 |  9  0.10484 -1.74979e+01
 10  0.00318 -5.52028e+00 | 11  1.65992  3.24721e+01 | 12 -0.40326  5.44853e-01
 13  0.28558 -4.37471e+01 | 14  0.08425  4.45365e+01 | 15  0.17896 -8.12531e+01
 16  0.03837  8.22347e+01 | 17  0.26158  3.82774e-01 | 18  0.05377  8.04246e-01
 19  0.36148 -5.86617e+00 | 20  0.03148  1.48642e+01 | 21  0.65310 -4.56183e+00
 22  0.24369  1.61686e+01 | 23 -0.35840  2.47949e+01 | 24 -0.52136 -1.51000e+01
 25  0.44121  1.03559e-02 | 26  0.39790  6.61529e-02 | 27  0.00293  7.17891e+00
 28  0.01123  2.41529e+00 | 29 -0.10969  6.07481e+00 | 30  0.25249  9.84320e-01
 31  0.44447  1.37924e+00 | 32  0.13503  9.17082e-04 | 33  0.50063  4.07960e-03
33 variables; iteration 60; function evaluation 95; phase 3
Function value 2.7795119e+03; maximum gradient component mag 1.7094e+01
Var    Value     Gradient |Var    Value     Gradient |Var    Value     Gradient
  1 -0.20774  1.35258e+01 |  2 -0.04969  1.78331e+00 |  3  0.10932  1.82893e+00
  4 -0.61354  1.70940e+01 |  5 -0.78606  1.10275e+01 |  6  0.12878  1.52256e-01
  7  0.20485  4.64783e+00 |  8  0.03892  3.36692e+00 |  9  0.10728  7.19185e+00
 10  0.01843  2.41855e+00 | 11  1.91431  4.92526e+00 | 12 -0.45756  2.52204e-01
 13  0.34501 -2.67702e+00 | 14  0.11666  2.88278e+00 | 15  0.17050  2.24415e+00
 16  0.03696 -1.26773e+00 | 17  0.17952  1.28937e-01 | 18  0.01134  3.15023e-01
 19  0.34937 -3.74288e+00 | 20  0.02564  3.34899e+00 | 21  0.74009  1.07796e+00
 22  0.27861 -2.83809e+00 | 23 -0.28551 -1.18518e+01 | 24 -0.24645  7.05264e+00
 25  1.80138 -9.66586e-01 | 26 -1.96360 -1.30185e+00 | 27 -0.00498 -2.56532e+00
 28  0.00878  3.50521e-01 | 29 -0.13297 -1.10543e+00 | 30  0.11160 -2.89930e+00
 31  0.36274 -2.76688e-01 | 32  0.01996 -1.42674e+00 | 33 -0.11210 -6.81709e-01
Maximum number of function evaluations exceeded

 - final statistics:
33 variables; iteration 66; function evaluation 100
Function value 2.7793e+03; maximum gradient component mag 2.1945e+01
Exit code = 3;  converg criter 1.0000e+00
Var    Value     Gradient |Var    Value     Gradient |Var    Value     Gradient
  1 -0.21664  6.00883e+00 |  2 -0.05003 -9.58026e-01 |  3  0.11122  1.74939e+00
  4 -0.61430 -1.75317e+01 |  5 -0.78719 -1.90676e+01 |  6  0.13400 -7.04996e-02
  7  0.20724 -6.05153e+00 |  8  0.03522 -2.24294e+00 |  9  0.10847 -7.72296e+00
 10  0.00809 -4.98136e+00 | 11  1.92826  6.79553e+00 | 12 -0.46314  1.20600e-01
 13  0.35491 -1.61468e-01 | 14  0.12156  7.22113e-01 | 15  0.15335 -1.22574e+01
 16  0.02361  1.57083e+00 | 17  0.17192  1.07028e+00 | 18  0.00276 -1.11845e+00
 19  0.36757  7.08972e+00 | 20  0.03582 -3.59503e+00 | 21  0.68074  9.82370e-02
 22  0.27302  3.32509e+00 | 23 -0.27688  2.19453e+01 | 24 -0.24796 -4.90561e+00
 25  1.94943 -6.78226e+00 | 26 -1.99348 -1.71125e+01 | 27 -0.00269  4.33353e+00
 28  0.01129 -5.69552e-01 | 29 -0.13258  1.43631e+00 | 30  0.14293  1.88233e-01
 31  0.41487  6.35292e-01 | 32 -0.00938 -8.13276e-02 | 33 -0.15371 -2.98138e-01

Initial statistics: 123 variables; iteration 0; function evaluation 0; phase 4
Function value 2.7792735e+03; maximum gradient component mag -8.6415e+02
Var    Value     Gradient |Var    Value     Gradient |Var    Value     Gradient
  1 -0.21664  6.00883e+00 |  2 -0.05003 -9.58026e-01 |  3  0.11122  1.74939e+00
  4 -0.61430 -1.75317e+01 |  5 -0.78719 -1.90676e+01 |  6  0.13400 -7.04996e-02
  7  0.20724 -6.05153e+00 |  8  0.03522 -2.24294e+00 |  9  0.10847 -7.72296e+00
 10  0.00809 -4.98136e+00 | 11  0.07174 -6.79553e+00 | 12  0.00000 -2.21176e+00
 13  0.00000 -2.46302e+00 | 14  0.00000 -2.74103e+00 | 15  0.00000 -3.04774e+00
 16  0.00000 -3.38678e+00 | 17  0.00000 -3.76395e+00 | 18  0.00000 -4.18645e+00
 19  0.00000 -4.65774e+00 | 20  0.00000 -5.17832e+00 | 21  0.00000 -5.74534e+00
 22  0.00000 -6.34981e+00 | 23  0.00000 -6.98875e+00 | 24  0.00000 -7.67137e+00
 25  0.00000 -8.38520e+00 | 26  0.00000 -9.10179e+00 | 27  0.00000 -9.77344e+00
 28  0.00000 -1.03580e+01 | 29  0.00000 -1.08038e+01 | 30  0.00000 -1.10916e+01
 31  0.00000 -1.12225e+01 | 32  0.00000 -1.12905e+01 | 33  0.00000 -1.14739e+01
 34  0.00000 -1.19681e+01 | 35  0.00000 -1.28179e+01 | 36  0.00000 -1.37440e+01
 37  0.00000 -1.41958e+01 | 38  0.00000 -1.35586e+01 | 39  0.00000 -1.13127e+01
 40  0.00000 -7.82582e+00 | 41  0.00000 -4.87335e+00 | 42  0.00000 -9.86506e+00
 43  0.00000 -1.45521e+01 | 44  0.00000 -2.16617e+01 | 45  0.00000 -2.60335e+01
 46  0.00000 -3.04245e+01 | 47  0.00000 -3.88045e+01 | 48  0.00000 -4.43419e+01
 49  0.00000 -5.87469e+01 | 50  0.00000 -9.14791e+01 | 51  0.00000 -1.13563e+02
 52  0.00000 -1.27830e+02 | 53  0.00000 -1.66207e+01 | 54  0.00000  1.25462e+02
 55  0.00000  1.32649e+02 | 56  0.00000  3.64250e+01 | 57  0.00000  1.70960e+02
 58  0.00000  3.14821e+02 | 59  0.00000  3.23585e+02 | 60  0.00000  2.83881e+01
 61  0.00000 -4.95202e+02 | 62  0.00000 -2.77048e+01 | 63  0.00000  2.19102e+01
 64  0.00000  1.20874e+01 | 65  0.00000 -3.51167e+01 | 66  0.00000 -3.37194e+01
 67  0.00000  2.13915e+01 | 68  0.00000  2.21604e+01 | 69  0.00000  7.51209e+01
 70  0.00000  3.20300e+01 | 71  0.00000  1.46090e+02 | 72  0.00000  1.57805e+02
 73  0.00000  2.14357e+02 | 74  0.00000  1.79468e+02 | 75  0.00000 -2.72058e+02
 76  0.00000 -8.64150e+02 | 77  0.00000 -1.52316e+02 | 78  0.00000  4.49337e+01
 79  0.00000  1.81058e+02 | 80  0.00000 -1.12588e+02 | 81  0.00000  2.06231e+02
 82  0.00000  3.27373e+02 | 83  0.00000  3.49231e+02 | 84  0.00000  2.26300e+02
 85  0.00000  2.25836e+02 | 86  0.00000 -2.36798e+02 | 87  0.00000 -3.95830e+02
 88  0.00000 -2.74446e+01 | 89  0.00000 -1.68255e+02 | 90  0.00000 -4.62613e+02
 91  0.00000  4.78466e+01 | 92  0.00000  3.16411e+01 | 93  0.00000 -1.56486e+01
 94  0.00000  6.48738e+01 | 95  0.00000  1.28411e+02 | 96  0.00000  9.47893e+01
 97  0.00000  3.51572e+01 | 98  0.00000 -9.62965e+01 | 99  0.00000  2.42698e+01
100  0.00000 -3.37566e+00 |101  0.00000 -9.62021e+00 |102 -0.46314  1.20600e-01
103  0.35491 -1.61468e-01 |104  0.12156  7.22113e-01 |105  0.15335 -1.22574e+01
106  0.02361  1.57083e+00 |107  0.17192  1.07028e+00 |108  0.00276 -1.11845e+00
109  0.36757  7.08972e+00 |110  0.03582 -3.59503e+00 |111  0.68074  9.82370e-02
112  0.27302  3.32509e+00 |113 -0.27688  2.19453e+01 |114 -0.24796 -4.90561e+00
115  0.05057  6.78226e+00 |116 -0.00652  1.71125e+01 |117 -0.00269  4.33353e+00
118  0.01129 -5.69552e-01 |119 -0.13258  1.43631e+00 |120  0.14293  1.88233e-01
121  0.41487  6.35292e-01 |122 -0.00938 -8.13276e-02 |123 -0.15371 -2.98138e-01

Intermediate statistics: 123 variables; iteration 20; function evaluation 32; phase 4
Function value 2.3071754e+03; maximum gradient component mag -2.9879e+02
Var    Value     Gradient |Var    Value     Gradient |Var    Value     Gradient
  1 -0.18620  1.79605e+02 |  2 -0.08889 -2.42182e+02 |  3  0.14676 -1.07947e+02
  4 -0.59708 -1.73227e+02 |  5 -0.78351 -1.58206e+02 |  6  0.11893 -2.55689e+01
  7  0.20729 -2.98793e+02 |  8  0.03367 -9.72439e+01 |  9  0.08751 -9.66075e+01
 10  0.01030 -3.88816e+01 | 11 -0.01851 -8.79328e+01 | 12  0.00874 -2.10330e-01
 13  0.00973 -2.45060e-01 | 14  0.01083 -2.83785e-01 | 15  0.01204 -3.26141e-01
 16  0.01340 -3.71875e-01 | 17  0.01493 -4.20803e-01 | 18  0.01671 -4.73381e-01
 19  0.01879 -5.30412e-01 | 20  0.02125 -5.93183e-01 | 21  0.02410 -6.63122e-01
 22  0.02736 -7.46012e-01 | 23  0.03106 -8.49004e-01 | 24  0.03538 -9.91135e-01
 25  0.04029 -1.19314e+00 | 26  0.04555 -1.47420e+00 | 27  0.05054 -1.83619e+00
 28  0.05442 -2.24610e+00 | 29  0.05608 -2.63445e+00 | 30  0.05496 -2.96583e+00
 31  0.05114 -3.26887e+00 | 32  0.04618 -3.63890e+00 | 33  0.04238 -4.11842e+00
 34  0.04196 -4.69120e+00 | 35  0.04607 -5.41296e+00 | 36  0.05315 -6.46454e+00
 37  0.05739 -7.76681e+00 | 38  0.05098 -8.76814e+00 | 39  0.02996 -9.53095e+00
 40  0.00299 -1.10466e+01 | 41 -0.01750 -1.28839e+01 | 42  0.00243 -8.35910e+00
 43  0.02135 -8.09862e+00 | 44  0.07312 -9.82617e+00 | 45  0.08052 -1.00995e+01
 46  0.05447 -8.21357e+00 | 47  0.08408 -1.15813e+01 | 48  0.03239 -1.06477e+01
 49  0.00376 -1.11073e+01 | 50  0.12142 -1.85339e+01 | 51 -0.08172 -2.57858e+01
 52  0.14590 -4.82583e+01 | 53 -0.08827 -2.80787e+01 | 54 -0.02998 -3.68259e+00
 55 -0.02507  1.02565e+01 | 56  0.06988  1.62645e+01 | 57 -0.02133  2.33199e+01
 58 -0.07419  2.90495e+01 | 59 -0.09038  2.15672e+01 | 60 -0.14012 -1.93771e+01
 61  0.17352 -6.50774e+00 | 62 -0.09967 -8.59020e+00 | 63  0.02294  7.55058e+00
 64  0.01304  1.96010e+01 | 65  0.03594  3.43923e+01 | 66  0.03258  4.19853e+01
 67 -0.01229  3.39770e+01 | 68  0.02272  4.03116e+01 | 69 -0.05015  1.99972e+01
 70  0.04088  2.50208e+01 | 71 -0.06612  5.86673e+00 | 72 -0.02976  3.67354e+00
 73 -0.07813  2.06462e+00 | 74 -0.10967 -1.38855e+01 | 75 -0.22402 -4.94257e+01
 76  0.29546  1.90285e+02 | 77 -0.22073 -4.33829e+01 | 78  0.03037 -3.77305e+00
 79 -0.06499  7.87246e-01 | 80  0.11396  3.03702e+01 | 81 -0.04486  5.12191e+00
 82 -0.12757  1.18266e+01 | 83 -0.13217  1.63093e+01 | 84 -0.03415  1.58797e+01
 85 -0.09349  7.09956e+00 | 86  0.11071  1.23433e+01 | 87  0.16951  3.83299e+01
 88  0.00153 -1.20760e+01 | 89  0.06178 -2.41050e+01 | 90  0.18394 -1.19489e+02
 91 -0.08600 -1.44869e+01 | 92  0.03473  1.10212e+01 | 93  0.07133  1.54691e+01
 94 -0.00865  5.34634e+00 | 95 -0.09178  3.12865e-01 | 96 -0.06165  1.30248e+00
 97  0.00080  4.37239e+00 | 98  0.08134  1.33903e+01 | 99 -0.02515  1.55585e+00
100  0.00504  4.15059e+00 |101  0.03439  5.85962e+00 |102 -0.42891  2.07717e+00
103  0.33579 -7.56299e+01 |104  0.14785  1.52203e+02 |105  0.12873 -6.65783e+01
106  0.00852  7.10575e+01 |107  0.18207  2.05512e-01 |108  0.01797 -1.41563e+00
109  0.33276 -1.07311e+02 |110  0.05565  1.62129e+02 |111  0.65508 -4.22196e+00
112  0.29704  3.16838e+01 |113 -0.28045  1.39576e+01 |114 -0.28575 -8.45233e+00
115 -0.03331  4.37016e+00 |116 -0.03693 -1.06569e+01 |117 -0.01022  4.19612e+00
118 -0.01150 -4.39963e+00 |119 -0.13164 -1.19900e+00 |120  0.09058 -1.53872e+00
121  0.41201  1.40503e+00 |122  0.02122 -3.71270e+00 |123 -0.12278 -3.21564e+00
123 variables; iteration 40; function evaluation 52; phase 4
Function value 2.2965940e+03; maximum gradient component mag -1.7825e+02
Var    Value     Gradient |Var    Value     Gradient |Var    Value     Gradient
  1 -0.20171  1.21700e+02 |  2 -0.07929 -1.62713e+02 |  3  0.13722 -9.02423e+01
  4 -0.59921 -1.66351e+02 |  5 -0.78533 -1.10388e+02 |  6  0.14174  1.12042e+01
  7  0.20931 -1.78253e+02 |  8  0.02911 -7.51614e+01 |  9  0.09473 -5.97437e+01
 10  0.01984 -1.70692e+01 | 11 -0.02630 -4.87188e+01 | 12  0.00789 -4.08069e-01
 13  0.00878 -4.53097e-01 | 14  0.00979 -5.00892e-01 | 15  0.01092 -5.49335e-01
 16  0.01220 -5.95690e-01 | 17  0.01371 -6.36079e-01 | 18  0.01554 -6.65097e-01
 19  0.01782 -6.75452e-01 | 20  0.02066 -6.60822e-01 | 21  0.02414 -6.19532e-01
 22  0.02823 -5.63798e-01 | 23  0.03286 -5.24617e-01 | 24  0.03787 -5.72958e-01
 25  0.04234 -8.36753e-01 | 26  0.04448 -1.48399e+00 | 27  0.04249 -2.56679e+00
 28  0.03775 -3.77005e+00 | 29  0.03525 -4.39786e+00 | 30  0.03731 -4.15622e+00
 31  0.04197 -3.31160e+00 | 32  0.04402 -2.63187e+00 | 33  0.04361 -2.39496e+00
 34  0.04576 -2.30541e+00 | 35  0.05162 -2.44620e+00 | 36  0.04812 -3.97743e+00
 37  0.03599 -6.09607e+00 | 38  0.03099 -6.67848e+00 | 39  0.03819 -4.51744e+00
 40  0.01511 -5.31763e+00 | 41 -0.00028 -6.07041e+00 | 42  0.00798 -4.27943e+00
 43  0.02091 -4.07939e+00 | 44  0.07698 -1.41863e+00 | 45  0.00154 -8.81507e+00
 46  0.12443  6.68250e+00 | 47  0.03593 -4.51304e+00 | 48  0.04145 -5.83287e+00
 49 -0.01037 -1.29248e+01 | 50  0.11147 -1.93821e+01 | 51 -0.05854 -2.38018e+01
 52  0.12680 -2.82150e+01 | 53 -0.01515 -1.35825e+00 | 54 -0.03352  1.30799e+01
 55 -0.02408  1.52604e+01 | 56  0.05486 -1.45737e+01 | 57 -0.02862  9.62127e+00
 58 -0.08109  2.36116e+01 | 59 -0.09166  2.41230e+01 | 60 -0.13320 -1.50909e+01
 61  0.16788  6.85617e+00 | 62 -0.09414 -6.52489e+00 | 63  0.01149 -2.24354e+00
 64  0.00885  1.96403e+01 | 65  0.03753  4.25315e+01 | 66  0.02036  2.22683e+01
 67 -0.02140  1.83999e+01 | 68  0.01484  2.41805e+01 | 69 -0.05380  1.28576e+01
 70  0.02752  4.39390e+00 | 71 -0.06408  8.53110e+00 | 72 -0.02654  1.42843e+01
 73 -0.07400  1.11083e+01 | 74 -0.09751 -3.26352e+00 | 75 -0.21362 -4.82187e+01
 76  0.28807  1.36989e+02 | 77 -0.18961 -3.63260e+01 | 78  0.02876 -1.25400e+00
 79 -0.05478  9.68899e+00 | 80  0.10713  1.89656e+01 | 81 -0.04330  1.02160e+01
 82 -0.12368  1.70968e+01 | 83 -0.13385  1.81690e+01 | 84 -0.04145  1.39390e+01
 85 -0.09087  1.21654e+01 | 86  0.11107  2.83365e+01 | 87  0.15248 -2.12375e+01
 88  0.00638 -6.84912e+00 | 89  0.05856 -2.09683e+01 | 90  0.18022 -1.04987e+02
 91 -0.07969 -9.30315e+00 | 92  0.03208  1.29314e+01 | 93  0.07101  2.16381e+01
 94 -0.01089  4.83781e+00 | 95 -0.08650  3.06201e+00 | 96 -0.05956  2.01255e+00
 97  0.00090  1.52184e+00 | 98  0.09225  2.39445e+01 | 99 -0.01990 -6.61118e-01
100  0.01137  3.21105e+00 |101  0.03931  5.25118e+00 |102 -0.44987  2.95775e-01
103  0.33230 -3.66842e+01 |104  0.13199  7.29542e+01 |105  0.12144 -5.02463e+01
106  0.00190  5.51664e+01 |107  0.36860  7.88315e-01 |108  0.15867  2.70419e+00
109  0.33297 -7.74708e+01 |110  0.04680  1.14958e+02 |111  0.43759 -6.10104e+00
112  0.23356  1.98347e+01 |113 -0.25009  1.29767e+01 |114 -0.22212 -6.77337e+00
115 -0.17309 -3.23865e+00 |116 -0.03136  2.43552e+00 |117  0.00992  2.48278e+01
118  0.00180 -8.97636e+00 |119 -0.15758  3.82905e+00 |120 -0.10151 -2.93652e+00
121  0.15589 -4.09172e+00 |122  0.29017  1.60243e+00 |123 -0.08099  2.72109e+00
123 variables; iteration 60; function evaluation 72; phase 4
Function value 2.2862816e+03; maximum gradient component mag -1.0559e+02
Var    Value     Gradient |Var    Value     Gradient |Var    Value     Gradient
  1 -0.23872  8.35840e+00 |  2 -0.07320  2.46179e+01 |  3  0.13931  3.66337e+00
  4 -0.60046 -1.05590e+02 |  5 -0.78122 -5.50038e+00 |  6  0.14403 -1.60718e+01
  7  0.21015  6.81852e+01 |  8  0.04108  2.16390e+01 |  9  0.08959 -4.97617e+01
 10  0.02229  1.69330e+00 | 11 -0.04941  5.46894e-01 | 12  0.00604 -7.83320e-01
 13  0.00671 -8.64223e-01 | 14  0.00747 -9.50439e-01 | 15  0.00832 -1.04090e+00
 16  0.00929 -1.13432e+00 | 17  0.01042 -1.22894e+00 | 18  0.01179 -1.32246e+00
 19  0.01345 -1.41257e+00 | 20  0.01543 -1.50041e+00 | 21  0.01771 -1.59233e+00
 22  0.02018 -1.70462e+00 | 23  0.02266 -1.87266e+00 | 24  0.02486 -2.16276e+00
 25  0.02632 -2.62416e+00 | 26  0.02722 -3.17035e+00 | 27  0.02898 -3.51166e+00
 28  0.03280 -3.41954e+00 | 29  0.03529 -3.29115e+00 | 30  0.03236 -3.61208e+00
 31  0.02754 -3.95430e+00 | 32  0.02505 -3.86622e+00 | 33  0.02397 -3.68470e+00
 34  0.02331 -3.79458e+00 | 35  0.02245 -4.37841e+00 | 36  0.02349 -4.86091e+00
 37  0.03140 -4.03088e+00 | 38  0.02323 -4.49772e+00 | 39  0.01397 -3.94791e+00
 40  0.00545 -2.61008e+00 | 41 -0.00065 -1.44308e+00 | 42  0.01916  1.75433e+00
 43  0.03194  1.38752e+00 | 44  0.04431 -1.75518e+00 | 45  0.04087 -3.55523e+00
 46  0.04810 -2.40100e+00 | 47  0.04509 -5.80040e+00 | 48  0.02939 -5.01839e+00
 49  0.00712 -4.92192e+00 | 50  0.08357  5.06249e+00 | 51  0.00927 -4.35328e-01
 52  0.10811  1.92349e+01 | 53  0.00524  2.32396e+01 | 54 -0.03810  1.95480e+01
 55 -0.04879  5.01269e+00 | 56  0.05485 -4.41485e+00 | 57 -0.03941  8.18416e+00
 58 -0.08223  2.78989e+01 | 59 -0.09234  3.07327e+01 | 60 -0.12770 -1.03177e+01
 61  0.15722 -8.46481e+00 | 62 -0.09499 -5.26283e+00 | 63  0.01253  9.41324e+00
 64  0.00064  5.34268e+00 | 65  0.01476 -1.32450e+01 | 66  0.00822 -1.35241e+01
 67 -0.02492  2.76612e+00 | 68  0.00041 -7.86771e-01 | 69 -0.05586  7.60649e+00
 70  0.01601 -5.23546e+00 | 71 -0.06126  1.35137e+01 | 72 -0.03513  1.63773e+01
 73 -0.07236  2.01797e+01 | 74 -0.08542  1.18391e+01 | 75 -0.16484 -3.78190e+01
 76  0.27038 -1.88798e+01 | 77 -0.14363 -2.34251e+01 | 78  0.03102  1.34362e+01
 79 -0.04335  2.44970e+01 | 80  0.09209 -1.40127e+01 | 81 -0.04249  1.94787e+01
 82 -0.11516  2.89650e+01 | 83 -0.12574  2.86399e+01 | 84 -0.04636  1.76435e+01
 85 -0.08140  2.07230e+01 | 86  0.09314 -1.67921e+01 | 87  0.14468 -3.20343e+01
 88  0.00455 -5.22305e-01 | 89  0.05497 -6.01126e+00 | 90  0.18247 -3.75231e+01
 91 -0.06132  9.33523e+00 | 92  0.02777  7.89234e+00 | 93  0.06091  7.81121e+00
 94  0.00380  1.96422e+01 | 95 -0.07015  1.33773e+01 | 96 -0.04336  1.25242e+01
 97  0.00493  5.13256e+00 | 98  0.08047  2.48998e+00 | 99 -0.02047 -9.79305e-01
100  0.02341  7.72906e+00 |101  0.01966 -1.64762e+00 |102 -0.49039 -6.37299e+00
103  0.32319 -5.87864e+00 |104  0.11627  3.32523e+00 |105  0.13526 -5.55970e-01
106  0.01232  4.25881e+00 |107  0.22243 -6.34286e+00 |108  0.07885  8.97662e+00
109  0.36019  8.77795e+00 |110  0.03803 -3.56164e+00 |111  0.63453  1.62593e+00
112  0.28576  1.89919e+00 |113 -0.25659  8.80086e-01 |114 -0.23046 -4.50532e+00
115 -0.17404 -4.75458e+00 |116 -0.03281  3.22794e+00 |117 -0.00612  2.11104e-01
118  0.00202  3.15470e+00 |119 -0.13679  2.46378e-01 |120  0.00864  6.58530e-01
121  0.27793 -1.84620e+00 |122  0.01123 -8.85675e-01 |123 -0.03728  2.06577e+00
123 variables; iteration 80; function evaluation 92; phase 4
Function value 2.2821873e+03; maximum gradient component mag 8.3871e+01
Var    Value     Gradient |Var    Value     Gradient |Var    Value     Gradient
  1 -0.25423 -5.65075e+01 |  2 -0.06969  3.31694e+01 |  3  0.13730  2.14815e+01
  4 -0.59527  8.38709e+01 |  5 -0.78148  2.52441e+01 |  6  0.17169  4.27031e+00
  7  0.21202  2.81078e+01 |  8  0.03179  1.68151e+01 |  9  0.09426  2.21418e+01
 10  0.01394  1.76396e+00 | 11 -0.07037  4.39062e+01 | 12  0.00809  4.11047e-01
 13  0.00893  4.48349e-01 | 14  0.00984  4.85675e-01 | 15  0.01081  5.20140e-01
 16  0.01184  5.48143e-01 | 17  0.01293  5.65106e-01 | 18  0.01409  5.65473e-01
 19  0.01531  5.43962e-01 | 20  0.01660  5.00968e-01 | 21  0.01802  4.49881e-01
 22  0.01973  4.31524e-01 | 23  0.02212  5.26237e-01 | 24  0.02590  8.55399e-01
 25  0.03115  1.42787e+00 | 26  0.03594  1.90275e+00 | 27  0.03751  1.87237e+00
 28  0.03509  1.30268e+00 | 29  0.03285  9.87606e-01 | 30  0.03401  1.51949e+00
 31  0.03537  2.32215e+00 | 32  0.03259  2.43536e+00 | 33  0.02822  2.05236e+00
 34  0.02737  1.96076e+00 | 35  0.03250  2.56492e+00 | 36  0.03533  2.41451e+00
 37  0.02697  5.08486e-01 | 38  0.02659  1.06755e+00 | 39  0.01899  1.60577e+00
 40 -0.00023  1.59017e-01 | 41 -0.01493 -1.10093e+00 | 42  0.01112  6.05567e-01
 43  0.02831  3.52081e+00 | 44  0.05585  6.65159e+00 | 45  0.05764  6.92365e+00
 46  0.03729  3.03707e+00 | 47  0.05087  4.40757e+00 | 48  0.03333  3.50323e+00
 49  0.04041  7.07265e+00 | 50  0.06865  1.38101e+00 | 51  0.01099 -8.70782e+00
 52  0.11073 -1.18114e+01 | 53 -0.02430 -7.71405e+00 | 54 -0.03593  8.32972e+00
 55 -0.04409  5.27336e+00 | 56  0.05878  1.05416e+01 | 57 -0.03814  8.88707e+00
 58 -0.08418  2.23044e+01 | 59 -0.09564  2.30920e+01 | 60 -0.12153 -1.05569e+01
 61  0.16024 -5.26445e-01 | 62 -0.09800 -1.26882e+01 | 63  0.01127 -4.72276e+00
 64  0.00234 -2.37982e+00 | 65  0.02089 -9.05635e+00 | 66  0.01576 -1.04380e+01
 67 -0.03061 -5.37293e+00 | 68  0.00979  2.21613e+00 | 69 -0.06218  2.01664e+00
 70  0.02953  1.05664e+01 | 71 -0.06408  6.46047e+00 | 72 -0.03955  3.31792e+00
 73 -0.07366  1.06349e+01 | 74 -0.09742 -1.46124e+00 | 75 -0.12023 -2.89500e+01
 76  0.26993 -1.59008e+01 | 77 -0.12828 -2.19309e+01 | 78  0.02994  7.18841e+00
 79 -0.05315  9.02978e+00 | 80  0.09166 -2.04628e+01 | 81 -0.04105  1.50842e+01
 82 -0.11972  1.95016e+01 | 83 -0.12090  2.94970e+01 | 84 -0.04932  7.33124e+00
 85 -0.08322  1.35999e+01 | 86  0.08990 -3.30685e+01 | 87  0.14806 -3.18642e+01
 88 -0.00705 -2.09194e+01 | 89  0.05427 -7.24790e+00 | 90  0.18862  6.08116e+00
 91 -0.06869 -1.63247e+00 | 92  0.02364 -1.25280e+00 | 93  0.06091  1.00579e+00
 94 -0.01252 -1.33688e+00 | 95 -0.08324  7.71605e-01 | 96 -0.05673  2.32850e-01
 97 -0.00326 -4.72826e+00 | 98  0.07030 -1.40604e+01 | 99 -0.02059 -3.70941e+00
100  0.01200 -1.79576e+00 |101  0.03226 -3.05506e+00 |102 -0.45756  4.06502e+00
103  0.36888  8.13993e+00 |104  0.14240 -2.71867e+00 |105  0.10778 -1.87519e+01
106 -0.00945  1.82228e+01 |107  0.18125 -3.48699e+00 |108  0.03942  3.68427e+00
109  0.34384  2.19564e+01 |110  0.02771 -2.64431e+01 |111  0.47399  3.89945e+00
112  0.24996 -2.47452e+00 |113 -0.26219  2.27019e+00 |114 -0.23449  4.58263e-01
115 -0.09786  3.08927e-01 |116 -0.03912  2.29020e+00 |117  0.00289  4.19188e-01
118  0.01383  5.63807e+00 |119 -0.16025 -8.14372e-01 |120 -0.03618  5.37159e+00
121  0.22779 -4.39841e+00 |122  0.17518  2.61511e+00 |123 -0.11995  1.56807e+00
123 variables; iteration 100; function evaluation 121; phase 4
Function value 2.2782478e+03; maximum gradient component mag 2.7659e+01
Var    Value     Gradient |Var    Value     Gradient |Var    Value     Gradient
  1 -0.26801  1.08057e+01 |  2 -0.06810 -1.00167e+01 |  3  0.14045  1.60025e+00
  4 -0.59671  2.76587e+01 |  5 -0.78272  7.94472e+00 |  6  0.18538  5.92687e+00
  7  0.20979 -1.95761e+01 |  8  0.03005 -3.92514e+00 |  9  0.09623  1.15099e+01
 10  0.02622  2.44293e+00 | 11 -0.08667 -9.99373e+00 | 12  0.00783  5.82773e-02
 13  0.00875  8.89274e-02 | 14  0.00982  1.33721e-01 | 15  0.01104  1.92734e-01
 16  0.01241  2.61671e-01 | 17  0.01389  3.28557e-01 | 18  0.01543  3.68919e-01
 19  0.01685  3.40860e-01 | 20  0.01791  1.96452e-01 | 21  0.01851 -7.85315e-02
 22  0.01897 -4.01174e-01 | 23  0.02048 -5.35137e-01 | 24  0.02437 -2.53977e-01
 25  0.03247  7.37396e-01 | 26  0.04413  2.23748e+00 | 27  0.03737  7.22617e-01
 28  0.03070 -6.13977e-01 | 29  0.03869  7.06635e-01 | 30  0.02134 -2.03731e+00
 31  0.03182  2.15441e-01 | 32  0.02911  2.47987e-01 | 33  0.02306 -4.94054e-01
 34  0.02305 -4.71128e-01 | 35  0.03333  9.87583e-01 | 36  0.05057  3.15095e+00
 37  0.01828 -2.65207e+00 | 38  0.03374  6.40432e-01 | 39  0.02192  3.89427e-01
 40  0.00814  1.41124e-01 | 41  0.00037  3.53138e-01 | 42  0.00717 -1.96927e+00
 43  0.01535 -3.16133e+00 | 44  0.03954 -3.22860e+00 | 45  0.05664 -1.17696e+00
 46  0.02843 -4.07395e+00 | 47  0.06403  2.93174e-01 | 48  0.03043 -2.04917e+00
 49  0.03240 -5.13795e-02 | 50  0.06682 -2.72382e+00 | 51  0.02958 -3.05425e+00
 52  0.11052 -1.09258e+01 | 53 -0.01580 -6.80671e+00 | 54 -0.05082 -3.14602e+00
 55 -0.03664  5.15729e+00 | 56  0.05855  1.80083e+00 | 57 -0.03415  6.42431e+00
 58 -0.09543  7.31523e+00 | 59 -0.11127  5.55279e+00 | 60 -0.10502 -2.02476e+00
 61  0.16146 -1.29382e+01 | 62 -0.08138 -3.12039e+00 | 63  0.01103 -5.50967e+00
 64 -0.00160 -5.19970e+00 | 65  0.02427  6.64202e-01 | 66  0.01871  9.12587e-01
 67 -0.02766  2.90703e-01 | 68  0.00598 -1.68117e+00 | 69 -0.06571 -9.23523e-02
 70  0.02574  1.86615e+00 | 71 -0.07204  7.75562e-01 | 72 -0.04230 -6.36475e-02
 73 -0.08472  5.02576e+00 | 74 -0.09345  5.94744e+00 | 75 -0.07838 -9.04781e+00
 76  0.27085 -5.85262e+00 | 77 -0.10424 -1.02993e+01 | 78  0.02262 -6.15388e+00
 79 -0.06537 -1.55278e+00 | 80  0.09867 -2.77287e-01 | 81 -0.04828  5.81513e+00
 82 -0.13365  8.78713e+00 | 83 -0.14972  4.76828e+00 | 84 -0.04919  6.79058e+00
 85 -0.09914  2.84060e+00 | 86  0.09722 -6.25766e+00 | 87  0.15138 -6.03115e+00
 88  0.01110  5.11533e+00 | 89  0.05144 -9.76184e+00 | 90  0.19157  7.91586e+00
 91 -0.07143 -2.54107e+00 | 92  0.02603  2.08576e+00 | 93  0.06073 -9.93348e-01
 94 -0.01300 -1.05191e+00 | 95 -0.08158  3.46394e+00 | 96 -0.05743  1.19533e+00
 97  0.00408  2.31441e+00 | 98  0.08177  6.23929e-01 | 99 -0.01512  5.19617e-01
100  0.00302 -3.25260e+00 |101  0.03565  7.09248e-01 |102 -0.47085  9.19790e-01
103  0.27537 -1.07070e+01 |104  0.09713  8.12171e+00 |105  0.08508 -1.04131e+01
106 -0.03310  9.55434e+00 |107  0.16594  9.35134e-01 |108  0.01475 -1.45484e+00
109  0.31571 -2.35155e+00 |110  0.01641 -3.73785e+00 |111  0.41026  4.10922e+00
112  0.22853 -4.02761e+00 |113 -0.26405 -7.25372e-01 |114 -0.23714  1.66014e+00
115 -0.07855  6.36559e-01 |116 -0.04123  7.98026e-01 |117 -0.01538  1.34120e+00
118 -0.01581 -1.77807e+00 |119 -0.12790  2.83887e-02 |120 -0.00202 -3.05381e+00
121  0.29592  1.94293e+00 |122  0.04553 -1.05646e+00 |123 -0.06091  7.95606e-01
123 variables; iteration 120; function evaluation 154; phase 4
Function value 2.2772112e+03; maximum gradient component mag 7.0835e+00
Var    Value     Gradient |Var    Value     Gradient |Var    Value     Gradient
  1 -0.26286  7.08351e+00 |  2 -0.06714 -1.15130e+00 |  3  0.13708 -8.73969e-01
  4 -0.59719 -1.13316e+00 |  5 -0.78304 -1.86121e-01 |  6  0.17787  1.35830e+00
  7  0.21035 -7.34158e-01 |  8  0.03191 -3.05461e-01 |  9  0.09479 -2.12373e-01
 10  0.02136  1.61042e-01 | 11 -0.08326 -6.03698e+00 | 12  0.00739 -9.11640e-02
 13  0.00884  5.12232e-02 | 14  0.01018  1.49245e-01 | 15  0.01111  1.33142e-01
 16  0.01165  1.07329e-02 | 17  0.01240 -9.06079e-02 | 18  0.01400 -4.72870e-02
 19  0.01573 -2.17724e-02 | 20  0.01678 -1.82461e-01 | 21  0.01875 -1.93398e-01
 22  0.02125 -1.32605e-01 | 23  0.02349 -1.58585e-01 | 24  0.02672 -4.76480e-02
 25  0.02919 -1.07693e-01 | 26  0.03170 -1.52926e-01 | 27  0.03456 -6.68952e-02
 28  0.03575 -1.11749e-01 | 29  0.03572 -1.31868e-01 | 30  0.03411 -1.73309e-01
 31  0.03188 -1.11029e-01 | 32  0.02848 -1.90211e-01 | 33  0.02688 -1.04235e-01
 34  0.02585 -2.87031e-01 | 35  0.02866 -2.32517e-01 | 36  0.03215 -3.17305e-01
 37  0.03456 -2.73617e-01 | 38  0.02970 -4.76985e-01 | 39  0.01883 -5.24982e-01
 40  0.00668 -3.12718e-01 | 41 -0.00301 -3.69747e-01 | 42  0.01103 -1.62768e-01
 43  0.02369 -1.75951e-02 | 44  0.04751 -4.02999e-02 | 45  0.05003 -2.40999e-01
 46  0.04240 -3.57864e-01 | 47  0.05402 -3.70436e-01 | 48  0.03684 -4.05478e-01
 49  0.02743 -6.23752e-01 | 50  0.06776 -1.20862e+00 | 51  0.02981 -4.90337e-01
 52  0.11040 -1.16246e+00 | 53 -0.00984 -4.08891e-01 | 54 -0.04795 -2.48326e-01
 55 -0.04642 -4.84847e-01 | 56  0.06039 -2.19570e-01 | 57 -0.03914 -3.12026e-01
 58 -0.10126 -2.18626e-01 | 59 -0.11718 -2.34936e-01 | 60 -0.10250 -2.19264e-01
 61  0.16161 -2.82089e-01 | 62 -0.07909 -2.41943e-01 | 63  0.01182 -1.73325e-01
 64  0.00123 -4.07949e-02 | 65  0.02313 -1.57328e-01 | 66  0.01826 -3.41954e-01
 67 -0.02863  1.59222e-02 | 68  0.00694  1.30875e-01 | 69 -0.06585  5.21832e-02
 70  0.02526  1.81017e-01 | 71 -0.07236  3.95304e-01 | 72 -0.04048  3.44517e-01
 73 -0.09054  3.32367e-01 | 74 -0.10291  2.44497e-01 | 75 -0.05861  3.67397e-01
 76  0.27058 -6.82847e-01 | 77 -0.08294  3.79058e-01 | 78  0.02525  6.16163e-01
 79 -0.06443  3.89476e-01 | 80  0.09878  3.19165e-01 | 81 -0.05318  2.06998e-01
 82 -0.14498  2.34231e-01 | 83 -0.15627  3.91301e-01 | 84 -0.05423  2.21812e-01
 85 -0.10267  4.66221e-01 | 86  0.09810  2.86901e-01 | 87  0.15146  2.12808e-01
 88  0.00604  4.21309e-01 | 89  0.05769  3.65078e-01 | 90  0.18880  1.35967e-01
 91 -0.06893  4.28091e-01 | 92  0.02426  4.20605e-01 | 93  0.06027  6.97366e-01
 94 -0.01303  4.28788e-01 | 95 -0.08797  3.80864e-01 | 96 -0.05950  4.32192e-01
 97  0.00068  3.46647e-01 | 98  0.07981  5.27559e-01 | 99 -0.01613  2.67316e-01
100  0.01111  3.27407e-01 |101  0.03368  3.63416e-01 |102 -0.47439  1.24349e-01
103  0.31405  4.73885e-01 |104  0.11604 -3.05565e-01 |105  0.09531  1.12119e+00
106 -0.02431 -1.13836e+00 |107  0.17815 -1.99862e-01 |108  0.02902  1.13081e-01
109  0.33044  8.40451e-03 |110  0.02519  1.91676e-01 |111  0.38331 -1.85191e-01
112  0.21814  1.26618e+00 |113 -0.26391 -4.07127e-01 |114 -0.23986  1.88076e-01
115 -0.09043 -2.41950e-02 |116 -0.04129 -2.89666e-01 |117 -0.01440  3.18305e-02
118 -0.01229  1.45637e-01 |119 -0.12915  1.11347e-02 |120 -0.01335 -3.57020e-01
121  0.27244  2.35355e-01 |122  0.11144 -1.28955e-01 |123 -0.09674  9.66783e-02
123 variables; iteration 140; function evaluation 185; phase 4
Function value 2.2772046e+03; maximum gradient component mag -1.9469e+00
Var    Value     Gradient |Var    Value     Gradient |Var    Value     Gradient
  1 -0.26194  1.66653e+00 |  2 -0.06688 -4.47256e-01 |  3  0.13688 -4.06743e-01
  4 -0.59714 -9.14970e-01 |  5 -0.78308 -2.77647e-01 |  6  0.17741  6.05985e-01
  7  0.21032 -8.60229e-01 |  8  0.03180 -4.32060e-01 |  9  0.09477 -2.83787e-01
 10  0.02115  9.62765e-03 | 11 -0.08182 -1.94688e+00 | 12  0.00781  1.95254e-02
 13  0.00826 -6.30904e-02 | 14  0.00970  5.80285e-02 | 15  0.01047  1.18872e-02
 16  0.01133 -3.91381e-02 | 17  0.01248 -5.08009e-02 | 18  0.01422  2.29303e-02
 19  0.01586  3.15861e-02 | 20  0.01711 -8.56586e-02 | 21  0.01951 -8.30728e-03
 22  0.02179  5.72786e-03 | 23  0.02394 -3.88224e-02 | 24  0.02615 -1.14504e-01
 25  0.02917 -7.10720e-02 | 26  0.03210 -4.19766e-02 | 27  0.03455 -1.98330e-02
 28  0.03577 -5.48989e-02 | 29  0.03583 -5.63642e-02 | 30  0.03435 -6.65064e-02
 31  0.03190 -2.93662e-02 | 32  0.02867 -6.24938e-02 | 33  0.02663 -3.81662e-02
 34  0.02617 -9.52071e-02 | 35  0.02883 -4.22829e-02 | 36  0.03248 -6.89490e-02
 37  0.03424 -1.02938e-01 | 38  0.03041 -1.15481e-01 | 39  0.01963 -1.37442e-01
 40  0.00671 -9.76307e-02 | 41 -0.00289 -1.50306e-01 | 42  0.01149 -7.95564e-02
 43  0.02334 -1.06407e-01 | 44  0.04671 -1.17977e-01 | 45  0.05039 -7.74234e-02
 46  0.04296 -1.22603e-01 | 47  0.05374 -1.73199e-01 | 48  0.03661 -1.65815e-01
 49  0.02728 -1.84649e-01 | 50  0.06914 -2.99553e-03 | 51  0.02817 -3.28311e-01
 52  0.11080  2.14251e-01 | 53 -0.01004 -1.91243e-01 | 54 -0.04823 -2.41467e-01
 55 -0.04583 -1.19306e-01 | 56  0.06005 -2.26436e-01 | 57 -0.03903 -2.13107e-01
 58 -0.10131 -1.98745e-01 | 59 -0.11703 -1.04330e-01 | 60 -0.10236 -2.07975e-01
 61  0.16137 -4.58972e-01 | 62 -0.07887 -2.13221e-01 | 63  0.01175 -3.97633e-02
 64  0.00105 -1.07107e-01 | 65  0.02299 -3.98629e-02 | 66  0.01837 -1.54443e-02
 67 -0.02877 -1.20359e-01 | 68  0.00675 -9.56346e-02 | 69 -0.06555  5.84577e-02
 70  0.02524  4.74890e-02 | 71 -0.07251  4.29501e-02 | 72 -0.04044  8.40176e-02
 73 -0.09051  1.05113e-01 | 74 -0.10268  1.52723e-01 | 75 -0.05888  2.95957e-02
 76  0.27049 -3.24025e-01 | 77 -0.08315  7.56717e-02 | 78  0.02494  5.91032e-02
 79 -0.06458  8.20541e-02 | 80  0.09871  1.49568e-01 | 81 -0.05302  1.72277e-01
 82 -0.14476  1.28040e-01 | 83 -0.15624  1.12713e-01 | 84 -0.05395  1.75399e-01
 85 -0.10282  7.48021e-02 | 86  0.09828  2.18986e-01 | 87  0.15167  2.38627e-01
 88  0.00611  1.20342e-01 | 89  0.05780  1.55047e-01 | 90  0.18893  5.34149e-02
 91 -0.06894  1.14979e-01 | 92  0.02426  1.11693e-01 | 93  0.06009  3.23762e-02
 94 -0.01302  1.38010e-01 | 95 -0.08798  1.30248e-01 | 96 -0.05965  7.78877e-02
 97  0.00077  9.38975e-02 | 98  0.07982 -4.67203e-02 | 99 -0.01579  1.21819e-01
100  0.01129  8.46873e-02 |101  0.03354  6.90001e-02 |102 -0.47441  9.67736e-03
103  0.31153  1.74699e-01 |104  0.11479 -2.61163e-01 |105  0.09514 -7.35152e-02
106 -0.02427  1.40874e-01 |107  0.18062  9.92758e-02 |108  0.03077 -7.60332e-02
109  0.32976  2.47186e-02 |110  0.02490  9.79996e-02 |111  0.37832  2.25114e-01
112  0.21520 -6.23771e-01 |113 -0.26401 -3.66707e-02 |114 -0.24032 -3.35325e-02
115 -0.09011 -6.33491e-03 |116 -0.04123 -7.64721e-04 |117 -0.01514 -2.49456e-02
118 -0.01339 -5.73336e-02 |119 -0.12789  2.97648e-02 |120 -0.01506  9.23224e-02
121  0.26915 -1.14364e-02 |122  0.12349  5.35616e-02 |123 -0.10770  6.20368e-02
  ic > imax  in fminim is answer attained ?
Var    Value     Gradient |Var    Value     Gradient |Var    Value     Gradient
  1 -0.26031 -3.28619e-04 |  2 -0.06700 -6.93922e-04 |  3  0.13692 -4.06470e-04
  4 -0.59715  1.83078e-04 |  5 -0.78301 -6.29693e-06 |  6  0.17617 -2.85874e-04
  7  0.21033 -6.26257e-04 |  8  0.03177 -8.29750e-05 |  9  0.09478  1.02955e-04
 10  0.02098 -1.31854e-04 | 11 -0.07956 -4.89939e-05 | 12  0.00769  1.74901e-05
 13  0.00850 -7.44610e-06 | 14  0.00939 -7.77143e-05 | 15  0.01037  9.29504e-06
 16  0.01145 -1.02400e-06 | 17  0.01266  7.38608e-05 | 18  0.01405  3.47584e-05
 19  0.01565 -8.36108e-05 | 20  0.01746  5.81742e-05 | 21  0.01949  3.09814e-05
 22  0.02169 -2.53947e-05 | 23  0.02408 -2.23525e-05 | 24  0.02671  7.00614e-05
 25  0.02952  5.81361e-05 | 26  0.03230  8.70054e-05 | 27  0.03464  1.10500e-05
 28  0.03609  1.05027e-05 | 29  0.03616 -2.66422e-05 | 30  0.03472  1.90506e-05
 31  0.03202  1.96324e-05 | 32  0.02894 -5.04515e-05 | 33  0.02673  1.09714e-05
 34  0.02653  5.36034e-05 | 35  0.02884 -1.82837e-06 | 36  0.03258  6.36518e-05
 37  0.03448 -2.44837e-05 | 38  0.03067  5.59458e-05 | 39  0.01996  5.86916e-05
 40  0.00683 -3.39499e-05 | 41 -0.00259 -1.98154e-05 | 42  0.01176 -7.14062e-05
 43  0.02364 -1.12958e-04 | 44  0.04689 -3.91370e-05 | 45  0.05021  2.41055e-05
 46  0.04300 -1.23116e-04 | 47  0.05376  1.38782e-04 | 48  0.03669  6.36601e-05
 49  0.02770  4.64969e-05 | 50  0.06828  3.77996e-04 | 51  0.02957 -2.05752e-05
 52  0.11006  8.81285e-04 | 53 -0.00961  6.35150e-05 | 54 -0.04815  2.04574e-04
 55 -0.04593 -1.81504e-04 | 56  0.05984 -2.64723e-04 | 57 -0.03905 -2.28587e-04
 58 -0.10129 -1.07322e-04 | 59 -0.11712 -2.16801e-04 | 60 -0.10219 -1.74578e-05
 61  0.16112 -3.16381e-05 | 62 -0.07858 -4.35232e-05 | 63  0.01149 -3.41535e-04
 64  0.00099 -7.97457e-05 | 65  0.02284 -8.30286e-05 | 66  0.01821 -1.64261e-04
 67 -0.02872 -5.61871e-05 | 68  0.00670  3.01745e-06 | 69 -0.06561 -3.22484e-05
 70  0.02522 -4.47743e-05 | 71 -0.07247 -2.75543e-05 | 72 -0.04039 -2.06778e-04
 73 -0.09050 -2.82731e-06 | 74 -0.10279  2.06501e-05 | 75 -0.05882  1.20833e-04
 76  0.27036  1.47221e-04 | 77 -0.08323  3.38228e-05 | 78  0.02481  1.80062e-04
 79 -0.06468 -7.29008e-05 | 80  0.09858 -1.24428e-04 | 81 -0.05313 -1.23560e-05
 82 -0.14482  9.86570e-06 | 83 -0.15625 -6.37639e-05 | 84 -0.05394 -2.46247e-04
 85 -0.10272 -2.85871e-05 | 86  0.09834 -1.49128e-04 | 87  0.15176 -1.55931e-04
 88  0.00619 -2.49457e-05 | 89  0.05782 -3.38094e-05 | 90  0.18900 -6.74766e-05
 91 -0.06894  9.82517e-05 | 92  0.02426 -1.59320e-06 | 93  0.06012  1.35127e-04
 94 -0.01308 -3.38033e-05 | 95 -0.08807 -2.73465e-06 | 96 -0.05967  1.06697e-04
 97  0.00071 -1.55424e-05 | 98  0.07981  1.13576e-04 | 99 -0.01590 -3.56612e-05
100  0.01126 -3.22479e-07 |101  0.03361  3.88789e-05 |102 -0.47426 -8.77752e-06
103  0.31132  7.70745e-05 |104  0.11465 -1.34589e-04 |105  0.09544  1.73223e-04
106 -0.02406 -1.05414e-04 |107  0.18069 -7.98580e-05 |108  0.03078  1.83078e-04
109  0.32950 -3.99343e-05 |110  0.02468 -1.84158e-04 |111  0.37938 -2.27433e-04
112  0.21571  8.11773e-04 |113 -0.26384 -1.27797e-04 |114 -0.23998  8.32159e-05
115 -0.09079 -2.33531e-05 |116 -0.04106  1.57330e-05 |117 -0.01472  3.65934e-05
118 -0.01297  7.63447e-05 |119 -0.12854 -2.83193e-05 |120 -0.01499  3.42256e-05
121  0.26898  5.83014e-05 |122  0.12537  6.76139e-05 |123 -0.10923  6.52824e-05
Function minimizer not making progress ... is minimum attained?
Minimprove criterion = 0.0000e+00

 - final statistics:
123 variables; iteration 157; function evaluation 233
Function value 2.2772e+03; maximum gradient component mag 8.8129e-04
Exit code = 1;  converg criter 1.0000e-04
Var    Value     Gradient |Var    Value     Gradient |Var    Value     Gradient
  1 -0.26031 -3.28619e-04 |  2 -0.06700 -6.93922e-04 |  3  0.13692 -4.06470e-04
  4 -0.59715  1.83078e-04 |  5 -0.78301 -6.29693e-06 |  6  0.17617 -2.85874e-04
  7  0.21033 -6.26257e-04 |  8  0.03177 -8.29750e-05 |  9  0.09478  1.02955e-04
 10  0.02098 -1.31854e-04 | 11 -0.07956 -4.89939e-05 | 12  0.00769  1.74901e-05
 13  0.00850 -7.44610e-06 | 14  0.00939 -7.77143e-05 | 15  0.01037  9.29504e-06
 16  0.01145 -1.02400e-06 | 17  0.01266  7.38608e-05 | 18  0.01405  3.47584e-05
 19  0.01565 -8.36108e-05 | 20  0.01746  5.81742e-05 | 21  0.01949  3.09814e-05
 22  0.02169 -2.53947e-05 | 23  0.02408 -2.23525e-05 | 24  0.02671  7.00614e-05
 25  0.02952  5.81361e-05 | 26  0.03230  8.70054e-05 | 27  0.03464  1.10500e-05
 28  0.03609  1.05027e-05 | 29  0.03616 -2.66422e-05 | 30  0.03472  1.90506e-05
 31  0.03202  1.96324e-05 | 32  0.02894 -5.04515e-05 | 33  0.02673  1.09714e-05
 34  0.02653  5.36034e-05 | 35  0.02884 -1.82837e-06 | 36  0.03258  6.36518e-05
 37  0.03448 -2.44837e-05 | 38  0.03067  5.59458e-05 | 39  0.01996  5.86916e-05
 40  0.00683 -3.39499e-05 | 41 -0.00259 -1.98154e-05 | 42  0.01176 -7.14062e-05
 43  0.02364 -1.12958e-04 | 44  0.04689 -3.91370e-05 | 45  0.05021  2.41055e-05
 46  0.04300 -1.23116e-04 | 47  0.05376  1.38782e-04 | 48  0.03669  6.36601e-05
 49  0.02770  4.64969e-05 | 50  0.06828  3.77996e-04 | 51  0.02957 -2.05752e-05
 52  0.11006  8.81285e-04 | 53 -0.00961  6.35150e-05 | 54 -0.04815  2.04574e-04
 55 -0.04593 -1.81504e-04 | 56  0.05984 -2.64723e-04 | 57 -0.03905 -2.28587e-04
 58 -0.10129 -1.07322e-04 | 59 -0.11712 -2.16801e-04 | 60 -0.10219 -1.74578e-05
 61  0.16112 -3.16381e-05 | 62 -0.07858 -4.35232e-05 | 63  0.01149 -3.41535e-04
 64  0.00099 -7.97457e-05 | 65  0.02284 -8.30286e-05 | 66  0.01821 -1.64261e-04
 67 -0.02872 -5.61871e-05 | 68  0.00670  3.01745e-06 | 69 -0.06561 -3.22484e-05
 70  0.02522 -4.47743e-05 | 71 -0.07247 -2.75543e-05 | 72 -0.04039 -2.06778e-04
 73 -0.09050 -2.82731e-06 | 74 -0.10279  2.06501e-05 | 75 -0.05882  1.20833e-04
 76  0.27036  1.47221e-04 | 77 -0.08323  3.38228e-05 | 78  0.02481  1.80062e-04
 79 -0.06468 -7.29008e-05 | 80  0.09858 -1.24428e-04 | 81 -0.05313 -1.23560e-05
 82 -0.14482  9.86570e-06 | 83 -0.15625 -6.37639e-05 | 84 -0.05394 -2.46247e-04
 85 -0.10272 -2.85871e-05 | 86  0.09834 -1.49128e-04 | 87  0.15176 -1.55931e-04
 88  0.00619 -2.49457e-05 | 89  0.05782 -3.38094e-05 | 90  0.18900 -6.74766e-05
 91 -0.06894  9.82517e-05 | 92  0.02426 -1.59320e-06 | 93  0.06012  1.35127e-04
 94 -0.01308 -3.38033e-05 | 95 -0.08807 -2.73465e-06 | 96 -0.05967  1.06697e-04
 97  0.00071 -1.55424e-05 | 98  0.07981  1.13576e-04 | 99 -0.01590 -3.56612e-05
100  0.01126 -3.22479e-07 |101  0.03361  3.88789e-05 |102 -0.47426 -8.77752e-06
103  0.31132  7.70745e-05 |104  0.11465 -1.34589e-04 |105  0.09544  1.73223e-04
106 -0.02406 -1.05414e-04 |107  0.18069 -7.98580e-05 |108  0.03078  1.83078e-04
109  0.32950 -3.99343e-05 |110  0.02468 -1.84158e-04 |111  0.37938 -2.27433e-04
112  0.21571  8.11773e-04 |113 -0.26384 -1.27797e-04 |114 -0.23998  8.32159e-05
115 -0.09079 -2.33531e-05 |116 -0.04106  1.57330e-05 |117 -0.01472  3.65934e-05
118 -0.01297  7.63447e-05 |119 -0.12854 -2.83193e-05 |120 -0.01499  3.42256e-05
121  0.26898  5.83014e-05 |122  0.12537  6.76139e-05 |123 -0.10923  6.52824e-05

Initial statistics: 135 variables; iteration 0; function evaluation 0; phase 5
Function value 2.2772026e+03; maximum gradient component mag 8.9340e-04
Var    Value     Gradient |Var    Value     Gradient |Var    Value     Gradient
  1 -0.26031 -3.28331e-04 |  2 -0.06700 -6.93843e-04 |  3  0.13692 -4.06415e-04
  4 -0.59715  1.83025e-04 |  5 -0.78301 -6.30106e-06 |  6  0.17617 -2.85804e-04
  7  0.21033 -6.26214e-04 |  8  0.03177 -8.29773e-05 |  9  0.09478  1.02934e-04
 10  0.02098 -1.31825e-04 | 11 -0.07956 -4.91460e-05 | 12  0.00769  1.74856e-05
 13  0.00850 -7.44381e-06 | 14  0.00939 -7.77004e-05 | 15  0.01037  9.29434e-06
 16  0.01145 -1.02548e-06 | 17  0.01266  7.38448e-05 | 18  0.01405  3.47519e-05
 19  0.01565 -8.35954e-05 | 20  0.01746  5.81606e-05 | 21  0.01949  3.09717e-05
 22  0.02169 -2.53910e-05 | 23  0.02408 -2.23515e-05 | 24  0.02671  7.00463e-05
 25  0.02952  5.81268e-05 | 26  0.03230  8.69917e-05 | 27  0.03464  1.10479e-05
 28  0.03609  1.04960e-05 | 29  0.03616 -2.66473e-05 | 30  0.03472  1.90392e-05
 31  0.03202  1.96248e-05 | 32  0.02894 -5.04460e-05 | 33  0.02673  1.09652e-05
 34  0.02653  5.35891e-05 | 35  0.02884 -1.82983e-06 | 36  0.03258  6.36378e-05
 37  0.03448 -2.44958e-05 | 38  0.03067  5.59208e-05 | 39  0.01996  5.86712e-05
 40  0.00683 -3.39547e-05 | 41 -0.00259 -1.98256e-05 | 42  0.01176 -5.89305e-05
 43  0.02364 -1.00481e-04 | 44  0.04689 -2.67057e-05 | 45  0.05021  3.65164e-05
 46  0.04300 -1.10664e-04 | 47  0.05376  1.51159e-04 | 48  0.03669  7.60857e-05
 49  0.02770  5.89397e-05 | 50  0.06828  3.90328e-04 | 51  0.02957 -8.13068e-06
 52  0.11006  8.93397e-04 | 53 -0.00961  7.59673e-05 | 54 -0.04815  2.16962e-04
 55 -0.04593 -1.69036e-04 | 56  0.05984 -2.52282e-04 | 57 -0.03905 -2.16100e-04
 58 -0.10129 -9.49944e-05 | 59 -0.11712 -2.04507e-04 | 60 -0.10219 -5.14083e-06
 61  0.16112 -1.96178e-05 | 62 -0.07858 -3.11333e-05 | 63  0.01149 -3.29005e-04
 64  0.00099 -6.72693e-05 | 65  0.02284 -7.05565e-05 | 66  0.01821 -1.51754e-04
 67 -0.02872 -4.37127e-05 | 68  0.00670  1.54792e-05 | 69 -0.06561 -1.98343e-05
 70  0.02522 -3.23060e-05 | 71 -0.07247 -1.51558e-05 | 72 -0.04039 -1.94282e-04
 73 -0.09050  9.52768e-06 | 74 -0.10279  3.29644e-05 | 75 -0.05882  1.33232e-04
 76  0.27036  1.58531e-04 | 77 -0.08323  4.61842e-05 | 78  0.02481  1.92470e-04
 79 -0.06468 -6.04831e-05 | 80  0.09858 -1.12075e-04 | 81 -0.05313  8.48620e-08
 82 -0.14482  2.20182e-05 | 83 -0.15625 -5.16608e-05 | 84 -0.05394 -2.33755e-04
 85 -0.10272 -1.62720e-05 | 86  0.09834 -1.36745e-04 | 87  0.15176 -1.43760e-04
 88  0.00619 -1.24521e-05 | 89  0.05782 -2.13769e-05 | 90  0.18900 -5.55217e-05
 91 -0.06894  1.10637e-04 | 92  0.02426  1.08829e-05 | 93  0.06012  1.47514e-04
 94 -0.01308 -2.13226e-05 | 95 -0.08807  9.62287e-06 | 96 -0.05967  1.19101e-04
 97  0.00071 -3.04959e-06 | 98  0.07981  1.25936e-04 | 99 -0.01590 -2.31799e-05
100  0.01126  1.21535e-05 |101  0.03361  5.13301e-05 |102  0.00000  0.00000e+00
103  0.00000  0.00000e+00 |104  0.00000  0.00000e+00 |105  0.00000  0.00000e+00
106  0.00000  0.00000e+00 |107  0.00000  0.00000e+00 |108  0.00000  0.00000e+00
109  0.00000  0.00000e+00 |110  0.00000  0.00000e+00 |111  0.00000  0.00000e+00
112  0.00000  0.00000e+00 |113  0.00000  0.00000e+00 |114 -0.47426 -8.78058e-06
115  0.31132  7.70660e-05 |116  0.11465 -1.34583e-04 |117  0.09544  1.73117e-04
118 -0.02406 -1.05315e-04 |119  0.18069 -7.98435e-05 |120  0.03078  1.83047e-04
121  0.32950 -3.99199e-05 |122  0.02468 -1.84124e-04 |123  0.37938 -2.27411e-04
124  0.21571  8.11686e-04 |125 -0.26384 -1.27777e-04 |126 -0.23998  8.32005e-05
127 -0.09079 -2.33503e-05 |128 -0.04106  1.57371e-05 |129 -0.01472  3.65826e-05
130 -0.01297  7.63291e-05 |131 -0.12854 -2.83192e-05 |132 -0.01499  3.42162e-05
133  0.26898  5.82918e-05 |134  0.12537  6.76013e-05 |135 -0.10923  6.52720e-05
  ic > imax  in fminim is answer attained ?
Var    Value     Gradient |Var    Value     Gradient |Var    Value     Gradient
  1 -0.26031 -3.28331e-04 |  2 -0.06700 -6.93843e-04 |  3  0.13692 -4.06415e-04
  4 -0.59715  1.83025e-04 |  5 -0.78301 -6.30106e-06 |  6  0.17617 -2.85804e-04
  7  0.21033 -6.26214e-04 |  8  0.03177 -8.29773e-05 |  9  0.09478  1.02934e-04
 10  0.02098 -1.31825e-04 | 11 -0.07956 -4.91460e-05 | 12  0.00769  1.74856e-05
 13  0.00850 -7.44381e-06 | 14  0.00939 -7.77004e-05 | 15  0.01037  9.29434e-06
 16  0.01145 -1.02548e-06 | 17  0.01266  7.38448e-05 | 18  0.01405  3.47519e-05
 19  0.01565 -8.35954e-05 | 20  0.01746  5.81606e-05 | 21  0.01949  3.09717e-05
 22  0.02169 -2.53910e-05 | 23  0.02408 -2.23515e-05 | 24  0.02671  7.00463e-05
 25  0.02952  5.81268e-05 | 26  0.03230  8.69917e-05 | 27  0.03464  1.10479e-05
 28  0.03609  1.04960e-05 | 29  0.03616 -2.66473e-05 | 30  0.03472  1.90392e-05
 31  0.03202  1.96248e-05 | 32  0.02894 -5.04460e-05 | 33  0.02673  1.09652e-05
 34  0.02653  5.35891e-05 | 35  0.02884 -1.82983e-06 | 36  0.03258  6.36378e-05
 37  0.03448 -2.44958e-05 | 38  0.03067  5.59208e-05 | 39  0.01996  5.86712e-05
 40  0.00683 -3.39547e-05 | 41 -0.00259 -1.98256e-05 | 42  0.01176 -5.89305e-05
 43  0.02364 -1.00481e-04 | 44  0.04689 -2.67057e-05 | 45  0.05021  3.65164e-05
 46  0.04300 -1.10664e-04 | 47  0.05376  1.51159e-04 | 48  0.03669  7.60857e-05
 49  0.02770  5.89397e-05 | 50  0.06828  3.90328e-04 | 51  0.02957 -8.13068e-06
 52  0.11006  8.93397e-04 | 53 -0.00961  7.59673e-05 | 54 -0.04815  2.16962e-04
 55 -0.04593 -1.69036e-04 | 56  0.05984 -2.52282e-04 | 57 -0.03905 -2.16100e-04
 58 -0.10129 -9.49944e-05 | 59 -0.11712 -2.04507e-04 | 60 -0.10219 -5.14083e-06
 61  0.16112 -1.96178e-05 | 62 -0.07858 -3.11333e-05 | 63  0.01149 -3.29005e-04
 64  0.00099 -6.72693e-05 | 65  0.02284 -7.05565e-05 | 66  0.01821 -1.51754e-04
 67 -0.02872 -4.37127e-05 | 68  0.00670  1.54792e-05 | 69 -0.06561 -1.98343e-05
 70  0.02522 -3.23060e-05 | 71 -0.07247 -1.51558e-05 | 72 -0.04039 -1.94282e-04
 73 -0.09050  9.52768e-06 | 74 -0.10279  3.29644e-05 | 75 -0.05882  1.33232e-04
 76  0.27036  1.58531e-04 | 77 -0.08323  4.61842e-05 | 78  0.02481  1.92470e-04
 79 -0.06468 -6.04831e-05 | 80  0.09858 -1.12075e-04 | 81 -0.05313  8.48620e-08
 82 -0.14482  2.20182e-05 | 83 -0.15625 -5.16608e-05 | 84 -0.05394 -2.33755e-04
 85 -0.10272 -1.62720e-05 | 86  0.09834 -1.36745e-04 | 87  0.15176 -1.43760e-04
 88  0.00619 -1.24521e-05 | 89  0.05782 -2.13769e-05 | 90  0.18900 -5.55217e-05
 91 -0.06894  1.10637e-04 | 92  0.02426  1.08829e-05 | 93  0.06012  1.47514e-04
 94 -0.01308 -2.13226e-05 | 95 -0.08807  9.62287e-06 | 96 -0.05967  1.19101e-04
 97  0.00071 -3.04959e-06 | 98  0.07981  1.25936e-04 | 99 -0.01590 -2.31799e-05
100  0.01126  1.21535e-05 |101  0.03361  5.13301e-05 |102  0.00000  0.00000e+00
103  0.00000  0.00000e+00 |104  0.00000  0.00000e+00 |105  0.00000  0.00000e+00
106  0.00000  0.00000e+00 |107  0.00000  0.00000e+00 |108  0.00000  0.00000e+00
109  0.00000  0.00000e+00 |110  0.00000  0.00000e+00 |111  0.00000  0.00000e+00
112  0.00000  0.00000e+00 |113  0.00000  0.00000e+00 |114 -0.47426 -8.78058e-06
115  0.31132  7.70660e-05 |116  0.11465 -1.34583e-04 |117  0.09544  1.73117e-04
118 -0.02406 -1.05315e-04 |119  0.18069 -7.98435e-05 |120  0.03078  1.83047e-04
121  0.32950 -3.99199e-05 |122  0.02468 -1.84124e-04 |123  0.37938 -2.27411e-04
124  0.21571  8.11686e-04 |125 -0.26384 -1.27777e-04 |126 -0.23998  8.32005e-05
127 -0.09079 -2.33503e-05 |128 -0.04106  1.57371e-05 |129 -0.01472  3.65826e-05
130 -0.01297  7.63291e-05 |131 -0.12854 -2.83192e-05 |132 -0.01499  3.42162e-05
133  0.26898  5.82918e-05 |134  0.12537  6.76013e-05 |135 -0.10923  6.52720e-05
Function minimizer not making progress ... is minimum attained?
Minimprove criterion = 0.0000e+00

 - final statistics:
135 variables; iteration 1; function evaluation 30
Function value 2.2772e+03; maximum gradient component mag 8.9340e-04
Exit code = 1;  converg criter 1.0000e-04
Var    Value     Gradient |Var    Value     Gradient |Var    Value     Gradient
  1 -0.26031 -3.28331e-04 |  2 -0.06700 -6.93843e-04 |  3  0.13692 -4.06415e-04
  4 -0.59715  1.83025e-04 |  5 -0.78301 -6.30106e-06 |  6  0.17617 -2.85804e-04
  7  0.21033 -6.26214e-04 |  8  0.03177 -8.29773e-05 |  9  0.09478  1.02934e-04
 10  0.02098 -1.31825e-04 | 11 -0.07956 -4.91460e-05 | 12  0.00769  1.74856e-05
 13  0.00850 -7.44381e-06 | 14  0.00939 -7.77004e-05 | 15  0.01037  9.29434e-06
 16  0.01145 -1.02548e-06 | 17  0.01266  7.38448e-05 | 18  0.01405  3.47519e-05
 19  0.01565 -8.35954e-05 | 20  0.01746  5.81606e-05 | 21  0.01949  3.09717e-05
 22  0.02169 -2.53910e-05 | 23  0.02408 -2.23515e-05 | 24  0.02671  7.00463e-05
 25  0.02952  5.81268e-05 | 26  0.03230  8.69917e-05 | 27  0.03464  1.10479e-05
 28  0.03609  1.04960e-05 | 29  0.03616 -2.66473e-05 | 30  0.03472  1.90392e-05
 31  0.03202  1.96248e-05 | 32  0.02894 -5.04460e-05 | 33  0.02673  1.09652e-05
 34  0.02653  5.35891e-05 | 35  0.02884 -1.82983e-06 | 36  0.03258  6.36378e-05
 37  0.03448 -2.44958e-05 | 38  0.03067  5.59208e-05 | 39  0.01996  5.86712e-05
 40  0.00683 -3.39547e-05 | 41 -0.00259 -1.98256e-05 | 42  0.01176 -5.89305e-05
 43  0.02364 -1.00481e-04 | 44  0.04689 -2.67057e-05 | 45  0.05021  3.65164e-05
 46  0.04300 -1.10664e-04 | 47  0.05376  1.51159e-04 | 48  0.03669  7.60857e-05
 49  0.02770  5.89397e-05 | 50  0.06828  3.90328e-04 | 51  0.02957 -8.13068e-06
 52  0.11006  8.93397e-04 | 53 -0.00961  7.59673e-05 | 54 -0.04815  2.16962e-04
 55 -0.04593 -1.69036e-04 | 56  0.05984 -2.52282e-04 | 57 -0.03905 -2.16100e-04
 58 -0.10129 -9.49944e-05 | 59 -0.11712 -2.04507e-04 | 60 -0.10219 -5.14083e-06
 61  0.16112 -1.96178e-05 | 62 -0.07858 -3.11333e-05 | 63  0.01149 -3.29005e-04
 64  0.00099 -6.72693e-05 | 65  0.02284 -7.05565e-05 | 66  0.01821 -1.51754e-04
 67 -0.02872 -4.37127e-05 | 68  0.00670  1.54792e-05 | 69 -0.06561 -1.98343e-05
 70  0.02522 -3.23060e-05 | 71 -0.07247 -1.51558e-05 | 72 -0.04039 -1.94282e-04
 73 -0.09050  9.52768e-06 | 74 -0.10279  3.29644e-05 | 75 -0.05882  1.33232e-04
 76  0.27036  1.58531e-04 | 77 -0.08323  4.61842e-05 | 78  0.02481  1.92470e-04
 79 -0.06468 -6.04831e-05 | 80  0.09858 -1.12075e-04 | 81 -0.05313  8.48620e-08
 82 -0.14482  2.20182e-05 | 83 -0.15625 -5.16608e-05 | 84 -0.05394 -2.33755e-04
 85 -0.10272 -1.62720e-05 | 86  0.09834 -1.36745e-04 | 87  0.15176 -1.43760e-04
 88  0.00619 -1.24521e-05 | 89  0.05782 -2.13769e-05 | 90  0.18900 -5.55217e-05
 91 -0.06894  1.10637e-04 | 92  0.02426  1.08829e-05 | 93  0.06012  1.47514e-04
 94 -0.01308 -2.13226e-05 | 95 -0.08807  9.62287e-06 | 96 -0.05967  1.19101e-04
 97  0.00071 -3.04959e-06 | 98  0.07981  1.25936e-04 | 99 -0.01590 -2.31799e-05
100  0.01126  1.21535e-05 |101  0.03361  5.13301e-05 |102  0.00000  0.00000e+00
103  0.00000  0.00000e+00 |104  0.00000  0.00000e+00 |105  0.00000  0.00000e+00
106  0.00000  0.00000e+00 |107  0.00000  0.00000e+00 |108  0.00000  0.00000e+00
109  0.00000  0.00000e+00 |110  0.00000  0.00000e+00 |111  0.00000  0.00000e+00
112  0.00000  0.00000e+00 |113  0.00000  0.00000e+00 |114 -0.47426 -8.78058e-06
115  0.31132  7.70660e-05 |116  0.11465 -1.34583e-04 |117  0.09544  1.73117e-04
118 -0.02406 -1.05315e-04 |119  0.18069 -7.98435e-05 |120  0.03078  1.83047e-04
121  0.32950 -3.99199e-05 |122  0.02468 -1.84124e-04 |123  0.37938 -2.27411e-04
124  0.21571  8.11686e-04 |125 -0.26384 -1.27777e-04 |126 -0.23998  8.32005e-05
127 -0.09079 -2.33503e-05 |128 -0.04106  1.57371e-05 |129 -0.01472  3.65826e-05
130 -0.01297  7.63291e-05 |131 -0.12854 -2.83192e-05 |132 -0.01499  3.42162e-05
133  0.26898  5.82918e-05 |134  0.12537  6.76013e-05 |135 -0.10923  6.52720e-05
size of file gradfil1.tmp = 0
size of file gradfil2.tmp = 0
size of file varssave.tmp = 0
size of file cmpdiff.tmp = 200000008
